4.798334767033163e-07
4.798334767033163e-07
4.798334775328911e-07
4.798334769954919e-07
4.798334770343031e-07
4.798334770421283e-07
4.798334770243223e-07
4.798334770335346e-07
4.798334773479456e-07
4.798334769744241e-07
4.798334769695273e-07
4.798334769104187e-07
4.798334769623195e-07
4.798334769452947e-07
4.798334770539463e-07
4.798334770643187e-07
4.798334770115865e-07
4.798334775842499e-07
4.798334629097874e-07
4.798334629097874e-07
4.798334637393641e-07
4.798334632019611e-07
4.798334632407768e-07
4.79833463248599e-07
4.798334632307941e-07
4.798334632400043e-07
4.798334635544168e-07
4.79833463180894e-07
4.798334631759983e-07
4.798334631168901e-07
4.798334631687926e-07
4.798334631517661e-07
4.798334632604172e-07
4.798334632707894e-07
4.79833463218056e-07
4.798334637907229e-07
4.798333939421018e-07
4.798333939421018e-07
4.798333947716794e-07
4.798333942342781e-07
4.798333942730905e-07
4.798333942809165e-07
4.798333942631121e-07
4.79833394272324e-07
4.798333945867342e-07
4.798333942132114e-07
4.798333942083132e-07
4.798333941492068e-07
4.798333942011055e-07
4.798333941840821e-07
4.798333942927319e-07
4.798333943031044e-07
4.79833394250374e-07
4.798333948230383e-07
4.798330491031377e-07
4.798330491031377e-07
4.798330499327123e-07
4.798330493953128e-07
4.798330494341274e-07
4.798330494419528e-07
4.798330494241468e-07
4.79833049433355e-07
4.798330497477692e-07
4.798330493742461e-07
4.798330493693512e-07
4.798330493102419e-07
4.798330493621436e-07
4.798330493451154e-07
4.798330494537707e-07
4.798330494641422e-07
4.798330494114121e-07
4.798330499840719e-07
4.798313249279287e-07
4.798313249279287e-07
4.798313257574837e-07
4.798313252200961e-07
4.798313252589106e-07
4.798313252667351e-07
4.798313252489308e-07
4.798313252581395e-07
4.798313255725474e-07
4.798313251990317e-07
4.798313251941335e-07
4.798313251350262e-07
4.798313251869286e-07
4.798313251699029e-07
4.798313252785531e-07
4.798313252889251e-07
4.798313252361944e-07
4.798313258088474e-07
4.798227046655117e-07
4.798227046655117e-07
4.798227054949809e-07
4.798227049576522e-07
4.79822704996465e-07
4.798227050042923e-07
4.79822704986489e-07
4.798227049956962e-07
4.79822705310079e-07
4.798227049365932e-07
4.798227049316915e-07
4.798227048725886e-07
4.798227049244937e-07
4.798227049074716e-07
4.79822705016108e-07
4.798227050264798e-07
4.798227049737518e-07
4.79822705546357e-07
4.797796177517422e-07
4.797796177517422e-07
4.797796185807973e-07
4.797796180437431e-07
4.797796180825711e-07
4.797796180903977e-07
4.797796180726057e-07
4.79779618081804e-07
4.797796183960772e-07
4.797796180227292e-07
4.797796180178108e-07
4.797796179587315e-07
4.797796180106461e-07
4.797796179936334e-07
4.797796181022135e-07
4.797796181125827e-07
4.797796180598627e-07
4.797796186322348e-07
4.795645369772175e-07
4.795645369772175e-07
4.795645378041944e-07
4.795645372685349e-07
4.795645373074133e-07
4.795645373152495e-07
4.795645372974996e-07
4.795645373066649e-07
4.795645376203705e-07
4.795645372477259e-07
4.795645372427291e-07
4.795645371837661e-07
4.795645372357271e-07
4.795645372187665e-07
4.795645373270575e-07
4.795645373374082e-07
4.795645372847442e-07
4.795645378559505e-07
4.784979599220453e-07
4.784979599220453e-07
4.784979607386507e-07
4.784979602099409e-07
4.784979602490819e-07
4.784979602569634e-07
4.784979602394321e-07
4.784979602484191e-07
4.78497960559301e-07
4.784979601901632e-07
4.784979601847621e-07
4.784979601263807e-07
4.784979601785775e-07
4.784979601618816e-07
4.784979602687322e-07
4.784979602790054e-07
4.784979602265975e-07
4.784979607919906e-07
4.733821164879049e-07
4.733821164879049e-07
4.7338211725319167e-07
4.7338211675885986e-07
4.7338211679929446e-07
4.733821168074043e-07
4.733821167909584e-07
4.7338211679906644e-07
4.7338211709598225e-07
4.733821167441806e-07
4.7338211673679565e-07
4.733821166812802e-07
4.7338211673465377e-07
4.7338211671926207e-07
4.733821168189821e-07
4.733821168288691e-07
4.7338211677773667e-07
4.7338211731435555e-07
4.5278688247263923e-07
4.5278688247263923e-07
4.527868829948481e-07
4.5278688266336607e-07
4.527868827099311e-07
4.527868827191102e-07
4.5278688270781126e-07
4.5278688271175473e-07
4.5278688294251096e-07
4.5278688267283367e-07
4.5278688265603944e-07
4.527868826141186e-07
4.527868826730567e-07
4.5278688266383336e-07
4.527868827297843e-07
4.5278688273784244e-07
4.527868826927532e-07
4.527868830930908e-07
4.2707468018396413e-07
4.2707468018396413e-07
4.2707468002584695e-07
4.2707468015014364e-07
4.270746802138701e-07
4.2707468022604404e-07
4.270746802291473e-07
4.270746802214282e-07
4.2707468026702577e-07
4.270746802272036e-07
4.2707468018407356e-07
4.2707468018019356e-07
4.270746802547061e-07
4.270746802627535e-07
4.270746802341893e-07
4.27074680237127e-07
4.270746802089546e-07
4.270746802278646e-07
     fun: 4.286630527033449e-07
     jac: array([-1.30894229e-08, -2.56061128e-09,  1.67734981e-09,  2.48653720e-09,
        2.71252176e-09,  2.18533103e-09,  4.29029257e-09,  2.63177924e-09,
       -2.57756483e-10, -4.59277061e-10,  4.48948967e-09,  5.04649478e-09,
        3.02138758e-09,  3.20820348e-09,  1.37010048e-09,  3.14326343e-10])
 message: 'Optimization terminated successfully.'
    nfev: 216
     nit: 12
    njev: 12
  status: 0
 success: True
       x: array([0.91267458, 5.10499642, 7.67966208, 1.51912641, 7.58914328,
       8.1400127 , 1.47708934, 7.2931735 , 5.49906976, 5.18021891,
       5.51318514, 1.38061468, 7.14573956, 1.34665751, 7.10899828,
       1.4785937 ])

========================================================

Final result:
0.9126745835755374
0.9126745835755374
5.1049964158581345
0.9126745835755374
7.679662075602774
1.5191264129682658
7.58914327912724
8.14001269908775
1.4770893408704306
1.4770893408704306
7.293173495496214
5.499069755672547
5.180218910355315
5.513185143416865
1.380614684183284
7.145739564802494
1.3466575127351312
7.108998281036053
1.4785936990577018
1.4785936990577018
1.4785936990577018
