1.0327832123382016e-06
1.0327832123382016e-06
1.0327832128476883e-06
1.0327832127297324e-06
1.032783212755576e-06
1.0327832134902899e-06
1.032783212967618e-06
1.0327832129956626e-06
1.0327832129618472e-06
1.0327832129819314e-06
1.0327832129482557e-06
1.0327832128469603e-06
1.0327832135398641e-06
1.0327832128525463e-06
1.0327832131810593e-06
1.0327832132015666e-06
1.032783179275219e-06
1.032783179275219e-06
1.0327831797847078e-06
1.0327831796667534e-06
1.032783179692595e-06
1.0327831804273045e-06
1.0327831799046294e-06
1.032783179932681e-06
1.0327831798988677e-06
1.0327831799189532e-06
1.0327831798852792e-06
1.0327831797839779e-06
1.0327831804768798e-06
1.0327831797895587e-06
1.032783180118079e-06
1.0327831801385833e-06
1.0327830139602994e-06
1.0327830139602994e-06
1.0327830144697815e-06
1.0327830143518305e-06
1.0327830143776751e-06
1.0327830151123807e-06
1.0327830145897085e-06
1.032783014617756e-06
1.0327830145839408e-06
1.0327830146040288e-06
1.0327830145703557e-06
1.0327830144690522e-06
1.0327830151619593e-06
1.0327830144746395e-06
1.0327830148031597e-06
1.0327830148236632e-06
1.0327821873902115e-06
1.0327821873902115e-06
1.032782187899693e-06
1.0327821877817358e-06
1.032782187807584e-06
1.0327821885422886e-06
1.0327821880196203e-06
1.0327821880476685e-06
1.0327821880138529e-06
1.032782188033937e-06
1.0327821880002673e-06
1.0327821878989643e-06
1.0327821885918673e-06
1.0327821879045475e-06
1.032782188233058e-06
1.0327821882535712e-06
1.0327780545889339e-06
1.0327780545889339e-06
1.0327780550984134e-06
1.0327780549804587e-06
1.0327780550063032e-06
1.0327780557410003e-06
1.0327780552183416e-06
1.032778055246388e-06
1.0327780552125748e-06
1.0327780552326647e-06
1.0327780551989915e-06
1.032778055097686e-06
1.0327780557905812e-06
1.032778055103272e-06
1.0327780554317841e-06
1.0327780554522912e-06
1.0327573913930299e-06
1.0327573913930299e-06
1.0327573919024789e-06
1.0327573917845253e-06
1.0327573918103683e-06
1.0327573925450048e-06
1.0327573920224043e-06
1.0327573920504445e-06
1.032757392016636e-06
1.0327573920367222e-06
1.0327573920030482e-06
1.0327573919017549e-06
1.032757392594609e-06
1.0327573919073394e-06
1.0327573922358226e-06
1.0327573922563305e-06
1.0326541008822992e-06
1.0326541008822992e-06
1.0326541013915858e-06
1.0326541012736564e-06
1.032654101299483e-06
1.0326541020338096e-06
1.0326541015115053e-06
1.0326541015395402e-06
1.0326541015057453e-06
1.0326541015258297e-06
1.0326541014921606e-06
1.0326541013908796e-06
1.032654102083543e-06
1.0326541013964685e-06
1.0326541017248344e-06
1.0326541017453525e-06
1.0321382761144756e-06
1.0321382761144756e-06
1.0321382766230022e-06
1.032138276505161e-06
1.0321382765308935e-06
1.0321382772636988e-06
1.03213827674286e-06
1.032138276770852e-06
1.0321382767371465e-06
1.0321382767572237e-06
1.0321382767235455e-06
1.0321382766223646e-06
1.0321382773140693e-06
1.0321382766279684e-06
1.032138276955742e-06
1.0321382769763045e-06
1.029574737890927e-06
1.029574737890927e-06
1.0295747383956191e-06
1.0295747382782265e-06
1.0295747383035075e-06
1.0295747390286956e-06
1.0295747385152056e-06
1.029574738542983e-06
1.0295747385096713e-06
1.0295747385297358e-06
1.0295747384960304e-06
1.0295747383953606e-06
1.0295747390822497e-06
1.0295747384010272e-06
1.0295747387258337e-06
1.0295747387466076e-06
1.0171423277438858e-06
1.0171423277438858e-06
1.0171423282295523e-06
1.0171423281143952e-06
1.0171423281374548e-06
1.0171423288248671e-06
1.0171423283477826e-06
1.0171423283745169e-06
1.0171423283432093e-06
1.017142328363166e-06
1.0171423283293385e-06
1.017142328231168e-06
1.0171423288942089e-06
1.0171423282371546e-06
1.0171423285472428e-06
1.0171423285690685e-06
9.64027325770351e-07
9.64027325770351e-07
9.640273261646001e-07
9.64027326060184e-07
9.64027326072532e-07
9.640273265784212e-07
9.640273262763113e-07
9.64027326298005e-07
9.640273262763303e-07
9.64027326295784e-07
9.640273262613709e-07
9.640273261752043e-07
9.640273267236262e-07
9.640273261827474e-07
9.64027326422094e-07
9.640273264489967e-07
8.61217653299671e-07
8.61217653299671e-07
8.61217653325744e-07
8.612176532645794e-07
8.612176532337912e-07
8.612176530085517e-07
8.61217653411184e-07
8.612176534125775e-07
8.612176534297041e-07
8.61217653447134e-07
8.612176534103374e-07
8.612176533725394e-07
8.612176534593136e-07
8.612176533863334e-07
8.612176533407715e-07
8.612176533881142e-07
8.608975397882932e-07
8.608975397882932e-07
8.608975398039039e-07
8.608975397439653e-07
8.60897539711947e-07
8.608975394659288e-07
8.608975398885944e-07
8.608975398894114e-07
8.608975399076356e-07
8.608975399250108e-07
8.608975398881483e-07
8.608975398517236e-07
8.608975399253756e-07
8.608975398656968e-07
8.608975398120375e-07
8.608975398599617e-07
     fun: 8.667555570769975e-07
     jac: array([ 3.60842023e-10, -3.50257068e-09, -5.68611114e-09, -2.62924331e-08,
        5.88267568e-09,  5.89969318e-09,  7.16827486e-09,  8.30722513e-09,
        5.87881743e-09,  3.57094621e-09,  5.95984062e-09,  4.50116033e-09,
       -6.78845424e-10,  2.48202525e-09])
 message: 'Optimization terminated successfully.'
    nfev: 208
     nit: 13
    njev: 13
  status: 0
 success: True
       x: array([ 8.8014162 ,  5.96354294,  9.32440929,  1.45547934,  8.20508478,
        1.17169014,  9.95719241,  1.50816922, 10.02506095, 10.94956549,
        1.3877616 , 11.01321914,  7.19925846,  7.29142124])

========================================================

Final result:
8.801416200604823
5.963542936059425
9.324409291771714
1.4554793363919074
1.4554793363919074
1.4554793363919074
8.205084776213537
1.1716901403785338
9.957192414219278
1.508169221860235
10.025060945571816
10.949565485314048
1.3877615967614796
1.3877615967614796
11.013219144937672
7.199258457233104
7.291421241987752
7.291421241987752
7.199258457233104
