7.821330290719134e-07
7.821330290719134e-07
7.821330294765734e-07
7.821330293860553e-07
7.821330293907757e-07
7.82133029948982e-07
7.821330295914553e-07
7.821330296050898e-07
7.821330296201451e-07
7.82133029636332e-07
7.821330296153684e-07
7.821330295707105e-07
7.821330301635631e-07
7.821330295277198e-07
7.821330294865752e-07
7.821330298490688e-07
7.82133029548193e-07
7.821330295705219e-07
7.821330294388658e-07
7.82133030067732e-07
7.821329992222956e-07
7.821329992222956e-07
7.821329996269544e-07
7.821329995364385e-07
7.821329995411607e-07
7.82133000099366e-07
7.821329997418371e-07
7.821329997554751e-07
7.821329997705267e-07
7.821329997867124e-07
7.821329997657506e-07
7.82132999721092e-07
7.821330003139463e-07
7.821329996781001e-07
7.821329996369564e-07
7.821329999994533e-07
7.821329996985754e-07
7.821329997209042e-07
7.821329995892483e-07
7.821330002181091e-07
7.821328499742897e-07
7.821328499742897e-07
7.821328503789446e-07
7.821328502884312e-07
7.821328502931523e-07
7.821328508513613e-07
7.821328504938304e-07
7.821328505074591e-07
7.821328505225212e-07
7.821328505387071e-07
7.821328505177458e-07
7.821328504730822e-07
7.821328510659381e-07
7.821328504300934e-07
7.821328503889502e-07
7.821328507514442e-07
7.82132850450571e-07
7.82132850472898e-07
7.821328503412423e-07
7.821328509701041e-07
7.821321037368441e-07
7.821321037368441e-07
7.821321041415023e-07
7.821321040509845e-07
7.821321040557067e-07
7.821321046139121e-07
7.821321042563814e-07
7.821321042700164e-07
7.821321042850732e-07
7.82132104301261e-07
7.821321042802988e-07
7.821321042356372e-07
7.821321048284914e-07
7.821321041926467e-07
7.82132104151503e-07
7.821321045140006e-07
7.821321042131214e-07
7.821321042354507e-07
7.821321041037958e-07
7.821321047326577e-07
7.821283725823704e-07
7.821283725823704e-07
7.821283729870194e-07
7.821283728965084e-07
7.821283729012312e-07
7.821283734594251e-07
7.821283731019038e-07
7.821283731155387e-07
7.821283731305963e-07
7.821283731467809e-07
7.821283731258218e-07
7.821283730811595e-07
7.821283736740051e-07
7.821283730381739e-07
7.821283729970262e-07
7.821283733595206e-07
7.821283730586467e-07
7.82128373080974e-07
7.82128372949319e-07
7.821283735781728e-07
7.821097176851117e-07
7.821097176851117e-07
7.821097180897344e-07
7.821097179992222e-07
7.821097180039437e-07
7.821097185620907e-07
7.82109718204614e-07
7.821097182182472e-07
7.821097182333041e-07
7.821097182494937e-07
7.821097182285306e-07
7.821097181838674e-07
7.821097187766865e-07
7.821097181408841e-07
7.821097180997383e-07
7.821097184622109e-07
7.821097181613543e-07
7.821097181836848e-07
7.821097180520302e-07
7.821097186808356e-07
7.820164669214524e-07
7.820164669214524e-07
7.820164673259474e-07
7.820164672354463e-07
7.820164672401633e-07
7.820164677980822e-07
7.820164674408164e-07
7.820164674544417e-07
7.820164674695034e-07
7.820164674856891e-07
7.820164674647281e-07
7.820164674200755e-07
7.820164680127394e-07
7.820164673771054e-07
7.820164673359501e-07
7.820164676983343e-07
7.820164673975551e-07
7.820164674198798e-07
7.820164672882415e-07
7.820164679167951e-07
7.815507918168219e-07
7.815507918168219e-07
7.815507922206853e-07
7.815507921302473e-07
7.815507921349409e-07
7.815507926917028e-07
7.815507923354879e-07
7.815507923490922e-07
7.815507923641766e-07
7.815507923803593e-07
7.815507923594075e-07
7.815507923147616e-07
7.815507929066711e-07
7.815507922718783e-07
7.815507922306918e-07
7.815507925926163e-07
7.815507922922357e-07
7.815507923145412e-07
7.815507921829682e-07
7.815507928102781e-07
7.792368188335946e-07
7.792368188335946e-07
7.792368192342854e-07
7.792368191441603e-07
7.792368191487353e-07
7.79236819699731e-07
7.792368193487615e-07
7.792368193622513e-07
7.792368193774346e-07
7.792368193936166e-07
7.792368193726991e-07
7.792368193281088e-07
7.792368199162451e-07
7.792368192856627e-07
7.792368192443091e-07
7.792368196039362e-07
7.792368193055414e-07
7.792368193277551e-07
7.7923681919652e-07
7.792368198176223e-07
7.680228580451686e-07
7.680228580451686e-07
7.680228584301315e-07
7.680228583415311e-07
7.680228583455451e-07
7.680228588679209e-07
7.68022858542982e-07
7.680228585559055e-07
7.680228585715898e-07
7.680228585877482e-07
7.680228585670124e-07
7.680228585227009e-07
7.68022859092109e-07
7.680228584824041e-07
7.68022858440227e-07
7.680228587884824e-07
7.680228584999354e-07
7.680228585216748e-07
7.680228583921243e-07
7.68022858982425e-07
7.202987885858114e-07
7.202987885858114e-07
7.202987888952787e-07
7.202987888139926e-07
7.202987888153205e-07
7.202987892003126e-07
7.202987890003092e-07
7.202987890105208e-07
7.202987890285983e-07
7.202987890446603e-07
7.202987890248053e-07
7.202987889818245e-07
7.202987894613186e-07
7.202987889518513e-07
7.202987889057211e-07
7.202987891993661e-07
7.202987889580947e-07
7.202987889775761e-07
7.202987888561234e-07
7.202987892985262e-07
6.305773400116547e-07
6.305773400116547e-07
6.305773400187726e-07
6.30577339966809e-07
6.305773399573435e-07
6.305773397921631e-07
6.305773400925085e-07
6.30577340091851e-07
6.305773401195117e-07
6.30577340135186e-07
6.305773401188454e-07
6.305773400812071e-07
6.305773402006313e-07
6.305773400925668e-07
6.305773400306085e-07
6.305773401055573e-07
6.305773400536231e-07
6.305773400640486e-07
6.305773399750111e-07
6.305773398251588e-07
6.305398274364342e-07
6.305398274364342e-07
6.305398274421753e-07
6.305398273903447e-07
6.305398273808285e-07
6.305398272131402e-07
6.305398275157717e-07
6.305398275150604e-07
6.305398275427629e-07
6.305398275584383e-07
6.305398275421119e-07
6.305398275044965e-07
6.305398276222772e-07
6.305398275160443e-07
6.305398274540142e-07
6.305398275279642e-07
6.305398274768998e-07
6.305398274872799e-07
6.305398273983879e-07
6.30539827245834e-07
     fun: 6.357173475679595e-07
     jac: array([-1.47544199e-10, -3.50664919e-09, -4.15148804e-09, -1.84495477e-08,
        4.64016381e-09,  4.57446703e-09,  6.41373532e-09,  7.44438466e-09,
        6.37633235e-09,  3.91081301e-09,  9.59693836e-09,  4.74237538e-09,
        6.33782804e-10,  4.09589518e-09,  2.08846984e-09,  2.75567658e-09,
       -3.03641912e-09, -1.67245631e-08])
 message: 'Optimization terminated successfully.'
    nfev: 260
     nit: 13
    njev: 13
  status: 0
 success: True
       x: array([ 7.86722391,  5.51968435,  8.21860871,  1.51307539,  7.43190374,
        1.10189621,  9.14484071,  1.50215578, 10.13020506,  8.52057138,
        1.41118212, 10.27995769,  5.7468578 ,  6.80395413,  7.42475381,
        1.08578457,  7.87402946,  1.43334812])

========================================================

Final result:
7.867223907886285
5.51968435002718
8.218608706221486
1.5130753909913366
1.5130753909913366
1.5130753909913366
7.43190373554725
1.1018962129608978
9.144840709109316
1.5021557815845357
10.130205055664778
8.520571376066892
1.4111821194532694
1.4111821194532694
10.279957689132122
5.746857802138068
6.803954126873228
6.803954126873228
7.424753805440372
1.085784570934395
7.874029457376832
1.4333481197104683
1.4333481197104683
1.4333481197104683
