14.4283534404
14.4283534404
14.4283534394
14.4283534394
14.4283534395
14.4283534379
14.4283534392
14.4283534392
14.4283534392
14.4283534392
14.4283534392
14.4283534393
14.4283534379
14.4283534391
14.4283534383
14.4283534392
14.4283534392
14.4283534392
14.4283534392
14.4283534392
14.4283534392
14.4283534393
14.4283534393
14.4283534394
14.4283534392
14.4283534394
14.4283534394
14.4283534394
14.4283534395
14.1698353732
14.1698353732
14.1698353721
14.1698353722
14.1698353723
14.1698353707
14.169835372
14.169835372
14.1698353719
14.1698353719
14.1698353719
14.169835372
14.1698353706
14.1698353719
14.169835371
14.1698353719
14.1698353719
14.169835372
14.169835372
14.169835372
14.169835372
14.1698353721
14.1698353721
14.1698353721
14.169835372
14.1698353722
14.1698353721
14.1698353722
14.1698353722
12.8944141235
12.8944141235
12.8944141225
12.8944141225
12.8944141227
12.8944141211
12.8944141223
12.8944141223
12.8944141223
12.8944141223
12.8944141223
12.8944141224
12.894414121
12.8944141222
12.8944141214
12.8944141223
12.8944141222
12.8944141223
12.8944141223
12.8944141223
12.8944141223
12.8944141224
12.8944141224
12.8944141224
12.8944141223
12.8944141225
12.8944141225
12.8944141225
12.8944141226
7.20392998712
7.20392998712
7.20392998642
7.20392998636
7.20392998672
7.20392998617
7.20392998629
7.20392998632
7.20392998619
7.20392998615
7.20392998617
7.20392998622
7.20392998533
7.20392998602
7.20392998541
7.20392998603
7.20392998594
7.2039299861
7.20392998598
7.20392998593
7.20392998597
7.20392998607
7.20392998598
7.20392998602
7.20392998601
7.20392998605
7.20392998603
7.20392998611
7.20392998613
14.8989662582
4.99484952615
4.99484952615
4.99484952667
4.99484952644
4.99484952704
4.99484952914
4.99484952663
4.99484952674
4.99484952647
4.99484952643
4.99484952649
4.99484952635
4.99484952711
4.99484952617
4.99484952644
4.99484952608
4.99484952591
4.99484952618
4.99484952589
4.99484952577
4.99484952585
4.99484952592
4.99484952567
4.99484952571
4.99484952599
4.99484952569
4.99484952566
4.99484952574
4.99484952569
4.87631943973
4.87631943973
4.87631943995
4.87631943974
4.87631944032
4.87631944184
4.87631943988
4.87631943998
4.87631943973
4.87631943968
4.87631943975
4.87631943964
4.87631944003
4.87631943944
4.87631943949
4.87631943937
4.87631943921
4.87631943947
4.8763194392
4.87631943909
4.87631943917
4.87631943926
4.87631943902
4.87631943907
4.87631943929
4.87631943906
4.87631943903
4.87631943912
4.87631943908
4.80718279554
4.80718279554
4.80718279575
4.80718279555
4.80718279612
4.80718279759
4.8071827957
4.80718279579
4.80718279556
4.80718279551
4.80718279557
4.80718279546
4.80718279587
4.80718279528
4.80718279532
4.8071827952
4.80718279505
4.8071827953
4.80718279504
4.80718279493
4.80718279501
4.80718279509
4.80718279486
4.80718279491
4.80718279513
4.8071827949
4.80718279487
4.80718279496
4.80718279492
4.50831561352
4.50831561352
4.50831561366
4.50831561347
4.50831561396
4.50831561511
4.50831561365
4.50831561373
4.50831561355
4.50831561351
4.5083156136
4.50831561346
4.50831561395
4.50831561333
4.50831561333
4.50831561326
4.50831561311
4.50831561335
4.50831561311
4.508315613
4.50831561308
4.50831561318
4.50831561294
4.50831561298
4.50831561319
4.50831561299
4.50831561295
4.50831561304
4.50831561301
4.09504196046
4.09504196046
4.09504196019
4.0950419601
4.09504196015
4.09504195952
4.09504196039
4.09504196044
4.09504196054
4.09504196053
4.09504196073
4.09504196048
4.09504196125
4.09504196062
4.09504196046
4.09504196059
4.09504196053
4.09504196064
4.09504196057
4.0950419605
4.09504196052
4.09504196067
4.09504196048
4.09504196048
4.0950419606
4.09504196055
4.09504196048
4.09504196054
4.09504196054
4.054537851
4.054537851
4.0545378508
4.05453785069
4.05453785081
4.05453785048
4.05453785096
4.05453785102
4.05453785107
4.05453785105
4.05453785124
4.05453785101
4.05453785173
4.0545378511
4.05453785096
4.05453785107
4.05453785099
4.05453785112
4.05453785103
4.05453785094
4.05453785097
4.05453785112
4.05453785092
4.05453785093
4.05453785107
4.05453785099
4.05453785092
4.05453785099
4.05453785099
4.04489537381
4.04489537381
4.04489537361
4.0448953735
4.04489537364
4.04489537336
4.04489537377
4.04489537383
4.04489537387
4.04489537385
4.04489537403
4.04489537381
4.04489537451
4.04489537389
4.04489537375
4.04489537386
4.04489537378
4.04489537391
4.04489537382
4.04489537374
4.04489537377
4.04489537391
4.04489537371
4.04489537372
4.04489537386
4.04489537378
4.04489537371
4.04489537378
4.04489537378
4.00125160665
4.00125160665
4.00125160649
4.00125160638
4.00125160654
4.00125160639
4.00125160662
4.00125160668
4.0012516067
4.00125160668
4.00125160683
4.00125160664
4.00125160723
4.00125160671
4.00125160657
4.00125160668
4.00125160661
4.00125160673
4.00125160665
4.00125160657
4.0012516066
4.00125160674
4.00125160656
4.00125160657
4.00125160668
4.00125160663
4.00125160656
4.00125160663
4.00125160663
3.90187643798
3.90187643798
3.90187643792
3.90187643782
3.90187643803
3.90187643824
3.90187643795
3.901876438
3.90187643794
3.90187643795
3.90187643797
3.90187643789
3.90187643797
3.90187643795
3.90187643777
3.90187643796
3.90187643794
3.90187643799
3.901876438
3.90187643796
3.90187643796
3.90187643809
3.901876438
3.90187643799
3.901876438
3.90187643808
3.90187643801
3.90187643807
3.9018764381
3.90698146765
3.90698146765
3.90698146759
3.90698146751
3.9069814677
3.9069814679
3.9069814676
3.90698146764
3.90698146758
3.9069814676
3.90698146757
3.90698146754
3.90698146743
3.9069814676
3.9069814674
3.90698146764
3.90698146764
3.90698146765
3.90698146771
3.90698146769
3.90698146768
3.9069814678
3.90698146775
3.90698146774
3.90698146769
3.90698146784
3.90698146777
3.90698146782
3.90698146786
3.90856479983
3.90856479983
3.90856479977
3.90856479969
3.90856479986
3.90856480001
3.90856479979
3.90856479982
3.90856479977
3.90856479979
3.90856479975
3.90856479973
3.90856479961
3.9085647998
3.9085647996
3.90856479984
3.90856479985
3.90856479985
3.90856479991
3.9085647999
3.90856479988
3.90856480001
3.90856479996
3.90856479995
3.9085647999
3.90856480005
3.90856479998
3.90856480003
3.90856480007
3.90999896443
3.90999896443
3.90999896435
3.90999896429
3.90999896442
3.90999896445
3.90999896438
3.90999896441
3.90999896437
3.9099989644
3.90999896436
3.90999896434
3.90999896422
3.90999896442
3.90999896422
3.90999896446
3.90999896448
3.90999896447
3.90999896454
3.90999896453
3.90999896451
3.90999896463
3.9099989646
3.90999896458
3.90999896452
3.90999896468
3.90999896461
3.90999896466
3.9099989647
3.90916657371
3.90916657371
3.90916657362
3.90916657357
3.90916657365
3.90916657355
3.90916657366
3.90916657368
3.90916657367
3.9091665737
3.90916657365
3.90916657364
3.90916657351
3.90916657372
3.90916657355
3.90916657376
3.90916657378
3.90916657377
3.90916657384
3.90916657384
3.90916657382
3.90916657393
3.9091665739
3.90916657388
3.90916657382
3.90916657398
3.90916657391
3.90916657395
3.90916657399
3.90159794457
3.90159794457
3.90159794448
3.90159794446
3.90159794445
3.90159794419
3.90159794454
3.90159794455
3.90159794457
3.90159794461
3.90159794454
3.90159794455
3.90159794441
3.90159794461
3.90159794452
3.90159794464
3.90159794467
3.90159794465
3.90159794471
3.90159794471
3.90159794469
3.90159794478
3.90159794476
3.90159794474
3.9015979447
3.90159794482
3.90159794477
3.9015979448
3.90159794483
3.88487601548
3.88487601548
3.88487601544
3.88487601544
3.88487601535
3.88487601503
3.88487601551
3.88487601551
3.88487601554
3.88487601559
3.88487601548
3.88487601554
3.88487601537
3.88487601554
3.88487601558
3.88487601556
3.88487601557
3.88487601556
3.88487601559
3.88487601559
3.88487601558
3.88487601563
3.88487601561
3.8848760156
3.88487601559
3.88487601565
3.88487601561
3.88487601564
3.88487601565
3.86969364565
3.86969364565
3.86969364568
3.86969364569
3.86969364558
3.86969364535
3.86969364573
3.86969364574
3.86969364575
3.8696936458
3.86969364567
3.86969364575
3.86969364557
3.86969364569
3.86969364584
3.8696936457
3.8696936457
3.86969364571
3.86969364569
3.86969364569
3.86969364569
3.8696936457
3.86969364568
3.86969364568
3.8696936457
3.8696936457
3.86969364568
3.8696936457
3.8696936457
3.8631450883
3.8631450883
3.86314508836
3.86314508836
3.86314508828
3.86314508818
3.86314508839
3.8631450884
3.8631450884
3.86314508845
3.86314508831
3.8631450884
3.86314508821
3.86314508831
3.86314508848
3.86314508831
3.8631450883
3.86314508833
3.86314508829
3.86314508828
3.86314508828
3.86314508829
3.86314508826
3.86314508827
3.8631450883
3.86314508829
3.86314508826
3.86314508829
3.86314508828
3.86009686309
3.86009686309
3.86009686315
3.86009686315
3.86009686309
3.86009686304
3.86009686318
3.86009686319
3.86009686318
3.86009686323
3.86009686309
3.86009686318
3.86009686299
3.86009686309
3.86009686325
3.86009686309
3.86009686308
3.86009686311
3.86009686307
3.86009686306
3.86009686306
3.86009686307
3.86009686304
3.86009686304
3.86009686308
3.86009686306
3.86009686304
3.86009686307
3.86009686306
3.85688385188
3.85688385188
3.85688385195
3.85688385194
3.8568838519
3.85688385191
3.85688385197
3.85688385199
3.85688385197
3.85688385201
3.85688385188
3.85688385195
3.85688385178
3.85688385187
3.85688385201
3.85688385187
3.85688385186
3.85688385189
3.85688385185
3.85688385184
3.85688385184
3.85688385186
3.85688385182
3.85688385183
3.85688385186
3.85688385185
3.85688385182
3.85688385185
3.85688385185
3.85259253999
3.85259253999
3.85259254006
3.85259254004
3.85259254004
3.85259254012
3.85259254008
3.85259254009
3.85259254006
3.8525925401
3.85259253998
3.85259254003
3.85259253989
3.85259253997
3.85259254005
3.85259253997
3.85259253996
3.85259253999
3.85259253995
3.85259253994
3.85259253994
3.85259253996
3.85259253992
3.85259253992
3.85259253996
3.85259253994
3.85259253992
3.85259253995
3.85259253994
3.84954101932
3.84954101932
3.8495410194
3.84954101937
3.84954101941
3.84954101957
3.8495410194
3.84954101942
3.84954101937
3.8495410194
3.84954101932
3.84954101933
3.84954101925
3.84954101931
3.84954101929
3.8495410193
3.84954101929
3.84954101932
3.84954101928
3.84954101927
3.84954101928
3.84954101929
3.84954101926
3.84954101926
3.84954101929
3.84954101928
3.84954101926
3.84954101928
3.84954101928
3.85069279235
3.85069279235
3.85069279243
3.85069279239
3.85069279244
3.85069279263
3.85069279242
3.85069279242
3.85069279238
3.8506927924
3.85069279236
3.85069279231
3.85069279232
3.85069279236
3.85069279219
3.85069279235
3.85069279235
3.85069279235
3.85069279233
3.85069279232
3.85069279232
3.85069279232
3.8506927923
3.8506927923
3.85069279233
3.85069279231
3.8506927923
3.85069279231
3.85069279231
3.85417533105
3.85417533105
3.85417533111
3.85417533109
3.8541753311
3.85417533121
3.8541753311
3.8541753311
3.85417533107
3.85417533109
3.85417533107
3.85417533098
3.85417533106
3.85417533109
3.85417533084
3.85417533107
3.85417533108
3.85417533107
3.85417533105
3.85417533106
3.85417533105
3.85417533103
3.85417533103
3.85417533103
3.85417533105
3.85417533103
3.85417533102
3.85417533102
3.85417533102
3.85539054308
3.85539054308
3.85539054314
3.85539054313
3.85539054311
3.85539054313
3.85539054314
3.85539054313
3.85539054312
3.85539054314
3.85539054312
3.85539054303
3.85539054312
3.85539054315
3.8553905429
3.85539054313
3.85539054315
3.85539054312
3.85539054311
3.85539054312
3.85539054311
3.85539054308
3.85539054309
3.85539054308
3.85539054311
3.85539054308
3.85539054308
3.85539054308
3.85539054307
3.85484788031
3.85484788031
3.85484788037
3.85484788036
3.85484788033
3.85484788032
3.85484788037
3.85484788036
3.85484788036
3.85484788038
3.85484788036
3.85484788027
3.85484788035
3.85484788038
3.85484788015
3.85484788036
3.85484788038
3.85484788035
3.85484788035
3.85484788036
3.85484788035
3.85484788031
3.85484788032
3.85484788032
3.85484788034
3.85484788032
3.85484788031
3.85484788031
3.85484788031
3.8542015987
3.8542015987
3.85420159876
3.85420159875
3.85420159871
3.85420159869
3.85420159876
3.85420159875
3.85420159875
3.85420159878
3.85420159875
3.85420159867
3.85420159874
3.85420159877
3.85420159855
3.85420159875
3.85420159877
3.85420159875
3.85420159874
3.85420159875
3.85420159874
3.8542015987
3.85420159871
3.85420159871
3.85420159873
3.85420159871
3.85420159871
3.8542015987
3.8542015987
3.85269093761
3.85269093761
3.85269093766
3.85269093765
3.85269093761
3.85269093756
3.85269093767
3.85269093766
3.85269093766
3.85269093769
3.85269093765
3.85269093759
3.85269093765
3.85269093768
3.85269093749
3.85269093766
3.85269093768
3.85269093765
3.85269093764
3.85269093766
3.85269093765
3.85269093761
3.85269093762
3.85269093762
3.85269093764
3.85269093762
3.85269093761
3.85269093761
3.85269093761
3.85041073956
3.85041073956
3.85041073961
3.8504107396
3.85041073955
3.85041073948
3.85041073962
3.85041073961
3.85041073962
3.85041073964
3.85041073961
3.85041073956
3.8504107396
3.85041073963
3.85041073949
3.85041073961
3.85041073963
3.8504107396
3.8504107396
3.85041073961
3.8504107396
3.85041073957
3.85041073958
3.85041073958
3.85041073959
3.85041073958
3.85041073957
3.85041073957
3.85041073957
3.84719936775
3.84719936775
3.84719936778
3.84719936777
3.84719936773
3.84719936764
3.8471993678
3.84719936779
3.8471993678
3.84719936782
3.84719936779
3.84719936776
3.84719936778
3.84719936781
3.84719936772
3.84719936779
3.84719936782
3.84719936777
3.84719936778
3.8471993678
3.84719936778
3.84719936775
3.84719936777
3.84719936776
3.84719936777
3.84719936776
3.84719936776
3.84719936776
3.84719936776
3.84449403604
3.84449403604
3.84449403606
3.84449403604
3.84449403602
3.84449403596
3.84449403608
3.84449403607
3.84449403609
3.84449403609
3.84449403608
3.84449403606
3.84449403607
3.8444940361
3.84449403604
3.84449403607
3.8444940361
3.84449403605
3.84449403606
3.84449403608
3.84449403607
3.84449403603
3.84449403606
3.84449403605
3.84449403605
3.84449403606
3.84449403606
3.84449403605
3.84449403606
3.84383788943
3.84383788943
3.84383788944
3.84383788941
3.84383788942
3.84383788941
3.84383788946
3.84383788944
3.84383788946
3.84383788946
3.84383788946
3.84383788944
3.84383788946
3.84383788948
3.84383788941
3.84383788945
3.84383788948
3.84383788942
3.84383788944
3.84383788947
3.84383788945
3.84383788941
3.84383788945
3.84383788944
3.84383788942
3.84383788944
3.84383788945
3.84383788943
3.84383788945
3.84421715156
3.84421715156
3.84421715158
3.84421715155
3.84421715157
3.84421715158
3.84421715159
3.84421715158
3.84421715159
3.84421715158
3.84421715159
3.84421715156
3.8442171516
3.84421715161
3.84421715151
3.84421715158
3.84421715162
3.84421715155
3.84421715157
3.8442171516
3.84421715158
3.84421715154
3.84421715158
3.84421715157
3.84421715155
3.84421715157
3.84421715158
3.84421715156
3.84421715158
3.84436286447
3.84436286447
3.84436286449
3.84436286446
3.84436286448
3.84436286449
3.8443628645
3.84436286449
3.8443628645
3.84436286449
3.8443628645
3.84436286447
3.84436286451
3.84436286452
3.84436286442
3.84436286449
3.84436286453
3.84436286446
3.84436286448
3.84436286451
3.84436286449
3.84436286445
3.84436286449
3.84436286448
3.84436286446
3.84436286448
3.84436286449
3.84436286447
3.84436286449
3.84445662774
3.84445662774
3.84445662776
3.84445662773
3.84445662776
3.84445662777
3.84445662777
3.84445662776
3.84445662777
3.84445662776
3.84445662778
3.84445662774
3.84445662778
3.84445662779
3.84445662768
3.84445662776
3.8444566278
3.84445662773
3.84445662776
3.84445662778
3.84445662776
3.84445662772
3.84445662776
3.84445662775
3.84445662774
3.84445662775
3.84445662776
3.84445662774
3.84445662776
3.84464646728
3.84464646728
3.8446464673
3.84464646727
3.8446464673
3.84464646732
3.84464646732
3.8446464673
3.84464646731
3.84464646731
3.84464646732
3.84464646728
3.84464646732
3.84464646733
3.84464646721
3.84464646731
3.84464646734
3.84464646728
3.8446464673
3.84464646732
3.8446464673
3.84464646727
3.8446464673
3.84464646729
3.84464646728
3.84464646729
3.8446464673
3.84464646728
3.8446464673
3.84492576773
3.84492576773
3.84492576775
3.84492576772
3.84492576775
3.84492576777
3.84492576776
3.84492576775
3.84492576776
3.84492576775
3.84492576776
3.84492576772
3.84492576777
3.84492576778
3.84492576765
3.84492576776
3.84492576779
3.84492576773
3.84492576775
3.84492576777
3.84492576775
3.84492576772
3.84492576775
3.84492576774
3.84492576772
3.84492576774
3.84492576774
3.84492576773
3.84492576774
3.8452748239
3.8452748239
3.84527482393
3.8452748239
3.84527482392
3.84527482396
3.84527482394
3.84527482393
3.84527482393
3.84527482393
3.84527482394
3.84527482389
3.84527482394
3.84527482396
3.84527482381
3.84527482394
3.84527482396
3.84527482391
3.84527482393
3.84527482394
3.84527482392
3.84527482391
3.84527482392
3.84527482391
3.84527482389
3.84527482391
3.84527482391
3.8452748239
3.84527482391
3.84538957209
3.84538957209
3.84538957211
3.84538957208
3.84538957211
3.84538957214
3.84538957213
3.84538957211
3.84538957212
3.84538957211
3.84538957212
3.84538957207
3.84538957212
3.84538957214
3.845389572
3.84538957213
3.84538957214
3.84538957211
3.84538957212
3.84538957213
3.8453895721
3.84538957211
3.8453895721
3.84538957209
3.84538957207
3.84538957209
3.84538957209
3.84538957208
3.84538957209
3.84505475508
3.84505475508
3.8450547551
3.84505475506
3.84505475509
3.84505475512
3.84505475512
3.84505475511
3.84505475511
3.8450547551
3.84505475511
3.84505475507
3.84505475511
3.84505475513
3.84505475501
3.84505475512
3.84505475513
3.8450547551
3.84505475512
3.84505475512
3.84505475509
3.84505475511
3.84505475509
3.84505475508
3.84505475506
3.84505475508
3.84505475508
3.84505475507
3.84505475508
3.84469451605
3.84469451605
3.84469451607
3.84469451603
3.84469451606
3.84469451608
3.84469451609
3.84469451607
3.84469451608
3.84469451607
3.84469451608
3.84469451605
3.84469451608
3.8446945161
3.84469451599
3.84469451609
3.8446945161
3.84469451607
3.84469451609
3.84469451609
3.84469451606
3.84469451608
3.84469451606
3.84469451605
3.84469451603
3.84469451605
3.84469451606
3.84469451604
3.84469451605
3.84454331968
3.84454331968
3.8445433197
3.84454331966
3.84454331969
3.8445433197
3.84454331971
3.8445433197
3.84454331971
3.8445433197
3.84454331971
3.84454331968
3.8445433197
3.84454331973
3.84454331962
3.84454331972
3.84454331973
3.8445433197
3.84454331971
3.84454331972
3.84454331969
3.8445433197
3.84454331969
3.84454331968
3.84454331966
3.84454331968
3.84454331968
3.84454331967
3.84454331968
3.8444006107
3.8444006107
3.84440061072
3.84440061068
3.84440061071
3.84440061072
3.84440061074
3.84440061073
3.84440061073
3.84440061073
3.84440061073
3.8444006107
3.84440061073
3.84440061075
3.84440061065
3.84440061074
3.84440061075
3.84440061072
3.84440061074
3.84440061074
3.84440061071
3.84440061072
3.84440061072
3.8444006107
3.84440061068
3.8444006107
3.84440061071
3.8444006107
3.84440061071
3.84417947736
3.84417947736
3.84417947738
3.84417947734
3.84417947737
3.84417947738
3.8441794774
3.84417947739
3.84417947739
3.84417947739
3.84417947739
3.84417947736
3.84417947739
3.84417947741
3.84417947731
3.8441794774
3.84417947741
3.84417947738
3.8441794774
3.8441794774
3.84417947737
3.84417947738
3.84417947738
3.84417947736
3.84417947734
3.84417947737
3.84417947737
3.84417947736
3.84417947737
3.843947847
3.843947847
3.84394784702
3.84394784698
3.84394784701
3.84394784702
3.84394784704
3.84394784703
3.84394784704
3.84394784703
3.84394784703
3.84394784701
3.84394784703
3.84394784705
3.84394784696
3.84394784703
3.84394784705
3.84394784701
3.84394784703
3.84394784704
3.84394784702
3.84394784701
3.84394784702
3.84394784701
3.84394784699
3.84394784701
3.84394784701
3.843947847
3.84394784701
3.84385338463
3.84385338463
3.84385338465
3.84385338461
3.84385338464
3.84385338465
3.84385338467
3.84385338466
3.84385338466
3.84385338466
3.84385338466
3.84385338463
3.84385338466
3.84385338468
3.84385338459
3.84385338466
3.84385338468
3.84385338464
3.84385338465
3.84385338467
3.84385338465
3.84385338463
3.84385338464
3.84385338464
3.84385338462
3.84385338463
3.84385338465
3.84385338464
3.84385338465
3.84400537991
3.84400537991
3.84400537993
3.84400537989
3.84400537992
3.84400537993
3.84400537995
3.84400537994
3.84400537994
3.84400537994
3.84400537994
3.84400537991
3.84400537994
3.84400537996
3.84400537986
3.84400537993
3.84400537996
3.84400537991
3.84400537993
3.84400537994
3.84400537993
3.84400537991
3.84400537992
3.84400537992
3.8440053799
3.84400537991
3.84400537992
3.84400537992
3.84400537993
3.84419999628
3.84419999628
3.8441999963
3.84419999626
3.84419999629
3.8441999963
3.84419999632
3.84419999631
3.84419999631
3.84419999631
3.84419999631
3.84419999628
3.84419999631
3.84419999633
3.84419999622
3.84419999631
3.84419999633
3.84419999628
3.8441999963
3.84419999631
3.8441999963
3.84419999628
3.84419999629
3.84419999629
3.84419999627
3.84419999628
3.84419999629
3.84419999629
3.84419999629
3.8442610662
3.8442610662
3.84426106622
3.84426106618
3.84426106621
3.84426106622
3.84426106624
3.84426106623
3.84426106623
3.84426106623
3.84426106623
3.84426106619
3.84426106623
3.84426106624
3.84426106614
3.84426106622
3.84426106624
3.8442610662
3.84426106622
3.84426106623
3.84426106621
3.8442610662
3.84426106621
3.84426106621
3.84426106619
3.8442610662
3.84426106621
3.84426106621
3.84426106621
3.84427104696
3.84427104696
3.84427104698
3.84427104694
3.84427104697
3.84427104699
3.844271047
3.84427104699
3.84427104699
3.84427104699
3.84427104699
3.84427104696
3.84427104699
3.84427104701
3.8442710469
3.84427104699
3.84427104701
3.84427104697
3.84427104698
3.84427104699
3.84427104698
3.84427104696
3.84427104697
3.84427104697
3.84427104695
3.84427104696
3.84427104697
3.84427104697
3.84427104697
3.84428063681
3.84428063681
3.84428063683
3.84428063679
3.84428063682
3.84428063684
3.84428063685
3.84428063684
3.84428063685
3.84428063684
3.84428063685
3.84428063681
3.84428063685
3.84428063686
3.84428063675
3.84428063684
3.84428063686
3.84428063682
3.84428063683
3.84428063684
3.84428063683
3.84428063682
3.84428063682
3.84428063682
3.8442806368
3.84428063681
3.84428063682
3.84428063682
3.84428063683
3.84427905644
3.84427905644
3.84427905646
3.84427905642
3.84427905645
3.84427905647
3.84427905648
3.84427905647
3.84427905648
3.84427905647
3.84427905647
3.84427905644
3.84427905647
3.84427905649
3.84427905638
3.84427905647
3.84427905649
3.84427905645
3.84427905646
3.84427905647
3.84427905646
3.84427905645
3.84427905645
3.84427905645
3.84427905643
3.84427905644
3.84427905645
3.84427905645
3.84427905645
3.84424084355
3.84424084355
3.84424084357
3.84424084354
3.84424084357
3.84424084358
3.84424084359
3.84424084358
3.84424084359
3.84424084358
3.84424084359
3.84424084355
3.84424084359
3.8442408436
3.84424084349
3.84424084358
3.8442408436
3.84424084356
3.84424084358
3.84424084359
3.84424084357
3.84424084356
3.84424084356
3.84424084356
3.84424084354
3.84424084356
3.84424084356
3.84424084356
3.84424084357
3.8441421159
3.8441421159
3.84414211592
3.84414211588
3.84414211591
3.84414211593
3.84414211594
3.84414211593
3.84414211593
3.84414211593
3.84414211593
3.84414211589
3.84414211593
3.84414211595
3.84414211584
3.84414211593
3.84414211595
3.84414211591
3.84414211592
3.84414211593
3.84414211591
3.84414211591
3.84414211591
3.8441421159
3.84414211589
3.8441421159
3.84414211591
3.8441421159
3.84414211591
3.84402073361
3.84402073361
3.84402073363
3.8440207336
3.84402073363
3.84402073364
3.84402073365
3.84402073364
3.84402073365
3.84402073364
3.84402073365
3.84402073361
3.84402073365
3.84402073366
3.84402073355
3.84402073364
3.84402073366
3.84402073362
3.84402073364
3.84402073365
3.84402073363
3.84402073362
3.84402073363
3.84402073362
3.8440207336
3.84402073362
3.84402073362
3.84402073361
3.84402073363
3.84396680775
3.84396680775
3.84396680777
3.84396680773
3.84396680776
3.84396680777
3.84396680779
3.84396680777
3.84396680778
3.84396680778
3.84396680778
3.84396680774
3.84396680778
3.84396680779
3.84396680769
3.84396680777
3.84396680779
3.84396680775
3.84396680777
3.84396680778
3.84396680776
3.84396680775
3.84396680776
3.84396680775
3.84396680774
3.84396680775
3.84396680776
3.84396680775
3.84396680776
     fun: 3.8636758963835636
     jac: array([  9.05394554e-05,  -5.84423542e-05,   8.82148743e-06,
        -1.25169754e-06,   6.61909580e-05,   6.16014004e-05,
        -8.58306885e-06,   7.94231892e-05,  -1.85370445e-05,
         5.59389591e-05,   2.03251839e-05,   7.27176666e-06,
        -8.38637352e-05,  -6.16908073e-05,   3.22759151e-05,
        -2.55703926e-05,   6.97374344e-06,   5.40912151e-05,
        -9.84668732e-05,   8.18967819e-05,   3.47793102e-05,
        -6.45220280e-05,  -1.44630671e-04,   1.46567822e-04,
         2.85804272e-05,  -1.00821257e-04,   3.42726707e-06])
 message: 'Optimization terminated successfully.'
    nfev: 1712
     nit: 59
    njev: 59
  status: 0
 success: True
       x: array([  8.1532637 ,   6.52019642,   8.46116289,   1.83631821,
         7.81597682,   0.55419913,   8.88142167,   0.94092569,
         8.52478415,   9.03446352,   1.54493749,   8.63779617,
         7.45645829,   8.90965232,   8.38857956,   2.04908375,
         7.07924367,   8.84485335,   9.00667689,   1.69985059,
        10.07635516,   9.72727887,   2.04534872,   2.21180575,
         9.5490572 ,   2.2525981 ,   2.09464549])

========================================================

Final result:
8.15326370118
6.52019641715
8.46116289355
1.83631820646
1.83631820646
1.83631820646
7.81597682117
0.554199134355
8.88142167021
0.940925691523
8.52478415033
9.03446351733
1.54493748865
1.54493748865
8.63779616845
7.45645828513
8.90965232342
8.38857955614
2.04908374584
7.07924366864
8.84485335208
9.00667688776
1.69985058953
10.0763551583
9.7272788698
2.04534872162
2.21180575237
9.54905719664
2.2525980998
2.09464548943
7.45645828513
