1.3624751213609501e-06
1.3624751213609501e-06
1.3624751216405286e-06
1.3624751215426656e-06
1.3624751216115546e-06
1.3624751220743047e-06
1.3624751217296384e-06
1.362475121751456e-06
1.3624751217242919e-06
1.36247512172969e-06
1.3624751217405054e-06
1.3624751216178383e-06
1.3624751221275865e-06
1.3624751216884963e-06
1.3624751217482574e-06
1.3624751216463987e-06
1.3624751216278873e-06
1.3624751216258724e-06
1.362475121593815e-06
1.3624751216003453e-06
1.3624751215899745e-06
1.3624751215734728e-06
1.3624751216010069e-06
1.3624751088227805e-06
1.3624751088227805e-06
1.3624751091023647e-06
1.3624751090044987e-06
1.362475109073389e-06
1.3624751095361338e-06
1.3624751091914713e-06
1.362475109213281e-06
1.3624751091861208e-06
1.362475109191521e-06
1.3624751092023463e-06
1.3624751090796604e-06
1.3624751095894215e-06
1.3624751091503408e-06
1.3624751092100927e-06
1.3624751091082376e-06
1.3624751090897108e-06
1.3624751090877027e-06
1.3624751090556432e-06
1.362475109062175e-06
1.3624751090517998e-06
1.362475109035301e-06
1.3624751090628425e-06
1.3624750461316772e-06
1.3624750461316772e-06
1.3624750464112546e-06
1.3624750463133918e-06
1.3624750463822825e-06
1.3624750468450267e-06
1.362475046500374e-06
1.362475046522181e-06
1.3624750464950166e-06
1.362475046500408e-06
1.3624750465112231e-06
1.3624750463885615e-06
1.3624750468983004e-06
1.362475046459228e-06
1.3624750465189904e-06
1.3624750464171288e-06
1.3624750463986097e-06
1.3624750463965971e-06
1.3624750463645484e-06
1.3624750463710766e-06
1.3624750463606941e-06
1.3624750463442e-06
1.3624750463717346e-06
1.362474732679826e-06
1.362474732679826e-06
1.3624747329593947e-06
1.3624747328615328e-06
1.362474732930429e-06
1.3624747333931684e-06
1.3624747330485168e-06
1.3624747330703198e-06
1.3624747330431542e-06
1.3624747330485517e-06
1.362474733059378e-06
1.3624747329367031e-06
1.3624747334464497e-06
1.3624747330073734e-06
1.3624747330671248e-06
1.3624747329652657e-06
1.3624747329467443e-06
1.3624747329447324e-06
1.3624747329126887e-06
1.3624747329192132e-06
1.362474732908836e-06
1.3624747328923415e-06
1.3624747329198828e-06
1.3624731654569044e-06
1.3624731654569044e-06
1.3624731657364835e-06
1.3624731656386174e-06
1.3624731657075038e-06
1.3624731661702457e-06
1.3624731658255874e-06
1.3624731658474014e-06
1.3624731658202352e-06
1.3624731658256367e-06
1.3624731658364571e-06
1.3624731657137816e-06
1.36247316622353e-06
1.3624731657844495e-06
1.3624731658442083e-06
1.3624731657423499e-06
1.3624731657238435e-06
1.3624731657218148e-06
1.3624731656897729e-06
1.3624731656963041e-06
1.3624731656859248e-06
1.3624731656694197e-06
1.3624731656969601e-06
1.3624653295407888e-06
1.3624653295407888e-06
1.3624653298203461e-06
1.3624653297224814e-06
1.3624653297913748e-06
1.3624653302540742e-06
1.362465329909454e-06
1.3624653299312617e-06
1.3624653299041024e-06
1.3624653299094976e-06
1.3624653299203195e-06
1.3624653297976522e-06
1.3624653303073697e-06
1.3624653298683197e-06
1.3624653299280588e-06
1.3624653298262154e-06
1.3624653298077044e-06
1.3624653298056833e-06
1.362465329773629e-06
1.362465329780166e-06
1.3624653297697905e-06
1.3624653297532941e-06
1.362465329780834e-06
1.3624261590201577e-06
1.3624261590201577e-06
1.3624261592996311e-06
1.3624261592017804e-06
1.3624261592706639e-06
1.3624261597331926e-06
1.36242615938874e-06
1.362426159410535e-06
1.3624261593833993e-06
1.362426159388776e-06
1.3624261593996073e-06
1.3624261592769493e-06
1.3624261597865633e-06
1.3624261593476172e-06
1.362426159407301e-06
1.3624261593055176e-06
1.3624261592870044e-06
1.3624261592849866e-06
1.3624261592529564e-06
1.3624261592594769e-06
1.3624261592491018e-06
1.3624261592326173e-06
1.3624261592601573e-06
1.3622305192781605e-06
1.3622305192781605e-06
1.3622305195572246e-06
1.3622305194594158e-06
1.3622305195282423e-06
1.3622305199899561e-06
1.3622305196462962e-06
1.3622305196680724e-06
1.3622305196409716e-06
1.3622305196463574e-06
1.3622305196571742e-06
1.3622305195345952e-06
1.3622305200436572e-06
1.3622305196052312e-06
1.3622305196646406e-06
1.3622305195631758e-06
1.3622305195446751e-06
1.362230519542622e-06
1.3622305195106661e-06
1.3622305195171876e-06
1.3622305195067749e-06
1.3622305194903562e-06
1.3622305195178951e-06
1.3612576776464014e-06
1.3612576776464014e-06
1.3612576779233903e-06
1.3612576778258377e-06
1.361257677894399e-06
1.3612576783519725e-06
1.361257678012331e-06
1.3612576780339931e-06
1.361257678007098e-06
1.361257678012462e-06
1.361257678023245e-06
1.3612576779010142e-06
1.3612576784073752e-06
1.361257677971554e-06
1.3612576780295824e-06
1.3612576779296687e-06
1.3612576779112256e-06
1.3612576779090708e-06
1.361257677877453e-06
1.3612576778839717e-06
1.3612576778733883e-06
1.3612576778573594e-06
1.361257677884833e-06
1.3565258611011605e-06
1.3565258611011605e-06
1.3565258613678977e-06
1.3565258612715301e-06
1.3565258613388392e-06
1.356525861775838e-06
1.3565258614561304e-06
1.3565258614772463e-06
1.3565258614513836e-06
1.356525861456633e-06
1.356525861467236e-06
1.3565258613467435e-06
1.3565258618396826e-06
1.3565258614168109e-06
1.3565258614679804e-06
1.3565258613757577e-06
1.3565258613576164e-06
1.3565258613548947e-06
1.3565258613250012e-06
1.3565258613314905e-06
1.3565258613201056e-06
1.3565258613059233e-06
1.3565258613331206e-06
1.3359941731083774e-06
1.3359941731083774e-06
1.335994173325644e-06
1.3359941732350069e-06
1.3359941732962296e-06
1.3359941736339852e-06
1.3359941734104948e-06
1.3359941734289196e-06
1.3359941734080619e-06
1.3359941734127712e-06
1.3359941734225072e-06
1.335994173310392e-06
1.3359941737385652e-06
1.3359941733781506e-06
1.3359941733962422e-06
1.3359941733411522e-06
1.3359941733244436e-06
1.3359941733190222e-06
1.3359941732974436e-06
1.3359941733037667e-06
1.3359941732884898e-06
1.3359941732832255e-06
1.3359941733091058e-06
1.2914930116604394e-06
1.2914930116604394e-06
1.2914930116739238e-06
1.2914930116069489e-06
1.2914930116430678e-06
1.2914930115720153e-06
1.2914930117448429e-06
1.2914930117521894e-06
1.2914930117519668e-06
1.2914930117543963e-06
1.2914930117606102e-06
1.2914930116830124e-06
1.2914930118443654e-06
1.2914930117412478e-06
1.2914930116230887e-06
1.2914930117209438e-06
1.2914930117101603e-06
1.2914930116935834e-06
1.2914930117062707e-06
1.291493011711963e-06
1.2914930116806469e-06
1.2914930117121364e-06
1.2914930117325001e-06
1.2904239664424081e-06
1.2904239664424081e-06
1.290423966428214e-06
1.290423966364444e-06
1.290423966397161e-06
1.2904239662705784e-06
1.290423966497243e-06
1.2904239665030826e-06
1.2904239665056586e-06
1.2904239665077862e-06
1.290423966513517e-06
1.2904239664406073e-06
1.2904239665657154e-06
1.2904239664975362e-06
1.290423966360884e-06
1.290423966479506e-06
1.2904239664695303e-06
1.2904239664514396e-06
1.2904239664687869e-06
1.2904239664743887e-06
1.2904239664408972e-06
1.2904239664773669e-06
1.2904239664969899e-06
     fun: 1.2929392147648982e-06
     jac: array([-1.36877532e-09, -5.50259927e-09, -3.40958195e-09, -1.47172727e-08,
        3.13102078e-09,  3.49044171e-09,  3.70376085e-09,  3.83849397e-09,
        4.20696722e-09, -5.03277420e-10,  5.99240479e-09,  3.21193738e-09,
       -6.62417676e-09,  2.06463824e-09,  1.42276235e-09,  2.11699103e-10,
        1.42357237e-09,  1.78978610e-09, -4.42341275e-10,  2.02965111e-09,
        3.30553007e-09])
 message: 'Optimization terminated successfully.'
    nfev: 299
     nit: 13
    njev: 13
  status: 0
 success: True
       x: array([8.21252873, 5.64272818, 8.37196499, 1.58618545, 8.29479761,
       1.33857649, 9.9673746 , 1.75420952, 9.63205404, 9.10340407,
       1.45850105, 8.65716385, 6.45041807, 6.20180974, 7.95383519,
       1.12270948, 7.66694739, 6.10362553, 1.68221507, 1.9523493 ,
       1.44252758])

========================================================

Final result:
8.21252872887631
5.642728178902933
8.371964986605747
1.5861854541386704
1.5861854541386704
1.5861854541386704
8.294797613041332
1.3385764850878987
9.967374604542737
1.7542095185798434
9.632054038558854
9.103404070044126
1.4585010540076797
1.4585010540076797
8.65716385189032
6.450418073154287
6.201809742504156
7.953835187265371
1.1227094847993455
7.666947391575458
6.103625534681444
1.6822150681656038
1.9523493035971091
1.4425275750031734
6.450418073154287
