5.867602644744484e-07
5.867602644744484e-07
5.867602654400902e-07
5.867602648153941e-07
5.867602648640175e-07
5.86760264878045e-07
5.867602648568156e-07
5.867602648456588e-07
5.867602652144141e-07
5.867602648420664e-07
5.867602647772686e-07
5.867602651968635e-07
5.867602648081643e-07
5.867602651070473e-07
5.867602647801111e-07
5.867602650616239e-07
5.867602647572195e-07
5.867602653036725e-07
5.867602648486171e-07
5.867602648563798e-07
5.867602647899869e-07
5.867602653652191e-07
5.867602381739972e-07
5.867602381739972e-07
5.867602391396335e-07
5.867602385149413e-07
5.867602385635662e-07
5.867602385775961e-07
5.867602385563627e-07
5.867602385452111e-07
5.867602389139661e-07
5.867602385416114e-07
5.867602384768149e-07
5.867602388964176e-07
5.867602385077162e-07
5.867602388065937e-07
5.867602384796614e-07
5.867602387611701e-07
5.867602384567686e-07
5.86760239003222e-07
5.867602385481664e-07
5.867602385559289e-07
5.867602384895367e-07
5.867602390647673e-07
5.867601066718366e-07
5.867601066718366e-07
5.867601076374771e-07
5.867601070127768e-07
5.867601070614024e-07
5.867601070754314e-07
5.86760107054203e-07
5.8676010704305e-07
5.867601074117975e-07
5.867601070394492e-07
5.867601069746561e-07
5.867601073942535e-07
5.867601070055499e-07
5.867601073044326e-07
5.867601069774999e-07
5.867601072590059e-07
5.86760106954606e-07
5.867601075010575e-07
5.867601070460053e-07
5.867601070537689e-07
5.867601069873692e-07
5.867601075626019e-07
5.867594491650677e-07
5.867594491650677e-07
5.867594501307e-07
5.867594495060098e-07
5.867594495546325e-07
5.867594495686643e-07
5.867594495474348e-07
5.867594495362811e-07
5.867594499050311e-07
5.867594495326817e-07
5.867594494678865e-07
5.867594498874876e-07
5.867594494987804e-07
5.867594497976643e-07
5.867594494707303e-07
5.867594497522385e-07
5.867594494478379e-07
5.867594499942887e-07
5.867594495392407e-07
5.867594495470014e-07
5.867594494806047e-07
5.867594500558334e-07
5.867561616636026e-07
5.867561616636026e-07
5.867561626292165e-07
5.867561620045387e-07
5.867561620531606e-07
5.867561620671914e-07
5.867561620459593e-07
5.86756162034805e-07
5.867561624035514e-07
5.86756162031206e-07
5.867561619664163e-07
5.867561623860044e-07
5.867561619973082e-07
5.867561622961825e-07
5.867561619692603e-07
5.867561622507608e-07
5.867561619463629e-07
5.867561624928001e-07
5.867561620377631e-07
5.867561620455233e-07
5.867561619791321e-07
5.867561625543521e-07
5.86739725396435e-07
5.86739725396435e-07
5.867397263619589e-07
5.867397257373389e-07
5.867397257859641e-07
5.867397257999905e-07
5.867397257787583e-07
5.867397257676107e-07
5.8673972613632e-07
5.86739725764003e-07
5.867397256992245e-07
5.867397261187727e-07
5.867397257301118e-07
5.867397260289564e-07
5.867397257020641e-07
5.867397259835386e-07
5.867397256791689e-07
5.8673972622556e-07
5.867397257705728e-07
5.867397257783342e-07
5.867397257119437e-07
5.867397262871185e-07
5.866575725687719e-07
5.866575725687719e-07
5.866575735338331e-07
5.866575729095259e-07
5.866575729581514e-07
5.866575729721792e-07
5.866575729509434e-07
5.866575729398188e-07
5.866575733083448e-07
5.866575729361877e-07
5.866575728714438e-07
5.86657573290797e-07
5.866575729023021e-07
5.866575732010022e-07
5.86657572874265e-07
5.866575731556103e-07
5.866575728513768e-07
5.866575733975072e-07
5.866575729427831e-07
5.86657572950536e-07
5.866575728841713e-07
5.866575734591355e-07
5.862475207652446e-07
5.862475207652446e-07
5.862475217279787e-07
5.862475211052144e-07
5.862475211538596e-07
5.862475211678947e-07
5.862475211466198e-07
5.86247521135607e-07
5.862475215032305e-07
5.862475211318673e-07
5.862475210673114e-07
5.862475214856651e-07
5.862475210980214e-07
5.862475213959897e-07
5.862475210700362e-07
5.862475213507346e-07
5.86247521047173e-07
5.862475215920114e-07
5.862475211386011e-07
5.862475211463276e-07
5.86247521080072e-07
5.862475216539656e-07
5.842150993315244e-07
5.842150993315244e-07
5.842151002826816e-07
5.842150996676154e-07
5.842150997163247e-07
5.842150997303809e-07
5.842150997089549e-07
5.842150996984855e-07
5.842151000616217e-07
5.842150996941963e-07
5.842150996305773e-07
5.842151000439722e-07
5.84215099660553e-07
5.842150999548615e-07
5.842150996328285e-07
5.842150999103024e-07
5.842150996101068e-07
5.842151001484755e-07
5.842150997016145e-07
5.842150997092351e-07
5.842150996435242e-07
5.842151002120783e-07
5.744907811718779e-07
5.744907811718779e-07
5.744907820657861e-07
5.744907814887996e-07
5.744907815378466e-07
5.744907815519928e-07
5.74490781529814e-07
5.744907815220453e-07
5.744907818629701e-07
5.744907815150123e-07
5.744907814560439e-07
5.744907818449166e-07
5.744907814823792e-07
5.744907817586023e-07
5.744907814559562e-07
5.744907817174803e-07
5.74490781433905e-07
5.744907819403179e-07
5.744907815258397e-07
5.744907815329131e-07
5.744907814698972e-07
5.744907820120556e-07
5.358698688126845e-07
5.358698688126845e-07
5.358698694362977e-07
5.358698690390943e-07
5.358698690897258e-07
5.358698691043144e-07
5.35869869078564e-07
5.358698690835513e-07
5.358698693196205e-07
5.358698690635883e-07
5.35869869026552e-07
5.35869869299651e-07
5.358698690357237e-07
5.358698692265469e-07
5.358698690154223e-07
5.358698692016653e-07
5.358698689965433e-07
5.358698693520718e-07
5.358698690905021e-07
5.358698690949829e-07
5.358698690446904e-07
5.358698694622392e-07
4.917925241325998e-07
4.917925241325998e-07
4.917925240561522e-07
4.917925241245886e-07
4.91792524179325e-07
4.917925241950484e-07
4.917925241600607e-07
4.917925241980782e-07
4.917925241625748e-07
4.917925241446194e-07
4.917925241644065e-07
4.917925241376498e-07
4.917925241291064e-07
4.917925240987628e-07
4.917925241246765e-07
4.917925241159248e-07
4.917925241140109e-07
4.917925240787553e-07
4.917925242132062e-07
4.917925242109674e-07
4.917925241936363e-07
4.917925242884418e-07
     fun: 4.94556015961918e-07
     jac: array([-7.85653498e-09, -8.58484839e-10,  2.76906320e-09,  3.81103149e-09,
        1.48303059e-09,  4.04483558e-09,  6.18840090e-10,  4.60666172e-10,
        1.84953564e-09, -1.02082254e-09, -5.48489254e-10, -3.46142315e-09,
       -8.19383672e-10, -2.22420482e-09, -1.51359103e-09, -5.95454708e-09,
        5.05728082e-09,  4.89973218e-09,  3.79914411e-09,  7.94352673e-09])
 message: 'Optimization terminated successfully.'
    nfev: 264
     nit: 12
    njev: 12
  status: 0
 success: True
       x: array([0.89401178, 5.1110332 , 7.85524017, 1.62761889, 7.49577139,
       8.30272096, 1.45253958, 7.57842903, 5.48622962, 1.55827619,
       7.37472028, 1.5746958 , 6.98416794, 1.51441496, 5.11161491,
       0.95034921, 7.21295889, 1.34284411, 7.11786253, 1.47823957])

========================================================

Final result:
0.8940117773981104
0.8940117773981104
5.111033199062776
0.8940117773981104
7.8552401731057655
1.6276188928900523
7.495771385280512
8.302720958541443
1.452539581725275
1.452539581725275
7.578429033021441
5.486229621456866
1.5582761859391432
1.5582761859391432
7.374720282644031
1.5746957961118133
1.5746957961118133
6.984167944520299
1.5144149557932307
1.5144149557932307
5.111614909981601
0.9503492063818394
0.9503492063818394
0.9503492063818394
7.212958893696252
1.342844105320345
7.1178625251657905
1.4782395745927759
1.4782395745927759
1.4782395745927759
