8.403694120523099e-07
8.403694120523099e-07
8.4036941259998e-07
8.403694124889566e-07
8.403694125071523e-07
8.403694133242782e-07
8.403694127216091e-07
8.403694127451593e-07
8.403694127210326e-07
8.403694127478087e-07
8.403694126954955e-07
8.403694126176659e-07
8.403694133370064e-07
8.403694125411355e-07
8.403694130297603e-07
8.40369412546513e-07
8.403693760385336e-07
8.403693760385336e-07
8.403693765862044e-07
8.40369376475179e-07
8.403693764933783e-07
8.403693773105045e-07
8.403693767078341e-07
8.403693767313829e-07
8.403693767072598e-07
8.403693767340328e-07
8.403693766817194e-07
8.403693766038907e-07
8.403693773232314e-07
8.403693765273601e-07
8.403693770159846e-07
8.403693765327375e-07
8.403691959694346e-07
8.403691959694346e-07
8.403691965171062e-07
8.403691964060822e-07
8.403691964242777e-07
8.403691972414066e-07
8.40369196638736e-07
8.403691966622831e-07
8.403691966381579e-07
8.403691966649358e-07
8.403691966126208e-07
8.403691965347912e-07
8.403691972541307e-07
8.403691964582611e-07
8.403691969468869e-07
8.403691964636368e-07
8.403682956253044e-07
8.403682956253044e-07
8.403682961729744e-07
8.403682960619517e-07
8.403682960801478e-07
8.403682968972732e-07
8.403682962946039e-07
8.403682963181529e-07
8.403682962940298e-07
8.403682963208038e-07
8.403682962684894e-07
8.403682961906606e-07
8.403682969099999e-07
8.403682961141305e-07
8.403682966027538e-07
8.403682961195072e-07
8.403637939426636e-07
8.403637939426636e-07
8.403637944903263e-07
8.403637943793023e-07
8.403637943974974e-07
8.403637952146082e-07
8.403637946119536e-07
8.40363794635504e-07
8.40363794611379e-07
8.403637946381532e-07
8.403637945858402e-07
8.403637945080123e-07
8.403637952273433e-07
8.403637944314826e-07
8.403637949200997e-07
8.403637944368613e-07
8.403412866621391e-07
8.403412866621391e-07
8.40341287209768e-07
8.40341287098747e-07
8.403412871169386e-07
8.403412879339812e-07
8.403412873313935e-07
8.403412873549399e-07
8.403412873308218e-07
8.403412873575956e-07
8.403412873052821e-07
8.403412872274572e-07
8.403412879467483e-07
8.403412871509325e-07
8.403412876395196e-07
8.403412871563145e-07
8.402287770992105e-07
8.402287770992105e-07
8.402287776466748e-07
8.402287775356751e-07
8.40228777553843e-07
8.402287783705462e-07
8.402287777682939e-07
8.402287777918343e-07
8.402287777677326e-07
8.402287777945039e-07
8.402287777421962e-07
8.402287776643849e-07
8.402287783834839e-07
8.402287775878841e-07
8.40228778076323e-07
8.402287775932759e-07
8.396668940435979e-07
8.396668940435979e-07
8.396668945902345e-07
8.396668944793323e-07
8.396668944973848e-07
8.396668953123885e-07
8.39666894711816e-07
8.396668947353095e-07
8.396668947113021e-07
8.396668947380661e-07
8.396668946857753e-07
8.396668946080379e-07
8.396668953261719e-07
8.396668945316631e-07
8.396668950193552e-07
8.396668945371085e-07
8.368741069352175e-07
8.368741069352175e-07
8.368741074777245e-07
8.368741073673004e-07
8.368741073847778e-07
8.368741081913056e-07
8.368741075991055e-07
8.368741076223818e-07
8.368741075988421e-07
8.36874107625559e-07
8.368741075733674e-07
8.368741074960046e-07
8.36874108209308e-07
8.368741074202462e-07
8.368741079042082e-07
8.368741074259605e-07
8.233208559405583e-07
8.233208559405583e-07
8.233208564625713e-07
8.233208563545266e-07
8.233208563691485e-07
8.23320857133619e-07
8.233208565829729e-07
8.233208566051677e-07
8.233208565839392e-07
8.233208566104366e-07
8.233208565587274e-07
8.233208564832187e-07
8.233208571725521e-07
8.233208564105152e-07
8.233208568759767e-07
8.233208564175712e-07
7.652124799261851e-07
7.652124799261851e-07
7.652124803496337e-07
7.652124802530231e-07
7.652124802539185e-07
7.652124808160987e-07
7.652124804653108e-07
7.65212480482305e-07
7.652124804722007e-07
7.652124804976357e-07
7.652124804482493e-07
7.652124803816538e-07
7.65212480955716e-07
7.652124803236512e-07
7.652124807001342e-07
7.652124803371642e-07
6.497372500592376e-07
6.497372500592376e-07
6.497372500836489e-07
6.497372500333424e-07
6.497372499786543e-07
6.497372497218744e-07
6.497372501801987e-07
6.497372501761367e-07
6.497372502110751e-07
6.497372502322069e-07
6.497372501922214e-07
6.497372501617098e-07
6.497372502690935e-07
6.497372501632198e-07
6.497372501794784e-07
6.497372502028748e-07
6.489969124666815e-07
6.489969124666815e-07
6.489969124707626e-07
6.489969124228133e-07
6.489969123652943e-07
6.48996912066791e-07
6.489969125663376e-07
6.489969125612032e-07
6.48996912598436e-07
6.489969126193484e-07
6.489969125798412e-07
6.489969125511675e-07
6.489969126347772e-07
6.489969125557105e-07
6.489969125536165e-07
6.489969125966967e-07
     fun: 6.55561483911179e-07
     jac: array([-4.80540052e-10, -3.54541640e-09, -7.43052908e-09, -3.20926006e-08,
        5.76585535e-09,  5.38885558e-09,  7.92073251e-09,  9.28726251e-09,
        6.70803502e-09,  4.89098539e-09,  7.74137021e-09,  5.30128119e-09,
        3.14123838e-09,  8.04440958e-09])
 message: 'Optimization terminated successfully.'
    nfev: 208
     nit: 13
    njev: 13
  status: 0
 success: True
       x: array([ 8.16962533,  5.63091169,  8.42129824,  1.26112906,  7.94332813,
        1.06547007, 10.41091516,  1.49034177,  9.9605762 , 10.06985456,
        1.067729  , 20.11765804,  6.64531652,  3.00260766])

========================================================

Final result:
8.169625329777507
5.630911685989414
8.42129823506397
1.2611290638366326
1.2611290638366326
1.2611290638366326
7.943328130638343
1.0654700712625256
10.410915164364097
1.4903417658600997
9.960576197468356
10.069854555543683
1.067729002711321
1.067729002711321
20.117658044460168
6.645316515646139
3.002607659237037
6.645316515646139
