8.220696956503054e-07
8.220696956503054e-07
8.22069696001205e-07
8.220696959314071e-07
8.220696959483959e-07
8.220696964904194e-07
8.220696960788579e-07
8.220696960978893e-07
8.220696960815703e-07
8.220696960924086e-07
8.220696961132045e-07
8.220696959899942e-07
8.220696965672063e-07
8.220696961081078e-07
8.220696959245653e-07
8.220696965458178e-07
8.220696960816007e-07
8.220696964707312e-07
8.220696960681145e-07
8.220696960716001e-07
8.220696960000676e-07
8.220696962622568e-07
8.220696968155819e-07
8.22069695941119e-07
8.220696958866543e-07
8.220696631090984e-07
8.220696631090984e-07
8.220696634599923e-07
8.220696633902021e-07
8.220696634071889e-07
8.220696639492101e-07
8.220696635376498e-07
8.220696635566817e-07
8.220696635403594e-07
8.220696635512023e-07
8.220696635719967e-07
8.220696634487867e-07
8.220696640259998e-07
8.220696635668981e-07
8.220696633833612e-07
8.220696640046165e-07
8.220696635403947e-07
8.220696639295264e-07
8.220696635269019e-07
8.220696635303841e-07
8.220696634588549e-07
8.220696637210493e-07
8.220696642743763e-07
8.220696633999104e-07
8.220696633454507e-07
8.220695004032113e-07
8.220695004032113e-07
8.220695007541029e-07
8.220695006843153e-07
8.220695007012975e-07
8.220695012433307e-07
8.220695008317643e-07
8.220695008507983e-07
8.22069500834474e-07
8.220695008453132e-07
8.220695008661094e-07
8.220695007428991e-07
8.220695013201058e-07
8.220695008610124e-07
8.220695006774693e-07
8.220695012987232e-07
8.220695008345023e-07
8.220695012236384e-07
8.220695008210153e-07
8.220695008245009e-07
8.220695007529684e-07
8.220695010151655e-07
8.220695015684933e-07
8.220695006940216e-07
8.220695006395607e-07
8.220686868754159e-07
8.220686868754159e-07
8.220686872263066e-07
8.220686871565164e-07
8.220686871735055e-07
8.220686877155275e-07
8.220686873039655e-07
8.220686873229997e-07
8.220686873066754e-07
8.220686873175179e-07
8.22068687338312e-07
8.220686872151068e-07
8.220686877923148e-07
8.220686873332175e-07
8.2206868714967e-07
8.220686877709301e-07
8.220686873067111e-07
8.220686876958396e-07
8.220686872932215e-07
8.220686872967029e-07
8.220686872251699e-07
8.22068687487371e-07
8.220686880406897e-07
8.220686871662284e-07
8.220686871117636e-07
8.220646192807219e-07
8.220646192807219e-07
8.220646196316072e-07
8.220646195618224e-07
8.220646195788062e-07
8.220646201208248e-07
8.220646197092662e-07
8.220646197282979e-07
8.220646197119738e-07
8.220646197228147e-07
8.220646197436154e-07
8.220646196204022e-07
8.220646201976104e-07
8.220646197385196e-07
8.220646195549737e-07
8.220646201762206e-07
8.220646197120086e-07
8.220646201011292e-07
8.220646196985228e-07
8.220646197020073e-07
8.220646196304725e-07
8.22064619892668e-07
8.220646204459722e-07
8.220646195715314e-07
8.220646195170694e-07
8.220442824794768e-07
8.220442824794768e-07
8.220442828303362e-07
8.220442827605502e-07
8.220442827775386e-07
8.220442833195193e-07
8.220442829079953e-07
8.220442829270245e-07
8.220442829107032e-07
8.220442829215439e-07
8.220442829423355e-07
8.220442828191326e-07
8.220442833962967e-07
8.220442829372402e-07
8.220442827537107e-07
8.220442833749123e-07
8.220442829107306e-07
8.220442832998246e-07
8.220442828972376e-07
8.220442829007239e-07
8.220442828291929e-07
8.220442830913654e-07
8.220442836446173e-07
8.220442827702626e-07
8.220442827157997e-07
8.219426280856716e-07
8.219426280856716e-07
8.219426284364361e-07
8.219426283666579e-07
8.219426283836443e-07
8.219426289254398e-07
8.219426285140758e-07
8.219426285331044e-07
8.219426285167801e-07
8.219426285276199e-07
8.219426285484039e-07
8.21942628425229e-07
8.21942629002224e-07
8.219426285432932e-07
8.219426283598216e-07
8.219426289808241e-07
8.219426285167823e-07
8.219426289057304e-07
8.219426285032974e-07
8.219426285067869e-07
8.219426284352527e-07
8.219426286972862e-07
8.219426292502713e-07
8.219426283763729e-07
8.219426283219288e-07
8.214350717110321e-07
8.214350717110321e-07
8.214350720612914e-07
8.214350719915679e-07
8.214350720085267e-07
8.214350725494115e-07
8.214350721388652e-07
8.214350721578691e-07
8.214350721415535e-07
8.21435072152395e-07
8.214350721730752e-07
8.214350720501117e-07
8.214350726261941e-07
8.214350721679338e-07
8.214350719847581e-07
8.214350726047363e-07
8.21435072141416e-07
8.214350725296394e-07
8.214350721279471e-07
8.214350721314438e-07
8.214350720599253e-07
8.214350723212931e-07
8.214350728729568e-07
8.214350720013028e-07
8.214350719469235e-07
8.189151865758244e-07
8.189151865758244e-07
8.189151869235679e-07
8.189151868541217e-07
8.18915186870962e-07
8.189151874072685e-07
8.189151870007942e-07
8.189151870196828e-07
8.189151870034042e-07
8.189151870142574e-07
8.189151870344727e-07
8.189151869124739e-07
8.189151874840579e-07
8.189151870291405e-07
8.189151868474482e-07
8.189151874623254e-07
8.189151870025823e-07
8.189151873871773e-07
8.189151869891973e-07
8.189151869927536e-07
8.18915186921271e-07
8.189151871793369e-07
8.189151877243425e-07
8.189151868639527e-07
8.189151868098958e-07
8.067567931256886e-07
8.067567931256886e-07
8.067567934609343e-07
8.067567933928832e-07
8.067567934091213e-07
8.067567939227553e-07
8.06756793536467e-07
8.067567935547908e-07
8.067567935387093e-07
8.067567935495827e-07
8.0675679356749e-07
8.067567934502874e-07
8.067567939995866e-07
8.067567935611871e-07
8.067567933868726e-07
8.0675679397647e-07
8.067567935344536e-07
8.067567939011083e-07
8.067567935214989e-07
8.067567935253449e-07
8.067567934540635e-07
8.067567936957727e-07
8.067567942077969e-07
8.067567934031668e-07
8.067567933507553e-07
7.56214259238248e-07
7.56214259238248e-07
7.562142595138614e-07
7.562142594524473e-07
7.562142594658214e-07
7.562142598712713e-07
7.562142595813e-07
7.562142595969136e-07
7.562142595817734e-07
7.562142595927771e-07
7.562142595996609e-07
7.562142595053533e-07
7.562142599482736e-07
7.5621425958875e-07
7.562142594496367e-07
7.56214259918559e-07
7.562142595611496e-07
7.562142598421506e-07
7.56214259550249e-07
7.562142595554891e-07
7.562142594851459e-07
7.562142596487827e-07
7.562142600034003e-07
7.562142594649323e-07
7.562142594203384e-07
6.76982527905123e-07
6.76982527905123e-07
6.76982527977731e-07
6.769825279388968e-07
6.769825279425277e-07
6.769825279796847e-07
6.769825280176056e-07
6.769825280239925e-07
6.769825280120546e-07
6.769825280234894e-07
6.769825279928574e-07
6.769825279764784e-07
6.769825280572953e-07
6.769825279662622e-07
6.769825279469567e-07
6.769825280051055e-07
6.76982527935713e-07
6.769825279251413e-07
6.769825279318115e-07
6.769825279417743e-07
6.769825278746453e-07
6.769825277725084e-07
6.769825275912848e-07
6.769825279588627e-07
6.769825279409007e-07
     fun: 6.821146593986648e-07
     jac: array([ 4.46752324e-09,  1.94198435e-09,  2.16603979e-09,  2.09395523e-09,
        7.05380643e-09,  7.46045714e-09,  6.67815669e-09,  7.43301598e-09,
        5.35332845e-09,  4.39640502e-09,  8.09493628e-09,  3.57444208e-09,
        2.49076493e-09,  4.64191885e-09,  1.55492330e-09, -5.50997470e-10,
        1.30867051e-09,  1.97324113e-09, -2.44912712e-09, -1.03126254e-08,
       -2.64427200e-08,  3.27066374e-09,  2.12813234e-09])
 message: 'Optimization terminated successfully.'
    nfev: 300
     nit: 12
    njev: 12
  status: 0
 success: True
       x: array([7.75102935, 5.45254606, 7.80033879, 1.54473066, 7.51974365,
       1.28726499, 8.17600715, 1.61610322, 7.88403184, 7.39423476,
       1.40751339, 7.78973135, 5.55697839, 1.39097429, 7.39574499,
       1.39386429, 7.31776193, 1.14055305, 8.16583095, 6.33380284,
       0.74960739, 5.34018329, 1.45110864])

========================================================

Final result:
7.751029350574651
5.452546061762861
7.800338786696046
1.5447306621481744
1.5447306621481744
1.5447306621481744
7.519743646041455
1.2872649858186975
8.176007152898457
1.6161032235520572
7.8840318417323445
7.3942347617581135
1.4075133902127914
1.4075133902127914
7.789731352505882
5.556978386202843
1.3909742861240424
1.3909742861240424
7.395744987835213
1.393864285984021
1.393864285984021
7.317761931517224
1.1405530497638414
8.165830945712115
6.333802837546693
6.333802837546693
0.7496073906929559
0.7496073906929559
0.7496073906929559
0.7496073906929559
5.340183291714044
1.4511086413846832
