3.9424706068142795e-07
3.9424706068142795e-07
3.942470609738898e-07
3.9424706088712874e-07
3.94247060963331e-07
3.942470615030185e-07
3.9424706102313973e-07
3.942470610436544e-07
3.9424706098531653e-07
3.942470609878629e-07
3.9424706095999104e-07
3.94247060908671e-07
3.942470614707171e-07
3.942470608500442e-07
3.9424706087571926e-07
3.942470608404657e-07
     fun: 3.9424706068142795e-07
     jac: array([1.96267820e-08, 1.38043461e-08, 1.89181932e-08, 5.51360095e-08,
       2.29318893e-08, 2.43086049e-08, 2.03936175e-08, 2.05645030e-08,
       1.86940525e-08, 1.52500235e-08, 5.29683000e-08, 1.13156453e-08,
       1.30386688e-08, 1.06728422e-08])
 message: 'Optimization terminated successfully.'
    nfev: 16
     nit: 1
    njev: 1
  status: 0
 success: True
       x: array([7.85749076, 5.61204994, 8.1085288 , 2.05446295, 7.67933473,
       1.56169957, 7.89332441, 1.92840407, 7.80971255, 7.42181828,
       2.04371061, 5.6920177 , 5.50819307, 1.58950271])

========================================================

Final result:
7.857490756720035
5.612049935675835
8.108528800065722
2.0544629547355178
2.0544629547355178
2.0544629547355178
7.679334725958579
1.5616995696521268
7.893324412907282
1.9284040663027906
7.809712548470372
7.421818281494293
2.0437106084345107
2.0437106084345107
2.0437106084345107
5.692017699483534
5.508193067743305
1.5895027077861117
