4.0193816469367247e-07
4.0193816469367247e-07
4.019381655075907e-07
4.019381649768736e-07
4.0193816499940356e-07
4.019381650229567e-07
4.0193816494855103e-07
4.019381649986637e-07
4.019381649597658e-07
4.019381649022011e-07
4.0193816489597e-07
4.0193816493055195e-07
4.019381652780343e-07
4.01938164862285e-07
4.019381650265e-07
4.019381650332723e-07
4.0193816499148925e-07
4.019381655478946e-07
4.019381524066125e-07
4.019381524066125e-07
4.019381532205309e-07
4.019381526898137e-07
4.019381527123434e-07
4.019381527358981e-07
4.0193815266149105e-07
4.019381527116044e-07
4.0193815267270566e-07
4.0193815261514e-07
4.019381526089107e-07
4.019381526434921e-07
4.0193815299097373e-07
4.019381525752245e-07
4.0193815273944026e-07
4.019381527462118e-07
4.01938152704429e-07
4.019381532608348e-07
4.019380909713348e-07
4.019380909713348e-07
4.019380917852517e-07
4.019380912545352e-07
4.01938091277065e-07
4.019380913006191e-07
4.01938091226213e-07
4.0193809127632573e-07
4.019380912374269e-07
4.019380911798624e-07
4.0193809117363225e-07
4.0193809120821337e-07
4.0193809155569525e-07
4.019380911399468e-07
4.0193809130416235e-07
4.0193809131093343e-07
4.019380912691511e-07
4.0193809182555624e-07
4.0193778379614783e-07
4.0193778379614783e-07
4.0193778461006205e-07
4.019377840793478e-07
4.019377841018777e-07
4.019377841254317e-07
4.0193778405102497e-07
4.0193778410113814e-07
4.0193778406223984e-07
4.019377840046743e-07
4.019377839984443e-07
4.0193778403302605e-07
4.019377843805056e-07
4.0193778396475884e-07
4.019377841289745e-07
4.0193778413574525e-07
4.0193778409396355e-07
4.01937784650367e-07
4.019362479419679e-07
4.019362479419679e-07
4.019362487558648e-07
4.019362482251613e-07
4.019362482476915e-07
4.019362482712457e-07
4.019362481968408e-07
4.0193624824695283e-07
4.0193624820805533e-07
4.0193624815049034e-07
4.019362481442597e-07
4.0193624817884154e-07
4.0193624852631256e-07
4.0193624811057513e-07
4.019362482747892e-07
4.0193624828156016e-07
4.019362482397781e-07
4.019362487961718e-07
4.0192856924719275e-07
4.0192856924719275e-07
4.0192857006100845e-07
4.019285695303598e-07
4.0192856955289165e-07
4.019285695764452e-07
4.0192856950204204e-07
4.019285695521528e-07
4.01928569513257e-07
4.0192856945569266e-07
4.019285694494638e-07
4.0192856948404343e-07
4.0192856983147274e-07
4.0192856941578137e-07
4.019285695799885e-07
4.0192856958675947e-07
4.0192856954497925e-07
4.019285701013275e-07
4.018901899221321e-07
4.018901899221321e-07
4.0189019073554113e-07
4.018901902051651e-07
4.018901902277038e-07
4.018901902512563e-07
4.018901901768654e-07
4.018901902269696e-07
4.018901901880821e-07
4.0189019013052323e-07
4.018901901242975e-07
4.018901901588714e-07
4.018901905060882e-07
4.0189019009062777e-07
4.0189019025480176e-07
4.0189019026157035e-07
4.0189019021980045e-07
4.018901907759137e-07
4.01698647224725e-07
4.01698647224725e-07
4.016986480360953e-07
4.016986475070832e-07
4.016986475296561e-07
4.016986475532012e-07
4.016986474788758e-07
4.0169864752894303e-07
4.0169864749009736e-07
4.0169864743256466e-07
4.0169864742636014e-07
4.0169864746090135e-07
4.0169864780705693e-07
4.016986473927512e-07
4.0169864755676023e-07
4.0169864756351765e-07
4.016986475217947e-07
4.016986480767428e-07
4.0074975798923496e-07
4.0074975798923496e-07
4.007497587904384e-07
4.007497582682286e-07
4.007497582909793e-07
4.0074975831448545e-07
4.0074975824048166e-07
4.007497582903651e-07
4.0074975825173396e-07
4.0074975819432625e-07
4.007497581882244e-07
4.007497582226071e-07
4.007497585634682e-07
4.0074975815492604e-07
4.007497583181104e-07
4.007497583248093e-07
4.00749758283325e-07
4.007497588324561e-07
3.9622176611032894e-07
3.9622176611032894e-07
3.962217668612982e-07
3.9622176637269485e-07
3.962217663963197e-07
3.962217664196349e-07
3.9622176634722277e-07
3.9622176639620155e-07
3.962217663586242e-07
3.9622176630183885e-07
3.9622176629624563e-07
3.962217663298431e-07
3.9622176664454584e-07
3.962217662644753e-07
3.9622176642358867e-07
3.962217664299949e-07
3.962217663896937e-07
3.9622176691008183e-07
3.784997607326708e-07
3.784997607326708e-07
3.784997612473052e-07
3.7849976091681447e-07
3.7849976094455146e-07
3.7849976096696576e-07
3.784997609020425e-07
3.78499760946764e-07
3.784997609141455e-07
3.7849976086029096e-07
3.784997608570849e-07
3.784997608869899e-07
3.784997610786252e-07
3.784997608325081e-07
3.7849976097246406e-07
3.7849976097750094e-07
3.7849976094275734e-07
3.7849976132792027e-07
3.600744261678864e-07
3.600744261678864e-07
3.600744261183498e-07
3.600744261652993e-07
3.600744262028537e-07
3.6007442622312005e-07
3.600744261760702e-07
3.6007442621063156e-07
3.600744261898503e-07
3.600744261429907e-07
3.6007442614548514e-07
3.600744261665737e-07
3.6007442606442674e-07
3.6007442613807784e-07
3.600744262323012e-07
3.6007442623406854e-07
3.6007442621259477e-07
3.600744262749543e-07
     fun: 3.612955750346531e-07
     jac: array([-5.49242429e-09, -4.25078639e-10,  2.07514717e-09,  3.41428930e-09,
        3.22891935e-10,  2.59776911e-09,  1.23770150e-09, -1.85588078e-09,
       -1.68294534e-09, -2.98424396e-10, -8.49966142e-09, -2.15013429e-09,
        4.02727807e-09,  4.13987067e-09,  2.73588796e-09,  4.90975438e-09])
 message: 'Optimization terminated successfully.'
    nfev: 216
     nit: 12
    njev: 12
  status: 0
 success: True
       x: array([0.96879412, 5.32847625, 7.78822938, 1.6560879 , 7.09561733,
       7.94505138, 1.85467327, 7.20243908, 5.297653  , 5.41773928,
       1.68111779, 1.35963638, 7.11108354, 1.3418279 , 7.07102089,
       1.53006519])

========================================================

Final result:
0.9687941153302262
0.9687941153302262
5.328476246978341
0.9687941153302262
7.788229379119715
1.6560878970071056
7.0956173297004925
7.945051377967862
1.8546732685997724
7.20243907625764
5.29765299820183
5.417739275386452
1.6811177875288412
1.6811177875288412
1.6811177875288412
1.3596363784370027
7.111083540263032
1.3418279037040313
7.071020893846603
1.5300651936876264
1.5300651936876264
1.5300651936876264
