4.67050917644
4.67050917644
4.6705091745
4.67050917579
4.67050917579
4.67050917578
4.67050917578
4.67050917581
4.67050917512
4.67050917579
4.67050917582
4.67050917513
4.67050917581
4.67050917517
4.67050917584
4.67050917524
4.67050917586
4.6705091753
4.67050917584
4.67050917582
4.67050917589
4.67050917485
4.58396885008
4.58396885008
4.58396884814
4.58396884943
4.58396884943
4.58396884942
4.58396884942
4.58396884945
4.58396884876
4.58396884943
4.58396884946
4.58396884877
4.58396884944
4.58396884881
4.58396884947
4.58396884888
4.5839688495
4.58396884894
4.58396884947
4.58396884945
4.58396884953
4.58396884848
4.15248193053
4.15248193053
4.15248192861
4.15248192989
4.15248192988
4.15248192987
4.15248192987
4.1524819299
4.15248192921
4.15248192988
4.15248192991
4.15248192922
4.1524819299
4.15248192926
4.15248192993
4.15248192933
4.15248192995
4.15248192939
4.15248192993
4.15248192991
4.15248192998
4.15248192894
2.05697883272
2.05697883272
2.05697883104
2.05697883215
2.05697883212
2.0569788321
2.05697883211
2.05697883213
2.05697883148
2.05697883211
2.05697883213
2.05697883149
2.05697883211
2.0569788315
2.05697883214
2.05697883157
2.05697883216
2.05697883162
2.05697883216
2.05697883214
2.05697883221
2.05697883124
8.36575589781
1.43824494347
1.43824494347
1.43824494541
1.43824494409
1.43824494401
1.438244944
1.43824494399
1.43824494396
1.43824494451
1.43824494397
1.43824494393
1.4382449445
1.43824494393
1.4382449444
1.4382449439
1.43824494433
1.43824494387
1.43824494427
1.43824494396
1.43824494398
1.43824494391
1.43824494478
0.886670578496
0.886670578496
0.886670578333
0.886670578414
0.886670578309
0.886670578284
0.886670578277
0.886670578283
0.886670578041
0.886670578265
0.886670578249
0.886670578046
0.886670578241
0.886670577968
0.886670578239
0.886670577987
0.886670578235
0.886670577985
0.886670578305
0.886670578311
0.886670578327
0.886670578011
0.853377209351
0.853377209351
0.853377210105
0.853377209572
0.853377209456
0.853377209433
0.853377209424
0.853377209414
0.853377209479
0.853377209408
0.853377209372
0.853377209479
0.853377209372
0.853377209376
0.853377209356
0.853377209363
0.85337720934
0.853377209333
0.853377209429
0.853377209445
0.853377209426
0.853377209577
0.843802623822
0.843802623822
0.843802624285
0.843802623946
0.843802623832
0.843802623808
0.8438026238
0.843802623794
0.843802623762
0.843802623786
0.843802623754
0.843802623764
0.843802623754
0.843802623669
0.843802623743
0.843802623668
0.843802623731
0.843802623647
0.843802623812
0.843802623825
0.843802623817
0.843802623818
0.842078483251
0.842078483251
0.842078483688
0.842078483367
0.842078483255
0.84207848323
0.842078483223
0.842078483217
0.842078483179
0.84207848321
0.842078483177
0.842078483183
0.842078483179
0.842078483091
0.842078483169
0.842078483091
0.842078483158
0.842078483073
0.842078483235
0.842078483247
0.842078483241
0.84207848323
0.832991206911
0.832991206911
0.83299120729
0.832991207009
0.832991206904
0.832991206879
0.832991206878
0.832991206866
0.832991206829
0.83299120687
0.832991206826
0.832991206842
0.832991206844
0.832991206763
0.832991206839
0.832991206771
0.832991206831
0.832991206761
0.832991206885
0.832991206897
0.832991206893
0.832991206867
0.805994276153
0.805994276153
0.80599427633
0.805994276192
0.805994276118
0.805994276095
0.80599427612
0.805994276082
0.805994276075
0.805994276134
0.805994276042
0.805994276124
0.805994276135
0.805994276108
0.805994276149
0.80599427615
0.805994276154
0.805994276176
0.805994276102
0.805994276111
0.805994276117
0.805994276062
0.801195651479
0.801195651479
0.801195651541
0.801195651486
0.801195651433
0.80119565141
0.801195651453
0.801195651398
0.801195651417
0.80119565148
0.80119565136
0.801195651489
0.801195651498
0.801195651511
0.801195651523
0.801195651573
0.801195651536
0.801195651622
0.801195651419
0.801195651427
0.801195651438
0.801195651378
0.800790610953
0.800790610953
0.800790611018
0.80079061096
0.800790610908
0.800790610885
0.800790610927
0.800790610874
0.800790610893
0.800790610954
0.800790610835
0.800790610963
0.800790610972
0.800790610985
0.800790610996
0.800790611046
0.800790611009
0.800790611094
0.800790610894
0.800790610902
0.800790610914
0.800790610858
0.798840728851
0.798840728851
0.798840728912
0.798840728858
0.798840728808
0.798840728785
0.798840728827
0.798840728776
0.798840728794
0.798840728852
0.798840728738
0.798840728861
0.798840728869
0.798840728882
0.798840728892
0.798840728939
0.798840728904
0.798840728984
0.798840728798
0.798840728806
0.79884072882
0.798840728778
0.791683674634
0.791683674634
0.791683674666
0.791683674634
0.791683674594
0.791683674571
0.791683674611
0.791683674572
0.791683674583
0.79168367463
0.791683674537
0.791683674633
0.791683674643
0.791683674648
0.791683674659
0.791683674691
0.791683674667
0.791683674722
0.791683674601
0.791683674607
0.791683674631
0.791683674652
0.78672300513
0.78672300513
0.786723005107
0.786723005117
0.786723005095
0.786723005073
0.786723005108
0.786723005093
0.786723005088
0.786723005117
0.786723005063
0.786723005107
0.786723005122
0.786723005113
0.786723005127
0.78672300513
0.786723005125
0.786723005135
0.786723005131
0.786723005134
0.786723005176
0.786723005308
0.786509831118
0.786509831118
0.786509831095
0.786509831104
0.786509831082
0.786509831061
0.786509831096
0.786509831081
0.786509831077
0.786509831105
0.786509831051
0.786509831095
0.78650983111
0.786509831101
0.786509831115
0.786509831118
0.786509831113
0.786509831122
0.786509831119
0.786509831122
0.786509831163
0.786509831294
0.785468850999
0.785468850999
0.785468850977
0.785468850986
0.785468850965
0.785468850944
0.785468850979
0.785468850962
0.785468850961
0.785468850987
0.785468850933
0.785468850979
0.785468850992
0.785468850985
0.785468850996
0.785468850999
0.785468850994
0.785468851002
0.785468851
0.785468851003
0.785468851043
0.785468851169
0.780909489059
0.780909489059
0.780909489039
0.780909489048
0.780909489029
0.78090948901
0.780909489045
0.780909489023
0.780909489036
0.780909489052
0.780909488995
0.780909489048
0.780909489056
0.780909489054
0.780909489056
0.780909489058
0.78090948905
0.780909489052
0.780909489057
0.780909489061
0.780909489095
0.780909489201
0.770634140366
0.770634140366
0.770634140356
0.770634140361
0.770634140354
0.770634140343
0.770634140379
0.770634140336
0.770634140408
0.77063414038
0.770634140313
0.770634140394
0.770634140379
0.770634140402
0.770634140362
0.770634140362
0.770634140343
0.770634140317
0.770634140351
0.770634140357
0.770634140367
0.770634140384
0.770264135985
0.770264135985
0.770264135977
0.770264135981
0.770264135976
0.770264135967
0.770264136003
0.770264135955
0.77026413604
0.770264136003
0.770264135933
0.770264136021
0.770264136001
0.770264136028
0.77026413598
0.770264135979
0.770264135958
0.770264135927
0.770264135967
0.770264135973
0.770264135978
0.770264135977
0.770182056628
0.770182056628
0.77018205662
0.770182056624
0.770182056619
0.77018205661
0.770182056647
0.770182056598
0.770182056684
0.770182056646
0.770182056577
0.770182056664
0.770182056644
0.770182056672
0.770182056623
0.770182056622
0.770182056601
0.770182056569
0.77018205661
0.770182056616
0.770182056621
0.770182056617
0.769686435801
0.769686435801
0.769686435794
0.769686435797
0.769686435793
0.769686435785
0.769686435821
0.769686435772
0.769686435859
0.76968643582
0.769686435751
0.769686435838
0.769686435817
0.769686435845
0.769686435797
0.769686435795
0.769686435774
0.769686435742
0.769686435783
0.769686435789
0.769686435793
0.769686435787
0.767255953739
0.767255953739
0.767255953733
0.767255953736
0.767255953733
0.767255953727
0.767255953759
0.767255953713
0.767255953797
0.767255953757
0.767255953694
0.767255953774
0.767255953754
0.76725595378
0.767255953735
0.767255953733
0.767255953715
0.767255953687
0.767255953722
0.767255953728
0.767255953731
0.767255953722
0.759175747349
0.759175747349
0.759175747345
0.759175747348
0.759175747348
0.759175747348
0.759175747364
0.759175747334
0.759175747393
0.759175747359
0.759175747322
0.759175747366
0.759175747355
0.759175747365
0.759175747344
0.759175747338
0.759175747336
0.75917574733
0.759175747338
0.759175747343
0.759175747342
0.759175747334
0.756412824539
0.756412824539
0.756412824537
0.756412824539
0.756412824542
0.756412824547
0.756412824547
0.756412824535
0.756412824563
0.756412824538
0.75641282453
0.756412824535
0.756412824534
0.756412824527
0.756412824533
0.756412824523
0.756412824539
0.756412824559
0.756412824536
0.756412824539
0.756412824537
0.756412824536
0.756397894872
0.756397894872
0.756397894869
0.756397894871
0.756397894874
0.756397894879
0.756397894879
0.756397894867
0.756397894894
0.756397894871
0.756397894862
0.756397894867
0.756397894866
0.756397894859
0.756397894866
0.756397894856
0.756397894871
0.756397894892
0.756397894868
0.756397894872
0.756397894871
0.756397894872
0.756379539758
0.756379539758
0.756379539755
0.756379539757
0.75637953976
0.756379539764
0.756379539764
0.756379539753
0.756379539779
0.756379539756
0.756379539747
0.756379539752
0.756379539752
0.756379539744
0.756379539752
0.756379539742
0.756379539758
0.756379539779
0.756379539755
0.756379539758
0.756379539758
0.756379539761
0.756349354602
0.756349354602
0.756349354599
0.756349354602
0.756349354604
0.756349354608
0.756349354608
0.756349354597
0.756349354622
0.7563493546
0.756349354591
0.756349354596
0.756349354597
0.756349354588
0.756349354597
0.756349354587
0.756349354603
0.756349354624
0.7563493546
0.756349354603
0.756349354603
0.756349354609
0.75625608923
0.75625608923
0.756256089226
0.756256089229
0.756256089231
0.756256089234
0.756256089234
0.756256089224
0.756256089245
0.756256089227
0.756256089218
0.756256089222
0.756256089224
0.756256089214
0.756256089224
0.756256089216
0.75625608923
0.756256089252
0.756256089228
0.756256089231
0.756256089233
0.756256089243
0.756049603589
0.756049603589
0.756049603584
0.756049603587
0.756049603588
0.75604960359
0.756049603591
0.756049603582
0.756049603598
0.756049603585
0.756049603576
0.756049603579
0.756049603582
0.756049603572
0.756049603584
0.756049603577
0.756049603589
0.75604960361
0.756049603587
0.75604960359
0.756049603594
0.75604960361
0.755604257877
0.755604257877
0.755604257872
0.755604257875
0.755604257875
0.755604257877
0.755604257876
0.75560425787
0.755604257877
0.755604257872
0.755604257865
0.755604257867
0.75560425787
0.755604257859
0.755604257874
0.755604257871
0.755604257877
0.755604257896
0.755604257876
0.755604257878
0.755604257885
0.755604257908
0.754935317947
0.754935317947
0.754935317942
0.754935317945
0.754935317944
0.754935317947
0.754935317943
0.754935317941
0.754935317939
0.754935317943
0.754935317937
0.754935317939
0.754935317941
0.75493531793
0.754935317946
0.754935317949
0.754935317945
0.75493531796
0.754935317947
0.754935317948
0.754935317956
0.75493531798
0.754362199494
0.754362199494
0.754362199491
0.754362199493
0.754362199493
0.754362199497
0.754362199491
0.75436219949
0.754362199484
0.754362199492
0.754362199488
0.754362199492
0.75436219949
0.754362199482
0.754362199495
0.754362199503
0.75436219949
0.754362199498
0.754362199493
0.754362199494
0.754362199499
0.754362199516
0.754163856433
0.754163856433
0.754163856431
0.754163856432
0.754163856434
0.75416385644
0.754163856432
0.75416385643
0.754163856427
0.754163856432
0.754163856429
0.754163856435
0.754163856431
0.754163856424
0.754163856434
0.754163856443
0.754163856427
0.754163856431
0.754163856431
0.754163856431
0.754163856434
0.75416385644
0.75413989629
0.75413989629
0.754139896289
0.75413989629
0.754139896292
0.754139896299
0.75413989629
0.754139896288
0.754139896288
0.754139896291
0.754139896288
0.754139896293
0.754139896289
0.754139896283
0.754139896291
0.7541398963
0.754139896284
0.754139896288
0.754139896288
0.754139896288
0.75413989629
0.754139896292
0.754137602152
0.754137602152
0.754137602151
0.754137602152
0.754137602155
0.754137602161
0.754137602153
0.75413760215
0.754137602151
0.754137602153
0.75413760215
0.754137602155
0.754137602151
0.754137602145
0.754137602153
0.754137602161
0.754137602146
0.754137602151
0.75413760215
0.75413760215
0.754137602152
0.754137602153
0.754134655153
0.754134655153
0.754134655152
0.754134655154
0.754134655156
0.754134655162
0.754134655154
0.754134655152
0.754134655153
0.754134655154
0.754134655151
0.754134655157
0.754134655152
0.754134655147
0.754134655154
0.754134655162
0.754134655147
0.754134655152
0.754134655151
0.754134655152
0.754134655153
0.754134655154
0.754125851989
0.754125851989
0.754125851987
0.754125851989
0.754125851991
0.754125851997
0.75412585199
0.754125851987
0.754125851989
0.754125851989
0.754125851986
0.754125851992
0.754125851987
0.754125851982
0.754125851989
0.754125851996
0.754125851983
0.754125851988
0.754125851986
0.754125851987
0.754125851988
0.754125851988
0.754104920336
0.754104920336
0.754104920335
0.754104920336
0.754104920338
0.754104920345
0.754104920337
0.754104920334
0.754104920338
0.754104920336
0.754104920333
0.754104920338
0.754104920334
0.754104920329
0.754104920336
0.754104920342
0.75410492033
0.754104920336
0.754104920333
0.754104920334
0.754104920335
0.754104920334
0.754053602184
0.754053602184
0.754053602183
0.754053602184
0.754053602187
0.754053602193
0.754053602186
0.754053602182
0.754053602188
0.754053602184
0.754053602181
0.754053602186
0.754053602182
0.754053602179
0.754053602183
0.754053602188
0.754053602179
0.754053602185
0.754053602181
0.754053602182
0.754053602182
0.754053602181
0.753949256326
0.753949256326
0.753949256326
0.753949256326
0.753949256329
0.753949256334
0.753949256329
0.753949256324
0.753949256332
0.753949256326
0.753949256324
0.753949256326
0.753949256325
0.753949256324
0.753949256325
0.753949256326
0.753949256321
0.753949256329
0.753949256323
0.753949256324
0.753949256324
0.753949256322
0.753791465221
0.753791465221
0.753791465221
0.753791465221
0.753791465223
0.753791465228
0.753791465223
0.753791465219
0.753791465227
0.75379146522
0.753791465219
0.753791465218
0.753791465221
0.753791465223
0.753791465219
0.753791465217
0.753791465217
0.753791465225
0.753791465218
0.753791465219
0.753791465219
0.753791465216
0.753661642684
0.753661642684
0.753661642685
0.753661642684
0.753661642685
0.753661642689
0.753661642685
0.753661642683
0.753661642687
0.753661642683
0.753661642684
0.753661642679
0.753661642685
0.75366164269
0.753661642682
0.753661642679
0.75366164268
0.753661642688
0.753661642681
0.753661642682
0.753661642683
0.753661642681
0.753617954539
0.753617954539
0.75361795454
0.75361795454
0.75361795454
0.753617954544
0.753617954539
0.753617954538
0.753617954539
0.753617954538
0.75361795454
0.753617954534
0.753617954541
0.753617954546
0.753617954538
0.753617954537
0.753617954535
0.753617954542
0.753617954537
0.753617954537
0.753617954539
0.753617954539
0.753612510571
0.753612510571
0.753612510572
0.753612510572
0.753612510572
0.753612510576
0.753612510571
0.75361251057
0.75361251057
0.75361251057
0.753612510572
0.753612510566
0.753612510573
0.753612510578
0.75361251057
0.75361251057
0.753612510567
0.753612510573
0.753612510569
0.753612510569
0.753612510571
0.753612510572
0.753611614749
     fun: 0.7536116147494877
     jac: array([  4.16561961e-05,   1.85444951e-05,   6.77034259e-05,
         2.86765397e-04,  -2.28360295e-05,  -6.93947077e-05,
        -1.08480453e-04,  -8.79466534e-05,   3.08528543e-05,
        -3.47852707e-04,   9.93087888e-05,   4.48808074e-04,
        -8.75741243e-05,  -9.73492861e-05,  -2.87659466e-04,
         1.23515725e-04,  -1.49823725e-04,  -1.42842531e-04,
        -1.63614750e-05,   7.26431608e-05])
 message: 'Optimization terminated successfully.'
    nfev: 1014
     nit: 46
    njev: 46
  status: 0
 success: True
       x: array([ 2.96234956,  1.55995211,  3.72067257,  4.52499267,  2.41273937,
        5.81921994,  4.21664908,  2.2992783 ,  8.36343823,  4.32508446,
        2.46233494,  5.17667226,  2.49726645,  4.34550748,  3.07947728,
        3.81805521,  4.01919481,  3.3781596 ,  1.8900707 ,  3.65548038])

========================================================

Final result:
2.9623495564
2.9623495564
1.55995211186
2.9623495564
3.72067256597
4.52499267127
2.4127393671
5.8192199445
4.21664907732
4.21664907732
2.29927830482
8.36343823432
4.32508445538
4.32508445538
2.46233494121
5.17667225925
5.17667225925
2.49726645363
4.34550748148
4.34550748148
3.0794772801
3.81805521147
3.81805521147
4.01919481011
3.37815960292
1.89007069535
3.65548038053
3.65548038053
3.65548038053
