4.5559295118375133e-07
4.5559295118375133e-07
4.555929519504357e-07
4.5559295144878895e-07
4.5559295147399427e-07
4.55592951477812e-07
4.5559295174407183e-07
4.5559295138609565e-07
4.5559295150675607e-07
4.555929515147496e-07
4.5559295146908513e-07
4.5559295200799894e-07
     fun: 4.5559295118375133e-07
     jac: array([5.14513161e-08, 1.77863733e-08, 1.94778735e-08, 1.97340775e-08,
       3.76024722e-08, 1.35790970e-08, 2.16764811e-08, 2.22129160e-08,
       1.91484268e-08, 5.53143202e-08])
 message: 'Optimization terminated successfully.'
    nfev: 12
     nit: 1
    njev: 1
  status: 0
 success: True
       x: array([1.31722991, 5.13028634, 7.36081334, 8.08922856, 1.83443351,
       5.61981052, 7.26741639, 1.55704322, 7.1551241 , 1.89772164])

========================================================

Final result:
1.3172299052183511
1.3172299052183511
5.1302863358250645
1.3172299052183511
7.360813337627491
8.0892285633999
1.834433508410621
1.834433508410621
5.619810520349156
7.267416388167698
1.5570432188481342
7.155124102111991
1.8977216387827618
1.8977216387827618
1.8977216387827618
