3.86743628378
3.86743628378
3.86743628224
3.86743628301
3.86743628301
3.867436283
3.86743628303
3.86743628302
3.86743628228
3.86743628303
3.86743628302
3.86743628305
3.86743628303
3.86743628302
3.86743628308
3.86743628173
3.7992304024
3.7992304024
3.79923040086
3.79923040163
3.79923040162
3.79923040161
3.79923040164
3.79923040163
3.79923040089
3.79923040164
3.79923040163
3.79923040166
3.79923040165
3.79923040163
3.7992304017
3.79923040035
3.45903357787
3.45903357787
3.45903357633
3.4590335771
3.4590335771
3.45903357709
3.45903357712
3.45903357711
3.45903357637
3.45903357712
3.45903357711
3.45903357714
3.45903357712
3.45903357711
3.45903357718
3.45903357584
1.79819602181
1.79819602181
1.79819602031
1.79819602106
1.79819602106
1.79819602104
1.79819602107
1.79819602108
1.79819602035
1.79819602107
1.79819602107
1.79819602108
1.79819602112
1.7981960211
1.79819602119
1.79819602002
6.52495764016
1.07757943553
1.07757943553
1.07757943657
1.07757943604
1.07757943604
1.07757943602
1.07757943603
1.07757943608
1.07757943654
1.077579436
1.07757943606
1.07757943598
1.07757943616
1.07757943617
1.07757943622
1.07757943767
0.736082532663
0.736082532663
0.73608253182
0.736082532228
0.736082532228
0.736082532193
0.736082532234
0.736082532284
0.736082531828
0.736082532209
0.736082532258
0.736082532208
0.736082532382
0.736082532369
0.73608253252
0.73608253235
0.673713473287
0.673713473287
0.673713473267
0.67371347326
0.673713473261
0.673713473224
0.673713473259
0.673713473323
0.673713473252
0.673713473225
0.67371347329
0.673713473213
0.673713473431
0.673713473428
0.673713473565
0.673713474231
0.664865916293
0.664865916293
0.664865916066
0.664865916162
0.664865916162
0.664865916125
0.664865916163
0.664865916222
0.664865916056
0.66486591613
0.66486591619
0.664865916121
0.66486591633
0.664865916324
0.664865916467
0.664865916929
0.660669611594
0.660669611594
0.660669611337
0.660669611447
0.660669611446
0.660669611408
0.660669611449
0.660669611503
0.660669611328
0.660669611416
0.66066961147
0.660669611409
0.660669611609
0.660669611603
0.660669611743
0.660669612155
0.63701401758
0.63701401758
0.637014017312
0.637014017425
0.637014017413
0.637014017376
0.637014017426
0.637014017449
0.637014017303
0.637014017394
0.637014017412
0.637014017394
0.63701401754
0.637014017538
0.637014017657
0.637014017911
0.599166419445
0.599166419445
0.599166419398
0.599166419386
0.599166419338
0.599166419304
0.599166419386
0.599166419291
0.599166419381
0.599166419357
0.599166419241
0.599166419382
0.599166419323
0.599166419337
0.599166419359
0.599166419222
0.596322075729
0.596322075729
0.596322075774
0.596322075716
0.59632207567
0.596322075636
0.596322075716
0.596322075626
0.596322075755
0.596322075685
0.596322075575
0.596322075708
0.59632207566
0.596322075675
0.596322075698
0.59632207567
0.595661612089
0.595661612089
0.595661612192
0.595661612105
0.595661612059
0.595661612025
0.595661612104
0.595661612015
0.595661612172
0.595661612073
0.595661611964
0.595661612096
0.595661612049
0.595661612065
0.595661612085
0.595661612113
0.595359893245
0.595359893245
0.595359893362
0.595359893268
0.595359893222
0.595359893189
0.595359893267
0.595359893178
0.595359893342
0.595359893236
0.595359893128
0.595359893259
0.595359893213
0.595359893228
0.595359893248
0.59535989329
0.59339070507
0.59339070507
0.593390705227
0.593390705113
0.593390705069
0.593390705037
0.593390705113
0.593390705026
0.593390705208
0.593390705082
0.593390704976
0.593390705104
0.593390705061
0.593390705077
0.593390705095
0.593390705178
0.585537680834
0.585537680834
0.585537681104
0.585537680938
0.585537680903
0.585537680877
0.585537680941
0.585537680864
0.585537681095
0.585537680912
0.585537680818
0.58553768093
0.585537680897
0.585537680914
0.585537680924
0.585537681132
0.575281384876
0.575281384876
0.575281385207
0.575281385016
0.575281384994
0.575281384979
0.575281385026
0.575281384962
0.575281385216
0.575281384999
0.575281384921
0.575281385015
0.575281384991
0.575281385009
0.57528138501
0.575281385299
0.556661790676
0.556661790676
0.556661790981
0.556661790817
0.556661790823
0.556661790829
0.556661790842
0.556661790804
0.556661791033
0.556661790822
0.556661790777
0.556661790833
0.556661790824
0.556661790843
0.556661790829
0.55666179114
0.544123102151
0.544123102151
0.544123102284
0.544123102217
0.544123102244
0.544123102267
0.544123102254
0.544123102234
0.544123102371
0.544123102241
0.544123102219
0.544123102251
0.544123102247
0.544123102264
0.544123102242
0.54412310242
0.540352805844
0.540352805844
0.540352805822
0.540352805835
0.540352805865
0.54035280589
0.540352805874
0.540352805855
0.540352805918
0.540352805863
0.540352805842
0.540352805875
0.540352805866
0.540352805882
0.540352805862
0.540352805894
0.540069040955
0.540069040955
0.540069040904
0.54006904093
0.540069040957
0.540069040979
0.540069040968
0.540069040945
0.540069040996
0.540069040956
0.540069040931
0.540069040968
0.540069040957
0.540069040973
0.540069040955
0.540069040954
0.540029665629
0.540029665629
0.540029665577
0.540029665602
0.540029665628
0.54002966565
0.54002966564
0.540029665617
0.540029665666
0.540029665628
0.540029665602
0.54002966564
0.540029665628
0.540029665644
0.540029665627
0.540029665623
0.539898564651
0.539898564651
0.539898564599
0.539898564623
0.539898564647
0.539898564668
0.539898564658
0.539898564634
0.539898564681
0.539898564646
0.53989856462
0.539898564658
0.539898564646
0.539898564662
0.539898564646
0.539898564637
0.539636016141
0.539636016141
0.539636016093
0.539636016114
0.539636016133
0.539636016152
0.539636016144
0.53963601612
0.539636016161
0.53963601613
0.539636016105
0.539636016141
0.539636016132
0.539636016147
0.539636016133
0.539636016117
0.539115173938
0.539115173938
0.539115173903
0.539115173915
0.539115173927
0.539115173943
0.539115173933
0.539115173914
0.539115173941
0.539115173919
0.5391151739
0.539115173928
0.539115173925
0.539115173938
0.539115173926
0.539115173905
0.538479631189
0.538479631189
0.538479631176
0.538479631176
0.53847963118
0.538479631196
0.538479631179
0.538479631168
0.538479631177
0.538479631165
0.538479631158
0.538479631169
0.538479631176
0.538479631188
0.538479631178
0.538479631157
0.538084351014
0.538084351014
0.538084351022
0.538084351011
0.538084351013
0.53808435103
0.538084351005
0.538084351003
0.538084351
0.538084350992
0.538084350996
0.538084350992
0.538084351009
0.538084351019
0.538084351008
0.538084350997
0.537988499966
0.537988499966
0.537988499979
0.537988499967
0.537988499971
0.537988499989
0.537988499961
0.537988499962
0.537988499957
0.537988499948
0.537988499956
0.537988499947
0.537988499966
0.537988499976
0.537988499965
0.537988499961
0.537972953744
0.537972953744
0.537972953756
0.537972953744
0.53797295375
0.537972953768
0.53797295374
0.537972953741
0.537972953738
0.537972953727
0.537972953736
0.537972953727
0.537972953746
0.537972953756
0.537972953743
0.537972953742
0.537958669031
0.537958669031
0.537958669042
0.537958669031
0.537958669038
0.537958669056
0.537958669029
0.537958669029
0.537958669028
0.537958669016
0.537958669024
0.537958669016
0.537958669034
0.537958669044
0.537958669031
0.537958669031
0.537915792714
0.537915792714
0.537915792723
0.537915792713
0.537915792721
0.537915792741
0.537915792713
0.537915792714
0.537915792715
0.537915792701
0.537915792708
0.537915792702
0.537915792718
0.537915792728
0.537915792715
0.537915792718
0.53781956429
0.53781956429
0.537819564295
0.537819564288
0.537819564299
0.537819564318
0.537819564292
0.537819564292
0.537819564296
0.537819564281
0.537819564287
0.537819564283
0.537819564296
0.537819564306
0.537819564293
0.537819564299
0.537607277697
0.537607277697
0.537607277698
0.537607277694
0.537607277707
0.537607277725
0.537607277703
0.537607277701
0.53760727771
0.537607277695
0.537607277698
0.537607277699
0.537607277704
0.537607277713
0.537607277702
0.537607277712
0.537266092393
0.537266092393
0.537266092389
0.537266092387
0.537266092401
0.537266092417
0.537266092401
0.537266092398
0.53726609241
0.537266092397
0.537266092398
0.537266092405
0.5372660924
0.537266092406
0.537266092399
0.537266092411
0.536940741217
0.536940741217
0.536940741214
0.53694074121
0.536940741222
0.536940741232
0.536940741223
0.53694074122
0.536940741229
0.536940741224
0.536940741223
0.536940741234
0.53694074122
0.536940741223
0.536940741221
0.536940741232
0.536808973145
0.536808973145
0.536808973145
0.536808973138
0.536808973145
0.536808973152
0.536808973146
0.536808973144
0.536808973146
0.536808973148
0.536808973148
0.536808973158
0.536808973142
0.536808973143
0.536808973146
0.536808973151
0.536789965041
0.536789965041
0.536789965044
0.536789965035
0.53678996504
0.536789965046
0.53678996504
0.536789965038
0.536789965037
0.536789965041
0.536789965042
0.536789965051
0.536789965037
0.536789965038
0.536789965041
0.536789965044
0.536788053805
0.536788053805
0.536788053809
0.536788053799
0.536788053804
0.536788053811
0.536788053804
0.536788053802
0.536788053801
0.536788053805
0.536788053806
0.536788053814
0.536788053801
0.536788053802
0.536788053805
0.536788053807
0.536786026536
0.536786026536
0.536786026539
0.53678602653
0.536786026534
0.536786026541
0.536786026534
0.536786026533
0.536786026531
0.536786026535
0.536786026536
0.536786026544
0.536786026531
0.536786026533
0.536786026535
0.536786026537
0.536779556777
0.536779556777
0.536779556781
0.536779556771
0.536779556776
0.536779556782
0.536779556775
0.536779556773
0.536779556771
0.536779556775
0.536779556777
0.536779556783
0.536779556772
0.536779556774
0.536779556776
0.536779556777
0.536764193613
0.536764193613
0.536764193619
0.536764193608
0.536764193612
0.536764193619
0.536764193611
0.53676419361
0.536764193607
0.53676419361
0.536764193613
0.536764193618
0.536764193609
0.536764193611
0.536764193612
0.536764193613
0.536724498539
0.536724498539
0.536724498546
0.536724498535
0.536724498538
0.536724498546
0.536724498536
0.536724498535
0.536724498532
0.536724498533
0.536724498538
0.53672449854
0.536724498535
0.536724498537
0.536724498538
0.536724498537
0.536633458359
0.536633458359
0.536633458367
0.536633458355
0.536633458357
0.536633458365
0.536633458354
0.536633458355
0.53663345835
0.536633458349
0.536633458357
0.536633458354
0.536633458354
0.536633458357
0.536633458357
0.536633458354
0.536454771896
0.536454771896
0.536454771906
0.536454771893
0.536454771894
0.536454771901
0.536454771891
0.536454771892
0.536454771888
0.536454771882
0.536454771895
0.536454771885
0.536454771892
0.536454771895
0.536454771893
0.536454771889
0.536215212017
0.536215212017
0.536215212026
0.536215212013
0.536215212015
0.536215212019
0.536215212012
0.536215212014
0.536215212014
0.536215212001
0.536215212019
0.536215212002
0.536215212013
0.536215212016
0.536215212014
0.53621521201
0.536050514601
0.536050514601
0.536050514606
0.536050514595
0.536050514598
0.5360505146
0.536050514599
0.5360505146
0.536050514605
0.536050514587
0.536050514607
0.53605051459
0.536050514598
0.536050514599
0.536050514599
0.536050514597
0.536006189837
0.536006189837
0.53600618984
0.53600618983
0.536006189834
0.536006189834
0.536006189837
0.536006189837
0.536006189844
0.536006189827
0.536006189846
0.536006189831
0.536006189834
0.536006189835
0.536006189836
0.536006189836
0.536000849871
0.536000849871
0.536000849873
0.536000849864
0.536000849868
0.536000849868
0.536000849871
0.536000849872
0.536000849879
0.536000849862
0.53600084988
0.536000849867
0.536000849868
0.536000849869
0.53600084987
0.536000849871
0.53599866106
0.53599866106
0.535998661061
0.535998661052
0.535998661057
0.535998661057
0.53599866106
0.53599866106
0.535998661068
0.535998661052
0.535998661069
0.535998661057
0.535998661057
0.535998661057
0.535998661059
0.53599866106
0.535991389273
0.535991389273
0.535991389274
0.535991389265
0.53599138927
0.53599138927
0.535991389273
0.535991389273
0.535991389281
0.535991389265
0.535991389282
0.535991389271
0.53599138927
0.53599138927
0.535991389272
0.535991389273
0.535974730804
0.535974730804
0.535974730805
0.535974730796
0.535974730801
0.535974730801
0.535974730804
0.535974730804
0.535974730811
0.535974730798
0.535974730813
0.535974730804
0.535974730801
0.535974730801
0.535974730803
0.535974730805
0.535930710582
0.535930710582
0.535930710582
0.535930710574
0.53593071058
0.53593071058
0.535930710583
0.535930710583
0.535930710589
0.535930710578
0.535930710591
0.535930710585
0.53593071058
0.53593071058
0.535930710582
0.535930710584
0.535828099193
0.535828099193
0.535828099193
0.535828099185
0.535828099191
0.535828099192
0.535828099195
0.535828099194
0.535828099199
0.535828099193
0.535828099201
0.535828099201
0.535828099192
0.535828099192
0.535828099194
0.535828099197
0.535616205135
0.535616205135
0.535616205134
0.535616205127
0.535616205133
0.535616205134
0.535616205137
0.535616205136
0.535616205139
0.535616205139
0.535616205141
0.535616205149
0.535616205135
0.535616205137
0.535616205136
0.53561620514
0.535302582808
0.535302582808
0.535302582808
0.535302582801
0.535302582806
0.535302582806
0.53530258281
0.535302582808
0.535302582808
0.535302582816
0.535302582811
0.535302582825
0.53530258281
0.535302582815
0.53530258281
0.535302582812
0.535048786425
0.535048786425
0.535048786426
0.535048786418
0.535048786422
0.53504878642
0.535048786425
0.535048786424
0.535048786422
0.535048786431
0.535048786425
0.535048786437
0.535048786429
0.535048786436
0.535048786426
0.535048786425
0.534965362473
0.534965362473
0.534965362476
0.534965362468
0.53496536247
0.534965362468
0.534965362473
0.534965362473
0.53496536247
0.534965362475
0.534965362473
0.53496536248
0.534965362478
0.534965362487
0.534965362474
0.534965362471
0.534955091532
0.534955091532
0.534955091535
0.534955091526
0.534955091528
0.534955091526
0.534955091531
0.534955091531
0.534955091529
0.534955091532
0.534955091532
0.534955091536
0.534955091536
0.534955091545
0.534955091532
0.534955091529
0.534953120844
0.534953120844
0.534953120848
0.534953120839
0.534953120841
0.534953120838
0.534953120843
0.534953120844
0.534953120842
0.534953120844
0.534953120844
0.534953120847
0.534953120848
0.534953120857
0.534953120844
0.534953120841
0.534948484014
0.534948484014
0.534948484017
0.534948484008
0.534948484011
0.534948484008
0.534948484013
0.534948484014
0.534948484012
0.534948484013
0.534948484014
0.534948484017
0.534948484018
0.534948484026
0.534948484014
0.534948484011
0.534936916048
0.534936916048
0.534936916051
0.534936916042
0.534936916044
0.534936916042
0.534936916046
0.534936916047
0.534936916046
0.534936916046
0.534936916049
0.534936916049
0.534936916051
0.534936916059
0.534936916048
0.534936916044
0.534907033165
0.534907033165
0.534907033169
0.53490703316
0.534907033162
0.53490703316
0.534907033164
0.534907033165
0.534907033165
0.534907033162
0.534907033167
0.534907033165
0.534907033168
0.534907033176
0.534907033165
0.534907033162
0.534832251398
0.534832251398
0.534832251401
0.534832251392
0.534832251395
0.534832251393
0.534832251396
0.534832251398
0.534832251398
0.534832251393
0.5348322514
0.534832251395
0.5348322514
0.534832251406
0.534832251397
0.534832251394
0.534660104471
0.534660104471
0.534660104475
0.534660104466
0.534660104468
0.534660104467
0.53466010447
0.534660104471
0.534660104474
0.534660104464
0.534660104475
0.534660104464
0.534660104472
0.534660104476
0.53466010447
0.534660104467
0.534327825572
0.534327825572
0.534327825575
0.534327825568
0.53432782557
0.534327825569
0.534327825571
0.534327825572
0.534327825576
0.534327825563
0.534327825577
0.534327825562
0.534327825571
0.534327825572
0.534327825571
0.534327825569
0.533895282606
0.533895282606
0.533895282608
0.533895282603
0.533895282605
0.533895282605
0.533895282605
0.533895282606
0.53389528261
0.533895282598
0.53389528261
0.533895282594
0.533895282603
0.533895282602
0.533895282605
0.533895282604
0.533613522649
0.533613522649
0.53361352265
0.533613522648
0.533613522649
0.53361352265
0.533613522649
0.533613522649
0.533613522652
0.533613522646
0.533613522652
0.533613522642
0.533613522647
0.533613522646
0.533613522649
0.533613522649
0.53354504161
0.53354504161
0.53354504161
0.533545041608
0.53354504161
0.53354504161
0.53354504161
0.533545041609
0.53354504161
0.53354504161
0.53354504161
0.533545041607
0.533545041609
0.533545041608
0.533545041609
0.53354504161
0.533539848905
0.533539848905
0.533539848905
0.533539848904
0.533539848905
0.533539848905
0.533539848905
0.533539848905
0.533539848905
0.533539848907
0.533539848905
0.533539848904
0.533539848905
0.533539848905
0.533539848905
0.533539848905
     fun: 0.533539848904909
     jac: array([  2.60397792e-05,  -8.09878111e-05,  -2.47359276e-06,
         1.64657831e-05,   2.61068344e-05,  -1.06245279e-05,
        -4.32878733e-06,   1.13278627e-04,   2.63750553e-06,
        -8.91909003e-05,  -2.56896019e-05,  -1.31204724e-05,
         1.59442425e-06,   6.00516796e-06])
 message: 'Optimization terminated successfully.'
    nfev: 1105
     nit: 69
    njev: 69
  status: 0
 success: True
       x: array([ 1.38537679,  8.98015674,  5.88565622,  2.49701971,  3.4929374 ,
        7.8627384 ,  3.58813925,  7.98777444,  7.07296872,  0.83673544,
        5.82548654,  2.2140052 ,  2.29496802,  3.51386159])

========================================================

Final result:
1.38537679419
8.98015674279
1.38537679419
5.88565621659
2.49701970986
3.49293739954
7.862738396
3.58813924804
3.58813924804
7.98777444416
7.07296872174
0.836735440532
5.8254865391
2.21400520354
2.29496802061
3.51386158983
3.51386158983
3.51386158983
