4.48087637942
4.48087637942
4.48087637876
4.48087637875
4.4808763788
4.48087637759
4.48087637874
4.48087637874
4.48087637874
4.48087637873
4.48087637875
4.48087637874
4.48087637807
4.48087637879
4.48087637874
4.48087637881
4.48087637874
4.48087637875
4.42996490025
4.42996490025
4.42996489959
4.42996489958
4.42996489963
4.42996489843
4.42996489958
4.42996489957
4.42996489957
4.42996489956
4.42996489958
4.42996489957
4.42996489891
4.42996489962
4.42996489958
4.42996489965
4.42996489957
4.42996489958
4.17616738111
4.17616738111
4.17616738046
4.17616738045
4.1761673805
4.17616737931
4.17616738044
4.17616738043
4.17616738043
4.17616738042
4.17616738044
4.17616738043
4.17616737976
4.17616738048
4.17616738044
4.1761673805
4.17616738043
4.17616738044
2.93408878408
2.93408878408
2.93408878345
2.93408878344
2.93408878352
2.93408878245
2.93408878343
2.93408878343
2.9340887834
2.93408878339
2.93408878341
2.9340887834
2.93408878273
2.93408878343
2.9340887834
2.93408878345
2.9340887834
2.9340887834
3.71469785284
1.07563243467
1.07563243467
1.07563243477
1.0756324347
1.07563243495
1.07563243565
1.07563243468
1.07563243472
1.07563243455
1.07563243452
1.0756324345
1.0756324345
1.07563243435
1.0756324344
1.07563243448
1.07563243437
1.07563243449
1.07563243446
1.07036268047
1.07036268047
1.07036268049
1.07036268043
1.07036268068
1.07036268123
1.07036268041
1.07036268045
1.07036268028
1.07036268025
1.07036268023
1.07036268023
1.07036268001
1.07036268014
1.07036268021
1.07036268011
1.07036268022
1.07036268019
1.05338516992
1.05338516992
1.05338516995
1.05338516989
1.05338517013
1.05338517068
1.05338516987
1.0533851699
1.05338516974
1.05338516971
1.05338516969
1.05338516969
1.05338516948
1.0533851696
1.05338516968
1.05338516957
1.05338516968
1.05338516965
0.973855956499
0.973855956499
0.973855956516
0.973855956453
0.973855956686
0.973855957186
0.973855956444
0.973855956483
0.973855956328
0.973855956297
0.97385595629
0.973855956289
0.973855956116
0.97385595619
0.97385595627
0.973855956171
0.973855956278
0.973855956255
0.749214991905
0.749214991905
0.749214991868
0.749214991813
0.749214991935
0.749214992046
0.749214991881
0.749214991914
0.74921499186
0.749214991828
0.749214991884
0.749214991859
0.749214991961
0.749214991751
0.74921499185
0.749214991776
0.749214991873
0.749214991881
0.743736891732
0.743736891732
0.74373689168
0.743736891632
0.743736891709
0.743736891689
0.74373689172
0.743736891749
0.74373689173
0.7437368917
0.743736891772
0.743736891742
0.743736891924
0.743736891638
0.743736891736
0.743736891676
0.743736891763
0.74373689178
0.742692321239
0.742692321239
0.742692321192
0.742692321142
0.742692321231
0.742692321245
0.742692321224
0.742692321255
0.742692321226
0.742692321196
0.742692321264
0.742692321235
0.742692321397
0.74269232113
0.742692321228
0.742692321164
0.742692321254
0.742692321269
0.742358887342
0.742358887342
0.742358887296
0.742358887245
0.742358887336
0.742358887356
0.742358887327
0.742358887357
0.742358887328
0.742358887297
0.742358887364
0.742358887336
0.742358887493
0.74235888723
0.742358887328
0.742358887264
0.742358887354
0.742358887369
0.740184446798
0.740184446798
0.740184446753
0.740184446702
0.740184446797
0.74018444683
0.740184446781
0.740184446811
0.740184446778
0.740184446749
0.740184446813
0.740184446785
0.740184446933
0.74018444668
0.740184446777
0.740184446713
0.740184446803
0.740184446816
0.728300544934
0.728300544934
0.728300544897
0.728300544849
0.728300544948
0.728300545018
0.728300544914
0.728300544943
0.728300544904
0.728300544877
0.72830054493
0.728300544906
0.728300545021
0.728300544803
0.728300544896
0.728300544833
0.728300544922
0.728300544932
0.684457747484
0.684457747484
0.684457747484
0.684457747458
0.684457747551
0.684457747735
0.684457747458
0.684457747472
0.684457747421
0.684457747415
0.68445774741
0.684457747406
0.684457747376
0.684457747329
0.684457747388
0.684457747348
0.684457747415
0.684457747412
0.662470262685
0.662470262685
0.662470262696
0.662470262688
0.662470262746
0.662470262905
0.662470262663
0.662470262664
0.662470262633
0.662470262641
0.662470262612
0.662470262616
0.662470262555
0.662470262559
0.662470262595
0.662470262579
0.662470262626
0.662470262621
0.643661538973
0.643661538973
0.643661538986
0.643661539005
0.643661538986
0.643661539012
0.643661538966
0.64366153895
0.643661538969
0.643661538995
0.643661538952
0.64366153896
0.643661538929
0.643661538929
0.64366153894
0.643661538961
0.643661538976
0.643661538977
0.642866161876
0.642866161876
0.642866161884
0.642866161901
0.642866161878
0.642866161877
0.642866161871
0.642866161856
0.64286616188
0.642866161904
0.642866161868
0.642866161874
0.642866161866
0.642866161841
0.642866161855
0.642866161876
0.642866161892
0.642866161894
0.642822737698
0.642822737698
0.642822737704
0.64282273772
0.642822737697
0.642822737693
0.642822737693
0.642822737678
0.642822737702
0.642822737726
0.642822737692
0.642822737697
0.642822737694
0.642822737663
0.642822737678
0.642822737698
0.642822737715
0.642822737718
0.642793409981
0.642793409981
0.642793409987
0.642793410003
0.64279340998
0.642793409974
0.642793409976
0.642793409962
0.642793409986
0.642793410009
0.642793409976
0.642793409981
0.64279340998
0.642793409947
0.642793409962
0.642793409982
0.642793409999
0.642793410002
0.642629206601
0.642629206601
0.642629206605
0.64262920662
0.642629206598
0.642629206587
0.642629206596
0.642629206583
0.642629206607
0.642629206629
0.642629206599
0.642629206602
0.642629206609
0.642629206569
0.642629206584
0.642629206605
0.64262920662
0.642629206624
0.642309295599
0.642309295599
0.642309295601
0.642309295614
0.642309295593
0.642309295578
0.642309295595
0.642309295583
0.642309295607
0.642309295627
0.642309295602
0.642309295602
0.642309295619
0.64230929557
0.642309295585
0.642309295607
0.642309295619
0.642309295623
0.641531361127
0.641531361127
0.641531361125
0.641531361134
0.641531361118
0.641531361095
0.641531361124
0.641531361115
0.641531361137
0.641531361154
0.641531361137
0.641531361131
0.641531361165
0.641531361104
0.641531361116
0.641531361145
0.641531361146
0.641531361148
0.640224327182
0.640224327182
0.640224327176
0.64022432718
0.640224327171
0.640224327146
0.64022432718
0.640224327175
0.640224327192
0.640224327205
0.640224327199
0.640224327184
0.640224327237
0.640224327169
0.640224327171
0.640224327214
0.640224327192
0.640224327192
0.63878646676
0.63878646676
0.638786466752
0.638786466751
0.638786466751
0.638786466732
0.638786466757
0.638786466756
0.638786466765
0.638786466775
0.638786466778
0.638786466753
0.638786466815
0.638786466756
0.638786466743
0.638786466805
0.638786466753
0.638786466748
0.638072295876
0.638072295876
0.638072295871
0.63807229587
0.638072295873
0.63807229587
0.638072295873
0.638072295874
0.638072295878
0.638072295888
0.638072295889
0.638072295861
0.638072295915
0.638072295875
0.638072295852
0.638072295925
0.638072295857
0.638072295848
0.637922356635
0.637922356635
0.637922356632
0.637922356633
0.637922356635
0.637922356637
0.637922356631
0.63792235663
0.637922356634
0.637922356645
0.637922356643
0.637922356617
0.63792235666
0.637922356632
0.637922356607
0.63792235668
0.637922356612
0.637922356603
0.637883738897
0.637883738897
0.637883738895
0.637883738896
0.637883738898
0.637883738904
0.637883738893
0.637883738892
0.637883738896
0.637883738908
0.637883738903
0.637883738879
0.637883738918
0.637883738893
0.637883738869
0.63788373894
0.637883738875
0.637883738865
0.637812615504
0.637812615504
0.637812615503
0.637812615505
0.637812615506
0.637812615513
0.6378126155
0.637812615498
0.637812615502
0.637812615515
0.637812615508
0.637812615486
0.637812615519
0.637812615498
0.637812615476
0.637812615545
0.637812615483
0.637812615474
0.63763322205
0.63763322205
0.637633222052
0.637633222056
0.637633222055
0.637633222068
0.637633222047
0.637633222045
0.637633222049
0.637633222063
0.637633222052
0.637633222034
0.63763322206
0.637633222042
0.637633222023
0.637633222087
0.637633222032
0.637633222024
0.63720471251
0.63720471251
0.637204712512
0.637204712517
0.637204712515
0.637204712529
0.637204712505
0.637204712502
0.637204712506
0.637204712521
0.637204712505
0.637204712493
0.637204712503
0.637204712496
0.637204712484
0.637204712538
0.637204712493
0.637204712488
0.636331935781
0.636331935781
0.636331935787
0.636331935792
0.63633193579
0.636331935813
0.636331935779
0.636331935775
0.636331935779
0.636331935793
0.636331935772
0.636331935771
0.636331935761
0.636331935763
0.636331935764
0.6363319358
0.636331935773
0.636331935771
0.635095578259
0.635095578259
0.635095578262
0.635095578264
0.635095578266
0.635095578284
0.635095578257
0.635095578256
0.635095578255
0.635095578266
0.635095578244
0.635095578256
0.635095578223
0.635095578236
0.635095578255
0.635095578269
0.635095578258
0.635095578262
0.634187603246
0.634187603246
0.634187603246
0.634187603242
0.634187603251
0.634187603267
0.634187603246
0.63418760325
0.634187603245
0.63418760325
0.634187603235
0.634187603251
0.634187603219
0.634187603226
0.634187603257
0.634187603258
0.634187603251
0.634187603259
0.633927762894
0.633927762894
0.633927762888
0.633927762881
0.633927762894
0.633927762898
0.633927762893
0.6339277629
0.633927762892
0.633927762894
0.633927762886
0.633927762899
0.633927762876
0.633927762878
0.633927762908
0.633927762911
0.633927762897
0.633927762904
0.633897850903
0.633897850903
0.633897850897
0.633897850889
0.633897850903
0.633897850909
0.633897850903
0.63389785091
0.633897850902
0.633897850904
0.633897850898
0.633897850908
0.633897850893
0.63389785089
0.633897850917
0.633897850924
0.633897850905
0.633897850912
0.633889340653
0.633889340653
0.633889340647
0.633889340639
0.633889340653
0.633889340656
0.633889340653
0.63388934066
0.633889340652
0.633889340654
0.633889340648
0.633889340658
0.633889340643
0.63388934064
0.633889340666
0.633889340675
0.633889340654
0.633889340661
0.633865401723
0.633865401723
0.633865401716
0.633865401708
0.633865401721
0.633865401723
0.633865401722
0.633865401729
0.633865401722
0.633865401723
0.633865401718
0.633865401726
0.633865401714
0.63386540171
0.633865401734
0.633865401745
0.633865401723
0.633865401728
0.633798050157
0.633798050157
0.633798050148
0.633798050141
0.633798050154
0.633798050152
0.633798050155
0.633798050162
0.633798050155
0.633798050156
0.633798050153
0.633798050158
0.63379805015
0.633798050144
0.633798050165
0.63379805018
0.633798050154
0.633798050159
0.633628213939
0.633628213939
0.633628213928
0.633628213921
0.633628213933
0.633628213926
0.633628213934
0.633628213941
0.633628213935
0.633628213937
0.633628213935
0.633628213936
0.633628213934
0.633628213926
0.633628213942
0.633628213963
0.633628213931
0.633628213934
0.633209191285
0.633209191285
0.633209191272
0.633209191266
0.633209191276
0.63320919126
0.633209191279
0.633209191285
0.63320919128
0.633209191283
0.633209191283
0.633209191277
0.633209191285
0.633209191273
0.633209191282
0.633209191311
0.633209191271
0.633209191271
0.632282536304
0.632282536304
0.632282536289
0.632282536284
0.63228253629
0.632282536264
0.632282536296
0.632282536302
0.632282536297
0.632282536301
0.632282536303
0.63228253629
0.632282536311
0.632282536292
0.632282536293
0.63228253633
0.63228253628
0.632282536276
0.630653317088
0.630653317088
0.630653317074
0.630653317072
0.630653317071
0.630653317035
0.63065331708
0.630653317086
0.630653317081
0.630653317087
0.630653317088
0.630653317069
0.6306533171
0.630653317075
0.630653317072
0.630653317107
0.630653317055
0.630653317045
0.628878160673
0.628878160673
0.628878160667
0.628878160669
0.62887816066
0.628878160627
0.628878160672
0.628878160678
0.628878160672
0.628878160679
0.628878160674
0.62887816066
0.628878160686
0.628878160658
0.628878160665
0.628878160679
0.628878160642
0.628878160629
0.627995128611
0.627995128611
0.627995128614
0.627995128618
0.627995128606
0.627995128587
0.627995128618
0.627995128625
0.627995128616
0.627995128623
0.627995128611
0.627995128608
0.627995128618
0.627995128594
0.627995128618
0.627995128605
0.62799512859
0.62799512858
0.627833519699
0.627833519699
0.627833519706
0.627833519709
0.627833519698
0.627833519688
0.627833519709
0.627833519716
0.627833519706
0.627833519712
0.627833519698
0.627833519702
0.627833519701
0.627833519681
0.627833519714
0.62783351969
0.627833519685
0.627833519678
0.627814364862
0.627814364862
0.627814364869
0.627814364872
0.627814364862
0.627814364854
0.627814364873
0.62781436488
0.62781436487
0.627814364875
0.627814364861
0.627814364867
0.627814364863
0.627814364844
0.627814364878
0.627814364853
0.62781436485
0.627814364844
0.627796146198
0.627796146198
0.627796146204
0.627796146207
0.627796146197
0.62779614619
0.627796146208
0.627796146215
0.627796146205
0.62779614621
0.627796146196
0.627796146202
0.627796146197
0.62779614618
0.627796146214
0.627796146188
0.627796146186
0.62779614618
0.62773751888
0.62773751888
0.627737518887
0.627737518889
0.627737518881
0.627737518876
0.627737518891
0.627737518898
0.627737518888
0.627737518893
0.627737518878
0.627737518886
0.627737518879
0.627737518862
0.627737518898
0.627737518872
0.627737518871
0.627737518866
0.627599636548
0.627599636548
0.627599636555
0.627599636556
0.627599636549
0.627599636548
0.627599636558
0.627599636565
0.627599636555
0.62759963656
0.627599636545
0.627599636555
0.627599636544
0.62759963653
0.627599636567
0.62759963654
0.627599636541
0.627599636538
0.62724868773
0.62724868773
0.627248687737
0.627248687737
0.627248687733
0.627248687737
0.62724868774
0.627248687748
0.627248687737
0.627248687741
0.627248687727
0.627248687739
0.627248687724
0.627248687714
0.627248687751
0.627248687724
0.627248687728
0.627248687728
0.626470575675
0.626470575675
0.626470575682
0.62647057568
0.626470575681
0.626470575691
0.626470575685
0.626470575692
0.626470575682
0.626470575683
0.626470575672
0.626470575687
0.626470575665
0.626470575662
0.626470575697
0.626470575672
0.62647057568
0.626470575684
0.625063710919
0.625063710919
0.625063710924
0.625063710921
0.625063710926
0.625063710942
0.625063710926
0.625063710933
0.625063710923
0.625063710922
0.625063710915
0.625063710931
0.625063710906
0.62506371091
0.625063710938
0.62506371092
0.625063710931
0.625063710939
0.623461494895
0.623461494895
0.623461494898
0.623461494895
0.623461494902
0.623461494916
0.6234614949
0.623461494905
0.623461494897
0.623461494894
0.623461494892
0.623461494903
0.623461494885
0.623461494893
0.623461494905
0.623461494899
0.623461494908
0.623461494918
0.622613954538
0.622613954538
0.622613954539
0.622613954538
0.622613954541
0.622613954547
0.62261395454
0.622613954545
0.622613954538
0.622613954535
0.622613954537
0.62261395454
0.622613954534
0.622613954539
0.622613954538
0.622613954541
0.622613954545
0.622613954552
0.622456113962
0.622456113962
0.622456113962
0.622456113962
0.622456113962
0.622456113962
0.622456113963
0.622456113967
0.622456113961
0.622456113959
0.622456113961
0.62245611396
0.62245611396
0.622456113962
0.622456113958
0.622456113963
0.622456113963
0.622456113967
0.622447027361
0.622447027361
0.622447027362
0.622447027362
0.622447027361
0.622447027359
0.622447027362
0.622447027367
0.62244702736
0.622447027359
0.622447027361
0.622447027359
0.62244702736
0.622447027361
0.622447027357
0.622447027362
0.622447027361
0.622447027364
     fun: 0.6224470273608033
     jac: array([  6.16386533e-05,   8.98540020e-05,  -2.17556953e-06,
        -9.07182693e-05,   1.00530684e-04,   4.02756035e-04,
        -3.49357724e-05,  -1.44787133e-04,  -1.89766288e-05,
        -1.38260424e-04,  -3.21567059e-05,  -9.20891762e-06,
        -2.53997743e-04,   5.11333346e-05,  -8.35210085e-06,
         2.04622746e-04])
 message: 'Optimization terminated successfully.'
    nfev: 1027
     nit: 57
    njev: 57
  status: 0
 success: True
       x: array([  6.39402718,   9.050225  ,   2.37223082,   3.50222616,
         5.2980825 ,   3.17142507,   4.93296499,   1.57251691,
         5.70210213,   5.82682704,   3.0158347 ,  22.56016903,
         7.0295629 ,   1.49439785,   4.77545241,   3.27138163])

========================================================

Final result:
6.39402717751
9.05022500135
2.37223082081
3.50222615674
3.50222615674
3.50222615674
5.29808249962
3.17142507062
4.93296498846
1.57251690892
5.70210213477
5.82682704482
3.01583470192
3.01583470192
22.5601690346
7.02956289824
1.49439785062
4.77545241162
3.27138163294
