8.950614349180398e-07
8.950614349180398e-07
8.950614352652593e-07
8.950614351903174e-07
8.950614352008508e-07
8.950614357059429e-07
8.95061435359923e-07
8.95061435377446e-07
8.950614353823807e-07
8.95061435392787e-07
8.950614354100177e-07
8.950614353171454e-07
8.950614358930212e-07
8.95061435400276e-07
8.950614352412646e-07
8.95061435865282e-07
8.950614353667701e-07
8.950614357707656e-07
8.950614353512989e-07
8.950614353559089e-07
8.95061435280668e-07
8.950614355536322e-07
8.950614361289151e-07
8.950614352895011e-07
8.950614353085112e-07
8.950614351925023e-07
8.950614356567595e-07
8.950613964117118e-07
8.950613964117118e-07
8.95061396758922e-07
8.950613966839829e-07
8.95061396694518e-07
8.950613971996108e-07
8.950613968535904e-07
8.95061396871116e-07
8.950613968760504e-07
8.950613968864514e-07
8.950613969036842e-07
8.95061396810813e-07
8.950613973866858e-07
8.950613968939395e-07
8.950613967349365e-07
8.950613973589473e-07
8.950613968604412e-07
8.950613972644417e-07
8.950613968449685e-07
8.950613968495741e-07
8.950613967743419e-07
8.950613970473019e-07
8.9506139762258e-07
8.950613967831704e-07
8.950613968021767e-07
8.950613966861633e-07
8.950613971504235e-07
8.950612038814883e-07
8.950612038814883e-07
8.950612042287016e-07
8.95061204153774e-07
8.950612041643012e-07
8.950612046693914e-07
8.950612043233815e-07
8.950612043408951e-07
8.950612043458293e-07
8.950612043562333e-07
8.950612043734636e-07
8.950612042805942e-07
8.950612048564716e-07
8.950612043637235e-07
8.950612042047101e-07
8.950612048287299e-07
8.950612043302232e-07
8.950612047342155e-07
8.950612043147455e-07
8.950612043193521e-07
8.950612042441179e-07
8.950612045170805e-07
8.950612050923548e-07
8.950612042529473e-07
8.950612042719617e-07
8.950612041559492e-07
8.950612046202047e-07
8.950602412262659e-07
8.950602412262659e-07
8.950602415734797e-07
8.950602414985391e-07
8.950602415090753e-07
8.950602420141672e-07
8.950602416681449e-07
8.950602416856653e-07
8.950602416906023e-07
8.95060241701001e-07
8.950602417182395e-07
8.950602416253653e-07
8.950602422012433e-07
8.950602417084964e-07
8.950602415494922e-07
8.950602421734953e-07
8.95060241674992e-07
8.950602420789829e-07
8.950602416595129e-07
8.950602416641276e-07
8.950602415888883e-07
8.950602418618514e-07
8.950602424371306e-07
8.950602415977205e-07
8.950602416167325e-07
8.95060241500718e-07
8.950602419649722e-07
8.950554280379326e-07
8.950554280379326e-07
8.950554283851443e-07
8.950554283102067e-07
8.950554283207403e-07
8.950554288258236e-07
8.950554284798134e-07
8.950554284973289e-07
8.950554285022683e-07
8.950554285126679e-07
8.950554285298993e-07
8.95055428437028e-07
8.950554290129014e-07
8.950554285201568e-07
8.950554283611526e-07
8.950554289851613e-07
8.950554284866555e-07
8.950554288906462e-07
8.950554284711839e-07
8.950554284757929e-07
8.950554284005541e-07
8.9505542867351e-07
8.95055429248779e-07
8.950554284093893e-07
8.95055428428401e-07
8.950554283123824e-07
8.950554287766339e-07
8.950313632725108e-07
8.950313632725108e-07
8.950313636197045e-07
8.950313635447687e-07
8.950313635552944e-07
8.950313640603493e-07
8.950313637143704e-07
8.950313637318934e-07
8.950313637368253e-07
8.950313637472252e-07
8.950313637644474e-07
8.950313636715836e-07
8.950313642474248e-07
8.95031363754706e-07
8.950313635957178e-07
8.950313642196824e-07
8.950313637212165e-07
8.950313641251669e-07
8.950313637057372e-07
8.950313637103403e-07
8.950313636351055e-07
8.950313639080367e-07
8.950313644832553e-07
8.950313636439502e-07
8.950313636629525e-07
8.950313635469552e-07
8.950313640111671e-07
8.949110720684608e-07
8.949110720684608e-07
8.949110724155419e-07
8.949110723406228e-07
8.949110723511515e-07
8.949110728560214e-07
8.949110725101901e-07
8.949110725277129e-07
8.949110725326422e-07
8.949110725430414e-07
8.949110725602554e-07
8.949110724674181e-07
8.949110730430796e-07
8.949110725505035e-07
8.949110723915569e-07
8.949110730153203e-07
8.949110725170124e-07
8.949110729208219e-07
8.949110725015382e-07
8.94911072506149e-07
8.949110724309156e-07
8.949110727037128e-07
8.949110732786682e-07
8.949110724397811e-07
8.949110724587893e-07
8.949110723428039e-07
8.9491107280685e-07
8.943104515919887e-07
8.943104515919887e-07
8.94310451938553e-07
8.943104518636874e-07
8.943104518742205e-07
8.943104523782023e-07
8.943104520331239e-07
8.943104520506182e-07
8.943104520555386e-07
8.943104520659466e-07
8.94310452083075e-07
8.943104519903816e-07
8.943104525651539e-07
8.94310452073301e-07
8.943104519145841e-07
8.943104525373625e-07
8.943104520398085e-07
8.943104524428916e-07
8.943104520243595e-07
8.94310452028982e-07
8.943104519537646e-07
8.943104522259047e-07
8.943104527995471e-07
8.943104519627855e-07
8.943104519817691e-07
8.94310451865883e-07
8.943104523290858e-07
8.91328013846392e-07
8.91328013846392e-07
8.91328014190357e-07
8.913280141157461e-07
8.913280141263013e-07
8.913280146258592e-07
8.913280142845098e-07
8.913280143019236e-07
8.913280143067688e-07
8.913280143171775e-07
8.913280143339059e-07
8.913280142419456e-07
8.913280148122796e-07
8.913280143239956e-07
8.913280141664383e-07
8.913280147843122e-07
8.913280142905405e-07
8.913280146899832e-07
8.913280142752101e-07
8.91328014279889e-07
8.913280142047426e-07
8.913280144736316e-07
8.913280150407e-07
8.913280142144992e-07
8.913280142333954e-07
8.913280141180191e-07
8.913280145770199e-07
8.769259186689334e-07
8.769259186689334e-07
8.769259189999776e-07
8.769259189266639e-07
8.769259189372848e-07
8.76925919414919e-07
8.769259190920867e-07
8.769259191090434e-07
8.769259191135289e-07
8.769259191240024e-07
8.769259191387216e-07
8.76925919050382e-07
8.769259195987526e-07
8.769259191281436e-07
8.76925918976323e-07
8.769259195699218e-07
8.76925919094867e-07
8.769259194762889e-07
8.76925919080133e-07
8.769259190850892e-07
8.769259190102957e-07
8.769259192630543e-07
8.769259197975586e-07
8.769259190237137e-07
8.76925919042127e-07
8.769259189293047e-07
8.769259193674899e-07
8.167906018642634e-07
8.167906018642634e-07
8.167906021336301e-07
8.167906020664964e-07
8.167906020774478e-07
8.167906024503099e-07
8.167906022159463e-07
8.167906022307422e-07
8.167906022335215e-07
8.167906022442786e-07
8.167906022493937e-07
8.167906021783584e-07
8.167906026217886e-07
8.167906022356482e-07
8.167906021112263e-07
8.167906025887911e-07
8.167906022032108e-07
8.167906024984972e-07
8.167906021912957e-07
8.167906021975993e-07
8.167906021244867e-07
8.167906023001495e-07
8.167906026790838e-07
8.167906021554022e-07
8.167906021715745e-07
8.167906020709149e-07
8.167906024095875e-07
7.193159765746374e-07
7.193159765746374e-07
7.193159766278338e-07
7.193159765823616e-07
7.193159765944708e-07
7.193159766002104e-07
7.193159766758578e-07
7.193159766830678e-07
7.193159766798736e-07
7.19315976691621e-07
7.193159766630782e-07
7.193159766526886e-07
7.193159767283578e-07
7.193159766382142e-07
7.193159766098299e-07
7.193159766807786e-07
7.193159766087482e-07
7.193159766021995e-07
7.193159766067079e-07
7.193159766177142e-07
7.193159765504865e-07
7.19315976456007e-07
7.193159762897548e-07
7.193159766427493e-07
7.193159766510342e-07
7.193159765929936e-07
7.193159765829681e-07
     fun: 7.256811421344335e-07
     jac: array([ 3.15996118e-09,  1.96862970e-10,  9.97054883e-10, -1.07489484e-09,
        6.27100860e-09,  6.73416878e-09,  6.51399290e-09,  7.29006189e-09,
        5.35423794e-09,  4.76666884e-09,  8.01348676e-09,  3.69715281e-09,
        1.98006944e-09,  4.88599738e-09,  1.75927539e-09, -1.64142477e-10,
        1.64062186e-09,  2.37380249e-09, -2.04893524e-09, -9.46216971e-09,
       -2.48373340e-08,  4.13228918e-09,  4.66583572e-09,  9.07782294e-10,
       -2.05776729e-09])
 message: 'Optimization terminated successfully.'
    nfev: 324
     nit: 12
    njev: 12
  status: 0
 success: True
       x: array([7.67679058, 5.3392766 , 7.78688673, 1.56008721, 7.49733505,
       1.29080343, 8.51960775, 1.62787115, 8.03441836, 8.23096464,
       1.35065023, 7.9262593 , 5.58054569, 1.35781615, 7.50773275,
       1.35854712, 7.41834281, 1.13083195, 8.25843646, 6.36285678,
       0.71586586, 7.32404568, 1.22461102, 7.44576457, 1.53883003])

========================================================

Final result:
7.676790575209182
5.339276601724275
7.786886734614733
1.5600872104393728
1.5600872104393728
1.5600872104393728
7.497335053614883
1.2908034279711849
8.519607754131473
1.627871150640945
8.034418360279215
8.230964635166217
1.35065022531976
1.35065022531976
7.926259303942826
5.580545689280881
1.3578161531711697
1.3578161531711697
7.507732747646795
1.358547123035734
1.358547123035734
7.4183428103894675
1.1308319501325468
8.25843646361889
6.36285678033744
6.36285678033744
0.7158658611047481
0.7158658611047481
0.7158658611047481
0.7158658611047481
7.32404567789828
1.2246110169087978
7.445764571583484
1.5388300300937856
1.5388300300937856
1.5388300300937856
