1.4221574262657922e-06
1.4221574262657922e-06
1.4221574269479898e-06
1.4221574266083126e-06
1.4221574266706208e-06
1.4221574266896647e-06
1.4221574266789823e-06
1.4221574266337505e-06
1.4221574270899464e-06
1.4221574266559763e-06
1.4221574265533281e-06
1.4221574269643475e-06
1.4221574269222032e-06
1.42215742686343e-06
1.4221574267936854e-06
1.4221574265524136e-06
1.422157426531182e-06
1.422157426629268e-06
1.4221574266383122e-06
1.4221574265576658e-06
1.4221574270781326e-06
1.4221574043340048e-06
1.4221574043340048e-06
1.4221574050162079e-06
1.4221574046765337e-06
1.4221574047388382e-06
1.4221574047578806e-06
1.4221574047471944e-06
1.4221574047019641e-06
1.4221574051581606e-06
1.4221574047241886e-06
1.422157404621542e-06
1.4221574050325638e-06
1.4221574049904146e-06
1.4221574049316466e-06
1.422157404861907e-06
1.4221574046206248e-06
1.422157404599395e-06
1.4221574046974812e-06
1.4221574047065277e-06
1.4221574046258817e-06
1.4221574051463468e-06
1.4221572946745597e-06
1.4221572946745597e-06
1.4221572953567632e-06
1.4221572950170892e-06
1.4221572950793997e-06
1.4221572950984419e-06
1.4221572950877553e-06
1.4221572950425273e-06
1.4221572954987223e-06
1.4221572950647528e-06
1.4221572949621047e-06
1.422157295373123e-06
1.422157295330984e-06
1.4221572952722054e-06
1.4221572952024609e-06
1.4221572949611874e-06
1.4221572949399563e-06
1.4221572950380404e-06
1.4221572950470862e-06
1.422157294966438e-06
1.4221572954869073e-06
1.4221567463729087e-06
1.4221567463729087e-06
1.4221567470551078e-06
1.422156746715428e-06
1.4221567467777399e-06
1.4221567467967803e-06
1.4221567467860999e-06
1.4221567467408672e-06
1.422156747197059e-06
1.4221567467630923e-06
1.4221567466604448e-06
1.422156747071462e-06
1.4221567470293148e-06
1.4221567469705466e-06
1.4221567469007987e-06
1.4221567466595368e-06
1.4221567466382937e-06
1.4221567467363843e-06
1.4221567467454266e-06
1.4221567466647827e-06
1.4221567471852463e-06
1.4221540049338849e-06
1.4221540049338849e-06
1.4221540056160757e-06
1.4221540052764017e-06
1.4221540053387122e-06
1.4221540053577537e-06
1.4221540053470718e-06
1.422154005301838e-06
1.4221540057580323e-06
1.4221540053240623e-06
1.4221540052214153e-06
1.4221540056324308e-06
1.42215400559029e-06
1.4221540055315166e-06
1.4221540054617736e-06
1.4221540052205011e-06
1.4221540051992664e-06
1.4221540052973569e-06
1.4221540053064038e-06
1.4221540052257576e-06
1.4221540057462083e-06
1.4221402984499091e-06
1.4221402984499091e-06
1.4221402991320474e-06
1.4221402987924016e-06
1.4221402988547115e-06
1.422140298873754e-06
1.4221402988630698e-06
1.422140298817843e-06
1.4221402992740002e-06
1.422140298840065e-06
1.4221402987374182e-06
1.4221402991484117e-06
1.4221402991062648e-06
1.4221402990475013e-06
1.4221402989777659e-06
1.4221402987365146e-06
1.422140298715281e-06
1.4221402988133598e-06
1.4221402988224056e-06
1.4221402987417592e-06
1.4221402992621828e-06
1.4220717848712037e-06
1.4220717848712037e-06
1.4220717855530945e-06
1.4220717852135772e-06
1.4220717852758726e-06
1.4220717852949167e-06
1.4220717852842286e-06
1.4220717852390123e-06
1.4220717856950197e-06
1.4220717852612279e-06
1.422071785158608e-06
1.4220717855694684e-06
1.4220717855273123e-06
1.4220717854685908e-06
1.4220717853988646e-06
1.4220717851577062e-06
1.4220717851364904e-06
1.4220717852345326e-06
1.422071785243573e-06
1.4220717851629454e-06
1.422071785683156e-06
1.4217296982116418e-06
1.4217296982116418e-06
1.4217296988923082e-06
1.4217296985534022e-06
1.4217296986156803e-06
1.4217296986347072e-06
1.4217296986240048e-06
1.42172969857886e-06
1.421729699034089e-06
1.421729698601056e-06
1.4217296984985109e-06
1.421729698908742e-06
1.4217296988665414e-06
1.4217296988080256e-06
1.4217296987383836e-06
1.4217296984976893e-06
1.4217296984765253e-06
1.4217296985743813e-06
1.4217296985834003e-06
1.4217296985028494e-06
1.421729699022037e-06
1.4200311834176223e-06
1.4200311834176223e-06
1.4200311840921322e-06
1.4200311837563315e-06
1.420031183818458e-06
1.4200311838374527e-06
1.4200311838266545e-06
1.4200311837818422e-06
1.4200311842332161e-06
1.4200311838039155e-06
1.4200311837017908e-06
1.4200311841088772e-06
1.420031184066418e-06
1.4200311840089866e-06
1.420031183939705e-06
1.42003118370134e-06
1.4200311836804621e-06
1.4200311837773853e-06
1.4200311837863063e-06
1.420031183706148e-06
1.4200311842202012e-06
1.411832943532824e-06
1.411832943532824e-06
1.4118329441768254e-06
1.4118329438564102e-06
1.4118329439177743e-06
1.4118329439366123e-06
1.4118329439253447e-06
1.411832943882181e-06
1.4118329443144634e-06
1.4118329439036947e-06
1.4118329438036326e-06
1.41183294419513e-06
1.4118329441514246e-06
1.4118329440992992e-06
1.4118329440318292e-06
1.4118329438050054e-06
1.4118329437855322e-06
1.4118329438778708e-06
1.4118329438862933e-06
1.4118329438080653e-06
1.4118329442966843e-06
1.3776870494773027e-06
1.3776870494773027e-06
1.377687049975639e-06
1.3776870497286504e-06
1.377687049786435e-06
1.377687049804499e-06
1.3776870497909849e-06
1.3776870497557112e-06
1.3776870500968055e-06
1.377687049774501e-06
1.3776870496843434e-06
1.3776870500013347e-06
1.3776870499516873e-06
1.3776870499249046e-06
1.3776870498661038e-06
1.3776870496943947e-06
1.3776870496816367e-06
1.377687049752039e-06
1.3776870497581109e-06
1.3776870496890985e-06
1.3776870500562665e-06
1.3234546010297735e-06
1.3234546010297735e-06
1.323454601023194e-06
1.3234546010307573e-06
1.323454601076095e-06
1.3234546010914769e-06
1.3234546010701825e-06
1.3234546010622655e-06
1.3234546010872678e-06
1.3234546010716135e-06
1.3234546010157703e-06
1.3234546010745508e-06
1.3234546010042746e-06
1.3234546010653497e-06
1.3234546010365915e-06
1.3234546010559184e-06
1.32345460106645e-06
1.323454601060812e-06
1.3234546010587145e-06
1.3234546010216528e-06
1.3234546009678482e-06
     fun: 1.326500744637201e-06
     jac: array([-2.03895922e-09, -3.35006689e-10,  2.63460720e-09,  3.64458685e-09,
        2.22804886e-09,  1.74969728e-09,  1.92854088e-09,  2.35100117e-09,
       -1.27637634e-09,  1.36923006e-09, -3.24824612e-09,  9.88052307e-10,
       -7.78570097e-10,  1.41898227e-09,  2.15061391e-09,  1.65739777e-09,
        1.50605217e-09, -8.86700491e-10, -7.00900671e-09])
 message: 'Optimization terminated successfully.'
    nfev: 252
     nit: 12
    njev: 12
  status: 0
 success: True
       x: array([1.28141617, 7.66453456, 8.07837744, 1.68816457, 8.22539075,
       7.89879529, 1.59100281, 8.82805506, 5.44122971, 8.73006665,
       1.72064684, 8.8497768 , 1.98489695, 8.9028522 , 2.22079762,
       7.14108509, 1.24881237, 7.34057298, 1.51771479])

========================================================

Final result:
1.281416165094535
7.664534560243384
1.281416165094535
8.078377439677853
1.6881645658970694
8.225390754947654
7.8987952941397594
1.5910028126837659
1.5910028126837659
8.828055058804985
5.441229707867161
8.730066647923527
8.730066647923527
1.720646839269422
8.849776798233409
8.849776798233409
1.720646839269422
1.9848969522491935
8.902852199333765
1.9848969522491935
2.220797616190884
7.1410850943987025
1.248812365864903
7.340572977961411
1.5177147883105961
1.5177147883105961
1.5177147883105961
