4.77554926423
4.77554926423
4.77554926361
4.7755492636
4.77554926365
4.77554926253
4.77554926359
4.77554926359
4.77554926358
4.77554926357
4.77554926359
4.77554926359
4.77554926295
4.7755492636
4.77554926359
4.7755492636
4.77554926363
4.77554926364
4.77554926361
4.77554926359
4.77554926365
4.77554926253
4.71238275539
4.71238275539
4.71238275477
4.71238275476
4.71238275481
4.71238275369
4.71238275475
4.71238275475
4.71238275474
4.71238275473
4.71238275475
4.71238275475
4.71238275411
4.71238275476
4.71238275475
4.71238275476
4.71238275478
4.7123827548
4.71238275477
4.71238275475
4.71238275481
4.71238275369
4.39723710147
4.39723710147
4.39723710085
4.39723710084
4.3972371009
4.39723709978
4.39723710083
4.39723710083
4.39723710082
4.39723710081
4.39723710083
4.39723710084
4.39723710019
4.39723710084
4.39723710084
4.39723710084
4.39723710086
4.39723710088
4.39723710085
4.39723710084
4.39723710089
4.39723709978
2.84781409293
2.84781409293
2.84781409233
2.84781409232
2.84781409239
2.84781409134
2.84781409231
2.84781409231
2.84781409229
2.84781409228
2.84781409229
2.84781409231
2.84781409165
2.84781409229
2.84781409231
2.84781409229
2.84781409231
2.84781409232
2.84781409233
2.84781409232
2.84781409239
2.84781409135
5.14866449889
0.946351819
0.946351819
0.946351819164
0.946351819111
0.94635181927
0.946351819889
0.946351819129
0.946351819152
0.946351819065
0.946351819023
0.946351819009
0.946351819115
0.946351819027
0.946351818937
0.946351819097
0.946351818914
0.946351818901
0.946351818857
0.946351819187
0.946351819186
0.946351819275
0.946351819898
0.992445923025
0.90881882466
0.90881882466
0.908818824647
0.908818824593
0.908818824763
0.908818825055
0.908818824607
0.908818824628
0.908818824542
0.908818824498
0.90881882449
0.908818824594
0.908818824327
0.908818824422
0.908818824576
0.908818824399
0.908818824393
0.908818824354
0.908818824669
0.908818824664
0.908818824767
0.908818825064
0.90501341772
0.90501341772
0.905013417708
0.905013417653
0.905013417823
0.905013418115
0.905013417669
0.90501341769
0.905013417604
0.905013417559
0.905013417553
0.905013417655
0.905013417392
0.905013417485
0.905013417637
0.905013417462
0.905013417457
0.905013417418
0.90501341773
0.905013417725
0.905013417828
0.905013418124
0.886544897862
0.886544897862
0.886544897847
0.886544897792
0.88654489796
0.886544898242
0.886544897811
0.886544897832
0.886544897748
0.886544897704
0.886544897702
0.886544897797
0.886544897551
0.886544897636
0.886544897778
0.886544897611
0.886544897611
0.886544897573
0.886544897869
0.886544897866
0.886544897965
0.886544898251
0.809042109338
0.809042109338
0.809042109312
0.809042109253
0.809042109413
0.809042109639
0.809042109292
0.809042109317
0.809042109242
0.809042109198
0.809042109222
0.809042109276
0.809042109128
0.809042109167
0.809042109255
0.809042109135
0.809042109159
0.809042109128
0.809042109338
0.809042109336
0.809042109419
0.809042109648
0.740304226089
0.740304226089
0.740304226021
0.740304225963
0.740304226048
0.740304225989
0.740304226073
0.740304226103
0.740304226085
0.740304226054
0.740304226178
0.740304226052
0.740304226336
0.740304226178
0.740304226028
0.740304226126
0.740304226244
0.740304226248
0.740304226053
0.740304226061
0.740304226056
0.740304225996
0.724890578658
0.724890578658
0.724890578602
0.724890578541
0.724890578656
0.724890578693
0.724890578631
0.724890578661
0.724890578622
0.724890578585
0.72489057868
0.724890578611
0.724890578758
0.724890578661
0.724890578587
0.724890578614
0.724890578704
0.724890578696
0.724890578633
0.724890578638
0.724890578663
0.724890578701
0.724598712512
0.724598712512
0.724598712455
0.724598712394
0.724598712507
0.724598712539
0.724598712485
0.724598712515
0.724598712478
0.724598712441
0.724598712537
0.724598712465
0.72459871262
0.724598712519
0.72459871244
0.724598712472
0.724598712564
0.724598712556
0.724598712486
0.724598712491
0.724598712515
0.724598712547
0.723496042741
0.723496042741
0.723496042683
0.723496042623
0.723496042732
0.723496042752
0.723496042716
0.723496042746
0.723496042711
0.723496042676
0.723496042775
0.723496042695
0.723496042868
0.723496042759
0.723496042671
0.723496042711
0.723496042806
0.7234960428
0.723496042714
0.723496042719
0.723496042738
0.723496042757
0.720968287792
0.720968287792
0.720968287734
0.720968287676
0.720968287777
0.720968287781
0.72096828777
0.720968287799
0.720968287769
0.720968287736
0.720968287838
0.720968287749
0.720968287943
0.720968287825
0.720968287725
0.720968287777
0.720968287875
0.720968287871
0.720968287763
0.720968287769
0.720968287781
0.720968287779
0.714712085957
0.714712085957
0.714712085902
0.714712085849
0.714712085934
0.714712085915
0.714712085942
0.714712085969
0.714712085947
0.71471208592
0.71471208602
0.714712085919
0.714712086143
0.714712086012
0.714712085895
0.714712085966
0.714712086063
0.714712086062
0.714712085926
0.714712085935
0.714712085934
0.714712085896
0.701981324076
0.701981324076
0.701981324032
0.701981323991
0.701981324049
0.701981324008
0.701981324072
0.701981324094
0.701981324084
0.70198132407
0.701981324156
0.701981324047
0.701981324291
0.701981324152
0.701981324024
0.701981324111
0.7019813242
0.701981324201
0.701981324045
0.701981324056
0.701981324035
0.701981323948
0.682809851009
0.682809851009
0.68280985099
0.682809850969
0.682809850989
0.68280985095
0.682809851021
0.682809851033
0.682809851036
0.682809851042
0.682809851089
0.682809850992
0.682809851212
0.682809851084
0.68280985097
0.682809851056
0.682809851116
0.682809851117
0.682809850981
0.682809850997
0.682809850953
0.682809850822
0.667360193614
0.667360193614
0.667360193623
0.667360193619
0.667360193618
0.667360193623
0.667360193635
0.667360193638
0.667360193644
0.667360193665
0.667360193664
0.667360193605
0.667360193738
0.66736019365
0.667360193584
0.667360193636
0.667360193656
0.667360193651
0.667360193595
0.667360193614
0.667360193563
0.667360193438
0.662470344421
0.662470344421
0.662470344439
0.662470344437
0.662470344442
0.66247034449
0.662470344439
0.662470344439
0.662470344439
0.662470344461
0.662470344439
0.662470344409
0.662470344473
0.662470344416
0.662470344389
0.662470344407
0.662470344409
0.662470344398
0.662470344407
0.662470344426
0.662470344386
0.662470344301
0.66192963852
0.66192963852
0.661929638536
0.661929638532
0.661929638545
0.661929638601
0.661929638535
0.661929638536
0.661929638532
0.661929638551
0.66192963853
0.661929638506
0.661929638556
0.661929638505
0.661929638486
0.661929638495
0.661929638497
0.661929638485
0.661929638508
0.661929638526
0.661929638493
0.661929638427
0.66178376975
0.66178376975
0.661783769764
0.661783769759
0.661783769774
0.66178376983
0.661783769763
0.661783769764
0.66178376976
0.661783769778
0.661783769759
0.661783769736
0.661783769783
0.661783769734
0.661783769716
0.661783769723
0.661783769726
0.661783769714
0.661783769739
0.661783769756
0.661783769725
0.661783769665
0.661313674635
0.661313674635
0.661313674644
0.661313674638
0.661313674654
0.661313674703
0.661313674644
0.661313674646
0.661313674642
0.661313674658
0.661313674641
0.661313674621
0.661313674663
0.661313674616
0.661313674601
0.661313674605
0.661313674609
0.661313674597
0.661313674626
0.661313674643
0.661313674617
0.661313674575
0.660606368439
0.660606368439
0.660606368442
0.660606368435
0.66060636845
0.66060636848
0.660606368444
0.660606368445
0.660606368444
0.660606368459
0.660606368443
0.660606368427
0.660606368463
0.660606368419
0.660606368408
0.660606368408
0.660606368412
0.660606368401
0.660606368435
0.66060636845
0.660606368431
0.660606368415
0.659763671084
0.659763671084
0.65976367108
0.659763671075
0.659763671082
0.659763671081
0.659763671084
0.659763671084
0.65976367109
0.659763671105
0.659763671088
0.659763671077
0.659763671107
0.659763671066
0.65976367106
0.659763671056
0.659763671059
0.659763671049
0.659763671088
0.659763671102
0.659763671089
0.6597636711
0.659329428803
0.659329428803
0.659329428797
0.659329428796
0.659329428793
0.659329428771
0.659329428803
0.6593294288
0.659329428812
0.65932942883
0.65932942881
0.659329428801
0.659329428829
0.659329428789
0.659329428785
0.659329428782
0.659329428782
0.659329428773
0.659329428813
0.659329428826
0.659329428813
0.659329428834
0.659214889738
0.659214889738
0.659214889733
0.659214889734
0.659214889727
0.6592148897
0.659214889739
0.659214889736
0.65921488975
0.659214889769
0.659214889747
0.659214889738
0.659214889766
0.659214889727
0.659214889722
0.65921488972
0.659214889719
0.659214889711
0.659214889748
0.659214889762
0.659214889746
0.659214889763
0.659166608134
0.659166608134
0.65916660813
0.659166608131
0.659166608123
0.659166608097
0.659166608136
0.659166608132
0.659166608146
0.659166608166
0.659166608143
0.659166608134
0.659166608163
0.659166608123
0.659166608118
0.659166608117
0.659166608115
0.659166608107
0.659166608143
0.659166608157
0.659166608141
0.659166608153
0.659058615697
0.659058615697
0.659058615695
0.659058615697
0.659058615688
0.659058615664
0.6590586157
0.659058615696
0.659058615711
0.659058615732
0.659058615707
0.659058615697
0.659058615727
0.659058615688
0.659058615681
0.659058615683
0.65905861568
0.659058615672
0.659058615706
0.65905861572
0.659058615701
0.659058615707
0.658804597598
0.658804597598
0.658804597598
0.658804597601
0.65880459759
0.658804597571
0.658804597603
0.658804597598
0.658804597613
0.658804597635
0.658804597609
0.658804597598
0.658804597628
0.658804597591
0.658804597582
0.658804597586
0.658804597582
0.658804597576
0.658804597604
0.658804597619
0.658804597597
0.658804597592
0.658218217736
0.658218217736
0.65821821774
0.658218217744
0.658218217732
0.658218217721
0.658218217743
0.658218217738
0.658218217752
0.658218217775
0.658218217747
0.658218217735
0.658218217765
0.658218217732
0.658218217719
0.65821821773
0.658218217725
0.658218217721
0.658218217739
0.658218217754
0.658218217729
0.65821821771
0.657139920426
0.657139920426
0.657139920433
0.657139920438
0.657139920427
0.657139920428
0.657139920434
0.657139920429
0.657139920442
0.657139920465
0.657139920436
0.657139920423
0.657139920446
0.657139920427
0.657139920408
0.657139920427
0.657139920422
0.657139920424
0.657139920425
0.657139920439
0.657139920413
0.65713992038
0.655831418385
0.655831418385
0.655831418392
0.655831418396
0.65583141839
0.6558314184
0.655831418391
0.655831418387
0.655831418396
0.655831418418
0.655831418389
0.65583141838
0.655831418389
0.655831418389
0.655831418366
0.655831418393
0.655831418388
0.655831418398
0.655831418381
0.655831418393
0.655831418371
0.655831418338
0.655072292438
0.655072292438
0.65507229244
0.655072292441
0.655072292442
0.655072292452
0.655072292439
0.655072292436
0.655072292443
0.655072292461
0.655072292437
0.655072292431
0.655072292427
0.655072292441
0.655072292419
0.655072292446
0.655072292444
0.655072292458
0.655072292435
0.655072292444
0.655072292431
0.655072292415
0.654906185081
0.654906185081
0.65490618508
0.654906185079
0.654906185082
0.654906185088
0.654906185079
0.654906185076
0.654906185083
0.6549061851
0.654906185077
0.654906185074
0.654906185065
0.654906185082
0.654906185062
0.654906185086
0.654906185086
0.6549061851
0.65490618508
0.654906185088
0.65490618508
0.654906185078
0.654887925363
0.654887925363
0.654887925361
0.65488792536
0.654887925363
0.654887925367
0.654887925361
0.654887925358
0.654887925365
0.654887925381
0.654887925359
0.654887925356
0.654887925348
0.654887925363
0.654887925344
0.654887925366
0.654887925367
0.654887925381
0.654887925363
0.654887925371
0.654887925363
0.654887925366
0.654877221183
0.654877221183
0.65487722118
0.654877221179
0.654877221183
0.654877221186
0.65487722118
0.654877221178
0.654877221185
0.654877221201
0.654877221179
0.654877221176
0.654877221168
0.654877221183
0.654877221164
0.654877221186
0.654877221186
0.6548772212
0.654877221183
0.654877221191
0.654877221184
0.654877221188
0.654839758097
0.654839758097
0.654839758094
0.654839758093
0.654839758096
0.654839758097
0.654839758094
0.654839758092
0.654839758099
0.654839758115
0.654839758094
0.654839758091
0.654839758084
0.654839758096
0.654839758079
0.654839758099
0.654839758099
0.654839758112
0.654839758098
0.654839758106
0.654839758099
0.654839758106
0.654754717987
0.654754717987
0.654754717983
0.654754717981
0.654754717985
0.654754717983
0.654754717984
0.654754717982
0.654754717989
0.654754718004
0.654754717984
0.654754717981
0.654754717976
0.654754717985
0.654754717969
0.654754717987
0.654754717987
0.654754717999
0.654754717989
0.654754717997
0.654754717991
0.654754718002
0.654538064839
0.654538064839
0.654538064833
0.654538064831
0.654538064835
0.654538064829
0.654538064835
0.654538064833
0.654538064841
0.654538064855
0.654538064837
0.654538064834
0.654538064831
0.654538064835
0.654538064823
0.654538064835
0.654538064837
0.654538064845
0.654538064842
0.654538064849
0.654538064845
0.654538064862
0.654070770165
0.654070770165
0.654070770157
0.654070770154
0.654070770158
0.654070770147
0.65407077016
0.654070770159
0.654070770167
0.654070770179
0.654070770163
0.654070770162
0.654070770161
0.654070770158
0.654070770154
0.654070770156
0.654070770158
0.654070770164
0.654070770168
0.654070770174
0.654070770174
0.654070770197
0.65326535167
0.65326535167
0.653265351661
0.653265351657
0.653265351662
0.653265351647
0.653265351666
0.653265351666
0.653265351672
0.653265351681
0.653265351669
0.65326535167
0.653265351672
0.653265351661
0.653265351667
0.653265351658
0.65326535166
0.653265351662
0.653265351674
0.653265351676
0.65326535168
0.653265351707
0.652431388143
0.652431388143
0.652431388136
0.652431388131
0.652431388137
0.652431388126
0.652431388141
0.652431388143
0.652431388146
0.652431388151
0.652431388144
0.652431388146
0.652431388148
0.652431388135
0.652431388149
0.652431388131
0.652431388133
0.652431388135
0.652431388144
0.652431388142
0.65243138815
0.652431388171
0.65204555092
0.65204555092
0.652045550916
0.652045550912
0.652045550918
0.652045550915
0.65204555092
0.652045550922
0.652045550923
0.652045550928
0.652045550921
0.652045550924
0.652045550923
0.652045550915
0.65204555093
0.652045550913
0.652045550915
0.652045550919
0.652045550918
0.652045550913
0.652045550922
0.652045550931
0.651983004969
0.651983004969
0.651983004965
0.651983004962
0.651983004968
0.651983004969
0.651983004969
0.651983004971
0.651983004972
0.651983004977
0.651983004969
0.651983004971
0.651983004969
0.651983004965
0.651983004977
0.651983004964
0.651983004965
0.651983004971
0.651983004964
0.65198300496
0.651983004968
0.651983004971
0.651978261308
0.651978261308
0.651978261305
0.651978261301
0.651978261307
0.651978261309
0.651978261308
0.65197826131
0.651978261311
0.651978261316
0.651978261308
0.65197826131
0.651978261307
0.651978261304
0.651978261316
0.651978261304
0.651978261305
0.651978261312
0.651978261303
0.651978261299
0.651978261307
0.651978261308
0.651975839055
0.651975839055
0.651975839052
0.651975839049
0.651975839055
0.651975839057
0.651975839055
0.651975839057
0.651975839058
0.651975839064
0.651975839055
0.651975839057
0.651975839055
0.651975839052
0.651975839063
0.651975839052
0.651975839053
0.651975839059
0.651975839051
0.651975839047
0.651975839054
0.651975839056
0.65196619887
0.65196619887
0.651966198868
0.651966198864
0.65196619887
0.651966198873
0.651966198871
0.651966198872
0.651966198873
0.651966198879
0.65196619887
0.651966198872
0.651966198869
0.651966198867
0.651966198877
0.651966198867
0.651966198868
0.651966198875
0.651966198866
0.651966198863
0.651966198869
0.65196619887
0.651944596132
0.651944596132
0.65194459613
0.651944596127
0.651944596132
0.651944596135
0.651944596132
0.651944596134
0.651944596135
0.651944596142
0.651944596132
0.651944596134
0.65194459613
0.65194459613
0.651944596138
0.65194459613
0.651944596131
0.651944596138
0.651944596128
0.651944596125
0.651944596131
0.651944596131
0.651886714952
0.651886714952
0.65188671495
0.651886714947
0.651886714952
0.651886714956
0.651886714952
0.651886714953
0.651886714954
0.651886714961
0.651886714951
0.651886714952
0.651886714948
0.65188671495
0.651886714955
0.65188671495
0.651886714951
0.651886714959
0.651886714947
0.651886714945
0.65188671495
0.651886714949
0.651747983804
0.651747983804
0.651747983802
0.6517479838
0.651747983805
0.65174798381
0.651747983804
0.651747983804
0.651747983806
0.651747983814
0.651747983803
0.651747983803
0.651747983798
0.651747983803
0.651747983805
0.651747983804
0.651747983804
0.651747983813
0.651747983799
0.651747983799
0.651747983801
0.651747983799
0.651440610481
0.651440610481
0.651440610481
0.65144061048
0.651440610483
0.651440610489
0.651440610481
0.651440610481
0.651440610483
0.651440610491
0.65144061048
0.651440610479
0.651440610474
0.651440610482
0.651440610478
0.651440610484
0.651440610484
0.651440610493
0.651440610477
0.651440610479
0.651440610478
0.651440610474
0.650915528039
0.650915528039
0.65091552804
0.650915528041
0.650915528041
0.650915528047
0.650915528038
0.650915528037
0.65091552804
0.650915528046
0.650915528037
0.650915528035
0.650915528031
0.65091552804
0.650915528031
0.650915528044
0.650915528042
0.650915528052
0.650915528036
0.650915528039
0.650915528036
0.65091552803
0.650366250196
0.650366250196
0.650366250198
0.6503662502
0.650366250198
0.650366250202
0.650366250195
0.650366250194
0.650366250196
0.6503662502
0.650366250195
0.650366250192
0.650366250191
0.650366250198
0.650366250189
0.650366250201
0.650366250198
0.650366250206
0.650366250194
0.650366250198
0.650366250194
0.65036625019
0.650112416411
0.650112416411
0.650112416412
0.650112416415
0.650112416412
0.650112416413
0.65011241641
0.65011241641
0.65011241641
0.650112416412
0.650112416411
0.650112416409
0.65011241641
0.650112416411
0.650112416407
0.650112416414
0.650112416411
0.650112416415
0.65011241641
0.650112416412
0.65011241641
0.650112416409
0.650071827343
0.650071827343
0.650071827343
0.650071827345
0.650071827343
0.650071827343
0.650071827341
0.650071827342
0.650071827342
0.650071827342
0.650071827343
0.650071827342
0.650071827344
0.650071827342
0.650071827342
0.650071827344
0.650071827341
0.650071827344
0.650071827341
0.650071827342
0.650071827342
0.650071827343
0.650069819857
0.650069819857
0.650069819857
0.650069819859
0.650069819857
0.650069819857
0.650069819856
0.650069819856
0.650069819856
0.650069819857
0.650069819857
0.650069819856
0.650069819858
0.650069819856
0.650069819857
0.650069819858
0.650069819855
0.650069819858
0.650069819855
0.650069819856
0.650069819857
0.650069819858
     fun: 0.6500698198569193
     jac: array([  1.08033419e-05,   1.48296356e-04,   4.20212746e-06,
        -4.06056643e-06,  -8.70823860e-05,  -4.42340970e-05,
        -3.03462148e-05,  -1.75833702e-05,   4.26173210e-06,
        -5.64604998e-05,   8.94218683e-05,  -6.90072775e-05,
        -1.83880329e-05,   5.65871596e-05,  -1.22323632e-04,
         8.58828425e-05,  -1.05589628e-04,  -4.84734774e-05,
        -1.65104866e-05,   4.82648611e-05])
 message: 'Optimization terminated successfully.'
    nfev: 1234
     nit: 56
    njev: 56
  status: 0
 success: True
       x: array([ 6.07959464,  9.69811312,  2.32889801,  3.7611312 ,  4.54970968,
        3.27277887,  4.03901527,  2.21044777,  3.27797902,  6.12890821,
        4.34043179,  5.97556421,  8.54139171,  8.28167798,  4.35006373,
        2.97539679,  4.55711228,  3.33115887,  2.14862477,  3.96061522])

========================================================

Final result:
6.07959464288
9.69811311685
2.3288980094
3.76113119753
3.76113119753
3.76113119753
4.54970967636
3.27277887108
4.03901527073
2.21044776733
3.27797901896
6.12890821085
4.34043178731
4.34043178731
5.97556420524
8.54139171072
8.2816779764
4.35006372578
2.97539678798
4.55711227939
3.33115886855
2.1486247655
3.96061521611
3.96061521611
3.96061521611
