7.821330290719136e-07
7.821330290719136e-07
7.821330294765699e-07
7.821330293860535e-07
7.821330293907746e-07
7.82133029948983e-07
7.821330295914522e-07
7.821330296050874e-07
7.821330296201447e-07
7.821330296363289e-07
7.821330296153663e-07
7.821330295707098e-07
7.821330301635633e-07
7.821330295277177e-07
7.821330294865732e-07
7.821330298490697e-07
7.821330295481936e-07
7.8213302957052e-07
7.821330294388635e-07
7.821330300677335e-07
7.821329992223494e-07
7.821329992223494e-07
7.821329996270014e-07
7.821329995364855e-07
7.821329995412108e-07
7.821330000994183e-07
7.821329997418857e-07
7.8213299975552e-07
7.821329997705776e-07
7.821329997867618e-07
7.821329997657989e-07
7.821329997211399e-07
7.821330003139965e-07
7.821329996781527e-07
7.821329996370051e-07
7.821329999995061e-07
7.821329996986266e-07
7.821329997209551e-07
7.821329995892978e-07
7.821330002181626e-07
7.821328499751623e-07
7.821328499751623e-07
7.821328503798165e-07
7.821328502893018e-07
7.821328502940202e-07
7.821328508522272e-07
7.821328504947006e-07
7.821328505083349e-07
7.821328505233911e-07
7.821328505395769e-07
7.821328505186131e-07
7.821328504739572e-07
7.821328510668074e-07
7.82132850430965e-07
7.8213285038982e-07
7.821328507523196e-07
7.821328504514411e-07
7.821328504737676e-07
7.821328503421099e-07
7.821328509709749e-07
7.821321037401141e-07
7.821321037401141e-07
7.821321041447706e-07
7.821321040542582e-07
7.821321040589789e-07
7.821321046171839e-07
7.821321042596571e-07
7.82132104273291e-07
7.821321042883469e-07
7.821321043045338e-07
7.821321042835698e-07
7.821321042389102e-07
7.821321048317655e-07
7.82132104195923e-07
7.82132104154776e-07
7.821321045172691e-07
7.821321042163956e-07
7.821321042387219e-07
7.821321041070678e-07
7.821321047359304e-07
7.821283725701157e-07
7.821283725701157e-07
7.821283729747671e-07
7.82128372884252e-07
7.821283728889704e-07
7.821283734471691e-07
7.821283730896513e-07
7.821283731032787e-07
7.821283731183407e-07
7.821283731345251e-07
7.821283731135634e-07
7.821283730688997e-07
7.821283736617486e-07
7.821283730259118e-07
7.821283729847687e-07
7.82128373347261e-07
7.821283730463885e-07
7.821283730687166e-07
7.821283729370614e-07
7.821283735659142e-07
7.821097177530571e-07
7.821097177530571e-07
7.821097181576824e-07
7.821097180671751e-07
7.821097180718932e-07
7.821097186300413e-07
7.821097182725637e-07
7.82109718286197e-07
7.82109718301253e-07
7.821097183174399e-07
7.821097182964776e-07
7.821097182518179e-07
7.821097188446382e-07
7.821097182088359e-07
7.821097181676842e-07
7.821097185301629e-07
7.821097182293074e-07
7.821097182516303e-07
7.8210971811998e-07
7.821097187487822e-07
7.820164664118152e-07
7.820164664118152e-07
7.820164668163107e-07
7.820164667258097e-07
7.82016466730527e-07
7.820164672884477e-07
7.820164669311797e-07
7.820164669448083e-07
7.820164669598698e-07
7.820164669760531e-07
7.820164669550947e-07
7.82016466910436e-07
7.82016467503102e-07
7.820164668674675e-07
7.82016466826315e-07
7.820164671886952e-07
7.820164668879208e-07
7.820164669102411e-07
7.820164667786048e-07
7.820164674071575e-07
7.815507907439712e-07
7.815507907439712e-07
7.815507911478307e-07
7.815507910573935e-07
7.815507910620843e-07
7.81550791618847e-07
7.815507912626338e-07
7.815507912762355e-07
7.815507912913165e-07
7.815507913074999e-07
7.815507912865511e-07
7.815507912419035e-07
7.815507918338152e-07
7.815507911990257e-07
7.815507911578364e-07
7.815507915197605e-07
7.815507912193757e-07
7.815507912416851e-07
7.81550791110113e-07
7.815507917374227e-07
7.792368376884195e-07
7.792368376884195e-07
7.792368380891132e-07
7.792368379989807e-07
7.792368380035627e-07
7.79236838554556e-07
7.792368382035867e-07
7.792368382170747e-07
7.792368382322579e-07
7.792368382484408e-07
7.792368382275237e-07
7.792368381829305e-07
7.792368387710679e-07
7.792368381404853e-07
7.792368380991315e-07
7.792368384587644e-07
7.792368381603661e-07
7.792368381825775e-07
7.792368380513448e-07
7.792368386724465e-07
7.680228872905123e-07
7.680228872905123e-07
7.680228876754768e-07
7.680228875868707e-07
7.680228875908909e-07
7.680228881132684e-07
7.680228877883246e-07
7.680228878012504e-07
7.680228878169268e-07
7.680228878330891e-07
7.680228878123559e-07
7.680228877680445e-07
7.680228883374493e-07
7.680228877277492e-07
7.680228876855698e-07
7.680228880338237e-07
7.680228877452779e-07
7.680228877670157e-07
7.680228876374716e-07
7.680228882277641e-07
7.202989064645422e-07
7.202989064645422e-07
7.202989067740066e-07
7.202989066927231e-07
7.20298906694052e-07
7.20298907079041e-07
7.202989068790404e-07
7.202989068892528e-07
7.202989069073275e-07
7.202989069233891e-07
7.202989069035311e-07
7.202989068605544e-07
7.202989073400461e-07
7.202989068305784e-07
7.202989067844532e-07
7.202989070780935e-07
7.20298906836826e-07
7.202989068563041e-07
7.202989067348537e-07
7.202989071772521e-07
6.305774307308384e-07
6.305774307308384e-07
6.305774307379533e-07
6.305774306859911e-07
6.305774306765244e-07
6.305774305113499e-07
6.305774308116919e-07
6.30577430811033e-07
6.305774308386957e-07
6.305774308543721e-07
6.305774308380284e-07
6.305774308003872e-07
6.305774309198133e-07
6.305774308117492e-07
6.305774307497921e-07
6.30577430824738e-07
6.30577430772808e-07
6.305774307832346e-07
6.305774306941924e-07
6.305774305443431e-07
6.305399237198692e-07
6.305399237198692e-07
6.305399237256072e-07
6.305399236737738e-07
6.305399236642616e-07
6.305399234965768e-07
6.305399237992011e-07
6.305399237984938e-07
6.305399238261979e-07
6.305399238418688e-07
6.305399238255469e-07
6.305399237879318e-07
6.305399239057118e-07
6.305399237994749e-07
6.305399237374482e-07
6.305399238113967e-07
6.305399237603323e-07
6.305399237707176e-07
6.305399236818205e-07
6.305399235292689e-07
     fun: 6.357174128447305e-07
     jac: array([-1.47743151e-10, -3.50703999e-09, -4.15160883e-09, -1.84494127e-08,
        4.63979433e-09,  4.57438176e-09,  6.41374243e-09,  7.44408624e-09,
        6.37634656e-09,  3.91084143e-09,  9.59693125e-09,  4.74209116e-09,
        6.33718855e-10,  4.09571754e-09,  2.08831352e-09,  2.75586132e-09,
       -3.03657544e-09, -1.67245702e-08])
 message: 'Optimization terminated successfully.'
    nfev: 260
     nit: 13
    njev: 13
  status: 0
 success: True
       x: array([ 7.86722746,  5.51968796,  8.21861104,  1.51307661,  7.43190645,
        1.10190034,  9.14484227,  1.50215816, 10.1302083 ,  8.52057407,
        1.41118393, 10.27995818,  5.74686061,  6.80395418,  7.42475525,
        1.08578625,  7.87403208,  1.43334818])

========================================================

Final result:
7.867227464084972
5.519687962546867
8.218611043180273
1.5130766139105725
1.5130766139105725
1.5130766139105725
7.43190644779396
1.101900335934383
9.144842274581682
1.5021581579074204
10.130208299404728
8.520574071318348
1.4111839319816515
1.4111839319816515
10.279958179165893
5.746860612300507
6.803954176992723
6.803954176992723
7.42475525369004
1.0857862471900277
7.874032084680044
1.4333481813959221
1.4333481813959221
1.4333481813959221
