1.2514030607594551e-06
1.2514030607594551e-06
1.2514030610889173e-06
1.2514030609886936e-06
1.251403061036584e-06
1.2514030615378966e-06
1.2514030611971134e-06
1.2514030612325054e-06
1.2514030612048314e-06
1.2514030612161973e-06
1.251403061218583e-06
1.2514030611272205e-06
1.2514030616926123e-06
1.2514030611712713e-06
1.2514030610450664e-06
1.2514030614892115e-06
1.2514030614822417e-06
1.2514030613667502e-06
1.251403061318975e-06
1.2514030610471113e-06
1.2514030610293308e-06
1.2514030610932515e-06
1.2514030611152329e-06
1.2514030609905202e-06
1.251403061367519e-06
1.2514030351443764e-06
1.2514030351443764e-06
1.2514030354738316e-06
1.2514030353736124e-06
1.2514030354215015e-06
1.251403035922817e-06
1.2514030355820329e-06
1.2514030356174234e-06
1.251403035589746e-06
1.251403035601117e-06
1.2514030356035003e-06
1.2514030355121423e-06
1.2514030360775285e-06
1.2514030355561837e-06
1.2514030354299862e-06
1.2514030358741317e-06
1.2514030358671592e-06
1.2514030357516677e-06
1.2514030357038891e-06
1.2514030354320288e-06
1.2514030354142454e-06
1.2514030354781748e-06
1.2514030355001487e-06
1.2514030353754396e-06
1.2514030357524358e-06
1.251402907069874e-06
1.251402907069874e-06
1.2514029073993376e-06
1.251402907299115e-06
1.2514029073470009e-06
1.2514029078483156e-06
1.2514029075075312e-06
1.2514029075429228e-06
1.2514029075152487e-06
1.251402907526622e-06
1.2514029075290069e-06
1.2514029074376425e-06
1.2514029080030292e-06
1.2514029074816916e-06
1.2514029073554858e-06
1.251402907799631e-06
1.2514029077926603e-06
1.2514029076771733e-06
1.2514029076293902e-06
1.2514029073575305e-06
1.2514029073397505e-06
1.2514029074036767e-06
1.251402907425652e-06
1.2514029073009426e-06
1.2514029076779354e-06
1.2514022666931831e-06
1.2514022666931831e-06
1.2514022670226449e-06
1.251402266922421e-06
1.251402266970309e-06
1.2514022674716223e-06
1.2514022671308345e-06
1.2514022671662294e-06
1.2514022671385569e-06
1.2514022671499287e-06
1.2514022671523144e-06
1.251402267060947e-06
1.2514022676263365e-06
1.2514022671049934e-06
1.2514022669787918e-06
1.2514022674229372e-06
1.2514022674159652e-06
1.2514022673004761e-06
1.2514022672526941e-06
1.2514022669808362e-06
1.251402266963054e-06
1.2514022670269819e-06
1.2514022670489548e-06
1.2514022669242444e-06
1.2514022673012384e-06
1.2513990648566245e-06
1.2513990648566245e-06
1.2513990651860814e-06
1.2513990650858628e-06
1.2513990651337455e-06
1.2513990656350506e-06
1.251399065294275e-06
1.2513990653296677e-06
1.2513990653019934e-06
1.2513990653133682e-06
1.251399065315746e-06
1.2513990652243895e-06
1.2513990657897696e-06
1.251399065268435e-06
1.2513990651422315e-06
1.2513990655863707e-06
1.251399065579396e-06
1.2513990654639154e-06
1.2513990654161326e-06
1.2513990651442748e-06
1.2513990651264968e-06
1.251399065190418e-06
1.2513990652123962e-06
1.251399065087685e-06
1.2513990654646764e-06
1.2513830564055204e-06
1.2513830564055204e-06
1.2513830567349552e-06
1.2513830566347404e-06
1.2513830566826232e-06
1.2513830571838905e-06
1.2513830568431503e-06
1.2513830568785419e-06
1.2513830568508674e-06
1.2513830568622395e-06
1.2513830568646228e-06
1.2513830567732622e-06
1.2513830573386123e-06
1.2513830568173088e-06
1.251383056691111e-06
1.2513830571352257e-06
1.251383057128252e-06
1.2513830570127712e-06
1.251383056964994e-06
1.2513830566931556e-06
1.2513830566753776e-06
1.2513830567392911e-06
1.251383056761274e-06
1.2513830566365668e-06
1.2513830570135225e-06
1.251303033563404e-06
1.251303033563404e-06
1.2513030338927355e-06
1.251303033792533e-06
1.251303033840414e-06
1.251303034341501e-06
1.2513030340009177e-06
1.2513030340363055e-06
1.2513030340086353e-06
1.2513030340200086e-06
1.2513030340223858e-06
1.2513030339310445e-06
1.2513030344962465e-06
1.2513030339750786e-06
1.2513030338489007e-06
1.2513030342928949e-06
1.2513030342859092e-06
1.2513030341704698e-06
1.2513030341227014e-06
1.251303033850957e-06
1.2513030338331823e-06
1.2513030338970774e-06
1.251303033919047e-06
1.2513030337943599e-06
1.2513030341711589e-06
1.250903407216658e-06
1.250903407216658e-06
1.250903407545485e-06
1.2509034074453294e-06
1.2509034074931916e-06
1.2509034079933623e-06
1.2509034076536055e-06
1.250903407688971e-06
1.250903407661316e-06
1.250903407672677e-06
1.250903407675039e-06
1.250903407583767e-06
1.2509034081482725e-06
1.2509034076277668e-06
1.250903407501677e-06
1.2509034079450797e-06
1.2509034079380487e-06
1.250903407822792e-06
1.2509034077750846e-06
1.2509034075037772e-06
1.2509034074860548e-06
1.250903407549832e-06
1.2509034075717821e-06
1.2509034074471918e-06
1.2509034078231878e-06
1.2489174282160187e-06
1.2489174282160187e-06
1.2489174285423164e-06
1.2489174284424196e-06
1.248917428490188e-06
1.2489174289857762e-06
1.2489174286501413e-06
1.2489174286853853e-06
1.248917428657811e-06
1.2489174286691399e-06
1.248917428671404e-06
1.24891742858051e-06
1.2489174291414844e-06
1.2489174286243113e-06
1.2489174284986546e-06
1.248917428939106e-06
1.248917428931829e-06
1.2489174288175127e-06
1.2489174287700922e-06
1.2489174285009812e-06
1.2489174284835255e-06
1.248917428546693e-06
1.2489174285685405e-06
1.2489174284444159e-06
1.2489174288164476e-06
1.2392875818010222e-06
1.2392875818010222e-06
1.239287582114772e-06
1.2392875820161656e-06
1.239287582063462e-06
1.2392875825363328e-06
1.2392875822211283e-06
1.2392875822557855e-06
1.2392875822286102e-06
1.239287582239777e-06
1.2392875822415645e-06
1.2392875821525189e-06
1.2392875826959993e-06
1.2392875821953652e-06
1.239287582071853e-06
1.2392875824976691e-06
1.239287582489175e-06
1.2392875823794932e-06
1.2392875823335237e-06
1.2392875820753152e-06
1.239287582059128e-06
1.2392875821193016e-06
1.2392875821406502e-06
1.2392875820188412e-06
1.2392875823711817e-06
1.1981815107600063e-06
1.1981815107600063e-06
1.1981815110134672e-06
1.1981815109210434e-06
1.1981815109660736e-06
1.1981815113298139e-06
1.1981815111127754e-06
1.1981815111445993e-06
1.1981815111193315e-06
1.1981815111297046e-06
1.19818151112923e-06
1.1981815110490542e-06
1.198181511508488e-06
1.1981815110872922e-06
1.1981815109740962e-06
1.1981815113295843e-06
1.1981815113152487e-06
1.1981815112278684e-06
1.1981815111888445e-06
1.1981815109830303e-06
1.198181510972951e-06
1.1981815110187234e-06
1.1981815110376618e-06
1.1981815109269843e-06
1.1981815111847222e-06
1.1191157976232412e-06
1.1191157976232412e-06
1.1191157976342376e-06
1.119115797566688e-06
1.1191157976026002e-06
1.1191157975274193e-06
1.1191157977051992e-06
1.1191157977256229e-06
1.1191157977080385e-06
1.1191157977152268e-06
1.119115797705641e-06
1.119115797661128e-06
1.1191157977825316e-06
1.1191157976808426e-06
1.119115797609159e-06
1.1191157976817913e-06
1.1191157976439592e-06
1.1191157976462586e-06
1.11911579763517e-06
1.1191157976400516e-06
1.1191157976545718e-06
1.1191157976424258e-06
1.119115797651659e-06
1.1191157975857547e-06
1.1191157974630122e-06
1.1189267438150722e-06
1.1189267438150722e-06
1.1189267438206344e-06
1.1189267437536343e-06
1.118926743789352e-06
1.1189267437043273e-06
1.1189267438909591e-06
1.1189267439111221e-06
1.1189267438937118e-06
1.1189267439008332e-06
1.1189267438910422e-06
1.1189267438473223e-06
1.118926743961154e-06
1.118926743866629e-06
1.1189267437958748e-06
1.1189267438621653e-06
1.1189267438238026e-06
1.1189267438281163e-06
1.1189267438176556e-06
1.1189267438272606e-06
1.1189267438423274e-06
1.1189267438288884e-06
1.1189267438379042e-06
1.118926743773e-06
1.1189267436417307e-06
     fun: 1.1235271194273719e-06
     jac: array([-6.82263135e-11, -4.43021975e-09, -2.09743689e-09, -1.05615356e-08,
        4.50617677e-09,  5.81187010e-09,  4.68057237e-09,  5.14324938e-09,
        4.48298465e-09,  1.67142389e-09,  7.30236138e-09,  2.90805247e-09,
       -1.67106862e-09,  1.20446941e-09, -1.35131017e-09, -7.52308438e-10,
       -1.32624223e-09,  4.32464731e-10,  1.46741286e-09,  4.79872142e-10,
        1.05545439e-09, -3.13306714e-09, -1.40773011e-08])
 message: 'Optimization terminated successfully.'
    nfev: 325
     nit: 13
    njev: 13
  status: 0
 success: True
       x: array([7.89229841, 5.38752534, 8.14661636, 1.56204586, 7.85455339,
       1.31167876, 8.30617931, 1.58254993, 8.40210183, 7.59224195,
       1.45350006, 8.99985641, 5.29994984, 8.75746188, 1.60916902,
       8.86951422, 1.92925074, 8.91089688, 2.22299825, 6.97411227,
       1.22289932, 7.31443518, 1.56807862])

========================================================

Final result:
7.892298410857415
5.387525343357265
8.146616355371195
1.5620458579473073
1.5620458579473073
1.5620458579473073
7.854553386338921
1.311678761820044
8.30617930903049
1.582549933676973
8.40210182922153
7.592241948401216
1.4535000645096952
1.4535000645096952
8.999856411986041
5.299949841261663
8.757461881643298
8.757461881643298
1.6091690151745333
8.869514219249913
8.869514219249913
1.6091690151745333
1.9292507438164417
8.910896881511244
1.9292507438164417
2.2229982511978026
6.974112272151502
1.2228993174594547
7.3144351762701305
1.5680786152950645
1.5680786152950645
1.5680786152950645
