5.06591488093625e-07
5.06591488093625e-07
5.065914884023594e-07
5.065914883078857e-07
5.065914883794545e-07
5.06591488919352e-07
5.065914884636632e-07
5.065914884878249e-07
5.065914884436603e-07
5.065914884624543e-07
5.065914883917745e-07
5.065914884095997e-07
5.065914883929312e-07
5.06591488328393e-07
5.065914883521752e-07
5.065914883361105e-07
5.065914887393952e-07
5.065914883057774e-07
5.065914884047579e-07
5.065914884233271e-07
5.065914883348036e-07
5.065914887529824e-07
5.06591474244332e-07
5.06591474244332e-07
5.065914745530663e-07
5.065914744585923e-07
5.065914745301621e-07
5.065914750700592e-07
5.065914746143706e-07
5.065914746385313e-07
5.065914745943677e-07
5.065914746131605e-07
5.06591474542481e-07
5.065914745603069e-07
5.065914745436377e-07
5.065914744790994e-07
5.065914745028818e-07
5.065914744868168e-07
5.065914748901025e-07
5.065914744564842e-07
5.065914745554647e-07
5.065914745740354e-07
5.065914744855092e-07
5.0659147490369e-07
5.06591404997893e-07
5.06591404997893e-07
5.065914053066272e-07
5.065914052121537e-07
5.065914052837234e-07
5.065914058236193e-07
5.065914053679322e-07
5.065914053920927e-07
5.065914053479292e-07
5.065914053667216e-07
5.065914052960435e-07
5.065914053138684e-07
5.065914052971996e-07
5.065914052326614e-07
5.06591405256443e-07
5.065914052403787e-07
5.065914056436632e-07
5.065914052100451e-07
5.065914053090259e-07
5.065914053275957e-07
5.065914052390711e-07
5.065914056572507e-07
5.065910587661805e-07
5.065910587661805e-07
5.065910590749131e-07
5.065910589804387e-07
5.065910590520085e-07
5.06591059591904e-07
5.065910591362169e-07
5.065910591603776e-07
5.065910591162129e-07
5.065910591350075e-07
5.065910590643286e-07
5.065910590821532e-07
5.065910590654852e-07
5.065910590009459e-07
5.065910590247292e-07
5.065910590086635e-07
5.065910594119474e-07
5.065910589783311e-07
5.065910590773117e-07
5.065910590958801e-07
5.06591059007356e-07
5.065910594255348e-07
5.065893276328138e-07
5.065893276328138e-07
5.065893279415433e-07
5.065893278470691e-07
5.065893279186387e-07
5.065893284585266e-07
5.065893280028473e-07
5.065893280270075e-07
5.065893279828445e-07
5.065893280016372e-07
5.065893279309591e-07
5.065893279487838e-07
5.065893279321154e-07
5.065893278675761e-07
5.065893278913587e-07
5.065893278752942e-07
5.065893282785697e-07
5.065893278449616e-07
5.065893279439423e-07
5.065893279625112e-07
5.065893278739876e-07
5.065893282921591e-07
5.06580672433068e-07
5.06580672433068e-07
5.065806727417776e-07
5.065806726473067e-07
5.065806727188733e-07
5.065806732587217e-07
5.065806728030805e-07
5.065806728272401e-07
5.065806727830785e-07
5.065806728018719e-07
5.065806727311938e-07
5.065806727490188e-07
5.065806727323504e-07
5.06580672667811e-07
5.065806726915962e-07
5.065806726755314e-07
5.065806730787669e-07
5.065806726451994e-07
5.065806727441768e-07
5.065806727627453e-07
5.065806726742231e-07
5.065806730923616e-07
5.065374085696613e-07
5.065374085696613e-07
5.065374088782742e-07
5.065374087838136e-07
5.065374088553686e-07
5.065374093950247e-07
5.065374089395713e-07
5.065374089637285e-07
5.065374089195739e-07
5.065374089383657e-07
5.065374088676916e-07
5.065374088855182e-07
5.06537408868849e-07
5.065374088043104e-07
5.065374088281014e-07
5.065374088120382e-07
5.065374092150779e-07
5.065374087817126e-07
5.065374088806755e-07
5.065374088992413e-07
5.065374088107302e-07
5.065374092287021e-07
5.063213917123641e-07
5.063213917123641e-07
5.063213920204948e-07
5.063213919260905e-07
5.063213919975889e-07
5.063213925362802e-07
5.063213920817666e-07
5.063213921059037e-07
5.063213920617866e-07
5.063213920805739e-07
5.063213920099222e-07
5.063213920277524e-07
5.063213920110831e-07
5.063213919465413e-07
5.063213919703717e-07
5.063213919543141e-07
5.063213923563681e-07
5.063213919240174e-07
5.063213920229083e-07
5.06321392041462e-07
5.063213919530021e-07
5.063213923701424e-07
5.052488406219621e-07
5.052488406219621e-07
5.052488409276827e-07
5.052488408335576e-07
5.052488409047679e-07
5.052488414386508e-07
5.052488409888239e-07
5.052488410128666e-07
5.052488409689377e-07
5.052488409877015e-07
5.052488409171527e-07
5.052488409350079e-07
5.052488409183349e-07
5.052488408537825e-07
5.052488408778008e-07
5.052488408617756e-07
5.052488412589132e-07
5.052488408316229e-07
5.052488409301575e-07
5.052488409486444e-07
5.052488408604429e-07
5.05248841273432e-07
5.000718045612998e-07
5.000718045612998e-07
5.000718048550782e-07
5.000718047623359e-07
5.000718048321253e-07
5.000718053421763e-07
5.000718049155745e-07
5.0007180493915e-07
5.000718048961546e-07
5.000718049147997e-07
5.000718048447658e-07
5.000718048627398e-07
5.000718048460514e-07
5.000718047814425e-07
5.000718048063963e-07
5.000718047905338e-07
5.000718051633056e-07
5.000718047610906e-07
5.000718048578601e-07
5.000718048760169e-07
5.000718047890973e-07
5.000718051815196e-07
4.785058686194489e-07
4.785058686194489e-07
4.785058688561936e-07
4.785058687700553e-07
4.785058688330544e-07
4.785058692292939e-07
4.785058689136081e-07
4.785058689349513e-07
4.785058688964152e-07
4.785058689144939e-07
4.785058688469188e-07
4.785058688654612e-07
4.785058688486982e-07
4.785058687838208e-07
4.785058688132422e-07
4.785058687981531e-07
4.785058690545608e-07
4.785058687721063e-07
4.78505868860437e-07
4.785058688770234e-07
4.78505868796219e-07
4.785058690904208e-07
4.44187234141811e-07
4.44187234141811e-07
4.4418723418127567e-07
4.4418723411798076e-07
4.4418723415749655e-07
4.441872341600604e-07
4.441872342280328e-07
4.441872342416544e-07
4.441872342185392e-07
4.441872342346588e-07
4.4418723417558875e-07
4.4418723419609875e-07
4.44187234179077e-07
4.4418723411327296e-07
4.4418723415814617e-07
4.4418723414573285e-07
4.4418723399964163e-07
4.4418723413142995e-07
4.4418723419057514e-07
4.4418723420172723e-07
4.441872341420804e-07
4.4418723409653553e-07
     fun: 4.462853302720353e-07
     jac: array([ 2.28755326e-09, -1.84966709e-09,  7.18532789e-10, -1.67086256e-09,
        5.35371214e-09,  6.23959906e-09,  4.73998796e-09,  5.79979087e-09,
        1.91828420e-09,  3.27385052e-09,  2.15102247e-09, -2.18957297e-09,
        7.94020849e-10, -2.02469153e-11, -1.18053265e-08, -9.44641698e-10,
        2.90882696e-09,  3.63552388e-09, -2.63831623e-10, -5.35053957e-09])
 message: 'Optimization terminated successfully.'
    nfev: 264
     nit: 12
    njev: 12
  status: 0
 success: True
       x: array([7.6771869 , 5.33836281, 7.99256114, 1.57463613, 7.5412799 ,
       1.23750907, 8.41007653, 1.78957187, 7.44218779, 7.89234344,
       1.84214874, 7.61730199, 5.55784734, 5.52559923, 1.66955383,
       1.47759054, 7.18929771, 1.20495348, 7.44774925, 1.60778342])

========================================================

Final result:
7.677186904541405
5.338362814107055
7.992561143266859
1.5746361315715243
1.5746361315715243
1.5746361315715243
7.541279902198504
1.2375090746386914
8.410076531912784
1.7895718662158995
7.4421877939070225
7.892343437192804
1.8421487417928137
7.6173019916619475
5.557847340952634
5.525599230044607
1.6695538309726274
1.6695538309726274
1.6695538309726274
1.4775905439905614
7.189297707787519
1.204953478260348
7.447749251036352
1.607783421009787
1.607783421009787
1.607783421009787
