2.149468595665443e-06
2.149468595665443e-06
2.1494685960232425e-06
2.1494685959267464e-06
2.1494685959743564e-06
2.1494685965419354e-06
2.1494685961220874e-06
2.149468596159304e-06
2.1494685961255073e-06
2.1494685961408132e-06
2.1494685961702053e-06
2.1494685960136143e-06
2.1494685966702147e-06
2.1494685961756555e-06
2.149468595923572e-06
2.149468596147089e-06
2.1494685961370672e-06
2.1494685961237485e-06
2.149468596112568e-06
2.149468596101818e-06
2.149468596056191e-06
2.1494685960686015e-06
2.1494685960221896e-06
2.1494685959911285e-06
2.149468596037886e-06
2.1494685959951816e-06
2.149468595990764e-06
2.149468595952373e-06
2.149468595970752e-06
2.149468595959174e-06
2.149468595985423e-06
2.1494685958380002e-06
2.1494685960883713e-06
2.149468567778668e-06
2.149468567778668e-06
2.149468568136467e-06
2.1494685680399705e-06
2.14946856808758e-06
2.1494685686551654e-06
2.149468568235314e-06
2.1494685682725335e-06
2.1494685682387314e-06
2.1494685682540377e-06
2.149468568283443e-06
2.1494685681268536e-06
2.14946856878345e-06
2.1494685682889007e-06
2.1494685680368098e-06
2.1494685682603274e-06
2.149468568250292e-06
2.1494685682369907e-06
2.1494685682257964e-06
2.1494685682150505e-06
2.149468568169426e-06
2.1494685681818345e-06
2.1494685681354243e-06
2.149468568104361e-06
2.1494685681511194e-06
2.1494685681084183e-06
2.1494685681039973e-06
2.149468568065598e-06
2.14946856808398e-06
2.1494685680724055e-06
2.149468568098664e-06
2.1494685679512277e-06
2.1494685682016064e-06
2.1494684283426805e-06
2.1494684283426805e-06
2.1494684287004774e-06
2.14946842860399e-06
2.1494684286515917e-06
2.149468429219183e-06
2.1494684287993316e-06
2.1494684288365443e-06
2.1494684288027545e-06
2.1494684288180587e-06
2.149468428847454e-06
2.1494684286908665e-06
2.1494684293474564e-06
2.149468428852908e-06
2.1494684286008303e-06
2.1494684288243436e-06
2.1494684288143135e-06
2.1494684288009956e-06
2.149468428789806e-06
2.1494684287790507e-06
2.149468428733438e-06
2.1494684287458504e-06
2.1494684286994325e-06
2.149468428668389e-06
2.1494684287151285e-06
2.1494684286724236e-06
2.1494684286680055e-06
2.149468428629625e-06
2.1494684286479965e-06
2.149468428636411e-06
2.149468428662678e-06
2.14946842851524e-06
2.149468428765617e-06
2.1494677311626636e-06
2.1494677311626636e-06
2.1494677315204487e-06
2.149467731423967e-06
2.1494677314715816e-06
2.1494677320391543e-06
2.149467731619313e-06
2.1494677316565317e-06
2.1494677316227376e-06
2.1494677316380304e-06
2.149467731667437e-06
2.1494677315108497e-06
2.1494677321674404e-06
2.1494677316728875e-06
2.149467731420805e-06
2.1494677316443145e-06
2.1494677316342933e-06
2.149467731620976e-06
2.14946773160978e-06
2.1494677315990465e-06
2.1494677315534143e-06
2.149467731565833e-06
2.1494677315194195e-06
2.149467731488365e-06
2.149467731535107e-06
2.1494677314924136e-06
2.1494677314879853e-06
2.1494677314495944e-06
2.1494677314679678e-06
2.149467731456397e-06
2.14946773148266e-06
2.149467731335232e-06
2.149467731585594e-06
2.1494642453055723e-06
2.1494642453055723e-06
2.1494642456633705e-06
2.149464245566876e-06
2.1494642456144975e-06
2.1494642461820524e-06
2.1494642457622197e-06
2.14946424579944e-06
2.1494642457656523e-06
2.149464245780958e-06
2.149464245810342e-06
2.149464245653759e-06
2.1494642463103495e-06
2.1494642458157987e-06
2.149464245563726e-06
2.14946424578724e-06
2.1494642457772003e-06
2.1494642457638904e-06
2.1494642457526965e-06
2.149464245741959e-06
2.1494642456963366e-06
2.1494642457087367e-06
2.1494642456623405e-06
2.149464245631271e-06
2.149464245678029e-06
2.149464245635322e-06
2.1494642456308953e-06
2.1494642455925086e-06
2.1494642456108955e-06
2.1494642455992946e-06
2.1494642456255683e-06
2.1494642454781418e-06
2.149464245728512e-06
2.1494468163789262e-06
2.1494468163789262e-06
2.149446816736703e-06
2.149446816640207e-06
2.1494468166878277e-06
2.1494468172553555e-06
2.1494468168355617e-06
2.1494468168727706e-06
2.1494468168389685e-06
2.1494468168542883e-06
2.1494468168836774e-06
2.1494468167270856e-06
2.1494468173836577e-06
2.149446816889133e-06
2.1494468166370536e-06
2.1494468168605695e-06
2.1494468168505326e-06
2.149446816837226e-06
2.149446816826036e-06
2.149446816815288e-06
2.149446816769667e-06
2.1494468167820813e-06
2.149446816735665e-06
2.1494468167046087e-06
2.1494468167513573e-06
2.1494468167086757e-06
2.149446816704242e-06
2.1494468166658544e-06
2.14944681668423e-06
2.149446816672645e-06
2.149446816698911e-06
2.1494468165514707e-06
2.1494468168018163e-06
2.1493596884960704e-06
2.1493596884960704e-06
2.149359688853741e-06
2.1493596887572627e-06
2.149359688804866e-06
2.14935968937222e-06
2.14935968895259e-06
2.1493596889898008e-06
2.149359688956002e-06
2.1493596889713105e-06
2.149359689000705e-06
2.1493596888441327e-06
2.1493596895005748e-06
2.1493596890061748e-06
2.1493596887541084e-06
2.149359688977609e-06
2.1493596889675806e-06
2.1493596889542716e-06
2.14935968894308e-06
2.149359688932341e-06
2.1493596888867126e-06
2.149359688899136e-06
2.1493596888527386e-06
2.149359688821673e-06
2.149359688868406e-06
2.1493596888257445e-06
2.1493596888213153e-06
2.1493596887829223e-06
2.1493596888013127e-06
2.149359688789695e-06
2.1493596888159443e-06
2.1493596886685373e-06
2.1493596889187605e-06
2.148924467647516e-06
2.148924467647516e-06
2.1489244680047405e-06
2.148924467908294e-06
2.1489244679558756e-06
2.1489244685223454e-06
2.1489244681035253e-06
2.148924468140715e-06
2.148924468106955e-06
2.148924468122261e-06
2.1489244681516194e-06
2.148924467995127e-06
2.148924468650934e-06
2.14892446815714e-06
2.14892446790515e-06
2.148924468128614e-06
2.1489244681186046e-06
2.148924468105258e-06
2.1489244680941275e-06
2.1489244680834e-06
2.1489244680377803e-06
2.1489244680501983e-06
2.1489244680038643e-06
2.1489244679728036e-06
2.1489244680194374e-06
2.1489244679768854e-06
2.148924467972459e-06
2.1489244679340777e-06
2.148924467952484e-06
2.1489244679407307e-06
2.1489244679669595e-06
2.1489244678196494e-06
2.1489244680692493e-06
2.146758512037248e-06
2.146758512037248e-06
2.1467585123921388e-06
2.146758512295947e-06
2.146758512343364e-06
2.1467585129054407e-06
2.146758512490725e-06
2.1467585125277902e-06
2.146758512494178e-06
2.146758512509455e-06
2.146758512538747e-06
2.1467585123826135e-06
2.1467585130352134e-06
2.1467585125444726e-06
2.1467585122928305e-06
2.1467585125160546e-06
2.146758512506192e-06
2.1467585124927138e-06
2.146758512481804e-06
2.1467585124711915e-06
2.1467585124255275e-06
2.146758512438011e-06
2.146758512391948e-06
2.146758512360908e-06
2.1467585124070576e-06
2.1467585123650845e-06
2.146758512360664e-06
2.146758512322334e-06
2.1467585123408835e-06
2.1467585123283585e-06
2.1467585123544767e-06
2.146758512207661e-06
2.146758512454165e-06
2.136180752899838e-06
2.136180752899838e-06
2.136180753243237e-06
2.1361807531482472e-06
2.1361807531948323e-06
2.136180753735104e-06
2.1361807533407554e-06
2.1361807533772134e-06
2.1361807533443303e-06
2.13618075335953e-06
2.136180753388349e-06
2.13618075323406e-06
2.136180753870753e-06
2.136180753395163e-06
2.136180753145329e-06
2.1361807533673984e-06
2.1361807533581716e-06
2.1361807533440414e-06
2.1361807533342455e-06
2.1361807533241675e-06
2.136180753278362e-06
2.13618075329108e-06
2.1361807532464416e-06
2.136180753215424e-06
2.136180753259215e-06
2.1361807532201717e-06
2.136180753215776e-06
2.1361807531776892e-06
2.136180753196844e-06
2.136180753180549e-06
2.136180753206089e-06
2.136180753061765e-06
2.1361807532928497e-06
2.089290111232431e-06
2.089290111232431e-06
2.0892901115200506e-06
2.0892901114308834e-06
2.089290111473491e-06
2.089290111907906e-06
2.0892901116123835e-06
2.089290111645898e-06
2.0892901116165996e-06
2.089290111631351e-06
2.089290111657927e-06
2.089290111512581e-06
2.089290112072128e-06
2.0892901116700288e-06
2.0892901114288785e-06
2.0892901116453615e-06
2.0892901116392743e-06
2.0892901116219423e-06
2.0892901116175987e-06
2.0892901116100864e-06
2.0892901115635885e-06
2.089290111577451e-06
2.0892901115396005e-06
2.089290111508863e-06
2.0892901115411802e-06
2.0892901115162855e-06
2.089290111511999e-06
2.0892901114750854e-06
2.0892901114972306e-06
2.089290111462679e-06
2.089290111485485e-06
2.0892901113531885e-06
2.089290111509493e-06
1.9715611209498584e-06
1.9715611209498584e-06
1.971561121000559e-06
1.9715611209360967e-06
1.9715611209618503e-06
1.971561120946656e-06
1.9715611210708613e-06
1.971561121091895e-06
1.9715611210777612e-06
1.971561121090676e-06
1.9715611211077055e-06
1.971561121000335e-06
1.971561121232195e-06
1.9715611211422585e-06
1.9715611209379826e-06
1.971561121130717e-06
1.9715611211379764e-06
1.971561121107098e-06
1.9715611211258545e-06
1.9715611211292646e-06
1.971561121079792e-06
1.9715611210985635e-06
1.9715611210895913e-06
1.971561121060002e-06
1.971561121043536e-06
1.9715611210787484e-06
1.9715611210749643e-06
1.9715611210430117e-06
1.9715611210778853e-06
1.9715611209657763e-06
1.9715611209768677e-06
1.9715611208957423e-06
1.9715611207344118e-06
1.961651721758891e-06
1.961651721758891e-06
1.9616517217317284e-06
1.9616517216753816e-06
1.9616517216955977e-06
1.9616517215326506e-06
1.9616517217947904e-06
1.961651721811724e-06
1.961651721802564e-06
1.9616517218148896e-06
1.9616517218287767e-06
1.9616517217338874e-06
1.961651721858055e-06
1.961651721870697e-06
1.961651721678544e-06
1.9616517218634737e-06
1.961651721875124e-06
1.9616517218397873e-06
1.9616517218661288e-06
1.961651721873139e-06
1.9616517218226895e-06
1.9616517218430666e-06
1.9616517218435926e-06
1.9616517218143823e-06
1.961651721781879e-06
1.961651721836868e-06
1.96165172183323e-06
1.9616517218029223e-06
1.961651721841968e-06
1.9616517217043755e-06
1.961651721711618e-06
1.9616517216472872e-06
1.961651721381586e-06
     fun: 1.968548340000628e-06
     jac: array([-2.44594389e-09, -6.05928108e-09, -4.78550533e-09, -1.97619840e-08,
        1.61389835e-09,  2.68548206e-09,  2.12963869e-09,  2.93013613e-09,
        3.81089649e-09, -2.28430963e-09,  3.15509396e-09,  6.61458444e-09,
       -5.84154236e-09,  6.17961859e-09,  6.97892233e-09,  4.63069227e-09,
        6.41793463e-09,  6.90710067e-09,  3.60094532e-09,  4.94682695e-09,
        5.06295805e-09,  3.15677084e-09,  8.94090135e-10,  4.65871608e-09,
        4.42224746e-09,  2.45520937e-09,  5.04351760e-09, -4.17000479e-09,
       -3.72972409e-09, -7.79010634e-09, -2.75300636e-08])
 message: 'Optimization terminated successfully.'
    nfev: 429
     nit: 13
    njev: 13
  status: 0
 success: True
       x: array([7.86284122, 5.34389591, 8.10090776, 1.32504276, 7.82576191,
       1.19422535, 8.25022473, 1.47783312, 8.29686337, 7.29098949,
       1.18606634, 9.45417489, 5.22214115, 9.08623316, 9.296408  ,
       1.9119533 , 7.15732797, 9.30192633, 9.19771035, 1.42989676,
       9.70442465, 9.36753219, 1.70889581, 2.06561152, 9.24057866,
       2.07374135, 2.21713244, 6.60904121, 1.1808944 , 7.09738789,
       1.64426207])

========================================================

Final result:
7.862841217403502
5.343895909985459
8.10090776096342
1.3250427625316343
1.3250427625316343
1.3250427625316343
7.825761909224073
1.1942253451003395
8.250224728201252
1.477833121754034
8.296863370922592
7.290989486923745
1.1860663440961572
1.1860663440961572
9.454174887406882
5.222141153732647
9.086233156225186
9.29640799942875
1.911953296464519
7.157327974749502
9.301926333997498
9.197710350847075
1.429896760885852
9.70442465351767
9.367532185350996
1.7088958113740145
2.0656115221632807
9.240578658418043
2.073741352309472
2.217132438144829
6.609041207647335
1.180894398917446
7.097387885307336
1.6442620734195863
1.6442620734195863
1.6442620734195863
