10.7925257159
10.7925257159
10.7925257125
10.7925257142
10.7925257141
10.792525714
10.7925257141
10.7925257141
10.7925257123
10.7925257142
10.7925257142
10.7925257128
10.7925257142
10.7925257141
10.7925257145
10.7925257119
10.3979187548
10.3979187548
10.3979187514
10.3979187531
10.397918753
10.397918753
10.397918753
10.3979187531
10.3979187512
10.3979187532
10.3979187532
10.3979187517
10.3979187531
10.3979187531
10.3979187534
10.3979187509
8.45916832563
8.45916832563
8.45916832229
8.45916832392
8.45916832382
8.45916832378
8.45916832384
8.45916832386
8.45916832204
8.45916832393
8.45916832395
8.45916832243
8.45916832397
8.4591683239
8.45916832429
8.45916832193
3.39523218816
3.39523218816
3.39523219022
3.39523218902
3.39523218884
3.39523218871
3.39523218881
3.39523218885
3.39523218977
3.39523218837
3.39523218862
3.39523218828
3.3952321892
3.39523218918
3.39523218968
3.39523219319
3.28439669177
2.8316601351
2.8316601351
2.83166013515
2.83166013493
2.8316601347
2.83166013456
2.83166013469
2.83166013473
2.83166013459
2.83166013432
2.83166013455
2.83166013338
2.83166013512
2.83166013507
2.83166013576
2.8316601377
2.76994292587
2.76994292587
2.76994292596
2.76994292572
2.76994292549
2.76994292535
2.76994292549
2.76994292549
2.76994292542
2.76994292512
2.76994292531
2.7699429242
2.76994292587
2.76994292582
2.76994292647
2.7699429283
2.5230054185
2.5230054185
2.52300541887
2.52300541848
2.52300541823
2.52300541811
2.52300541831
2.52300541812
2.52300541848
2.52300541795
2.5230054179
2.5230054172
2.52300541839
2.52300541839
2.52300541886
2.52300542007
2.35487557563
2.35487557563
2.35487557663
2.35487557592
2.35487557572
2.35487557568
2.35487557599
2.35487557525
2.35487557679
2.35487557574
2.35487557501
2.35487557566
2.35487557518
2.35487557532
2.35487557513
2.35487557419
2.30960461161
2.30960461161
2.30960461245
2.30960461182
2.30960461161
2.30960461155
2.30960461185
2.30960461122
2.3096046125
2.30960461156
2.30960461098
2.30960461134
2.30960461123
2.30960461135
2.30960461131
2.30960461088
2.28271249026
2.28271249026
2.28271249099
2.28271249042
2.28271249022
2.28271249017
2.28271249044
2.28271248988
2.28271249101
2.28271249016
2.28271248964
2.28271248989
2.28271248993
2.28271249004
2.28271249006
2.28271248987
2.18915557983
2.18915557983
2.18915558001
2.18915557976
2.18915557968
2.18915557965
2.18915557983
2.1891555795
2.1891555801
2.18915557963
2.1891555793
2.18915557933
2.18915557968
2.18915557975
2.18915557993
2.18915558044
2.11868518519
2.11868518519
2.11868518485
2.11868518492
2.11868518499
2.11868518501
2.1186851851
2.11868518494
2.11868518514
2.11868518505
2.11868518478
2.1186851849
2.11868518516
2.11868518523
2.11868518543
2.11868518622
2.077135804
2.077135804
2.07713580336
2.07713580364
2.07713580385
2.07713580394
2.07713580396
2.07713580384
2.07713580393
2.07713580406
2.07713580371
2.07713580421
2.07713580401
2.07713580411
2.07713580416
2.07713580467
2.06817581394
2.06817581394
2.06817581338
2.06817581363
2.06817581385
2.06817581397
2.06817581398
2.0681758138
2.06817581402
2.06817581411
2.06817581368
2.06817581437
2.06817581392
2.06817581403
2.06817581398
2.06817581415
2.06339770277
2.06339770277
2.06339770231
2.06339770251
2.06339770271
2.06339770283
2.06339770285
2.06339770263
2.06339770292
2.06339770297
2.06339770252
2.06339770326
2.06339770272
2.06339770285
2.06339770274
2.06339770274
2.05457074635
2.05457074635
2.05457074609
2.05457074618
2.05457074635
2.05457074647
2.05457074647
2.05457074624
2.05457074657
2.05457074658
2.05457074612
2.05457074688
2.05457074628
2.05457074642
2.05457074623
2.05457074599
2.04278602384
2.04278602384
2.04278602386
2.04278602378
2.0427860239
2.04278602403
2.04278602395
2.04278602377
2.04278602403
2.04278602404
2.04278602368
2.04278602429
2.04278602377
2.04278602392
2.04278602365
2.0427860232
2.03275659043
2.03275659043
2.03275659069
2.03275659048
2.03275659054
2.03275659067
2.03275659049
2.03275659045
2.03275659044
2.03275659054
2.03275659038
2.03275659068
2.03275659042
2.03275659057
2.03275659026
2.03275658982
2.02874008659
2.02874008659
2.02874008686
2.02874008664
2.02874008668
2.0287400868
2.02874008656
2.02874008664
2.02874008637
2.02874008659
2.0287400866
2.02874008662
2.02874008664
2.02874008677
2.02874008651
2.02874008627
2.02693223438
2.02693223438
2.02693223458
2.0269322344
2.02693223444
2.02693223456
2.02693223431
2.02693223444
2.02693223407
2.02693223433
2.02693223441
2.02693223432
2.02693223447
2.02693223458
2.02693223437
2.0269322343
2.02534285138
2.02534285138
2.02534285151
2.02534285138
2.02534285143
2.02534285155
2.02534285129
2.02534285145
2.02534285104
2.02534285132
2.02534285142
2.02534285129
2.02534285149
2.02534285159
2.02534285142
2.02534285146
2.02306279739
2.02306279739
2.02306279739
2.02306279733
2.0230627974
2.02306279751
2.02306279728
2.02306279746
2.02306279702
2.0230627973
2.02306279744
2.02306279724
2.02306279752
2.02306279759
2.02306279749
2.02306279769
2.02121012791
2.02121012791
2.02121012773
2.02121012778
2.02121012789
2.02121012797
2.02121012779
2.02121012798
2.02121012757
2.0212101278
2.02121012799
2.02121012769
2.02121012805
2.02121012809
2.02121012807
2.02121012842
2.02058073691
2.02058073691
2.02058073659
2.02058073673
2.02058073688
2.02058073693
2.02058073684
2.020580737
2.02058073673
2.02058073679
2.02058073704
2.02058073664
2.02058073704
2.02058073703
2.02058073709
2.0205807375
2.0205576871
2.0205576871
2.02055768676
2.02055768692
2.02055768709
2.0205576871
2.02055768709
2.0205576872
2.02055768713
2.02055768701
2.02055768727
2.02055768684
2.02055768718
2.02055768713
2.0205576872
2.02055768742
2.02005165928
2.02005165928
2.02005165909
2.02005165917
2.02005165933
2.02005165933
2.02005165935
2.02005165941
2.02005165947
2.02005165924
2.02005165949
2.02005165911
2.02005165934
2.02005165929
2.02005165931
2.02005165935
2.0186569431
2.0186569431
2.01865694296
2.01865694302
2.01865694316
2.01865694317
2.01865694318
2.01865694323
2.0186569433
2.01865694308
2.0186569433
2.01865694295
2.01865694314
2.01865694309
2.01865694309
2.018656943
2.01696467997
2.01696467997
2.01696467992
2.01696467993
2.01696468005
2.01696468006
2.01696468006
2.0169646801
2.01696468019
2.01696467997
2.01696468017
2.01696467987
2.01696468001
2.01696467997
2.01696467994
2.01696467979
2.01408940688
2.01408940688
2.01408940692
2.01408940687
2.01408940697
2.01408940697
2.01408940697
2.01408940699
2.01408940707
2.0140894069
2.01408940705
2.01408940682
2.01408940689
2.01408940686
2.0140894068
2.01408940655
2.01108843748
2.01108843748
2.01108843767
2.01108843753
2.01108843758
2.01108843757
2.01108843757
2.01108843758
2.01108843764
2.01108843754
2.01108843761
2.01108843753
2.01108843747
2.01108843744
2.01108843737
2.01108843708
2.00924715432
2.00924715432
2.00924715455
2.00924715438
2.00924715438
2.00924715434
2.00924715438
2.00924715438
2.00924715438
2.0092471544
2.0092471544
2.00924715443
2.00924715429
2.00924715423
2.00924715422
2.00924715397
2.00901167901
2.00901167901
2.00901167918
2.00901167904
2.00901167904
2.00901167897
2.00901167905
2.00901167906
2.009011679
2.00901167909
2.00901167908
2.00901167913
2.00901167899
2.0090116789
2.00901167898
2.0090116789
2.00899000807
2.00899000807
2.00899000813
2.00899000805
2.00899000807
2.00899000799
2.00899000809
2.00899000811
2.00899000803
2.00899000813
2.00899000813
2.00899000815
2.00899000805
2.00899000795
2.00899000807
2.00899000809
2.00874274999
2.00874274999
2.00874275002
2.00874274996
2.00874274998
2.00874274991
2.00874275001
2.00874275003
2.00874274996
2.00874275004
2.00874275006
2.00874275005
2.00874274998
2.00874274987
2.00874275001
2.00874275006
2.00831959165
2.00831959165
2.00831959164
2.00831959161
2.00831959164
2.00831959157
2.00831959167
2.0083195917
2.00831959163
2.00831959169
2.00831959172
2.00831959169
2.00831959165
2.00831959155
2.00831959168
2.00831959177
2.00773080431
2.00773080431
2.00773080425
2.00773080425
2.0077308043
2.00773080424
2.00773080433
2.00773080437
2.0077308043
2.00773080434
2.00773080439
2.00773080431
2.00773080433
2.00773080423
2.00773080437
2.00773080449
2.00713916964
2.00713916964
2.00713916953
2.00713916957
2.00713916964
2.00713916958
2.00713916966
2.0071391697
2.00713916965
2.00713916966
2.0071391697
2.0071391696
2.00713916968
2.0071391696
2.00713916971
2.00713916986
2.00670452717
2.00670452717
2.00670452706
2.0067045271
2.00670452718
2.00670452714
2.0067045272
2.00670452722
2.0067045272
2.00670452718
2.0067045272
2.00670452712
2.00670452723
2.00670452717
2.00670452723
2.00670452735
2.00643392624
2.00643392624
2.00643392619
2.00643392621
2.00643392627
2.00643392624
2.00643392628
2.00643392629
2.00643392627
2.00643392627
2.00643392624
2.00643392622
2.0064339263
2.00643392627
2.00643392628
2.00643392633
2.0062190837
2.0062190837
2.0062190837
2.00621908368
2.00621908373
2.00621908371
2.00621908374
2.00621908375
2.00621908373
2.00621908374
2.00621908369
2.0062190837
2.00621908375
2.00621908372
2.00621908372
2.00621908373
2.00608207072
2.00608207072
2.00608207072
2.0060820707
2.00608207075
2.00608207072
2.00608207076
2.00608207076
2.00608207074
2.00608207076
2.00608207071
2.00608207072
2.00608207076
2.00608207073
2.00608207074
2.00608207074
2.00603547265
2.00603547265
2.00603547266
2.00603547264
2.00603547268
2.00603547266
2.00603547269
2.0060354727
2.00603547267
2.00603547269
2.00603547264
2.00603547266
2.0060354727
2.00603547267
2.00603547267
2.00603547267
2.00592243645
2.00592243645
2.00592243646
2.00592243644
2.00592243648
2.00592243645
2.00592243649
2.00592243649
2.00592243647
2.00592243649
2.00592243644
2.00592243646
2.00592243649
2.00592243646
2.00592243647
2.00592243647
2.00580727183
2.00580727183
2.00580727185
2.00580727182
2.00580727187
2.00580727184
2.00580727187
2.00580727188
2.00580727185
2.00580727188
2.00580727182
2.00580727185
2.00580727187
2.00580727184
2.00580727185
2.00580727185
2.00572023926
2.00572023926
2.00572023927
2.00572023925
2.00572023929
2.00572023926
2.0057202393
2.0057202393
2.00572023927
2.0057202393
2.00572023925
2.00572023927
2.00572023929
2.00572023925
2.00572023927
2.00572023927
2.00579705311
2.00579705311
2.00579705312
2.0057970531
2.00579705314
2.00579705313
2.00579705315
2.00579705315
2.00579705312
2.00579705315
2.0057970531
2.00579705312
2.00579705314
2.0057970531
2.00579705312
2.00579705312
2.00602623631
2.00602623631
2.00602623632
2.0060262363
2.00602623635
2.00602623634
2.00602623635
2.00602623635
2.00602623633
2.00602623635
2.0060262363
2.00602623632
2.00602623634
2.0060262363
2.00602623633
2.00602623633
2.00618114659
2.00618114659
2.00618114659
2.00618114658
2.00618114663
2.00618114662
2.00618114663
2.00618114663
2.00618114661
2.00618114663
2.00618114658
2.0061811466
2.00618114662
2.00618114659
2.00618114661
2.00618114662
2.00622117935
2.00622117935
2.00622117935
2.00622117934
2.00622117939
2.00622117938
2.00622117939
2.00622117939
2.00622117937
2.00622117939
2.00622117934
2.00622117935
2.00622117938
2.00622117935
2.00622117937
2.00622117938
2.00624510364
2.00624510364
2.00624510364
2.00624510363
2.00624510368
2.00624510367
2.00624510369
2.00624510369
2.00624510367
2.00624510369
2.00624510363
2.00624510365
2.00624510368
2.00624510364
2.00624510366
2.00624510367
2.00628299824
2.00628299824
2.00628299824
2.00628299823
2.00628299828
2.00628299827
2.00628299829
2.00628299829
2.00628299827
2.00628299828
2.00628299823
2.00628299825
2.00628299828
2.00628299825
2.00628299826
2.00628299827
2.00632590934
2.00632590934
2.00632590933
2.00632590932
2.00632590938
2.00632590936
2.00632590938
2.00632590938
2.00632590936
2.00632590938
2.00632590933
2.00632590934
2.00632590938
2.00632590935
2.00632590936
2.00632590937
2.00635555945
2.00635555945
2.00635555944
2.00635555943
2.00635555948
2.00635555947
2.00635555949
2.00635555949
2.00635555947
2.00635555949
2.00635555943
2.00635555945
2.00635555949
2.00635555946
2.00635555947
2.00635555948
2.00630547459
2.00630547459
2.00630547458
2.00630547457
2.00630547462
2.0063054746
2.00630547463
2.00630547463
2.00630547461
2.00630547463
2.00630547458
2.00630547459
2.00630547463
2.0063054746
2.00630547461
2.00630547462
2.00617797859
2.00617797859
2.00617797859
2.00617797858
2.00617797863
2.00617797861
2.00617797863
2.00617797863
2.00617797862
2.00617797863
2.00617797858
2.00617797859
2.00617797863
2.0061779786
2.00617797861
2.00617797862
2.00610134141
2.00610134141
2.00610134141
2.0061013414
2.00610134145
2.00610134143
2.00610134146
2.00610134145
2.00610134144
2.00610134146
2.0061013414
2.00610134142
2.00610134145
2.00610134142
2.00610134143
2.00610134144
2.00608768048
     fun: 2.016525742231979
     jac: array([ -1.96993351e-05,  -6.14523888e-05,  -5.96642494e-05,
        -3.26931477e-05,   2.19941139e-05,  -1.67191029e-05,
         1.80006027e-05,   1.00851059e-04,   1.19805336e-05,
        -8.07344913e-05,   4.41074371e-05,   1.04427338e-04,
        -7.12275505e-06,   1.66594982e-05])
 message: 'Optimization terminated successfully.'
    nfev: 898
     nit: 56
    njev: 56
  status: 0
 success: True
       x: array([ 1.60197946,  7.92262205,  8.21790524,  1.33265594,  9.30676785,
        7.91713831,  1.77678049,  9.47441666,  6.40692289,  7.23753656,
        6.77821721,  1.22376614,  7.65820057,  1.81338871])

========================================================

Final result:
1.60197945974
7.92262204841
1.60197945974
8.21790523841
1.33265593971
9.30676785269
7.91713830633
1.77678049036
1.77678049036
9.47441666379
6.4069228901
7.23753656404
7.23753656404
6.77821720613
1.22376613813
7.6582005746
1.81338871229
1.81338871229
1.81338871229
