5.100938694721285e-07
5.100938694721285e-07
5.100938700284166e-07
5.100938697590903e-07
5.10093869831854e-07
5.10093869848179e-07
5.100938698226224e-07
5.100938698480748e-07
5.100938701700834e-07
5.100938697744372e-07
5.10093869780388e-07
5.100938697104281e-07
5.10093869757153e-07
5.100938697367729e-07
5.100938698751688e-07
5.100938698830039e-07
5.100938698226982e-07
5.100938704658408e-07
5.100938548352321e-07
5.100938548352321e-07
5.100938553915237e-07
5.100938551221946e-07
5.10093855194959e-07
5.100938552112846e-07
5.100938551857267e-07
5.100938552111801e-07
5.10093855533189e-07
5.100938551375431e-07
5.100938551434932e-07
5.100938550735332e-07
5.100938551202548e-07
5.100938550998788e-07
5.100938552382734e-07
5.100938552461089e-07
5.100938551858058e-07
5.100938558289466e-07
5.100937816505153e-07
5.100937816505153e-07
5.100937822068032e-07
5.100937819374752e-07
5.100937820102417e-07
5.10093782026566e-07
5.100937820010073e-07
5.100937820264572e-07
5.100937823484698e-07
5.100937819528231e-07
5.100937819587729e-07
5.100937818888152e-07
5.100937819355377e-07
5.100937819151584e-07
5.100937820535528e-07
5.100937820613888e-07
5.100937820010846e-07
5.100937826442248e-07
5.100934157299081e-07
5.100934157299081e-07
5.100934162861945e-07
5.10093416016869e-07
5.100934160896345e-07
5.100934161059588e-07
5.100934160804006e-07
5.100934161058523e-07
5.100934164278619e-07
5.100934160322177e-07
5.100934160381648e-07
5.100934159682107e-07
5.100934160149314e-07
5.100934159945523e-07
5.100934161329465e-07
5.100934161407822e-07
5.100934160804772e-07
5.100934167236162e-07
5.100915861419687e-07
5.100915861419687e-07
5.100915866982478e-07
5.100915864289253e-07
5.100915865016865e-07
5.100915865180165e-07
5.100915864924569e-07
5.10091586517908e-07
5.10091586839912e-07
5.100915864442731e-07
5.100915864502232e-07
5.100915863802659e-07
5.100915864269884e-07
5.100915864066093e-07
5.10091586545002e-07
5.100915865528369e-07
5.10091586492531e-07
5.100915871356628e-07
5.10082438719155e-07
5.10082438719155e-07
5.100824392753941e-07
5.100824390060928e-07
5.100824390788536e-07
5.100824390951815e-07
5.100824390696231e-07
5.100824390950723e-07
5.100824394170554e-07
5.100824390214425e-07
5.100824390273911e-07
5.10082438957437e-07
5.100824390041595e-07
5.10082438983785e-07
5.100824391221642e-07
5.100824391300006e-07
5.100824390696974e-07
5.100824397127751e-07
5.10036714192938e-07
5.10036714192938e-07
5.100367147489483e-07
5.100367144797611e-07
5.100367145525194e-07
5.100367145688474e-07
5.100367145432932e-07
5.100367145687341e-07
5.100367148906067e-07
5.100367144951314e-07
5.100367145010602e-07
5.100367144311321e-07
5.100367144778629e-07
5.100367144574958e-07
5.10036714595818e-07
5.100367146036522e-07
5.10036714543348e-07
5.100367151861744e-07
5.098084136002752e-07
5.098084136002752e-07
5.098084141551789e-07
5.098084138865451e-07
5.098084139592824e-07
5.098084139756134e-07
5.098084139500807e-07
5.098084139754809e-07
5.098084142968066e-07
5.098084139020049e-07
5.09808413907856e-07
5.098084138380456e-07
5.098084138848094e-07
5.098084138644889e-07
5.098084140025195e-07
5.098084140103443e-07
5.098084139500543e-07
5.098084145916173e-07
5.086748957250513e-07
5.086748957250513e-07
5.086748962744227e-07
5.086748960085633e-07
5.086748960811951e-07
5.086748960975445e-07
5.086748960721013e-07
5.086748960972991e-07
5.086748964158976e-07
5.086748960244685e-07
5.086748960299163e-07
5.086748959606964e-07
5.086748960076288e-07
5.086748959875447e-07
5.086748961241259e-07
5.086748961319005e-07
5.086748960716689e-07
5.086748967069287e-07
5.032041644944317e-07
5.032041644944317e-07
5.032041650163977e-07
5.032041647642653e-07
5.032041648363786e-07
5.032041648528175e-07
5.032041648278424e-07
5.032041648520384e-07
5.03204165157106e-07
5.032041647823975e-07
5.032041647858597e-07
5.03204164719552e-07
5.032041647673269e-07
5.032041647484015e-07
5.032041648777921e-07
5.032041648853371e-07
5.032041648253958e-07
5.032041654294225e-07
4.804282069982224e-07
4.804282069982224e-07
4.804282073893004e-07
4.80428207202736e-07
4.804282072723715e-07
4.804282072892294e-07
4.804282072664851e-07
4.804282072858894e-07
4.804282075263501e-07
4.80428207231488e-07
4.804282072254607e-07
4.804282071730651e-07
4.804282072248567e-07
4.804282072114848e-07
4.804282073065387e-07
4.804282073129708e-07
4.80428207254408e-07
4.804282077092872e-07
4.4436908456565656e-07
4.4436908456565656e-07
4.4436908450460576e-07
4.4436908454453987e-07
4.443690846056154e-07
4.443690846239269e-07
4.44369084608892e-07
4.4436908461174256e-07
4.4436908462902775e-07
4.4436908460998767e-07
4.4436908457117397e-07
4.443690845668441e-07
4.4436908463250694e-07
4.443690846383111e-07
4.443690846147485e-07
4.4436908461734325e-07
4.4436908456354956e-07
4.4436908450320794e-07
     fun: 4.464217023075002e-07
     jac: array([-5.39619904e-09, -1.75220194e-09,  2.26154384e-09,  3.47134232e-09,
        2.49221088e-09,  2.65378830e-09,  2.62277666e-09,  2.62200572e-09,
        1.03135278e-11, -1.98564720e-10,  4.15343493e-09,  4.56673988e-09,
        2.82387802e-09,  2.98885894e-09, -5.50759438e-10, -7.67191111e-09])
 message: 'Optimization terminated successfully.'
    nfev: 216
     nit: 12
    njev: 12
  status: 0
 success: True
       x: array([1.2927539 , 6.91652251, 7.90336254, 1.66343119, 7.84140459,
       8.36364406, 1.50528258, 7.52388679, 5.79898025, 5.3516513 ,
       5.80107532, 1.52319088, 7.32862455, 1.23388034, 7.43018264,
       1.44884612])

========================================================

Final result:
1.2927538966137542
6.916522505562594
1.2927538966137542
7.903362543054423
1.6634311931844685
7.8414045873478955
8.363644063451664
1.505282583708556
1.505282583708556
7.523886786127132
5.798980252753807
5.351651301990507
5.801075324678523
1.5231908804252363
7.328624546797905
1.2338803429477283
7.4301826434905776
1.4488461213713146
1.4488461213713146
1.4488461213713146
