9.29605501991
9.29605501991
9.2960550182
9.29605501825
9.29605501842
9.29605501564
9.29605501809
9.29605501809
9.2960550181
9.29605501812
9.29605501636
9.29605501822
9.29605501819
9.29605501815
9.29605501843
9.2960550157
8.90770352813
8.90770352813
8.90770352642
8.90770352647
8.90770352665
8.9077035239
8.90770352631
8.90770352631
8.90770352632
8.90770352634
8.90770352458
8.90770352643
8.90770352641
8.90770352637
8.90770352666
8.90770352396
7.01459642657
7.01459642657
7.01459642487
7.01459642488
7.01459642516
7.01459642261
7.01459642475
7.01459642475
7.01459642476
7.01459642477
7.01459642303
7.01459642484
7.01459642487
7.01459642483
7.01459642517
7.01459642268
4.19317634175
4.19317634175
4.19317634268
4.19317634233
4.19317634316
4.19317634643
4.19317634267
4.19317634273
4.19317634262
4.19317634254
4.19317634363
4.19317634229
4.19317634282
4.19317634282
4.19317634318
4.19317634643
2.99635596679
2.99635596679
2.99635596569
2.99635596544
2.99635596636
2.99635596612
2.99635596557
2.99635596562
2.99635596554
2.99635596549
2.99635596451
2.99635596537
2.99635596581
2.99635596576
2.99635596639
2.99635596618
2.71649534424
2.71649534424
2.71649534389
2.71649534354
2.71649534461
2.71649534601
2.71649534381
2.71649534388
2.71649534378
2.71649534369
2.71649534355
2.71649534347
2.71649534405
2.71649534402
2.71649534464
2.71649534605
2.66740133223
2.66740133223
2.66740133177
2.66740133143
2.66740133247
2.66740133362
2.66740133169
2.66740133177
2.66740133167
2.66740133158
2.66740133136
2.66740133137
2.66740133192
2.6674013319
2.6674013325
2.66740133365
2.45332742685
2.45332742685
2.45332742607
2.45332742579
2.45332742661
2.45332742668
2.45332742607
2.45332742615
2.45332742615
2.45332742595
2.45332742582
2.45332742575
2.45332742619
2.45332742622
2.45332742663
2.45332742667
2.28015473064
2.28015473064
2.28015472988
2.28015472966
2.28015473018
2.28015472962
2.28015473003
2.28015473012
2.28015473022
2.28015472988
2.28015473033
2.28015472967
2.28015472999
2.28015473009
2.28015473018
2.28015472953
2.17989110602
2.17989110602
2.17989110561
2.17989110541
2.17989110572
2.17989110531
2.1798911059
2.17989110599
2.17989110616
2.17989110571
2.17989110694
2.17989110546
2.17989110571
2.17989110588
2.1798911057
2.17989110517
2.15567016841
2.15567016841
2.15567016816
2.15567016795
2.15567016827
2.15567016817
2.15567016845
2.15567016855
2.15567016871
2.15567016827
2.15567016964
2.155670168
2.15567016827
2.15567016844
2.15567016825
2.15567016805
2.13135280862
2.13135280862
2.13135280849
2.13135280827
2.13135280861
2.13135280878
2.13135280877
2.13135280888
2.13135280901
2.13135280859
2.13135281
2.13135280832
2.13135280861
2.13135280878
2.1313528086
2.13135280869
2.07825144068
2.07825144068
2.07825144075
2.07825144052
2.07825144087
2.07825144143
2.078251441
2.07825144111
2.07825144118
2.07825144084
2.07825144216
2.07825144059
2.07825144089
2.07825144104
2.0782514409
2.07825144145
1.99676102144
1.99676102144
1.9967610217
1.9967610215
1.9967610218
1.99676102263
1.99676102189
1.99676102203
1.99676102197
1.99676102178
1.99676102275
1.9967610216
1.99676102186
1.99676102199
1.99676102188
1.99676102286
1.90746598272
1.90746598272
1.90746598298
1.90746598287
1.90746598301
1.90746598363
1.9074659831
1.90746598325
1.90746598306
1.90746598305
1.90746598336
1.90746598299
1.90746598314
1.90746598326
1.90746598316
1.90746598407
1.86621256626
1.86621256626
1.86621256632
1.86621256627
1.8662125663
1.86621256636
1.86621256641
1.86621256657
1.86621256633
1.86621256639
1.86621256626
1.8662125664
1.86621256645
1.86621256657
1.86621256644
1.86621256681
1.85943534791
1.85943534791
1.85943534787
1.85943534783
1.85943534784
1.8594353477
1.85943534797
1.85943534813
1.8594353479
1.85943534794
1.85943534778
1.85943534795
1.85943534798
1.8594353481
1.85943534795
1.85943534803
1.85783995443
1.85783995443
1.85783995437
1.85783995433
1.85783995435
1.85783995418
1.85783995447
1.85783995462
1.8578399544
1.85783995443
1.85783995429
1.85783995443
1.85783995446
1.85783995458
1.85783995443
1.85783995443
1.85511202778
1.85511202778
1.85511202772
1.85511202767
1.85511202771
1.85511202758
1.85511202781
1.85511202795
1.85511202775
1.85511202774
1.85511202765
1.85511202774
1.85511202776
1.85511202788
1.85511202771
1.85511202756
1.85296521796
1.85296521796
1.85296521792
1.85296521787
1.85296521794
1.85296521792
1.85296521799
1.85296521812
1.85296521792
1.85296521789
1.85296521784
1.85296521788
1.85296521788
1.85296521799
1.85296521782
1.85296521752
1.85195964197
1.85195964197
1.851959642
1.85195964195
1.85195964203
1.8519596422
1.85195964203
1.85195964214
1.85195964194
1.8519596419
1.85195964188
1.85195964189
1.85195964187
1.85195964197
1.85195964179
1.85195964139
1.85163180027
1.85163180027
1.85163180037
1.85163180033
1.85163180042
1.85163180075
1.85163180037
1.85163180045
1.85163180027
1.85163180022
1.8516318002
1.85163180023
1.85163180018
1.85163180026
1.8516318001
1.8516317997
1.8507062351
1.8507062351
1.85070623525
1.85070623523
1.8507062353
1.85070623573
1.85070623522
1.85070623527
1.85070623512
1.85070623509
1.85070623506
1.85070623511
1.85070623504
1.8507062351
1.85070623497
1.85070623466
1.84828503569
1.84828503569
1.84828503587
1.84828503587
1.84828503589
1.84828503633
1.84828503581
1.84828503582
1.84828503573
1.84828503573
1.84828503569
1.84828503576
1.84828503569
1.84828503571
1.84828503564
1.8482850355
1.84480666936
1.84480666936
1.8448066695
1.84480666953
1.84480666949
1.84480666978
1.84480666943
1.84480666939
1.8448066694
1.84480666943
1.84480666939
1.84480666946
1.84480666939
1.84480666938
1.84480666937
1.8448066694
1.84238568068
1.84238568068
1.84238568075
1.8423856808
1.84238568072
1.84238568079
1.8423856807
1.84238568062
1.84238568071
1.84238568074
1.84238568073
1.84238568077
1.84238568071
1.84238568068
1.84238568072
1.8423856808
1.84119381189
1.84119381189
1.84119381192
1.84119381197
1.84119381188
1.84119381184
1.84119381187
1.84119381179
1.84119381191
1.84119381193
1.84119381193
1.84119381194
1.84119381189
1.84119381186
1.8411938119
1.84119381194
1.84060052059
1.84060052059
1.8406005206
1.84060052065
1.84060052056
1.8406005205
1.84060052056
1.84060052048
1.8406005206
1.84060052061
1.84060052063
1.84060052062
1.84060052058
1.84060052055
1.84060052058
1.84060052059
1.83999540369
1.83999540369
1.83999540368
1.83999540371
1.83999540364
1.83999540355
1.83999540364
1.83999540357
1.83999540369
1.83999540369
1.83999540372
1.83999540369
1.83999540365
1.83999540363
1.83999540365
1.8399954036
1.83977049412
1.83977049412
1.83977049408
1.83977049411
1.83977049406
1.83977049393
1.83977049406
1.839770494
1.83977049411
1.83977049409
1.83977049414
1.83977049409
1.83977049405
1.83977049404
1.83977049405
1.83977049392
1.84077552316
1.84077552316
1.8407755231
1.8407755231
1.84077552309
1.84077552294
1.8407755231
1.84077552306
1.84077552314
1.8407755231
1.84077552317
1.84077552308
1.84077552307
1.84077552306
1.84077552305
1.84077552283
1.84294816876
1.84294816876
1.84294816869
1.84294816865
1.84294816869
1.84294816855
1.84294816872
1.8429481687
1.84294816874
1.84294816869
1.84294816875
1.84294816865
1.84294816866
1.84294816865
1.84294816864
1.84294816837
1.84382614943
1.84382614943
1.84382614939
1.84382614932
1.84382614939
1.84382614932
1.84382614943
1.84382614942
1.84382614943
1.8438261494
1.84382614942
1.84382614935
1.84382614938
1.84382614936
1.84382614935
1.84382614917
1.84331120558
1.84331120558
1.84331120558
1.84331120551
1.84331120558
1.84331120556
1.84331120561
1.84331120559
1.8433112056
1.84331120559
1.84331120558
1.84331120555
1.84331120558
1.84331120555
1.84331120556
1.8433112055
1.8427583765
1.8427583765
1.84275837652
1.84275837645
1.84275837651
1.84275837652
1.84275837654
1.84275837652
1.84275837653
1.84275837653
1.84275837651
1.84275837649
1.84275837652
1.84275837649
1.84275837651
1.8427583765
1.84253487271
1.84253487271
1.84253487273
1.84253487267
1.84253487272
1.84253487273
1.84253487275
1.84253487273
1.84253487274
1.84253487275
1.84253487272
1.84253487271
1.84253487274
1.8425348727
1.84253487272
1.84253487272
1.84239645708
1.84239645708
1.84239645709
1.84239645703
1.84239645708
1.84239645709
1.84239645711
1.84239645709
1.8423964571
1.84239645711
1.84239645709
1.84239645707
1.8423964571
1.84239645707
1.84239645709
1.84239645709
1.84207847448
1.84207847448
1.8420784745
1.84207847444
1.84207847449
1.8420784745
1.84207847452
1.84207847449
1.84207847451
1.84207847452
1.84207847449
1.84207847448
1.84207847451
1.84207847448
1.84207847449
1.8420784745
1.84168086394
1.84168086394
1.84168086396
1.84168086391
1.84168086395
1.84168086396
1.84168086398
1.84168086395
1.84168086397
1.84168086397
1.84168086395
1.84168086393
1.84168086397
1.84168086394
1.84168086395
1.84168086397
1.84127182647
1.84127182647
1.84127182649
1.84127182645
1.84127182648
1.84127182649
1.8412718265
1.84127182647
1.8412718265
1.8412718265
1.84127182648
1.84127182646
1.8412718265
1.84127182648
1.84127182649
1.8412718265
1.84121503095
1.84121503095
1.84121503098
1.84121503093
1.84121503096
1.84121503097
1.84121503098
1.84121503095
1.84121503098
1.84121503098
1.84121503097
1.84121503093
1.84121503099
1.84121503097
1.84121503097
1.84121503098
1.84152991529
1.84152991529
1.84152991531
1.84152991527
1.8415299153
1.8415299153
1.84152991532
1.84152991529
1.84152991531
1.84152991531
1.8415299153
1.84152991526
1.84152991532
1.84152991531
1.8415299153
1.8415299153
1.84177444107
1.84177444107
1.84177444109
1.84177444104
1.84177444108
1.84177444108
1.8417744411
1.84177444107
1.84177444109
1.84177444109
1.84177444108
1.84177444103
1.8417744411
1.84177444109
1.84177444108
1.84177444107
1.8418687826
1.8418687826
1.84186878262
1.84186878257
1.84186878261
1.84186878261
1.84186878263
1.8418687826
1.84186878262
1.84186878262
1.84186878261
1.84186878256
1.84186878263
1.84186878262
1.84186878261
1.8418687826
1.84197610402
1.84197610402
1.84197610404
1.84197610398
1.84197610403
1.84197610403
1.84197610405
1.84197610402
1.84197610404
1.84197610404
1.84197610403
1.84197610398
1.84197610404
1.84197610403
1.84197610402
1.84197610402
1.84207282908
1.84207282908
1.84207282911
1.84207282905
1.84207282909
1.8420728291
1.84207282912
1.84207282909
1.84207282911
1.84207282911
1.84207282909
1.84207282905
1.84207282911
1.8420728291
1.84207282909
1.84207282908
1.84206121224
1.84206121224
1.84206121226
1.8420612122
1.84206121225
1.84206121226
1.84206121228
1.84206121226
1.84206121227
1.84206121226
1.84206121225
1.84206121221
1.84206121227
1.84206121225
1.84206121225
1.84206121224
1.84174172397
1.84174172397
1.84174172399
1.84174172393
1.84174172398
1.84174172399
1.84174172401
1.84174172399
1.841741724
1.84174172399
1.84174172398
1.84174172395
1.84174172399
1.84174172397
1.84174172398
1.84174172397
1.84112372606
1.84112372606
1.84112372608
1.84112372602
1.84112372607
1.84112372608
1.8411237261
1.84112372608
1.84112372608
1.84112372608
1.84112372607
1.84112372604
1.84112372608
1.84112372605
1.84112372607
1.84112372606
1.84069528548
1.84069528548
1.84069528551
1.84069528545
1.84069528549
1.8406952855
1.84069528552
1.8406952855
1.84069528551
1.84069528551
1.84069528549
1.84069528546
1.8406952855
1.84069528548
1.84069528549
1.84069528549
1.84060247178
1.84060247178
1.8406024718
1.84060247175
1.84060247179
1.84060247179
1.84060247181
1.84060247179
1.8406024718
1.8406024718
1.84060247179
1.84060247176
1.8406024718
1.84060247178
1.84060247179
1.84060247179
1.8405955892
1.8405955892
1.84059558922
1.84059558917
1.84059558921
1.84059558922
1.84059558924
1.84059558922
1.84059558922
1.84059558922
1.84059558921
1.84059558918
1.84059558922
1.8405955892
1.84059558921
1.84059558921
1.84058890988
1.84058890988
1.8405889099
1.84058890985
1.84058890989
1.84058890989
1.84058890991
1.84058890989
1.8405889099
1.8405889099
1.84058890989
1.84058890986
1.8405889099
1.84058890988
1.84058890989
1.84058890989
1.84057935163
1.84057935163
1.84057935166
1.84057935161
1.84057935165
1.84057935165
1.84057935167
1.84057935165
1.84057935166
1.84057935166
1.84057935165
1.84057935161
1.84057935166
1.84057935164
1.84057935164
1.84057935165
1.84056643213
1.84056643213
1.84056643215
1.8405664321
1.84056643214
1.84056643215
1.84056643217
1.84056643214
1.84056643216
1.84056643216
1.84056643214
1.84056643211
1.84056643216
1.84056643214
1.84056643214
1.84056643214
1.84055757334
1.84055757334
1.84055757336
1.84055757331
1.84055757336
1.84055757336
1.84055757338
1.84055757335
1.84055757337
1.84055757337
1.84055757336
1.84055757333
1.84055757337
1.84055757335
1.84055757335
1.84055757336
1.84055541673
1.84055541673
1.84055541675
1.8405554167
1.84055541674
1.84055541675
1.84055541677
1.84055541674
1.84055541676
1.84055541676
1.84055541674
1.84055541672
1.84055541676
1.84055541674
1.84055541674
1.84055541674
     fun: 1.8462816983149508
     jac: array([  3.31103802e-05,  -8.06152821e-06,   1.32173300e-05,
         6.79492950e-06,  -4.72664833e-05,  -3.18586826e-05,
        -8.15987587e-05,   1.75833702e-06,   2.97427177e-05,
         1.85519457e-05,   5.64008951e-05,   5.52982092e-05,
         3.48240137e-05,  -2.32458115e-06])
 message: 'Optimization terminated successfully.'
    nfev: 912
     nit: 57
    njev: 57
  status: 0
 success: True
       x: array([ 7.04037928,  6.56786043,  7.72952836,  1.84514823,  6.41035046,
        1.27255747,  7.36068756,  7.33880959,  1.9017574 ,  6.41673648,
        6.75694059,  1.31028888,  7.25334446,  1.87170887])

========================================================

Final result:
7.04037928226
6.56786043132
7.72952835861
1.84514823229
1.84514823229
1.84514823229
6.41035045973
1.27255747005
7.36068756449
7.33880959128
1.90175739933
1.90175739933
6.41673648375
6.75694058539
1.31028887532
7.25334445705
1.87170887401
1.87170887401
1.87170887401
