5.826818207209883e-07
5.826818207209883e-07
5.826818210742734e-07
5.826818209980559e-07
5.826818210257054e-07
5.826818215832296e-07
5.826818211510214e-07
5.826818211723124e-07
5.826818211475081e-07
5.826818211616119e-07
5.826818211615646e-07
5.826818210596854e-07
5.826818215873297e-07
5.826818211427823e-07
5.826818209949264e-07
5.826818215490697e-07
5.826818211000937e-07
5.82681821453581e-07
5.826818210521312e-07
5.826818213479686e-07
5.826818210201102e-07
5.826818213142605e-07
5.826818210140962e-07
5.82681820961751e-07
5.826817956399381e-07
5.826817956399381e-07
5.826817959932268e-07
5.82681795917003e-07
5.826817959446539e-07
5.82681796502179e-07
5.826817960699717e-07
5.826817960912598e-07
5.826817960664579e-07
5.826817960805644e-07
5.82681796080512e-07
5.826817959786387e-07
5.826817965062803e-07
5.826817960617353e-07
5.826817959138792e-07
5.826817964680172e-07
5.826817960190484e-07
5.826817963725291e-07
5.826817959710827e-07
5.826817962669174e-07
5.826817959390584e-07
5.826817962332089e-07
5.826817959330449e-07
5.82681795880704e-07
5.826816702347315e-07
5.826816702347315e-07
5.826816705880165e-07
5.826816705117951e-07
5.82681670539444e-07
5.826816710969669e-07
5.826816706647602e-07
5.826816706860469e-07
5.826816706612484e-07
5.826816706753569e-07
5.826816706753062e-07
5.826816705734252e-07
5.826816711010735e-07
5.826816706565253e-07
5.826816705086707e-07
5.826816710628077e-07
5.826816706138361e-07
5.826816709673232e-07
5.826816705658763e-07
5.826816708617099e-07
5.826816705338514e-07
5.826816708279994e-07
5.826816705278368e-07
5.826816704754951e-07
5.826810432125288e-07
5.826810432125288e-07
5.826810435658129e-07
5.826810434895944e-07
5.826810435172445e-07
5.826810440747657e-07
5.826810436425604e-07
5.826810436638487e-07
5.826810436390462e-07
5.826810436531535e-07
5.82681043653101e-07
5.826810435512268e-07
5.826810440788676e-07
5.826810436343224e-07
5.826810434864626e-07
5.826810440406041e-07
5.826810435916351e-07
5.826810439451186e-07
5.826810435436701e-07
5.826810438395022e-07
5.826810435116503e-07
5.826810438058001e-07
5.826810435056328e-07
5.8268104345329e-07
5.826779081274306e-07
5.826779081274306e-07
5.826779084807115e-07
5.8267790840449e-07
5.826779084321394e-07
5.826779089896539e-07
5.826779085574625e-07
5.82677908578744e-07
5.826779085539416e-07
5.826779085680496e-07
5.826779085679995e-07
5.826779084661239e-07
5.826779089937568e-07
5.826779085492175e-07
5.82677908401365e-07
5.826779089554921e-07
5.826779085065289e-07
5.826779088600119e-07
5.826779084585693e-07
5.826779087543966e-07
5.826779084265471e-07
5.826779087206929e-07
5.826779084205354e-07
5.826779083681925e-07
5.826622335256976e-07
5.826622335256976e-07
5.826622338789558e-07
5.826622338027365e-07
5.826622338303889e-07
5.826622343878584e-07
5.826622339557033e-07
5.826622339769859e-07
5.826622339521849e-07
5.826622339662928e-07
5.826622339662399e-07
5.826622338643685e-07
5.826622343919725e-07
5.82662233947458e-07
5.826622337996147e-07
5.826622343537042e-07
5.826622339047699e-07
5.826622342582239e-07
5.826622338568142e-07
5.826622341526153e-07
5.826622338247911e-07
5.826622341189173e-07
5.826622338187814e-07
5.826622337664395e-07
5.825838811466408e-07
5.825838811466408e-07
5.825838814997957e-07
5.825838814235938e-07
5.825838814512315e-07
5.825838820085045e-07
5.825838815765305e-07
5.82583881597811e-07
5.825838815730143e-07
5.82583881587119e-07
5.825838815870505e-07
5.825838814852168e-07
5.82583882012647e-07
5.825838815682688e-07
5.825838814204731e-07
5.825838819743742e-07
5.825838815255867e-07
5.825838818789102e-07
5.825838814776417e-07
5.825838817733323e-07
5.825838814456325e-07
5.825838817396619e-07
5.825838814396398e-07
5.825838813873119e-07
5.821926294050866e-07
5.821926294050866e-07
5.821926297577156e-07
5.821926296815672e-07
5.821926297091723e-07
5.821926302654622e-07
5.821926298343942e-07
5.82192629855643e-07
5.82192629830874e-07
5.821926298449784e-07
5.821926298448428e-07
5.821926297431734e-07
5.821926302697609e-07
5.821926298260354e-07
5.82192629678499e-07
5.821926302314475e-07
5.821926297833822e-07
5.821926301360588e-07
5.821926297355012e-07
5.821926300306267e-07
5.821926297035619e-07
5.821926299971178e-07
5.821926296976505e-07
5.821926296453883e-07
5.802491191905607e-07
5.802491191905607e-07
5.802491195405676e-07
5.802491194647211e-07
5.802491194921293e-07
5.802491200434921e-07
5.802491196169454e-07
5.802491196380649e-07
5.802491196134266e-07
5.802491196275165e-07
5.802491196270387e-07
5.802491195262177e-07
5.802491200485757e-07
5.802491196081264e-07
5.802491194618685e-07
5.802491200100597e-07
5.802491195656275e-07
5.802491199150649e-07
5.802491195180608e-07
5.802491198103531e-07
5.802491194864519e-07
5.802491197776534e-07
5.802491194809568e-07
5.802491194290136e-07
5.708460824421926e-07
5.708460824421926e-07
5.708460827791948e-07
5.708460827048216e-07
5.708460827312724e-07
5.708460832582246e-07
5.708460828541057e-07
5.708460828745556e-07
5.708460828505446e-07
5.708460828645786e-07
5.708460828624213e-07
5.708460827657893e-07
5.708460832671994e-07
5.708460828429872e-07
5.708460827030804e-07
5.708460832276732e-07
5.708460828012309e-07
5.708460831346253e-07
5.708460827552258e-07
5.708460830334847e-07
5.708460827252782e-07
5.708460830047864e-07
5.708460827218447e-07
5.708460826714942e-07
5.311819360016961e-07
5.311819360016961e-07
5.311819362763872e-07
5.311819362090839e-07
5.311819362309592e-07
5.311819366409335e-07
5.311819363442595e-07
5.311819363615233e-07
5.31181936340531e-07
5.311819363542994e-07
5.311819363440814e-07
5.311819362675222e-07
5.311819366685534e-07
5.311819363221335e-07
5.311819362126423e-07
5.311819366242025e-07
5.311819362839455e-07
5.311819365404695e-07
5.311819362454304e-07
5.311819364564394e-07
5.31181936223427e-07
5.311819364468972e-07
5.311819362298529e-07
5.311819361871328e-07
4.61737247493504e-07
4.61737247493504e-07
4.617372475325923e-07
4.617372474920305e-07
4.617372474965976e-07
4.617372474642732e-07
4.617372475738632e-07
4.6173724757907177e-07
4.617372475695044e-07
4.6173724758225984e-07
4.6173724754155234e-07
4.617372475408887e-07
4.617372475623822e-07
4.617372475101052e-07
4.6173724751562937e-07
4.6173724749978684e-07
4.61737247485416e-07
4.61737247451283e-07
4.6173724747522574e-07
4.6173724743196004e-07
4.6173724748325074e-07
4.617372474948628e-07
4.617372475269826e-07
4.617372475130858e-07
     fun: 4.6557566794446865e-07
     jac: array([ 2.18038210e-09, -4.46142678e-10, -1.74306791e-10, -5.20369525e-09,
        4.85383467e-09,  5.17669463e-09,  4.56572735e-09,  5.40404699e-09,
        2.67228017e-09,  2.75542433e-09,  2.45069742e-09,  5.85430371e-10,
        1.14146559e-09, -1.65409730e-09, -1.01793063e-09, -4.66977568e-09,
       -1.64166991e-09, -5.70178216e-09, -1.06298614e-09, -1.39595002e-09,
        1.87934646e-09,  1.01234932e-09])
 message: 'Optimization terminated successfully.'
    nfev: 288
     nit: 12
    njev: 12
  status: 0
 success: True
       x: array([7.78975533, 5.51461045, 7.91372631, 1.51518024, 7.4560721 ,
       1.23358904, 8.15598424, 1.61293405, 7.86313913, 7.44292291,
       1.43350778, 7.75917248, 5.60011268, 1.45289754, 7.83862787,
       1.57883661, 7.795399  , 1.69222518, 7.81418546, 1.41767107,
       5.40846128, 1.49490337])

========================================================

Final result:
7.789755334578869
5.514610447527013
7.913726311709151
1.5151802366089369
1.5151802366089369
1.5151802366089369
7.456072101169727
1.2335890427301088
8.155984242154256
1.6129340530873038
7.863139125190226
7.442922912663674
1.433507781593394
1.433507781593394
7.759172482858386
5.60011267627226
1.4528975353029825
1.4528975353029825
7.838627874904991
1.5788366061950336
1.5788366061950336
7.795399000093187
1.6922251836719004
1.6922251836719004
7.814185461057619
1.4176710699689152
1.4176710699689152
5.408461275790954
1.4949033679528678
