5.17470159695588e-07
5.17470159695588e-07
5.174701600155917e-07
5.174701599325113e-07
5.174701599786629e-07
5.174701605007874e-07
5.174701600845638e-07
5.1747016011404e-07
5.174701600702972e-07
5.174701600892234e-07
5.174701600459724e-07
5.174701600261829e-07
5.174701600710963e-07
5.174701599675389e-07
5.174701600110027e-07
5.174701599574805e-07
5.174701604388553e-07
5.174701603189839e-07
5.174701599551922e-07
5.174701604264067e-07
5.174701600186509e-07
5.174701600357679e-07
5.174701599496854e-07
5.174701603948173e-07
5.17470139699565e-07
5.17470139699565e-07
5.174701400195681e-07
5.174701399364887e-07
5.174701399826403e-07
5.174701405047644e-07
5.174701400885408e-07
5.174701401180172e-07
5.174701400742745e-07
5.174701400932005e-07
5.1747014004995e-07
5.174701400301594e-07
5.174701400750727e-07
5.17470139971516e-07
5.174701400149799e-07
5.17470139961457e-07
5.174701404428319e-07
5.174701403229601e-07
5.174701399591684e-07
5.174701404303835e-07
5.174701400226272e-07
5.174701400397449e-07
5.174701399536629e-07
5.174701403987942e-07
5.17470039719506e-07
5.17470039719506e-07
5.174700400395086e-07
5.174700399564288e-07
5.174700400025793e-07
5.174700405247044e-07
5.174700401084806e-07
5.174700401379569e-07
5.174700400942148e-07
5.1747004011314e-07
5.174700400698903e-07
5.174700400500999e-07
5.174700400950126e-07
5.174700399914562e-07
5.174700400349198e-07
5.174700399813978e-07
5.17470040462772e-07
5.174700403428993e-07
5.174700399791079e-07
5.174700404503235e-07
5.174700400425676e-07
5.174700400596849e-07
5.174700399736026e-07
5.174700404187331e-07
5.174695398213232e-07
5.174695398213232e-07
5.174695401413257e-07
5.174695400582459e-07
5.174695401043973e-07
5.174695406265202e-07
5.174695402102981e-07
5.174695402397738e-07
5.174695401960311e-07
5.174695402149578e-07
5.174695401717074e-07
5.174695401519173e-07
5.174695401968302e-07
5.174695400932728e-07
5.174695401367366e-07
5.174695400832147e-07
5.174695405645869e-07
5.174695404447162e-07
5.174695400809253e-07
5.174695405521383e-07
5.174695401443841e-07
5.174695401615022e-07
5.174695400754205e-07
5.1746954052055e-07
5.174670403570895e-07
5.174670403570895e-07
5.174670406770884e-07
5.174670405940091e-07
5.174670406401599e-07
5.174670411622745e-07
5.174670407460599e-07
5.174670407755363e-07
5.174670407317936e-07
5.174670407507192e-07
5.174670407074692e-07
5.174670406876793e-07
5.174670407325923e-07
5.174670406290354e-07
5.174670406724997e-07
5.174670406189774e-07
5.174670411003396e-07
5.174670409804737e-07
5.174670406166883e-07
5.174670410878918e-07
5.174670406801478e-07
5.17467040697265e-07
5.17467040611183e-07
5.174670410563058e-07
5.174545437959431e-07
5.174545437959431e-07
5.174545441159195e-07
5.174545440328425e-07
5.174545440789926e-07
5.174545446010688e-07
5.174545441848901e-07
5.174545442143637e-07
5.174545441706226e-07
5.174545441895477e-07
5.174545441462975e-07
5.174545441265109e-07
5.1745454417142e-07
5.174545440678637e-07
5.174545441113276e-07
5.174545440578105e-07
5.174545445391192e-07
5.174545444192772e-07
5.174545440555187e-07
5.174545445266794e-07
5.17454544118978e-07
5.174545441360952e-07
5.174545440500177e-07
5.174545444951039e-07
5.173920805273737e-07
5.173920805273737e-07
5.173920808472446e-07
5.173920807641789e-07
5.173920808103245e-07
5.173920813322074e-07
5.173920809162032e-07
5.173920809456732e-07
5.173920809019351e-07
5.173920809208592e-07
5.173920808776052e-07
5.173920808578303e-07
5.173920809027253e-07
5.173920807991734e-07
5.173920808426375e-07
5.173920807891402e-07
5.173920812701893e-07
5.173920811504635e-07
5.173920807868367e-07
5.173920812577809e-07
5.173920808503026e-07
5.173920808674155e-07
5.173920807813535e-07
5.17392081226263e-07
5.170802490202506e-07
5.170802490202506e-07
5.170802493395923e-07
5.170802492565827e-07
5.170802493027023e-07
5.170802498236195e-07
5.170802494084919e-07
5.17080249437941e-07
5.170802493942182e-07
5.170802494131367e-07
5.170802493698642e-07
5.170802493501526e-07
5.170802493949771e-07
5.170802492914439e-07
5.170802493349064e-07
5.170802492815128e-07
5.17080249761257e-07
5.170802496421187e-07
5.170802492791503e-07
5.170802497490129e-07
5.170802493426406e-07
5.170802493597433e-07
5.170802492737591e-07
5.170802497177796e-07
5.155331828735678e-07
5.155331828735678e-07
5.155331831902719e-07
5.155331831075418e-07
5.155331831535361e-07
5.155331836696342e-07
5.155331832588825e-07
5.155331832882226e-07
5.155331832445758e-07
5.155331832634682e-07
5.155331832201039e-07
5.155331832007074e-07
5.155331832451815e-07
5.155331831417396e-07
5.155331831851979e-07
5.15533183132313e-07
5.155331836055502e-07
5.155331834893435e-07
5.155331831296606e-07
5.155331835941258e-07
5.155331831932814e-07
5.155331832103176e-07
5.155331831247236e-07
5.155331835643162e-07
5.080953062352146e-07
5.080953062352146e-07
5.08095306538856e-07
5.080953064575097e-07
5.080953065028846e-07
5.080953069951264e-07
5.080953066060341e-07
5.080953066348346e-07
5.080953065915671e-07
5.080953066103301e-07
5.080953065665132e-07
5.08095306548673e-07
5.080953065914113e-07
5.080953064884255e-07
5.080953065318612e-07
5.080953064815002e-07
5.080953069225226e-07
5.080953068208266e-07
5.080953064774104e-07
5.08095306915152e-07
5.080953065416709e-07
5.080953065583858e-07
5.080953064747241e-07
5.080953068923896e-07
4.777686271125826e-07
4.777686271125826e-07
4.77768627354166e-07
4.777686272793903e-07
4.777686273218226e-07
4.777686277007189e-07
4.777686274145357e-07
4.777686274407728e-07
4.777686273993077e-07
4.777686274174491e-07
4.777686273714856e-07
4.777686273610416e-07
4.777686273955298e-07
4.777686272947143e-07
4.777686273380408e-07
4.777686272996711e-07
4.777686275876411e-07
4.777686275548819e-07
4.777686272887539e-07
4.7776862759953e-07
4.777686273560517e-07
4.777686273712374e-07
4.777686272967591e-07
4.777686276102463e-07
4.3644595907322724e-07
4.3644595907322724e-07
4.364459591275451e-07
4.364459590725986e-07
4.364459591061517e-07
4.3644595914302583e-07
4.364459591673733e-07
4.36445959185876e-07
4.364459591498508e-07
4.3644595916611865e-07
4.3644595911367693e-07
4.364459591255507e-07
4.3644595913514445e-07
4.364459590408742e-07
4.3644595908387344e-07
4.36445959081687e-07
4.36445958907816e-07
4.364459590830768e-07
4.36445959050167e-07
4.364459589778212e-07
4.3644595912663135e-07
4.3644595913720576e-07
4.3644595909043493e-07
4.3644595908956015e-07
     fun: 4.390181996830336e-07
     jac: array([ 3.30819105e-09, -2.91709767e-10,  1.91139549e-09,  2.14005880e-09,
        5.90837601e-09,  7.11902715e-09,  4.74748418e-09,  5.81927040e-09,
        2.34551933e-09,  3.16319415e-09,  3.75971965e-09, -2.45758613e-09,
        3.82264886e-10,  2.91905167e-10, -1.34489220e-08, -6.52089938e-10,
       -1.82095405e-09, -8.71163408e-09,  3.24364891e-09,  3.93525923e-09,
        8.87180107e-10, -1.11314691e-09])
 message: 'Optimization terminated successfully.'
    nfev: 288
     nit: 12
    njev: 12
  status: 0
 success: True
       x: array([7.81929177, 5.42237016, 7.99772835, 1.63293021, 7.53672497,
       1.31125073, 8.42233066, 1.74723701, 7.8393292 , 7.94301262,
       1.75482585, 7.37288685, 7.56918525, 5.54270422, 1.62356851,
       1.69511552, 7.77713582, 1.71531014, 7.24575953, 1.25265999,
       7.51509529, 1.62829021])

========================================================

Final result:
7.819291769876898
5.422370161858954
7.997728353373925
1.6329302131339103
1.6329302131339103
1.6329302131339103
7.53672497123697
1.3112507286419703
8.422330662402011
1.7472370057281181
7.8393291994224406
7.9430126174016245
1.7548258476997063
7.372886849665159
7.569185249318129
5.542704217719787
1.62356851406244
1.62356851406244
1.62356851406244
1.6951155164687983
1.6951155164687983
7.777135824172855
1.7153101424612813
1.7153101424612813
1.7153101424612813
7.245759526616197
1.2526599890456747
7.515095289883026
1.6282902107788506
1.6282902107788506
1.6282902107788506
