6.236595764591308e-07
6.236595764591308e-07
6.236595767884518e-07
6.236595767031015e-07
6.236595767368823e-07
6.236595772392951e-07
6.236595768768352e-07
6.236595768996639e-07
6.236595768830873e-07
6.236595768953467e-07
6.236595768795283e-07
6.236595768305036e-07
6.236595772867696e-07
6.236595768433834e-07
6.236595767554123e-07
6.236595772150533e-07
6.236595767766963e-07
6.236595767197265e-07
6.2365957674815e-07
6.236595766908498e-07
6.236595768150371e-07
6.236595768364124e-07
6.236595767256404e-07
6.236595771781534e-07
6.236595559143692e-07
6.236595559143692e-07
6.236595562436948e-07
6.236595561583402e-07
6.236595561921215e-07
6.236595566945377e-07
6.236595563320735e-07
6.236595563549036e-07
6.236595563383276e-07
6.236595563505871e-07
6.236595563347682e-07
6.23659556285743e-07
6.23659556742009e-07
6.236595562986227e-07
6.236595562106527e-07
6.236595566702868e-07
6.236595562319334e-07
6.236595561749636e-07
6.236595562033895e-07
6.236595561460887e-07
6.236595562702765e-07
6.236595562916494e-07
6.236595561808751e-07
6.236595566333921e-07
6.236594531904846e-07
6.236594531904846e-07
6.236594535198073e-07
6.236594534344533e-07
6.236594534682363e-07
6.236594539706525e-07
6.236594536081874e-07
6.236594536310166e-07
6.236594536144457e-07
6.236594536267016e-07
6.236594536108826e-07
6.236594535618557e-07
6.236594540181234e-07
6.236594535747372e-07
6.236594534867655e-07
6.236594539464052e-07
6.236594535080481e-07
6.236594534510796e-07
6.236594534795041e-07
6.236594534222033e-07
6.236594535463893e-07
6.236594535677639e-07
6.236594534569915e-07
6.236594539095047e-07
6.236589395726878e-07
6.236589395726878e-07
6.236589399020111e-07
6.236589398166615e-07
6.236589398504398e-07
6.236589403528541e-07
6.236589399903921e-07
6.236589400132215e-07
6.236589399966471e-07
6.236589400089059e-07
6.23658939993087e-07
6.236589399440609e-07
6.236589404003253e-07
6.236589399569417e-07
6.236589398689707e-07
6.236589403286082e-07
6.236589398902497e-07
6.236589398332829e-07
6.236589398617095e-07
6.236589398044084e-07
6.236589399285948e-07
6.236589399499665e-07
6.23658939839196e-07
6.2365894029171e-07
6.236563714994245e-07
6.236563714994245e-07
6.236563718287423e-07
6.236563717433912e-07
6.236563717771739e-07
6.236563722795793e-07
6.236563719171256e-07
6.236563719399553e-07
6.236563719233789e-07
6.236563719356395e-07
6.236563719198163e-07
6.236563718707947e-07
6.236563723270506e-07
6.236563718836724e-07
6.236563717957022e-07
6.236563722553371e-07
6.236563718169856e-07
6.236563717600164e-07
6.236563717884404e-07
6.236563717311416e-07
6.236563718553262e-07
6.236563718767004e-07
6.236563717659263e-07
6.23656372218435e-07
6.23643531765749e-07
6.23643531765749e-07
6.236435320950498e-07
6.236435320096961e-07
6.236435320434809e-07
6.236435325458469e-07
6.236435321834271e-07
6.236435322062544e-07
6.236435321896825e-07
6.236435322019422e-07
6.236435321861189e-07
6.236435321370978e-07
6.236435325933311e-07
6.236435321499774e-07
6.236435320620071e-07
6.236435325216177e-07
6.236435320832947e-07
6.236435320263276e-07
6.23643532054751e-07
6.236435319974566e-07
6.236435321216331e-07
6.236435321430065e-07
6.236435320322318e-07
6.236435324847034e-07
6.235793486326721e-07
6.235793486326721e-07
6.23579348961871e-07
6.235793488765326e-07
6.235793489103102e-07
6.235793494124897e-07
6.235793490502401e-07
6.235793490730653e-07
6.235793490564946e-07
6.235793490687522e-07
6.23579349052932e-07
6.235793490039199e-07
6.235793494600256e-07
6.235793490168017e-07
6.235793489288355e-07
6.235793493883317e-07
6.235793489501358e-07
6.235793488931887e-07
6.235793489215987e-07
6.235793488643126e-07
6.235793489884506e-07
6.235793490098242e-07
6.235793488990665e-07
6.235793493513642e-07
6.232588207234036e-07
6.232588207234036e-07
6.232588210520986e-07
6.232588209668109e-07
6.232588210005633e-07
6.232588215018171e-07
6.232588211404158e-07
6.232588211632203e-07
6.23258821146673e-07
6.232588211589298e-07
6.232588211431041e-07
6.232588210941253e-07
6.232588215496108e-07
6.232588211070107e-07
6.232588210190947e-07
6.232588214780028e-07
6.232588210404537e-07
6.232588209835813e-07
6.232588210119389e-07
6.232588209547139e-07
6.232588210786642e-07
6.232588211000169e-07
6.232588209893386e-07
6.232588214407713e-07
6.216658780054021e-07
6.216658780054021e-07
6.21665878331591e-07
6.216658782465615e-07
6.216658782801819e-07
6.216658787768109e-07
6.216658784196481e-07
6.21665878442346e-07
6.21665878425907e-07
6.21665878438167e-07
6.216658784223109e-07
6.216658783735179e-07
6.21665878825888e-07
6.216658783864515e-07
6.216658782987308e-07
6.216658787547337e-07
6.216658783203935e-07
6.216658782639219e-07
6.216658782919937e-07
6.216658782350716e-07
6.216658783580932e-07
6.216658783793576e-07
6.216658782690531e-07
6.21665878716154e-07
6.139404385935219e-07
6.139404385935219e-07
6.139404389072639e-07
6.139404388235313e-07
6.13940438856501e-07
6.139404393301735e-07
6.139404389940411e-07
6.139404390162165e-07
6.139404390003183e-07
6.139404390125819e-07
6.139404389965822e-07
6.13940438948711e-07
6.139404393856343e-07
6.139404389618532e-07
6.139404388751295e-07
6.139404393167188e-07
6.13940438898295e-07
6.139404388438069e-07
6.139404388704734e-07
6.139404388150637e-07
6.139404389334572e-07
6.1394043895427e-07
6.139404388458361e-07
6.139404392714621e-07
5.809328283368364e-07
5.809328283368364e-07
5.809328285907788e-07
5.809328285132669e-07
5.809328285430979e-07
5.809328289064598e-07
5.809328286714055e-07
5.809328286910574e-07
5.80932828677766e-07
5.809328286900459e-07
5.809328286733558e-07
5.809328286298958e-07
5.809328289925939e-07
5.809328286440531e-07
5.809328285621321e-07
5.809328289344219e-07
5.809328285925056e-07
5.809328285475532e-07
5.80932828567456e-07
5.809328285193097e-07
5.80932828615474e-07
5.809328286341357e-07
5.809328285346828e-07
5.809328288570961e-07
5.170051567616607e-07
5.170051567616607e-07
5.170051567747413e-07
5.17005156722282e-07
5.170051567394809e-07
5.170051566585267e-07
5.170051568305945e-07
5.170051568400771e-07
5.170051568372881e-07
5.170051568496287e-07
5.17005156830165e-07
5.170051568044792e-07
5.17005156868197e-07
5.170051568227145e-07
5.170051567601377e-07
5.170051568533169e-07
5.170051568195468e-07
5.170051568129921e-07
5.170051568056607e-07
5.170051567867665e-07
5.170051567934175e-07
5.170051568034015e-07
5.170051567401136e-07
5.1700515664681e-07
5.16803242200271e-07
5.16803242200271e-07
5.168032422064579e-07
5.168032421547103e-07
5.168032421715493e-07
5.168032420778703e-07
5.168032422615971e-07
5.168032422707905e-07
5.168032422683012e-07
5.168032422806424e-07
5.168032422611015e-07
5.16803242235925e-07
5.168032422910817e-07
5.168032422542787e-07
5.168032421922521e-07
5.168032422774366e-07
5.168032422524962e-07
5.168032422470378e-07
5.168032422389263e-07
5.16803242220874e-07
5.168032422249601e-07
5.168032422346942e-07
5.168032421724419e-07
5.168032420672282e-07
     fun: 5.204704522590314e-07
     jac: array([-2.88125079e-11, -3.38645378e-09, -2.30195951e-09, -1.13697709e-08,
        3.55235841e-09,  4.13853485e-09,  3.99381861e-09,  4.80550710e-09,
        3.51545992e-09,  1.89199767e-09,  3.86247478e-09,  3.10632942e-09,
       -9.37596667e-10,  3.14015125e-09,  3.07662162e-09,  2.78711809e-09,
        2.20444463e-09,  1.07022657e-09,  1.17700694e-09,  1.80143189e-09,
       -2.22689778e-09, -1.18366330e-08])
 message: 'Optimization terminated successfully.'
    nfev: 312
     nit: 13
    njev: 13
  status: 0
 success: True
       x: array([7.65053215, 5.34655977, 7.8497558 , 1.51201839, 7.38796335,
       1.25669245, 8.42987364, 1.68333005, 7.62841198, 8.08741634,
       1.31273658, 7.90759575, 5.59135037, 1.38929402, 7.76940317,
       5.8848025 , 5.45878285, 1.25621772, 7.21853476, 1.17334238,
       7.45668847, 1.50775481])

========================================================

Final result:
7.650532146586319
5.34655976808727
7.849755801092796
1.5120183904294338
1.5120183904294338
1.5120183904294338
7.3879633460540814
1.25669245045496
8.429873635250443
1.6833300483498748
7.628411975509912
8.08741634436278
1.312736575622616
1.312736575622616
7.907595752206581
5.59135036678422
1.3892940191982777
1.3892940191982777
7.769403168594922
5.884802502943973
5.458782852632978
1.2562177158345174
7.218534762961463
1.173342384858127
7.456688466524103
1.5077548140149966
1.5077548140149966
1.5077548140149966
