4.88828481411
4.88828481411
4.88828481346
4.88828481345
4.8882848135
4.88828481232
4.88828481344
4.88828481343
4.88828481343
4.88828481342
4.88828481344
4.88828481344
4.88828481276
4.88828481345
4.88828481277
4.88828481345
4.88828481348
4.88828481349
4.83177874404
4.83177874404
4.83177874338
4.83177874338
4.83177874343
4.83177874224
4.83177874336
4.83177874336
4.83177874335
4.83177874334
4.83177874336
4.83177874336
4.83177874268
4.83177874338
4.83177874269
4.83177874337
4.8317787434
4.83177874341
4.54985920965
4.54985920965
4.549859209
4.54985920899
4.54985920905
4.54985920787
4.54985920898
4.54985920897
4.54985920897
4.54985920896
4.54985920898
4.54985920897
4.5498592083
4.54985920899
4.5498592083
4.54985920899
4.54985920902
4.54985920903
3.16212297552
3.16212297552
3.16212297489
3.16212297488
3.16212297495
3.16212297387
3.16212297486
3.16212297486
3.16212297484
3.16212297483
3.16212297485
3.16212297484
3.16212297418
3.16212297486
3.16212297416
3.16212297485
3.16212297488
3.16212297489
4.11772462507
0.998540167769
0.998540167769
0.99854016788
0.99854016781
0.998540168052
0.998540168746
0.998540167815
0.998540167861
0.998540167692
0.998540167657
0.998540167678
0.998540167625
0.998540167619
0.998540167617
0.998540167438
0.998540167575
0.998540167612
0.998540167577
0.997749872215
0.994505338399
0.994505338399
0.994505338449
0.994505338379
0.994505338621
0.994505339193
0.994505338383
0.994505338428
0.994505338263
0.994505338227
0.99450533825
0.994505338197
0.994505338132
0.994505338191
0.994505337953
0.99450533815
0.994505338189
0.994505338156
0.985300508387
0.985300508387
0.985300508434
0.985300508364
0.985300508605
0.98530050917
0.98530050837
0.985300508415
0.985300508251
0.985300508216
0.98530050824
0.985300508186
0.985300508125
0.985300508182
0.985300507944
0.98530050814
0.985300508181
0.985300508147
0.941787904827
0.941787904827
0.941787904866
0.941787904795
0.941787905029
0.941787905554
0.94178790481
0.941787904855
0.9417879047
0.941787904663
0.941787904696
0.941787904636
0.941787904601
0.941787904639
0.941787904405
0.941787904595
0.941787904642
0.941787904609
0.793475980166
0.793475980166
0.793475980153
0.793475980084
0.793475980258
0.793475980522
0.793475980149
0.79347598019
0.793475980094
0.793475980058
0.793475980133
0.793475980046
0.79347598016
0.793475980089
0.793475979895
0.793475980037
0.793475980115
0.793475980089
0.764515688468
0.764515688468
0.764515688397
0.76451568834
0.76451568842
0.764515688344
0.764515688453
0.764515688483
0.76451568847
0.76451568844
0.764515688552
0.764515688447
0.764515688715
0.76451568853
0.764515688411
0.764515688476
0.764515688578
0.764515688564
0.759838446896
0.759838446896
0.75983844684
0.759838446779
0.759838446886
0.759838446905
0.759838446879
0.759838446913
0.759838446877
0.759838446845
0.759838446948
0.759838446846
0.759838447074
0.759838446919
0.759838446778
0.759838446864
0.759838446961
0.759838446943
0.759463485715
0.759463485715
0.759463485659
0.759463485598
0.759463485706
0.759463485725
0.759463485699
0.759463485732
0.759463485696
0.759463485664
0.759463485766
0.759463485665
0.759463485892
0.759463485737
0.759463485597
0.759463485683
0.759463485779
0.759463485761
0.757593562821
0.757593562821
0.757593562766
0.757593562705
0.757593562812
0.757593562831
0.757593562805
0.757593562838
0.757593562802
0.75759356277
0.757593562871
0.757593562773
0.757593562995
0.757593562842
0.757593562707
0.757593562788
0.757593562882
0.757593562865
0.749002623125
0.749002623125
0.749002623073
0.749002623015
0.749002623116
0.749002623135
0.74900262311
0.749002623142
0.749002623108
0.749002623079
0.74900262317
0.749002623085
0.749002623285
0.749002623139
0.749002623032
0.749002623088
0.749002623175
0.749002623157
0.72273772669
0.72273772669
0.722737726652
0.72273772661
0.722737726684
0.722737726697
0.72273772668
0.722737726704
0.722737726685
0.722737726665
0.722737726712
0.72273772669
0.722737726782
0.722737726674
0.722737726698
0.722737726637
0.722737726686
0.722737726664
0.716896353149
0.716896353149
0.716896353123
0.716896353094
0.716896353144
0.716896353153
0.716896353143
0.71689635316
0.716896353153
0.716896353141
0.716896353152
0.716896353181
0.716896353184
0.716896353108
0.716896353237
0.716896353083
0.716896353101
0.716896353077
0.71676084903
0.71676084903
0.716760849004
0.716760848974
0.716760849025
0.716760849034
0.716760849025
0.716760849041
0.716760849033
0.716760849021
0.716760849034
0.716760849061
0.716760849068
0.716760848991
0.716760849113
0.716760848965
0.716760848984
0.716760848961
0.716063622548
0.716063622548
0.716063622521
0.716063622488
0.716063622543
0.716063622553
0.716063622542
0.71606362256
0.71606362255
0.716063622537
0.716063622555
0.716063622573
0.716063622595
0.716063622514
0.716063622616
0.716063622487
0.716063622511
0.71606362249
0.714683715225
0.714683715225
0.714683715196
0.714683715162
0.71468371522
0.714683715231
0.714683715218
0.714683715236
0.714683715225
0.714683715211
0.714683715235
0.714683715242
0.71468371528
0.714683715198
0.714683715273
0.71468371517
0.714683715201
0.714683715181
0.711458104959
0.711458104959
0.711458104929
0.711458104895
0.711458104955
0.711458104967
0.71145810495
0.711458104968
0.711458104956
0.711458104943
0.711458104973
0.711458104963
0.71145810502
0.711458104945
0.711458104974
0.711458104918
0.711458104955
0.711458104943
0.706365650379
0.706365650379
0.706365650351
0.706365650322
0.706365650375
0.706365650389
0.706365650368
0.706365650383
0.706365650373
0.706365650365
0.706365650393
0.70636565037
0.70636565043
0.70636565038
0.70636565036
0.706365650359
0.706365650398
0.706365650398
0.701452539684
0.701452539684
0.701452539663
0.701452539644
0.701452539683
0.701452539696
0.701452539674
0.701452539682
0.701452539678
0.701452539678
0.701452539691
0.701452539672
0.701452539704
0.701452539694
0.701452539656
0.701452539684
0.701452539713
0.701452539727
0.699492058108
0.699492058108
0.699492058094
0.699492058082
0.699492058108
0.699492058119
0.699492058099
0.699492058102
0.699492058105
0.69949205811
0.699492058106
0.699492058104
0.699492058099
0.699492058113
0.699492058101
0.699492058112
0.699492058127
0.699492058145
0.699224153234
0.699224153234
0.699224153222
0.699224153212
0.699224153234
0.699224153245
0.699224153226
0.699224153228
0.699224153233
0.699224153239
0.699224153229
0.699224153237
0.699224153216
0.699224153235
0.699224153243
0.699224153234
0.699224153244
0.699224153261
0.699204087703
0.699204087703
0.699204087691
0.699204087681
0.699204087703
0.699204087714
0.699204087695
0.699204087697
0.699204087702
0.699204087708
0.699204087697
0.699204087707
0.699204087685
0.699204087702
0.699204087715
0.699204087702
0.699204087711
0.699204087727
0.69918714201
0.69918714201
0.699187141998
0.699187141988
0.69918714201
0.69918714202
0.699187142002
0.699187142004
0.699187142009
0.699187142015
0.699187142004
0.699187142014
0.699187141992
0.699187142008
0.699187142023
0.699187142008
0.699187142017
0.699187142033
0.699127391393
0.699127391393
0.699127391381
0.69912739137
0.699127391393
0.699127391403
0.699127391385
0.699127391388
0.699127391393
0.699127391398
0.699127391387
0.699127391399
0.699127391376
0.69912739139
0.699127391409
0.699127391389
0.699127391397
0.699127391412
0.698994423204
0.698994423204
0.698994423193
0.698994423183
0.698994423204
0.698994423214
0.698994423197
0.6989944232
0.698994423205
0.698994423211
0.698994423199
0.698994423212
0.698994423189
0.698994423199
0.698994423225
0.698994423197
0.698994423205
0.698994423218
0.698674295296
0.698674295296
0.698674295286
0.698674295276
0.698674295296
0.698674295304
0.69867429529
0.698674295293
0.698674295298
0.698674295304
0.698674295291
0.698674295306
0.698674295284
0.698674295288
0.698674295321
0.698674295285
0.698674295291
0.6986742953
0.698071283488
0.698071283488
0.69807128348
0.698071283473
0.698071283487
0.698071283492
0.698071283483
0.698071283485
0.698071283492
0.698071283499
0.698071283484
0.698071283498
0.69807128348
0.698071283476
0.698071283514
0.698071283473
0.698071283476
0.698071283481
0.697288629913
0.697288629913
0.697288629909
0.697288629907
0.697288629912
0.697288629914
0.697288629912
0.697288629912
0.69728862992
0.69728862993
0.697288629912
0.697288629922
0.697288629913
0.697288629901
0.697288629932
0.697288629898
0.697288629898
0.697288629899
0.696788492251
0.696788492251
0.69678849225
0.696788492251
0.69678849225
0.69678849225
0.696788492251
0.696788492249
0.696788492258
0.696788492271
0.696788492252
0.696788492254
0.696788492255
0.696788492243
0.696788492255
0.696788492241
0.69678849224
0.696788492242
0.696666542681
0.696666542681
0.696666542681
0.696666542683
0.696666542681
0.696666542681
0.696666542681
0.696666542678
0.696666542688
0.696666542701
0.696666542683
0.696666542681
0.696666542685
0.696666542677
0.696666542676
0.696666542676
0.696666542675
0.696666542679
0.696654756969
0.696654756969
0.696654756968
0.69665475697
0.696654756969
0.696654756969
0.696654756968
0.696654756966
0.696654756976
0.696654756989
0.696654756971
0.696654756968
0.696654756972
0.696654756966
0.696654756963
0.696654756965
0.696654756965
0.69665475697
0.696651296319
0.696651296319
0.696651296317
0.696651296319
0.696651296318
0.696651296318
0.696651296317
0.696651296315
0.696651296325
0.696651296338
0.69665129632
0.696651296318
0.696651296321
0.696651296315
0.696651296312
0.696651296314
0.696651296315
0.69665129632
0.696639374834
0.696639374834
0.696639374832
0.696639374833
0.696639374833
0.696639374834
0.696639374832
0.69663937483
0.69663937484
0.696639374853
0.696639374835
0.696639374833
0.696639374835
0.696639374831
0.696639374827
0.69663937483
0.696639374831
0.696639374837
0.696612296711
0.696612296711
0.696612296709
0.69661229671
0.696612296711
0.696612296712
0.696612296709
0.696612296707
0.696612296717
0.696612296729
0.696612296712
0.69661229671
0.696612296712
0.696612296709
0.696612296704
0.696612296708
0.69661229671
0.696612296716
0.696539391664
0.696539391664
0.696539391662
0.696539391662
0.696539391664
0.696539391666
0.696539391662
0.69653939166
0.696539391669
0.696539391681
0.696539391665
0.696539391663
0.696539391663
0.696539391663
0.696539391657
0.696539391663
0.696539391665
0.696539391673
0.696363570573
0.696363570573
0.69636357057
0.696363570569
0.696363570573
0.696363570577
0.69636357057
0.696363570569
0.696363570577
0.696363570587
0.696363570573
0.696363570572
0.69636357057
0.696363570573
0.696363570566
0.696363570574
0.696363570577
0.696363570586
0.695968143181
0.695968143181
0.695968143176
0.695968143173
0.695968143181
0.695968143185
0.695968143177
0.695968143177
0.695968143182
0.69596814319
0.695968143179
0.695968143178
0.695968143174
0.695968143183
0.695968143174
0.695968143184
0.695968143188
0.695968143199
0.695265768504
0.695265768504
0.695265768499
0.695265768495
0.695265768505
0.69526576851
0.6952657685
0.695265768502
0.695265768503
0.695265768507
0.695265768502
0.695265768502
0.695265768495
0.695265768508
0.695265768499
0.69526576851
0.695265768514
0.695265768527
0.694478663768
0.694478663768
0.694478663764
0.694478663761
0.694478663769
0.694478663773
0.694478663765
0.694478663769
0.694478663766
0.694478663766
0.694478663766
0.694478663767
0.694478663761
0.694478663772
0.694478663766
0.694478663775
0.694478663776
0.694478663787
0.694074773833
0.694074773833
0.694074773831
0.69407477383
0.694074773833
0.694074773835
0.694074773831
0.694074773836
0.694074773832
0.69407477383
0.694074773832
0.694074773832
0.69407477383
0.694074773834
0.694074773832
0.694074773837
0.694074773835
0.694074773841
0.694001768077
0.694001768077
0.694001768076
0.694001768076
0.694001768076
0.694001768077
0.694001768076
0.69400176808
0.694001768077
0.694001768075
0.694001768076
0.694001768076
0.694001768076
0.694001768076
0.694001768076
0.694001768078
0.694001768075
0.694001768079
0.693997715379
0.693997715379
0.693997715378
0.693997715379
0.693997715379
0.693997715379
0.693997715379
0.693997715382
0.693997715379
0.693997715379
0.693997715379
0.693997715379
0.693997715379
0.693997715378
0.693997715379
0.69399771538
0.693997715377
0.69399771538
     fun: 0.6939977153790214
     jac: array([ -3.85195017e-05,  -2.04890966e-06,  -9.63360071e-06,
        -2.01389194e-05,  -2.18003988e-05,   2.17139721e-04,
         2.16960907e-05,  -1.73076987e-05,  -1.61305070e-05,
        -5.45382500e-06,   7.95722008e-06,  -7.85514712e-05,
        -1.82315707e-05,   8.82893801e-05,  -1.58131123e-04,
         9.78931785e-05])
 message: 'Optimization terminated successfully.'
    nfev: 812
     nit: 45
    njev: 45
  status: 0
 success: True
       x: array([  6.42966883,   9.70355267,   2.46852594,   3.98890952,
         5.1483688 ,   3.79520072,   4.07552573,   2.99716779,
         3.45328276,   5.16142146,   4.68471933,   5.98256756,
        10.78501199,   8.3924528 ,   4.37885472,   3.54596292])

========================================================

Final result:
6.42966883073
9.70355267311
2.46852594366
3.98890952436
3.98890952436
3.98890952436
5.14836880301
3.79520071672
4.07552572677
2.99716778885
3.45328276339
5.16142145919
4.68471933265
4.68471933265
5.98256755707
10.7850119932
8.39245280412
4.37885471594
3.54596291579
10.7850119932
