9.561665026102274e-07
9.561665026102274e-07
9.561665030919956e-07
9.561665028590332e-07
9.561665029121006e-07
9.561665029260947e-07
9.561665029060363e-07
9.561665028948387e-07
9.561665031985619e-07
9.561665028731172e-07
9.561665028267815e-07
9.561665028544636e-07
9.561665028262053e-07
9.561665028452784e-07
9.561665028135164e-07
9.561665028171105e-07
9.561665027929426e-07
9.561665027973768e-07
9.561665028276394e-07
9.561665028997661e-07
9.561665029014068e-07
9.561665028516652e-07
9.561665032904645e-07
     fun: 9.561665026102274e-07
     jac: array([3.23309166e-08, 1.66970722e-08, 2.02583692e-08, 2.11974935e-08,
       1.98513987e-08, 1.90999430e-08, 3.94824582e-08, 1.76422361e-08,
       1.45327022e-08, 1.63904161e-08, 1.44940344e-08, 1.57740061e-08,
       1.36424916e-08, 1.38836924e-08, 1.22618076e-08, 1.25593829e-08,
       1.45902703e-08, 1.94306153e-08, 1.95407210e-08, 1.62026197e-08,
       4.56499407e-08])
 message: 'Optimization terminated successfully.'
    nfev: 23
     nit: 1
    njev: 1
  status: 0
 success: True
       x: array([1.59841051, 7.42951138, 8.21947142, 1.91517733, 8.13916624,
       8.11689673, 1.94864907, 7.99583161, 5.61076775, 6.10278882,
       7.70099688, 1.35304107, 7.35150064, 5.96856445, 1.82906858,
       1.97483261, 1.53936258, 7.25250257, 1.45251152, 7.24777873,
       1.95573482])

========================================================

Final result:
1.5984105093241845
7.4295113828226285
1.5984105093241845
8.21947141922172
1.915177330685652
8.139166238689095
8.116896734843912
1.9486490697984105
1.9486490697984105
7.995831613940105
5.610767752121112
6.102788820409664
7.700996879698892
1.35304106695727
7.351500636019505
5.968564447233703
1.8290685824842816
1.9748326076527458
1.5393625824619594
7.252502568925924
1.4525115174657495
7.247778734776945
1.9557348210218775
1.9557348210218775
1.9557348210218775
