4.865180126549031e-07
4.865180126549031e-07
4.865180129404256e-07
4.865180128451355e-07
4.865180129161409e-07
4.865180134060641e-07
4.865180130106049e-07
4.865180130339805e-07
4.865180129871827e-07
4.865180129859816e-07
4.86518012944951e-07
4.865180129499668e-07
4.865180134699963e-07
4.865180128757578e-07
4.865180129494363e-07
4.86518012964917e-07
4.865180128895983e-07
4.865180132995399e-07
4.865180001426196e-07
4.865180001426196e-07
4.865180004281422e-07
4.865180003328518e-07
4.865180004038566e-07
4.865180008937808e-07
4.865180004983208e-07
4.865180005216966e-07
4.865180004748983e-07
4.865180004736978e-07
4.865180004326667e-07
4.865180004376831e-07
4.865180009577119e-07
4.865180003634745e-07
4.865180004371519e-07
4.865180004526331e-07
4.865180003773149e-07
4.865180007872562e-07
4.865179375812674e-07
4.865179375812674e-07
4.865179378667895e-07
4.865179377714993e-07
4.86517937842505e-07
4.865179383324276e-07
4.865179379369679e-07
4.865179379603438e-07
4.865179379135464e-07
4.865179379123457e-07
4.865179378713136e-07
4.865179378763297e-07
4.865179383963588e-07
4.865179378021215e-07
4.865179378757995e-07
4.86517937891281e-07
4.865179378159622e-07
4.865179382259035e-07
4.865176247754711e-07
4.865176247754711e-07
4.86517625060993e-07
4.865176249657028e-07
4.865176250367078e-07
4.865176255266289e-07
4.865176251311715e-07
4.865176251545473e-07
4.865176251077494e-07
4.865176251065487e-07
4.865176250655175e-07
4.865176250705337e-07
4.865176255905611e-07
4.865176249963249e-07
4.865176250700035e-07
4.86517625085484e-07
4.865176250101655e-07
4.865176254201053e-07
4.865160607634936e-07
4.865160607634936e-07
4.865160610490117e-07
4.865160609537224e-07
4.865160610247272e-07
4.865160615146406e-07
4.865160611191903e-07
4.865160611425654e-07
4.86516061095768e-07
4.865160610945673e-07
4.865160610535361e-07
4.865160610585528e-07
4.865160615785699e-07
4.86516060984344e-07
4.865160610580227e-07
4.865160610735027e-07
4.865160609981846e-07
4.865160614081176e-07
4.865082411793903e-07
4.865082411793903e-07
4.865082414648885e-07
4.865082413696009e-07
4.865082414406036e-07
4.865082419304782e-07
4.865082415350643e-07
4.865082415584392e-07
4.865082415116418e-07
4.865082415104422e-07
4.865082414694099e-07
4.865082414744288e-07
4.865082419943986e-07
4.865082414002221e-07
4.865082414738985e-07
4.865082414893788e-07
4.86508241414063e-07
4.865082418239601e-07
4.864691553197609e-07
4.864691553197609e-07
4.86469155605159e-07
4.864691555098839e-07
4.864691555808761e-07
4.864691560705562e-07
4.864691556753257e-07
4.864691556986961e-07
4.86469155651904e-07
4.864691556507062e-07
4.864691556096683e-07
4.86469155614697e-07
4.864691561344323e-07
4.864691555405005e-07
4.864691556141679e-07
4.864691556296466e-07
4.864691555543412e-07
4.86469155964062e-07
4.862740265099755e-07
4.862740265099755e-07
4.862740267948738e-07
4.862740266996584e-07
4.862740267705989e-07
4.862740272593073e-07
4.862740268649919e-07
4.862740268883427e-07
4.862740268415743e-07
4.862740268403877e-07
4.86274026799323e-07
4.86274026804401e-07
4.862740273229629e-07
4.862740267302536e-07
4.862740268038782e-07
4.862740268193465e-07
4.862740267440953e-07
4.862740271529312e-07
4.853058726242081e-07
4.853058726242081e-07
4.85305872906613e-07
4.853058728116982e-07
4.853058728823799e-07
4.853058733662374e-07
4.853058729764872e-07
4.853058729997406e-07
4.853058729530899e-07
4.853058729519588e-07
4.853058729107619e-07
4.853058729160849e-07
4.853058734287906e-07
4.853058728421846e-07
4.853058729155971e-07
4.853058729310154e-07
4.853058728560304e-07
4.853058732604507e-07
4.806494291462318e-07
4.806494291462318e-07
4.80649429416291e-07
4.806494293228644e-07
4.806494293922623e-07
4.806494298521062e-07
4.806494294849611e-07
4.806494295077297e-07
4.806494294616599e-07
4.806494294608048e-07
4.806494294189527e-07
4.806494294254904e-07
4.806494299092027e-07
4.806494293528121e-07
4.806494294251707e-07
4.806494294403421e-07
4.806494293666805e-07
4.806494297492388e-07
4.616228616146856e-07
4.616228616146856e-07
4.6162286182606457e-07
4.616228617397124e-07
4.616228618030098e-07
4.61622862148714e-07
4.6162286188901166e-07
4.616228619094777e-07
4.6162286186617084e-07
4.6162286186662744e-07
4.616228618216577e-07
4.616228618339704e-07
4.6162286217987187e-07
4.6162286176709954e-07
4.616228618344487e-07
4.616228618484486e-07
4.6162286178107293e-07
4.6162286205971903e-07
4.352931833317927e-07
4.352931833317927e-07
4.352931833640719e-07
4.3529318329931e-07
4.3529318334398705e-07
4.3529318334131625e-07
4.3529318340954814e-07
4.35293183422987e-07
4.3529318338811117e-07
4.3529318339257127e-07
4.352931833380874e-07
4.352931833680246e-07
4.352931832933058e-07
4.352931833188817e-07
4.35293183370942e-07
4.352931833813617e-07
4.3529318333317504e-07
4.3529318329466575e-07
     fun: 4.370045481887783e-07
     jac: array([ 1.86292581e-09, -2.38195241e-09,  5.40850920e-10, -1.75464976e-09,
        4.84023488e-09,  5.71727199e-09,  3.42650708e-09,  3.72709508e-09,
        1.14329879e-10,  2.11805329e-09, -5.18030774e-09, -1.10104637e-09,
        2.31439756e-09,  2.99720782e-09, -1.56536117e-10, -4.54584992e-09])
 message: 'Optimization terminated successfully.'
    nfev: 216
     nit: 12
    njev: 12
  status: 0
 success: True
       x: array([7.62688677, 5.3858986 , 7.97153352, 1.65269001, 7.45201455,
       1.40665549, 8.02611864, 1.86566187, 7.73225463, 8.00316781,
       1.62685504, 5.67047484, 7.22152032, 1.27132182, 7.47680619,
       1.64740821])

========================================================

Final result:
7.626886771572464
5.385898600079143
7.9715335213301675
1.6526900110337732
1.6526900110337732
1.6526900110337732
7.452014552174972
1.4066554937430507
8.026118643419364
1.8656618711373847
7.732254625718497
8.003167813453397
1.6268550379111608
1.6268550379111608
1.6268550379111608
5.670474844310833
7.22152031556435
1.2713218156001482
7.476806192972788
1.6474082140754194
1.6474082140754194
1.6474082140754194
