5.47319493215
5.47319493215
5.47319493072
5.47319493144
5.47319493144
5.47319493142
5.47319493144
5.47319493146
5.47319493072
5.47319493147
5.47319493146
5.47319493148
5.47319493146
5.47319493154
5.47319493035
5.4183577214
5.4183577214
5.41835771996
5.41835772068
5.41835772068
5.41835772067
5.41835772068
5.4183577207
5.41835771996
5.41835772071
5.41835772071
5.41835772072
5.4183577207
5.41835772078
5.4183577196
5.14542566791
5.14542566791
5.14542566648
5.1454256672
5.1454256672
5.14542566718
5.1454256672
5.14542566722
5.14542566648
5.14542566722
5.14542566723
5.14542566725
5.14542566722
5.14542566731
5.14542566614
3.822774438
3.822774438
3.82277443663
3.82277443732
3.82277443731
3.82277443729
3.8227744373
3.82277443735
3.82277443658
3.8227744373
3.82277443736
3.82277443738
3.82277443736
3.82277443746
3.82277443643
3.78224021906
1.70366507946
1.70366507946
1.70366507929
1.70366507937
1.70366507933
1.70366507931
1.70366507922
1.70366507946
1.70366507902
1.70366507906
1.70366507948
1.70366507955
1.70366507952
1.70366507968
1.70366508023
1.69853989633
1.69853989633
1.69853989617
1.69853989624
1.69853989621
1.69853989618
1.6985398961
1.69853989633
1.6985398959
1.69853989593
1.69853989635
1.69853989642
1.6985398964
1.69853989655
1.6985398971
1.67324288459
1.67324288459
1.67324288442
1.6732428845
1.67324288446
1.67324288443
1.67324288435
1.67324288458
1.67324288415
1.67324288418
1.6732428846
1.67324288467
1.67324288464
1.6732428848
1.67324288531
1.55450850215
1.55450850215
1.55450850215
1.55450850213
1.55450850208
1.55450850206
1.55450850197
1.55450850218
1.55450850186
1.55450850179
1.5545085022
1.55450850226
1.55450850224
1.55450850237
1.55450850289
1.52258300816
1.32503391586
1.32503391586
1.32503391598
1.32503391589
1.32503391579
1.32503391577
1.32503391573
1.32503391578
1.32503391569
1.32503391553
1.32503391578
1.32503391578
1.32503391578
1.32503391577
1.3250339156
1.31952938679
1.31952938679
1.31952938715
1.31952938694
1.31952938684
1.31952938681
1.31952938677
1.31952938682
1.31952938685
1.31952938656
1.31952938682
1.31952938681
1.31952938681
1.31952938679
1.31952938678
1.31713557434
1.31713557434
1.31713557462
1.31713557445
1.31713557435
1.31713557432
1.31713557428
1.31713557433
1.31713557432
1.31713557407
1.31713557433
1.31713557433
1.31713557433
1.31713557431
1.31713557425
1.31601305308
1.31601305308
1.31601305334
1.31601305318
1.31601305308
1.31601305306
1.31601305301
1.31601305307
1.31601305304
1.31601305281
1.31601305307
1.31601305306
1.31601305306
1.31601305305
1.31601305298
1.30873565684
1.30873565684
1.30873565703
1.30873565691
1.30873565681
1.30873565679
1.30873565674
1.3087356568
1.30873565675
1.30873565654
1.3087356568
1.30873565679
1.30873565679
1.30873565678
1.30873565667
1.28520183174
1.28520183174
1.28520183174
1.28520183171
1.28520183163
1.28520183161
1.28520183158
1.28520183163
1.28520183152
1.28520183139
1.28520183163
1.28520183163
1.28520183163
1.28520183163
1.28520183142
1.25054198632
1.25054198632
1.25054198613
1.25054198621
1.25054198615
1.25054198614
1.25054198612
1.25054198616
1.25054198602
1.25054198594
1.25054198615
1.25054198616
1.25054198616
1.25054198617
1.25054198589
1.18772700321
1.18772700321
1.18772700282
1.18772700301
1.18772700301
1.187727003
1.18772700301
1.18772700302
1.18772700293
1.18772700285
1.18772700302
1.18772700303
1.18772700303
1.18772700306
1.18772700276
1.14101429716
1.14101429716
1.14101429679
1.14101429698
1.14101429702
1.14101429702
1.14101429706
1.14101429703
1.1410142971
1.1410142969
1.14101429702
1.14101429705
1.14101429705
1.14101429707
1.1410142969
1.12571418166
1.12571418166
1.12571418149
1.12571418158
1.12571418162
1.12571418162
1.12571418166
1.12571418163
1.12571418182
1.1257141815
1.12571418162
1.12571418164
1.12571418165
1.12571418164
1.12571418162
1.12434150935
1.12434150935
1.12434150925
1.1243415093
1.12434150934
1.12434150934
1.12434150937
1.12434150934
1.12434150955
1.1243415092
1.12434150933
1.12434150935
1.12434150936
1.12434150935
1.12434150936
1.12388014614
1.12388014614
1.12388014605
1.1238801461
1.12388014613
1.12388014613
1.12388014617
1.12388014613
1.12388014634
1.12388014599
1.12388014612
1.12388014614
1.12388014615
1.12388014614
1.12388014616
1.12169648776
1.12169648776
1.12169648772
1.12169648774
1.12169648777
1.12169648776
1.12169648779
1.12169648776
1.12169648798
1.12169648762
1.12169648775
1.12169648777
1.12169648778
1.12169648777
1.1216964878
1.11705944061
1.11705944061
1.11705944063
1.11705944062
1.11705944064
1.11705944063
1.11705944066
1.11705944063
1.11705944085
1.11705944048
1.11705944062
1.11705944064
1.11705944065
1.11705944063
1.11705944068
1.10451124959
1.10451124959
1.10451124972
1.10451124965
1.10451124965
1.10451124965
1.10451124966
1.10451124964
1.10451124986
1.10451124947
1.10451124963
1.10451124964
1.10451124965
1.10451124963
1.10451124971
1.07620880573
1.07620880573
1.07620880601
1.07620880586
1.07620880583
1.07620880583
1.07620880582
1.07620880582
1.07620880602
1.07620880564
1.07620880581
1.07620880581
1.07620880582
1.0762088058
1.07620880592
1.02050536848
1.02050536848
1.02050536892
1.02050536868
1.02050536863
1.02050536863
1.02050536859
1.02050536861
1.02050536876
1.02050536844
1.02050536859
1.0205053686
1.02050536861
1.02050536857
1.02050536873
0.948370930595
0.948370930595
0.948370931034
0.948370930798
0.948370930741
0.948370930756
0.948370930682
0.948370930713
0.94837093078
0.948370930607
0.9483709307
0.948370930705
0.94837093072
0.948370930677
0.948370930821
0.903341446845
0.903341446845
0.90334144703
0.903341446932
0.903341446914
0.903341446942
0.903341446874
0.903341446892
0.90334144688
0.903341446866
0.903341446876
0.903341446893
0.903341446907
0.903341446877
0.90334144693
0.894649594585
0.894649594585
0.894649594591
0.894649594591
0.894649594601
0.894649594632
0.894649594584
0.894649594586
0.894649594571
0.894649594582
0.89464959457
0.894649594594
0.894649594607
0.894649594587
0.894649594586
0.894401232732
0.894401232732
0.894401232723
0.894401232731
0.894401232744
0.894401232774
0.89440123273
0.89440123273
0.894401232721
0.894401232723
0.894401232714
0.894401232738
0.894401232751
0.894401232732
0.894401232727
0.894387096613
0.894387096613
0.894387096604
0.894387096611
0.894387096625
0.894387096655
0.89438709661
0.89438709661
0.894387096602
0.894387096604
0.894387096595
0.894387096618
0.894387096631
0.894387096612
0.894387096608
0.894297963951
0.894297963951
0.894297963943
0.89429796395
0.894297963963
0.894297963993
0.89429796395
0.894297963949
0.894297963942
0.894297963942
0.894297963934
0.894297963957
0.89429796397
0.894297963951
0.894297963947
0.89382489846
0.89382489846
0.893824898452
0.893824898459
0.893824898472
0.8938248985
0.893824898459
0.893824898458
0.893824898453
0.89382489845
0.893824898443
0.893824898466
0.893824898478
0.89382489846
0.893824898457
0.891729804454
0.891729804454
0.891729804449
0.891729804452
0.891729804464
0.891729804487
0.891729804454
0.891729804452
0.891729804452
0.891729804445
0.89172980444
0.891729804457
0.891729804466
0.891729804454
0.891729804453
0.888370055532
0.888370055532
0.888370055535
0.888370055528
0.888370055533
0.888370055538
0.888370055534
0.888370055528
0.888370055539
0.88837005553
0.888370055529
0.888370055526
0.888370055523
0.888370055532
0.88837005554
0.888280073384
0.888280073384
0.888280073388
0.88828007338
0.888280073384
0.888280073389
0.888280073385
0.888280073379
0.888280073388
0.888280073384
0.88828007338
0.888280073377
0.888280073373
0.888280073383
0.888280073389
0.888262457089
0.888262457089
0.888262457092
0.888262457085
0.888262457089
0.888262457094
0.888262457089
0.888262457084
0.88826245709
0.88826245709
0.888262457085
0.888262457082
0.888262457078
0.888262457089
0.888262457095
0.888260901654
0.888260901654
0.888260901658
0.888260901651
0.888260901655
0.88826090166
0.888260901655
0.88826090165
0.888260901656
0.888260901656
0.88826090165
0.888260901647
0.888260901644
0.888260901654
0.888260901658
0.888257726558
0.888257726558
0.888257726561
0.888257726554
0.888257726558
0.888257726563
0.888257726558
0.888257726553
0.888257726559
0.888257726559
0.888257726553
0.88825772655
0.888257726547
0.888257726556
0.88825772656
0.88823828158
0.88823828158
0.888238281584
0.888238281576
0.88823828158
0.888238281585
0.888238281581
0.888238281575
0.888238281581
0.888238281581
0.888238281576
0.888238281572
0.888238281569
0.888238281578
0.888238281581
0.888138293859
0.888138293859
0.888138293862
0.888138293855
0.888138293859
0.888138293864
0.888138293859
0.888138293854
0.88813829386
0.88813829386
0.888138293854
0.888138293851
0.888138293848
0.888138293856
0.888138293858
0.887701933058
0.887701933058
0.887701933061
0.887701933054
0.887701933058
0.887701933063
0.887701933059
0.887701933054
0.887701933059
0.887701933059
0.887701933055
0.887701933051
0.887701933049
0.887701933055
0.887701933054
0.886883744905
0.886883744905
0.886883744906
0.886883744899
0.886883744904
0.886883744906
0.886883744904
0.886883744905
0.886883744905
0.886883744905
0.886883744908
0.886883744903
0.886883744905
0.886883744903
0.886883744899
0.8868807526
0.8868807526
0.886880752602
0.886880752595
0.8868807526
0.886880752602
0.8868807526
0.886880752601
0.8868807526
0.8868807526
0.886880752604
0.8868807526
0.886880752601
0.8868807526
0.886880752598
     fun: 0.8868807526002773
     jac: array([  9.70810652e-05,  -3.58544290e-04,  -1.91405416e-05,
         9.50396061e-05,  -2.86996365e-05,   4.13283706e-05,
        -2.12341547e-05,  -3.27378511e-05,   2.73048878e-04,
        -3.82587314e-05,   5.07906079e-05,  -4.38243151e-05,
        -1.44585967e-04])
 message: 'Optimization terminated successfully.'
    nfev: 647
     nit: 43
    njev: 43
  status: 0
 success: True
       x: array([  3.87335503,   4.06626296,   6.25527915,   5.28247058,
        10.3235409 ,   6.8756707 ,   1.8131803 ,  41.04073178,
         8.42924909,   4.50767739,   3.68786234,   2.05376799,   3.87440388])

========================================================

Final result:
3.87335503213
4.06626295835
3.87335503213
6.25527914933
5.28247057564
10.3235409005
6.8756707017
1.81318029847
1.81318029847
41.0407317824
8.42924908939
4.50767738961
3.6878623415
2.05376799252
3.8744038778
3.8744038778
3.8744038778
