6.399514139926801e-07
6.399514139926801e-07
6.399514146528719e-07
6.399514143363267e-07
6.399514144189218e-07
6.399514144468471e-07
6.399514144112929e-07
6.399514144109713e-07
6.399514147984719e-07
6.399514143966069e-07
6.399514143343206e-07
6.39951414791346e-07
6.399514143464389e-07
6.399514142754072e-07
6.399514143433984e-07
6.399514146984702e-07
6.399514144204642e-07
6.399514144288048e-07
6.399514143487443e-07
6.399514149892407e-07
6.399513906709751e-07
6.399513906709751e-07
6.399513913311577e-07
6.399513910146184e-07
6.399513910972188e-07
6.399513911251451e-07
6.399513910895884e-07
6.399513910892707e-07
6.399513914767627e-07
6.399513910748958e-07
6.399513910126112e-07
6.399513914696424e-07
6.399513910247301e-07
6.399513909537012e-07
6.399513910216934e-07
6.399513913767551e-07
6.399513910987495e-07
6.399513911070974e-07
6.399513910270325e-07
6.399513916675318e-07
6.399512740631424e-07
6.399512740631424e-07
6.399512747233209e-07
6.399512744067865e-07
6.399512744893878e-07
6.399512745173107e-07
6.399512744817503e-07
6.399512744814374e-07
6.399512748689241e-07
6.399512744670637e-07
6.399512744047825e-07
6.399512748618077e-07
6.39951274416894e-07
6.399512743458624e-07
6.399512744138569e-07
6.399512747689231e-07
6.399512744909172e-07
6.399512744992592e-07
6.399512744191972e-07
6.399512750596949e-07
6.399506910272913e-07
6.399506910272913e-07
6.399506916874659e-07
6.399506913709338e-07
6.399506914535264e-07
6.399506914814582e-07
6.399506914459026e-07
6.399506914455798e-07
6.399506918330732e-07
6.399506914312098e-07
6.399506913689286e-07
6.39950691825953e-07
6.399506913810411e-07
6.39950691310013e-07
6.399506913780096e-07
6.39950691733072e-07
6.399506914550667e-07
6.399506914634106e-07
6.399506913833495e-07
6.399506920238437e-07
6.399477758788455e-07
6.399477758788455e-07
6.39947776539017e-07
6.399477762224869e-07
6.399477763050874e-07
6.399477763330068e-07
6.399477762974534e-07
6.399477762971317e-07
6.399477766846224e-07
6.399477762827629e-07
6.399477762204805e-07
6.399477766775004e-07
6.399477762326018e-07
6.39947776161566e-07
6.39947776229555e-07
6.39947776584621e-07
6.399477763066156e-07
6.399477763149611e-07
6.399477762349038e-07
6.399477768753924e-07
6.399332008406806e-07
6.399332008406806e-07
6.399332015007935e-07
6.399332011842886e-07
6.399332012668883e-07
6.399332012948108e-07
6.399332012592534e-07
6.399332012589376e-07
6.399332016463937e-07
6.39933201244565e-07
6.399332011822863e-07
6.3993320163927e-07
6.399332011944009e-07
6.399332011233782e-07
6.399332011913616e-07
6.399332015464057e-07
6.399332012684196e-07
6.399332012767649e-07
6.399332011967047e-07
6.399332018371415e-07
6.398603471455788e-07
6.398603471455788e-07
6.398603478054334e-07
6.398603474890549e-07
6.398603475716446e-07
6.398603475995684e-07
6.39860347564011e-07
6.398603475636987e-07
6.398603479509949e-07
6.398603475493222e-07
6.398603474870702e-07
6.39860347943887e-07
6.398603474991869e-07
6.398603474281747e-07
6.398603474961496e-07
6.398603478510867e-07
6.398603475731865e-07
6.398603475815245e-07
6.398603475014795e-07
6.398603481416693e-07
6.394965941432531e-07
6.394965941432531e-07
6.394965948017828e-07
6.394965944860631e-07
6.394965945686184e-07
6.39496594596539e-07
6.394965945609609e-07
6.394965945606991e-07
6.394965949472015e-07
6.394965945463172e-07
6.394965944841353e-07
6.394965949401553e-07
6.394965944962732e-07
6.39496594425349e-07
6.394965944932714e-07
6.394965948476657e-07
6.394965945701746e-07
6.394965945784908e-07
6.394965944985147e-07
6.394965951374807e-07
6.3769070274144e-07
6.3769070274144e-07
6.376907033933676e-07
6.376907030809416e-07
6.376907031632934e-07
6.376907031912e-07
6.37690703155548e-07
6.376907031555211e-07
6.376907035380661e-07
6.376907031410764e-07
6.376907030793058e-07
6.376907035313148e-07
6.376907030915355e-07
6.376907030210419e-07
6.376907030886561e-07
6.376907034403814e-07
6.376907031649381e-07
6.376907031731569e-07
6.376907030935351e-07
6.376907037263475e-07
6.289785204040361e-07
6.289785204040361e-07
6.289785210232549e-07
6.289785207271388e-07
6.289785208084897e-07
6.289785208363164e-07
6.289785208003e-07
6.289785208014276e-07
6.289785211643521e-07
6.289785207866743e-07
6.28978520726943e-07
6.289785211590684e-07
6.289785207396498e-07
6.289785206712905e-07
6.289785207373871e-07
6.289785210758492e-07
6.289785208105717e-07
6.289785208183053e-07
6.289785207404225e-07
6.289785213427934e-07
5.927901858400127e-07
5.927901858400127e-07
5.927901863030999e-07
5.927901860848319e-07
5.927901861614464e-07
5.927901861889142e-07
5.927901861511208e-07
5.927901861577713e-07
5.927901864270509e-07
5.927901861415448e-07
5.927901860915314e-07
5.927901864287995e-07
5.927901861065045e-07
5.927901860483399e-07
5.927901861072102e-07
5.927901863823642e-07
5.927901861655925e-07
5.927901861710241e-07
5.927901861014169e-07
5.927901865584917e-07
5.364707843074267e-07
5.364707843074267e-07
5.364707842386969e-07
5.364707842856017e-07
5.364707843460498e-07
5.364707843722993e-07
5.364707843284567e-07
5.364707843539008e-07
5.364707843042256e-07
5.3647078433269e-07
5.364707843157686e-07
5.364707843299037e-07
5.364707843384444e-07
5.364707843150034e-07
5.364707843492623e-07
5.36470784408793e-07
5.364707843572438e-07
5.364707843548176e-07
5.364707843134242e-07
5.36470784275593e-07
     fun: 5.396013672726482e-07
     jac: array([-6.13748341e-09, -1.86157934e-09,  2.09961826e-09,  3.82893717e-09,
        9.27776966e-10,  2.63566591e-09, -2.07628403e-09,  1.22883392e-09,
        1.65201186e-10, -3.36626726e-10,  1.67295156e-09,  1.81898940e-10,
        2.40243736e-09,  5.17214005e-09,  2.84906321e-09,  2.67660027e-09,
       -8.78230821e-12, -5.58959812e-09])
 message: 'Optimization terminated successfully.'
    nfev: 240
     nit: 12
    njev: 12
  status: 0
 success: True
       x: array([1.25313588, 7.00767594, 8.14356184, 1.78406677, 7.7095974 ,
       8.39385922, 1.39065948, 8.10719129, 5.82011566, 1.47568388,
       8.10998055, 5.72821534, 7.6367865 , 1.29779359, 7.33321503,
       1.2144034 , 7.45838112, 1.45948336])

========================================================

Final result:
1.2531358839622713
7.007675935983422
1.2531358839622713
8.143561842692495
1.784066768284845
7.709597397652534
8.393859222241378
1.3906594802085879
1.3906594802085879
8.107191289168277
5.82011566345737
1.4756838849525202
1.4756838849525202
8.109980546635928
5.728215344442495
7.636786502092998
1.2977935868906458
1.2977935868906458
7.333215034835355
1.2144034020229162
7.458381124038916
1.4594833632928113
1.4594833632928113
1.4594833632928113
