3.29229941826
3.29229941826
3.29229941662
3.29229941744
3.29229941743
3.29229941743
3.29229941662
3.29229941743
3.29229941744
3.29229941742
3.29229941749
3.29229941599
3.22364030664
3.22364030664
3.223640305
3.22364030582
3.22364030582
3.22364030581
3.223640305
3.22364030581
3.22364030582
3.22364030581
3.22364030587
3.22364030438
2.88175028682
2.88175028682
2.88175028518
2.881750286
2.88175028599
2.88175028599
2.88175028518
2.88175028599
2.881750286
2.88175028599
2.88175028606
2.88175028458
1.25452774722
1.25452774722
1.25452774572
1.25452774647
1.25452774646
1.25452774646
1.25452774571
1.25452774644
1.25452774651
1.2545277465
1.2545277466
1.25452774543
6.5483780598
1.21440537455
0.670284810274
0.670284810274
0.670284810068
0.670284810158
0.670284810155
0.67028481018
0.670284810022
0.670284810127
0.670284810282
0.670284810287
0.670284810397
0.67028481074
0.668518359781
0.668518359781
0.668518359583
0.668518359668
0.668518359664
0.668518359687
0.668518359534
0.668518359633
0.668518359788
0.668518359793
0.668518359901
0.668518360238
0.660402066993
0.660402066993
0.660402066828
0.660402066895
0.660402066886
0.6604020669
0.660402066769
0.660402066844
0.660402066994
0.660402067001
0.660402067098
0.660402067399
0.635624433559
0.635624433559
0.635624433578
0.635624433545
0.635624433513
0.635624433482
0.635624433472
0.635624433419
0.635624433543
0.635624433558
0.635624433604
0.635624433753
0.630227761675
0.630227761675
0.630227761796
0.630227761706
0.630227761657
0.63022776159
0.630227761655
0.630227761523
0.630227761624
0.630227761645
0.630227761651
0.630227761632
0.629985433065
0.629985433065
0.629985433219
0.629985433114
0.629985433066
0.629985433
0.62998543308
0.629985432933
0.629985433036
0.629985433056
0.629985433063
0.629985433087
0.629538208101
0.629538208101
0.629538208246
0.629538208145
0.629538208099
0.629538208036
0.629538208112
0.62953820797
0.629538208073
0.629538208093
0.629538208103
0.629538208139
0.626486622176
0.626486622176
0.6264866223
0.626486622212
0.626486622173
0.626486622117
0.626486622186
0.626486622052
0.626486622158
0.626486622177
0.626486622191
0.626486622257
0.612292938324
0.612292938324
0.612292938362
0.612292938328
0.612292938322
0.612292938285
0.612292938345
0.612292938229
0.61229293833
0.612292938347
0.612292938369
0.612292938497
0.598388349629
0.598388349629
0.598388349541
0.598388349588
0.598388349636
0.598388349617
0.598388349697
0.598388349577
0.598388349652
0.598388349666
0.59838834968
0.598388349808
0.596070557316
0.596070557316
0.596070557233
0.596070557279
0.59607055733
0.596070557301
0.596070557407
0.596070557264
0.596070557326
0.596070557341
0.596070557339
0.596070557398
0.595425022107
0.595425022107
0.595425022043
0.595425022079
0.595425022125
0.595425022086
0.595425022209
0.595425022048
0.595425022102
0.595425022119
0.595425022105
0.595425022107
0.595320951736
0.595320951736
0.595320951676
0.595320951709
0.595320951754
0.595320951714
0.595320951839
0.595320951676
0.595320951729
0.595320951746
0.595320951731
0.595320951727
0.594652284563
0.594652284563
0.594652284514
0.594652284541
0.594652284581
0.59465228454
0.594652284665
0.594652284502
0.594652284552
0.594652284568
0.594652284551
0.594652284532
0.591314734164
0.591314734164
0.591314734157
0.591314734157
0.591314734183
0.591314734137
0.591314734257
0.591314734104
0.591314734138
0.591314734152
0.591314734132
0.591314734066
0.586412222398
0.586412222398
0.586412222441
0.586412222408
0.586412222412
0.586412222371
0.586412222461
0.586412222354
0.586412222358
0.586412222362
0.586412222348
0.586412222242
0.583085859441
0.583085859441
0.583085859492
0.583085859451
0.583085859448
0.583085859423
0.583085859473
0.583085859421
0.583085859405
0.583085859399
0.5830858594
0.583085859317
0.581336964904
0.581336964904
0.58133696493
0.581336964903
0.581336964905
0.581336964899
0.581336964912
0.581336964909
0.581336964883
0.581336964871
0.58133696489
0.581336964868
0.581136886997
0.581136886997
0.581136887005
0.581136886988
0.581136886996
0.581136886995
0.581136887002
0.581136887006
0.581136886984
0.581136886971
0.581136886994
0.581136886998
0.581123118869
0.581123118869
0.581123118873
0.581123118859
0.581123118868
0.581123118868
0.581123118876
0.581123118878
0.581123118857
0.581123118845
0.581123118868
0.581123118877
0.581116211836
0.581116211836
0.581116211839
0.581116211826
0.581116211835
0.581116211835
0.581116211843
0.581116211845
0.581116211825
0.581116211813
0.581116211836
0.581116211845
0.581084763054
0.581084763054
0.581084763054
0.581084763043
0.581084763053
0.581084763053
0.581084763063
0.581084763062
0.581084763044
0.581084763033
0.581084763055
0.581084763067
0.581019079418
0.581019079418
0.581019079414
0.581019079405
0.581019079418
0.581019079417
0.581019079429
0.581019079425
0.58101907941
0.5810190794
0.581019079421
0.581019079436
0.580851177923
0.580851177923
0.580851177912
0.580851177908
0.580851177923
0.580851177922
0.580851177937
0.580851177927
0.580851177918
0.58085117791
0.580851177928
0.580851177948
0.580518853653
0.580518853653
0.580518853636
0.580518853636
0.580518853653
0.580518853652
0.580518853668
0.580518853654
0.580518853652
0.580518853649
0.58051885366
0.580518853684
0.580027775087
0.580027775087
0.580027775069
0.58002777507
0.580027775086
0.580027775086
0.5800277751
0.580027775085
0.58002777509
0.580027775093
0.580027775095
0.580027775116
0.579643765433
0.579643765433
0.579643765424
0.579643765419
0.579643765432
0.579643765433
0.57964376544
0.579643765431
0.579643765437
0.579643765443
0.579643765438
0.579643765449
0.579523273652
0.579523273652
0.579523273653
0.579523273642
0.57952327365
0.579523273652
0.579523273654
0.579523273652
0.579523273654
0.57952327366
0.579523273654
0.579523273655
0.579510592814
0.579510592814
0.579510592818
0.579510592805
0.579510592812
0.579510592814
0.579510592814
0.579510592815
0.579510592815
0.579510592819
0.579510592814
0.579510592813
0.579509551723
0.579509551723
0.579509551727
0.579509551713
0.579509551721
0.579509551722
0.579509551723
0.579509551724
0.579509551723
0.579509551727
0.579509551723
0.579509551722
0.579508239448
0.579508239448
0.579508239452
0.579508239439
0.579508239446
0.579508239447
0.579508239448
0.579508239449
0.579508239448
0.579508239452
0.579508239448
0.579508239447
0.579504150232
0.579504150232
0.579504150237
0.579504150223
0.57950415023
0.579504150231
0.579504150232
0.579504150233
0.579504150232
0.579504150235
0.579504150231
0.57950415023
0.579494157317
0.579494157317
0.579494157322
0.579494157308
0.579494157315
0.579494157317
0.579494157317
0.579494157319
0.579494157316
0.579494157319
0.579494157316
0.579494157315
0.579467691016
0.579467691016
0.579467691022
0.579467691007
0.579467691014
0.579467691015
0.579467691016
0.579467691018
0.579467691014
0.579467691016
0.579467691015
0.579467691014
0.579400421223
0.579400421223
0.57940042123
0.579400421215
0.579400421221
0.579400421222
0.579400421223
0.579400421226
0.57940042122
0.579400421219
0.579400421221
0.57940042122
0.57923515836
0.57923515836
0.579235158369
0.579235158353
0.579235158358
0.579235158359
0.57923515836
0.579235158365
0.579235158355
0.579235158352
0.579235158358
0.579235158356
0.578866264894
0.578866264894
0.578866264905
0.57886626489
0.578866264893
0.578866264894
0.578866264894
0.578866264901
0.578866264886
0.57886626488
0.578866264891
0.578866264889
0.578212639337
0.578212639337
0.578212639347
0.578212639335
0.578212639336
0.578212639336
0.578212639336
0.578212639344
0.578212639327
0.578212639317
0.578212639333
0.57821263933
0.577485479728
0.577485479728
0.577485479735
0.577485479729
0.577485479728
0.577485479728
0.577485479727
0.577485479733
0.57748547972
0.577485479711
0.577485479725
0.577485479723
0.577116548228
0.577116548228
0.57711654823
0.577116548229
0.577116548228
0.577116548229
0.577116548228
0.577116548229
0.577116548225
0.577116548221
0.577116548227
0.577116548226
0.577050771121
0.577050771121
0.577050771121
0.577050771121
0.577050771121
0.577050771122
0.577050771121
0.577050771121
0.577050771121
0.57705077112
0.577050771121
0.577050771121
0.577047292837
0.577047292837
0.577047292837
0.577047292837
0.577047292837
0.577047292838
0.577047292837
0.577047292837
0.577047292838
0.577047292837
0.577047292837
0.577047292837
     fun: 0.5770472928372489
     jac: array([  2.56299973e-06,  -1.39474869e-05,   4.96953726e-06,
         6.48424029e-05,  -6.91413879e-06,  -3.85046005e-05,
         2.57641077e-05,  -2.47880816e-05,  -5.96046448e-08,
        -2.41398811e-06])
 message: 'Optimization terminated successfully.'
    nfev: 554
     nit: 46
    njev: 46
  status: 0
 success: True
       x: array([ 1.11091867,  9.33924504,  4.56307512,  6.70397347,  3.17761317,
        8.38578725,  5.07582542,  3.14631248,  2.18570276,  3.53483428])

========================================================

Final result:
1.11091866536
9.33924504491
1.11091866536
4.56307511745
6.70397347047
3.17761316743
3.17761316743
8.38578725183
5.07582541872
3.14631247506
2.18570276433
3.5348342761
3.5348342761
3.5348342761
