5.670626440404082e-07
5.670626440404082e-07
5.670626443416051e-07
5.670626442594989e-07
5.670626442972849e-07
5.670626447655293e-07
5.67062644422752e-07
5.670626444419054e-07
5.670626444250383e-07
5.670626444319019e-07
5.670626444137056e-07
5.670626443868777e-07
5.670626447885782e-07
5.670626443498303e-07
5.670626443182047e-07
5.67062644282897e-07
5.670626443267147e-07
5.670626442969433e-07
5.670626443770678e-07
5.670626443928622e-07
5.670626443013369e-07
5.670626447509406e-07
5.670626289612106e-07
5.670626289612106e-07
5.670626292624114e-07
5.670626291802998e-07
5.670626292180884e-07
5.670626296863315e-07
5.670626293435551e-07
5.670626293627093e-07
5.670626293458406e-07
5.670626293527034e-07
5.67062629334509e-07
5.670626293076811e-07
5.670626297093823e-07
5.670626292706331e-07
5.670626292390073e-07
5.670626292036978e-07
5.670626292475166e-07
5.670626292177434e-07
5.670626292978703e-07
5.670626293136672e-07
5.670626292221433e-07
5.67062629671747e-07
5.67062553565082e-07
5.67062553565082e-07
5.670625538662812e-07
5.670625537841689e-07
5.670625538219592e-07
5.670625542902039e-07
5.670625539474243e-07
5.670625539665827e-07
5.670625539497112e-07
5.670625539565765e-07
5.670625539383801e-07
5.670625539115516e-07
5.670625543132559e-07
5.670625538745005e-07
5.670625538428785e-07
5.670625538075675e-07
5.670625538513868e-07
5.670625538216166e-07
5.670625539017429e-07
5.670625539175357e-07
5.670625538260155e-07
5.670625542756151e-07
5.670621765853557e-07
5.670621765853557e-07
5.670621768865528e-07
5.670621768044455e-07
5.67062176842234e-07
5.670621773104776e-07
5.67062176967702e-07
5.670621769868543e-07
5.670621769699857e-07
5.670621769768506e-07
5.67062176958653e-07
5.670621769318262e-07
5.670621773335319e-07
5.670621768947769e-07
5.670621768631516e-07
5.670621768278447e-07
5.670621768716639e-07
5.670621768418923e-07
5.67062176922017e-07
5.670621769378111e-07
5.670621768462873e-07
5.670621772958887e-07
5.67060291697237e-07
5.67060291697237e-07
5.670602919984279e-07
5.670602919163219e-07
5.670602919541087e-07
5.670602924223452e-07
5.670602920795773e-07
5.670602920987306e-07
5.670602920818631e-07
5.670602920887281e-07
5.670602920705296e-07
5.670602920437056e-07
5.670602924454003e-07
5.670602920066551e-07
5.670602919750294e-07
5.670602919397234e-07
5.670602919835408e-07
5.670602919537662e-07
5.670602920338914e-07
5.670602920496865e-07
5.670602919581621e-07
5.670602924077533e-07
5.670508677596668e-07
5.670508677596668e-07
5.670508680608446e-07
5.670508679787366e-07
5.670508680165249e-07
5.670508684847262e-07
5.670508681419891e-07
5.67050868161142e-07
5.670508681442757e-07
5.670508681511382e-07
5.670508681329444e-07
5.67050868106115e-07
5.670508685077928e-07
5.670508680690718e-07
5.670508680374448e-07
5.670508680021365e-07
5.670508680459591e-07
5.670508680161837e-07
5.67050868096304e-07
5.670508681121005e-07
5.670508680205789e-07
5.670508684701373e-07
5.670037592000581e-07
5.670037592000581e-07
5.670037595011388e-07
5.670037594190452e-07
5.670037594568225e-07
5.670037599248473e-07
5.670037595822814e-07
5.670037596014308e-07
5.670037595845652e-07
5.670037595914301e-07
5.670037595732386e-07
5.670037595464077e-07
5.670037599479908e-07
5.670037595093798e-07
5.67003759477744e-07
5.670037594424562e-07
5.670037594862792e-07
5.670037594565143e-07
5.670037595365985e-07
5.670037595523892e-07
5.670037594608786e-07
5.670037599102659e-07
5.667685027271938e-07
5.667685027271938e-07
5.667685030278164e-07
5.667685029457669e-07
5.667685029835115e-07
5.667685034506621e-07
5.667685031089204e-07
5.667685031280528e-07
5.66768503111219e-07
5.667685031180838e-07
5.667685030999048e-07
5.66768503073076e-07
5.667685034741536e-07
5.667685030361158e-07
5.667685030044451e-07
5.667685029692204e-07
5.667685030130737e-07
5.667685029833521e-07
5.667685030632566e-07
5.667685030790329e-07
5.667685029875683e-07
5.667685034360929e-07
5.655993286237822e-07
5.655993286237822e-07
5.655993289221249e-07
5.655993288403054e-07
5.655993288778823e-07
5.65599329340655e-07
5.655993290030534e-07
5.655993290220977e-07
5.655993290054018e-07
5.655993290122704e-07
5.655993289941585e-07
5.655993289673153e-07
5.655993293659148e-07
5.655993289307207e-07
5.655993288988729e-07
5.655993288639783e-07
5.655993289079686e-07
5.655993288784527e-07
5.655993289574618e-07
5.655993289731737e-07
5.655993288819335e-07
5.655993293261618e-07
5.5992885069046e-07
5.5992885069046e-07
5.599288509774685e-07
5.599288508968008e-07
5.599288509335278e-07
5.599288513746014e-07
5.599288510575219e-07
5.599288510761371e-07
5.599288510601303e-07
5.599288510670105e-07
5.599288510492303e-07
5.599288510223303e-07
5.599288514086211e-07
5.599288509875545e-07
5.599288509548025e-07
5.599288509215563e-07
5.5992885096623e-07
5.599288509377409e-07
5.599288510122986e-07
5.599288510277003e-07
5.5992885093758e-07
5.599288513604837e-07
5.35696928489574e-07
5.35696928489574e-07
5.356969287221052e-07
5.356969286469788e-07
5.356969286796353e-07
5.356969290164082e-07
5.35696928797968e-07
5.356969288145272e-07
5.356969288018272e-07
5.35696928808758e-07
5.356969287925865e-07
5.356969287653995e-07
5.356969290925336e-07
5.356969287393419e-07
5.356969287022809e-07
5.356969286769381e-07
5.356969287248908e-07
5.356969287013437e-07
5.356969287545213e-07
5.356969287684148e-07
5.356969286836801e-07
5.35696929004096e-07
4.88698879212989e-07
4.88698879212989e-07
4.886988792260539e-07
4.886988791732425e-07
4.886988791895018e-07
4.886988791060978e-07
4.886988792850237e-07
4.886988792932937e-07
4.886988792939229e-07
4.886988793010691e-07
4.886988792913675e-07
4.886988792630263e-07
4.886988793518338e-07
4.886988792721076e-07
4.886988792176645e-07
4.886988792241654e-07
4.88698879285333e-07
4.886988792816857e-07
4.886988792487362e-07
4.886988792565431e-07
4.886988791935207e-07
4.886988791010466e-07
4.885441804545909e-07
4.885441804545909e-07
4.885441804611847e-07
4.885441804090291e-07
4.885441804248047e-07
4.885441803290086e-07
4.885441805196521e-07
4.885441805276814e-07
4.885441805287025e-07
4.88544180535854e-07
4.885441805263444e-07
4.885441804979686e-07
4.885441805797464e-07
4.885441805080855e-07
4.885441804531316e-07
4.885441804605703e-07
4.885441805221272e-07
4.885441805190687e-07
4.885441804835774e-07
4.885441804912067e-07
4.885441804288248e-07
4.885441803241727e-07
     fun: 4.912614892009626e-07
     jac: array([ 3.60671493e-11, -3.35322881e-09, -2.34553710e-09, -1.13630847e-08,
        3.85025345e-09,  4.36325109e-09,  4.45454162e-09,  4.92519803e-09,
        4.31158043e-09,  2.44351384e-09,  6.37989928e-09,  3.17243831e-09,
       -4.72780926e-10,  7.40669748e-11,  4.14595291e-09,  3.98087252e-09,
        1.49096735e-09,  1.98165395e-09, -2.08123652e-09, -1.16285719e-08])
 message: 'Optimization terminated successfully.'
    nfev: 286
     nit: 13
    njev: 13
  status: 0
 success: True
       x: array([7.56283307, 5.29754846, 7.87441276, 1.54916807, 7.32561097,
       1.30322802, 8.20087994, 1.62843279, 7.86402279, 8.0677026 ,
       1.40364262, 7.38797044, 5.61937949, 5.26759035, 5.78929747,
       1.47729156, 7.23462641, 1.17773106, 7.47453739, 1.52205036])

========================================================

Final result:
7.562833074541758
5.2975484592679045
7.874412762154681
1.5491680650397894
1.5491680650397894
1.5491680650397894
7.325610966803433
1.3032280186390743
8.200879938178899
1.6284327928630524
7.86402279233285
8.067702597234243
1.4036426237697563
1.4036426237697563
7.387970443724187
5.619379485700723
5.267590349879825
5.789297469976468
1.4772915630538763
7.2346264130164615
1.1777310561543135
7.4745373877968415
1.5220503601911284
1.5220503601911284
1.5220503601911284
