4.0630692987
4.0630692987
4.06306929794
4.06306929794
4.06306929799
4.06306929661
4.06306929793
4.06306929792
4.06306929793
4.06306929793
4.06306929715
4.06306929719
4.00444398193
4.00444398193
4.00444398118
4.00444398118
4.00444398122
4.00444397985
4.00444398116
4.00444398115
4.00444398116
4.00444398117
4.00444398039
4.00444398042
3.71236380246
3.71236380246
3.71236380171
3.71236380171
3.71236380176
3.7123638004
3.71236380169
3.71236380169
3.71236380169
3.7123638017
3.71236380092
3.71236380095
2.29428730897
2.29428730897
2.29428730827
2.29428730825
2.29428730835
2.29428730716
2.29428730824
2.29428730824
2.29428730822
2.2942873082
2.29428730746
2.29428730744
5.0623902231
1.01381044388
1.01381044388
1.0138104442
1.01381044413
1.01381044437
1.01381044547
1.01381044414
1.01381044418
1.01381044401
1.01381044391
1.01381044412
1.01381044386
0.995176280285
0.937966392734
0.937966392734
0.937966392764
0.93796639269
0.937966392943
0.937966393493
0.937966392696
0.937966392736
0.937966392571
0.937966392472
0.937966392386
0.937966392143
0.932536846247
0.932536846247
0.932536846275
0.932536846201
0.932536846452
0.932536846996
0.932536846208
0.932536846248
0.932536846085
0.932536845986
0.932536845902
0.932536845659
0.906375078463
0.906375078463
0.906375078488
0.906375078414
0.906375078659
0.906375079178
0.906375078427
0.906375078467
0.906375078311
0.906375078215
0.906375078141
0.906375077901
0.802160656782
0.802160656782
0.802160656784
0.802160656714
0.802160656915
0.802160657281
0.802160656758
0.802160656792
0.802160656684
0.802160656604
0.80216065659
0.802160656372
0.744300316751
0.744300316751
0.744300316693
0.744300316649
0.744300316677
0.744300316525
0.744300316768
0.744300316779
0.744300316831
0.744300316816
0.744300316973
0.74430031687
0.730596327409
0.730596327409
0.730596327369
0.730596327314
0.730596327403
0.730596327424
0.730596327412
0.730596327432
0.73059632743
0.730596327392
0.730596327497
0.73059632735
0.730455849255
0.730455849255
0.730455849214
0.73045584916
0.730455849246
0.730455849258
0.730455849259
0.730455849278
0.730455849279
0.730455849243
0.730455849349
0.730455849205
0.730106742326
0.730106742326
0.730106742284
0.73010674223
0.730106742312
0.730106742312
0.73010674233
0.730106742349
0.730106742355
0.73010674232
0.730106742429
0.730106742289
0.729172602501
0.729172602501
0.729172602457
0.729172602406
0.72917260248
0.729172602459
0.729172602507
0.729172602524
0.729172602536
0.729172602506
0.729172602618
0.729172602489
0.726954681055
0.726954681055
0.726954681009
0.726954680961
0.726954681023
0.726954680974
0.726954681061
0.726954681077
0.726954681098
0.726954681076
0.726954681186
0.726954681081
0.722145615546
0.722145615546
0.722145615498
0.722145615457
0.722145615502
0.72214561542
0.722145615551
0.722145615563
0.722145615595
0.722145615588
0.722145615683
0.722145615625
0.714286038674
0.714286038674
0.714286038627
0.714286038596
0.714286038625
0.71428603853
0.714286038673
0.714286038681
0.714286038717
0.714286038733
0.714286038784
0.714286038803
0.706753018079
0.706753018079
0.70675301804
0.706753018017
0.706753018046
0.706753017988
0.706753018067
0.706753018073
0.706753018099
0.706753018133
0.70675301812
0.70675301821
0.703683992526
0.703683992526
0.703683992495
0.703683992472
0.703683992517
0.703683992517
0.703683992507
0.703683992514
0.703683992522
0.703683992556
0.703683992507
0.703683992611
0.703238692102
0.703238692102
0.703238692073
0.703238692048
0.703238692102
0.703238692126
0.703238692081
0.70323869209
0.70323869209
0.70323869212
0.703238692067
0.703238692158
0.703173191998
0.703173191998
0.70317319197
0.703173191944
0.703173192
0.703173192028
0.703173191978
0.703173191987
0.703173191986
0.703173192014
0.703173191963
0.703173192048
0.703053882253
0.703053882253
0.703053882225
0.703053882198
0.703053882256
0.703053882287
0.703053882233
0.703053882243
0.703053882241
0.703053882266
0.703053882219
0.703053882295
0.702742685764
0.702742685764
0.702742685737
0.702742685709
0.702742685768
0.702742685805
0.702742685745
0.702742685754
0.702742685751
0.702742685771
0.702742685731
0.702742685793
0.702007233972
0.702007233972
0.702007233947
0.70200723392
0.70200723398
0.702007234022
0.702007233955
0.702007233964
0.702007233959
0.702007233972
0.702007233944
0.702007233982
0.700455710312
0.700455710312
0.700455710293
0.700455710269
0.700455710323
0.70045571037
0.700455710298
0.700455710305
0.700455710301
0.700455710303
0.700455710293
0.700455710296
0.698049119574
0.698049119574
0.698049119564
0.698049119549
0.698049119586
0.698049119627
0.698049119564
0.698049119566
0.698049119567
0.698049119558
0.69804911957
0.698049119535
0.69594739006
0.69594739006
0.695947390058
0.695947390056
0.695947390068
0.695947390092
0.695947390053
0.695947390048
0.695947390058
0.695947390046
0.695947390068
0.695947390025
0.695194356313
0.695194356313
0.695194356313
0.695194356318
0.695194356315
0.695194356323
0.695194356306
0.695194356297
0.695194356313
0.695194356308
0.695194356323
0.695194356299
0.695104914287
0.695104914287
0.695104914286
0.695104914292
0.695104914287
0.69510491429
0.695104914279
0.69510491427
0.695104914287
0.695104914286
0.695104914295
0.695104914285
0.695099739338
0.695099739338
0.695099739337
0.695099739342
0.695099739338
0.695099739341
0.69509973933
0.695099739321
0.695099739338
0.695099739338
0.695099739346
0.695099739338
0.695096488504
0.695096488504
0.695096488503
0.695096488508
0.695096488504
0.695096488507
0.695096488496
0.695096488487
0.695096488504
0.695096488505
0.695096488511
0.695096488505
0.695083402461
0.695083402461
0.695083402459
0.695083402464
0.695083402461
0.695083402464
0.695083402453
0.695083402445
0.695083402461
0.695083402462
0.695083402468
0.695083402464
0.695054643251
0.695054643251
0.695054643249
0.695054643252
0.695054643251
0.695054643254
0.695054643243
0.695054643235
0.695054643251
0.695054643253
0.695054643256
0.695054643256
0.694980305048
0.694980305048
0.694980305045
0.694980305047
0.694980305048
0.694980305051
0.694980305039
0.694980305033
0.694980305048
0.694980305051
0.694980305051
0.694980305056
0.694820925066
0.694820925066
0.694820925061
0.694820925062
0.694820925066
0.694820925069
0.694820925058
0.694820925054
0.694820925065
0.69482092507
0.694820925065
0.694820925078
0.69454641784
0.69454641784
0.694546417835
0.694546417833
0.69454641784
0.694546417842
0.694546417834
0.694546417833
0.694546417839
0.694546417845
0.694546417836
0.694546417854
0.694263412396
0.694263412396
0.694263412392
0.69426341239
0.694263412395
0.694263412397
0.694263412393
0.694263412395
0.694263412395
0.694263412399
0.694263412391
0.694263412407
0.694133621359
0.694133621359
0.694133621357
0.694133621356
0.694133621358
0.694133621359
0.694133621357
0.69413362136
0.694133621358
0.694133621359
0.694133621356
0.694133621363
0.694113251827
0.694113251827
0.694113251827
0.694113251827
0.694113251827
0.694113251827
0.694113251826
0.694113251828
0.694113251827
0.694113251827
0.694113251827
0.694113251828
0.694112294522
     fun: 0.694112294522202
     jac: array([ -1.57579780e-05,  -1.04382634e-05,  -3.56137753e-06,
        -1.66893005e-06,  -4.70206141e-05,   6.91562891e-05,
        -9.30577517e-06,  -1.40219927e-05,  -2.01016665e-05,
         4.18573618e-05])
 message: 'Optimization terminated successfully.'
    nfev: 471
     nit: 39
    njev: 39
  status: 0
 success: True
       x: array([  6.0054666 ,   9.3150171 ,   2.40108376,   4.12583479,
         4.65842929,   3.89221152,   3.54472544,   4.88715192,
         4.99991071,  10.68318497])

========================================================

Final result:
6.00546659762
9.31501710471
2.40108375891
4.12583478851
4.12583478851
4.12583478851
4.65842928828
3.89221152135
3.5447254384
4.88715192073
4.99991071265
4.99991071265
10.683184967
10.683184967
