5.60155786016
5.60155786016
5.60155785836
5.60155785956
5.60155785956
5.60155785955
5.60155785955
5.60155785959
5.60155785894
5.60155785955
5.60155785959
5.60155785895
5.60155785894
5.60155785899
5.60155785901
5.60155785958
5.60155785962
5.60155785963
5.60155785961
5.60155785959
5.60155785966
5.6015578587
5.52613357526
5.52613357526
5.52613357346
5.52613357466
5.52613357466
5.52613357465
5.52613357465
5.52613357468
5.52613357404
5.52613357465
5.52613357469
5.52613357405
5.52613357404
5.52613357408
5.52613357411
5.52613357468
5.52613357472
5.52613357472
5.5261335747
5.52613357469
5.52613357476
5.5261335738
5.15101227228
5.15101227228
5.15101227051
5.15101227169
5.15101227169
5.15101227168
5.15101227168
5.15101227171
5.15101227107
5.15101227167
5.15101227172
5.15101227108
5.15101227107
5.15101227111
5.15101227113
5.1510122717
5.15101227174
5.15101227175
5.15101227173
5.15101227172
5.15101227178
5.15101227084
3.35224446925
3.35224446925
3.35224446769
3.35224446872
3.35224446871
3.3522444687
3.35224446869
3.35224446873
3.35224446813
3.35224446867
3.35224446874
3.3522444681
3.3522444681
3.35224446811
3.35224446813
3.35224446868
3.35224446871
3.35224446871
3.35224446876
3.35224446874
3.35224446881
3.35224446797
6.29089660892
1.65408100748
1.65408100748
1.65408100831
1.65408100773
1.65408100766
1.65408100764
1.65408100761
1.65408100766
1.65408100775
1.65408100754
1.65408100765
1.65408100755
1.65408100759
1.65408100744
1.6540810074
1.65408100743
1.6540810074
1.65408100739
1.65408100768
1.65408100768
1.65408100768
1.65408100809
1.63972432739
1.63972432739
1.63972432744
1.63972432739
1.63972432732
1.63972432731
1.63972432727
1.63972432734
1.63972432717
1.63972432722
1.63972432733
1.63972432699
1.63972432703
1.63972432691
1.63972432689
1.63972432713
1.63972432711
1.63972432711
1.63972432736
1.63972432736
1.63972432738
1.63972432738
1.61258376769
1.61258376769
1.61258376809
1.6125837678
1.61258376773
1.61258376772
1.61258376768
1.61258376774
1.61258376769
1.61258376762
1.61258376773
1.6125837675
1.61258376754
1.6125837674
1.61258376737
1.61258376752
1.6125837675
1.61258376749
1.61258376776
1.61258376776
1.61258376777
1.61258376796
1.60950341024
1.60950341024
1.60950341066
1.60950341036
1.60950341029
1.60950341028
1.60950341024
1.6095034103
1.60950341025
1.60950341018
1.60950341029
1.60950341006
1.6095034101
1.60950340997
1.60950340994
1.60950341008
1.60950341006
1.60950341005
1.60950341032
1.60950341032
1.60950341033
1.60950341052
1.5924793149
1.5924793149
1.59247931532
1.59247931503
1.59247931496
1.59247931494
1.59247931491
1.59247931496
1.59247931493
1.59247931485
1.59247931495
1.59247931475
1.59247931479
1.59247931466
1.59247931463
1.59247931476
1.59247931474
1.59247931473
1.59247931498
1.59247931498
1.59247931499
1.59247931517
1.5270451431
1.5270451431
1.52704514343
1.52704514319
1.52704514313
1.52704514312
1.5270451431
1.52704514313
1.52704514312
1.52704514307
1.52704514311
1.527045143
1.52704514303
1.52704514295
1.52704514293
1.52704514301
1.52704514299
1.52704514299
1.52704514314
1.52704514314
1.52704514314
1.52704514325
1.48342928581
1.48342928581
1.48342928591
1.48342928584
1.4834292858
1.48342928579
1.48342928581
1.48342928578
1.48342928581
1.48342928582
1.48342928576
1.48342928583
1.48342928583
1.48342928584
1.48342928586
1.48342928583
1.48342928584
1.48342928585
1.48342928578
1.48342928578
1.48342928577
1.48342928569
1.48261493172
1.48261493172
1.48261493183
1.48261493175
1.48261493171
1.4826149317
1.48261493171
1.48261493168
1.48261493171
1.48261493171
1.48261493167
1.48261493172
1.48261493172
1.48261493172
1.48261493173
1.48261493172
1.48261493173
1.48261493173
1.48261493169
1.48261493169
1.48261493168
1.48261493162
1.48245487637
1.48245487637
1.48245487648
1.4824548764
1.48245487636
1.48245487635
1.48245487636
1.48245487634
1.48245487636
1.48245487636
1.48245487632
1.48245487637
1.48245487637
1.48245487637
1.48245487638
1.48245487637
1.48245487638
1.48245487638
1.48245487634
1.48245487634
1.48245487634
1.48245487627
1.48155454849
1.48155454849
1.4815545486
1.48155454852
1.48155454848
1.48155454847
1.48155454849
1.48155454846
1.48155454848
1.48155454849
1.48155454844
1.48155454849
1.48155454849
1.48155454849
1.4815545485
1.48155454849
1.4815545485
1.48155454851
1.48155454846
1.48155454847
1.48155454846
1.4815545484
1.47780558987
1.47780558987
1.47780558995
1.47780558989
1.47780558986
1.47780558985
1.47780558986
1.47780558984
1.47780558986
1.47780558986
1.47780558982
1.47780558986
1.47780558986
1.47780558986
1.47780558988
1.47780558987
1.47780558987
1.47780558988
1.47780558984
1.47780558985
1.47780558985
1.47780558981
1.47306342067
1.47306342067
1.47306342067
1.47306342066
1.47306342065
1.47306342064
1.47306342066
1.47306342065
1.47306342065
1.47306342066
1.47306342063
1.47306342066
1.47306342066
1.47306342067
1.47306342068
1.47306342067
1.47306342068
1.47306342068
1.47306342066
1.47306342066
1.47306342068
1.47306342071
1.47303421364
1.47303421364
1.47303421364
1.47303421364
1.47303421362
1.47303421361
1.47303421363
1.47303421362
1.47303421363
1.47303421363
1.4730342136
1.47303421363
1.47303421364
1.47303421364
1.47303421366
1.47303421364
1.47303421365
1.47303421366
1.47303421363
1.47303421364
1.47303421365
1.47303421368
1.47286481051
1.47286481051
1.47286481052
1.47286481051
1.4728648105
1.47286481049
1.4728648105
1.47286481049
1.4728648105
1.47286481051
1.47286481048
1.47286481051
1.47286481051
1.47286481052
1.47286481053
1.47286481052
1.47286481053
1.47286481053
1.47286481051
1.47286481051
1.47286481052
1.47286481055
1.47200854019
1.47200854019
1.47200854019
1.47200854018
1.47200854017
1.47200854016
1.47200854018
1.47200854016
1.47200854018
1.47200854019
1.47200854015
1.47200854019
1.4720085402
1.47200854021
1.47200854022
1.4720085402
1.47200854021
1.47200854021
1.47200854018
1.47200854018
1.47200854019
1.47200854021
1.47035569069
1.47035569069
1.47035569069
1.47035569069
1.47035569068
1.47035569067
1.47035569069
1.47035569067
1.4703556907
1.4703556907
1.47035569066
1.47035569072
1.47035569072
1.47035569073
1.47035569074
1.47035569071
1.47035569072
1.47035569072
1.47035569068
1.47035569068
1.47035569069
1.47035569069
1.46841933407
1.46841933407
1.46841933407
1.46841933407
1.46841933406
1.46841933406
1.46841933408
1.46841933405
1.4684193341
1.46841933408
1.46841933404
1.46841933411
1.46841933411
1.46841933411
1.46841933412
1.46841933409
1.4684193341
1.4684193341
1.46841933406
1.46841933406
1.46841933406
1.46841933405
1.46618527949
1.46618527949
1.46618527948
1.46618527949
1.46618527949
1.46618527948
1.46618527951
1.46618527948
1.46618527953
1.4661852795
1.46618527946
1.46618527952
1.46618527953
1.46618527952
1.46618527952
1.4661852795
1.4661852795
1.4661852795
1.46618527948
1.46618527948
1.46618527948
1.46618527947
1.46532163388
1.46532163388
1.46532163387
1.46532163388
1.46532163388
1.46532163388
1.4653216339
1.46532163387
1.46532163393
1.46532163389
1.46532163386
1.4653216339
1.46532163391
1.46532163389
1.46532163389
1.46532163388
1.46532163388
1.46532163388
1.46532163388
1.46532163388
1.46532163388
1.46532163387
1.46517493818
1.46517493818
1.46517493818
1.46517493818
1.46517493818
1.46517493818
1.4651749382
1.46517493817
1.46517493822
1.46517493819
1.46517493816
1.46517493819
1.46517493821
1.46517493818
1.46517493818
1.46517493817
1.46517493817
1.46517493817
1.46517493818
1.46517493818
1.46517493818
1.46517493818
1.46515055011
1.46515055011
1.4651505501
1.4651505501
1.4651505501
1.4651505501
1.46515055012
1.46515055009
1.46515055014
1.46515055011
1.46515055009
1.46515055011
1.46515055013
1.4651505501
1.4651505501
1.46515055009
1.46515055009
1.46515055009
1.4651505501
1.4651505501
1.4651505501
1.46515055011
1.46510694869
1.46510694869
1.46510694868
1.46510694868
1.46510694868
1.46510694868
1.4651069487
1.46510694868
1.46510694872
1.46510694869
1.46510694867
1.46510694869
1.4651069487
1.46510694868
1.46510694868
1.46510694868
1.46510694867
1.46510694867
1.46510694868
1.46510694869
1.46510694869
1.46510694869
1.46499279533
1.46499279533
1.46499279532
1.46499279533
1.46499279533
1.46499279532
1.46499279534
1.46499279532
1.46499279536
1.46499279533
1.46499279531
1.46499279533
1.46499279534
1.46499279531
1.46499279532
1.46499279532
1.46499279531
1.46499279532
1.46499279533
1.46499279533
1.46499279533
1.46499279534
1.46470708538
1.46470708538
1.46470708537
1.46470708538
1.46470708538
1.46470708537
1.46470708539
1.46470708537
1.4647070854
1.46470708538
1.46470708536
1.46470708537
1.46470708539
1.46470708536
1.46470708536
1.46470708537
1.46470708536
1.46470708536
1.46470708538
1.46470708538
1.46470708538
1.4647070854
1.46402136205
1.46402136205
1.46402136205
1.46402136205
1.46402136204
1.46402136204
1.46402136205
1.46402136204
1.46402136206
1.46402136204
1.46402136203
1.46402136204
1.46402136205
1.46402136202
1.46402136203
1.46402136203
1.46402136203
1.46402136203
1.46402136205
1.46402136205
1.46402136206
1.46402136208
1.46259119837
1.46259119837
1.46259119837
1.46259119837
1.46259119836
1.46259119836
1.46259119837
1.46259119836
1.46259119837
1.46259119836
1.46259119835
1.46259119835
1.46259119836
1.46259119834
1.46259119835
1.46259119835
1.46259119835
1.46259119836
1.46259119837
1.46259119837
1.46259119838
1.46259119841
1.46038858623
1.46038858623
1.46038858623
1.46038858623
1.46038858622
1.46038858622
1.46038858622
1.46038858622
1.46038858621
1.46038858621
1.46038858622
1.4603885862
1.46038858621
1.4603885862
1.4603885862
1.46038858621
1.46038858622
1.46038858622
1.46038858623
1.46038858623
1.46038858624
1.46038858627
1.45849940889
1.45849940889
1.4584994089
1.45849940889
1.45849940889
1.45849940889
1.45849940889
1.45849940889
1.45849940888
1.45849940888
1.45849940889
1.45849940887
1.45849940888
1.45849940887
1.45849940888
1.45849940888
1.45849940889
1.45849940889
1.4584994089
1.4584994089
1.4584994089
1.45849940892
1.45783506603
1.45783506603
1.45783506603
1.45783506603
1.45783506603
1.45783506603
1.45783506603
1.45783506603
1.45783506602
1.45783506602
1.45783506603
1.45783506602
1.45783506602
1.45783506602
1.45783506603
1.45783506603
1.45783506603
1.45783506604
1.45783506603
1.45783506603
1.45783506603
1.45783506604
1.45775861129
1.45775861129
1.45775861129
1.45775861129
1.45775861129
1.45775861129
1.45775861129
1.45775861129
1.45775861129
1.45775861128
1.45775861129
1.45775861128
1.45775861129
1.45775861128
1.45775861129
1.45775861129
1.45775861129
1.45775861129
1.45775861129
1.45775861129
1.45775861129
1.45775861129
1.45775528695
1.45775528695
1.45775528695
1.45775528695
1.45775528695
1.45775528696
1.45775528695
1.45775528695
1.45775528695
1.45775528695
1.45775528695
1.45775528695
1.45775528695
1.45775528695
1.45775528695
1.45775528695
1.45775528695
1.45775528696
1.45775528695
1.45775528695
1.45775528695
1.45775528695
1.45775429431
     fun: 1.4577542943083028
     jac: array([ -6.14374876e-05,   7.91251659e-06,   1.37895346e-04,
         3.68252397e-04,   2.99513340e-05,  -1.51991844e-06,
         1.57669187e-04,  -2.19807029e-04,  -6.21527433e-05,
        -3.40044498e-04,   9.22530890e-05,  -3.05637717e-04,
         2.16498971e-04,  -1.80497766e-04,   1.61945820e-04,
         3.97220254e-04,   2.00122595e-05,   1.36762857e-04,
        -9.41753387e-06,  -5.50001860e-05])
 message: 'Optimization terminated successfully.'
    nfev: 772
     nit: 35
    njev: 35
  status: 0
 success: True
       x: array([ 3.04038308,  1.66498089,  4.08212672,  5.60447988,  2.86570565,
        5.46720939,  4.38917687,  3.72076416,  7.70715354,  7.29779932,
        5.58905822,  7.88628218,  6.26439791,  4.34050808,  3.80331049,
        3.0324427 ,  3.70994455,  3.22159953,  1.83782389,  3.82337887])

========================================================

Final result:
3.04038308147
3.04038308147
1.66498088677
3.04038308147
4.0821267213
5.60447988222
2.86570565451
5.46720938539
4.38917686967
4.38917686967
3.72076415959
7.70715354058
7.29779931736
7.29779931736
5.58905822145
7.8862821769
7.8862821769
5.58905822145
6.26439791375
4.34050807699
6.26439791375
3.80331048925
3.03244269861
3.70994454703
3.22159953013
1.8378238907
3.82337886892
3.82337886892
3.82337886892
