5.1745389308
5.1745389308
5.17453893022
5.17453893021
5.17453893026
5.1745389292
5.1745389302
5.17453893019
5.17453893019
5.17453893018
5.17453893019
5.1745389302
5.17453892956
5.1745389302
5.1745389302
5.17453892958
5.17453893022
5.17453893023
5.17453893023
5.17453892968
5.17453893022
5.1745389302
5.17453893026
5.17453892923
5.10564753683
5.10564753683
5.10564753625
5.10564753624
5.10564753629
5.10564753523
5.10564753622
5.10564753622
5.10564753622
5.10564753621
5.10564753621
5.10564753623
5.10564753559
5.10564753622
5.10564753623
5.10564753561
5.10564753624
5.10564753625
5.10564753626
5.1056475357
5.10564753625
5.10564753623
5.10564753629
5.10564753525
4.76176687808
4.76176687808
4.7617668775
4.76176687749
4.76176687754
4.76176687649
4.76176687748
4.76176687747
4.76176687747
4.76176687746
4.76176687747
4.76176687748
4.76176687684
4.76176687748
4.76176687748
4.76176687686
4.7617668775
4.76176687751
4.76176687751
4.76176687696
4.7617668775
4.76176687749
4.76176687755
4.76176687651
3.06482852561
3.06482852561
3.06482852504
3.06482852503
3.0648285251
3.0648285241
3.06482852502
3.06482852502
3.06482852501
3.06482852499
3.064828525
3.06482852502
3.06482852438
3.06482852501
3.06482852502
3.06482852441
3.06482852503
3.06482852503
3.06482852505
3.0648285245
3.06482852505
3.06482852503
3.0648285251
3.06482852412
5.62815628942
0.918605423248
0.918605423248
0.918605423429
0.918605423371
0.918605423511
0.918605424099
0.918605423422
0.91860542345
0.918605423379
0.918605423344
0.91860542336
0.918605423403
0.918605423464
0.918605423351
0.918605423377
0.918605423484
0.918605423302
0.918605423248
0.918605423329
0.918605423438
0.91860542346
0.918605423467
0.918605423519
0.918605424112
1.00949997893
0.869703021461
0.869703021461
0.869703021448
0.869703021388
0.869703021543
0.869703021781
0.869703021435
0.869703021461
0.869703021389
0.869703021351
0.86970302137
0.869703021417
0.869703021268
0.869703021364
0.869703021392
0.869703021295
0.869703021322
0.869703021272
0.869703021354
0.86970302128
0.869703021479
0.869703021482
0.869703021553
0.8697030218
0.867690164131
0.867690164131
0.86769016412
0.86769016406
0.867690164214
0.867690164454
0.867690164107
0.867690164133
0.867690164062
0.867690164024
0.867690164043
0.867690164089
0.867690163945
0.867690164038
0.867690164063
0.867690163973
0.867690163997
0.867690163946
0.867690164029
0.86769016396
0.867690164151
0.867690164154
0.867690164224
0.867690164473
0.85789924067
0.85789924067
0.857899240655
0.857899240594
0.857899240747
0.857899240972
0.857899240645
0.857899240671
0.857899240601
0.857899240564
0.857899240588
0.857899240626
0.857899240495
0.857899240585
0.8578992406
0.857899240528
0.857899240546
0.857899240496
0.857899240581
0.857899240526
0.857899240686
0.857899240689
0.857899240756
0.857899240988
0.822175858812
0.822175858812
0.822175858778
0.822175858716
0.822175858858
0.822175859013
0.82217585878
0.822175858807
0.822175858747
0.822175858713
0.822175858755
0.822175858757
0.822175858694
0.822175858767
0.822175858729
0.822175858751
0.822175858742
0.822175858692
0.822175858786
0.822175858803
0.822175858806
0.822175858811
0.822175858862
0.822175859011
0.801891951836
0.801891951836
0.80189195177
0.80189195171
0.801891951826
0.801891951851
0.801891951794
0.801891951822
0.801891951782
0.801891951754
0.801891951827
0.801891951765
0.801891951822
0.801891951864
0.801891951735
0.80189195192
0.801891951862
0.801891951815
0.801891951921
0.80189195206
0.801891951793
0.801891951801
0.801891951821
0.801891951819
0.801209408063
0.801209408063
0.801209408
0.80120940794
0.801209408059
0.801209408096
0.801209408022
0.80120940805
0.801209408008
0.801209407979
0.80120940805
0.801209407994
0.80120940804
0.801209408084
0.801209407964
0.801209408133
0.80120940808
0.801209408033
0.801209408137
0.801209408264
0.801209408024
0.801209408032
0.801209408055
0.801209408067
0.800066625975
0.800066625975
0.800066625915
0.800066625855
0.800066625976
0.800066626024
0.800066625935
0.800066625963
0.800066625919
0.80006662589
0.800066625957
0.800066625908
0.800066625943
0.800066625989
0.800066625878
0.800066626031
0.800066625982
0.800066625935
0.800066626038
0.80006662615
0.80006662594
0.800066625947
0.800066625973
0.800066626
0.796449698392
0.796449698392
0.796449698339
0.796449698279
0.796449698402
0.796449698472
0.796449698355
0.796449698383
0.796449698337
0.796449698307
0.796449698368
0.79644969833
0.796449698346
0.796449698392
0.796449698301
0.796449698421
0.796449698379
0.796449698332
0.796449698428
0.796449698511
0.796449698365
0.796449698372
0.796449698403
0.796449698459
0.788990882196
0.788990882196
0.788990882153
0.788990882096
0.788990882217
0.788990882308
0.788990882166
0.788990882193
0.788990882145
0.788990882116
0.788990882167
0.788990882145
0.788990882142
0.78899088218
0.788990882118
0.788990882192
0.788990882156
0.788990882111
0.788990882195
0.78899088223
0.788990882183
0.788990882189
0.788990882224
0.788990882316
0.774924267591
0.774924267591
0.774924267561
0.77492426751
0.774924267618
0.774924267717
0.774924267573
0.774924267598
0.774924267554
0.774924267528
0.774924267566
0.774924267559
0.774924267551
0.774924267562
0.774924267537
0.774924267558
0.774924267522
0.774924267481
0.774924267539
0.774924267507
0.774924267596
0.774924267602
0.774924267636
0.774924267761
0.758902191227
0.758902191227
0.758902191205
0.758902191164
0.758902191244
0.758902191309
0.758902191222
0.758902191245
0.758902191212
0.758902191194
0.758902191224
0.758902191216
0.758902191241
0.758902191204
0.758902191199
0.758902191203
0.758902191151
0.758902191119
0.758902191144
0.758902191061
0.758902191245
0.758902191252
0.758902191273
0.758902191391
0.750210242488
0.750210242488
0.750210242461
0.750210242426
0.750210242482
0.750210242487
0.750210242487
0.750210242509
0.750210242489
0.750210242477
0.750210242511
0.750210242484
0.750210242565
0.75021024249
0.750210242469
0.750210242513
0.750210242438
0.750210242412
0.750210242422
0.750210242348
0.750210242501
0.750210242509
0.750210242514
0.750210242579
0.748495149427
0.748495149427
0.748495149394
0.748495149359
0.748495149409
0.748495149386
0.748495149424
0.748495149446
0.748495149431
0.74849514942
0.748495149461
0.74849514942
0.748495149527
0.748495149446
0.748495149404
0.748495149485
0.748495149399
0.748495149375
0.748495149387
0.748495149343
0.748495149431
0.74849514944
0.748495149438
0.748495149467
0.74822368626
0.74822368626
0.748223686224
0.748223686189
0.74822368624
0.748223686213
0.748223686256
0.748223686278
0.748223686263
0.748223686252
0.748223686295
0.74822368625
0.748223686362
0.748223686282
0.748223686234
0.748223686325
0.748223686238
0.748223686213
0.748223686229
0.748223686194
0.748223686261
0.74822368627
0.748223686267
0.748223686287
0.747826473041
0.747826473041
0.747826473004
0.747826472968
0.74782647302
0.747826472992
0.747826473035
0.747826473057
0.747826473042
0.747826473032
0.747826473076
0.747826473028
0.747826473142
0.747826473066
0.747826473012
0.747826473112
0.747826473024
0.747826472998
0.747826473017
0.747826472993
0.747826473038
0.747826473048
0.747826473044
0.747826473056
0.746730964973
0.746730964973
0.746730964935
0.746730964899
0.746730964953
0.746730964926
0.746730964967
0.746730964989
0.746730964973
0.746730964962
0.746730965009
0.746730964956
0.746730965074
0.746730965003
0.746730964939
0.746730965053
0.746730964965
0.746730964939
0.746730964964
0.746730964957
0.746730964965
0.746730964975
0.746730964968
0.746730964963
0.744302982676
0.744302982676
0.744302982639
0.744302982603
0.744302982659
0.744302982642
0.744302982669
0.74430298269
0.744302982673
0.744302982663
0.74430298271
0.744302982651
0.744302982771
0.74430298271
0.744302982632
0.744302982764
0.744302982679
0.744302982652
0.744302982684
0.744302982701
0.744302982658
0.744302982668
0.744302982657
0.744302982621
0.739532169018
0.739532169018
0.739532168991
0.739532168957
0.739532169015
0.739532169027
0.739532169014
0.739532169035
0.739532169013
0.739532169006
0.739532169049
0.739532168985
0.739532169102
0.739532169054
0.739532168964
0.739532169109
0.739532169031
0.739532169005
0.739532169044
0.739532169086
0.739532168986
0.739532168998
0.739532168978
0.739532168894
0.733215980649
0.733215980649
0.733215980643
0.733215980614
0.733215980671
0.733215980738
0.733215980655
0.733215980673
0.733215980646
0.733215980645
0.733215980674
0.733215980611
0.733215980714
0.733215980679
0.73321598059
0.733215980724
0.733215980661
0.733215980637
0.733215980678
0.733215980724
0.733215980606
0.73321598062
0.733215980588
0.733215980454
0.728721078785
0.728721078785
0.728721078801
0.72872107878
0.728721078831
0.728721078947
0.728721078803
0.728721078818
0.728721078788
0.728721078792
0.728721078804
0.728721078752
0.728721078834
0.728721078801
0.728721078733
0.728721078828
0.728721078781
0.72872107876
0.728721078791
0.728721078809
0.728721078743
0.728721078758
0.728721078719
0.72872107857
0.727157730253
0.727157730253
0.727157730278
0.72715773026
0.727157730307
0.727157730436
0.727157730276
0.72715773029
0.727157730261
0.727157730266
0.727157730269
0.727157730228
0.727157730297
0.727157730259
0.72715773021
0.727157730275
0.727157730233
0.727157730215
0.727157730235
0.727157730224
0.727157730219
0.727157730234
0.727157730196
0.727157730064
0.726510050646
0.726510050646
0.726510050671
0.726510050654
0.726510050699
0.726510050825
0.72651005067
0.726510050683
0.726510050656
0.726510050661
0.726510050662
0.726510050625
0.726510050691
0.726510050648
0.726510050609
0.72651005066
0.726510050619
0.726510050601
0.726510050617
0.726510050592
0.726510050618
0.726510050632
0.726510050596
0.726510050481
0.725407513707
0.725407513707
0.725407513732
0.725407513716
0.725407513756
0.725407513872
0.725407513731
0.725407513743
0.725407513719
0.725407513724
0.725407513723
0.725407513692
0.725407513752
0.725407513705
0.725407513677
0.725407513712
0.725407513673
0.725407513656
0.725407513667
0.725407513628
0.725407513686
0.7254075137
0.725407513668
0.725407513576
0.723006719814
0.723006719814
0.723006719835
0.723006719823
0.723006719853
0.723006719946
0.723006719836
0.723006719846
0.723006719828
0.723006719834
0.723006719828
0.723006719808
0.723006719857
0.723006719807
0.723006719795
0.723006719806
0.723006719772
0.723006719756
0.723006719763
0.723006719709
0.723006719806
0.723006719818
0.723006719793
0.723006719741
0.718879997279
0.718879997279
0.718879997292
0.718879997287
0.718879997301
0.718879997351
0.718879997295
0.718879997299
0.718879997293
0.718879997302
0.718879997289
0.718879997283
0.718879997314
0.718879997265
0.718879997273
0.718879997255
0.718879997232
0.718879997219
0.718879997224
0.718879997167
0.718879997285
0.718879997295
0.71887999728
0.71887999728
0.714512328867
0.714512328867
0.714512328872
0.714512328874
0.714512328869
0.714512328873
0.714512328874
0.714512328873
0.71451232888
0.714512328893
0.714512328873
0.714512328876
0.714512328888
0.714512328852
0.714512328869
0.714512328836
0.714512328829
0.714512328818
0.714512328829
0.714512328795
0.714512328882
0.714512328889
0.714512328883
0.714512328917
0.712459751411
0.712459751411
0.712459751412
0.712459751417
0.712459751406
0.712459751392
0.712459751413
0.712459751408
0.712459751421
0.712459751436
0.712459751414
0.712459751417
0.712459751422
0.7124597514
0.712459751409
0.712459751386
0.712459751389
0.712459751378
0.712459751399
0.712459751401
0.712459751422
0.712459751428
0.712459751423
0.712459751448
0.712121175239
0.712121175239
0.71212117524
0.712121175245
0.712121175235
0.712121175226
0.712121175239
0.712121175235
0.712121175247
0.712121175262
0.712121175241
0.712121175239
0.712121175247
0.712121175231
0.712121175231
0.71212117522
0.712121175224
0.712121175213
0.712121175238
0.712121175255
0.712121175243
0.71212117525
0.712121175241
0.712121175247
0.712093097656
0.712093097656
0.712093097658
0.712093097662
0.712093097654
0.712093097649
0.712093097657
0.712093097653
0.712093097664
0.712093097679
0.712093097659
0.712093097655
0.712093097665
0.712093097649
0.712093097647
0.71209309764
0.712093097642
0.712093097631
0.712093097657
0.712093097676
0.712093097658
0.712093097666
0.712093097656
0.712093097656
0.712074359892
0.712074359892
0.712074359893
0.712074359898
0.71207435989
0.712074359887
0.712074359893
0.712074359889
0.712074359899
0.712074359914
0.712074359895
0.71207435989
0.7120743599
0.712074359885
0.712074359882
0.712074359876
0.712074359878
0.712074359867
0.712074359893
0.712074359913
0.712074359893
0.7120743599
0.71207435989
0.712074359888
0.712004558268
0.712004558268
0.712004558271
0.712004558274
0.712004558269
0.71200455827
0.71200455827
0.712004558267
0.712004558275
0.71200455829
0.712004558271
0.712004558265
0.712004558277
0.712004558262
0.712004558256
0.712004558254
0.712004558255
0.712004558244
0.71200455827
0.712004558291
0.712004558267
0.712004558275
0.712004558264
0.712004558255
0.711848745603
0.711848745603
0.711848745607
0.711848745609
0.711848745607
0.711848745615
0.711848745606
0.711848745603
0.71184874561
0.711848745624
0.711848745607
0.711848745599
0.711848745613
0.711848745599
0.711848745589
0.711848745593
0.711848745592
0.71184874558
0.711848745607
0.711848745628
0.7118487456
0.711848745608
0.711848745596
0.711848745578
0.711449716982
0.711449716982
0.711449716987
0.711449716987
0.711449716989
0.711449717007
0.711449716985
0.711449716984
0.711449716988
0.711449717001
0.711449716986
0.711449716974
0.711449716992
0.711449716979
0.711449716965
0.711449716977
0.711449716973
0.711449716962
0.711449716987
0.711449717009
0.711449716974
0.711449716982
0.711449716968
0.711449716938
0.710601128977
0.710601128977
0.710601128983
0.710601128982
0.710601128989
0.710601129019
0.710601128981
0.710601128981
0.710601128981
0.710601128993
0.710601128981
0.710601128966
0.710601128987
0.710601128978
0.710601128956
0.710601128979
0.710601128972
0.710601128963
0.710601128983
0.710601129004
0.710601128964
0.710601128971
0.710601128957
0.710601128912
0.7091745901
0.7091745901
0.709174590106
0.709174590103
0.709174590115
0.709174590153
0.709174590104
0.709174590105
0.709174590103
0.709174590113
0.709174590104
0.709174590087
0.709174590108
0.709174590104
0.709174590079
0.709174590111
0.7091745901
0.709174590096
0.709174590107
0.709174590123
0.709174590083
0.709174590089
0.709174590077
0.709174590026
0.707765716285
0.707765716285
0.707765716288
0.707765716285
0.707765716296
0.707765716326
0.707765716286
0.707765716286
0.707765716286
0.707765716294
0.707765716287
0.707765716274
0.707765716287
0.70776571629
0.707765716268
0.707765716299
0.707765716288
0.70776571629
0.707765716288
0.707765716296
0.70776571627
0.707765716273
0.707765716267
0.707765716232
0.707159063768
0.707159063768
0.707159063768
0.707159063768
0.707159063772
0.707159063784
0.707159063767
0.707159063765
0.707159063769
0.707159063778
0.707159063769
0.707159063762
0.707159063766
0.707159063772
0.707159063759
0.707159063777
0.70715906377
0.707159063776
0.707159063768
0.707159063769
0.70715906376
0.707159063761
0.707159063762
0.707159063753
0.707069835952
0.707069835952
0.70706983595
0.707069835951
0.707069835952
0.707069835955
0.707069835949
0.707069835946
0.707069835953
0.707069835963
0.707069835952
0.707069835948
0.707069835948
0.707069835953
0.707069835946
0.707069835957
0.707069835952
0.707069835958
0.707069835949
0.707069835949
0.707069835947
0.707069835947
0.707069835951
0.707069835953
0.707064407057
0.707064407057
0.707064407056
0.707064407057
0.707064407057
0.707064407058
0.707064407054
0.707064407052
0.707064407059
0.707064407069
0.707064407057
0.707064407054
0.707064407054
0.707064407058
0.707064407052
0.707064407061
0.707064407057
0.707064407062
0.707064407055
0.707064407055
0.707064407053
0.707064407054
0.707064407057
0.707064407061
0.707062318439
0.707062318439
0.707062318438
0.707062318439
0.707062318439
0.70706231844
0.707062318436
0.707062318434
0.707062318441
0.707062318451
0.707062318439
0.707062318436
0.707062318436
0.70706231844
0.707062318434
0.707062318443
0.707062318439
0.707062318444
0.707062318437
0.707062318437
0.707062318435
0.707062318436
0.707062318439
0.707062318443
0.707053134991
0.707053134991
0.707053134989
0.707053134991
0.70705313499
0.707053134991
0.707053134988
0.707053134985
0.707053134993
0.707053135003
0.707053134991
0.707053134988
0.707053134988
0.707053134992
0.707053134985
0.707053134994
0.70705313499
0.707053134995
0.707053134988
0.707053134989
0.707053134987
0.707053134988
0.707053134991
0.707053134995
0.707033459702
0.707033459702
0.7070334597
0.707033459702
0.707033459701
0.707033459701
0.707033459699
0.707033459696
0.707033459704
0.707033459714
0.707033459702
0.707033459699
0.707033459699
0.707033459702
0.707033459696
0.707033459704
0.707033459701
0.707033459705
0.707033459699
0.7070334597
0.707033459698
0.707033459699
0.707033459702
0.707033459707
0.706979555759
0.706979555759
0.706979555758
0.706979555759
0.706979555758
0.706979555757
0.706979555757
0.706979555754
0.706979555762
0.706979555772
0.70697955576
0.706979555757
0.706979555758
0.706979555759
0.706979555755
0.70697955576
0.706979555758
0.706979555761
0.706979555757
0.706979555759
0.706979555757
0.706979555758
0.70697955576
0.706979555767
0.706856296895
0.706856296895
0.706856296893
0.706856296895
0.706856296893
0.70685629689
0.706856296893
0.706856296891
0.706856296898
0.706856296907
0.706856296896
0.706856296894
0.706856296895
0.706856296894
0.706856296892
0.706856296893
0.706856296892
0.706856296895
0.706856296893
0.706856296896
0.706856296894
0.706856296895
0.706856296897
0.706856296904
0.706602132207
0.706602132207
0.706602132205
0.706602132206
0.706602132204
0.7066021322
0.706602132205
0.706602132204
0.70660213221
0.706602132218
0.706602132208
0.706602132207
0.706602132209
0.706602132204
0.706602132206
0.7066021322
0.706602132203
0.706602132205
0.706602132205
0.706602132209
0.706602132206
0.706602132207
0.706602132209
0.706602132218
0.706232341249
0.706232341249
0.706232341246
0.706232341246
0.706232341246
0.706232341242
0.706232341248
0.706232341249
0.706232341252
0.706232341257
0.706232341251
0.706232341251
0.706232341254
0.706232341245
0.706232341252
0.706232341238
0.706232341245
0.706232341247
0.706232341248
0.706232341253
0.706232341249
0.706232341249
0.706232341252
0.70623234126
0.705940314719
0.705940314719
0.705940314716
0.705940314713
0.705940314717
0.705940314716
0.705940314719
0.705940314721
0.705940314721
0.705940314723
0.70594031472
0.705940314721
0.705940314725
0.705940314715
0.705940314724
0.705940314707
0.705940314716
0.70594031472
0.705940314718
0.705940314723
0.705940314718
0.705940314717
0.70594031472
0.705940314725
0.705848373447
0.705848373447
0.705848373444
0.705848373441
0.705848373447
0.705848373448
0.705848373447
0.70584837345
0.705848373448
0.705848373449
0.705848373449
0.705848373448
0.705848373453
0.705848373445
0.705848373453
0.705848373438
0.705848373446
0.705848373451
0.705848373446
0.70584837345
0.705848373445
0.705848373443
0.705848373447
0.705848373449
0.70583779081
0.70583779081
0.705837790807
0.705837790804
0.70583779081
0.705837790812
0.70583779081
0.705837790813
0.705837790811
0.705837790812
0.705837790812
0.705837790811
0.705837790815
0.705837790808
0.705837790815
0.705837790802
0.70583779081
0.705837790815
0.705837790809
0.705837790812
0.705837790807
0.705837790805
0.70583779081
0.705837790811
0.705836115631
0.705836115631
0.705836115628
0.705836115625
0.705836115631
0.705836115633
0.705836115631
0.705836115634
0.705836115632
0.705836115633
0.705836115633
0.705836115632
0.705836115636
0.705836115629
0.705836115636
0.705836115623
0.705836115631
0.705836115636
0.70583611563
0.705836115633
0.705836115628
0.705836115626
0.70583611563
0.705836115632
0.705832413536
0.705832413536
0.705832413533
0.70583241353
0.705832413536
0.705832413538
0.705832413536
0.705832413539
0.705832413537
0.705832413538
0.705832413537
0.705832413537
0.70583241354
0.705832413534
0.705832413541
0.705832413529
0.705832413536
0.705832413541
0.705832413535
0.705832413538
0.705832413533
0.705832413531
0.705832413535
0.705832413537
0.705823291231
0.705823291231
0.705823291228
0.705823291225
0.705823291231
0.705823291234
0.705823291231
0.705823291233
0.705823291232
0.705823291233
0.705823291232
0.705823291231
0.705823291235
0.705823291229
0.705823291235
0.705823291225
0.705823291231
0.705823291237
0.70582329123
0.705823291232
0.705823291228
0.705823291226
0.70582329123
0.705823291232
0.705799474422
0.705799474422
0.705799474419
0.705799474416
0.705799474422
0.705799474425
0.705799474421
0.705799474424
0.705799474422
0.705799474424
0.705799474423
0.705799474422
0.705799474425
0.70579947442
0.705799474425
0.705799474417
0.705799474421
0.705799474427
0.70579947442
0.705799474423
0.705799474418
0.705799474417
0.705799474421
0.705799474422
0.70574359262
0.70574359262
0.705743592617
0.705743592615
0.70574359262
0.705743592623
0.705743592619
0.705743592621
0.705743592621
0.705743592623
0.705743592621
0.705743592619
0.705743592621
0.705743592619
0.705743592622
0.705743592617
0.70574359262
0.705743592625
0.705743592618
0.70574359262
0.705743592616
0.705743592615
0.705743592619
0.705743592619
0.705625555697
0.705625555697
0.705625555695
0.705625555694
0.705625555697
0.7056255557
0.705625555696
0.705625555698
0.705625555698
0.705625555701
0.705625555697
0.705625555696
0.705625555696
0.705625555697
0.705625555698
0.705625555698
0.705625555697
0.705625555702
0.705625555695
0.705625555696
0.705625555693
0.705625555693
0.705625555696
0.705625555696
0.705445885596
0.705445885596
0.705445885595
0.705445885594
0.705445885596
0.705445885598
0.705445885595
0.705445885596
0.705445885596
0.7054458856
0.705445885595
0.705445885595
0.705445885592
0.705445885597
0.705445885596
0.705445885601
0.705445885595
0.705445885599
0.705445885594
0.705445885595
0.705445885593
0.705445885593
0.705445885594
0.705445885594
0.705290817878
0.705290817878
0.705290817877
0.705290817877
0.705290817878
0.705290817879
0.705290817878
0.705290817879
0.705290817878
0.705290817881
0.705290817877
0.705290817877
0.705290817872
0.705290817879
0.705290817879
0.705290817884
0.705290817876
0.705290817878
0.705290817876
0.705290817877
0.705290817876
0.705290817877
0.705290817877
0.705290817876
0.705236222809
0.705236222809
0.705236222808
0.705236222808
0.705236222809
0.705236222809
0.70523622281
0.705236222812
0.70523622281
0.705236222811
0.705236222808
0.70523622281
0.705236222804
0.70523622281
0.705236222812
0.705236222814
0.705236222807
0.705236222808
0.705236222807
0.70523622281
0.705236222808
0.705236222809
0.705236222809
0.705236222808
0.705229580863
0.705229580863
0.705229580862
0.705229580861
0.705229580862
0.705229580862
0.705229580863
0.705229580866
0.705229580864
0.705229580864
0.705229580862
0.705229580864
0.705229580859
0.705229580863
0.705229580866
0.705229580866
0.70522958086
0.705229580861
0.705229580861
0.705229580864
0.705229580862
0.705229580863
0.705229580862
0.705229580862
     fun: 0.7052295808626571
     jac: array([ -5.34504652e-05,  -8.36327672e-05,  -2.41473317e-05,
        -3.32593918e-05,   4.03523445e-05,   2.26885080e-04,
         5.66542149e-05,   1.17026269e-04,  -4.46140766e-05,
         6.50733709e-05,  -2.63914466e-04,   2.52798200e-05,
         2.37651169e-04,   2.30915844e-04,  -1.70245767e-04,
        -1.12421811e-04,  -1.13621354e-04,   7.39321113e-05,
        -5.97760081e-05,  -9.96142626e-06,  -2.91466713e-05,
        -3.17990780e-05])
 message: 'Optimization terminated successfully.'
    nfev: 1538
     nit: 64
    njev: 64
  status: 0
 success: True
       x: array([ 6.13206131,  9.52509612,  2.34674588,  3.7684758 ,  4.67330907,
        3.29837581,  4.05586985,  2.67470878,  2.54794026,  6.38944094,
        4.12256618,  3.1197467 ,  8.99508658,  4.60068442,  6.15723356,
        8.63040481,  3.70594176,  3.50266878,  4.69893567,  3.48710311,
        2.17875776,  3.8515822 ])

========================================================

Final result:
6.13206131457
9.52509612482
2.34674588454
3.76847579695
3.76847579695
3.76847579695
4.67330906599
3.29837580584
4.05586985461
2.6747087779
2.54794026433
6.389440944
4.12256617836
4.12256617836
3.11974670002
8.99508657718
4.60068442076
4.60068442076
6.15723356323
8.63040481244
3.70594175616
3.50266878141
3.50266878141
4.69893567055
3.48710311486
2.1787577615
3.85158219885
3.85158219885
3.85158219885
