4.67527439856
4.67527439856
4.67527439719
4.67527439788
4.67527439788
4.67527439788
4.67527439789
4.6752743979
4.6752743972
4.67527439791
4.6752743979
4.6752743979
4.6752743973
4.67527439482
4.67527439792
4.6752743979
4.67527439797
4.67527439683
4.55264242687
4.55264242687
4.55264242549
4.55264242619
4.55264242619
4.55264242618
4.5526424262
4.5526424262
4.5526424255
4.55264242622
4.55264242621
4.55264242621
4.55264242562
4.55264242314
4.55264242622
4.5526424262
4.55264242628
4.55264242513
3.94498065843
3.94498065843
3.94498065704
3.94498065774
3.94498065775
3.94498065774
3.94498065776
3.94498065776
3.94498065707
3.94498065779
3.94498065776
3.94498065778
3.94498065721
3.9449806548
3.94498065777
3.94498065776
3.94498065783
3.94498065666
1.36504587518
1.36504587518
1.36504587403
1.36504587461
1.36504587467
1.36504587469
1.36504587478
1.36504587461
1.36504587437
1.36504587491
1.36504587457
1.36504587488
1.36504587484
1.3650458743
1.36504587461
1.36504587461
1.36504587462
1.36504587351
2.57617863127
1.2169731157
1.2169731157
1.2169731152
1.21697311546
1.21697311554
1.21697311557
1.21697311568
1.21697311544
1.21697311566
1.21697311584
1.21697311539
1.2169731158
1.21697311619
1.21697311735
1.21697311543
1.21697311545
1.2169731154
1.21697311479
1.19240347592
1.19240347592
1.19240347527
1.19240347561
1.19240347568
1.19240347571
1.19240347582
1.19240347559
1.19240347571
1.19240347598
1.19240347554
1.19240347594
1.19240347625
1.19240347708
1.19240347558
1.1924034756
1.19240347556
1.19240347484
1.14801458627
1.14801458627
1.14801458548
1.14801458589
1.14801458596
1.14801458598
1.14801458609
1.14801458587
1.1480145859
1.14801458624
1.14801458582
1.1480145862
1.14801458642
1.14801458689
1.14801458587
1.14801458589
1.14801458587
1.14801458507
1.02067474445
1.02067474445
1.02067474343
1.02067474395
1.02067474401
1.02067474403
1.02067474412
1.02067474396
1.02067474376
1.02067474424
1.02067474392
1.02067474421
1.0206747442
1.02067474383
1.02067474399
1.02067474399
1.02067474402
1.02067474319
0.865966070629
0.865966070629
0.865966069603
0.86596607012
0.865966070165
0.865966070163
0.865966070218
0.865966070172
0.86596606979
0.865966070291
0.865966070138
0.865966070267
0.865966070067
0.86596606903
0.865966070235
0.865966070232
0.865966070325
0.865966069794
0.740926779713
0.740926779713
0.740926779215
0.740926779462
0.740926779492
0.740926779477
0.740926779497
0.740926779549
0.740926779269
0.740926779514
0.740926779518
0.740926779503
0.740926779357
0.740926778677
0.740926779652
0.740926779647
0.74092677978
0.74092678002
0.71403801394
0.71403801394
0.714038013669
0.714038013804
0.714038013844
0.714038013837
0.714038013874
0.714038013878
0.714038013798
0.714038013914
0.714038013837
0.714038013898
0.714038013956
0.714038014039
0.714038013969
0.714038013972
0.714038014074
0.714038014433
0.711878968238
0.711878968238
0.711878967947
0.711878968092
0.711878968134
0.711878968127
0.711878968168
0.711878968162
0.711878968087
0.711878968213
0.71187896812
0.711878968196
0.711878968262
0.711878968366
0.71187896825
0.711878968253
0.711878968351
0.711878968663
0.703981747929
0.703981747929
0.703981747619
0.703981747773
0.703981747813
0.703981747808
0.703981747855
0.703981747827
0.703981747771
0.703981747909
0.703981747783
0.70398174789
0.703981747972
0.703981748123
0.703981747907
0.703981747913
0.703981747997
0.703981748209
0.685939949307
0.685939949307
0.685939949015
0.685939949155
0.685939949182
0.685939949179
0.685939949234
0.685939949172
0.685939949152
0.685939949294
0.685939949123
0.685939949274
0.685939949373
0.685939949577
0.685939949233
0.685939949243
0.685939949298
0.68593994934
0.661579133096
0.661579133096
0.66157913292
0.661579132992
0.661579132989
0.661579132983
0.661579133039
0.661579132951
0.661579132977
0.661579133091
0.6615791329
0.661579133074
0.661579133166
0.661579133367
0.661579132988
0.661579133005
0.661579133021
0.661579132905
0.642891400626
0.642891400626
0.642891400643
0.642891400606
0.642891400568
0.642891400556
0.642891400598
0.642891400519
0.64289140057
0.642891400624
0.642891400469
0.642891400614
0.642891400664
0.642891400772
0.642891400542
0.642891400562
0.642891400554
0.642891400426
0.637809407633
0.637809407633
0.637809407744
0.637809407657
0.637809407607
0.63780940759
0.63780940762
0.637809407567
0.637809407609
0.637809407627
0.637809407521
0.637809407622
0.637809407639
0.637809407664
0.637809407594
0.637809407613
0.637809407611
0.637809407585
0.637302156794
0.637302156794
0.637302156911
0.637302156821
0.637302156773
0.637302156755
0.637302156782
0.637302156739
0.637302156772
0.637302156786
0.637302156693
0.637302156782
0.637302156792
0.637302156799
0.63730215677
0.637302156788
0.637302156792
0.63730215681
0.637102382711
0.637102382711
0.637102382826
0.637102382738
0.63710238269
0.637102382672
0.6371023827
0.637102382658
0.637102382689
0.637102382703
0.637102382613
0.637102382698
0.637102382707
0.63710238271
0.63710238269
0.637102382708
0.637102382715
0.637102382745
0.636206445917
0.636206445917
0.636206446024
0.636206445941
0.636206445897
0.636206445879
0.636206445905
0.636206445871
0.636206445895
0.636206445907
0.636206445827
0.636206445902
0.636206445908
0.636206445901
0.636206445907
0.636206445923
0.636206445936
0.636206446003
0.634350976067
0.634350976067
0.634350976162
0.634350976087
0.634350976049
0.634350976031
0.634350976055
0.63435097603
0.634350976046
0.634350976054
0.634350975989
0.634350976049
0.634350976052
0.634350976032
0.63435097607
0.634350976085
0.634350976106
0.634350976217
0.629736216613
0.629736216613
0.629736216685
0.629736216626
0.6297362166
0.629736216583
0.629736216604
0.629736216594
0.629736216601
0.629736216598
0.629736216558
0.629736216591
0.62973621659
0.629736216551
0.629736216638
0.62973621665
0.629736216682
0.629736216857
0.621174227744
0.621174227744
0.621174227776
0.621174227744
0.621174227737
0.621174227723
0.621174227741
0.621174227746
0.62117422775
0.621174227727
0.621174227721
0.621174227715
0.621174227714
0.621174227657
0.62117422779
0.621174227797
0.621174227838
0.621174228065
0.610099750625
0.610099750625
0.610099750613
0.61009975061
0.610099750624
0.610099750616
0.610099750633
0.610099750641
0.610099750663
0.610099750609
0.61009975063
0.610099750591
0.610099750596
0.610099750541
0.610099750674
0.610099750676
0.610099750713
0.61009975092
0.603251537273
0.603251537273
0.603251537245
0.603251537253
0.603251537273
0.603251537269
0.603251537289
0.603251537281
0.603251537335
0.603251537263
0.603251537279
0.60325153724
0.603251537257
0.603251537229
0.603251537296
0.603251537297
0.603251537314
0.603251537412
0.601709392216
0.601709392216
0.601709392198
0.601709392199
0.601709392213
0.60170939221
0.601709392233
0.60170939221
0.601709392281
0.601709392209
0.601709392206
0.601709392186
0.60170939221
0.601709392204
0.601709392215
0.601709392219
0.601709392222
0.601709392239
0.601588143449
0.601588143449
0.601588143438
0.601588143435
0.601588143445
0.601588143442
0.601588143465
0.601588143439
0.601588143512
0.601588143443
0.601588143434
0.601588143421
0.601588143445
0.601588143445
0.601588143443
0.601588143448
0.601588143448
0.60158814345
0.601551837662
0.601551837662
0.601551837653
0.601551837648
0.601551837658
0.601551837655
0.601551837678
0.601551837652
0.601551837725
0.601551837657
0.601551837646
0.601551837634
0.601551837659
0.601551837659
0.601551837656
0.60155183766
0.60155183766
0.601551837659
0.60139869653
0.60139869653
0.601398696526
0.601398696517
0.601398696525
0.601398696521
0.601398696544
0.601398696516
0.601398696588
0.601398696524
0.601398696509
0.601398696503
0.601398696527
0.601398696529
0.60139869652
0.601398696526
0.601398696524
0.601398696518
0.601078308026
0.601078308026
0.601078308029
0.601078308016
0.60107830802
0.601078308017
0.601078308039
0.60107830801
0.601078308079
0.601078308021
0.601078308001
0.601078308
0.601078308024
0.601078308029
0.601078308014
0.60107830802
0.601078308017
0.601078308004
0.600278054619
0.600278054619
0.600278054633
0.600278054614
0.600278054613
0.60027805461
0.600278054629
0.6002780546
0.600278054661
0.600278054615
0.600278054589
0.600278054597
0.600278054619
0.600278054629
0.600278054603
0.60027805461
0.600278054606
0.600278054581
0.59876128091
0.59876128091
0.598761280934
0.598761280909
0.598761280904
0.598761280903
0.598761280914
0.598761280888
0.598761280931
0.598761280906
0.598761280877
0.598761280892
0.598761280912
0.598761280925
0.598761280891
0.598761280899
0.598761280892
0.598761280858
0.596714470183
0.596714470183
0.596714470211
0.596714470186
0.59671447018
0.596714470184
0.596714470182
0.596714470165
0.596714470181
0.59671447018
0.596714470157
0.596714470171
0.596714470186
0.596714470201
0.596714470167
0.596714470174
0.596714470166
0.596714470133
0.595341620546
0.595341620546
0.595341620564
0.595341620547
0.595341620546
0.595341620555
0.595341620542
0.595341620538
0.595341620533
0.595341620542
0.595341620534
0.595341620536
0.595341620547
0.595341620558
0.595341620538
0.595341620543
0.595341620537
0.59534162052
0.594991311763
0.594991311763
0.594991311769
0.59499131176
0.594991311765
0.594991311775
0.59499131176
0.594991311761
0.594991311754
0.594991311758
0.594991311761
0.594991311751
0.594991311762
0.594991311768
0.594991311761
0.594991311764
0.594991311761
0.594991311757
0.594962149646
0.594962149646
0.594962149648
0.594962149642
0.594962149648
0.594962149658
0.594962149644
0.594962149645
0.59496214964
0.594962149641
0.594962149646
0.594962149634
0.594962149644
0.594962149649
0.594962149645
0.594962149649
0.594962149646
0.594962149646
0.594959470434
0.594959470434
0.594959470436
0.59495947043
0.594959470437
0.594959470446
0.594959470433
0.594959470434
0.59495947043
0.594959470429
0.594959470435
0.594959470422
0.594959470433
0.594959470437
0.594959470433
0.594959470437
0.594959470434
0.594959470434
0.594954252359
0.594954252359
0.594954252361
0.594954252355
0.594954252361
0.594954252371
0.594954252358
0.594954252358
0.594954252355
0.594954252354
0.594954252359
0.594954252346
0.594954252357
0.594954252361
0.594954252358
0.594954252361
0.594954252359
0.594954252359
0.594940429051
0.594940429051
0.594940429052
0.594940429046
0.594940429053
0.594940429062
0.59494042905
0.59494042905
0.594940429049
0.594940429046
0.594940429051
0.594940429038
0.594940429049
0.594940429053
0.59494042905
0.594940429053
0.594940429051
0.594940429052
0.59490565916
0.59490565916
0.594905659161
0.594905659155
0.594905659162
0.594905659171
0.59490565916
0.59490565916
0.594905659161
0.594905659156
0.594905659161
0.594905659147
0.594905659158
0.594905659162
0.59490565916
0.594905659163
0.594905659161
0.594905659162
0.594821461522
0.594821461522
0.594821461521
0.594821461516
0.594821461523
0.59482146153
0.594821461523
0.594821461521
0.594821461526
0.594821461517
0.594821461522
0.594821461509
0.59482146152
0.594821461522
0.594821461521
0.594821461523
0.594821461522
0.594821461525
0.594640716137
0.594640716137
0.594640716134
0.59464071613
0.594640716137
0.594640716143
0.594640716139
0.594640716136
0.594640716146
0.594640716133
0.594640716138
0.594640716125
0.594640716135
0.594640716136
0.594640716135
0.594640716137
0.594640716138
0.594640716142
0.59434635415
0.59434635415
0.594346354147
0.594346354142
0.594346354149
0.594346354152
0.594346354153
0.594346354149
0.594346354163
0.594346354148
0.594346354152
0.594346354143
0.594346354148
0.594346354148
0.594346354147
0.594346354148
0.594346354151
0.594346354156
0.594065878524
0.594065878524
0.594065878524
0.594065878517
0.594065878523
0.594065878523
0.594065878527
0.594065878523
0.594065878534
0.594065878524
0.594065878528
0.594065878522
0.594065878523
0.594065878522
0.594065878521
0.594065878519
0.594065878525
0.594065878529
0.593951689884
0.593951689884
0.593951689886
0.593951689878
0.593951689883
0.593951689883
0.593951689885
0.593951689883
0.593951689888
0.593951689885
0.593951689889
0.593951689886
0.593951689884
0.593951689883
0.59395168988
0.593951689878
0.593951689884
0.593951689887
0.593935527606
0.593935527606
0.593935527609
0.593935527601
0.593935527605
0.593935527606
0.593935527607
0.593935527605
0.593935527607
0.593935527607
0.593935527611
0.593935527608
0.593935527606
0.593935527606
0.593935527602
0.593935527601
0.593935527606
0.593935527608
0.593934282889
0.593934282889
0.593934282893
0.593934282884
0.593934282888
0.59393428289
0.59393428289
0.593934282888
0.59393428289
0.59393428289
0.593934282894
0.593934282891
0.593934282889
0.593934282889
0.593934282885
0.593934282884
0.593934282889
0.593934282891
0.593933392866
     fun: 0.5939333928662023
     jac: array([  2.11030245e-04,  -3.57508659e-04,  -8.06525350e-05,
         2.49296427e-05,   1.75237656e-05,  -9.20295715e-05,
         4.32133675e-06,   2.64048576e-05,   2.95422971e-04,
         1.05418265e-04,  -9.16421413e-07,  -1.08778477e-06,
        -2.83226371e-04,  -3.66754830e-04,  -3.63066792e-05,
         1.18568540e-04])
 message: 'Optimization terminated successfully.'
    nfev: 848
     nit: 47
    njev: 47
  status: 0
 success: True
       x: array([ 3.98670143,  3.9825993 ,  4.40995842,  4.50381325,  2.69459274,
        6.32026473,  4.42994882,  2.64488853,  8.84575077,  4.62855883,
        2.28176989,  4.28316785,  4.10744359,  2.87850167,  1.98458666,
        3.89509421])

========================================================

Final result:
3.98670143374
3.98259929503
3.98670143374
4.40995842243
4.50381325247
2.6945927427
6.32026472878
4.42994882356
4.42994882356
2.64488852602
8.84575076717
4.62855882723
2.28176989474
2.28176989474
4.2831678507
4.2831678507
4.2831678507
4.2831678507
4.2831678507
4.2831678507
4.10744359169
2.87850166982
1.98458665535
3.89509421022
3.89509421022
3.89509421022
