11.7681324189
11.7681324189
11.7681324175
11.7681324175
11.7681324177
11.7681324154
11.7681324173
11.7681324173
11.7681324173
11.7681324173
11.7681324173
11.7681324174
11.7681324173
11.7681324174
11.7681324174
11.7681324161
11.7681324146
11.7681324159
11.7681324176
11.7681324152
11.3203438677
11.3203438677
11.3203438662
11.3203438663
11.3203438664
11.3203438642
11.3203438661
11.3203438661
11.3203438661
11.320343866
11.3203438661
11.3203438662
11.3203438661
11.3203438662
11.3203438662
11.3203438648
11.3203438634
11.3203438647
11.3203438664
11.320343864
9.1240618695
9.1240618695
9.12406186803
9.12406186807
9.12406186827
9.12406186606
9.12406186789
9.12406186786
9.12406186789
9.12406186784
9.12406186796
9.12406186796
9.1240618679
9.1240618681
9.12406186806
9.12406186657
9.12406186541
9.12406186657
9.12406186828
9.12406186602
4.01622265612
4.01622265612
4.01622265642
4.01622265613
4.01622265676
4.01622265837
4.01622265652
4.01622265657
4.01622265658
4.01622265651
4.01622265705
4.01622265623
4.01622265696
4.01622265739
4.01622265726
4.01622265603
4.01622266023
4.01622265828
4.01622265753
4.01622266053
3.64350544485
3.64350544485
3.64350544359
3.64350544343
3.64350544406
3.64350544293
3.64350544353
3.64350544352
3.64350544355
3.64350544346
3.64350544393
3.6435054434
3.6435054438
3.64350544428
3.64350544415
3.6435054419
3.64350544345
3.64350544334
3.64350544454
3.64350544422
3.05133316563
3.05133316563
3.05133316496
3.05133316469
3.05133316547
3.05133316564
3.05133316497
3.051333165
3.05133316502
3.05133316492
3.05133316552
3.05133316472
3.05133316539
3.05133316594
3.05133316578
3.05133316363
3.05133316695
3.0513331658
3.05133316617
3.05133316758
2.97326788407
2.97326788407
2.97326788344
2.97326788316
2.97326788396
2.97326788423
2.97326788346
2.97326788349
2.9732678835
2.9732678834
2.973267884
2.9732678832
2.97326788386
2.97326788441
2.97326788424
2.97326788215
2.97326788547
2.97326788429
2.97326788462
2.97326788603
2.60619005155
2.60619005155
2.60619005098
2.60619005068
2.60619005154
2.60619005205
2.606190051
2.60619005105
2.606190051
2.60619005091
2.60619005143
2.60619005075
2.6061900513
2.60619005181
2.60619005163
2.6061900498
2.60619005271
2.60619005162
2.60619005192
2.6061900529
2.1546275287
2.1546275287
2.15462752897
2.15462752865
2.15462752941
2.15462753123
2.15462752897
2.15462752915
2.15462752882
2.1546275288
2.1546275286
2.15462752891
2.15462752856
2.15462752859
2.1546275284
2.1546275292
2.15462752841
2.15462752829
2.15462752801
2.15462752636
2.0032177628
2.0032177628
2.00321776272
2.00321776238
2.00321776324
2.00321776459
2.00321776274
2.00321776289
2.00321776264
2.00321776259
2.00321776265
2.00321776263
2.00321776257
2.00321776278
2.00321776258
2.00321776247
2.0032177629
2.00321776247
2.00321776241
2.00321776152
1.97025940758
1.97025940758
1.97025940748
1.97025940715
1.97025940797
1.97025940921
1.97025940753
1.97025940768
1.97025940745
1.97025940741
1.97025940747
1.97025940744
1.97025940739
1.9702594076
1.97025940741
1.97025940731
1.97025940778
1.97025940735
1.97025940725
1.97025940649
1.86179132811
1.86179132811
1.86179132785
1.86179132758
1.86179132813
1.86179132846
1.861791328
1.86179132814
1.86179132801
1.86179132799
1.86179132802
1.86179132806
1.86179132797
1.86179132808
1.86179132799
1.86179132806
1.86179132808
1.86179132799
1.86179132785
1.86179132725
1.84123621938
1.84123621938
1.84123621915
1.84123621895
1.8412362192
1.84123621895
1.84123621941
1.84123621954
1.84123621952
1.84123621953
1.84123621953
1.84123621959
1.84123621951
1.8412362195
1.84123621953
1.84123621987
1.84123621974
1.8412362198
1.84123621941
1.8412362194
1.83545301672
1.83545301672
1.83545301643
1.83545301623
1.83545301649
1.83545301614
1.83545301667
1.8354530168
1.83545301677
1.83545301678
1.83545301677
1.83545301685
1.83545301675
1.83545301674
1.83545301678
1.83545301705
1.83545301677
1.83545301694
1.83545301666
1.83545301647
1.82623386813
1.82623386813
1.82623386782
1.82623386763
1.82623386791
1.82623386761
1.82623386803
1.82623386816
1.82623386811
1.82623386812
1.8262338681
1.82623386818
1.82623386808
1.82623386807
1.82623386811
1.82623386831
1.82623386793
1.8262338682
1.82623386801
1.82623386773
1.80657198164
1.80657198164
1.80657198136
1.8065719812
1.8065719815
1.80657198138
1.80657198149
1.80657198161
1.80657198151
1.80657198153
1.80657198146
1.80657198154
1.80657198144
1.80657198137
1.80657198149
1.80657198149
1.80657198079
1.80657198141
1.80657198146
1.80657198112
1.79815731612
1.79815731612
1.79815731597
1.79815731584
1.79815731609
1.79815731617
1.79815731603
1.79815731613
1.798157316
1.79815731605
1.79815731593
1.79815731599
1.79815731591
1.79815731578
1.79815731598
1.79815731587
1.798157315
1.79815731586
1.79815731602
1.79815731588
1.79603203634
1.79603203634
1.79603203632
1.79603203624
1.79603203639
1.7960320366
1.79603203637
1.79603203645
1.79603203632
1.79603203638
1.79603203623
1.79603203627
1.79603203623
1.79603203604
1.79603203629
1.79603203619
1.79603203531
1.79603203625
1.79603203638
1.79603203658
1.79413302579
1.79413302579
1.79413302585
1.79413302579
1.79413302588
1.79413302611
1.79413302591
1.79413302598
1.79413302586
1.79413302594
1.79413302578
1.7941330258
1.79413302578
1.79413302558
1.79413302583
1.79413302577
1.79413302501
1.79413302586
1.79413302592
1.79413302631
1.79040630283
1.79040630283
1.79040630296
1.79040630292
1.79040630293
1.79040630313
1.79040630303
1.79040630309
1.790406303
1.79040630308
1.79040630292
1.79040630292
1.79040630293
1.79040630274
1.79040630295
1.79040630295
1.79040630241
1.79040630303
1.79040630304
1.79040630356
1.78507000448
1.78507000448
1.78507000466
1.78507000466
1.78507000456
1.78507000467
1.78507000473
1.78507000477
1.78507000472
1.78507000481
1.78507000465
1.78507000462
1.78507000466
1.78507000452
1.78507000463
1.78507000468
1.7850700045
1.78507000472
1.7850700047
1.78507000524
1.7804454135
1.7804454135
1.78044541367
1.78044541371
1.78044541353
1.7804454135
1.78044541372
1.78044541373
1.78044541372
1.78044541382
1.78044541366
1.78044541361
1.78044541367
1.78044541361
1.78044541358
1.78044541363
1.7804454138
1.78044541357
1.78044541362
1.78044541395
1.77795503797
1.77795503797
1.7779550381
1.77795503815
1.77795503797
1.77795503786
1.77795503812
1.77795503812
1.77795503812
1.77795503821
1.77795503806
1.777955038
1.77795503807
1.77795503805
1.77795503795
1.77795503793
1.77795503821
1.7779550378
1.77795503797
1.77795503804
1.77609975755
1.77609975755
1.77609975764
1.77609975769
1.77609975753
1.77609975741
1.77609975765
1.77609975765
1.77609975764
1.77609975773
1.77609975758
1.77609975753
1.77609975759
1.77609975758
1.77609975747
1.7760997574
1.77609975765
1.77609975726
1.77609975749
1.77609975742
1.77442716693
1.77442716693
1.77442716699
1.77442716704
1.7744271669
1.77442716679
1.77442716699
1.77442716699
1.77442716697
1.77442716706
1.77442716691
1.77442716686
1.77442716691
1.77442716691
1.7744271668
1.7744271667
1.77442716689
1.77442716656
1.77442716682
1.77442716666
1.77254502119
1.77254502119
1.77254502121
1.77254502125
1.77254502115
1.77254502105
1.77254502119
1.77254502118
1.77254502116
1.77254502124
1.7725450211
1.77254502106
1.7725450211
1.7725450211
1.77254502101
1.77254502084
1.77254502093
1.77254502074
1.77254502102
1.77254502074
1.77203500256
1.77203500256
1.77203500254
1.77203500256
1.77203500252
1.77203500244
1.77203500249
1.77203500248
1.77203500245
1.7720350025
1.7720350024
1.77203500236
1.7720350024
1.77203500239
1.77203500234
1.77203500209
1.77203500204
1.77203500207
1.77203500233
1.77203500192
1.77299562088
1.77299562088
1.77299562084
1.77299562086
1.77299562085
1.7729956208
1.77299562077
1.77299562073
1.77299562072
1.77299562074
1.7729956207
1.77299562065
1.77299562069
1.77299562066
1.77299562068
1.77299562034
1.77299562019
1.7729956205
1.77299562064
1.77299562015
1.7722460521
1.7722460521
1.77224605209
1.77224605211
1.77224605209
1.77224605206
1.77224605202
1.77224605195
1.77224605198
1.77224605196
1.77224605198
1.77224605191
1.77224605198
1.77224605193
1.77224605202
1.77224605166
1.77224605154
1.77224605201
1.77224605194
1.77224605155
1.77059800006
1.77059800006
1.77059800012
1.77059800015
1.77059800007
1.77059800005
1.77059800006
1.77059799997
1.77059800004
1.77059800002
1.77059800006
1.77059799998
1.77059800006
1.770598
1.77059800011
1.77059799981
1.77059799983
1.77059800025
1.77059800001
1.77059799982
1.76911787431
1.76911787431
1.76911787439
1.76911787443
1.76911787432
1.76911787429
1.76911787435
1.76911787426
1.76911787434
1.76911787432
1.76911787436
1.76911787427
1.76911787437
1.76911787431
1.7691178744
1.76911787416
1.76911787425
1.76911787458
1.76911787431
1.76911787422
1.76770307905
1.76770307905
1.76770307915
1.76770307919
1.76770307907
1.76770307903
1.76770307911
1.76770307903
1.76770307911
1.76770307909
1.76770307913
1.76770307904
1.76770307914
1.76770307908
1.76770307916
1.76770307895
1.76770307909
1.76770307934
1.76770307907
1.76770307904
1.76520846397
1.76520846397
1.76520846408
1.76520846412
1.76520846399
1.76520846395
1.76520846406
1.76520846397
1.76520846406
1.76520846405
1.76520846408
1.76520846401
1.76520846409
1.76520846404
1.76520846409
1.76520846396
1.76520846413
1.76520846426
1.76520846402
1.76520846406
1.76261121746
1.76261121746
1.76261121758
1.76261121761
1.76261121749
1.76261121745
1.76261121756
1.76261121749
1.76261121758
1.76261121756
1.76261121759
1.76261121754
1.7626112176
1.76261121756
1.76261121758
1.76261121754
1.76261121772
1.76261121769
1.76261121754
1.76261121766
1.76120459574
1.76120459574
1.76120459583
1.76120459584
1.76120459576
1.76120459574
1.76120459582
1.76120459574
1.76120459584
1.7612045958
1.76120459584
1.76120459583
1.76120459585
1.76120459583
1.76120459581
1.76120459588
1.76120459599
1.76120459584
1.76120459581
1.76120459595
1.76135460139
1.76135460139
1.76135460145
1.76135460144
1.76135460141
1.76135460141
1.76135460143
1.76135460135
1.76135460144
1.76135460139
1.76135460144
1.76135460146
1.76135460145
1.76135460143
1.76135460141
1.7613546015
1.76135460151
1.76135460136
1.76135460143
1.76135460152
1.7615762463
1.7615762463
1.76157624633
1.76157624632
1.76157624631
1.76157624632
1.76157624631
1.76157624623
1.76157624631
1.76157624625
1.76157624632
1.76157624634
1.76157624632
1.76157624631
1.76157624629
1.76157624636
1.7615762463
1.76157624623
1.76157624631
1.76157624634
1.76153411831
1.76153411831
1.76153411833
1.76153411832
1.76153411832
1.76153411833
1.7615341183
1.76153411823
1.76153411831
1.76153411825
1.76153411832
1.76153411834
1.76153411832
1.7615341183
1.76153411829
1.76153411834
1.76153411827
1.76153411823
1.76153411831
1.76153411831
1.76150249393
1.76150249393
1.76150249396
1.76150249394
1.76150249395
1.76150249396
1.76150249392
1.76150249385
1.76150249392
1.76150249386
1.76150249393
1.76150249395
1.76150249393
1.76150249391
1.76150249392
1.76150249393
1.76150249384
1.76150249386
1.76150249392
1.7615024939
1.76169982286
1.76169982286
1.76169982288
1.76169982285
1.76169982288
1.76169982289
1.76169982285
1.76169982278
1.76169982284
1.76169982278
1.76169982285
1.76169982285
1.76169982285
1.76169982282
1.76169982284
1.76169982281
1.76169982271
1.7616998228
1.76169982284
1.76169982277
1.7624026545
1.7624026545
1.76240265451
1.76240265447
1.76240265451
1.76240265452
1.76240265449
1.76240265443
1.76240265448
1.76240265442
1.76240265448
1.76240265447
1.76240265448
1.76240265445
1.76240265448
1.76240265439
1.7624026543
1.76240265446
1.76240265447
1.76240265436
1.76345910491
1.76345910491
1.76345910493
1.76345910487
1.76345910493
1.76345910493
1.76345910493
1.76345910489
1.76345910491
1.76345910486
1.76345910491
1.76345910488
1.7634591049
1.76345910487
1.76345910491
1.76345910479
1.76345910474
1.76345910489
1.76345910488
1.76345910479
1.7641192908
1.7641192908
1.76411929083
1.76411929076
1.76411929082
1.76411929082
1.76411929085
1.76411929083
1.76411929083
1.76411929079
1.76411929083
1.7641192908
1.76411929082
1.76411929079
1.76411929081
1.76411929072
1.76411929072
1.7641192908
1.76411929079
1.76411929075
1.76401783158
1.76401783158
1.76401783162
1.76401783155
1.7640178316
1.76401783159
1.76401783164
1.76401783162
1.76401783162
1.76401783158
1.76401783162
1.76401783159
1.76401783162
1.76401783159
1.7640178316
1.76401783153
1.76401783156
1.76401783158
1.76401783159
1.76401783158
1.7637886726
1.7637886726
1.76378867263
1.76378867256
1.76378867261
1.76378867261
1.76378867266
1.76378867263
1.76378867264
1.7637886726
1.76378867264
1.76378867261
1.76378867263
1.7637886726
1.76378867261
1.76378867256
1.76378867259
1.76378867259
1.7637886726
1.76378867261
1.76364737325
1.76364737325
1.76364737329
1.76364737322
1.76364737326
1.76364737326
1.76364737331
1.76364737329
1.76364737329
1.76364737326
1.76364737329
1.76364737327
1.76364737329
1.76364737326
1.76364737327
1.76364737322
1.76364737324
1.76364737324
1.76364737326
1.76364737326
1.76333449042
1.76333449042
1.76333449045
1.76333449039
1.76333449043
1.76333449043
1.76333449047
1.76333449045
1.76333449046
1.76333449043
1.76333449046
1.76333449044
1.76333449045
1.76333449043
1.76333449043
1.76333449039
1.76333449042
1.76333449041
1.76333449043
1.76333449044
1.76297825308
1.76297825308
1.76297825312
1.76297825306
1.7629782531
1.7629782531
1.76297825314
1.76297825311
1.76297825313
1.7629782531
1.76297825313
1.76297825311
1.76297825312
1.7629782531
1.7629782531
1.76297825307
1.7629782531
1.76297825308
1.7629782531
1.76297825312
1.76270190594
1.76270190594
1.76270190598
1.76270190592
1.76270190595
1.76270190595
1.76270190599
1.76270190596
1.76270190599
1.76270190596
1.76270190598
1.76270190597
1.76270190596
1.76270190595
1.76270190596
1.76270190593
1.76270190596
1.76270190593
1.76270190595
1.76270190597
1.76281315922
1.76281315922
1.76281315926
1.7628131592
1.76281315924
1.76281315924
1.76281315927
1.76281315923
1.76281315927
1.76281315925
1.76281315926
1.76281315925
1.76281315924
1.76281315923
1.76281315924
1.76281315921
1.76281315923
1.76281315922
1.76281315923
1.76281315925
1.76313921656
1.76313921656
1.76313921659
1.76313921653
1.76313921657
1.76313921657
1.76313921661
1.76313921657
1.76313921661
1.76313921659
1.76313921659
1.76313921658
1.76313921657
1.76313921657
1.76313921658
1.76313921653
1.76313921656
1.76313921656
1.76313921657
1.76313921657
1.7632904094
1.7632904094
1.76329040943
1.76329040937
1.76329040941
1.76329040941
1.76329040945
1.76329040941
1.76329040944
1.76329040943
1.76329040943
1.76329040942
1.7632904094
1.7632904094
1.76329040942
1.76329040937
1.76329040939
1.7632904094
1.76329040941
1.76329040941
1.76331951992
1.76331951992
1.76331951996
1.7633195199
1.76331951994
1.76331951994
1.76331951997
1.76331951994
1.76331951997
1.76331951995
1.76331951996
1.76331951994
1.76331951993
1.76331951993
1.76331951994
1.76331951989
1.76331951991
1.76331951992
1.76331951993
1.76331951993
1.76334979191
1.76334979191
1.76334979194
1.76334979188
1.76334979192
1.76334979192
1.76334979196
1.76334979192
1.76334979195
1.76334979194
1.76334979194
1.76334979193
1.76334979192
1.76334979191
1.76334979193
1.76334979187
1.7633497919
1.76334979191
1.76334979192
1.76334979192
1.76338247929
1.76338247929
1.76338247932
1.76338247926
1.7633824793
1.7633824793
1.76338247934
1.7633824793
1.76338247933
1.76338247931
1.76338247932
1.7633824793
1.7633824793
1.76338247929
1.7633824793
1.76338247925
1.76338247927
1.76338247929
1.76338247929
1.76338247929
1.76339750779
1.76339750779
1.76339750782
1.76339750776
1.7633975078
1.7633975078
1.76339750784
1.76339750781
1.76339750783
1.76339750782
1.76339750782
1.76339750781
1.7633975078
1.76339750779
1.76339750781
1.76339750775
1.76339750777
1.76339750779
1.7633975078
1.76339750779
1.76333300863
1.76333300863
1.76333300867
1.76333300861
1.76333300865
1.76333300865
1.76333300869
1.76333300865
1.76333300868
1.76333300866
1.76333300867
1.76333300865
1.76333300865
1.76333300864
1.76333300865
1.76333300859
1.76333300862
1.76333300864
1.76333300864
1.76333300864
1.7631224073
1.7631224073
1.76312240734
1.76312240728
1.76312240732
1.76312240732
1.76312240736
1.76312240732
1.76312240735
1.76312240733
1.76312240734
1.76312240732
1.76312240732
1.76312240731
1.76312240732
1.76312240726
1.76312240729
1.7631224073
1.76312240731
1.76312240731
1.76286733704
1.76286733704
1.76286733707
1.76286733701
1.76286733705
1.76286733705
1.76286733709
1.76286733705
1.76286733708
1.76286733707
1.76286733708
1.76286733706
1.76286733706
1.76286733705
1.76286733706
1.762867337
1.76286733703
1.76286733704
1.76286733705
1.76286733705
1.7627568689
1.7627568689
1.76275686894
1.76275686888
1.76275686892
1.76275686892
1.76275686895
1.76275686892
1.76275686895
1.76275686893
1.76275686894
1.76275686892
1.76275686892
1.76275686891
1.76275686892
1.76275686887
1.7627568689
1.7627568689
1.76275686891
1.76275686892
1.76274389745
1.76274389745
1.76274389749
1.76274389743
1.76274389747
1.76274389747
1.7627438975
1.76274389747
1.7627438975
1.76274389748
1.76274389749
1.76274389747
1.76274389747
1.76274389746
1.76274389747
1.76274389742
1.76274389745
1.76274389745
1.76274389746
1.76274389747
     fun: 1.7745545795150315
     jac: array([  9.07480717e-06,  -1.49562955e-04,  -1.02803111e-04,
         8.24630260e-05,  -7.32541084e-05,  -2.96249986e-04,
        -5.96046448e-08,   2.74792314e-04,   1.40681863e-04,
         6.84559345e-05,   4.02301550e-04,   3.43322754e-05,
         6.08861446e-05,  -6.15566969e-05,  -6.42687082e-05,
        -9.60826874e-05,   2.34693289e-05,  -1.75535679e-05])
 message: 'Optimization terminated successfully.'
    nfev: 1220
     nit: 61
    njev: 61
  status: 0
 success: True
       x: array([ 7.6220204 ,  6.79098842,  8.26783732,  1.96736027,  6.87112434,
        0.8716638 ,  8.53072971,  1.09717384,  7.37482812,  9.31928801,
        1.54251465,  7.72511913,  7.61051493,  7.56325136,  2.15432743,
        2.072006  ,  8.15164579,  2.05120894])

========================================================

Final result:
7.62202040049
6.79098842229
8.26783731767
1.96736026846
1.96736026846
1.96736026846
6.87112433802
0.871663802764
8.53072971103
1.09717383884
7.37482812051
9.3192880112
1.54251464599
7.72511912685
7.61051493051
7.56325135789
2.15432742568
2.15432742568
2.15432742568
2.07200599645
2.07200599645
8.15164579066
2.05120893742
2.05120893742
2.05120893742
7.56325135789
