3.8207696884092267e-07
3.8207696884092267e-07
3.820769696039104e-07
3.8207696910340775e-07
3.8207696912138544e-07
3.820769691379215e-07
3.820769690661591e-07
3.8207696913253986e-07
3.820769692507867e-07
3.8207696903382283e-07
3.8207696906074296e-07
3.8207696901958494e-07
3.8207696916914005e-07
3.820769691822244e-07
3.820769691281863e-07
3.8207696965762813e-07
     fun: 3.8207696884092267e-07
     jac: array([5.12032408e-08, 1.76150756e-08, 1.88215381e-08, 1.99312531e-08,
       1.51153614e-08, 1.95700984e-08, 2.75055108e-08, 1.29453106e-08,
       1.47518904e-08, 1.19898225e-08, 2.20262955e-08, 2.29043700e-08,
       1.92779375e-08, 5.48081758e-08])
 message: 'Optimization terminated successfully.'
    nfev: 16
     nit: 1
    njev: 1
  status: 0
 success: True
       x: array([1.32366332, 5.3107368 , 7.75403879, 1.82124051, 6.99640327,
       8.19315291, 1.88572085, 5.4861935 , 5.60847332, 1.4355732 ,
       7.26761884, 1.51419129, 7.21660143, 1.9080241 ])

========================================================

Final result:
1.3236633174402925
1.3236633174402925
5.310736800316024
1.3236633174402925
7.754038788857416
1.8212405144659753
6.99640327470633
8.193152914677414
1.8857208505995249
1.8857208505995249
5.486193497278064
5.608473318391609
1.4355731978744142
7.267618838202654
1.5141912947824052
7.216601429393691
1.9080240961171997
1.9080240961171997
1.9080240961171997
