8.64365124445374e-07
8.64365124445374e-07
8.643651248913814e-07
8.643651247978988e-07
8.643651248064318e-07
8.643651254468938e-07
8.643651250061921e-07
8.643651250277106e-07
8.643651250291869e-07
8.643651250521537e-07
8.643651250431646e-07
8.643651249473593e-07
8.643651256259747e-07
8.643651250104159e-07
8.643651248540635e-07
8.643651255694747e-07
8.643651249057869e-07
8.643651252184436e-07
8.643651249103528e-07
8.64365124936859e-07
8.643651247829579e-07
8.643651253468974e-07
8.643650849649667e-07
8.643650849649667e-07
8.643650854109707e-07
8.643650853174916e-07
8.643650853260284e-07
8.64365085966487e-07
8.643650855257821e-07
8.643650855473061e-07
8.643650855487813e-07
8.64365085571747e-07
8.643650855627556e-07
8.643650854669531e-07
8.643650861455694e-07
8.643650855300086e-07
8.643650853736627e-07
8.643650860890663e-07
8.643650854253822e-07
8.643650857380353e-07
8.64365085429947e-07
8.643650854564517e-07
8.643650853025529e-07
8.643650858664893e-07
8.643648875628668e-07
8.643648875628668e-07
8.643648880088637e-07
8.643648879153913e-07
8.643648879239278e-07
8.643648885643826e-07
8.643648881236827e-07
8.643648881452047e-07
8.643648881466798e-07
8.643648881696438e-07
8.643648881606527e-07
8.643648880648514e-07
8.643648887434681e-07
8.643648881279067e-07
8.643648879715569e-07
8.643648886869624e-07
8.643648880232779e-07
8.643648883359325e-07
8.643648880278447e-07
8.643648880543461e-07
8.643648879004523e-07
8.64364888464385e-07
8.643639005578569e-07
8.643639005578569e-07
8.643639010038609e-07
8.643639009103802e-07
8.643639009189198e-07
8.643639015593737e-07
8.643639011186752e-07
8.643639011401925e-07
8.643639011416667e-07
8.643639011646379e-07
8.643639011556466e-07
8.643639010598432e-07
8.643639017384567e-07
8.643639011228971e-07
8.643639009665456e-07
8.643639016819523e-07
8.643639010182694e-07
8.64363901330924e-07
8.643639010228325e-07
8.643639010493416e-07
8.643639008954455e-07
8.643639014593763e-07
8.64358965562787e-07
8.64358965562787e-07
8.643589660087852e-07
8.64358965915306e-07
8.643589659238436e-07
8.643589665642895e-07
8.643589661235962e-07
8.643589661451189e-07
8.643589661465932e-07
8.643589661695606e-07
8.643589661605666e-07
8.643589660647686e-07
8.64358966743372e-07
8.643589661278225e-07
8.643589659714694e-07
8.643589666868692e-07
8.643589660231945e-07
8.643589663358467e-07
8.643589660277607e-07
8.643589660542667e-07
8.643589659003656e-07
8.643589664642914e-07
8.643342917996331e-07
8.643342917996331e-07
8.643342922456029e-07
8.643342921521279e-07
8.643342921606641e-07
8.643342928010615e-07
8.643342923604139e-07
8.643342923819315e-07
8.643342923834054e-07
8.643342924063735e-07
8.643342923973831e-07
8.643342923015858e-07
8.643342929801514e-07
8.643342923646389e-07
8.643342922082949e-07
8.643342929236539e-07
8.643342922600164e-07
8.643342925726472e-07
8.643342922645791e-07
8.643342922910827e-07
8.643342921371881e-07
8.643342927010688e-07
8.642109531440323e-07
8.642109531440323e-07
8.642109535898656e-07
8.642109534964093e-07
8.642109535049343e-07
8.642109541450817e-07
8.64210953704659e-07
8.642109537261735e-07
8.642109537276509e-07
8.642109537506158e-07
8.642109537416235e-07
8.64210953645836e-07
8.642109543242198e-07
8.64210953708889e-07
8.642109535525616e-07
8.642109542677442e-07
8.642109536042937e-07
8.642109539168349e-07
8.642109536088371e-07
8.64210953635335e-07
8.642109534814681e-07
8.642109540451222e-07
8.635950132105765e-07
8.635950132105765e-07
8.635950136557214e-07
8.63595013562329e-07
8.635950135708359e-07
8.635950142097472e-07
8.635950137704384e-07
8.635950137919163e-07
8.635950137934134e-07
8.635950138163808e-07
8.635950138073594e-07
8.635950137116591e-07
8.635950143891127e-07
8.635950137746761e-07
8.635950136184516e-07
8.635950143327369e-07
8.635950136702307e-07
8.635950139823026e-07
8.635950136746796e-07
8.635950137011506e-07
8.635950135474026e-07
8.635950141099055e-07
8.605341212409793e-07
8.605341212409793e-07
8.605341216826924e-07
8.605341215896591e-07
8.605341215980487e-07
8.60534122230787e-07
8.605341217969972e-07
8.605341218183274e-07
8.605341218199319e-07
8.605341218428908e-07
8.605341218337507e-07
8.605341217384594e-07
8.60534122411274e-07
8.605341218013243e-07
8.605341216455998e-07
8.605341223553898e-07
8.60534121697588e-07
8.605341220073272e-07
8.605341217015786e-07
8.605341217279259e-07
8.605341215747577e-07
8.605341221315463e-07
8.456938636384682e-07
8.456938636384682e-07
8.45693864063157e-07
8.4569386397187e-07
8.45693863979673e-07
8.45693864581807e-07
8.456938641754338e-07
8.456938641960173e-07
8.456938641981303e-07
8.456938642210634e-07
8.456938642113119e-07
8.456938641180521e-07
8.45693864767876e-07
8.456938641801553e-07
8.456938640269318e-07
8.456938647144541e-07
8.456938640799698e-07
8.45693864378151e-07
8.45693864081693e-07
8.456938641073933e-07
8.45693863957133e-07
8.456938644855679e-07
7.823885442046523e-07
7.823885442046523e-07
7.823885445475481e-07
7.823885444646825e-07
7.823885444696714e-07
7.823885449247713e-07
7.823885446501065e-07
7.823885446670955e-07
7.823885446716622e-07
7.823885446944771e-07
7.823885446817786e-07
7.823885445982872e-07
7.823885451376517e-07
7.823885446567408e-07
7.82388544515499e-07
7.823885450960547e-07
7.8238854457359e-07
7.823885448162492e-07
7.82388544564399e-07
7.823885445870327e-07
7.823885444507103e-07
7.823885448429268e-07
6.612378636331239e-07
6.612378636331239e-07
6.612378636473573e-07
6.612378635983206e-07
6.612378635920033e-07
6.612378634562623e-07
6.612378637108424e-07
6.612378637133962e-07
6.61237863727811e-07
6.612378637501589e-07
6.612378637256374e-07
6.612378636813843e-07
6.612378637768888e-07
6.612378637251855e-07
6.612378636321039e-07
6.612378637828125e-07
6.612378637104876e-07
6.612378637300166e-07
6.612378636574382e-07
6.612378636677426e-07
6.612378635874314e-07
6.612378634323077e-07
6.610044331445355e-07
6.610044331445355e-07
6.610044331526193e-07
6.610044331042148e-07
6.610044330976832e-07
6.610044329508823e-07
6.61004433215377e-07
6.610044332176579e-07
6.610044332322566e-07
6.610044332545925e-07
6.61004433229849e-07
6.610044331863272e-07
6.610044332735277e-07
6.610044332298555e-07
6.6100443313768e-07
6.610044332803403e-07
6.610044332164401e-07
6.610044332317916e-07
6.610044331625702e-07
6.610044331726448e-07
6.610044330933831e-07
6.6100443292801e-07
     fun: 6.679813823160967e-07
     jac: array([-5.30278044e-11, -3.17658788e-09, -3.62631170e-09, -1.70076930e-08,
        4.00525835e-09,  4.12958912e-09,  5.10733145e-09,  6.57558985e-09,
        4.92709518e-09,  2.13432116e-09,  5.50371482e-09,  4.97125541e-09,
       -1.00577324e-09,  6.11179019e-09,  4.21066204e-09,  3.79117893e-09,
        5.89423621e-10,  1.23012711e-09, -3.88353527e-09, -1.81420532e-08])
 message: 'Optimization terminated successfully.'
    nfev: 286
     nit: 13
    njev: 13
  status: 0
 success: True
       x: array([ 7.94998353,  5.56045216,  8.13295392,  1.42300531,  7.50770669,
        1.10489123,  9.06201479,  1.65631127,  8.58502566,  8.20649755,
        1.11590832, 10.31617396,  5.76460942,  1.4288287 , 10.57889308,
        6.98799328,  7.12420723,  1.10960476,  7.56098183,  1.47107349])

========================================================

Final result:
7.949983530470836
5.560452162792481
8.13295392004875
1.4230053099641344
1.4230053099641344
1.4230053099641344
7.507706692799168
1.1048912256328536
9.062014788893537
1.65631126792963
8.585025657661886
8.206497551817623
1.1159083189446772
1.1159083189446772
10.31617395637534
5.764609420495326
1.4288286967891846
1.4288286967891846
10.578893081810088
6.987993282133544
6.987993282133544
7.124207229046303
1.1096047604750814
7.560981828544089
1.4710734910427383
1.4710734910427383
1.4710734910427383
