3.97430226791
3.97430226791
3.97430226721
3.9743022672
3.97430226726
3.97430226599
3.97430226719
3.97430226718
3.97430226718
3.97430226719
3.97430226646
3.9743022672
3.97430226721
3.97430226719
3.97430226726
3.97430226601
3.90796453541
3.90796453541
3.90796453471
3.9079645347
3.90796453476
3.9079645335
3.90796453469
3.90796453468
3.90796453469
3.9079645347
3.90796453396
3.9079645347
3.90796453471
3.90796453469
3.90796453476
3.90796453351
3.5773247371
3.5773247371
3.57732473641
3.5773247364
3.57732473646
3.5773247352
3.57732473639
3.57732473638
3.57732473638
3.57732473639
3.57732473565
3.57732473639
3.57732473641
3.57732473639
3.57732473646
3.57732473522
1.9718237326
1.9718237326
1.97182373194
1.97182373192
1.97182373201
1.97182373087
1.97182373191
1.97182373191
1.9718237319
1.97182373192
1.97182373118
1.97182373191
1.97182373195
1.97182373193
1.97182373202
1.9718237309
6.14972120016
1.06681113742
1.06681113742
1.06681113782
1.06681113777
1.06681113789
1.0668111389
1.06681113781
1.06681113783
1.06681113778
1.0668111378
1.0668111381
1.06681113777
1.06681113786
1.06681113787
1.06681113791
1.06681113894
0.875348625027
0.875348625027
0.875348624689
0.875348624634
0.875348624803
0.875348624445
0.875348624659
0.87534862467
0.875348624621
0.875348624653
0.875348624173
0.875348624628
0.875348624723
0.875348624712
0.875348624823
0.875348624502
0.804805684567
0.804805684567
0.804805684539
0.804805684476
0.804805684652
0.804805684907
0.804805684515
0.804805684532
0.804805684471
0.804805684505
0.804805684327
0.804805684472
0.80480568458
0.804805684578
0.804805684674
0.804805684966
0.802121968878
0.802121968878
0.802121968809
0.802121968746
0.802121968923
0.8021219691
0.802121968784
0.8021219688
0.802121968741
0.802121968774
0.802121968557
0.802121968742
0.802121968849
0.802121968846
0.802121968944
0.802121969157
0.799538850663
0.799538850663
0.799538850576
0.799538850514
0.799538850689
0.799538850829
0.799538850551
0.799538850567
0.799538850508
0.799538850541
0.799538850309
0.799538850509
0.799538850615
0.799538850612
0.79953885071
0.799538850884
0.785452924861
0.785452924861
0.785452924713
0.785452924652
0.785452924821
0.785452924826
0.785452924691
0.785452924706
0.785452924654
0.785452924677
0.785452924412
0.785452924644
0.785452924746
0.785452924743
0.785452924833
0.785452924853
0.763960487466
0.763960487466
0.763960487274
0.763960487217
0.76396048737
0.763960487252
0.763960487261
0.763960487274
0.763960487234
0.76396048724
0.763960486985
0.763960487205
0.763960487296
0.763960487298
0.763960487366
0.763960487226
0.731336127744
0.731336127744
0.731336127557
0.731336127507
0.731336127624
0.731336127437
0.731336127562
0.731336127575
0.731336127554
0.731336127527
0.731336127387
0.731336127486
0.73133612756
0.731336127572
0.73133612759
0.731336127312
0.710831430981
0.710831430981
0.710831430882
0.710831430837
0.710831430924
0.710831430845
0.710831430903
0.710831430916
0.710831430909
0.710831430858
0.710831430887
0.710831430811
0.710831430872
0.710831430894
0.71083143087
0.710831430652
0.70571596297
0.70571596297
0.705715962943
0.705715962898
0.70571596298
0.705715963033
0.705715962968
0.705715962982
0.705715962975
0.705715962921
0.705715963032
0.705715962873
0.705715962935
0.705715962959
0.705715962927
0.70571596284
0.705277100221
0.705277100221
0.705277100206
0.70527710016
0.705277100245
0.705277100325
0.70527710023
0.705277100244
0.705277100236
0.705277100185
0.705277100298
0.705277100137
0.705277100201
0.705277100225
0.705277100196
0.705277100147
0.705013341857
0.705013341857
0.705013341844
0.705013341798
0.705013341884
0.705013341971
0.705013341867
0.705013341881
0.705013341873
0.705013341824
0.705013341937
0.705013341777
0.705013341842
0.705013341865
0.705013341839
0.705013341807
0.704071805933
0.704071805933
0.704071805924
0.704071805878
0.704071805963
0.704071806057
0.704071805948
0.704071805961
0.704071805955
0.704071805912
0.70407180602
0.704071805865
0.704071805933
0.704071805955
0.704071805936
0.704071805948
0.702595914097
0.702595914097
0.702595914086
0.702595914042
0.702595914121
0.702595914199
0.702595914111
0.702595914123
0.702595914122
0.702595914087
0.702595914189
0.702595914042
0.702595914112
0.702595914133
0.702595914122
0.702595914184
0.700647048289
0.700647048289
0.700647048266
0.700647048225
0.70064704829
0.700647048316
0.700647048296
0.700647048305
0.700647048315
0.700647048287
0.700647048383
0.700647048245
0.700647048317
0.700647048336
0.700647048333
0.700647048437
0.699395151142
0.699395151142
0.699395151101
0.699395151064
0.699395151116
0.699395151081
0.699395151136
0.699395151143
0.699395151163
0.699395151138
0.699395151231
0.699395151098
0.699395151168
0.699395151187
0.699395151184
0.699395151286
0.698867437992
0.698867437992
0.69886743794
0.698867437904
0.698867437951
0.698867437882
0.698867437977
0.698867437983
0.698867438008
0.698867437981
0.698867438074
0.698867437941
0.698867438009
0.698867438027
0.698867438022
0.698867438098
0.698475735614
0.698475735614
0.698475735558
0.698475735523
0.698475735567
0.698475735484
0.698475735596
0.698475735601
0.698475735627
0.698475735598
0.698475735692
0.698475735558
0.698475735624
0.698475735643
0.698475735634
0.698475735687
0.697586997785
0.697586997785
0.697586997723
0.697586997689
0.69758699773
0.697586997631
0.697586997761
0.697586997767
0.697586997793
0.69758699776
0.697586997855
0.69758699772
0.697586997782
0.697586997802
0.697586997789
0.697586997806
0.695474084783
0.695474084783
0.695474084714
0.695474084682
0.695474084719
0.695474084599
0.695474084752
0.695474084757
0.695474084783
0.695474084746
0.695474084841
0.695474084707
0.695474084762
0.695474084781
0.695474084762
0.695474084724
0.690576022715
0.690576022715
0.690576022639
0.690576022613
0.690576022641
0.690576022498
0.690576022674
0.690576022679
0.690576022704
0.690576022661
0.690576022751
0.690576022627
0.690576022667
0.690576022685
0.690576022659
0.690576022544
0.681339380726
0.681339380726
0.681339380653
0.681339380636
0.681339380651
0.681339380501
0.68133938068
0.681339380684
0.681339380703
0.68133938066
0.681339380733
0.681339380637
0.681339380652
0.681339380663
0.681339380635
0.681339380444
0.669734160229
0.669734160229
0.66973416018
0.669734160175
0.669734160175
0.669734160064
0.669734160193
0.669734160195
0.669734160204
0.669734160173
0.669734160213
0.669734160168
0.669734160152
0.669734160153
0.669734160137
0.669734159942
0.662736051056
0.662736051056
0.662736051039
0.662736051041
0.662736051036
0.662736050996
0.66273605104
0.662736051041
0.662736051043
0.66273605103
0.662736051042
0.662736051038
0.662736051011
0.662736051002
0.662736051009
0.662736050914
0.661248782827
0.661248782827
0.661248782825
0.661248782825
0.661248782825
0.661248782822
0.661248782824
0.661248782824
0.661248782825
0.661248782822
0.661248782828
0.661248782831
0.66124878281
0.661248782799
0.661248782817
0.661248782807
0.661161162262
0.661161162262
0.661161162261
0.66116116226
0.661161162262
0.661161162264
0.661161162261
0.661161162262
0.661161162263
0.661161162261
0.661161162268
0.661161162269
0.661161162251
0.661161162241
0.661161162261
0.661161162267
0.661156733292
0.661156733292
0.661156733291
0.66115673329
0.661156733292
0.661156733293
0.661156733291
0.661156733292
0.661156733293
0.661156733291
0.661156733299
0.661156733299
0.661156733282
0.661156733271
0.661156733291
0.661156733298
0.661148072611
0.661148072611
0.66114807261
0.661148072609
0.661148072611
0.661148072612
0.661148072611
0.661148072611
0.661148072612
0.66114807261
0.661148072619
0.661148072618
0.661148072601
0.661148072591
0.661148072611
0.661148072618
0.661124728389
0.661124728389
0.661124728387
0.661124728385
0.661124728388
0.661124728388
0.661124728388
0.661124728388
0.66112472839
0.661124728388
0.661124728397
0.661124728394
0.661124728379
0.66112472837
0.661124728389
0.661124728397
0.661066953199
0.661066953199
0.661066953196
0.661066953194
0.661066953198
0.661066953196
0.661066953198
0.661066953198
0.661066953201
0.661066953198
0.661066953209
0.661066953203
0.661066953191
0.661066953182
0.6610669532
0.66106695321
0.660929604027
0.660929604027
0.660929604023
0.66092960402
0.660929604024
0.66092960402
0.660929604025
0.660929604025
0.660929604028
0.660929604025
0.660929604038
0.660929604029
0.66092960402
0.660929604013
0.660929604028
0.66092960404
0.660651202757
0.660651202757
0.660651202752
0.66065120275
0.660651202753
0.660651202747
0.660651202754
0.660651202754
0.660651202759
0.660651202755
0.660651202769
0.660651202755
0.660651202753
0.660651202749
0.66065120276
0.660651202772
0.660246934364
0.660246934364
0.660246934359
0.660246934359
0.66024693436
0.660246934353
0.66024693436
0.660246934359
0.660246934365
0.660246934361
0.660246934375
0.660246934359
0.660246934362
0.660246934364
0.660246934367
0.660246934378
0.659932165319
0.659932165319
0.659932165318
0.65993216532
0.659932165317
0.659932165313
0.659932165316
0.659932165314
0.65993216532
0.659932165317
0.659932165326
0.659932165314
0.65993216532
0.659932165323
0.659932165321
0.659932165327
0.659835190837
0.659835190837
0.659835190837
0.659835190841
0.659835190836
0.659835190835
0.659835190834
0.659835190832
0.659835190836
0.659835190834
0.65983519084
0.659835190833
0.659835190836
0.659835190839
0.659835190837
0.659835190839
0.659825237644
0.659825237644
0.659825237645
0.659825237649
0.659825237645
0.659825237644
0.659825237642
0.65982523764
0.659825237644
0.659825237642
0.659825237647
0.659825237642
0.659825237643
0.659825237646
0.659825237644
0.659825237645
     fun: 0.6598252376444199
     jac: array([  6.90966845e-05,   3.37235630e-04,   7.56978989e-06,
        -2.53319740e-07,  -1.67742372e-04,  -3.29799950e-04,
        -4.13581729e-05,  -1.52945518e-04,   1.64099038e-04,
        -1.68912113e-04,  -9.44137573e-05,   7.65323639e-05,
        -1.60560012e-05,   5.82784414e-05])
 message: 'Optimization terminated successfully.'
    nfev: 641
     nit: 40
    njev: 40
  status: 0
 success: True
       x: array([ 5.70449687,  9.31613766,  2.23654636,  3.75937257,  4.15223789,
        3.25309699,  3.55185807,  5.94151035,  4.17344465,  8.80693161,
        4.14006865,  3.44483199,  2.02106242,  3.88500039])

========================================================

Final result:
5.70449687078
9.3161376648
2.23654636015
3.75937257479
3.75937257479
3.75937257479
4.15223788697
3.25309699175
3.55185807203
5.94151034691
4.17344465427
4.17344465427
8.8069316106
4.14006865137
3.44483198708
2.02106241503
3.88500038746
3.88500038746
3.88500038746
