11.0179778545
11.0179778545
11.0179778516
11.017977853
11.0179778529
11.0179778528
11.0179778528
11.017977853
11.0179778511
11.0179778529
11.0179778531
11.0179778512
11.0179778531
11.0179778532
11.0179778507
11.017977853
11.017977853
11.0179778533
11.0179778512
10.613667393
10.613667393
10.61366739
10.6136673915
10.6136673913
10.6136673913
10.6136673913
10.6136673914
10.6136673896
10.6136673914
10.6136673915
10.6136673897
10.6136673915
10.6136673917
10.6136673892
10.6136673915
10.6136673915
10.6136673918
10.6136673897
8.62705910277
8.62705910277
8.6270590999
8.62705910128
8.62705910115
8.62705910111
8.62705910112
8.62705910123
8.62705909944
8.62705910117
8.62705910132
8.62705909956
8.62705910134
8.62705910149
8.62705909911
8.62705910133
8.62705910128
8.62705910162
8.62705909961
3.44607701705
3.44607701705
3.4460770187
3.44607701775
3.44607701766
3.44607701756
3.4460770178
3.44607701753
3.44607701872
3.44607701769
3.44607701731
3.44607701851
3.44607701725
3.44607701792
3.44607702018
3.44607701771
3.44607701772
3.44607701796
3.44607702008
3.38996936938
2.87504269729
2.87504269729
2.87504269719
2.87504269708
2.87504269692
2.8750426968
2.87504269703
2.87504269684
2.87504269694
2.87504269696
2.87504269667
2.8750426968
2.87504269663
2.87504269736
2.87504269812
2.87504269707
2.87504269705
2.87504269748
2.87504269831
2.85258341537
2.85258341537
2.8525834153
2.85258341518
2.85258341502
2.8525834149
2.85258341513
2.85258341493
2.85258341505
2.85258341505
2.85258341476
2.85258341491
2.85258341471
2.85258341544
2.85258341617
2.85258341515
2.85258341513
2.85258341555
2.85258341634
2.75461250636
2.75461250636
2.75461250644
2.75461250624
2.75461250607
2.75461250597
2.75461250618
2.75461250595
2.75461250618
2.75461250609
2.75461250577
2.75461250603
2.7546125057
2.75461250638
2.75461250697
2.75461250614
2.75461250613
2.75461250647
2.75461250706
2.55130869287
2.55130869287
2.55130869364
2.5513086931
2.55130869293
2.5513086929
2.55130869303
2.55130869265
2.55130869338
2.55130869288
2.55130869246
2.55130869319
2.55130869227
2.55130869265
2.55130869254
2.55130869264
2.55130869274
2.55130869264
2.55130869228
2.5525664639
2.5525664639
2.5525664648
2.5525664642
2.55256646405
2.55256646404
2.55256646414
2.55256646373
2.55256646457
2.55256646397
2.55256646355
2.55256646438
2.55256646332
2.5525664636
2.55256646325
2.55256646367
2.55256646379
2.55256646357
2.55256646293
2.54260745986
2.54260745986
2.5426074608
2.54260746019
2.54260746006
2.54260746007
2.54260746014
2.54260745974
2.54260746061
2.54260745997
2.54260745956
2.54260746043
2.5426074593
2.54260745952
2.54260745904
2.54260745966
2.54260745979
2.54260745951
2.54260745875
2.48474778097
2.48474778097
2.48474778181
2.48474778131
2.4847477813
2.48474778138
2.48474778134
2.48474778101
2.48474778184
2.48474778118
2.48474778087
2.48474778174
2.48474778048
2.48474778053
2.48474777971
2.48474778089
2.48474778105
2.48474778061
2.4847477797
2.38744633537
2.38744633537
2.3874463358
2.38744633558
2.38744633573
2.38744633589
2.38744633573
2.38744633557
2.38744633616
2.3874463356
2.38744633548
2.38744633617
2.38744633495
2.38744633488
2.38744633387
2.38744633546
2.38744633564
2.38744633513
2.38744633441
2.27524011123
2.27524011123
2.2752401109
2.27524011115
2.27524011149
2.27524011171
2.27524011144
2.27524011152
2.27524011164
2.27524011137
2.27524011149
2.27524011182
2.27524011087
2.27524011081
2.27524010996
2.27524011152
2.27524011168
2.27524011128
2.27524011118
2.22277594981
2.22277594981
2.2227759491
2.22277594956
2.22277594995
2.22277595016
2.22277594989
2.22277595007
2.22277594993
2.22277594986
2.22277595005
2.22277595017
2.22277594946
2.22277594953
2.22277594902
2.22277595015
2.22277595027
2.22277595003
2.22277595035
2.1957811687
2.1957811687
2.19578116792
2.1957811684
2.19578116877
2.19578116896
2.19578116873
2.1957811689
2.19578116871
2.19578116871
2.19578116888
2.19578116895
2.19578116834
2.19578116849
2.19578116822
2.195781169
2.19578116911
2.19578116893
2.19578116934
2.16705506123
2.16705506123
2.16705506045
2.16705506092
2.16705506125
2.16705506143
2.16705506122
2.16705506137
2.16705506116
2.16705506121
2.16705506134
2.16705506141
2.16705506089
2.16705506112
2.16705506111
2.16705506147
2.16705506157
2.16705506143
2.16705506179
2.13075528561
2.13075528561
2.1307552849
2.13075528531
2.13075528559
2.13075528574
2.13075528557
2.13075528566
2.13075528547
2.13075528559
2.13075528564
2.13075528573
2.13075528534
2.13075528567
2.13075528606
2.13075528574
2.13075528583
2.13075528569
2.1307552858
2.10985580809
2.10985580809
2.1098558075
2.10985580783
2.10985580807
2.10985580822
2.10985580805
2.1098558081
2.10985580793
2.10985580809
2.10985580809
2.10985580821
2.10985580793
2.1098558083
2.109855809
2.10985580811
2.1098558082
2.109855808
2.10985580772
2.10334283159
2.10334283159
2.10334283113
2.1033428314
2.10334283161
2.10334283177
2.10334283157
2.10334283162
2.10334283146
2.10334283162
2.10334283163
2.10334283175
2.10334283151
2.10334283183
2.10334283257
2.10334283157
2.10334283167
2.10334283138
2.10334283079
2.09739973283
2.09739973283
2.09739973249
2.0973997327
2.09739973291
2.09739973309
2.09739973285
2.09739973292
2.09739973274
2.09739973289
2.09739973294
2.09739973302
2.09739973278
2.09739973304
2.09739973366
2.09739973284
2.09739973295
2.0973997326
2.09739973191
2.08409933443
2.08409933443
2.08409933425
2.08409933438
2.08409933457
2.08409933474
2.08409933446
2.08409933458
2.08409933435
2.08409933448
2.08409933462
2.08409933459
2.08409933438
2.08409933456
2.08409933495
2.08409933449
2.08409933459
2.08409933422
2.08409933355
2.06128997491
2.06128997491
2.06128997499
2.06128997496
2.0612899751
2.06128997525
2.06128997494
2.06128997513
2.06128997481
2.06128997492
2.06128997518
2.06128997495
2.06128997483
2.06128997492
2.06128997502
2.06128997504
2.06128997512
2.06128997479
2.06128997432
2.04027448723
2.04027448723
2.04027448752
2.04027448736
2.04027448741
2.04027448752
2.04027448721
2.04027448747
2.04027448703
2.04027448716
2.04027448752
2.04027448707
2.04027448709
2.04027448716
2.04027448707
2.0402744874
2.04027448745
2.04027448723
2.04027448705
2.02912112199
2.02912112199
2.02912112234
2.02912112212
2.02912112213
2.02912112221
2.02912112193
2.0291211222
2.02912112172
2.02912112187
2.02912112224
2.02912112172
2.02912112182
2.02912112192
2.02912112185
2.02912112216
2.02912112218
2.02912112204
2.02912112206
2.02265051844
2.02265051844
2.02265051876
2.02265051855
2.02265051855
2.02265051861
2.02265051836
2.02265051861
2.02265051814
2.0226505183
2.02265051865
2.02265051813
2.02265051826
2.02265051839
2.02265051838
2.02265051858
2.02265051859
2.0226505185
2.02265051856
2.01404873494
2.01404873494
2.01404873522
2.01404873503
2.01404873502
2.01404873506
2.01404873486
2.01404873508
2.01404873465
2.01404873482
2.01404873511
2.01404873465
2.01404873478
2.01404873493
2.01404873503
2.01404873506
2.01404873506
2.01404873501
2.01404873512
2.00083959612
2.00083959612
2.00083959626
2.00083959613
2.00083959613
2.00083959614
2.00083959603
2.00083959617
2.00083959584
2.000839596
2.00083959619
2.00083959585
2.00083959598
2.00083959614
2.00083959632
2.00083959616
2.00083959614
2.00083959617
2.00083959627
1.98817030107
1.98817030107
1.98817030111
1.98817030105
1.98817030106
1.98817030104
1.98817030103
1.98817030109
1.98817030094
1.98817030104
1.9881703011
1.98817030097
1.98817030103
1.98817030115
1.98817030138
1.98817030107
1.98817030102
1.98817030111
1.98817030123
1.98249805188
1.98249805188
1.98249805182
1.98249805182
1.98249805185
1.98249805183
1.98249805187
1.98249805187
1.98249805182
1.98249805189
1.98249805189
1.98249805187
1.98249805188
1.98249805192
1.98249805202
1.98249805184
1.98249805177
1.98249805188
1.98249805191
1.98201570525
1.98201570525
1.98201570525
1.98201570522
1.98201570527
1.98201570525
1.98201570528
1.98201570529
1.98201570528
1.9820157053
1.98201570531
1.98201570533
1.98201570528
1.98201570528
1.98201570533
1.98201570525
1.98201570518
1.98201570526
1.98201570529
1.98191154906
1.98191154906
1.98191154904
1.98191154902
1.98191154907
1.98191154905
1.98191154908
1.98191154909
1.98191154905
1.98191154909
1.98191154911
1.9819115491
1.98191154907
1.98191154906
1.98191154905
1.98191154905
1.98191154899
1.98191154905
1.98191154905
1.981855014
1.981855014
1.981855014
1.98185501397
1.98185501402
1.98185501401
1.98185501402
1.98185501404
1.98185501399
1.98185501403
1.98185501406
1.98185501404
1.98185501401
1.981855014
1.98185501399
1.981855014
1.98185501394
1.981855014
1.981855014
1.98172006923
1.98172006923
1.98172006927
1.98172006922
1.98172006927
1.98172006926
1.98172006925
1.98172006929
1.98172006923
1.98172006926
1.98172006931
1.98172006926
1.98172006924
1.98172006923
1.9817200692
1.98172006925
1.9817200692
1.98172006924
1.98172006925
1.98178467738
1.98178467738
1.98178467746
1.98178467739
1.98178467744
1.98178467744
1.98178467741
1.98178467746
1.98178467739
1.98178467741
1.98178467746
1.9817846774
1.98178467738
1.98178467737
1.98178467734
1.98178467743
1.9817846774
1.9817846774
1.98178467742
1.98210520783
1.98210520783
1.98210520794
1.98210520786
1.98210520791
1.98210520792
1.98210520787
1.98210520792
1.98210520786
1.98210520786
1.9821052079
1.98210520783
1.98210520784
1.98210520783
1.9821052078
1.98210520791
1.98210520791
1.98210520787
1.98210520788
1.98226688974
1.98226688974
1.98226688981
1.98226688975
1.9822668898
1.98226688981
1.98226688978
1.9822668898
1.98226688978
1.98226688976
1.98226688975
1.98226688972
1.98226688974
1.98226688974
1.98226688973
1.98226688982
1.98226688983
1.98226688977
1.98226688978
1.982044522
1.982044522
1.98204452202
1.98204452199
1.98204452203
1.98204452203
1.98204452203
1.98204452203
1.98204452203
1.98204452201
1.98204452197
1.98204452197
1.98204452201
1.98204452201
1.98204452202
1.98204452205
1.98204452207
1.98204452201
1.98204452201
1.98173423274
1.98173423274
1.98173423273
1.98173423272
1.98173423276
1.98173423276
1.98173423277
1.98173423276
1.98173423277
1.98173423276
1.9817342327
1.98173423272
1.98173423275
1.98173423275
1.98173423277
1.98173423278
1.98173423279
1.98173423275
1.98173423274
1.98153765403
1.98153765403
1.98153765401
1.981537654
1.98153765405
1.98153765404
1.98153765406
1.98153765405
1.98153765406
1.98153765405
1.98153765399
1.98153765401
1.98153765405
1.98153765404
1.98153765406
1.98153765407
1.98153765407
1.98153765404
1.98153765403
1.98125053902
1.98125053902
1.98125053899
1.98125053899
1.98125053903
1.98125053902
1.98125053904
1.98125053903
1.98125053904
1.98125053904
1.98125053897
1.98125053901
1.98125053904
1.98125053903
1.98125053906
1.98125053905
1.98125053904
1.98125053902
1.98125053902
1.98109076064
1.98109076064
1.9810907606
1.9810907606
1.98109076065
1.98109076064
1.98109076066
1.98109076064
1.98109076065
1.98109076067
1.98109076059
1.98109076066
1.98109076066
1.98109076066
1.98109076068
1.98109076066
1.98109076065
1.98109076064
1.98109076063
1.98136283766
1.98136283766
1.98136283762
1.98136283763
1.98136283766
1.98136283765
1.98136283768
1.98136283766
1.98136283764
1.9813628377
1.98136283761
1.98136283771
1.98136283769
1.98136283768
1.98136283771
1.98136283767
1.98136283765
1.98136283766
1.98136283766
1.9821408791
1.9821408791
1.98214087908
1.98214087907
1.98214087911
1.9821408791
1.98214087911
1.9821408791
1.98214087905
1.98214087914
1.98214087905
1.98214087917
1.98214087912
1.98214087912
1.98214087914
1.98214087911
1.98214087909
1.98214087911
1.9821408791
1.98281528212
1.98281528212
1.98281528213
1.98281528211
1.98281528214
1.98281528214
1.98281528213
1.98281528214
1.98281528207
1.98281528216
1.98281528208
1.9828152822
1.98281528213
1.98281528214
1.98281528215
1.98281528215
1.98281528213
1.98281528213
1.98281528214
1.98300739506
1.98300739506
1.98300739508
1.98300739506
1.98300739509
1.98300739509
1.98300739507
1.98300739508
1.98300739501
1.9830073951
1.98300739502
1.98300739513
1.98300739507
1.98300739507
1.98300739509
1.9830073951
1.98300739509
1.98300739508
1.98300739508
1.98302959338
1.98302959338
1.98302959341
1.98302959338
1.98302959341
1.98302959341
1.98302959339
1.98302959341
1.98302959333
1.98302959342
1.98302959334
1.98302959345
1.98302959339
1.98302959339
1.9830295934
1.98302959342
1.98302959341
1.9830295934
1.98302959341
1.98302858439
1.98302858439
1.98302858443
1.9830285844
1.98302858443
1.98302858443
1.98302858441
1.98302858442
1.98302858436
1.98302858442
1.98302858436
1.98302858445
1.9830285844
1.9830285844
1.98302858441
1.98302858444
1.98302858443
1.98302858441
1.98302858442
1.9830222823
1.9830222823
1.98302228235
1.98302228231
1.98302228235
1.98302228235
1.98302228233
1.98302228234
1.98302228229
1.98302228233
1.98302228228
1.98302228234
1.9830222823
1.98302228231
1.98302228232
1.98302228236
1.98302228235
1.98302228233
1.98302228234
1.98300809976
1.98300809976
1.9830080998
1.98300809977
1.9830080998
1.9830080998
1.98300809979
1.9830080998
1.98300809976
1.98300809978
1.98300809974
1.98300809978
1.98300809975
1.98300809977
1.98300809978
1.98300809981
1.9830080998
1.98300809978
1.98300809979
1.98295680426
1.98295680426
1.98295680428
1.98295680426
1.9829568043
1.9829568043
1.98295680429
1.9829568043
1.98295680427
1.98295680428
1.98295680425
1.98295680427
1.98295680425
1.98295680427
1.98295680429
1.98295680431
1.98295680428
1.98295680428
1.98295680429
1.98288805157
1.98288805157
1.98288805157
1.98288805156
1.9828880516
1.98288805159
1.98288805159
1.9828880516
1.98288805157
1.98288805159
1.98288805155
1.98288805158
1.98288805156
1.98288805157
1.98288805159
1.9828880516
1.98288805157
1.98288805158
1.98288805159
1.98284574968
1.98284574968
1.98284574969
1.98284574967
1.98284574971
1.98284574971
1.9828457497
1.98284574972
1.98284574968
1.9828457497
1.98284574967
1.9828457497
1.98284574967
1.98284574969
1.98284574971
1.98284574971
1.98284574968
1.98284574969
1.9828457497
1.98283217958
1.98283217958
1.98283217959
1.98283217958
1.98283217961
1.98283217961
1.98283217961
1.98283217962
1.98283217959
1.98283217961
1.98283217957
1.9828321796
1.98283217957
1.98283217959
1.98283217961
1.98283217961
1.98283217958
1.9828321796
1.9828321796
1.98280793611
1.98280793611
1.98280793612
1.98280793611
1.98280793614
1.98280793614
1.98280793614
1.98280793615
1.98280793611
1.98280793614
1.9828079361
1.98280793614
1.98280793611
1.98280793612
1.98280793614
1.98280793614
1.98280793611
1.98280793613
1.98280793613
1.98277346881
1.98277346881
1.98277346882
1.98277346881
1.98277346884
1.98277346883
1.98277346884
1.98277346885
1.98277346881
1.98277346884
1.9827734688
1.98277346884
1.98277346881
1.98277346882
1.98277346884
1.98277346884
1.98277346881
1.98277346883
1.98277346883
1.9827248177
1.9827248177
1.9827248177
1.98272481769
1.98272481773
1.98272481772
1.98272481772
1.98272481773
1.9827248177
1.98272481773
1.98272481768
1.98272481773
1.98272481769
1.98272481771
1.98272481773
1.98272481773
1.9827248177
1.98272481771
1.98272481772
1.98268652719
1.98268652719
1.9826865272
1.98268652718
1.98268652722
1.98268652721
1.98268652721
1.98268652723
1.98268652719
1.98268652722
1.98268652718
1.98268652722
1.98268652719
1.9826865272
1.98268652722
1.98268652723
1.98268652719
1.98268652721
1.98268652721
1.98269030347
1.98269030347
1.98269030348
1.98269030347
1.9826903035
1.98269030349
1.9826903035
1.98269030351
1.98269030347
1.9826903035
1.98269030346
1.9826903035
1.98269030347
1.98269030349
1.98269030351
1.98269030351
1.98269030348
1.98269030349
1.9826903035
1.98272215795
1.98272215795
1.98272215796
1.98272215795
1.98272215798
1.98272215797
1.98272215798
1.98272215799
1.98272215796
1.98272215798
1.98272215794
1.98272215798
1.98272215795
1.98272215796
1.98272215798
1.98272215799
1.98272215796
1.98272215797
1.98272215798
1.98273963318
1.98273963318
1.98273963319
1.98273963317
1.98273963321
1.9827396332
1.98273963321
1.98273963322
1.98273963318
1.98273963321
1.98273963317
1.9827396332
1.98273963317
1.98273963319
1.98273963321
1.98273963322
1.98273963319
1.9827396332
1.9827396332
     fun: 1.9903417664071528
     jac: array([ -1.18762255e-05,   1.55255198e-04,  -1.45539641e-04,
        -4.15325165e-04,  -1.41248107e-04,   2.37524509e-04,
         6.47306442e-05,  -4.77731228e-05,   4.17381525e-05,
         7.48932362e-05,  -2.81482935e-05,  -1.15916133e-04,
         3.87132168e-05,   2.84299254e-04,   7.10040331e-05,
        -9.23424959e-05,  -5.29438257e-05])
 message: 'Optimization terminated successfully.'
    nfev: 1141
     nit: 60
    njev: 60
  status: 0
 success: True
       x: array([  1.48839968,   7.40183379,   7.50798719,   1.28521573,
         7.68876498,   7.67587271,   1.78287893,   8.71817156,
         6.20391932,   1.55850566,  19.17269964,   8.46832706,
         1.6791714 ,   6.6732398 ,   1.23327788,   7.22621184,   1.745984  ])

========================================================

Final result:
1.48839968414
7.40183378976
1.48839968414
7.50798719092
1.2852157305
7.68876497801
7.67587271421
1.78287892916
1.78287892916
8.71817155547
6.2039193189
1.55850566244
1.55850566244
19.1726996363
8.46832706198
1.67917139618
1.67917139618
1.67917139618
6.6732397969
1.23327788193
7.2262118416
1.74598400093
1.74598400093
1.74598400093
