4.83238246804
4.83238246804
4.83238246606
4.83238246738
4.83238246738
4.83238246737
4.83238246738
4.8323824674
4.83238246672
4.83238246739
4.83238246741
4.8323824674
4.8323824674
4.83238246743
4.83238246742
4.8323824674
4.83238246746
4.83238246743
4.83238246742
4.8323824674
4.83238246747
4.83238246638
4.763608371
4.763608371
4.76360836902
4.76360837034
4.76360837034
4.76360837033
4.76360837034
4.76360837036
4.76360836967
4.76360837035
4.76360837036
4.76360837036
4.76360837036
4.76360837039
4.76360837038
4.76360837036
4.76360837042
4.76360837039
4.76360837038
4.76360837036
4.76360837043
4.76360836934
4.42154560542
4.42154560542
4.42154560346
4.42154560476
4.42154560476
4.42154560475
4.42154560476
4.42154560478
4.4215456041
4.42154560476
4.42154560479
4.42154560477
4.42154560477
4.4215456048
4.42154560479
4.42154560477
4.42154560483
4.4215456048
4.4215456048
4.42154560478
4.42154560486
4.42154560378
2.78292489119
2.78292489119
2.78292488948
2.78292489061
2.78292489059
2.78292489057
2.78292489057
2.78292489061
2.78292488994
2.78292489055
2.78292489062
2.78292489055
2.78292489055
2.78292489056
2.78292489055
2.78292489055
2.78292489058
2.78292489055
2.78292489064
2.78292489062
2.7829248907
2.78292488977
5.88418781744
1.41036931281
1.41036931281
1.41036931386
1.41036931313
1.41036931302
1.41036931299
1.41036931292
1.41036931304
1.41036931304
1.4103693128
1.41036931303
1.41036931275
1.41036931274
1.41036931268
1.41036931267
1.41036931275
1.41036931263
1.41036931261
1.41036931308
1.41036931308
1.4103693131
1.4103693137
1.3778623096
1.3778623096
1.37786230954
1.37786230955
1.37786230945
1.37786230942
1.37786230937
1.37786230948
1.37786230915
1.37786230927
1.37786230947
1.37786230923
1.37786230922
1.37786230918
1.37786230916
1.37786230923
1.37786230916
1.37786230912
1.37786230952
1.37786230952
1.37786230957
1.37786230956
1.34214665399
1.34214665399
1.34214665441
1.3421466541
1.34214665399
1.34214665396
1.3421466539
1.34214665402
1.34214665382
1.34214665379
1.34214665401
1.34214665374
1.34214665374
1.34214665368
1.34214665367
1.34214665374
1.34214665365
1.34214665362
1.34214665406
1.34214665406
1.3421466541
1.34214665435
1.33683467299
1.33683467299
1.33683467343
1.33683467311
1.336834673
1.33683467297
1.3368346729
1.33683467303
1.33683467284
1.3368346728
1.33683467302
1.33683467275
1.33683467274
1.33683467269
1.33683467268
1.33683467275
1.33683467266
1.33683467263
1.33683467307
1.33683467307
1.3368346731
1.33683467337
1.30667061804
1.30667061804
1.30667061851
1.30667061817
1.30667061806
1.30667061804
1.30667061797
1.30667061809
1.30667061792
1.30667061787
1.30667061808
1.30667061782
1.30667061782
1.30667061776
1.30667061775
1.30667061783
1.30667061773
1.30667061771
1.30667061813
1.30667061813
1.30667061816
1.30667061843
1.17712049986
1.17712049986
1.17712050031
1.17712049998
1.17712049988
1.17712049985
1.17712049981
1.17712049989
1.17712049979
1.17712049973
1.17712049987
1.17712049969
1.17712049969
1.17712049965
1.17712049964
1.1771204997
1.17712049962
1.17712049961
1.17712049992
1.17712049992
1.17712049994
1.17712050011
1.07391794447
1.07391794447
1.07391794459
1.0739179445
1.07391794446
1.07391794445
1.07391794451
1.07391794439
1.07391794456
1.07391794453
1.07391794436
1.07391794453
1.07391794456
1.07391794457
1.0739179446
1.07391794457
1.07391794459
1.07391794464
1.07391794437
1.07391794438
1.07391794433
1.07391794403
1.04081544826
1.04081544826
1.04081544851
1.04081544833
1.04081544826
1.04081544825
1.04081544827
1.04081544822
1.04081544829
1.04081544826
1.04081544819
1.04081544824
1.04081544826
1.04081544825
1.04081544826
1.04081544827
1.04081544825
1.04081544828
1.04081544821
1.04081544822
1.0408154482
1.04081544806
1.04015105662
1.04015105662
1.04015105685
1.04015105668
1.04015105662
1.0401510566
1.04015105663
1.04015105657
1.04015105665
1.04015105661
1.04015105654
1.0401510566
1.04015105662
1.04015105661
1.04015105663
1.04015105663
1.04015105662
1.04015105664
1.04015105657
1.04015105658
1.04015105655
1.04015105641
1.03754303347
1.03754303347
1.03754303366
1.03754303352
1.03754303346
1.03754303344
1.03754303348
1.03754303341
1.0375430335
1.03754303347
1.03754303339
1.03754303346
1.03754303348
1.03754303347
1.03754303349
1.03754303348
1.03754303348
1.03754303351
1.03754303341
1.03754303342
1.03754303339
1.03754303324
1.03280510813
1.03280510813
1.03280510827
1.03280510817
1.03280510812
1.03280510811
1.03280510814
1.03280510808
1.03280510817
1.03280510814
1.03280510805
1.03280510813
1.03280510816
1.03280510816
1.03280510817
1.03280510816
1.03280510817
1.0328051082
1.03280510807
1.03280510808
1.03280510806
1.03280510792
1.0254590041
1.0254590041
1.02545900416
1.02545900412
1.02545900409
1.02545900407
1.02545900412
1.02545900405
1.02545900414
1.02545900412
1.02545900403
1.02545900411
1.02545900414
1.02545900414
1.02545900416
1.02545900414
1.02545900415
1.02545900419
1.02545900406
1.02545900406
1.02545900406
1.02545900396
1.01973526473
1.01973526473
1.01973526472
1.01973526472
1.0197352647
1.01973526469
1.01973526473
1.01973526468
1.01973526475
1.01973526473
1.01973526466
1.01973526473
1.01973526475
1.01973526475
1.01973526477
1.01973526475
1.01973526477
1.0197352648
1.0197352647
1.0197352647
1.01973526471
1.0197352647
1.01786633397
1.01786633397
1.01786633396
1.01786633396
1.01786633395
1.01786633393
1.01786633397
1.01786633394
1.01786633398
1.01786633396
1.01786633392
1.01786633396
1.01786633398
1.01786633398
1.01786633399
1.01786633398
1.01786633399
1.01786633402
1.01786633396
1.01786633396
1.01786633398
1.01786633401
1.01762839097
1.01762839097
1.01762839098
1.01762839097
1.01762839095
1.01762839093
1.01762839097
1.01762839094
1.01762839098
1.01762839096
1.01762839092
1.01762839095
1.01762839098
1.01762839097
1.01762839099
1.01762839098
1.01762839098
1.01762839101
1.01762839096
1.01762839096
1.01762839098
1.01762839102
1.01755680355
1.01755680355
1.01755680356
1.01755680355
1.01755680353
1.01755680352
1.01755680355
1.01755680352
1.01755680356
1.01755680354
1.0175568035
1.01755680353
1.01755680355
1.01755680355
1.01755680357
1.01755680356
1.01755680356
1.01755680359
1.01755680354
1.01755680354
1.01755680356
1.0175568036
1.01733954193
1.01733954193
1.01733954195
1.01733954193
1.01733954191
1.01733954189
1.01733954193
1.0173395419
1.01733954194
1.01733954192
1.01733954188
1.01733954191
1.01733954193
1.01733954193
1.01733954194
1.01733954193
1.01733954194
1.01733954196
1.01733954192
1.01733954192
1.01733954194
1.01733954198
1.01684072827
1.01684072827
1.0168407283
1.01684072827
1.01684072825
1.01684072823
1.01684072826
1.01684072824
1.01684072827
1.01684072825
1.01684072822
1.01684072824
1.01684072826
1.01684072826
1.01684072827
1.01684072827
1.01684072827
1.01684072829
1.01684072826
1.01684072826
1.01684072828
1.01684072831
1.01556880598
1.01556880598
1.01556880604
1.01556880599
1.01556880597
1.01556880595
1.01556880597
1.01556880595
1.01556880599
1.01556880596
1.01556880593
1.01556880595
1.01556880597
1.01556880596
1.01556880597
1.01556880597
1.01556880597
1.01556880599
1.01556880597
1.01556880597
1.01556880599
1.01556880601
1.01280591621
1.01280591621
1.01280591629
1.01280591623
1.0128059162
1.01280591618
1.0128059162
1.01280591619
1.01280591622
1.01280591618
1.01280591617
1.01280591617
1.01280591619
1.01280591618
1.01280591619
1.01280591619
1.01280591618
1.0128059162
1.0128059162
1.0128059162
1.01280591621
1.01280591623
1.007973392
1.007973392
1.0079733921
1.00797339203
1.00797339201
1.007973392
1.00797339201
1.00797339199
1.00797339204
1.00797339198
1.00797339198
1.00797339197
1.00797339198
1.00797339196
1.00797339197
1.00797339198
1.00797339197
1.00797339197
1.007973392
1.007973392
1.007973392
1.007973392
1.00282642257
1.00282642257
1.00282642263
1.00282642259
1.00282642257
1.00282642257
1.00282642258
1.00282642256
1.00282642262
1.00282642255
1.00282642255
1.00282642254
1.00282642254
1.00282642253
1.00282642253
1.00282642254
1.00282642253
1.00282642252
1.00282642256
1.00282642257
1.00282642256
1.00282642255
1.00034656011
1.00034656011
1.00034656012
1.00034656012
1.00034656012
1.00034656012
1.00034656013
1.00034656011
1.00034656018
1.00034656011
1.0003465601
1.00034656009
1.0003465601
1.00034656009
1.00034656009
1.0003465601
1.00034656009
1.00034656008
1.00034656011
1.00034656011
1.00034656011
1.0003465601
0.999909291789
0.999909291789
0.999909291773
0.999909291786
0.999909291794
0.999909291793
0.999909291809
0.999909291785
0.999909291858
0.999909291788
0.999909291778
0.999909291777
0.99990929178
0.999909291774
0.999909291773
0.999909291782
0.999909291779
0.999909291772
0.999909291786
0.999909291789
0.999909291787
0.999909291783
0.999854066727
0.999854066727
0.999854066707
0.999854066723
0.999854066731
0.99985406673
0.999854066747
0.999854066722
0.999854066795
0.999854066727
0.999854066715
0.999854066716
0.99985406672
0.999854066715
0.999854066714
0.999854066722
0.99985406672
0.999854066714
0.999854066724
0.999854066727
0.999854066726
0.999854066724
0.999791797585
0.999791797585
0.999791797563
0.99979179758
0.999791797588
0.999791797587
0.999791797604
0.99979179758
0.999791797651
0.999791797585
0.999791797572
0.999791797575
0.999791797578
0.999791797574
0.999791797573
0.999791797581
0.99979179758
0.999791797574
0.999791797582
0.999791797585
0.999791797584
0.999791797584
0.999603611138
0.999603611138
0.999603611111
0.999603611131
0.99960361114
0.999603611138
0.999603611156
0.999603611131
0.9996036112
0.999603611138
0.999603611123
0.999603611129
0.999603611133
0.999603611129
0.99960361113
0.999603611135
0.999603611136
0.999603611132
0.999603611134
0.999603611138
0.999603611138
0.99960361114
0.999167662697
0.999167662697
0.999167662664
0.999167662688
0.999167662696
0.999167662694
0.999167662712
0.999167662688
0.999167662752
0.999167662697
0.99916766268
0.999167662688
0.999167662694
0.999167662692
0.999167662693
0.999167662696
0.999167662699
0.999167662698
0.999167662693
0.999167662696
0.999167662698
0.999167662704
0.998163218901
0.998163218901
0.998163218863
0.99816321889
0.998163218897
0.998163218895
0.998163218912
0.99816321889
0.998163218942
0.998163218901
0.998163218882
0.998163218894
0.998163218901
0.998163218902
0.998163218904
0.998163218903
0.998163218912
0.998163218912
0.998163218896
0.998163218899
0.998163218903
0.998163218914
0.996348332293
0.996348332293
0.996348332254
0.996348332281
0.996348332287
0.996348332287
0.996348332297
0.996348332282
0.996348332313
0.996348332292
0.996348332273
0.996348332288
0.996348332295
0.996348332301
0.996348332304
0.996348332297
0.996348332314
0.996348332315
0.996348332289
0.996348332292
0.996348332297
0.996348332312
0.994228870563
0.994228870563
0.994228870535
0.994228870555
0.994228870559
0.994228870562
0.99422887056
0.994228870555
0.99422887056
0.994228870559
0.994228870548
0.994228870559
0.994228870564
0.994228870574
0.994228870576
0.994228870564
0.994228870589
0.994228870588
0.994228870561
0.994228870564
0.994228870567
0.99422887058
0.993072846873
0.993072846873
0.993072846863
0.993072846871
0.993072846874
0.993072846881
0.993072846869
0.99307284687
0.993072846864
0.993072846867
0.993072846866
0.993072846868
0.99307284687
0.993072846881
0.993072846879
0.993072846869
0.993072846896
0.993072846888
0.993072846873
0.993072846876
0.993072846875
0.993072846881
0.992844955128
0.992844955128
0.992844955127
0.992844955128
0.992844955131
0.99284495514
0.992844955126
0.992844955127
0.992844955124
0.992844955121
0.992844955124
0.992844955121
0.992844955121
0.992844955131
0.992844955128
0.992844955121
0.992844955145
0.992844955134
0.992844955129
0.992844955132
0.992844955128
0.992844955128
0.992828202739
0.992828202739
0.992828202739
0.99282820274
0.992828202743
0.992828202752
0.992828202738
0.992828202739
0.992828202738
0.992828202732
0.992828202736
0.992828202732
0.992828202732
0.992828202741
0.992828202738
0.992828202731
0.992828202755
0.992828202743
0.99282820274
0.992828202743
0.992828202739
0.992828202738
0.992824003161
0.992824003161
0.992824003161
0.992824003161
0.992824003165
0.992824003173
0.992824003159
0.992824003161
0.99282400316
0.992824003153
0.992824003158
0.992824003154
0.992824003153
0.992824003163
0.992824003159
0.992824003153
0.992824003176
0.992824003164
0.992824003162
0.992824003165
0.992824003161
0.99282400316
0.992807700236
0.992807700236
0.992807700236
0.992807700237
0.992807700241
0.992807700249
0.992807700236
0.992807700236
0.992807700238
0.992807700229
0.992807700233
0.992807700229
0.992807700229
0.992807700238
0.992807700234
0.992807700228
0.992807700251
0.992807700239
0.992807700237
0.99280770024
0.992807700236
0.992807700235
0.992772200393
0.992772200393
0.992772200393
0.992772200394
0.992772200397
0.992772200405
0.992772200393
0.992772200393
0.992772200396
0.992772200386
0.99277220039
0.992772200385
0.992772200385
0.992772200393
0.99277220039
0.992772200385
0.992772200406
0.992772200394
0.992772200393
0.992772200396
0.992772200392
0.992772200391
0.992675129746
0.992675129746
0.992675129746
0.992675129747
0.992675129751
0.992675129758
0.992675129747
0.992675129746
0.992675129754
0.992675129739
0.992675129743
0.992675129738
0.992675129738
0.992675129745
0.992675129742
0.992675129739
0.992675129757
0.992675129745
0.992675129746
0.992675129749
0.992675129745
0.992675129743
0.99245061198
0.99245061198
0.99245061198
0.992450611981
0.992450611985
0.992450611992
0.992450611984
0.992450611981
0.992450611994
0.992450611974
0.992450611978
0.992450611971
0.992450611973
0.992450611977
0.992450611975
0.992450611974
0.992450611987
0.992450611977
0.99245061198
0.992450611983
0.992450611979
0.992450611976
0.991981486283
0.991981486283
0.991981486283
0.991981486284
0.991981486289
0.991981486294
0.991981486289
0.991981486284
0.991981486303
0.991981486279
0.991981486283
0.991981486273
0.991981486278
0.991981486277
0.991981486276
0.991981486281
0.991981486284
0.991981486278
0.991981486283
0.991981486285
0.991981486282
0.991981486278
0.991273882533
0.991273882533
0.991273882532
0.991273882534
0.991273882538
0.991273882541
0.991273882539
0.991273882534
0.991273882554
0.991273882529
0.991273882535
0.991273882521
0.991273882531
0.991273882523
0.991273882526
0.991273882538
0.991273882526
0.991273882528
0.991273882532
0.991273882532
0.991273882531
0.991273882528
0.990680496884
0.990680496884
0.990680496883
0.990680496884
0.990680496888
0.990680496891
0.990680496888
0.990680496886
0.990680496897
0.990680496881
0.990680496888
0.990680496871
0.990680496886
0.990680496874
0.990680496881
0.990680496895
0.990680496875
0.990680496883
0.990680496882
0.990680496881
0.990680496883
0.990680496881
0.990478134676
0.990478134676
0.990478134675
0.990478134676
0.990478134679
0.990478134682
0.990478134677
0.990478134678
0.990478134679
0.990478134672
0.990478134681
0.990478134664
0.990478134679
0.990478134668
0.990478134676
0.990478134689
0.99047813467
0.99047813468
0.990478134674
0.990478134672
0.990478134675
0.990478134675
0.990453245264
0.990453245264
0.990453245263
0.990453245264
0.990453245266
0.99045324527
0.990453245263
0.990453245265
0.990453245263
0.99045324526
0.990453245268
0.990453245252
0.990453245267
0.990453245258
0.990453245265
0.990453245277
0.99045324526
0.990453245269
0.990453245262
0.990453245261
0.990453245264
0.990453245264
0.99044984152
0.99044984152
0.990449841518
0.99044984152
0.990449841522
0.990449841526
0.990449841519
0.990449841521
0.990449841519
0.990449841515
0.990449841524
0.990449841508
0.990449841523
0.990449841514
0.99044984152
0.990449841532
0.990449841516
0.990449841525
0.990449841518
0.990449841516
0.990449841519
0.99044984152
0.990443615926
0.990443615926
0.990443615925
0.990443615926
0.990443615928
0.990443615933
0.990443615925
0.990443615927
0.990443615925
0.990443615922
0.99044361593
0.990443615915
0.990443615929
0.99044361592
0.990443615927
0.990443615938
0.990443615923
0.990443615932
0.990443615924
0.990443615923
0.990443615926
0.990443615926
0.990427090262
0.990427090262
0.990427090261
0.990427090262
0.990427090264
0.990427090269
0.990427090261
0.990427090263
0.99042709026
0.990427090258
0.990427090266
0.990427090251
0.990427090265
0.990427090257
0.990427090263
0.990427090273
0.99042709026
0.990427090268
0.990427090261
0.990427090259
0.990427090262
0.990427090262
0.990385523608
0.990385523608
0.990385523607
0.990385523608
0.99038552361
0.990385523614
0.990385523606
0.990385523609
0.990385523604
0.990385523603
0.990385523611
0.990385523597
0.99038552361
0.990385523604
0.990385523609
0.990385523618
0.990385523608
0.990385523614
0.990385523606
0.990385523605
0.990385523607
0.990385523608
0.990283113401
0.990283113401
0.9902831134
0.990283113401
0.990283113403
0.990283113408
0.990283113399
0.990283113402
0.990283113396
0.990283113396
0.990283113404
0.990283113392
0.990283113402
0.990283113398
0.990283113402
0.990283113409
0.990283113404
0.990283113407
0.9902831134
0.990283113399
0.990283113401
0.990283113402
0.990056998504
0.990056998504
0.990056998504
0.990056998505
0.990056998506
0.99005699851
0.990056998502
0.990056998505
0.990056998498
0.9900569985
0.990056998506
0.990056998498
0.990056998504
0.990056998504
0.990056998506
0.990056998509
0.990056998512
0.990056998509
0.990056998503
0.990056998503
0.990056998505
0.990056998506
0.989664502282
0.989664502282
0.989664502283
0.989664502282
0.989664502283
0.989664502286
0.98966450228
0.989664502282
0.989664502275
0.989664502278
0.989664502283
0.989664502279
0.98966450228
0.989664502285
0.989664502283
0.989664502283
0.989664502294
0.989664502285
0.989664502281
0.989664502281
0.989664502283
0.989664502284
0.989245821148
0.989245821148
0.989245821149
0.989245821148
0.989245821148
0.989245821149
0.989245821146
0.989245821147
0.989245821143
0.989245821146
0.989245821149
0.989245821149
0.989245821146
0.989245821153
0.989245821148
0.989245821147
0.98924582116
0.989245821147
0.989245821146
0.989245821145
0.989245821148
0.989245821151
0.989044408246
0.989044408246
0.989044408247
0.989044408246
0.989044408245
0.989044408244
0.989044408246
0.989044408245
0.989044408245
0.989044408245
0.989044408249
0.989044408247
0.989044408245
0.989044408249
0.989044408245
0.989044408246
0.989044408255
0.989044408242
0.989044408244
0.989044408242
0.989044408246
0.989044408248
0.989010346141
0.989010346141
0.989010346142
0.989010346141
0.98901034614
0.989010346139
0.989010346141
0.989010346141
0.989010346142
0.98901034614
0.989010346144
0.989010346142
0.989010346141
0.989010346143
0.989010346139
0.989010346143
0.989010346147
0.989010346137
0.989010346138
0.989010346136
0.989010346141
0.989010346143
0.989008048968
0.989008048968
0.989008048968
0.989008048967
0.989008048967
0.989008048965
0.989008048968
0.989008048967
0.989008048968
0.989008048967
0.989008048971
0.989008048968
0.989008048967
0.989008048969
0.989008048966
0.98900804897
0.989008048973
0.989008048963
0.989008048965
0.989008048962
0.989008048967
0.989008048969
     fun: 0.9890080489675618
     jac: array([  6.03348017e-05,  -7.87526369e-06,  -5.92321157e-05,
        -1.47916377e-04,   5.43892384e-07,  -4.06429172e-05,
         3.88547778e-05,  -5.35696745e-05,   2.09204853e-04,
        -3.78489494e-06,  -3.41311097e-05,   8.14124942e-05,
        -1.21496618e-04,   1.75416470e-04,   3.61815095e-04,
        -3.04274261e-04,  -2.02588737e-04,  -3.42249870e-04,
        -1.50874257e-05,   1.01909041e-04])
 message: 'Optimization terminated successfully.'
    nfev: 1299
     nit: 59
    njev: 59
  status: 0
 success: True
       x: array([ 3.04855857,  1.60184719,  3.65989191,  3.84825396,  3.46018207,
        5.89427255,  3.50247369,  7.29598428,  8.62725263,  9.76838134,
        6.477389  ,  6.54763704,  5.31986232,  5.1030472 ,  2.94270853,
        2.2899581 ,  4.04717876,  3.23227224,  1.88360442,  3.71106966])

========================================================

Final result:
3.04855856682
3.04855856682
1.60184719189
3.04855856682
3.65989191091
3.84825395953
3.4601820657
5.89427254681
3.50247369196
3.50247369196
7.29598427763
8.62725262628
9.76838133951
6.47738900011
6.54763704036
5.31986231661
5.10304720133
2.94270852775
2.28995809945
4.04717875692
3.23227224462
1.88360441689
3.7110696562
3.7110696562
3.7110696562
