10.8295811195
10.8295811195
10.829581118
10.8295811181
10.8295811183
10.829581116
10.829581118
10.829581118
10.8295811183
10.8295811161
10.8295811179
10.8295811179
10.8295811179
10.8295811179
10.8295811179
10.8295811179
10.8295811164
10.829581118
10.829581118
10.8295811181
10.8295811182
10.8295811171
10.4794658189
10.4794658189
10.4794658175
10.4794658176
10.4794658177
10.4794658155
10.4794658175
10.4794658174
10.4794658177
10.4794658156
10.4794658174
10.4794658174
10.4794658174
10.4794658173
10.4794658174
10.4794658174
10.4794658159
10.4794658175
10.4794658175
10.4794658176
10.4794658177
10.4794658166
8.75732922691
8.75732922691
8.75732922549
8.75732922552
8.75732922575
8.75732922366
8.75732922549
8.75732922544
8.75732922577
8.75732922375
8.75732922536
8.75732922534
8.75732922534
8.7573292253
8.7573292254
8.7573292254
8.75732922391
8.75732922549
8.75732922546
8.75732922552
8.75732922564
8.75732922456
3.00343637166
3.00343637166
3.0034363716
3.00343637129
3.00343637221
3.00343637384
3.00343637175
3.0034363717
3.00343637227
3.003436374
3.00343637151
3.00343637159
3.00343637139
3.00343637126
3.00343637152
3.00343637143
3.00343637164
3.00343637133
3.00343637128
3.00343637109
3.00343637157
3.0034363718
3.0401295285
2.9460455964
2.9460455964
2.94604559603
2.94604559574
2.94604559664
2.9460455977
2.94604559617
2.94604559611
2.94604559671
2.94604559787
2.94604559591
2.94604559599
2.9460455958
2.94604559567
2.94604559593
2.94604559585
2.94604559573
2.94604559578
2.94604559571
2.94604559556
2.94604559604
2.94604559603
2.89126699519
2.89126699519
2.89126699482
2.89126699454
2.89126699542
2.89126699643
2.89126699496
2.89126699491
2.89126699549
2.89126699661
2.89126699472
2.89126699479
2.89126699461
2.89126699449
2.89126699476
2.89126699465
2.89126699459
2.89126699461
2.89126699451
2.89126699438
2.89126699487
2.89126699489
2.65610709407
2.65610709407
2.65610709369
2.65610709341
2.65610709422
2.656107095
2.65610709383
2.6561070938
2.65610709428
2.65610709515
2.65610709364
2.65610709373
2.65610709358
2.65610709347
2.65610709379
2.65610709356
2.65610709383
2.65610709363
2.65610709341
2.65610709337
2.65610709391
2.65610709411
2.40232758972
2.40232758972
2.40232758938
2.40232758923
2.4023275894
2.40232758882
2.40232758947
2.40232758959
2.40232758942
2.40232758886
2.40232758963
2.40232758974
2.40232758979
2.4023275898
2.40232759022
2.4023275895
2.40232759121
2.40232759006
2.40232758933
2.40232758977
2.40232759034
2.40232759129
2.3212121422
2.3212121422
2.32121214183
2.32121214164
2.321212142
2.3212121418
2.32121214194
2.32121214203
2.32121214204
2.32121214188
2.32121214201
2.32121214211
2.3212121421
2.32121214208
2.32121214248
2.32121214188
2.32121214321
2.32121214231
2.32121214171
2.32121214202
2.32121214259
2.32121214333
2.29634383272
2.29634383272
2.29634383235
2.29634383215
2.29634383254
2.29634383241
2.29634383247
2.29634383255
2.29634383258
2.29634383249
2.29634383252
2.29634383262
2.2963438326
2.29634383258
2.29634383296
2.29634383239
2.29634383364
2.29634383278
2.29634383221
2.29634383249
2.29634383305
2.29634383373
2.17205746983
2.17205746983
2.17205746954
2.17205746935
2.17205746973
2.17205746972
2.17205746966
2.17205746976
2.17205746977
2.1720574698
2.17205746968
2.17205746979
2.17205746973
2.17205746973
2.17205746999
2.17205746955
2.17205747054
2.17205746978
2.17205746937
2.17205746954
2.17205746996
2.17205747036
2.0288788435
2.0288788435
2.02887884352
2.02887884343
2.02887884354
2.02887884367
2.02887884361
2.02887884379
2.02887884357
2.02887884373
2.02887884363
2.02887884373
2.02887884361
2.02887884373
2.02887884353
2.0288788435
2.02887884373
2.02887884323
2.02887884333
2.02887884318
2.02887884306
2.02887884262
2.01476192812
2.01476192812
2.0147619281
2.01476192801
2.0147619281
2.01476192809
2.01476192819
2.01476192837
2.01476192813
2.01476192815
2.01476192823
2.01476192833
2.01476192824
2.01476192835
2.01476192821
2.0147619281
2.01476192851
2.01476192793
2.01476192792
2.01476192786
2.01476192781
2.01476192753
2.00735688989
2.00735688989
2.00735688987
2.00735688978
2.00735688984
2.00735688976
2.00735688995
2.00735689014
2.00735688987
2.00735688982
2.00735689001
2.00735689011
2.00735689004
2.00735689015
2.00735689003
2.00735688988
2.00735689038
2.00735688976
2.0073568897
2.00735688969
2.00735688966
2.00735688948
1.99155636801
1.99155636801
1.99155636797
1.9915563679
1.99155636791
1.9915563677
1.99155636805
1.99155636825
1.99155636794
1.99155636777
1.99155636813
1.99155636823
1.99155636818
1.99155636829
1.99155636819
1.991556368
1.99155636856
1.99155636797
1.99155636783
1.9915563679
1.99155636791
1.99155636788
1.96655191312
1.96655191312
1.96655191308
1.96655191303
1.96655191299
1.96655191268
1.96655191315
1.96655191334
1.96655191303
1.96655191279
1.96655191324
1.96655191332
1.96655191329
1.96655191341
1.96655191331
1.96655191311
1.96655191362
1.96655191318
1.96655191295
1.96655191312
1.96655191318
1.96655191335
1.93918804201
1.93918804201
1.93918804198
1.93918804195
1.93918804189
1.93918804159
1.93918804205
1.93918804222
1.93918804194
1.93918804176
1.9391880421
1.93918804216
1.93918804214
1.93918804226
1.93918804212
1.93918804199
1.93918804222
1.9391880421
1.93918804184
1.93918804209
1.93918804216
1.93918804246
1.92521189557
1.92521189557
1.92521189557
1.92521189554
1.92521189551
1.92521189536
1.92521189562
1.92521189579
1.92521189557
1.92521189555
1.92521189564
1.92521189568
1.92521189564
1.92521189576
1.92521189557
1.92521189554
1.92521189547
1.92521189561
1.9252118954
1.92521189562
1.92521189568
1.92521189594
1.92151629416
1.92151629416
1.92151629416
1.92151629413
1.92151629413
1.92151629407
1.92151629422
1.92151629437
1.92151629418
1.92151629425
1.92151629421
1.92151629425
1.9215162942
1.92151629432
1.9215162941
1.92151629411
1.92151629393
1.92151629414
1.92151629398
1.92151629417
1.92151629419
1.92151629438
1.91974382575
1.91974382575
1.91974382575
1.91974382572
1.91974382574
1.91974382573
1.91974382581
1.91974382596
1.91974382579
1.91974382589
1.9197438258
1.91974382584
1.91974382578
1.91974382589
1.91974382568
1.9197438257
1.91974382549
1.9197438257
1.91974382556
1.91974382573
1.91974382574
1.91974382588
1.91603522036
1.91603522036
1.91603522038
1.91603522034
1.91603522039
1.91603522046
1.91603522042
1.91603522056
1.91603522042
1.91603522056
1.9160352204
1.91603522044
1.91603522038
1.91603522048
1.91603522027
1.91603522031
1.91603522007
1.91603522028
1.91603522017
1.91603522031
1.9160352203
1.91603522035
1.90980830508
1.90980830508
1.90980830511
1.90980830507
1.90980830515
1.90980830535
1.90980830513
1.90980830526
1.90980830515
1.90980830533
1.90980830512
1.90980830515
1.90980830508
1.90980830517
1.90980830498
1.90980830502
1.90980830479
1.90980830496
1.90980830489
1.90980830501
1.90980830495
1.9098083049
1.89987545998
1.89987545998
1.89987546002
1.89987545998
1.89987546009
1.89987546038
1.89987545999
1.89987546009
1.89987546002
1.89987546017
1.89987546
1.89987546001
1.89987545995
1.89987546
1.89987545988
1.8998754599
1.89987545974
1.89987545986
1.89987545979
1.89987545992
1.8998754598
1.89987545966
1.88980304618
1.88980304618
1.88980304624
1.8898030462
1.8898030463
1.88980304661
1.88980304616
1.88980304624
1.88980304619
1.88980304625
1.8898030462
1.88980304619
1.88980304616
1.88980304618
1.88980304615
1.8898030461
1.88980304611
1.88980304614
1.88980304601
1.88980304621
1.88980304606
1.88980304593
1.88480929868
1.88480929868
1.88480929871
1.88480929869
1.88480929875
1.88480929894
1.88480929863
1.88480929869
1.88480929864
1.88480929859
1.88480929868
1.88480929866
1.88480929867
1.88480929867
1.88480929869
1.8848092986
1.8848092987
1.88480929871
1.88480929852
1.88480929878
1.88480929864
1.88480929859
1.88363204228
1.88363204228
1.8836320423
1.88363204229
1.88363204232
1.88363204245
1.88363204224
1.8836320423
1.88363204224
1.88363204218
1.88363204228
1.88363204226
1.88363204228
1.88363204229
1.88363204231
1.88363204221
1.88363204235
1.88363204234
1.88363204213
1.88363204242
1.88363204229
1.8836320423
1.88302766221
1.88302766221
1.88302766222
1.88302766221
1.88302766222
1.88302766228
1.88302766217
1.88302766224
1.88302766217
1.88302766212
1.88302766221
1.88302766218
1.88302766221
1.88302766222
1.88302766224
1.88302766214
1.88302766228
1.88302766228
1.88302766206
1.88302766235
1.88302766223
1.88302766227
1.88261949101
1.88261949101
1.88261949101
1.88261949101
1.882619491
1.88261949097
1.882619491
1.88261949107
1.88261949101
1.88261949103
1.88261949101
1.88261949098
1.88261949103
1.88261949104
1.88261949106
1.88261949096
1.8826194911
1.88261949109
1.88261949089
1.88261949116
1.88261949105
1.88261949111
1.88269908593
1.88269908593
1.88269908591
1.88269908591
1.88269908588
1.88269908578
1.88269908594
1.882699086
1.88269908596
1.88269908606
1.88269908591
1.88269908588
1.88269908594
1.88269908594
1.88269908597
1.88269908589
1.88269908601
1.882699086
1.88269908581
1.88269908607
1.88269908596
1.88269908599
1.88313865743
1.88313865743
1.88313865739
1.8831386574
1.88313865737
1.88313865725
1.88313865745
1.8831386575
1.88313865748
1.88313865765
1.8831386574
1.88313865737
1.88313865743
1.88313865743
1.88313865746
1.88313865739
1.8831386575
1.88313865748
1.88313865732
1.88313865755
1.88313865743
1.88313865744
1.88341803541
1.88341803541
1.88341803537
1.88341803537
1.88341803535
1.88341803524
1.88341803543
1.88341803548
1.88341803548
1.88341803568
1.88341803538
1.88341803534
1.8834180354
1.88341803539
1.88341803543
1.88341803537
1.88341803547
1.88341803545
1.8834180353
1.88341803552
1.88341803539
1.88341803537
1.88372448672
1.88372448672
1.8837244867
1.88372448669
1.88372448668
1.88372448661
1.88372448676
1.8837244868
1.88372448681
1.88372448704
1.88372448669
1.88372448666
1.88372448671
1.8837244867
1.88372448674
1.88372448669
1.88372448678
1.88372448675
1.88372448662
1.88372448681
1.88372448668
1.88372448662
1.88394340707
1.88394340707
1.88394340705
1.88394340704
1.88394340705
1.88394340702
1.8839434071
1.88394340715
1.88394340716
1.88394340741
1.88394340704
1.88394340701
1.88394340705
1.88394340702
1.88394340707
1.88394340703
1.88394340711
1.88394340706
1.88394340696
1.88394340712
1.88394340699
1.8839434069
1.88348314521
1.88348314521
1.88348314521
1.88348314519
1.88348314522
1.88348314526
1.88348314525
1.8834831453
1.88348314529
1.88348314553
1.88348314519
1.88348314516
1.88348314518
1.88348314514
1.8834831452
1.88348314516
1.88348314524
1.88348314518
1.88348314509
1.88348314522
1.88348314511
1.883483145
1.8818468842
1.8818468842
1.88184688422
1.88184688419
1.88184688423
1.8818468843
1.88184688424
1.8818468843
1.88184688426
1.88184688442
1.88184688421
1.88184688418
1.88184688417
1.88184688412
1.88184688419
1.88184688415
1.88184688423
1.88184688417
1.88184688407
1.88184688418
1.88184688413
1.88184688406
1.88075030001
1.88075030001
1.88075030005
1.88075030001
1.88075030004
1.88075030008
1.88075030005
1.88075030013
1.88075030005
1.88075030013
1.88075030004
1.88075030002
1.8807503
1.88075029995
1.88075030002
1.88075029997
1.88075030006
1.8807503
1.88075029988
1.8807503
1.8807503
1.8807503
1.88039574975
1.88039574975
1.88039574978
1.88039574975
1.88039574977
1.88039574977
1.88039574978
1.88039574987
1.88039574978
1.88039574983
1.88039574978
1.88039574976
1.88039574975
1.8803957497
1.88039574976
1.88039574971
1.8803957498
1.88039574976
1.88039574962
1.88039574975
1.88039574976
1.8803957498
1.88024187977
1.88024187977
1.88024187979
1.88024187976
1.88024187978
1.88024187977
1.8802418798
1.88024187988
1.88024187979
1.88024187984
1.88024187979
1.88024187978
1.88024187976
1.88024187972
1.88024187978
1.88024187972
1.88024187981
1.88024187977
1.88024187963
1.88024187977
1.88024187978
1.88024187982
1.880080448
1.880080448
1.88008044802
1.88008044799
1.880080448
1.88008044799
1.88008044803
1.88008044812
1.88008044802
1.88008044807
1.88008044802
1.88008044801
1.880080448
1.88008044796
1.88008044802
1.88008044796
1.88008044805
1.88008044801
1.88008044787
1.88008044801
1.88008044802
1.88008044807
1.87993415749
1.87993415749
1.87993415751
1.87993415748
1.87993415749
1.87993415746
1.87993415752
1.8799341576
1.87993415751
1.87993415756
1.87993415751
1.8799341575
1.87993415749
1.87993415746
1.87993415751
1.87993415744
1.87993415754
1.87993415751
1.87993415736
1.87993415751
1.87993415751
1.87993415758
1.8800437944
1.8800437944
1.88004379441
1.88004379438
1.88004379438
1.88004379434
1.88004379442
1.88004379451
1.88004379442
1.88004379447
1.88004379441
1.8800437944
1.8800437944
1.88004379438
1.88004379442
1.88004379435
1.88004379445
1.88004379443
1.88004379426
1.88004379443
1.88004379443
1.8800437945
1.88078875631
1.88078875631
1.88078875632
1.88078875628
1.8807887563
1.88078875625
1.88078875634
1.88078875642
1.88078875634
1.88078875639
1.88078875633
1.88078875631
1.88078875632
1.88078875632
1.88078875634
1.88078875627
1.88078875637
1.88078875636
1.88078875617
1.88078875637
1.88078875635
1.88078875642
1.88185824713
1.88185824713
1.88185824714
1.88185824709
1.88185824712
1.88185824709
1.88185824716
1.88185824723
1.88185824716
1.88185824722
1.88185824715
1.88185824713
1.88185824714
1.88185824715
1.88185824716
1.88185824708
1.88185824718
1.88185824717
1.88185824698
1.88185824718
1.88185824717
1.88185824722
1.88225955177
1.88225955177
1.88225955177
1.88225955173
1.88225955177
1.88225955176
1.88225955179
1.88225955186
1.88225955179
1.88225955186
1.88225955179
1.88225955177
1.88225955177
1.88225955178
1.88225955179
1.88225955171
1.88225955181
1.8822595518
1.88225955161
1.88225955181
1.88225955179
1.88225955182
1.88215362079
1.88215362079
1.8821536208
1.88215362075
1.8821536208
1.88215362081
1.88215362081
1.88215362089
1.88215362081
1.88215362088
1.88215362081
1.88215362079
1.8821536208
1.88215362079
1.88215362081
1.88215362074
1.88215362083
1.88215362082
1.88215362063
1.88215362082
1.88215362081
1.88215362083
1.88206995569
1.88206995569
1.88206995571
1.88206995566
1.8820699557
1.88206995571
1.88206995572
1.88206995579
1.88206995572
1.88206995579
1.88206995571
1.8820699557
1.8820699557
1.8820699557
1.88206995571
1.88206995564
1.88206995573
1.88206995572
1.88206995553
1.88206995572
1.88206995571
1.88206995573
1.8819973847
1.8819973847
1.88199738471
1.88199738466
1.88199738471
1.88199738472
1.88199738472
1.8819973848
1.88199738472
1.88199738479
1.88199738472
1.8819973847
1.88199738471
1.8819973847
1.88199738472
1.88199738465
1.88199738474
1.88199738473
1.88199738454
1.88199738473
1.88199738471
1.88199738474
1.88181483602
1.88181483602
1.88181483603
1.88181483598
1.88181483603
1.88181483604
1.88181483604
1.88181483612
1.88181483604
1.88181483611
1.88181483604
1.88181483602
1.88181483602
1.88181483602
1.88181483603
1.88181483596
1.88181483606
1.88181483604
1.88181483586
1.88181483605
1.88181483603
1.88181483606
1.88149961681
1.88149961681
1.88149961683
1.88149961678
1.88149961682
1.88149961683
1.88149961683
1.88149961691
1.88149961684
1.8814996169
1.88149961683
1.88149961681
1.88149961682
1.88149961681
1.88149961683
1.88149961676
1.88149961685
1.88149961683
1.88149961666
1.88149961684
1.88149961682
1.88149961685
1.88095728398
1.88095728398
1.88095728399
1.88095728395
1.88095728399
1.880957284
1.880957284
1.88095728408
1.880957284
1.88095728407
1.880957284
1.88095728398
1.88095728398
1.88095728398
1.880957284
1.88095728393
1.88095728402
1.880957284
1.88095728383
1.880957284
1.88095728399
1.88095728402
1.88033613655
1.88033613655
1.88033613657
1.88033613652
1.88033613656
1.88033613658
1.88033613657
1.88033613665
1.88033613658
1.88033613664
1.88033613657
1.88033613655
1.88033613656
1.88033613655
1.88033613657
1.8803361365
1.88033613659
1.88033613657
1.8803361364
1.88033613657
1.88033613656
1.88033613659
1.88003555657
1.88003555657
1.88003555658
1.88003555654
1.88003555658
1.88003555659
1.88003555659
1.88003555666
1.8800355566
1.88003555666
1.88003555659
1.88003555657
1.88003555658
1.88003555658
1.88003555659
1.88003555652
1.88003555661
1.88003555659
1.88003555642
1.88003555659
1.88003555658
1.88003555661
1.88013123999
1.88013123999
1.88013124001
1.88013123996
1.88013124
1.88013124001
1.88013124001
1.88013124009
1.88013124002
1.88013124009
1.88013124001
1.88013123999
1.88013124
1.88013124
1.88013124001
1.88013123994
1.88013124003
1.88013124001
1.88013123985
1.88013124002
1.88013124001
1.88013124004
1.88024378487
1.88024378487
1.88024378488
1.88024378484
1.88024378488
1.88024378489
1.88024378489
1.88024378496
1.88024378489
1.88024378496
1.88024378489
1.88024378486
1.88024378488
1.88024378488
1.88024378489
1.88024378482
1.88024378491
1.88024378489
1.88024378472
1.88024378489
1.88024378488
1.88024378491
1.88032453616
1.88032453616
1.88032453618
1.88032453613
1.88032453617
1.88032453618
1.88032453619
1.88032453626
1.88032453619
1.88032453626
1.88032453618
1.88032453616
1.88032453617
1.88032453617
1.88032453618
1.88032453611
1.88032453621
1.88032453619
1.88032453602
1.88032453619
1.88032453618
1.88032453621
1.88048569165
1.88048569165
1.88048569167
1.88048569162
1.88048569166
1.88048569167
1.88048569168
1.88048569175
1.88048569168
1.88048569175
1.88048569167
1.88048569165
1.88048569166
1.88048569166
1.88048569167
1.8804856916
1.88048569169
1.88048569168
1.8804856915
1.88048569168
1.88048569167
1.8804856917
1.8807191826
1.8807191826
1.88071918261
1.88071918256
1.88071918261
1.88071918261
1.88071918262
1.88071918269
1.88071918262
1.88071918269
1.88071918262
1.88071918259
1.8807191826
1.88071918261
1.88071918262
1.88071918254
1.88071918264
1.88071918262
1.88071918245
1.88071918263
1.88071918261
1.88071918264
1.88101793506
1.88101793506
1.88101793507
1.88101793502
1.88101793507
1.88101793507
1.88101793508
1.88101793515
1.88101793508
1.88101793515
1.88101793508
1.88101793506
1.88101793507
1.88101793507
1.88101793508
1.88101793501
1.8810179351
1.88101793508
1.88101793491
1.88101793509
1.88101793507
1.8810179351
1.88118402034
1.88118402034
1.88118402035
1.8811840203
1.88118402034
1.88118402035
1.88118402036
1.88118402043
1.88118402036
1.88118402043
1.88118402036
1.88118402034
1.88118402034
1.88118402034
1.88118402035
1.88118402028
1.88118402038
1.88118402036
1.88118402018
1.88118402037
1.88118402035
1.88118402038
1.8810622862
1.8810622862
1.88106228622
1.88106228617
1.88106228621
1.88106228622
1.88106228623
1.8810622863
1.88106228623
1.8810622863
1.88106228622
1.88106228621
1.88106228621
1.88106228621
1.88106228622
1.88106228615
1.88106228624
1.88106228623
1.88106228605
1.88106228624
1.88106228622
1.88106228625
1.880876341
1.880876341
1.88087634101
1.88087634097
1.88087634101
1.88087634102
1.88087634102
1.8808763411
1.88087634102
1.88087634109
1.88087634102
1.880876341
1.88087634101
1.880876341
1.88087634102
1.88087634095
1.88087634104
1.88087634102
1.88087634085
1.88087634103
1.88087634101
1.88087634104
     fun: 1.9310875233670377
     jac: array([  1.54972076e-06,  -7.65174627e-05,   2.47657299e-05,
        -3.18586826e-05,  -1.36792660e-05,  -3.16649675e-05,
         3.30507755e-05,  -1.80304050e-06,   2.12490559e-05,
         8.32527876e-05,  -4.75198030e-05,   3.08454037e-06,
        -1.95950270e-05,   4.76837158e-06,   1.80304050e-06,
        -1.19954348e-05,   8.80658627e-06,   7.21365213e-05,
        -4.69386578e-06,   9.62615013e-06])
 message: 'Optimization terminated successfully.'
    nfev: 1343
     nit: 61
    njev: 61
  status: 0
 success: True
       x: array([ 7.41418664,  6.5788096 ,  7.74997215,  1.84818598,  7.52554844,
        2.57714427,  4.93110424,  2.6804658 ,  6.84493475,  1.43489042,
        7.45897474,  2.0347296 ,  1.53426891,  3.50131495,  3.92247327,
        7.82190068,  6.95886222,  7.36364127,  7.90929265,  1.21420805])

========================================================

Final result:
7.41418664053
6.57880959905
7.74997215221
1.84818598402
1.84818598402
1.84818598402
6.84493474904
1.43489042296
7.45897474281
2.03472960497
1.53426891317
3.50131494937
3.92247326907
3.92247326907
7.82190067563
6.95886222451
7.36364126782
7.90929265249
1.21420805114
1.21420805114
7.5255484425
2.57714427368
4.93110424364
2.68046579939
2.68046579939
2.68046579939
