7.473532931673275e-07
7.473532931673275e-07
7.473532935568199e-07
7.473532934709658e-07
7.473532934932326e-07
7.473532940815166e-07
7.473532936535243e-07
7.473532936759092e-07
7.473532936634974e-07
7.473532936803427e-07
7.473532936558917e-07
7.47353293598507e-07
7.473532941299691e-07
7.473532936091735e-07
7.473532935172197e-07
7.473532940659821e-07
7.473532934751149e-07
7.473532934692987e-07
7.473532940491542e-07
7.473532935673316e-07
7.47353293587689e-07
7.473532934607046e-07
7.473532939552518e-07
7.473532631105077e-07
7.473532631105077e-07
7.473532635000058e-07
7.473532634141485e-07
7.473532634364113e-07
7.473532640246944e-07
7.473532635967089e-07
7.473532636190929e-07
7.473532636066808e-07
7.473532636235263e-07
7.473532635990755e-07
7.473532635416863e-07
7.473532640731533e-07
7.473532635523604e-07
7.473532634604028e-07
7.473532640091618e-07
7.473532634182993e-07
7.473532634124805e-07
7.47353263992337e-07
7.473532635105131e-07
7.47353263530869e-07
7.473532634038899e-07
7.473532638984359e-07
7.473531128259169e-07
7.473531128259169e-07
7.473531132154138e-07
7.473531131295547e-07
7.473531131518218e-07
7.473531137401061e-07
7.47353113312116e-07
7.473531133344981e-07
7.473531133220883e-07
7.473531133389345e-07
7.473531133144815e-07
7.473531132570959e-07
7.473531137885623e-07
7.473531132677667e-07
7.473531131758143e-07
7.473531137245705e-07
7.473531131337094e-07
7.473531131278885e-07
7.473531137077455e-07
7.473531132259236e-07
7.473531132462779e-07
7.473531131192966e-07
7.473531136138434e-07
7.473523614049856e-07
7.473523614049856e-07
7.47352361794482e-07
7.473523617086276e-07
7.473523617308908e-07
7.473523623191733e-07
7.47352361891185e-07
7.473523619135709e-07
7.473523619011569e-07
7.473523619180024e-07
7.4735236189355e-07
7.473523618361638e-07
7.473523623676292e-07
7.473523618468348e-07
7.473523617548816e-07
7.473523623036385e-07
7.473523617127782e-07
7.473523617069599e-07
7.473523622868126e-07
7.473523618049889e-07
7.473523618253478e-07
7.47352361698366e-07
7.473523621929103e-07
7.473486043320973e-07
7.473486043320973e-07
7.473486047215884e-07
7.473486046357308e-07
7.473486046579949e-07
7.473486052462718e-07
7.473486048182931e-07
7.47348604840672e-07
7.47348604828261e-07
7.473486048451074e-07
7.473486048206531e-07
7.47348604763271e-07
7.473486052947282e-07
7.473486047739397e-07
7.473486046819875e-07
7.473486052307417e-07
7.473486046398859e-07
7.473486046340629e-07
7.4734860521391e-07
7.473486047320992e-07
7.473486047524546e-07
7.473486046254697e-07
7.473486051200064e-07
7.473298199657277e-07
7.473298199657277e-07
7.473298203551964e-07
7.473298202693443e-07
7.473298202916041e-07
7.473298208798353e-07
7.473298204518967e-07
7.473298204742791e-07
7.473298204618691e-07
7.473298204787128e-07
7.473298204542601e-07
7.473298203968809e-07
7.473298209282997e-07
7.473298204075469e-07
7.473298203155954e-07
7.47329820864316e-07
7.473298202734948e-07
7.473298202676738e-07
7.473298208474754e-07
7.473298203657041e-07
7.473298203860623e-07
7.473298202590843e-07
7.473298207535841e-07
7.47235921951072e-07
7.47235921951072e-07
7.472359223404256e-07
7.472359222545805e-07
7.472359222768401e-07
7.47235922864856e-07
7.472359224371112e-07
7.47235922459488e-07
7.472359224470823e-07
7.472359224639254e-07
7.472359224394684e-07
7.472359223820984e-07
7.472359229133653e-07
7.472359223927627e-07
7.472359223008306e-07
7.472359228493999e-07
7.47235922258734e-07
7.472359222529132e-07
7.472359228325019e-07
7.472359223509301e-07
7.47235922371285e-07
7.472359222443265e-07
7.472359227386301e-07
7.467670302167349e-07
7.467670302167349e-07
7.467670306054958e-07
7.467670305197158e-07
7.467670305419459e-07
7.467670311288913e-07
7.467670307021163e-07
7.467670307244689e-07
7.467670307120839e-07
7.467670307289298e-07
7.46767030704445e-07
7.467670306471494e-07
7.467670311776264e-07
7.467670306577839e-07
7.46767030565936e-07
7.467670311137371e-07
7.467670305238838e-07
7.467670305180381e-07
7.467670310965536e-07
7.467670306160014e-07
7.467670306363307e-07
7.467670305094674e-07
7.467670310028038e-07
7.444375197320703e-07
7.444375197320703e-07
7.444375201178988e-07
7.444375200324232e-07
7.444375200545241e-07
7.444375206361255e-07
7.444375202141861e-07
7.444375202364123e-07
7.444375202241241e-07
7.444375202409783e-07
7.444375202163735e-07
7.444375201594249e-07
7.444375206859753e-07
7.444375201699122e-07
7.444375200785034e-07
7.44437520622489e-07
7.444375200366625e-07
7.444375200306996e-07
7.44437520603869e-07
7.444375201283734e-07
7.444375201486058e-07
7.444375200222262e-07
7.444375205107249e-07
7.331585398658014e-07
7.331585398658014e-07
7.331585402370844e-07
7.331585401531172e-07
7.33158540174576e-07
7.331585407296713e-07
7.331585403317228e-07
7.331585403533273e-07
7.331585403415296e-07
7.33158540358417e-07
7.3315854033321e-07
7.331585402780012e-07
7.331585407850612e-07
7.331585402877622e-07
7.331585401985048e-07
7.331585407235452e-07
7.331585401577196e-07
7.331585401511888e-07
7.331585406978336e-07
7.331585402474295e-07
7.331585402671505e-07
7.331585401431799e-07
7.331585406076808e-07
6.853899733690933e-07
6.853899733690933e-07
6.853899736706321e-07
6.853899735938944e-07
6.853899736122865e-07
6.853899740402684e-07
6.853899737573762e-07
6.853899737759855e-07
6.853899737665368e-07
6.853899737835811e-07
6.853899737554934e-07
6.853899737086069e-07
6.853899741222285e-07
6.853899737148956e-07
6.853899736359733e-07
6.853899740701735e-07
6.853899736002536e-07
6.853899735909713e-07
6.853899740104361e-07
6.853899736803392e-07
6.853899736976292e-07
6.853899735852e-07
6.853899739346424e-07
5.989661004014855e-07
5.989661004014855e-07
5.989661004326774e-07
5.989661003839849e-07
5.989661003904536e-07
5.989661003257511e-07
5.989661004888172e-07
5.989661004958251e-07
5.989661004954883e-07
5.989661005131431e-07
5.989661004738795e-07
5.989661004592618e-07
5.989661005106797e-07
5.98966100452083e-07
5.989661004132177e-07
5.989661004953113e-07
5.989661003971096e-07
5.989661003771904e-07
5.989661003036905e-07
5.989661004399237e-07
5.989661004477996e-07
5.989661003800863e-07
5.989661002835616e-07
     fun: 6.042260104166863e-07
     jac: array([ 1.59537450e-09, -1.56258295e-09, -1.15692700e-09, -8.58814531e-09,
        5.23923660e-09,  5.68091707e-09,  5.67418112e-09,  6.83743906e-09,
        4.23376889e-09,  3.32613581e-09,  4.86687668e-09,  2.83074542e-09,
        3.40072859e-10,  3.99911215e-09, -6.87094825e-10, -2.01641370e-09,
       -9.94452876e-09,  2.06822648e-09,  2.57075072e-09, -1.81109527e-09,
       -1.09352598e-08])
 message: 'Optimization terminated successfully.'
    nfev: 276
     nit: 12
    njev: 12
  status: 0
 success: True
       x: array([ 7.75795973,  5.44072665,  7.90151659,  1.4696401 ,  7.40800021,
        1.2058088 ,  8.58299028,  1.61644547,  8.35766556,  8.1107117 ,
        1.2486021 ,  9.2882902 ,  5.68224428,  1.41313034, 18.8287935 ,
        8.68983342,  1.45316025,  7.09280894,  1.18755822,  7.36671204,
        1.50966613])

========================================================

Final result:
7.757959732416999
5.440726651743988
7.9015165861463865
1.4696401031608137
1.4696401031608137
1.4696401031608137
7.4080002059749495
1.2058088016993382
8.582990280174855
1.6164454725278974
8.357665560920942
8.110711700915186
1.248602096763458
1.248602096763458
9.288290197751296
5.682244281617152
1.4131303359822414
1.4131303359822414
18.828793495660836
8.689833421312407
1.4531602516245996
1.4531602516245996
1.4531602516245996
7.092808940181903
1.187558216632662
7.366712037111114
1.509666133020726
1.509666133020726
1.509666133020726
