5.128914864904987e-07
5.128914864904987e-07
5.128914867917813e-07
5.128914866996221e-07
5.128914867688958e-07
5.128914872953658e-07
5.128914868559209e-07
5.128914868761001e-07
5.128914868378765e-07
5.128914868485316e-07
5.128914867891311e-07
5.128914868051417e-07
5.128914870461111e-07
5.128914867507162e-07
5.128914867352437e-07
5.128914867199818e-07
5.128914868021853e-07
5.128914868182292e-07
5.128914867373026e-07
5.128914871668059e-07
5.12891473921294e-07
5.12891473921294e-07
5.128914742225759e-07
5.128914741304166e-07
5.128914741996903e-07
5.128914747261614e-07
5.128914742867168e-07
5.128914743068956e-07
5.12891474268671e-07
5.128914742793276e-07
5.12891474219926e-07
5.128914742359361e-07
5.128914744769068e-07
5.128914741815122e-07
5.128914741660395e-07
5.128914741507771e-07
5.128914742329805e-07
5.128914742490245e-07
5.128914741680975e-07
5.128914745976021e-07
5.128914110752789e-07
5.128914110752789e-07
5.12891411376561e-07
5.12891411284403e-07
5.128914113536757e-07
5.128914118801462e-07
5.128914114407018e-07
5.128914114608807e-07
5.12891411422657e-07
5.12891411433312e-07
5.128914113739111e-07
5.128914113899215e-07
5.128914116308919e-07
5.128914113354981e-07
5.128914113200244e-07
5.128914113047616e-07
5.12891411386965e-07
5.128914114030105e-07
5.128914113220828e-07
5.12891411751586e-07
5.128910968455869e-07
5.128910968455869e-07
5.128910971468689e-07
5.128910970547096e-07
5.128910971239834e-07
5.128910976504523e-07
5.128910972110088e-07
5.128910972311877e-07
5.128910971929637e-07
5.128910972036196e-07
5.128910971442175e-07
5.128910971602293e-07
5.128910974011988e-07
5.128910971058046e-07
5.128910970903313e-07
5.128910970750701e-07
5.128910971572726e-07
5.128910971733183e-07
5.128910970923898e-07
5.128910975218931e-07
5.128895257134478e-07
5.128895257134478e-07
5.128895260147255e-07
5.128895259225673e-07
5.128895259918405e-07
5.128895265183e-07
5.128895260788667e-07
5.128895260990453e-07
5.128895260608206e-07
5.128895260714758e-07
5.128895260120758e-07
5.128895260280866e-07
5.128895262690517e-07
5.128895259736627e-07
5.128895259581885e-07
5.128895259429282e-07
5.128895260251291e-07
5.128895260411745e-07
5.128895259602462e-07
5.128895263897426e-07
5.128816704787687e-07
5.128816704787687e-07
5.128816707800277e-07
5.128816706878725e-07
5.128816707571419e-07
5.128816712835641e-07
5.128816708441666e-07
5.128816708643454e-07
5.12881670826122e-07
5.128816708367777e-07
5.128816707773781e-07
5.128816707933894e-07
5.128816710343364e-07
5.128816707389671e-07
5.128816707234935e-07
5.128816707082346e-07
5.128816707904311e-07
5.128816708064771e-07
5.128816707255506e-07
5.128816711550124e-07
5.128424047535724e-07
5.128424047535724e-07
5.128424050547367e-07
5.128424049625928e-07
5.128424050318496e-07
5.128424055580799e-07
5.128424051188718e-07
5.12842405139046e-07
5.128424051008326e-07
5.128424051114874e-07
5.12842405052092e-07
5.128424050681005e-07
5.128424053089582e-07
5.128424050136909e-07
5.128424049982118e-07
5.128424049829663e-07
5.128424050651422e-07
5.128424050811853e-07
5.128424050002658e-07
5.128424054295547e-07
5.126463376350474e-07
5.126463376350474e-07
5.126463379357408e-07
5.126463378436521e-07
5.126463379128451e-07
5.126463384381129e-07
5.126463379998515e-07
5.126463380200067e-07
5.126463379818312e-07
5.126463379924875e-07
5.126463379331158e-07
5.126463379491129e-07
5.126463381895266e-07
5.126463378947633e-07
5.126463378792619e-07
5.126463378640841e-07
5.126463379461464e-07
5.126463379621804e-07
5.126463378812983e-07
5.126463383097248e-07
5.116725257746132e-07
5.116725257746132e-07
5.116725260729554e-07
5.116725259811435e-07
5.116725260500147e-07
5.116725265704845e-07
5.116725261369425e-07
5.116725261570044e-07
5.11672526119026e-07
5.116725261296824e-07
5.116725260704295e-07
5.116725260863692e-07
5.116725263245607e-07
5.116725260323175e-07
5.116725260167089e-07
5.11672526001862e-07
5.116725260833672e-07
5.116725260993514e-07
5.116725260186533e-07
5.116725264427802e-07
5.069643507054041e-07
5.069643507054041e-07
5.069643509920889e-07
5.069643509016502e-07
5.069643509689292e-07
5.0696435146561e-07
5.06964351055471e-07
5.069643510750662e-07
5.069643510380623e-07
5.069643510487197e-07
5.069643509900563e-07
5.069643510057165e-07
5.069643512328959e-07
5.069643509531423e-07
5.069643509369907e-07
5.069643509237947e-07
5.069643510025315e-07
5.069643510182775e-07
5.069643509384869e-07
5.069643513412961e-07
4.871779290134368e-07
4.871779290134368e-07
4.871779292443295e-07
4.871779291604703e-07
4.871779292201246e-07
4.871779296029458e-07
4.871779293048166e-07
4.871779293221762e-07
4.871779292898338e-07
4.871779293005092e-07
4.871779292446596e-07
4.871779292589784e-07
4.871779294334532e-07
4.871779292134815e-07
4.871779291947343e-07
4.871779291894416e-07
4.871779292549239e-07
4.871779292695223e-07
4.871779291940834e-07
4.871779294948616e-07
4.5350713436320574e-07
4.5350713436320574e-07
4.53507134389032e-07
4.5350713432935274e-07
4.5350713436098334e-07
4.5350713432531197e-07
4.5350713443887675e-07
4.5350713444802174e-07
4.535071344328141e-07
4.535071344435441e-07
4.535071343980459e-07
4.5350713440743314e-07
4.5350713438818426e-07
4.5350713438794683e-07
4.535071343596563e-07
4.5350713438341033e-07
4.535071344001802e-07
4.5350713441056213e-07
4.5350713435111614e-07
4.535071342768708e-07
     fun: 4.5550139539373315e-07
     jac: array([ 1.36390099e-09, -2.52815013e-09, -4.90363306e-10, -5.50249624e-09,
        4.63031213e-09,  5.21928811e-09,  4.24557101e-09,  4.95258945e-09,
        1.97205807e-09,  2.58240362e-09,  3.14283710e-10,  1.34140521e-09,
       -5.38175726e-10,  1.07463549e-09,  2.09929141e-09,  2.77634626e-09,
       -1.11381837e-09, -8.28061886e-09])
 message: 'Optimization terminated successfully.'
    nfev: 240
     nit: 12
    njev: 12
  status: 0
 success: True
       x: array([7.62480704, 5.41532945, 7.9194278 , 1.5579069 , 7.35565108,
       1.27578982, 8.23596302, 1.77930687, 7.29947417, 8.04196692,
       1.68575693, 5.63660659, 5.6982535 , 1.46290439, 7.16123116,
       1.23425654, 7.44656546, 1.57672226])

========================================================

Final result:
7.624807044145855
5.415329452827194
7.919427801909523
1.557906904760695
1.557906904760695
1.557906904760695
7.3556510845753404
1.2757898226475328
8.235963017694244
1.77930686793056
7.299474174901179
8.041966916259568
1.6857569319926704
1.6857569319926704
5.6366065933100264
5.698253504434804
1.4629043919282545
7.1612311566872116
1.234256540280045
7.4465654648974065
1.576722258221864
1.576722258221864
1.576722258221864
