12.2115949127
12.2115949127
12.2115949113
12.2115949113
12.2115949115
12.2115949093
12.2115949112
12.2115949111
12.2115949112
12.2115949111
12.2115949112
12.2115949113
12.2115949097
12.2115949112
12.21159491
12.2115949113
12.2115949113
12.2115949114
12.2115949114
12.2115949113
12.2115949115
12.2115949115
11.9136210794
11.9136210794
11.913621078
11.9136210781
11.9136210782
11.9136210761
11.9136210779
11.9136210778
11.9136210779
11.9136210778
11.9136210779
11.913621078
11.9136210764
11.9136210779
11.9136210767
11.913621078
11.913621078
11.9136210781
11.9136210781
11.913621078
11.9136210782
11.9136210782
10.4452116473
10.4452116473
10.445211646
10.445211646
10.4452116462
10.4452116442
10.4452116459
10.4452116458
10.4452116458
10.4452116458
10.4452116458
10.4452116459
10.4452116444
10.4452116459
10.4452116447
10.4452116459
10.4452116459
10.445211646
10.445211646
10.445211646
10.4452116462
10.4452116462
4.3024886449
4.3024886449
4.30248864428
4.30248864409
4.30248864484
4.3024886452
4.30248864411
4.30248864419
4.30248864395
4.30248864386
4.30248864397
4.30248864392
4.30248864331
4.30248864373
4.30248864298
4.30248864361
4.30248864368
4.30248864363
4.30248864366
4.30248864376
4.30248864373
4.30248864378
6.91283364222
3.65540571859
3.65540571859
3.65540571887
3.65540571855
3.65540571951
3.6554057219
3.65540571874
3.65540571888
3.65540571851
3.65540571843
3.65540571854
3.65540571838
3.65540571887
3.65540571815
3.65540571808
3.65540571791
3.65540571801
3.65540571783
3.65540571788
3.65540571808
3.65540571786
3.65540571795
3.5766714525
3.5766714525
3.57667145266
3.57667145235
3.57667145329
3.5766714554
3.57667145254
3.57667145267
3.57667145232
3.57667145224
3.57667145236
3.5766714522
3.5766714526
3.57667145197
3.57667145183
3.57667145175
3.57667145185
3.57667145167
3.57667145173
3.57667145192
3.57667145171
3.57667145181
3.16575545932
3.16575545932
3.1657554589
3.16575545867
3.16575545935
3.1657554598
3.1657554589
3.165755459
3.16575545883
3.16575545876
3.16575545896
3.16575545877
3.16575545898
3.16575545863
3.16575545821
3.16575545844
3.16575545856
3.16575545843
3.1657554585
3.16575545864
3.16575545852
3.16575545864
2.9029485299
2.9029485299
2.90294852929
2.90294852911
2.90294852949
2.90294852887
2.90294852944
2.90294852953
2.90294852954
2.90294852948
2.90294852975
2.90294852951
2.90294853002
2.90294852947
2.90294852911
2.90294852928
2.90294852942
2.90294852931
2.90294852939
2.90294852951
2.90294852941
2.90294852956
2.79069356668
2.79069356668
2.79069356628
2.7906935661
2.79069356634
2.79069356578
2.79069356654
2.79069356663
2.79069356672
2.79069356667
2.79069356696
2.79069356666
2.79069356769
2.79069356667
2.7906935666
2.79069356647
2.79069356663
2.79069356648
2.79069356658
2.79069356671
2.79069356657
2.79069356674
2.77169017577
2.77169017577
2.77169017547
2.77169017528
2.77169017556
2.77169017525
2.77169017572
2.77169017582
2.77169017588
2.77169017583
2.77169017612
2.77169017582
2.7716901769
2.77169017582
2.77169017581
2.7716901756
2.77169017576
2.77169017561
2.77169017571
2.77169017585
2.77169017569
2.77169017587
2.73784844143
2.73784844143
2.73784844128
2.73784844107
2.7378484414
2.73784844148
2.7378484415
2.7378484416
2.73784844162
2.73784844158
2.73784844183
2.73784844155
2.73784844264
2.73784844153
2.73784844159
2.73784844132
2.73784844148
2.73784844132
2.73784844142
2.73784844156
2.7378484414
2.73784844157
2.68125098082
2.68125098082
2.68125098085
2.68125098064
2.68125098101
2.68125098158
2.68125098103
2.68125098113
2.68125098109
2.68125098107
2.68125098123
2.68125098101
2.68125098196
2.68125098098
2.68125098112
2.68125098079
2.68125098094
2.68125098081
2.6812509809
2.68125098101
2.6812509809
2.68125098105
2.60723831755
2.60723831755
2.60723831772
2.60723831753
2.6072383179
2.60723831879
2.60723831783
2.60723831792
2.60723831782
2.60723831783
2.60723831785
2.60723831775
2.60723831827
2.60723831771
2.60723831788
2.60723831759
2.60723831772
2.60723831767
2.60723831775
2.60723831779
2.60723831779
2.60723831791
2.55340811135
2.55340811135
2.55340811146
2.55340811131
2.5534081116
2.55340811225
2.55340811151
2.55340811159
2.55340811148
2.55340811152
2.55340811142
2.55340811144
2.55340811143
2.55340811141
2.55340811149
2.55340811138
2.55340811149
2.55340811152
2.55340811159
2.55340811156
2.55340811169
2.55340811178
2.5365063372
2.5365063372
2.53650633716
2.53650633705
2.53650633726
2.53650633747
2.53650633721
2.53650633728
2.5365063372
2.53650633725
2.53650633713
2.53650633719
2.53650633696
2.53650633717
2.53650633716
2.53650633717
2.53650633728
2.53650633735
2.53650633741
2.53650633735
2.53650633753
2.53650633762
2.53181708869
2.53181708869
2.53181708858
2.53181708848
2.53181708866
2.53181708869
2.53181708865
2.53181708871
2.53181708865
2.5318170887
2.53181708859
2.53181708864
2.5318170884
2.53181708863
2.53181708859
2.53181708863
2.53181708874
2.53181708881
2.53181708887
2.53181708881
2.53181708899
2.53181708907
2.52662485097
2.52662485097
2.52662485081
2.52662485072
2.52662485087
2.52662485074
2.52662485089
2.52662485095
2.52662485091
2.52662485095
2.52662485086
2.5266248509
2.52662485067
2.52662485089
2.52662485083
2.52662485089
2.52662485099
2.52662485106
2.52662485112
2.52662485106
2.52662485124
2.52662485131
2.51690799177
2.51690799177
2.51690799155
2.51690799148
2.51690799157
2.51690799121
2.51690799164
2.51690799169
2.51690799169
2.51690799173
2.51690799164
2.51690799168
2.51690799146
2.51690799166
2.5169079916
2.51690799164
2.51690799174
2.51690799179
2.51690799184
2.51690799181
2.51690799196
2.51690799201
2.50363116243
2.50363116243
2.5036311622
2.50363116216
2.50363116216
2.50363116159
2.5036311623
2.50363116234
2.50363116236
2.50363116241
2.50363116232
2.50363116236
2.50363116216
2.5036311623
2.50363116229
2.50363116227
2.50363116234
2.50363116236
2.50363116239
2.5036311624
2.5036311625
2.50363116252
2.49052216437
2.49052216437
2.49052216423
2.49052216422
2.49052216413
2.49052216357
2.49052216432
2.49052216434
2.49052216437
2.49052216443
2.4905221643
2.49052216437
2.49052216418
2.49052216424
2.49052216435
2.4905221642
2.49052216423
2.49052216423
2.49052216423
2.49052216428
2.49052216433
2.49052216428
2.48400450187
2.48400450187
2.48400450188
2.48400450188
2.48400450176
2.48400450145
2.48400450194
2.48400450196
2.48400450197
2.48400450204
2.48400450186
2.48400450196
2.48400450177
2.48400450179
2.48400450201
2.48400450175
2.48400450174
2.48400450173
2.48400450171
2.48400450179
2.4840045018
2.48400450172
2.48140948268
2.48140948268
2.48140948276
2.48140948276
2.48140948266
2.48140948255
2.48140948281
2.48140948283
2.48140948281
2.48140948289
2.48140948268
2.48140948279
2.4814094826
2.48140948262
2.48140948287
2.48140948258
2.48140948258
2.48140948257
2.48140948254
2.48140948262
2.48140948263
2.48140948254
2.47942436008
2.47942436008
2.47942436019
2.47942436019
2.4794243601
2.47942436009
2.47942436023
2.47942436025
2.47942436023
2.4794243603
2.47942436009
2.4794243602
2.47942436001
2.47942436004
2.47942436028
2.47942436001
2.47942436
2.47942435999
2.47942435997
2.47942436004
2.47942436006
2.47942435997
2.47609283915
2.47609283915
2.4760928393
2.47609283929
2.47609283923
2.47609283935
2.47609283933
2.47609283935
2.47609283931
2.47609283938
2.47609283918
2.47609283927
2.4760928391
2.47609283914
2.47609283934
2.47609283911
2.47609283911
2.47609283911
2.47609283908
2.47609283915
2.47609283918
2.47609283909
2.47191035888
2.47191035888
2.47191035905
2.47191035904
2.47191035902
2.47191035926
2.47191035907
2.47191035908
2.47191035903
2.4719103591
2.47191035893
2.47191035897
2.47191035886
2.47191035891
2.471910359
2.47191035889
2.47191035889
2.47191035889
2.47191035887
2.47191035892
2.47191035896
2.47191035888
2.46816504215
2.46816504215
2.46816504232
2.4681650423
2.4681650423
2.46816504259
2.46816504232
2.46816504232
2.46816504228
2.46816504232
2.46816504221
2.46816504218
2.46816504217
2.46816504222
2.46816504212
2.46816504221
2.4681650422
2.46816504221
2.46816504219
2.46816504223
2.46816504226
2.4681650422
2.46637735129
2.46637735129
2.46637735142
2.46637735141
2.46637735139
2.46637735156
2.46637735141
2.4663773514
2.46637735138
2.46637735141
2.46637735136
2.46637735125
2.46637735135
2.46637735138
2.4663773511
2.46637735138
2.46637735136
2.46637735136
2.46637735134
2.46637735138
2.4663773514
2.46637735133
2.46564599504
2.46564599504
2.46564599512
2.46564599512
2.46564599507
2.46564599509
2.46564599512
2.4656459951
2.4656459951
2.46564599513
2.4656459951
2.46564599498
2.46564599511
2.46564599512
2.46564599479
2.46564599512
2.46564599509
2.46564599509
2.46564599506
2.46564599511
2.46564599511
2.46564599504
2.46486478106
2.46486478106
2.46486478111
2.46486478112
2.46486478106
2.46486478101
2.46486478112
2.4648647811
2.46486478111
2.46486478114
2.46486478111
2.46486478099
2.46486478112
2.46486478112
2.46486478081
2.46486478112
2.46486478109
2.46486478108
2.46486478105
2.46486478111
2.4648647811
2.46486478103
2.46388047378
2.46388047378
2.46388047382
2.46388047383
2.46388047376
2.46388047366
2.46388047383
2.46388047381
2.46388047383
2.46388047386
2.46388047383
2.46388047372
2.46388047384
2.46388047384
2.46388047355
2.46388047383
2.4638804738
2.46388047379
2.46388047376
2.46388047382
2.46388047381
2.46388047374
2.46209270292
2.46209270292
2.46209270294
2.46209270295
2.46209270287
2.46209270269
2.46209270296
2.46209270293
2.46209270296
2.46209270298
2.46209270296
2.46209270287
2.46209270296
2.46209270296
2.46209270272
2.46209270294
2.46209270291
2.4620927029
2.46209270287
2.46209270293
2.46209270291
2.46209270285
2.45961966105
2.45961966105
2.45961966104
2.45961966104
2.45961966096
2.45961966073
2.45961966106
2.45961966104
2.45961966108
2.45961966109
2.45961966108
2.45961966102
2.45961966108
2.45961966107
2.45961966091
2.45961966105
2.45961966102
2.459619661
2.45961966098
2.45961966103
2.45961966101
2.45961966095
2.45673904928
2.45673904928
2.45673904925
2.45673904924
2.45673904919
2.45673904896
2.45673904928
2.45673904925
2.4567390493
2.45673904929
2.4567390493
2.45673904928
2.45673904929
2.45673904929
2.45673904923
2.45673904927
2.45673904924
2.45673904922
2.45673904921
2.45673904924
2.45673904921
2.45673904919
2.45480594745
2.45480594745
2.45480594743
2.45480594741
2.4548059474
2.45480594728
2.45480594745
2.45480594741
2.45480594747
2.45480594744
2.45480594747
2.45480594747
2.45480594746
2.45480594747
2.45480594745
2.45480594745
2.45480594743
2.45480594741
2.45480594741
2.45480594742
2.45480594739
2.4548059474
2.45441049085
2.45441049085
2.45441049085
2.45441049082
2.45441049084
2.45441049082
2.45441049087
2.45441049083
2.45441049088
2.45441049084
2.45441049088
2.45441049087
2.45441049087
2.45441049089
2.45441049086
2.45441049088
2.45441049086
2.45441049085
2.45441049085
2.45441049084
2.45441049083
2.45441049084
2.45433663468
2.45433663468
2.45433663469
2.45433663466
2.45433663468
2.45433663469
2.4543366347
2.45433663466
2.45433663471
2.45433663467
2.45433663471
2.45433663469
2.4543366347
2.45433663472
2.45433663467
2.45433663472
2.45433663469
2.45433663468
2.45433663468
2.45433663468
2.45433663466
2.45433663468
2.45431541861
2.45431541861
2.45431541863
2.45431541859
2.45431541862
2.45431541864
2.45431541863
2.4543154186
2.45431541864
2.4543154186
2.45431541864
2.45431541862
2.45431541863
2.45431541866
2.45431541859
2.45431541865
2.45431541863
2.45431541862
2.45431541862
2.45431541862
2.4543154186
2.45431541862
2.45444985371
2.45444985371
2.45444985374
2.45444985371
2.45444985374
2.45444985378
2.45444985375
2.45444985371
2.45444985375
2.45444985371
2.45444985375
2.45444985373
2.45444985374
2.45444985377
2.45444985368
2.45444985376
2.45444985374
2.45444985373
2.45444985373
2.45444985373
2.45444985372
2.45444985373
2.4550729585
2.4550729585
2.45507295854
2.4550729585
2.45507295853
2.4550729586
2.45507295854
2.45507295851
2.45507295854
2.45507295851
2.45507295854
2.4550729585
2.45507295854
2.45507295856
2.45507295845
2.45507295855
2.45507295853
2.45507295853
2.45507295853
2.45507295852
2.45507295852
2.45507295853
2.45675003395
2.45675003395
2.456750034
2.45675003396
2.456750034
2.45675003409
2.45675003401
2.45675003399
2.456750034
2.45675003398
2.456750034
2.45675003395
2.456750034
2.45675003402
2.45675003388
2.45675003401
2.45675003399
2.45675003399
2.45675003399
2.45675003398
2.45675003399
2.456750034
2.45911848807
2.45911848807
2.45911848812
2.45911848807
2.45911848812
2.4591184882
2.45911848814
2.45911848812
2.45911848812
2.4591184881
2.45911848812
2.45911848807
2.45911848811
2.45911848813
2.45911848798
2.45911848811
2.4591184881
2.4591184881
2.45911848811
2.45911848808
2.4591184881
2.45911848813
2.46049708144
2.46049708144
2.46049708149
2.46049708143
2.46049708148
2.46049708152
2.46049708151
2.4604970815
2.4604970815
2.46049708148
2.46049708149
2.46049708145
2.46049708148
2.46049708149
2.46049708137
2.46049708147
2.46049708146
2.46049708146
2.46049708147
2.46049708144
2.46049708146
2.4604970815
2.46042317183
2.46042317183
2.46042317186
2.46042317181
2.46042317185
2.46042317186
2.46042317189
2.46042317188
2.46042317188
2.46042317186
2.46042317187
2.46042317184
2.46042317186
2.46042317187
2.46042317178
2.46042317184
2.46042317184
2.46042317183
2.46042317185
2.46042317181
2.46042317183
2.46042317187
2.46008206173
2.46008206173
2.46008206176
2.4600820617
2.46008206174
2.46008206174
2.46008206179
2.46008206177
2.46008206178
2.46008206175
2.46008206176
2.46008206174
2.46008206176
2.46008206176
2.46008206169
2.46008206174
2.46008206173
2.46008206173
2.46008206174
2.4600820617
2.46008206172
2.46008206176
2.45991288399
2.45991288399
2.45991288402
2.45991288396
2.459912884
2.459912884
2.45991288405
2.45991288403
2.45991288404
2.45991288401
2.45991288403
2.45991288401
2.45991288402
2.45991288402
2.45991288395
2.459912884
2.45991288399
2.45991288399
2.459912884
2.45991288397
2.45991288399
2.45991288402
2.45955007974
2.45955007974
2.45955007976
2.45955007971
2.45955007975
2.45955007974
2.45955007979
2.45955007977
2.45955007979
2.45955007976
2.45955007977
2.45955007975
2.45955007977
2.45955007977
2.4595500797
2.45955007975
2.45955007974
2.45955007973
2.45955007975
2.45955007971
2.45955007973
2.45955007977
2.45911127987
2.45911127987
2.4591112799
2.45911127984
2.45911127988
2.45911127987
2.45911127993
2.45911127991
2.45911127992
2.45911127989
2.45911127991
2.45911127989
2.4591112799
2.45911127991
2.45911127985
2.45911127988
2.45911127988
2.45911127987
2.45911127988
2.45911127985
2.45911127987
2.4591112799
2.45868121697
2.45868121697
2.45868121699
2.45868121693
2.45868121697
2.45868121696
2.45868121701
2.45868121699
2.45868121701
2.45868121699
2.458681217
2.45868121699
2.45868121699
2.458681217
2.45868121694
2.45868121697
2.45868121697
2.45868121696
2.45868121697
2.45868121695
2.45868121696
2.45868121698
2.4586792576
2.4586792576
2.45867925762
2.45867925756
2.4586792576
2.45867925759
2.45867925764
2.45867925761
2.45867925764
2.45867925762
2.45867925763
2.45867925762
2.45867925762
2.45867925763
2.45867925757
2.4586792576
2.4586792576
2.45867925759
2.4586792576
2.45867925759
2.45867925759
2.45867925761
2.45914307461
2.45914307461
2.45914307463
2.45914307458
2.45914307462
2.45914307462
2.45914307466
2.45914307463
2.45914307466
2.45914307464
2.45914307465
2.45914307463
2.45914307464
2.45914307465
2.45914307458
2.45914307462
2.45914307462
2.45914307461
2.45914307462
2.45914307461
2.45914307462
2.45914307462
2.45948827656
2.45948827656
2.45948827658
2.45948827653
2.45948827657
2.45948827658
2.45948827661
2.45948827658
2.45948827661
2.45948827659
2.4594882766
2.45948827658
2.45948827659
2.4594882766
2.45948827653
2.45948827657
2.45948827657
2.45948827656
2.45948827657
2.45948827656
2.45948827657
2.45948827657
2.4595604557
2.4595604557
2.45956045572
2.45956045567
2.45956045571
2.45956045572
2.45956045575
2.45956045572
2.45956045575
2.45956045573
2.45956045574
2.45956045572
2.45956045573
2.45956045573
2.45956045566
2.45956045571
2.45956045571
2.4595604557
2.45956045571
2.4595604557
2.45956045571
2.45956045571
     fun: 2.473250469062321
     jac: array([  1.84237957e-04,  -4.20659781e-04,  -1.83820724e-04,
         7.53998756e-05,   1.36733055e-04,  -2.23219395e-05,
        -8.07344913e-05,   1.82658434e-04,  -1.31607056e-04,
         1.09732151e-04,  -7.89463520e-05,   3.21120024e-04,
        -5.56409359e-05,  -2.74479389e-05,   1.32024288e-04,
        -1.50084496e-04,   1.52349472e-04,   7.51912594e-05,
         4.19616699e-05,  -2.77042389e-04])
 message: 'Optimization terminated successfully.'
    nfev: 1145
     nit: 52
    njev: 52
  status: 0
 success: True
       x: array([ 8.06476235,  6.79175778,  8.40816986,  1.94784126,  7.43991394,
        0.69303148,  8.52740552,  1.06454798,  8.09540997,  9.24489378,
        1.61681391,  7.96611289,  7.48428625,  7.57697913,  8.87868106,
        8.91030993,  7.04775942,  2.17911186,  2.07506787,  1.33475773])

========================================================

Final result:
8.06476235149
6.79175777752
8.40816986002
1.94784125907
1.94784125907
1.94784125907
7.43991393895
0.693031478448
8.52740552049
1.06454797907
8.09540997284
9.24489377917
1.61681390542
1.61681390542
7.9661128895
7.48428624956
7.57697913183
8.87868105917
8.91030992766
7.0477594216
2.17911185947
2.07506787245
1.33475773299
7.48428624956
