2.4981036015428157e-06
2.4981036015428157e-06
2.4981036022434157e-06
2.4981036021791077e-06
2.4981036020528307e-06
2.4981036029081697e-06
2.4981036023769542e-06
2.498103602348554e-06
2.498103602448472e-06
2.49810360256351e-06
2.498103602076047e-06
2.498103602582306e-06
2.4981036025310566e-06
2.498103601681393e-06
2.49810360232492e-06
2.49810360298872e-06
2.4981036036019477e-06
2.4981036026317193e-06
2.49810360444704e-06
2.498103601129745e-06
2.498103601211647e-06
2.498103600633689e-06
2.498103483290909e-06
2.498103483290909e-06
2.4981034839915095e-06
2.498103483927208e-06
2.498103483800928e-06
2.4981034846562652e-06
2.4981034841250502e-06
2.4981034840966513e-06
2.4981034841965652e-06
2.4981034843116105e-06
2.4981034838241485e-06
2.4981034843304036e-06
2.498103484279157e-06
2.498103483429489e-06
2.498103484073024e-06
2.4981034847368206e-06
2.4981034853500458e-06
2.4981034843798094e-06
2.4981034861951378e-06
2.4981034828778387e-06
2.498103482959753e-06
2.4981034823817887e-06
2.498102892030085e-06
2.498102892030085e-06
2.4981028927306847e-06
2.4981028926663733e-06
2.4981028925401027e-06
2.4981028933954357e-06
2.498102892864224e-06
2.4981028928358265e-06
2.498102892935734e-06
2.498102893050778e-06
2.4981028925633194e-06
2.4981028930695707e-06
2.4981028930183235e-06
2.4981028921686593e-06
2.498102892812193e-06
2.498102893475992e-06
2.49810289408922e-06
2.498102893118983e-06
2.4981028949343053e-06
2.498102891617009e-06
2.498102891698921e-06
2.498102891120951e-06
2.498099935738297e-06
2.498099935738297e-06
2.4980999364388986e-06
2.498099936374586e-06
2.498099936248314e-06
2.4980999371036467e-06
2.498099936572439e-06
2.498099936544036e-06
2.4980999366439433e-06
2.498099936758993e-06
2.4980999362715304e-06
2.4980999367777876e-06
2.4980999367265375e-06
2.4980999358768753e-06
2.498099936520403e-06
2.498099937184206e-06
2.4980999377974328e-06
2.4980999368271976e-06
2.49809993864252e-06
2.4980999353252235e-06
2.4980999354071303e-06
2.4980999348291655e-06
2.4980851543484266e-06
2.4980851543484266e-06
2.4980851550490228e-06
2.498085154984713e-06
2.4980851548584446e-06
2.49808515571376e-06
2.4980851551825626e-06
2.498085155154159e-06
2.498085155254077e-06
2.4980851553691153e-06
2.498085154881658e-06
2.4980851553879063e-06
2.4980851553366625e-06
2.498085154487007e-06
2.4980851551305336e-06
2.498085155794331e-06
2.4980851564075505e-06
2.498085155437322e-06
2.498085157252617e-06
2.4980851539353646e-06
2.498085154017273e-06
2.498085153439304e-06
2.498011250038598e-06
2.498011250038598e-06
2.4980112507391552e-06
2.4980112506748515e-06
2.498011250548575e-06
2.4980112514038262e-06
2.49801125087269e-06
2.498011250844291e-06
2.4980112509442033e-06
2.498011251059254e-06
2.4980112505718014e-06
2.4980112510780303e-06
2.4980112510267695e-06
2.498011250177151e-06
2.498011250820661e-06
2.4980112514844405e-06
2.498011252097673e-06
2.4980112511274318e-06
2.4980112529426225e-06
2.498011249625521e-06
2.498011249707436e-06
2.4980112491294797e-06
2.4976417974951343e-06
2.4976417974951343e-06
2.4976417981955158e-06
2.4976417981312285e-06
2.4976417980049456e-06
2.497641798859874e-06
2.497641798329035e-06
2.4976417983006355e-06
2.4976417984005473e-06
2.4976417985155972e-06
2.49764179802819e-06
2.4976417985343573e-06
2.497641798483003e-06
2.497641797633597e-06
2.4976417982769923e-06
2.49764179894073e-06
2.4976417995539453e-06
2.497641798583703e-06
2.497641800398362e-06
2.497641797082025e-06
2.4976417971639724e-06
2.497641796586049e-06
2.49579623745052e-06
2.49579623745052e-06
2.4957962381500057e-06
2.49579623808579e-06
2.495796237959487e-06
2.4957962388127802e-06
2.495796238283469e-06
2.495796238255052e-06
2.4957962383549873e-06
2.4957962384700084e-06
2.495796237982829e-06
2.4957962384886465e-06
2.4957962384369157e-06
2.495796237588506e-06
2.4957962382313514e-06
2.495796238894858e-06
2.4957962395080367e-06
2.4957962385377605e-06
2.4957962403497147e-06
2.4957962370372602e-06
2.4957962371193657e-06
2.495796236541582e-06
2.486610998623441e-06
2.486610998623441e-06
2.4866109993184986e-06
2.4866109992546298e-06
2.4866109991282207e-06
2.486610999973351e-06
2.4866109994516623e-06
2.486610999423157e-06
2.48661099952319e-06
2.4866109996381015e-06
2.4866109991520545e-06
2.4866109996561255e-06
2.4866109996024656e-06
2.486610998759057e-06
2.4866109993991772e-06
2.4866110000614926e-06
2.486611000674503e-06
2.4866109997040557e-06
2.4866110015025705e-06
2.486610998209434e-06
2.486610998292329e-06
2.4866109977152575e-06
2.441737943820673e-06
2.441737943820673e-06
2.4417379444936515e-06
2.4417379444315564e-06
2.4417379443046056e-06
2.4417379451091895e-06
2.441737944625352e-06
2.4417379445964402e-06
2.4417379446969153e-06
2.4417379448113346e-06
2.4417379443308937e-06
2.441737944826284e-06
2.441737944763064e-06
2.4417379439445e-06
2.4417379445710597e-06
2.4417379452274696e-06
2.4417379458396068e-06
2.441737944868337e-06
2.4417379466000107e-06
2.4417379434029195e-06
2.4417379434897578e-06
2.4417379429162432e-06
2.2424763347389393e-06
2.2424763347389393e-06
2.2424763353048518e-06
2.2424763352513544e-06
2.242476335121764e-06
2.242476335729669e-06
2.242476335429448e-06
2.2424763353985374e-06
2.2424763355012025e-06
2.2424763356131938e-06
2.2424763351599786e-06
2.242476335613234e-06
2.242476335503626e-06
2.2424763348055898e-06
2.2424763353663823e-06
2.242476335994149e-06
2.2424763366020882e-06
2.242476335626777e-06
2.242476337034264e-06
2.242476334303037e-06
2.242476334408942e-06
2.2424763338527175e-06
1.7356218491927738e-06
1.7356218491927738e-06
1.7356218493035428e-06
1.735621849286581e-06
1.7356218491457722e-06
1.7356218489175573e-06
1.7356218493979224e-06
1.735621849358512e-06
1.7356218494704803e-06
1.7356218495721798e-06
1.7356218492346786e-06
1.7356218495088467e-06
1.7356218492019963e-06
1.735621849016367e-06
1.7356218492975694e-06
1.7356218498035534e-06
1.7356218503936448e-06
1.7356218494011746e-06
1.7356218494304587e-06
1.7356218486797346e-06
1.7356218488667165e-06
1.735621848383943e-06
1.7372290879847523e-06
1.7372290879847523e-06
1.7372290880986515e-06
1.7372290880814438e-06
1.7372290879407097e-06
1.7372290877182507e-06
1.7372290881932422e-06
1.7372290881538912e-06
1.7372290882657923e-06
1.737229088367566e-06
1.7372290880292662e-06
1.7372290883046677e-06
1.7372290879991779e-06
1.7372290878100161e-06
1.7372290880931469e-06
1.737229088599964e-06
1.7372290891901837e-06
1.73722908819783e-06
1.7372290882366097e-06
1.737229087472236e-06
1.7372290876586691e-06
1.7372290871753884e-06
1.737229056641708e-06
1.737229056641708e-06
1.7372290567556138e-06
1.7372290567384044e-06
1.737229056597673e-06
1.737229056375216e-06
1.7372290568502028e-06
1.7372290568108536e-06
1.737229056922756e-06
1.7372290570245215e-06
1.7372290566862288e-06
1.737229056961629e-06
1.737229056656138e-06
1.737229056466981e-06
1.7372290567501102e-06
1.7372290572569234e-06
1.737229057847145e-06
1.7372290568548003e-06
1.737229056893572e-06
1.737229056129199e-06
1.7372290563156343e-06
1.7372290558323514e-06
1.7372288999252175e-06
1.7372288999252175e-06
1.7372289000391184e-06
1.7372289000219088e-06
1.7372288998811751e-06
1.7372288996587195e-06
1.7372289001337072e-06
1.7372289000943572e-06
1.737228900206258e-06
1.7372289003080255e-06
1.7372288999697288e-06
1.7372289002451331e-06
1.7372288999396445e-06
1.7372288997504828e-06
1.7372289000336146e-06
1.737228900540428e-06
1.73722890113065e-06
1.7372289001382973e-06
1.737228900177074e-06
1.7372288994127005e-06
1.7372288995991297e-06
1.7372288991158527e-06
1.737228116349491e-06
1.737228116349491e-06
1.7372281164633886e-06
1.7372281164461778e-06
1.7372281163054437e-06
1.7372281160829916e-06
1.7372281165579747e-06
1.737228116518624e-06
1.737228116630531e-06
1.7372281167322951e-06
1.7372281163940046e-06
1.7372281166694057e-06
1.7372281163639165e-06
1.7372281161747533e-06
1.737228116457884e-06
1.7372281169647006e-06
1.7372281175549227e-06
1.7372281165625715e-06
1.7372281166013428e-06
1.7372281158369758e-06
1.737228116023401e-06
1.7372281155401282e-06
1.7372241985132285e-06
1.7372241985132285e-06
1.7372241986271286e-06
1.7372241986099151e-06
1.7372241984691817e-06
1.7372241982467205e-06
1.737224198721709e-06
1.737224198682363e-06
1.7372241987942632e-06
1.737224198896035e-06
1.7372241985577373e-06
1.737224198833143e-06
1.7372241985276467e-06
1.7372241983384932e-06
1.737224198621621e-06
1.737224199128438e-06
1.7372241997186518e-06
1.7372241987263055e-06
1.7372241987650742e-06
1.7372241980007149e-06
1.7372241981871472e-06
1.7372241977038743e-06
1.7372046101182488e-06
1.7372046101182488e-06
1.7372046102321256e-06
1.737204610214919e-06
1.737204610074185e-06
1.7372046098516873e-06
1.737204610326707e-06
1.7372046102873598e-06
1.7372046103992626e-06
1.737204610501031e-06
1.737204610162743e-06
1.737204610438136e-06
1.7372046101326376e-06
1.7372046099435095e-06
1.7372046102266222e-06
1.7372046107334332e-06
1.7372046113236453e-06
1.7372046103313066e-06
1.7372046103700433e-06
1.73720460960574e-06
1.7372046097921795e-06
1.73720460930893e-06
1.7371066893047723e-06
1.7371066893047723e-06
1.7371066894185496e-06
1.7371066894013489e-06
1.7371066892606228e-06
1.7371066890379541e-06
1.7371066895131259e-06
1.7371066894737755e-06
1.737106689585682e-06
1.7371066896874395e-06
1.7371066893491968e-06
1.7371066896245482e-06
1.7371066893190117e-06
1.7371066891299963e-06
1.737106689413041e-06
1.7371066899198264e-06
1.7371066905100258e-06
1.7371066895177325e-06
1.7371066895562962e-06
1.737106688792275e-06
1.7371066889787546e-06
1.7371066884956354e-06
1.7366176118042974e-06
1.7366176118042974e-06
1.7366176119175646e-06
1.7366176119003863e-06
1.7366176117596944e-06
1.73661761153618e-06
1.7366176120121022e-06
1.736617611972733e-06
1.7366176120846639e-06
1.7366176121863686e-06
1.7366176118483385e-06
1.7366176121234978e-06
1.7366176118177771e-06
1.7366176116293328e-06
1.7366176119120426e-06
1.7366176124187326e-06
1.7366176130088175e-06
1.7366176120167606e-06
1.7366176120544542e-06
1.736617611291872e-06
1.736617611478527e-06
1.736617610996031e-06
1.734185400659762e-06
1.734185400659762e-06
1.7341854007704644e-06
1.7341854007534244e-06
1.7341854006129016e-06
1.7341854003851444e-06
1.7341854008648137e-06
1.734185400825372e-06
1.7341854009374256e-06
1.734185401038872e-06
1.73418540070189e-06
1.7341854009760988e-06
1.7341854006694532e-06
1.734185400483862e-06
1.7341854007648913e-06
1.7341854012710782e-06
1.7341854018606102e-06
1.7341854008697409e-06
1.73418540090312e-06
1.7341854001476832e-06
1.7341854003352294e-06
1.7341853998558755e-06
1.722350124230906e-06
1.722350124230906e-06
1.722350124328903e-06
1.722350124312539e-06
1.7223501241728313e-06
1.722350123924049e-06
1.7223501244223215e-06
1.7223501243824925e-06
1.7223501244951498e-06
1.7223501245953207e-06
1.7223501242635612e-06
1.7223501245330263e-06
1.7223501242217942e-06
1.7223501240503806e-06
1.7223501243230507e-06
1.7223501248267388e-06
1.7223501254135455e-06
1.7223501244285592e-06
1.7223501244404903e-06
1.722350123720548e-06
1.722350123912516e-06
1.722350123448747e-06
1.6708550478507729e-06
1.6708550478507729e-06
1.67085504788761e-06
1.6708550478744983e-06
1.6708550477387422e-06
1.6708550473887276e-06
1.6708550479765371e-06
1.6708550479348648e-06
1.6708550480504384e-06
1.6708550481444549e-06
1.6708550478378294e-06
1.6708550480844652e-06
1.6708550477511332e-06
1.6708550476479769e-06
1.6708550478804307e-06
1.6708550483720708e-06
1.6708550489457792e-06
1.6708550479891003e-06
1.6708550478978251e-06
1.6708550473486992e-06
1.6708550475619556e-06
1.6708550471731997e-06
1.518277199116812e-06
1.518277199116812e-06
1.5182771989238385e-06
1.5182771989197814e-06
1.5182771988092718e-06
1.518277198100093e-06
1.5182771989950829e-06
1.5182771989451266e-06
1.518277199074809e-06
1.5182771991366399e-06
1.5182771989426962e-06
1.518277199105904e-06
1.5182771986979524e-06
1.5182771988501098e-06
1.5182771989264247e-06
1.5182771993810305e-06
1.518277199885107e-06
1.5182771990930967e-06
1.5182771987701215e-06
1.5182771986813648e-06
1.5182771989943873e-06
1.5182771990115244e-06
1.5568397071876788e-06
1.5568397071876788e-06
1.5568397071236268e-06
1.5568397071122319e-06
1.5568397069950017e-06
1.5568397065025022e-06
1.5568397072042118e-06
1.556839707157938e-06
1.5568397072819716e-06
1.556839707355356e-06
1.5568397071112722e-06
1.556839707322973e-06
1.556839706962899e-06
1.5568397069709953e-06
1.5568397071313015e-06
1.5568397076125778e-06
1.5568397081411082e-06
1.5568397072984868e-06
1.5568397072173434e-06
1.5568397067402908e-06
1.5568397070115154e-06
1.5568397068898031e-06
1.5520635105162589e-06
1.5520635105162589e-06
1.55206351048207e-06
1.5520635104672523e-06
1.552063510354122e-06
1.5520635099233095e-06
1.5520635105643665e-06
1.5520635105182206e-06
1.552063510642668e-06
1.5520635107137994e-06
1.5520635104680146e-06
1.552063510692221e-06
1.552063510347794e-06
1.5520635103219118e-06
1.5520635104989324e-06
1.552063510990852e-06
1.5520635115139735e-06
1.552063510691295e-06
1.5520635107509715e-06
1.5520635100853978e-06
1.5520635103576956e-06
1.5520635102712144e-06
1.5515718144638635e-06
1.5515718144638635e-06
1.5515718144613506e-06
1.5515718144429124e-06
1.5515718143341182e-06
1.551571813968746e-06
1.5515718145454756e-06
1.5515718144994542e-06
1.5515718146243405e-06
1.5515718146930798e-06
1.5515718144454884e-06
1.5515718146829696e-06
1.5515718143551378e-06
1.551571814293208e-06
1.5515718144879612e-06
1.5515718149911723e-06
1.551571815508558e-06
1.5515718147070365e-06
1.5515718149160902e-06
1.5515718140505373e-06
1.5515718143239659e-06
1.551571814274856e-06
1.5515717992699428e-06
1.5515717992699428e-06
1.5515717992674267e-06
1.5515717992489883e-06
1.5515717991401913e-06
1.5515717987748273e-06
1.5515717993515517e-06
1.5515717993055347e-06
1.5515717994304153e-06
1.5515717994991563e-06
1.5515717992515675e-06
1.5515717994890488e-06
1.5515717991612151e-06
1.5515717990992856e-06
1.5515717992940426e-06
1.5515717997972488e-06
1.5515718003146322e-06
1.5515717995131128e-06
1.5515717997221714e-06
1.5515717988566153e-06
1.5515717991300428e-06
1.5515717990809312e-06
1.5515717069288906e-06
1.5515717069288906e-06
1.5515717069263738e-06
1.5515717069079378e-06
1.5515717067991423e-06
1.5515717064337778e-06
1.5515717070105062e-06
1.5515717069644836e-06
1.551571707089368e-06
1.551571707158106e-06
1.5515717069105193e-06
1.5515717071479935e-06
1.5515717068201688e-06
1.5515717067582336e-06
1.5515717069529866e-06
1.551571707456201e-06
1.5515717079735787e-06
1.5515717071720638e-06
1.5515717073811264e-06
1.5515717065155641e-06
1.5515717067889934e-06
1.5515717067398847e-06
1.5515708878525832e-06
1.5515708878525832e-06
1.5515708878500713e-06
1.5515708878316276e-06
1.5515708877228328e-06
1.5515708873574698e-06
1.5515708879341948e-06
1.5515708878881747e-06
1.551570888013065e-06
1.551570888081802e-06
1.5515708878342104e-06
1.5515708880716846e-06
1.5515708877438578e-06
1.5515708876819306e-06
1.551570887876679e-06
1.5515708883798983e-06
1.5515708888972732e-06
1.5515708880957536e-06
1.5515708883048126e-06
1.551570887439258e-06
1.551570887712688e-06
1.5515708876635794e-06
1.5515670166880104e-06
1.5515670166880104e-06
1.5515670166854878e-06
1.5515670166670508e-06
1.5515670165582528e-06
1.5515670161928845e-06
1.5515670167696149e-06
1.5515670167235935e-06
1.5515670168484787e-06
1.5515670169172163e-06
1.5515670166696294e-06
1.5515670169071048e-06
1.551567016579278e-06
1.55156701651735e-06
1.5515670167120982e-06
1.5515670172153113e-06
1.5515670177326911e-06
1.5515670169311741e-06
1.5515670171402297e-06
1.5515670162746793e-06
1.551567016548112e-06
1.5515670164990133e-06
1.551548202076548e-06
1.551548202076548e-06
1.551548202074019e-06
1.5515482020555796e-06
1.5515482019467951e-06
1.5515482015814252e-06
1.5515482021581413e-06
1.551548202112122e-06
1.551548202237004e-06
1.5515482023057385e-06
1.5515482020581666e-06
1.5515482022956357e-06
1.5515482019678124e-06
1.5515482019058923e-06
1.5515482021006273e-06
1.5515482026038422e-06
1.5515482031212101e-06
1.5515482023197224e-06
1.5515482025287934e-06
1.5515482016632386e-06
1.551548201936679e-06
1.5515482018876358e-06
1.5514525562796743e-06
1.5514525562796743e-06
1.5514525562770867e-06
1.5514525562586334e-06
1.551452556149882e-06
1.5514525557844688e-06
1.5514525563611913e-06
1.5514525563151722e-06
1.551452556440054e-06
1.5514525565087688e-06
1.5514525562612552e-06
1.5514525564986876e-06
1.551452556170857e-06
1.5514525561090228e-06
1.551452556303688e-06
1.5514525568068899e-06
1.551452557324217e-06
1.5514525565228185e-06
1.5514525567318826e-06
1.5514525558664258e-06
1.551452556139919e-06
1.55145255609114e-06
1.5509748585549147e-06
1.5509748585549147e-06
1.5509748585520015e-06
1.5509748585335428e-06
1.5509748584249466e-06
1.5509748580592918e-06
1.550974858636049e-06
1.550974858590016e-06
1.5509748587148964e-06
1.5509748587835094e-06
1.5509748585362861e-06
1.5509748587735381e-06
1.5509748584457025e-06
1.550974858384273e-06
1.550974858578588e-06
1.550974859081724e-06
1.5509748595988498e-06
1.5509748587979143e-06
1.5509748590069343e-06
1.5509748581419775e-06
1.5509748584157235e-06
1.550974858368254e-06
1.548602370469859e-06
1.548602370469859e-06
1.5486023704653269e-06
1.5486023704467773e-06
1.5486023703389777e-06
1.5486023699721233e-06
1.548602370549076e-06
1.5486023705029718e-06
1.548602370627852e-06
1.5486023706959494e-06
1.5486023704501953e-06
1.5486023706865247e-06
1.5486023703586492e-06
1.5486023702992506e-06
1.548602370491813e-06
1.5486023709946191e-06
1.548602371510729e-06
1.5486023707121006e-06
1.5486023709208315e-06
1.5486023700584544e-06
1.5486023703334756e-06
1.5486023702925324e-06
1.5371465886089084e-06
1.5371465886089084e-06
1.5371465885963898e-06
1.5371465885774106e-06
1.5371465884735516e-06
1.5371465881008224e-06
1.5371465886786446e-06
1.5371465886322115e-06
1.5371465887570796e-06
1.537146588822643e-06
1.5371465885841422e-06
1.537146588815942e-06
1.5371465884878762e-06
1.53714658843849e-06
1.537146588622405e-06
1.5371465891235876e-06
1.5371465896346833e-06
1.5371465888474885e-06
1.5371465890549682e-06
1.5371465882051267e-06
1.5371465884864511e-06
1.53714658847782e-06
1.4892066033223665e-06
1.4892066033223665e-06
1.4892066032720013e-06
1.4892066032509881e-06
1.489206603165789e-06
1.4892066027652046e-06
1.4892066033471778e-06
1.48920660329918e-06
1.4892066034239912e-06
1.4892066034775498e-06
1.4892066032734006e-06
1.4892066034837142e-06
1.4892066031547618e-06
1.489206603152818e-06
1.4892066032957458e-06
1.4892066037892672e-06
1.4892066042765902e-06
1.489206603543548e-06
1.4892066037450425e-06
1.4892066029546645e-06
1.4892066032658402e-06
1.4892066034102697e-06
1.4084403481394495e-06
1.4084403481394495e-06
1.408440347987579e-06
1.4084403479599205e-06
1.4084403479300075e-06
1.4084403474661939e-06
1.4084403480419489e-06
1.4084403479898678e-06
1.4084403481129677e-06
1.4084403481325217e-06
1.4084403480252206e-06
1.408440348173983e-06
1.4084403478467285e-06
1.4084403479747146e-06
1.4084403480013622e-06
1.4084403484724015e-06
1.4084403488931742e-06
1.4084403483095935e-06
1.4084403484876447e-06
1.4084403478750999e-06
1.4084403482697588e-06
1.4084403488470005e-06
1.4110496822282173e-06
1.4110496822282173e-06
1.4110496820912463e-06
1.4110496820633493e-06
1.4110496820306348e-06
1.41104968158772e-06
1.411049682146876e-06
1.4110496820954682e-06
1.4110496822173511e-06
1.4110496822399622e-06
1.4110496821233823e-06
1.4110496822773687e-06
1.4110496819540175e-06
1.411049682065527e-06
1.4110496821029174e-06
1.4110496825755349e-06
1.4110496830029911e-06
1.4110496824025905e-06
1.4110496825795297e-06
1.4110496819557467e-06
1.411049682341819e-06
1.4110496828794848e-06
1.407587468868145e-06
1.407587468868145e-06
1.4075874687476628e-06
1.4075874687173987e-06
1.4075874686908993e-06
1.40758746829153e-06
1.4075874688014225e-06
1.407587468750967e-06
1.4075874688686615e-06
1.4075874688914996e-06
1.4075874687729395e-06
1.4075874689256153e-06
1.4075874686138382e-06
1.407587468711931e-06
1.407587468749823e-06
1.4075874692206678e-06
1.4075874696507113e-06
1.4075874690386533e-06
1.4075874691993605e-06
1.407587468598126e-06
1.4075874689806064e-06
1.4075874695131728e-06
1.3987887653596687e-06
1.3987887653596687e-06
1.398788765308184e-06
1.3987887652680223e-06
1.3987887652676877e-06
1.3987887650509843e-06
1.3987887653540277e-06
1.3987887653075603e-06
1.3987887654075589e-06
1.3987887654314081e-06
1.3987887653045002e-06
1.3987887654513583e-06
1.3987887651881542e-06
1.3987887652302952e-06
1.3987887652699473e-06
1.398788765733053e-06
1.3987887661741825e-06
1.3987887655123385e-06
1.3987887656012397e-06
1.3987887650995946e-06
1.3987887654668433e-06
1.398788765976982e-06
1.3979999767656245e-06
1.3979999767656245e-06
1.3979999767344018e-06
1.397999976691331e-06
1.3979999766986712e-06
1.3979999765355797e-06
1.3979999767779169e-06
1.3979999767326186e-06
1.397999976827424e-06
1.3979999768515713e-06
1.3979999767222154e-06
1.3979999768673695e-06
1.3979999766184153e-06
1.3979999766441314e-06
1.3979999766843039e-06
1.3979999771451442e-06
1.3979999775895267e-06
1.3979999769130745e-06
1.397999976980937e-06
1.3979999765084776e-06
1.3979999768712512e-06
1.3979999773748225e-06
1.3979999508016663e-06
1.3979999508016663e-06
1.3979999507704337e-06
1.3979999507273735e-06
1.3979999507347111e-06
1.3979999505716183e-06
1.3979999508139604e-06
1.39799995076866e-06
1.3979999508634667e-06
1.397999950887615e-06
1.3979999507582571e-06
1.3979999509034098e-06
1.397999950654458e-06
1.3979999506801755e-06
1.3979999507203478e-06
1.3979999511811885e-06
1.3979999516255691e-06
1.3979999509491148e-06
1.3979999510169721e-06
1.3979999505445213e-06
1.397999950907298e-06
1.3979999514108613e-06
1.3980000532650788e-06
1.3980000532650788e-06
1.3980000532338403e-06
1.3980000531907722e-06
1.3980000531981143e-06
1.3980000530349923e-06
1.3980000532773617e-06
1.3980000532320604e-06
1.3980000533268678e-06
1.398000053351017e-06
1.3980000532216633e-06
1.398000053366812e-06
1.3980000531178537e-06
1.3980000531435845e-06
1.3980000531837546e-06
1.398000053644597e-06
1.3980000540889732e-06
1.3980000534125263e-06
1.3980000534803895e-06
1.3980000530079304e-06
1.3980000533707074e-06
1.398000053874277e-06
1.3979998322578292e-06
1.3979998322578292e-06
1.3979998322265837e-06
1.3979998321835178e-06
1.397999832190855e-06
1.3979998320277228e-06
1.3979998322701095e-06
1.3979998322248062e-06
1.3979998323196173e-06
1.3979998323437626e-06
1.3979998322144127e-06
1.397999832359563e-06
1.3979998321106005e-06
1.3979998321363315e-06
1.3979998321765007e-06
1.3979998326373421e-06
1.3979998330817227e-06
1.3979998324052799e-06
1.3979998324731488e-06
1.3979998320006819e-06
1.3979998323634604e-06
1.3979998328670308e-06
1.3979980145592224e-06
1.3979980145592224e-06
1.3979980145279825e-06
1.3979980144849139e-06
1.3979980144922545e-06
1.3979980143291523e-06
1.3979980145715035e-06
1.3979980145262031e-06
1.3979980146210124e-06
1.397998014645159e-06
1.3979980145158026e-06
1.3979980146609546e-06
1.3979980144119994e-06
1.3979980144377233e-06
1.3979980144778968e-06
1.3979980149387355e-06
1.3979980153831154e-06
1.3979980147066726e-06
1.3979980147745485e-06
1.3979980143020704e-06
1.3979980146648516e-06
1.3979980151684275e-06
1.3979891130365634e-06
1.3979891130365634e-06
1.3979891130053418e-06
1.3979891129622755e-06
1.3979891129696254e-06
1.3979891128065694e-06
1.397989113048863e-06
1.3979891130035592e-06
1.3979891130983647e-06
1.3979891131225085e-06
1.3979891129931543e-06
1.3979891131383086e-06
1.3979891128893608e-06
1.3979891129150786e-06
1.3979891129552466e-06
1.3979891134160827e-06
1.3979891138604544e-06
1.3979891131840128e-06
1.3979891132518807e-06
1.3979891127794241e-06
1.397989113142202e-06
1.3979891136457946e-06
1.3979456216589133e-06
1.3979456216589133e-06
1.3979456216276715e-06
1.397945621584596e-06
1.3979456215919733e-06
1.3979456214289275e-06
1.397945621671177e-06
1.3979456216258737e-06
1.3979456217206721e-06
1.3979456217448145e-06
1.3979456216154838e-06
1.397945621760609e-06
1.3979456215116657e-06
1.3979456215374233e-06
1.3979456215775496e-06
1.3979456220383764e-06
1.3979456224827172e-06
1.3979456218063326e-06
1.3979456218741664e-06
1.3979456214017977e-06
1.3979456217645823e-06
1.3979456222682353e-06
1.3977273627417151e-06
1.3977273627417151e-06
1.3977273627104342e-06
1.3977273626673374e-06
1.3977273626748573e-06
1.3977273625120934e-06
1.397727362753881e-06
1.3977273627085733e-06
1.3977273628033306e-06
1.397727362827439e-06
1.3977273626982157e-06
1.3977273628432235e-06
1.3977273625943375e-06
1.3977273626202375e-06
1.3977273626601956e-06
1.3977273631209252e-06
1.3977273635651493e-06
1.3977273628889915e-06
1.3977273629566446e-06
1.397727362484707e-06
1.3977273628475337e-06
1.3977273633515179e-06
1.3966389892745793e-06
1.3966389892745793e-06
1.396638989243162e-06
1.3966389891999226e-06
1.396638989208206e-06
1.3966389890469362e-06
1.3966389892862844e-06
1.3966389892409728e-06
1.3966389893355055e-06
1.396638989359471e-06
1.3966389892307705e-06
1.3966389893751822e-06
1.3966389891266363e-06
1.3966389891531675e-06
1.3966389891922851e-06
1.3966389896525707e-06
1.3966389900961707e-06
1.3966389894211346e-06
1.3966389894878734e-06
1.3966389890181322e-06
1.3966389893811447e-06
1.3966389898867465e-06
1.391287631741404e-06
1.391287631741404e-06
1.391287631709291e-06
1.3912876316653694e-06
1.3912876316774182e-06
1.3912876315235075e-06
1.3912876317508056e-06
1.391287631705474e-06
1.3912876317989012e-06
1.3912876318221398e-06
1.391287631696032e-06
1.3912876318375208e-06
1.3912876315906272e-06
1.3912876316203435e-06
1.3912876316552577e-06
1.3912876321133615e-06
1.3912876325538585e-06
1.3912876318844346e-06
1.3912876319467148e-06
1.3912876314877561e-06
1.3912876318516978e-06
1.3912876323653757e-06
1.3666752583222442e-06
1.3666752583222442e-06
1.366675258286654e-06
1.3666752582394522e-06
1.3666752582697228e-06
1.366675258151283e-06
1.3666752583204089e-06
1.3666752582749575e-06
1.3666752583630485e-06
1.3666752583827723e-06
1.3666752582692404e-06
1.366675258396537e-06
1.3666752581575863e-06
1.3666752582028312e-06
1.3666752582173669e-06
1.3666752586648753e-06
1.3666752590903243e-06
1.3666752584481183e-06
1.3666752584887255e-06
1.3666752580821317e-06
1.3666752584505978e-06
1.366675259003405e-06
1.2739000001092702e-06
1.2739000001092702e-06
1.2739000000645922e-06
1.2739000000052605e-06
1.2739000001067056e-06
1.2739000001377953e-06
1.2739000000659853e-06
1.2739000000197829e-06
1.2739000000859224e-06
1.2739000000976008e-06
1.273900000022793e-06
1.2739000000961783e-06
1.2738999998823933e-06
1.273899999987953e-06
1.2738999999307612e-06
1.2739000003312549e-06
1.2739000006925888e-06
1.2739000001680719e-06
1.2739000001311093e-06
1.2738999999046817e-06
1.2739000002750087e-06
1.2739000009032126e-06
1.196083367743173e-06
1.196083367743173e-06
1.1960833676997013e-06
1.1960833676316045e-06
1.1960833677914127e-06
1.1960833679658056e-06
1.1960833676710953e-06
1.1960833676237815e-06
1.1960833676699914e-06
1.1960833676849771e-06
1.1960833676236386e-06
1.1960833676557729e-06
1.1960833674528202e-06
1.1960833676062429e-06
1.196083367504482e-06
1.1960833678568731e-06
1.196083368156415e-06
1.196083367748179e-06
1.1960833676625113e-06
1.1960833675377327e-06
1.1960833678819743e-06
1.1960833684373605e-06
1.1453890842918586e-06
1.1453890842918586e-06
1.1453890842626862e-06
1.1453890841927568e-06
1.1453890843754224e-06
1.1453890846381424e-06
1.1453890842174118e-06
1.1453890841690088e-06
1.1453890842045187e-06
1.1453890842351563e-06
1.1453890841522943e-06
1.1453890841729352e-06
1.1453890839607166e-06
1.145389084129141e-06
1.1453890840311338e-06
1.1453890843511492e-06
1.1453890846135814e-06
1.145389084278431e-06
1.1453890841964448e-06
1.1453890840428623e-06
1.1453890843367473e-06
1.1453890846685814e-06
1.1252937737283264e-06
1.1252937737283264e-06
1.125293773719682e-06
1.125293773654362e-06
1.1252937738256534e-06
1.12529377411029e-06
1.125293773671765e-06
1.1252937736223568e-06
1.125293773657078e-06
1.125293773711234e-06
1.1252937735812105e-06
1.1252937736170504e-06
1.1252937733785746e-06
1.1252937735342152e-06
1.1252937734795092e-06
1.1252937737855147e-06
1.125293774037296e-06
1.1252937737282332e-06
1.125293773692291e-06
1.1252937734063044e-06
1.125293773637931e-06
1.1252937736554335e-06
1.1383502956876783e-06
1.1383502956876783e-06
1.1383502957218673e-06
1.1383502956531507e-06
1.1383502958242778e-06
1.1383502961835492e-06
1.1383502956768054e-06
1.1383502956300265e-06
1.1383502956591998e-06
1.1383502957147001e-06
1.1383502955729193e-06
1.1383502956170576e-06
1.1383502954033452e-06
1.1383502955117754e-06
1.138350295472725e-06
1.1383502957856707e-06
1.1383502960594978e-06
1.1383502956919213e-06
1.1383502956288495e-06
1.138350295366978e-06
1.138350295591973e-06
1.1383502955936598e-06
1.1424410796406274e-06
1.1424410796406274e-06
1.1424410796760463e-06
1.1424410796083131e-06
1.142441079773537e-06
1.1424410801212818e-06
1.1424410796336752e-06
1.1424410795869834e-06
1.1424410796179096e-06
1.1424410796741608e-06
1.1424410795289197e-06
1.14244107957764e-06
1.142441079362004e-06
1.1424410794649575e-06
1.1424410794321224e-06
1.1424410797489689e-06
1.1424410800282522e-06
1.142441079650518e-06
1.1424410795938043e-06
1.1424410793167784e-06
1.1424410795413537e-06
1.1424410795356557e-06
1.1431592652041572e-06
1.1431592652041572e-06
1.1431592652391058e-06
1.1431592651715867e-06
1.1431592653356743e-06
1.1431592656798744e-06
1.1431592651972696e-06
1.1431592651505678e-06
1.143159265181934e-06
1.1431592652381466e-06
1.1431592650927046e-06
1.143159265142145e-06
1.1431592649259834e-06
1.143159265028536e-06
1.1431592649964387e-06
1.1431592653141042e-06
1.1431592655943063e-06
1.1431592652150376e-06
1.1431592651596154e-06
1.1431592648801932e-06
1.1431592651052498e-06
1.1431592651006276e-06
     fun: 1.2827058066962273e-06
     jac: array([ 2.90071966e-10, -3.68108033e-09,  8.62874572e-09,  3.65335495e-08,
       -3.83482757e-09, -6.28637054e-09, -5.94081939e-09,  2.30194530e-09,
       -8.65377103e-09, -9.54167945e-09, -2.03896064e-08, -9.96509186e-09,
       -1.59223958e-08,  3.92611810e-09,  6.96340408e-09, -4.55081306e-09,
       -1.77873005e-09, -1.53218167e-08, -4.39744952e-09, -1.13672627e-09])
 message: 'Optimization terminated successfully.'
    nfev: 1298
     nit: 59
    njev: 59
  status: 0
 success: True
       x: array([ 7.00408852e+00,  4.91075532e+00,  7.91793909e+00,  2.80179483e+00,
        6.15674646e+00,  1.42514450e-01,  7.39178872e+00,  1.91674366e+00,
        9.44079844e+00,  5.95234234e+00,  1.39969801e+00,  2.17905475e+01,
        4.94890700e+00, -1.49360000e-15,  1.08641065e+01,  6.50451770e+00,
        2.21017887e+00,  1.06514544e+01,  2.54037429e+00,  4.96228173e+00])

========================================================

Final result:
7.004088516061227
4.910755324814786
7.917939088375641
2.8017948258420646
2.8017948258420646
2.8017948258420646
6.156746464309651
0.1425144497448419
7.391788723254924
1.9167436588874107
9.440798440466905
5.9523423353303455
1.3996980077020555
1.3996980077020555
21.790547484845753
4.948907003576871
10.651454412171846
2.5403742939139864
4.962281728219337
4.962281728219337
4.962281728219337
-1.493600001252344e-15
10.864106517873962
6.5045176956647515
2.2101788703801994
2.2101788703801994
2.2101788703801994
