5.974093454618913e-07
5.974093454618913e-07
5.974093457376496e-07
5.974093456505752e-07
5.974093457110366e-07
5.974093461711082e-07
5.974093457880125e-07
5.974093457818158e-07
5.974093457614571e-07
5.974093460573217e-07
5.974093457654455e-07
5.97409345754684e-07
5.974093457425064e-07
5.974093457087543e-07
5.97409346039299e-07
5.974093459966051e-07
5.97409345634287e-07
5.974093457035325e-07
5.974093457318022e-07
5.974093456328997e-07
5.974093459143894e-07
5.974093334754351e-07
5.974093334754351e-07
5.974093337511927e-07
5.974093336641188e-07
5.974093337245803e-07
5.974093341846519e-07
5.974093338015558e-07
5.974093337953596e-07
5.974093337750008e-07
5.974093340708649e-07
5.974093337789897e-07
5.97409333768228e-07
5.974093337560498e-07
5.974093337222975e-07
5.974093340528421e-07
5.974093340101486e-07
5.974093336478302e-07
5.974093337170764e-07
5.974093337453464e-07
5.974093336464432e-07
5.974093339279331e-07
5.974092735432102e-07
5.974092735432102e-07
5.97409273818968e-07
5.974092737318938e-07
5.974092737923552e-07
5.974092742524264e-07
5.974092738693307e-07
5.974092738631346e-07
5.974092738427755e-07
5.974092741386403e-07
5.974092738467638e-07
5.974092738360025e-07
5.974092738238243e-07
5.974092737900729e-07
5.974092741206173e-07
5.974092740779239e-07
5.974092737156053e-07
5.974092737848514e-07
5.974092738131211e-07
5.97409273714218e-07
5.97409273995708e-07
5.974089738827948e-07
5.974089738827948e-07
5.974089741585524e-07
5.974089740714783e-07
5.974089741319392e-07
5.974089745920088e-07
5.974089742089148e-07
5.974089742027182e-07
5.974089741823595e-07
5.974089744782231e-07
5.974089741863485e-07
5.974089741755866e-07
5.974089741634089e-07
5.974089741296567e-07
5.974089744602001e-07
5.974089744175066e-07
5.974089740551898e-07
5.974089741244355e-07
5.974089741527056e-07
5.974089740538022e-07
5.974089743352909e-07
5.974074755981447e-07
5.974074755981447e-07
5.974074758738981e-07
5.974074757868244e-07
5.974074758472849e-07
5.974074763073457e-07
5.974074759242604e-07
5.974074759180636e-07
5.974074758977056e-07
5.974074761935635e-07
5.974074759016939e-07
5.974074758909319e-07
5.974074758787545e-07
5.974074758450028e-07
5.974074761755417e-07
5.974074761328485e-07
5.974074757705363e-07
5.974074758397819e-07
5.974074758680513e-07
5.974074757691491e-07
5.974074760506326e-07
5.973999846330033e-07
5.973999846330033e-07
5.973999849087376e-07
5.973999848216661e-07
5.973999848821239e-07
5.973999853421444e-07
5.973999849590988e-07
5.973999849529008e-07
5.973999849325448e-07
5.973999852283783e-07
5.973999849365331e-07
5.973999849257716e-07
5.973999849135947e-07
5.973999848798446e-07
5.973999852103626e-07
5.973999851676701e-07
5.973999848053791e-07
5.97399984874624e-07
5.973999849028929e-07
5.973999848039937e-07
5.973999850854497e-07
5.973625410560886e-07
5.973625410560886e-07
5.973625413317246e-07
5.973625412446658e-07
5.973625413051087e-07
5.973625417649266e-07
5.973625413820814e-07
5.973625413758793e-07
5.973625413555345e-07
5.973625416512426e-07
5.973625413595179e-07
5.973625413487604e-07
5.973625413365854e-07
5.973625413028428e-07
5.973625416332543e-07
5.973625415905648e-07
5.973625412283864e-07
5.973625412976263e-07
5.973625413258911e-07
5.97362541227007e-07
5.973625415083272e-07
5.971756051223647e-07
5.971756051223647e-07
5.971756053975148e-07
5.971756053105135e-07
5.971756053708836e-07
5.971756058296905e-07
5.971756054478462e-07
5.971756054416182e-07
5.971756054213292e-07
5.971756057164138e-07
5.971756054252953e-07
5.971756054145505e-07
5.971756054023889e-07
5.971756053686846e-07
5.971756056985629e-07
5.971756056558915e-07
5.971756052942726e-07
5.971756053634854e-07
5.971756053917334e-07
5.971756052929215e-07
5.971756055735649e-07
5.962479526515107e-07
5.962479526515107e-07
5.962479529242319e-07
5.96247952837523e-07
5.962479528975273e-07
5.962479533512867e-07
5.962479529744394e-07
5.962479529680851e-07
5.962479529480731e-07
5.962479532400434e-07
5.962479529519519e-07
5.96247952941273e-07
5.962479529291766e-07
5.962479528956631e-07
5.9624795322288e-07
5.962479531802988e-07
5.962479528214713e-07
5.962479528905515e-07
5.962479529187118e-07
5.962479528202674e-07
5.962479530975301e-07
5.917826975250965e-07
5.917826975250965e-07
5.917826977857909e-07
5.917826977005262e-07
5.917826977587233e-07
5.91782698187486e-07
5.91782697835383e-07
5.917826978284001e-07
5.917826978097648e-07
5.917826980863121e-07
5.917826978132092e-07
5.917826978028578e-07
5.917826977910828e-07
5.91782697758513e-07
5.917826980725534e-07
5.917826980304172e-07
5.917826976854147e-07
5.917826977538366e-07
5.917826977815638e-07
5.917826976849383e-07
5.917826979454573e-07
5.734580294158933e-07
5.734580294158933e-07
5.734580296193538e-07
5.734580295409642e-07
5.73458029590558e-07
5.734580299003626e-07
5.734580296660185e-07
5.734580296560451e-07
5.734580296439576e-07
5.73458029847111e-07
5.734580296453376e-07
5.734580296365435e-07
5.73458029626298e-07
5.734580295982223e-07
5.73458029849553e-07
5.734580298095374e-07
5.734580295303252e-07
5.734580295956167e-07
5.734580296212801e-07
5.734580295333103e-07
5.734580297141487e-07
5.473390685510237e-07
5.473390685510237e-07
5.473390685742093e-07
5.473390685174743e-07
5.473390685399685e-07
5.473390684750774e-07
5.473390686116497e-07
5.473390685922608e-07
5.473390686007979e-07
5.47339068572772e-07
5.473390685956737e-07
5.473390685917858e-07
5.473390685863573e-07
5.473390685724369e-07
5.473390686262434e-07
5.473390685929067e-07
5.473390685209229e-07
5.473390685763537e-07
5.473390685955184e-07
5.473390685348114e-07
5.473390684646704e-07
     fun: 5.488333905775749e-07
     jac: array([ 1.25597666e-09, -2.45671572e-09, -1.01293551e-09, -7.41123785e-09,
        3.71376530e-09,  2.41934117e-09,  3.01440650e-09,  1.64028791e-10,
        2.66618372e-09,  2.41698217e-09,  2.06593143e-09,  1.16846621e-09,
        3.79164078e-09,  1.64735070e-09, -2.20757101e-09,  1.43700163e-09,
        2.69236011e-09, -1.27402444e-09, -7.27182226e-09])
 message: 'Optimization terminated successfully.'
    nfev: 252
     nit: 12
    njev: 12
  status: 0
 success: True
       x: array([7.97264123, 5.68318973, 7.71772294, 1.61347825, 7.79705407,
       6.79552989, 7.58900545, 1.70839159, 7.00654657, 7.01118538,
       1.78231654, 8.12966821, 1.85366744, 1.7724253 , 5.70223947,
       7.51456316, 1.36697482, 7.20530815, 1.67127922])

========================================================

Final result:
7.972641233821583
5.683189734098403
7.717722942621038
1.6134782463599842
1.6134782463599842
1.6134782463599842
7.797054066477687
6.795529885069637
7.589005454771879
1.70839159358842
1.70839159358842
7.006546568497221
7.011185380275185
1.7823165390129505
8.129668214427543
1.8536674377093987
1.8536674377093987
1.772425301912481
1.772425301912481
5.7022394708300155
7.514563155733881
1.3669748237635124
7.205308154449261
1.6712792235160985
1.6712792235160985
1.6712792235160985
