1.4873241996942542e-06
1.4873241996942542e-06
1.4873242001448247e-06
1.487324200031328e-06
1.4873242000802327e-06
1.487324200782122e-06
1.4873242002590073e-06
1.4873242002981885e-06
1.4873242002496086e-06
1.4873242002715702e-06
1.4873242002724761e-06
1.4873242001063234e-06
1.4873242008728952e-06
1.4873242002148641e-06
1.4873242003471972e-06
1.487324200613648e-06
1.4873242006055907e-06
1.4873242004477582e-06
1.487324200371045e-06
1.487324200048128e-06
1.4873242000173212e-06
1.4873241614299073e-06
1.4873241614299073e-06
1.4873241618804806e-06
1.48732416176698e-06
1.4873241618158882e-06
1.4873241625177736e-06
1.487324161994666e-06
1.4873241620338471e-06
1.4873241619852588e-06
1.487324162007225e-06
1.487324162008129e-06
1.487324161841973e-06
1.487324162608552e-06
1.48732416195052e-06
1.4873241620828474e-06
1.4873241623493027e-06
1.4873241623412451e-06
1.4873241621834103e-06
1.4873241621066964e-06
1.4873241617837784e-06
1.487324161752973e-06
1.4873239701080677e-06
1.4873239701080677e-06
1.487323970558638e-06
1.487323970445145e-06
1.4873239704940498e-06
1.4873239711959365e-06
1.487323970672822e-06
1.4873239707120054e-06
1.4873239706634236e-06
1.4873239706853793e-06
1.4873239706862873e-06
1.487323970520135e-06
1.4873239712867094e-06
1.4873239706286724e-06
1.4873239707610117e-06
1.4873239710274627e-06
1.4873239710194074e-06
1.4873239708615778e-06
1.4873239707848555e-06
1.4873239704619392e-06
1.4873239704311362e-06
1.4873230135002527e-06
1.4873230135002527e-06
1.4873230139508193e-06
1.4873230138373262e-06
1.4873230138862324e-06
1.4873230145881166e-06
1.4873230140650064e-06
1.4873230141041912e-06
1.4873230140556092e-06
1.4873230140775713e-06
1.4873230140784744e-06
1.48732301391232e-06
1.487323014678893e-06
1.4873230140208596e-06
1.487323014153197e-06
1.4873230144196485e-06
1.48732301441159e-06
1.4873230142537588e-06
1.4873230141770432e-06
1.487323013854127e-06
1.4873230138233193e-06
1.4873182304997412e-06
1.4873182304997412e-06
1.4873182309503091e-06
1.4873182308368114e-06
1.4873182308857106e-06
1.487318231587586e-06
1.4873182310644873e-06
1.4873182311036733e-06
1.4873182310550894e-06
1.4873182310770551e-06
1.4873182310779591e-06
1.4873182309118013e-06
1.4873182316783765e-06
1.4873182310203422e-06
1.487318231152672e-06
1.4873182314191234e-06
1.4873182314110658e-06
1.4873182312532367e-06
1.4873182311765188e-06
1.4873182308536032e-06
1.4873182308228038e-06
1.4872943166950653e-06
1.4872943166950653e-06
1.4872943171455998e-06
1.4872943170321027e-06
1.4872943170810057e-06
1.4872943177828306e-06
1.4872943172597771e-06
1.4872943172989562e-06
1.4872943172503797e-06
1.4872943172723418e-06
1.4872943172732483e-06
1.487294317107095e-06
1.4872943178736266e-06
1.4872943172156287e-06
1.4872943173479467e-06
1.487294317614385e-06
1.487294317606326e-06
1.4872943174485056e-06
1.4872943173717928e-06
1.4872943170489038e-06
1.487294317018098e-06
1.4871747781373592e-06
1.4871747781373592e-06
1.48717477858776e-06
1.487174778474283e-06
1.4871747785231694e-06
1.4871747792247356e-06
1.4871747787019279e-06
1.4871747787411038e-06
1.4871747786925324e-06
1.4871747787144938e-06
1.4871747787153866e-06
1.4871747785492688e-06
1.4871747793155973e-06
1.4871747786577824e-06
1.4871747787900197e-06
1.487174779056404e-06
1.4871747790483328e-06
1.4871747788905608e-06
1.4871747788138686e-06
1.4871747784910876e-06
1.4871747784603003e-06
1.486577818398427e-06
1.486577818398427e-06
1.4865778188481467e-06
1.4865778187347423e-06
1.4865778187835793e-06
1.4865778194838477e-06
1.4865778189622511e-06
1.4865778190013976e-06
1.4865778189528651e-06
1.4865778189748143e-06
1.4865778189756832e-06
1.4865778188097149e-06
1.4865778195750706e-06
1.486577818918117e-06
1.4865778190499607e-06
1.4865778193160811e-06
1.4865778193079384e-06
1.4865778191504106e-06
1.4865778190737948e-06
1.4865778187515928e-06
1.4865778187208677e-06
1.4836113846339615e-06
1.4836113846339615e-06
1.483611385080295e-06
1.4836113849672653e-06
1.483611385015821e-06
1.4836113857096291e-06
1.4836113851940866e-06
1.4836113852330605e-06
1.4836113851847588e-06
1.4836113852066527e-06
1.4836113852073424e-06
1.483611385042131e-06
1.4836113858026357e-06
1.4836113851499845e-06
1.483611385279883e-06
1.483611385544657e-06
1.4836113855361905e-06
1.4836113853798892e-06
1.4836113853036581e-06
1.4836113849843138e-06
1.4836113849539258e-06
1.4692324500149809e-06
1.4692324500149809e-06
1.4692324504445426e-06
1.4692324503333706e-06
1.4692324503805355e-06
1.4692324510422722e-06
1.469232450556774e-06
1.4692324505949217e-06
1.4692324505477296e-06
1.4692324505693362e-06
1.4692324505691928e-06
1.46923245040772e-06
1.4692324511441251e-06
1.4692324505128277e-06
1.4692324506330744e-06
1.469232450891195e-06
1.4692324508811042e-06
1.4692324507308817e-06
1.4692324506565658e-06
1.4692324503514107e-06
1.4692324503226774e-06
1.4079687483952531e-06
1.4079687483952531e-06
1.4079687487442366e-06
1.4079687486419799e-06
1.4079687486824714e-06
1.4079687491902147e-06
1.407968748849001e-06
1.407968748883163e-06
1.407968748841313e-06
1.4079687488615444e-06
1.4079687488573706e-06
1.407968748713873e-06
1.407968749334553e-06
1.4079687488058426e-06
1.4079687488797028e-06
1.4079687491058386e-06
1.4079687490879713e-06
1.4079687489669457e-06
1.4079687489018487e-06
1.4079687486647985e-06
1.4079687486440242e-06
1.2917813875278049e-06
1.2917813875278049e-06
1.2917813875535928e-06
1.291781387487088e-06
1.2917813875008286e-06
1.291781387390887e-06
1.291781387628376e-06
1.2917813876465786e-06
1.2917813876261253e-06
1.291781387640872e-06
1.2917813876205183e-06
1.2917813875491327e-06
1.2917813877056487e-06
1.291781387588354e-06
1.2917813874761903e-06
1.2917813875740541e-06
1.2917813875250044e-06
1.2917813875210513e-06
1.2917813874929291e-06
1.2917813875290695e-06
1.2917813875401923e-06
1.291655204400598e-06
1.291655204400598e-06
1.291655204422779e-06
1.2916552043566824e-06
1.291655204370118e-06
1.2916552042533077e-06
1.2916552044972367e-06
1.2916552045152618e-06
1.2916552044950511e-06
1.291655204509736e-06
1.2916552044891998e-06
1.2916552044186102e-06
1.291655204569969e-06
1.2916552044572512e-06
1.2916552043430142e-06
1.2916552044394555e-06
1.2916552043900542e-06
1.2916552043874077e-06
1.291655204359694e-06
1.2916552043988716e-06
1.29165520441035e-06
     fun: 1.2984088569827112e-06
     jac: array([ 8.91390073e-10, -3.39385053e-09, -2.55703014e-09, -1.42097321e-08,
        5.73683678e-09,  6.89453827e-09,  5.60262947e-09,  6.55900578e-09,
        5.17964338e-09,  6.62666366e-10,  8.24218205e-09,  3.11196402e-09,
       -5.59506930e-09,  1.70714998e-10, -3.12317638e-09, -2.88244451e-09,
       -4.53891857e-09, -5.84847726e-10,  2.26279440e-10])
 message: 'Optimization terminated successfully.'
    nfev: 273
     nit: 13
    njev: 13
  status: 0
 success: True
       x: array([8.5451879 , 5.71949153, 8.79678302, 1.4625714 , 8.56676657,
       1.28229422, 9.73904375, 1.63991677, 9.49140942, 9.274893  ,
       1.38839219, 9.30385309, 6.50171486, 8.84355965, 1.4693926 ,
       9.18252592, 1.95541754, 9.36582284, 2.29846014])

========================================================

Final result:
8.54518789681478
5.719491526756568
8.79678301777443
1.462571404250847
1.462571404250847
1.462571404250847
8.566766572391494
1.28229422147498
9.739043754084651
1.639916770276088
9.491409424226923
9.274893000638906
1.3883921889601014
1.3883921889601014
9.303853087021576
6.501714864652855
8.843559648528517
8.843559648528517
1.4693925953338767
9.182525919039035
9.182525919039035
1.4693925953338767
1.9554175403210292
9.365822835882566
1.9554175403210292
2.298460141397869
6.501714864652855
