10.6579735009
10.6579735009
10.6579734994
10.6579734995
10.6579734996
10.6579734974
10.6579734993
10.6579734993
10.6579734993
10.6579734993
10.6579734994
10.6579734993
10.6579734993
10.6579734995
10.6579734994
10.6579734994
10.6579734968
10.6579734995
10.6579734994
10.6579734994
10.6579734997
10.6579734974
10.2711389514
10.2711389514
10.2711389499
10.27113895
10.2711389502
10.2711389479
10.2711389498
10.2711389498
10.2711389498
10.2711389498
10.2711389499
10.2711389499
10.2711389499
10.27113895
10.2711389499
10.2711389499
10.2711389473
10.2711389501
10.2711389499
10.2711389499
10.2711389502
10.271138948
8.37233506636
8.37233506636
8.37233506489
8.37233506491
8.37233506515
8.37233506298
8.37233506476
8.37233506473
8.37233506474
8.3723350647
8.37233506483
8.37233506478
8.3723350648
8.372335065
8.37233506488
8.37233506484
8.37233506243
8.37233506501
8.37233506488
8.37233506484
8.37233506517
8.37233506304
3.36620829256
3.36620829256
3.36620829288
3.36620829254
3.36620829336
3.3662082954
3.36620829288
3.36620829294
3.36620829283
3.36620829276
3.36620829304
3.36620829275
3.36620829293
3.36620829357
3.36620829281
3.36620829255
3.36620829606
3.36620829288
3.36620829299
3.36620829295
3.36620829336
3.36620829532
3.32873322458
2.87132682403
2.87132682403
2.8713268235
2.8713268232
2.8713268241
2.8713268248
2.87132682343
2.87132682348
2.87132682338
2.87132682329
2.87132682363
2.87132682333
2.87132682351
2.87132682422
2.87132682343
2.87132682317
2.87132682512
2.87132682358
2.87132682361
2.87132682355
2.87132682411
2.87132682476
2.82836145331
2.82836145331
2.82836145279
2.82836145248
2.82836145338
2.82836145408
2.82836145272
2.82836145277
2.82836145267
2.82836145258
2.82836145292
2.82836145262
2.8283614528
2.8283614535
2.82836145272
2.82836145246
2.82836145439
2.82836145287
2.82836145289
2.82836145284
2.82836145339
2.82836145404
2.62379919457
2.62379919457
2.62379919406
2.62379919375
2.62379919463
2.62379919528
2.62379919402
2.62379919407
2.62379919397
2.62379919389
2.62379919421
2.62379919391
2.6237991941
2.62379919475
2.62379919403
2.62379919374
2.62379919559
2.62379919418
2.62379919417
2.62379919413
2.62379919464
2.62379919525
1.92116601352
1.92116601352
1.9211660132
1.92116601295
1.92116601351
1.9211660138
1.92116601331
1.92116601344
1.92116601331
1.92116601334
1.92116601346
1.92116601319
1.92116601346
1.92116601363
1.92116601338
1.92116601301
1.921166014
1.92116601354
1.92116601336
1.92116601344
1.92116601355
1.92116601384
1.88190008221
1.88190008221
1.88190008216
1.88190008203
1.88190008208
1.8819000818
1.8819000824
1.88190008257
1.88190008245
1.88190008259
1.88190008245
1.8819000823
1.88190008257
1.88190008215
1.88190008252
1.88190008216
1.88190008177
1.88190008263
1.8819000823
1.88190008251
1.88190008213
1.88190008189
1.82503780477
1.82503780477
1.82503780463
1.82503780445
1.82503780469
1.82503780462
1.82503780483
1.82503780499
1.82503780486
1.82503780497
1.82503780491
1.82503780471
1.82503780499
1.82503780477
1.82503780493
1.82503780455
1.82503780465
1.82503780505
1.82503780478
1.82503780495
1.82503780474
1.82503780468
1.82179552611
1.82179552611
1.82179552596
1.82179552578
1.82179552603
1.82179552598
1.82179552616
1.82179552631
1.82179552619
1.82179552629
1.82179552623
1.82179552604
1.82179552631
1.8217955261
1.82179552625
1.82179552588
1.82179552599
1.82179552637
1.82179552611
1.82179552627
1.82179552607
1.82179552603
1.80819156065
1.80819156065
1.80819156053
1.80819156036
1.8081915606
1.80819156061
1.80819156071
1.80819156086
1.80819156073
1.80819156083
1.80819156076
1.80819156059
1.80819156083
1.80819156063
1.80819156076
1.80819156044
1.80819156049
1.80819156087
1.80819156065
1.80819156081
1.80819156062
1.80819156058
1.76434156046
1.76434156046
1.76434156045
1.76434156032
1.76434156052
1.76434156074
1.76434156054
1.76434156065
1.76434156052
1.76434156063
1.76434156047
1.76434156042
1.76434156051
1.76434156036
1.76434156042
1.76434156031
1.7643415601
1.76434156047
1.76434156046
1.76434156058
1.76434156043
1.76434156041
1.75226938619
1.75226938619
1.75226938633
1.75226938629
1.75226938639
1.75226938683
1.75226938631
1.75226938635
1.75226938624
1.75226938635
1.75226938605
1.75226938619
1.75226938605
1.75226938599
1.75226938593
1.75226938616
1.75226938554
1.75226938588
1.75226938619
1.75226938625
1.75226938617
1.75226938615
1.7486765788
1.7486765788
1.74867657895
1.74867657892
1.74867657899
1.74867657941
1.74867657893
1.74867657896
1.74867657886
1.74867657897
1.74867657868
1.74867657882
1.74867657867
1.74867657862
1.74867657855
1.74867657879
1.74867657825
1.7486765785
1.74867657882
1.74867657887
1.74867657879
1.7486765788
1.73330530701
1.73330530701
1.73330530707
1.73330530707
1.73330530703
1.73330530704
1.73330530707
1.73330530707
1.73330530705
1.73330530715
1.73330530689
1.73330530702
1.73330530688
1.73330530689
1.73330530675
1.73330530701
1.73330530667
1.73330530671
1.733305307
1.73330530703
1.73330530697
1.7333053069
1.73003278804
1.73003278804
1.7300327881
1.73003278813
1.73003278799
1.73003278783
1.73003278814
1.73003278813
1.73003278816
1.73003278825
1.73003278805
1.73003278813
1.73003278803
1.7300327881
1.7300327879
1.73003278812
1.73003278828
1.73003278787
1.7300327881
1.73003278812
1.73003278807
1.73003278812
1.72920717199
1.72920717199
1.72920717202
1.72920717205
1.72920717191
1.72920717169
1.72920717205
1.72920717204
1.72920717207
1.72920717216
1.72920717197
1.72920717205
1.72920717194
1.72920717201
1.72920717182
1.72920717204
1.72920717213
1.72920717179
1.72920717202
1.72920717203
1.72920717199
1.72920717198
1.72670561654
1.72670561654
1.72670561653
1.72670561656
1.72670561643
1.72670561614
1.72670561655
1.72670561653
1.72670561656
1.72670561664
1.72670561646
1.72670561654
1.72670561644
1.72670561651
1.72670561633
1.72670561655
1.72670561651
1.72670561631
1.7267056165
1.72670561651
1.72670561648
1.72670561635
1.72261826897
1.72261826897
1.72261826891
1.72261826894
1.72261826884
1.72261826852
1.7226182689
1.72261826888
1.72261826891
1.72261826896
1.72261826884
1.7226182689
1.72261826882
1.72261826887
1.72261826875
1.72261826891
1.72261826872
1.72261826876
1.72261826884
1.72261826883
1.72261826882
1.72261826852
1.71835903857
1.71835903857
1.7183590385
1.71835903853
1.71835903847
1.71835903824
1.71835903848
1.71835903844
1.71835903848
1.71835903848
1.71835903844
1.71835903846
1.71835903842
1.71835903846
1.71835903841
1.71835903849
1.71835903826
1.71835903847
1.71835903839
1.71835903836
1.71835903837
1.71835903798
1.71532515078
1.71532515078
1.71532515077
1.71532515078
1.71532515076
1.71532515072
1.71532515074
1.7153251507
1.71532515073
1.7153251507
1.71532515073
1.71532515072
1.71532515071
1.71532515073
1.71532515074
1.71532515074
1.71532515063
1.71532515083
1.71532515064
1.71532515059
1.71532515062
1.71532515029
1.7139151997
1.7139151997
1.71391519974
1.71391519975
1.71391519973
1.7139151998
1.71391519972
1.71391519968
1.71391519971
1.71391519968
1.71391519972
1.7139151997
1.7139151997
1.71391519971
1.71391519974
1.71391519972
1.71391519972
1.71391519983
1.71391519963
1.71391519958
1.71391519961
1.71391519941
1.71295714192
1.71295714192
1.71295714199
1.71295714199
1.71295714197
1.71295714207
1.71295714197
1.71295714193
1.71295714196
1.71295714193
1.71295714197
1.71295714196
1.71295714196
1.71295714196
1.71295714199
1.71295714197
1.71295714201
1.71295714208
1.71295714189
1.71295714184
1.71295714188
1.71295714178
1.71206844795
1.71206844795
1.71206844802
1.71206844802
1.712068448
1.71206844809
1.71206844801
1.71206844797
1.71206844801
1.71206844797
1.71206844801
1.71206844802
1.712068448
1.71206844799
1.71206844803
1.71206844803
1.71206844806
1.71206844811
1.71206844796
1.71206844791
1.71206844796
1.71206844798
1.71185576867
1.71185576867
1.71185576872
1.71185576872
1.7118557687
1.71185576874
1.71185576872
1.71185576867
1.71185576872
1.71185576868
1.71185576872
1.71185576875
1.71185576871
1.71185576869
1.71185576873
1.71185576876
1.71185576871
1.71185576881
1.71185576871
1.71185576866
1.71185576873
1.71185576887
1.71250950346
1.71250950346
1.71250950348
1.71250950348
1.71250950345
1.71250950343
1.71250950348
1.71250950343
1.71250950349
1.71250950344
1.71250950348
1.71250950353
1.71250950347
1.71250950344
1.7125095035
1.71250950354
1.71250950337
1.71250950357
1.71250950351
1.71250950346
1.71250950354
1.71250950374
1.7133735884
1.7133735884
1.7133735884
1.7133735884
1.71337358837
1.71337358829
1.71337358839
1.71337358834
1.7133735884
1.71337358835
1.71337358839
1.71337358845
1.71337358839
1.71337358835
1.71337358841
1.71337358847
1.7133735882
1.71337358849
1.71337358844
1.71337358839
1.71337358848
1.71337358868
1.71435414245
1.71435414245
1.71435414241
1.71435414241
1.71435414238
1.71435414225
1.7143541424
1.71435414235
1.71435414241
1.71435414236
1.7143541424
1.71435414247
1.7143541424
1.71435414235
1.71435414243
1.71435414248
1.71435414213
1.7143541425
1.71435414246
1.7143541424
1.7143541425
1.71435414265
1.71554873489
1.71554873489
1.71554873481
1.71554873481
1.7155487348
1.71554873462
1.7155487348
1.71554873475
1.71554873481
1.71554873475
1.71554873481
1.71554873487
1.7155487348
1.71554873476
1.71554873483
1.71554873488
1.71554873445
1.71554873489
1.71554873487
1.71554873482
1.71554873491
1.71554873498
1.71616539417
1.71616539417
1.71616539408
1.71616539406
1.71616539407
1.71616539388
1.71616539407
1.71616539403
1.71616539407
1.71616539401
1.71616539407
1.71616539412
1.71616539407
1.71616539402
1.71616539408
1.71616539412
1.7161653937
1.71616539413
1.71616539413
1.71616539409
1.71616539415
1.71616539411
1.71533909237
1.71533909237
1.71533909231
1.71533909226
1.71533909231
1.71533909219
1.71533909231
1.71533909228
1.71533909231
1.71533909225
1.71533909231
1.71533909234
1.71533909231
1.71533909227
1.7153390923
1.71533909231
1.71533909205
1.71533909231
1.71533909235
1.71533909234
1.71533909234
1.71533909223
1.71444156819
1.71444156819
1.71444156818
1.71444156812
1.71444156818
1.71444156815
1.71444156819
1.71444156816
1.71444156818
1.71444156813
1.71444156818
1.7144415682
1.71444156818
1.71444156816
1.71444156815
1.71444156815
1.71444156807
1.71444156815
1.71444156821
1.71444156822
1.71444156817
1.7144415681
1.71384357389
1.71384357389
1.7138435739
1.71384357384
1.7138435739
1.71384357391
1.71384357392
1.7138435739
1.71384357392
1.71384357386
1.71384357391
1.71384357393
1.71384357391
1.71384357389
1.71384357388
1.71384357388
1.71384357387
1.71384357387
1.71384357394
1.71384357395
1.7138435739
1.71384357386
1.71350967259
1.71350967259
1.71350967261
1.71350967255
1.71350967261
1.71350967263
1.71350967263
1.71350967261
1.71350967263
1.71350967258
1.71350967262
1.71350967264
1.71350967262
1.7135096726
1.71350967259
1.71350967259
1.7135096726
1.71350967258
1.71350967265
1.71350967265
1.71350967261
1.71350967259
1.71312047078
1.71312047078
1.71312047081
1.71312047075
1.7131204708
1.71312047082
1.71312047083
1.7131204708
1.71312047082
1.71312047077
1.71312047081
1.71312047083
1.71312047082
1.71312047079
1.71312047078
1.71312047078
1.7131204708
1.71312047077
1.71312047084
1.71312047085
1.71312047081
1.71312047081
1.71257670145
1.71257670145
1.71257670148
1.71257670143
1.71257670147
1.7125767015
1.7125767015
1.71257670148
1.7125767015
1.71257670146
1.71257670149
1.71257670151
1.71257670149
1.71257670147
1.71257670146
1.71257670146
1.71257670149
1.71257670145
1.71257670152
1.71257670152
1.71257670149
1.71257670151
1.71214759182
1.71214759182
1.71214759186
1.71214759181
1.71214759185
1.71214759188
1.71214759188
1.71214759186
1.71214759188
1.71214759184
1.71214759187
1.71214759188
1.71214759186
1.71214759185
1.71214759184
1.71214759183
1.71214759188
1.71214759184
1.71214759189
1.71214759188
1.71214759187
1.71214759192
1.7123529034
1.7123529034
1.71235290345
1.71235290339
1.71235290343
1.71235290346
1.71235290347
1.71235290344
1.71235290346
1.71235290344
1.71235290345
1.71235290346
1.71235290343
1.71235290343
1.71235290342
1.7123529034
1.71235290345
1.71235290342
1.71235290346
1.71235290344
1.71235290344
1.71235290351
1.71314659483
1.71314659483
1.71314659487
1.71314659481
1.71314659485
1.71314659486
1.71314659488
1.71314659486
1.71314659488
1.71314659486
1.71314659486
1.71314659486
1.71314659484
1.71314659484
1.71314659484
1.71314659481
1.71314659485
1.71314659484
1.71314659486
1.71314659483
1.71314659485
1.71314659489
1.7136336051
1.7136336051
1.71363360514
1.71363360508
1.71363360512
1.71363360512
1.71363360515
1.71363360513
1.71363360514
1.71363360512
1.71363360513
1.71363360513
1.71363360511
1.71363360511
1.71363360511
1.71363360507
1.7136336051
1.7136336051
1.71363360512
1.7136336051
1.71363360512
1.71363360513
1.71370251059
1.71370251059
1.71370251062
1.71370251056
1.71370251061
1.71370251061
1.71370251064
1.71370251062
1.71370251063
1.71370251061
1.71370251061
1.71370251061
1.7137025106
1.7137025106
1.71370251059
1.71370251056
1.71370251058
1.71370251059
1.71370251061
1.71370251059
1.7137025106
1.7137025106
1.71370248774
1.71370248774
1.71370248777
1.71370248771
1.71370248775
1.71370248775
1.71370248778
1.71370248776
1.71370248777
1.71370248775
1.71370248776
1.71370248776
1.71370248774
1.71370248774
1.71370248774
1.7137024877
1.71370248772
1.71370248773
1.71370248776
1.71370248773
1.71370248774
1.71370248774
1.71369061303
1.71369061303
1.71369061305
1.71369061299
1.71369061304
1.71369061304
1.71369061307
1.71369061305
1.71369061306
1.71369061304
1.71369061304
1.71369061305
1.71369061303
1.71369061303
1.71369061302
1.71369061299
1.71369061301
1.71369061302
1.71369061304
1.71369061302
1.71369061303
1.71369061302
1.71366878295
1.71366878295
1.71366878297
1.71366878291
1.71366878296
1.71366878296
1.71366878299
1.71366878297
1.71366878298
1.71366878296
1.71366878297
1.71366878297
1.71366878295
1.71366878295
1.71366878294
1.71366878291
1.71366878293
1.71366878294
1.71366878297
1.71366878295
1.71366878295
1.71366878294
1.71363075439
1.71363075439
1.71363075441
1.71363075435
1.7136307544
1.7136307544
1.71363075443
1.7136307544
1.71363075442
1.7136307544
1.71363075441
1.71363075441
1.71363075439
1.71363075439
1.71363075438
1.71363075436
1.71363075437
1.71363075438
1.71363075441
1.71363075439
1.71363075439
1.71363075437
1.71357966592
1.71357966592
1.71357966593
1.71357966587
1.71357966593
1.71357966593
1.71357966595
1.71357966592
1.71357966595
1.71357966593
1.71357966593
1.71357966594
1.71357966592
1.71357966592
1.71357966591
1.71357966589
1.71357966589
1.71357966591
1.71357966594
1.71357966592
1.71357966592
1.7135796659
1.7135360842
1.7135360842
1.71353608422
1.71353608415
1.71353608421
1.71353608422
1.71353608423
1.7135360842
1.71353608424
1.71353608422
1.71353608422
1.71353608423
1.7135360842
1.7135360842
1.71353608419
1.71353608418
1.71353608418
1.71353608419
1.71353608422
1.7135360842
1.71353608421
1.71353608419
1.71351517665
1.71351517665
1.71351517666
1.7135151766
1.71351517666
1.71351517667
1.71351517668
1.71351517665
1.71351517668
1.71351517667
1.71351517667
1.71351517667
1.71351517665
1.71351517665
1.71351517664
1.71351517662
1.71351517663
1.71351517664
1.71351517667
1.71351517665
1.71351517665
1.71351517665
1.71350525793
1.71350525793
1.71350525795
1.71350525789
1.71350525794
1.71350525795
1.71350525797
1.71350525794
1.71350525797
1.71350525796
1.71350525795
1.71350525796
1.71350525793
1.71350525793
1.71350525793
1.71350525791
1.71350525792
1.71350525793
1.71350525796
1.71350525793
1.71350525794
1.71350525794
1.71349300138
1.71349300138
1.7134930014
1.71349300134
1.71349300139
1.7134930014
1.71349300142
1.71349300139
1.71349300142
1.71349300141
1.7134930014
1.71349300141
1.71349300138
1.71349300139
1.71349300138
1.71349300136
1.71349300137
1.71349300138
1.71349300141
1.71349300138
1.71349300139
1.71349300139
1.71346200243
1.71346200243
1.71346200245
1.71346200239
1.71346200244
1.71346200246
1.71346200247
1.71346200244
1.71346200247
1.71346200246
1.71346200245
1.71346200246
1.71346200243
1.71346200244
1.71346200243
1.71346200241
1.71346200243
1.71346200243
1.71346200246
1.71346200243
1.71346200244
1.71346200245
1.71339749873
1.71339749873
1.71339749875
1.7133974987
1.71339749874
1.71339749875
1.71339749877
1.71339749874
1.71339749877
1.71339749876
1.71339749875
1.71339749876
1.71339749873
1.71339749874
1.71339749873
1.71339749871
1.71339749873
1.71339749873
1.71339749875
1.71339749873
1.71339749874
1.71339749875
1.71327421612
1.71327421612
1.71327421614
1.71327421608
1.71327421613
1.71327421614
1.71327421616
1.71327421614
1.71327421616
1.71327421614
1.71327421614
1.71327421615
1.71327421612
1.71327421612
1.71327421612
1.71327421609
1.71327421611
1.71327421612
1.71327421614
1.71327421612
1.71327421613
1.71327421614
1.71310788489
1.71310788489
1.71310788492
1.71310788486
1.7131078849
1.71310788491
1.71310788494
1.71310788491
1.71310788493
1.71310788491
1.71310788491
1.71310788492
1.71310788489
1.7131078849
1.71310788489
1.71310788487
1.71310788489
1.71310788489
1.71310788491
1.71310788489
1.7131078849
1.71310788491
1.71299647434
1.71299647434
1.71299647436
1.71299647431
1.71299647435
1.71299647436
1.71299647438
1.71299647436
1.71299647438
1.71299647436
1.71299647436
1.71299647437
1.71299647434
1.71299647435
1.71299647434
1.71299647432
1.71299647434
1.71299647434
1.71299647436
1.71299647434
1.71299647435
1.71299647436
1.71298675767
1.71298675767
1.71298675769
1.71298675764
1.71298675769
1.71298675769
1.71298675771
1.71298675769
1.71298675771
1.71298675769
1.71298675769
1.7129867577
1.71298675767
1.71298675768
1.71298675767
1.71298675765
1.71298675767
1.71298675767
1.7129867577
1.71298675767
1.71298675768
1.71298675768
1.71299789697
     fun: 1.7220474260274659
     jac: array([  1.11207366e-04,  -8.21650028e-05,   4.18722630e-06,
        -1.23083591e-05,   9.88394022e-05,   1.90436840e-04,
        -6.43581152e-05,  -3.78787518e-05,  -5.64604998e-05,
         4.73707914e-05,  -1.46195292e-04,   2.59578228e-05,
        -4.79817390e-05,   4.30643559e-05,   4.75347042e-05,
         1.26332045e-04,   5.80549240e-05,  -2.94446945e-05,
         1.88648701e-05,   6.52372837e-05])
 message: 'Optimization terminated successfully.'
    nfev: 1256
     nit: 57
    njev: 57
  status: 0
 success: True
       x: array([ 7.17961536,  6.66071488,  7.74357273,  1.81009776,  6.42933862,
        0.99790541,  7.32642534,  1.33479522,  6.92145908,  7.20966047,
        1.88552561,  7.62487676,  5.91247253,  6.49955303,  2.14096236,
        1.64218232,  6.6408546 ,  1.34079606,  7.27425378,  1.87845063])

========================================================

Final result:
7.17961535989
6.66071488233
7.74357272868
1.81009776108
1.81009776108
1.81009776108
6.42933861977
0.997905409926
7.32642534059
1.33479522486
6.92145907934
7.20966046882
1.88552561284
7.62487676497
5.91247252834
6.4995530296
2.14096236111
2.14096236111
2.14096236111
1.64218232093
6.64085460385
1.34079606291
7.27425378466
1.87845063258
1.87845063258
1.87845063258
