4.41347157765
4.41347157765
4.41347157693
4.41347157693
4.41347157698
4.41347157568
4.41347157692
4.41347157691
4.41347157692
4.4134715769
4.41347157694
4.41347157692
4.41347157555
4.4134715762
4.3457565573
4.3457565573
4.34575655659
4.34575655658
4.34575655663
4.34575655533
4.34575655658
4.34575655657
4.34575655657
4.34575655656
4.3457565566
4.34575655657
4.34575655521
4.34575655585
4.00811300984
4.00811300984
4.00811300913
4.00811300912
4.00811300918
4.00811300789
4.00811300912
4.00811300911
4.00811300911
4.0081130091
4.00811300914
4.00811300911
4.00811300775
4.00811300839
2.35953624802
2.35953624802
2.35953624734
2.35953624731
2.3595362474
2.35953624622
2.35953624732
2.35953624733
2.35953624731
2.35953624729
2.35953624736
2.35953624729
2.35953624607
2.35953624655
6.05796855645
1.03985599064
1.03985599064
1.039855991
1.03985599092
1.0398559911
1.03985599209
1.03985599101
1.03985599106
1.03985599095
1.03985599091
1.03985599106
1.03985599083
1.03985599199
1.03985599093
0.98238685032
0.98238685032
0.982386849957
0.982386849881
0.982386850082
0.982386849701
0.982386849954
0.982386849988
0.982386849904
0.982386849858
0.982386850018
0.982386849803
0.982386849499
0.982386849213
0.871698455702
0.871698455702
0.871698455674
0.871698455582
0.871698455805
0.871698456111
0.87169845568
0.871698455726
0.871698455619
0.871698455569
0.871698455747
0.87169845549
0.871698455936
0.871698455183
0.869000341088
0.869000341088
0.869000341051
0.869000340959
0.869000341182
0.869000341468
0.869000341058
0.869000341104
0.869000340997
0.869000340947
0.869000341126
0.869000340869
0.869000341298
0.869000340556
0.853449769837
0.853449769837
0.853449769792
0.853449769701
0.853449769919
0.853449770181
0.853449769802
0.853449769847
0.853449769745
0.853449769695
0.853449769875
0.853449769621
0.853449770048
0.853449769315
0.785673805971
0.785673805971
0.785673805906
0.785673805817
0.785673806011
0.785673806171
0.785673805932
0.785673805975
0.785673805897
0.785673805848
0.785673806028
0.785673805794
0.78567380624
0.785673805541
0.700878679773
0.700878679773
0.700878679632
0.700878679581
0.700878679599
0.700878679234
0.700878679731
0.700878679751
0.700878679814
0.700878679783
0.700878679913
0.700878679844
0.700878680269
0.700878679936
0.68615120185
0.68615120185
0.686151201727
0.686151201662
0.686151201738
0.686151201528
0.686151201807
0.686151201836
0.686151201856
0.686151201817
0.686151201969
0.686151201845
0.686151202294
0.686151201831
0.684263846802
0.684263846802
0.68426384668
0.684263846615
0.684263846691
0.684263846481
0.684263846759
0.684263846788
0.684263846808
0.68426384677
0.68426384692
0.684263846799
0.68426384724
0.684263846789
0.675162479909
0.675162479909
0.675162479793
0.675162479728
0.675162479807
0.675162479618
0.675162479868
0.675162479897
0.675162479913
0.675162479876
0.675162480017
0.675162479908
0.67516248031
0.675162479903
0.643775767509
0.643775767509
0.643775767422
0.643775767362
0.643775767454
0.643775767371
0.643775767476
0.643775767504
0.643775767503
0.64377576747
0.643775767565
0.643775767517
0.643775767723
0.643775767535
0.631160306233
0.631160306233
0.63116030619
0.631160306138
0.631160306242
0.631160306305
0.631160306211
0.631160306238
0.631160306214
0.631160306188
0.631160306217
0.631160306252
0.631160306187
0.631160306302
0.630914502458
0.630914502458
0.630914502411
0.630914502358
0.630914502461
0.630914502509
0.630914502435
0.630914502462
0.63091450244
0.630914502414
0.630914502449
0.630914502477
0.630914502438
0.630914502523
0.630762836735
0.630762836735
0.630762836686
0.630762836634
0.630762836736
0.630762836779
0.630762836712
0.630762836738
0.630762836717
0.630762836691
0.630762836728
0.630762836753
0.630762836723
0.630762836798
0.629811498081
0.629811498081
0.629811498029
0.629811497976
0.629811498074
0.629811498099
0.629811498057
0.629811498083
0.629811498066
0.62981149804
0.629811498083
0.629811498097
0.629811498101
0.629811498137
0.627662844224
0.627662844224
0.627662844167
0.627662844118
0.627662844205
0.627662844202
0.627662844199
0.627662844223
0.627662844213
0.627662844189
0.627662844239
0.627662844236
0.62766284429
0.627662844267
0.623631536961
0.623631536961
0.623631536905
0.623631536864
0.623631536931
0.623631536895
0.623631536937
0.623631536955
0.623631536957
0.623631536939
0.62363153699
0.623631536968
0.623631537074
0.623631536985
0.617287845072
0.617287845072
0.617287845027
0.617287845004
0.617287845037
0.617287844977
0.617287845053
0.617287845061
0.617287845076
0.617287845073
0.617287845109
0.617287845072
0.617287845207
0.61728784507
0.61216942599
0.61216942599
0.612169425968
0.612169425963
0.612169425967
0.612169425922
0.612169425979
0.612169425977
0.612169425999
0.61216942601
0.612169426016
0.612169425987
0.61216942608
0.612169425976
0.610476432742
0.610476432742
0.610476432734
0.610476432736
0.610476432735
0.610476432724
0.610476432735
0.610476432729
0.610476432749
0.610476432765
0.610476432749
0.610476432739
0.610476432765
0.610476432732
0.61030485195
0.61030485195
0.610304851945
0.610304851946
0.610304851949
0.610304851952
0.610304851944
0.610304851939
0.610304851955
0.610304851971
0.610304851951
0.61030485195
0.61030485195
0.610304851947
0.610297029286
0.610297029286
0.61029702928
0.61029702928
0.610297029285
0.61029702929
0.610297029279
0.610297029275
0.610297029291
0.610297029306
0.610297029286
0.610297029286
0.610297029284
0.610297029283
0.610292164917
0.610292164917
0.610292164911
0.610292164911
0.610292164916
0.610292164922
0.610292164911
0.610292164906
0.610292164922
0.610292164937
0.610292164918
0.610292164917
0.610292164915
0.610292164915
0.610271212789
0.610271212789
0.610271212783
0.610271212782
0.610271212789
0.610271212795
0.610271212782
0.610271212779
0.610271212793
0.610271212808
0.610271212789
0.610271212789
0.610271212785
0.610271212788
0.610225402145
0.610225402145
0.610225402139
0.610225402137
0.610225402146
0.610225402154
0.610225402139
0.610225402136
0.610225402149
0.610225402162
0.610225402145
0.610225402146
0.61022540214
0.610225402147
0.610103021121
0.610103021121
0.610103021114
0.61010302111
0.610103021123
0.610103021134
0.610103021115
0.610103021113
0.610103021124
0.610103021135
0.61010302112
0.610103021123
0.610103021113
0.610103021126
0.609823021536
0.609823021536
0.609823021527
0.609823021521
0.609823021538
0.609823021552
0.609823021529
0.60982302153
0.609823021537
0.609823021545
0.609823021533
0.609823021538
0.609823021523
0.609823021543
0.609261929796
0.609261929796
0.609261929788
0.609261929779
0.6092619298
0.609261929816
0.609261929791
0.609261929795
0.609261929795
0.609261929799
0.609261929792
0.6092619298
0.60926192978
0.609261929808
0.608486865755
0.608486865755
0.608486865748
0.608486865739
0.608486865758
0.608486865772
0.608486865751
0.608486865759
0.608486865752
0.608486865751
0.60848686575
0.608486865758
0.608486865739
0.608486865766
0.607928132106
0.607928132106
0.607928132102
0.607928132097
0.607928132107
0.607928132114
0.607928132105
0.607928132113
0.607928132104
0.607928132102
0.607928132103
0.607928132107
0.607928132097
0.607928132112
0.607773540069
0.607773540069
0.607773540067
0.607773540066
0.607773540069
0.60777354007
0.60777354007
0.607773540076
0.607773540069
0.607773540069
0.607773540068
0.607773540069
0.607773540066
0.60777354007
0.607759831117
0.607759831117
0.607759831116
0.607759831116
0.607759831117
0.607759831116
0.607759831118
0.607759831123
0.607759831118
0.607759831119
0.607759831117
0.607759831116
0.607759831116
0.607759831116
     fun: 0.607759831116963
     jac: array([ -7.23004341e-05,  -9.73269343e-05,  -2.93478370e-05,
        -3.93912196e-05,   5.47543168e-05,   4.10214067e-04,
         6.97225332e-05,   1.40435994e-04,  -9.17911530e-06,
        -4.43309546e-05,  -7.43120909e-05,  -5.69149852e-05])
 message: 'Optimization terminated successfully.'
    nfev: 505
     nit: 36
    njev: 36
  status: 0
 success: True
       x: array([  6.30382029,   9.37844386,   2.45436098,   4.04950063,
         5.16182672,   4.17194344,   4.14847883,   4.07290168,
         2.06581575,   5.14798437,   4.73603175,  10.80833437])

========================================================

Final result:
6.30382029284
9.37844385902
2.45436097952
4.04950063305
4.04950063305
4.04950063305
5.16182671765
4.17194343769
4.14847882675
4.07290167814
2.06581575477
5.14798437099
4.73603175495
4.73603175495
4.73603175495
10.8083343677
10.8083343677
