13.6473723592
13.6473723592
13.6473723582
13.6473723582
13.6473723583
13.6473723567
13.6473723581
13.647372358
13.647372358
13.647372358
13.647372358
13.6473723581
13.6473723567
13.6473723579
13.6473723582
13.647372358
13.647372358
13.647372358
13.647372358
13.647372358
13.647372358
13.6473723581
13.6473723581
13.6473723581
13.647372358
13.6473723582
13.6473723582
13.6473723582
13.6473723583
13.6473723582
13.6473723583
13.4011516472
13.4011516472
13.4011516462
13.4011516462
13.4011516464
13.4011516447
13.4011516461
13.401151646
13.401151646
13.401151646
13.401151646
13.4011516461
13.4011516447
13.4011516459
13.4011516462
13.401151646
13.401151646
13.401151646
13.401151646
13.401151646
13.401151646
13.4011516461
13.4011516461
13.4011516461
13.401151646
13.4011516462
13.4011516462
13.4011516462
13.4011516463
13.4011516462
13.4011516463
12.1869588061
12.1869588061
12.1869588051
12.1869588051
12.1869588052
12.1869588037
12.1869588049
12.1869588049
12.1869588049
12.1869588049
12.1869588048
12.186958805
12.1869588036
12.1869588048
12.1869588051
12.1869588048
12.1869588048
12.1869588049
12.1869588049
12.1869588048
12.1869588049
12.1869588049
12.186958805
12.186958805
12.1869588048
12.186958805
12.186958805
12.1869588051
12.1869588051
12.1869588051
12.1869588052
6.80122507277
6.80122507277
6.8012250721
6.80122507203
6.8012250724
6.80122507193
6.80122507197
6.80122507199
6.80122507186
6.80122507182
6.80122507183
6.80122507188
6.80122507103
6.80122507168
6.80122507191
6.80122507168
6.80122507159
6.80122507176
6.80122507163
6.80122507158
6.80122507162
6.80122507172
6.80122507163
6.80122507167
6.80122507165
6.80122507171
6.80122507168
6.80122507176
6.80122507179
6.80122507192
6.80122507199
13.539106875
4.81139058734
4.81139058734
4.81139058785
4.81139058762
4.81139058823
4.81139059032
4.81139058778
4.81139058789
4.81139058761
4.81139058757
4.81139058765
4.81139058745
4.81139058824
4.81139058734
4.81139058735
4.81139058726
4.8113905871
4.81139058736
4.81139058708
4.81139058696
4.81139058704
4.81139058712
4.81139058687
4.81139058692
4.81139058716
4.8113905869
4.81139058687
4.81139058695
4.81139058691
4.81139058741
4.81139058737
4.70789004252
4.70789004252
4.70789004276
4.70789004255
4.70789004314
4.70789004472
4.70789004268
4.70789004278
4.70789004252
4.70789004247
4.70789004254
4.70789004239
4.70789004284
4.70789004225
4.70789004231
4.70789004219
4.70789004203
4.70789004229
4.70789004203
4.70789004191
4.70789004199
4.70789004208
4.70789004185
4.7078900419
4.7078900421
4.7078900419
4.70789004186
4.70789004195
4.70789004192
4.70789004236
4.70789004235
4.63524714109
4.63524714109
4.6352471413
4.6352471411
4.63524714167
4.63524714314
4.63524714123
4.63524714133
4.63524714108
4.63524714104
4.63524714111
4.63524714095
4.6352471414
4.63524714082
4.63524714087
4.63524714076
4.6352471406
4.63524714086
4.6352471406
4.63524714049
4.63524714056
4.63524714066
4.63524714044
4.63524714048
4.63524714068
4.63524714048
4.63524714045
4.63524714053
4.63524714051
4.63524714093
4.63524714092
4.31316964094
4.31316964094
4.31316964106
4.31316964087
4.31316964136
4.31316964246
4.31316964104
4.31316964113
4.31316964094
4.3131696409
4.31316964101
4.31316964082
4.31316964136
4.31316964075
4.31316964074
4.31316964069
4.31316964055
4.31316964078
4.31316964056
4.31316964045
4.31316964051
4.31316964063
4.3131696404
4.31316964043
4.31316964062
4.31316964045
4.31316964041
4.31316964049
4.31316964047
4.3131696408
4.31316964079
3.98695663486
3.98695663486
3.98695663456
3.9869566345
3.98695663449
3.98695663373
3.98695663477
3.98695663482
3.98695663493
3.98695663493
3.98695663515
3.98695663486
3.98695663568
3.98695663504
3.98695663479
3.98695663503
3.98695663497
3.98695663507
3.98695663503
3.98695663495
3.98695663497
3.98695663513
3.98695663495
3.98695663494
3.98695663505
3.98695663503
3.98695663495
3.98695663501
3.98695663502
3.98695663486
3.98695663488
3.91246998067
3.91246998067
3.91246998047
3.91246998037
3.91246998049
3.91246998019
3.91246998062
3.91246998069
3.91246998072
3.91246998071
3.9124699809
3.91246998063
3.9124699814
3.91246998076
3.91246998056
3.91246998073
3.91246998065
3.91246998079
3.9124699807
3.91246998061
3.91246998064
3.9124699808
3.9124699806
3.9124699806
3.91246998073
3.91246998067
3.9124699806
3.91246998067
3.91246998067
3.91246998063
3.91246998064
3.90547431144
3.90547431144
3.90547431125
3.90547431114
3.90547431127
3.905474311
3.90547431139
3.90547431146
3.90547431149
3.90547431148
3.90547431166
3.9054743114
3.90547431215
3.90547431152
3.90547431133
3.9054743115
3.90547431142
3.90547431155
3.90547431146
3.90547431138
3.9054743114
3.90547431156
3.90547431136
3.90547431137
3.90547431149
3.90547431144
3.90547431136
3.90547431144
3.90547431144
3.90547431139
3.90547431141
3.87551704133
3.87551704133
3.87551704115
3.87551704105
3.87551704118
3.87551704094
3.87551704129
3.87551704135
3.87551704137
3.87551704136
3.87551704153
3.87551704128
3.87551704196
3.8755170414
3.87551704122
3.87551704138
3.87551704131
3.87551704143
3.87551704136
3.87551704128
3.8755170413
3.87551704145
3.87551704127
3.87551704127
3.87551704138
3.87551704134
3.87551704127
3.87551704134
3.87551704135
3.87551704128
3.8755170413
3.77962106621
3.77962106621
3.77962106608
3.77962106599
3.77962106613
3.77962106605
3.77962106616
3.77962106621
3.7796210662
3.77962106621
3.77962106629
3.77962106614
3.77962106647
3.77962106623
3.77962106608
3.77962106623
3.7796210662
3.77962106627
3.77962106625
3.7796210662
3.77962106621
3.77962106635
3.77962106622
3.77962106622
3.77962106626
3.77962106631
3.77962106623
3.7796210663
3.77962106632
3.77962106615
3.77962106619
3.75859769293
3.75859769293
3.75859769287
3.7585976928
3.75859769295
3.75859769308
3.75859769288
3.75859769291
3.75859769286
3.75859769289
3.75859769284
3.75859769283
3.75859769268
3.75859769288
3.75859769279
3.75859769292
3.75859769293
3.75859769294
3.75859769299
3.75859769298
3.75859769297
3.75859769309
3.75859769305
3.75859769303
3.75859769298
3.75859769314
3.75859769307
3.75859769312
3.75859769316
3.75859769287
3.75859769292
3.75637772028
3.75637772028
3.75637772022
3.75637772015
3.7563777203
3.75637772042
3.75637772024
3.75637772027
3.75637772022
3.75637772025
3.7563777202
3.75637772019
3.75637772005
3.75637772024
3.75637772015
3.75637772028
3.75637772029
3.7563777203
3.75637772035
3.75637772033
3.75637772032
3.75637772044
3.7563777204
3.75637772039
3.75637772034
3.75637772049
3.75637772042
3.75637772047
3.75637772051
3.75637772022
3.75637772027
3.74818898335
3.74818898335
3.74818898329
3.74818898323
3.74818898336
3.74818898347
3.74818898331
3.74818898334
3.7481889833
3.74818898333
3.74818898327
3.74818898327
3.74818898313
3.74818898331
3.74818898323
3.74818898334
3.74818898335
3.74818898336
3.74818898341
3.74818898339
3.74818898338
3.7481889835
3.74818898345
3.74818898344
3.7481889834
3.74818898354
3.74818898347
3.74818898352
3.74818898356
3.7481889833
3.74818898335
3.71985709227
3.71985709227
3.71985709225
3.7198570922
3.71985709228
3.71985709233
3.71985709227
3.7198570923
3.71985709226
3.7198570923
3.71985709222
3.71985709225
3.7198570921
3.71985709224
3.71985709221
3.71985709227
3.71985709227
3.71985709229
3.71985709231
3.71985709229
3.71985709229
3.71985709237
3.71985709233
3.71985709232
3.71985709231
3.71985709239
3.71985709234
3.71985709239
3.71985709241
3.71985709227
3.71985709232
3.71076227749
3.71076227749
3.71076227755
3.71076227754
3.71076227748
3.71076227741
3.71076227758
3.71076227759
3.71076227759
3.71076227764
3.7107622775
3.7107622776
3.71076227743
3.7107622775
3.71076227758
3.7107622775
3.71076227748
3.71076227752
3.71076227748
3.71076227746
3.71076227747
3.71076227749
3.71076227744
3.71076227745
3.7107622775
3.71076227747
3.71076227744
3.71076227748
3.71076227747
3.71076227762
3.71076227766
3.71021016421
3.71021016421
3.71021016427
3.71021016426
3.7102101642
3.71021016414
3.7102101643
3.71021016431
3.71021016431
3.71021016436
3.71021016423
3.71021016432
3.71021016415
3.71021016422
3.7102101643
3.71021016422
3.7102101642
3.71021016424
3.7102101642
3.71021016418
3.71021016419
3.71021016421
3.71021016417
3.71021016417
3.71021016422
3.71021016419
3.71021016416
3.7102101642
3.71021016419
3.71021016434
3.71021016437
3.70764049535
3.70764049535
3.70764049541
3.7076404954
3.70764049534
3.70764049528
3.70764049544
3.70764049545
3.70764049545
3.70764049549
3.70764049537
3.70764049545
3.7076404953
3.70764049536
3.70764049543
3.70764049536
3.70764049535
3.70764049538
3.70764049534
3.70764049533
3.70764049533
3.70764049535
3.70764049531
3.70764049531
3.70764049536
3.70764049533
3.70764049531
3.70764049534
3.70764049533
3.70764049547
3.7076404955
3.69779544101
3.69779544101
3.69779544106
3.69779544106
3.69779544101
3.69779544096
3.69779544109
3.6977954411
3.6977954411
3.69779544114
3.69779544103
3.69779544108
3.69779544098
3.69779544103
3.69779544106
3.69779544103
3.69779544102
3.69779544104
3.69779544101
3.697795441
3.69779544101
3.69779544101
3.69779544098
3.69779544099
3.69779544103
3.697795441
3.69779544098
3.69779544101
3.697795441
3.69779544109
3.6977954411
3.69272880731
3.69272880731
3.69272880735
3.69272880734
3.69272880732
3.69272880732
3.69272880736
3.69272880736
3.69272880735
3.69272880736
3.69272880734
3.69272880729
3.69272880732
3.69272880736
3.69272880727
3.69272880735
3.69272880737
3.69272880734
3.69272880734
3.69272880735
3.69272880734
3.69272880731
3.69272880732
3.69272880731
3.69272880734
3.69272880732
3.69272880731
3.69272880731
3.69272880731
3.69272880724
3.69272880721
3.69261822188
3.69261822188
3.69261822191
3.6926182219
3.69261822189
3.69261822188
3.69261822192
3.69261822192
3.69261822191
3.69261822193
3.6926182219
3.69261822185
3.69261822189
3.69261822193
3.69261822183
3.69261822191
3.69261822193
3.69261822191
3.6926182219
3.69261822191
3.6926182219
3.69261822187
3.69261822188
3.69261822188
3.6926182219
3.69261822188
3.69261822188
3.69261822188
3.69261822187
3.69261822181
3.69261822177
3.69206447043
3.69206447043
3.69206447047
3.69206447046
3.69206447044
3.69206447044
3.69206447048
3.69206447048
3.69206447047
3.69206447048
3.69206447046
3.69206447041
3.69206447044
3.69206447048
3.69206447039
3.69206447047
3.69206447049
3.69206447046
3.69206447046
3.69206447047
3.69206447046
3.69206447043
3.69206447044
3.69206447043
3.69206447046
3.69206447044
3.69206447043
3.69206447043
3.69206447043
3.69206447036
3.69206447033
3.6898377855
3.6898377855
3.68983778554
3.68983778552
3.68983778552
3.68983778552
3.68983778555
3.68983778554
3.68983778554
3.68983778555
3.68983778553
3.68983778549
3.68983778552
3.68983778555
3.68983778547
3.68983778554
3.68983778556
3.68983778553
3.68983778553
3.68983778554
3.68983778553
3.6898377855
3.68983778551
3.68983778551
3.68983778553
3.68983778551
3.68983778551
3.68983778551
3.68983778551
3.68983778545
3.68983778542
3.68636410691
3.68636410691
3.68636410692
3.6863641069
3.68636410692
3.68636410693
3.68636410694
3.68636410693
3.68636410694
3.68636410693
3.68636410694
3.68636410692
3.68636410694
3.68636410696
3.6863641069
3.68636410693
3.68636410696
3.68636410691
3.68636410693
3.68636410695
3.68636410693
3.6863641069
3.68636410693
3.68636410692
3.68636410691
3.68636410693
3.68636410693
3.68636410692
3.68636410693
3.68636410691
3.68636410691
3.68642927424
3.68642927424
3.68642927425
3.68642927422
3.68642927424
3.68642927426
3.68642927426
3.68642927425
3.68642927426
3.68642927425
3.68642927426
3.68642927424
3.68642927426
3.68642927428
3.68642927423
3.68642927425
3.68642927429
3.68642927423
3.68642927425
3.68642927427
3.68642927425
3.68642927422
3.68642927425
3.68642927424
3.68642927423
3.68642927425
3.68642927425
3.68642927424
3.68642927426
3.68642927423
3.68642927423
3.68651695269
3.68651695269
3.68651695271
3.68651695268
3.6865169527
3.68651695272
3.68651695272
3.68651695271
3.68651695272
3.68651695271
3.68651695272
3.6865169527
3.68651695272
3.68651695274
3.68651695269
3.68651695271
3.68651695274
3.68651695269
3.68651695271
3.68651695273
3.68651695271
3.68651695268
3.68651695271
3.6865169527
3.68651695269
3.68651695271
3.68651695271
3.6865169527
3.68651695272
3.68651695269
3.6865169527
3.68666880868
3.68666880868
3.68666880869
3.68666880866
3.68666880869
3.68666880871
3.6866688087
3.68666880869
3.68666880871
3.6866688087
3.68666880871
3.68666880869
3.68666880871
3.68666880873
3.68666880868
3.6866688087
3.68666880873
3.68666880867
3.6866688087
3.68666880872
3.6866688087
3.68666880867
3.6866688087
3.68666880869
3.68666880868
3.6866688087
3.6866688087
3.68666880869
3.68666880871
3.68666880868
3.68666880869
3.68685515615
3.68685515615
3.68685515616
3.68685515613
3.68685515616
3.68685515619
3.68685515617
3.68685515616
3.68685515618
3.68685515616
3.68685515618
3.68685515616
3.68685515618
3.68685515619
3.68685515615
3.68685515617
3.6868551562
3.68685515615
3.68685515617
3.68685515619
3.68685515617
3.68685515614
3.68685515617
3.68685515616
3.68685515614
3.68685515616
3.68685515617
3.68685515615
3.68685515617
3.68685515616
3.68685515616
3.68698179335
3.68698179335
3.68698179336
3.68698179332
3.68698179336
3.68698179339
3.68698179337
3.68698179336
3.68698179337
3.68698179336
3.68698179338
3.68698179336
3.68698179338
3.68698179339
3.68698179334
3.68698179337
3.6869817934
3.68698179335
3.68698179337
3.68698179339
3.68698179336
3.68698179335
3.68698179337
3.68698179336
3.68698179333
3.68698179336
3.68698179337
3.68698179335
3.68698179337
3.68698179336
3.68698179336
3.6869518138
3.6869518138
3.68695181381
3.68695181378
3.68695181382
3.68695181384
3.68695181383
3.68695181382
3.68695181383
3.68695181382
3.68695181383
3.68695181381
3.68695181383
3.68695181385
3.68695181379
3.68695181383
3.68695181385
3.68695181382
3.68695181383
3.68695181384
3.68695181381
3.68695181382
3.68695181382
3.68695181381
3.68695181378
3.68695181381
3.68695181381
3.6869518138
3.68695181382
3.68695181381
3.68695181381
3.68684525844
3.68684525844
3.68684525846
3.68684525842
3.68684525846
3.68684525848
3.68684525847
3.68684525847
3.68684525847
3.68684525846
3.68684525847
3.68684525845
3.68684525846
3.68684525849
3.68684525843
3.68684525848
3.68684525849
3.68684525846
3.68684525848
3.68684525848
3.68684525845
3.68684525847
3.68684525846
3.68684525844
3.68684525842
3.68684525845
3.68684525845
3.68684525844
3.68684525845
3.68684525844
3.68684525844
3.6867311379
3.6867311379
3.68673113791
3.68673113788
3.68673113791
3.68673113793
3.68673113793
3.68673113792
3.68673113793
3.68673113792
3.68673113793
3.6867311379
3.68673113792
3.68673113795
3.68673113788
3.68673113793
3.68673113794
3.68673113792
3.68673113793
3.68673113794
3.68673113791
3.68673113792
3.68673113791
3.6867311379
3.68673113788
3.6867311379
3.68673113791
3.6867311379
3.68673113791
3.68673113789
3.68673113789
3.68666656704
3.68666656704
3.68666656706
3.68666656702
3.68666656705
3.68666656707
3.68666656707
3.68666656707
3.68666656707
3.68666656706
3.68666656707
3.68666656705
3.68666656706
3.68666656709
3.68666656702
3.68666656708
3.68666656709
3.68666656706
3.68666656708
3.68666656708
3.68666656705
3.68666656707
3.68666656705
3.68666656704
3.68666656703
3.68666656704
3.68666656705
3.68666656704
3.68666656705
3.68666656704
3.68666656703
3.68656197924
3.68656197924
3.68656197925
3.68656197922
3.68656197925
3.68656197926
3.68656197927
3.68656197926
3.68656197926
3.68656197926
3.68656197926
3.68656197924
3.68656197925
3.68656197928
3.68656197922
3.68656197927
3.68656197928
3.68656197925
3.68656197927
3.68656197927
3.68656197925
3.68656197926
3.68656197925
3.68656197924
3.68656197922
3.68656197924
3.68656197924
3.68656197924
3.68656197925
3.68656197923
3.68656197922
3.68641173163
3.68641173163
3.68641173165
3.68641173162
3.68641173164
3.68641173166
3.68641173166
3.68641173166
3.68641173166
3.68641173165
3.68641173166
3.68641173163
3.68641173165
3.68641173168
3.68641173161
3.68641173166
3.68641173168
3.68641173165
3.68641173166
3.68641173167
3.68641173164
3.68641173165
3.68641173164
3.68641173164
3.68641173162
3.68641173164
3.68641173164
3.68641173164
3.68641173164
3.68641173162
3.68641173162
3.68625017812
3.68625017812
3.68625017814
3.68625017811
3.68625017813
3.68625017814
3.68625017815
3.68625017815
3.68625017815
3.68625017814
3.68625017815
3.68625017812
3.68625017814
3.68625017817
3.6862501781
3.68625017815
3.68625017817
3.68625017813
3.68625017815
3.68625017816
3.68625017814
3.68625017813
3.68625017813
3.68625017813
3.68625017811
3.68625017812
3.68625017813
3.68625017813
3.68625017814
3.68625017811
3.6862501781
3.68619804576
3.68619804576
3.68619804578
3.68619804574
3.68619804577
3.68619804578
3.68619804579
3.68619804579
3.68619804579
3.68619804578
3.68619804579
3.68619804576
3.68619804578
3.6861980458
3.68619804574
3.68619804578
3.6861980458
3.68619804577
3.68619804578
3.68619804579
3.68619804578
3.68619804576
3.68619804577
3.68619804577
3.68619804576
3.68619804576
3.68619804577
3.68619804577
3.68619804578
3.68619804575
3.68619804574
3.68626013404
3.68626013404
3.68626013406
3.68626013402
3.68626013405
3.68626013407
3.68626013408
3.68626013407
3.68626013407
3.68626013407
3.68626013407
3.68626013404
3.68626013407
3.68626013408
3.68626013402
3.68626013406
3.68626013409
3.68626013405
3.68626013406
3.68626013407
3.68626013406
3.68626013404
3.68626013405
3.68626013405
3.68626013404
3.68626013404
3.68626013406
3.68626013406
3.68626013406
3.68626013403
3.68626013403
3.68630990466
3.68630990466
3.68630990467
3.68630990464
3.68630990467
3.68630990468
3.68630990469
3.68630990469
3.68630990469
3.68630990468
3.68630990468
3.68630990466
3.68630990468
3.6863099047
3.68630990464
3.68630990468
3.6863099047
3.68630990466
3.68630990467
3.68630990469
3.68630990467
3.68630990466
3.68630990467
3.68630990467
3.68630990465
3.68630990466
3.68630990467
3.68630990467
3.68630990467
3.68630990465
3.68630990464
3.68632246999
3.68632246999
3.68632247001
3.68632246997
3.68632247
3.68632247002
3.68632247002
3.68632247002
3.68632247002
3.68632247001
3.68632247002
3.68632246999
3.68632247001
3.68632247003
3.68632246997
3.68632247001
3.68632247003
3.68632246999
3.68632247001
3.68632247002
3.68632247
3.68632246999
3.68632247
3.68632247
3.68632246998
3.68632246999
3.68632247
3.68632247
3.68632247001
3.68632246998
3.68632246998
3.68632482121
3.68632482121
3.68632482122
3.68632482119
3.68632482122
3.68632482124
3.68632482124
3.68632482124
3.68632482124
3.68632482123
3.68632482124
3.68632482121
3.68632482123
3.68632482125
3.68632482119
3.68632482123
3.68632482125
3.68632482121
3.68632482123
3.68632482124
3.68632482122
3.68632482121
3.68632482122
3.68632482122
3.6863248212
3.68632482121
3.68632482122
3.68632482122
3.68632482123
3.6863248212
3.68632482119
3.6863228162
3.6863228162
3.68632281622
3.68632281618
3.68632281622
3.68632281623
3.68632281624
3.68632281623
3.68632281623
3.68632281623
3.68632281623
3.68632281621
3.68632281623
3.68632281625
3.68632281618
3.68632281623
3.68632281625
3.68632281621
3.68632281622
3.68632281623
3.68632281622
3.68632281621
3.68632281621
3.68632281621
3.6863228162
3.68632281621
3.68632281622
3.68632281622
3.68632281622
3.6863228162
3.68632281619
3.6862972574
3.6862972574
3.68629725741
3.68629725738
3.68629725741
3.68629725743
3.68629725743
3.68629725742
3.68629725743
3.68629725742
3.68629725742
3.6862972574
3.68629725742
3.68629725744
3.68629725738
3.68629725742
3.68629725744
3.6862972574
3.68629725742
3.68629725743
3.68629725741
3.6862972574
3.68629725741
3.68629725741
3.68629725739
3.6862972574
3.68629725741
3.68629725741
3.68629725741
3.68629725739
3.68629725738
3.68622810353
3.68622810353
3.68622810355
3.68622810351
3.68622810354
3.68622810356
3.68622810356
3.68622810356
3.68622810356
3.68622810355
3.68622810356
3.68622810353
3.68622810355
3.68622810357
3.68622810351
3.68622810355
3.68622810357
3.68622810354
3.68622810355
3.68622810356
3.68622810354
3.68622810354
3.68622810354
3.68622810354
3.68622810352
3.68622810353
3.68622810354
3.68622810354
3.68622810354
3.68622810352
3.68622810352
3.68611374392
3.68611374392
3.68611374393
3.6861137439
3.68611374393
3.68611374395
3.68611374395
3.68611374394
3.68611374395
3.68611374394
3.68611374395
3.68611374392
3.68611374394
3.68611374396
3.6861137439
3.68611374394
3.68611374396
3.68611374393
3.68611374394
3.68611374395
3.68611374393
3.68611374393
3.68611374393
3.68611374392
3.68611374391
3.68611374393
3.68611374393
3.68611374392
3.68611374393
3.68611374391
3.68611374391
3.68602520005
3.68602520005
3.68602520007
3.68602520003
3.68602520006
3.68602520008
3.68602520008
3.68602520008
3.68602520008
3.68602520008
3.68602520008
3.68602520006
3.68602520008
3.68602520009
3.68602520003
3.68602520008
3.68602520009
3.68602520006
3.68602520007
3.68602520008
3.68602520007
3.68602520006
3.68602520006
3.68602520006
3.68602520004
3.68602520006
3.68602520006
3.68602520006
3.68602520007
3.68602520004
3.68602520004
3.68600518467
3.68600518467
3.68600518469
3.68600518465
3.68600518468
3.6860051847
3.6860051847
3.6860051847
3.6860051847
3.6860051847
3.6860051847
3.68600518467
3.68600518469
3.68600518471
3.68600518465
3.68600518469
3.68600518471
3.68600518468
3.68600518469
3.6860051847
3.68600518468
3.68600518467
3.68600518468
3.68600518468
3.68600518466
3.68600518468
3.68600518468
3.68600518468
3.68600518469
3.68600518466
3.68600518466
     fun: 3.6990899521674043
     jac: array([  8.30292702e-05,  -5.76078892e-05,   1.46925449e-05,
        -1.77919865e-05,   4.85479832e-05,   3.90112400e-05,
        -5.00679016e-06,   6.66081905e-05,  -2.31564045e-05,
         1.73449516e-05,   2.02357769e-05,  -1.49011612e-06,
        -7.69495964e-05,  -7.62641430e-05,   4.34517860e-05,
        -5.23924828e-05,  -7.92741776e-06,   5.34653664e-05,
        -7.13467598e-05,   4.82499599e-05,   4.30345535e-05,
        -4.75347042e-05,  -9.72151756e-05,   1.51693821e-04,
         3.19480896e-05,  -1.02788210e-04,  -2.13086605e-05,
         7.73966312e-05,  -5.17368317e-05])
 message: 'Optimization terminated successfully.'
    nfev: 1520
     nit: 49
    njev: 49
  status: 0
 success: True
       x: array([ 7.69049303,  6.20851131,  7.95228862,  1.76728412,  7.22871388,
        0.74019322,  7.3866821 ,  1.0177219 ,  7.66202483,  6.88724779,
        1.62836029,  8.53592297,  5.90150998,  8.68126945,  8.38819092,
        2.09079026,  6.91564414,  8.72678326,  9.15236972,  1.64422419,
        9.66221452,  9.46254598,  2.17813731,  2.13873701,  9.12583338,
        2.12162774,  1.95802943,  5.57782884,  1.9253039 ])

========================================================

Final result:
7.69049303257
6.2085113098
7.95228862065
1.76728411734
1.76728411734
1.76728411734
7.2287138824
0.740193220682
7.38668210331
1.01772189623
7.66202482554
6.88724779468
1.6283602946
1.6283602946
8.53592296678
5.90150998482
8.68126944939
8.38819091866
2.09079025645
6.91564414435
8.72678326231
9.1523697186
1.64422418596
9.66221452319
9.4625459775
2.17813730513
2.13873701197
9.12583337744
2.12162773668
1.95802943345
5.57782883524
1.92530389758
