5.01678791712
5.01678791712
5.01678791579
5.01678791646
5.01678791646
5.01678791645
5.01678791646
5.01678791648
5.01678791579
5.01678791647
5.01678791649
5.01678791648
5.01678791649
5.01678791646
5.01678791652
5.01678791651
5.01678791649
5.01678791655
5.0167879165
5.01678791648
5.01678791655
5.01678791546
4.95751699867
4.95751699867
4.95751699734
4.95751699801
4.95751699801
4.957516998
4.957516998
4.95751699803
4.95751699733
4.95751699802
4.95751699803
4.95751699802
4.95751699803
4.95751699801
4.95751699806
4.95751699806
4.95751699803
4.95751699809
4.95751699805
4.95751699803
4.9575169981
4.95751699701
4.66224375726
4.66224375726
4.66224375594
4.6622437566
4.6622437566
4.66224375659
4.6622437566
4.66224375662
4.66224375593
4.66224375661
4.66224375663
4.66224375661
4.66224375662
4.6622437566
4.66224375665
4.66224375665
4.66224375662
4.66224375668
4.66224375664
4.66224375662
4.6622437567
4.66224375562
3.22473320484
3.22473320484
3.22473320359
3.22473320422
3.22473320421
3.2247332042
3.2247332042
3.22473320424
3.22473320356
3.2247332042
3.22473320425
3.2247332042
3.2247332042
3.22473320419
3.22473320422
3.22473320422
3.2247332042
3.22473320425
3.22473320427
3.22473320425
3.22473320434
3.22473320338
4.51071838312
1.29985896369
1.29985896369
1.29985896381
1.29985896374
1.29985896372
1.29985896369
1.29985896366
1.2998589638
1.29985896366
1.29985896355
1.29985896379
1.29985896352
1.29985896349
1.29985896354
1.29985896344
1.29985896342
1.29985896349
1.29985896342
1.29985896387
1.29985896386
1.29985896395
1.29985896455
1.29775912541
1.29395043465
1.29395043465
1.29395043463
1.29395043463
1.29395043461
1.29395043458
1.29395043455
1.29395043468
1.29395043448
1.29395043445
1.29395043468
1.29395043441
1.29395043439
1.29395043443
1.29395043434
1.29395043432
1.29395043439
1.29395043432
1.29395043476
1.29395043475
1.29395043484
1.29395043531
1.28724461323
1.28724461323
1.28724461322
1.28724461321
1.28724461319
1.28724461316
1.28724461313
1.28724461327
1.28724461307
1.28724461303
1.28724461326
1.28724461299
1.28724461297
1.28724461302
1.28724461293
1.2872446129
1.28724461297
1.28724461291
1.28724461334
1.28724461333
1.28724461342
1.28724461389
1.25506331054
1.25506331054
1.25506331054
1.25506331053
1.25506331051
1.25506331048
1.25506331045
1.25506331058
1.2550633104
1.25506331035
1.25506331057
1.25506331032
1.25506331029
1.25506331034
1.25506331025
1.25506331023
1.2550633103
1.25506331023
1.25506331064
1.25506331063
1.25506331073
1.25506331116
1.12913608563
1.12913608563
1.12913608569
1.12913608564
1.12913608561
1.12913608559
1.12913608558
1.12913608564
1.12913608557
1.1291360855
1.12913608563
1.12913608547
1.12913608544
1.1291360855
1.12913608541
1.12913608538
1.12913608544
1.1291360854
1.12913608569
1.12913608569
1.12913608574
1.12913608601
1.05663869781
1.05663869781
1.05663869801
1.05663869789
1.05663869784
1.05663869783
1.05663869788
1.05663869779
1.05663869798
1.05663869785
1.05663869776
1.05663869785
1.05663869781
1.05663869788
1.05663869782
1.05663869779
1.05663869781
1.05663869782
1.05663869777
1.05663869778
1.05663869773
1.05663869754
1.04603423774
1.04603423774
1.0460342379
1.0460342378
1.04603423776
1.04603423774
1.04603423777
1.04603423772
1.04603423784
1.04603423773
1.0460342377
1.04603423772
1.04603423768
1.04603423775
1.04603423768
1.04603423765
1.04603423768
1.04603423768
1.04603423772
1.04603423773
1.04603423771
1.04603423765
1.04567267044
1.04567267044
1.0456726706
1.0456726705
1.04567267046
1.04567267044
1.04567267047
1.04567267042
1.04567267054
1.04567267043
1.0456726704
1.04567267042
1.04567267038
1.04567267045
1.04567267038
1.04567267035
1.04567267038
1.04567267038
1.04567267042
1.04567267043
1.04567267041
1.04567267035
1.04353656021
1.04353656021
1.04353656037
1.04353656026
1.04353656022
1.04353656021
1.04353656024
1.04353656019
1.04353656031
1.0435365602
1.04353656016
1.0435365602
1.04353656016
1.04353656023
1.04353656015
1.04353656012
1.04353656015
1.04353656015
1.04353656019
1.0435365602
1.04353656018
1.04353656011
1.0338735722
1.0338735722
1.03387357233
1.03387357224
1.03387357221
1.03387357219
1.03387357223
1.03387357218
1.03387357229
1.03387357219
1.03387357215
1.03387357219
1.03387357216
1.03387357222
1.03387357216
1.03387357213
1.03387357215
1.03387357216
1.03387357218
1.03387357219
1.03387357217
1.03387357212
1.01473819922
1.01473819922
1.01473819921
1.0147381992
1.0147381992
1.01473819919
1.01473819923
1.01473819919
1.01473819927
1.01473819923
1.01473819917
1.01473819924
1.01473819921
1.01473819926
1.01473819923
1.01473819921
1.01473819921
1.01473819925
1.01473819921
1.01473819921
1.01473819922
1.01473819924
1.01460500646
1.01460500646
1.01460500643
1.01460500643
1.01460500644
1.01460500642
1.01460500647
1.01460500642
1.0146050065
1.01460500646
1.0146050064
1.01460500648
1.01460500645
1.01460500649
1.01460500647
1.01460500644
1.01460500644
1.01460500648
1.01460500644
1.01460500645
1.01460500646
1.01460500649
1.01450136715
1.01450136715
1.01450136712
1.01450136712
1.01450136712
1.01450136711
1.01450136715
1.01450136711
1.01450136718
1.01450136715
1.01450136709
1.01450136716
1.01450136713
1.01450136718
1.01450136715
1.01450136713
1.01450136713
1.01450136717
1.01450136713
1.01450136714
1.01450136715
1.01450136718
1.01423668305
1.01423668305
1.01423668302
1.01423668302
1.01423668302
1.01423668301
1.01423668305
1.01423668301
1.01423668308
1.01423668305
1.01423668299
1.01423668306
1.01423668303
1.01423668308
1.01423668305
1.01423668303
1.01423668303
1.01423668307
1.01423668304
1.01423668304
1.01423668306
1.0142366831
1.0135755108
1.0135755108
1.01357551076
1.01357551077
1.01357551077
1.01357551076
1.0135755108
1.01357551077
1.01357551082
1.01357551079
1.01357551075
1.01357551081
1.01357551078
1.01357551082
1.0135755108
1.01357551078
1.01357551078
1.01357551082
1.01357551079
1.0135755108
1.01357551082
1.01357551087
1.01196553928
1.01196553928
1.01196553923
1.01196553925
1.01196553926
1.01196553924
1.01196553928
1.01196553926
1.01196553929
1.01196553927
1.01196553924
1.01196553928
1.01196553926
1.01196553929
1.01196553927
1.01196553925
1.01196553926
1.01196553929
1.01196553928
1.01196553928
1.01196553931
1.01196553939
1.0085054814
1.0085054814
1.00850548134
1.00850548136
1.00850548137
1.00850548136
1.00850548138
1.00850548137
1.00850548138
1.00850548137
1.00850548136
1.00850548138
1.00850548137
1.00850548139
1.00850548138
1.00850548136
1.00850548137
1.00850548139
1.0085054814
1.0085054814
1.00850548143
1.00850548154
1.00282451599
1.00282451599
1.00282451594
1.00282451596
1.00282451596
1.00282451596
1.00282451596
1.00282451597
1.00282451595
1.00282451596
1.00282451596
1.00282451596
1.00282451596
1.00282451596
1.00282451596
1.00282451596
1.00282451597
1.00282451597
1.002824516
1.002824516
1.00282451603
1.00282451614
0.997371107858
0.997371107858
0.997371107841
0.997371107844
0.997371107844
0.997371107845
0.997371107837
0.997371107848
0.99737110781
0.997371107835
0.997371107839
0.997371107831
0.997371107844
0.997371107827
0.997371107838
0.99737110784
0.997371107858
0.997371107847
0.997371107867
0.99737110787
0.997371107887
0.997371107962
0.995137377413
0.995137377413
0.995137377426
0.995137377412
0.995137377407
0.99513737741
0.995137377401
0.995137377403
0.995137377382
0.995137377402
0.995137377393
0.995137377397
0.995137377414
0.995137377391
0.995137377406
0.99513737741
0.99513737743
0.995137377413
0.995137377414
0.995137377419
0.995137377422
0.995137377449
0.99482550463
0.99482550463
0.994825504652
0.994825504634
0.994825504627
0.99482550463
0.994825504623
0.994825504618
0.994825504611
0.994825504625
0.994825504607
0.994825504622
0.994825504637
0.994825504617
0.99482550463
0.994825504633
0.994825504652
0.994825504638
0.994825504627
0.994825504632
0.994825504631
0.994825504639
0.994801456757
0.994801456757
0.99480145678
0.99480145676
0.994801456754
0.994801456757
0.994801456751
0.994801456745
0.994801456741
0.994801456753
0.994801456733
0.99480145675
0.994801456764
0.994801456746
0.994801456758
0.994801456761
0.994801456778
0.994801456766
0.994801456753
0.994801456758
0.994801456757
0.994801456763
0.994782023944
0.994782023944
0.994782023966
0.994782023947
0.994782023941
0.994782023943
0.994782023938
0.994782023931
0.994782023929
0.99478202394
0.99478202392
0.994782023937
0.994782023951
0.994782023933
0.994782023945
0.994782023947
0.994782023965
0.994782023953
0.994782023939
0.994782023945
0.994782023944
0.994782023948
0.994712832589
0.994712832589
0.994712832611
0.994712832592
0.994712832586
0.994712832588
0.994712832584
0.994712832576
0.994712832577
0.994712832586
0.994712832564
0.994712832584
0.994712832596
0.994712832581
0.994712832591
0.994712832592
0.99471283261
0.994712832599
0.994712832583
0.994712832589
0.994712832588
0.994712832591
0.994556687485
0.994556687485
0.994556687506
0.994556687487
0.994556687482
0.994556687483
0.994556687482
0.994556687471
0.994556687478
0.994556687483
0.994556687459
0.994556687482
0.994556687492
0.99455668748
0.994556687488
0.994556687488
0.994556687505
0.994556687497
0.994556687479
0.994556687485
0.994556687483
0.994556687484
0.994170227293
0.994170227293
0.99417022731
0.994170227294
0.99417022729
0.994170227291
0.994170227293
0.994170227279
0.994170227293
0.994170227293
0.994170227267
0.994170227292
0.994170227299
0.994170227292
0.994170227297
0.994170227296
0.994170227311
0.994170227306
0.994170227285
0.994170227291
0.994170227289
0.994170227287
0.993388589157
0.993388589157
0.993388589168
0.993388589156
0.993388589155
0.993388589156
0.993388589161
0.993388589144
0.993388589168
0.99338858916
0.993388589134
0.99338858916
0.993388589163
0.993388589162
0.993388589162
0.993388589158
0.993388589173
0.993388589171
0.993388589149
0.993388589154
0.993388589152
0.993388589145
0.992216815826
0.992216815826
0.992216815827
0.992216815821
0.992216815825
0.992216815828
0.992216815833
0.992216815816
0.992216815847
0.992216815829
0.99221681581
0.992216815829
0.99221681583
0.992216815833
0.992216815829
0.992216815824
0.992216815838
0.992216815837
0.992216815819
0.992216815822
0.99221681582
0.992216815811
0.991268060265
0.991268060265
0.991268060257
0.991268060258
0.991268060266
0.991268060271
0.991268060272
0.991268060261
0.991268060287
0.991268060266
0.991268060259
0.991268060265
0.991268060267
0.991268060268
0.991268060263
0.991268060259
0.991268060276
0.99126806027
0.991268060261
0.991268060263
0.991268060261
0.991268060254
0.990956316147
0.990956316147
0.990956316137
0.99095631614
0.990956316149
0.990956316155
0.990956316151
0.990956316146
0.990956316162
0.990956316146
0.990956316145
0.990956316142
0.990956316148
0.990956316144
0.990956316142
0.99095631614
0.990956316158
0.990956316147
0.990956316145
0.990956316147
0.990956316145
0.990956316143
0.990920536249
0.990920536249
0.990920536241
0.990920536243
0.990920536252
0.990920536258
0.990920536253
0.990920536249
0.99092053626
0.990920536248
0.990920536248
0.990920536244
0.99092053625
0.990920536244
0.990920536244
0.990920536243
0.990920536262
0.990920536249
0.990920536249
0.99092053625
0.990920536249
0.990920536248
0.990916244935
0.990916244935
0.990916244927
0.990916244929
0.990916244937
0.990916244944
0.990916244938
0.990916244934
0.990916244945
0.990916244933
0.990916244934
0.990916244929
0.990916244936
0.990916244929
0.990916244929
0.990916244928
0.990916244947
0.990916244934
0.990916244934
0.990916244936
0.990916244934
0.990916244934
0.990908861184
0.990908861184
0.990908861178
0.990908861178
0.990908861187
0.990908861193
0.990908861187
0.990908861184
0.990908861194
0.990908861182
0.990908861183
0.990908861178
0.990908861186
0.990908861178
0.990908861179
0.990908861178
0.990908861197
0.990908861184
0.990908861184
0.990908861186
0.990908861184
0.990908861184
0.990888850984
0.990888850984
0.990888850979
0.990888850979
0.990888850986
0.990888850993
0.990888850987
0.990888850983
0.990888850992
0.990888850982
0.990888850982
0.990888850978
0.990888850986
0.990888850978
0.990888850979
0.990888850978
0.990888850997
0.990888850984
0.990888850984
0.990888850985
0.990888850984
0.990888850985
0.99083956118
0.99083956118
0.990839561176
0.990839561175
0.990839561182
0.990839561188
0.990839561181
0.990839561179
0.990839561185
0.990839561177
0.990839561177
0.990839561173
0.990839561181
0.990839561173
0.990839561174
0.990839561174
0.990839561193
0.99083956118
0.990839561179
0.990839561181
0.99083956118
0.990839561181
0.990725570176
0.990725570176
0.990725570175
0.990725570172
0.990725570178
0.990725570184
0.990725570176
0.990725570175
0.990725570177
0.990725570173
0.990725570173
0.99072557017
0.990725570177
0.990725570169
0.990725570172
0.990725570171
0.990725570188
0.990725570178
0.990725570176
0.990725570177
0.990725570177
0.990725570179
0.99049966462
0.99049966462
0.990499664623
0.990499664618
0.990499664621
0.990499664627
0.990499664618
0.990499664618
0.990499664615
0.990499664616
0.990499664617
0.990499664614
0.99049966462
0.990499664614
0.990499664617
0.990499664616
0.990499664629
0.990499664624
0.99049966462
0.990499664621
0.990499664621
0.990499664624
0.990194392925
0.990194392925
0.990194392931
0.990194392924
0.990194392926
0.990194392931
0.990194392921
0.990194392923
0.990194392915
0.990194392919
0.990194392923
0.990194392921
0.990194392922
0.990194392923
0.990194392924
0.99019439292
0.990194392929
0.990194392933
0.990194392924
0.990194392925
0.990194392925
0.990194392929
0.989981256061
0.989981256061
0.989981256067
0.98998125606
0.989981256063
0.989981256067
0.989981256058
0.989981256061
0.989981256052
0.989981256056
0.989981256062
0.98998125606
0.989981256057
0.989981256064
0.989981256062
0.989981256056
0.989981256061
0.989981256072
0.989981256061
0.989981256061
0.989981256062
0.989981256063
0.98992305611
0.98992305611
0.989923056114
0.989923056108
0.989923056112
0.989923056117
0.989923056108
0.989923056111
0.989923056104
0.989923056106
0.989923056113
0.98992305611
0.989923056105
0.989923056115
0.989923056111
0.989923056104
0.989923056109
0.989923056121
0.98992305611
0.98992305611
0.98992305611
0.989923056111
0.989916527711
0.989916527711
0.989916527713
0.989916527709
0.989916527713
0.989916527718
0.989916527709
0.989916527712
0.989916527707
0.989916527707
0.989916527714
0.989916527711
0.989916527706
0.989916527716
0.989916527712
0.989916527705
0.989916527709
0.989916527722
0.98991652771
0.98991652771
0.989916527711
0.989916527711
0.989914472593
0.989914472593
0.989914472595
0.98991447259
0.989914472595
0.9899144726
0.989914472591
0.989914472594
0.989914472589
0.989914472589
0.989914472596
0.989914472593
0.989914472588
0.989914472598
0.989914472594
0.989914472587
0.989914472592
0.989914472603
0.989914472592
0.989914472592
0.989914472592
0.989914472592
0.98990782224
0.98990782224
0.989907822241
0.989907822237
0.989907822242
0.989907822247
0.989907822239
0.989907822241
0.989907822237
0.989907822236
0.989907822243
0.98990782224
0.989907822235
0.989907822245
0.989907822241
0.989907822234
0.989907822239
0.98990782225
0.989907822239
0.989907822239
0.98990782224
0.989907822239
0.989892526217
0.989892526217
0.989892526218
0.989892526214
0.989892526219
0.989892526224
0.989892526217
0.989892526218
0.989892526216
0.989892526214
0.989892526221
0.989892526217
0.989892526213
0.989892526222
0.989892526218
0.989892526211
0.989892526217
0.989892526227
0.989892526217
0.989892526217
0.989892526217
0.989892526216
0.989851239885
0.989851239885
0.989851239884
0.989851239881
0.989851239887
0.989851239892
0.989851239885
0.989851239886
0.989851239886
0.989851239881
0.989851239888
0.989851239884
0.989851239881
0.989851239889
0.989851239884
0.989851239878
0.989851239885
0.989851239893
0.989851239884
0.989851239884
0.989851239884
0.989851239883
0.989750570781
0.989750570781
0.989750570777
0.989750570776
0.989750570783
0.989750570787
0.989750570782
0.989750570782
0.989750570785
0.989750570778
0.989750570784
0.98975057078
0.989750570777
0.989750570784
0.989750570779
0.989750570774
0.989750570783
0.989750570787
0.98975057078
0.98975057078
0.98975057078
0.989750570779
0.989518097098
0.989518097098
0.989518097092
0.989518097092
0.989518097099
0.989518097104
0.9895180971
0.989518097099
0.989518097107
0.989518097096
0.989518097102
0.989518097096
0.989518097096
0.989518097099
0.989518097095
0.989518097092
0.989518097102
0.989518097101
0.989518097097
0.989518097096
0.989518097097
0.989518097095
0.989079804221
0.989079804221
0.989079804213
0.989079804214
0.989079804222
0.989079804224
0.989079804225
0.989079804222
0.989079804235
0.989079804221
0.989079804226
0.989079804219
0.989079804221
0.989079804221
0.989079804217
0.989079804217
0.989079804228
0.98907980422
0.98907980422
0.989079804219
0.98907980422
0.989079804218
0.988530300626
0.988530300626
0.98853030062
0.988530300619
0.988530300626
0.988530300625
0.98853030063
0.988530300627
0.98853030064
0.988530300626
0.988530300632
0.988530300624
0.988530300628
0.988530300625
0.988530300622
0.988530300624
0.988530300635
0.988530300622
0.988530300624
0.988530300622
0.988530300625
0.988530300624
0.988193017891
0.988193017891
0.98819301789
0.988193017885
0.988193017889
0.988193017886
0.988193017893
0.988193017891
0.988193017899
0.98819301789
0.988193017897
0.988193017889
0.988193017893
0.98819301789
0.988193017888
0.988193017891
0.988193017897
0.988193017888
0.988193017888
0.988193017886
0.98819301789
0.98819301789
0.988116064809
0.988116064809
0.988116064812
0.988116064805
0.988116064807
0.988116064803
0.988116064809
0.988116064809
0.988116064812
0.988116064808
0.988116064815
0.988116064808
0.98811606481
0.98811606481
0.988116064808
0.988116064809
0.988116064813
0.988116064808
0.988116064807
0.988116064804
0.988116064809
0.98811606481
0.988109974454
0.988109974454
0.988109974457
0.98810997445
0.988109974452
0.988109974448
0.988109974454
0.988109974454
0.988109974455
0.988109974452
0.98810997446
0.988109974453
0.988109974454
0.988109974455
0.988109974453
0.988109974454
0.988109974458
0.988109974454
0.988109974452
0.988109974449
0.988109974454
0.988109974455
0.988109056341
     fun: 0.988109056340582
     jac: array([  2.20783055e-04,  -2.46085227e-04,  -1.49697065e-04,
        -3.75442207e-04,  -1.89840794e-05,   1.36867166e-05,
         8.21575522e-05,  -1.12347305e-04,   4.07844782e-04,
        -8.13752413e-05,   1.92299485e-05,   5.96344471e-05,
        -5.85168600e-05,   1.49458647e-05,   2.46226788e-04,
         7.53998756e-06,  -1.59502029e-04,  -3.29971313e-04,
        -1.14664435e-05,   7.05793500e-05])
 message: 'Optimization terminated successfully.'
    nfev: 1235
     nit: 56
    njev: 56
  status: 0
 success: True
       x: array([  3.72687313,   4.77368003,   4.33749592,   3.72414411,
         3.28670716,   6.5658992 ,   3.98654597,   6.28575535,
         9.02699816,   5.7620046 ,   7.34883941,   3.27497655,
         6.74105182,  10.11619261,   4.04649869,   2.53942087,
         4.34102971,   3.23139542,   1.972803  ,   3.6859841 ])

========================================================

Final result:
3.72687313458
4.77368002618
3.72687313458
4.33749591851
3.72414410946
3.28670715627
6.56589919587
3.98654597414
3.98654597414
6.28575534686
9.02699815792
5.76200460333
7.34883940844
3.27497655218
6.74105182448
10.1161926141
4.04649869222
2.53942086972
4.3410297081
3.23139541607
1.97280300002
3.68598409934
3.68598409934
3.68598409934
