7.254242786130524e-07
7.254242786130524e-07
7.254242790435319e-07
7.254242789524942e-07
7.254242789632398e-07
7.254242795824461e-07
7.254242791518167e-07
7.254242791727677e-07
7.254242791601234e-07
7.254242791721738e-07
7.254242791734501e-07
7.254242790688259e-07
7.254242797375466e-07
7.254242790995357e-07
7.254242789881135e-07
7.254242794551843e-07
7.254242790185962e-07
7.254242789557683e-07
7.254242527938225e-07
7.254242527938225e-07
7.254242532242979e-07
7.254242531332579e-07
7.254242531439996e-07
7.254242537632107e-07
7.254242533325829e-07
7.254242533535303e-07
7.254242533408885e-07
7.254242533529389e-07
7.254242533542137e-07
7.254242532495892e-07
7.254242539183126e-07
7.254242532803036e-07
7.254242531688814e-07
7.25424253635947e-07
7.254242531993637e-07
7.254242531365327e-07
7.254241236987444e-07
7.254241236987444e-07
7.254241241292178e-07
7.2542412403818e-07
7.254241240489246e-07
7.25424124668136e-07
7.25424124237506e-07
7.254241242584552e-07
7.254241242458096e-07
7.254241242578591e-07
7.254241242591382e-07
7.254241241545128e-07
7.254241248232362e-07
7.254241241852235e-07
7.254241240738045e-07
7.254241245408688e-07
7.254241241042866e-07
7.254241240414507e-07
7.254234782234234e-07
7.254234782234234e-07
7.25423478653898e-07
7.254234785628621e-07
7.254234785736056e-07
7.254234791928105e-07
7.254234787621795e-07
7.254234787831359e-07
7.254234787704898e-07
7.254234787825388e-07
7.254234787838138e-07
7.254234786791901e-07
7.254234793479106e-07
7.254234787099049e-07
7.254234785984805e-07
7.254234790655465e-07
7.254234786289656e-07
7.254234785661336e-07
7.254202508753175e-07
7.254202508753175e-07
7.254202513057859e-07
7.254202512147457e-07
7.254202512254936e-07
7.254202518446878e-07
7.254202514140725e-07
7.254202514350229e-07
7.254202514223773e-07
7.254202514344291e-07
7.254202514357036e-07
7.25420251331077e-07
7.254202519997934e-07
7.254202513617917e-07
7.254202512503681e-07
7.254202517174293e-07
7.254202512808559e-07
7.254202512180238e-07
7.254041149005247e-07
7.254041149005247e-07
7.254041153309706e-07
7.254041152399335e-07
7.254041152506766e-07
7.254041158698198e-07
7.2540411543925e-07
7.25404115460201e-07
7.254041154475596e-07
7.254041154596068e-07
7.254041154608818e-07
7.254041153562673e-07
7.254041160249428e-07
7.254041153869772e-07
7.254041152755551e-07
7.254041157425939e-07
7.25404115306043e-07
7.254041152432098e-07
7.253234535660485e-07
7.253234535660485e-07
7.253234539963604e-07
7.253234539053375e-07
7.253234539160673e-07
7.253234545349552e-07
7.25323454104628e-07
7.25323454125573e-07
7.253234541129427e-07
7.253234541249953e-07
7.253234541262635e-07
7.253234540216677e-07
7.253234546901736e-07
7.253234540523772e-07
7.253234539409751e-07
7.25323454407896e-07
7.253234539714574e-07
7.253234539086326e-07
7.249206154719884e-07
7.249206154719884e-07
7.249206159016545e-07
7.249206158107066e-07
7.249206158213618e-07
7.249206164389727e-07
7.249206160098728e-07
7.249206160307764e-07
7.249206160182123e-07
7.249206160302611e-07
7.249206160315099e-07
7.249206159270201e-07
7.249206165946549e-07
7.24920615957717e-07
7.249206158463896e-07
7.24920616312732e-07
7.249206158768484e-07
7.249206158140937e-07
7.229180615471695e-07
7.229180615471695e-07
7.229180619735813e-07
7.229180618829987e-07
7.229180618933156e-07
7.229180625045347e-07
7.229180620815507e-07
7.229180621022697e-07
7.229180620900241e-07
7.229180621020653e-07
7.229180621032159e-07
7.22918061999245e-07
7.229180626625495e-07
7.229180620298707e-07
7.229180619189309e-07
7.229180623823839e-07
7.229180619493013e-07
7.229180618868424e-07
7.131930614596769e-07
7.131930614596769e-07
7.131930618699489e-07
7.131930617811857e-07
7.131930617898147e-07
7.131930623693134e-07
7.131930619766805e-07
7.131930619964819e-07
7.131930619858202e-07
7.131930619978118e-07
7.131930619984642e-07
7.131930618970802e-07
7.131930625389056e-07
7.131930619273797e-07
7.131930618183566e-07
7.13193062267476e-07
7.131930618482619e-07
7.1319306178731e-07
6.713445800372552e-07
6.713445800372552e-07
6.713445803698341e-07
6.713445802898346e-07
6.713445802903126e-07
6.713445807171342e-07
6.713445804706167e-07
6.713445804859936e-07
6.713445804829532e-07
6.713445804947273e-07
6.713445804929693e-07
6.71344580404035e-07
6.713445809424436e-07
6.713445804327579e-07
6.713445803329605e-07
6.713445807130693e-07
6.713445803606405e-07
6.713445803069303e-07
5.85916662879018e-07
5.85916662879018e-07
5.859166628953251e-07
5.859166628509887e-07
5.859166628182946e-07
5.859166626235984e-07
5.859166629718741e-07
5.859166629692358e-07
5.85916662997221e-07
5.85916663008109e-07
5.859166629965411e-07
5.859166629582941e-07
5.85916663075727e-07
5.859166629805955e-07
5.859166629183596e-07
5.859166630175495e-07
5.85916662936983e-07
5.859166629127401e-07
5.849990139800744e-07
5.849990139800744e-07
5.849990139723234e-07
5.849990139307035e-07
5.849990138954838e-07
5.849990136535191e-07
5.849990140470266e-07
5.849990140430197e-07
5.849990140733666e-07
5.849990140841895e-07
5.849990140718774e-07
5.849990140374815e-07
5.849990141228982e-07
5.849990140592922e-07
5.849990139999158e-07
5.849990140777386e-07
5.849990140178508e-07
5.849990139958519e-07
     fun: 5.897663150910505e-07
     jac: array([-1.12731158e-09, -3.79196763e-09, -6.17067286e-09, -2.60164796e-08,
        3.73320574e-09,  3.43476358e-09,  5.48914159e-09,  6.19845508e-09,
        5.37040989e-09,  3.20969917e-09,  6.41273346e-09,  4.63007410e-09,
        8.02536704e-10,  4.17864499e-09,  1.96315142e-09,  5.75447245e-10])
 message: 'Optimization terminated successfully.'
    nfev: 234
     nit: 13
    njev: 13
  status: 0
 success: True
       x: array([ 7.91475006,  5.58612734,  8.17578335,  1.41981352,  7.38651786,
        1.08297224,  8.98973369,  1.38105902, 10.05055467,  8.02668442,
        1.33802395, 10.30958106,  5.7197937 ,  6.82588769,  5.59848942,
        1.56990909])

========================================================

Final result:
7.9147500627284915
5.586127339123132
8.175783353855966
1.4198135247640786
1.4198135247640786
1.4198135247640786
7.386517862024575
1.0829722444953918
8.989733692806052
1.3810590169171897
10.050554669053104
8.026684421632023
1.3380239455826677
1.3380239455826677
10.309581056602537
5.71979369768594
6.825887687843985
6.825887687843985
5.598489422256296
1.56990909388394
