9.61027495214304e-07
9.61027495214304e-07
9.61027496235105e-07
9.610274955703887e-07
9.610274956060657e-07
9.610274956119166e-07
9.610274956209856e-07
9.61027495557271e-07
9.610274960319577e-07
9.610274955901184e-07
9.610274954797534e-07
9.610274955638833e-07
9.610274955323343e-07
9.610274955527014e-07
9.610274955063795e-07
9.610274954895402e-07
9.610274955049006e-07
9.610274954858654e-07
9.610274955452176e-07
9.610274955526508e-07
9.61027495480579e-07
9.610274959581928e-07
9.610274765285773e-07
9.610274765285773e-07
9.610274775493778e-07
9.610274768846602e-07
9.61027476920343e-07
9.610274769261904e-07
9.610274769352621e-07
9.610274768715458e-07
9.610274773462307e-07
9.610274769043874e-07
9.610274767940251e-07
9.610274768781537e-07
9.61027476846612e-07
9.610274768669729e-07
9.610274768206556e-07
9.610274768038096e-07
9.610274768191746e-07
9.610274768001407e-07
9.61027476859494e-07
9.610274768669178e-07
9.610274767948522e-07
9.610274772724668e-07
9.610273830999587e-07
9.610273830999587e-07
9.610273841207594e-07
9.610273834560427e-07
9.610273834917193e-07
9.610273834975674e-07
9.610273835066448e-07
9.61027383442929e-07
9.61027383917612e-07
9.610273834757658e-07
9.610273833654084e-07
9.610273834495398e-07
9.610273834179927e-07
9.610273834383562e-07
9.61027383392039e-07
9.610273833751919e-07
9.610273833905583e-07
9.610273833715232e-07
9.610273834308737e-07
9.610273834383026e-07
9.610273833662351e-07
9.610273838438525e-07
9.610269159571454e-07
9.610269159571454e-07
9.61026916977942e-07
9.610269163132275e-07
9.610269163489045e-07
9.610269163547552e-07
9.610269163638233e-07
9.610269163001182e-07
9.610269167747986e-07
9.61026916332955e-07
9.610269162225962e-07
9.610269163067252e-07
9.61026916275177e-07
9.610269162955434e-07
9.61026916249221e-07
9.610269162323754e-07
9.610269162477402e-07
9.61026916228706e-07
9.61026916288055e-07
9.610269162954836e-07
9.610269162234166e-07
9.610269167010297e-07
9.610245802778859e-07
9.610245802778859e-07
9.610245812986614e-07
9.610245806339557e-07
9.610245806696333e-07
9.610245806754832e-07
9.610245806845564e-07
9.610245806208436e-07
9.610245810955228e-07
9.610245806536854e-07
9.61024580543326e-07
9.610245806274502e-07
9.610245805959072e-07
9.61024580616267e-07
9.610245805699517e-07
9.610245805531104e-07
9.61024580568473e-07
9.610245805494402e-07
9.610245806087871e-07
9.61024580616221e-07
9.610245805441475e-07
9.610245810217534e-07
9.610129027016651e-07
9.610129027016651e-07
9.61012903722354e-07
9.610129030577163e-07
9.610129030933925e-07
9.610129030992402e-07
9.610129031083197e-07
9.610129030445991e-07
9.61012903519254e-07
9.61012903077453e-07
9.610129029670874e-07
9.610129030512215e-07
9.610129030196735e-07
9.610129030400406e-07
9.610129029937219e-07
9.610129029768801e-07
9.610129029922428e-07
9.610129029732108e-07
9.6101290303255e-07
9.610129030399784e-07
9.61012902967918e-07
9.6101290344548e-07
9.609545314713155e-07
9.609545314713155e-07
9.609545324915506e-07
9.609545318272142e-07
9.609545318629033e-07
9.60954531868753e-07
9.60954531877833e-07
9.60954531814126e-07
9.609545322886343e-07
9.60954531846986e-07
9.609545317366242e-07
9.60954531820772e-07
9.609545317892315e-07
9.60954531809586e-07
9.609545317632948e-07
9.609545317464568e-07
9.609545317617978e-07
9.609545317427957e-07
9.609545318020776e-07
9.609545318094974e-07
9.609545317374556e-07
9.609545322148199e-07
9.606631133150392e-07
9.606631133150392e-07
9.60663114333021e-07
9.606631136701988e-07
9.606631137059462e-07
9.60663113711795e-07
9.606631137209073e-07
9.606631136572238e-07
9.606631141310176e-07
9.606631136901676e-07
9.606631135797905e-07
9.606631136640062e-07
9.606631136324984e-07
9.606631136527972e-07
9.606631136066436e-07
9.60663113589819e-07
9.606631136050819e-07
9.606631135862036e-07
9.606631136451955e-07
9.606631136525954e-07
9.606631135806545e-07
9.606631140570015e-07
9.592168942450703e-07
9.592168942450703e-07
9.592168952517565e-07
9.59216894596497e-07
9.592168946325224e-07
9.592168946383767e-07
9.592168946476532e-07
9.592168945840865e-07
9.592168950543078e-07
9.592168946174152e-07
9.592168945069593e-07
9.592168945915533e-07
9.592168945602127e-07
9.592168945802508e-07
9.592168945347536e-07
9.592168945180034e-07
9.592168945328612e-07
9.592168945146137e-07
9.592168945721669e-07
9.59216894579461e-07
9.592168945080029e-07
9.592168949793094e-07
9.52254136203072e-07
9.52254136203072e-07
9.522541371538613e-07
9.522541365360674e-07
9.522541365734421e-07
9.522541365793314e-07
9.522541365894377e-07
9.522541365264422e-07
9.52254136978976e-07
9.52254136561683e-07
9.522541364508526e-07
9.522541365372964e-07
9.522541365067591e-07
9.52254136525514e-07
9.52254136483287e-07
9.522541364669155e-07
9.522541364797508e-07
9.522541364646113e-07
9.522541365150395e-07
9.52254136521817e-07
9.52254136452788e-07
9.522541368990915e-07
9.236467422823542e-07
9.236467422823542e-07
9.236467429670424e-07
9.236467425275965e-07
9.236467425714304e-07
9.236467425774367e-07
9.236467425914759e-07
9.236467425312278e-07
9.236467428995836e-07
9.236467425756006e-07
9.236467424629884e-07
9.236467425581885e-07
9.236467425315231e-07
9.236467425441442e-07
9.236467425174738e-07
9.236467425029022e-07
9.236467425061227e-07
9.236467425058001e-07
9.236467425223105e-07
9.23646742526595e-07
9.236467424691427e-07
9.236467427964151e-07
8.82524614325564e-07
8.82524614325564e-07
8.82524614166513e-07
8.825246142925655e-07
8.825246143568841e-07
8.825246143632983e-07
8.825246143897983e-07
8.825246143382221e-07
8.825246144396797e-07
8.825246144115478e-07
8.825246142932903e-07
8.825246144162945e-07
8.825246144018831e-07
8.825246143950495e-07
8.825246144177159e-07
8.8252461440885e-07
8.825246143815834e-07
8.825246144282196e-07
8.825246143371836e-07
8.825246143335898e-07
8.825246143128367e-07
8.825246142626907e-07
     fun: 8.849179617795643e-07
     jac: array([-1.40220138e-08, -2.60381938e-09,  1.67351999e-09,  2.09757900e-09,
        3.86603460e-09,  4.74486228e-10,  5.87020565e-09,  5.35938227e-09,
       -2.45608334e-09,  5.70661030e-09,  4.77395901e-09,  4.29310631e-09,
        5.86486237e-09,  5.28830668e-09,  3.44167006e-09,  6.59218102e-09,
        4.17969659e-10,  1.68675740e-10, -1.14524568e-09, -6.65934863e-09])
 message: 'Optimization terminated successfully.'
    nfev: 264
     nit: 12
    njev: 12
  status: 0
 success: True
       x: array([0.84493238, 5.57300472, 7.91109661, 1.54381548, 8.08993641,
       7.74800883, 1.55669075, 8.75850179, 5.2044932 , 6.59582965,
       8.19899937, 1.3986389 , 7.88953876, 7.28518956, 1.82582261,
       1.95776557, 6.98785201, 1.30797133, 6.95982287, 1.48032547])

========================================================

Final result:
0.8449323817951317
0.8449323817951317
5.573004720547466
0.8449323817951317
7.911096610744266
1.5438154765151222
8.089936411654737
7.748008827380607
1.556690748101377
1.556690748101377
8.75850178557154
5.204493202819282
6.595829649217609
8.19899937369306
1.398638898154765
7.889538761714707
7.2851895587466995
1.8258226075676476
1.9577655697089356
6.987852013829859
1.3079713289946437
6.959822869312559
1.4803254652758018
1.4803254652758018
1.4803254652758018
