11.0646343374
11.0646343374
11.0646343359
11.064634336
11.0646343362
11.0646343339
11.0646343358
11.0646343358
11.0646343358
11.0646343358
11.0646343358
11.0646343359
11.0646343342
11.0646343358
11.064634336
11.0646343343
11.064634336
11.0646343348
11.064634336
11.0646343361
10.7345104686
10.7345104686
10.7345104671
10.7345104672
10.7345104673
10.7345104651
10.734510467
10.734510467
10.734510467
10.734510467
10.734510467
10.7345104671
10.7345104654
10.734510467
10.7345104672
10.7345104655
10.7345104672
10.734510466
10.7345104672
10.7345104673
9.10771559023
9.10771559023
9.10771558884
9.10771558887
9.10771558908
9.10771558702
9.1077155887
9.10771558869
9.10771558868
9.10771558864
9.10771558868
9.10771558877
9.10771558712
9.10771558873
9.10771558887
9.10771558721
9.10771558886
9.10771558769
9.10771558886
9.10771558899
2.98845015487
2.98845015487
2.98845015469
2.98845015434
2.98845015537
2.98845015695
2.98845015458
2.98845015473
2.98845015438
2.9884501543
2.9884501546
2.98845015412
2.98845015451
2.98845015458
2.98845015399
2.98845015446
2.98845015431
2.9884501536
2.98845015408
2.98845015408
2.99080031092
2.94367856296
2.94367856296
2.94367856301
2.94367856263
2.94367856368
2.9436785657
2.94367856293
2.94367856309
2.94367856273
2.94367856265
2.94367856296
2.94367856243
2.94367856318
2.94367856293
2.94367856227
2.9436785631
2.94367856262
2.94367856209
2.94367856238
2.94367856235
2.8661387288
2.8661387288
2.86613872882
2.86613872846
2.86613872946
2.86613873135
2.86613872876
2.86613872893
2.86613872859
2.86613872851
2.86613872884
2.86613872829
2.86613872909
2.86613872881
2.86613872813
2.86613872902
2.8661387285
2.86613872799
2.86613872824
2.86613872822
2.57458115355
2.57458115355
2.57458115337
2.57458115305
2.57458115385
2.57458115489
2.57458115344
2.57458115359
2.57458115339
2.57458115332
2.5745811537
2.57458115311
2.5745811541
2.57458115369
2.57458115295
2.57458115403
2.57458115338
2.574581153
2.57458115308
2.5745811531
2.44028147535
2.44028147535
2.44028147479
2.44028147463
2.44028147482
2.44028147384
2.4402814751
2.4402814752
2.44028147533
2.44028147531
2.44028147572
2.44028147517
2.44028147637
2.44028147575
2.44028147504
2.44028147633
2.44028147551
2.44028147549
2.44028147519
2.44028147528
2.39891262681
2.39891262681
2.39891262634
2.39891262614
2.39891262645
2.39891262588
2.3989126266
2.39891262671
2.39891262677
2.39891262674
2.39891262714
2.39891262659
2.39891262774
2.39891262716
2.39891262645
2.39891262769
2.39891262691
2.39891262681
2.39891262661
2.39891262668
2.35292060593
2.35292060593
2.35292060554
2.35292060532
2.35292060573
2.35292060553
2.35292060575
2.35292060587
2.35292060587
2.35292060584
2.35292060621
2.35292060568
2.35292060673
2.35292060621
2.35292060555
2.35292060666
2.35292060596
2.35292060579
2.3529206057
2.35292060578
2.25560287938
2.25560287938
2.25560287918
2.25560287894
2.25560287947
2.25560287993
2.2556028793
2.25560287942
2.25560287931
2.2556028793
2.25560287952
2.25560287915
2.25560287984
2.25560287949
2.25560287902
2.25560287973
2.25560287925
2.25560287898
2.25560287919
2.25560287929
2.16585539846
2.16585539846
2.16585539845
2.16585539825
2.16585539873
2.16585539952
2.16585539849
2.16585539859
2.16585539844
2.16585539846
2.16585539847
2.16585539837
2.16585539854
2.1658553984
2.16585539826
2.16585539838
2.16585539823
2.16585539793
2.16585539845
2.1658553986
2.1163665085
2.1163665085
2.11636650853
2.11636650841
2.11636650866
2.11636650913
2.11636650858
2.11636650865
2.11636650856
2.11636650861
2.11636650846
2.11636650858
2.11636650839
2.11636650836
2.11636650851
2.1163665082
2.11636650828
2.11636650806
2.11636650872
2.11636650892
2.10679470473
2.10679470473
2.1067947047
2.10679470462
2.10679470473
2.10679470481
2.10679470479
2.10679470485
2.10679470482
2.10679470488
2.10679470472
2.10679470487
2.10679470468
2.10679470463
2.10679470481
2.1067947045
2.10679470458
2.10679470444
2.10679470502
2.10679470523
2.10342622952
2.10342622952
2.10342622946
2.10342622938
2.10342622947
2.1034262294
2.10342622957
2.10342622962
2.10342622961
2.10342622968
2.10342622953
2.10342622966
2.10342622951
2.10342622945
2.10342622961
2.10342622935
2.10342622941
2.1034262293
2.10342622981
2.10342623002
2.09714244002
2.09714244002
2.09714243992
2.09714243986
2.09714243989
2.09714243963
2.09714244004
2.09714244009
2.09714244011
2.09714244018
2.09714244006
2.09714244015
2.09714244007
2.09714244
2.0971424401
2.09714243995
2.09714243997
2.09714243992
2.09714244029
2.09714244048
2.08729157268
2.08729157268
2.08729157254
2.0872915725
2.08729157247
2.08729157203
2.08729157268
2.08729157272
2.08729157276
2.08729157284
2.08729157274
2.08729157278
2.08729157276
2.08729157272
2.08729157272
2.08729157273
2.08729157272
2.08729157278
2.08729157288
2.08729157304
2.07597147886
2.07597147886
2.07597147873
2.07597147871
2.07597147864
2.07597147816
2.07597147884
2.07597147887
2.07597147891
2.07597147899
2.07597147892
2.07597147888
2.0759714789
2.07597147895
2.07597147884
2.075971479
2.075971479
2.07597147918
2.07597147892
2.07597147902
2.0691540063
2.0691540063
2.06915400622
2.06915400621
2.06915400617
2.06915400589
2.06915400628
2.0691540063
2.06915400631
2.06915400639
2.0691540063
2.06915400624
2.06915400621
2.06915400637
2.0691540062
2.06915400641
2.06915400647
2.0691540067
2.06915400623
2.06915400628
2.0665433209
2.0665433209
2.06654332088
2.06654332087
2.06654332087
2.06654332082
2.0665433209
2.06654332093
2.06654332089
2.06654332097
2.06654332086
2.06654332081
2.06654332071
2.06654332094
2.06654332078
2.06654332092
2.06654332104
2.06654332125
2.06654332079
2.06654332082
2.06487703398
2.06487703398
2.064877034
2.06487703398
2.06487703401
2.06487703408
2.06487703401
2.06487703403
2.06487703398
2.06487703406
2.06487703393
2.0648770339
2.06487703376
2.064877034
2.06487703387
2.06487703396
2.06487703409
2.06487703428
2.06487703388
2.06487703391
2.06298807892
2.06298807892
2.06298807897
2.06298807894
2.062988079
2.06298807918
2.06298807896
2.06298807899
2.06298807892
2.062988079
2.06298807886
2.06298807884
2.06298807867
2.06298807891
2.06298807881
2.06298807884
2.06298807899
2.06298807913
2.06298807882
2.06298807886
2.06129366565
2.06129366565
2.06129366575
2.06129366572
2.06129366579
2.0612936661
2.06129366572
2.06129366575
2.06129366566
2.06129366574
2.06129366558
2.06129366559
2.0612936654
2.0612936656
2.06129366557
2.06129366549
2.06129366566
2.06129366571
2.06129366557
2.0612936656
2.0611984753
2.0611984753
2.06119847545
2.06119847543
2.06119847548
2.06119847587
2.06119847541
2.06119847542
2.06119847534
2.0611984754
2.06119847524
2.06119847528
2.06119847509
2.06119847521
2.06119847526
2.06119847507
2.06119847522
2.06119847517
2.06119847523
2.06119847524
2.06240457157
2.06240457157
2.06240457174
2.06240457174
2.06240457172
2.06240457201
2.0624045717
2.06240457171
2.06240457165
2.06240457169
2.06240457156
2.06240457159
2.06240457148
2.06240457149
2.06240457159
2.06240457137
2.06240457146
2.06240457131
2.06240457151
2.06240457148
2.06297743403
2.06297743403
2.06297743417
2.06297743419
2.06297743409
2.06297743416
2.06297743415
2.06297743414
2.06297743413
2.06297743416
2.06297743406
2.06297743406
2.06297743407
2.062977434
2.06297743407
2.06297743392
2.06297743394
2.0629774338
2.06297743396
2.0629774339
2.06212473073
2.06212473073
2.06212473083
2.06212473087
2.06212473073
2.06212473066
2.06212473084
2.06212473082
2.06212473083
2.06212473086
2.06212473078
2.06212473076
2.06212473081
2.06212473073
2.06212473077
2.06212473069
2.06212473068
2.06212473058
2.06212473065
2.06212473058
2.06093170781
2.06093170781
2.06093170789
2.06093170793
2.06093170779
2.06093170765
2.0609317079
2.06093170789
2.0609317079
2.06093170794
2.06093170787
2.06093170783
2.0609317079
2.06093170783
2.06093170785
2.06093170781
2.06093170778
2.06093170771
2.06093170772
2.06093170766
2.0589718327
2.0589718327
2.05897183276
2.05897183279
2.05897183265
2.05897183244
2.05897183277
2.05897183275
2.05897183278
2.05897183282
2.05897183276
2.05897183271
2.0589718328
2.05897183274
2.05897183273
2.05897183274
2.05897183271
2.05897183268
2.05897183261
2.05897183255
2.05674551742
2.05674551742
2.05674551744
2.05674551747
2.05674551733
2.05674551706
2.05674551746
2.05674551744
2.05674551749
2.05674551751
2.05674551749
2.05674551743
2.05674551752
2.05674551749
2.05674551744
2.05674551753
2.05674551748
2.0567455175
2.05674551734
2.05674551729
2.05511723981
2.05511723981
2.05511723979
2.05511723981
2.0551172397
2.05511723941
2.05511723981
2.05511723977
2.05511723985
2.05511723985
2.05511723987
2.05511723981
2.05511723989
2.0551172399
2.05511723983
2.05511723996
2.05511723991
2.05511723998
2.05511723974
2.05511723972
2.05448801614
2.05448801614
2.05448801611
2.05448801611
2.05448801606
2.05448801586
2.05448801612
2.05448801606
2.05448801615
2.05448801613
2.05448801618
2.05448801615
2.05448801617
2.05448801623
2.05448801617
2.05448801629
2.05448801625
2.05448801631
2.05448801611
2.05448801611
2.05425561682
2.05425561682
2.05425561682
2.05425561681
2.0542556168
2.05425561674
2.05425561681
2.05425561675
2.05425561683
2.05425561679
2.05425561685
2.05425561685
2.05425561682
2.05425561688
2.05425561687
2.05425561691
2.05425561689
2.0542556169
2.05425561683
2.05425561683
2.05391819849
2.05391819849
2.05391819851
2.05391819849
2.0539181985
2.05391819851
2.05391819849
2.05391819843
2.0539181985
2.05391819846
2.05391819851
2.05391819853
2.05391819848
2.05391819853
2.05391819854
2.05391819854
2.05391819853
2.0539181985
2.0539181985
2.05391819851
2.0536361135
2.0536361135
2.05363611353
2.05363611351
2.05363611352
2.05363611354
2.05363611351
2.05363611345
2.05363611352
2.05363611348
2.05363611352
2.05363611354
2.05363611349
2.05363611354
2.05363611356
2.05363611354
2.05363611353
2.05363611349
2.05363611351
2.05363611352
2.05328344175
2.05328344175
2.05328344179
2.05328344177
2.05328344178
2.05328344181
2.05328344177
2.05328344171
2.05328344177
2.05328344173
2.05328344177
2.05328344179
2.05328344175
2.05328344178
2.05328344181
2.05328344178
2.05328344177
2.05328344172
2.05328344176
2.05328344176
2.05304274611
2.05304274611
2.05304274616
2.05304274614
2.05304274615
2.05304274621
2.05304274614
2.05304274609
2.05304274614
2.05304274611
2.05304274613
2.05304274615
2.05304274612
2.05304274613
2.05304274617
2.05304274611
2.05304274612
2.05304274605
2.05304274612
2.05304274612
2.05338318191
2.05338318191
2.05338318198
2.05338318195
2.05338318196
2.05338318204
2.05338318196
2.05338318192
2.05338318195
2.05338318192
2.05338318194
2.05338318195
2.05338318193
2.05338318193
2.05338318196
2.05338318188
2.05338318191
2.05338318183
2.05338318192
2.05338318191
2.05466138415
2.05466138415
2.05466138421
2.05466138418
2.0546613842
2.05466138427
2.05466138421
2.05466138419
2.0546613842
2.05466138417
2.05466138418
2.05466138418
2.05466138419
2.05466138416
2.05466138417
2.0546613841
2.05466138415
2.05466138408
2.05466138415
2.05466138414
2.05604462438
2.05604462438
2.05604462443
2.05604462438
2.05604462441
2.05604462445
2.05604462444
2.05604462442
2.05604462442
2.0560446244
2.05604462442
2.0560446244
2.05604462443
2.0560446244
2.05604462438
2.05604462433
2.0560446244
2.05604462435
2.05604462438
2.05604462437
2.05648221105
2.05648221105
2.05648221108
2.05648221103
2.05648221107
2.05648221108
2.0564822111
2.05648221108
2.05648221109
2.05648221106
2.05648221109
2.05648221106
2.0564822111
2.05648221108
2.05648221104
2.05648221102
2.05648221109
2.05648221107
2.05648221105
2.05648221105
2.05636788379
2.05636788379
2.05636788382
2.05636788377
2.05636788381
2.05636788381
2.05636788383
2.05636788381
2.05636788383
2.0563678838
2.05636788383
2.05636788381
2.05636788384
2.05636788383
2.05636788378
2.05636788378
2.05636788384
2.05636788382
2.0563678838
2.05636788379
2.05625974994
2.05625974994
2.05625974996
2.05625974991
2.05625974995
2.05625974995
2.05625974998
2.05625974996
2.05625974997
2.05625974994
2.05625974998
2.05625974995
2.05625974998
2.05625974997
2.05625974993
2.05625974993
2.05625974998
2.05625974997
2.05625974994
2.05625974994
2.05608260053
2.05608260053
2.05608260055
2.0560826005
2.05608260054
2.05608260053
2.05608260056
2.05608260054
2.05608260056
2.05608260053
2.05608260057
2.05608260054
2.05608260057
2.05608260057
2.05608260052
2.05608260053
2.05608260058
2.05608260057
2.05608260053
2.05608260053
2.05599636778
2.05599636778
2.0559963678
2.05599636776
2.05599636779
2.05599636778
2.05599636782
2.05599636779
2.05599636781
2.05599636779
2.05599636782
2.0559963678
2.05599636781
2.05599636783
2.05599636778
2.0559963678
2.05599636783
2.05599636782
2.05599636779
2.05599636779
2.05617162577
2.05617162577
2.05617162579
2.05617162574
2.05617162578
2.05617162577
2.0561716258
2.05617162578
2.0561716258
2.05617162578
2.0561716258
2.05617162578
2.05617162578
2.05617162581
2.05617162576
2.0561716258
2.05617162581
2.0561716258
2.05617162578
2.05617162577
2.05653655038
2.05653655038
2.0565365504
2.05653655035
2.05653655039
2.05653655038
2.05653655042
2.05653655039
2.05653655041
2.0565365504
2.05653655041
2.05653655039
2.05653655038
2.05653655042
2.05653655037
2.05653655042
2.05653655042
2.05653655039
2.05653655039
2.05653655038
2.05674420292
2.05674420292
2.05674420295
2.0567442029
2.05674420293
2.05674420293
2.05674420296
2.05674420294
2.05674420296
2.05674420294
2.05674420295
2.05674420294
2.05674420293
2.05674420296
2.05674420291
2.05674420295
2.05674420296
2.05674420293
2.05674420293
2.05674420292
2.05678487076
2.05678487076
2.05678487079
2.05678487074
2.05678487078
2.05678487078
2.05678487081
2.05678487079
2.0567848708
2.05678487079
2.0567848708
2.05678487078
2.05678487077
2.05678487081
2.05678487075
2.05678487079
2.0567848708
2.05678487077
2.05678487077
2.05678487076
2.05680823317
2.05680823317
2.0568082332
2.05680823315
2.05680823319
2.05680823319
2.05680823322
2.0568082332
2.05680823321
2.0568082332
2.05680823321
2.05680823319
2.05680823318
2.05680823321
2.05680823316
2.0568082332
2.05680823321
2.05680823318
2.05680823318
2.05680823317
2.05684779234
2.05684779234
2.05684779237
2.05684779232
2.05684779236
2.05684779236
2.05684779239
2.05684779237
2.05684779238
2.05684779237
2.05684779238
2.05684779236
2.05684779236
2.05684779238
2.05684779233
2.05684779236
2.05684779238
2.05684779235
2.05684779235
2.05684779234
2.05689861661
2.05689861661
2.05689861664
2.05689861659
2.05689861662
2.05689861663
2.05689861665
2.05689861663
2.05689861665
2.05689861663
2.05689861664
2.05689861662
2.05689861663
2.05689861664
2.05689861659
2.05689861662
2.05689861664
2.05689861661
2.05689861661
2.05689861661
2.05695375741
2.05695375741
2.05695375744
2.05695375739
2.05695375743
2.05695375744
2.05695375746
2.05695375743
2.05695375745
2.05695375744
2.05695375745
2.05695375743
2.05695375744
2.05695375745
2.0569537574
2.05695375742
2.05695375745
2.05695375742
2.05695375742
2.05695375741
2.05696059542
2.05696059542
2.05696059545
2.0569605954
2.05696059544
2.05696059545
2.05696059546
2.05696059544
2.05696059546
2.05696059546
2.05696059546
2.05696059544
2.05696059545
2.05696059546
2.05696059541
2.05696059543
2.05696059546
2.05696059543
2.05696059543
2.05696059542
2.05691782558
2.05691782558
2.0569178256
2.05691782556
2.05691782559
2.0569178256
2.05691782562
2.05691782559
2.05691782562
2.05691782561
2.05691782561
2.05691782559
2.0569178256
2.05691782562
2.05691782557
2.05691782559
2.05691782562
2.05691782559
2.05691782558
2.05691782558
2.05688391339
2.05688391339
2.05688391341
2.05688391337
2.0568839134
2.05688391341
2.05688391343
2.0568839134
2.05688391343
2.05688391342
2.05688391343
2.05688391341
2.05688391341
2.05688391343
2.05688391338
2.05688391341
2.05688391343
2.0568839134
2.05688391339
2.05688391339
2.05686895714
2.05686895714
2.05686895717
2.05686895712
2.05686895716
2.05686895716
2.05686895718
2.05686895715
2.05686895719
2.05686895718
2.05686895718
2.05686895716
2.05686895716
2.05686895719
2.05686895713
2.05686895717
2.05686895718
2.05686895716
2.05686895715
2.05686895714
2.05684547653
2.05684547653
2.05684547656
2.05684547651
2.05684547655
2.05684547655
2.05684547657
2.05684547654
2.05684547657
2.05684547657
2.05684547657
2.05684547655
2.05684547655
2.05684547658
2.05684547652
2.05684547656
2.05684547657
2.05684547655
2.05684547654
2.05684547653
2.05680728626
2.05680728626
2.05680728628
2.05680728623
2.05680728627
2.05680728627
2.05680728629
2.05680728626
2.0568072863
2.05680728629
2.05680728629
2.05680728627
2.05680728627
2.0568072863
2.05680728625
2.05680728628
2.05680728629
2.05680728627
2.05680728626
2.05680728626
2.05674871538
2.05674871538
2.05674871541
2.05674871536
2.05674871539
2.05674871539
2.05674871542
2.05674871539
2.05674871542
2.05674871541
2.05674871542
2.0567487154
2.05674871539
2.05674871542
2.05674871537
2.05674871541
2.05674871542
2.05674871539
2.05674871538
2.05674871538
2.0566798778
2.0566798778
2.05667987782
2.05667987778
2.05667987781
2.05667987781
2.05667987784
2.05667987781
2.05667987784
2.05667987783
2.05667987783
2.05667987782
2.05667987781
2.05667987784
2.05667987779
2.05667987783
2.05667987784
2.05667987781
2.0566798778
2.0566798778
2.05664164254
2.05664164254
2.05664164256
2.05664164252
2.05664164255
2.05664164255
2.05664164258
2.05664164255
2.05664164258
2.05664164257
2.05664164257
2.05664164256
2.05664164255
2.05664164258
2.05664164253
2.05664164257
2.05664164258
2.05664164255
2.05664164254
2.05664164254
2.05665451195
2.05665451195
2.05665451198
2.05665451193
2.05665451196
2.05665451197
2.05665451199
2.05665451196
2.05665451199
2.05665451198
2.05665451199
2.05665451197
2.05665451197
2.05665451199
2.05665451194
2.05665451197
2.05665451199
2.05665451196
2.05665451195
2.05665451195
2.05667939241
2.05667939241
2.05667939244
2.05667939239
2.05667939243
2.05667939243
2.05667939245
2.05667939243
2.05667939245
2.05667939244
2.05667939245
2.05667939243
2.05667939243
2.05667939246
2.05667939241
2.05667939244
2.05667939245
2.05667939243
2.05667939242
2.05667939242
     fun: 2.068629825557749
     jac: array([  2.78353691e-05,  -1.08957291e-04,  -3.99649143e-05,
         8.55326653e-06,   3.61502171e-05,   6.69658184e-05,
        -5.33759594e-05,   1.58250332e-05,   6.37769699e-06,
         1.31726265e-05,  -3.17692757e-05,   2.13384628e-05,
         1.37984753e-04,   1.69277191e-05,   7.59661198e-05,
        -2.17556953e-05,  -1.10834837e-04,   2.30073929e-05])
 message: 'Optimization terminated successfully.'
    nfev: 1281
     nit: 64
    njev: 64
  status: 0
 success: True
       x: array([ 7.41346934,  6.51992114,  7.88358222,  1.89819264,  6.52891595,
        1.0382073 ,  7.97686228,  1.03527877,  7.87603409,  7.58005043,
        1.61202331,  9.4294001 ,  6.21855554,  1.80105361,  9.72121374,
        7.32490974,  5.66669183,  1.67715185])

========================================================

Final result:
7.41346934449
6.51992113842
7.88358221613
1.8981926395
1.8981926395
1.8981926395
6.52891594613
1.03820730461
7.97686227957
1.03527876911
7.87603409084
7.58005042503
1.61202330882
1.61202330882
9.42940010444
6.21855554124
1.80105361316
1.80105361316
9.72121374077
7.32490974316
7.32490974316
5.66669182888
1.67715184981
