12.7532039692
12.7532039692
12.753203968
12.7532039681
12.7532039682
12.7532039664
12.753203968
12.753203968
12.7532039682
12.7532039665
12.7532039679
12.7532039679
12.7532039679
12.7532039678
12.7532039679
12.753203968
12.7532039665
12.7532039679
12.753203968
12.7532039667
12.7532039667
12.7532039669
12.7532039671
12.7532039681
12.7532039682
12.399630104
12.399630104
12.3996301028
12.3996301028
12.399630103
12.3996301011
12.3996301028
12.3996301028
12.399630103
12.3996301013
12.3996301027
12.3996301027
12.3996301026
12.3996301026
12.3996301026
12.3996301027
12.3996301013
12.3996301027
12.3996301028
12.3996301014
12.3996301014
12.3996301017
12.3996301019
12.3996301029
12.399630103
10.6561359308
10.6561359308
10.6561359296
10.6561359296
10.6561359298
10.656135928
10.6561359296
10.6561359296
10.6561359298
10.6561359282
10.6561359295
10.6561359295
10.6561359294
10.6561359294
10.6561359294
10.6561359295
10.6561359281
10.6561359295
10.6561359296
10.6561359282
10.6561359282
10.6561359285
10.6561359287
10.6561359297
10.6561359298
3.65644374104
3.65644374104
3.65644374045
3.65644374025
3.65644374088
3.65644374094
3.6564437406
3.65644374054
3.65644374098
3.65644374124
3.6564437404
3.65644374046
3.65644374036
3.65644374028
3.65644374049
3.65644374039
3.6564437401
3.65644374041
3.6564437403
3.65644373982
3.65644374004
3.65644373979
3.65644374009
3.65644374037
3.65644374039
4.60191188901
3.43148073664
3.43148073664
3.43148073645
3.4314807362
3.43148073687
3.43148073773
3.43148073662
3.43148073657
3.43148073698
3.43148073803
3.43148073645
3.43148073652
3.43148073641
3.43148073633
3.43148073656
3.43148073641
3.43148073668
3.43148073647
3.43148073628
3.43148073629
3.43148073657
3.43148073617
3.43148073644
3.43148073632
3.43148073631
3.40726475747
3.40726475747
3.40726475726
3.40726475701
3.40726475767
3.40726475847
3.40726475742
3.40726475738
3.40726475778
3.40726475876
3.40726475726
3.40726475733
3.40726475722
3.40726475714
3.40726475738
3.40726475722
3.40726475748
3.40726475729
3.40726475709
3.40726475711
3.40726475738
3.40726475699
3.40726475726
3.40726475715
3.40726475714
3.29124324415
3.29124324415
3.29124324389
3.29124324366
3.29124324427
3.29124324486
3.29124324404
3.29124324401
3.29124324436
3.29124324509
3.29124324392
3.29124324399
3.29124324391
3.29124324383
3.29124324409
3.29124324387
3.29124324423
3.29124324401
3.29124324374
3.2912432439
3.29124324418
3.29124324381
3.2912432441
3.2912432439
3.2912432439
3.13389095885
3.13389095885
3.13389095848
3.13389095832
3.13389095863
3.13389095834
3.13389095855
3.13389095858
3.13389095863
3.13389095831
3.13389095862
3.13389095869
3.13389095869
3.13389095868
3.13389095898
3.13389095852
3.13389095931
3.13389095898
3.13389095839
3.13389095921
3.13389095945
3.13389095921
3.13389095953
3.13389095898
3.133890959
3.11415676568
3.11415676568
3.11415676533
3.11415676516
3.1141567655
3.11415676531
3.11415676541
3.11415676543
3.11415676551
3.11415676531
3.11415676545
3.11415676553
3.11415676551
3.11415676549
3.11415676578
3.11415676536
3.1141567661
3.11415676578
3.11415676522
3.11415676596
3.11415676621
3.11415676596
3.11415676627
3.11415676576
3.11415676578
3.07332100869
3.07332100869
3.07332100838
3.0733210082
3.07332100858
3.07332100856
3.07332100847
3.07332100849
3.07332100861
3.07332100862
3.07332100848
3.07332100856
3.07332100853
3.0733210085
3.07332100876
3.0733210084
3.07332100904
3.07332100873
3.07332100826
3.07332100884
3.07332100909
3.07332100881
3.07332100911
3.07332100869
3.07332100872
3.00397138449
3.00397138449
3.00397138428
3.0039713841
3.00397138449
3.00397138467
3.00397138439
3.00397138441
3.00397138454
3.00397138483
3.00397138435
3.00397138443
3.00397138437
3.00397138435
3.00397138453
3.00397138428
3.00397138475
3.00397138446
3.00397138415
3.00397138444
3.00397138468
3.00397138438
3.00397138466
3.00397138439
3.00397138443
2.91932747898
2.91932747898
2.9193274789
2.91932747876
2.91932747905
2.91932747935
2.91932747901
2.91932747905
2.91932747913
2.91932747959
2.91932747895
2.91932747902
2.91932747895
2.91932747895
2.91932747899
2.91932747889
2.91932747914
2.91932747887
2.91932747877
2.91932747872
2.91932747892
2.91932747865
2.91932747887
2.91932747878
2.91932747885
2.85745540593
2.85745540593
2.85745540595
2.85745540588
2.85745540599
2.85745540616
2.85745540604
2.85745540612
2.85745540607
2.8574554064
2.85745540602
2.85745540608
2.85745540601
2.85745540605
2.85745540598
2.85745540595
2.85745540611
2.85745540583
2.85745540584
2.85745540565
2.85745540579
2.85745540558
2.85745540576
2.85745540575
2.85745540586
2.83878339647
2.83878339647
2.83878339649
2.83878339644
2.83878339646
2.83878339643
2.83878339655
2.83878339665
2.83878339651
2.83878339661
2.83878339657
2.83878339663
2.83878339658
2.83878339664
2.83878339654
2.8387833965
2.8387833967
2.83878339641
2.83878339639
2.83878339629
2.83878339641
2.83878339625
2.83878339642
2.83878339636
2.83878339649
2.83621751647
2.83621751647
2.83621751648
2.83621751643
2.83621751644
2.83621751634
2.83621751653
2.83621751663
2.83621751648
2.83621751649
2.83621751657
2.83621751663
2.83621751658
2.83621751665
2.83621751656
2.83621751649
2.83621751672
2.83621751644
2.83621751638
2.83621751635
2.83621751647
2.83621751632
2.83621751649
2.8362175164
2.83621751653
2.83441775128
2.83441775128
2.83441775127
2.83441775123
2.83441775123
2.8344177511
2.83441775132
2.83441775142
2.83441775127
2.83441775123
2.83441775137
2.83441775143
2.83441775138
2.83441775145
2.83441775137
2.83441775128
2.83441775153
2.83441775126
2.83441775118
2.83441775119
2.83441775131
2.83441775117
2.83441775135
2.83441775124
2.83441775136
2.8302945521
2.8302945521
2.83029455207
2.83029455203
2.83029455203
2.83029455186
2.8302945521
2.8302945522
2.83029455205
2.83029455194
2.83029455216
2.83029455222
2.83029455218
2.83029455225
2.83029455218
2.83029455207
2.83029455232
2.8302945521
2.83029455197
2.83029455207
2.83029455218
2.83029455209
2.83029455228
2.83029455211
2.83029455224
2.82447207362
2.82447207362
2.82447207357
2.82447207354
2.82447207354
2.82447207337
2.82447207358
2.82447207367
2.82447207354
2.82447207338
2.82447207365
2.8244720737
2.82447207366
2.82447207373
2.82447207367
2.82447207356
2.82447207375
2.82447207363
2.82447207346
2.82447207365
2.82447207374
2.82447207371
2.82447207392
2.82447207369
2.82447207383
2.81767188585
2.81767188585
2.81767188581
2.81767188578
2.8176718858
2.8176718857
2.8176718858
2.81767188587
2.81767188578
2.81767188564
2.81767188586
2.81767188589
2.81767188585
2.81767188591
2.81767188584
2.81767188576
2.81767188582
2.81767188585
2.81767188567
2.81767188589
2.81767188596
2.81767188602
2.81767188624
2.81767188597
2.81767188613
2.81290586992
2.81290586992
2.81290586991
2.81290586988
2.81290586992
2.81290586992
2.81290586988
2.81290586994
2.81290586989
2.81290586987
2.81290586993
2.81290586995
2.81290586991
2.81290586996
2.81290586987
2.81290586983
2.81290586976
2.81290586988
2.81290586974
2.81290586991
2.81290586995
2.81290587007
2.81290587028
2.81290587004
2.81290587021
2.81028394654
2.81028394654
2.81028394655
2.81028394652
2.81028394656
2.81028394662
2.81028394652
2.81028394658
2.81028394654
2.8102839466
2.81028394656
2.81028394658
2.81028394653
2.81028394658
2.81028394647
2.81028394647
2.81028394634
2.81028394648
2.81028394638
2.81028394648
2.81028394652
2.81028394663
2.81028394683
2.81028394663
2.81028394681
2.8083559452
2.8083559452
2.80835594522
2.80835594519
2.80835594524
2.80835594532
2.8083559452
2.80835594526
2.80835594523
2.80835594534
2.80835594523
2.80835594525
2.80835594519
2.80835594525
2.80835594513
2.80835594514
2.808355945
2.80835594513
2.80835594506
2.80835594511
2.80835594515
2.80835594525
2.80835594544
2.80835594528
2.80835594545
2.80498626639
2.80498626639
2.80498626642
2.80498626639
2.80498626643
2.80498626654
2.80498626642
2.80498626647
2.80498626645
2.80498626662
2.80498626642
2.80498626644
2.80498626639
2.80498626644
2.80498626632
2.80498626635
2.8049862662
2.80498626631
2.80498626626
2.80498626626
2.8049862663
2.80498626637
2.80498626655
2.80498626643
2.8049862666
2.7995893686
2.7995893686
2.79958936864
2.79958936861
2.79958936864
2.79958936874
2.79958936865
2.7995893687
2.7995893687
2.79958936896
2.79958936864
2.79958936865
2.79958936861
2.79958936865
2.79958936854
2.79958936858
2.79958936845
2.79958936851
2.7995893685
2.79958936843
2.79958936848
2.79958936851
2.79958936866
2.7995893686
2.79958936876
2.79134626746
2.79134626746
2.79134626749
2.79134626747
2.79134626748
2.79134626752
2.79134626753
2.79134626756
2.79134626759
2.79134626794
2.7913462675
2.7913462675
2.79134626748
2.79134626751
2.79134626743
2.79134626746
2.79134626739
2.79134626738
2.79134626739
2.79134626729
2.79134626736
2.79134626732
2.79134626742
2.79134626743
2.79134626758
2.78255572558
2.78255572558
2.78255572558
2.78255572558
2.78255572556
2.78255572549
2.78255572564
2.78255572565
2.78255572571
2.78255572606
2.78255572559
2.78255572558
2.7825557256
2.78255572561
2.78255572558
2.78255572558
2.78255572559
2.78255572554
2.78255572551
2.78255572548
2.78255572555
2.78255572547
2.78255572553
2.78255572556
2.7825557257
2.77848386821
2.77848386821
2.77848386819
2.77848386818
2.77848386815
2.77848386801
2.77848386824
2.77848386823
2.7784838683
2.77848386857
2.7784838682
2.77848386818
2.77848386821
2.77848386822
2.77848386822
2.77848386818
2.77848386825
2.7784838682
2.77848386812
2.77848386818
2.77848386826
2.77848386818
2.77848386823
2.77848386823
2.77848386837
2.77775188823
2.77775188823
2.7777518882
2.77775188819
2.77775188817
2.77775188801
2.77775188823
2.77775188823
2.77775188829
2.77775188849
2.77775188821
2.77775188819
2.77775188822
2.77775188823
2.77775188824
2.77775188819
2.77775188827
2.77775188823
2.77775188812
2.77775188824
2.77775188831
2.77775188824
2.77775188831
2.77775188827
2.77775188841
2.77721719561
2.77721719561
2.77721719558
2.77721719558
2.77721719556
2.77721719542
2.7772171956
2.7772171956
2.77721719565
2.7772171958
2.77721719559
2.77721719557
2.7772171956
2.77721719561
2.77721719562
2.77721719556
2.77721719565
2.77721719562
2.7772171955
2.77721719563
2.77721719571
2.77721719565
2.77721719572
2.77721719567
2.77721719581
2.77604715796
2.77604715796
2.77604715794
2.77604715793
2.77604715792
2.77604715784
2.77604715793
2.77604715793
2.77604715797
2.77604715805
2.77604715794
2.77604715793
2.77604715795
2.77604715796
2.77604715797
2.77604715789
2.776047158
2.77604715797
2.77604715783
2.77604715799
2.77604715806
2.77604715801
2.77604715809
2.77604715802
2.77604715816
2.77452518855
2.77452518855
2.77452518855
2.77452518854
2.77452518855
2.77452518854
2.7745251885
2.77452518851
2.77452518853
2.77452518855
2.77452518855
2.77452518853
2.77452518854
2.77452518855
2.77452518856
2.77452518848
2.77452518859
2.77452518856
2.77452518841
2.77452518857
2.77452518864
2.77452518859
2.77452518866
2.77452518861
2.77452518874
2.77327220421
2.77327220421
2.77327220423
2.77327220421
2.77327220424
2.77327220429
2.77327220416
2.77327220417
2.77327220419
2.77327220419
2.77327220422
2.7732722042
2.77327220421
2.77327220421
2.77327220423
2.77327220414
2.77327220427
2.77327220422
2.77327220408
2.77327220421
2.77327220429
2.77327220421
2.77327220428
2.77327220425
2.77327220438
2.77263936385
2.77263936385
2.77263936387
2.77263936385
2.77263936388
2.77263936395
2.77263936381
2.77263936381
2.77263936383
2.77263936385
2.77263936386
2.77263936384
2.77263936385
2.77263936385
2.77263936387
2.77263936378
2.77263936392
2.77263936385
2.77263936372
2.77263936383
2.77263936391
2.77263936382
2.77263936388
2.77263936387
2.772639364
2.77227435551
2.77227435551
2.77227435554
2.77227435552
2.77227435555
2.77227435562
2.77227435548
2.77227435549
2.77227435551
2.77227435555
2.77227435553
2.77227435552
2.77227435552
2.77227435552
2.77227435554
2.77227435546
2.77227435559
2.77227435551
2.77227435539
2.77227435549
2.77227435556
2.77227435547
2.77227435553
2.77227435553
2.77227435566
2.77198782017
2.77198782017
2.7719878202
2.77198782018
2.7719878202
2.77198782027
2.77198782015
2.77198782015
2.77198782018
2.77198782026
2.77198782019
2.77198782017
2.77198782017
2.77198782017
2.77198782019
2.77198782012
2.77198782025
2.77198782016
2.77198782006
2.77198782013
2.7719878202
2.7719878201
2.77198782015
2.77198782016
2.77198782029
2.77205519898
2.77205519898
2.77205519901
2.77205519899
2.77205519901
2.77205519907
2.77205519898
2.77205519898
2.77205519901
2.77205519914
2.772055199
2.77205519898
2.77205519899
2.77205519898
2.772055199
2.77205519894
2.77205519908
2.77205519896
2.77205519888
2.77205519892
2.77205519898
2.77205519889
2.77205519894
2.77205519896
2.77205519908
2.77267106768
2.77267106768
2.7726710677
2.77267106768
2.7726710677
2.77267106774
2.7726710677
2.7726710677
2.77267106773
2.7726710679
2.7726710677
2.77267106768
2.77267106769
2.77267106768
2.77267106771
2.77267106765
2.77267106778
2.77267106766
2.77267106759
2.7726710676
2.77267106766
2.77267106758
2.77267106766
2.77267106766
2.77267106777
2.77365278762
2.77365278762
2.77365278764
2.77365278761
2.77365278764
2.77365278765
2.77365278765
2.77365278766
2.77365278768
2.77365278783
2.77365278764
2.77365278762
2.77365278763
2.77365278762
2.77365278765
2.7736527876
2.77365278773
2.77365278761
2.77365278753
2.77365278755
2.77365278759
2.77365278756
2.77365278767
2.77365278762
2.77365278773
2.77460936117
2.77460936117
2.77460936117
2.77460936113
2.77460936117
2.77460936118
2.77460936117
2.77460936119
2.7746093612
2.7746093613
2.77460936117
2.77460936116
2.77460936117
2.77460936115
2.77460936119
2.77460936113
2.77460936126
2.77460936115
2.77460936106
2.77460936112
2.77460936115
2.77460936115
2.77460936128
2.77460936118
2.7746093613
2.77483170568
2.77483170568
2.77483170569
2.77483170565
2.77483170569
2.7748317057
2.77483170568
2.7748317057
2.7748317057
2.77483170578
2.77483170569
2.77483170568
2.77483170568
2.77483170567
2.7748317057
2.77483170564
2.77483170577
2.77483170567
2.77483170557
2.77483170565
2.77483170568
2.77483170568
2.77483170582
2.77483170571
2.77483170583
2.77477527592
2.77477527592
2.77477527592
2.77477527589
2.77477527593
2.77477527594
2.77477527592
2.77477527593
2.77477527594
2.77477527601
2.77477527593
2.77477527591
2.77477527592
2.7747752759
2.77477527594
2.77477527587
2.774775276
2.77477527591
2.7747752758
2.77477527589
2.77477527592
2.77477527593
2.77477527606
2.77477527595
2.77477527607
2.77466535798
2.77466535798
2.77466535799
2.77466535795
2.77466535799
2.774665358
2.77466535798
2.77466535799
2.77466535799
2.77466535806
2.77466535799
2.77466535798
2.77466535798
2.77466535797
2.774665358
2.77466535794
2.77466535806
2.77466535798
2.77466535786
2.77466535796
2.77466535799
2.77466535799
2.77466535813
2.77466535802
2.77466535814
2.77456621004
2.77456621004
2.77456621004
2.77456621001
2.77456621005
2.77456621006
2.77456621003
2.77456621004
2.77456621004
2.77456621009
2.77456621004
2.77456621003
2.77456621003
2.77456621002
2.77456621006
2.77456620999
2.77456621011
2.77456621003
2.77456620991
2.77456621002
2.77456621006
2.77456621005
2.77456621019
2.77456621007
2.77456621019
2.77462012052
2.77462012052
2.77462012052
2.77462012048
2.77462012053
2.77462012055
2.7746201205
2.77462012052
2.77462012052
2.77462012055
2.77462012052
2.77462012051
2.77462012051
2.77462012051
2.77462012053
2.77462012046
2.77462012058
2.77462012051
2.77462012039
2.77462012051
2.77462012055
2.77462012054
2.77462012066
2.77462012055
2.77462012067
2.7749652826
2.7749652826
2.7749652826
2.77496528256
2.77496528261
2.77496528263
2.77496528258
2.7749652826
2.77496528259
2.77496528263
2.77496528261
2.7749652826
2.77496528259
2.77496528259
2.77496528261
2.77496528254
2.77496528264
2.77496528259
2.77496528246
2.77496528259
2.77496528265
2.77496528261
2.77496528274
2.77496528263
2.77496528275
2.77534011908
2.77534011908
2.77534011909
2.77534011904
2.77534011909
2.77534011911
2.77534011907
2.77534011909
2.77534011909
2.77534011914
2.77534011909
2.77534011909
2.77534011908
2.77534011908
2.77534011909
2.77534011903
2.77534011912
2.77534011908
2.77534011895
2.77534011907
2.77534011913
2.77534011909
2.77534011921
2.77534011911
2.77534011922
2.77544003801
2.77544003801
2.77544003801
2.77544003797
2.77544003802
2.77544003803
2.77544003801
2.77544003803
2.77544003802
2.77544003809
2.77544003802
2.77544003802
2.77544003801
2.77544003801
2.77544003802
2.77544003796
2.77544003805
2.775440038
2.77544003788
2.77544003799
2.77544003805
2.775440038
2.77544003812
2.77544003803
2.77544003814
2.77542431595
2.77542431595
2.77542431596
2.77542431591
2.77542431596
2.77542431597
2.77542431595
2.77542431597
2.77542431597
2.77542431604
2.77542431597
2.77542431596
2.77542431595
2.77542431595
2.77542431596
2.7754243159
2.775424316
2.77542431594
2.77542431582
2.77542431593
2.77542431599
2.77542431594
2.77542431607
2.77542431597
2.77542431608
2.77542822958
2.77542822958
2.77542822958
2.77542822954
2.77542822959
2.7754282296
2.77542822958
2.7754282296
2.7754282296
2.77542822967
2.77542822959
2.77542822959
2.77542822958
2.77542822958
2.77542822959
2.77542822953
2.77542822963
2.77542822957
2.77542822945
2.77542822956
2.77542822962
2.77542822957
2.77542822969
2.7754282296
2.77542822971
2.7755110845
2.7755110845
2.7755110845
2.77551108446
2.77551108451
2.77551108452
2.7755110845
2.77551108452
2.77551108452
2.7755110846
2.77551108451
2.77551108451
2.7755110845
2.7755110845
2.77551108451
2.77551108445
2.77551108455
2.77551108449
2.77551108438
2.77551108448
2.77551108454
2.77551108449
2.77551108461
2.77551108452
2.77551108463
2.77579690489
2.77579690489
2.7757969049
2.77579690485
2.7757969049
2.77579690491
2.7757969049
2.77579690492
2.77579690491
2.775796905
2.77579690491
2.7757969049
2.77579690489
2.77579690489
2.77579690491
2.77579690485
2.77579690495
2.77579690488
2.77579690477
2.77579690486
2.77579690492
2.77579690488
2.77579690501
2.77579690491
2.77579690502
2.77649853606
2.77649853606
2.77649853606
2.77649853601
2.77649853606
2.77649853607
2.77649853606
2.77649853608
2.77649853608
2.77649853617
2.77649853607
2.77649853606
2.77649853606
2.77649853605
2.77649853607
2.77649853601
2.77649853612
2.77649853605
2.77649853593
2.77649853603
2.77649853608
2.77649853604
2.77649853617
2.77649853608
2.77649853619
2.77745558665
2.77745558665
2.77745558665
2.77745558661
2.77745558666
2.77745558667
2.77745558665
2.77745558667
2.77745558667
2.77745558676
2.77745558666
2.77745558666
2.77745558665
2.77745558665
2.77745558667
2.7774555866
2.77745558671
2.77745558664
2.77745558652
2.77745558662
2.77745558667
2.77745558664
2.77745558676
2.77745558667
2.77745558679
2.77802370438
2.77802370438
2.77802370438
2.77802370434
2.77802370439
2.7780237044
2.77802370438
2.7780237044
2.7780237044
2.77802370448
2.77802370439
2.77802370439
2.77802370438
2.77802370438
2.7780237044
2.77802370433
2.77802370444
2.77802370437
2.77802370425
2.77802370435
2.77802370441
2.77802370438
2.77802370449
2.77802370441
2.77802370453
2.77804814622
2.77804814622
2.77804814622
2.77804814617
2.77804814622
2.77804814624
2.77804814621
2.77804814623
2.77804814623
2.77804814631
2.77804814623
2.77804814622
2.77804814622
2.77804814622
2.77804814623
2.77804814616
2.77804814627
2.77804814621
2.77804814608
2.77804814619
2.77804814625
2.77804814621
2.77804814633
2.77804814624
2.77804814636
2.77798477958
2.77798477958
2.77798477958
2.77798477953
2.77798477958
2.7779847796
2.77798477957
2.77798477959
2.77798477959
2.77798477967
2.77798477959
2.77798477958
2.77798477958
2.77798477958
2.77798477959
2.77798477953
2.77798477963
2.77798477957
2.77798477944
2.77798477955
2.77798477961
2.77798477957
2.77798477969
2.7779847796
2.77798477973
2.77793249004
2.77793249004
2.77793249004
2.77793249
2.77793249005
2.77793249006
2.77793249004
2.77793249006
2.77793249006
2.77793249013
2.77793249006
2.77793249005
2.77793249004
2.77793249004
2.77793249006
2.77793248999
2.7779324901
2.77793249003
2.77793248991
2.77793249002
2.77793249007
2.77793249004
2.77793249015
2.77793249007
2.77793249019
2.77780033372
2.77780033372
2.77780033372
2.77780033368
2.77780033373
2.77780033374
2.77780033371
2.77780033373
2.77780033373
2.77780033381
2.77780033373
2.77780033372
2.77780033372
2.77780033372
2.77780033373
2.77780033367
2.77780033377
2.77780033371
2.77780033359
2.77780033369
2.77780033375
2.77780033371
2.77780033383
2.77780033374
2.77780033387
2.77758564219
2.77758564219
2.77758564219
2.77758564214
2.7775856422
2.77758564221
2.77758564218
2.7775856422
2.7775856422
2.77758564228
2.7775856422
2.77758564219
2.77758564219
2.77758564219
2.7775856422
2.77758564214
2.77758564224
2.77758564218
2.77758564205
2.77758564216
2.77758564222
2.77758564218
2.7775856423
2.77758564221
2.77758564233
2.77723101225
2.77723101225
2.77723101225
2.77723101221
2.77723101226
2.77723101227
2.77723101225
2.77723101226
2.77723101226
2.77723101234
2.77723101226
2.77723101226
2.77723101225
2.77723101225
2.77723101227
2.7772310122
2.7772310123
2.77723101224
2.77723101212
2.77723101223
2.77723101229
2.77723101225
2.77723101236
2.77723101228
2.77723101239
2.776845622
2.776845622
2.776845622
2.77684562196
2.77684562201
2.77684562202
2.77684562199
2.77684562201
2.77684562201
2.77684562209
2.77684562201
2.776845622
2.776845622
2.776845622
2.77684562201
2.77684562195
2.77684562205
2.77684562199
2.77684562187
2.77684562197
2.77684562203
2.77684562199
2.77684562211
2.77684562202
2.77684562214
2.77669098042
2.77669098042
2.77669098042
2.77669098038
2.77669098043
2.77669098044
2.77669098041
2.77669098043
2.77669098043
2.77669098051
2.77669098043
2.77669098042
2.77669098042
2.77669098042
2.77669098043
2.77669098037
2.77669098047
2.77669098041
2.77669098029
2.7766909804
2.77669098045
2.77669098042
2.77669098053
2.77669098044
2.77669098056
2.77678600926
2.77678600926
2.77678600927
2.77678600922
2.77678600927
2.77678600928
2.77678600926
2.77678600928
2.77678600928
2.77678600935
2.77678600928
2.77678600927
2.77678600927
2.77678600927
2.77678600928
2.77678600921
2.77678600932
2.77678600926
2.77678600913
2.77678600924
2.7767860093
2.77678600926
2.77678600938
2.77678600929
2.77678600941
     fun: 2.8392919626950164
     jac: array([  8.68737698e-05,  -5.45382500e-06,   3.97861004e-05,
        -2.71201134e-06,  -8.18073750e-05,  -1.10596418e-04,
         3.25143337e-05,  -3.07857990e-05,  -1.51991844e-06,
        -1.59591436e-04,  -4.97698784e-06,   1.76966190e-04,
         8.33868980e-05,   1.09761953e-04,  -7.06911087e-05,
         2.81035900e-05,  -1.13844872e-05,  -3.80873680e-05,
         5.01573086e-05,   1.68383121e-05,   6.62207603e-05,
        -2.13384628e-05,  -1.23918056e-04])
 message: 'Optimization terminated successfully.'
    nfev: 1576
     nit: 63
    njev: 63
  status: 0
 success: True
       x: array([ 8.05128268,  6.82597135,  8.09032085,  1.85616664,  9.37893292,
        1.57133036,  1.81685567,  3.57316383,  6.8159558 ,  1.23205014,
        7.3942343 ,  2.00728545,  1.68894677,  3.34622241,  3.94800193,
        8.90502057,  6.2627986 ,  8.66816194,  3.30364174,  5.66435296,
        3.82109752,  8.31331518,  4.40032008])

========================================================

Final result:
8.05128268268
6.82597134502
8.09032084882
1.85616663651
1.85616663651
1.85616663651
6.81595580446
1.23205014263
7.39423429764
2.00728544851
1.68894676808
3.34622241446
3.94800193304
3.94800193304
8.90502056882
6.26279859852
8.66816194241
8.66816194241
3.30364173673
5.66435295763
5.66435295763
3.30364173673
3.82109751526
8.31331518128
3.82109751526
4.40032007922
9.37893291758
1.57133036005
1.81685567226
3.57316382775
3.57316382775
3.57316382775
