6.611074098050325e-07
6.611074098050325e-07
6.61107410153895e-07
6.611074100722868e-07
6.611074100946119e-07
6.611074106158934e-07
6.6110741024701e-07
6.611074102664294e-07
6.611074102630709e-07
6.6110741027773e-07
6.611074102660106e-07
6.611074102055969e-07
6.611074107091978e-07
6.611074102373367e-07
6.611074101292146e-07
6.61107410657883e-07
6.611074101853152e-07
6.611074105346542e-07
6.611074101356455e-07
6.61107410431397e-07
6.611074101009346e-07
6.611074103887028e-07
6.611074101842264e-07
6.611074102036909e-07
6.611074100908047e-07
6.611074105792557e-07
6.611073801875456e-07
6.611073801875456e-07
6.611073805364171e-07
6.611073804548069e-07
6.61107380477133e-07
6.611073809984098e-07
6.611073806295273e-07
6.611073806489486e-07
6.611073806455887e-07
6.611073806602439e-07
6.611073806485229e-07
6.611073805881113e-07
6.611073810917146e-07
6.611073806198544e-07
6.611073805117306e-07
6.611073810404034e-07
6.611073805678283e-07
6.611073809171748e-07
6.611073805181629e-07
6.611073808139131e-07
6.611073804834491e-07
6.611073807712193e-07
6.6110738056674e-07
6.611073805862069e-07
6.611073804733253e-07
6.611073809617704e-07
6.611072320991445e-07
6.611072320991445e-07
6.61107232448008e-07
6.611072323663992e-07
6.611072323887229e-07
6.611072329100045e-07
6.611072325411237e-07
6.6110723256054e-07
6.611072325571858e-07
6.611072325718369e-07
6.611072325601209e-07
6.611072324997065e-07
6.611072330033091e-07
6.611072325314541e-07
6.61107232423326e-07
6.61107232951996e-07
6.611072324794236e-07
6.611072328287669e-07
6.611072324297566e-07
6.611072327255135e-07
6.611072323950472e-07
6.611072326828138e-07
6.611072324783391e-07
6.61107232497806e-07
6.61107232384921e-07
6.611072328733684e-07
6.611064916629923e-07
6.611064916629923e-07
6.611064920118587e-07
6.611064919302486e-07
6.611064919525734e-07
6.611064924738537e-07
6.611064921049717e-07
6.611064921243894e-07
6.611064921210312e-07
6.611064921356879e-07
6.611064921239668e-07
6.611064920635593e-07
6.611064925671561e-07
6.611064920952998e-07
6.611064919871731e-07
6.611064925158456e-07
6.611064920432717e-07
6.611064923926198e-07
6.611064919936056e-07
6.61106492289354e-07
6.611064919588903e-07
6.61106492246663e-07
6.611064920421899e-07
6.611064920616522e-07
6.611064919487673e-07
6.611064924372111e-07
6.611027895116106e-07
6.611027895116106e-07
6.611027898604762e-07
6.611027897788654e-07
6.611027898011904e-07
6.611027903224617e-07
6.611027899535834e-07
6.611027899730033e-07
6.611027899696489e-07
6.611027899843033e-07
6.611027899725848e-07
6.611027899121727e-07
6.611027904157664e-07
6.611027899439121e-07
6.611027898357905e-07
6.611027903644498e-07
6.611027898918844e-07
6.611027902412252e-07
6.611027898422226e-07
6.611027901379685e-07
6.611027898075076e-07
6.61102790095274e-07
6.61102789890796e-07
6.611027899102692e-07
6.611027897973828e-07
6.611027902858221e-07
6.610842796786964e-07
6.610842796786964e-07
6.610842800275296e-07
6.610842799459234e-07
6.610842799682506e-07
6.610842804894828e-07
6.610842801206396e-07
6.610842801400652e-07
6.610842801367037e-07
6.610842801513569e-07
6.610842801396341e-07
6.610842800792301e-07
6.610842805827899e-07
6.610842801109673e-07
6.610842800028511e-07
6.61084280531476e-07
6.610842800589429e-07
6.610842804082553e-07
6.610842800092807e-07
6.610842803050041e-07
6.61084279974568e-07
6.61084280262323e-07
6.610842800578591e-07
6.610842800773283e-07
6.610842799644488e-07
6.610842804528476e-07
6.609917554421518e-07
6.609917554421518e-07
6.609917557908841e-07
6.609917557092888e-07
6.609917557316082e-07
6.609917562526526e-07
6.609917558839762e-07
6.60991755903396e-07
6.609917559000306e-07
6.609917559146899e-07
6.609917559029599e-07
6.609917558425755e-07
6.609917563459744e-07
6.609917558742894e-07
6.60991755766206e-07
6.609917562946609e-07
6.609917558222771e-07
6.609917561714617e-07
6.609917557726215e-07
6.609917560682396e-07
6.609917557379288e-07
6.609917560255876e-07
6.609917558212108e-07
6.60991755840674e-07
6.609917557278075e-07
6.609917562160312e-07
6.605297340177812e-07
6.605297340177812e-07
6.605297343659706e-07
6.605297342844293e-07
6.605297343067482e-07
6.605297348268493e-07
6.605297344589949e-07
6.605297344783894e-07
6.605297344750284e-07
6.605297344896833e-07
6.605297344779048e-07
6.605297344176235e-07
6.605297349202216e-07
6.60529734449233e-07
6.605297343413167e-07
6.605297348688981e-07
6.605297343972642e-07
6.60529734745819e-07
6.605297343476844e-07
6.605297346427488e-07
6.605297343130594e-07
6.605297346002657e-07
6.605297343962821e-07
6.60529734415729e-07
6.605297343029582e-07
6.60529734790279e-07
6.582346686264448e-07
6.582346686264448e-07
6.582346689719519e-07
6.582346688906818e-07
6.582346689129539e-07
6.582346694283474e-07
6.582346690646077e-07
6.58234669083898e-07
6.582346690805382e-07
6.582346690951924e-07
6.58234669083163e-07
6.582346690234183e-07
6.582346695219713e-07
6.582346690544798e-07
6.582346689474023e-07
6.582346694706174e-07
6.582346690027425e-07
6.582346693481452e-07
6.582346689535094e-07
6.582346692458327e-07
6.582346689192332e-07
6.58234669204196e-07
6.582346690021811e-07
6.582346690215342e-07
6.582346689092237e-07
6.582346693920617e-07
6.47130256770632e-07
6.47130256770632e-07
6.471302571028144e-07
6.471302570229041e-07
6.471302570449603e-07
6.471302575370113e-07
6.471302571936508e-07
6.471302572124345e-07
6.471302572090764e-07
6.471302572237166e-07
6.471302572104563e-07
6.471302571533723e-07
6.471302576319172e-07
6.471302571817137e-07
6.471302570787937e-07
6.471302575803893e-07
6.471302571311384e-07
6.471302574608983e-07
6.471302570836225e-07
6.471302573623466e-07
6.471302570510916e-07
6.471302573249138e-07
6.471302571326628e-07
6.471302571515357e-07
6.471302570415355e-07
6.471302575021109e-07
6.002779703518967e-07
6.002779703518967e-07
6.002779706202548e-07
6.00277970546841e-07
6.002779705678532e-07
6.002779709480792e-07
6.00277970702379e-07
6.00277970718738e-07
6.002779707153762e-07
6.00277970729948e-07
6.002779707108103e-07
6.002779706664274e-07
6.002779710491194e-07
6.002779706817703e-07
6.002779705987776e-07
6.002779709967716e-07
6.002779706367582e-07
6.002779708915866e-07
6.002779705974841e-07
6.002779708110447e-07
6.002779705732801e-07
6.002779707937166e-07
6.002779706482697e-07
6.002779706648708e-07
6.002779705659149e-07
6.002779709198452e-07
5.180666447664582e-07
5.180666447664582e-07
5.180666447933121e-07
5.180666447444811e-07
5.180666447615461e-07
5.180666447186587e-07
5.180666448424635e-07
5.180666448496295e-07
5.18066644846273e-07
5.180666448605902e-07
5.180666448191905e-07
5.180666448229086e-07
5.180666448428907e-07
5.180666447890364e-07
5.180666447814409e-07
5.180666447874271e-07
5.180666447650736e-07
5.180666447363653e-07
5.180666447569745e-07
5.180666447239751e-07
5.180666447642873e-07
5.180666447827557e-07
5.18066644814386e-07
5.180666448223739e-07
5.180666447652297e-07
5.18066644715619e-07
     fun: 5.227454558803528e-07
     jac: array([ 1.36463285e-09, -1.81001525e-09, -6.92800484e-10, -6.25833962e-09,
        4.54636506e-09,  5.00291009e-09,  4.78187445e-09,  5.72430991e-09,
        2.96072500e-09,  3.28599015e-09,  2.86156165e-09,  9.73059855e-10,
        5.98930683e-10, -7.31844807e-10, -5.69812642e-10, -3.84947185e-09,
       -1.05104903e-09, -4.42198456e-09, -5.16763521e-10, -3.70192765e-10,
        2.74085465e-09,  3.25249516e-09, -4.40827819e-10, -6.32449826e-09])
 message: 'Optimization terminated successfully.'
    nfev: 312
     nit: 12
    njev: 12
  status: 0
 success: True
       x: array([7.72275771, 5.40992004, 7.91966345, 1.54324304, 7.44147729,
       1.2678684 , 8.46282179, 1.69625576, 7.94419439, 8.1527395 ,
       1.39126303, 7.82133234, 5.62897681, 1.44820301, 7.87858583,
       1.57179758, 7.83144674, 1.70318415, 7.82655676, 1.42044237,
       7.27724878, 1.18195893, 7.54151178, 1.52196996])

========================================================

Final result:
7.72275771345115
5.409920042035813
7.919663451089885
1.5432430387839078
1.5432430387839078
1.5432430387839078
7.441477290823523
1.2678683968101505
8.462821787366286
1.6962557605616753
7.944194392203185
8.152739502591063
1.3912630253312899
1.3912630253312899
7.821332343712766
5.628976812201736
1.4482030133376163
1.4482030133376163
7.87858583090797
1.5717975800579453
1.5717975800579453
7.831446738591374
1.7031841483404846
1.7031841483404846
7.8265567607612505
1.4204423689426766
1.4204423689426766
7.277248784692998
1.1819589318400523
7.541511783514834
1.5219699560318039
1.5219699560318039
1.5219699560318039
