11.2590901675
11.2590901675
11.259090163
11.259090166
11.2590901659
11.2590901658
11.2590901658
11.259090166
11.2590901641
11.2590901659
11.2590901661
11.2590901642
11.2590901661
11.2590901649
11.2590901661
11.259090166
11.2590901663
11.2590901642
10.8350484024
10.8350484024
10.835048398
10.8350484009
10.8350484007
10.8350484007
10.8350484007
10.8350484008
10.8350483989
10.8350484008
10.8350484009
10.8350483991
10.835048401
10.8350483998
10.8350484009
10.8350484009
10.8350484012
10.8350483991
8.77575572152
8.77575572152
8.77575571747
8.7757557201
8.77575571991
8.77575571986
8.77575571985
8.77575572
8.77575571815
8.7757557199
8.77575572008
8.77575571824
8.77575572006
8.77575571883
8.7757557201
8.77575572005
8.7757557204
8.77575571842
4.67476840624
4.67476840624
4.67476841132
4.67476840779
4.67476840725
4.67476840713
4.67476840706
4.674768407
4.6747684079
4.6747684068
4.67476840678
4.67476840751
4.67476840634
4.67476840616
4.67476840704
4.67476840707
4.67476840708
4.67476840889
4.0560262554
4.0560262554
4.05602625548
4.05602625527
4.05602625475
4.05602625463
4.05602625458
4.05602625465
4.05602625373
4.05602625444
4.05602625456
4.05602625356
4.05602625426
4.05602625312
4.05602625476
4.05602625474
4.05602625504
4.05602625462
3.75326724969
3.75326724969
3.7532672519
3.75326725026
3.75326724967
3.75326724954
3.75326724949
3.75326724949
3.75326724929
3.75326724929
3.75326724933
3.753267249
3.75326724897
3.75326724812
3.75326724959
3.75326724959
3.7532672498
3.75326725029
3.69763117355
3.69763117355
3.69763117574
3.69763117412
3.69763117355
3.69763117342
3.69763117338
3.69763117337
3.69763117321
3.69763117319
3.6976311732
3.69763117295
3.69763117287
3.69763117206
3.69763117346
3.69763117347
3.69763117367
3.69763117417
3.45561331705
3.45561331705
3.45561331875
3.45561331748
3.45561331702
3.4556133169
3.45561331694
3.45561331683
3.45561331685
3.45561331679
3.45561331666
3.45561331666
3.4556133165
3.45561331583
3.45561331691
3.45561331692
3.45561331713
3.45561331754
3.16971143084
3.16971143084
3.16971142998
3.16971143057
3.16971143067
3.16971143063
3.16971143101
3.16971143049
3.16971143135
3.16971143115
3.16971143034
3.16971143159
3.16971143106
3.1697114312
3.16971143054
3.16971143056
3.1697114307
3.16971143064
3.11862668626
3.11862668626
3.11862668597
3.11862668615
3.11862668612
3.11862668606
3.11862668637
3.11862668593
3.1186266866
3.11862668644
3.11862668578
3.11862668674
3.1186266863
3.11862668625
3.118626686
3.11862668601
3.11862668617
3.11862668622
3.11103804055
3.11103804055
3.11103804032
3.11103804045
3.11103804042
3.11103804036
3.11103804065
3.11103804023
3.11103804087
3.11103804071
3.11103804008
3.111038041
3.11103804058
3.11103804051
3.1110380403
3.11103804031
3.11103804047
3.11103804053
3.07687196143
3.07687196143
3.07687196123
3.07687196134
3.07687196131
3.07687196126
3.07687196151
3.07687196114
3.0768719617
3.07687196156
3.07687196099
3.0768719618
3.07687196144
3.07687196137
3.07687196121
3.07687196123
3.07687196137
3.07687196147
2.97221969273
2.97221969273
2.97221969254
2.97221969266
2.97221969267
2.97221969268
2.97221969276
2.97221969259
2.97221969283
2.97221969276
2.97221969248
2.9722196928
2.97221969272
2.9722196927
2.97221969267
2.97221969273
2.97221969277
2.97221969298
2.96483619623
2.96483619623
2.96483619597
2.96483619616
2.96483619625
2.96483619633
2.96483619619
2.96483619628
2.96483619611
2.96483619615
2.96483619623
2.96483619594
2.96483619622
2.96483619628
2.96483619637
2.96483619646
2.96483619637
2.96483619667
2.9617934041
2.9617934041
2.96179340385
2.96179340403
2.96179340412
2.9617934042
2.96179340407
2.96179340415
2.961793404
2.96179340402
2.96179340409
2.96179340384
2.96179340409
2.96179340416
2.96179340423
2.96179340432
2.96179340423
2.96179340449
2.95400473018
2.95400473018
2.95400473
2.95400473013
2.9540047302
2.95400473028
2.95400473016
2.95400473021
2.95400473011
2.95400473013
2.95400473016
2.95400472997
2.95400473019
2.95400473026
2.95400473027
2.95400473036
2.95400473024
2.95400473035
2.95557393312
2.95557393312
2.95557393323
2.95557393316
2.95557393319
2.95557393327
2.95557393315
2.95557393314
2.95557393314
2.95557393312
2.95557393309
2.95557393304
2.95557393317
2.95557393327
2.95557393312
2.95557393322
2.95557393301
2.95557393271
2.95683292589
2.95683292589
2.95683292602
2.95683292593
2.95683292596
2.95683292604
2.95683292592
2.95683292591
2.9568329259
2.95683292589
2.95683292587
2.95683292581
2.95683292594
2.95683292603
2.95683292589
2.95683292598
2.95683292577
2.95683292545
2.95778255242
2.95778255242
2.9577825526
2.95778255248
2.9577825525
2.95778255258
2.95778255244
2.95778255245
2.95778255241
2.95778255242
2.95778255242
2.95778255233
2.95778255245
2.95778255253
2.95778255242
2.95778255251
2.9577825523
2.95778255195
2.95846558508
2.95846558508
2.95846558532
2.95846558516
2.95846558517
2.95846558523
2.95846558509
2.95846558516
2.95846558499
2.95846558508
2.95846558517
2.95846558503
2.95846558507
2.95846558504
2.9584655851
2.95846558514
2.95846558498
2.95846558468
2.96334403209
2.96334403209
2.96334403223
2.96334403215
2.96334403218
2.96334403221
2.9633440321
2.96334403221
2.96334403197
2.96334403212
2.96334403225
2.96334403216
2.96334403205
2.96334403195
2.96334403213
2.96334403211
2.96334403206
2.96334403192
2.96174994293
2.96174994293
2.96174994294
2.96174994295
2.961749943
2.96174994301
2.96174994294
2.96174994304
2.96174994282
2.96174994297
2.96174994308
2.96174994306
2.9617499429
2.96174994279
2.96174994297
2.96174994293
2.96174994293
2.96174994288
2.95929080164
2.95929080164
2.95929080156
2.95929080163
2.95929080169
2.9592908017
2.95929080165
2.95929080174
2.95929080155
2.95929080169
2.95929080177
2.9592908018
2.95929080162
2.95929080152
2.95929080168
2.95929080163
2.95929080165
2.95929080166
2.95768625243
2.95768625243
2.95768625232
2.95768625241
2.95768625248
2.95768625249
2.95768625245
2.95768625252
2.95768625236
2.95768625249
2.95768625256
2.9576862526
2.95768625242
2.95768625233
2.95768625247
2.95768625242
2.95768625245
2.95768625248
2.95403159846
2.95403159846
2.95403159828
2.95403159842
2.9540315985
2.9540315985
2.95403159849
2.95403159854
2.95403159843
2.95403159853
2.95403159856
2.95403159864
2.95403159847
2.95403159841
2.9540315985
2.95403159844
2.9540315985
2.95403159857
2.95097223716
2.95097223716
2.95097223693
2.9509722371
2.95097223718
2.95097223716
2.95097223719
2.95097223721
2.95097223717
2.95097223723
2.95097223723
2.95097223732
2.95097223719
2.95097223716
2.95097223718
2.95097223712
2.9509722372
2.95097223731
2.95016548557
2.95016548557
2.95016548536
2.95016548552
2.95016548558
2.95016548555
2.95016548562
2.95016548561
2.95016548563
2.95016548564
2.95016548561
2.95016548568
2.95016548563
2.95016548565
2.95016548558
2.95016548551
2.95016548562
2.95016548574
2.9518949215
2.9518949215
2.95189492137
2.95189492146
2.9518949215
2.95189492145
2.95189492154
2.95189492152
2.95189492157
2.95189492154
2.95189492153
2.95189492152
2.95189492156
2.95189492159
2.95189492149
2.95189492142
2.95189492152
2.95189492161
2.95313775848
2.95313775848
2.95313775845
2.95313775847
2.95313775849
2.95313775844
2.95313775851
2.95313775851
2.95313775853
2.95313775851
2.95313775852
2.95313775845
2.95313775853
2.95313775855
2.95313775847
2.95313775839
2.95313775849
2.95313775853
2.9532028256
2.9532028256
2.95320282561
2.95320282561
2.95320282562
2.95320282558
2.95320282564
2.95320282565
2.95320282564
2.95320282563
2.95320282566
2.95320282557
2.95320282565
2.95320282566
2.9532028256
2.95320282552
2.95320282561
2.95320282563
2.95307841463
2.95307841463
2.95307841464
2.95307841464
2.95307841465
2.95307841461
2.95307841466
2.95307841467
2.95307841466
2.95307841465
2.95307841468
2.95307841459
2.95307841467
2.95307841467
2.95307841462
2.95307841455
2.95307841463
2.95307841464
2.95280159451
2.95280159451
2.95280159454
2.95280159452
2.95280159454
2.9528015945
2.95280159454
2.95280159456
2.95280159452
2.95280159453
2.95280159457
2.95280159448
2.95280159454
2.95280159453
2.95280159451
2.95280159444
2.95280159451
2.95280159451
2.95247906435
2.95247906435
2.9524790644
2.95247906437
2.95247906438
2.95247906435
2.95247906437
2.9524790644
2.95247906434
2.95247906437
2.95247906441
2.95247906432
2.95247906437
2.95247906435
2.95247906435
2.9524790643
2.95247906434
2.95247906433
2.95220354305
2.95220354305
2.95220354312
2.95220354308
2.9522035431
2.95220354307
2.95220354308
2.95220354311
2.95220354304
2.95220354308
2.9522035431
2.95220354305
2.95220354307
2.95220354303
2.95220354307
2.95220354303
2.95220354305
2.95220354302
2.95211773725
2.95211773725
2.9521177373
2.95211773727
2.9521177373
2.95211773728
2.95211773728
2.9521177373
2.95211773724
2.95211773728
2.95211773728
2.95211773726
2.95211773727
2.95211773724
2.95211773728
2.95211773726
2.95211773726
2.95211773723
2.95212282859
2.95212282859
2.9521228286
2.9521228286
2.95212282863
2.95212282861
2.95212282862
2.95212282863
2.95212282859
2.95212282863
2.95212282859
2.95212282861
2.95212282862
2.95212282859
2.95212282862
2.9521228286
2.9521228286
2.9521228286
2.9520304512
2.9520304512
2.9520304512
2.95203045121
2.95203045124
2.95203045122
2.95203045124
2.95203045124
2.95203045122
2.95203045124
2.9520304512
2.95203045122
2.95203045124
2.95203045122
2.95203045123
2.95203045121
2.95203045122
2.95203045122
2.95195793192
2.95195793192
2.95195793191
2.95195793193
2.95195793195
2.95195793194
2.95195793196
2.95195793195
2.95195793194
2.95195793196
2.95195793191
2.95195793194
2.95195793196
2.95195793194
2.95195793195
2.95195793193
2.95195793193
2.95195793194
2.95193345321
2.95193345321
2.9519334532
2.95193345321
2.95193345324
2.95193345322
2.95193345324
2.95193345324
2.95193345322
2.95193345325
2.9519334532
2.95193345322
2.95193345324
2.95193345323
2.95193345323
2.95193345321
2.95193345322
2.95193345323
2.95187188705
2.95187188705
2.95187188704
2.95187188706
2.95187188708
2.95187188706
2.95187188709
2.95187188708
2.95187188707
2.95187188709
2.95187188704
2.95187188707
2.95187188709
2.95187188707
2.95187188708
2.95187188705
2.95187188706
2.95187188707
2.95180498663
2.95180498663
2.95180498662
2.95180498663
2.95180498666
2.95180498664
2.95180498667
2.95180498666
2.95180498665
2.95180498667
2.95180498662
2.95180498664
2.95180498667
2.95180498665
2.95180498665
2.95180498663
2.95180498664
2.95180498665
2.95175190554
2.95175190554
2.95175190553
2.95175190554
2.95175190557
2.95175190556
2.95175190557
2.95175190557
2.95175190556
2.95175190558
2.95175190553
2.95175190555
2.95175190558
2.95175190557
2.95175190556
2.95175190554
2.95175190555
2.95175190557
2.95179361919
2.95179361919
2.95179361918
2.95179361919
2.95179361922
2.95179361921
2.95179361922
2.95179361922
2.9517936192
2.95179361923
2.95179361918
2.9517936192
2.95179361923
2.95179361922
2.95179361921
2.95179361918
2.9517936192
2.95179361922
2.95193357289
2.95193357289
2.95193357289
2.9519335729
2.95193357293
2.95193357292
2.95193357293
2.95193357293
2.9519335729
2.95193357293
2.95193357289
2.95193357291
2.95193357293
2.95193357292
2.95193357291
2.95193357289
2.95193357291
2.95193357292
2.95203448817
2.95203448817
2.95203448816
2.95203448817
2.9520344882
2.95203448819
2.9520344882
2.9520344882
2.95203448817
2.9520344882
2.95203448816
2.95203448818
2.9520344882
2.95203448819
2.95203448819
2.95203448816
2.95203448818
2.95203448819
2.95206062338
2.95206062338
2.95206062338
2.95206062339
2.95206062342
2.95206062341
2.95206062342
2.95206062342
2.95206062339
2.95206062342
2.95206062337
2.9520606234
2.95206062342
2.95206062341
2.95206062341
2.95206062338
2.9520606234
2.95206062341
2.95207306243
2.95207306243
2.95207306242
2.95207306243
2.95207306246
2.95207306245
2.95207306246
2.95207306246
2.95207306243
2.95207306246
2.95207306242
2.95207306244
2.95207306246
2.95207306245
2.95207306245
2.95207306242
2.95207306244
2.95207306245
2.95208676115
2.95208676115
2.95208676114
2.95208676116
2.95208676118
2.95208676117
2.95208676118
2.95208676118
2.95208676116
2.95208676119
2.95208676114
2.95208676117
2.95208676119
2.95208676117
2.95208676117
2.95208676115
2.95208676116
2.95208676117
2.95209097537
2.95209097537
2.95209097536
2.95209097537
2.9520909754
2.95209097539
2.9520909754
2.9520909754
2.95209097538
2.9520909754
2.95209097536
2.95209097538
2.9520909754
2.95209097539
2.95209097539
2.95209097537
2.95209097538
2.95209097539
2.95207215269
2.95207215269
2.95207215269
2.9520721527
2.95207215273
2.95207215272
2.95207215273
2.95207215273
2.95207215271
2.95207215273
2.95207215268
2.95207215271
2.95207215273
2.95207215271
2.95207215272
2.95207215269
2.9520721527
2.95207215271
2.9520146944
2.9520146944
2.95201469439
2.95201469441
2.95201469444
2.95201469443
2.95201469444
2.95201469443
2.95201469442
2.95201469444
2.95201469439
2.95201469441
2.95201469443
2.95201469442
2.95201469442
2.9520146944
2.95201469441
2.95201469442
2.95196857417
2.95196857417
2.95196857416
2.95196857417
2.9519685742
2.95196857419
2.9519685742
2.9519685742
2.95196857419
2.9519685742
2.95196857416
2.95196857418
2.9519685742
2.95196857418
2.95196857419
2.95196857417
2.95196857418
2.95196857419
2.95194900747
2.95194900747
2.95194900746
2.95194900748
2.95194900751
2.9519490075
2.95194900751
2.9519490075
2.95194900749
2.95194900751
2.95194900746
2.95194900748
2.9519490075
2.95194900749
2.95194900749
2.95194900747
2.95194900748
2.95194900749
2.95193382795
2.95193382795
2.95193382794
2.95193382796
2.95193382799
2.95193382798
2.95193382799
2.95193382799
2.95193382797
2.95193382799
2.95193382795
2.95193382797
2.95193382799
2.95193382797
2.95193382797
2.95193382795
2.95193382796
2.95193382798
2.95190468552
2.95190468552
2.95190468552
2.95190468553
2.95190468556
2.95190468555
2.95190468556
2.95190468556
2.95190468554
2.95190468556
2.95190468552
2.95190468554
2.95190468556
2.95190468554
2.95190468554
2.95190468552
2.95190468553
2.95190468555
2.95185456753
2.95185456753
2.95185456752
2.95185456754
2.95185456757
2.95185456756
2.95185456757
2.95185456756
2.95185456755
2.95185456757
2.95185456752
2.95185456754
2.95185456756
2.95185456755
2.95185456755
2.95185456752
2.95185456754
2.95185456755
2.95178354682
2.95178354682
2.95178354682
2.95178354683
2.95178354686
2.95178354685
2.95178354686
2.95178354685
2.95178354684
2.95178354686
2.95178354682
2.95178354684
2.95178354686
2.95178354685
2.95178354684
2.95178354682
2.95178354684
2.95178354685
2.95173536346
2.95173536346
2.95173536346
2.95173536347
2.9517353635
2.95173536349
2.9517353635
2.9517353635
2.95173536348
2.9517353635
2.95173536346
2.95173536348
2.9517353635
2.95173536349
2.95173536349
2.95173536346
2.95173536348
2.95173536349
2.95173465704
2.95173465704
2.95173465703
2.95173465705
2.95173465707
2.95173465706
2.95173465708
2.95173465707
2.95173465705
2.95173465708
2.95173465703
2.95173465706
2.95173465708
2.95173465706
2.95173465706
2.95173465704
2.95173465705
2.95173465706
     fun: 2.9612018953972226
     jac: array([  1.35600567e-05,   2.01761723e-05,  -3.37660313e-05,
        -2.20239162e-05,   4.97698784e-06,  -2.12192535e-05,
        -6.24358654e-05,   4.17232513e-06,   9.89437103e-06,
         9.86456871e-06,   8.40425491e-06,   7.38799572e-05,
        -3.63886356e-05,  -3.64184380e-05,  -1.26659870e-05,
         3.33189964e-05])
 message: 'Optimization terminated successfully.'
    nfev: 1062
     nit: 59
    njev: 59
  status: 0
 success: True
       x: array([  1.36619429,   5.65853392,   9.75195116,   1.13967185,
         9.06544239,   8.02564685,   1.49153723,  10.89029385,
         6.00380463,   1.8199339 ,  10.02569988,   6.81690978,
         6.18649686,   1.35197312,   7.10878062,   1.72002159])

========================================================

Final result:
1.36619429283
1.36619429283
5.65853392131
1.36619429283
9.75195116294
1.13967185056
9.06544238966
8.02564684839
1.49153723231
1.49153723231
10.8902938461
6.00380462568
1.81993390204
1.81993390204
10.0256998807
6.81690977631
6.81690977631
6.18649686196
1.35197312216
7.10878061666
1.72002158932
1.72002158932
1.72002158932
