5.86739299466
5.86739299466
5.86739299412
5.86739299411
5.86739299415
5.86739299316
5.8673929941
5.86739299409
5.86739299408
5.86739299408
5.86739299408
5.8673929941
5.86739299349
5.86739299407
5.8673929941
5.86739299349
5.86739299348
5.86739299353
5.86739299355
5.86739299411
5.86739299414
5.86739299415
5.8673929941
5.86739299411
5.80497011711
5.80497011711
5.80497011657
5.80497011656
5.8049701166
5.80497011561
5.80497011655
5.80497011654
5.80497011654
5.80497011653
5.80497011653
5.80497011655
5.80497011594
5.80497011652
5.80497011655
5.80497011595
5.80497011594
5.80497011598
5.804970116
5.80497011656
5.80497011659
5.8049701166
5.80497011655
5.80497011656
5.49367495573
5.49367495573
5.49367495518
5.49367495518
5.49367495522
5.49367495424
5.49367495516
5.49367495516
5.49367495515
5.49367495514
5.49367495514
5.49367495516
5.49367495456
5.49367495514
5.49367495517
5.49367495456
5.49367495455
5.4936749546
5.49367495462
5.49367495517
5.49367495521
5.49367495521
5.49367495517
5.49367495517
3.96562380078
3.96562380078
3.96562380026
3.96562380025
3.96562380031
3.96562379939
3.96562380024
3.96562380024
3.96562380022
3.96562380021
3.96562380022
3.96562380023
3.96562379965
3.96562380021
3.96562380023
3.96562379965
3.96562379964
3.96562379968
3.9656237997
3.96562380024
3.96562380027
3.96562380028
3.96562380023
3.96562380024
4.25486309323
1.37433541282
1.37433541282
1.37433541285
1.37433541281
1.37433541294
1.37433541323
1.37433541284
1.37433541286
1.37433541279
1.37433541277
1.3743354128
1.37433541274
1.3743354128
1.37433541279
1.37433541272
1.37433541276
1.37433541278
1.37433541274
1.37433541274
1.37433541277
1.37433541276
1.37433541276
1.37433541272
1.37433541269
1.373188456
1.373188456
1.37318845603
1.37318845599
1.37318845611
1.3731884564
1.37318845601
1.37318845604
1.37318845596
1.37318845595
1.37318845598
1.37318845592
1.37318845597
1.37318845597
1.3731884559
1.37318845593
1.37318845595
1.37318845591
1.37318845592
1.37318845595
1.37318845594
1.37318845594
1.3731884559
1.37318845587
1.35964445466
1.35964445466
1.35964445469
1.35964445465
1.35964445477
1.35964445504
1.35964445468
1.35964445471
1.35964445463
1.35964445462
1.35964445465
1.35964445459
1.35964445466
1.35964445464
1.35964445457
1.35964445463
1.35964445465
1.35964445461
1.35964445461
1.35964445462
1.35964445462
1.35964445462
1.35964445457
1.35964445454
1.31650883845
1.31650883845
1.31650883843
1.31650883839
1.31650883847
1.31650883854
1.31650883844
1.31650883846
1.31650883842
1.31650883841
1.31650883846
1.31650883839
1.31650883848
1.31650883846
1.31650883837
1.31650883848
1.31650883849
1.31650883848
1.31650883849
1.31650883846
1.31650883846
1.31650883846
1.31650883838
1.31650883836
1.31305645469
1.31305645469
1.31305645465
1.31305645461
1.31305645468
1.31305645467
1.31305645467
1.31305645468
1.31305645466
1.31305645465
1.3130564547
1.31305645463
1.31305645473
1.31305645471
1.31305645462
1.31305645474
1.31305645475
1.31305645474
1.31305645476
1.31305645472
1.31305645472
1.31305645472
1.31305645463
1.31305645461
1.31283035043
1.31283035043
1.31283035038
1.31283035035
1.31283035041
1.3128303504
1.3128303504
1.31283035042
1.3128303504
1.31283035038
1.31283035044
1.31283035037
1.31283035047
1.31283035044
1.31283035036
1.31283035047
1.31283035048
1.31283035048
1.31283035049
1.31283035045
1.31283035045
1.31283035046
1.31283035036
1.31283035034
1.31170552976
1.31170552976
1.31170552971
1.31170552968
1.31170552974
1.31170552973
1.31170552973
1.31170552975
1.31170552973
1.31170552971
1.31170552976
1.3117055297
1.3117055298
1.31170552977
1.31170552969
1.3117055298
1.31170552981
1.3117055298
1.31170552982
1.31170552978
1.31170552978
1.31170552978
1.31170552969
1.31170552968
1.30664302917
1.30664302917
1.30664302912
1.30664302909
1.30664302915
1.30664302914
1.30664302914
1.30664302916
1.30664302914
1.30664302913
1.30664302918
1.30664302912
1.30664302921
1.30664302918
1.3066430291
1.3066430292
1.30664302922
1.3066430292
1.30664302922
1.30664302918
1.30664302918
1.30664302919
1.30664302911
1.3066430291
1.29280721821
1.29280721821
1.29280721818
1.29280721815
1.2928072182
1.29280721819
1.2928072182
1.29280721821
1.2928072182
1.29280721819
1.29280721822
1.29280721819
1.29280721827
1.29280721821
1.29280721819
1.29280721822
1.29280721824
1.2928072182
1.2928072182
1.29280721819
1.29280721819
1.29280721819
1.2928072182
1.2928072182
1.29094259016
1.29094259016
1.29094259014
1.29094259012
1.29094259016
1.29094259016
1.29094259016
1.29094259018
1.29094259017
1.29094259016
1.29094259018
1.29094259017
1.29094259023
1.29094259017
1.29094259016
1.29094259016
1.29094259019
1.29094259013
1.29094259013
1.29094259014
1.29094259013
1.29094259013
1.29094259018
1.29094259018
1.29088128843
1.29088128843
1.29088128842
1.29088128839
1.29088128843
1.29088128843
1.29088128843
1.29088128845
1.29088128844
1.29088128843
1.29088128846
1.29088128844
1.2908812885
1.29088128844
1.29088128844
1.29088128843
1.29088128846
1.2908812884
1.2908812884
1.29088128841
1.2908812884
1.2908812884
1.29088128845
1.29088128845
1.29057801199
1.29057801199
1.29057801197
1.29057801194
1.29057801198
1.29057801198
1.29057801199
1.290578012
1.29057801199
1.29057801198
1.29057801201
1.29057801199
1.29057801205
1.29057801199
1.29057801199
1.29057801198
1.29057801201
1.29057801196
1.29057801196
1.29057801196
1.29057801195
1.29057801195
1.290578012
1.29057801201
1.28914101093
1.28914101093
1.28914101091
1.28914101089
1.28914101092
1.28914101093
1.28914101093
1.28914101094
1.28914101093
1.28914101092
1.28914101095
1.28914101094
1.28914101099
1.28914101093
1.28914101093
1.28914101093
1.28914101095
1.2891410109
1.2891410109
1.28914101091
1.2891410109
1.2891410109
1.28914101095
1.28914101095
1.28374425859
1.28374425859
1.28374425858
1.28374425856
1.28374425859
1.2837442586
1.28374425859
1.2837442586
1.2837442586
1.28374425859
1.28374425861
1.2837442586
1.28374425863
1.28374425859
1.28374425859
1.28374425859
1.28374425861
1.28374425857
1.28374425858
1.28374425858
1.28374425858
1.28374425858
1.28374425861
1.28374425862
1.27949128571
1.27949128571
1.2794912857
1.27949128569
1.27949128571
1.27949128572
1.27949128571
1.27949128571
1.27949128571
1.2794912857
1.2794912857
1.27949128571
1.2794912857
1.2794912857
1.27949128571
1.2794912857
1.27949128571
1.27949128571
1.27949128572
1.27949128571
1.27949128572
1.27949128573
1.27949128573
1.27949128574
1.27947771493
1.27947771493
1.27947771492
1.2794777149
1.27947771493
1.27947771494
1.27947771492
1.27947771493
1.27947771492
1.27947771492
1.27947771492
1.27947771493
1.27947771492
1.27947771492
1.27947771492
1.27947771492
1.27947771492
1.27947771492
1.27947771494
1.27947771493
1.27947771494
1.27947771495
1.27947771494
1.27947771495
1.27939439628
1.27939439628
1.27939439627
1.27939439626
1.27939439628
1.2793943963
1.27939439628
1.27939439628
1.27939439628
1.27939439628
1.27939439628
1.27939439629
1.27939439627
1.27939439628
1.27939439628
1.27939439627
1.27939439628
1.27939439628
1.2793943963
1.27939439628
1.27939439629
1.2793943963
1.2793943963
1.27939439631
1.27896610352
1.27896610352
1.27896610351
1.2789661035
1.27896610353
1.27896610354
1.27896610352
1.27896610352
1.27896610352
1.27896610352
1.27896610352
1.27896610353
1.27896610352
1.27896610352
1.27896610352
1.27896610351
1.27896610352
1.27896610352
1.27896610354
1.27896610352
1.27896610353
1.27896610354
1.27896610354
1.27896610355
1.2770672865
1.2770672865
1.27706728649
1.27706728648
1.2770672865
1.27706728651
1.2770672865
1.2770672865
1.2770672865
1.2770672865
1.2770672865
1.2770672865
1.2770672865
1.2770672865
1.2770672865
1.27706728649
1.2770672865
1.2770672865
1.27706728651
1.2770672865
1.27706728651
1.27706728652
1.27706728651
1.27706728652
1.27300634493
1.27300634493
1.27300634493
1.27300634493
1.27300634493
1.27300634493
1.27300634493
1.27300634493
1.27300634493
1.27300634494
1.27300634493
1.27300634493
1.27300634493
1.27300634493
1.27300634493
1.27300634493
1.27300634494
1.27300634493
1.27300634494
1.27300634493
1.27300634493
1.27300634493
1.27300634493
1.27300634493
1.27293280295
1.27293280295
1.27293280295
1.27293280295
1.27293280295
1.27293280295
1.27293280295
1.27293280295
1.27293280296
1.27293280296
1.27293280295
1.27293280295
1.27293280295
1.27293280295
1.27293280295
1.27293280295
1.27293280296
1.27293280295
1.27293280296
1.27293280295
1.27293280295
1.27293280295
1.27293280295
1.27293280295
1.27293061021
1.27293061021
1.27293061021
1.27293061021
1.27293061021
1.27293061021
1.27293061021
1.27293061021
1.27293061021
1.27293061022
1.27293061021
1.27293061021
1.27293061021
1.27293061021
1.2729306102
1.27293061021
1.27293061022
1.27293061021
1.27293061022
1.27293061021
1.27293061021
1.27293061021
1.27293061021
1.27293061021
1.27292714522
1.27292714522
1.27292714522
1.27292714522
1.27292714522
1.27292714522
1.27292714522
1.27292714522
1.27292714522
1.27292714523
1.27292714522
1.27292714522
1.27292714522
1.27292714521
1.27292714521
1.27292714521
1.27292714522
1.27292714521
1.27292714522
1.27292714521
1.27292714522
1.27292714522
1.27292714522
1.27292714522
1.27292111573
1.27292111573
1.27292111573
1.27292111573
1.27292111573
1.27292111573
1.27292111573
1.27292111573
1.27292111573
1.27292111574
1.27292111573
1.27292111573
1.27292111573
1.27292111572
1.27292111572
1.27292111572
1.27292111573
1.27292111572
1.27292111573
1.27292111572
1.27292111573
1.27292111573
1.27292111573
1.27292111573
1.27290269288
1.27290269288
1.27290269288
1.27290269288
1.27290269288
1.27290269288
1.27290269288
1.27290269288
1.27290269288
1.27290269289
1.27290269288
1.27290269288
1.27290269288
1.27290269288
1.27290269288
1.27290269288
1.27290269289
1.27290269288
1.27290269289
1.27290269288
1.27290269288
1.27290269289
1.27290269288
1.27290269288
1.27285730124
1.27285730124
1.27285730124
1.27285730124
1.27285730124
1.27285730124
1.27285730124
1.27285730124
1.27285730124
1.27285730125
1.27285730124
1.27285730124
1.27285730123
1.27285730124
1.27285730123
1.27285730124
1.27285730124
1.27285730124
1.27285730125
1.27285730124
1.27285730124
1.27285730125
1.27285730124
1.27285730124
1.27274149748
1.27274149748
1.27274149749
1.27274149749
1.27274149749
1.27274149749
1.27274149748
1.27274149748
1.27274149749
1.27274149749
1.27274149748
1.27274149748
1.27274149747
1.27274149748
1.27274149748
1.27274149748
1.27274149749
1.27274149748
1.27274149749
1.27274149748
1.27274149749
1.27274149749
1.27274149749
1.27274149748
1.27246735905
1.27246735905
1.27246735905
1.27246735906
1.27246735905
1.27246735906
1.27246735905
1.27246735905
1.27246735905
1.27246735906
1.27246735905
1.27246735905
1.27246735904
1.27246735905
1.27246735905
1.27246735905
1.27246735905
1.27246735905
1.27246735907
1.27246735905
1.27246735906
1.27246735906
1.27246735905
1.27246735905
1.27190021467
1.27190021467
1.27190021468
1.27190021468
1.27190021468
1.27190021468
1.27190021467
1.27190021467
1.27190021467
1.27190021468
1.27190021467
1.27190021467
1.27190021466
1.27190021467
1.27190021467
1.27190021467
1.27190021467
1.27190021468
1.27190021469
1.27190021468
1.27190021468
1.27190021469
1.27190021467
1.27190021467
1.27104965421
1.27104965421
1.27104965421
1.27104965421
1.27104965421
1.27104965421
1.27104965421
1.2710496542
1.27104965421
1.27104965421
1.2710496542
1.27104965421
1.27104965419
1.2710496542
1.27104965421
1.2710496542
1.2710496542
1.27104965421
1.27104965422
1.27104965421
1.27104965422
1.27104965422
1.27104965421
1.27104965421
1.27035077236
1.27035077236
1.27035077236
1.27035077236
1.27035077236
1.27035077236
1.27035077236
1.27035077236
1.27035077236
1.27035077236
1.27035077236
1.27035077236
1.27035077235
1.27035077236
1.27035077237
1.27035077236
1.27035077236
1.27035077236
1.27035077237
1.27035077237
1.27035077237
1.27035077237
1.27035077236
1.27035077236
1.27011901119
1.27011901119
1.27011901119
1.27011901119
1.27011901119
1.27011901119
1.27011901119
1.27011901119
1.27011901119
1.27011901119
1.27011901119
1.27011901119
1.27011901119
1.27011901119
1.2701190112
1.27011901119
1.27011901119
1.27011901119
1.27011901119
1.27011901119
1.27011901119
1.27011901119
1.27011901119
1.27011901119
1.27009348111
1.27009348111
1.27009348111
1.27009348111
1.27009348111
1.27009348111
1.27009348111
1.27009348111
1.27009348111
1.27009348111
1.27009348111
1.27009348111
1.27009348111
1.27009348111
1.27009348111
1.2700934811
1.27009348111
1.27009348111
1.27009348111
1.27009348111
1.27009348111
1.27009348111
1.2700934811
1.2700934811
1.27009202855
1.27009202855
1.27009202855
1.27009202855
1.27009202855
1.27009202855
1.27009202855
1.27009202855
1.27009202855
1.27009202855
1.27009202855
1.27009202855
1.27009202856
1.27009202855
1.27009202856
1.27009202855
1.27009202855
1.27009202855
1.27009202855
1.27009202855
1.27009202856
1.27009202856
1.27009202855
1.27009202855
1.2700910398
     fun: 1.2700910398036434
     jac: array([ -1.64359808e-05,  -1.06662512e-04,  -9.14931297e-06,
        -1.50501728e-05,   5.02616167e-05,   1.16139650e-04,
         7.73221254e-05,   7.67558813e-05,   5.22285700e-05,
         9.53525305e-05,   2.14681029e-04,  -1.35689974e-04,
         4.11942601e-04,  -2.45884061e-04,  -1.17123127e-04,
        -1.41426921e-04,   6.66975975e-05,  -3.30656767e-05,
         2.07543373e-04,   2.16469169e-04,  -2.29761004e-04,
        -2.44051218e-04])
 message: 'Optimization terminated successfully.'
    nfev: 914
     nit: 38
    njev: 38
  status: 0
 success: True
       x: array([ 5.80998187,  9.60599085,  2.36197637,  4.10797238,  4.32719977,
        3.06379765,  4.04081289,  3.39514512,  3.0968735 ,  5.79007588,
        4.35034295,  5.03985972,  8.21251815,  8.9283523 ,  3.54286215,
        9.63259774,  4.37364018,  5.79498163,  4.22191589,  2.33525836,
        3.76150922,  3.86431059])

========================================================

Final result:
5.8099818672
9.60599085321
2.3619763704
4.10797238479
4.10797238479
4.10797238479
4.327199768
3.06379764715
4.04081288742
3.39514511881
3.09687349728
5.7900758839
4.35034294911
4.35034294911
5.03985972454
8.21251814845
8.9283523041
8.9283523041
3.5428621491
9.63259774498
9.63259774498
3.5428621491
4.37364017518
5.79498162858
4.37364017518
4.2219158938
2.33525836131
3.76150922189
3.86431059176
