6.549370828161258e-07
6.549370828161258e-07
6.549370831609558e-07
6.549370830810645e-07
6.549370831034079e-07
6.549370836213308e-07
6.549370832509528e-07
6.549370832698708e-07
6.549370832654758e-07
6.549370832792594e-07
6.549370832691227e-07
6.549370832073995e-07
6.549370837046641e-07
6.549370832415343e-07
6.549370831348285e-07
6.549370836546198e-07
6.54937083191472e-07
6.549370835364375e-07
6.549370831432699e-07
6.549370834351941e-07
6.549370831104466e-07
6.549370833980545e-07
6.549370831823766e-07
6.549370832008216e-07
6.549370830890409e-07
6.549370835527075e-07
6.549370542669309e-07
6.549370542669309e-07
6.549370546117565e-07
6.549370545318627e-07
6.549370545542055e-07
6.549370550721329e-07
6.549370547017579e-07
6.549370547206734e-07
6.549370547162795e-07
6.549370547300598e-07
6.549370547199308e-07
6.549370546582025e-07
6.549370551554647e-07
6.549370546923388e-07
6.549370545856291e-07
6.54937055105421e-07
6.549370546422785e-07
6.549370549872376e-07
6.549370545940717e-07
6.549370548859909e-07
6.549370545612464e-07
6.549370548488566e-07
6.549370546331766e-07
6.549370546516245e-07
6.54937054539845e-07
6.549370550035114e-07
6.549369115218172e-07
6.549369115218172e-07
6.549369118666475e-07
6.549369117867601e-07
6.549369118090968e-07
6.549369123270297e-07
6.549369119566511e-07
6.549369119755647e-07
6.549369119711708e-07
6.549369119849514e-07
6.549369119748205e-07
6.54936911913098e-07
6.54936912410358e-07
6.549369119472298e-07
6.549369118405225e-07
6.549369123603122e-07
6.54936911897163e-07
6.549369122421293e-07
6.549369118489634e-07
6.549369121408824e-07
6.549369118161378e-07
6.549369121037479e-07
6.549369118880685e-07
6.549369119065152e-07
6.549369117947332e-07
6.549369122584015e-07
6.549361977902225e-07
6.549361977902225e-07
6.549361981350504e-07
6.5493619805516e-07
6.549361980775017e-07
6.549361985954245e-07
6.549361982250511e-07
6.549361982439673e-07
6.549361982395696e-07
6.549361982533546e-07
6.549361982432228e-07
6.54936198181497e-07
6.549361986787549e-07
6.549361982156288e-07
6.549361981089254e-07
6.549361986287136e-07
6.549361981655657e-07
6.549361985105286e-07
6.549361981173656e-07
6.54936198409288e-07
6.549361980845421e-07
6.549361983721497e-07
6.549361981564703e-07
6.549361981749145e-07
6.549361980631384e-07
6.549361985268036e-07
6.549326291888509e-07
6.549326291888509e-07
6.549326295336735e-07
6.549326294537821e-07
6.549326294761234e-07
6.549326299940452e-07
6.549326296236714e-07
6.549326296425863e-07
6.549326296381893e-07
6.549326296519778e-07
6.549326296418423e-07
6.5493262958012e-07
6.549326300773708e-07
6.5493262961425e-07
6.549326295075471e-07
6.549326300273268e-07
6.54932629564189e-07
6.54932629909142e-07
6.549326295159865e-07
6.549326298079016e-07
6.549326294831632e-07
6.549326297707679e-07
6.549326295550881e-07
6.549326295735359e-07
6.549326294617576e-07
6.549326299254201e-07
6.549147871948354e-07
6.549147871948354e-07
6.549147875396376e-07
6.549147874597469e-07
6.549147874820893e-07
6.549147879999732e-07
6.549147876296346e-07
6.549147876485475e-07
6.54914787644156e-07
6.549147876579388e-07
6.549147876478067e-07
6.549147875860853e-07
6.549147880833069e-07
6.549147876202073e-07
6.549147875135088e-07
6.549147880332606e-07
6.549147875701479e-07
6.54914787915078e-07
6.549147875219491e-07
6.549147878138453e-07
6.549147874891314e-07
6.549147877767175e-07
6.549147875610567e-07
6.549147875795021e-07
6.54914787467728e-07
6.549147879313469e-07
6.548256001219224e-07
6.548256001219224e-07
6.548256004666173e-07
6.548256003867396e-07
6.548256004090764e-07
6.548256009267777e-07
6.548256005565969e-07
6.548256005755128e-07
6.548256005711168e-07
6.548256005848993e-07
6.548256005747576e-07
6.548256005130562e-07
6.54825601010118e-07
6.548256005471611e-07
6.548256004405003e-07
6.548256009600725e-07
6.548256004971112e-07
6.548256008419142e-07
6.548256004489222e-07
6.548256007407124e-07
6.548256004161181e-07
6.548256007036207e-07
6.548256004880335e-07
6.548256005064738e-07
6.548256003947225e-07
6.548256008581688e-07
6.543802465133744e-07
6.543802465133744e-07
6.543802468575466e-07
6.543802467777222e-07
6.543802468000514e-07
6.543802473168173e-07
6.543802469474538e-07
6.543802469663473e-07
6.543802469619568e-07
6.543802469757368e-07
6.54380246965541e-07
6.543802469039533e-07
6.543802474002182e-07
6.543802469379389e-07
6.543802468314483e-07
6.543802473501609e-07
6.5438024688794e-07
6.543802472321205e-07
6.543802468398191e-07
6.543802471310582e-07
6.54380246807082e-07
6.543802470941348e-07
6.543802468789522e-07
6.543802468973737e-07
6.543802467857143e-07
6.54380247248294e-07
6.52167953049421e-07
6.52167953049421e-07
6.521679533909504e-07
6.521679533113898e-07
6.521679533336691e-07
6.521679538457867e-07
6.521679534804982e-07
6.521679534992899e-07
6.521679534949002e-07
6.521679535086764e-07
6.521679534982411e-07
6.521679534371892e-07
6.521679539294769e-07
6.521679534706264e-07
6.521679533649737e-07
6.521679538793816e-07
6.521679534208465e-07
6.521679537619219e-07
6.521679533730615e-07
6.521679536615971e-07
6.521679533406641e-07
6.521679536254993e-07
6.521679534123078e-07
6.521679534306338e-07
6.521679533194415e-07
6.521679537776856e-07
6.414640569776498e-07
6.414640569776498e-07
6.414640573060645e-07
6.4146405722785e-07
6.414640572498714e-07
6.414640577389423e-07
6.414640573938561e-07
6.414640574121335e-07
6.414640574077819e-07
6.414640574215429e-07
6.414640574098741e-07
6.414640573515019e-07
6.414640578240717e-07
6.414640573821777e-07
6.414640572807061e-07
6.414640577737581e-07
6.414640573335116e-07
6.414640576591802e-07
6.414640572874075e-07
6.414640575625236e-07
6.414640572567044e-07
6.414640575305029e-07
6.414640573271911e-07
6.414640573450373e-07
6.414640572361767e-07
6.414640576729507e-07
5.96301335046879e-07
5.96301335046879e-07
5.963013353125077e-07
5.963013352407189e-07
5.963013352615279e-07
5.963013356401556e-07
5.963013353918262e-07
5.963013354076846e-07
5.963013354034874e-07
5.963013354171654e-07
5.963013353996379e-07
5.963013353540896e-07
5.963013357321771e-07
5.963013353715383e-07
5.963013352900898e-07
5.963013356808368e-07
5.963013353282238e-07
5.963013355800527e-07
5.963013352901322e-07
5.963013355009522e-07
5.963013352675542e-07
5.963013354885187e-07
5.963013353325067e-07
5.963013353480658e-07
5.963013352503657e-07
5.963013355842463e-07
5.17047880249928e-07
5.17047880249928e-07
5.170478802779358e-07
5.170478802304458e-07
5.170478802466666e-07
5.170478802073447e-07
5.170478803251984e-07
5.170478803318833e-07
5.170478803282693e-07
5.170478803416535e-07
5.170478803019314e-07
5.170478803049139e-07
5.1704788032544e-07
5.170478802723027e-07
5.170478802666435e-07
5.170478802702042e-07
5.170478802492417e-07
5.170478802216418e-07
5.170478802414784e-07
5.170478802089805e-07
5.170478802496411e-07
5.170478802706428e-07
5.170478802936504e-07
5.170478803005722e-07
5.170478802450974e-07
5.170478801895944e-07
     fun: 5.215523784395301e-07
     jac: array([ 1.44708423e-09, -1.63970526e-09, -5.79170489e-10, -5.88740079e-09,
        4.50594229e-09,  4.93083974e-09,  4.69382400e-09,  5.57473356e-09,
        2.92172331e-09,  3.19929683e-09,  2.83871060e-09,  9.67993685e-10,
        7.22039317e-10, -7.42581108e-10, -5.16820364e-10, -3.70509667e-09,
       -9.77344428e-10, -4.30080149e-09, -3.88389765e-10, -6.95763447e-11,
        2.47480614e-09,  2.91618818e-09, -6.66474875e-10, -6.82040024e-09])
 message: 'Optimization terminated successfully.'
    nfev: 312
     nit: 12
    njev: 12
  status: 0
 success: True
       x: array([7.74490287, 5.47290207, 7.91447537, 1.54859368, 7.40692185,
       1.26419812, 8.41640918, 1.67461654, 7.92823946, 8.10603207,
       1.40922654, 7.81455729, 5.76135083, 1.45515202, 7.86997512,
       1.58038405, 7.83015729, 1.70076467, 7.83258914, 1.42928457,
       7.14362274, 1.22213277, 7.41350965, 1.55995507])

========================================================

Final result:
7.744902867151656
5.472902065646392
7.9144753709148326
1.5485936808630525
1.5485936808630525
1.5485936808630525
7.406921846254895
1.2641981199508907
8.416409184658683
1.674616544176265
7.928239457826133
8.106032072907203
1.4092265435076032
1.4092265435076032
7.814557288001254
5.761350826213928
1.4551520178619817
1.4551520178619817
7.869975119264387
1.5803840505062057
1.5803840505062057
7.830157287196384
1.7007646696726253
1.7007646696726253
7.832589138679044
1.4292845705120678
1.4292845705120678
7.1436227355652155
1.22213276964985
7.41350965406367
1.5599550672017417
1.5599550672017417
1.5599550672017417
