9.094631507716309e-07
9.094631507716309e-07
9.094631511061869e-07
9.094631510085885e-07
9.094631510604259e-07
9.094631515903296e-07
9.094631512055717e-07
9.094631512364709e-07
9.094631512088678e-07
9.094631512193346e-07
9.094631512168743e-07
9.094631511313383e-07
9.094631516633487e-07
9.094631511720963e-07
9.094631510468384e-07
9.094631511348139e-07
9.094631511089978e-07
9.0946315113012e-07
9.094631510629718e-07
9.094631510480029e-07
9.094631510909671e-07
9.094631510359569e-07
9.09463151099276e-07
9.094631511202963e-07
9.09463151000791e-07
9.094631513781906e-07
9.094631308058469e-07
9.094631308058469e-07
9.094631311404031e-07
9.094631310427984e-07
9.094631310946354e-07
9.094631316245402e-07
9.094631312397836e-07
9.094631312706782e-07
9.094631312430774e-07
9.094631312535473e-07
9.094631312510796e-07
9.094631311655537e-07
9.094631316975616e-07
9.094631312063095e-07
9.094631310810485e-07
9.094631311690246e-07
9.09463131143209e-07
9.094631311643343e-07
9.094631310971899e-07
9.094631310822122e-07
9.094631311251794e-07
9.094631310701684e-07
9.094631311334864e-07
9.094631311545059e-07
9.094631310350019e-07
9.094631314123978e-07
9.09463030977992e-07
9.09463030977992e-07
9.094630313125372e-07
9.094630312149376e-07
9.094630312667749e-07
9.094630317966801e-07
9.094630314119241e-07
9.09463031442821e-07
9.09463031415217e-07
9.094630314256903e-07
9.094630314232225e-07
9.094630313376897e-07
9.094630318697041e-07
9.094630313784473e-07
9.094630312531875e-07
9.094630313411653e-07
9.094630313153485e-07
9.094630313364757e-07
9.094630312693241e-07
9.094630312543512e-07
9.094630312973202e-07
9.094630312423066e-07
9.094630313056273e-07
9.094630313266491e-07
9.09463031207136e-07
9.094630315845396e-07
9.094625318447845e-07
9.094625318447845e-07
9.094625321793375e-07
9.094625320817354e-07
9.094625321335736e-07
9.094625326634767e-07
9.094625322787261e-07
9.094625323096209e-07
9.09462532282019e-07
9.094625322924894e-07
9.094625322900244e-07
9.094625322044888e-07
9.094625327365008e-07
9.094625322452462e-07
9.094625321199835e-07
9.094625322079628e-07
9.094625321821486e-07
9.094625322032688e-07
9.094625321361238e-07
9.094625321211532e-07
9.094625321641204e-07
9.094625321091034e-07
9.094625321724249e-07
9.094625321934481e-07
9.094625320739342e-07
9.094625324513397e-07
9.094600361609807e-07
9.094600361609807e-07
9.094600364955218e-07
9.094600363979241e-07
9.094600364497618e-07
9.09460036979657e-07
9.094600365949073e-07
9.094600366258072e-07
9.094600365982013e-07
9.094600366086703e-07
9.094600366062071e-07
9.09460036520675e-07
9.094600370526814e-07
9.094600365614337e-07
9.094600364361722e-07
9.094600365241481e-07
9.094600364983288e-07
9.094600365194594e-07
9.094600364523108e-07
9.094600364373366e-07
9.094600364803034e-07
9.094600364252945e-07
9.094600364886154e-07
9.094600365096319e-07
9.09460036390123e-07
9.094600367675167e-07
9.094475584922723e-07
9.094475584922723e-07
9.094475588268021e-07
9.094475587292036e-07
9.09447558781041e-07
9.094475593108989e-07
9.094475589261838e-07
9.09447558957083e-07
9.09447558929483e-07
9.094475589399486e-07
9.094475589374873e-07
9.094475588519523e-07
9.094475593839351e-07
9.094475588927166e-07
9.094475587674532e-07
9.094475588554328e-07
9.094475588296157e-07
9.094475588507366e-07
9.094475587835985e-07
9.094475587686223e-07
9.094475588115933e-07
9.094475587565782e-07
9.094475588198904e-07
9.094475588409105e-07
9.094475587214064e-07
9.094475590987659e-07
9.093851831045905e-07
9.093851831045905e-07
9.093851834390239e-07
9.093851833414359e-07
9.093851833932607e-07
9.093851839229353e-07
9.093851835384021e-07
9.093851835692932e-07
9.093851835416944e-07
9.093851835521666e-07
9.093851835497019e-07
9.093851834641723e-07
9.093851839960382e-07
9.093851835049449e-07
9.093851833796865e-07
9.093851834676712e-07
9.093851834418575e-07
9.093851834629754e-07
9.09385183395851e-07
9.093851833808808e-07
9.093851834238359e-07
9.093851833688416e-07
9.093851834321142e-07
9.093851834531376e-07
9.093851833336421e-07
9.093851837108476e-07
9.090736527857336e-07
9.090736527857336e-07
9.090736531196851e-07
9.090736530221438e-07
9.090736530739345e-07
9.090736536026776e-07
9.090736532190208e-07
9.090736532498864e-07
9.090736532223245e-07
9.090736532327884e-07
9.090736532303269e-07
9.090736531448352e-07
9.090736536761113e-07
9.090736531856394e-07
9.090736530603864e-07
9.090736531484061e-07
9.090736531226148e-07
9.090736531436887e-07
9.09073653076666e-07
9.090736530617097e-07
9.090736531045994e-07
9.090736530497093e-07
9.090736531127931e-07
9.090736531337918e-07
9.090736530143747e-07
9.090736533908043e-07
9.075246585093426e-07
9.075246585093426e-07
9.075246588408651e-07
9.075246587435781e-07
9.07524658795179e-07
9.075246593192728e-07
9.075246589399917e-07
9.075246589707476e-07
9.075246589433384e-07
9.075246589537868e-07
9.075246589513457e-07
9.075246588660213e-07
9.075246593943543e-07
9.075246589069896e-07
9.075246587817794e-07
9.075246588699561e-07
9.075246588442867e-07
9.075246588651506e-07
9.075246587986311e-07
9.075246587837255e-07
9.075246588263059e-07
9.075246587718973e-07
9.075246588340428e-07
9.075246588549518e-07
9.075246587359145e-07
9.075246591084613e-07
8.99993967009388e-07
8.99993967009388e-07
8.999939673288588e-07
8.999939672328128e-07
8.999939672835044e-07
8.99993967784529e-07
8.999939674269939e-07
8.999939674571914e-07
8.999939674305482e-07
8.999939674408959e-07
8.999939674385607e-07
8.999939673540481e-07
8.999939678677918e-07
8.99993967395866e-07
8.999939672708537e-07
8.999939673598018e-07
8.999939673347287e-07
8.9999396735455e-07
8.999939672905291e-07
8.999939672759057e-07
8.999939673169582e-07
8.999939672649397e-07
8.99993967322414e-07
8.999939673428683e-07
8.999939672257282e-07
8.99993967578997e-07
8.673961014802033e-07
8.673961014802033e-07
8.673961017415859e-07
8.6739610165154e-07
8.673961016978168e-07
8.673961020876005e-07
8.673961018348944e-07
8.673961018624116e-07
8.673961018394608e-07
8.673961018493437e-07
8.673961018475146e-07
8.673961017669135e-07
8.673961022103089e-07
8.67396101812816e-07
8.673961016887628e-07
8.673961017814538e-07
8.67396101759263e-07
8.673961017740349e-07
8.673961017220593e-07
8.673961017087752e-07
8.67396101742468e-07
8.673961017019843e-07
8.67396101736925e-07
8.673961017552084e-07
8.673961016472096e-07
8.673961019075196e-07
7.97941480381911e-07
7.97941480381911e-07
7.979414804048192e-07
7.979414803394023e-07
7.979414803675473e-07
7.979414803006749e-07
7.979414804783456e-07
7.97941480494816e-07
7.979414804870319e-07
7.979414804950128e-07
7.979414804952474e-07
7.979414804307401e-07
7.979414805853321e-07
7.979414804933914e-07
7.979414803732898e-07
7.979414804813339e-07
7.97941480470967e-07
7.979414804650184e-07
7.979414804624982e-07
7.97941480454732e-07
7.979414804581858e-07
7.979414804650497e-07
7.979414804074959e-07
7.979414804168637e-07
7.979414803463656e-07
7.979414802250797e-07
7.965758338452365e-07
7.965758338452365e-07
7.965758338400616e-07
7.965758337775451e-07
7.96575833803559e-07
7.965758336829106e-07
7.9657583391126e-07
7.965758339264356e-07
7.965758339204349e-07
7.965758339281864e-07
7.96575833928665e-07
7.965758338660555e-07
7.965758339866393e-07
7.965758339306747e-07
7.965758338110438e-07
7.965758339208942e-07
7.965758339119141e-07
7.965758339035327e-07
7.965758339068366e-07
7.96575833899713e-07
7.965758338996119e-07
7.965758339120509e-07
7.965758338436062e-07
7.965758338519224e-07
7.96575833785844e-07
7.965758336196226e-07
     fun: 8.004955773423373e-07
     jac: array([-8.37431458e-10, -4.88984142e-09, -3.22002336e-09, -1.44918246e-08,
        3.79500875e-09,  4.76817519e-09,  4.40591208e-09,  4.91075980e-09,
        4.94650010e-09,  8.70151950e-10,  6.87652602e-09,  5.14695131e-09,
       -2.69782419e-09,  4.54522819e-09,  3.98039646e-09,  3.38698669e-09,
        3.70707198e-09,  3.25096039e-09,  3.18122773e-09,  4.09659151e-09,
       -5.89423621e-10, -6.21298568e-11, -4.32149250e-09, -1.78066131e-08])
 message: 'Optimization terminated successfully.'
    nfev: 338
     nit: 13
    njev: 13
  status: 0
 success: True
       x: array([7.76776508, 5.25816024, 8.06434083, 1.47192892, 7.78613451,
       1.2974512 , 8.33931219, 1.59936879, 8.24572144, 7.59905579,
       1.40091454, 8.59407002, 5.23000583, 6.62016352, 8.48305682,
       1.30044562, 8.33247118, 7.56556156, 1.79935174, 2.02327177,
       7.06978941, 1.18469018, 7.29653801, 1.52945677])

========================================================

Final result:
7.767765081307243
5.25816024413577
8.06434082833653
1.471928923808837
1.471928923808837
1.471928923808837
7.78613451310343
1.2974512037925365
8.339312186596214
1.5993687900206726
8.245721444101152
7.5990557904252345
1.4009145401499723
1.4009145401499723
8.594070017375676
5.230005830720671
6.620163519298822
8.48305682204261
1.3004456192470193
8.332471176655705
7.565561564554987
1.799351737786854
2.023271774086201
7.069789409820225
1.1846901791472095
7.296538014810174
1.529456772105395
1.529456772105395
1.529456772105395
