11.286918778
11.286918778
11.2869187766
11.2869187767
11.2869187768
11.2869187748
11.2869187765
11.2869187765
11.2869187764
11.2869187764
11.2869187765
11.2869187765
11.286918775
11.2869187766
11.2869187766
11.2869187765
11.2869187754
11.2869187707
11.2869187766
11.2869187766
11.2869187768
11.2869187749
10.7238894854
10.7238894854
10.7238894841
10.7238894841
10.7238894843
10.7238894823
10.723889484
10.7238894839
10.7238894839
10.7238894839
10.723889484
10.723889484
10.7238894825
10.7238894841
10.7238894841
10.723889484
10.723889483
10.7238894784
10.7238894841
10.723889484
10.7238894843
10.7238894823
8.0675965038
8.0675965038
8.06759650239
8.0675965024
8.06759650263
8.06759650052
8.06759650227
8.06759650225
8.06759650228
8.06759650226
8.06759650239
8.06759650229
8.06759650094
8.06759650258
8.06759650234
8.06759650246
8.06759650175
8.06759649805
8.06759650238
8.06759650234
8.06759650264
8.06759650058
8.03751551483
4.38439635584
4.38439635584
4.38439635475
4.38439635466
4.384396355
4.38439635359
4.38439635478
4.38439635476
4.38439635495
4.38439635498
4.38439635541
4.38439635474
4.38439635493
4.38439635593
4.38439635464
4.38439635568
4.38439635682
4.38439635948
4.38439635479
4.38439635477
4.38439635502
4.38439635365
4.17448851261
4.17448851261
4.17448851162
4.1744885115
4.17448851188
4.17448851069
4.17448851166
4.17448851164
4.17448851182
4.17448851186
4.1744885123
4.1744885116
4.17448851194
4.17448851282
4.17448851149
4.17448851256
4.17448851383
4.17448851698
4.17448851166
4.17448851164
4.17448851189
4.17448851073
2.68941278386
2.68941278386
2.68941278342
2.68941278315
2.68941278394
2.68941278458
2.68941278341
2.68941278346
2.68941278344
2.68941278343
2.68941278378
2.68941278331
2.68941278372
2.68941278409
2.68941278313
2.68941278384
2.68941278489
2.68941278747
2.68941278354
2.6894127835
2.68941278395
2.68941278458
2.63362786542
2.63362786542
2.63362786533
2.63362786502
2.63362786597
2.63362786765
2.6336278652
2.6336278653
2.63362786502
2.63362786493
2.633627865
2.63362786511
2.63362786467
2.63362786489
2.63362786498
2.63362786478
2.63362786443
2.63362786259
2.63362786546
2.63362786541
2.63362786598
2.63362786762
2.43976095692
2.43976095692
2.43976095656
2.43976095626
2.43976095719
2.43976095831
2.43976095648
2.43976095656
2.43976095639
2.43976095633
2.43976095654
2.43976095638
2.43976095622
2.43976095661
2.43976095622
2.43976095643
2.43976095662
2.43976095636
2.43976095669
2.43976095665
2.4397609572
2.43976095829
2.38756516823
2.38756516823
2.38756516787
2.38756516756
2.38756516847
2.38756516952
2.38756516781
2.38756516789
2.38756516774
2.38756516768
2.38756516792
2.38756516771
2.38756516768
2.38756516802
2.38756516754
2.38756516782
2.38756516815
2.38756516834
2.387565168
2.38756516796
2.38756516849
2.38756516951
2.11066039454
2.11066039454
2.11066039414
2.11066039387
2.11066039455
2.11066039494
2.11066039422
2.11066039432
2.11066039425
2.11066039424
2.11066039457
2.1106603941
2.11066039474
2.11066039468
2.11066039391
2.11066039447
2.11066039516
2.11066039673
2.11066039427
2.11066039429
2.11066039456
2.11066039494
1.91789880933
1.91789880933
1.91789880907
1.91789880887
1.91789880917
1.91789880899
1.91789880931
1.91789880946
1.91789880942
1.91789880944
1.91789880975
1.91789880918
1.91789881047
1.9178988097
1.917898809
1.91789880954
1.91789881016
1.91789881191
1.91789880919
1.9178988093
1.91789880919
1.91789880898
1.85073192163
1.85073192163
1.8507319214
1.85073192122
1.85073192146
1.85073192122
1.85073192165
1.85073192183
1.85073192173
1.85073192173
1.85073192196
1.85073192153
1.85073192265
1.85073192176
1.85073192137
1.85073192165
1.85073192179
1.85073192205
1.85073192153
1.85073192165
1.85073192148
1.8507319212
1.83606416481
1.83606416481
1.83606416466
1.83606416447
1.83606416475
1.83606416474
1.83606416489
1.83606416506
1.83606416493
1.83606416492
1.8360641651
1.83606416477
1.83606416573
1.83606416485
1.83606416461
1.83606416475
1.83606416471
1.8360641644
1.83606416479
1.83606416491
1.83606416476
1.83606416471
1.82644387654
1.82644387654
1.82644387637
1.82644387619
1.82644387647
1.82644387645
1.82644387658
1.82644387675
1.82644387661
1.8264438766
1.82644387675
1.82644387646
1.82644387728
1.82644387649
1.82644387631
1.82644387641
1.82644387627
1.82644387562
1.8264438765
1.82644387661
1.82644387649
1.82644387643
1.7894276058
1.7894276058
1.78942760568
1.78942760552
1.78942760579
1.7894276059
1.78942760582
1.78942760598
1.7894276058
1.78942760581
1.78942760584
1.78942760571
1.78942760609
1.78942760559
1.78942760559
1.78942760554
1.78942760519
1.78942760388
1.78942760578
1.78942760589
1.78942760579
1.78942760586
1.7425870889
1.7425870889
1.74258708882
1.74258708872
1.7425870889
1.74258708901
1.74258708889
1.74258708901
1.74258708884
1.7425870889
1.74258708874
1.7425870888
1.74258708861
1.74258708858
1.74258708871
1.74258708858
1.74258708814
1.74258708657
1.74258708888
1.74258708899
1.7425870889
1.74258708895
1.7084735059
1.7084735059
1.70847350592
1.70847350588
1.70847350593
1.708473506
1.70847350596
1.70847350603
1.70847350591
1.70847350602
1.70847350574
1.70847350588
1.70847350542
1.7084735057
1.70847350581
1.70847350573
1.70847350545
1.70847350456
1.70847350594
1.70847350605
1.70847350591
1.70847350593
1.6981583945
1.6981583945
1.69815839454
1.69815839451
1.6981583945
1.69815839448
1.6981583946
1.69815839465
1.69815839457
1.69815839469
1.69815839442
1.69815839451
1.69815839415
1.69815839444
1.69815839444
1.69815839446
1.69815839437
1.69815839419
1.69815839455
1.69815839467
1.69815839448
1.69815839441
1.69523851153
1.69523851153
1.69523851157
1.69523851155
1.69523851152
1.69523851149
1.69523851165
1.6952385117
1.69523851163
1.69523851176
1.6952385115
1.69523851156
1.6952385113
1.69523851153
1.69523851149
1.69523851155
1.69523851152
1.69523851157
1.69523851159
1.69523851171
1.69523851151
1.69523851144
1.6925061687
1.6925061687
1.69250616874
1.69250616871
1.69250616868
1.69250616862
1.69250616882
1.69250616888
1.69250616882
1.69250616894
1.69250616872
1.69250616874
1.69250616857
1.69250616874
1.69250616866
1.69250616875
1.69250616878
1.69250616901
1.69250616876
1.69250616888
1.69250616868
1.6925061686
1.68815510126
1.68815510126
1.68815510129
1.68815510125
1.68815510122
1.68815510112
1.68815510138
1.68815510144
1.6881551014
1.68815510151
1.68815510134
1.68815510132
1.6881551013
1.68815510137
1.68815510124
1.68815510137
1.68815510149
1.688155102
1.68815510132
1.68815510142
1.68815510124
1.68815510116
1.68323530686
1.68323530686
1.68323530687
1.68323530684
1.68323530679
1.68323530662
1.68323530698
1.68323530701
1.68323530703
1.68323530712
1.68323530702
1.68323530694
1.68323530712
1.68323530705
1.68323530688
1.68323530705
1.68323530724
1.68323530805
1.68323530693
1.683235307
1.68323530685
1.6832353068
1.67726028511
1.67726028511
1.67726028509
1.67726028508
1.67726028501
1.67726028477
1.67726028519
1.67726028518
1.67726028527
1.67726028531
1.67726028532
1.67726028521
1.67726028551
1.67726028534
1.67726028517
1.67726028534
1.67726028556
1.67726028646
1.67726028517
1.67726028518
1.67726028513
1.67726028516
1.67013454925
1.67013454925
1.67013454921
1.67013454922
1.67013454914
1.6701345489
1.67013454927
1.67013454922
1.67013454935
1.67013454936
1.6701345494
1.67013454934
1.67013454956
1.67013454942
1.67013454935
1.67013454944
1.67013454955
1.67013455012
1.67013454929
1.67013454923
1.6701345493
1.67013454942
1.66597964063
1.66597964063
1.6659796406
1.66597964062
1.66597964055
1.66597964037
1.66597964061
1.66597964054
1.66597964067
1.66597964067
1.66597964069
1.6659796407
1.66597964073
1.6659796407
1.66597964073
1.66597964074
1.66597964072
1.66597964084
1.66597964065
1.66597964058
1.66597964069
1.66597964084
1.66432757271
1.66432757271
1.66432757269
1.6643275727
1.66432757265
1.66432757252
1.66432757268
1.66432757262
1.66432757273
1.66432757273
1.66432757272
1.66432757277
1.66432757269
1.66432757273
1.66432757279
1.66432757278
1.6643275727
1.66432757263
1.66432757272
1.66432757265
1.66432757275
1.66432757289
1.66325235832
1.66325235832
1.66325235831
1.66325235833
1.66325235829
1.66325235821
1.66325235831
1.66325235824
1.66325235834
1.66325235834
1.66325235832
1.66325235837
1.66325235826
1.66325235833
1.6632523584
1.66325235837
1.66325235828
1.66325235813
1.66325235833
1.66325235826
1.66325235835
1.66325235845
1.66221460808
1.66221460808
1.66221460809
1.6622146081
1.66221460808
1.66221460809
1.66221460807
1.66221460802
1.66221460809
1.6622146081
1.66221460806
1.66221460811
1.66221460799
1.66221460808
1.66221460814
1.66221460812
1.66221460801
1.66221460783
1.66221460806
1.662214608
1.66221460808
1.66221460809
1.66227343317
1.66227343317
1.66227343321
1.66227343321
1.66227343321
1.66227343331
1.66227343318
1.66227343313
1.66227343319
1.66227343319
1.66227343316
1.66227343319
1.6622734331
1.66227343317
1.66227343321
1.66227343321
1.66227343312
1.66227343297
1.66227343313
1.66227343308
1.66227343313
1.66227343304
1.66318071985
1.66318071985
1.6631807199
1.6631807199
1.66318071992
1.66318072007
1.66318071987
1.66318071983
1.66318071988
1.66318071987
1.66318071987
1.66318071987
1.66318071983
1.66318071988
1.66318071988
1.66318071991
1.66318071985
1.66318071979
1.6631807198
1.66318071975
1.66318071978
1.66318071963
1.66418532917
1.66418532917
1.66418532923
1.66418532922
1.66418532925
1.66418532942
1.66418532921
1.66418532916
1.66418532921
1.6641853292
1.66418532921
1.66418532919
1.66418532922
1.66418532923
1.6641853292
1.66418532925
1.66418532922
1.66418532927
1.66418532912
1.66418532906
1.66418532909
1.66418532891
1.66540885265
1.66540885265
1.6654088527
1.66540885269
1.66540885272
1.66540885288
1.66540885268
1.66540885264
1.66540885269
1.66540885267
1.66540885272
1.66540885267
1.66540885277
1.66540885273
1.66540885268
1.66540885275
1.66540885275
1.66540885292
1.66540885259
1.66540885254
1.66540885256
1.66540885237
1.66665675146
1.66665675146
1.66665675151
1.66665675149
1.66665675152
1.66665675165
1.66665675151
1.66665675146
1.66665675152
1.66665675149
1.66665675157
1.66665675149
1.66665675167
1.66665675157
1.66665675149
1.66665675158
1.66665675164
1.66665675194
1.66665675142
1.66665675137
1.66665675139
1.66665675121
1.66673316666
1.66673316666
1.6667331667
1.66673316666
1.6667331667
1.66673316677
1.66673316671
1.66673316667
1.66673316672
1.66673316668
1.66673316678
1.6667331667
1.66673316691
1.66673316678
1.66673316668
1.66673316677
1.66673316687
1.66673316723
1.66673316665
1.66673316662
1.66673316662
1.66673316649
1.66540888732
1.66540888732
1.66540888734
1.66540888729
1.66540888733
1.66540888734
1.66540888736
1.66540888733
1.66540888737
1.66540888732
1.6654088874
1.66540888736
1.66540888748
1.6654088874
1.66540888731
1.66540888737
1.66540888746
1.66540888772
1.66540888735
1.66540888733
1.66540888731
1.66540888726
1.6644883033
1.6644883033
1.66448830331
1.66448830327
1.6644883033
1.66448830329
1.66448830333
1.66448830331
1.66448830333
1.66448830328
1.66448830333
1.66448830333
1.66448830335
1.66448830333
1.66448830328
1.6644883033
1.66448830334
1.66448830343
1.66448830334
1.66448830334
1.66448830331
1.6644883033
1.66389721818
1.66389721818
1.6638972182
1.66389721816
1.66389721819
1.66389721819
1.66389721822
1.6638972182
1.66389721821
1.66389721817
1.6638972182
1.66389721821
1.66389721819
1.6638972182
1.66389721816
1.66389721817
1.66389721819
1.66389721821
1.66389721822
1.66389721823
1.6638972182
1.66389721819
1.66363508532
1.66363508532
1.66363508534
1.6636350853
1.66363508533
1.66363508533
1.66363508535
1.66363508534
1.66363508534
1.66363508531
1.66363508534
1.66363508535
1.66363508531
1.66363508533
1.6636350853
1.66363508531
1.66363508533
1.66363508532
1.66363508536
1.66363508536
1.66363508533
1.66363508533
1.66326928951
1.66326928951
1.66326928953
1.66326928948
1.66326928952
1.66326928953
1.66326928954
1.66326928952
1.66326928953
1.6632692895
1.66326928952
1.66326928953
1.66326928949
1.66326928951
1.66326928948
1.66326928949
1.6632692895
1.66326928948
1.66326928954
1.66326928954
1.66326928952
1.6632692895
1.66289476954
1.66289476954
1.66289476957
1.66289476953
1.66289476956
1.66289476958
1.66289476958
1.66289476956
1.66289476957
1.66289476954
1.66289476955
1.66289476957
1.66289476951
1.66289476954
1.66289476952
1.66289476953
1.66289476953
1.66289476947
1.66289476958
1.66289476957
1.66289476955
1.66289476953
1.6628147
1.6628147
1.66281470003
1.66281469998
1.66281470002
1.66281470005
1.66281470003
1.66281470002
1.66281470002
1.6628147
1.6628147
1.66281470002
1.66281469994
1.66281469999
1.66281469997
1.66281469998
1.66281469996
1.66281469988
1.66281470002
1.66281470001
1.6628147
1.66281469997
1.66365105504
1.66365105504
1.66365105507
1.66365105503
1.66365105507
1.66365105511
1.66365105508
1.66365105506
1.66365105507
1.66365105506
1.66365105504
1.66365105506
1.66365105498
1.66365105504
1.66365105502
1.66365105503
1.663651055
1.66365105491
1.66365105505
1.66365105503
1.66365105504
1.66365105501
1.66532829201
1.66532829201
1.66532829204
1.66532829199
1.66532829203
1.66532829206
1.66532829206
1.66532829204
1.66532829204
1.66532829204
1.66532829202
1.66532829203
1.66532829197
1.66532829202
1.66532829198
1.66532829201
1.66532829199
1.66532829192
1.66532829202
1.66532829199
1.66532829201
1.665328292
1.66643201125
1.66643201125
1.66643201127
1.66643201122
1.66643201126
1.66643201128
1.6664320113
1.66643201128
1.66643201129
1.66643201128
1.66643201127
1.66643201127
1.66643201124
1.66643201126
1.66643201122
1.66643201125
1.66643201125
1.66643201123
1.66643201126
1.66643201123
1.66643201126
1.66643201126
1.66659427057
1.66659427057
1.66659427059
1.66659427053
1.66659427058
1.66659427058
1.66659427061
1.66659427059
1.6665942706
1.66659427059
1.66659427059
1.66659427059
1.66659427057
1.66659427058
1.66659427054
1.66659427057
1.66659427058
1.66659427058
1.66659427058
1.66659427055
1.66659427057
1.66659427058
1.66654915708
1.66654915708
1.6665491571
1.66654915705
1.66654915709
1.66654915709
1.66654915713
1.66654915711
1.66654915712
1.66654915711
1.66654915711
1.6665491571
1.66654915708
1.6665491571
1.66654915705
1.66654915709
1.66654915709
1.6665491571
1.6665491571
1.66654915707
1.66654915709
1.6665491571
1.66646804083
1.66646804083
1.66646804085
1.66646804079
1.66646804084
1.66646804084
1.66646804087
1.66646804085
1.66646804087
1.66646804085
1.66646804085
1.66646804085
1.66646804083
1.66646804085
1.6664680408
1.66646804083
1.66646804084
1.66646804085
1.66646804084
1.66646804082
1.66646804084
1.66646804084
1.66634760084
1.66634760084
1.66634760086
1.6663476008
1.66634760085
1.66634760084
1.66634760088
1.66634760086
1.66634760088
1.66634760086
1.66634760087
1.66634760086
1.66634760085
1.66634760086
1.66634760081
1.66634760084
1.66634760085
1.66634760087
1.66634760086
1.66634760083
1.66634760085
1.66634760086
1.66621797307
1.66621797307
1.66621797308
1.66621797303
1.66621797307
1.66621797307
1.66621797311
1.66621797309
1.66621797311
1.66621797309
1.6662179731
1.66621797309
1.66621797308
1.66621797309
1.66621797304
1.66621797307
1.66621797308
1.6662179731
1.66621797309
1.66621797307
1.66621797308
1.66621797309
1.66617392649
1.66617392649
1.66617392651
1.66617392645
1.6661739265
1.6661739265
1.66617392653
1.6661739265
1.66617392653
1.66617392652
1.66617392652
1.66617392652
1.66617392651
1.66617392651
1.66617392647
1.6661739265
1.66617392651
1.66617392653
1.66617392652
1.6661739265
1.66617392651
1.66617392651
1.66625511033
1.66625511033
1.66625511034
1.66625511029
1.66625511034
1.66625511034
1.66625511036
1.66625511034
1.66625511037
1.66625511036
1.66625511036
1.66625511036
1.66625511034
1.66625511035
1.66625511031
1.66625511033
1.66625511034
1.66625511035
1.66625511036
1.66625511034
1.66625511034
1.66625511034
1.66634233813
1.66634233813
1.66634233815
1.6663423381
1.66634233814
1.66634233815
1.66634233817
1.66634233814
1.66634233817
1.66634233817
1.66634233816
1.66634233817
1.66634233814
1.66634233815
1.66634233811
1.66634233814
1.66634233814
1.66634233814
1.66634233816
1.66634233814
1.66634233815
1.66634233815
1.66636743897
1.66636743897
1.66636743898
1.66636743893
1.66636743898
1.66636743899
1.666367439
1.66636743897
1.66636743901
1.666367439
1.66636743899
1.666367439
1.66636743897
1.66636743898
1.66636743895
1.66636743897
1.66636743897
1.66636743897
1.66636743899
1.66636743897
1.66636743898
1.66636743898
1.6663727864
1.6663727864
1.66637278642
1.66637278636
1.66637278641
1.66637278642
1.66637278644
1.66637278641
1.66637278644
1.66637278643
1.66637278643
1.66637278643
1.66637278641
1.66637278642
1.66637278638
1.66637278641
1.66637278641
1.66637278641
1.66637278643
1.66637278641
1.66637278641
1.66637278641
1.66636980673
1.66636980673
1.66636980675
1.66636980669
1.66636980674
1.66636980675
1.66636980677
1.66636980674
1.66636980677
1.66636980676
1.66636980676
1.66636980676
1.66636980673
1.66636980675
1.66636980671
1.66636980674
1.66636980674
1.66636980674
1.66636980676
1.66636980673
1.66636980674
1.66636980674
1.66633786582
1.66633786582
1.66633786584
1.66633786578
1.66633786583
1.66633786584
1.66633786586
1.66633786583
1.66633786586
1.66633786585
1.66633786584
1.66633786585
1.66633786582
1.66633786584
1.6663378658
1.66633786582
1.66633786583
1.66633786582
1.66633786584
1.66633786582
1.66633786583
1.66633786583
1.66623207533
1.66623207533
1.66623207534
1.66623207529
1.66623207534
1.66623207535
1.66623207536
1.66623207534
1.66623207536
1.66623207536
1.66623207535
1.66623207535
1.66623207532
1.66623207534
1.6662320753
1.66623207533
1.66623207533
1.66623207532
1.66623207535
1.66623207532
1.66623207533
1.66623207533
1.66603215258
1.66603215258
1.6660321526
1.66603215255
1.66603215259
1.6660321526
1.66603215262
1.66603215259
1.66603215262
1.66603215261
1.6660321526
1.66603215261
1.66603215258
1.6660321526
1.66603215256
1.66603215259
1.66603215259
1.66603215258
1.6660321526
1.66603215257
1.66603215259
1.66603215259
1.66584037975
1.66584037975
1.66584037977
1.66584037972
1.66584037976
1.66584037977
1.66584037979
1.66584037976
1.66584037979
1.66584037977
1.66584037977
1.66584037978
1.66584037975
1.66584037977
1.66584037973
1.66584037976
1.66584037976
1.66584037975
1.66584037977
1.66584037975
1.66584037976
1.66584037976
1.66578059105
1.66578059105
1.66578059107
1.66578059102
1.66578059106
1.66578059107
1.66578059109
1.66578059106
1.66578059109
1.66578059107
1.66578059107
1.66578059108
1.66578059105
1.66578059107
1.66578059103
1.66578059106
1.66578059106
1.66578059105
1.66578059107
1.66578059105
1.66578059106
1.66578059106
1.66578459269
     fun: 1.674990131122171
     jac: array([  1.76355243e-04,  -2.57790089e-06,   1.31577253e-05,
        -8.85128975e-06,   9.27746296e-05,   2.54213810e-05,
        -7.35074282e-05,  -1.20028853e-04,  -1.84625387e-05,
         4.12911177e-05,  -1.31875277e-05,  -4.07397747e-05,
        -1.37537718e-04,   2.28255987e-04,  -2.16811895e-04,
        -1.58846378e-05,   8.09431076e-05,  -1.01044774e-04,
         2.02655792e-06,  -8.64267349e-06])
 message: 'Optimization terminated successfully.'
    nfev: 1322
     nit: 60
    njev: 60
  status: 0
 success: True
       x: array([ 7.39632928,  6.64846985,  7.7522854 ,  1.84336136,  6.44255866,
        1.11339624,  7.33553122,  1.02723336,  7.22045663,  7.44617077,
        1.90717513,  7.03986359,  6.49210755,  1.89118718,  7.64425653,
        2.08580001,  6.74796948,  1.34875517,  7.36084068,  1.87274297])

========================================================

Final result:
7.39632928038
6.64846984787
7.7522853985
1.84336136437
1.84336136437
1.84336136437
6.44255866249
1.11339624026
7.33553122112
1.02723336259
7.22045663113
7.44617077024
1.90717512941
1.90717512941
7.039863591
6.49210754854
1.89118718024
7.64425652638
7.64425652638
2.0858000075
2.0858000075
2.0858000075
2.0858000075
2.0858000075
2.0858000075
6.74796947563
1.34875516508
7.36084068184
1.8727429697
1.8727429697
1.8727429697
