4.57098202565
4.57098202565
4.57098202496
4.57098202495
4.57098202499
4.57098202371
4.57098202495
4.57098202496
4.57098202495
4.57098202428
4.57098202498
4.57098202497
4.57098202493
4.57098202496
4.57098202433
4.57098202429
4.57098202496
4.57098202496
4.57098202497
4.50210762931
4.50210762931
4.50210762862
4.50210762862
4.50210762866
4.50210762738
4.50210762862
4.50210762863
4.50210762862
4.50210762795
4.50210762865
4.50210762864
4.5021076286
4.50210762862
4.502107628
4.50210762796
4.50210762863
4.50210762863
4.50210762864
4.15873270763
4.15873270763
4.15873270694
4.15873270693
4.15873270698
4.15873270571
4.15873270694
4.15873270695
4.15873270693
4.15873270628
4.15873270697
4.15873270695
4.15873270692
4.15873270694
4.15873270632
4.15873270628
4.15873270694
4.15873270694
4.15873270695
2.4836703865
2.4836703865
2.48367038584
2.48367038581
2.4836703859
2.48367038476
2.48367038583
2.48367038586
2.48367038581
2.48367038525
2.48367038587
2.48367038584
2.48367038579
2.4836703858
2.48367038528
2.48367038518
2.48367038579
2.48367038579
2.48367038579
6.0988944473
1.07869040005
1.07869040005
1.07869040036
1.07869040025
1.07869040051
1.07869040152
1.07869040036
1.07869040046
1.07869040026
1.07869040097
1.07869040043
1.07869040032
1.07869040022
1.07869040014
1.07869040086
1.07869040054
1.07869040008
1.0786904001
1.07869040003
1.03802931298
0.935523960041
0.935523960041
0.935523959997
0.935523959877
0.935523960163
0.935523960533
0.935523959994
0.935523960104
0.935523959885
0.935523960263
0.935523960078
0.935523959956
0.93552395984
0.935523959767
0.935523960181
0.935523959834
0.935523959714
0.935523959733
0.935523959666
0.931481431495
0.931481431495
0.93148143145
0.93148143133
0.931481431616
0.931481431983
0.931481431448
0.931481431558
0.93148143134
0.931481431716
0.931481431532
0.931481431411
0.931481431295
0.931481431223
0.931481431636
0.931481431291
0.931481431169
0.931481431189
0.931481431122
0.911789515723
0.911789515723
0.911789515675
0.911789515557
0.911789515837
0.911789516187
0.911789515676
0.911789515785
0.911789515573
0.911789515939
0.911789515763
0.911789515645
0.911789515528
0.911789515458
0.911789515868
0.911789515535
0.911789515404
0.911789515426
0.911789515361
0.82700486231
0.82700486231
0.827004862249
0.827004862137
0.827004862385
0.827004862639
0.827004862265
0.827004862366
0.827004862187
0.827004862495
0.827004862363
0.827004862267
0.827004862146
0.827004862087
0.827004862478
0.827004862211
0.827004862036
0.827004862065
0.827004862014
0.747941030389
0.747941030389
0.747941030281
0.747941030243
0.747941030248
0.747941029945
0.747941030366
0.747941030393
0.74794103044
0.747941030354
0.747941030483
0.747941030529
0.747941030432
0.747941030447
0.747941030604
0.747941030756
0.747941030426
0.747941030485
0.747941030516
0.718740221739
0.718740221739
0.718740221642
0.718740221571
0.718740221676
0.718740221579
0.718740221705
0.718740221763
0.718740221722
0.71874022179
0.718740221822
0.718740221814
0.7187402217
0.718740221686
0.718740221948
0.718740221942
0.718740221651
0.718740221704
0.718740221703
0.717785193873
0.717785193873
0.717785193776
0.717785193708
0.717785193807
0.7177851937
0.71778519384
0.717785193896
0.71778519386
0.717785193919
0.717785193956
0.717785193951
0.717785193839
0.717785193827
0.71778519408
0.717785194084
0.717785193793
0.717785193846
0.717785193848
0.711853493404
0.711853493404
0.711853493311
0.711853493251
0.71185349333
0.711853493201
0.711853493374
0.711853493419
0.711853493404
0.711853493425
0.711853493479
0.711853493488
0.711853493386
0.711853493383
0.711853493588
0.711853493631
0.711853493352
0.711853493408
0.711853493418
0.700683979358
0.700683979358
0.70068397928
0.700683979236
0.700683979288
0.700683979158
0.700683979333
0.700683979356
0.700683979372
0.700683979337
0.700683979407
0.700683979436
0.70068397936
0.700683979373
0.700683979471
0.700683979576
0.700683979349
0.700683979408
0.700683979433
0.690159584065
0.690159584065
0.690159584011
0.690159583979
0.690159584022
0.690159583948
0.690159584044
0.690159584049
0.69015958408
0.690159584015
0.690159584079
0.690159584119
0.690159584072
0.690159584096
0.690159584087
0.690159584225
0.690159584077
0.690159584139
0.690159584174
0.683779478362
0.683779478362
0.683779478329
0.683779478299
0.683779478357
0.683779478375
0.683779478342
0.683779478339
0.683779478362
0.683779478309
0.683779478346
0.683779478382
0.683779478354
0.68377947838
0.683779478311
0.683779478438
0.683779478361
0.683779478423
0.683779478458
0.682627170782
0.682627170782
0.682627170752
0.682627170719
0.682627170792
0.682627170846
0.682627170761
0.682627170761
0.682627170771
0.682627170741
0.682627170762
0.682627170789
0.682627170761
0.682627170783
0.682627170725
0.682627170827
0.682627170763
0.682627170823
0.682627170853
0.682437133619
0.682437133619
0.682437133589
0.682437133554
0.682437133631
0.68243713369
0.682437133597
0.682437133601
0.682437133606
0.682437133584
0.682437133601
0.682437133626
0.682437133595
0.682437133615
0.682437133568
0.682437133661
0.682437133594
0.682437133654
0.682437133682
0.682185638485
0.682185638485
0.682185638453
0.682185638416
0.682185638497
0.682185638559
0.682185638462
0.682185638468
0.682185638469
0.682185638454
0.682185638468
0.68218563849
0.682185638457
0.682185638475
0.682185638439
0.682185638524
0.682185638454
0.682185638513
0.682185638539
0.681440952991
0.681440952991
0.681440952958
0.681440952918
0.681440953005
0.681440953071
0.681440952968
0.681440952978
0.681440952972
0.681440952971
0.681440952979
0.681440952996
0.68144095296
0.681440952974
0.681440952958
0.681440953027
0.681440952951
0.681440953008
0.681440953031
0.679709371946
0.679709371946
0.679709371912
0.679709371869
0.679709371961
0.679709372032
0.679709371923
0.679709371938
0.679709371922
0.67970937194
0.67970937194
0.679709371949
0.67970937191
0.679709371916
0.679709371931
0.679709371974
0.679709371892
0.679709371946
0.679709371964
0.675744400336
0.675744400336
0.675744400302
0.675744400256
0.675744400352
0.675744400424
0.675744400314
0.675744400337
0.675744400307
0.675744400353
0.67574440034
0.675744400336
0.675744400296
0.675744400291
0.675744400349
0.675744400351
0.675744400266
0.675744400313
0.675744400322
0.668710498127
0.668710498127
0.668710498097
0.668710498055
0.668710498141
0.668710498203
0.66871049811
0.668710498138
0.668710498098
0.668710498167
0.668710498141
0.668710498123
0.668710498092
0.668710498071
0.66871049817
0.668710498121
0.668710498048
0.668710498081
0.668710498081
0.660770768561
0.660770768561
0.660770768544
0.660770768515
0.660770768568
0.660770768603
0.660770768554
0.660770768577
0.660770768543
0.660770768607
0.660770768579
0.660770768554
0.660770768548
0.660770768515
0.660770768614
0.660770768537
0.660770768498
0.660770768516
0.660770768512
0.656714607685
0.656714607685
0.656714607679
0.656714607666
0.656714607685
0.656714607692
0.656714607685
0.656714607695
0.656714607682
0.656714607712
0.656714607694
0.656714607679
0.656714607695
0.656714607664
0.656714607715
0.656714607658
0.656714607654
0.656714607667
0.656714607669
0.65600363728
0.65600363728
0.656003637277
0.65600363727
0.656003637278
0.656003637277
0.656003637282
0.656003637284
0.656003637284
0.65600363729
0.656003637283
0.656003637276
0.656003637299
0.656003637274
0.65600363729
0.65600363726
0.656003637266
0.656003637281
0.656003637289
0.655963763918
0.655963763918
0.655963763915
0.655963763908
0.655963763916
0.655963763915
0.65596376392
0.655963763921
0.655963763923
0.655963763925
0.65596376392
0.655963763915
0.655963763938
0.655963763915
0.655963763924
0.6559637639
0.655963763907
0.655963763923
0.655963763932
0.655956104746
0.655956104746
0.655956104743
0.655956104736
0.655956104744
0.655956104744
0.655956104748
0.655956104749
0.655956104751
0.655956104753
0.655956104748
0.655956104743
0.655956104766
0.655956104743
0.655956104751
0.655956104729
0.655956104735
0.655956104752
0.655956104761
0.655921868306
0.655921868306
0.655921868303
0.655921868295
0.655921868305
0.655921868305
0.655921868308
0.655921868309
0.655921868311
0.655921868312
0.655921868307
0.655921868303
0.655921868325
0.655921868304
0.65592186831
0.655921868291
0.655921868296
0.655921868313
0.655921868323
0.655850302958
0.655850302958
0.655850302955
0.655850302947
0.655850302957
0.65585030296
0.65585030296
0.65585030296
0.655850302963
0.655850302962
0.655850302959
0.655850302956
0.655850302977
0.655850302957
0.65585030296
0.655850302945
0.655850302948
0.655850302966
0.655850302976
0.655662821464
0.655662821464
0.65566282146
0.655662821452
0.655662821464
0.655662821468
0.655662821465
0.655662821464
0.655662821469
0.655662821464
0.655662821463
0.655662821463
0.655662821482
0.655662821463
0.655662821462
0.655662821456
0.655662821456
0.655662821473
0.655662821483
0.655272590777
0.655272590777
0.655272590773
0.655272590765
0.655272590778
0.655272590786
0.655272590777
0.655272590775
0.655272590782
0.655272590773
0.655272590775
0.655272590778
0.655272590793
0.655272590777
0.655272590771
0.655272590777
0.655272590771
0.655272590786
0.655272590796
0.654628802436
0.654628802436
0.654628802432
0.654628802425
0.654628802437
0.654628802447
0.654628802435
0.654628802431
0.654628802441
0.654628802423
0.654628802432
0.654628802439
0.654628802451
0.654628802437
0.654628802425
0.654628802444
0.654628802432
0.654628802441
0.654628802449
0.654019448223
0.654019448223
0.654019448222
0.654019448218
0.654019448226
0.654019448237
0.654019448223
0.654019448218
0.654019448229
0.654019448209
0.65401944822
0.654019448228
0.65401944824
0.654019448224
0.654019448214
0.654019448238
0.654019448223
0.654019448222
0.654019448225
0.653768981591
0.653768981591
0.65376898159
0.653768981588
0.653768981592
0.653768981595
0.653768981591
0.653768981586
0.653768981596
0.653768981575
0.653768981588
0.653768981595
0.653768981608
0.653768981589
0.653768981583
0.653768981601
0.653768981589
0.653768981582
0.653768981583
0.653730844187
0.653730844187
0.653730844189
0.653730844187
0.653730844189
0.653730844194
0.653730844189
0.653730844185
0.653730844194
0.653730844178
0.653730844187
0.653730844192
0.653730844206
0.653730844186
0.653730844185
0.653730844197
0.653730844187
0.653730844179
0.653730844179
0.653724843302
0.653724843302
0.653724843302
0.6537248433
0.653724843302
0.653724843304
0.653724843303
0.653724843298
0.653724843308
0.65372484329
0.653724843301
0.653724843305
0.65372484332
0.653724843299
0.653724843298
0.653724843308
0.6537248433
0.653724843292
0.653724843292
0.653717823709
0.653717823709
0.653717823709
0.653717823707
0.65371782371
0.653717823711
0.65371782371
0.653717823706
0.653717823715
0.653717823698
0.653717823708
0.653717823712
0.653717823727
0.653717823707
0.653717823706
0.653717823715
0.653717823707
0.6537178237
0.6537178237
0.653682660643
0.653682660643
0.653682660643
0.653682660641
0.653682660643
0.653682660644
0.653682660644
0.653682660641
0.653682660649
0.653682660634
0.653682660642
0.653682660645
0.653682660661
0.65368266064
0.65368266064
0.653682660646
0.65368266064
0.653682660634
0.653682660635
0.653607440834
0.653607440834
0.653607440833
0.653607440831
0.653607440833
0.653607440833
0.653607440835
0.653607440832
0.653607440839
0.653607440827
0.653607440833
0.653607440835
0.653607440851
0.653607440831
0.653607440832
0.653607440834
0.653607440831
0.653607440826
0.653607440827
0.653432255498
0.653432255498
0.653432255497
0.653432255494
0.653432255496
0.653432255495
0.653432255499
0.653432255497
0.653432255502
0.653432255495
0.653432255498
0.653432255498
0.653432255512
0.653432255495
0.653432255498
0.653432255494
0.653432255495
0.653432255491
0.653432255494
0.653136801664
0.653136801664
0.653136801662
0.653136801659
0.653136801662
0.65313680166
0.653136801665
0.653136801665
0.653136801666
0.653136801668
0.653136801664
0.653136801662
0.653136801674
0.653136801662
0.653136801665
0.653136801656
0.653136801663
0.653136801659
0.653136801664
0.652822094592
0.652822094592
0.65282209459
0.652822094586
0.65282209459
0.652822094588
0.652822094593
0.652822094595
0.652822094592
0.6528220946
0.652822094592
0.65282209459
0.652822094596
0.652822094591
0.652822094593
0.652822094584
0.652822094595
0.652822094588
0.652822094595
0.652674228821
0.652674228821
0.652674228819
0.652674228815
0.65267422882
0.652674228819
0.652674228821
0.652674228823
0.65267422882
0.652674228828
0.652674228821
0.65267422882
0.652674228821
0.652674228821
0.652674228819
0.652674228817
0.652674228827
0.652674228816
0.652674228823
0.652649432268
0.652649432268
0.652649432266
0.652649432263
0.652649432267
0.652649432267
0.652649432267
0.652649432269
0.652649432268
0.652649432273
0.652649432267
0.652649432267
0.652649432268
0.652649432268
0.652649432265
0.652649432267
0.652649432275
0.652649432263
0.652649432269
0.652647561623
0.652647561623
0.652647561621
0.652647561618
0.652647561622
0.652647561623
0.652647561623
0.652647561624
0.652647561623
0.652647561627
0.652647561622
0.652647561623
0.652647561623
0.652647561624
0.65264756162
0.652647561623
0.65264756163
0.652647561618
0.652647561624
0.65264668581
     fun: 0.652646685809692
     jac: array([ -1.13263726e-04,  -3.10435891e-04,  -4.02405858e-05,
        -3.25590372e-06,  -5.26010990e-06,   7.72327185e-05,
         1.09001994e-05,   2.88285315e-04,  -3.63886356e-05,
        -7.68899918e-06,   3.87504697e-05,   5.94332814e-05,
        -1.89684331e-04,  -2.12863088e-05,   4.62912023e-04,
        -3.45438719e-04,   6.84112310e-05])
 message: 'Optimization terminated successfully.'
    nfev: 877
     nit: 46
    njev: 46
  status: 0
 success: True
       x: array([ 5.7428303 ,  9.41930777,  2.26531364,  3.79375929,  4.36648091,
        2.82556604,  4.2744694 ,  4.93367284,  2.3399367 ,  2.65576888,
        3.7040532 ,  6.13387399,  4.05384668,  4.68346503,  8.27184346,
        4.38031206,  3.12801592])

========================================================

Final result:
5.74283029617
9.41930777268
2.26531364452
3.79375929048
3.79375929048
3.79375929048
4.36648090773
2.82556604217
4.27446939938
4.93367283658
4.93367283658
2.33993669575
2.65576888033
3.70405320418
6.13387398641
4.05384668028
4.05384668028
4.68346503391
4.68346503391
8.27184346128
4.38031205784
3.12801592249
