11.2679005488
11.2679005488
11.2679005474
11.2679005474
11.2679005476
11.2679005454
11.2679005473
11.2679005472
11.2679005473
11.2679005472
11.2679005473
11.2679005474
11.2679005458
11.2679005473
11.2679005475
11.2679005473
11.2679005474
11.2679005473
11.2679005475
11.2679005475
11.2679005474
11.2679005476
11.2679005475
11.2679005476
10.9804721943
10.9804721943
10.980472193
10.980472193
10.9804721932
10.980472191
10.9804721928
10.9804721928
10.9804721928
10.9804721928
10.9804721928
10.9804721929
10.9804721913
10.9804721929
10.980472193
10.9804721929
10.980472193
10.9804721929
10.9804721931
10.9804721931
10.980472193
10.9804721932
10.980472193
10.9804721932
9.56584688455
9.56584688455
9.56584688321
9.56584688323
9.56584688344
9.56584688146
9.56584688307
9.56584688305
9.56584688305
9.56584688301
9.56584688305
9.56584688315
9.5658468816
9.56584688307
9.56584688325
9.56584688311
9.56584688314
9.56584688311
9.56584688326
9.56584688326
9.56584688319
9.5658468834
9.56584688324
9.56584688336
3.85372771925
3.85372771925
3.85372771879
3.85372771857
3.85372771938
3.85372772016
3.85372771861
3.8537277187
3.85372771841
3.85372771834
3.85372771846
3.85372771832
3.85372771796
3.8537277182
3.8537277183
3.85372771813
3.85372771808
3.85372771823
3.85372771806
3.853727718
3.85372771815
3.85372771816
3.85372771834
3.85372771841
5.04727708818
3.47186642873
3.47186642873
3.47186642895
3.47186642864
3.47186642961
3.47186643191
3.4718664288
3.47186642894
3.47186642855
3.47186642848
3.47186642862
3.47186642837
3.47186642888
3.47186642825
3.47186642828
3.47186642813
3.47186642804
3.47186642826
3.47186642794
3.47186642786
3.47186642811
3.47186642799
3.47186642834
3.47186642835
3.39494982425
3.39494982425
3.39494982443
3.39494982411
3.39494982506
3.39494982724
3.39494982428
3.39494982442
3.39494982405
3.39494982398
3.39494982413
3.39494982387
3.39494982438
3.39494982376
3.39494982378
3.39494982364
3.39494982355
3.39494982378
3.39494982345
3.39494982337
3.39494982362
3.39494982351
3.39494982385
3.39494982386
3.03796931693
3.03796931693
3.03796931701
3.03796931671
3.03796931755
3.03796931925
3.03796931694
3.03796931708
3.03796931679
3.03796931673
3.03796931693
3.03796931661
3.03796931734
3.03796931656
3.03796931651
3.03796931645
3.03796931634
3.03796931659
3.03796931624
3.03796931614
3.03796931641
3.03796931631
3.03796931659
3.03796931662
2.75465600729
2.75465600729
2.75465600679
2.7546560067
2.75465600662
2.75465600521
2.75465600716
2.75465600723
2.75465600746
2.75465600745
2.75465600781
2.75465600738
2.75465600878
2.7546560076
2.75465600729
2.75465600758
2.75465600744
2.75465600773
2.75465600741
2.75465600729
2.75465600753
2.75465600751
2.75465600739
2.75465600747
2.58826344581
2.58826344581
2.58826344549
2.58826344531
2.58826344559
2.5882634453
2.58826344572
2.58826344582
2.58826344586
2.58826344583
2.58826344616
2.58826344574
2.58826344697
2.58826344587
2.58826344564
2.58826344581
2.58826344567
2.58826344598
2.58826344562
2.58826344549
2.58826344576
2.58826344572
2.58826344574
2.58826344581
2.57532711162
2.57532711162
2.57532711131
2.57532711113
2.57532711141
2.57532711114
2.57532711153
2.57532711164
2.57532711167
2.57532711165
2.57532711196
2.57532711155
2.57532711276
2.57532711168
2.57532711145
2.57532711162
2.57532711149
2.57532711179
2.57532711143
2.57532711131
2.57532711158
2.57532711154
2.57532711155
2.57532711162
2.5163603336
2.5163603336
2.5163603333
2.51636033313
2.51636033341
2.51636033316
2.51636033351
2.51636033361
2.51636033364
2.51636033362
2.5163603339
2.51636033353
2.5163603346
2.51636033365
2.51636033343
2.51636033361
2.51636033348
2.51636033377
2.51636033344
2.51636033332
2.51636033357
2.51636033356
2.51636033354
2.51636033362
2.33923877837
2.33923877837
2.33923877819
2.33923877805
2.33923877828
2.33923877824
2.33923877832
2.3392387784
2.33923877838
2.33923877841
2.33923877847
2.33923877831
2.33923877869
2.33923877839
2.33923877823
2.33923877843
2.33923877833
2.33923877857
2.33923877838
2.33923877826
2.33923877844
2.33923877854
2.33923877837
2.33923877847
2.3142705129
2.3142705129
2.3142705128
2.31427051271
2.31427051289
2.31427051296
2.31427051286
2.31427051292
2.31427051287
2.31427051293
2.31427051281
2.31427051285
2.3142705126
2.31427051288
2.31427051278
2.31427051299
2.31427051292
2.31427051309
2.31427051303
2.31427051293
2.31427051304
2.31427051323
2.31427051293
2.31427051306
2.31088052554
2.31088052554
2.31088052544
2.31088052535
2.31088052553
2.3108805256
2.31088052551
2.31088052557
2.31088052552
2.31088052558
2.31088052548
2.3108805255
2.3108805253
2.31088052553
2.31088052543
2.31088052564
2.31088052556
2.31088052574
2.31088052567
2.31088052556
2.31088052568
2.31088052586
2.31088052558
2.3108805257
2.29724461576
2.29724461576
2.29724461567
2.29724461557
2.29724461573
2.29724461577
2.29724461575
2.29724461582
2.29724461578
2.29724461583
2.29724461576
2.29724461574
2.29724461572
2.29724461577
2.29724461567
2.29724461584
2.29724461577
2.29724461595
2.29724461584
2.29724461575
2.29724461589
2.29724461601
2.2972446158
2.29724461592
2.28236566275
2.28236566275
2.28236566269
2.2823656626
2.28236566272
2.28236566273
2.28236566279
2.28236566285
2.28236566282
2.28236566287
2.28236566283
2.28236566277
2.28236566293
2.28236566278
2.28236566271
2.2823656628
2.28236566275
2.2823656629
2.28236566277
2.28236566269
2.28236566286
2.2823656629
2.28236566281
2.2823656629
2.26640773358
2.26640773358
2.26640773357
2.26640773352
2.26640773354
2.26640773347
2.26640773367
2.26640773372
2.26640773371
2.26640773376
2.2664077337
2.26640773365
2.26640773387
2.26640773359
2.2664077336
2.26640773355
2.26640773355
2.26640773362
2.26640773349
2.26640773346
2.26640773365
2.26640773356
2.26640773366
2.26640773371
2.259506746
2.259506746
2.25950674607
2.25950674606
2.25950674599
2.2595067459
2.25950674614
2.25950674618
2.25950674616
2.25950674622
2.2595067461
2.25950674612
2.25950674621
2.25950674599
2.25950674609
2.25950674592
2.25950674597
2.25950674595
2.25950674586
2.25950674587
2.25950674606
2.25950674589
2.2595067461
2.25950674612
2.2573390831
2.2573390831
2.25733908318
2.25733908319
2.25733908308
2.25733908298
2.25733908323
2.25733908325
2.25733908323
2.2573390833
2.25733908313
2.2573390832
2.2573390831
2.25733908305
2.25733908318
2.25733908299
2.25733908305
2.25733908299
2.25733908295
2.25733908298
2.25733908315
2.25733908298
2.25733908318
2.2573390832
2.25603491084
2.25603491084
2.25603491092
2.25603491094
2.25603491083
2.25603491075
2.25603491096
2.25603491098
2.25603491096
2.25603491103
2.25603491084
2.25603491093
2.25603491077
2.25603491078
2.25603491092
2.25603491073
2.2560349108
2.25603491074
2.25603491071
2.25603491074
2.25603491089
2.25603491074
2.25603491091
2.25603491094
2.25388179167
2.25388179167
2.25388179174
2.25388179176
2.25388179166
2.25388179159
2.25388179177
2.25388179179
2.25388179176
2.25388179184
2.25388179164
2.25388179174
2.25388179151
2.25388179161
2.25388179172
2.25388179157
2.25388179163
2.25388179157
2.25388179156
2.25388179158
2.25388179172
2.2538817916
2.25388179172
2.25388179175
2.24988318645
2.24988318645
2.24988318652
2.24988318653
2.24988318645
2.24988318642
2.24988318654
2.24988318655
2.24988318651
2.24988318658
2.24988318639
2.24988318649
2.24988318621
2.24988318639
2.24988318647
2.24988318638
2.24988318643
2.24988318638
2.24988318639
2.24988318641
2.24988318652
2.24988318643
2.24988318647
2.24988318649
2.24434128074
2.24434128074
2.2443412808
2.24434128081
2.24434128075
2.24434128074
2.24434128079
2.24434128079
2.24434128077
2.24434128082
2.24434128067
2.24434128072
2.24434128045
2.2443412807
2.24434128072
2.24434128071
2.24434128075
2.2443412807
2.24434128074
2.24434128076
2.24434128082
2.24434128079
2.24434128069
2.2443412807
2.23966917092
2.23966917092
2.23966917097
2.23966917098
2.23966917094
2.23966917095
2.23966917096
2.23966917095
2.23966917093
2.23966917096
2.23966917088
2.23966917086
2.23966917072
2.23966917093
2.23966917086
2.23966917094
2.23966917097
2.23966917093
2.23966917097
2.23966917099
2.23966917102
2.23966917101
2.2396691708
2.23966917078
2.2375202063
2.2375202063
2.23752020634
2.23752020635
2.23752020631
2.23752020631
2.23752020633
2.23752020632
2.23752020631
2.23752020633
2.2375202063
2.23752020623
2.23752020625
2.23752020633
2.23752020623
2.23752020633
2.23752020636
2.23752020632
2.23752020635
2.23752020638
2.23752020639
2.23752020638
2.23752020615
2.2375202061
2.23659383288
2.23659383288
2.23659383292
2.23659383293
2.23659383289
2.23659383288
2.23659383292
2.23659383291
2.23659383291
2.23659383292
2.23659383291
2.23659383282
2.23659383291
2.23659383292
2.23659383282
2.23659383291
2.23659383294
2.23659383289
2.23659383291
2.23659383294
2.23659383296
2.23659383293
2.23659383273
2.23659383268
2.23581024952
2.23581024952
2.23581024956
2.23581024957
2.23581024952
2.2358102495
2.23581024956
2.23581024955
2.23581024956
2.23581024957
2.23581024956
2.23581024947
2.23581024959
2.23581024956
2.23581024947
2.23581024954
2.23581024957
2.23581024953
2.23581024954
2.23581024957
2.23581024959
2.23581024955
2.23581024938
2.23581024933
2.23435357025
2.23435357025
2.2343535703
2.2343535703
2.23435357025
2.23435357022
2.23435357031
2.23435357029
2.2343535703
2.23435357031
2.23435357031
2.23435357023
2.23435357037
2.23435357029
2.23435357022
2.23435357026
2.23435357029
2.23435357025
2.23435357025
2.23435357028
2.23435357031
2.23435357025
2.23435357014
2.2343535701
2.23231816259
2.23231816259
2.23231816263
2.23231816263
2.23231816259
2.23231816254
2.23231816265
2.23231816263
2.23231816265
2.23231816265
2.23231816266
2.23231816259
2.23231816275
2.23231816262
2.23231816259
2.23231816259
2.23231816261
2.23231816258
2.23231816256
2.23231816259
2.23231816262
2.23231816256
2.23231816252
2.23231816249
2.23022017902
2.23022017902
2.23022017905
2.23022017904
2.23022017902
2.23022017898
2.23022017907
2.23022017905
2.23022017909
2.23022017907
2.23022017909
2.23022017906
2.23022017919
2.23022017905
2.23022017905
2.23022017902
2.23022017902
2.230220179
2.23022017899
2.23022017901
2.23022017902
2.23022017898
2.23022017901
2.23022017901
2.22906727702
2.22906727702
2.22906727704
2.22906727702
2.22906727701
2.229067277
2.22906727705
2.22906727702
2.22906727706
2.22906727704
2.22906727706
2.22906727706
2.22906727712
2.22906727703
2.22906727706
2.22906727702
2.22906727701
2.22906727701
2.229067277
2.22906727701
2.22906727698
2.22906727699
2.22906727704
2.22906727705
2.22878287575
2.22878287575
2.22878287576
2.22878287574
2.22878287575
2.22878287575
2.22878287577
2.22878287574
2.22878287578
2.22878287575
2.22878287578
2.22878287578
2.22878287579
2.22878287577
2.22878287578
2.22878287576
2.22878287575
2.22878287575
2.22878287575
2.22878287576
2.22878287572
2.22878287575
2.22878287576
2.22878287578
2.22865713756
2.22865713756
2.22865713757
2.22865713755
2.22865713756
2.22865713757
2.22865713757
2.22865713754
2.22865713758
2.22865713755
2.22865713758
2.22865713758
2.22865713757
2.22865713757
2.22865713758
2.22865713757
2.22865713756
2.22865713756
2.22865713757
2.22865713758
2.22865713753
2.22865713757
2.22865713756
2.22865713758
2.22859683998
2.22859683998
2.22859684
2.22859683997
2.22859683999
2.22859684
2.22859684
2.22859683996
2.22859684
2.22859683997
2.22859684
2.22859684
2.22859683999
2.22859684
2.22859684
2.22859684
2.22859683999
2.22859683999
2.22859684
2.22859684001
2.22859683996
2.22859684
2.22859683998
2.22859684
2.22859780766
2.22859780766
2.22859780768
2.22859780766
2.22859780767
2.22859780768
2.22859780768
2.22859780765
2.22859780768
2.22859780765
2.22859780768
2.22859780767
2.22859780765
2.22859780768
2.22859780767
2.22859780769
2.22859780767
2.22859780767
2.22859780769
2.2285978077
2.22859780765
2.22859780769
2.22859780765
2.22859780766
2.22890912517
2.22890912517
2.22890912518
2.22890912516
2.22890912518
2.2289091252
2.22890912518
2.22890912515
2.22890912518
2.22890912516
2.22890912518
2.22890912517
2.22890912514
2.22890912519
2.22890912516
2.2289091252
2.22890912519
2.22890912518
2.2289091252
2.22890912521
2.22890912516
2.22890912521
2.22890912514
2.22890912515
2.22988341536
2.22988341536
2.22988341538
2.22988341535
2.22988341538
2.2298834154
2.22988341538
2.22988341536
2.22988341537
2.22988341535
2.22988341537
2.22988341535
2.22988341532
2.22988341539
2.22988341533
2.2298834154
2.22988341539
2.22988341538
2.2298834154
2.22988341541
2.22988341537
2.22988341541
2.22988341532
2.22988341532
2.23133907646
2.23133907646
2.23133907647
2.23133907643
2.23133907647
2.23133907649
2.23133907649
2.23133907647
2.23133907647
2.23133907645
2.23133907646
2.23133907644
2.23133907641
2.23133907649
2.23133907641
2.23133907649
2.23133907649
2.23133907648
2.23133907649
2.2313390765
2.23133907648
2.23133907649
2.23133907642
2.23133907641
2.2322741485
2.2322741485
2.23227414851
2.23227414846
2.23227414851
2.23227414852
2.23227414854
2.23227414853
2.23227414852
2.2322741485
2.23227414852
2.23227414849
2.23227414848
2.23227414853
2.23227414846
2.23227414853
2.23227414853
2.23227414851
2.23227414852
2.23227414853
2.23227414852
2.23227414851
2.23227414847
2.23227414847
2.2323322752
2.2323322752
2.23233227522
2.23233227516
2.23233227521
2.23233227522
2.23233227524
2.23233227524
2.23233227523
2.23233227521
2.23233227523
2.2323322752
2.23233227521
2.23233227523
2.23233227517
2.23233227522
2.23233227522
2.23233227521
2.23233227521
2.23233227522
2.23233227521
2.2323322752
2.2323322752
2.2323322752
2.23214658333
2.23214658333
2.23214658335
2.2321465833
2.23214658334
2.23214658335
2.23214658338
2.23214658337
2.23214658337
2.23214658334
2.23214658336
2.23214658334
2.23214658335
2.23214658337
2.23214658331
2.23214658335
2.23214658335
2.23214658334
2.23214658334
2.23214658335
2.23214658334
2.23214658333
2.23214658333
2.23214658333
2.23203766224
2.23203766224
2.23203766225
2.2320376622
2.23203766225
2.23203766226
2.23203766228
2.23203766227
2.23203766227
2.23203766225
2.23203766227
2.23203766225
2.23203766226
2.23203766227
2.23203766222
2.23203766226
2.23203766226
2.23203766224
2.23203766224
2.23203766225
2.23203766224
2.23203766223
2.23203766224
2.23203766224
2.23180913258
2.23180913258
2.23180913259
2.23180913254
2.23180913259
2.23180913259
2.23180913262
2.23180913261
2.23180913261
2.23180913259
2.23180913261
2.23180913259
2.2318091326
2.23180913261
2.23180913256
2.23180913259
2.23180913259
2.23180913258
2.23180913258
2.23180913259
2.23180913258
2.23180913257
2.23180913258
2.23180913258
2.23155297784
2.23155297784
2.23155297786
2.23155297781
2.23155297785
2.23155297786
2.23155297788
2.23155297787
2.23155297788
2.23155297786
2.23155297787
2.23155297786
2.23155297787
2.23155297787
2.23155297783
2.23155297786
2.23155297786
2.23155297784
2.23155297784
2.23155297785
2.23155297784
2.23155297784
2.23155297785
2.23155297785
2.23136359337
2.23136359337
2.23136359338
2.23136359334
2.23136359338
2.23136359338
2.23136359341
2.23136359339
2.2313635934
2.23136359338
2.2313635934
2.23136359338
2.2313635934
2.23136359339
2.23136359336
2.23136359338
2.23136359337
2.23136359337
2.23136359337
2.23136359337
2.23136359336
2.23136359337
2.23136359337
2.23136359338
2.23149139218
2.23149139218
2.2314913922
2.23149139216
2.23149139219
2.2314913922
2.23149139222
2.2314913922
2.23149139222
2.23149139221
2.23149139222
2.2314913922
2.23149139221
2.23149139221
2.23149139218
2.2314913922
2.23149139219
2.23149139218
2.23149139219
2.23149139219
2.23149139217
2.23149139219
2.23149139219
2.23149139219
2.23187952755
2.23187952755
2.23187952757
2.23187952752
2.23187952756
2.23187952757
2.23187952759
2.23187952756
2.23187952759
2.23187952757
2.23187952758
2.23187952756
2.23187952757
2.23187952758
2.23187952754
2.23187952757
2.23187952755
2.23187952755
2.23187952755
2.23187952755
2.23187952754
2.23187952757
2.23187952755
2.23187952755
2.23211475634
2.23211475634
2.23211475636
2.23211475631
2.23211475635
2.23211475636
2.23211475638
2.23211475635
2.23211475638
2.23211475636
2.23211475637
2.23211475635
2.23211475636
2.23211475636
2.23211475632
2.23211475636
2.23211475634
2.23211475634
2.23211475634
2.23211475634
2.23211475633
2.23211475636
2.23211475633
2.23211475633
2.2321598662
2.2321598662
2.23215986622
2.23215986617
2.23215986621
2.23215986622
2.23215986624
2.23215986622
2.23215986624
2.23215986622
2.23215986623
2.23215986621
2.23215986622
2.23215986623
2.23215986618
2.23215986622
2.23215986621
2.2321598662
2.23215986621
2.2321598662
2.23215986619
2.23215986622
2.23215986619
2.23215986619
2.23217464546
2.23217464546
2.23217464548
2.23217464543
2.23217464547
2.23217464548
2.2321746455
2.23217464548
2.2321746455
2.23217464548
2.23217464549
2.23217464547
2.23217464548
2.23217464549
2.23217464544
2.23217464548
2.23217464547
2.23217464546
2.23217464547
2.23217464546
2.23217464545
2.23217464548
2.23217464546
2.23217464545
2.2321874387
2.2321874387
2.23218743872
2.23218743867
2.23218743871
2.23218743872
2.23218743874
2.23218743872
2.23218743874
2.23218743872
2.23218743873
2.23218743871
2.23218743872
2.23218743873
2.23218743868
2.23218743872
2.23218743871
2.2321874387
2.23218743871
2.23218743871
2.2321874387
2.23218743872
2.2321874387
2.23218743869
2.2321811669
2.2321811669
2.23218116692
2.23218116687
2.23218116691
2.23218116692
2.23218116694
2.23218116692
2.23218116693
2.23218116692
2.23218116692
2.2321811669
2.23218116691
2.23218116693
2.23218116688
2.23218116692
2.23218116691
2.2321811669
2.2321811669
2.2321811669
2.2321811669
2.23218116691
2.23218116689
2.23218116689
2.23211819362
2.23211819362
2.23211819364
2.23211819359
2.23211819363
2.23211819364
2.23211819366
2.23211819364
2.23211819366
2.23211819364
2.23211819365
2.23211819363
2.23211819363
2.23211819365
2.2321181936
2.23211819364
2.23211819363
2.23211819362
2.23211819363
2.23211819363
2.23211819363
2.23211819363
2.23211819362
2.23211819361
2.2319964966
2.2319964966
2.23199649662
2.23199649657
2.23199649662
2.23199649663
2.23199649664
2.23199649662
2.23199649664
2.23199649662
2.23199649663
2.23199649661
2.23199649662
2.23199649663
2.23199649658
2.23199649662
2.23199649662
2.2319964966
2.23199649661
2.23199649661
2.23199649661
2.23199649661
2.2319964966
2.2319964966
2.23189465586
2.23189465586
2.23189465587
2.23189465583
2.23189465587
2.23189465588
2.23189465589
2.23189465587
2.23189465589
2.23189465587
2.23189465588
2.23189465587
2.23189465587
2.23189465588
2.23189465584
2.23189465587
2.23189465587
2.23189465585
2.23189465586
2.23189465586
2.23189465586
2.23189465587
2.23189465585
2.23189465585
2.23186505602
2.23186505602
2.23186505604
2.23186505599
2.23186505603
2.23186505604
2.23186505605
2.23186505603
2.23186505605
2.23186505604
2.23186505605
2.23186505603
2.23186505604
2.23186505605
2.231865056
2.23186505603
2.23186505603
2.23186505601
2.23186505602
2.23186505602
2.23186505602
2.23186505603
2.23186505601
2.23186505601
2.23185834973
2.23185834973
2.23185834975
2.2318583497
2.23185834975
2.23185834976
2.23185834977
2.23185834975
2.23185834977
2.23185834975
2.23185834976
2.23185834974
2.23185834975
2.23185834976
2.23185834972
2.23185834975
2.23185834975
2.23185834973
2.23185834974
2.23185834974
2.23185834974
2.23185834975
2.23185834973
2.23185834973
2.23184827201
2.23184827201
2.23184827203
2.23184827198
2.23184827202
2.23184827203
2.23184827205
2.23184827202
2.23184827205
2.23184827203
2.23184827204
2.23184827202
2.23184827203
2.23184827204
2.231848272
2.23184827203
2.23184827202
2.23184827201
2.23184827202
2.23184827201
2.23184827202
2.23184827202
2.23184827201
2.23184827201
2.23183053842
2.23183053842
2.23183053844
2.2318305384
2.23183053844
2.23183053845
2.23183053846
2.23183053844
2.23183053846
2.23183053844
2.23183053845
2.23183053844
2.23183053844
2.23183053845
2.23183053841
2.23183053844
2.23183053844
2.23183053842
2.23183053843
2.23183053843
2.23183053843
2.23183053844
2.23183053842
2.23183053842
2.23179972654
2.23179972654
2.23179972656
2.23179972651
2.23179972655
2.23179972656
2.23179972657
2.23179972655
2.23179972657
2.23179972656
2.23179972656
2.23179972655
2.23179972656
2.23179972656
2.23179972652
2.23179972655
2.23179972655
2.23179972654
2.23179972654
2.23179972654
2.23179972654
2.23179972655
2.23179972653
2.23179972653
2.23176343445
2.23176343445
2.23176343447
2.23176343443
2.23176343446
2.23176343447
2.23176343449
2.23176343447
2.23176343449
2.23176343447
2.23176343448
2.23176343446
2.23176343447
2.23176343448
2.23176343444
2.23176343447
2.23176343446
2.23176343445
2.23176343446
2.23176343445
2.23176343445
2.23176343447
2.23176343445
2.23176343445
2.23174162245
2.23174162245
2.23174162247
2.23174162243
2.23174162247
2.23174162247
2.23174162249
2.23174162247
2.23174162249
2.23174162247
2.23174162248
2.23174162246
2.23174162247
2.23174162248
2.23174162244
2.23174162247
2.23174162246
2.23174162246
2.23174162246
2.23174162245
2.23174162245
2.23174162247
2.23174162245
2.23174162245
2.23174264779
2.23174264779
2.23174264781
2.23174264777
2.23174264781
2.23174264782
2.23174264783
2.23174264781
2.23174264783
2.23174264781
2.23174264782
2.23174264781
2.23174264781
2.23174264782
2.23174264778
2.23174264781
2.2317426478
2.2317426478
2.2317426478
2.2317426478
2.2317426478
2.23174264781
2.23174264779
2.23174264779
     fun: 2.239994451416126
     jac: array([  1.27166510e-04,   1.64508820e-05,  -1.15633011e-05,
        -3.12328339e-05,   5.07235527e-05,   2.00271606e-05,
        -4.37200069e-05,  -1.07705593e-04,  -3.54349613e-05,
         4.94122505e-05,  -2.00867653e-05,   6.18398190e-05,
         1.18732452e-04,   1.11162663e-04,  -8.58604908e-05,
         1.83820724e-04,  -9.14931297e-05,  -1.85728073e-04,
        -1.90734863e-06,   2.26795673e-05,  -1.54376030e-05,
        -6.03795052e-05])
 message: 'Optimization terminated successfully.'
    nfev: 1513
     nit: 63
    njev: 63
  status: 0
 success: True
       x: array([ 7.50136585,  6.48013812,  7.83803496,  1.82334454,  6.89862211,
        0.9969051 ,  7.0836869 ,  1.18814373,  7.48409703,  6.92729796,
        1.72325028,  8.02017341,  5.87765772,  6.38165918,  8.31320816,
        1.55607357,  8.37481658,  7.59717327,  1.95849376,  1.81604285,
        5.64734731,  1.67166363])

========================================================

Final result:
7.50136584827
6.48013812193
7.8380349601
1.82334454036
1.82334454036
1.82334454036
6.89862211346
0.996905100443
7.0836869013
1.18814372934
7.4840970305
6.92729796375
1.72325028156
1.72325028156
8.02017340737
5.87765771916
6.3816591763
8.31320816123
1.55607356578
8.37481658317
7.59717327202
1.95849376299
1.81604284689
5.64734730734
1.67166363143
