8.416398055212003e-07
8.416398055212003e-07
8.416398064475263e-07
8.416398060025611e-07
8.416398061185101e-07
8.416398061578298e-07
8.416398061321173e-07
8.416398060871594e-07
8.416398067115295e-07
8.416398061162795e-07
8.41639805987464e-07
8.416398067065814e-07
8.416398060191352e-07
8.416398063618484e-07
8.416398060848604e-07
8.416398061005298e-07
8.416398059759031e-07
8.416398067783762e-07
8.416397634837913e-07
8.416397634837913e-07
8.416397644101223e-07
8.416397639651554e-07
8.416397640810999e-07
8.41639764120423e-07
8.416397640947107e-07
8.416397640497516e-07
8.416397646741188e-07
8.416397640788762e-07
8.416397639500632e-07
8.416397646691761e-07
8.416397639817262e-07
8.416397643244456e-07
8.416397640474588e-07
8.416397640631208e-07
8.416397639384971e-07
8.41639764740973e-07
8.416395532959876e-07
8.416395532959876e-07
8.416395542223156e-07
8.416395537773528e-07
8.416395538932999e-07
8.416395539326239e-07
8.416395539069096e-07
8.416395538619533e-07
8.416395544863229e-07
8.416395538910717e-07
8.416395537622602e-07
8.416395544813699e-07
8.416395537939266e-07
8.416395541366417e-07
8.416395538596517e-07
8.416395538753184e-07
8.41639553750697e-07
8.416395545531679e-07
8.416385023572842e-07
8.416385023572842e-07
8.416385032836122e-07
8.416385028386522e-07
8.416385029545943e-07
8.416385029939179e-07
8.41638502968205e-07
8.416385029232497e-07
8.41638503547611e-07
8.416385029523685e-07
8.416385028235577e-07
8.416385035426669e-07
8.416385028552243e-07
8.41638503197936e-07
8.416385029209484e-07
8.416385029366176e-07
8.416385028119915e-07
8.416385036144643e-07
8.416332477158732e-07
8.416332477158732e-07
8.416332486421818e-07
8.416332481972252e-07
8.416332483131707e-07
8.416332483524977e-07
8.416332483267831e-07
8.416332482818237e-07
8.416332489061784e-07
8.416332483109513e-07
8.416332481821322e-07
8.416332489012338e-07
8.416332482137982e-07
8.416332485565083e-07
8.416332482795225e-07
8.416332482951913e-07
8.416332481705699e-07
8.416332489730292e-07
8.41606976170257e-07
8.41606976170257e-07
8.416069770964937e-07
8.416069766515783e-07
8.416069767675173e-07
8.416069768068464e-07
8.41606976781129e-07
8.416069767361739e-07
8.416069773604845e-07
8.416069767653006e-07
8.416069766364873e-07
8.416069773555432e-07
8.416069766681589e-07
8.416069770108455e-07
8.416069767338754e-07
8.416069767495436e-07
8.416069766249271e-07
8.416069774273119e-07
8.414756551477551e-07
8.414756551477551e-07
8.414756560736183e-07
8.414756556288885e-07
8.414756557448212e-07
8.414756557841432e-07
8.414756557584236e-07
8.414756557134889e-07
8.414756563375657e-07
8.414756557426023e-07
8.414756556138187e-07
8.414756563326512e-07
8.414756556455022e-07
8.414756559880757e-07
8.414756557111821e-07
8.414756557268408e-07
8.414756556022475e-07
8.414756564043048e-07
8.408199855085882e-07
8.408199855085882e-07
8.408199864325751e-07
8.408199859887879e-07
8.408199861046591e-07
8.408199861439712e-07
8.408199861182374e-07
8.408199860733802e-07
8.408199866963095e-07
8.4081998610249e-07
8.408199859738132e-07
8.408199866915248e-07
8.408199860055771e-07
8.408199863475831e-07
8.408199860710684e-07
8.408199860866946e-07
8.408199859622138e-07
8.408199867626186e-07
8.375649514247734e-07
8.375649514247734e-07
8.37564952339412e-07
8.375649519003011e-07
8.375649520158947e-07
8.375649520551797e-07
8.375649520293359e-07
8.375649519848708e-07
8.375649526020861e-07
8.375649520139315e-07
8.375649518858147e-07
8.375649525979325e-07
8.37564951917976e-07
8.375649522571466e-07
8.375649519825273e-07
8.375649519979832e-07
8.375649518740954e-07
8.375649526662306e-07
8.218641214018932e-07
8.218641214018932e-07
8.218641222702201e-07
8.218641218542994e-07
8.218641219684993e-07
8.218641220076267e-07
8.218641219812657e-07
8.218641219387553e-07
8.218641225276206e-07
8.218641219675849e-07
8.218641218422172e-07
8.218641225266093e-07
8.218641218763477e-07
8.218641222014682e-07
8.21864121936216e-07
8.218641219508635e-07
8.218641218298815e-07
8.218641225810256e-07
7.567011171537069e-07
7.567011171537069e-07
7.56701117801034e-07
7.567011174957507e-07
7.567011176032982e-07
7.567011176416849e-07
7.567011176128633e-07
7.567011175796833e-07
7.567011180332729e-07
7.567011176074006e-07
7.567011174951475e-07
7.567011180472632e-07
7.567011175386944e-07
7.567011177967494e-07
7.56701117576225e-07
7.56701117587006e-07
7.567011174798979e-07
7.567011180354543e-07
6.55924146482892e-07
6.55924146482892e-07
6.559241463814979e-07
6.559241464510581e-07
6.55924146536071e-07
6.559241465719432e-07
6.559241465347792e-07
6.559241465331911e-07
6.559241465285118e-07
6.559241465571606e-07
6.559241464893427e-07
6.559241465933081e-07
6.55924146564777e-07
6.559241465956325e-07
6.55924146526632e-07
6.559241465243019e-07
6.559241464642021e-07
6.559241463571383e-07
     fun: 6.615081766500371e-07
     jac: array([-8.93545860e-09, -2.69002243e-09,  2.88173396e-09,  5.24384092e-09,
        2.77938739e-09,  2.72451928e-09,  3.23147731e-10,  4.29958646e-09,
       -1.03433706e-10,  4.68292427e-09,  4.92245533e-09,  5.63197489e-09,
        2.28698838e-09,  2.11259987e-09, -1.77728054e-09, -1.27773916e-08])
 message: 'Optimization terminated successfully.'
    nfev: 216
     nit: 12
    njev: 12
  status: 0
 success: True
       x: array([ 1.15932255,  7.13532391,  8.79918415,  1.7353561 ,  8.52641669,
        8.71787757,  1.22269505, 10.01516367,  5.89664173,  1.45693909,
       10.48869086,  7.15431823,  7.42338204,  1.1289076 ,  7.69423391,
        1.36879101])

========================================================

Final result:
1.1593225479893534
7.135323912856366
1.1593225479893534
8.799184145759623
1.7353560971704605
8.526416688178507
8.717877574749224
1.2226950497014033
1.2226950497014033
10.015163672384602
5.896641726187092
1.4569390858635207
1.4569390858635207
10.488690859478478
7.1543182281750495
7.1543182281750495
7.423382042052256
1.1289075960880848
7.694233906842195
1.3687910094775786
1.3687910094775786
1.3687910094775786
