0.00010874072409638251
0.00010874072409638251
0.0001087407168900538
0.00010874071430634421
0.00010874072268237471
0.00010874073756095932
0.00010874073978588752
0.00010874073289792339
0.00010874073224262804
0.00010874073225466673
0.00010874072929775911
0.00010874074040014326
0.0001087407317611232
0.00010874072861686863
0.00010874074059660408
0.00010874073006768769
0.00010874073597692744
0.00010874072737593268
0.00010201204476469011
0.00010201204476469011
0.00010201203767286205
0.00010201203521354634
0.00010201204337280727
0.00010201205696181966
0.00010201205905633717
0.00010201205236878623
0.00010201205163479194
0.00010201205147678258
0.00010201204923566485
0.00010201205814682415
0.00010201205078787695
0.00010201204861060172
0.00010201205793793346
0.00010201204898052524
0.00010201205309140097
0.0001020120476654208
8.480827086579501e-05
8.480827086579501e-05
8.48082643027491e-05
8.480826239106429e-05
8.480826957586446e-05
8.480827770259464e-05
8.480827922559618e-05
8.480827344758251e-05
8.480827239902612e-05
8.480827153994609e-05
8.48082722752982e-05
8.480827204450519e-05
8.480827006726631e-05
8.480827189041428e-05
8.48082702082563e-05
8.480826782196596e-05
8.48082645163194e-05
8.480827217113636e-05
8.170625094460397e-05
8.170625094460397e-05
8.170624464584699e-05
8.170624297498477e-05
8.170624970535946e-05
8.170625570598248e-05
8.17062569810558e-05
8.17062516378183e-05
8.170625049186299e-05
8.170624938536942e-05
8.17062512055665e-05
8.170624760212494e-05
8.170624766560242e-05
8.170625091911426e-05
8.170624525113741e-05
8.170624530895303e-05
8.170623938334105e-05
8.170625164123825e-05
7.848414498832788e-05
7.848414498832788e-05
7.848413895859894e-05
7.848413749365305e-05
7.848414380036261e-05
7.848414835663715e-05
7.848414942440777e-05
7.848414449977313e-05
7.848414332590247e-05
7.848414209002188e-05
7.848414453489146e-05
7.848413892364185e-05
7.848414029049812e-05
7.848414432286497e-05
7.848413640308455e-05
7.848413794804588e-05
7.84841306486655e-05
7.84841452902338e-05
6.785832350376376e-05
6.785832350376376e-05
6.785831837124278e-05
6.785831751539263e-05
6.785832248621206e-05
6.785832364879465e-05
6.785832411468785e-05
6.785832053756466e-05
6.785831941118523e-05
6.785831798497924e-05
6.785832156650481e-05
6.785831207425527e-05
6.785831625693827e-05
6.785832155169806e-05
6.785830968383791e-05
6.785831421192028e-05
6.78583048802952e-05
6.785832293388688e-05
5.303706968251765e-05
5.303706968251765e-05
5.303706584898105e-05
5.303706577400493e-05
5.303706891095321e-05
5.30370670079852e-05
5.303706671940581e-05
5.303706502789244e-05
5.303706415233313e-05
5.303706276183617e-05
5.303706676317103e-05
5.303705530126191e-05
5.303706157119076e-05
5.3037066967610345e-05
5.303705399234842e-05
5.303706027731541e-05
5.3037051298414275e-05
5.3037068427815396e-05
3.803593089093735e-05
3.803593089093735e-05
3.803592843790221e-05
3.8035929071836456e-05
3.803593038000057e-05
3.8035927426156716e-05
3.8035926476907234e-05
3.803592670674476e-05
3.803592631425674e-05
3.803592532979989e-05
3.8035928319486926e-05
3.803591911177052e-05
3.803592522014741e-05
3.803592867758123e-05
3.8035919999004805e-05
3.803592509913997e-05
3.803592040137136e-05
3.803592959809213e-05
3.215320113883711e-05
3.215320113883711e-05
3.2153199105648264e-05
3.215319984462517e-05
3.2153200706570614e-05
3.215319944012081e-05
3.2153198420572435e-05
3.215319915269058e-05
3.2153199102564285e-05
3.2153198570751187e-05
3.215319993671576e-05
3.21531953509836e-05
3.215319924079064e-05
3.2153200269110434e-05
3.215319782774429e-05
3.215319980461236e-05
3.2153199916609426e-05
3.215320046166372e-05
3.121887064736383e-05
3.121887064736383e-05
3.121886847554848e-05
3.121886906978689e-05
3.1218870188705854e-05
3.121887034973582e-05
3.1218869485546555e-05
3.1218869961607966e-05
3.121886998982226e-05
3.1218869626812596e-05
3.121887024001153e-05
3.121886799868294e-05
3.121887046874097e-05
3.12188705089017e-05
3.1218870822500384e-05
3.12188711146257e-05
3.121887304931122e-05
3.1218870387355416e-05
3.105651823704815e-05
3.105651823704815e-05
3.105651598061445e-05
3.105651651133326e-05
3.105651776259057e-05
3.1056518330605334e-05
3.1056517534036977e-05
3.105651786362046e-05
3.1056517892518084e-05
3.105651754913891e-05
3.105651801990732e-05
3.105651627667279e-05
3.1056518374954515e-05
3.105651826640863e-05
3.1056519059331116e-05
3.105651897860385e-05
3.105652115598196e-05
3.105651808671632e-05
3.0771319578326226e-05
3.0771319578326226e-05
3.0771317244952226e-05
3.0771317711129365e-05
3.077131909003961e-05
3.077132010684411e-05
3.077131938667174e-05
3.0771319550112405e-05
3.0771319581066425e-05
3.0771319244994075e-05
3.0771319575326015e-05
3.077131836761034e-05
3.0771320019710866e-05
3.077131979736482e-05
3.077132102006773e-05
3.077132054465222e-05
3.077132289137125e-05
3.077131955287268e-05
3.009784066254881e-05
3.009784066254881e-05
3.0097838297355513e-05
3.0097838703792526e-05
3.0097840170488675e-05
3.009784180719194e-05
3.0097841183154023e-05
3.0097841150038457e-05
3.0097841201005327e-05
3.0097840852625802e-05
3.0097840990465357e-05
3.009784059076091e-05
3.0097841503588986e-05
3.009784118196413e-05
3.0097842911931212e-05
3.009784187036115e-05
3.009784434756548e-05
3.0097840826494998e-05
2.8778659227036665e-05
2.8778659227036665e-05
2.877865702425756e-05
2.8778657449424926e-05
2.877865877097943e-05
2.877866101027596e-05
2.877866045309337e-05
2.8778660321472426e-05
2.8778660437821413e-05
2.8778660025552002e-05
2.877865996975061e-05
2.877866055129171e-05
2.8778660431529785e-05
2.877866014012447e-05
2.8778662188822694e-05
2.877866052934136e-05
2.8778662911769628e-05
2.8778659618870217e-05
2.6964725910457627e-05
2.6964725910457627e-05
2.6964724236725626e-05
2.6964724868548033e-05
2.696472556312712e-05
2.696472784502252e-05
2.6964727221355445e-05
2.6964727331312997e-05
2.6964727575073335e-05
2.6964727021393647e-05
2.6964726931766807e-05
2.6964728111651763e-05
2.696472707890025e-05
2.6964727123213973e-05
2.696472873863859e-05
2.696472685200068e-05
2.6964728644081294e-05
2.696472643555609e-05
2.567546142944133e-05
2.567546142944133e-05
2.567546044358041e-05
2.5675461411335772e-05
2.567546121951281e-05
2.5675462661483913e-05
2.5675461819600777e-05
2.5675462504843886e-05
2.5675462873591856e-05
2.5675462169011097e-05
2.5675462312237413e-05
2.5675463061686544e-05
2.567546198332869e-05
2.567546257225818e-05
2.5675462941709907e-05
2.5675461591838504e-05
2.5675462486896823e-05
2.5675461843843287e-05
2.5308099265349567e-05
2.5308099265349567e-05
2.5308098615098125e-05
2.5308099778285046e-05
2.5308099120577017e-05
2.5308099719677437e-05
2.530809870880032e-05
2.5308099799195894e-05
2.53081002080493e-05
2.530809944821662e-05
2.5308099837275043e-05
2.5308099795513496e-05
2.5308099245238427e-05
2.5308100149590886e-05
2.5308099583672162e-05
2.530809889819655e-05
2.5308099293529554e-05
2.530809948838335e-05
2.525884784172291e-05
2.525884784172291e-05
2.525884722609271e-05
2.5258848421359522e-05
2.525884770293209e-05
2.525884803422701e-05
2.5258846981339235e-05
2.525884816312894e-05
2.5258848565888147e-05
2.5258847811035387e-05
2.525884827862009e-05
2.5258847916571403e-05
2.5258847648310566e-05
2.5258848602844615e-05
2.5258847806832633e-05
2.5258847358060876e-05
2.5258847676340838e-05
2.525884798765212e-05
2.523623041684565e-05
2.523623041684565e-05
2.5236229795096912e-05
2.523623099148612e-05
2.5236230276533722e-05
2.523623052629773e-05
2.523622946541493e-05
2.5236230663139397e-05
2.523623105762426e-05
2.523623031358649e-05
2.5236230802392938e-05
2.523623033237783e-05
2.5236230173302788e-05
2.523623112731161e-05
2.5236230281033812e-05
2.5236229910354677e-05
2.5236230224620923e-05
2.5236230535527744e-05
2.5164346325738725e-05
2.5164346325738725e-05
2.5164345685089032e-05
2.516434687475541e-05
2.5164346181262914e-05
2.5164346274410253e-05
2.5164345206586632e-05
2.5164346419922128e-05
2.5164346789495312e-05
2.5164346082623908e-05
2.5164346602605478e-05
2.5164345937295938e-05
2.516434598863144e-05
2.516434692200094e-05
2.5164346000616015e-05
2.5164345782853215e-05
2.516434609938638e-05
2.5164346390449413e-05
2.500549355156372e-05
2.500549355156372e-05
2.5005492884450487e-05
2.500549405085508e-05
2.5005493401788863e-05
2.5005493285371475e-05
2.500549222540001e-05
2.5005493432620317e-05
2.5005493751872516e-05
2.500549312810617e-05
2.5005493667356047e-05
2.5005492783667552e-05
2.500549309368477e-05
2.500549396436864e-05
2.5005492978164013e-05
2.500549296625161e-05
2.50054932915159e-05
2.5005493543747322e-05
2.4630294850787157e-05
2.4630294850787157e-05
2.463029414843544e-05
2.4630295247910365e-05
2.4630294695273832e-05
2.4630294287096902e-05
2.463029328111932e-05
2.4630294413134632e-05
2.4630294620142698e-05
2.4630294195814428e-05
2.463029470459448e-05
2.463029363058953e-05
2.4630294235494676e-05
2.4630294932441194e-05
2.4630293943030167e-05
2.4630294219157175e-05
2.4630294565959816e-05
2.4630294742214572e-05
2.3952641708235947e-05
2.3952641708235947e-05
2.3952640980937893e-05
2.395264193983069e-05
2.3952641552062784e-05
2.3952640894422304e-05
2.3952640038985262e-05
2.395264094526916e-05
2.395264095425233e-05
2.395264090313227e-05
2.395264124693812e-05
2.3952640286603926e-05
2.395264098423546e-05
2.3952641323467277e-05
2.3952640541792273e-05
2.3952641067099725e-05
2.3952641453743106e-05
2.3952641514255214e-05
2.3137794713362245e-05
2.3137794713362245e-05
2.3137794005513088e-05
2.3137794766866833e-05
2.3137794568916717e-05
2.3137793959865493e-05
2.3137793356966767e-05
2.3137793871183467e-05
2.3137793643343846e-05
2.313779406628892e-05
2.3137794067428008e-05
2.313779383011244e-05
2.3137794080380558e-05
2.3137793924533292e-05
2.3137793671031815e-05
2.3137794155081688e-05
2.3137794591379767e-05
2.3137794537994763e-05
2.2670016217920356e-05
2.2670016217920356e-05
2.2670015571913992e-05
2.2670016207154655e-05
2.267001609244256e-05
2.2670015871692508e-05
2.2670015466969422e-05
2.267001566321262e-05
2.2670015321326217e-05
2.2670016001345673e-05
2.2670015684842864e-05
2.2670016411401716e-05
2.2670015861253284e-05
2.2670015395641486e-05
2.26700156919533e-05
2.267001579852119e-05
2.267001626056532e-05
2.2670016178404785e-05
2.2562819908492627e-05
2.2562819908492627e-05
2.25628193054463e-05
2.2562819931046038e-05
2.256281979335202e-05
2.2562819872645325e-05
2.256281951135006e-05
2.2562819631207887e-05
2.25628193088049e-05
2.256281997324299e-05
2.2562819558169046e-05
2.256282073565755e-05
2.2562819738055683e-05
2.2562819252911328e-05
2.2562819753670942e-05
2.256281956460989e-05
2.256282002377067e-05
2.2562819972988365e-05
2.254403785707567e-05
2.254403785707567e-05
2.254403726654372e-05
2.2544037907315734e-05
2.2544037744299785e-05
2.25440379106874e-05
2.254403753994026e-05
2.2544037671191463e-05
2.2544037376585757e-05
2.2544037991721063e-05
2.254403757876736e-05
2.2544038823435257e-05
2.254403773509446e-05
2.2544037288501618e-05
2.2544037805394448e-05
2.25440375284022e-05
2.2544037981642306e-05
2.254403795133532e-05
2.2522226190191047e-05
2.2522226190191047e-05
2.2522225610384245e-05
2.252222626736138e-05
2.252222607934086e-05
2.2522226307723072e-05
2.2522225924302228e-05
2.252222607186187e-05
2.252222580391077e-05
2.2522226368841653e-05
2.2522225967824434e-05
2.2522227234897005e-05
2.252222610097948e-05
2.2522225693800253e-05
2.2522226212466262e-05
2.2522225869971874e-05
2.252222631673705e-05
2.252222630510413e-05
2.2459549844610756e-05
2.2459549844610756e-05
2.2459549289545892e-05
2.2459549977639652e-05
2.2459549738464585e-05
2.245955007752779e-05
2.2459549670931045e-05
2.2459549845814397e-05
2.2459549628790014e-05
2.245955009355361e-05
2.2459549721262952e-05
2.245955100121561e-05
2.2459549813096553e-05
2.24595494775843e-05
2.2459550004272394e-05
2.2459549537578877e-05
2.245954996991541e-05
2.2459549995091594e-05
2.2313613919608094e-05
2.2313613919608094e-05
2.2313613414155362e-05
2.2313614148875027e-05
2.231361382352825e-05
2.2313614324617372e-05
2.2313613887881597e-05
2.231361409071399e-05
2.231361395111966e-05
2.231361425435884e-05
2.2313613934806257e-05
2.2313615183377094e-05
2.231361397188647e-05
2.2313613734275896e-05
2.23136142941467e-05
2.2313613628878353e-05
2.2313614034438646e-05
2.231361411912506e-05
2.1986766425942557e-05
2.1986766425942557e-05
2.198676602137905e-05
2.198676682187225e-05
2.1986766351494236e-05
2.198676707642129e-05
2.1986766608707208e-05
2.1986766818773212e-05
2.198676679159147e-05
2.1986766838752375e-05
2.1986766615843705e-05
2.1986767704038787e-05
2.1986766592660464e-05
2.198676647060399e-05
2.1986767130571383e-05
2.1986766150968323e-05
2.1986766506332208e-05
2.1986766685901346e-05
2.1432513972824046e-05
2.1432513972824046e-05
2.143251372972728e-05
2.143251459031026e-05
2.1432513934797098e-05
2.143251485506414e-05
2.1432514384973517e-05
2.143251452948636e-05
2.1432514612296916e-05
2.1432514362133517e-05
2.1432514277064453e-05
2.1432514961030145e-05
2.1432514236350683e-05
2.14325141700924e-05
2.1432515040357935e-05
2.1432513696452455e-05
2.1432513978387927e-05
2.1432514268951643e-05
2.085268595597735e-05
2.085268595597735e-05
2.0852685871057156e-05
2.085268673186397e-05
2.0852685955961462e-05
2.0852686857024906e-05
2.0852686445881765e-05
2.0852686426199308e-05
2.085268652613472e-05
2.0852686130572185e-05
2.0852686158732635e-05
2.085268625668028e-05
2.0852686202435714e-05
2.08526860245581e-05
2.085268716393652e-05
2.085268564404757e-05
2.0852685863511187e-05
2.0852686209225293e-05
2.057646167693527e-05
2.057646167693527e-05
2.0576461637887687e-05
2.0576462436690646e-05
2.057646169040079e-05
2.0576462364099275e-05
2.0576462034897237e-05
2.0576461862018998e-05
2.057646187117643e-05
2.057646158754765e-05
2.057646162567708e-05
2.0576461354308243e-05
2.057646180006773e-05
2.0576461415942094e-05
2.0576462696938612e-05
2.057646131898232e-05
2.057646153111707e-05
2.057646183521544e-05
2.0520580800826775e-05
2.0520580800826775e-05
2.05205807359448e-05
2.052058148928712e-05
2.0520580809868997e-05
2.0520581325777074e-05
2.0520581034385248e-05
2.0520580811391105e-05
2.0520580747919498e-05
2.0520580600421487e-05
2.0520580603618928e-05
2.0520580284332457e-05
2.052058084017907e-05
2.052058034987758e-05
2.0520581629117214e-05
2.0520580423172192e-05
2.052058065444105e-05
2.052058090616928e-05
2.050514223489773e-05
2.050514223489773e-05
2.0505142151278813e-05
2.0505142888803265e-05
2.050514224003753e-05
2.0505142704302105e-05
2.0505142422390245e-05
2.0505142192589894e-05
2.0505142103161165e-05
2.0505142011378505e-05
2.0505141995885703e-05
2.0505141699393675e-05
2.0505142246270963e-05
2.0505141730096146e-05
2.050514298581031e-05
2.0505141853498028e-05
2.0505142096779118e-05
2.050514232515011e-05
2.047351431258696e-05
2.047351431258696e-05
2.047351420225406e-05
2.047351491831732e-05
2.0473514312074085e-05
2.047351471113918e-05
2.047351444153541e-05
2.0473514204990265e-05
2.0473514081020614e-05
2.04735140646666e-05
2.047351402390711e-05
2.0473513770813015e-05
2.0473514286371114e-05
2.0473513745649394e-05
2.047351495260945e-05
2.047351392850879e-05
2.0473514192082547e-05
2.047351438427088e-05
2.0395267236867228e-05
2.0395267236867228e-05
2.0395267087339696e-05
2.039526776823073e-05
2.039526722807998e-05
2.0395267530852662e-05
2.0395267282960047e-05
2.039526703332286e-05
2.0395266855173833e-05
2.039526695503069e-05
2.0395266878545898e-05
2.039526669773284e-05
2.0395267149117573e-05
2.0395266587713405e-05
2.039526768803773e-05
2.0395266852352702e-05
2.0395267155579733e-05
2.0395267280545546e-05
2.02045732093633e-05
2.02045732093633e-05
2.020457300765385e-05
2.020457362984647e-05
2.020457318968169e-05
2.0204573356170584e-05
2.0204573149025776e-05
2.020457287023053e-05
2.0204572607651854e-05
2.020457288178382e-05
2.020457276075886e-05
2.020457269402438e-05
2.0204573018899883e-05
2.0204572466914203e-05
2.020457333120478e-05
2.0204572832787943e-05
2.0204573216070498e-05
2.0204573211308177e-05
1.979582298010785e-05
1.979582298010785e-05
1.9795822730673275e-05
1.9795823265572728e-05
1.9795822950818767e-05
1.979582296830116e-05
1.979582283191897e-05
1.9795822493021576e-05
1.9795822118241623e-05
1.9795822607456486e-05
1.9795822453911453e-05
1.979582253957232e-05
1.9795822636984922e-05
1.9795822195035924e-05
1.979582258243587e-05
1.9795822634185207e-05
1.979582316650216e-05
1.9795822930813428e-05
1.912491523999173e-05
1.912491523999173e-05
1.912491499960993e-05
1.9124915440800816e-05
1.9124915213691862e-05
1.912491517905386e-05
1.912491513902922e-05
1.912491470201689e-05
1.9124914233866754e-05
1.9124914864914675e-05
1.9124914744343544e-05
1.9124914957912937e-05
1.9124914733639392e-05
1.9124914602261807e-05
1.9124914226730922e-05
1.9124914964645263e-05
1.9124915716479425e-05
1.912491515740516e-05
1.847473255537135e-05
1.847473255537135e-05
1.84747324281539e-05
1.8474732837896842e-05
1.847473255436395e-05
1.8474732698991644e-05
1.8474732728326076e-05
1.847473219752342e-05
1.8474731747852114e-05
1.8474732263448814e-05
1.847473227779698e-05
1.847473246846741e-05
1.8474731996358892e-05
1.847473231952061e-05
1.8474731233253256e-05
1.847473237212254e-05
1.8474733304982278e-05
1.847473250123886e-05
1.8193663349918567e-05
1.8193663349918567e-05
1.8193663356868242e-05
1.819366381393616e-05
1.8193663377982297e-05
1.8193663796557868e-05
1.8193663823500306e-05
1.819366326640069e-05
1.8193662927212738e-05
1.8193663165157805e-05
1.8193663318668632e-05
1.8193663361009163e-05
1.8193662877486456e-05
1.819366348341581e-05
1.8193662215232964e-05
1.819366321663309e-05
1.8193664171777194e-05
1.819366336250209e-05
1.8140413707674363e-05
1.8140413707674363e-05
1.8140413768511864e-05
1.8140414267581437e-05
1.8140413747139478e-05
1.8140414292115336e-05
1.8140414294601625e-05
1.8140413751131527e-05
1.8140413481164576e-05
1.814041356850899e-05
1.814041377197382e-05
1.8140413720753242e-05
1.814041331249627e-05
1.8140413960122e-05
1.8140412805933217e-05
1.8140413577588388e-05
1.814041448660133e-05
1.8140413755997125e-05
1.812193693529818e-05
1.812193693529818e-05
1.8121937009527228e-05
1.8121937524659673e-05
1.812193697749318e-05
1.8121937557447434e-05
1.8121937547420302e-05
1.8121937014801855e-05
1.8121936769186163e-05
1.8121936808401027e-05
1.8121937022428302e-05
1.812193693819488e-05
1.8121936572448446e-05
1.8121937209722557e-05
1.8121936139970614e-05
1.81219368008156e-05
1.812193768101002e-05
1.8121936994663843e-05
1.8076414616547856e-05
1.8076414616547856e-05
1.807641470867021e-05
1.807641524562076e-05
1.8076414662272995e-05
1.8076415287848768e-05
1.8076415258584508e-05
1.8076414745679824e-05
1.807641453634009e-05
1.807641450706112e-05
1.8076414733861922e-05
1.8076414600464167e-05
1.8076414306116356e-05
1.8076414918652273e-05
1.8076413996984143e-05
1.807641447259822e-05
1.8076415301298838e-05
1.8076414690725577e-05
1.796702917049034e-05
1.796702917049034e-05
1.79670292870468e-05
1.7967029847332426e-05
1.796702922083557e-05
1.7967029900758857e-05
1.796702984653929e-05
1.7967029365633314e-05
1.796702920708697e-05
1.7967029086460582e-05
1.796702932930825e-05
1.796702912721989e-05
1.796702894070758e-05
1.796702951561799e-05
1.7967028823004143e-05
1.7967029010182934e-05
1.796702975428278e-05
1.7967029262186145e-05
1.769686291173622e-05
1.769686291173622e-05
1.769686306193184e-05
1.7696863634657832e-05
1.7696862967949017e-05
1.7696863699893074e-05
1.7696863617562576e-05
1.7696863191145685e-05
1.7696863102876646e-05
1.7696862866857993e-05
1.76968631288352e-05
1.7696862832175772e-05
1.769686281167677e-05
1.7696863333267104e-05
1.7696863004014552e-05
1.7696862721935647e-05
1.7696863318707333e-05
1.769686301938485e-05
1.7128543588124128e-05
1.7128543588124128e-05
1.7128543771023315e-05
1.7128544302879257e-05
1.7128543648745856e-05
1.712854437031279e-05
1.712854427803817e-05
1.7128543931343505e-05
1.7128543911451973e-05
1.712854359207269e-05
1.7128543864996837e-05
1.7128543477675623e-05
1.712854366205273e-05
1.712854413037504e-05
1.712854427453068e-05
1.7128543351831386e-05
1.7128543725775998e-05
1.7128543689352876e-05
1.6224715278731402e-05
1.6224715278731402e-05
1.6224715462831056e-05
1.622471583545161e-05
1.6224715335664766e-05
1.6224715875467408e-05
1.622471583472582e-05
1.6224715570288857e-05
1.622471555292696e-05
1.6224715316440537e-05
1.6224715567016508e-05
1.6224715180584668e-05
1.6224715500880772e-05
1.6224715963585038e-05
1.622471648040275e-05
1.622471498795261e-05
1.6224715117702575e-05
1.6224715314459127e-05
1.5406535905310262e-05
1.5406535905310262e-05
1.5406536031078067e-05
1.54065361513579e-05
1.5406535946441525e-05
1.5406536130844677e-05
1.5406536214817057e-05
1.540653597173307e-05
1.5406535832593693e-05
1.5406535921798473e-05
1.540653610585103e-05
1.5406535890037374e-05
1.5406536109240204e-05
1.540653665932694e-05
1.5406537063498533e-05
1.5406535588764963e-05
1.5406535629771976e-05
1.5406535817986315e-05
1.5091960136897527e-05
1.5091960136897527e-05
1.5091960192975889e-05
1.5091960151359092e-05
1.5091960162555471e-05
1.5091960082970324e-05
1.509196026991631e-05
1.5091959982215521e-05
1.5091959697865968e-05
1.5091960099695435e-05
1.5091960224238941e-05
1.5091960208753434e-05
1.5091960193236724e-05
1.509196085061977e-05
1.509196080531597e-05
1.5091959836402042e-05
1.5091959980652257e-05
1.5091959960419846e-05
1.5048122727044594e-05
1.5048122727044594e-05
1.5048122757264574e-05
1.5048122689202509e-05
1.5048122747779357e-05
1.504812260907166e-05
1.5048122823000708e-05
1.5048122501958988e-05
1.5048122164194854e-05
1.5048122663031761e-05
1.5048122770085341e-05
1.5048122828361982e-05
1.5048122697917058e-05
1.5048123395331629e-05
1.5048123106816596e-05
1.5048122443947085e-05
1.5048122677434006e-05
1.5048122531562723e-05
1.5041354953931943e-05
1.5041354953931943e-05
1.504135498027507e-05
1.5041354916104786e-05
1.5041354974116958e-05
1.504135483578526e-05
1.5041355050966465e-05
1.504135472114127e-05
1.5041354375970572e-05
1.5041354884214375e-05
1.5041354989447631e-05
1.504135505898718e-05
1.5041354904342143e-05
1.5041355607214066e-05
1.5041355263695104e-05
1.5041354676311125e-05
1.5041354935700013e-05
1.50413547590591e-05
1.50277748604098e-05
1.50277748604098e-05
1.5027774882994777e-05
1.5027774826093933e-05
1.5027774880139202e-05
1.5027774746672856e-05
1.5027774961428752e-05
1.5027774621723089e-05
1.5027774270783807e-05
1.5027774784237039e-05
1.5027774887434499e-05
1.5027774968764197e-05
1.5027774786479525e-05
1.5027775493016649e-05
1.5027775086348257e-05
1.5027774589825929e-05
1.5027774881343027e-05
1.5027774668059545e-05
1.4991382132178698e-05
1.4991382132178698e-05
1.4991382149501198e-05
1.4991382103893528e-05
1.4991382151276968e-05
1.4991382027113268e-05
1.4991382239674648e-05
1.4991381886565286e-05
1.4991381531107549e-05
1.4991382046195963e-05
1.4991382144748323e-05
1.4991382244989534e-05
1.4991382019737649e-05
1.4991382727128286e-05
1.4991382224612957e-05
1.4991381873226357e-05
1.4991382215898377e-05
1.4991381945045477e-05
1.4898158057021198e-05
1.4898158057021198e-05
1.4898158067615536e-05
1.4898158036949602e-05
1.4898158075269193e-05
1.4898157966882568e-05
1.4898158173102683e-05
1.4898157805316503e-05
1.4898157453813009e-05
1.4898157956904254e-05
1.4898158044245658e-05
1.4898158175298943e-05
1.4898157885527374e-05
1.4898158582250512e-05
1.4898157942639477e-05
1.4898157816949517e-05
1.489815823807576e-05
1.489815788011318e-05
1.4676515227248718e-05
1.4676515227248718e-05
1.467651523181237e-05
1.4676515215406379e-05
1.4676515244588238e-05
1.467651516129244e-05
1.467651535139428e-05
1.4676514978187802e-05
1.4676514659533533e-05
1.467651510979964e-05
1.4676515171122555e-05
1.467651534978658e-05
1.467651497384516e-05
1.4676515625578506e-05
1.4676514820714577e-05
1.4676515015959485e-05
1.467651554574199e-05
1.4676515069946793e-05
1.4233378982530665e-05
1.4233378982530665e-05
1.4233378989265496e-05
1.4233378970922788e-05
1.4233378999628889e-05
1.4233378949375517e-05
1.423337910506838e-05
1.4233378763735346e-05
1.4233378546322527e-05
1.4233378853360403e-05
1.4233378862415245e-05
1.4233379101076534e-05
1.4233378646943661e-05
1.4233379178173353e-05
1.4233378269672034e-05
1.4233378806587317e-05
1.423337944493227e-05
1.4233378858399933e-05
1.3616650663095448e-05
1.3616650663095448e-05
1.3616650691610338e-05
1.3616650630502785e-05
1.3616650681915795e-05
1.3616650656358719e-05
1.361665076003346e-05
1.3616650520323526e-05
1.361665049423724e-05
1.3616650547288487e-05
1.3616650481343631e-05
1.3616650759517147e-05
1.3616650317217162e-05
1.3616650636168721e-05
1.361664987734536e-05
1.3616650508502882e-05
1.3616651159233773e-05
1.3616650578445074e-05
1.316950334656092e-05
1.316950334656092e-05
1.3169503410315114e-05
1.3169503276473388e-05
1.3169503368795394e-05
1.3169503336686165e-05
1.3169503400635721e-05
1.3169503292293518e-05
1.3169503450806067e-05
1.3169503272228024e-05
1.3169503153061383e-05
1.3169503409899909e-05
1.316950310746087e-05
1.3169503234014918e-05
1.3169502897685221e-05
1.316950317600467e-05
1.316950368353618e-05
1.3169503281352576e-05
1.3043244756607189e-05
1.3043244756607189e-05
1.3043244840651766e-05
1.3043244663554909e-05
1.304324478105118e-05
1.304324472710472e-05
1.3043244785435001e-05
1.30432447399058e-05
1.3043244956166669e-05
1.3043244713867295e-05
1.3043244590530525e-05
1.3043244801945913e-05
1.3043244626938755e-05
1.3043244701368426e-05
1.3043244678364497e-05
1.3043244557252852e-05
1.3043244918905256e-05
1.3043244685371064e-05
1.3032331540843588e-05
1.3032331540843588e-05
1.3032331627880804e-05
1.3032331443932978e-05
1.3032331565696963e-05
1.3032331502329637e-05
1.3032331565746237e-05
1.3032331525092258e-05
1.3032331733199836e-05
1.3032331505413015e-05
1.3032331390566823e-05
1.303233158388044e-05
1.3032331443786144e-05
1.303233153064188e-05
1.3032331577924765e-05
1.3032331330525812e-05
1.3032331648861868e-05
1.3032331462852357e-05
1.3031819686732448e-05
1.3031819686732448e-05
1.3031819773487036e-05
1.3031819590006701e-05
1.3031819711579002e-05
1.3031819646725078e-05
1.303181971192062e-05
1.3031819669139386e-05
1.3031819871615408e-05
1.3031819651630068e-05
1.30318195394943e-05
1.3031819730114079e-05
1.3031819592923995e-05
1.3031819686294954e-05
1.3031819736200602e-05
1.3031819474891285e-05
1.3031819788925896e-05
1.303181960718285e-05
1.3030614785762941e-05
1.3030614785762941e-05
1.3030614872023208e-05
1.303061468943866e-05
1.3030614810583803e-05
1.3030614744131468e-05
1.3030614811469309e-05
1.3030614765703109e-05
1.3030614961001398e-05
1.3030614750811595e-05
1.3030614641984164e-05
1.3030614829676866e-05
1.3030614695003701e-05
1.3030614796485275e-05
1.3030614847146902e-05
1.3030614572368897e-05
1.3030614882338646e-05
1.3030614704525585e-05
1.3026542707211656e-05
1.3026542707211656e-05
1.302654279258742e-05
1.3026542611626763e-05
1.3026542731983047e-05
1.3026542662860262e-05
1.3026542733804222e-05
1.3026542682922436e-05
1.3026542865814947e-05
1.3026542672467058e-05
1.3026542569413467e-05
1.3026542752020289e-05
1.3026542621499647e-05
1.3026542736758032e-05
1.3026542788236302e-05
1.3026542491334974e-05
1.302654279448002e-05
1.3026542623441958e-05
1.3014824928704028e-05
1.3014824928704028e-05
1.3014825012631638e-05
1.3014824834360686e-05
1.3014824953389486e-05
1.3014824880074227e-05
1.3014824956630291e-05
1.301482489773823e-05
1.3014825060613269e-05
1.3014824894266969e-05
1.3014824800749219e-05
1.301482497484477e-05
1.3014824851026406e-05
1.3014824987943663e-05
1.301482504058405e-05
1.301482470919381e-05
1.301482500122719e-05
1.3014824841762857e-05
1.2982220109797768e-05
1.2982220109797768e-05
1.2982220191282502e-05
1.2982220017623876e-05
1.2982220134326529e-05
1.2982220054341918e-05
1.2982220139673145e-05
1.2982220068160583e-05
1.298222019786911e-05
1.2982220075824096e-05
1.2982219998683874e-05
1.2982220157850323e-05
1.2982220045235475e-05
1.2982220216580613e-05
1.2982220270949283e-05
1.2982219885197734e-05
1.2982220158451107e-05
1.298222001993875e-05
1.2896409378274276e-05
1.2896409378274276e-05
1.2896409455687105e-05
1.2896409289901048e-05
1.2896409402512844e-05
1.2896409312398945e-05
1.2896409410654575e-05
1.289640932030559e-05
1.2896409396194574e-05
1.2896409344940363e-05
1.2896409295831436e-05
1.2896409428685045e-05
1.289640933451556e-05
1.2896409558061559e-05
1.2896409614776004e-05
1.289640914775032e-05
1.2896409389579254e-05
1.2896409289553841e-05
1.268375277053972e-05
1.268375277053972e-05
1.2683752841366896e-05
1.2683752688755159e-05
1.268375279423944e-05
1.2683752690107708e-05
1.2683752805189544e-05
1.268375268964486e-05
1.268375268199732e-05
1.2683752737923681e-05
1.2683752735903154e-05
1.2683752822780479e-05
1.2683752757897221e-05
1.268375305345234e-05
1.2683753112686207e-05
1.2683752536564544e-05
1.2683752727276211e-05
1.2683752698029305e-05
1.2220634737288652e-05
1.2220634737288652e-05
1.2220634798754572e-05
1.2220634665870383e-05
1.222063476006477e-05
1.2220634641369442e-05
1.2220634771126819e-05
1.2220634631711865e-05
1.222063451328636e-05
1.222063470497544e-05
1.222063477384866e-05
1.2220634787635073e-05
1.222063476313849e-05
1.2220635132900484e-05
1.2220635192827705e-05
1.2220634512299392e-05
1.2220634629692276e-05
1.2220634720368668e-05
1.1454839831342342e-05
1.1454839831342342e-05
1.1454839883794002e-05
1.1454839771997338e-05
1.14548398528991e-05
1.1454839731399361e-05
1.1454839855957724e-05
1.1454839718538047e-05
1.1454839510136181e-05
1.1454839797820957e-05
1.145483994320925e-05
1.1454839870466979e-05
1.1454839882248941e-05
1.1454840264582834e-05
1.1454840319138444e-05
1.1454839644050593e-05
1.1454839689487597e-05
1.1454839935969991e-05
1.0713449680473643e-05
1.0713449680473643e-05
1.0713449731801002e-05
1.071344962680135e-05
1.071344970121989e-05
1.0713449601748325e-05
1.0713449687114847e-05
1.0713449599750147e-05
1.0713449413477414e-05
1.071344964381328e-05
1.0713449815133875e-05
1.0713449699470035e-05
1.0713449710548118e-05
1.0713449977031905e-05
1.0713450018877102e-05
1.0713449555777245e-05
1.0713449589575339e-05
1.071344993577342e-05
1.0408278487606986e-05
1.0408278487606986e-05
1.0408278545626149e-05
1.0408278430026518e-05
1.0408278508458215e-05
1.0408278438251933e-05
1.0408278480678534e-05
1.0408278452302397e-05
1.0408278373418637e-05
1.0408278448218482e-05
1.0408278582543572e-05
1.0408278492208631e-05
1.0408278469970688e-05
1.0408278584539182e-05
1.040827861575454e-05
1.0408278405189974e-05
1.0408278489229411e-05
1.0408278817042024e-05
1.0371253461635445e-05
1.0371253461635445e-05
1.0371253524163142e-05
1.0371253399894075e-05
1.0371253482797003e-05
1.037125342414937e-05
1.037125345172339e-05
1.0371253444892651e-05
1.0371253426302209e-05
1.0371253421504484e-05
1.0371253524802408e-05
1.0371253463397873e-05
1.0371253420579258e-05
1.037125347566651e-05
1.0371253504120286e-05
1.037125338652135e-05
1.0371253505456669e-05
1.037125379130986e-05
1.0372188302262075e-05
1.0372188302262075e-05
1.0372188365645793e-05
1.0372188239532262e-05
1.0372188323511403e-05
1.0372188266056277e-05
1.0372188292570866e-05
1.0372188287547634e-05
1.0372188279046733e-05
1.0372188262132222e-05
1.0372188358634366e-05
1.037218830436592e-05
1.0372188257819047e-05
1.037218830695426e-05
1.0372188335437056e-05
1.0372188225840023e-05
1.0372188351621502e-05
1.0372188625504635e-05
1.0372545465661429e-05
1.0372545465661429e-05
1.0372545529239581e-05
1.0372545402671007e-05
1.0372545486933043e-05
1.0372545429640128e-05
1.0372545456147866e-05
1.0372545451221972e-05
1.0372545445033325e-05
1.037254542555748e-05
1.0372545520206036e-05
1.0372545467990168e-05
1.0372545420547958e-05
1.0372545469013933e-05
1.0372545497580868e-05
1.0372545388523624e-05
1.037254551600953e-05
1.0372545786233284e-05
1.037213364341354e-05
1.037213364341354e-05
1.0372133707444703e-05
1.0372133579766697e-05
1.037213366473092e-05
1.0372133607905636e-05
1.0372133634436275e-05
1.0372133629640937e-05
1.0372133629729874e-05
1.037213360340417e-05
1.0372133692844472e-05
1.0372133646425048e-05
1.037213359656941e-05
1.0372133643472064e-05
1.0372133672265929e-05
1.0372133564269792e-05
1.0372133696282112e-05
1.0372133956018822e-05
1.036810555602463e-05
1.036810555602463e-05
1.0368105620476754e-05
1.0368105491657964e-05
1.0368105577364545e-05
1.036810552133288e-05
1.0368105547785003e-05
1.0368105543116459e-05
1.0368105551603351e-05
1.0368105516179115e-05
1.0368105598480155e-05
1.0368105559997365e-05
1.0368105506993267e-05
1.0368105551810811e-05
1.0368105580834668e-05
1.0368105474415893e-05
1.036810561210962e-05
1.036810585726561e-05
1.0351733478404352e-05
1.0351733478404352e-05
1.0351733543085188e-05
1.0351733413223124e-05
1.0351733499677936e-05
1.0351733445499423e-05
1.0351733471479079e-05
1.0351733466954191e-05
1.0351733490024533e-05
1.0351733438940423e-05
1.0351733508427227e-05
1.0351733484151488e-05
1.035173342590445e-05
1.0351733467001026e-05
1.0351733496211438e-05
1.0351733393178359e-05
1.0351733539700122e-05
1.0351733758193221e-05
1.0303531346161625e-05
1.0303531346161625e-05
1.0303531409927363e-05
1.0303531280836547e-05
1.0303531367068858e-05
1.0303531316910423e-05
1.030353134131805e-05
1.0303531336828922e-05
1.0303531382106319e-05
1.0303531307522117e-05
1.0303531356456967e-05
1.0303531354870957e-05
1.030353128920616e-05
1.0303531324363856e-05
1.0303531353320626e-05
1.0303531257108573e-05
1.0303531414458099e-05
1.0303531588999822e-05
1.0175799895863762e-05
1.0175799895863762e-05
1.0175799955089234e-05
1.0175799833113234e-05
1.0175799915563814e-05
1.0175799874303074e-05
1.0175799894255265e-05
1.0175799889355386e-05
1.0175799966977382e-05
1.0175799859042749e-05
1.0175799875407554e-05
1.0175799909547401e-05
1.0175799834515671e-05
1.017579986032721e-05
1.017579988754896e-05
1.0175799805506882e-05
1.0175799971987033e-05
1.0175800074012836e-05
9.897547397219189e-06
9.897547397219189e-06
9.897547443491066e-06
9.897547344188897e-06
9.897547413915956e-06
9.897547390060353e-06
9.897547399716645e-06
9.897547393220312e-06
9.897547506899076e-06
9.897547363945297e-06
9.89754733751605e-06
9.89754741807147e-06
9.897547336133778e-06
9.897547349812806e-06
9.897547371740268e-06
9.897547315916469e-06
9.897547476236841e-06
9.897547476508537e-06
9.458752699541572e-06
9.458752699541572e-06
9.458752721063526e-06
9.458752667389423e-06
9.458752710928126e-06
9.45875271257999e-06
9.458752704909704e-06
9.458752694950872e-06
9.458752822936803e-06
9.458752671451835e-06
9.458752611926332e-06
9.458752727272162e-06
9.458752651380248e-06
9.458752655986875e-06
9.45875266746467e-06
9.458752647940145e-06
9.45875276522015e-06
9.458752673146396e-06
9.071613645579517e-06
9.071613645579517e-06
9.071613641623817e-06
9.071613636957938e-06
9.071613651878103e-06
9.071613672937048e-06
9.071613649504915e-06
9.071613635617283e-06
9.071613730071414e-06
9.071613621417836e-06
9.071613570852127e-06
9.071613674362162e-06
9.071613621704747e-06
9.071613629445845e-06
9.071613629871587e-06
9.07161363551686e-06
9.071613680844382e-06
9.071613583954006e-06
8.926840211201279e-06
8.926840211201279e-06
8.926840198275771e-06
8.926840212313708e-06
8.926840215977576e-06
8.926840238997346e-06
8.92684021149171e-06
8.926840195961572e-06
8.926840244292647e-06
8.926840187421074e-06
8.926840170608399e-06
8.926840236067401e-06
8.926840203686572e-06
8.926840221401016e-06
8.926840217726165e-06
8.926840223559283e-06
8.92684022389582e-06
8.926840189482273e-06
8.911369762830338e-06
8.911369762830338e-06
8.911369751107192e-06
8.91136976361392e-06
8.911369767991723e-06
8.911369787468278e-06
8.911369761503124e-06
8.911369746018448e-06
8.911369777428434e-06
8.911369738324936e-06
8.911369737588172e-06
8.911369785335277e-06
8.911369758380113e-06
8.911369780728796e-06
8.911369777462971e-06
8.911369777431026e-06
8.911369770564316e-06
8.911369770978641e-06
8.91270415264401e-06
8.91270415264401e-06
8.912704141829475e-06
8.912704152703984e-06
8.912704158008182e-06
8.912704176403276e-06
8.912704151119292e-06
8.912704135753862e-06
8.912704165622486e-06
8.912704127918871e-06
8.912704129303816e-06
8.91270417476939e-06
8.912704147950306e-06
8.912704170894267e-06
8.912704168006462e-06
8.91270416638427e-06
8.912704160516919e-06
8.912704166221117e-06
8.91304029756327e-06
8.91304029756327e-06
8.91304028687218e-06
8.913040297514013e-06
8.913040302952876e-06
8.913040321237056e-06
8.913040296035691e-06
8.913040280688238e-06
8.913040310606028e-06
8.913040272816031e-06
8.913040274259241e-06
8.9130403196693e-06
8.913040292777445e-06
8.913040315735084e-06
8.913040312900725e-06
8.913040311127159e-06
8.913040305544832e-06
8.913040311483746e-06
8.91371896279407e-06
8.91371896279407e-06
8.913718952353785e-06
8.91371896252131e-06
8.913718968234753e-06
8.913718986296038e-06
8.913718961264908e-06
8.913718945953724e-06
8.913718976003971e-06
8.913718938003505e-06
8.913718939537932e-06
8.913718984864535e-06
8.91371895781297e-06
8.913718980788835e-06
8.913718978064938e-06
8.913718975989773e-06
8.913718971008943e-06
8.913718977362832e-06
8.914638484312231e-06
8.914638484312231e-06
8.914638474230703e-06
8.914638483719635e-06
8.914638489825208e-06
8.914638507562749e-06
8.914638482784163e-06
8.914638467523542e-06
8.914638497765564e-06
8.914638459461337e-06
8.91463846112854e-06
8.91463850633143e-06
8.914638479049734e-06
8.914638502048278e-06
8.91463849948633e-06
8.914638496975126e-06
8.91463849286465e-06
8.914638499804589e-06
8.91604422344257e-06
8.91604422344257e-06
8.916044213964886e-06
8.916044222311062e-06
8.91604422907517e-06
8.916044246253174e-06
8.91604422192459e-06
8.916044206745556e-06
8.916044237308177e-06
8.916044198494286e-06
8.916044200398974e-06
8.916044245373269e-06
8.916044217702564e-06
8.916044240732292e-06
8.916044238453731e-06
8.916044235193517e-06
8.916044232570759e-06
8.91604424049337e-06
8.917877681348346e-06
8.917877681348346e-06
8.917877672817137e-06
8.917877679370956e-06
8.917877687163102e-06
8.917877703425952e-06
8.917877679867582e-06
8.917877664807253e-06
8.917877695865703e-06
8.917877656258217e-06
8.917877658572384e-06
8.917877703134466e-06
8.917877674850111e-06
8.917877697910752e-06
8.917877696104392e-06
8.917877691630874e-06
8.91787769139841e-06
8.91787770085308e-06
8.919803386639938e-06
8.919803386639938e-06
8.919803379607941e-06
8.91980338331926e-06
8.919803392729035e-06
8.919803407441061e-06
8.919803385274849e-06
8.919803370378238e-06
8.919803402204319e-06
8.919803361353754e-06
8.919803364415407e-06
8.91980340818148e-06
8.919803378914643e-06
8.91980340197665e-06
8.919803400992665e-06
8.919803394492782e-06
8.919803398201787e-06
8.919803410061784e-06
8.920147393401755e-06
8.920147393401755e-06
8.920147388649196e-06
8.920147388030077e-06
8.920147399870378e-06
8.920147411956244e-06
8.920147392362986e-06
8.920147377650768e-06
8.920147410596732e-06
8.920147367893412e-06
8.920147372353698e-06
8.920147414530147e-06
8.920147383741997e-06
8.920147406679837e-06
8.920147407143379e-06
8.920147397285854e-06
8.920147407398599e-06
8.920147422858642e-06
8.913749750954755e-06
8.913749750954755e-06
8.913749749422232e-06
8.913749742662215e-06
8.913749757858635e-06
8.913749765514842e-06
8.913749750780551e-06
8.913749736155794e-06
8.913749770557097e-06
8.9137497253363e-06
8.913749732475752e-06
8.913749771388734e-06
8.91374973837751e-06
8.913749760801239e-06
8.913749763838721e-06
8.913749748495344e-06
8.913749768757667e-06
8.91374978915037e-06
8.887797738201018e-06
8.887797738201018e-06
8.887797740342239e-06
8.887797726511785e-06
8.88779774532528e-06
8.887797745956904e-06
8.887797740118218e-06
8.887797725119544e-06
8.887797760834287e-06
8.887797713014771e-06
8.887797725136725e-06
8.887797757539486e-06
8.887797721789399e-06
8.887797742699134e-06
8.887797750121966e-06
8.887797726486313e-06
8.887797761349029e-06
8.887797786950463e-06
8.821221746788504e-06
8.821221746788504e-06
8.82122175063364e-06
8.821221733334021e-06
8.821221753199332e-06
8.821221744753348e-06
8.821221752938707e-06
8.821221736367963e-06
8.821221771667178e-06
8.821221723450036e-06
8.821221743570011e-06
8.821221764723266e-06
8.82122172710483e-06
8.82122174457359e-06
8.821221758308449e-06
8.821221724822024e-06
8.82122177537672e-06
8.821221802156673e-06
8.71197561974369e-06
8.71197561974369e-06
8.711975618931297e-06
8.711975610100434e-06
8.711975623747753e-06
8.711975609029199e-06
8.711975631752851e-06
8.711975612008501e-06
8.711975642969436e-06
8.71197560015401e-06
8.711975628790394e-06
8.711975636731464e-06
8.71197560102569e-06
8.711975613270415e-06
8.711975632603726e-06
8.711975593968602e-06
8.711975649278497e-06
8.711975666227074e-06
8.619449341586658e-06
8.619449341586658e-06
8.619449330821542e-06
8.619449340595343e-06
8.619449342629066e-06
8.619449330071147e-06
8.61944935738888e-06
8.619449334603876e-06
8.619449359034346e-06
8.619449325602268e-06
8.61944935722766e-06
8.619449358946007e-06
8.619449328927037e-06
8.619449337333055e-06
8.619449357188308e-06
8.61944932361034e-06
8.619449365224767e-06
8.619449364473176e-06
8.588270178844652e-06
8.588270178844652e-06
8.58827016188048e-06
8.588270183370499e-06
8.588270178593145e-06
8.588270171311599e-06
8.58827019480548e-06
8.588270171071982e-06
8.588270192125726e-06
8.58827016399385e-06
8.588270193640885e-06
8.588270197040147e-06
8.588270170967527e-06
8.5882701788316e-06
8.588270196123245e-06
8.58827016975006e-06
8.588270196810147e-06
8.588270185868055e-06
8.586008443861833e-06
8.586008443861833e-06
8.586008425804625e-06
8.586008449394349e-06
8.586008443527314e-06
8.58600843821311e-06
8.586008459269171e-06
8.586008435618605e-06
8.586008456257784e-06
8.586008428918263e-06
8.586008457204537e-06
8.586008462364126e-06
8.58600843709439e-06
8.586008445349823e-06
8.586008461428212e-06
8.5860084373943e-06
8.58600846029968e-06
8.586008447779067e-06
8.586531330952122e-06
8.586531330952122e-06
8.586531312927247e-06
8.586531336463514e-06
8.586531330656665e-06
8.586531325547084e-06
8.586531346228459e-06
8.586531322639682e-06
8.586531343335367e-06
8.58653131593793e-06
8.586531344009299e-06
8.586531349485538e-06
8.586531324219626e-06
8.586531332585904e-06
8.586531348508206e-06
8.586531324675055e-06
8.586531347301665e-06
8.586531334881094e-06
8.586691708184437e-06
8.586691708184437e-06
8.586691690184056e-06
8.586691713675793e-06
8.586691707901047e-06
8.586691702822199e-06
8.586691723431222e-06
8.586691699859874e-06
8.586691720575555e-06
8.586691693152393e-06
8.586691721183186e-06
8.58669172672218e-06
8.586691701446655e-06
8.586691709837836e-06
8.58669172573382e-06
8.586691701923946e-06
8.586691724530423e-06
8.586691712158076e-06
8.587293451066909e-06
8.587293451066909e-06
8.587293433168708e-06
8.587293456474713e-06
8.58729345083163e-06
8.587293445872301e-06
8.587293466195166e-06
8.587293442699143e-06
8.58729346348791e-06
8.587293435967281e-06
8.587293463844533e-06
8.587293469620271e-06
8.587293444306192e-06
8.587293452791676e-06
8.58729346858962e-06
8.587293444862516e-06
8.587293467403505e-06
8.587293455219527e-06
8.588002693251056e-06
8.588002693251056e-06
8.58800267549256e-06
8.588002698545326e-06
8.588002693079361e-06
8.588002688283688e-06
8.588002708217038e-06
8.588002684834481e-06
8.58800270570356e-06
8.588002678068902e-06
8.588002705752258e-06
8.588002711823365e-06
8.588002686462103e-06
8.5880026950644e-06
8.588002710740002e-06
8.588002687114416e-06
8.588002709576883e-06
8.58800269762614e-06
8.589143666194516e-06
8.589143666194516e-06
8.589143648717213e-06
8.589143671262077e-06
8.589143666145495e-06
8.58914366168246e-06
8.589143680831722e-06
8.58914365770525e-06
8.589143678685879e-06
8.589143650870914e-06
8.589143678202697e-06
8.589143684799134e-06
8.589143659357326e-06
8.589143668164673e-06
8.589143683622367e-06
8.589143660173647e-06
8.589143682502796e-06
8.589143670959358e-06
8.590570931073923e-06
8.590570931073923e-06
8.590570914107824e-06
8.590570935733699e-06
8.5905709312359e-06
8.590570927384995e-06
8.590570945108519e-06
8.590570922510359e-06
8.590570943580233e-06
8.590570915549087e-06
8.590570942329319e-06
8.590570949724111e-06
8.590570924168697e-06
8.590570933280725e-06
8.590570948406389e-06
8.590570925217229e-06
8.590570947359575e-06
8.590570936415548e-06
8.591983376076264e-06
8.591983376076264e-06
8.591983360125285e-06
8.591983379935734e-06
8.59198337663058e-06
8.591983374011894e-06
8.591983388903147e-06
8.591983367493483e-06
8.591983388488678e-06
8.5919833602758e-06
8.59198338615491e-06
8.591983394787808e-06
8.591983369079498e-06
8.591983378645554e-06
8.591983393254092e-06
8.591983370442809e-06
8.591983392337435e-06
8.591983382271013e-06
8.591901022758343e-06
8.591901022758343e-06
8.591901008802765e-06
8.591901025064282e-06
8.591901024029262e-06
8.591901023866667e-06
8.59190103318868e-06
8.591901014400962e-06
8.591901034732704e-06
8.59190100667039e-06
8.591901031176465e-06
8.591901041530624e-06
8.591901015671015e-06
8.591901025819778e-06
8.591901039703474e-06
8.591901017352963e-06
8.591901039013356e-06
8.5919010300305e-06
8.586569087118643e-06
8.586569087118643e-06
8.586569076886943e-06
8.586569086561816e-06
8.586569089623847e-06
8.586569094109484e-06
8.586569093033573e-06
8.58656907967827e-06
8.586569097797444e-06
8.58656907097374e-06
8.586569093668222e-06
8.586569105891484e-06
8.586569080030865e-06
8.586569090683055e-06
8.58656910376394e-06
8.586569081741534e-06
8.586569103441358e-06
8.586569095271168e-06
8.570403262202344e-06
8.570403262202344e-06
8.570403257548265e-06
8.570403257418807e-06
8.570403266385516e-06
8.570403277939655e-06
8.57040326128345e-06
8.570403256957907e-06
8.570403270148592e-06
8.570403246766893e-06
8.570403267992238e-06
8.570403280789064e-06
8.57040325539323e-06
8.570403265831563e-06
8.570403278621322e-06
8.570403256209055e-06
8.570403278757632e-06
8.570403269800204e-06
8.544641416824812e-06
8.544641416824812e-06
8.544641417014537e-06
8.544641408454527e-06
8.54464142222953e-06
8.544641440069517e-06
8.544641409873344e-06
8.544641414622397e-06
8.544641421304904e-06
8.54464140310224e-06
8.544641424768383e-06
8.54464143499186e-06
8.544641410643216e-06
8.544641419560233e-06
8.544641433354588e-06
8.544641409387683e-06
8.544641433763114e-06
8.544641421356157e-06
8.524934215360134e-06
8.524934215360134e-06
8.524934216301464e-06
8.524934206530956e-06
8.524934220680696e-06
8.524934239666958e-06
8.52493420735913e-06
8.524934214947753e-06
8.524934218033057e-06
8.524934203177093e-06
8.524934226904816e-06
8.524934233162414e-06
8.52493420972368e-06
8.52493421685368e-06
8.524934232263998e-06
8.524934206643713e-06
8.524934232568068e-06
8.524934216414086e-06
8.519210595571954e-06
8.519210595571954e-06
8.519210595302059e-06
8.519210587706179e-06
8.519210600400469e-06
8.519210617931525e-06
8.519210589002028e-06
8.51921059529723e-06
8.519210598246452e-06
8.51921058382889e-06
8.51921060880437e-06
8.519210613274895e-06
8.519210590083872e-06
8.519210596537226e-06
8.519210612691296e-06
8.519210586497341e-06
8.519210612827357e-06
8.519210595347096e-06
8.518967551379789e-06
8.518967551379789e-06
8.518967550618083e-06
8.518967543891054e-06
8.51896755604827e-06
8.518967572963639e-06
8.518967545407463e-06
8.518967550969298e-06
8.518967554239555e-06
8.5189675396303e-06
8.518967564822022e-06
8.518967569085944e-06
8.518967545886951e-06
8.518967552291147e-06
8.51896756853468e-06
8.518967542313218e-06
8.518967568623898e-06
8.518967551072399e-06
8.519055779904646e-06
8.519055779904646e-06
8.51905577906812e-06
8.519055772472255e-06
8.519055784551484e-06
8.519055801371601e-06
8.519055774024323e-06
8.51905577946012e-06
8.519055782805503e-06
8.519055768141423e-06
8.519055793345078e-06
8.519055797614278e-06
8.519055774406673e-06
8.519055780819207e-06
8.519055797061234e-06
8.519055770850036e-06
8.519055797144866e-06
8.519055779615464e-06
8.519258463800392e-06
8.519258463800392e-06
8.519258462806578e-06
8.51925845648649e-06
8.519258468402139e-06
8.51925848502182e-06
8.519258458113765e-06
8.519258463281596e-06
8.51925846679038e-06
8.519258452006264e-06
8.519258477228673e-06
8.519258481517812e-06
8.519258458291144e-06
8.5192584647246e-06
8.519258480959571e-06
8.519258454773199e-06
8.519258481031957e-06
8.51925846355658e-06
8.51952621005785e-06
8.51952621005785e-06
8.519526208840843e-06
8.51952620291215e-06
8.519526214595146e-06
8.51952623093126e-06
8.519526204645764e-06
8.51952620943381e-06
8.519526213174374e-06
8.519526198221364e-06
8.519526223465165e-06
8.51952622778594e-06
8.519526204533684e-06
8.519526210997184e-06
8.519526227220159e-06
8.51952620106966e-06
8.519526227276947e-06
8.5195262098803e-06
8.519925866494577e-06
8.519925866494577e-06
8.519925864892469e-06
8.519925859639694e-06
8.5199258709192e-06
8.519925886768206e-06
8.519925861555598e-06
8.519925865690325e-06
8.519925869828763e-06
8.519925854590005e-06
8.51992587985831e-06
8.519925884239852e-06
8.519925860947921e-06
8.51992586746299e-06
8.519925883661096e-06
8.51992585757317e-06
8.519925883691935e-06
8.519925866434131e-06
8.520409233442189e-06
8.520409233442189e-06
8.520409231220535e-06
8.520409227056596e-06
8.520409237681765e-06
8.520409252752706e-06
8.520409229262668e-06
8.520409232351646e-06
8.520409237124604e-06
8.520409221440947e-06
8.520409246717225e-06
8.520409251211887e-06
8.520409227867674e-06
8.520409234464881e-06
8.520409250612433e-06
8.520409224626768e-06
8.520409250603924e-06
8.520409233576854e-06
8.520803166991624e-06
8.520803166991624e-06
8.520803163742092e-06
8.520803161388502e-06
8.520803170914447e-06
8.520803184708829e-06
8.520803164067995e-06
8.520803165435509e-06
8.520803171246868e-06
8.520803154863205e-06
8.520803180071747e-06
8.52080318479362e-06
8.520803161392378e-06
8.520803168123693e-06
8.5208031841603e-06
8.52080315834834e-06
8.520803184092656e-06
8.520803167467297e-06
8.520428455638977e-06
8.520428455638977e-06
8.520428450710584e-06
8.520428451323583e-06
8.520428459019779e-06
8.52042847076536e-06
8.520428454756176e-06
8.520428453346193e-06
8.520428460817391e-06
8.520428443386735e-06
8.520428468280034e-06
8.52042847347292e-06
8.520428450053603e-06
8.520428456998541e-06
8.520428472785396e-06
8.520428447267471e-06
8.520428472636833e-06
8.520428456715341e-06
8.517349495561201e-06
8.517349495561201e-06
8.517349487963817e-06
8.517349493317424e-06
8.517349498019165e-06
8.517349506597204e-06
8.517349497897167e-06
8.517349492156163e-06
8.51734950217645e-06
8.517349483320204e-06
8.517349507204816e-06
8.517349513394326e-06
8.517349490132513e-06
8.517349497403532e-06
8.517349512623504e-06
8.517349487598537e-06
8.517349512385007e-06
8.517349497701035e-06
8.507098706009354e-06
8.507098706009354e-06
8.507098694608206e-06
8.507098706776327e-06
8.507098707005851e-06
8.507098711283928e-06
8.507098712871112e-06
8.507098701160053e-06
8.507098714598685e-06
8.507098694282368e-06
8.507098715514866e-06
8.507098723717801e-06
8.50709870112614e-06
8.507098708829601e-06
8.507098722835062e-06
8.507098698573786e-06
8.507098722561144e-06
8.507098709924439e-06
8.483113211673414e-06
8.483113211673414e-06
8.483113196375789e-06
8.483113215656536e-06
8.483113210840362e-06
8.483113211201395e-06
8.483113223031082e-06
8.483113205665003e-06
8.483113222117322e-06
8.48311320160464e-06
8.483113217360478e-06
8.48311322897347e-06
8.483113208081078e-06
8.483113216154081e-06
8.483113227991587e-06
8.483113204651407e-06
8.483113227892103e-06
8.483113217996866e-06
8.446799832594531e-06
8.446799832594531e-06
8.446799816488416e-06
8.446799837539559e-06
8.446799830641493e-06
8.446799831275338e-06
8.446799844573247e-06
8.446799827058886e-06
8.446799843050147e-06
8.446799825390126e-06
8.446799833862943e-06
8.44679984918479e-06
8.446799830900516e-06
8.446799838886683e-06
8.446799848216807e-06
8.446799825376958e-06
8.446799848622798e-06
8.446799840731489e-06
8.419565228928934e-06
8.419565228928934e-06
8.419565216251615e-06
8.419565231478112e-06
8.419565227493464e-06
8.41956523317623e-06
8.41956523649105e-06
8.419565225465741e-06
8.419565237201967e-06
8.419565223983842e-06
8.41956522820717e-06
8.419565244956312e-06
8.419565228504577e-06
8.419565235924284e-06
8.419565244126463e-06
8.419565220932233e-06
8.419565245071357e-06
8.419565236884875e-06
8.412916530129859e-06
8.412916530129859e-06
8.412916520467688e-06
8.412916530396901e-06
8.412916529590819e-06
8.412916539066127e-06
8.412916533994257e-06
8.412916528063922e-06
8.412916536706094e-06
8.412916525669344e-06
8.4129165298194e-06
8.41291654603485e-06
8.412916529850189e-06
8.412916536869268e-06
8.412916545305914e-06
8.412916521615792e-06
8.412916546444975e-06
8.412916537143649e-06
8.413334118571705e-06
8.413334118571705e-06
8.41333410963173e-06
8.413334118266036e-06
8.413334118312711e-06
8.413334128600692e-06
8.413334121577867e-06
8.413334116777508e-06
8.413334124774415e-06
8.413334114004806e-06
8.413334118679842e-06
8.41333413450254e-06
8.41333411818276e-06
8.41333412512032e-06
8.41333413379474e-06
8.413334109958542e-06
8.413334134938885e-06
8.413334125243841e-06
8.413597517321697e-06
8.413597517321697e-06
8.413597508416599e-06
8.41359751698465e-06
8.41359751708566e-06
8.413597527399022e-06
8.413597520290413e-06
8.413597515531528e-06
8.413597523511133e-06
8.413597512717537e-06
8.413597517496257e-06
8.413597533261744e-06
8.413597516906676e-06
8.413597523842405e-06
8.41359753255452e-06
8.413597508707341e-06
8.413597533692928e-06
8.413597523960597e-06
     fun: 8.997273780771832e-06
     jac: array([-8.20296009e-09,  7.79778020e-10,  3.89236448e-08,  1.57750719e-08,
        2.25895747e-09, -7.45898205e-08,  2.20815082e-08, -1.34731408e-08,
        1.00017132e-08, -3.51008111e-09,  1.88214699e-07,  3.51747076e-09,
       -5.19823971e-08, -7.29831982e-08,  1.33749154e-08,  7.18227966e-09])
 message: 'Optimization terminated successfully.'
    nfev: 2358
     nit: 131
    njev: 131
  status: 0
 success: True
       x: array([ 0.65960308, -0.54942159, -0.51663902, -0.54369586,  0.3069114 ,
        0.09959873,  0.09549327,  0.00556891,  0.63909909,  0.01082835,
       -0.11747135, -0.55294445, -0.01028449,  0.85502371, -0.80104941,
       -0.59219786])

========================================================

Final result:
0.6596030818566972
-0.5494215919772614
-0.5166390171107571
0.1354858424104404
0.1354858424104404
0.1354858424104404
-0.5436958617492873
0.30691139851660676
0.09959873189205062
0.09549327245803038
0.005568906799056647
0.6390990864333492
0.010828351437965726
0.010828351437965726
-0.11747135287994451
-0.5529444511782899
-0.010284491344820772
-0.010284491344820772
0.8550237102008101
-0.8010494124642589
-0.8010494124642589
-0.592197864912738
0.4056255291625839
