7.6577933428
7.6577933428
7.65779320507
7.6577930789
7.65779331577
7.6577926465
7.65779273147
7.65779257494
7.65779255565
7.65779280892
7.65779228522
7.65779231996
7.65779298925
7.65779216498
7.65779294561
7.65779321592
7.65779363712
7.65779372787
7.65779340289
40081.7300231
8478.89835059
1791.42101992
376.313964147
77.0192945007
14.5529448807
5.26867214053
5.26867214053
5.26867190101
5.26867179225
5.26867209417
5.26867255755
5.26867264305
5.26867237699
5.26867239228
5.26867243159
5.26867210421
5.26867286116
5.26867228491
5.26867200875
5.26867219361
5.26867226622
5.26867242901
5.26867251899
5.26867219968
4935.87470765
1104.81465507
245.653737218
53.0566195566
10.3090384881
3.12827313057
3.12827313057
3.12827312413
3.12827318285
3.12827312902
3.12827396198
3.12827392242
3.12827394448
3.12827403182
3.12827379846
3.12827396935
3.12827454398
3.12827352969
3.12827405034
3.12827349438
3.12827333216
3.12827306144
3.12827298815
3.12827311422
413.680695545
41.0299182474
4.77154606519
3.08888933459
3.08888933459
3.08888926821
3.08888930289
3.08888932145
3.08889023506
3.08889021813
3.08889017595
3.08889024509
3.08888998667
3.08889022372
3.08889067338
3.08888973378
3.08889031302
3.08888972452
3.08888951913
3.08888924287
3.08888916481
3.08888931367
148.043328065
17.1767062952
3.32646197014
2.93952161532
2.93952161532
2.93952160817
2.93952168438
2.93952161386
2.93952257046
2.93952253872
2.93952252967
2.93952261626
2.9395223084
2.93952259798
2.93952301557
2.93952205285
2.93952267329
2.93952206706
2.93952180549
2.93952156008
2.9395215187
2.9395216034
393.47657882
38.9657111824
4.45993886769
2.89060953326
2.89060953326
2.89060951367
2.89060955619
2.89060952947
2.89061047931
2.89061047751
2.89061043581
2.89061046323
2.89061024957
2.89061054683
2.89061102611
2.89060996632
2.89061065383
2.8906099405
2.89060974448
2.89060944096
2.89060937484
2.89060951377
57.4915777211
5.8576199445
2.82167170495
2.82167170495
2.82167169131
2.82167174164
2.82167170236
2.82167264582
2.82167262849
2.82167260829
2.82167263129
2.82167242016
2.82167273206
2.82167317622
2.82167216121
2.82167277507
2.82167217378
2.82167191063
2.82167155871
2.82167152965
2.82167167451
57.3219197503
5.88447263889
2.76937138322
2.76937138322
2.76937136763
2.76937144836
2.7693713803
2.769372308
2.76937225943
2.7693722663
2.76937229445
2.76937205962
2.76937239895
2.76937277702
2.76937178401
2.76937241238
2.76937174869
2.76937158303
2.76937122349
2.76937121466
2.76937135045
37.7154991643
5.56514425237
2.53837939558
2.53837939558
2.53837936136
2.53837943925
2.5383793872
2.53838003092
2.53837993951
2.53838006462
2.53838010134
2.5383798981
2.53838023176
2.5383804112
2.53837970953
2.5383802651
2.53837971416
2.53837953217
2.53837925298
2.53837924661
2.53837936724
70.9203373306
13.3503211741
2.67363137544
1.91820963114
1.91820963114
1.91820970339
1.91820980452
1.91820964471
1.91820968743
1.91820957775
1.91820975711
1.9182097519
1.91820967357
1.91820993302
1.91820966224
1.91820967196
1.91820998541
1.91820971764
1.91820961635
1.91820946261
1.91820941738
1.91820959664
20.1077458412
2.82540689094
1.81450032449
1.81450032449
1.81450043463
1.81450048424
1.81450034504
1.81450018754
1.8145001145
1.8145002939
1.81450029574
1.81450023896
1.81450047001
1.81450008278
1.81450028797
1.8145005041
1.81450033448
1.8145002772
1.81450015675
1.81450012914
1.81450029038
4.18056386503
1.6449054238
1.6449054238
1.64490545291
1.64490548311
1.64490542832
1.64490508243
1.64490507405
1.64490513553
1.64490511929
1.64490517214
1.64490518587
1.6449048653
1.6449052874
1.6449051796
1.6449053018
1.64490536785
1.64490539043
1.64490540342
1.64490541697
11.7418678721
1.87483484315
1.58946135259
1.58946135259
1.58946136329
1.58946137355
1.58946135358
1.58946099345
1.58946100567
1.58946102987
1.58946101029
1.58946108365
1.589461046
1.5894607796
1.58946119294
1.58946102354
1.58946121171
1.58946126778
1.58946135645
1.58946138201
1.58946135349
3.73031449775
1.51500558277
1.51500558277
1.51500553956
1.51500549386
1.51500557449
1.51500540752
1.51500543702
1.51500536723
1.51500534447
1.51500543211
1.51500528973
1.51500528908
1.51500548936
1.51500524703
1.51500547404
1.51500555451
1.51500567965
1.51500571789
1.51500560261
1.50239586381
1.43973584704
1.43973584704
1.43973584341
1.43973583139
1.43973584632
1.43973585991
1.43973587124
1.43973584539
1.43973585052
1.43973585654
1.43973581656
1.43973587806
1.43973585088
1.43973581795
1.43973584237
1.43973585515
1.43973586854
1.4397358632
1.43973585053
1.42616770709
1.42616770709
1.42616770211
1.42616770744
1.42616770576
1.42616775482
1.42616774854
1.42616775555
1.42616775591
1.42616774085
1.42616777431
1.42616777312
1.42616772871
1.42616777128
1.42616773167
1.42616771351
1.42616769653
1.42616770171
1.42616770481
1.41895830867
1.41895830867
1.41895831458
1.4189583187
1.41895830956
1.41895829347
1.41895828851
1.41895829823
1.41895829927
1.41895829847
1.41895830521
1.41895828555
1.41895830291
1.41895831022
1.41895830536
1.41895830391
1.418958299
1.41895829901
1.41895830624
1.50795186987
1.41610774258
1.41610774258
1.41610775158
1.41610775482
1.41610774416
1.41610770576
1.41610770323
1.41610771197
1.41610771288
1.41610771756
1.41610771486
1.41610768995
1.41610772747
1.41610771879
1.4161077294
1.41610773467
1.41610773722
1.41610773107
1.41610774102
1.41203619917
1.41203619917
1.41203619899
1.41203619711
1.41203619905
1.41203619996
1.41203620323
1.41203619746
1.41203619825
1.41203619908
1.4120361932
1.41203619936
1.41203619945
1.41203619321
1.41203619811
1.41203620006
1.41203620266
1.41203620222
1.4120361996
1.41124768524
1.41124768524
1.41124768189
1.41124767989
1.41124768454
1.41124768989
1.41124769082
1.4112476879
1.41124768787
1.41124768888
1.41124768474
1.41124769494
1.411247686
1.41124768296
1.41124768592
1.41124768744
1.41124768888
1.41124769069
1.41124768592
1.41079458951
1.41079458951
1.41079459065
1.41079459235
1.41079458969
1.41079458843
1.41079458564
1.41079459081
1.41079459067
1.41079459032
1.4107945937
1.41079459041
1.41079459017
1.41079459468
1.41079458979
1.41079458867
1.41079458639
1.41079458536
1.41079458883
1.41014337346
1.41014337346
1.41014337397
1.41014337415
1.41014337354
1.41014337426
1.4101433748
1.41014337381
1.4101433736
1.41014337299
1.41014337437
1.41014337123
1.41014337349
1.41014337452
1.4101433742
1.41014337305
1.41014337316
1.41014337316
1.41014337333
1.41006123641
1.41006123641
1.41006123599
1.41006123566
1.4100612363
1.41006123574
1.41006123573
1.41006123594
1.41006123607
1.41006123682
1.41006123521
1.41006123793
1.41006123632
1.41006123495
1.41006123572
1.41006123686
1.41006123695
1.41006123709
1.41006123646
1.40998601017
1.40998601017
1.40998600976
1.40998600961
1.40998601008
1.40998601044
1.40998601031
1.40998601041
1.40998601046
1.40998601062
1.40998601011
1.40998601131
1.40998601027
1.40998601003
1.40998601014
1.40998601035
1.40998601046
1.40998601051
1.4099860102
1.40994088272
1.40994088272
1.40994088303
1.40994088313
1.40994088279
1.40994088255
1.4099408825
1.40994088271
1.40994088264
1.40994088285
1.40994088283
1.40994088312
1.40994088275
1.40994088276
1.40994088262
1.4099408828
1.40994088255
1.40994088258
1.40994088269
1.4099397548
1.4099397548
1.40993975452
1.40993975445
1.40993975475
1.40993975489
1.40993975493
1.40993975476
1.40993975482
1.4099397546
1.40993975475
1.40993975416
1.40993975473
1.40993975483
1.40993975488
1.40993975466
1.40993975485
1.40993975481
1.40993975481
1.4099383221
1.4099383221
1.40993832205
1.40993832204
1.4099383221
1.40993832215
1.40993832215
1.40993832211
1.40993832214
1.40993832209
1.40993832209
1.40993832204
1.4099383221
1.40993832211
1.40993832214
1.40993832208
1.40993832215
1.40993832215
1.40993832211
1.40993698856
1.40993698856
1.40993698861
1.40993698861
1.40993698857
1.40993698856
1.40993698856
1.40993698856
1.40993698853
1.40993698863
1.40993698856
1.40993698876
1.40993698857
1.40993698853
1.40993698852
1.4099369886
1.40993698853
1.40993698854
1.40993698855
1.40993616761
     fun: 1.4099361676112787
     jac: array([  3.22312117e-03,   3.21049988e-03,   9.78633761e-04,
         3.68952751e-05,   2.96443701e-04,   1.84968114e-04,
        -1.97374821e-03,   4.42741811e-03,   3.22744250e-04,
         1.36166364e-02,   7.06762075e-04,  -1.99827552e-03,
        -2.83600390e-03,   2.97315419e-03,  -2.29641795e-03,
        -1.55502558e-03,  -3.32832336e-04])
 message: 'Optimization terminated successfully.'
    nfev: 570
     nit: 28
    njev: 28
  status: 0
 success: True
       x: array([ 0.44154846, -0.4445257 , -0.34983086, -0.44638704,  0.22746763,
        0.38729459, -0.02667102, -0.22274013,  0.39758783,  0.08312494,
        0.56504416, -0.44904417, -0.46749446, -0.5344699 , -0.44628932,
        0.27916425, -0.0716879 ])

========================================================

Final result:
0.441548463379
-0.444525697096
-0.349830860693
0.117602698137
0.117602698137
0.117602698137
-0.446387044304
0.227467629856
0.38729458704
-0.0266710228439
-0.222740126722
0.397587831212
0.0831249437076
0.0831249437076
0.565044162145
-0.449044165744
-0.467494461173
-0.534469896974
0.403162620093
-0.446289320067
0.279164250444
-0.07168789825
0.0796043226242
0.0796043226242
0.0796043226242
