11.9083302353
11.9083302353
11.9083302851
11.9083306831
11.9083310357
11.9083306846
11.9083320036
11.9083312712
11.9083310255
11.9083308619
11.9083302008
11.9083326498
11.9083319006
11.9083305999
11.9083307721
11.9083302975
181916.760793
18187.6225021
1814.73850576
235.094717184
31.7799091827
11.2525673571
11.2525673571
11.2525665215
11.2525667011
11.2525667351
11.252566918
11.2525661886
11.2525667905
11.2525669293
11.2525671229
11.2525669403
11.2525662095
11.2525666464
11.2525673919
11.2525672911
11.2525673553
9279.47407079
925.265363214
93.9240823033
13.7514564401
10.8324294884
10.8324294884
10.832429147
10.8324291343
10.8324290729
10.832429094
10.8324288559
10.8324288372
10.8324288742
10.832429276
10.8324291045
10.8324280527
10.8324281897
10.8324294858
10.8324293966
10.8324294773
7249.55483269
722.036382621
75.9993994037
12.5601397871
10.3100102657
10.3100102657
10.3100100279
10.3100099583
10.3100096698
10.3100099983
10.3100090328
10.3100095471
10.3100097802
10.3100102486
10.3100099976
10.3100086501
10.3100093692
10.3100101549
10.3100100488
10.3100102283
4220.75370235
420.319056016
41.3937214005
10.385831631
10.0970116276
10.0970116276
10.0970113154
10.0970112223
10.0970110352
10.0970112021
10.0970104515
10.0970109368
10.0970110729
10.0970112878
10.0970112991
10.097010152
10.0970105937
10.097011326
10.097011126
10.0970115496
2073.31450026
205.080992157
21.5963484409
9.76367367825
9.76367367825
9.76367351035
9.76367325865
9.7636730303
9.76367321958
9.76367237565
9.7636729035
9.76367309735
9.76367315598
9.76367344294
9.76367198791
9.76367265341
9.76367362851
9.76367355923
9.76367366561
983.535484148
96.7203056622
12.1089350005
9.48253757979
9.48253757979
9.48253734754
9.48253714301
9.48253688906
9.48253716727
9.48253615104
9.48253679862
9.48253694432
9.48253718003
9.48253744206
9.48253594164
9.48253633918
9.48253745317
9.48253742655
9.4825375522
1282.35339698
127.543678421
15.0033348024
9.41485342744
9.41485342744
9.41485313644
9.41485295414
9.41485275019
9.41485300634
9.41485210412
9.41485260798
9.41485281201
9.41485298679
9.41485332394
9.41485162719
9.41485229257
9.41485325937
9.41485324556
9.41485339214
131.19348811
14.3474006589
9.14192658001
9.14192658001
9.14192629173
9.14192613581
9.14192589921
9.1419261647
9.14192521162
9.14192575812
9.14192595421
9.1419261218
9.14192647192
9.1419247587
9.14192540388
9.14192648342
9.14192633315
9.14192656434
34.0016720076
8.38841257473
8.38841257473
8.38841235881
8.38841217944
8.38841198101
8.38841221575
8.38841134435
8.38841186066
8.38841203678
8.38841215608
8.38841247556
8.38841092313
8.38841149737
8.38841242693
8.38841235875
8.38841254536
16.7633536255
8.31234490487
8.31234490487
8.31234475055
8.31234453365
8.31234439209
8.31234459416
8.31234387196
8.31234429498
8.31234444316
8.31234456316
8.31234483064
8.31234350822
8.31234399341
8.31234479013
8.31234470697
8.3123448827
16.8750173762
7.96270036122
7.96270036122
7.96270040203
7.96270038514
7.9627003841
7.96270037006
7.96270040016
7.96270037073
7.9627003646
7.96270036596
7.96270038223
7.96270039464
7.96270038552
7.96270034928
7.96270035728
7.96270036052
9.26017012562
7.99463977572
7.99463977572
7.9946398679
7.99463990829
7.99463994609
7.99463988445
7.99464014707
7.99463997969
7.99463992879
7.99463989051
7.99463981833
7.99464025566
7.99464009146
7.99463980605
7.99463983458
7.9946397793
8.2119965594
8.00345399605
8.00345399605
8.00345406091
8.00345409738
8.00345412582
8.00345407577
8.00345428304
8.00345415569
8.00345411088
8.00345408692
8.00345402562
8.00345436971
8.00345424252
8.00345402143
8.00345404318
8.00345399809
8.01736660913
7.99699578705
7.99699578705
7.99699577925
7.99699578864
7.99699577963
7.99699578215
7.99699579413
7.99699578508
7.99699578093
7.99699579056
7.99699578022
7.99699579796
7.99699579531
7.99699578821
7.99699578922
7.99699578501
7.99259279542
7.99517192812
7.99517192812
7.9951719205
7.99517192802
7.99517191738
7.99517192118
7.99517192776
7.99517192148
7.99517191874
7.99517192882
7.9951719213
7.99517192808
7.99517192932
7.99517192837
7.99517192895
7.99517192549
7.99037959565
7.99289074816
7.99289074816
7.99289074377
7.99289074983
7.99289073816
7.99289074195
7.99289074889
7.99289074179
7.99289073915
7.9928907485
7.9928907428
7.99289074775
7.9928907493
7.99289074774
7.99289074883
7.99289074557
7.99020232942
7.99199943325
7.99199943325
7.99199943026
7.99199943578
7.9919994239
7.99199942764
7.99199943504
7.99199942739
7.99199942461
7.99199943359
7.99199942856
7.99199943358
7.99199943495
7.99199943265
7.99199943397
7.99199943058
7.99168027628
     fun: 8.232239287442965
     jac: array([  3.46688032e-02,   2.48250961e-02,   1.49948597e-02,
         1.13699436e-02,   3.06925774e-02,   8.31770897e-03,
         6.27219677e-03,   6.83438778e-03,   9.71353054e-03,
         1.67839527e-02,   1.22257471e-02,  -1.32322311e-05,
         3.69191170e-03,  -2.74896622e-04])
 message: 'Optimization terminated successfully.'
    nfev: 326
     nit: 18
    njev: 18
  status: 0
 success: True
       x: array([ 0.30730292, -0.60202399,  0.08427015,  0.06164184,  0.04009611,
       -0.14805198, -0.05848615,  0.04880459,  0.48446007,  0.07023101,
        0.04860478, -0.34663811,  0.24075904, -0.25592812])

========================================================

Final result:
0.307302918363
-0.602023987143
0.0842701452337
0.0616418390476
0.0400961094795
0.0400961094795
-0.148051979852
-0.0584861457678
0.0488045919701
0.484460067367
0.0702310067199
0.0702310067199
0.0486047812849
0.0486047812849
-0.495781244185
-0.346638109115
0.240759040041
-0.255928124572
0.120602397882
0.120602397882
0.120602397882
