5.056230024793181e-05
5.056230024793181e-05
5.056229675185759e-05
5.05622950217333e-05
5.056229953581879e-05
5.0562295450338546e-05
5.056229684679755e-05
5.0562293829667514e-05
5.056229377559502e-05
5.056229579475712e-05
5.056229027256885e-05
5.056229141830012e-05
5.056229760405934e-05
5.056228882120429e-05
5.0562295352522084e-05
5.056229904630282e-05
5.056230005245129e-05
5.0562299257366054e-05
5.0562302680526904e-05
5.056230409054259e-05
5.0562300695268836e-05
4.8251531591240424e-05
4.8251531591240424e-05
4.825152813962396e-05
4.8251526434883197e-05
4.825153088868204e-05
4.8251527508025545e-05
4.8251528891286225e-05
4.825152588184137e-05
4.825152584140811e-05
4.825152774493529e-05
4.8251522388946644e-05
4.825152396851358e-05
4.825152946545772e-05
4.825152097544767e-05
4.825152781801592e-05
4.825153069132686e-05
4.825153164298202e-05
4.8251530775034516e-05
4.825153400234694e-05
4.8251535386752e-05
4.825153203551549e-05
4.058188699827371e-05
4.058188699827371e-05
4.058188375873001e-05
4.058188217788018e-05
4.058188634096999e-05
4.058188606281669e-05
4.058188737869063e-05
4.05818844225344e-05
4.058188444513417e-05
4.058188582690324e-05
4.058188122977581e-05
4.058188469876377e-05
4.05818871431889e-05
4.058187999340787e-05
4.058188813515829e-05
4.05818874167455e-05
4.058188812410807e-05
4.0581886947911766e-05
4.058188929916995e-05
4.058189056073828e-05
4.0581887425917795e-05
3.690421712517119e-05
3.690421712517119e-05
3.690421415546563e-05
3.69042127376902e-05
3.6904216524821304e-05
3.69042196896077e-05
3.6904220911141564e-05
3.6904218055095753e-05
3.690421815396536e-05
3.690421892989749e-05
3.690421523224052e-05
3.690422075542794e-05
3.690421976941916e-05
3.690421421441365e-05
3.690422364924497e-05
3.690421898639954e-05
3.6904219413398106e-05
3.6904217921238954e-05
3.690421927092025e-05
3.6904220374928204e-05
3.6904217527730865e-05
3.6106771845434906e-05
3.6106771845434906e-05
3.6106768941858195e-05
3.610676756931205e-05
3.610677125843312e-05
3.6106774776680214e-05
3.6106775966749e-05
3.6106773166613316e-05
3.610677328036549e-05
3.6106773964257256e-05
3.610677042268642e-05
3.610677610946323e-05
3.610677472361273e-05
3.610676945172542e-05
3.610677885440191e-05
3.6106773832343896e-05
3.610677422029408e-05
3.610677272459689e-05
3.610677393873254e-05
3.610677500293711e-05
3.610677223804817e-05
3.143720869271508e-05
3.143720869271508e-05
3.143720608479983e-05
3.143720492671951e-05
3.14372081639657e-05
3.1437212113751027e-05
3.14372131436293e-05
3.143721066692051e-05
3.143721083834662e-05
3.143721124314863e-05
3.1437208248024765e-05
3.14372138704507e-05
3.1437211730805215e-05
3.1437207470683324e-05
3.143721591521564e-05
3.143721070842545e-05
3.143721099156131e-05
3.1437209652261464e-05
3.1437210518008445e-05
3.1437211401654026e-05
3.143720903202061e-05
1.6695899521469696e-05
1.6695899521469696e-05
1.6695898218307023e-05
1.6695898032114812e-05
1.6695899246775705e-05
1.6695902671815355e-05
1.669590295373132e-05
1.669590205931151e-05
1.6695902466789462e-05
1.669590192097462e-05
1.6695901013958862e-05
1.6695904672108675e-05
1.6695901396931104e-05
1.6695901056227084e-05
1.669590356748684e-05
1.6695900541179085e-05
1.6695900510663432e-05
1.669590022114954e-05
1.669590009479026e-05
1.6695900177076077e-05
1.669589960715623e-05
1.4025428799206189e-05
1.4025428799206189e-05
1.4025428000530493e-05
1.4025428205312224e-05
1.4025428620879527e-05
1.4025430333830873e-05
1.4025430301346457e-05
1.4025430114588123e-05
1.4025430602259279e-05
1.4025429864869368e-05
1.4025429559857068e-05
1.4025431417840476e-05
1.4025429071521735e-05
1.4025429895744296e-05
1.4025429077445067e-05
1.4025428741890994e-05
1.402542868451506e-05
1.4025429017954133e-05
1.4025428847586703e-05
1.4025428618512572e-05
1.4025428775856744e-05
1.375331620178423e-05
1.375331620178423e-05
1.375331541814275e-05
1.3753315641886308e-05
1.3753316025350642e-05
1.375331688764971e-05
1.3753316832803712e-05
1.3753316717399543e-05
1.3753317202051799e-05
1.3753316553851754e-05
1.3753316152690069e-05
1.3753317409503532e-05
1.3753315823553672e-05
1.375331648304799e-05
1.3753315045087207e-05
1.3753315752684641e-05
1.375331574678664e-05
1.3753316206266012e-05
1.3753316215445063e-05
1.3753315977849002e-05
1.375331616989307e-05
1.369955314075078e-05
1.369955314075078e-05
1.369955232963424e-05
1.3699552534668952e-05
1.3699552958603904e-05
1.3699553524537866e-05
1.369955348096269e-05
1.3699553350803843e-05
1.369955382905486e-05
1.3699553239718682e-05
1.3699552743218543e-05
1.369955383639173e-05
1.3699552567309477e-05
1.3699553048064878e-05
1.3699551575080801e-05
1.369955258419059e-05
1.3699552608205186e-05
1.3699553076181903e-05
1.369955317710771e-05
1.3699552958896495e-05
1.369955311290911e-05
1.3646972776490815e-05
1.3646972776490815e-05
1.364697195019901e-05
1.3646972143239296e-05
1.36469725911912e-05
1.3646972977614169e-05
1.364697294089514e-05
1.3646972802268117e-05
1.3646973277973656e-05
1.3646972727073261e-05
1.3646972162841698e-05
1.3646973164154798e-05
1.3646972103872321e-05
1.3646972448596872e-05
1.3646971014510581e-05
1.3646972170282852e-05
1.3646972217338083e-05
1.3646972673824898e-05
1.3646972831274062e-05
1.3646972627578512e-05
1.364697275205273e-05
1.3476503050344498e-05
1.3476503050344498e-05
1.3476502217166667e-05
1.3476502398401192e-05
1.3476502863359214e-05
1.3476502867660257e-05
1.3476502833662359e-05
1.347650270343363e-05
1.3476503181445042e-05
1.3476502704078872e-05
1.3476502001674829e-05
1.3476502802494795e-05
1.3476502209691511e-05
1.347650224963733e-05
1.3476500982793805e-05
1.3476502371104397e-05
1.34765024759058e-05
1.3476502875344604e-05
1.3476503137905143e-05
1.3476502960200877e-05
1.3476503031870818e-05
1.3159142122957951e-05
1.3159142122957951e-05
1.3159141340651586e-05
1.3159141540869076e-05
1.315914194564026e-05
1.3159141501687643e-05
1.315914144288733e-05
1.3159141384443977e-05
1.3159141882370955e-05
1.3159141469803602e-05
1.3159140626636338e-05
1.3159141175265145e-05
1.3159141173323642e-05
1.3159140839583252e-05
1.315913992554082e-05
1.315914142413934e-05
1.3159141613726592e-05
1.3159141881123877e-05
1.3159142230459548e-05
1.31591420697079e-05
1.3159142107791714e-05
1.2649282300040552e-05
1.2649282300040552e-05
1.264928169181194e-05
1.2649281981255691e-05
1.2649282156793115e-05
1.2649281336574988e-05
1.2649281194586811e-05
1.2649281334331574e-05
1.2649281887017643e-05
1.264928148069796e-05
1.2649280568532625e-05
1.2649280866101217e-05
1.2649281452903654e-05
1.2649280773444801e-05
1.2649280496546743e-05
1.2649281730092923e-05
1.2649282028213799e-05
1.264928204175297e-05
1.2649282382367183e-05
1.2649282205274721e-05
1.2649282279301486e-05
1.221997736323077e-05
1.221997736323077e-05
1.2219977004046948e-05
1.221997743412425e-05
1.2219977269269782e-05
1.2219976536057392e-05
1.2219976276179239e-05
1.2219976673390908e-05
1.221997729681256e-05
1.2219976783237727e-05
1.2219975995828337e-05
1.2219976263820422e-05
1.2219976919012056e-05
1.2219976249809045e-05
1.2219976574915338e-05
1.2219977083031572e-05
1.221997743824117e-05
1.2219977195887125e-05
1.2219977359073221e-05
1.2219977118433294e-05
1.221997732540712e-05
1.2060410861456398e-05
1.2060410861456398e-05
1.2060410650185925e-05
1.2060411170710347e-05
1.206041079708347e-05
1.2060410460811664e-05
1.206041013188855e-05
1.2060410666912483e-05
1.2060411327605399e-05
1.2060410686605654e-05
1.2060410097160594e-05
1.2060410528412883e-05
1.2060410797813927e-05
1.206041041386733e-05
1.2060410925131667e-05
1.2060410811356002e-05
1.2060411146270668e-05
1.2060410811196536e-05
1.2060410778230988e-05
1.2060410477765595e-05
1.2060410808509162e-05
1.2033567052177974e-05
1.2033567052177974e-05
1.2033566862368272e-05
1.2033567398935777e-05
1.2033566992266338e-05
1.2033566875543178e-05
1.2033566537520073e-05
1.2033567084530504e-05
1.2033567747708465e-05
1.2033567058907304e-05
1.203356655686705e-05
1.203356709515558e-05
1.2033567109791976e-05
1.2033566898596466e-05
1.2033567356088239e-05
1.2033567062505007e-05
1.203356736908348e-05
1.2033567048320816e-05
1.2033566944720091e-05
1.2033566625354902e-05
1.2033566994777304e-05
1.2022413071409052e-05
1.2022413071409052e-05
1.2022412878777084e-05
1.2022413414798706e-05
1.202241301105381e-05
1.202241297678613e-05
1.2022412641215845e-05
1.2022413179894342e-05
1.2022413839790745e-05
1.2022413137912282e-05
1.2022412665488645e-05
1.202241324501637e-05
1.2022413158168384e-05
1.2022413015097093e-05
1.2022413423630882e-05
1.2022413092155502e-05
1.2022413385051523e-05
1.2022413081442273e-05
1.2022412958687785e-05
1.2022412634973629e-05
1.2022413013143892e-05
1.199125204801487e-05
1.199125204801487e-05
1.1991251846035824e-05
1.1991252377231934e-05
1.1991251986101267e-05
1.1991252097020076e-05
1.1991251769850913e-05
1.1991252285258088e-05
1.1991252935079251e-05
1.1991252214304774e-05
1.199125179485551e-05
1.1991252442004933e-05
1.1991252178662976e-05
1.1991252158342647e-05
1.1991252467718902e-05
1.1991252081555173e-05
1.1991252349255594e-05
1.1991252080461923e-05
1.1991251928458053e-05
1.1991251598718551e-05
1.199125198883617e-05
1.1918581360556348e-05
1.1918581360556348e-05
1.191858114318858e-05
1.1918581662945164e-05
1.1918581296228597e-05
1.1918581616647193e-05
1.1918581307314662e-05
1.1918581777540754e-05
1.1918582405000432e-05
1.1918581663734005e-05
1.1918581325909751e-05
1.191858205615496e-05
1.1918581549388432e-05
1.191858171083044e-05
1.1918581868301739e-05
1.1918581408730197e-05
1.1918581639854617e-05
1.1918581423042155e-05
1.191858123423561e-05
1.1918580897720215e-05
1.1918581300974965e-05
1.1737127791574399e-05
1.1737127791574399e-05
1.173712754836065e-05
1.1737128040526308e-05
1.1737127723644103e-05
1.17371283670128e-05
1.173712809853341e-05
1.1737128472253468e-05
1.1737129045966416e-05
1.1737128289524408e-05
1.173712809179985e-05
1.1737128912378757e-05
1.1737128060932714e-05
1.1737128513800577e-05
1.173712842150387e-05
1.1737127855501014e-05
1.1737128030422193e-05
1.1737127895304734e-05
1.1737127661926314e-05
1.1737127319259525e-05
1.1737127733551185e-05
1.135208313059906e-05
1.135208313059906e-05
1.1352082851436377e-05
1.1352083285959922e-05
1.1352083058722136e-05
1.1352084097228814e-05
1.135208391099842e-05
1.135208410190859e-05
1.13520845629704e-05
1.1352083827882399e-05
1.1352083836652571e-05
1.1352084675677327e-05
1.1352083477286045e-05
1.1352084313996674e-05
1.1352083879951051e-05
1.135208319804798e-05
1.1352083304793845e-05
1.1352083272723844e-05
1.1352083014027922e-05
1.1352082674164378e-05
1.1352083079768335e-05
1.0718420504518602e-05
1.0718420504518602e-05
1.0718420191374914e-05
1.0718420529649851e-05
1.0718420431224823e-05
1.0718421731921717e-05
1.0718421678698149e-05
1.0718421591120446e-05
1.0718421863310069e-05
1.0718421239725702e-05
1.0718421470793936e-05
1.071842209878316e-05
1.0718420851341974e-05
1.0718422009127572e-05
1.0718421260759462e-05
1.0718420536231077e-05
1.0718420599082579e-05
1.0718420642942758e-05
1.0718420438411806e-05
1.0718420125547759e-05
1.0718420471340527e-05
1.0110507762546329e-05
1.0110507762546329e-05
1.0110507447525772e-05
1.011050769203757e-05
1.0110507694077811e-05
1.0110508779815502e-05
1.0110508851098385e-05
1.0110508524067995e-05
1.011050861114399e-05
1.0110508186461467e-05
1.011050848893131e-05
1.0110508626715328e-05
1.0110507957149182e-05
1.0110509049453636e-05
1.0110508297963075e-05
1.0110507710297386e-05
1.011050781285489e-05
1.0110507817389826e-05
1.0110507779717287e-05
1.0110507519661013e-05
1.0110507753302877e-05
9.857176552272053e-06
9.857176552272053e-06
9.857176267167841e-06
9.857176483907943e-06
9.857176491291461e-06
9.857177063217994e-06
9.85717716660049e-06
9.857176799437436e-06
9.85717683034362e-06
9.857176551783993e-06
9.857176736052075e-06
9.857176458743897e-06
9.857176556306856e-06
9.857177267413304e-06
9.857176804692818e-06
9.857176428213636e-06
9.857176620996903e-06
9.85717650621085e-06
9.857176627137098e-06
9.857176408244412e-06
9.857176556658534e-06
9.818523009119694e-06
9.818523009119694e-06
9.818522745009138e-06
9.818522974070511e-06
9.818522951633801e-06
9.818523256535851e-06
9.818523340510698e-06
9.818523025430103e-06
9.818523079437966e-06
9.818522833005087e-06
9.818522915899378e-06
9.818522529220254e-06
9.818522938132853e-06
9.818523420759416e-06
9.818523148004376e-06
9.81852286541758e-06
9.818523103858468e-06
9.818522924594886e-06
9.818523095197678e-06
9.818522886311674e-06
9.818523014771245e-06
9.813106649679257e-06
9.813106649679257e-06
9.813106391815756e-06
9.813106628440661e-06
9.81310659302195e-06
9.813106843084878e-06
9.813106916388858e-06
9.813106626232665e-06
9.813106694410301e-06
9.813106447605407e-06
9.813106501461078e-06
9.813106116245966e-06
9.813106568289111e-06
9.813106998566842e-06
9.813106771762603e-06
9.813106505405157e-06
9.813106752275931e-06
9.813106560490353e-06
9.813106735117778e-06
9.81310652639062e-06
9.813106654639609e-06
9.805065100898986e-06
9.805065100898986e-06
9.805064850891039e-06
9.805065095494669e-06
9.805065045376168e-06
9.80506524630273e-06
9.805065308653285e-06
9.805065045229802e-06
9.805065127542567e-06
9.805064881249738e-06
9.805064905731919e-06
9.805064535278693e-06
9.805065012342493e-06
9.805065394986564e-06
9.805065209893351e-06
9.805064957210968e-06
9.805065209998182e-06
9.805065009500231e-06
9.805065186219443e-06
9.805064977665957e-06
9.805065105295124e-06
9.78320893208959e-06
9.78320893208959e-06
9.783208700783746e-06
9.783208958805641e-06
9.783208879591122e-06
9.783208994052463e-06
9.783209038531452e-06
9.783208823260515e-06
9.783208926972171e-06
9.783208689595572e-06
9.783208659432392e-06
9.783208334074304e-06
9.783208833046487e-06
9.783209134151263e-06
9.783209018419395e-06
9.783208789784731e-06
9.783209049078225e-06
9.78320883981763e-06
9.783209020853817e-06
9.783208814218652e-06
9.783208936412079e-06
9.734317817510792e-06
9.734317817510792e-06
9.73431762469245e-06
9.73431790025717e-06
9.734317771817806e-06
9.734317757862507e-06
9.734317780268234e-06
9.734317636317033e-06
9.734317762100243e-06
9.734317557532365e-06
9.734317441065505e-06
9.734317221571082e-06
9.734317706767917e-06
9.734317892993339e-06
9.734317869774404e-06
9.734317677403455e-06
9.734317937665375e-06
9.734317730181892e-06
9.734317920228084e-06
9.734317720470075e-06
9.734317823989808e-06
9.639768646904613e-06
9.639768646904613e-06
9.639768525467253e-06
9.639768817499068e-06
9.639768614759686e-06
9.63976844033675e-06
9.639768445217086e-06
9.639768389333002e-06
9.639768521056598e-06
9.639768400555893e-06
9.639768165380386e-06
9.639768162059061e-06
9.639768529792347e-06
9.63976858628523e-06
9.639768655438707e-06
9.639768509717517e-06
9.639768752245212e-06
9.63976857924689e-06
9.639768786429537e-06
9.639768604144176e-06
9.639768661055694e-06
9.519635895764106e-06
9.519635895764106e-06
9.519635863208602e-06
9.519636154143752e-06
9.519635881731146e-06
9.519635611419759e-06
9.519635625887912e-06
9.519635620397763e-06
9.51963571252455e-06
9.519635728001362e-06
9.51963540039676e-06
9.519635692779857e-06
9.519635791214106e-06
9.519635797691201e-06
9.51963587581854e-06
9.519635760663056e-06
9.519635954951814e-06
9.519635866671476e-06
9.519636095694321e-06
9.519635941514502e-06
9.519635924375209e-06
9.442463442138478e-06
9.442463442138478e-06
9.44246345841104e-06
9.44246372515123e-06
9.442463439407354e-06
9.442463229359599e-06
9.442463283297107e-06
9.442463241029443e-06
9.44246326015308e-06
9.442463384629213e-06
9.442463066468719e-06
9.442463550365746e-06
9.442463366801933e-06
9.442463467046412e-06
9.442463434783178e-06
9.44246330653589e-06
9.442463445844364e-06
9.442463449591609e-06
9.442463690953627e-06
9.442463559146727e-06
9.44246348399957e-06
9.422379455305909e-06
9.422379455305909e-06
9.422379466572597e-06
9.422379712241363e-06
9.422379452758711e-06
9.422379348534497e-06
9.422379432423688e-06
9.422379329950313e-06
9.422379305501873e-06
9.422379453198657e-06
9.42237919382068e-06
9.422379687265106e-06
9.42237939916581e-06
9.422379610079403e-06
9.422379474687407e-06
9.422379318179621e-06
9.422379434807888e-06
9.422379474343444e-06
9.42237971447693e-06
9.422379587294017e-06
9.422379501030762e-06
9.418933954049484e-06
9.418933954049484e-06
9.41893395400469e-06
9.418934193016032e-06
9.418933949574501e-06
9.418933888777393e-06
9.418933981042275e-06
9.41893385424865e-06
9.418933820262047e-06
9.418933960809051e-06
9.418933729896016e-06
9.418934194378034e-06
9.41893390259454e-06
9.418934153472411e-06
9.418933984909732e-06
9.418933816307077e-06
9.418933931070382e-06
9.41893397260147e-06
9.418934209513108e-06
9.418934080745347e-06
9.418933999329804e-06
9.415786297939303e-06
9.415786297939303e-06
9.415786288503478e-06
9.415786523404342e-06
9.415786291768702e-06
9.415786258754119e-06
9.415786355625167e-06
9.415786213267203e-06
9.41578617465363e-06
9.41578630751377e-06
9.41578609588282e-06
9.415786534910922e-06
9.415786248871364e-06
9.415786524136026e-06
9.415786336316679e-06
9.415786159925828e-06
9.415786275078787e-06
9.415786315163515e-06
9.415786548763533e-06
9.415786418258971e-06
9.4157863423805e-06
9.406315670774977e-06
9.406315670774977e-06
9.40631564227233e-06
9.406315868769982e-06
9.406315661121512e-06
9.406315680139365e-06
9.406315785527028e-06
9.406315613773175e-06
9.406315566311883e-06
9.406315684607059e-06
9.406315509983097e-06
9.406315898444392e-06
9.406315626098482e-06
9.40631594644755e-06
9.40631572349199e-06
9.406315532649196e-06
9.406315649235974e-06
9.406315685333129e-06
9.406315910284526e-06
9.406315776259041e-06
9.406315713052185e-06
9.383697725863903e-06
9.383697725863903e-06
9.383697667442257e-06
9.383697879641283e-06
9.3836977107028e-06
9.383697805351511e-06
9.383697923469517e-06
9.383697708315762e-06
9.383697646198923e-06
9.383697745579733e-06
9.383697626289417e-06
9.38369793929335e-06
9.38369768788622e-06
9.383698073161843e-06
9.383697799992893e-06
9.383697588563388e-06
9.383697707796235e-06
9.383697736943404e-06
9.383697943636884e-06
9.383697804394101e-06
9.383697763839985e-06
9.325950086443717e-06
9.325950086443717e-06
9.325949976854784e-06
9.325950161565963e-06
9.325950061774382e-06
9.325950272218717e-06
9.325950410931917e-06
9.325950127555052e-06
9.325950037872178e-06
9.325950115029488e-06
9.325950084330682e-06
9.325950278203806e-06
9.325950059707356e-06
9.32595054302655e-06
9.325950194824403e-06
9.32594995301667e-06
9.32595007742257e-06
9.32595009349969e-06
9.325950257355542e-06
9.32595011005805e-06
9.325950114881771e-06
9.194532180200578e-06
9.194532180200578e-06
9.194531992015965e-06
9.194532127420283e-06
9.194532140725589e-06
9.194532498246693e-06
9.194532665978566e-06
9.194532291427727e-06
9.194532153484495e-06
9.19453221987627e-06
9.19453231161066e-06
9.194532345311455e-06
9.194532170309134e-06
9.194532774658094e-06
9.194532335829408e-06
9.194532058398938e-06
9.194532192149686e-06
9.194532185569175e-06
9.194532256818071e-06
9.194532099235355e-06
9.194532188967918e-06
8.94253167536072e-06
8.94253167536072e-06
8.942531388745184e-06
8.942531446974093e-06
8.942531616910653e-06
8.942532092053749e-06
8.942532290436673e-06
8.942531831215357e-06
8.94253161998716e-06
8.942531723468078e-06
8.942531939146841e-06
8.94253182148873e-06
8.942531685668162e-06
8.942532377477516e-06
8.94253187854157e-06
8.942531580448666e-06
8.94253172891109e-06
8.942531688390516e-06
8.94253158538975e-06
8.942531419613833e-06
8.942531648586063e-06
8.618807137240439e-06
8.618807137240439e-06
8.618806789379896e-06
8.61880676887713e-06
8.618807066126226e-06
8.618807482539478e-06
8.618807688605953e-06
8.618807235343117e-06
8.618806953074834e-06
8.618807179735264e-06
8.618807414537266e-06
8.618807299872513e-06
8.618807158337726e-06
8.618807777122124e-06
8.61880734692264e-06
8.618807083585454e-06
8.618807247168253e-06
8.618807174479922e-06
8.61880684709197e-06
8.618806685849822e-06
8.618807066647309e-06
8.40983886987594e-06
8.40983886987594e-06
8.409838556878068e-06
8.409838512863685e-06
8.409838804069442e-06
8.409838961455085e-06
8.409839137700134e-06
8.409838811337718e-06
8.409838513148657e-06
8.409838891393675e-06
8.409838987136685e-06
8.40983908547911e-06
8.409838880881657e-06
8.409839257990818e-06
8.409839024567437e-06
8.409838847265921e-06
8.409839015486168e-06
8.409838936558197e-06
8.409838478963297e-06
8.409838337084143e-06
8.409838775954e-06
8.356800288502452e-06
8.356800288502452e-06
8.356800041366036e-06
8.356800020131726e-06
8.35680023460237e-06
8.356800191701008e-06
8.356800336474497e-06
8.356800121473135e-06
8.356799848978e-06
8.356800294140198e-06
8.356800254435993e-06
8.356800541945069e-06
8.356800284335617e-06
8.356800483839363e-06
8.35680038984792e-06
8.356800270864863e-06
8.356800434779977e-06
8.35680036825258e-06
8.356799918432383e-06
8.356799792280936e-06
8.356800198001206e-06
8.348914649412075e-06
8.348914649412075e-06
8.34891443016702e-06
8.348914425131229e-06
8.348914600749345e-06
8.348914503004589e-06
8.348914636674558e-06
8.348914456019922e-06
8.348914200272684e-06
8.348914650611644e-06
8.348914567456296e-06
8.34891491169225e-06
8.348914639208978e-06
8.34891479119868e-06
8.348914733217597e-06
8.348914628585538e-06
8.348914789352925e-06
8.348914730489898e-06
8.348914308815477e-06
8.3489141881983e-06
8.348914565014534e-06
8.34234090092763e-06
8.34234090092763e-06
8.3423406989403e-06
8.34234070521146e-06
8.342340855562007e-06
8.3423407325105e-06
8.342340859438601e-06
8.342340697069363e-06
8.342340453494561e-06
8.34234089978512e-06
8.34234079477575e-06
8.342341165548305e-06
8.34234088708059e-06
8.34234101587043e-06
8.34234097506049e-06
8.342340876995695e-06
8.342341035477789e-06
8.342340981914195e-06
8.342340582700383e-06
8.342340466679054e-06
8.342340821257276e-06
8.32207204885613e-06
8.32207204885613e-06
8.322071882237454e-06
8.322071911981038e-06
8.322072010312729e-06
8.322071845208293e-06
8.322071957477362e-06
8.322071830602175e-06
8.322071614266725e-06
8.322072042882784e-06
8.322071900791528e-06
8.32207231267198e-06
8.322072027604007e-06
8.322072112477632e-06
8.322072103979887e-06
8.322072018027473e-06
8.32207217152545e-06
8.322072129192245e-06
8.322071777682736e-06
8.322071675298835e-06
8.322071979204063e-06
8.276982452042988e-06
8.276982452042988e-06
8.276982338995799e-06
8.276982404015791e-06
8.276982423947986e-06
8.276982212470347e-06
8.276982300362657e-06
8.276982224721422e-06
8.276982053857709e-06
8.276982438357964e-06
8.276982255084194e-06
8.276982703330838e-06
8.276982419657727e-06
8.276982442053583e-06
8.276982479447258e-06
8.27698241035065e-06
8.276982555824854e-06
8.276982530973667e-06
8.276982251859536e-06
8.276982179581823e-06
8.276982397628802e-06
8.181535848135095e-06
8.181535848135095e-06
8.181535813983851e-06
8.181535930095013e-06
8.181535835669721e-06
8.181535592335472e-06
8.181535639514404e-06
8.181535634354157e-06
8.181535539384117e-06
8.181535822144971e-06
8.18153561022205e-06
8.18153605668825e-06
8.181535799518734e-06
8.181535737587046e-06
8.181535836848835e-06
8.181535789743373e-06
8.181535922417807e-06
8.181535924248644e-06
8.181535751083342e-06
8.181535743717525e-06
8.181535816118308e-06
8.044148089732898e-06
8.044148089732898e-06
8.04414812689622e-06
8.044148287489272e-06
8.044148091851705e-06
8.044147888512803e-06
8.044147889733533e-06
8.044147939001064e-06
8.044147929514253e-06
8.044148050800074e-06
8.044147873529795e-06
8.044148213675267e-06
8.044148026754001e-06
8.044147902909073e-06
8.044148047472947e-06
8.044148014964063e-06
8.044148134207742e-06
8.04414816192185e-06
8.04414808303846e-06
8.044148173371535e-06
8.044148077838487e-06
7.935850239553379e-06
7.935850239553379e-06
7.935850283105277e-06
7.935850444636989e-06
7.935850243789719e-06
7.935850166384298e-06
7.935850147168205e-06
7.935850184865449e-06
7.935850213095911e-06
7.93585019621569e-06
7.935850129795473e-06
7.935850274079526e-06
7.9358501758365e-06
7.935850071869522e-06
7.935850201632615e-06
7.935850161035733e-06
7.935850275748928e-06
7.935850308943666e-06
7.935850235849788e-06
7.935850404400415e-06
7.935850229242225e-06
7.901637550948139e-06
7.901637550948139e-06
7.901637551312383e-06
7.901637682768007e-06
7.90163754718259e-06
7.901637570984715e-06
7.901637562837486e-06
7.901637550779988e-06
7.901637558102133e-06
7.90163751211701e-06
7.901637535215698e-06
7.901637552774494e-06
7.901637496491232e-06
7.901637456093978e-06
7.901637539088192e-06
7.901637479996073e-06
7.901637599404858e-06
7.901637620203413e-06
7.901637487334372e-06
7.901637667969407e-06
7.901637528236628e-06
7.897909312269366e-06
7.897909312269366e-06
7.897909288480029e-06
7.8979094038812e-06
7.897909303818798e-06
7.897909352798032e-06
7.897909354995202e-06
7.897909319412939e-06
7.897909307374249e-06
7.897909276787943e-06
7.897909322331999e-06
7.897909316777694e-06
7.897909262850052e-06
7.897909251497166e-06
7.897909313171293e-06
7.897909246116816e-06
7.897909368973256e-06
7.897909382072602e-06
7.897909216518956e-06
7.8979093861095e-06
7.89790928269352e-06
7.897624371484579e-06
7.897624371484579e-06
7.8976243430397e-06
7.897624455417221e-06
7.897624362104585e-06
7.897624412250369e-06
7.897624416883815e-06
7.897624377363972e-06
7.897624360757628e-06
7.897624336741127e-06
7.89762438343574e-06
7.897624378911198e-06
7.897624323019312e-06
7.897624316527992e-06
7.89762437465045e-06
7.897624306302451e-06
7.897624429880326e-06
7.897624441460415e-06
7.897624269771218e-06
7.897624435190483e-06
7.897624340611433e-06
7.897146234117276e-06
7.897146234117276e-06
7.897146200893696e-06
7.897146310146088e-06
7.897146223773243e-06
7.897146274223718e-06
7.897146281374345e-06
7.897146238143744e-06
7.897146216775013e-06
7.89714620014365e-06
7.897146247379996e-06
7.89714624500261e-06
7.897146186626446e-06
7.89714618500141e-06
7.897146239593598e-06
7.897146169898995e-06
7.897146294151263e-06
7.89714630427396e-06
7.897146126482487e-06
7.897146287218047e-06
7.897146201954156e-06
7.895723270715663e-06
7.895723270715663e-06
7.895723229106636e-06
7.895723332770887e-06
7.89572325866627e-06
7.89572330920461e-06
7.895723320561978e-06
7.89572327143506e-06
7.895723241982337e-06
7.895723238074996e-06
7.895723286255153e-06
7.89572328761688e-06
7.895723224930593e-06
7.895723231914559e-06
7.89572328032188e-06
7.895723208068405e-06
7.895723333278277e-06
7.895723341161274e-06
7.895723153135396e-06
7.895723305673788e-06
7.895723236395196e-06
7.891992162581757e-06
7.891992162581757e-06
7.891992107579012e-06
7.891992202047544e-06
7.891992147776937e-06
7.891992197745327e-06
7.891992215245925e-06
7.891992158176427e-06
7.891992116588213e-06
7.891992132015063e-06
7.891992182038376e-06
7.891992188691476e-06
7.891992119512752e-06
7.891992140504682e-06
7.89199217899568e-06
7.891992102137416e-06
7.891992228304554e-06
7.891992233410022e-06
7.891992030206206e-06
7.891992169932017e-06
7.891992125078861e-06
7.882214915944758e-06
7.882214915944758e-06
7.882214838939709e-06
7.882214917617052e-06
7.882214896534673e-06
7.882214943854894e-06
7.882214969985308e-06
7.882214903576329e-06
7.88221484402973e-06
7.882214888644297e-06
7.882214942611493e-06
7.882214956119751e-06
7.882214877316847e-06
7.882214921986495e-06
7.882214944079452e-06
7.88221485834579e-06
7.882214984640543e-06
7.88221498720095e-06
7.882214762009408e-06
7.882214881437256e-06
7.88221487387793e-06
7.858558744468214e-06
7.858558744468214e-06
7.858558633791442e-06
7.858558686628685e-06
7.858558717818511e-06
7.858558756932407e-06
7.85855879271079e-06
7.858558721032434e-06
7.858558638818322e-06
7.858558721823717e-06
7.858558784069339e-06
7.858558803574561e-06
7.85855871258712e-06
7.858558795120513e-06
7.858558791849968e-06
7.858558689341789e-06
7.858558812313819e-06
7.858558815889585e-06
7.85855856421968e-06
7.85855865441246e-06
7.858558697033161e-06
7.808564854584473e-06
7.808564854584473e-06
7.808564700457714e-06
7.808564716018617e-06
7.808564818143757e-06
7.8085648369428e-06
7.808564876843665e-06
7.808564819487295e-06
7.8085647192945e-06
7.80856483714722e-06
7.808564915327025e-06
7.808564932049481e-06
7.808564831294624e-06
7.80856496650672e-06
7.808564929871111e-06
7.808564798245623e-06
7.808564908693405e-06
7.808564925070296e-06
7.808564656022676e-06
7.808564712759211e-06
7.808564804006323e-06
7.730909991269208e-06
7.730909991269208e-06
7.730909805369249e-06
7.730909784919813e-06
7.730909946673108e-06
7.730909929039364e-06
7.730909953497112e-06
7.730909953450515e-06
7.730909865102583e-06
7.730909975866549e-06
7.730910077342942e-06
7.730910068704094e-06
7.730909974010378e-06
7.730910156230888e-06
7.730910093770327e-06
7.730909924285161e-06
7.7309100073064e-06
7.730910058518531e-06
7.730909814003604e-06
7.730909855712974e-06
7.730909946785e-06
7.66303667660523e-06
7.66303667660523e-06
7.663036504598617e-06
7.66303647849192e-06
7.66303663314717e-06
7.663036578798991e-06
7.6630365650093e-06
7.663036654128962e-06
7.663036621547824e-06
7.663036655993044e-06
7.663036775678837e-06
7.663036721250353e-06
7.663036656102234e-06
7.663036838496913e-06
7.663036783820192e-06
7.66303659048582e-06
7.663036640940649e-06
7.663036739035345e-06
7.663036574632568e-06
7.663036645878236e-06
7.663036649926408e-06
7.638179408632865e-06
7.638179408632865e-06
7.638179277877436e-06
7.638179274199881e-06
7.638179373014167e-06
7.638179306329376e-06
7.638179261663998e-06
7.638179405701626e-06
7.638179426736832e-06
7.638179380495587e-06
7.638179502080651e-06
7.63817941619607e-06
7.638179379621871e-06
7.638179524503599e-06
7.638179499337769e-06
7.638179309413682e-06
7.638179345017643e-06
7.638179468191798e-06
7.638179374810175e-06
7.638179491486943e-06
7.638179397221888e-06
7.634802654666294e-06
7.634802654666294e-06
7.634802544712428e-06
7.634802555817285e-06
7.63480262340898e-06
7.63480255930466e-06
7.63480250666368e-06
7.634802659196909e-06
7.63480269701641e-06
7.634802623470382e-06
7.63480274123497e-06
7.634802649067553e-06
7.634802621479853e-06
7.634802744028429e-06
7.63480273427118e-06
7.63480255285908e-06
7.63480258844913e-06
7.634802713804947e-06
7.634802641005656e-06
7.63480277662258e-06
7.634802647519472e-06
7.634146824419535e-06
7.634146824419535e-06
7.634146719671994e-06
7.634146734939962e-06
7.634146794325495e-06
7.634146732353881e-06
7.63414667908171e-06
7.634146830380777e-06
7.634146870595423e-06
7.634146792598464e-06
7.634146908563814e-06
7.634146816523659e-06
7.63414679022297e-06
7.634146906661564e-06
7.634146900781033e-06
7.634146722690243e-06
7.634146759568973e-06
7.634146883609474e-06
7.63414681333707e-06
7.634146952873168e-06
7.634146817745055e-06
7.632515561421182e-06
7.632515561421182e-06
7.632515464485576e-06
7.63251548582365e-06
7.632515533100827e-06
7.632515474770127e-06
7.632515421164734e-06
7.632515569316607e-06
7.63251561240189e-06
7.632515528744547e-06
7.632515641668977e-06
7.632515550531334e-06
7.632515525758876e-06
7.632515633020147e-06
7.63251563278711e-06
7.63251546014352e-06
7.632515499413863e-06
7.632515620690907e-06
7.632515553300356e-06
7.632515698089623e-06
7.632515555241621e-06
7.628317716096023e-06
7.628317716096023e-06
7.628317631438902e-06
7.628317661444675e-06
7.628317690578868e-06
7.628317637900395e-06
7.628317584273472e-06
7.628317726827616e-06
7.6283177740014855e-06
7.628317682178722e-06
7.628317790116037e-06
7.6283177008790615e-06
7.62831767823553e-06
7.62831777148935e-06
7.628317779656584e-06
7.6283176158177836e-06
7.628317658988609e-06
7.628317775365579e-06
7.628317712273091e-06
7.628317864317095e-06
7.6283177106212635e-06
7.617032792029407e-06
7.617032792029407e-06
7.617032728565764e-06
7.617032771230808e-06
7.617032771374383e-06
7.617032727957527e-06
7.617032675269889e-06
7.617032807234942e-06
7.617032860782234e-06
7.617032756203395e-06
7.617032855188582e-06
7.6170327700867634e-06
7.617032750633835e-06
7.617032820873149e-06
7.617032842334171e-06
7.617032694052121e-06
7.617032744036532e-06
7.6170328509484664e-06
7.617032795249436e-06
7.617032957461988e-06
7.617032787713444e-06
7.5887658089580685e-06
7.5887658089580685e-06
7.588765780755678e-06
7.5887658389500474e-06
7.588765796445263e-06
7.58876576717429e-06
7.588765718312312e-06
7.58876583062222e-06
7.588765893234604e-06
7.588765770505831e-06
7.58876585381859e-06
7.5887657775499945e-06
7.588765762299288e-06
7.588765797058759e-06
7.588765837752841e-06
7.588765716147425e-06
7.588765777591198e-06
7.58876586644748e-06
7.588765823130317e-06
7.588765996672802e-06
7.588765806463926e-06
7.523359025580772e-06
7.523359025580772e-06
7.523359052794178e-06
7.523359122699295e-06
7.523359025983982e-06
7.5233590160279955e-06
7.52335897834969e-06
7.523359055141899e-06
7.5233591284953015e-06
7.523358984259559e-06
7.5233590411679105e-06
7.523358983238892e-06
7.523358972068554e-06
7.523358957521053e-06
7.523359021828441e-06
7.523358943948266e-06
7.52335902366325e-06
7.523359078879891e-06
7.523359055241503e-06
7.5233592337838185e-06
7.523359025714121e-06
7.399811378565834e-06
7.399811378565834e-06
7.3998114750445625e-06
7.3998115327122105e-06
7.399811395366753e-06
7.39981140337585e-06
7.399811390619226e-06
7.399811413228635e-06
7.3998114925910855e-06
7.3998113363223125e-06
7.399811356472981e-06
7.399811330899118e-06
7.399811319490296e-06
7.3998112569706625e-06
7.39981133680094e-06
7.399811317374011e-06
7.399811420469686e-06
7.3998114225125456e-06
7.399811423942452e-06
7.399811581624423e-06
7.3998113814858746e-06
7.245005574111235e-06
7.245005574111235e-06
7.245005713713021e-06
7.245005712210513e-06
7.245005601607785e-06
7.2450056089547155e-06
7.245005632703626e-06
7.245005602802189e-06
7.245005671678609e-06
7.2450055364035695e-06
7.245005526465157e-06
7.245005539129633e-06
7.245005517334383e-06
7.2450054511399735e-06
7.245005513810485e-06
7.245005538047221e-06
7.24500565672514e-06
7.245005604341615e-06
7.245005622281079e-06
7.245005714968211e-06
7.245005577811511e-06
7.150289563212113e-06
7.150289563212113e-06
7.150289680847988e-06
7.150289602220212e-06
7.150289586273735e-06
7.150289569312263e-06
7.1502896181404705e-06
7.1502895759091475e-06
7.150289620520041e-06
7.150289533827939e-06
7.150289524219428e-06
7.150289555061784e-06
7.150289517257867e-06
7.1502895074225e-06
7.150289523045281e-06
7.150289540143039e-06
7.150289652992605e-06
7.1502895840035485e-06
7.150289595405943e-06
7.1502896129740675e-06
7.150289564527042e-06
7.129787603287784e-06
7.129787603287784e-06
7.129787681045514e-06
7.12978756755228e-06
7.129787617305204e-06
7.129787580379648e-06
7.129787631924293e-06
7.129787605607777e-06
7.129787635183707e-06
7.129787578591797e-06
7.129787584275091e-06
7.129787611212197e-06
7.129787565229374e-06
7.1297876042823434e-06
7.129787589216732e-06
7.129787578509415e-06
7.129787678674792e-06
7.129787623044116e-06
7.12978762073522e-06
7.1297876080060265e-06
7.129787602218969e-06
7.129142096702784e-06
7.129142096702784e-06
7.12914216094878e-06
7.129142044361228e-06
7.1291421075739966e-06
7.1291420658959005e-06
7.129142114811007e-06
7.129142097051999e-06
7.129142123933044e-06
7.129142072733106e-06
7.129142084805768e-06
7.129142107368415e-06
7.129142060351358e-06
7.129142111520416e-06
7.129142090636744e-06
7.129142069229698e-06
7.129142164880017e-06
7.129142117441927e-06
7.129142110324821e-06
7.129142096106674e-06
7.129142094985247e-06
7.129279151491106e-06
7.129279151491106e-06
7.129279214041345e-06
7.129279098157686e-06
7.12927916195783e-06
7.129279119944284e-06
7.129279168084788e-06
7.129279151784325e-06
7.129279178620008e-06
7.129279127506932e-06
7.129279140521243e-06
7.1292791621628125e-06
7.129279115239587e-06
7.129279167351203e-06
7.12927914635912e-06
7.129279123394757e-06
7.1292792184024045e-06
7.129279172518912e-06
7.129279164767145e-06
7.1292791514397295e-06
7.12927914970929e-06
7.1293890804703736e-06
7.1293890804703736e-06
7.129389140895322e-06
7.1293890262006355e-06
7.129389090428837e-06
7.129389048089289e-06
7.129389095134374e-06
7.1293890807419755e-06
7.129389107585068e-06
7.129389056443842e-06
7.129389070650534e-06
7.129389091056961e-06
7.129389044328231e-06
7.1293890974102575e-06
7.129389076568958e-06
7.129389051466137e-06
7.129389145533233e-06
7.129389101902329e-06
7.1293890933210645e-06
7.1293890813616445e-06
7.1293890786063395e-06
7.129310375851456e-06
7.129310375851456e-06
7.12931043290711e-06
7.129310320231264e-06
7.129310385006903e-06
7.129310342241354e-06
7.1293103874960184e-06
7.129310376097757e-06
7.129310402938175e-06
7.1293103517601405e-06
7.1293103677988974e-06
7.129310386267824e-06
7.129310339914106e-06
7.129310394328381e-06
7.129310374114709e-06
7.129310345242837e-06
7.129310437492213e-06
7.129310397933001e-06
7.129310387962276e-06
7.129310378161158e-06
7.1293103738410875e-06
7.128516825564699e-06
7.128516825564699e-06
7.128516877303492e-06
7.128516768043224e-06
7.128516833461211e-06
7.12851679023213e-06
7.12851683256965e-06
7.1285168257734884e-06
7.128516852539644e-06
7.128516801388995e-06
7.1285168201512285e-06
7.128516835657582e-06
7.128516790045152e-06
7.128516846086756e-06
7.128516827809873e-06
7.128516792024814e-06
7.128516880561074e-06
7.128516848676233e-06
7.128516836322417e-06
7.1285168297810215e-06
7.128516823279931e-06
7.125578079921604e-06
7.125578079921604e-06
7.125578123578119e-06
7.125578020090734e-06
7.1255780859261035e-06
7.125578042533313e-06
7.1255780802042545e-06
7.1255780800763195e-06
7.12557810654101e-06
7.125578055666113e-06
7.125578078128275e-06
7.125578089385603e-06
7.1255780452862996e-06
7.125578102571485e-06
7.125578089697877e-06
7.1255780408888315e-06
7.125578121577173e-06
7.1255781046084485e-06
7.125578088135735e-06
7.12557808614779e-06
7.125578077105897e-06
7.11712403697134e-06
7.11712403697134e-06
7.117124069550816e-06
7.117123975489737e-06
7.11712404043961e-06
7.117123998235009e-06
7.117124028904295e-06
7.117124037059324e-06
7.117124062616801e-06
7.117124012733435e-06
7.117124039117408e-06
7.117124045216589e-06
7.117124004198596e-06
7.117124059978148e-06
7.117124060925527e-06
7.117123987706551e-06
7.117124051888677e-06
7.11712406384123e-06
7.117124040430075e-06
7.117124043629469e-06
7.117124033131245e-06
7.097404632109445e-06
7.097404632109445e-06
7.097404653541801e-06
7.097404572947717e-06
7.0974046331748464e-06
7.0974045958802534e-06
7.097404617909104e-06
7.097404632150146e-06
7.097404655494297e-06
7.097404608222886e-06
7.097404635534922e-06
7.097404638191477e-06
7.097404602920438e-06
7.097404648751023e-06
7.097404680455966e-06
7.097404565450884e-06
7.0974045979197936e-06
7.097404661237782e-06
7.097404627451343e-06
7.097404633099195e-06
7.0974046264598775e-06
7.064157738735025e-06
7.064157738735025e-06
7.064157758933435e-06
7.064157691186501e-06
7.06415773996069e-06
7.064157713805681e-06
7.064157730326124e-06
7.064157738828412e-06
7.064157758215253e-06
7.06415771583876e-06
7.0641577346490105e-06
7.064157741908203e-06
7.0641577148157975e-06
7.064157735499764e-06
7.064157818631861e-06
7.0641576499320844e-06
7.064157635845092e-06
7.064157768285827e-06
7.064157723688982e-06
7.064157721697687e-06
7.064157730667615e-06
7.031826050991193e-06
7.031826050991193e-06
7.031826088738606e-06
7.031826022675276e-06
7.031826056858749e-06
7.031826044327841e-06
7.031826065271686e-06
7.031826051278051e-06
7.031826066663208e-06
7.031826029458359e-06
7.031826029479725e-06
7.031826052196075e-06
7.031826031244123e-06
7.0318260191603075e-06
7.031826150564862e-06
7.031825948876208e-06
7.0318258980410784e-06
7.0318260773279405e-06
7.031826029626325e-06
7.031826007833346e-06
7.03182604131027e-06
7.017482752318632e-06
7.017482752318632e-06
7.017482811092996e-06
7.0174827365478814e-06
7.017482763354064e-06
7.017482757353214e-06
7.017482787795854e-06
7.017482752787172e-06
7.017482766801805e-06
7.017482731538879e-06
7.017482717019598e-06
7.017482753640822e-06
7.017482733056693e-06
7.017482703976749e-06
7.017482848709172e-06
7.017482653017849e-06
7.017482598047639e-06
7.0174827746359326e-06
7.017482732193075e-06
7.017482693976933e-06
7.017482742764107e-06
7.014854926674429e-06
7.014854926674429e-06
7.014854993232061e-06
7.014854913169839e-06
7.014854939533706e-06
7.014854933734799e-06
7.014854968631434e-06
7.014854927203473e-06
7.014854941475708e-06
7.014854905972722e-06
7.0148548878992296e-06
7.014854928611218e-06
7.014854906558189e-06
7.014854876277203e-06
7.014855015709195e-06
7.014854832761513e-06
7.014854785430239e-06
7.014854947453682e-06
7.014854909053138e-06
7.014854866398013e-06
7.014854917646001e-06
7.014388736547197e-06
7.014388736547197e-06
7.014388804553842e-06
7.014388722921991e-06
7.0143887497258715e-06
7.014388743462453e-06
7.014388779385933e-06
7.014388737091826e-06
7.014388751573173e-06
7.014388715812539e-06
7.014388697523673e-06
7.014388738742178e-06
7.014388716021072e-06
7.01438868673934e-06
7.014388822652819e-06
7.0143886447525846e-06
7.014388601107963e-06
7.014388757013261e-06
7.0143887199230935e-06
7.0143886767985455e-06
7.014388727742515e-06
7.013407815049841e-06
7.013407815049841e-06
7.0134078848906635e-06
7.0134078010203824e-06
7.013407828623957e-06
7.013407821548794e-06
7.0134078588198194e-06
7.013407815631915e-06
7.013407830416809e-06
7.0134077942469615e-06
7.013407775970578e-06
7.013407817674342e-06
7.013407793848571e-06
7.013407766563121e-06
7.013407896322129e-06
7.013407726784837e-06
7.013407689318357e-06
7.01340783506575e-06
7.013407800106259e-06
7.013407756506716e-06
7.01340780663074e-06
7.01108748773496e-06
7.01108748773496e-06
7.011087559905237e-06
7.011087473099585e-06
7.011087501809311e-06
7.011087493644743e-06
7.011087532529316e-06
7.011087488412426e-06
7.011087503502766e-06
7.011087466823869e-06
7.011087448873702e-06
7.011087491037498e-06
7.0110874655135775e-06
7.011087441464781e-06
7.011087561396726e-06
7.011087405135332e-06
7.01108737728473e-06
7.011087507050881e-06
7.011087475532078e-06
7.011087431251281e-06
7.011087479959014e-06
7.005116426431827e-06
7.005116426431827e-06
7.005116501390659e-06
7.0051164109761785e-06
7.005116441105822e-06
7.005116431631433e-06
7.005116472084637e-06
7.005116427366557e-06
7.005116442525747e-06
7.005116405342168e-06
7.005116388568409e-06
7.00511643089755e-06
7.005116402583126e-06
7.005116384111883e-06
7.005116487065612e-06
7.005116353808494e-06
7.005116342045237e-06
7.005116444531252e-06
7.00511641916138e-06
7.0051163737078486e-06
7.005116419846616e-06
6.990715174910874e-06
6.990715174910874e-06
6.9907152515615305e-06
6.990715158683564e-06
6.990715189953312e-06
6.990715179710113e-06
6.9907152198614826e-06
6.990715176488412e-06
6.990715190664315e-06
6.99071515355028e-06
6.99071514012566e-06
6.990715181266154e-06
6.990715148714762e-06
6.990715139315082e-06
6.9907152144435735e-06
6.990715119115215e-06
6.990715132488255e-06
6.9907151909858e-06
6.990715176208145e-06
6.990715128794789e-06
6.99071517046955e-06
6.958894410661716e-06
6.958894410661716e-06
6.958894483330744e-06
6.958894394582236e-06
6.958894424865962e-06
6.958894416601983e-06
6.958894449770804e-06
6.958894413711699e-06
6.958894423910801e-06
6.958894388942539e-06
6.958894383790337e-06
6.958894419828091e-06
6.958894381653392e-06
6.95889438576264e-06
6.958894418944252e-06
6.958894381328269e-06
6.9588944298044005e-06
6.958894423611029e-06
6.958894425979418e-06
6.958894375513782e-06
6.9588944098907194e-06
6.903472744662369e-06
6.903472744662369e-06
6.903472799246793e-06
6.903472731489589e-06
6.903472755020896e-06
6.903472755521477e-06
6.903472767270602e-06
6.9034727504049754e-06
6.903472750959904e-06
6.903472722648055e-06
6.903472733447421e-06
6.9034727568826955e-06
6.903472714039258e-06
6.9034727328496925e-06
6.9034727192950875e-06
6.903472747101343e-06
6.903472828857834e-06
6.903472753974236e-06
6.903472777909991e-06
6.903472723837156e-06
6.903472748897053e-06
6.843567327929662e-06
6.843567327929662e-06
6.843567349182575e-06
6.843567321168427e-06
6.843567331181943e-06
6.8435673477299334e-06
6.843567324854508e-06
6.84356733675166e-06
6.843567323499922e-06
6.843567306000132e-06
6.843567336007388e-06
6.8435673411999066e-06
6.843567299590203e-06
6.84356732350419e-06
6.843567291584834e-06
6.8435673472520374e-06
6.843567430880959e-06
6.843567335513844e-06
6.84356737265798e-06
6.843567316772133e-06
6.843567335891646e-06
6.814959239859279e-06
6.814959239859279e-06
6.8149592347566724e-06
6.814959238779526e-06
6.8149592374819256e-06
6.814959266655655e-06
6.814959219221096e-06
6.814959250023076e-06
6.814959228157808e-06
6.814959218361859e-06
6.814959257642241e-06
6.81495925130302e-06
6.814959216377827e-06
6.814959231567425e-06
6.814959224449462e-06
6.814959248351453e-06
6.814959298956664e-06
6.814959248963939e-06
6.8149592811514156e-06
6.814959226640021e-06
6.814959247577705e-06
6.8112761123974635e-06
6.8112761123974635e-06
6.811276101301858e-06
6.811276112907178e-06
6.8112761087346965e-06
6.811276140746844e-06
6.811276089101682e-06
6.811276122334432e-06
6.811276099631834e-06
6.81127609117614e-06
6.811276129688158e-06
6.811276122134206e-06
6.811276091505257e-06
6.811276098507863e-06
6.811276116146142e-06
6.81127610667214e-06
6.811276132991173e-06
6.8112761232501985e-06
6.811276146822178e-06
6.811276093991945e-06
6.8112761185086165e-06
6.811619915680488e-06
6.811619915680488e-06
6.811619905369853e-06
6.811619916128091e-06
6.81161991218336e-06
6.8116199438055226e-06
6.811619893390223e-06
6.8116199253855324e-06
6.811619903344523e-06
6.811619894510677e-06
6.811619931709872e-06
6.811619925006904e-06
6.811619895178383e-06
6.811619900209731e-06
6.811619923985173e-06
6.8116199060501275e-06
6.811619927315314e-06
6.811619926991183e-06
6.811619948015748e-06
6.811619895640985e-06
6.8116199212399025e-06
6.811713058238747e-06
6.811713058238747e-06
6.811713048307361e-06
6.811713058621242e-06
6.8117130548221485e-06
6.811713086257726e-06
6.811713036277976e-06
6.811713067894074e-06
6.811713046041675e-06
6.811713037073172e-06
6.811713073976645e-06
6.811713067519532e-06
6.811713037750306e-06
6.811713042562837e-06
6.811713067042792e-06
6.811713048112059e-06
6.811713068916605e-06
6.811713069603838e-06
6.811713090281698e-06
6.8117130379688915e-06
6.81171306371438e-06
6.81187938423708e-06
6.81187938423708e-06
6.811879375184978e-06
6.8118793844661135e-06
6.811879381006778e-06
6.811879412001738e-06
6.811879363033843e-06
6.811879393780083e-06
6.8118793723602695e-06
6.811879363081131e-06
6.811879399320745e-06
6.81187939342438e-06
6.811879363768654e-06
6.811879368135652e-06
6.811879394059022e-06
6.811879373077818e-06
6.811879392969351e-06
6.811879395710082e-06
6.811879415652378e-06
6.811879363485081e-06
6.811879389530809e-06
6.8120123973068344e-06
6.8120123973068344e-06
6.8120123894906516e-06
6.812012397320346e-06
6.812012394337181e-06
6.812012424692106e-06
6.8120123771827834e-06
6.812012406687235e-06
6.812012385889156e-06
6.8120123761679075e-06
6.81201241146355e-06
6.812012406364185e-06
6.812012376870972e-06
6.812012380625529e-06
6.8120124085363585e-06
6.8120123847248715e-06
6.812012403340272e-06
6.812012408917857e-06
6.812012427827334e-06
6.812012375900132e-06
6.812012402340687e-06
6.811970445717904e-06
6.811970445717904e-06
6.811970440015738e-06
6.811970445364686e-06
6.8119704431908465e-06
6.811970472394663e-06
6.81197042748324e-06
6.811970454805624e-06
6.811970435111875e-06
6.811970424618241e-06
6.811970458260191e-06
6.811970454552642e-06
6.8119704253548635e-06
6.811970428078387e-06
6.81197045934079e-06
6.811970430740804e-06
6.811970447136101e-06
6.811970457532633e-06
6.811970474652955e-06
6.811970423237632e-06
6.811970450290519e-06
6.811215848109557e-06
6.811215848109557e-06
6.811215845716149e-06
6.811215847187041e-06
6.811215846266835e-06
6.811215873524029e-06
6.811215832944794e-06
6.811215856701406e-06
6.811215838841995e-06
6.81121582709752e-06
6.8112158580489516e-06
6.811215856594221e-06
6.8112158279053215e-06
6.811215829054175e-06
6.8112158654497164e-06
6.811215829475704e-06
6.811215842291001e-06
6.811215860160626e-06
6.811215874418545e-06
6.8112158240655315e-06
6.81121585191639e-06
6.808249287618976e-06
6.808249287618976e-06
6.80824929042701e-06
6.808249285814081e-06
6.808249286830174e-06
6.808249310649043e-06
6.808249277574184e-06
6.8082492953327206e-06
6.808249280633143e-06
6.808249266812979e-06
6.808249293268083e-06
6.808249295548914e-06
6.80824926778147e-06
6.808249266556416e-06
6.808249310728748e-06
6.8082492634760494e-06
6.808249270387925e-06
6.808249299826456e-06
6.808249309422197e-06
6.8082492614205385e-06
6.808249290107496e-06
6.799460529871422e-06
6.799460529871422e-06
6.799460540194011e-06
6.799460526824038e-06
6.799460530548912e-06
6.799460548426793e-06
6.799460527980412e-06
6.799460536062744e-06
6.799460526639329e-06
6.799460509538899e-06
6.799460528811286e-06
6.7994605369886025e-06
6.7994605108651535e-06
6.7994605064717435e-06
6.799460561126263e-06
6.799460498385604e-06
6.7994604960589956e-06
6.799460541751146e-06
6.79946054419293e-06
6.799460501342452e-06
6.799460530160536e-06
6.77791155025082e-06
6.77791155025082e-06
6.777911569405631e-06
6.777911545825831e-06
6.777911552507501e-06
6.7779115609086e-06
6.777911559882368e-06
6.777911554002579e-06
6.777911552602171e-06
6.77791153092517e-06
6.777911539995834e-06
6.7779115563836635e-06
6.7779115329937355e-06
6.777911525545579e-06
6.7779115905914414e-06
6.777911511712861e-06
6.777911496709544e-06
6.777911560326984e-06
6.777911553288264e-06
6.7779115209857534e-06
6.777911547199584e-06
6.738030169947222e-06
6.738030169947222e-06
6.738030193738202e-06
6.7380301650148135e-06
6.738030172656715e-06
6.73803016957881e-06
6.738030190684112e-06
6.738030170722724e-06
6.738030178284705e-06
6.738030152324701e-06
6.738030151451354e-06
6.738030175487532e-06
6.738030155622227e-06
6.738030148315854e-06
6.73803021378561e-06
6.7380301318238215e-06
6.738030105424071e-06
6.7380301753778804e-06
6.738030160566455e-06
6.738030145519975e-06
6.738030163172842e-06
6.692811129866872e-06
6.692811129866872e-06
6.692811145979951e-06
6.692811126610575e-06
6.692811130369019e-06
6.69281112109753e-06
6.69281115180727e-06
6.6928111290007375e-06
6.692811140129578e-06
6.692811113975252e-06
6.692811111788321e-06
6.692811136094485e-06
6.692811118489767e-06
6.692811117711219e-06
6.692811162985715e-06
6.692811107007237e-06
6.692811081105288e-06
6.692811128659165e-06
6.692811115884502e-06
6.692811117670713e-06
6.692811121625891e-06
6.669178533319918e-06
6.669178533319918e-06
6.669178534956776e-06
6.669178532728318e-06
6.669178530524404e-06
6.669178524518924e-06
6.6691785459113465e-06
6.669178533254329e-06
6.669178540193221e-06
6.669178517993289e-06
6.669178523872392e-06
6.669178541017605e-06
6.669178522874165e-06
6.669178530393949e-06
6.6691785491486226e-06
6.669178529782611e-06
6.669178515713996e-06
6.669178528094108e-06
6.669178525583418e-06
6.669178532182663e-06
6.669178526839111e-06
6.665167120636328e-06
6.665167120636328e-06
6.665167115249982e-06
6.665167121247158e-06
6.665167116398387e-06
6.665167114700142e-06
6.665167126575256e-06
6.665167121668868e-06
6.665167124586423e-06
6.665167105092234e-06
6.6651671168050225e-06
6.665167129078792e-06
6.665167109799675e-06
6.665167120615032e-06
6.665167128608568e-06
6.665167124750906e-06
6.665167118407666e-06
6.665167115010396e-06
6.665167118648667e-06
6.665167122677737e-06
6.665167115833953e-06
6.665345046506991e-06
6.665345046506991e-06
6.665345040198648e-06
6.665345047257377e-06
6.665345042111537e-06
6.665345041529146e-06
6.665345051144621e-06
6.6653450478271116e-06
6.665345049814901e-06
6.665345030835083e-06
6.665345043701437e-06
6.665345055053408e-06
6.665345035448922e-06
6.66534504654944e-06
6.665345053554988e-06
6.66534505127861e-06
6.665345046350014e-06
6.665345041142794e-06
6.665345045823505e-06
6.6653450485238715e-06
6.665345042091588e-06
6.665437818772587e-06
6.665437818772587e-06
6.6654378124820084e-06
6.665437819516572e-06
6.665437814386556e-06
6.665437813892649e-06
6.665437823349732e-06
6.665437820115761e-06
6.665437822041323e-06
6.665437803083422e-06
6.6654378160044805e-06
6.665437827318017e-06
6.665437807685082e-06
6.665437818750818e-06
6.665437825859404e-06
6.665437823462848e-06
6.665437818586257e-06
6.6654378134673255e-06
6.6654378181736675e-06
6.665437820701898e-06
6.665437814383001e-06
6.665527399449167e-06
6.665527399449167e-06
6.665527393190392e-06
6.6655274001843206e-06
6.665527395075238e-06
6.665527394657294e-06
6.66552740398214e-06
6.6655274008120465e-06
6.665527402686626e-06
6.665527383744124e-06
6.66552739670435e-06
6.665527407991644e-06
6.665527388334798e-06
6.665527399360554e-06
6.665527406589022e-06
6.665527404046677e-06
6.665527399202252e-06
6.6655273942037445e-06
6.665527398919121e-06
6.665527401288097e-06
6.6655273950807615e-06
6.665689630220844e-06
6.665689630220844e-06
6.665689624025117e-06
6.665689630938376e-06
6.665689625870643e-06
6.665689625597186e-06
6.665689634670765e-06
6.665689631620815e-06
6.665689633399699e-06
6.665689614486084e-06
6.665689627516536e-06
6.66568963875615e-06
6.665689619056737e-06
6.6656896300058905e-06
6.6656896374623715e-06
6.665689634642543e-06
6.66568962985311e-06
6.6656896250972245e-06
6.6656896298205724e-06
6.6656896318868085e-06
6.665689625892369e-06
6.665915125264331e-06
6.665915125264331e-06
6.6659151191664745e-06
6.665915125953671e-06
6.665915120951125e-06
6.665915120900756e-06
6.665915129585848e-06
6.665915126720621e-06
6.665915128354283e-06
6.665915109485406e-06
6.665915122615957e-06
6.665915133785319e-06
6.665915114027656e-06
6.665915124860873e-06
6.665915132657776e-06
6.665915129424709e-06
6.665915124708579e-06
6.665915120346261e-06
6.665915125062466e-06
6.665915126666079e-06
6.6659151209969025e-06
6.666229756394022e-06
6.666229756394022e-06
6.666229750461928e-06
6.6662297570333325e-06
6.666229752143985e-06
6.666229752469915e-06
6.666229760498032e-06
6.6662297579427604e-06
6.6662297593379186e-06
6.666229740545087e-06
6.66622975382296e-06
6.666229764882384e-06
6.666229745046008e-06
6.666229755690112e-06
6.666229764029536e-06
6.666229760140982e-06
6.666229755518582e-06
6.666229751868135e-06
6.6662297565218745e-06
6.666229757358128e-06
6.666229752228044e-06
6.6665806284452965e-06
6.6665806284452965e-06
6.666580622787529e-06
6.666580628996003e-06
6.666580624301104e-06
6.666580625246155e-06
6.6665806321891525e-06
6.666580630139687e-06
6.6665806311589e-06
6.666580612492618e-06
6.666580625958158e-06
6.666580636858454e-06
6.6665806169422876e-06
6.666580627291784e-06
6.666580636442907e-06
6.666580631581878e-06
6.6665806270376565e-06
6.666580624680199e-06
6.666580629102976e-06
6.666580628709851e-06
6.666580624442329e-06
6.666747916917377e-06
6.666747916917377e-06
6.66674791172225e-06
6.6667479173042425e-06
6.666747912954988e-06
6.666747914934619e-06
6.666747920053564e-06
6.666747918838881e-06
6.6667479192714105e-06
6.666747900820282e-06
6.6667479144611756e-06
6.666747925150485e-06
6.666747905226606e-06
6.666747915125517e-06
6.666747925428723e-06
6.666747919210351e-06
6.666747914604678e-06
6.666747914715644e-06
6.666747918428543e-06
6.666747916064722e-06
6.666747913176976e-06
6.666000682432433e-06
6.666000682432433e-06
6.666000678007865e-06
6.66600068251084e-06
6.666000678780897e-06
6.666000682461209e-06
6.66600068455534e-06
6.666000684687113e-06
6.666000684257661e-06
6.666000666169272e-06
6.666000679757675e-06
6.6660006902356115e-06
6.666000670608579e-06
6.666000679869676e-06
6.666000691563085e-06
6.666000683773301e-06
6.666000678593382e-06
6.666000683519939e-06
6.666000685267893e-06
6.666000679871034e-06
6.666000679099372e-06
6.662450725297447e-06
6.662450725297447e-06
6.6624507220912025e-06
6.662450724804978e-06
6.662450722156268e-06
6.662450728471994e-06
6.6624507258159265e-06
6.662450727972941e-06
6.662450726451266e-06
6.66245070894665e-06
6.662450721643264e-06
6.662450732115743e-06
6.662450713684919e-06
6.6624507222022765e-06
6.662450734852224e-06
6.662450726196504e-06
6.662450719001313e-06
6.662450733192789e-06
6.662450729997919e-06
6.662450720392062e-06
6.6624507225379395e-06
6.652678384991586e-06
6.652678384991586e-06
6.652678383386672e-06
6.652678383565863e-06
6.652678382562705e-06
6.6526783922249095e-06
6.6526783833959454e-06
6.652678387987343e-06
6.652678385624797e-06
6.652678368910202e-06
6.652678378656884e-06
6.6526783898448604e-06
6.652678374583799e-06
6.652678382705381e-06
6.652678393883986e-06
6.652678387647232e-06
6.6526783753698475e-06
6.652678405367113e-06
6.65267839164022e-06
6.652678377791341e-06
6.65267838283092e-06
6.635114619440063e-06
6.635114619440063e-06
6.6351146190300925e-06
6.635114616949906e-06
6.6351146176262455e-06
6.635114629549232e-06
6.635114616256025e-06
6.635114622206392e-06
6.635114620412745e-06
6.635114604333744e-06
6.635114608302297e-06
6.635114621478246e-06
6.635114611796228e-06
6.635114620792947e-06
6.635114625384075e-06
6.635114628108249e-06
6.63511460714403e-06
6.63511465623279e-06
6.635114626529769e-06
6.635114612109345e-06
6.635114617414326e-06
6.618023366557204e-06
6.618023366557204e-06
6.6180233658159705e-06
6.618023363602375e-06
6.618023364745306e-06
6.6180233755537145e-06
6.618023363790953e-06
6.618023368420519e-06
6.618023368937989e-06
6.618023352778535e-06
6.618023350966465e-06
6.618023366592533e-06
6.618023361996178e-06
6.618023373166005e-06
6.6180233682538076e-06
6.61802338326128e-06
6.618023354605852e-06
6.618023413457983e-06
6.618023371433904e-06
6.618023362528416e-06
6.618023363850185e-06
6.611183386309842e-06
6.611183386309842e-06
6.611183384480732e-06
6.6111833835830194e-06
6.611183384106231e-06
6.611183392380205e-06
6.611183384967485e-06
6.6111833874393444e-06
6.611183389846564e-06
6.6111833732027315e-06
6.611183369450249e-06
6.611183386194083e-06
6.611183382986657e-06
6.611183395716041e-06
6.6111833857509105e-06
6.6111834070021065e-06
6.611183376407983e-06
6.6111834325569635e-06
6.611183388744384e-06
6.6111833855864e-06
6.611183382851696e-06
6.610554642962183e-06
6.610554642962183e-06
6.610554640660303e-06
6.610554640442086e-06
6.610554640563943e-06
6.610554647805551e-06
6.6105546422414386e-06
6.610554643910169e-06
6.6105546467877244e-06
6.61055462992101e-06
6.610554626372557e-06
6.61055464317665e-06
6.610554639630629e-06
6.6105546526949695e-06
6.610554642142194e-06
6.610554664008465e-06
6.610554634009326e-06
6.6105546868382425e-06
6.610554644630588e-06
6.610554643213209e-06
6.610554639268728e-06
6.610673198462603e-06
6.610673198462603e-06
6.610673196088133e-06
6.610673195988349e-06
6.61067319603133e-06
6.61067320312327e-06
6.610673197837295e-06
6.61067319940112e-06
6.610673202303863e-06
6.610673185402597e-06
6.610673182023716e-06
6.610673198781198e-06
6.610673195057351e-06
6.610673208127791e-06
6.6106731976981594e-06
6.61067321937823e-06
6.610673189665497e-06
6.610673241690816e-06
6.610673200050712e-06
6.610673198803794e-06
6.610673194744778e-06
6.610815318418914e-06
6.610815318418914e-06
6.610815315974857e-06
6.610815315991842e-06
6.610815315955337e-06
6.6108153229054915e-06
6.610815317884278e-06
6.610815319353458e-06
6.6108153222672395e-06
6.610815305335478e-06
6.610815302153321e-06
6.610815318852925e-06
6.610815314924499e-06
6.610815327989414e-06
6.610815317732791e-06
6.6108153391574526e-06
6.610815309778364e-06
6.610815360938959e-06
6.610815319935943e-06
6.610815318834914e-06
6.610815314680087e-06
6.61101581109543e-06
6.61101581109543e-06
6.611015808533222e-06
6.611015808749017e-06
6.611015808577152e-06
6.611015815285874e-06
6.611015810712316e-06
6.6110158120266045e-06
6.611015814950316e-06
6.611015797974856e-06
6.61101579513954e-06
6.611015811737526e-06
6.611015807441046e-06
6.611015820491841e-06
6.611015810555476e-06
6.611015831497758e-06
6.611015802735947e-06
6.611015852335701e-06
6.611015812485249e-06
6.611015811642209e-06
6.6110158073204005e-06
6.611188428304018e-06
6.611188428304018e-06
6.611188425564451e-06
6.611188426078479e-06
6.61118842570436e-06
6.6111884320477395e-06
6.611188428142059e-06
6.611188429236758e-06
6.611188432158009e-06
6.6111884151381125e-06
6.6111884128404305e-06
6.611188429283839e-06
6.611188424395754e-06
6.61118843741843e-06
6.611188428006545e-06
6.611188448130928e-06
6.611188420405211e-06
6.611188467454681e-06
6.611188429481284e-06
6.611188429064091e-06
6.611188424471792e-06
6.611101037493454e-06
6.611101037493454e-06
6.611101034485386e-06
6.611101035450112e-06
6.611101034772704e-06
6.611101040554668e-06
6.61110103764918e-06
6.611101038446186e-06
6.611101041317441e-06
6.611101024287915e-06
6.611101022847453e-06
6.611101039052485e-06
6.61110103316497e-06
6.611101046127227e-06
6.611101037623758e-06
6.611101056260654e-06
6.6111010303975336e-06
6.611101073027606e-06
6.611101038289226e-06
6.6111010386240946e-06
6.611101033566594e-06
6.61003859699683e-06
6.61003859699683e-06
6.610038593621185e-06
6.610038595200281e-06
6.6100385941161336e-06
6.610038599107191e-06
6.610038597539919e-06
6.6100385980254625e-06
6.610038600700834e-06
6.610038583817212e-06
6.610038583668369e-06
6.610038599535506e-06
6.610038591994735e-06
6.610038604825288e-06
6.61003859787943e-06
6.610038613794528e-06
6.610038591290281e-06
6.610038626334193e-06
6.610038597105807e-06
6.610038598766196e-06
6.610038592918293e-06
6.606200088535937e-06
6.606200088535937e-06
6.606200084755728e-06
6.6062000870037265e-06
6.606200085496106e-06
6.606200089551046e-06
6.606200089367515e-06
6.60620008978916e-06
6.606200091878546e-06
6.60620007561787e-06
6.606200077234594e-06
6.606200092695992e-06
6.606200082506329e-06
6.606200095049435e-06
6.606200090731285e-06
6.606200101657362e-06
6.606200085202904e-06
6.606200107428873e-06
6.606200087410293e-06
6.6062000913906075e-06
6.606200084226012e-06
6.596144099759869e-06
6.596144099759869e-06
6.5961440958362585e-06
6.5961440982971145e-06
6.5961440967197155e-06
6.596144100225422e-06
6.596144100236432e-06
6.596144101560476e-06
6.596144102213802e-06
6.5961440877073375e-06
6.596144091090294e-06
6.596144106295721e-06
6.596144092417347e-06
6.596144104386028e-06
6.59614410402798e-06
6.596144106575545e-06
6.5961441000679275e-06
6.596144102933357e-06
6.5961440966092286e-06
6.5961441042669045e-06
6.5961440951542225e-06
6.576892170726386e-06
6.576892170726386e-06
6.576892167558587e-06
6.576892168696409e-06
6.576892168153252e-06
6.576892172749954e-06
6.576892169280368e-06
6.576892173522844e-06
6.576892171554117e-06
6.576892160523761e-06
6.57689216405885e-06
6.576892179682874e-06
6.5768921624329395e-06
6.576892173508729e-06
6.5768921774058605e-06
6.5768921692728915e-06
6.576892175071875e-06
6.576892157050207e-06
6.576892165079408e-06
6.5768921770417015e-06
6.576892165906522e-06
6.554317243179904e-06
6.554317243179904e-06
6.5543172418570265e-06
6.554317239837151e-06
6.5543172415806625e-06
6.554317249484424e-06
6.554317238395274e-06
6.554317247021763e-06
6.55431724229078e-06
6.554317235204015e-06
6.554317235732624e-06
6.5543172527104815e-06
6.554317235375288e-06
6.55431724567096e-06
6.554317250984431e-06
6.554317236358478e-06
6.554317249088111e-06
6.554317223967794e-06
6.554317236140918e-06
6.554317250154216e-06
6.554317238470101e-06
6.542354478794692e-06
6.542354478794692e-06
6.542354479008124e-06
6.5423544743842515e-06
6.542354477947515e-06
6.542354488833717e-06
6.542354471710579e-06
6.542354483015391e-06
6.54235447727537e-06
6.542354471860944e-06
6.542354468686843e-06
6.542354486909731e-06
6.54235447239468e-06
6.542354482537128e-06
6.542354485846196e-06
6.542354472761986e-06
6.542354483060875e-06
6.542354467606679e-06
6.5423544722654926e-06
6.542354484984749e-06
6.542354474401323e-06
6.540778432662326e-06
6.540778432662326e-06
6.540778433270042e-06
6.540778427986836e-06
6.540778431987506e-06
6.540778443719449e-06
6.540778425156971e-06
6.540778436807544e-06
6.540778431262149e-06
6.540778425711007e-06
6.540778421164933e-06
6.540778439748451e-06
6.540778426973601e-06
6.540778437250786e-06
6.5407784389266905e-06
6.5407784286797145e-06
6.5407784354727095e-06
6.54077842797423e-06
6.540778426850766e-06
6.540778438182354e-06
6.540778428429332e-06
6.541098928452413e-06
6.541098928452413e-06
6.5410989290537686e-06
6.541098923784055e-06
6.541098927768222e-06
6.541098939512411e-06
6.541098921008123e-06
6.541098932543387e-06
6.54109892714056e-06
6.541098921410121e-06
6.541098916750143e-06
6.5410989353407884e-06
6.541098922865349e-06
6.5410989331959e-06
6.541098934538397e-06
6.541098925030649e-06
6.5410989309534974e-06
6.541098925088792e-06
6.541098922818393e-06
6.541098933832105e-06
6.541098924242503e-06
6.5411909562858575e-06
6.5411909562858575e-06
6.5411909568764885e-06
6.541190951625354e-06
6.541190955595629e-06
6.5411909673223105e-06
6.541190948864658e-06
6.5411909603670935e-06
6.541190954990014e-06
6.541190949224938e-06
6.541190944572785e-06
6.54119096315605e-06
6.541190950703984e-06
6.541190961042275e-06
6.541190962352269e-06
6.541190952935132e-06
6.5411909587551855e-06
6.541190953052627e-06
6.541190950673221e-06
6.541190961650979e-06
6.5411909520773065e-06
6.541434114360049e-06
6.541434114360049e-06
6.5414341149190465e-06
6.541434109722613e-06
6.541434113652512e-06
6.541434125326459e-06
6.541434107004502e-06
6.541434118415293e-06
6.541434113107179e-06
6.5414341072497594e-06
6.541434102625148e-06
6.541434121184954e-06
6.54143410878974e-06
6.541434119146698e-06
6.5414341203767965e-06
6.541434111191698e-06
6.541434116749816e-06
6.5414341114534704e-06
6.541434108803721e-06
6.541434119687215e-06
6.541434110155191e-06
6.5417434421385215e-06
6.5417434421385215e-06
6.541743442651507e-06
6.541743437534542e-06
6.541743441406556e-06
6.541743453002996e-06
6.541743434876453e-06
6.5417434461585415e-06
6.54174344094445e-06
6.5417434349631554e-06
6.5417434303797085e-06
6.541743448902293e-06
6.541743436584014e-06
6.541743446962246e-06
6.541743448088759e-06
6.541743439212705e-06
6.541743444422686e-06
6.5417434396697304e-06
6.541743436661276e-06
6.541743447411906e-06
6.541743437940076e-06
6.5422360452417635e-06
6.5422360452417635e-06
6.5422360456651055e-06
6.542236040702774e-06
6.542236044464021e-06
6.542236055907736e-06
6.5422360381571435e-06
6.542236049199261e-06
6.542236044153576e-06
6.542236037956014e-06
6.5422360334543235e-06
6.542236051896667e-06
6.542236039716478e-06
6.542236050121659e-06
6.542236051075336e-06
6.5422360427358225e-06
6.5422360473430685e-06
6.542236043543423e-06
6.5422360399129785e-06
6.542236050412572e-06
6.542236041058631e-06
6.542884576829001e-06
6.542884576829001e-06
6.542884577088849e-06
6.542884572408263e-06
6.542884575971904e-06
6.54288458713285e-06
6.542884570057622e-06
6.542884580686273e-06
6.5428845759143e-06
6.542884569379204e-06
6.542884565030141e-06
6.542884583308317e-06
6.542884571353597e-06
6.542884581774796e-06
6.542884582478946e-06
6.542884574969527e-06
6.54288457864849e-06
6.5428845763497395e-06
6.542884571758732e-06
6.542884581817547e-06
6.542884572680386e-06
6.5436066256392635e-06
6.5436066256392635e-06
6.543606625577926e-06
6.543606621450145e-06
6.5436066246355456e-06
6.543606635231729e-06
6.543606619459929e-06
6.5436066293304815e-06
6.5436066250215774e-06
6.543606617950404e-06
6.543606613908914e-06
6.543606631824978e-06
6.54360662025425e-06
6.543606630633037e-06
6.543606630993602e-06
6.543606624783503e-06
6.543606627020528e-06
6.543606627139531e-06
6.543606621049351e-06
6.543606630280515e-06
6.54360662157311e-06
6.5438997349327605e-06
6.5438997349327605e-06
6.54389973424313e-06
6.5438997311951785e-06
6.543899733661395e-06
6.543899743133746e-06
6.543899729863175e-06
6.543899738362955e-06
6.543899734805328e-06
6.543899726948446e-06
6.543899723524596e-06
6.543899740650353e-06
6.5438997297087755e-06
6.543899739851755e-06
6.543899739843581e-06
6.543899735489224e-06
6.54389973569558e-06
6.543899739445455e-06
6.5438997312255345e-06
6.543899738917004e-06
6.543899731058261e-06
6.54239486574936e-06
6.54239486574936e-06
6.542394863892687e-06
6.542394862847641e-06
6.542394864017294e-06
6.5423948713658614e-06
6.542394862649186e-06
6.542394868816089e-06
6.542394866360052e-06
6.542394857543753e-06
6.54239485529759e-06
6.542394870799498e-06
6.542394860794494e-06
6.542394870208742e-06
6.542394870092645e-06
6.542394867880775e-06
6.542394865817662e-06
6.542394874222431e-06
6.5423948635732955e-06
6.542394868555581e-06
6.542394862288523e-06
6.5368393308038605e-06
6.5368393308038605e-06
6.536839327199241e-06
6.536839329149308e-06
6.536839328442826e-06
6.536839332549608e-06
6.536839330499506e-06
6.5368393335293525e-06
6.5368393322312804e-06
6.536839322815012e-06
6.536839322383702e-06
6.5368393351924974e-06
6.536839326201849e-06
6.53683933403796e-06
6.536839334726116e-06
6.536839333539467e-06
6.5368393305922674e-06
6.536839342471448e-06
6.536839330739656e-06
6.536839331916552e-06
6.5368393280591205e-06
6.527165628870068e-06
6.527165628870068e-06
6.5271656237392746e-06
6.527165628297602e-06
6.527165626045085e-06
6.527165627236723e-06
6.527165630791779e-06
6.527165631581289e-06
6.527165630607323e-06
6.527165621835896e-06
6.527165623060184e-06
6.527165633153361e-06
6.527165624506026e-06
6.527165630284834e-06
6.527165633023712e-06
6.52716562968326e-06
6.527165629475672e-06
6.527165639505019e-06
6.5271656303963945e-06
6.527165628603276e-06
6.5271656268853345e-06
6.5192596983663414e-06
6.5192596983663414e-06
6.519259692996501e-06
6.519259697955453e-06
6.519259695568979e-06
6.519259696204173e-06
6.519259700383805e-06
6.519259701409146e-06
6.519259699677563e-06
6.519259692382508e-06
6.519259693949787e-06
6.5192597031888685e-06
6.519259693957058e-06
6.51925969861399e-06
6.5192597032611644e-06
6.519259695995136e-06
6.51925970034929e-06
6.519259704341834e-06
6.519259699843654e-06
6.519259698000078e-06
6.519259696659273e-06
6.516908545846222e-06
6.516908545846222e-06
6.516908540867505e-06
6.5169085451525195e-06
6.516908543237053e-06
6.5169085445504e-06
6.51690854711841e-06
6.516908549123328e-06
6.516908546750138e-06
6.516908540240123e-06
6.516908541440901e-06
6.516908551079727e-06
6.5169085413189365e-06
6.51690854595062e-06
6.516908551168814e-06
6.516908541975518e-06
6.516908548482963e-06
6.516908548978679e-06
6.516908546709922e-06
6.516908545914094e-06
6.516908544053993e-06
6.516844739725371e-06
6.516844739725371e-06
6.516844734906521e-06
6.516844738917249e-06
6.5168447371781835e-06
6.5168447387835905e-06
6.5168447407306e-06
6.51684474304853e-06
6.516844740533476e-06
6.516844734139534e-06
6.516844735178063e-06
6.516844745044114e-06
6.51684473516214e-06
6.516844739902577e-06
6.516844745117845e-06
6.516844735671091e-06
6.516844742443316e-06
6.516844742365488e-06
6.516844740382632e-06
6.516844739953304e-06
6.516844737874709e-06
     fun: 6.691159915419435e-06
     jac: array([-1.94940526e-08,  9.88387683e-09,  1.48781965e-09, -8.16233978e-08,
        1.63265099e-08,  2.12839325e-07, -6.23170990e-08, -5.50727464e-09,
       -3.57892418e-08, -1.84589339e-08,  4.76724722e-08, -9.24904953e-09,
       -1.57943418e-08, -3.07354071e-08,  8.74121042e-09,  1.05119398e-08,
        1.74728711e-08, -1.20006689e-08, -2.56496833e-08])
 message: 'Optimization terminated successfully.'
    nfev: 3150
     nit: 150
    njev: 150
  status: 0
 success: True
       x: array([ 0.52629039, -0.48479837, -0.44749306, -0.37214975,  0.24532445,
       -0.059726  ,  0.11213699, -0.08284302,  0.54680877,  0.06548759,
       -0.13331611, -0.49724953,  0.07903676,  0.63771242, -0.53397743,
       -0.57098058, -0.3671454 ,  0.25228368, -0.27482476])

========================================================

Final result:
0.5262903903016326
-0.48479836957423494
-0.44749305531126193
0.13533367819462142
0.13533367819462142
0.13533367819462142
-0.3721497478768209
0.24532444727415892
-0.05972599669540506
0.11213698975936269
-0.08284302499631581
0.5468087714918167
0.06548759000901735
0.06548759000901735
-0.13331610537704872
-0.49724952566365044
0.07903676373027187
0.07903676373027187
0.6377124191067769
-0.5339774259313026
-0.5709805771176688
0.41921106854751866
-0.3671454015470643
0.2522836797595822
-0.2748247551477342
0.12989549231173877
0.12989549231173877
0.12989549231173877
