63.7046803061
63.7046803061
63.7046798277
63.7046796667
63.7046802126
63.7046810593
63.7046811723
63.704680736
63.7046805904
63.7046809519
63.7046803921
63.7046816607
63.7046810971
63.7046791065
63.7046801015
51620.8746004
5129.38202275
778.006688503
130.414154481
52.7018812983
52.7018812983
52.7018809761
52.7018809676
52.7018812338
52.7018809894
52.7018809973
52.7018808665
52.7018807402
52.7018806793
52.7018811737
52.701879855
52.7018808115
52.7018800695
52.70188109
18197.6710132
1979.66489461
360.591175371
66.1623549311
35.5370222222
35.5370222222
35.5370226936
35.537023227
35.5370223108
35.5370213631
35.5370209183
35.5370217704
35.5370220254
35.5370216108
35.5370220971
35.5370207947
35.5370217959
35.5370215951
35.5370221179
12311.2469821
1209.94507235
205.4803
38.6117055178
26.3497899887
26.3497899887
26.3497902677
26.3497907642
26.3497900398
26.349788984
26.3497885832
26.3497892945
26.3497895357
26.3497889207
26.349789793
26.3497874952
26.3497891121
26.3497902252
26.349790037
2084.52586791
204.252882509
30.0278170878
25.5527312131
25.5527312131
25.5527315505
25.5527320027
25.552731277
25.5527300487
25.5527297083
25.5527304013
25.5527305372
25.5527301207
25.5527309896
25.5527288692
25.552730111
25.5527314567
25.5527312628
1156.63620411
114.201277436
26.0495023443
25.1167587539
25.1167587539
25.1167591896
25.1167596648
25.1167588408
25.116757697
25.1167573822
25.1167579934
25.1167581672
25.1167576211
25.1167585444
25.1167562985
25.1167575432
25.1167589881
25.1167588027
558.910605915
53.2807197616
23.5646162365
23.5646162365
23.5646167997
23.564617068
23.5646163505
23.5646150486
23.5646148742
23.5646154201
23.5646155417
23.5646151435
23.5646160147
23.5646137872
23.5646152769
23.5646166066
23.5646163095
669.588341812
65.8133386086
23.0400803177
23.0400803177
23.0400808087
23.0400810184
23.040080411
23.0400791331
23.0400789027
23.0400796046
23.0400798984
23.0400792775
23.0400801278
23.040078037
23.0400792205
23.0400807156
23.0400803946
89.7927687802
17.1675318469
17.1675318469
17.1675319735
17.1675319245
17.1675318765
17.1675319654
17.1675318913
17.1675319999
17.1675320201
17.1675320285
17.1675319648
17.1675323033
17.1675319351
17.1675325783
17.167531978
72.7303149894
17.589077414
15.7750598503
15.7750598503
15.775059785
15.7750596803
15.7750598387
15.7750603095
15.7750604509
15.775060238
15.7750602399
15.7750604018
15.7750599872
15.7750611327
15.7750602998
15.7750605318
15.7750599706
61.4536339412
15.7176678555
15.7176678555
15.717667662
15.7176673535
15.7176678265
15.7176686106
15.7176686858
15.7176683072
15.7176682044
15.7176685058
15.7176679316
15.717669341
15.7176684223
15.7176681307
15.7176679067
28.8157350368
13.0671513675
13.0671513675
13.067151083
13.0671508851
13.0671513165
13.0671516131
13.0671517435
13.0671513651
13.0671512153
13.0671513872
13.0671513405
13.0671514318
13.0671513747
13.0671508795
13.0671512909
14.2641982422
12.1546000529
12.1546000529
12.1546000872
12.1546001578
12.1546000616
12.1546000414
12.1545999817
12.1546000443
12.1546000842
12.1546000756
12.1546000253
12.1546001009
12.1546001162
12.1545998145
12.1546000175
12.0640565307
11.8070708797
11.8070708797
11.8070708584
11.8070708861
11.8070708774
11.8070708202
11.8070708051
11.8070708065
11.8070708285
11.8070707862
11.8070708489
11.8070706723
11.8070708049
11.8070708603
11.8070708845
11.6430801953
11.7026270202
11.7026270202
11.7026270152
11.7026270333
11.7026270212
11.7026270052
11.7026269936
11.7026269922
11.7026270105
11.7026269966
11.7026270064
11.7026269777
11.7026270038
11.7026270005
11.7026270229
11.7346731299
11.7066816413
11.7066816413
11.7066816364
11.7066816531
11.7066816425
11.70668164
11.706681628
11.706681625
11.7066816433
11.7066816347
11.7066816308
11.7066816362
11.7066816417
11.7066816208
11.7066816447
11.7081270953
11.7081270953
11.70812708
11.7081270918
11.7081270946
11.7081271083
11.7081270974
11.708127085
11.7081271007
11.708127095
11.7081270854
11.708127102
11.7081271039
11.708127077
11.7081270988
11.7063901055
11.7063901055
11.7063900938
11.7063901054
11.7063901053
11.7063901128
11.706390103
11.7063900918
11.7063901072
11.706390102
11.7063900949
11.7063901067
11.7063901086
11.7063900852
11.7063901088
11.7089910935
11.7074829533
11.7074829533
11.7074829429
11.707482955
11.7074829534
11.7074829589
11.7074829491
11.707482939
11.7074829547
11.7074829491
11.7074829427
11.7074829536
11.7074829556
11.7074829323
11.7074829565
11.7060566814
11.7060566814
11.7060566698
11.7060566829
11.7060566814
11.7060566886
11.7060566778
11.7060566682
11.7060566844
11.7060566779
11.7060566711
11.706056682
11.7060566858
11.7060566612
11.7060566847
11.7082197525
11.7082197525
11.7082197409
11.7082197535
11.7082197524
11.7082197599
11.7082197495
11.7082197394
11.7082197553
11.7082197494
11.7082197422
11.7082197545
11.7082197568
11.7082197323
11.7082197558
11.7068924945
11.7075772224
11.7075772224
11.7075772111
11.7075772235
11.7075772224
11.7075772295
11.7075772192
11.707577209
11.7075772249
11.7075772191
11.707577212
11.707577224
11.7075772263
11.7075772021
11.7075772257
11.706877381
11.7072218808
     fun: 12.650475272600964
     jac: array([-0.00136757, -0.0111438 ,  0.00037026,  0.00680089,  0.01203501,
        0.00012434, -0.00418472,  0.00781798, -0.00113368,  0.02516949,
       -0.00167358,  0.00298738,  0.00026393])
 message: 'Optimization terminated successfully.'
    nfev: 365
     nit: 22
    njev: 22
  status: 0
 success: True
       x: array([ 0.75626175, -0.58976884, -0.55052191, -0.65466798,  0.32722803,
        0.29840634,  0.02448411, -0.25259476,  0.77829028,  0.08887935,
       -0.20299567, -0.07533751, -0.26105071])

========================================================

Final result:
0.756261747045
-0.589768838385
-0.550521905397
0.128009665579
0.128009665579
0.128009665579
-0.654667975731
0.327228032686
0.29840634278
0.0244841118083
-0.252594759928
0.77829028035
0.0888793489022
0.0888793489022
-0.202995674262
-0.747954527753
-0.0753375140766
-0.261050711826
0.112129408634
0.112129408634
0.112129408634
-0.747954527753
