7.2308475136
7.2308475136
7.23084827627
7.23084790204
7.23084791092
7.23084805758
7.23084797459
7.23084763538
7.23084836548
7.2308481636
7.23084787054
7.23084800276
7.23084758814
7.23084780777
7.23084756213
20804.5614665
4111.68351576
810.728573455
158.055513921
29.4374865888
6.57341551493
6.57341551493
6.57341443999
6.5734150291
6.57341517398
6.57341524161
6.57341510584
6.57341531608
6.57341459862
6.57341519498
6.57341546885
6.57341534651
6.57341550521
6.573415613
6.57341553208
1415.2513937
251.2503774
43.4470726247
8.12473813053
5.46208228489
5.46208228489
5.46208147073
5.46208186766
5.46208183161
5.462081782
5.46208170031
5.46208200732
5.46208102358
5.46208170796
5.46208216367
5.46208195521
5.46208225855
5.46208222042
5.46208227546
1758.34815597
245.378026037
33.7025273026
6.24090070796
5.03116576775
5.03116576775
5.03116465384
5.03116521004
5.03116524577
5.03116514754
5.03116522459
5.03116546159
5.03116468821
5.03116519802
5.03116556021
5.03116530605
5.03116572269
5.03116560218
5.03116574067
373.093112216
50.8337814265
7.65751349596
4.65504531164
4.65504531164
4.6550441178
4.65504475073
4.65504480945
4.65504477059
4.65504470269
4.65504505942
4.65504409967
4.6550445771
4.65504502797
4.65504479735
4.65504525088
4.65504514545
4.655045285
78.4142769611
10.28208647
4.40388109876
4.40388109876
4.40387990673
4.40388053787
4.40388058981
4.40388049771
4.40388048522
4.40388090139
4.40387982041
4.40388045739
4.40388074543
4.40388056107
4.40388102502
4.40388088888
4.40388106442
158.410097542
15.6082725547
4.39995744145
4.30564020749
4.30564020749
4.30563901146
4.30563964319
4.30563968805
4.30563957864
4.30563958721
4.30564001085
4.30563895666
4.30563949694
4.30563988111
4.30563971449
4.30564014025
4.30563999571
4.30564017272
30.19158419
4.9633968488
4.12466655856
4.12466655856
4.12466546308
4.12466603019
4.12466605886
4.12466592263
4.12466597694
4.12466638195
4.12466540315
4.12466587874
4.12466619864
4.12466603845
4.12466648409
4.12466647434
4.12466654526
124.108095923
24.492106216
4.71032002429
2.90443904597
2.90443904597
2.90443863103
2.90443879537
2.90443879997
2.90443870368
2.9044387703
2.90443897594
2.90443853606
2.90443866355
2.90443880052
2.90443874395
2.90443899525
2.90443890397
2.90443902214
11.8018488859
2.66797329149
2.66797329149
2.6679742073
2.66797373707
2.66797363487
2.66797361065
2.66797370745
2.66797347485
2.66797420135
2.66797366952
2.66797341132
2.66797351697
2.66797331742
2.66797331575
2.66797329449
2.25972118461
2.25972118461
2.25972106401
2.25972114877
2.25972123215
2.25972133541
2.25972123818
2.25972117209
2.25972124326
2.25972132037
2.2597212901
2.25972134398
2.25972120686
2.25972130345
2.25972120385
2.83479940711
2.02188268146
2.02188268146
2.02188237774
2.02188253807
2.02188261126
2.02188267051
2.02188258902
2.02188262934
2.02188244787
2.02188264717
2.02188272153
2.02188269776
2.02188269052
2.02188273599
2.02188269044
2.84752074195
1.85305568676
1.85305568676
1.85305550574
1.85305559381
1.85305558339
1.85305556184
1.85305555792
1.85305563165
1.85305541695
1.85305555287
1.85305563592
1.85305559095
1.85305567643
1.85305564456
1.85305567953
1.86939906833
1.82136621488
1.82136621488
1.82136617859
1.82136619823
1.82136620178
1.82136619534
1.82136620204
1.82136621503
1.82136619576
1.82136619536
1.82136619706
1.82136619269
1.82136621177
1.82136620664
1.8213662131
1.81844708846
1.81844708846
1.81844717864
1.81844712688
1.81844710959
1.81844710982
1.81844710698
1.81844709194
1.81844712294
1.8184471103
1.81844710891
1.81844711355
1.81844709313
1.81844709185
1.81844708869
1.8134280238
1.8134280238
1.81342802067
1.81342802467
1.81342803007
1.8134280357
1.81342803312
1.81342802499
1.81342804262
1.81342803789
1.81342803014
1.81342803335
1.81342802547
1.81342802876
1.81342802432
1.81037149912
1.81037149912
1.81037147943
1.810371491
1.8103714953
1.81037149677
1.81037149319
1.8103715001
1.81037148654
1.81037149277
1.81037149474
1.81037149637
1.81037149854
1.8103715031
1.81037149962
1.8089582408
1.8089582408
1.80895822215
1.80895823144
1.80895823522
1.80895823237
1.80895824064
1.80895823793
1.80895824503
1.80895823926
1.80895823588
1.80895823157
1.80895823982
1.80895823355
1.80895823953
1.80852813918
1.80852813918
1.80852814379
1.8085281423
1.80852814095
1.80852814226
1.80852813782
1.80852814073
1.80852813394
1.80852813781
1.80852813978
1.80852814097
1.80852813937
1.80852814098
1.80852813953
1.80835624071
1.80835624071
1.80835624148
1.80835624067
1.80835624043
1.8083562398
1.8083562409
1.80835624047
1.80835624115
1.80835624096
1.80835624102
1.8083562414
1.80835624084
1.80835624186
1.8083562409
1.80830933565
1.80830933565
1.8083093352
1.80830933539
1.80830933574
1.80830933616
1.80830933576
1.80830933553
1.80830933593
1.80830933548
1.80830933542
1.80830933515
1.80830933565
1.80830933459
1.80830933547
1.8082662215
1.8082662215
1.80826622123
1.80826622145
1.80826622147
1.80826622133
1.80826622174
1.80826622147
1.80826622203
1.80826622186
1.80826622146
1.80826622117
1.80826622154
1.80826622093
1.80826622142
1.80823095598
1.80823095598
1.8082309563
1.80823095618
1.80823095602
1.80823095603
1.8082309559
1.80823095602
1.80823095584
1.80823095567
1.80823095605
1.8082309561
1.80823095601
1.80823095643
1.80823095608
1.80822591371
1.80822591371
1.80822591389
1.80822591378
1.80822591375
1.80822591371
1.80822591378
1.80822591379
1.80822591361
1.80822591421
1.80822591373
1.80822591385
1.80822591372
1.80822591348
1.80822591368
1.80822236962
1.80822236962
1.80822236938
1.8082223695
1.80822236955
1.80822236956
1.80822236962
1.80822236958
1.80822236972
1.80822236955
1.80822236961
1.80822236955
1.80822236962
1.80822236961
1.80822236963
1.80822115336
1.80822115336
1.8082211533
1.80822115333
1.80822115334
1.80822115336
1.80822115335
1.80822115335
1.80822115338
1.80822115331
1.80822115333
1.80822115331
1.80822115335
1.80822115338
1.80822115337
     fun: 1.808221153359754
     jac: array([-0.00433315, -0.00219184, -0.00103402,  0.00024794, -0.00039747,
       -0.00084978,  0.00145304, -0.00302747, -0.00190638, -0.0033603 ,
       -0.00041379,  0.00165124,  0.00045599])
 message: 'Optimization terminated successfully.'
    nfev: 420
     nit: 26
    njev: 26
  status: 0
 success: True
       x: array([ 0.312402  , -0.74239459, -0.00426062,  0.0926593 , -0.06766801,
        0.53187314,  0.07874912, -0.11514461, -0.41753195,  0.28490323,
       -0.20858114, -0.10615503, -0.28915664])

========================================================

Final result:
0.312402000894
-0.742394586401
0.312402000894
-0.00426062238624
0.0926593001291
-0.0676680096051
0.531873143969
0.0787491219919
0.0787491219919
-0.115144608002
-0.477366863476
-0.106155030955
-0.289156637053
0.131770556003
0.131770556003
0.131770556003
-0.41753195102
0.284903232851
-0.208581136329
0.113736618166
0.113736618166
0.113736618166
