8.01302031663
8.01302031663
8.0130201135
8.01302000116
8.01302027719
8.01301972166
8.01301980092
8.01301958913
8.01301957767
8.01301971961
8.01301932515
8.01301907078
8.01301991582
8.01301919309
8.01301958455
8.0130200199
8.01301991915
8.01302023899
8.01302057325
8.01302067507
8.01302036934
46647.9366518
9511.79832586
1937.32513134
392.433413989
77.5195912352
14.3746996366
5.85269971564
5.85269971564
5.85269941127
5.85269927303
5.85269965681
5.8527001216
5.85270023998
5.8526999025
5.85269986915
5.85269991674
5.85269968876
5.85270012629
5.85269991365
5.85269958426
5.85270021017
5.8526997669
5.85269968159
5.85269973575
5.85269994077
5.85270003867
5.85269976254
4869.38860935
1092.75353749
243.399595155
52.4807192625
10.0988522149
3.40196783678
3.40196783678
3.4019678048
3.40196783347
3.4019678305
3.40196860144
3.40196859251
3.40196857274
3.40196859385
3.40196847353
3.40196861897
3.40196917956
3.40196828154
3.40196867327
3.40196876105
3.40196802903
3.40196795134
3.40196789577
3.40196776645
3.40196772025
3.40196782122
543.731279089
65.1273969018
7.99880498049
3.25837068444
3.25837068444
3.25837067961
3.25837070285
3.2583706832
3.25837145761
3.25837145028
3.25837146024
3.25837146836
3.25837140617
3.25837151427
3.25837222957
3.25837121507
3.25837158152
3.25837173077
3.25837103546
3.2583710994
3.25837078744
3.2583706076
3.25837054908
3.25837066734
479.815803896
47.5724544832
5.30864859382
3.21001653953
3.21001653953
3.21001649442
3.21001651445
3.21001653051
3.21001739193
3.21001738911
3.21001736178
3.21001736663
3.21001725037
3.21001744424
3.21001802319
3.21001705677
3.21001752668
3.2100175552
3.21001688215
3.21001694796
3.21001663939
3.21001643201
3.21001636494
3.21001651621
165.267860979
16.3999820192
3.38424540523
3.17363456523
3.17363456523
3.17363455378
3.17363460226
3.17363456276
3.1736354245
3.17363540366
3.1736354071
3.1736354387
3.1736352776
3.17363548285
3.17363602343
3.17363510453
3.17363555457
3.17363565061
3.17363491509
3.17363497373
3.17363466729
3.17363448191
3.17363443219
3.17363454731
179.883996634
17.6034888194
3.34602998241
3.08896228237
3.08896228237
3.08896228069
3.08896230917
3.0889622819
3.0889631442
3.08896314978
3.08896312947
3.0889631238
3.08896301732
3.08896323734
3.08896382336
3.08896281195
3.08896332496
3.08896331716
3.08896263098
3.08896269644
3.08896238388
3.08896220424
3.08896215577
3.08896226635
140.002952667
14.013478122
3.24073291631
3.06799138077
3.06799138077
3.06799137651
3.06799139306
3.06799137978
3.06799222714
3.06799223993
3.06799221444
3.06799219279
3.06799210997
3.0679923392
3.06799290115
3.06799192458
3.06799243376
3.06799246929
3.06799172918
3.06799178281
3.06799148262
3.06799127757
3.06799121982
3.06799135944
57.5529942906
6.34915010164
2.9724407972
2.9724407972
2.97244081809
2.9724408498
2.97244080129
2.97244159744
2.97244159067
2.97244159336
2.97244157749
2.97244147986
2.97244172632
2.97244222103
2.97244129058
2.97244173341
2.97244176291
2.97244112278
2.97244118705
2.97244089211
2.97244065031
2.97244065011
2.97244076744
25.1845531964
4.14737869388
2.68595054151
2.68595054151
2.68595056756
2.68595059236
2.68595054491
2.68595106174
2.68595101866
2.68595113193
2.68595115081
2.68595103789
2.68595128406
2.68595157463
2.68595089143
2.6859512954
2.68595121383
2.68595077943
2.68595084248
2.68595060975
2.68595040812
2.68595041675
2.68595051506
66.4711133413
11.8365775336
2.60528545402
2.15362387569
2.15362387569
2.15362401846
2.15362405311
2.15362390274
2.15362384907
2.15362380423
2.15362396029
2.15362398706
2.15362392712
2.15362408444
2.1536239868
2.15362388747
2.15362411542
2.15362385577
2.15362391285
2.15362397694
2.15362388424
2.15362374691
2.15362371782
2.15362384904
14.1233520237
2.39840632861
2.07660278834
2.07660278834
2.07660291132
2.07660297875
2.07660281165
2.0766026764
2.07660260384
2.07660277445
2.0766027885
2.0766027541
2.07660288982
2.07660272194
2.07660273846
2.07660291192
2.07660264534
2.07660278772
2.07660284524
2.07660278713
2.07660267401
2.07660264832
2.07660276482
4.04280291478
1.89361972568
1.89361972568
1.89361975578
1.89361975881
1.89361973082
1.8936194492
1.89361944506
1.89361948127
1.89361948607
1.89361950774
1.89361948602
1.89361926877
1.89361956657
1.89361946947
1.89361939091
1.89361964919
1.89361965124
1.89361971321
1.89361972573
1.89361974459
1.89361972561
2.83775368265
1.80754844581
1.80754844581
1.80754840501
1.80754837563
1.80754843752
1.8075482843
1.8075483095
1.80754825686
1.80754824915
1.80754828622
1.80754820879
1.80754810899
1.80754834097
1.80754817782
1.80754825094
1.80754837736
1.80754837436
1.80754842842
1.80754850426
1.80754853514
1.80754845782
1.89096912361
1.75601806281
1.75601806281
1.75601803713
1.75601801633
1.75601805789
1.75601803294
1.75601804226
1.75601800623
1.7560180005
1.75601801705
1.75601797479
1.75601796778
1.75601803608
1.75601796288
1.75601802107
1.75601803718
1.7560180225
1.7560180589
1.75601809997
1.75601810431
1.75601807025
2.09445096231
1.72770706337
1.72770706337
1.7277070598
1.72770706379
1.72770706248
1.72770709216
1.72770709327
1.72770708482
1.727707087
1.72770708403
1.7277070773
1.7277071105
1.72770707737
1.72770708712
1.72770709658
1.727707061
1.72770704971
1.72770706401
1.7277070661
1.72770705688
1.72770706329
1.71409320727
1.71409320727
1.71409320889
1.71409321043
1.71409320726
1.714093238
1.71409323691
1.71409324176
1.71409324115
1.71409323642
1.71409325303
1.71409326785
1.71409322967
1.71409324974
1.71409324709
1.71409322739
1.71409323836
1.71409321253
1.71409320011
1.7140932005
1.71409320568
1.73245841812
1.71182629439
1.71182629439
1.71182629684
1.71182629687
1.71182629456
1.71182631589
1.71182631338
1.7118263188
1.71182631833
1.7118263147
1.71182632758
1.71182633632
1.71182631018
1.71182632597
1.71182632145
1.71182630966
1.71182631893
1.71182629822
1.71182628727
1.71182629028
1.71182629277
1.70876087245
1.70876087245
1.70876087543
1.70876087612
1.70876087283
1.7087608366
1.70876083653
1.70876083777
1.7087608398
1.70876084172
1.7087608331
1.70876080939
1.70876084892
1.7087608347
1.70876082704
1.70876085191
1.70876084212
1.70876086666
1.70876087609
1.70876087341
1.70876087286
1.70564071286
1.70564071286
1.70564071148
1.70564071092
1.70564071242
1.70564070742
1.70564070842
1.70564070538
1.70564070542
1.70564070704
1.70564070204
1.70564070142
1.70564070936
1.70564070254
1.70564070597
1.70564070988
1.70564070827
1.70564071208
1.70564071564
1.70564071516
1.70564071318
1.70298401644
1.70298401644
1.70298401511
1.70298401473
1.70298401604
1.70298402808
1.70298402793
1.70298402734
1.70298402699
1.7029840256
1.70298402894
1.70298403542
1.70298402362
1.70298402825
1.70298403036
1.70298402126
1.70298402259
1.70298401772
1.70298401539
1.70298401678
1.70298401613
1.70164325525
1.70164325525
1.70164325463
1.70164325425
1.70164325509
1.70164326275
1.70164326301
1.70164326219
1.70164326156
1.70164326211
1.70164326235
1.70164326986
1.70164326106
1.70164326249
1.70164326568
1.70164326162
1.7016432657
1.70164325702
1.70164325488
1.70164325498
1.70164325514
1.70142484399
1.70142484399
1.70142484341
1.7014248434
1.70142484386
1.70142484781
1.70142484785
1.70142484745
1.70142484723
1.70142484651
1.70142484799
1.70142484896
1.70142484578
1.70142484755
1.7014248479
1.70142484464
1.70142484416
1.70142484419
1.70142484372
1.70142484436
1.70142484395
1.70138654395
1.70138654395
1.70138654411
1.7013865441
1.70138654396
1.70138654308
1.70138654299
1.7013865434
1.70138654345
1.70138654351
1.70138654338
1.70138654316
1.70138654359
1.70138654344
1.70138654323
1.70138654374
1.70138654374
1.70138654388
1.70138654391
1.70138654381
1.70138654393
1.70136965022
1.70136965022
1.70136965043
1.70136965047
1.70136965024
1.7013696491
1.70136964913
1.70136964917
1.70136964916
1.70136964927
1.70136964898
1.70136964829
1.70136964951
1.70136964911
1.70136964878
1.70136964981
1.70136964978
1.7013696501
1.70136965029
1.70136965011
1.70136965021
1.70134042394
1.70134042394
1.70134042399
1.70134042398
1.70134042394
1.70134042261
1.7013404227
1.70134042257
1.70134042256
1.70134042287
1.70134042218
1.70134042183
1.7013404232
1.70134042228
1.70134042244
1.70134042352
1.70134042347
1.70134042383
1.7013404242
1.70134042403
1.70134042398
1.7013311402
1.7013311402
1.70133114026
1.7013311403
1.70133114022
1.70133113986
1.70133113989
1.70133113981
1.70133113982
1.7013311398
1.70133113974
1.70133113931
1.70133113991
1.70133113981
1.70133113959
1.70133114001
1.70133113999
1.70133114015
1.70133114025
1.70133114017
1.70133114021
1.7013302117
     fun: 1.7013302117010984
     jac: array([ 0.00391571,  0.00619458,  0.00096795, -0.02293862, -0.02105704,
       -0.02637552, -0.0256276 , -0.0273326 , -0.03117523, -0.06013322,
       -0.01997107, -0.02613001, -0.0411821 , -0.01274931, -0.01424664,
       -0.00357378,  0.002886  , -0.00253014,  0.00041392])
 message: 'Optimization terminated successfully.'
    nfev: 608
     nit: 27
    njev: 27
  status: 0
 success: True
       x: array([ 0.44690227, -0.46225623, -0.25085914, -0.43654322,  0.23508685,
        0.1997325 ,  0.02949959,  0.05224247,  0.42577137,  0.02135097,
       -0.45851307, -0.45342875,  0.13094722,  0.84022023, -0.54757895,
       -1.05690517, -0.41823868,  0.26313285, -0.0886647 ])

========================================================

Final result:
0.446902271608
-0.462256227768
-0.250859143346
0.088737699835
0.088737699835
0.088737699835
-0.436543222604
0.235086845426
0.199732504502
0.029499589345
0.0522424715757
0.425771366574
0.0213509655319
0.0213509655319
-0.458513070493
-0.453428746071
0.130947223409
0.130947223409
0.840220225286
-0.547578945155
-1.05690516666
0.432909885196
0.432909885196
-0.418238679856
0.263132848747
-0.0886646991648
0.0812568434245
0.0812568434245
0.0812568434245
