19.5123437132
19.5123437132
19.5123406479
19.5123423026
19.5123422588
19.512342558
19.5123425529
19.5123415555
19.512342311
19.5123426598
19.5123430764
19.5123411835
19.5123406448
19.5123424673
19.512343579
19.5123440885
19.5123443505
19.5123437781
299452.675654
29934.1112066
4268.67335955
782.246071289
145.078054983
26.8108788382
15.0761694317
15.0761694317
15.0761698887
15.076169764
15.0761695444
15.0761699257
15.0761694721
15.0761688855
15.0761691704
15.0761697295
15.0761695639
15.0761685057
15.0761705424
15.0761698878
15.0761694501
15.0761698673
15.0761701655
15.07616951
25580.2141608
3099.22881481
548.134710807
99.3387733957
18.701614763
11.8618208514
11.8618208514
11.8618227341
11.8618218864
11.8618215126
11.8618217514
11.8618211191
11.8618212375
11.8618209456
11.8618210425
11.8618210983
11.8618212159
11.8618213878
11.861821562
11.8618208875
11.8618207577
11.8618207057
11.8618208149
25500.5052458
2546.7672711
284.429446385
33.5238598016
11.4943792962
11.4943792962
11.4943801403
11.4943798992
11.4943799034
11.4943800693
11.4943797241
11.494379941
11.4943796235
11.4943800047
11.4943794605
11.4943800898
11.4943816455
11.4943796102
11.4943793165
11.4943789344
11.4943787384
11.4943792076
4993.5755078
495.778651185
60.999541367
12.277892712
10.736582632
10.736582632
10.7365837735
10.7365833683
10.7365834044
10.736583464
10.7365832979
10.7365835033
10.7365834146
10.7365834147
10.7365829874
10.736583726
10.7365850669
10.7365834036
10.7365826932
10.7365824633
10.7365823202
10.7365825912
2702.01712807
268.75981344
27.3370602465
10.6352889267
10.6352889267
10.6352904345
10.6352897765
10.6352897004
10.6352896393
10.6352895711
10.635289858
10.6352897301
10.635289746
10.6352891354
10.6352901035
10.6352915174
10.6352892253
10.6352889556
10.6352888304
10.6352887095
10.6352889049
1595.78419052
158.156254874
17.4850613835
10.461029001
10.461029001
10.4610306022
10.4610298585
10.4610297524
10.4610296017
10.461029621
10.4610300003
10.4610296641
10.4610298445
10.4610292919
10.4610302835
10.4610317108
10.461029603
10.4610290487
10.4610288439
10.4610286956
10.4610289688
902.722674221
89.1871496516
12.5528854535
10.2942787239
10.2942787239
10.2942803105
10.2942796044
10.2942795886
10.2942795445
10.2942793519
10.2942798924
10.2942793293
10.2942795786
10.2942790044
10.2942801229
10.2942814689
10.2942792913
10.2942787683
10.2942786059
10.2942785367
10.2942787024
1007.71424766
98.7918076544
12.5607497853
9.92044540164
9.92044540164
9.92044721457
9.92044633138
9.92044631245
9.92044619702
9.92044612567
9.92044665411
9.92044620296
9.9204463168
9.92044572873
9.9204467833
9.92044829807
9.92044604899
9.9204454567
9.92044515279
9.920445125
9.92044535161
140.004594353
14.8369159007
9.50014537229
9.50014537229
9.50014732209
9.50014630567
9.50014632581
9.50014623769
9.5001461352
9.50014666945
9.50014621495
9.50014631383
9.50014572549
9.50014687629
9.50014833964
9.50014607058
9.50014543411
9.5001451766
9.50014502843
9.50014533531
27.0319073271
8.72413344415
8.72413344415
8.72413501164
8.72413425332
8.72413424627
8.72413409495
8.72413407722
8.72413459635
8.72413414982
8.72413418744
8.72413374539
8.72413470029
8.72413575328
8.72413400439
8.7241335064
8.72413329822
8.72413309187
8.72413342246
74.4892119625
9.18844628695
8.11875751502
8.11875751502
8.11875882363
8.11875816658
8.11875817703
8.11875804427
8.11875805257
8.1187584827
8.11875812128
8.11875812192
8.11875777169
8.11875864127
8.11875937738
8.11875796935
8.11875757287
8.11875734532
8.11875720938
8.11875748431
11.6790823283
7.54353647267
7.54353647267
7.54353594982
7.5435362093
7.54353625011
7.54353618315
7.54353630939
7.54353631956
7.54353636474
7.54353625421
7.54353635949
7.54353634002
7.5435357756
7.54353623154
7.54353644666
7.54353645111
7.54353641865
7.5435364707
7.83210511766
7.50665524063
7.50665524063
7.50665490635
7.50665507667
7.50665508612
7.50665507641
7.50665512057
7.5066550816
7.50665514485
7.50665510139
7.50665517102
7.50665506658
7.50665480528
7.50665511568
7.50665522813
7.50665526187
7.50665527056
7.50665524476
7.79537443466
7.49809129869
7.49809129869
7.49809123764
7.49809127446
7.49809126495
7.49809127887
7.49809126838
7.49809123701
7.49809127033
7.49809127319
7.49809128324
7.49809121869
7.49809122412
7.49809130072
7.498091293
7.49809132433
7.49809134346
7.49809130292
7.53728855843
7.50079768381
7.50079768381
7.50079766296
7.50079768087
7.50079767008
7.50079768145
7.50079766627
7.50079765323
7.50079767152
7.5007976717
7.50079767344
7.50079764571
7.50079765474
7.50079769194
7.50079767862
7.50079769527
7.50079770597
7.50079768505
7.52626911344
7.50803051677
7.50803051677
7.50803050028
7.50803051678
7.50803050765
7.50803051333
7.50803050201
7.50803050419
7.5080305117
7.50803050689
7.50803050333
7.50803050749
7.508030492
7.50803051506
7.50803051085
7.50803051451
7.50803051598
7.50803051511
7.50865719611
7.50817749843
7.50817749843
7.50817748495
7.5081774998
7.50817749148
7.50817749618
7.50817748598
7.50817748915
7.50817749625
7.50817749179
7.50817748595
7.50817749268
7.50817748423
7.50817749838
7.50817749279
7.50817749662
7.50817749807
7.50817749693
7.50726336091
7.50776842102
7.50776842102
7.5077684116
7.50776842429
7.50776841634
7.50776842061
7.50776841107
7.50776841485
7.50776842163
7.50776841783
7.50776840989
7.50776841812
7.50776841781
7.50776842351
7.50776841566
7.50776842011
7.50776842182
7.50776841978
7.50740441741
7.50763333446
     fun: 7.805487102120336
     jac: array([-0.10131288, -0.04948843, -0.03946388, -0.03891313, -0.01996064,
       -0.04571784, -0.01544118, -0.01219589, -0.01595819, -0.04548508,
       -0.02845192, -0.03279954, -0.00387561,  0.01177931,  0.0235182 ,
        0.00353831])
 message: 'Optimization terminated successfully.'
    nfev: 387
     nit: 19
    njev: 19
  status: 0
 success: True
       x: array([ 0.31574687, -0.80222299,  0.00989209,  0.08118188,  0.15239915,
        0.50370068,  0.01679847, -0.41568035,  0.02310435, -0.49207451,
        0.10655195,  0.01947529, -0.33137759, -0.33292272,  0.23920394,
       -0.29765047])

========================================================

Final result:
0.315746870435
-0.802222991782
0.315746870435
0.00989208768416
0.0811818846294
0.152399151465
0.503700678018
0.0167984707735
-0.415680349654
0.0231043496458
-0.4920745143
0.106551947485
0.106551947485
0.106551947485
0.0194752851582
0.0194752851582
-0.331377593241
0.0880595577071
0.0880595577071
0.0880595577071
-0.332922721471
0.239203940305
-0.297650473691
0.130456418286
0.130456418286
0.130456418286
