24.9499249538
24.9499249538
24.9499240778
24.9499238303
24.9499247827
24.9499262993
24.9499265177
24.949925707
24.9499255775
24.9499254626
24.9499255139
24.9499259478
24.949925272
24.9499253786
24.9499257138
24.9499249745
24.949924987
24.9499251308
24.949924955
86355.5997202
8624.20046989
1196.33118145
190.278824776
33.5005462103
21.5140188297
21.5140188297
21.5140179554
21.5140177606
21.5140186562
21.5140189082
21.5140190504
21.5140184297
21.5140183306
21.5140184159
21.5140181305
21.5140179469
21.514018517
21.5140179327
21.5140182144
21.5140186888
21.5140188294
21.5140189862
21.51401882
29526.7856843
3127.62125861
576.525141851
109.782195501
21.7956356511
15.3977307145
15.3977307145
15.3977305503
15.3977308744
15.3977306781
15.3977303265
15.3977300458
15.3977303457
15.3977305182
15.3977303151
15.3977302339
15.3977298895
15.3977303988
15.3977300827
15.3977300899
15.397730557
15.3977305541
15.3977306186
15.3977306719
2743.61156653
269.779620288
34.4945101346
14.5090006293
14.5090006293
14.5090005954
14.5090008016
14.5090006211
14.5089998696
14.5089997291
14.5089999789
14.5089999598
14.5090002827
14.5089998375
14.5090001162
14.5090004234
14.508999719
14.5090002931
14.5090005143
14.5090006866
14.5090007811
14.5090006379
4078.90161092
404.285607604
42.8768263806
14.1306367774
14.1306367774
14.13063682
14.1306369875
14.1306367879
14.1306359858
14.130635918
14.1306360734
14.1306358715
14.1306362833
14.130636252
14.130635959
14.1306363673
14.1306364132
14.1306359055
14.1306366047
14.1306366639
14.1306365767
14.1306367564
2452.21056562
243.241642243
25.9400904262
13.9002529399
13.9002529399
13.9002530817
13.9002532889
13.9002529718
13.9002521833
13.9002521006
13.9002522522
13.9002521406
13.9002523694
13.9002523669
13.9002518021
13.9002525735
13.9002524884
13.9002522717
13.9002527796
13.9002529789
13.9002529678
13.9002529528
885.023215865
85.3627974158
14.9936662219
13.1168918176
13.1168918176
13.1168921256
13.1168922963
13.116891884
13.1168909743
13.1168909326
13.1168910982
13.116891048
13.1168912586
13.11689113
13.116890839
13.1168913195
13.1168912252
13.1168906923
13.1168916303
13.1168919552
13.1168919749
13.1168918502
3759.16488983
372.56308998
35.9212553089
12.6415200792
12.6415200792
12.6415204409
12.641520494
12.6415201549
12.6415190262
12.641519017
12.6415192411
12.6415192318
12.6415194435
12.6415193041
12.6415188085
12.6415196949
12.641519489
12.6415193687
12.6415199379
12.6415199383
12.6415198026
12.6415200471
560.801875457
55.5964060107
12.9574631344
12.4675226377
12.4675226377
12.4675229674
12.4675230073
12.4675227038
12.4675215145
12.4675214626
12.4675217991
12.4675218248
12.4675219958
12.4675219007
12.4675213506
12.4675222452
12.4675220941
12.4675218996
12.4675224985
12.4675225399
12.4675224259
12.4675226169
168.456380432
17.6377730946
11.7834205764
11.7834205764
11.783420971
11.7834210358
11.7834206574
11.7834194443
11.7834193619
11.7834197281
11.7834197023
11.7834199244
11.7834198876
11.7834192677
11.783420187
11.7834199554
11.7834198119
11.7834204709
11.7834204368
11.7834203585
11.7834205496
112.702173914
14.3198688931
11.4347010568
11.4347010568
11.4347014346
11.4347015434
11.4347011338
11.434699954
11.4346998544
11.434700227
11.4347002221
11.4347004247
11.4347003489
11.4346997898
11.4347006868
11.4347004836
11.4347003097
11.4347009764
11.4347009697
11.4347008083
11.434701041
31.3025808004
10.7141235101
10.7141235101
10.7141237664
10.7141238812
10.7141235589
10.7141228467
10.7141228588
10.7141230601
10.7141230845
10.7141231884
10.714123151
10.7141228661
10.7141233401
10.7141232887
10.7141231464
10.7141234992
10.7141233931
10.7141234047
10.714123482
50.3806345363
10.3126525971
9.43932265846
9.43932265846
9.43932275507
9.43932275974
9.43932267727
9.43932282161
9.43932284037
9.43932285689
9.43932286416
9.43932283363
9.4393228951
9.43932302238
9.43932279082
9.43932295905
9.43932293253
9.43932270268
9.43932263913
9.43932267016
9.43932265306
23.266471787
9.48462138881
9.48462138881
9.48462141881
9.48462143543
9.48462139225
9.48462160015
9.48462168104
9.48462163083
9.48462164504
9.4846215929
9.48462167517
9.48462181524
9.48462153118
9.48462168559
9.48462169494
9.48462142613
9.48462139753
9.48462140838
9.4846213911
12.8225568025
9.45741268659
9.45741268659
9.4574126172
9.45741260081
9.45741267347
9.45741291407
9.45741296792
9.45741286855
9.4574128764
9.45741282194
9.45741286447
9.45741298919
9.45741277265
9.45741284827
9.45741288223
9.45741270828
9.45741270496
9.45741273524
9.45741268998
9.57545998598
9.35083968779
9.35083968779
9.35083962339
9.35083962453
9.35083967593
9.35083969395
9.35083970245
9.35083966394
9.35083966868
9.35083965612
9.35083964448
9.35083964416
9.35083966009
9.35083962168
9.350839642
9.35083966752
9.35083969348
9.35083970827
9.35083968817
9.35842968473
9.33857984404
9.33857984404
9.33857982913
9.33857984449
9.33857984159
9.33857984863
9.33857984042
9.33857984151
9.33857984733
9.33857983307
9.33857984112
9.33857984537
9.33857983302
9.33857983613
9.33857984105
9.33857982749
9.33857984159
9.33857984453
9.33857984307
9.32938149009
9.33302355706
9.33302355706
9.33302354884
9.33302356172
9.33302355669
9.33302356319
9.33302355609
9.33302355757
9.33302356159
9.33302355025
9.33302356001
9.33302356691
9.33302355045
9.33302355968
9.33302356304
9.33302354217
9.33302355423
9.33302355622
9.3330235561
9.32039288017
9.32661140112
9.32661140112
9.32661139164
9.32661140015
9.32661140031
9.32661140187
9.32661139743
9.32661139467
9.32661139695
9.32661138929
9.32661139566
9.32661140034
9.32661139169
9.32661139648
9.32661140024
9.3266113863
9.32661139876
9.32661140195
9.32661140019
9.32204805401
9.32482366506
9.32482366506
9.32482365556
9.32482366444
9.32482366428
9.32482366527
9.32482366041
9.3248236583
9.32482366099
9.32482365284
9.32482365898
9.32482366322
9.32482365523
9.32482365964
9.32482366312
9.32482365029
9.32482366241
9.32482366598
9.32482366405
9.32439939108
9.32460808576
9.32460808576
9.32460807657
9.32460808613
9.32460808502
9.3246080866
9.32460808117
9.32460807994
9.32460808312
9.32460807416
9.32460808068
9.3246080851
9.32460807632
9.32460808122
9.32460808445
9.32460807112
9.32460808284
9.32460808659
9.32460808468
     fun: 9.766627232801506
     jac: array([ 0.0053426 ,  0.00726426,  0.00111473, -0.01635265, -0.02081454,
       -0.01267457, -0.00729501, -0.01254535, -0.01337421, -0.02708459,
       -0.00910223, -0.01545322, -0.0200218 , -0.00191474, -0.00275266,
       -0.00335896, -0.00060344])
 message: 'Optimization terminated successfully.'
    nfev: 442
     nit: 21
    njev: 21
  status: 0
 success: True
       x: array([  6.73729034e-01,  -5.55579910e-01,  -5.20891457e-01,
        -5.19603355e-01,   2.92316560e-01,   2.15823658e-04,
         1.13405017e-01,  -1.58968618e-02,   4.54832174e-01,
         2.68263289e-02,  -1.80109173e-01,  -4.88148119e-01,
         1.55475757e-02,   8.43914888e-01,  -2.79505543e-01,
         2.27079952e-01,  -2.99574942e-01])

========================================================

Final result:
0.67372903408
-0.555579910196
-0.520891457245
0.134247444454
0.134247444454
0.134247444454
-0.519603354631
0.292316560366
0.000215823658227
0.113405017185
-0.0158968618338
0.454832174382
0.0268263288967
0.0268263288967
-0.180109172834
-0.48814811871
0.0155475756838
0.0155475756838
0.843914887552
-0.792837382148
-0.792837382148
-0.279505542944
0.227079952284
-0.299574942476
0.117333511045
0.117333511045
0.117333511045
