15.9721799012
15.9721799012
15.9721798179
15.9721797104
15.9721798752
15.9721796198
15.9721796769
15.9721797739
15.9721797781
15.9721802342
15.9721795305
15.9721805042
15.9721807305
15.9721793136
15.9721810426
15.972180916
15.972180975
15.9721813717
15.9721812598
15.9721808038
15.9721816131
15.9721813357
15.9721797245
15.972179845
15.972179852
154507.843569
15444.429484
2139.00718455
320.069529319
47.6789679006
14.8824448582
14.8824448582
14.8824448279
14.8824447647
14.8824448419
14.8824432612
14.8824432791
14.8824434665
14.8824434155
14.8824436138
14.8824436809
14.882442325
14.8824437891
14.8824435365
14.8824439358
14.8824438231
14.8824439026
14.882444068
14.8824439475
14.8824437497
14.8824441967
14.8824438922
14.882444173
14.8824442089
14.8824447062
67598.5848373
6751.85140621
1143.82069351
206.359818751
36.158139426
12.2625311474
12.2625311474
12.262531149
12.2625310134
12.2625311403
12.2625306631
12.2625308504
12.2625307271
12.2625307232
12.2625307863
12.2625307415
12.2625307162
12.2625304063
12.2625306211
12.2625302015
12.2625301149
12.2625302735
12.2625298338
12.2625297086
12.2625301308
12.2625296348
12.2625293221
12.2625309818
12.2625311253
12.2625311073
8419.83813062
866.248057247
122.633282151
19.2594734077
11.0665668731
11.0665668731
11.0665669457
11.0665669046
11.0665668817
11.0665665637
11.0665667222
11.0665665521
11.0665666802
11.0665662615
11.0665666387
11.0665656517
11.0665659285
11.0665666298
11.0665656445
11.0665657985
11.0665655751
11.0665654111
11.0665654494
11.0665658886
11.0665651869
11.0665652014
11.0665667932
11.0665669109
11.0665668539
2857.40224005
283.598159912
28.1325971811
10.8485381856
10.8485381856
10.8485383378
10.8485383195
10.8485382099
10.8485377813
10.8485379316
10.8485378415
10.8485378902
10.8485375952
10.8485380664
10.8485370996
10.8485371943
10.8485382883
10.8485370199
10.8485369238
10.8485370672
10.8485367352
10.8485366445
10.8485368789
10.8485365688
10.8485363759
10.8485380416
10.8485379643
10.8485381545
1390.25220028
137.852158971
16.199236275
10.7084018623
10.7084018623
10.7084019356
10.7084018683
10.7084018705
10.7084014272
10.7084016058
10.708401476
10.708401445
10.7084012824
10.708401745
10.7084008624
10.7084008562
10.7084020118
10.7084005874
10.7084006598
10.7084005802
10.7084003148
10.7084003522
10.708400691
10.708400076
10.7084001622
10.7084016992
10.7084015859
10.7084018283
1324.27414523
130.591610203
14.9809010051
10.4156074572
10.4156074572
10.4156075152
10.4156074921
10.4156074623
10.4156070606
10.4156071854
10.4156070923
10.4156070693
10.4156068408
10.415607374
10.4156063633
10.4156063956
10.4156075648
10.4156062004
10.4156061441
10.4156063004
10.4156058741
10.4156058782
10.4156061275
10.4156056274
10.4156057197
10.4156074077
10.4156073885
10.4156074514
776.440542737
76.4670903711
11.7044376455
10.2096640609
10.2096640609
10.2096642385
10.2096643282
10.2096640905
10.209663639
10.209663677
10.2096637083
10.2096637255
10.2096634576
10.2096639733
10.2096630078
10.209662997
10.2096641504
10.2096627585
10.2096627755
10.2096628616
10.2096624088
10.2096624479
10.209662835
10.2096621399
10.2096622859
10.2096639895
10.209663933
10.2096640495
2478.20445626
246.689433049
25.4067403569
10.1501219098
10.1501219098
10.1501218928
10.1501219098
10.1501219031
10.1501216699
10.1501217667
10.1501215697
10.1501215073
10.1501212733
10.1501218104
10.1501207602
10.1501208115
10.1501220023
10.150120626
10.1501205704
10.150120771
10.1501202847
10.1501202584
10.150120628
10.1501200867
10.1501200773
10.1501217853
10.1501216732
10.1501218857
392.652076644
39.5402658018
10.4688675321
10.0867325252
10.0867325252
10.0867325023
10.086732531
10.0867325169
10.0867322786
10.0867323456
10.086732192
10.0867321328
10.086731895
10.0867324408
10.0867314106
10.0867314127
10.0867326224
10.0867312107
10.0867311727
10.0867313181
10.0867309094
10.086730872
10.0867312253
10.0867307588
10.0867306929
10.0867324241
10.0867323217
10.086732507
143.609129337
16.2812242068
9.96091206807
9.96091206807
9.96091202808
9.96091203641
9.96091205635
9.96091182556
9.96091184671
9.96091175226
9.96091169514
9.96091145275
9.9609120203
9.96091093289
9.96091102225
9.96091221006
9.96091081783
9.9609107859
9.96091091199
9.96091048761
9.96091044278
9.96091083925
9.960910296
9.96091020189
9.96091199117
9.96091187072
9.96091205661
380.374002059
38.0206409039
10.1357307463
9.85551578751
9.85551578751
9.85551578669
9.85551578351
9.85551578629
9.85551558821
9.85551561458
9.85551548108
9.8555153977
9.85551518924
9.85551573122
9.85551469392
9.85551476146
9.85551589456
9.85551455332
9.85551451593
9.85551462261
9.85551423596
9.85551420945
9.85551451894
9.85551402736
9.85551399768
9.85551570726
9.85551558182
9.85551577523
81.7033796323
11.2276634112
9.54694902645
9.54694902645
9.54694903638
9.54694897109
9.54694902713
9.54694885227
9.54694885168
9.54694878515
9.54694876585
9.54694849582
9.54694899343
9.54694805138
9.54694808317
9.54694913615
9.54694789423
9.54694785946
9.546947997
9.54694759319
9.54694757991
9.54694788893
9.54694743114
9.54694744183
9.54694895045
9.54694882107
9.54694901294
297.585765634
29.6911839355
9.46702331767
9.38580502719
9.38580502719
9.38580509106
9.38580499153
9.38580504129
9.38580487287
9.38580492421
9.38580478732
9.38580470449
9.38580452791
9.38580501724
9.385804116
9.38580414203
9.38580516439
9.38580396206
9.38580394432
9.38580406532
9.38580368291
9.38580365676
9.38580400961
9.38580356601
9.38580351394
9.38580498537
9.38580487628
9.38580502261
107.250150101
13.2461892232
8.15394189076
8.15394189076
8.15394188366
8.15394190332
8.15394189013
8.15394196755
8.153941961
8.15394190574
8.15394188723
8.15394178377
8.15394197638
8.15394166206
8.15394165513
8.15394208364
8.15394155026
8.15394157078
8.1539415801
8.1539414227
8.1539414401
8.15394157488
8.15394139794
8.15394143607
8.15394190616
8.15394188078
8.15394189067
48.292065185
8.61746424616
7.61466242852
7.61466242852
7.61466242402
7.61466244741
7.61466242801
7.61466261783
7.61466261077
7.61466259513
7.61466259659
7.61466255156
7.61466259758
7.61466263174
7.61466256057
7.61466261239
7.61466255071
7.61466258285
7.61466254778
7.61466255876
7.61466258955
7.6146625919
7.6146625663
7.61466263668
7.61466251906
7.61466248105
7.61466244518
27.6471067282
7.78092371875
7.5615647729
7.5615647729
7.56156477468
7.56156478783
7.56156477416
7.56156498024
7.56156494885
7.56156494907
7.5615649534
7.56156492048
7.56156492502
7.56156502644
7.56156494853
7.56156495505
7.56156495687
7.5615649876
7.56156494904
7.56156498761
7.56156501769
7.56156499836
7.56156499621
7.56156506719
7.56156485229
7.56156484334
7.56156478627
9.49207837467
7.5482452074
7.5482452074
7.54824520864
7.54824521973
7.548245205
7.54824534391
7.54824532216
7.54824533157
7.54824533898
7.54824533625
7.54824529842
7.54824542152
7.548245386
7.54824531212
7.5482454057
7.54824542603
7.54824539158
7.54824544695
7.54824546628
7.54824543108
7.54824546871
7.54824551891
7.5482452675
7.54824525593
7.5482452201
7.99089205572
7.53339903671
7.53339903671
7.53339903835
7.53339904261
7.53339903254
7.53339907699
7.53339906731
7.53339908044
7.5333990819
7.53339909229
7.53339905988
7.53339912176
7.53339912349
7.53339906145
7.53339913704
7.53339915369
7.53339913422
7.53339916742
7.53339918008
7.53339914812
7.53339918548
7.53339920258
7.53339905629
7.53339905369
7.53339903833
8.66475104899
7.52113266342
7.52113266342
7.52113266463
7.52113266606
7.52113265904
7.52113266173
7.52113265888
7.52113267056
7.5211326698
7.52113268333
7.52113265798
7.52113268591
7.52113270194
7.52113265584
7.52113271552
7.52113271741
7.52113270837
7.52113273392
7.52113273447
7.5211327169
7.52113274261
7.5211327489
7.52113266532
7.52113266609
7.52113266035
7.53981951378
7.50158543994
7.50158543994
7.50158544021
7.50158543931
7.50158543642
7.50158541522
7.50158541908
7.50158542414
7.50158542407
7.50158543351
7.50158541839
7.50158542088
7.50158543696
7.50158541805
7.50158544376
7.50158544282
7.5015854408
7.50158545007
7.50158544747
7.50158544059
7.50158545184
7.50158544778
7.50158543281
7.50158543357
7.50158543565
7.49964995436
7.49961470799
7.49961470799
7.49961470813
7.4996147066
7.49961470414
7.49961469611
7.49961470244
7.4996147026
7.49961470314
7.49961470833
7.49961469624
7.4996147038
7.4996147064
7.4996146988
7.49961471002
7.49961470925
7.49961470819
7.49961471274
7.49961471044
7.49961470783
7.4996147111
7.49961470791
7.4996147057
7.49961470605
7.49961470496
7.50404162597
7.50109084523
7.50109084523
7.50109084513
7.50109084364
7.50109084142
7.50109084187
7.50109084895
7.5010908467
7.50109084759
7.50109084974
7.50109084004
7.5010908492
7.50109084562
7.50109084484
7.50109084826
7.5010908481
7.50109084664
7.50109084964
7.50109084801
7.50109084689
7.50109084672
7.50109084519
7.50109084631
7.50109084578
7.50109084287
7.50049223108
7.50082775404
7.50082775404
7.50082775391
7.50082775262
7.50082775028
7.50082774923
7.50082775595
7.50082775396
7.50082775471
7.50082775631
7.50082774811
7.50082775304
7.50082775214
7.50082775332
7.50082775472
7.50082775474
7.50082775321
7.50082775632
7.50082775487
7.50082775359
7.50082775346
7.50082775234
7.50082775449
7.50082775354
7.50082775155
7.50007846987
7.50056931102
7.50056931102
7.5005693109
7.5005693097
7.50056930725
7.50056930532
7.5005693118
7.50056931001
7.50056931067
7.50056931205
7.50056930461
7.50056930737
7.50056930788
7.50056930995
7.5005693105
7.50056931057
7.50056930901
7.50056931213
7.50056931077
7.50056930942
7.50056930935
7.50056930841
7.50056931107
7.50056930994
7.50056930846
7.50034543091
     fun: 7.6011299628822195
     jac: array([ -9.00626183e-05,   1.81883574e-03,  -1.08987093e-03,
        -3.46856713e-02,  -3.37521434e-02,  -3.24386358e-02,
        -3.18961740e-02,  -3.90695930e-02,  -2.17733383e-02,
        -8.51690769e-02,  -3.75307202e-02,  -1.77693367e-02,
        -3.36387753e-02,  -3.46344709e-02,  -3.67971659e-02,
        -2.81826854e-02,  -2.86948681e-02,  -3.45671773e-02,
        -2.79539227e-02,  -2.61546373e-02,  -1.41680837e-02,
        -1.90504193e-02,  -3.02714109e-03])
 message: 'Optimization terminated successfully.'
    nfev: 682
     nit: 25
    njev: 25
  status: 0
 success: True
       x: array([ 0.40145056, -0.42903846, -0.39104283, -0.24611271,  0.2064691 ,
       -0.05791653,  0.12734729, -0.36874258,  0.581769  ,  0.18243705,
        0.1536052 , -0.48144367, -0.19420134, -0.11332342,  0.35278798,
        0.01321334, -0.19727546,  0.21611201,  0.2341949 ,  0.38325783,
       -0.4102529 ,  0.27412873, -0.27612778])

========================================================

Final result:
0.401450557727
-0.429038463811
-0.391042827651
0.139543577912
0.139543577912
0.139543577912
-0.246112712288
0.206469099899
-0.0579165319134
0.127347286508
-0.368742580224
0.581769000104
0.182437052366
0.182437052366
0.153605195936
-0.481443671305
-0.194201343955
-0.113323421584
0.352787980687
0.0132133445585
-0.1972754571
0.216112005055
0.234194904272
0.383257833012
-0.410252904757
0.274128731675
-0.276127780528
0.145878972406
0.145878972406
0.145878972406
