LEU_charged_methyl.filelist
9.54778159355
9.54778159355
9.54778046525
9.54778119791
9.54778111588
9.54778120297
9.54778124501
9.54778078036
9.54778082732
9.54778145043
9.54778072156
9.54778143537
9.54778153524
9.54778196781
9.54778203313
9.54778166967
35060.9603237
3501.32794058
533.11671447
90.4667396801
15.6526019676
7.96037697746
7.96037697746
7.96037809121
7.96037728073
7.96037700964
7.96037706319
7.96037696506
7.96037672017
7.96037688886
7.96037699028
7.96037671002
7.96037702527
7.96037698138
7.96037734383
7.960377375
7.96037705218
7812.65488366
852.514954813
162.5006928
31.618027135
6.58622735263
6.58622735263
6.58622806695
6.58622760703
6.58622766478
6.58622760847
6.58622764449
6.58622783341
6.58622808245
6.5862274304
6.58622812914
6.58622736852
6.58622738248
6.58622720821
6.58622697938
6.58622732286
448.236820193
43.4458128211
7.37197330955
6.26535422741
6.26535422741
6.26535508491
6.26535452984
6.26535458695
6.26535455903
6.26535448961
6.26535479876
6.2653548058
6.26535432248
6.26535509549
6.26535431583
6.26535426462
6.26535400601
6.26535376205
6.26535418111
315.223393874
29.2263105585
6.08428101062
5.44043274091
5.44043274091
5.44043387285
5.44043314063
5.44043321876
5.44043317039
5.44043311799
5.44043347446
5.44043359236
5.4404328886
5.44043368752
5.44043289623
5.44043279949
5.44043244465
5.44043226478
5.44043267936
81.9773309502
8.32054777217
5.13064242303
5.13064242303
5.13064367502
5.13064285638
5.13064291034
5.13064281877
5.13064280697
5.13064320868
5.13064330937
5.13064255132
5.13064340723
5.13064252159
5.13064247355
5.13064207656
5.13064190486
5.13064235127
114.035792071
11.5946826331
5.03749493872
5.03749493872
5.03749615498
5.037495369
5.03749545859
5.03749540475
5.03749531877
5.03749577077
5.0374957941
5.03749506032
5.03749595
5.03749501984
5.03749498567
5.03749464195
5.03749451403
5.03749487841
130.149678032
12.9814190235
4.9433626002
4.9433626002
4.94336378944
4.94336301137
4.94336306417
4.94336293829
4.94336296849
4.9433633917
4.94336343209
4.94336275163
4.94336359475
4.94336277711
4.94336265962
4.94336231216
4.94336217665
4.94336254216
22.4504791636
3.69530742332
3.69530742332
3.69530645048
3.69530709757
3.69530707987
3.69530712425
3.69530713438
3.69530693034
3.69530673275
3.69530733397
3.69530666532
3.69530738161
3.69530738672
3.69530755572
3.69530773288
3.69530745041
3.80383076817
2.69867974755
2.69867974755
2.69867893871
2.69867947283
2.69867943632
2.69867948601
2.69867949715
2.69867925984
2.69867915214
2.69867966291
2.69867909293
2.69867969551
2.69867971193
2.69867988286
2.69868006125
2.69867977396
9.80214806551
2.28508690743
2.28508690743
2.28508761235
2.28508714117
2.28508711851
2.2850870948
2.28508708668
2.28508717053
2.28508733384
2.28508695518
2.28508735233
2.28508692594
2.28508692373
2.28508688145
2.28508675254
2.28508690145
1.77627404769
1.77627404769
1.77627368526
1.77627394738
1.77627400448
1.77627400704
1.7762740178
1.77627404046
1.77627397953
1.77627403192
1.77627404484
1.77627403692
1.77627403915
1.7762739851
1.77627397907
1.7762740339
1.94748925717
1.76119704383
1.76119704383
1.76119698682
1.76119703033
1.76119702873
1.76119703318
1.76119702714
1.76119701953
1.76119699195
1.7611970386
1.76119699811
1.76119705407
1.76119703908
1.76119704285
1.7611970589
1.76119704282
1.74810220419
1.7428778837
1.7428778837
1.7428778119
1.74287786416
1.74287785883
1.74287786158
1.74287786678
1.74287783997
1.74287784298
1.74287787162
1.74287784123
1.74287787431
1.74287787614
1.74287789976
1.74287790313
1.74287788621
1.76692119759
1.74897806563
1.74897806563
1.74897802602
1.74897805783
1.74897805626
1.74897805845
1.74897806018
1.74897804647
1.74897804967
1.74897805859
1.74897805765
1.74897806248
1.74897806003
1.74897807089
1.74897806673
1.74897806589
1.7519951281
1.74944885801
1.74944885801
1.74944885668
1.74944886218
1.74944885752
1.7494488591
1.74944885851
1.74944884863
1.74944885419
1.74944885368
1.74944886032
1.74944885834
1.7494488535
1.74944886287
1.74944885842
1.74944885819
1.75176985085
1.75027091413
1.75027091413
1.75027090951
1.7502709173
1.75027091301
1.7502709143
1.7502709146
1.75027090424
1.75027091092
1.75027090951
1.75027091614
1.75027091367
1.7502709095
1.75027091915
1.75027091442
1.75027091435
1.75008586769
1.75018718311
     fun: 1.9210271930775602
     jac: array([ 0.0280197 ,  0.00776449, -0.00051512, -0.00318408,  0.00385666,
       -0.01044926,  0.01275811,  0.00055481, -0.01866253, -0.00068036,
       -0.00117753,  0.01037252,  0.02336714,  0.00173509])
 message: 'Optimization terminated successfully.'
    nfev: 303
     nit: 17
    njev: 17
  status: 0
 success: True
       x: array([ 0.34328136, -0.47606384, -0.05443419,  0.14709956, -0.33254077,
        0.69604649,  0.16066273,  0.02370037, -0.49325839,  0.09226871,
       -0.39992208, -0.52712222,  0.31164568, -0.30586719])

========================================================

Final result:
0.343281361393
0.343281361393
-0.47606383618
0.343281361393
-0.0544341927599
0.147099558427
-0.332540765381
0.696046489462
0.160662727561
0.160662727561
0.0237003749761
-0.493258392517
0.0922687103226
-0.399922080908
-0.399922080908
0.140976112695
0.140976112695
0.140976112695
0.140976112695
0.140976112695
0.140976112695
-0.527122219954
0.311645684385
-0.305867187703
0.173781241091
0.173781241091
0.173781241091
