18.98546922
18.98546922
18.9854685923
18.9854683225
18.9854690933
18.9854682531
18.98546848
18.9854679382
18.9854679149
18.9854682287
18.9854673575
18.9854672063
18.9854685651
18.9854671296
18.9854680661
18.985468701
18.9854684943
18.9854690993
18.9854695801
18.9854697974
18.9854692842
182999.972647
18290.7711121
2474.54631804
412.304612739
68.594423189
17.5485350623
17.5485350623
17.5485345273
17.5485342762
17.5485349559
17.5485365666
17.5485368288
17.5485362119
17.5485361791
17.5485362442
17.5485358156
17.5485376065
17.5485360232
17.5485356921
17.5485371593
17.5485355385
17.5485354639
17.548535214
17.5485354205
17.548535592
17.5485351306
23748.0053514
2808.80464402
513.114223795
96.0593999377
18.8900259525
13.0812579323
13.0812579323
13.0812578729
13.0812580017
13.0812579169
13.0812595403
13.0812595051
13.0812595154
13.0812596373
13.081259326
13.0812595161
13.081260919
13.0812588904
13.081259666
13.0812598677
13.0812584125
13.0812583748
13.0812580902
13.0812578683
13.0812577592
13.0812579122
3330.144644
329.987366616
34.9684797617
12.7311361272
12.7311361272
12.7311362941
12.7311365118
12.7311361566
12.7311375443
12.7311374401
12.7311376587
12.7311378167
12.7311375702
12.7311376522
12.7311391541
12.7311373085
12.7311377911
12.7311385758
12.7311369106
12.731137064
12.7311363779
12.7311361515
12.7311360709
12.731136128
3422.9547823
339.882687072
33.6900871637
12.5057856723
12.5057856723
12.5057857098
12.5057858363
12.505785679
12.5057873251
12.505787323
12.5057872863
12.505787313
12.5057870616
12.5057874282
12.5057885363
12.5057867476
12.5057876511
12.5057877981
12.5057864703
12.505786739
12.505785926
12.50578566
12.5057855666
12.5057856697
1016.93674803
100.272020826
14.5320302726
12.2717257276
12.2717257276
12.2717258766
12.2717259992
12.2717257586
12.2717273662
12.2717273918
12.2717273523
12.2717273177
12.2717271631
12.2717275393
12.2717287495
12.2717268047
12.2717277545
12.2717278535
12.2717264834
12.2717266978
12.2717259682
12.271725793
12.2717257375
12.2717257452
1130.57865728
112.2523284
15.5575269554
12.1645463714
12.1645463714
12.1645464947
12.1645465788
12.1645463976
12.1645480012
12.1645480445
12.164547979
12.1645478966
12.1645477932
12.1645482234
12.1645493252
12.1645474912
12.1645484573
12.1645486667
12.1645471182
12.1645472913
12.1645466087
12.1645463301
12.1645462371
12.1645463663
746.379903707
73.0135462826
12.7845429627
11.8227628285
11.8227628285
11.8227629916
11.8227630574
11.8227628626
11.8227644727
11.8227644906
11.8227644832
11.8227644212
11.8227642926
11.8227647386
11.8227659054
11.8227639335
11.8227648505
11.8227650147
11.8227636103
11.822763849
11.8227630731
11.8227627274
11.8227627037
11.8227628103
947.799398548
94.7053570124
14.5883433119
11.7891059177
11.7891059177
11.7891060984
11.7891061827
11.7891059553
11.789107595
11.7891075911
11.7891076035
11.7891075835
11.7891073589
11.7891078517
11.7891088873
11.7891070261
11.7891079435
11.7891081505
11.7891066782
11.7891068908
11.7891061559
11.7891058463
11.7891058473
11.7891059063
283.665607973
29.0852868039
11.6800095087
11.6800095087
11.6800096276
11.6800096489
11.6800095299
11.680011029
11.6800109846
11.6800111381
11.6800111327
11.6800109264
11.6800114488
11.6800124612
11.6800105831
11.6800115922
11.6800116523
11.6800102529
11.6800104752
11.6800097378
11.6800094802
11.6800094511
11.6800095097
328.906411738
31.7922778926
11.2297916451
11.2297916451
11.2297919166
11.2297918589
11.2297917022
11.2297930486
11.2297930571
11.2297931193
11.2297931213
11.2297929194
11.229793351
11.2297942888
11.2297926025
11.2297935304
11.2297935451
11.2297923111
11.2297925355
11.2297918389
11.2297916302
11.2297914443
11.2297916485
82.7067179862
11.3426007858
9.95586301368
9.95586301368
9.95586324859
9.95586332523
9.95586306387
9.95586415586
9.95586402236
9.9558642091
9.95586416177
9.95586401591
9.95586448047
9.95586509258
9.95586375838
9.95586458208
9.95586446674
9.95586354006
9.95586374071
9.95586315302
9.95586298346
9.95586276052
9.95586301774
123.567818469
11.9002965026
8.21946594639
8.21946594639
8.21946623657
8.21946632375
8.21946600411
8.21946642821
8.21946634729
8.21946657378
8.21946658261
8.21946644121
8.2194668283
8.21946695395
8.219466298
8.21946696984
8.21946655996
8.21946622874
8.2194663521
8.21946600912
8.21946582247
8.21946566014
8.21946592549
19.1039647313
7.8572503039
7.8572503039
7.85725047473
7.85725049349
7.8572503405
7.85724977633
7.85724962502
7.8572498407
7.85724984338
7.85724984054
7.85724990316
7.85724934433
7.85724992727
7.85724996665
7.85724950565
7.8572500842
7.85725007619
7.85725025369
7.85725019436
7.85725015005
7.85725028019
52.7584733387
8.61411734207
7.7152650352
7.7152650352
7.71526515145
7.71526518939
7.71526505816
7.71526430249
7.71526421278
7.7152643817
7.71526439149
7.71526441072
7.7152644273
7.71526374587
7.71526453483
7.71526443314
7.71526401112
7.71526471913
7.71526470399
7.71526495728
7.71526495231
7.71526490545
7.71526501768
10.5747427593
7.59944243725
7.59944243725
7.59944248751
7.59944249592
7.59944244688
7.59944188982
7.5994418414
7.59944192981
7.59944193008
7.59944196266
7.59944193885
7.59944145957
7.59944207199
7.59944191244
7.59944167709
7.59944222185
7.59944215194
7.59944241102
7.59944240463
7.59944237744
7.59944243002
33.8159505904
7.70771908805
7.37008894026
7.37008894026
7.37008887501
7.37008884253
7.3700889269
7.37008876129
7.37008877986
7.37008872591
7.37008871506
7.37008876266
7.3700886591
7.37008858882
7.37008881955
7.37008861707
7.37008871501
7.37008884385
7.37008881088
7.37008893091
7.37008897403
7.37008901636
7.37008894432
7.40465792628
7.32718295333
7.32718295333
7.32718292008
7.32718291367
7.3271829455
7.32718292621
7.32718293577
7.32718290962
7.32718290995
7.32718291561
7.32718288113
7.32718289578
7.32718293179
7.32718287098
7.32718292425
7.32718293075
7.32718292231
7.32718296349
7.32718296596
7.32718298379
7.32718295434
7.40846722154
7.32709085265
7.32709085265
7.32709084201
7.32709084859
7.32709084949
7.32709085634
7.32709085737
7.32709085445
7.32709085794
7.32709084996
7.3270908464
7.32709086244
7.32709085316
7.32709085116
7.32709086047
7.32709084673
7.32709085186
7.32709086761
7.32709085238
7.32709085505
7.32709085089
7.32313896483
7.32414089165
7.32414089165
7.32414088546
7.32414089055
7.32414088951
7.32414089574
7.32414089635
7.32414089503
7.32414089743
7.32414088986
7.3241408907
7.32414090375
7.3241408935
7.32414089526
7.32414090142
7.32414088703
7.32414089514
7.32414090579
7.3241408917
7.32414089217
7.32414088995
7.30538609686
7.31625180804
7.31625180804
7.31625180269
7.31625180601
7.31625180603
7.31625181297
7.31625181417
7.31625181212
7.31625181321
7.31625180727
7.31625180807
7.31625182192
7.31625181079
7.3162518116
7.31625181996
7.31625180392
7.31625181297
7.3162518216
7.31625180904
7.3162518095
7.31625180681
7.31112881549
7.31460950286
7.31460950286
7.31460949766
7.3146095013
7.31460950093
7.31460950716
7.31460950809
7.31460950647
7.3146095077
7.31460950156
7.31460950254
7.31460951561
7.31460950503
7.3146095062
7.31460951357
7.31460949833
7.3146095073
7.3146095162
7.31460950357
7.31460950391
7.3146095015
7.31363689752
7.31414886014
7.31414886014
7.31414885522
7.31414885941
7.31414885823
7.31414886322
7.31414886372
7.31414886281
7.31414886432
7.31414885781
7.31414885905
7.31414887072
7.31414886136
7.31414886301
7.31414886873
7.31414885495
7.31414886379
7.31414887325
7.31414886029
7.31414886048
7.31414885866
7.31431400701
7.31420519259
     fun: 7.618171314291865
     jac: array([-0.00659847, -0.00809228, -0.00207192,  0.03190958,  0.03524369,
        0.02667964,  0.0270561 ,  0.02653134,  0.0260815 ,  0.05438948,
        0.01978773,  0.0213542 ,  0.04139912,  0.01065338,  0.01003075,
        0.00291932,  0.00525689,  0.00419331,  0.0009948 ])
 message: 'Optimization terminated successfully.'
    nfev: 533
     nit: 23
    njev: 23
  status: 0
 success: True
       x: array([ 0.54017991, -0.48899674, -0.46851308, -0.37896226,  0.24763014,
       -0.05396115,  0.11572929, -0.09878787,  0.53954352,  0.07620285,
       -0.27199327, -0.49206493,  0.0971358 ,  0.68686008, -0.51988984,
       -0.89025073, -0.36373592,  0.25465226, -0.28378062])

========================================================

Final result:
0.540179906043
-0.488996744638
-0.468513083699
0.139109974098
0.139109974098
0.139109974098
-0.378962261201
0.24763014417
-0.053961149291
0.115729291079
-0.0987878652531
0.539543517835
0.0762028472562
0.0762028472562
-0.271993273162
-0.492064926627
0.0971358016239
0.0971358016239
0.686860081753
-0.519889837171
-0.890250729976
0.384734855042
0.384734855042
-0.363735924578
0.254652261806
-0.283780620756
0.130954761176
0.130954761176
0.130954761176
