16.2967636274
16.2967636274
16.2967629038
16.2967627113
16.2967634803
16.296763023
16.2967631824
16.2967626749
16.2967626761
16.2967629134
16.2967620963
16.2967628372
16.2967629546
16.2967632305
16.2967618903
16.2967616545
16.2967628591
16.296763542
16.296763933
16.2967641106
16.2967636792
143011.543167
14293.9168691
1898.95391254
300.256073758
47.5336051471
14.7700143613
14.7700143613
14.7700137053
14.770013576
14.7700142279
14.7700153275
14.7700154613
14.7700149842
14.7700150156
14.7700149188
14.7700146504
14.7700148356
14.7700151755
14.770014725
14.7700145492
14.7700170184
14.7700152075
14.7700144276
14.7700145914
14.7700147261
14.770014402
22660.4698349
2561.1828888
467.149491441
87.8884369815
16.9107669679
10.9636840827
10.9636840827
10.9636839008
10.9636841493
10.9636840431
10.9636853213
10.9636852052
10.9636851809
10.9636853869
10.9636847916
10.9636851652
10.9636847034
10.9636848579
10.9636845049
10.9636852921
10.9636864668
10.9636850463
10.963684154
10.9636839586
10.9636838956
10.9636840485
9576.98840993
955.370060557
93.7491764955
13.1718856095
10.6385758657
10.6385758657
10.6385758502
10.6385761726
10.6385758573
10.6385768004
10.6385766116
10.6385768313
10.6385770503
10.6385765655
10.6385768567
10.6385764772
10.6385768165
10.6385762163
10.6385769892
10.6385789109
10.6385765909
10.638575923
10.6385757209
10.6385756438
10.6385758279
4524.23189962
449.537386594
49.9643092287
10.9671167314
10.1035405729
10.1035405729
10.1035406354
10.1035409016
10.1035405818
10.1035415505
10.1035414425
10.1035415917
10.1035417083
10.1035414135
10.1035416467
10.1035414462
10.1035415334
10.1035411227
10.103541843
10.1035435423
10.103541854
10.1035406738
10.1035404909
10.1035403999
10.1035405516
2960.32732437
294.275704103
29.2098901152
9.98737466425
9.98737466425
9.98737465196
9.9873747941
9.98737465972
9.98737569293
9.98737569997
9.98737569316
9.98737562445
9.98737552814
9.98737593168
9.98737571427
9.98737564551
9.98737506212
9.98737625799
9.98737769068
9.98737542212
9.98737473235
9.98737454481
9.98737439565
9.98737464055
1371.8961831
135.606733588
15.1521121531
9.75914205554
9.75914205554
9.75914217935
9.75914237268
9.75914207906
9.75914314245
9.75914311167
9.75914316929
9.75914317516
9.75914291786
9.75914339954
9.75914302513
9.75914304872
9.75914245849
9.75914365016
9.75914513046
9.75914283567
9.75914212381
9.7591421202
9.75914209784
9.75914207496
1989.01585212
197.089181161
20.0382515961
9.52126750813
9.52126750813
9.5212676015
9.52126770519
9.5212675262
9.5212685643
9.52126855577
9.52126859361
9.52126852059
9.52126831326
9.52126897137
9.52126827429
9.52126851793
9.52126795059
9.52126925189
9.52127070067
9.52126847556
9.52126758584
9.52126736631
9.52126727532
9.5212674849
773.770351735
75.6785489696
10.9010230658
9.18650356703
9.18650356703
9.18650375282
9.18650383049
9.18650360517
9.18650467404
9.18650467069
9.18650472197
9.18650465828
9.18650444977
9.18650509101
9.18650449506
9.18650461004
9.18650402329
9.18650525348
9.18650682243
9.18650451785
9.18650364741
9.18650335305
9.18650331481
9.18650352687
287.805787505
29.1023471558
9.24797773326
9.10143174716
9.10143174716
9.10143190354
9.10143196679
9.10143177675
9.10143281553
9.10143277211
9.10143291711
9.10143288953
9.10143263943
9.10143330652
9.10143268792
9.10143279028
9.10143220799
9.10143346918
9.10143499287
9.10143270613
9.10143182889
9.10143154638
9.10143151071
9.10143171086
161.895126153
16.7289405414
8.84303433935
8.84303433935
8.84303457922
8.84303459101
8.84303438873
8.84303539283
8.84303537472
8.84303547474
8.84303544803
8.84303520368
8.84303582739
8.84303524069
8.84303534949
8.84303478757
8.84303603972
8.84303748663
8.843035268
8.84303442023
8.84303419385
8.84303403088
8.8430343161
51.6248523587
8.73946360318
8.24343667969
8.24343667969
8.24343689496
8.24343699265
8.24343672446
8.24343762601
8.24343753558
8.24343769633
8.2434376241
8.24343744328
8.24343807649
8.2434374829
8.24343756169
8.24343707819
8.24343819401
8.24343941453
8.24343749278
8.2434367553
8.24343654842
8.24343636954
8.24343666333
84.187576818
8.51909928116
7.19721331285
7.19721331285
7.19721356649
7.19721365508
7.19721336219
7.19721389451
7.19721389001
7.19721403132
7.19721400577
7.19721385724
7.19721435189
7.19721388339
7.19721391544
7.19721359778
7.19721449069
7.19721515675
7.19721386348
7.19721337323
7.19721316809
7.1972130404
7.19721328942
40.6157006542
7.38613046958
6.82102959217
6.82102959217
6.82102984976
6.82102989935
6.82102964569
6.82102997695
6.82102990138
6.82103007442
6.82103003889
6.82102995009
6.82103031571
6.82102997632
6.82102997507
6.82102977649
6.82103045281
6.82103074537
6.82102993655
6.82102963351
6.8210294593
6.821029372
6.82102956855
19.9286553769
6.67560267441
6.67560267441
6.675602744
6.67560274236
6.67560268678
6.67560209089
6.67560209762
6.67560214882
6.67560214263
6.67560225456
6.67560210314
6.67560228281
6.67560216966
6.67560242977
6.67560204908
6.67560109897
6.67560219885
6.67560261813
6.6756026985
6.67560269856
6.67560267983
6.51632817363
6.51632817363
6.51632802025
6.51632797414
6.51632814173
6.51632827261
6.51632831004
6.51632820157
6.51632820348
6.51632821154
6.5163280976
6.5163282096
6.51632826702
6.51632820726
6.516328053
6.51632849077
6.51632828135
6.5163281838
6.51632824103
6.51632829621
6.51632818459
6.49898648745
6.40076478423
6.40076478423
6.40076468819
6.40076467556
6.40076476388
6.40076497237
6.40076498712
6.40076492504
6.40076493041
6.40076489785
6.40076487979
6.400764892
6.4007649442
6.40076485019
6.40076487601
6.40076529667
6.40076495113
6.40076479319
6.40076480746
6.40076483416
6.40076478744
6.51488675708
6.34938116031
6.34938116031
6.3493811482
6.34938116443
6.34938115679
6.34938124064
6.34938123391
6.34938123425
6.34938124057
6.3493812023
6.34938123757
6.34938121015
6.34938121612
6.34938117857
6.34938125691
6.34938134111
6.34938121888
6.34938116007
6.34938114793
6.34938114564
6.34938115676
6.38638135341
6.34418652177
6.34418652177
6.34418652168
6.34418653526
6.34418652079
6.34418655074
6.34418654519
6.34418655228
6.34418655457
6.34418653247
6.34418655631
6.34418654199
6.34418654062
6.34418652049
6.34418657144
6.3441865816
6.34418654177
6.34418651778
6.34418651166
6.34418650813
6.34418651893
6.32930806754
6.33543080044
6.33543080044
6.3354307966
6.33543080158
6.33543079869
6.33543080222
6.33543080208
6.33543080358
6.33543080202
6.33543079516
6.33543079977
6.33543080566
6.33543080295
6.33543079229
6.33543080595
6.33543081276
6.33543080674
6.33543079507
6.33543079945
6.33543080036
6.33543079974
6.33101834694
6.33372949823
6.33372949823
6.33372949324
6.33372949832
6.33372949625
6.33372949854
6.33372949837
6.33372949924
6.33372949847
6.33372949102
6.33372949422
6.33372950115
6.33372949824
6.33372948915
6.33372949957
6.33372950256
6.3337295027
6.33372949266
6.33372949758
6.33372949885
6.3337294975
6.33370382102
6.33370532379
6.33370532379
6.33370531838
6.33370532388
6.3337053217
6.33370532318
6.33370532278
6.33370532369
6.33370532343
6.33370531527
6.33370531807
6.33370532517
6.33370532197
6.33370531395
6.33370532325
6.33370532227
6.33370532672
6.33370531807
6.33370532295
6.33370532428
6.33370532303
6.33404076601
6.33379303155
6.33379303155
6.33379302603
6.33379303163
6.33379302944
6.33379303063
6.33379303019
6.33379303112
6.33379303095
6.33379302268
6.33379302535
6.33379303254
6.33379302927
6.3337930215
6.33379303052
6.33379302859
6.33379303404
6.33379302578
6.33379303068
6.33379303201
6.33379303076
     fun: 6.586059752930421
     jac: array([  5.17427921e-03,   7.73137808e-03,   1.27261877e-03,
         8.32706690e-03,   5.36900759e-03,   9.55826044e-03,
         1.15154386e-02,   4.06950712e-03,   1.39133930e-02,
         2.48378515e-03,   4.45723534e-04,   1.87885761e-03,
         1.34952068e-02,   7.24196434e-05,   3.78602743e-03,
         2.80797482e-04,  -3.70663404e-03,  -6.75714016e-03,
        -7.79509544e-04])
 message: 'Optimization terminated successfully.'
    nfev: 532
     nit: 23
    njev: 23
  status: 0
 success: True
       x: array([ 0.56390146, -0.51032906, -0.46291003, -0.39978161,  0.25042872,
       -0.10899998,  0.12014838,  0.13152481,  0.55980345,  0.02583979,
       -0.43246164,  0.0039039 , -0.5043848 ,  0.11747832,  0.02718611,
       -0.3098059 , -0.33966999,  0.24404548, -0.30744444])

========================================================

Final result:
0.563901460788
-0.510329058279
-0.462910030281
0.136445875924
0.136445875924
0.136445875924
-0.399781612273
0.250428724679
-0.108999977203
0.12014838426
0.131524810927
0.559803447155
0.0258397861784
-0.432461642358
0.00390389688997
-0.504384803922
0.117478324319
0.117478324319
0.117478324319
0.0271861103929
0.0271861103929
-0.309805902537
0.0856592314874
0.0856592314874
0.0856592314874
-0.339669985093
0.244045482254
-0.307444442912
0.13435631525
0.13435631525
0.13435631525
