LYS_methyl_neutral.filelist
4.58823435737
4.58823435737
4.58823436473
4.5882342985
4.58823435684
4.58823454917
4.58823458419
4.58823461271
4.58823462101
4.58823478047
4.58823450259
4.58823516016
4.58823499747
4.58823450204
4.58823568324
4.5882351553
4.58823587017
4.58823542339
4.58823654194
4.58823564585
4.58823838838
4.58823442159
198345.816157
19831.7684246
1980.36618926
354.768669711
68.7634182659
12.7794309726
3.57151221484
3.57151221484
3.5715122748
3.57151224841
3.57151222419
3.57151158524
3.57151158486
3.57151168582
3.57151165971
3.57151163217
3.57151190251
3.57151100482
3.57151163393
3.57151196802
3.5715111067
3.57151157016
3.57151079017
3.57151168434
3.57151119259
3.5715117631
3.57151091634
3.57151203994
11307.2699033
1128.9502637
173.663681265
29.411506002
5.19994079574
2.97694295125
2.97694295125
2.97694294721
2.97694288636
2.97694294812
2.9769425371
2.9769425825
2.97694258025
2.97694254983
2.97694250337
2.97694275568
2.97694206858
2.97694240129
2.97694284599
2.97694191236
2.9769422177
2.97694137007
2.97694217719
2.97694144278
2.9769420823
2.97694026837
2.97694282617
988.39742064
98.0191480468
11.2381329379
2.9575149585
2.81913927912
2.81913927912
2.8191393403
2.81913932029
2.81913928864
2.81913879022
2.81913880558
2.81913887355
2.81913887077
2.81913879452
2.81913905858
2.81913835165
2.81913865144
2.81913913785
2.81913801261
2.81913852377
2.81913775446
2.81913840335
2.81913749871
2.81913831724
2.81913632436
2.81913914934
513.567140357
50.8506045912
5.26937327186
2.75061902291
2.75061902291
2.75061901828
2.75061900288
2.7506190201
2.75061862238
2.75061863887
2.75061863801
2.75061865261
2.75061849083
2.75061879368
2.7506179422
2.75061836021
2.75061883315
2.75061770121
2.75061822639
2.75061740965
2.75061811001
2.75061717901
2.75061801224
2.750615913
2.75061890973
190.5673063
18.9416192249
3.1451019709
2.72887808024
2.72887808024
2.72887810611
2.72887810917
2.7288780835
2.72887765496
2.72887765957
2.72887768455
2.72887770852
2.72887754046
2.72887783882
2.72887697869
2.72887742043
2.72887786758
2.72887677257
2.72887728538
2.72887646177
2.72887718012
2.72887629265
2.72887704912
2.72887488314
2.72887796638
198.453611712
19.5043768475
3.016209512
2.66645492656
2.66645492656
2.66645495162
2.66645495733
2.66645493034
2.66645452726
2.66645454641
2.66645453152
2.66645453103
2.66645439324
2.66645468222
2.66645387169
2.66645423611
2.666454701
2.6664535332
2.66645409628
2.66645323438
2.66645399127
2.66645305988
2.66645387432
2.6664516768
2.66645481608
154.264924318
15.198262165
2.8188501181
2.61852015078
2.61852015078
2.61852017563
2.61852018725
2.61852015482
2.61851974655
2.61851976646
2.61851974155
2.61851972722
2.61851960399
2.6185199001
2.61851905058
2.61851947222
2.61851992515
2.61851880921
2.61851931996
2.61851846427
2.61851919151
2.61851821461
2.61851907888
2.61851684577
2.61852003234
109.099456823
10.8548078786
2.67722536255
2.58702445784
2.58702445784
2.58702446608
2.58702447516
2.58702445871
2.58702405688
2.587024078
2.58702404472
2.58702401231
2.58702390728
2.5870242218
2.58702335841
2.58702376574
2.58702427769
2.58702306956
2.58702363042
2.58702278898
2.58702350578
2.58702254878
2.58702337873
2.58702111971
2.58702432969
121.885509115
12.0858773504
2.67855219192
2.55373251838
2.55373251838
2.55373254327
2.55373259115
2.55373252256
2.55373213734
2.55373212516
2.55373213428
2.55373213155
2.55373197297
2.55373230539
2.5537314122
2.55373183157
2.55373236548
2.55373115194
2.55373168136
2.55373081747
2.553731559
2.55373058987
2.55373144202
2.55372919639
2.55373239971
195.375481626
19.2689340668
2.91225380711
2.50856369385
2.50856369385
2.50856368381
2.50856372542
2.50856369108
2.5085633103
2.50856329288
2.50856330139
2.50856328972
2.50856315893
2.50856346045
2.50856262455
2.50856301498
2.50856349052
2.50856233701
2.50856287027
2.50856202805
2.50856274182
2.50856177944
2.50856261889
2.50856037121
2.50856358005
4.50124359292
2.04281427965
2.04281427965
2.04281427951
2.04281428371
2.04281427972
2.04281419241
2.04281417642
2.04281416795
2.04281416288
2.04281410071
2.04281421473
2.0428139306
2.04281402308
2.04281421633
2.04281375452
2.04281395995
2.04281365525
2.04281386734
2.04281344063
2.04281378837
2.04281274015
2.04281425851
5.91101425791
1.99270655093
1.99270655093
1.99270653932
1.99270654707
1.99270654865
1.99270667678
1.99270666867
1.99270664847
1.99270666373
1.99270665334
1.9927065944
1.9927067659
1.99270664135
1.99270659568
1.99270671575
1.99270665012
1.99270677765
1.99270661125
1.99270665965
1.99270658677
1.99270663412
1.99270655201
10.7595346848
2.06518487671
1.94537188245
1.94537188245
1.94537186646
1.94537187642
1.94537187885
1.94537207513
1.94537208057
1.94537205457
1.94537206968
1.94537208748
1.94537197721
1.94537230191
1.94537210345
1.94537196492
1.94537230743
1.94537214048
1.94537243065
1.94537212554
1.94537235822
1.94537212454
1.94537260222
1.94537192669
1.93746733172
1.93746733172
1.93746734226
1.93746733827
1.9374673326
1.93746726369
1.9374672648
1.93746728117
1.93746728056
1.93746728832
1.93746729682
1.93746723359
1.93746730613
1.93746730885
1.9374672867
1.93746731602
1.93746727633
1.93746734982
1.93746737422
1.93746738124
1.93746749818
1.9374673171
1.89694370104
1.90188359248
1.90188359248
1.90188359939
1.90188359575
1.90188359269
1.90188351463
1.90188351927
1.90188352912
1.90188352766
1.90188352474
1.90188355413
1.90188344916
1.90188352687
1.90188356417
1.90188346689
1.90188352148
1.90188342886
1.90188353646
1.90188348525
1.90188354933
1.90188346685
1.90188357481
1.8995869196
1.89128113893
1.89128113893
1.89128113742
1.89128113581
1.89128113765
1.89128113067
1.89128113739
1.89128113301
1.89128113557
1.89128113234
1.89128113401
1.89128112472
1.89128112891
1.89128113964
1.89128111857
1.89128112527
1.8912811054
1.89128112094
1.89128110317
1.89128111847
1.89128106976
1.89128113884
1.889256426
1.889256426
1.8892564261
1.88925642693
1.8892564251
1.88925642529
1.88925642951
1.88925642777
1.88925643104
1.88925643059
1.88925642444
1.88925643316
1.88925643212
1.88925642772
1.88925643601
1.88925643595
1.88925644209
1.88925643594
1.88925644491
1.88925643964
1.88925646371
1.88925642735
1.88859687896
1.88859687896
1.88859687849
1.8885968783
1.88859687792
1.88859687548
1.88859688057
1.88859687803
1.88859688096
1.88859687993
1.88859687622
1.88859687916
1.88859688016
1.88859688048
1.88859688012
1.88859688149
1.888596879
1.8885968807
1.88859688221
1.88859688274
1.88859688589
1.88859687962
1.89030250464
1.88944623635
1.88944623635
1.8894462356
1.8894462351
1.88944623525
1.88944623279
1.88944623821
1.88944623525
1.88944623812
1.88944623687
1.88944623364
1.8894462358
1.88944623657
1.88944623814
1.8894462357
1.88944623711
1.88944623263
1.88944623573
1.88944623494
1.88944623696
1.88944623317
1.88944623705
1.88942982086
1.88942982086
1.88942982029
1.88942982003
1.8894298198
1.88942981735
1.88942982259
1.88942981983
1.88942982279
1.8894298215
1.88942981811
1.88942982048
1.88942982133
1.88942982242
1.88942982048
1.88942982229
1.88942981875
1.88942982096
1.88942982072
1.88942982247
1.88942982089
1.88942982159
     fun: 1.9340445629744039
     jac: array([ 0.00294045,  0.00634195,  0.000672  , -0.0057897 , -0.00799222,
       -0.00487211, -0.00345431, -0.00660922, -0.00397155, -0.01373987,
       -0.00725085, -0.00606586, -0.0180544 , -0.00363657, -0.00274074,
       -0.00505167, -0.01372637, -0.00315294, -0.00891066, -0.00090525])
 message: 'Optimization terminated successfully.'
    nfev: 505
     nit: 21
    njev: 21
  status: 0
 success: True
       x: array([ 0.43618373, -0.4370036 , -0.46716944, -0.26653616,  0.21104226,
       -0.01509985,  0.11724445, -0.28982415,  0.5948061 ,  0.15045746,
       -0.28322628, -0.47184241,  0.1574976 , -0.32596907,  0.18810978,
       -0.16205035,  0.18708494, -0.37590528,  0.33735496, -0.52635133])

========================================================

Final result:
0.436183728096
-0.437003599803
-0.467169437657
0.155996436455
0.155996436455
0.155996436455
-0.266536163392
0.211042255038
-0.015099847299
0.117244451946
-0.289824151802
0.5948060986
0.150457458971
0.150457458971
-0.283226279909
-0.471842414187
0.157497603714
0.157497603714
-0.325969070474
0.188109780843
0.188109780843
-0.162050351312
0.187084936582
0.187084936582
-0.375905279513
0.337354958906
0.337354958906
0.337354958906
-0.52635133191
0.415347647272
