CYS_neutral_methyl.filelist
10.1285944379
10.1285944379
10.1285928375
10.1285936306
10.1285936714
10.1285937169
10.1285939421
10.1285933717
10.1285934553
10.1285942337
10.1285932174
10.1285947276
10.1285948464
10.1285944969
46883.2764615
4680.93029107
632.06333912
125.728275039
24.2918429274
6.23364645424
6.23364645424
6.23364772823
6.23364705002
6.23364680878
6.23364692207
6.23364667802
6.23364650388
6.23364683543
6.23364662964
6.2336463614
6.23364678911
6.23364692566
6.23364652318
5368.07718234
651.480531358
121.170889424
22.7400966349
5.19012779752
5.19012779752
5.19012923788
5.19012855459
5.19012853832
5.19012859967
5.19012830407
5.1901286791
5.19012878301
5.19012807818
5.19012881485
5.19012761114
5.1901274954
5.19012775797
410.010997344
40.4760694195
6.00887432376
5.10487351791
5.10487351791
5.10487509686
5.10487432364
5.10487425345
5.10487426845
5.10487400345
5.10487441619
5.10487443499
5.10487380358
5.10487457793
5.10487330143
5.10487315905
5.10487347204
157.877691042
15.3021565888
4.98723414043
4.98723414043
4.98723577839
4.98723495833
4.98723488261
4.9872348303
4.98723467692
4.98723508652
4.98723527079
4.98723434756
4.98723527116
4.98723396796
4.98723383919
4.98723410559
245.671695583
24.149871976
5.0951559539
4.88344610037
4.88344610037
4.88344775485
4.88344694376
4.8834468832
4.88344686435
4.88344663044
4.88344710584
4.88344716965
4.88344632656
4.883447276
4.88344593352
4.88344582553
4.88344606719
72.7580785477
7.68154981851
4.70356410099
4.70356410099
4.70356576058
4.70356494682
4.70356488509
4.70356486531
4.70356463252
4.70356511059
4.70356519048
4.70356430021
4.70356521709
4.7035638786
4.70356380033
4.7035640556
10.6157383907
2.64642212023
2.64642212023
2.64642176087
2.64642190669
2.64642201506
2.64642194438
2.64642206046
2.64642218359
2.64642200373
2.6464221005
2.64642218343
2.64642194695
2.64642196877
2.64642208502
64.0823447191
7.04678792527
2.50415626115
2.50415626115
2.50415537099
2.50415579963
2.50415592093
2.50415588946
2.50415602486
2.50415600336
2.50415581549
2.50415609482
2.50415603192
2.50415615719
2.50415612283
2.50415623955
13.7218021863
2.65773106867
2.3504271435
2.3504271435
2.35042594809
2.35042655704
2.35042666453
2.35042661672
2.3504268118
2.35042671116
2.35042649737
2.35042695254
2.35042669496
2.3504270797
2.35042706961
2.3504271303
3.08572654464
1.9896782619
1.9896782619
1.98967791329
1.98967808705
1.98967807319
1.98967808835
1.98967812542
1.98967799173
1.98967797469
1.98967820102
1.98967795927
1.98967833088
1.98967837219
1.98967827557
3.82661235603
1.92385379704
1.92385379704
1.92385380001
1.9238537979
1.92385376257
1.92385378541
1.923853767
1.92385369084
1.92385372265
1.92385379295
1.92385366067
1.92385387544
1.92385388986
1.92385381317
2.0412709523
1.8959165984
1.8959165984
1.89591664696
1.89591663242
1.8959166229
1.89591663166
1.89591661735
1.89591661252
1.89591663665
1.89591660766
1.89591662372
1.89591660815
1.89591659444
1.89591660028
1.88369139526
1.88369139526
1.88369142014
1.88369140638
1.88369139988
1.88369139618
1.88369139915
1.88369140336
1.88369139903
1.88369140073
1.8836914007
1.8836913929
1.8836913991
1.88369139476
1.88422018916
1.88422018916
1.88422015556
1.88422017633
1.88422017835
1.88422018201
1.88422018422
1.88422017521
1.8842201771
1.88422019045
1.88422017868
1.8842201896
1.88422018758
1.88422018912
1.88444531368
1.88404352291
1.88404352291
1.8840435144
1.88404352227
1.88404351935
1.88404352153
1.88404352215
1.8840435161
1.88404351962
1.8840435244
1.88404351994
1.8840435248
1.88404352234
1.88404352319
1.88378841339
1.88378841339
1.88378841138
1.88378841573
1.88378841239
1.88378841451
1.88378841423
1.88378840961
1.88378841284
1.88378841612
1.88378841225
1.88378841502
1.88378841385
1.88378841362
1.88380243118
1.88379457888
1.88379457888
1.88379457633
1.8837945808
1.88379457733
1.88379457911
1.88379457941
1.88379457459
1.88379457783
1.88379458142
1.88379457756
1.88379458054
1.88379457912
1.88379457913
     fun: 1.9259221197891414
     jac: array([ 0.04695715,  0.0196069 ,  0.01286711,  0.00757766,  0.00956085,
        0.0148198 ,  0.01711901,  0.00895567,  0.01158065,  0.00061965,
        0.00574601,  0.00016533])
 message: 'Optimization terminated successfully.'
    nfev: 281
     nit: 18
    njev: 18
  status: 0
 success: True
       x: array([ 0.29859803, -0.68540725, -0.01232312,  0.12282279, -0.35981121,
        0.5304652 ,  0.16437341, -0.21043742, -0.46530027, -0.39786612,
        0.28593977, -0.32552901])

========================================================

Final result:
0.298598027535
-0.685407252199
0.298598027535
-0.012323122947
0.122822786954
-0.359811208467
0.530465202905
0.164373412978
0.164373412978
-0.210437423836
-0.465300271549
0.154048408114
-0.397866116614
0.285939774192
-0.325529013556
0.145818451993
0.145818451993
0.145818451993
