14.717011487
14.717011487
14.7170106476
14.7170104065
14.7170113155
14.7170125802
14.7170128045
14.7170121903
14.7170121638
14.717012509
14.7170115577
14.7170147805
14.7170118829
14.7170119856
14.7170115556
145723.945697
14564.9939354
1718.39953339
286.192401604
48.2302272487
13.1327308135
13.1327308135
13.132730017
13.1327298888
13.1327306494
13.1327304426
13.1327306033
13.1327300878
13.1327299783
13.1327298164
13.1327302528
13.1327276203
13.1327306274
13.1327303081
13.1327307692
20854.2907308
2200.36671713
354.15030461
58.3709268936
13.042505151
11.117921581
11.117921581
11.1179214248
11.1179217123
11.1179215406
11.1179207322
11.1179205696
11.1179207953
11.1179209428
11.1179205479
11.1179210285
11.1179183087
11.1179214002
11.1179210951
11.1179215381
2187.95711835
215.119889597
28.4100428835
10.4124415356
10.4124415356
10.4124416836
10.4124420475
10.4124415694
10.4124410335
10.4124409577
10.4124408633
10.4124409805
10.4124403597
10.4124411029
10.4124376446
10.4124411681
10.4124408747
10.4124414505
3373.29619763
334.58866246
36.4787895961
10.2587418055
9.90637531924
9.90637531924
9.90637551994
9.9063757874
9.90637536535
9.90637452039
9.90637452755
9.90637441307
9.90637431886
9.90637410469
9.9063748121
9.90637146478
9.90637475631
9.90637435568
9.90637519436
3186.69466674
315.716042887
35.8537579368
9.70938769095
9.29306715434
9.29306715434
9.29306745674
9.29306770429
9.29306722132
9.29306627814
9.29306628873
9.29306621687
9.29306611551
9.29306581935
9.29306672217
9.29306287751
9.2930668162
9.29306658615
9.29306708624
1521.29637095
150.323682876
15.7574791441
9.01318356792
9.01318356792
9.01318383638
9.01318410046
9.01318362393
9.01318263387
9.01318252533
9.01318267247
9.0131826665
9.01318220044
9.01318325825
9.01317913469
9.01318303784
9.01318284044
9.01318345759
143.75200692
15.4390998115
8.82496769266
8.82496769266
8.82496804801
8.82496820653
8.82496776728
8.82496672825
8.82496664679
8.82496679447
8.82496681423
8.82496632813
8.82496734851
8.82496325967
8.82496720817
8.8249669376
8.82496759236
34.5722756672
8.7772190811
8.51050627347
8.51050627347
8.51050660363
8.51050679115
8.51050634424
8.51050543006
8.51050526731
8.51050546995
8.5105054478
8.51050503441
8.51050600351
8.51050225245
8.51050587816
8.51050555574
8.51050619672
57.0954936352
9.60796697309
6.4830152942
6.4830152942
6.48301556483
6.48301564375
6.48301534619
6.48301512721
6.48301506451
6.48301526829
6.48301528233
6.48301525375
6.48301536793
6.48301514476
6.48301526258
6.48301525335
6.4830152928
28.7913481108
6.76547789806
6.43542619699
6.43542619699
6.43542645812
6.43542650599
6.4354262489
6.4354260984
6.43542600048
6.43542620995
6.4354262181
6.43542621341
6.43542627094
6.43542623924
6.43542617384
6.43542619971
6.43542619559
13.1539785313
6.34005301945
6.34005301945
6.34005312628
6.34005313065
6.34005304198
6.34005307538
6.34005304555
6.3400531326
6.34005314904
6.34005319921
6.34005312287
6.34005362957
6.34005307766
6.34005311758
6.34005303107
6.48111123359
6.23898091484
6.23898091484
6.23898086567
6.23898083747
6.23898090434
6.2389809709
6.23898098578
6.23898095473
6.2389809502
6.23898098799
6.23898093486
6.23898115781
6.23898094941
6.23898095997
6.23898091831
6.25983442009
6.22061018323
6.22061018323
6.22061013839
6.22061012274
6.22061017325
6.22061021622
6.22061022789
6.22061019784
6.22061019798
6.22061021452
6.22061018506
6.2206102924
6.22061020107
6.22061020455
6.22061018549
6.22064580521
6.21478915687
6.21478915687
6.21478914205
6.21478914638
6.21478915324
6.21478916678
6.21478916766
6.21478915845
6.21478916602
6.21478916472
6.21478915218
6.21478918821
6.21478916258
6.21478916272
6.21478915535
6.22045840571
6.21504209524
6.21504209524
6.21504209038
6.21504209893
6.21504209347
6.21504209803
6.21504209583
6.21504209232
6.21504210129
6.21504209687
6.21504208993
6.21504210468
6.21504209691
6.2150420965
6.2150420932
6.21231282324
6.21231282324
6.21231281681
6.21231282009
6.21231282125
6.21231282073
6.2123128203
6.2123128141
6.21231281803
6.21231281664
6.21231281741
6.21231280601
6.21231282208
6.21231282052
6.21231282087
6.21319261734
6.21319261734
6.21319261205
6.21319261758
6.21319261533
6.21319261755
6.21319261576
6.21319261205
6.21319261849
6.2131926158
6.21319261241
6.21319261642
6.21319261825
6.21319261749
6.21319261529
6.21351443315
6.21323198642
6.21323198642
6.21323198131
6.21323198744
6.21323198456
6.21323198729
6.21323198525
6.21323198198
6.21323198899
6.21323198605
6.21323198165
6.21323198915
6.21323198773
6.21323198714
6.21323198445
6.21311091488
6.21311091488
6.21311090934
6.21311091477
6.21311091299
6.2131109151
6.21311091371
6.21311090916
6.21311091529
6.21311091282
6.21311090972
6.21311091226
6.21311091534
6.21311091445
6.21311091275
     fun: 6.292645945423918
     jac: array([-0.0054481 , -0.01225913, -0.00028247,  0.00181162,  0.01295865,
       -0.01038444, -0.02086186, -0.01361042, -0.00415015, -0.04236519,
       -0.01148617, -0.01457721, -0.002621  ])
 message: 'Optimization terminated successfully.'
    nfev: 338
     nit: 20
    njev: 20
  status: 0
 success: True
       x: array([ 0.56194275, -0.5092219 , -0.46804796, -0.43214977,  0.26978759,
        0.08496176,  0.09151364, -0.42751244,  0.53425303,  0.12750838,
       -0.38840629,  0.26803806, -0.26659058])

========================================================

Final result:
0.561942747927
-0.509221901486
-0.468047960382
0.138442371314
0.138442371314
0.138442371314
-0.432149772628
0.26978759235
0.0849617572844
0.0915136448568
-0.427512442772
0.534253026791
0.127508377304
0.127508377304
0.127508377304
-0.503378937794
-0.388406292976
0.26803806425
-0.266590576013
0.128986268246
0.128986268246
0.128986268246
