CYX_methyl_methyl.filelist
7.0984054915
7.0984054915
7.09840531482
7.09840525518
7.09840545644
7.09840592607
7.09840597119
7.09840581853
7.09840585806
7.09840590037
7.09840555492
7.09840627998
7.09840604352
7.09840583965
7.09840592745
7.09840556437
7.09840563723
7.09840551519
14427.5020562
1438.40453574
206.906175171
37.4458799661
7.34389960618
5.19363114989
5.19363114989
5.1936309918
5.19363093228
5.19363111817
5.193631177
5.1936312261
5.19363109362
5.19363109916
5.19363106594
5.19363102133
5.19363089693
5.19363117544
5.19363133792
5.19363128388
5.19363119002
5.19363132659
5.1936311797
1775.4668565
194.288456335
34.1137611015
6.34343934607
3.84798303298
3.84798303298
3.84798316345
3.84798322128
3.84798305708
3.84798273049
3.84798268799
3.84798284825
3.8479829031
3.847982892
3.84798286037
3.84798273357
3.84798297338
3.84798310799
3.8479830004
3.84798304893
3.84798326642
3.84798307132
1492.38724698
147.00887475
24.0306454187
4.44721692653
2.9171640051
2.9171640051
2.91716408424
2.91716408468
2.91716401986
2.91716357
2.91716358746
2.91716363986
2.9171635911
2.91716367285
2.91716375885
2.91716337829
2.91716365103
2.91716389807
2.91716369521
2.91716398231
2.91716396491
2.91716399799
689.150558936
68.0388002632
8.13513540032
2.78076500184
2.78076500184
2.78076515006
2.78076526741
2.78076503078
2.7807646123
2.78076454358
2.78076468517
2.78076473598
2.78076456944
2.78076482048
2.7807640901
2.78076451308
2.78076485179
2.78076469182
2.78076497009
2.78076501065
2.78076500371
136.421680404
13.2039227138
2.83403729066
2.66739952869
2.66739952869
2.66739966759
2.66739976741
2.66739955545
2.66739909545
2.66739902549
2.6673991854
2.66739921882
2.66739907418
2.66739936186
2.66739857693
2.66739901661
2.66739930373
2.6673991429
2.66739948117
2.66739960472
2.66739954201
108.552088913
10.4382956597
2.63967842771
2.54200067596
2.54200067596
2.54200083428
2.54200093057
2.54200070605
2.54200019359
2.54200012897
2.54200030548
2.54200033047
2.54200018845
2.54200051975
2.54199967982
2.54200008774
2.54200045488
2.54200032451
2.54200063036
2.5420007097
2.54200068209
73.8420341455
7.4958441893
2.54665144678
2.51720480616
2.51720480616
2.51720496979
2.51720506429
2.51720483731
2.51720432175
2.51720425904
2.51720443546
2.51720445531
2.51720432009
2.51720465604
2.51720378621
2.51720426567
2.51720457393
2.51720444652
2.51720475822
2.51720482382
2.51720480954
18.1605655601
2.83432199473
2.38470104594
2.38470104594
2.38470122676
2.38470130622
2.38470108127
2.38470061882
2.38470058918
2.38470070376
2.38470069324
2.38470060411
2.38470091205
2.38470013789
2.38470053286
2.38470082662
2.38470071149
2.38470100091
2.38470107235
2.3847010508
27.0403862542
4.4288912199
1.73147187668
1.73147187668
1.73147194331
1.73147195866
1.73147188967
1.73147186808
1.73147185119
1.73147189044
1.73147187923
1.73147188795
1.7314719277
1.73147193355
1.7314718317
1.73147178267
1.73147179912
1.73147185739
1.73147178396
1.73147186091
3.15899610527
1.66873987023
1.66873987023
1.66873985727
1.66873988464
1.66873986736
1.66873994957
1.66873994327
1.66873993297
1.66873990933
1.66873994133
1.66873993375
1.66874003699
1.66873991371
1.66873983818
1.66873987564
1.66873986415
1.66873980182
1.6687398586
8.90279271389
1.72842573102
1.61891301853
1.61891301853
1.61891298616
1.61891297866
1.6189130112
1.6189131157
1.6189131406
1.61891309513
1.61891308183
1.61891310541
1.61891307463
1.61891320646
1.61891309355
1.61891301791
1.6189130608
1.61891301899
1.61891296957
1.61891300998
2.64043772391
1.56474602434
1.56474602434
1.5647459686
1.56474594767
1.56474601266
1.5647461007
1.56474611879
1.56474606846
1.56474605522
1.56474606814
1.56474604548
1.56474610562
1.56474608171
1.56474606269
1.56474607998
1.56474603338
1.56474602639
1.56474602454
1.7848987698
1.55224904255
1.55224904255
1.55224900585
1.55224899395
1.55224903449
1.55224908972
1.55224909955
1.55224907033
1.55224906498
1.55224907299
1.5522490484
1.5522490976
1.55224908786
1.5522490748
1.55224908884
1.5522490501
1.55224905608
1.55224904457
1.62182567027
1.54509225984
1.54509225984
1.54509225881
1.54509226361
1.54509225869
1.54509226301
1.54509226241
1.54509226788
1.54509227223
1.54509227552
1.54509225527
1.54509229208
1.54509228502
1.54509227939
1.54509227828
1.54509226461
1.54509227561
1.54509226213
1.54403188959
1.54254672946
1.54254672946
1.542546723
1.54254672464
1.5425467273
1.54254672467
1.54254672741
1.54254672385
1.54254672401
1.5425467227
1.54254672
1.54254671483
1.54254672516
1.54254673593
1.54254672963
1.54254673146
1.54254673215
1.54254672963
1.54110134527
1.54110134527
1.54110134428
1.54110134712
1.54110134418
1.54110134199
1.5411013434
1.54110134425
1.5411013456
1.54110134387
1.54110134104
1.54110134247
1.54110134536
1.54110134947
1.54110134712
1.54110134681
1.54110134936
1.54110134566
1.54141146388
1.54141146388
1.54141146054
1.54141146244
1.54141146233
1.54141146144
1.54141146374
1.54141146227
1.54141146275
1.5414114625
1.5414114582
1.54141146141
1.54141146424
1.54141146918
1.54141146562
1.54141146564
1.54141146586
1.54141146392
1.54147984795
1.54147984795
1.54147984474
1.54147984702
1.54147984642
1.54147984509
1.54147984709
1.54147984603
1.54147984684
1.54147984569
1.54147984218
1.5414798433
1.5414798475
1.54147985319
1.54147984962
1.5414798497
1.54147985086
1.54147984814
1.5414361619
1.5414361619
1.54143615876
1.54143616095
1.54143616039
1.54143615899
1.54143616106
1.54143615998
1.54143616069
1.54143615979
1.54143615618
1.54143615766
1.54143616155
1.54143616704
1.5414361635
1.54143616363
1.54143616464
1.54143616207
     fun: 1.6061446742477423
     jac: array([ 0.00155602,  0.0033028 ,  0.00052074, -0.00661075, -0.00782242,
       -0.00499231, -0.00397903, -0.00813852, -0.00119945, -0.01837623,
       -0.00822543, -0.00291525, -0.00328693, -0.00015754,  0.00565179,
        0.00153425])
 message: 'Optimization terminated successfully.'
    nfev: 396
     nit: 20
    njev: 20
  status: 0
 success: True
       x: array([ 0.49491772, -0.46688412, -0.4702899 , -0.34347168,  0.23532668,
       -0.05542732,  0.14580845, -0.33337545,  0.54106894,  0.16147582,
       -0.04372769, -0.48402593,  0.26495915,  0.16824871, -0.06895468,
       -0.48114263])

========================================================

Final result:
0.494917716524
-0.466884117489
-0.470289902173
0.147418767713
0.147418767713
0.147418767713
-0.343471684928
0.23532667822
-0.0554273198613
0.14580844656
-0.33337544934
0.541068935261
0.161475817913
0.161475817913
-0.0437276919755
-0.469153549761
-0.068954678539
-0.481142629872
0.18336576947
0.18336576947
0.18336576947
-0.484025929003
0.264959152855
0.168248708171
0.0169393559924
0.0169393559924
0.0169393559924
