0.00012357293440944122
0.00012357293440944122
0.00012357292678702263
0.0001235729246576671
0.00012357293291463464
0.00012357294665492357
0.00012357294837471536
0.00012357294162966247
0.00012357294072802777
0.0001235729408505177
0.00012357293865396905
0.00012357294825934733
0.00012357293887265154
0.00012357294178851812
0.00012357293717945632
0.00012357293883320537
0.0001235729370211037
0.00012357293620368675
0.00012357293798618163
0.00012357293965525182
0.00011937221667168829
0.00011937221667168829
0.00011937220907107504
0.00011937220698494907
0.00011937221518017185
0.00011937222772232516
0.00011937222937865708
0.00011937222274306502
0.00011937222186921237
0.00011937222204020211
0.00011937221971676954
0.00011937222823227453
0.00011937222033725331
0.00011937222163006031
0.00011937221890197476
0.00011937222038111022
0.00011937221873340516
0.00011937221818680354
0.00011937221983447962
0.00011937222107237136
0.00010675685834495947
0.00010675685834495947
0.00010675685088964141
0.00010675684901904077
0.0001067568568776102
0.00010675686428357585
0.00010675686564418123
0.00010675685953691807
0.00010675685879644992
0.00010675685914899821
0.0001067568563237271
0.00010675686015747269
0.0001067568586153102
0.0001067568530936753
0.00010675685827735642
0.00010675685901292482
0.00010675685806489135
0.00010675685867135313
0.00010675685974407168
0.00010675685914692842
0.00010229636768038428
0.00010229636768038428
0.00010229636041801779
0.0001022963587548322
0.00010229636624756568
0.00010229636992401592
0.00010229637102996959
0.00010229636540600345
0.00010229636478645014
0.00010229636522661106
0.0001022963621076351
0.00010229636252619625
0.0001022963655263113
0.00010229635529784243
0.00010229636597108856
0.00010229636617512433
0.00010229636572661721
0.00010229636715695086
0.00010229636781723305
0.00010229636591024111
9.972900160468379e-05
9.972900160468379e-05
9.972899452005675e-05
9.972899299198133e-05
9.972900020540211e-05
9.972900263813582e-05
9.972900360747995e-05
9.972899827384341e-05
9.972899772574518e-05
9.972899813810729e-05
9.972899501241264e-05
9.972899427269306e-05
9.97289986954224e-05
9.972898720949532e-05
9.972899938294965e-05
9.972899942061372e-05
9.972899912767409e-05
9.972900081523347e-05
9.972900134455174e-05
9.9728999030198e-05
8.668625973784006e-05
8.668625973784006e-05
8.668625375034574e-05
8.66862529660033e-05
8.668625854835257e-05
8.668625682520402e-05
8.668625710901316e-05
8.66862533183618e-05
8.668625314688212e-05
8.668625321481317e-05
8.668625046951e-05
8.668624577741513e-05
8.668625454275466e-05
8.668624023711125e-05
8.668625596016268e-05
8.66862554902083e-05
8.668625566839317e-05
8.668625813705674e-05
8.66862582580293e-05
8.668625471368782e-05
7.014270635366663e-05
7.014270635366663e-05
7.014270203401762e-05
7.0142702286262e-05
7.014270548598721e-05
7.014270108514844e-05
7.014270049048762e-05
7.01426987872736e-05
7.014269912109879e-05
7.01426984896232e-05
7.014269675484136e-05
7.01426893674509e-05
7.014270014166786e-05
7.014268665220595e-05
7.014270187383005e-05
7.014270116909004e-05
7.01427015581675e-05
7.014270437905852e-05
7.014270429299527e-05
7.01427002077595e-05
5.222929385580426e-05
5.222929385580426e-05
5.222929170963898e-05
5.222929321174238e-05
5.2229293410560555e-05
5.222928937304129e-05
5.222928780812183e-05
5.2229288550584906e-05
5.222928947052415e-05
5.222928774735614e-05
5.222928777916701e-05
5.222928040196949e-05
5.222928892445457e-05
5.222928188680908e-05
5.2229290224878626e-05
5.222928978247238e-05
5.22292899122676e-05
5.222929230548548e-05
5.222929238786907e-05
5.222928900646013e-05
4.528765356903234e-05
4.528765356903234e-05
4.5287652323239054e-05
4.528765426151222e-05
4.5287653301216024e-05
4.528765244167667e-05
4.528765061395092e-05
4.528765215173596e-05
4.528765325571755e-05
4.528765094754234e-05
4.528765205272628e-05
4.528764747186307e-05
4.528765122221933e-05
4.528765107193297e-05
4.5287651681246464e-05
4.528765179408968e-05
4.5287651397924026e-05
4.52876529131702e-05
4.528765341020271e-05
4.5287651430476526e-05
4.41948257404647e-05
4.41948257404647e-05
4.419482442880446e-05
4.4194826272259134e-05
4.419482546148722e-05
4.419482659466758e-05
4.4194824891037845e-05
4.419482620787364e-05
4.4194827252715275e-05
4.419482490141114e-05
4.419482616362454e-05
4.419482346201431e-05
4.419482472265893e-05
4.4194827141081e-05
4.419482475498568e-05
4.419482515543539e-05
4.419482449165723e-05
4.419482555067525e-05
4.419482627149056e-05
4.4194825009332725e-05
4.405856994563071e-05
4.405856994563071e-05
4.405856852466624e-05
4.40585702889448e-05
4.405856964580718e-05
4.405857119583898e-05
4.405856956508237e-05
4.405857072342988e-05
4.405857172644933e-05
4.405856942914266e-05
4.405857062751845e-05
4.4058568375860575e-05
4.40585691716402e-05
4.405857183213854e-05
4.4058569128482146e-05
4.405856957987085e-05
4.405856887144125e-05
4.405856984286871e-05
4.4058570605746115e-05
4.405856947421428e-05
4.387616906120037e-05
4.387616906120037e-05
4.387616753768721e-05
4.387616922276409e-05
4.3876168741832706e-05
4.387617060711401e-05
4.3876169047440886e-05
4.387617005617689e-05
4.387617101548314e-05
4.3876168799644006e-05
4.387616989331625e-05
4.38761680679539e-05
4.387616848408535e-05
4.3876171207176804e-05
4.387616838376765e-05
4.387616887159428e-05
4.387616813560701e-05
4.3876169029708156e-05
4.387616982481267e-05
4.3876168797748326e-05
4.3395347811273665e-05
4.3395347811273665e-05
4.3395346147260405e-05
4.3395347701224895e-05
4.339534746537948e-05
4.339534977657395e-05
4.339534833474461e-05
4.339534911710004e-05
4.339534999718854e-05
4.339534797992137e-05
4.339534881652109e-05
4.339534782373131e-05
4.3395347575626924e-05
4.3395350216849634e-05
4.339534738466747e-05
4.3395347923771594e-05
4.3395347160613286e-05
4.3395347904957475e-05
4.3395348750161224e-05
4.339534790222239e-05
4.24337549014205e-05
4.24337549014205e-05
4.2433753150155074e-05
4.243375455535436e-05
4.243375453982584e-05
4.243375721287665e-05
4.2433755906189725e-05
4.2433756482023445e-05
4.243375725529809e-05
4.2433755613607185e-05
4.243375596423002e-05
4.243375625427256e-05
4.2433755116976704e-05
4.2433757280461854e-05
4.2433754824293e-05
4.243375540523128e-05
4.2433754650707896e-05
4.243375516354796e-05
4.243375606194761e-05
4.243375544631437e-05
4.092889360235215e-05
4.092889360235215e-05
4.092889197862628e-05
4.092889330080626e-05
4.0928893267168735e-05
4.0928895797525295e-05
4.092889457005607e-05
4.092889515294212e-05
4.092889582486855e-05
4.0928894757827073e-05
4.092889436758446e-05
4.092889619886487e-05
4.092889422826378e-05
4.0928895202949284e-05
4.0928893880669786e-05
4.092889444507434e-05
4.092889379197747e-05
4.0928894023767044e-05
4.092889494298985e-05
4.092889452938589e-05
3.962598287286822e-05
3.962598287286822e-05
3.9625981661671365e-05
3.9625983086099845e-05
3.9625982618858535e-05
3.962598421044474e-05
3.9625982897949535e-05
3.9625983866949324e-05
3.9625984527997906e-05
3.962598393168535e-05
3.962598294129253e-05
3.962598553209395e-05
3.962598350265257e-05
3.9625982970780104e-05
3.962598322998406e-05
3.962598368383989e-05
3.9625983220672144e-05
3.962598330763163e-05
3.9625984171114966e-05
3.962598374064898e-05
3.911929993683971e-05
3.911929993683971e-05
3.9119299100097055e-05
3.9119300708592944e-05
3.9119299755490486e-05
3.911930037462578e-05
3.911929890131355e-05
3.9119300309517254e-05
3.9119301037476965e-05
3.9119300524888994e-05
3.9119299439671303e-05
3.911930166335975e-05
3.911930023830288e-05
3.9119298926745596e-05
3.9119300098184776e-05
3.911930043427774e-05
3.911930011377818e-05
3.9119300257510955e-05
3.9119301037677224e-05
3.9119300423194306e-05
3.900975688581127e-05
3.900975688581127e-05
3.9009756173870216e-05
3.900975787101957e-05
3.9009756728407935e-05
3.90097569833483e-05
3.900975543188105e-05
3.900975701209335e-05
3.9009757783690735e-05
3.9009757193615146e-05
3.9009756221936015e-05
3.900975798474982e-05
3.900975697019846e-05
3.900975559076214e-05
3.900975689682051e-05
3.900975718390472e-05
3.90097569078036e-05
3.900975712703288e-05
3.900975786636199e-05
3.900975713498676e-05
3.8938785026658884e-05
3.8938785026658884e-05
3.893878435892548e-05
3.8938786094992166e-05
3.893878487771828e-05
3.8938784986113206e-05
3.893878340095236e-05
3.8938785047673284e-05
3.8938785837999144e-05
3.893878518733957e-05
3.8938784312536764e-05
3.893878578330629e-05
3.893878499123096e-05
3.893878366612444e-05
3.893878495286523e-05
3.893878521270212e-05
3.893878496055013e-05
3.893878522252075e-05
3.89387859385934e-05
3.893878514245672e-05
3.874314194983346e-05
3.874314194983346e-05
3.874314134651605e-05
3.874314313775635e-05
3.87431418134285e-05
3.8743141688266824e-05
3.8743140057959715e-05
3.8743141795081554e-05
3.874314260259617e-05
3.874314185536384e-05
3.8743141170903924e-05
3.874314211289298e-05
3.8743141700297754e-05
3.874314053115028e-05
3.874314172934753e-05
3.874314192543319e-05
3.874314173938207e-05
3.874314206200237e-05
3.874314272716473e-05
3.87431418121865e-05
3.830036073171118e-05
3.830036073171118e-05
3.83003602034899e-05
3.83003620437524e-05
3.830036061055544e-05
3.8300360178958594e-05
3.830035851633924e-05
3.8300360331513226e-05
3.8300361124473237e-05
3.830036028737099e-05
3.830035988961368e-05
3.830036009318856e-05
3.8300360176873186e-05
3.830035930511476e-05
3.830036031677778e-05
3.8300360381621066e-05
3.830036035304614e-05
3.830036071882358e-05
3.830036128687588e-05
3.830036019434569e-05
3.730660697850593e-05
3.730660697850593e-05
3.730660651856695e-05
3.730660835510761e-05
3.730660687308247e-05
3.730660607192399e-05
3.7306604442181445e-05
3.730660624567124e-05
3.7306606922918625e-05
3.73066060861172e-05
3.7306606111029664e-05
3.7306605348843126e-05
3.7306606004380125e-05
3.730660570269571e-05
3.73066063335366e-05
3.7306606118289726e-05
3.7306606462766194e-05
3.730660678012464e-05
3.7306607154257424e-05
3.730660579808762e-05
3.563031313998655e-05
3.563031313998655e-05
3.563031265950789e-05
3.563031433015049e-05
3.5630313036245996e-05
3.56303120380102e-05
3.5630310613113195e-05
3.563031213520194e-05
3.563031249528378e-05
3.563031194484373e-05
3.563031238897546e-05
3.563031092849479e-05
3.563031181367761e-05
3.5630312355442024e-05
3.5630312386895725e-05
3.56303117075148e-05
3.563031272491068e-05
3.5630312754417216e-05
3.56303128268449e-05
3.563031120427995e-05
3.387447019804969e-05
3.387447019804969e-05
3.387446953062174e-05
3.387447083084053e-05
3.3874470065843605e-05
3.387446938136779e-05
3.387446835561626e-05
3.3874469260411346e-05
3.3874469136823506e-05
3.38744692388582e-05
3.387446976395596e-05
3.3874468708345886e-05
3.387446893659583e-05
3.387447021932559e-05
3.3874469674147306e-05
3.387446851811087e-05
3.387447029500969e-05
3.387446976992811e-05
3.38744695568316e-05
3.387446787375293e-05
3.303265106930109e-05
3.303265106930109e-05
3.303265017164095e-05
3.3032651143575045e-05
3.303265089711995e-05
3.303265084102316e-05
3.3032650142238966e-05
3.303265050463194e-05
3.303265005707577e-05
3.3032650743078914e-05
3.3032650941886214e-05
3.303265115721389e-05
3.303265026248909e-05
3.303265166786311e-05
3.303265096731542e-05
3.303264965308012e-05
3.303265175196357e-05
3.3032650779091773e-05
3.3032650495704785e-05
3.303264901022945e-05
3.2852178959422954e-05
3.2852178959422954e-05
3.2852177963829874e-05
3.2852178833519624e-05
3.2852178768795174e-05
3.2852179057949244e-05
3.285217844998415e-05
3.2852178644750424e-05
3.285217814141627e-05
3.2852179011058286e-05
3.2852178937862476e-05
3.285217993666346e-05
3.2852178465607686e-05
3.2852179677661655e-05
3.285217908218312e-05
3.285217783696268e-05
3.285217987848552e-05
3.285217878858739e-05
3.2852178564453036e-05
3.285217725157624e-05
3.2790212093725764e-05
3.2790212093725764e-05
3.279021107608585e-05
3.2790211932283154e-05
3.2790211898572164e-05
3.27902122954634e-05
3.2790211695462995e-05
3.2790211867710465e-05
3.279021137635879e-05
3.279021227001415e-05
3.2790212089545304e-05
3.2790213350417576e-05
3.279021171491479e-05
3.279021280056265e-05
3.279021228483202e-05
3.279021110524484e-05
3.2790213063269274e-05
3.2790211972338644e-05
3.2790211793943734e-05
3.2790210555102273e-05
3.265344498292351e-05
3.265344498292351e-05
3.265344394453313e-05
3.26534447899096e-05
3.2653444783419663e-05
3.2653445318363904e-05
3.26534447228304e-05
3.265344487429935e-05
3.265344441009672e-05
3.2653445320397556e-05
3.265344499328104e-05
3.265344658978221e-05
3.265344476367848e-05
3.265344565249729e-05
3.26534452606556e-05
3.2653444199161476e-05
3.265344600098914e-05
3.265344493401038e-05
3.2653444834323606e-05
3.265344371024976e-05
3.2329382575134626e-05
3.2329382575134626e-05
3.2329381520878775e-05
3.232938235020852e-05
3.232938237255006e-05
3.2329383095686225e-05
3.2329382511772855e-05
3.232938262592103e-05
3.2329382200903604e-05
3.232938312920241e-05
3.232938259997703e-05
3.232938463437085e-05
3.232938258972844e-05
3.2329383181418556e-05
3.232938297012266e-05
3.232938211968813e-05
3.232938363801086e-05
3.232938263801289e-05
3.232938267394172e-05
3.2329381741751614e-05
3.158760084416461e-05
3.158760084416461e-05
3.1587599800447077e-05
3.158760060048992e-05
3.158760064492474e-05
3.158760159976003e-05
3.158760105154839e-05
3.158760108605141e-05
3.1587600705295586e-05
3.158760165430804e-05
3.158760087794325e-05
3.158760339363217e-05
3.158760118383772e-05
3.158760135568758e-05
3.158760138185735e-05
3.158760090859657e-05
3.158760191365571e-05
3.15876010748233e-05
3.158760134325902e-05
3.158760073406508e-05
3.0242208581080623e-05
3.0242208581080623e-05
3.024220762318877e-05
3.024220837743658e-05
3.0242208402825727e-05
3.0242209506286756e-05
3.024220903967243e-05
3.0242208930838192e-05
3.024220856515869e-05
3.024220952659561e-05
3.0242208598503616e-05
3.0242211267704868e-05
3.0242209225716223e-05
3.0242208991824836e-05
3.0242209205959593e-05
3.024220928050639e-05
3.02422095285644e-05
3.024220899774746e-05
3.024220958582737e-05
3.024220941139179e-05
2.865954862581116e-05
2.865954862581116e-05
2.8659547855357676e-05
2.8659548563534818e-05
2.8659548491636456e-05
2.865954943079336e-05
2.8659549083880504e-05
2.8659548803603342e-05
2.8659548373290144e-05
2.8659549318108447e-05
2.865954858279237e-05
2.8659550527591916e-05
2.8659549276175865e-05
2.8659549006136916e-05
2.8659549138551693e-05
2.86595496962794e-05
2.8659549258572108e-05
2.865954911559884e-05
2.865954995694851e-05
2.8659550112636194e-05
2.7771764399373523e-05
2.7771764399373523e-05
2.777176380734537e-05
2.77717645019062e-05
2.7771764306175948e-05
2.7771764818145616e-05
2.7771764552321256e-05
2.777176418789185e-05
2.777176364246177e-05
2.7771764546320895e-05
2.7771764285209067e-05
2.7771764954037724e-05
2.7771764687262725e-05
2.777176485577166e-05
2.777176463739415e-05
2.777176525484841e-05
2.777176470744872e-05
2.7771764772519397e-05
2.7771765605307957e-05
2.7771765728987283e-05
2.757470035733495e-05
2.757470035733495e-05
2.757469982423409e-05
2.7574700529208745e-05
2.7574700277181393e-05
2.7574700520259222e-05
2.7574700264904352e-05
2.7574699911110352e-05
2.7574699303183405e-05
2.7574700180177717e-05
2.757470021327843e-05
2.7574700184862985e-05
2.7574700348829556e-05
2.7574700888102446e-05
2.757470042477846e-05
2.7574700865920107e-05
2.7574700548538407e-05
2.7574700601653583e-05
2.7574701309286828e-05
2.7574701254487246e-05
2.754177591604211e-05
2.754177591604211e-05
2.754177538604211e-05
2.7541776098133245e-05
2.7541775836354023e-05
2.7541776016186714e-05
2.7541775754058067e-05
2.7541775417064626e-05
2.7541774797528723e-05
2.7541775666059065e-05
2.7541775767979396e-05
2.754177559816133e-05
2.7541775820191238e-05
2.7541776469173822e-05
2.7541775943108956e-05
2.7541776290502955e-05
2.7541776100216624e-05
2.7541776115812445e-05
2.7541776764099418e-05
2.7541776629650417e-05
2.7504226952126247e-05
2.7504226952126247e-05
2.7504226423184855e-05
2.7504227141670395e-05
2.7504226872453705e-05
2.7504227014039646e-05
2.7504226744923e-05
2.750422642223804e-05
2.7504225798159548e-05
2.7504226657423976e-05
2.7504226801916064e-05
2.750422655089005e-05
2.7504226794116317e-05
2.7504227518179535e-05
2.7504226953252357e-05
2.750422722108071e-05
2.750422713942531e-05
2.750422711752009e-05
2.7504227715744098e-05
2.7504227518391655e-05
2.73958037377377e-05
2.73958037377377e-05
2.7395803217871878e-05
2.7395803948799962e-05
2.7395803659659963e-05
2.7395803742522012e-05
2.739580346167572e-05
2.7395803161408197e-05
2.7395802535797086e-05
2.7395803368861803e-05
2.73958035822899e-05
2.7395803199697834e-05
2.739580346949568e-05
2.7395804316967668e-05
2.7395803694131633e-05
2.7395803812176675e-05
2.7395803935315072e-05
2.7395803838757748e-05
2.7395804340635252e-05
2.739580403270032e-05
2.7143238580996333e-05
2.7143238580996333e-05
2.71432380946077e-05
2.7143238845037702e-05
2.71432385097222e-05
2.714323852824236e-05
2.7143238234418688e-05
2.714323795590374e-05
2.714323734271645e-05
2.7143238114759166e-05
2.7143238413619427e-05
2.7143237861617048e-05
2.7143238156325438e-05
2.7143239154957062e-05
2.7143238474966897e-05
2.7143238367823426e-05
2.714323879907656e-05
2.714323858365097e-05
2.7143238934893268e-05
2.7143238478032942e-05
2.657080329530028e-05
2.657080329530028e-05
2.6570802905704418e-05
2.657080368620763e-05
2.65708032446146e-05
2.6570803225058038e-05
2.657080292392574e-05
2.6570802648049457e-05
2.6570802087604354e-05
2.6570802719201952e-05
2.657080310060405e-05
2.657080236497001e-05
2.6570802664280377e-05
2.6570803802008187e-05
2.657080310897085e-05
2.6570802675457867e-05
2.657080355364674e-05
2.6570803150910905e-05
2.6570803269740788e-05
2.657080263819471e-05
2.557458978383727e-05
2.557458978383727e-05
2.5574589596913504e-05
2.5574590410957997e-05
2.557458977727945e-05
2.5574589841778792e-05
2.5574589559030653e-05
2.557458922175561e-05
2.5574588790252722e-05
2.557458916794827e-05
2.5574589539886313e-05
2.557458875880056e-05
2.5574588993848434e-05
2.5574590092207827e-05
2.5574589540383717e-05
2.557458878488212e-05
2.5574590104763986e-05
2.5574589484184274e-05
2.5574589342342627e-05
2.557458862967733e-05
2.4482216865152288e-05
2.4482216865152288e-05
2.448221694543327e-05
2.4482217773104027e-05
2.448221691781529e-05
2.448221726155149e-05
2.448221703782862e-05
2.448221655081521e-05
2.4482216308459565e-05
2.4482216392771114e-05
2.4482216564464207e-05
2.448221607271455e-05
2.4482216146879597e-05
2.4482216852867166e-05
2.4482216660530798e-05
2.448221585307132e-05
2.4482217245768647e-05
2.44822165179092e-05
2.448221626516406e-05
2.4482215739163795e-05
2.39316125046188e-05
2.39316125046188e-05
2.3931612736017363e-05
2.3931613545345658e-05
2.3931612591634867e-05
2.393161323393951e-05
2.3931613072829504e-05
2.393161244381405e-05
2.3931612324678146e-05
2.393161227758597e-05
2.3931612178737524e-05
2.393161214337484e-05
2.3931612062381916e-05
2.3931612261516217e-05
2.3931612417225983e-05
2.3931611892525884e-05
2.3931612899331546e-05
2.3931612261760505e-05
2.393161214101389e-05
2.393161196694157e-05
2.3822320566989993e-05
2.3822320566989993e-05
2.3822320803257626e-05
2.382232159265692e-05
2.382232065571629e-05
2.3822321408424086e-05
2.3822321270513576e-05
2.382232059603923e-05
2.3822320492874718e-05
2.3822320466236294e-05
2.3822320245300137e-05
2.382232043590545e-05
2.3822320303112114e-05
2.3822320280914247e-05
2.3822320551558655e-05
2.382232026095429e-05
2.382232094726804e-05
2.382232042168415e-05
2.3822320445126407e-05
2.3822320460459e-05
2.38018614679015e-05
2.38018614679015e-05
2.3801861686395846e-05
2.3801862468131114e-05
2.380186155285059e-05
2.3801862317225622e-05
2.380186218207892e-05
2.3801861505567505e-05
2.3801861393934783e-05
2.3801861394147036e-05
2.3801861151576078e-05
2.38018613884384e-05
2.380186125113545e-05
2.380186119236734e-05
2.3801861470231018e-05
2.3801861252444394e-05
2.380186183860883e-05
2.380186135416782e-05
2.3801861427544556e-05
2.380186148606139e-05
2.3770406299203338e-05
2.3770406299203338e-05
2.377040649472115e-05
2.3770407267188318e-05
2.3770406379165234e-05
2.377040714672667e-05
2.3770407013226312e-05
2.3770406339374096e-05
2.377040621626015e-05
2.3770406248143027e-05
2.3770405989375817e-05
2.377040626472869e-05
2.3770406125113128e-05
2.3770406041277493e-05
2.3770406316248677e-05
2.3770406169220407e-05
2.3770406657352812e-05
2.3770406215414737e-05
2.3770406337800993e-05
2.3770406434854286e-05
2.368390475130603e-05
2.368390475130603e-05
2.368390490503223e-05
2.368390565738019e-05
2.368390482205546e-05
2.368390558770623e-05
2.3683905457234777e-05
2.368390479269384e-05
2.3683904650328874e-05
2.3683904737558475e-05
2.3683904453357746e-05
2.368390479302727e-05
2.3683904647003718e-05
2.3683904527506607e-05
2.3683904789345243e-05
2.3683904762980258e-05
2.368390508216023e-05
2.3683904715500436e-05
2.3683904919137324e-05
2.368390508341917e-05
2.3469874950906643e-05
2.3469874950906643e-05
2.3469875036994288e-05
2.3469875747608493e-05
2.3469875006427115e-05
2.346987575531345e-05
2.3469875630983037e-05
2.3469874990417772e-05
2.346987482161968e-05
2.346987499413997e-05
2.346987467260735e-05
2.346987511371489e-05
2.3469874949317704e-05
2.346987478562033e-05
2.346987501230344e-05
2.3469875173489223e-05
2.346987522572281e-05
2.3469874981778568e-05
2.3469875304913628e-05
2.3469875580580162e-05
2.2957395210330876e-05
2.2957395210330876e-05
2.2957395189262578e-05
2.2957395811423795e-05
2.2957395240966516e-05
2.2957395931865392e-05
2.295739582054034e-05
2.29573952387989e-05
2.2957395039679927e-05
2.2957395337329683e-05
2.2957394964248157e-05
2.2957395562647237e-05
2.2957395349301288e-05
2.295739514511621e-05
2.2957395284224146e-05
2.2957395727104518e-05
2.2957395367716163e-05
2.2957395321804515e-05
2.2957395807382404e-05
2.29573962682302e-05
2.192288783204003e-05
2.192288783204003e-05
2.1922887671384925e-05
2.1922888128223743e-05
2.192288782856228e-05
2.1922888373931484e-05
2.1922888286947753e-05
2.1922887828375018e-05
2.19228876157349e-05
2.1922888054010697e-05
2.192288763037686e-05
2.1922888426691946e-05
2.1922888105162302e-05
2.1922887913545204e-05
2.192288786771635e-05
2.1922888643714178e-05
2.192288777244036e-05
2.192288799286871e-05
2.192288863037132e-05
2.1922889352561387e-05
2.043095171367322e-05
2.043095171367322e-05
2.043095144884341e-05
2.043095167824578e-05
2.0430951681211226e-05
2.04309519727612e-05
2.0430951919292173e-05
2.043095164929306e-05
2.0430951480625777e-05
2.043095197722236e-05
2.043095155025347e-05
2.043095247969437e-05
2.0430951985550658e-05
2.0430951938581346e-05
2.0430951608025065e-05
2.0430952562341233e-05
2.0430951359656736e-05
2.0430951796029875e-05
2.043095242306247e-05
2.0430953382055494e-05
1.9284762693715933e-05
1.9284762693715933e-05
1.928476246157571e-05
1.9284762536975932e-05
1.9284762662711735e-05
1.9284762719519203e-05
1.9284762688713055e-05
1.9284762568932794e-05
1.9284762503760728e-05
1.9284762880728167e-05
1.928476252931793e-05
1.928476338495312e-05
1.928476274672153e-05
1.928476294697713e-05
1.9284762388665267e-05
1.9284763134414013e-05
1.9284762145998785e-05
1.92847625512638e-05
1.9284762913292897e-05
1.9284763888152982e-05
1.8933247520944716e-05
1.8933247520944716e-05
1.893324739381738e-05
1.8933247467801164e-05
1.8933247511337096e-05
1.89332475023477e-05
1.8933247471621357e-05
1.893324737617374e-05
1.893324738702409e-05
1.8933247600985718e-05
1.89332473292652e-05
1.8933248017203834e-05
1.8933247351142444e-05
1.893324770462018e-05
1.8933247109676766e-05
1.893324751886193e-05
1.893324697842641e-05
1.8933247202708742e-05
1.8933247300585934e-05
1.8933248128594484e-05
1.8894973941380448e-05
1.8894973941380448e-05
1.8894973862552912e-05
1.8894973969820697e-05
1.8894973942759296e-05
1.8894973951031037e-05
1.8894973915215766e-05
1.8894973799558235e-05
1.8894973828097377e-05
1.889497398168201e-05
1.889497373547657e-05
1.8894974350157047e-05
1.8894973702596927e-05
1.8894974081860767e-05
1.88949735190395e-05
1.8894973795601504e-05
1.8894973445977606e-05
1.8894973580412523e-05
1.8894973597064953e-05
1.8894974343358785e-05
1.888834180168048e-05
1.888834180168048e-05
1.8888341733407315e-05
1.888834185280323e-05
1.888834180561844e-05
1.8888341824674356e-05
1.8888341786863585e-05
1.8888341662445653e-05
1.8888341692823903e-05
1.8888341834536655e-05
1.888834159240911e-05
1.8888342190532054e-05
1.8888341553173947e-05
1.8888341930953596e-05
1.8888341383574993e-05
1.8888341633397173e-05
1.8888341324880753e-05
1.8888341437477622e-05
1.8888341441993642e-05
1.8888342167713833e-05
1.887062344627623e-05
1.887062344627623e-05
1.887062339432014e-05
1.8870623533685412e-05
1.8870623454195422e-05
1.887062349226973e-05
1.887062345074118e-05
1.8870623312093658e-05
1.8870623346025327e-05
1.8870623467618313e-05
1.8870623231680758e-05
1.8870623801047347e-05
1.887062318561285e-05
1.887062355732071e-05
1.8870623039814768e-05
1.887062324631003e-05
1.8870623005551123e-05
1.8870623080385546e-05
1.887062306714439e-05
1.8870623758483183e-05
1.8827060908938362e-05
1.8827060908938362e-05
1.882706087976373e-05
1.882706104646958e-05
1.8827060922357702e-05
1.882706098780653e-05
1.88270609400637e-05
1.882706078313621e-05
1.8827060825583907e-05
1.8827060913209404e-05
1.8827060686794258e-05
1.8827061207819955e-05
1.88270606348974e-05
1.8827060993477112e-05
1.882706052735781e-05
1.882706066614832e-05
1.8827060531944475e-05
1.8827060544885875e-05
1.8827060505131536e-05
1.882706114359284e-05
1.8716629140058045e-05
1.8716629140058045e-05
1.8716629143053953e-05
1.8716629346052643e-05
1.8716629161060004e-05
1.8716629266115515e-05
1.8716629207018473e-05
1.871662902929541e-05
1.8716629093641175e-05
1.8716629117342174e-05
1.8716628906993406e-05
1.8716629337931305e-05
1.8716628855808445e-05
1.8716629184659836e-05
1.871662881551677e-05
1.871662883900562e-05
1.871662888734941e-05
1.8716628788754742e-05
1.8716628705967514e-05
1.8716629257179195e-05
1.8481498434445005e-05
1.8481498434445005e-05
1.8481498469845368e-05
1.848149870311435e-05
1.8481498462594807e-05
1.8481498609754204e-05
1.8481498532498843e-05
1.8481498347163694e-05
1.848149845954314e-05
1.8481498376949743e-05
1.84814981897101e-05
1.8481498472678852e-05
1.8481498162505426e-05
1.848149843231903e-05
1.8481498224576885e-05
1.848149808019267e-05
1.8481498396543245e-05
1.848149812240863e-05
1.848149798140795e-05
1.8481498411803807e-05
1.810267972216025e-05
1.810267972216025e-05
1.8102679762176754e-05
1.8102679981577546e-05
1.8102679749916975e-05
1.8102679909343118e-05
1.8102679810191464e-05
1.810267966217823e-05
1.810267985615178e-05
1.810267963786196e-05
1.8102679473845218e-05
1.8102679571106172e-05
1.810267951698023e-05
1.8102679694709923e-05
1.810267969322483e-05
1.8102679376105073e-05
1.8102679972598176e-05
1.8102679491747262e-05
1.8102679299677436e-05
1.8102679618057517e-05
1.7754374982154197e-05
1.7754374982154197e-05
1.7754374971157917e-05
1.7754375105219523e-05
1.7754374995740382e-05
1.7754375101766488e-05
1.7754374991337894e-05
1.775437493470109e-05
1.7754375207544118e-05
1.775437490748296e-05
1.7754374748265497e-05
1.7754374738262095e-05
1.7754374892016678e-05
1.775437498972793e-05
1.7754375112891805e-05
1.7754374752551944e-05
1.7754375427007258e-05
1.7754374847135316e-05
1.77543746583765e-05
1.7754374970878877e-05
1.7615939154923636e-05
1.7615939154923636e-05
1.7615939079727486e-05
1.761593912468098e-05
1.761593915210674e-05
1.7615939184471045e-05
1.761593907950866e-05
1.7615939098916177e-05
1.761593939515441e-05
1.7615939114585508e-05
1.7615938941161844e-05
1.7615938963274388e-05
1.7615939143719724e-05
1.761593922557954e-05
1.7615939319631012e-05
1.7615939056031076e-05
1.7615939582778565e-05
1.7615939062934123e-05
1.7615938921869554e-05
1.7615939322972005e-05
1.7595131936489122e-05
1.7595131936489122e-05
1.7595131836770603e-05
1.7595131851721402e-05
1.7595131927736842e-05
1.7595131930334713e-05
1.759513183211198e-05
1.7595131871547146e-05
1.759513215909498e-05
1.7595131914487614e-05
1.7595131730907493e-05
1.7595131804159465e-05
1.7595131940305463e-05
1.7595132035736237e-05
1.759513207546213e-05
1.7595131884064908e-05
1.7595132296916413e-05
1.7595131843223733e-05
1.759513173064794e-05
1.759513218760107e-05
1.759213964178217e-05
1.759213964178217e-05
1.7592139538504958e-05
1.7592139549805932e-05
1.7592139632244823e-05
1.7592139629975896e-05
1.759213953394708e-05
1.759213957416742e-05
1.759213985623287e-05
1.759213962376533e-05
1.7592139437547077e-05
1.759213952758323e-05
1.7592139644360844e-05
1.7592139746352182e-05
1.759213976785715e-05
1.759213959554392e-05
1.759213997766764e-05
1.7592139544314143e-05
1.7592139438523177e-05
1.7592139908492513e-05
1.7586951271843568e-05
1.7586951271843568e-05
1.7586951165527885e-05
1.758695117357487e-05
1.7586951261674677e-05
1.7586951254601724e-05
1.7586951161370505e-05
1.75869512011023e-05
1.7586951476019322e-05
1.7586951258155732e-05
1.75869510689385e-05
1.758695117889087e-05
1.758695127179991e-05
1.7586951381848093e-05
1.7586951381773625e-05
1.7586951231129205e-05
1.7586951577804818e-05
1.7586951168909173e-05
1.7586951070860898e-05
1.758695155406042e-05
1.7573117700635645e-05
1.7573117700635645e-05
1.7573117590317477e-05
1.7573117592809845e-05
1.7573117689670373e-05
1.757311767482002e-05
1.7573117586828755e-05
1.7573117624666608e-05
1.7573117887159686e-05
1.757311769408662e-05
1.757311749987699e-05
1.7573117643097774e-05
1.7573117696094965e-05
1.7573117819291188e-05
1.7573117783491916e-05
1.7573117668630894e-05
1.75731179555565e-05
1.7573117589153715e-05
1.7573117504483038e-05
1.757311800617907e-05
1.7538135244458204e-05
1.7538135244458204e-05
1.753813513003537e-05
1.7538135122731106e-05
1.7538135232760757e-05
1.7538135205676737e-05
1.7538135127427755e-05
1.7538135160171894e-05
1.753813540206446e-05
1.7538135249202826e-05
1.753813504705629e-05
1.753813524293553e-05
1.7538135233199273e-05
1.7538135376176646e-05
1.753813528469642e-05
1.7538135225943694e-05
1.753813541617213e-05
1.7538135121363954e-05
1.753813505929102e-05
1.753813558166986e-05
1.7452093863679966e-05
1.7452093863679966e-05
1.745209374846911e-05
1.7452093723447756e-05
1.7452093852161372e-05
1.745209380638436e-05
1.745209374672409e-05
1.745209376652766e-05
1.7452093974546652e-05
1.7452093885778846e-05
1.7452093671357873e-05
1.7452093947971684e-05
1.745209384329246e-05
1.7452094013944695e-05
1.7452093839288345e-05
1.7452093865343478e-05
1.7452093901788815e-05
1.7452093727715796e-05
1.7452093703945585e-05
1.7452094236507e-05
1.7263457948268506e-05
1.7263457948268506e-05
1.726345784545287e-05
1.7263457790672782e-05
1.726345794015621e-05
1.7263457870099227e-05
1.726345784363186e-05
1.7263457834037873e-05
1.7263457992251803e-05
1.7263457993133334e-05
1.726345776242486e-05
1.7263458144446185e-05
1.7263457918862863e-05
1.726345811915187e-05
1.726345784125933e-05
1.7263457975097824e-05
1.7263457797209633e-05
1.7263457807579464e-05
1.726345784276751e-05
1.726345833605306e-05
1.6940075954142075e-05
1.6940075954142075e-05
1.694007589312436e-05
1.69400757987769e-05
1.6940075956290245e-05
1.694007586709073e-05
1.6940075888385383e-05
1.6940075825574796e-05
1.6940075930670602e-05
1.69400760174903e-05
1.694007577312285e-05
1.694007623951925e-05
1.6940075924413922e-05
1.6940076132995243e-05
1.6940075785192778e-05
1.6940075998328674e-05
1.6940075616670484e-05
1.6940075838361104e-05
1.694007594200288e-05
1.69400762790024e-05
1.6603675208766662e-05
1.6603675208766662e-05
1.6603675216647267e-05
1.66036750948303e-05
1.660367522706639e-05
1.6603675145276938e-05
1.6603675205445016e-05
1.6603675083433145e-05
1.66036751722876e-05
1.66036752663818e-05
1.6603675025132233e-05
1.6603675462243203e-05
1.6603675197197622e-05
1.660367536252156e-05
1.6603675072283633e-05
1.6603675239639922e-05
1.6603674844430232e-05
1.66036751594126e-05
1.6603675294925068e-05
1.6603675359491723e-05
1.6448628743635338e-05
1.6448628743635338e-05
1.64486288005573e-05
1.6448628682748573e-05
1.6448628772956586e-05
1.644862872075842e-05
1.6448628783722883e-05
1.644862863737005e-05
1.6448628759159554e-05
1.6448628774580975e-05
1.644862855155187e-05
1.6448628862748394e-05
1.644862875665786e-05
1.6448628855662892e-05
1.644862871423306e-05
1.64486287388724e-05
1.644862853515138e-05
1.6448628757396126e-05
1.6448628865069013e-05
1.6448628726468568e-05
1.6424938099422704e-05
1.6424938099422704e-05
1.6424938165163398e-05
1.6424938060201105e-05
1.6424938130481536e-05
1.6424938096119022e-05
1.6424938146785893e-05
1.6424938005214643e-05
1.642493815580876e-05
1.6424938113952345e-05
1.6424937902439795e-05
1.6424938136930384e-05
1.6424938122872615e-05
1.6424938191665775e-05
1.6424938132477173e-05
1.642493807479472e-05
1.6424938008976093e-05
1.6424938132680786e-05
1.642493820935248e-05
1.6424938029450295e-05
1.6424075315165055e-05
1.6424075315165055e-05
1.6424075378837968e-05
1.6424075278065036e-05
1.6424075345671577e-05
1.6424075314558986e-05
1.6424075360507972e-05
1.6424075223253554e-05
1.642407538066267e-05
1.6424075326648677e-05
1.6424075117335502e-05
1.6424075337715816e-05
1.6424075339738033e-05
1.6424075404753473e-05
1.6424075359214458e-05
1.6424075287210494e-05
1.6424075250452737e-05
1.6424075348689765e-05
1.6424075417201137e-05
1.6424075244144595e-05
1.64237570355961e-05
1.64237570355961e-05
1.6423757098133987e-05
1.6423756998578807e-05
1.6423757065821507e-05
1.642375703537576e-05
1.6423757079878144e-05
1.6423756944174538e-05
1.6423757103259265e-05
1.6423757046451425e-05
1.642375683761702e-05
1.64237570550901e-05
1.6423757060251394e-05
1.6423757124823125e-05
1.6423757081805953e-05
1.6423757007024803e-05
1.6423756976925155e-05
1.6423757068539357e-05
1.6423757134901245e-05
1.642375696601952e-05
1.6421978808184407e-05
1.6421978808184407e-05
1.6421978867507986e-05
1.642197877123662e-05
1.6421978837618043e-05
1.6421978808888458e-05
1.6421978849472686e-05
1.6421978718029412e-05
1.6421978881445964e-05
1.6421978817448468e-05
1.6421978609886717e-05
1.6421978819924396e-05
1.642197883299835e-05
1.64219788965553e-05
1.6421978859837266e-05
1.6421978778086864e-05
1.6421978765166904e-05
1.6421978839366634e-05
1.6421978900040153e-05
1.642197874301064e-05
1.641735980906558e-05
1.641735980906558e-05
1.6417359863965377e-05
1.6417359772216598e-05
1.6417359837411982e-05
1.64173598110419e-05
1.6417359846241372e-05
1.6417359720647057e-05
1.641735988978412e-05
1.6417359816209294e-05
1.64173596104707e-05
1.641735981041335e-05
1.641735983411652e-05
1.6417359896256164e-05
1.641735986800763e-05
1.6417359776954436e-05
1.6417359787054325e-05
1.6417359837817165e-05
1.6417359890765307e-05
1.6417359749961553e-05
1.6403297716943518e-05
1.6403297716943518e-05
1.6403297764010316e-05
1.6403297680355015e-05
1.640329774336997e-05
1.6403297721250694e-05
1.6403297746855212e-05
1.6403297631636454e-05
1.640329781039386e-05
1.6403297720447974e-05
1.640329751818403e-05
1.6403297700283223e-05
1.640329774250279e-05
1.6403297801960658e-05
1.6403297788519265e-05
1.6403297681417194e-05
1.6403297731242633e-05
1.640329774142403e-05
1.640329778080825e-05
1.6403297668471396e-05
1.6365941063032347e-05
1.6365941063032347e-05
1.636594109750532e-05
1.6365941027092038e-05
1.636594108638453e-05
1.6365941071298196e-05
1.636594108130908e-05
1.636594098283059e-05
1.636594117580392e-05
1.636594106096107e-05
1.6365940864913204e-05
1.6365941018337553e-05
1.636594108963914e-05
1.63659411443301e-05
1.636594115428621e-05
1.6365941022376548e-05
1.6365941133595186e-05
1.636594108073837e-05
1.6365941098573128e-05
1.636594103133556e-05
1.6266857642723807e-05
1.6266857642723807e-05
1.6266857656303405e-05
1.6266857608442974e-05
1.626685766100761e-05
1.6266857658094683e-05
1.6266857641809276e-05
1.626685757125426e-05
1.6266857784649558e-05
1.6266857632096627e-05
1.6266857447957525e-05
1.626685755383049e-05
1.626685767165261e-05
1.6266857717278627e-05
1.6266857765029354e-05
1.626685759446963e-05
1.6266857801296665e-05
1.626685764942664e-05
1.6266857632157826e-05
1.6266857638046433e-05
1.6021006445057888e-05
1.6021006445057888e-05
1.6021006425710263e-05
1.602100641482232e-05
1.6021006455432134e-05
1.6021006472942036e-05
1.6021006414171282e-05
1.602100638799276e-05
1.6021006625832917e-05
1.6021006422645694e-05
1.6021006261181902e-05
1.6021006292163494e-05
1.6021006479075754e-05
1.602100650758424e-05
1.60210066123985e-05
1.6021006387059208e-05
1.6021006729284154e-05
1.602100643499754e-05
1.602100636399053e-05
1.602100648097573e-05
1.547111777420924e-05
1.547111777420924e-05
1.5471117708889275e-05
1.54711177529925e-05
1.5471117773724222e-05
1.5471117822666237e-05
1.5471117702119167e-05
1.5471117738770923e-05
1.5471117992495706e-05
1.547111773934749e-05
1.547111761875522e-05
1.5471117545286613e-05
1.547111781870176e-05
1.54711178166366e-05
1.5471117995229806e-05
1.5471117707862766e-05
1.547111820311449e-05
1.5471117742105475e-05
1.5471117599804435e-05
1.547111786212289e-05
1.45066609034931e-05
1.45066609034931e-05
1.4506660794830273e-05
1.4506660898258671e-05
1.4506660893177866e-05
1.450666097822829e-05
1.4506660793982903e-05
1.450666089180831e-05
1.4506661120026416e-05
1.4506660865778574e-05
1.4506660804164395e-05
1.4506660632465209e-05
1.4506660965335164e-05
1.4506660919636566e-05
1.450666115471515e-05
1.4506660840940698e-05
1.4506661400562451e-05
1.4506660853625583e-05
1.4506660652395311e-05
1.4506661030040174e-05
1.3466194475425182e-05
1.3466194475425182e-05
1.3466194364429292e-05
1.3466194487522273e-05
1.3466194465478989e-05
1.3466194566729454e-05
1.3466194367042785e-05
1.3466194472428427e-05
1.3466194610117619e-05
1.3466194457122989e-05
1.3466194443713295e-05
1.3466194267262507e-05
1.3466194554657069e-05
1.3466194473999212e-05
1.346619468332567e-05
1.3466194438764409e-05
1.346619482588422e-05
1.3466194431248038e-05
1.3466194245099246e-05
1.346619458117594e-05
1.2973835614952395e-05
1.2973835614952395e-05
1.2973835544893186e-05
1.297383563374316e-05
1.297383561547857e-05
1.2973835701482336e-05
1.2973835546069737e-05
1.2973835599325028e-05
1.2973835643160137e-05
1.2973835625226692e-05
1.2973835615691017e-05
1.2973835532719624e-05
1.2973835699560652e-05
1.297383561697746e-05
1.2973835734863805e-05
1.2973835608687957e-05
1.297383570223585e-05
1.297383559634256e-05
1.297383549000396e-05
1.2973835653956093e-05
1.2909683884319005e-05
1.2909683884319005e-05
1.2909683843142858e-05
1.2909683901468868e-05
1.2909683891886643e-05
1.2909683961622735e-05
1.2909683842092283e-05
1.290968385692104e-05
1.2909683868974751e-05
1.2909683907195705e-05
1.2909683883010207e-05
1.290968386577744e-05
1.2909683966355308e-05
1.2909683895015354e-05
1.2909683959506562e-05
1.290968388957585e-05
1.29096838439781e-05
1.2909683881176965e-05
1.290968382410424e-05
1.2909683885070686e-05
1.2914916660776878e-05
1.2914916660776878e-05
1.2914916625290275e-05
1.2914916676670543e-05
1.2914916669680219e-05
1.2914916735401275e-05
1.291491662362395e-05
1.2914916630645426e-05
1.2914916641478118e-05
1.2914916685027125e-05
1.2914916655424182e-05
1.2914916651098556e-05
1.291491674136448e-05
1.2914916674089742e-05
1.2914916729689327e-05
1.2914916666847489e-05
1.291491660380708e-05
1.2914916660300768e-05
1.291491661190914e-05
1.2914916655293819e-05
1.2916348512968182e-05
1.2916348512968182e-05
1.2916348477793313e-05
1.2916348528658296e-05
1.2916348521936838e-05
1.2916348587317819e-05
1.2916348476068547e-05
1.2916348482631789e-05
1.2916348494115404e-05
1.291634853713278e-05
1.2916348506885849e-05
1.2916348503249352e-05
1.2916348593330535e-05
1.2916348526549148e-05
1.291634858189227e-05
1.2916348518872287e-05
1.291634845631632e-05
1.2916348512578624e-05
1.2916348464524855e-05
1.2916348507335998e-05
1.2918164106154917e-05
1.2918164106154917e-05
1.2918164071339428e-05
1.2918164121559495e-05
1.2918164115194783e-05
1.2918164180131481e-05
1.2918164069540071e-05
1.2918164075572379e-05
1.2918164088053582e-05
1.2918164130158443e-05
1.2918164099080972e-05
1.2918164096204753e-05
1.2918164186179874e-05
1.2918164120077018e-05
1.2918164175201527e-05
1.2918164111785583e-05
1.291816405033167e-05
1.2918164105832375e-05
1.2918164058139587e-05
1.2918164100433961e-05
1.2920682056479161e-05
1.2920682056479161e-05
1.292068202227286e-05
1.292068207139355e-05
1.2920682065636465e-05
1.2920682129795797e-05
1.2920682020351424e-05
1.2920682025506345e-05
1.2920682039648903e-05
1.2920682080197687e-05
1.2920682047811463e-05
1.2920682046149122e-05
1.2920682135864397e-05
1.292068207094501e-05
1.2920682125683242e-05
1.2920682061631458e-05
1.2920682002114786e-05
1.2920682056239622e-05
1.2920682009215131e-05
1.2920682050645429e-05
1.292357106191211e-05
1.292357106191211e-05
1.2923571028769616e-05
1.2923571075974647e-05
1.2923571071267636e-05
1.2923571134027484e-05
1.292357102664928e-05
1.29235710303314e-05
1.2923571047199168e-05
1.2923571085126967e-05
1.2923571050747053e-05
1.292357105102472e-05
1.2923571140035742e-05
1.29235710772253e-05
1.2923571131217152e-05
1.292357106622319e-05
1.2923571010050063e-05
1.2923571061751472e-05
1.29235710160517e-05
1.2923571055945474e-05
1.2925194223943244e-05
1.2925194223943244e-05
1.2925194192721242e-05
1.2925194236480336e-05
1.292519423364035e-05
1.2925194293775883e-05
1.2925194190276475e-05
1.2925194191441826e-05
1.2925194212795993e-05
1.2925194246237634e-05
1.2925194208961063e-05
1.2925194212312548e-05
1.292519429944741e-05
1.2925194240540054e-05
1.2925194293008647e-05
1.2925194226725744e-05
1.292519417646726e-05
1.2925194223768656e-05
1.292519418083922e-05
1.2925194217885705e-05
1.2920108461561945e-05
1.2920108461561945e-05
1.2920108433864548e-05
1.2920108471328308e-05
1.2920108471848875e-05
1.2920108526945414e-05
1.2920108430903345e-05
1.292010842777387e-05
1.292010845637157e-05
1.2920108482141945e-05
1.2920108441152073e-05
1.2920108449167883e-05
1.292010853147964e-05
1.2920108479953019e-05
1.2920108529224654e-05
1.2920108461517028e-05
1.2920108421832649e-05
1.2920108461005295e-05
1.2920108424024155e-05
1.292010845567693e-05
1.2894331689930447e-05
1.2894331689930447e-05
1.289433166857921e-05
1.289433169476986e-05
1.2894331701200172e-05
1.2894331746747505e-05
1.289433166485706e-05
1.2894331654687765e-05
1.2894331694209841e-05
1.289433170737003e-05
1.2894331663122153e-05
1.289433167744686e-05
1.2894331748123534e-05
1.2894331710351306e-05
1.2894331753008274e-05
1.2894331684747605e-05
1.2894331663501126e-05
1.2894331687923649e-05
1.2894331663500272e-05
1.2894331685081692e-05
1.2823261886756539e-05
1.2823261886756539e-05
1.2823261875512485e-05
1.2823261883869024e-05
1.2823261899437425e-05
1.2823261928849708e-05
1.2823261870907248e-05
1.2823261850873186e-05
1.2823261903676801e-05
1.2823261899090203e-05
1.2823261856318105e-05
1.2823261876628725e-05
1.28232619230368e-05
1.2823261908075398e-05
1.2823261938528218e-05
1.2823261873299096e-05
1.2823261880249805e-05
1.28232618809581e-05
1.2823261880127752e-05
1.2823261884969084e-05
1.2697191252076336e-05
1.2697191252076336e-05
1.269719125203711e-05
1.2697191240825288e-05
1.2697191266061522e-05
1.2697191276022111e-05
1.2697191247008278e-05
1.269719121831133e-05
1.2697191278890582e-05
1.2697191258573366e-05
1.2697191228685441e-05
1.2697191248776729e-05
1.269719125859595e-05
1.269719127045042e-05
1.2697191284555944e-05
1.2697191229290809e-05
1.2697191265530207e-05
1.2697191239573132e-05
1.2697191270962268e-05
1.2697191256063806e-05
1.2573159186548535e-05
1.2573159186548535e-05
1.2573159190943376e-05
1.2573159172277616e-05
1.2573159200677653e-05
1.2573159200701602e-05
1.257315918654235e-05
1.257315915766821e-05
1.2573159211385396e-05
1.257315919048352e-05
1.2573159181785278e-05
1.2573159191983194e-05
1.2573159173467684e-05
1.2573159198120498e-05
1.2573159201725377e-05
1.2573159159849911e-05
1.257315920486156e-05
1.2573159167813673e-05
1.2573159220629075e-05
1.2573159196227777e-05
1.251712881401093e-05
1.251712881401093e-05
1.2517128815362649e-05
1.2517128802301658e-05
1.2517128827412844e-05
1.2517128830475602e-05
1.2517128811874598e-05
1.2517128788607456e-05
1.2517128830260398e-05
1.2517128819278025e-05
1.2517128823195178e-05
1.2517128823632265e-05
1.251712880117656e-05
1.2517128820737744e-05
1.2517128824743908e-05
1.2517128789623354e-05
1.25171288238599e-05
1.251712879351324e-05
1.2517128846268264e-05
1.2517128825533295e-05
1.2508017414926529e-05
1.2508017414926529e-05
1.2508017413797187e-05
1.2508017405154948e-05
1.2508017427929283e-05
1.2508017434634314e-05
1.2508017410640356e-05
1.2508017390249974e-05
1.250801742724494e-05
1.250801742141083e-05
1.2508017427231925e-05
1.2508017424819413e-05
1.2508017406366924e-05
1.2508017420639227e-05
1.2508017427071682e-05
1.2508017392538418e-05
1.2508017419459216e-05
1.2508017394855412e-05
1.2508017443043107e-05
1.2508017426177322e-05
1.2508123128820951e-05
1.2508123128820951e-05
1.2508123127231975e-05
1.2508123119397621e-05
1.2508123141763326e-05
1.2508123149223803e-05
1.2508123124108863e-05
1.2508123104128517e-05
1.2508123140631546e-05
1.2508123135539611e-05
1.250812314111552e-05
1.250812313854021e-05
1.2508123121341982e-05
1.2508123134555381e-05
1.250812314158573e-05
1.2508123106811067e-05
1.2508123132483574e-05
1.250812310896165e-05
1.2508123155982633e-05
1.2508123139894958e-05
1.2508273765049443e-05
1.2508273765049443e-05
1.2508273763378164e-05
1.2508273755687503e-05
1.2508273777981962e-05
1.2508273785582385e-05
1.250827376026072e-05
1.2508273740339898e-05
1.2508273776791452e-05
1.2508273771810309e-05
1.2508273777286452e-05
1.2508273774716957e-05
1.2508273757788637e-05
1.2508273770807524e-05
1.2508273777957185e-05
1.250827374310752e-05
1.2508273768569175e-05
1.2508273745240273e-05
1.2508273792024513e-05
1.250827377608012e-05
1.2508802073343323e-05
1.2508802073343323e-05
1.2508802071378067e-05
1.2508802064200825e-05
1.250880208623947e-05
1.250880209432771e-05
1.2508802068290771e-05
1.2508802048568585e-05
1.2508802084852857e-05
1.2508802080252333e-05
1.2508802085360088e-05
1.250880208282267e-05
1.2508802066856793e-05
1.25088020791909e-05
1.2508802086762178e-05
1.2508802051642005e-05
1.2508802076365072e-05
1.2508802053714954e-05
1.2508802099656906e-05
1.250880208421723e-05
1.2509382099848332e-05
1.2509382099848332e-05
1.25093820974977e-05
1.2509382090994207e-05
1.2509382112693336e-05
1.2509382121389327e-05
1.2509382094473694e-05
1.2509382074988674e-05
1.250938211106728e-05
1.25093821069452e-05
1.2509382111580961e-05
1.2509382109087808e-05
1.2509382094347351e-05
1.2509382105811254e-05
1.2509382113915615e-05
1.2509382078457126e-05
1.250938210223791e-05
1.2509382080452438e-05
1.2509382125318179e-05
1.2509382110520446e-05
1.2510157001635788e-05
1.2510157001635788e-05
1.2510156998560542e-05
1.2510156993326031e-05
1.251015701437515e-05
1.2510157024127967e-05
1.2510156995719529e-05
1.2510156976619265e-05
1.2510157012344065e-05
1.2510157009068758e-05
1.251015701285205e-05
1.2510157010444548e-05
1.251015699790621e-05
1.2510157007808272e-05
1.2510157016860951e-05
1.2510156980813352e-05
1.2510157002890815e-05
1.251015698266357e-05
1.2510157025583595e-05
1.2510157011939485e-05
1.2510692220881161e-05
1.2510692220881161e-05
1.2510692216589476e-05
1.251069221349087e-05
1.2510692233420281e-05
1.2510692244739028e-05
1.2510692214210633e-05
1.2510692195608251e-05
1.2510692230818267e-05
1.251069222883693e-05
1.2510692231274545e-05
1.2510692229016225e-05
1.251069221992747e-05
1.2510692227387413e-05
1.2510692237901328e-05
1.2510692200979014e-05
1.2510692220362164e-05
1.2510692202587579e-05
1.2510692242429754e-05
1.2510692230593097e-05
1.2509808805721265e-05
1.2509808805721265e-05
1.2509808799223254e-05
1.2509808800011992e-05
1.2509808817841497e-05
1.2509808831494411e-05
1.2509808798059368e-05
1.2509808780000297e-05
1.2509808814468957e-05
1.250980881452453e-05
1.2509808814729242e-05
1.2509808812754456e-05
1.2509808809321176e-05
1.2509808812789005e-05
1.250980882563529e-05
1.250980878740428e-05
1.2509808802302212e-05
1.2509808788579192e-05
1.2509808823297436e-05
1.2509808814425008e-05
1.2503961049358308e-05
1.2503961049358308e-05
1.2503961038854764e-05
1.2503961046731547e-05
1.2503961060589765e-05
1.2503961077314493e-05
1.2503961040764363e-05
1.2503961022862989e-05
1.2503961056428782e-05
1.2503961059468117e-05
1.2503961056097834e-05
1.2503961054667741e-05
1.2503961060116633e-05
1.2503961057344335e-05
1.2503961073692438e-05
1.2503961033725605e-05
1.2503961041405936e-05
1.250396103412395e-05
1.2503961060596165e-05
1.250396105638166e-05
1.248422318373719e-05
1.248422318373719e-05
1.2484223165979902e-05
1.248422318675958e-05
1.248422319307935e-05
1.2484223212825096e-05
1.2484223175347395e-05
1.24842231559248e-05
1.2484223188821575e-05
1.2484223195707048e-05
1.2484223186906576e-05
1.2484223186528118e-05
1.2484223205041895e-05
1.2484223193165733e-05
1.2484223214258217e-05
1.2484223172543572e-05
1.2484223169170575e-05
1.2484223171558986e-05
1.2484223185401364e-05
1.2484223188044371e-05
1.243390793531066e-05
1.243390793531066e-05
1.24339079056603e-05
1.24339079477289e-05
1.2433907940997035e-05
1.2433907960625343e-05
1.2433907931029917e-05
1.243390790550889e-05
1.2433907939235725e-05
1.24339079493208e-05
1.2433907933699358e-05
1.2433907935175483e-05
1.2433907969085406e-05
1.2433907946664658e-05
1.2433907972349646e-05
1.2433907930553627e-05
1.2433907913081797e-05
1.2433907927348198e-05
1.243390792507719e-05
1.2433907935816575e-05
1.2341697709635478e-05
1.2341697709635478e-05
1.2341697665570449e-05
1.2341697733675625e-05
1.2341697709913495e-05
1.234169772052029e-05
1.234169771694434e-05
1.2341697677720493e-05
1.2341697715827599e-05
1.2341697724350846e-05
1.2341697704108456e-05
1.2341697708060688e-05
1.2341697750080939e-05
1.2341697722553252e-05
1.234169774822474e-05
1.234169771120618e-05
1.234169768369254e-05
1.2341697705390544e-05
1.2341697691634568e-05
1.2341697706676036e-05
1.2244219066100148e-05
1.2244219066100148e-05
1.2244219014432895e-05
1.224421909661665e-05
1.2244219062076227e-05
1.224421905475871e-05
1.2244219089321932e-05
1.2244219033512634e-05
1.2244219078933041e-05
1.2244219078566235e-05
1.224421906129319e-05
1.2244219066890235e-05
1.2244219097543605e-05
1.2244219078701103e-05
1.2244219096091177e-05
1.2244219068823439e-05
1.2244219046461942e-05
1.2244219061751933e-05
1.2244219053867347e-05
1.2244219063006064e-05
1.2199972545827152e-05
1.2199972545827152e-05
1.2199972497177381e-05
1.2199972574303827e-05
1.2199972541293212e-05
1.2199972520951282e-05
1.2199972577723652e-05
1.2199972514182967e-05
1.2199972564352915e-05
1.2199972555176554e-05
1.2199972544994102e-05
1.21999725504572e-05
1.2199972561692889e-05
1.2199972556807857e-05
1.219997256482815e-05
1.219997254475204e-05
1.219997253632642e-05
1.2199972538363516e-05
1.2199972546393319e-05
1.2199972545375843e-05
1.2194417635890828e-05
1.2194417635890828e-05
1.2194417591019702e-05
1.2194417661455551e-05
1.2194417632212718e-05
1.2194417609136403e-05
1.2194417668545183e-05
1.219441760497237e-05
1.21944176559311e-05
1.2194417644039942e-05
1.219441763716197e-05
1.2194417642108223e-05
1.21944176451584e-05
1.2194417646019675e-05
1.2194417650837646e-05
1.2194417632312082e-05
1.2194417630564494e-05
1.2194417626654208e-05
1.2194417642313042e-05
1.2194417637003147e-05
1.219504885640689e-05
1.219504885640689e-05
1.2195048812421676e-05
1.2195048881267473e-05
1.2195048853018642e-05
1.2195048830115398e-05
1.2195048888633075e-05
1.2195048825631749e-05
1.2195048876465498e-05
1.2195048864436468e-05
1.2195048857998411e-05
1.2195048862803287e-05
1.2195048864901147e-05
1.2195048866406751e-05
1.2195048870984485e-05
1.219504885237718e-05
1.2195048851548658e-05
1.2195048846882879e-05
1.2195048863591692e-05
1.2195048857780781e-05
1.2195304513166667e-05
1.2195304513166667e-05
1.2195304469366343e-05
1.2195304537878411e-05
1.2195304509847362e-05
1.2195304487061513e-05
1.2195304545243212e-05
1.2195304482419317e-05
1.2195304533195384e-05
1.2195304521187232e-05
1.2195304514806841e-05
1.2195304519581122e-05
1.2195304521576293e-05
1.2195304523146863e-05
1.2195304527724224e-05
1.219530450905759e-05
1.219530450835548e-05
1.2195304503596321e-05
1.2195304520449045e-05
1.219530451458421e-05
1.2196066729498863e-05
1.2196066729498863e-05
1.2196066686287231e-05
1.2196066753736243e-05
1.219606672639995e-05
1.2196066704016164e-05
1.2196066761078775e-05
1.2196066698841648e-05
1.2196066749420449e-05
1.219606673749524e-05
1.2196066731283984e-05
1.2196066735964214e-05
1.2196066737663086e-05
1.2196066739419624e-05
1.2196066744007856e-05
1.2196066725146726e-05
1.2196066724821669e-05
1.2196066719788951e-05
1.2196066737068511e-05
1.2196066731049905e-05
1.2196870490317127e-05
1.2196870490317127e-05
1.2196870447886641e-05
1.2196870513926652e-05
1.2196870487506924e-05
1.2196870465666628e-05
1.2196870521232742e-05
1.2196870459784906e-05
1.219687051009165e-05
1.219687049828107e-05
1.2196870492283292e-05
1.2196870496847688e-05
1.2196870498159868e-05
1.2196870500161769e-05
1.2196870504758273e-05
1.2196870485655656e-05
1.219687048581518e-05
1.2196870480431812e-05
1.2196870498254674e-05
1.2196870492039672e-05
1.2197771302409854e-05
1.2197771302409854e-05
1.2197771261409076e-05
1.2197771324873691e-05
1.2197771300117025e-05
1.219777127928956e-05
1.2197771332101582e-05
1.2197771272121251e-05
1.2197771321905674e-05
1.2197771310311602e-05
1.2197771304678968e-05
1.2197771309055666e-05
1.2197771309666258e-05
1.2197771312121573e-05
1.2197771316710922e-05
1.2197771297215887e-05
1.2197771298227757e-05
1.2197771292228238e-05
1.2197771310992127e-05
1.219777130443236e-05
1.219785806546697e-05
1.219785806546697e-05
1.2197858026810184e-05
1.219785808606103e-05
1.219785806399504e-05
1.2197858044871264e-05
1.2197858093133452e-05
1.2197858035614448e-05
1.219785808448302e-05
1.2197858073259503e-05
1.2197858068163171e-05
1.2197858072292021e-05
1.2197858071765794e-05
1.2197858074976365e-05
1.2197858079498202e-05
1.2197858059482734e-05
1.2197858061808007e-05
1.2197858054860282e-05
1.2197858075036876e-05
1.219785806794721e-05
1.2194639534812071e-05
1.2194639534812071e-05
1.2194639500213193e-05
1.2194639552190255e-05
1.2194639534693529e-05
1.2194639518625846e-05
1.2194639558926259e-05
1.2194639505805254e-05
1.2194639552941079e-05
1.2194639542397536e-05
1.219463953807538e-05
1.2194639541923518e-05
1.219463953946202e-05
1.2194639544009889e-05
1.2194639548276468e-05
1.2194639527664425e-05
1.2194639532055757e-05
1.2194639523619703e-05
1.219463954592018e-05
1.21946395380004e-05
1.2181547253247009e-05
1.2181547253247009e-05
1.2181547225459686e-05
1.2181547265277289e-05
1.2181547255240257e-05
1.2181547244554176e-05
1.2181547271289568e-05
1.2181547225874207e-05
1.2181547269753773e-05
1.2181547260442457e-05
1.218154725705538e-05
1.2181547260782685e-05
1.2181547255150336e-05
1.2181547262013217e-05
1.218154726552451e-05
1.2181547244630195e-05
1.2181547251998806e-05
1.2181547241426444e-05
1.2181547266531758e-05
1.2181547257424738e-05
1.2144626892824238e-05
1.2144626892824238e-05
1.2144626875662309e-05
1.2144626896624348e-05
1.214462689775322e-05
1.2144626896026075e-05
1.2144626901151593e-05
1.2144626868480784e-05
1.2144626906501753e-05
1.2144626899316129e-05
1.2144626896571178e-05
1.2144626900895058e-05
1.2144626890490303e-05
1.2144626901121854e-05
1.2144626902722733e-05
1.2144626882999291e-05
1.2144626893912709e-05
1.2144626880818872e-05
1.2144626908596152e-05
1.2144626898099005e-05
1.2066897452703577e-05
1.2066897452703577e-05
1.2066897448295853e-05
1.2066897446854132e-05
1.2066897460422688e-05
1.2066897470604182e-05
1.2066897448869826e-05
1.2066897432979817e-05
1.2066897462373622e-05
1.2066897458156177e-05
1.2066897454510622e-05
1.206689746115757e-05
1.2066897445380108e-05
1.2066897460857777e-05
1.206689745866658e-05
1.2066897443646615e-05
1.2066897456564494e-05
1.2066897442104018e-05
1.206689746960197e-05
1.2066897458381612e-05
1.1959171002380138e-05
1.1959171002380138e-05
1.1959171004764943e-05
1.1959170991813386e-05
1.1959171010236893e-05
1.1959171028882397e-05
1.1959170991151978e-05
1.1959170986923756e-05
1.195917100879247e-05
1.1959171006921336e-05
1.1959170999725012e-05
1.1959171010561963e-05
1.1959170992577003e-05
1.195917101122795e-05
1.1959171004263e-05
1.1959170997808012e-05
1.1959171007658038e-05
1.1959170995520056e-05
1.1959171016462532e-05
1.195917100659427e-05
1.188362604924159e-05
1.188362604924159e-05
1.1883626046944885e-05
1.1883626042814914e-05
1.188362605416184e-05
1.1883626071445684e-05
1.1883626041175542e-05
1.1883626034652547e-05
1.1883626055531462e-05
1.1883626053656637e-05
1.1883626042434999e-05
1.1883626056607294e-05
1.1883626041521782e-05
1.1883626059234126e-05
1.1883626049754763e-05
1.1883626050168354e-05
1.1883626053417367e-05
1.1883626046107454e-05
1.1883626058065605e-05
1.188362605092682e-05
1.1865597104322145e-05
1.1865597104322145e-05
1.1865597095771888e-05
1.1865597102897019e-05
1.1865597107010359e-05
1.186559711981489e-05
1.1865597101630796e-05
1.186559708862598e-05
1.1865597111857056e-05
1.1865597109017452e-05
1.1865597096269481e-05
1.1865597111194818e-05
1.1865597099162563e-05
1.1865597114878388e-05
1.1865597105493602e-05
1.1865597107483902e-05
1.1865597107100356e-05
1.186559710241524e-05
1.1865597110405018e-05
1.1865597104734078e-05
1.1866282903493473e-05
1.1866282903493473e-05
1.186628289318803e-05
1.1866282903424853e-05
1.1866282905706483e-05
1.1866282917015705e-05
1.1866282902413626e-05
1.186628288728385e-05
1.186628291150386e-05
1.1866282908307595e-05
1.1866282895475804e-05
1.1866282910281186e-05
1.1866282899032513e-05
1.1866282914121524e-05
1.1866282905072381e-05
1.1866282906825095e-05
1.1866282905886066e-05
1.1866282901595517e-05
1.1866282909190238e-05
1.1866282903736422e-05
1.1866849765778539e-05
1.1866849765778539e-05
1.1866849755345717e-05
1.1866849765803023e-05
1.1866849767974111e-05
1.1866849779147943e-05
1.186684976482727e-05
1.1866849749508822e-05
1.1866849773837653e-05
1.1866849770605825e-05
1.1866849757806843e-05
1.1866849772566119e-05
1.1866849761366e-05
1.1866849776402046e-05
1.1866849767412222e-05
1.186684976907074e-05
1.1866849768143863e-05
1.1866849763843446e-05
1.1866849771490556e-05
1.1866849766030546e-05
1.1866952580864226e-05
1.1866952580864226e-05
1.1866952570422048e-05
1.1866952580894906e-05
1.1866952583060627e-05
1.1866952594221157e-05
1.186695257992386e-05
1.1866952564587306e-05
1.186695258892867e-05
1.1866952585693051e-05
1.1866952572901312e-05
1.1866952587652547e-05
1.1866952576454935e-05
1.1866952591486182e-05
1.186695258250515e-05
1.1866952584146957e-05
1.1866952583227592e-05
1.18669525789218e-05
1.186695258658275e-05
1.1866952581119617e-05
1.1867311684463778e-05
1.1867311684463778e-05
1.1867311673990956e-05
1.1867311684514451e-05
1.1867311686663682e-05
1.1867311697779165e-05
1.1867311683559763e-05
1.1867311668162287e-05
1.1867311692546371e-05
1.1867311689297917e-05
1.1867311676531997e-05
1.1867311691254824e-05
1.1867311680064806e-05
1.1867311695080032e-05
1.1867311686130176e-05
1.1867311687711892e-05
1.1867311686820518e-05
1.186731168249573e-05
1.1867311690205997e-05
1.1867311684731774e-05
1.1868096028387489e-05
1.1868096028387489e-05
1.1868096017846877e-05
1.1868096028482394e-05
1.1868096030594803e-05
1.1868096041610651e-05
1.1868096027563971e-05
1.1868096012032477e-05
1.186809603650998e-05
1.1868096033233519e-05
1.1868096020524802e-05
1.1868096035184588e-05
1.1868096024010817e-05
1.1868096038990971e-05
1.1868096030111637e-05
1.1868096031556505e-05
1.1868096030728864e-05
1.186809602636417e-05
1.1868096034182402e-05
1.1868096028684545e-05
1.1869031977950786e-05
1.1869031977950786e-05
1.1869031967326838e-05
1.1869031978100577e-05
1.1869031980166409e-05
1.1869031991059422e-05
1.186903197722657e-05
1.1869031961531838e-05
1.1869031986121787e-05
1.1869031982811674e-05
1.1869031970173128e-05
1.1869031984755213e-05
1.1869031973600424e-05
1.1869031988538243e-05
1.1869031979748823e-05
1.1869031981017316e-05
1.1869031980271566e-05
1.186903197586285e-05
1.1869031983810609e-05
1.1869031978286006e-05
1.18706379710541e-05
1.18706379710541e-05
1.1870637960279246e-05
1.1870637971303727e-05
1.1870637973282121e-05
1.1870637983953098e-05
1.1870637970509842e-05
1.187063795452522e-05
1.1870637979310939e-05
1.1870637975942431e-05
1.1870637963429871e-05
1.1870637977871442e-05
1.1870637966748065e-05
1.1870637981611692e-05
1.1870637972993376e-05
1.1870637973921355e-05
1.1870637973333004e-05
1.187063796885921e-05
1.1870637977031269e-05
1.1870637971464875e-05
1.1872893702803865e-05
1.1872893702803865e-05
1.1872893691796633e-05
1.187289370320926e-05
1.1872893705044576e-05
1.1872893715373592e-05
1.1872893702537834e-05
1.1872893686120172e-05
1.187289371118823e-05
1.1872893707735996e-05
1.1872893695415158e-05
1.1872893709640299e-05
1.1872893698557897e-05
1.1872893713313306e-05
1.1872893704980156e-05
1.187289370532868e-05
1.1872893705006449e-05
1.1872893700469393e-05
1.1872893708961644e-05
1.1872893703347718e-05
1.1875944366316477e-05
1.1875944366316477e-05
1.1875944354936261e-05
1.1875944366976526e-05
1.1875944368560535e-05
1.1875944378341286e-05
1.1875944366499253e-05
1.1875944349422532e-05
1.18759443748929e-05
1.1875944371322766e-05
1.187594435930327e-05
1.187594437318131e-05
1.1875944362145186e-05
1.1875944376742889e-05
1.1875944368923912e-05
1.1875944368198793e-05
1.1875944368365562e-05
1.1875944363824222e-05
1.1875944372763502e-05
1.1875944367117513e-05
1.1879061948596918e-05
1.1879061948596918e-05
1.1879061936658807e-05
1.1879061949649635e-05
1.1879061950802e-05
1.1879061959764565e-05
1.1879061949456772e-05
1.1879061931487243e-05
1.1879061957428092e-05
1.1879061953724112e-05
1.1879061942138856e-05
1.187906195549851e-05
1.1879061944481302e-05
1.1879061958884518e-05
1.1879061951979932e-05
1.1879061949279068e-05
1.187906195033661e-05
1.1879061946039592e-05
1.187906195547497e-05
1.1879061949895071e-05
1.187952683495148e-05
1.187952683495148e-05
1.1879526822279993e-05
1.1879526836551248e-05
1.1879526836992332e-05
1.1879526844883494e-05
1.1879526836716652e-05
1.1879526817812023e-05
1.1879526844034066e-05
1.1879526840263367e-05
1.1879526829206774e-05
1.1879526841886671e-05
1.1879526830765012e-05
1.1879526845018806e-05
1.1879526839690759e-05
1.187952683343986e-05
1.1879526836078897e-05
1.1879526832748167e-05
1.187952684239218e-05
1.1879526837192591e-05
1.1870716953717382e-05
1.1870716953717382e-05
1.187071694042549e-05
1.1870716955859029e-05
1.1870716955329029e-05
1.187071696232469e-05
1.1870716956287434e-05
1.187071693720474e-05
1.1870716962798124e-05
1.1870716959251642e-05
1.1870716948533832e-05
1.1870716960643201e-05
1.1870716949100963e-05
1.1870716963501392e-05
1.1870716960468682e-05
1.1870716948767852e-05
1.1870716953798977e-05
1.1870716952942618e-05
1.1870716961623849e-05
1.1870716957499623e-05
1.184627722466442e-05
1.184627722466442e-05
1.1846277211569456e-05
1.1846277226865599e-05
1.1846277225562557e-05
1.184627723287429e-05
1.1846277227093197e-05
1.1846277209861519e-05
1.1846277233117784e-05
1.18462772303217e-05
1.184627721917889e-05
1.1846277231482523e-05
1.1846277219101358e-05
1.1846277234254448e-05
1.1846277233308313e-05
1.1846277216174764e-05
1.1846277223532719e-05
1.1846277226741363e-05
1.1846277232393155e-05
1.1846277230133748e-05
1.181707874434638e-05
1.181707874434638e-05
1.1817078732423698e-05
1.1817078745902586e-05
1.1817078744664613e-05
1.1817078753720529e-05
1.1817078745441248e-05
1.1817078731483334e-05
1.18170787517753e-05
1.18170787499004e-05
1.1817078737597741e-05
1.1817078751001023e-05
1.1817078737822916e-05
1.181707875400702e-05
1.1817078753331617e-05
1.1817078734772105e-05
1.181707874266152e-05
1.1817078749133881e-05
1.1817078751146123e-05
1.1817078750465828e-05
1.1803521107870587e-05
1.1803521107870587e-05
1.1803521096868438e-05
1.180352110882968e-05
1.1803521108066089e-05
1.1803521118479212e-05
1.180352110787329e-05
1.1803521095783655e-05
1.1803521114740896e-05
1.1803521113267772e-05
1.180352110017855e-05
1.1803521114440184e-05
1.1803521101017082e-05
1.1803521117697868e-05
1.1803521116132881e-05
1.1803521099257747e-05
1.1803521106356329e-05
1.1803521113492527e-05
1.1803521113952586e-05
1.1803521113648547e-05
1.1801948989693813e-05
1.1801948989693813e-05
1.1801948978904223e-05
1.1801948990496047e-05
1.1801948989930535e-05
1.1801949000654486e-05
1.1801948989434955e-05
1.1801948977629823e-05
1.1801948996486538e-05
1.1801948995038983e-05
1.1801948981794038e-05
1.1801948996252816e-05
1.1801948982852943e-05
1.1801948999582845e-05
1.1801948997581782e-05
1.1801948981682352e-05
1.1801948988345555e-05
1.1801948995237524e-05
1.1801948995612597e-05
1.1801948995214623e-05
1.18021574519714e-05
1.18021574519714e-05
1.1802157441188328e-05
1.1802157452765266e-05
1.1802157452222746e-05
1.1802157462955647e-05
1.1802157451702795e-05
1.1802157439878165e-05
1.1802157458771617e-05
1.1802157457312008e-05
1.1802157444067227e-05
1.1802157458531788e-05
1.1802157445148104e-05
1.1802157461866808e-05
1.1802157459808104e-05
1.1802157444051113e-05
1.1802157450652549e-05
1.1802157457460522e-05
1.1802157457885766e-05
1.1802157457450124e-05
1.1802233042448674e-05
     fun: 1.2524442722084572e-05
     jac: array([ 6.97582436e-10,  7.97660960e-09, -4.80730478e-08, -4.17264800e-09,
        1.14852128e-08, -8.32085334e-08,  2.73188334e-08,  1.75942660e-07,
        7.88326133e-08,  1.87128535e-09, -3.74071874e-07, -2.79496817e-08,
        2.17483375e-07, -2.46166223e-07, -1.30347075e-07,  5.94614789e-07,
       -1.38042310e-07,  1.84137548e-07])
 message: 'Optimization terminated successfully.'
    nfev: 2841
     nit: 142
    njev: 142
  status: 0
 success: True
       x: array([ 0.72843923, -0.56878484, -0.57485067, -0.67581146,  0.31751621,
        0.33027866, -0.02104533, -0.33117575,  0.81795974,  0.07352164,
        0.13969659, -0.77353912, -0.34701251,  0.05966765,  0.31770823,
        0.16438841, -0.57504494,  0.1074309 ])

========================================================

Final result:
0.7284392298831739
-0.5687848400693118
-0.5748506704564461
0.1383987602141947
0.1383987602141947
0.1383987602141947
-0.6758114625794072
0.31751621200843544
0.3302786571295787
-0.021045332143747774
-0.33117575358406526
0.8179597358001257
0.07352163954759731
0.07352163954759731
0.13969659108549964
-0.7735391207446338
-0.34701251052933796
0.05966764724203974
0.31770822611586286
0.16438841208310243
-0.5750449412665614
0.10743090214012395
0.09547857889242439
-0.7735391207446338
