0.00015325545430890488
0.00015325545430890488
0.0001532554459384913
0.00015325544375600206
0.00015325545266820393
0.0001532554683555736
0.0001532554700695966
0.00015325546267251275
0.00015325546164834142
0.00015325546110490153
0.00015325546010634632
0.00015325546687011655
0.00015325546100673787
0.00015325546513409358
0.0001532554680569329
0.00015325546088591318
0.0001532554554496987
0.0001473333575019622
0.0001473333575019622
0.0001473333491898455
0.0001473333470504673
0.0001473333558707161
0.0001473333703787505
0.00014733337202544667
0.00014733336480422175
0.00014733336381780822
0.00014733336339613407
0.00014733336215910672
0.00014733336826437525
0.00014733336346018966
0.00014733336600139977
0.00014733336968653692
0.00014733336365382388
0.0001473333585688813
0.00012806038114568765
0.00012806038114568765
0.0001280603731317446
0.00012806037120742704
0.0001280603795641433
0.00012806038885931987
0.0001280603901899789
0.00012806038379104153
0.00012806038298125548
0.00012806038307557386
0.00012806038082385757
0.0001280603840039782
0.00012806038384177208
0.0001280603795022763
0.00012806038642554653
0.0001280603854200947
0.00012806038188640218
0.00011958526819293894
0.00011958526819293894
0.0001195852605699684
0.00011958525891815692
0.00011958526667888594
0.0001195852705542346
0.0001195852715195093
0.00011958526606529598
0.00011958526545858366
0.00011958526604515348
0.00011958526281680429
0.00011958526292734758
0.00011958526751174064
0.00011958525627792556
0.00011958526630676105
0.00011958527051904223
0.00011958526859519433
0.00011754518922048933
0.00011754518922048933
0.0001175451817397129
0.0001175451801785819
0.00011754518773302287
0.00011754519088041866
0.00011754519175593601
0.00011754518652794856
0.00011754518597001067
0.00011754518657395481
0.00011754518330073473
0.00011754518296835278
0.00011754518810195296
0.00011754517622857634
0.00011754518638692781
0.00011754519128918462
0.00011754518957808961
0.0001054536749023865
0.0001054536749023865
0.00010545366816436136
0.00010545366706161961
0.00010545367355738762
0.00010545367508664015
0.00010545367556949681
0.00010545367131637991
0.000105453670969005
0.0001054536713809167
0.00010545366841619657
0.00010545366695690371
0.00010545367289083835
0.00010545366095311888
0.00010545367003924602
0.00010545367642013564
0.00010545367516470971
6.736158597660484e-05
6.736158597660484e-05
6.73615828247024e-05
6.73615839027013e-05
6.736158532657849e-05
6.736158334581403e-05
6.736158208492623e-05
6.73615821282221e-05
6.736158270968685e-05
6.73615816435455e-05
6.73615812260461e-05
6.736157668035541e-05
6.736158240265386e-05
6.736157658132206e-05
6.736157708623166e-05
6.73615864019927e-05
6.736158605148217e-05
6.016212030624443e-05
6.016212030624443e-05
6.016211838993343e-05
6.016212019670339e-05
6.016211990000551e-05
6.016211930048424e-05
6.0162117533010394e-05
6.0162118805537786e-05
6.016211965322751e-05
6.0162117754195715e-05
6.016211883598879e-05
6.016211466672096e-05
6.0162117860233804e-05
6.016211798102731e-05
6.016211353223061e-05
6.016212130492971e-05
6.0162120481663035e-05
5.868269317428388e-05
5.868269317428388e-05
5.86826914525112e-05
5.86826933562627e-05
5.8682692809102864e-05
5.8682693983037044e-05
5.868269219601118e-05
5.8682693505837655e-05
5.868269436181529e-05
5.868269214825992e-05
5.868269381882995e-05
5.868269060380855e-05
5.868269192155921e-05
5.8682695233668166e-05
5.8682688876979276e-05
5.868269484141772e-05
5.8682693466080435e-05
5.839561149412462e-05
5.839561149412462e-05
5.83956097090864e-05
5.8395611562514245e-05
5.83956111177189e-05
5.839561290128401e-05
5.839561117106108e-05
5.83956123428319e-05
5.8395613168804934e-05
5.8395610931468066e-05
5.839561265373372e-05
5.839560984844979e-05
5.8395610646328715e-05
5.8395614581350145e-05
5.839560807425484e-05
5.8395613394388247e-05
5.8395611826438416e-05
5.7932412980318224e-05
5.7932412980318224e-05
5.7932411117432036e-05
5.793241289927721e-05
5.793241259005943e-05
5.7932414989851186e-05
5.793241333404257e-05
5.793241433486347e-05
5.793241512319222e-05
5.793241290172614e-05
5.793241460249042e-05
5.7932412304533804e-05
5.7932412582808426e-05
5.7932416964532116e-05
5.793241055879315e-05
5.793241513814865e-05
5.7932413357431604e-05
5.681986397354173e-05
5.681986397354173e-05
5.6819862047432175e-05
5.6819863725173766e-05
5.681986357329301e-05
5.681986678982904e-05
5.68198652434544e-05
5.681986601869093e-05
5.681986675578932e-05
5.681986462102758e-05
5.681986616922755e-05
5.6819864768235725e-05
5.6819864297106526e-05
5.681986902584088e-05
5.681986318802498e-05
5.6819866535167744e-05
5.681986442102698e-05
5.459286376193545e-05
5.459286376193545e-05
5.45928619090245e-05
5.459286348592337e-05
5.459286337950303e-05
5.459286728865571e-05
5.459286585496026e-05
5.459286646371026e-05
5.4592867158224006e-05
5.459286526146715e-05
5.459286636962073e-05
5.4592866320808e-05
5.459286503141173e-05
5.4592869467901765e-05
5.459286519983113e-05
5.459286683252509e-05
5.459286429844132e-05
5.1338736974714005e-05
5.1338736974714005e-05
5.133873550501867e-05
5.133873707734025e-05
5.1338736670816086e-05
5.133874035264059e-05
5.133873894370827e-05
5.133873969012521e-05
5.1338740401443066e-05
5.133873894761648e-05
5.133873921875378e-05
5.133874060332627e-05
5.133873899569026e-05
5.133874168321058e-05
5.133874033659138e-05
5.133874040568137e-05
5.133873757493216e-05
4.876197542529571e-05
4.876197542529571e-05
4.8761974557290475e-05
4.8761976286663874e-05
4.876197524008655e-05
4.876197735048989e-05
4.876197580335362e-05
4.876197708287586e-05
4.876197789441958e-05
4.876197688447944e-05
4.876197630620421e-05
4.876197816076869e-05
4.876197729989282e-05
4.8761977180709765e-05
4.876197874001295e-05
4.8761978692458316e-05
4.876197599813201e-05
4.787245047393483e-05
4.787245047393483e-05
4.7872449973741975e-05
4.787245187247872e-05
4.7872450359216464e-05
4.7872450952054776e-05
4.78724492415518e-05
4.7872450989434706e-05
4.787245189323941e-05
4.787245104394315e-05
4.787245015898932e-05
4.787245148885006e-05
4.7872451650371425e-05
4.787244979024236e-05
4.787245235250172e-05
4.787245330285827e-05
4.7872450970968615e-05
4.768243360496539e-05
4.768243360496539e-05
4.768243317979947e-05
4.768243514083507e-05
4.7682433503843345e-05
4.768243355598843e-05
4.7682431782579894e-05
4.768243368119197e-05
4.768243461288363e-05
4.768243375683283e-05
4.768243289616722e-05
4.768243378883537e-05
4.768243438624917e-05
4.768243216252229e-05
4.768243460724472e-05
4.768243619982226e-05
4.768243406123741e-05
4.7530817178663225e-05
4.7530817178663225e-05
4.753081677092176e-05
4.753081875882482e-05
4.753081708034597e-05
4.753081686863139e-05
4.753081506783763e-05
4.753081702832582e-05
4.7530817966016115e-05
4.7530817094766184e-05
4.753081628948705e-05
4.7530816893782396e-05
4.7530817716810457e-05
4.753081540643419e-05
4.7530817629697373e-05
4.753081962584585e-05
4.753081760911111e-05
4.710073760744013e-05
4.710073760744013e-05
4.710073721579222e-05
4.7100739235185516e-05
4.710073751151276e-05
4.710073685918514e-05
4.710073502776312e-05
4.710073706757906e-05
4.7100737994725355e-05
4.710073711613849e-05
4.710073642710578e-05
4.7100736526801414e-05
4.7100737705077316e-05
4.710073531899934e-05
4.7100737057530785e-05
4.7100739767674106e-05
4.710073798754925e-05
4.611739472944009e-05
4.611739472944009e-05
4.61173943452178e-05
4.611739637332667e-05
4.611739463474251e-05
4.611739339219537e-05
4.61173915583338e-05
4.611739365054901e-05
4.6117394514677334e-05
4.611739369077469e-05
4.6117393173529045e-05
4.611739261972364e-05
4.6117394198687655e-05
4.61173917992065e-05
4.6117392756955985e-05
4.611739643080568e-05
4.611739502874083e-05
4.3888747793271835e-05
4.3888747793271835e-05
4.3888747387977554e-05
4.388874934001175e-05
4.388874769629664e-05
4.3888745723399695e-05
4.388874398697402e-05
4.3888746006253175e-05
4.388874666641551e-05
4.388874608408173e-05
4.3888745806383675e-05
4.38887445290146e-05
4.388874640201222e-05
4.3888744185234924e-05
4.388874388962019e-05
4.388874874235383e-05
4.3888747959423256e-05
4.004780687621254e-05
4.004780687621254e-05
4.0047806382252934e-05
4.0047808064440994e-05
4.00478067684999e-05
4.004780435779102e-05
4.004780293926771e-05
4.004780455948431e-05
4.0047804772468167e-05
4.004780478536173e-05
4.004780471699457e-05
4.004780323190859e-05
4.004780475984165e-05
4.004780315852157e-05
4.004780138665212e-05
4.0047806900123505e-05
4.0047806877309004e-05
3.589482874882833e-05
3.589482874882833e-05
3.5894828093837234e-05
3.589482930891073e-05
3.589482862111646e-05
3.589482674869276e-05
3.5894825863946334e-05
3.589482670844355e-05
3.5894826313931036e-05
3.5894827199046374e-05
3.589482710757855e-05
3.589482668120916e-05
3.58948267792804e-05
3.589482622198495e-05
3.589482368726244e-05
3.589482822003449e-05
3.5894828649052525e-05
3.385895821704964e-05
3.385895821704964e-05
3.385895743598161e-05
3.3858958297253684e-05
3.385895807346158e-05
3.385895742474156e-05
3.385895693411534e-05
3.3858957136674246e-05
3.385895638717936e-05
3.385895783163535e-05
3.385895748181865e-05
3.385895874403593e-05
3.3858957240913895e-05
3.3858957461408125e-05
3.385895547903409e-05
3.385895792763274e-05
3.385895815683778e-05
3.3478435150875525e-05
3.3478435150875525e-05
3.347843434158114e-05
3.347843512763035e-05
3.347843500371939e-05
3.3478435044581896e-05
3.347843463270254e-05
3.3478434668863674e-05
3.347843389957634e-05
3.347843540718023e-05
3.3478434878420086e-05
3.347843695741526e-05
3.347843484928437e-05
3.347843522952212e-05
3.347843396041362e-05
3.347843525538926e-05
3.347843515952828e-05
3.3420969020003475e-05
3.3420969020003475e-05
3.342096821517648e-05
3.342096901303274e-05
3.3420968873521073e-05
3.3420969062695914e-05
3.342096863581106e-05
3.342096867864103e-05
3.342096794615288e-05
3.3420969407489254e-05
3.342096883609351e-05
3.342097104951451e-05
3.3420968888180707e-05
3.342096924153743e-05
3.342096821762479e-05
3.34209692636648e-05
3.342096905326116e-05
3.334892458802309e-05
3.334892458802309e-05
3.3348923791719376e-05
3.334892460799321e-05
3.334892444294218e-05
3.334892473785748e-05
3.334892428951975e-05
3.3348924349472154e-05
3.334892365864991e-05
3.334892506021882e-05
3.33489244629334e-05
3.3348926738158916e-05
3.334892458395816e-05
3.3348924899041076e-05
3.334892408477403e-05
3.3348924943278286e-05
3.3348924641070904e-05
3.314729248855396e-05
3.314729248855396e-05
3.314729171379149e-05
3.314729256726296e-05
3.3147292347407316e-05
3.3147292823308454e-05
3.314729233378945e-05
3.3147292423093884e-05
3.3147291814245714e-05
3.314729308487943e-05
3.31472924607298e-05
3.314729477443944e-05
3.314729270172002e-05
3.31472929473344e-05
3.314729251668774e-05
3.314729302426532e-05
3.314729257363341e-05
3.270509098592895e-05
3.270509098592895e-05
3.270509025391003e-05
3.270509116385397e-05
3.2705090853331836e-05
3.2705091571157774e-05
3.2705091023646485e-05
3.2705091142203925e-05
3.270509065838289e-05
3.270509170054195e-05
3.270509108263802e-05
3.270509329872248e-05
3.2705091480147174e-05
3.270509163805349e-05
3.2705091756870974e-05
3.270509172497048e-05
3.2705091107142365e-05
3.1852005449140324e-05
3.1852005449140324e-05
3.1852004794788176e-05
3.1852005778613156e-05
3.185200533330882e-05
3.1852006306096215e-05
3.1852005692398294e-05
3.185200581548708e-05
3.185200549778872e-05
3.1852006175548184e-05
3.185200566463174e-05
3.18520074259967e-05
3.1852006215774565e-05
3.185200629705758e-05
3.185200707651469e-05
3.185200630898827e-05
3.18520055919349e-05
3.078853240406999e-05
3.078853240406999e-05
3.078853184279481e-05
3.07885328757157e-05
3.078853231001232e-05
3.0788533337460225e-05
3.0788532698162075e-05
3.078853276003577e-05
3.0788532558033735e-05
3.0788532868761395e-05
3.0788532615812766e-05
3.078853345656771e-05
3.0788533172808364e-05
3.078853327527802e-05
3.0788534385896506e-05
3.0788533069900935e-05
3.0788532512673447e-05
3.012581361711751e-05
3.012581361711751e-05
3.0125813103398004e-05
3.0125814117587164e-05
3.0125813536037995e-05
3.012581431419555e-05
3.0125813721383424e-05
3.0125813678352134e-05
3.0125813443192423e-05
3.012581364419915e-05
3.0125813665349904e-05
3.0125813624105433e-05
3.012581402816451e-05
3.0125814266018057e-05
3.01258150355195e-05
3.012581380958115e-05
3.012581364191652e-05
2.996537433025803e-05
2.996537433025803e-05
2.9965373809209056e-05
2.9965374781305184e-05
2.996537424905981e-05
2.996537478271705e-05
2.9965374243741837e-05
2.996537414189339e-05
2.9965373817574438e-05
2.996537411599992e-05
2.996537423852207e-05
2.9965373918165645e-05
2.996537442986657e-05
2.9965374773350457e-05
2.9965375072793748e-05
2.9965374214128938e-05
2.996537430034507e-05
2.9944197611067643e-05
2.9944197611067643e-05
2.9944197079227605e-05
2.9944198034398762e-05
2.994419752778407e-05
2.994419798683374e-05
2.994419746584522e-05
2.994419735325062e-05
2.9944196992633343e-05
2.9944197354651847e-05
2.99441974795415e-05
2.994419717323193e-05
2.9944197621373282e-05
2.9944197991980453e-05
2.994419812426671e-05
2.994419742596548e-05
2.994419756891119e-05
2.9930109299681085e-05
2.9930109299681085e-05
2.993010876207915e-05
2.993010970899101e-05
2.993010921520929e-05
2.9930109642559497e-05
2.993010912982416e-05
2.993010901399984e-05
2.9930108636530855e-05
2.993010903238795e-05
2.9930109151156466e-05
2.993010887449091e-05
2.9930109272028285e-05
2.993010965218093e-05
2.9930109706641012e-05
2.9930109089562067e-05
2.9930109253087e-05
2.9883980428800413e-05
2.9883980428800413e-05
2.988397988179509e-05
2.9883980811828987e-05
2.988398034237305e-05
2.9883980708796156e-05
2.988398021302442e-05
2.988398009081462e-05
2.9883979682105248e-05
2.9883980144035817e-05
2.9883980245285165e-05
2.9883980041756582e-05
2.9883980324228948e-05
2.988398071920203e-05
2.9883980616171467e-05
2.988398016860011e-05
2.988398037334754e-05
2.9778264961983244e-05
2.9778264961983244e-05
2.9778264408727493e-05
2.977826531536977e-05
2.977826487425705e-05
2.9778265162660392e-05
2.9778264691091316e-05
2.9778264558932123e-05
2.977826411480732e-05
2.977826465765487e-05
2.9778264727293162e-05
2.9778264639667112e-05
2.977826474790217e-05
2.9778265153929793e-05
2.9778264833761853e-05
2.9778264627966155e-05
2.977826489353417e-05
2.951310098913591e-05
2.951310098913591e-05
2.9513100444789507e-05
2.951310131669033e-05
2.9513100903279886e-05
2.9513101092038546e-05
2.9513100658340658e-05
2.9513100508091704e-05
2.9513100032274253e-05
2.9513100666167348e-05
2.9513100670875296e-05
2.9513100789232517e-05
2.9513100603670858e-05
2.9513101001586272e-05
2.951310036150467e-05
2.9513100532057688e-05
2.9513100899170875e-05
2.895745173897429e-05
2.895745173897429e-05
2.8957451250512228e-05
2.8957452084197654e-05
2.8957451664800156e-05
2.8957451785009608e-05
2.8957451397795604e-05
2.8957451219252284e-05
2.8957450761616517e-05
2.8957451421442857e-05
2.8957451309723677e-05
2.8957451738677695e-05
2.895745114301778e-05
2.895745147010167e-05
2.8957450485289995e-05
2.8957451112399186e-05
2.895745161971281e-05
2.8059216466463844e-05
2.8059216466463844e-05
2.8059216122595294e-05
2.8059216940684306e-05
2.8059216422487357e-05
2.805921662363962e-05
2.8059216267985667e-05
2.8059216055900042e-05
2.8059215746200612e-05
2.8059216219748178e-05
2.8059215941996947e-05
2.80592167183559e-05
2.8059215727482532e-05
2.8059215862118257e-05
2.8059214757403887e-05
2.805921568112177e-05
2.8059216320477214e-05
2.722245440926078e-05
2.722245440926078e-05
2.722245426283079e-05
2.722245512082794e-05
2.7222454406486832e-05
2.722245490889171e-05
2.7222454530813518e-05
2.722245430248563e-05
2.7222454269615066e-05
2.7222454301233806e-05
2.7222453896773633e-05
2.722245481005631e-05
2.7222453772033943e-05
2.722245363717339e-05
2.7222452939706057e-05
2.7222453614071836e-05
2.722245426308367e-05
2.687958505037266e-05
2.687958505037266e-05
2.687958501631397e-05
2.687958593637536e-05
2.6879585071010978e-05
2.687958586892165e-05
2.6879585435446457e-05
2.6879585217526136e-05
2.6879585391389024e-05
2.6879585048761283e-05
2.687958463745649e-05
2.6879585408390164e-05
2.687958466506848e-05
2.6879584372547285e-05
2.687958427960948e-05
2.6879584384746328e-05
2.6879584927802254e-05
2.681826398473528e-05
2.681826398473528e-05
2.6818263962533502e-05
2.6818264910195854e-05
2.6818264007799827e-05
2.681826490516907e-05
2.6818264442355125e-05
2.681826423691573e-05
2.6818264460337005e-05
2.681826400970808e-05
2.6818263633906596e-05
2.6818264267526068e-05
2.681826373386859e-05
2.6818263422472644e-05
2.6818263600321624e-05
2.68182634079352e-05
2.681826387784756e-05
2.6796376611503264e-05
2.6796376611503264e-05
2.6796376582999795e-05
2.679637753752899e-05
2.679637663320038e-05
2.6796377550196814e-05
2.6796377077998043e-05
2.6796376878768488e-05
2.6796377106212636e-05
2.679637663895765e-05
2.679637628314711e-05
2.6796376858505626e-05
2.6796376405126745e-05
2.6796376101540576e-05
2.679637635769353e-05
2.6796376068300008e-05
2.6796376510471826e-05
2.6739700608695912e-05
2.6739700608695912e-05
2.673970056547569e-05
2.6739701526913935e-05
2.6739700627144106e-05
2.6739701566377437e-05
2.6739701080300926e-05
2.6739700893363282e-05
2.6739701122673017e-05
2.673970063733858e-05
2.6739700316607523e-05
2.673970079497166e-05
2.673970047220843e-05
2.6739700187989314e-05
2.6739700561060883e-05
2.673970012029401e-05
2.6739700517205583e-05
2.660275691297868e-05
2.660275691297868e-05
2.6602756845002286e-05
2.6602757808023127e-05
2.6602756925771255e-05
2.660275788687873e-05
2.6602757382573325e-05
2.6602757218610352e-05
2.6602757450586943e-05
2.6602756942112536e-05
2.6602756674748006e-05
2.66027570086747e-05
2.6602756878794774e-05
2.6602756628672602e-05
2.6602757167216374e-05
2.660275650624564e-05
2.6602756835741556e-05
2.625275260684592e-05
2.625275260684592e-05
2.6252752494801563e-05
2.625275343862023e-05
2.625275260908951e-05
2.6252753580250287e-05
2.6252753052868258e-05
2.625275293718155e-05
2.6252753176740382e-05
2.6252752635312514e-05
2.6252752454117784e-05
2.6252752559927012e-05
2.6252752732316527e-05
2.6252752546365557e-05
2.625275333157681e-05
2.6252752330150938e-05
2.6252752552411316e-05
2.5461151937948716e-05
2.5461151937948716e-05
2.546115175503396e-05
2.5461152619551666e-05
2.5461151922149407e-05
2.5461152847575497e-05
2.5461152303125887e-05
2.5461152282008698e-05
2.5461152541167115e-05
2.546115196249248e-05
2.5461151901596416e-05
2.5461151700484574e-05
2.5461152274260034e-05
2.546115219922047e-05
2.5461153282248912e-05
2.546115183910541e-05
2.5461151914970796e-05
2.398126027208857e-05
2.398126027208857e-05
2.3981259995371355e-05
2.398126065603016e-05
2.3981260230202292e-05
2.398126096916569e-05
2.398126044291265e-05
2.3981260581712935e-05
2.3981260882232524e-05
2.3981260285766576e-05
2.3981260347171335e-05
2.398125986091674e-05
2.398126079483319e-05
2.398126088241448e-05
2.3981262159759196e-05
2.3981260345646533e-05
2.3981260280251666e-05
2.2181462763244032e-05
2.2181462763244032e-05
2.2181462419568064e-05
2.2181462756317616e-05
2.2181462698758946e-05
2.218146307771943e-05
2.2181462637993842e-05
2.2181462953601747e-05
2.2181463311465605e-05
2.218146275896296e-05
2.218146284137287e-05
2.218146236910581e-05
2.218146325266728e-05
2.2181463484994894e-05
2.2181464541661977e-05
2.2181462846861908e-05
2.2181462774818232e-05
2.1124298681529992e-05
2.1124298681529992e-05
2.1124298353254598e-05
2.1124298445896885e-05
2.1124298615143737e-05
2.11242986719145e-05
2.1124298343631192e-05
2.112429873036539e-05
2.1124299124617738e-05
2.1124298663155266e-05
2.1124298622735782e-05
2.1124298534627367e-05
2.112429888223552e-05
2.1124299132672872e-05
2.112429959950782e-05
2.1124298561837166e-05
2.112429865885605e-05
2.0898526517787295e-05
2.0898526517787295e-05
2.0898526235143713e-05
2.0898526284644715e-05
2.0898526460928897e-05
2.0898526427940843e-05
2.089852614948709e-05
2.0898526508156144e-05
2.0898526904221597e-05
2.0898526496546104e-05
2.0898526344628407e-05
2.0898526566315093e-05
2.0898526496800146e-05
2.0898526691454697e-05
2.08985267797891e-05
2.0898526225877017e-05
2.0898526465268097e-05
2.0883430599305076e-05
2.0883430599305076e-05
2.088343033392355e-05
2.0883430401027226e-05
2.0883430546815058e-05
2.0883430523402742e-05
2.08834302498325e-05
2.0883430585776784e-05
2.088343097703494e-05
2.088343057890442e-05
2.0883430398052938e-05
2.0883430693806296e-05
2.0883430527344176e-05
2.0883430695783315e-05
2.0883430711211068e-05
2.0883430265030788e-05
2.0883430539301584e-05
2.0880892844218226e-05
2.0880892844218226e-05
2.0880892582710407e-05
2.0880892657230296e-05
2.0880892792796062e-05
2.0880892776452128e-05
2.0880892502571593e-05
2.088089283194249e-05
2.0880893221313093e-05
2.088089282418476e-05
2.0880892638977312e-05
2.0880892944782213e-05
2.088089276571276e-05
2.0880892928160167e-05
2.088089293678906e-05
2.0880892504356366e-05
2.0880892783203445e-05
2.0871006241197416e-05
2.0871006241197416e-05
2.0871005989190647e-05
2.0871006080271896e-05
2.0871006192388294e-05
2.087100619281154e-05
2.0871005918907614e-05
2.0871006231974627e-05
2.0871006616181724e-05
2.0871006221914016e-05
2.0871006027911918e-05
2.0871006353470878e-05
2.087100615000296e-05
2.0871006299332757e-05
2.0871006295584927e-05
2.087100589166433e-05
2.087100617841984e-05
2.0846815281992595e-05
2.0846815281992595e-05
2.0846815045677908e-05
2.0846815158046393e-05
2.0846815237425706e-05
2.0846815260893828e-05
2.0846814989587423e-05
2.084681527631833e-05
2.0846815651333713e-05
2.0846815263483337e-05
2.0846815057797177e-05
2.0846815409313997e-05
2.0846815174154744e-05
2.084681530548335e-05
2.0846815284557245e-05
2.0846814922989922e-05
2.0846815217480184e-05
2.0779745150586026e-05
2.0779745150586026e-05
2.0779744946807178e-05
2.0779745089396376e-05
2.077974511464034e-05
2.077974517492822e-05
2.0779744915042064e-05
2.0779745148675177e-05
2.077974550326672e-05
2.0779745132627887e-05
2.0779744908739217e-05
2.0779745300146674e-05
2.0779745017167464e-05
2.0779745119317198e-05
2.0779745068754166e-05
2.0779744785864057e-05
2.077974508499971e-05
2.0623438272242976e-05
2.0623438272242976e-05
2.0623438129245143e-05
2.0623438301049604e-05
2.0623438252059858e-05
2.0623438359619615e-05
2.0623438132878186e-05
2.0623438270296007e-05
2.0623438584087683e-05
2.0623438253252785e-05
2.062343800705983e-05
2.062343844596903e-05
2.0623438108334335e-05
2.0623438171869365e-05
2.062343807737219e-05
2.062343792389039e-05
2.0623438209556812e-05
2.0315094350970912e-05
2.0315094350970912e-05
2.0315094309418434e-05
2.0315094481536484e-05
2.0315094356485866e-05
2.031509450467562e-05
2.0315094354257864e-05
2.0315094336390836e-05
2.031509457738535e-05
2.031509432659236e-05
2.0315094063966666e-05
2.0315094534148448e-05
2.0315094166905865e-05
2.0315094194251856e-05
2.0315094046708244e-05
2.0315094078021992e-05
2.031509430184548e-05
1.99110474189479e-05
1.99110474189479e-05
1.9911047490145564e-05
1.9911047589807488e-05
1.991104745210778e-05
1.9911047587945808e-05
1.991104755392066e-05
1.991104737143283e-05
1.9911047524452265e-05
1.9911047383071753e-05
1.991104713343052e-05
1.9911047566227097e-05
1.99110472586589e-05
1.991104728824847e-05
1.9911047112217874e-05
1.991104730205704e-05
1.991104739799798e-05
1.9642943591418426e-05
1.9642943591418426e-05
1.9642943708877122e-05
1.9642943688476107e-05
1.9642943634783298e-05
1.9642943694196933e-05
1.964294374709047e-05
1.964294350694797e-05
1.964294361510099e-05
1.964294354398997e-05
1.964294333845348e-05
1.9642943666392572e-05
1.964294349818238e-05
1.9642943581380774e-05
1.964294343147082e-05
1.9642943628206822e-05
1.9642943598287694e-05
1.957417390987219e-05
1.957417390987219e-05
1.9574174006363872e-05
1.9574173919536053e-05
1.9574173947089967e-05
1.9574173945685762e-05
1.957417401157438e-05
1.957417381079324e-05
1.9574173927543154e-05
1.957417385853653e-05
1.9574173684891423e-05
1.957417394059443e-05
1.9574173862895732e-05
1.9574173992277054e-05
1.9574173881109556e-05
1.957417399693686e-05
1.9574173925883315e-05
1.956843150674749e-05
1.956843150674749e-05
1.9568431586034055e-05
1.9568431489480074e-05
1.956843153948506e-05
1.9568431523549193e-05
1.956843158068624e-05
1.9568431407303723e-05
1.956843153545143e-05
1.956843145559413e-05
1.9568431288901395e-05
1.9568431529698964e-05
1.956843146932705e-05
1.956843161048339e-05
1.9568431512366725e-05
1.9568431590627135e-05
1.956843152220039e-05
1.9568052912442944e-05
1.9568052912442944e-05
1.956805298784404e-05
1.9568052891735994e-05
1.9568052944202e-05
1.956805292707187e-05
1.95680529810864e-05
1.9568052813604953e-05
1.9568052944575305e-05
1.9568052861531e-05
1.9568052695285072e-05
1.956805293532149e-05
1.9568052875506412e-05
1.9568053017776926e-05
1.9568052921506458e-05
1.9568052992984353e-05
1.9568052927294837e-05
1.9566989991711054e-05
1.9566989991711054e-05
1.9566990060931708e-05
1.9566989966057127e-05
1.9566990021920254e-05
1.9566990003304608e-05
1.956699005212353e-05
1.9566989893979105e-05
1.9566990029468825e-05
1.9566989941223544e-05
1.956698977549318e-05
1.956699001480171e-05
1.9566989955216857e-05
1.956699009894389e-05
1.9566990005403874e-05
1.956699006643126e-05
1.9566990005514212e-05
1.95639444240315e-05
1.95639444240315e-05
1.956394448381603e-05
1.9563944390939645e-05
1.9563944451875826e-05
1.9563944431083766e-05
1.9563944471916646e-05
1.9563944328034415e-05
1.9563944470381442e-05
1.956394437420264e-05
1.9563944209285247e-05
1.9563944447504055e-05
1.9563944388152433e-05
1.9563944534010578e-05
1.956394444462424e-05
1.956394448977301e-05
1.9563944436216992e-05
1.9555107520480656e-05
1.9555107520480656e-05
1.9555107564642514e-05
1.9555107475148788e-05
1.9555107544410523e-05
1.9555107520075605e-05
1.9555107547644274e-05
1.9555107427418535e-05
1.9555107580983677e-05
1.9555107471753185e-05
1.9555107308348613e-05
1.9555107544593058e-05
1.9555107485606544e-05
1.9555107634882213e-05
1.9555107552429248e-05
1.955510757134327e-05
1.9555107529985514e-05
1.9531114281487146e-05
1.9531114281487146e-05
1.9531114300606008e-05
1.953111421668526e-05
1.9531114299143917e-05
1.953111426925344e-05
1.953111427546857e-05
1.9531114193281072e-05
1.953111436447427e-05
1.9531114234550218e-05
1.953111407402131e-05
1.953111430661755e-05
1.9531114248216014e-05
1.953111440270721e-05
1.953111433153224e-05
1.9531114308506494e-05
1.953111428669662e-05
1.9467048048730076e-05
1.9467048048730076e-05
1.9467048027605637e-05
1.9467047953024376e-05
1.9467048056310615e-05
1.9467048017807367e-05
1.9467047989474433e-05
1.946704796871884e-05
1.946704816731672e-05
1.946704800473473e-05
1.9467047850002787e-05
1.9467048075471272e-05
1.9467048018018762e-05
1.9467048180212263e-05
1.9467048127590243e-05
1.946704803746061e-05
1.9467048047042353e-05
1.930186801654563e-05
1.930186801654563e-05
1.9301867932815123e-05
1.9301867873752346e-05
1.930186800846208e-05
1.9301867957371893e-05
1.9301867874690743e-05
1.930186795029308e-05
1.9301868189142316e-05
1.9301867977292603e-05
1.9301867834613803e-05
1.930186804572757e-05
1.930186798977648e-05
1.930186816220148e-05
1.9301868139551356e-05
1.930186794578147e-05
1.9301868004142416e-05
1.889851612722825e-05
1.889851612722825e-05
1.889851595357557e-05
1.8898515919332928e-05
1.8898516096675227e-05
1.8898516029582804e-05
1.889851586730003e-05
1.889851608332128e-05
1.8898516373890147e-05
1.8898516095211388e-05
1.889851597760959e-05
1.889851615974846e-05
1.889851610601842e-05
1.889851628865934e-05
1.8898516311896372e-05
1.8898515971191738e-05
1.8898516099470927e-05
1.8029839958756625e-05
1.8029839958756625e-05
1.8029839683602383e-05
1.802983968376785e-05
1.8029839902914345e-05
1.8029839823003342e-05
1.8029839566978584e-05
1.8029839946598206e-05
1.8029840280155267e-05
1.8029839935980305e-05
1.8029839866296013e-05
1.8029839994622287e-05
1.802983994356218e-05
1.802984012642039e-05
1.8029840208621414e-05
1.802983970692395e-05
1.802983991376074e-05
1.6615062748677635e-05
1.6615062748677635e-05
1.661506243106576e-05
1.6615062462086863e-05
1.6615062682446513e-05
1.661506261068071e-05
1.6615062305426663e-05
1.6615062766606395e-05
1.661506307850353e-05
1.6615062732529257e-05
1.661506273339853e-05
1.6615062784853857e-05
1.6615062735330476e-05
1.6615062889138934e-05
1.661506301446533e-05
1.6615062457951387e-05
1.6615062696709948e-05
1.5291403923403063e-05
1.5291403923403063e-05
1.5291403705502323e-05
1.5291403736416654e-05
1.5291403882402985e-05
1.529140385087293e-05
1.5291403617207334e-05
1.5291403944540448e-05
1.5291404133076223e-05
1.529140390383141e-05
1.5291403961002683e-05
1.5291403954064707e-05
1.5291403902777784e-05
1.5291403996733006e-05
1.5291404101917964e-05
1.5291403729193313e-05
1.5291403888859067e-05
1.4797999166974866e-05
1.4797999166974866e-05
1.4797999100140933e-05
1.4797999105149298e-05
1.479799916390443e-05
1.4797999172209796e-05
1.479799906267223e-05
1.4797999166689869e-05
1.4797999230320585e-05
1.4797999137896442e-05
1.4797999201378231e-05
1.4797999190984009e-05
1.479799913636905e-05
1.4797999185214578e-05
1.4797999231013783e-05
1.4797999117151342e-05
1.4797999158454914e-05
1.4763755939054445e-05
1.4763755939054445e-05
1.4763755933797876e-05
1.4763755923502468e-05
1.476375595138996e-05
1.4763755972037662e-05
1.4763755915989441e-05
1.4763755925191469e-05
1.4763755949337105e-05
1.4763755905304629e-05
1.4763755956796277e-05
1.476375596066574e-05
1.4763755904573535e-05
1.4763755943432233e-05
1.4763755959701783e-05
1.4763755947746907e-05
1.4763755941073645e-05
1.477260452988442e-05
1.477260452988442e-05
1.4772604531003382e-05
1.4772604518217978e-05
1.477260454380436e-05
1.4772604564983447e-05
1.4772604515031635e-05
1.4772604513687941e-05
1.4772604535931738e-05
1.4772604495498756e-05
1.4772604542962165e-05
1.4772604551307309e-05
1.4772604495039508e-05
1.4772604534470877e-05
1.4772604546663754e-05
1.4772604544571975e-05
1.4772604532981895e-05
1.4773869080999558e-05
1.4773869080999558e-05
1.4773869081836132e-05
1.4773869068983877e-05
1.4773869094847012e-05
1.477386911585326e-05
1.4773869065747317e-05
1.4773869064721968e-05
1.4773869087483195e-05
1.4773869046612089e-05
1.4773869093700753e-05
1.4773869102442522e-05
1.4773869046178464e-05
1.4773869085902403e-05
1.4773869098072896e-05
1.4773869095410343e-05
1.4773869084046954e-05
1.4774687655465325e-05
1.4774687655465325e-05
1.4774687656032675e-05
1.4774687643158409e-05
1.4774687669243863e-05
1.4774687690114917e-05
1.4774687639845992e-05
1.4774687639148813e-05
1.4774687662310602e-05
1.4774687621082864e-05
1.477468766793108e-05
1.4774687676924713e-05
1.477468762066581e-05
1.4774687660599915e-05
1.4774687672790867e-05
1.4774687669616833e-05
1.4774687658465872e-05
1.477647299479516e-05
1.477647299479516e-05
1.4776472994733579e-05
1.4776472981826938e-05
1.4776473008411751e-05
1.4776473028964508e-05
1.477647297833996e-05
1.4776472978390703e-05
1.477647300247259e-05
1.4776472960426466e-05
1.4776473006727511e-05
1.4776473016291677e-05
1.4776472960047519e-05
1.4776473000458697e-05
1.4776473012699324e-05
1.4776473008348742e-05
1.4776472997687662e-05
1.4778867761517075e-05
1.4778867761517075e-05
1.4778867760529909e-05
1.4778867747614095e-05
1.477886777489292e-05
1.4778867794964729e-05
1.4778867743883047e-05
1.4778867744982397e-05
1.4778867770399356e-05
1.4778867727172474e-05
1.4778867772679263e-05
1.477886778306609e-05
1.4778867726849717e-05
1.4778867767943494e-05
1.4778867780252688e-05
1.4778867774209244e-05
1.4778867764253923e-05
1.4782448289402504e-05
1.4782448289402504e-05
1.4782448286797737e-05
1.4782448273966497e-05
1.4782448302351232e-05
1.4782448321548774e-05
1.4782448269843229e-05
1.4782448272637267e-05
1.4782448300339337e-05
1.4782448255109863e-05
1.478244829925509e-05
1.4782448311037153e-05
1.4782448254885804e-05
1.4782448297122103e-05
1.4782448309538372e-05
1.4782448300637884e-05
1.4782448291876173e-05
1.4786888479692113e-05
1.4786888479692113e-05
1.4786888474401127e-05
1.4786888461961767e-05
1.4786888491915624e-05
1.4786888509576691e-05
1.4786888457272615e-05
1.4786888462536245e-05
1.478688849391295e-05
1.478688844551024e-05
1.4786888487460359e-05
1.4786888501453804e-05
1.4786888445451347e-05
1.4786888489459389e-05
1.478688850202149e-05
1.4786888488629597e-05
1.4786888481750666e-05
1.479080363529544e-05
1.479080363529544e-05
1.4790803625386169e-05
1.4790803614244962e-05
1.4790803646232534e-05
1.479080366104217e-05
1.4790803608795623e-05
1.47908036174491e-05
1.4790803654845296e-05
1.4790803601365082e-05
1.4790803639705108e-05
1.4790803657238153e-05
1.4790803601593307e-05
1.4790803648335625e-05
1.4790803661069072e-05
1.4790803640583953e-05
1.4790803636694902e-05
1.4788657568447174e-05
1.4788657568447174e-05
1.4788657550701654e-05
1.4788657543256854e-05
1.4788657577106805e-05
1.478865758657603e-05
1.4788657537026222e-05
1.4788657549383928e-05
1.4788657596280678e-05
1.478865753508964e-05
1.4788657567695896e-05
1.4788657590607551e-05
1.4788657535812556e-05
1.4788657586448374e-05
1.4788657599282605e-05
1.4788657568265607e-05
1.4788657568858883e-05
1.4765632586312671e-05
1.4765632586312671e-05
1.4765632555923651e-05
1.4765632557847826e-05
1.4765632591081795e-05
1.476563259078997e-05
1.4765632551516182e-05
1.4765632565182721e-05
1.4765632625782179e-05
1.4765632554212313e-05
1.4765632578460552e-05
1.476563260862013e-05
1.4765632555750555e-05
1.476563261096785e-05
1.4765632623531692e-05
1.4765632578950042e-05
1.4765632585428382e-05
1.4695292251859427e-05
1.4695292251859427e-05
1.469529220462956e-05
1.4695292226197714e-05
1.469529225099221e-05
1.4695292235290372e-05
1.4695292222171043e-05
1.4695292227759327e-05
1.4695292303189226e-05
1.4695292222134237e-05
1.469529223712878e-05
1.4695292273933016e-05
1.4695292224794592e-05
1.4695292282535821e-05
1.469529229382837e-05
1.4695292238392259e-05
1.4695292249875229e-05
1.4568603613433669e-05
1.4568603613433669e-05
1.4568603553500554e-05
1.4568603603397232e-05
1.4568603607458175e-05
1.4568603575590704e-05
1.456860360570974e-05
1.4568603586683411e-05
1.4568603666848061e-05
1.4568603586821664e-05
1.4568603598378927e-05
1.4568603634520654e-05
1.45686035903966e-05
1.456860364329356e-05
1.456860365190874e-05
1.4568603601887416e-05
1.4568603611800867e-05
1.4449285939595196e-05
1.4449285939595196e-05
1.4449285882127853e-05
1.4449285951669185e-05
1.4449285933016762e-05
1.4449285895835353e-05
1.4449285961312777e-05
1.4449285912597119e-05
1.4449285979835351e-05
1.4449285914838778e-05
1.4449285933655781e-05
1.4449285959365625e-05
1.4449285918363089e-05
1.4449285959641635e-05
1.4449285965578318e-05
1.4449285939820155e-05
1.444928594009214e-05
1.4401288527723835e-05
1.4401288527723835e-05
1.4401288479570845e-05
1.4401288550858717e-05
1.440128852346278e-05
1.4401288490565263e-05
1.440128856352154e-05
1.4401288501986457e-05
1.4401288554999293e-05
1.4401288502888366e-05
1.440128853012845e-05
1.4401288546866891e-05
1.4401288505855827e-05
1.4401288539438639e-05
1.440128854447382e-05
1.4401288537415933e-05
1.4401288529931435e-05
1.4395490363002516e-05
1.4395490363002516e-05
1.4395490318634608e-05
1.4395490387341576e-05
1.4395490359891655e-05
1.4395490329841298e-05
1.4395490400110753e-05
1.4395490337877564e-05
1.4395490386680617e-05
1.4395490337813833e-05
1.43954903676125e-05
1.4395490382087744e-05
1.4395490340538516e-05
1.4395490372636913e-05
1.439549037772382e-05
1.4395490374952223e-05
1.4395490365617529e-05
1.4395880437982865e-05
1.4395880437982865e-05
1.4395880394095742e-05
1.4395880462092217e-05
1.4395880435042104e-05
1.4395880405482191e-05
1.4395880474744495e-05
1.4395880412947667e-05
1.439588046139818e-05
1.4395880412712855e-05
1.4395880442734337e-05
1.4395880457083404e-05
1.4395880415404916e-05
1.4395880447505078e-05
1.4395880452646642e-05
1.439588045003422e-05
1.4395880440616044e-05
1.4396266110766356e-05
1.4396266110766356e-05
1.439626606717797e-05
1.439626613466614e-05
1.4396266107935108e-05
1.439626607870267e-05
1.439626614722278e-05
1.439626608578961e-05
1.43962661340521e-05
1.4396266085440925e-05
1.439626611558023e-05
1.43962661298798e-05
1.439626608811262e-05
1.4396266120245798e-05
1.439626612542882e-05
1.4396266122848106e-05
1.4396266113404752e-05
1.439700860793188e-05
1.439700860793188e-05
1.4397008564982434e-05
1.4397008631369126e-05
1.4397008605334433e-05
1.4397008576808193e-05
1.4397008643715807e-05
1.4397008583082553e-05
1.4397008630946933e-05
1.4397008582491554e-05
1.4397008612869742e-05
1.4397008627072345e-05
1.439700858512035e-05
1.4397008617327163e-05
1.439700862259765e-05
1.439700862007032e-05
1.4397008610579495e-05
1.4397826240792123e-05
1.4397826240792123e-05
1.4397826198791959e-05
1.4397826263539915e-05
1.4397826238539041e-05
1.4397826211064933e-05
1.4397826275572467e-05
1.4397826216137005e-05
1.4397826263404449e-05
1.4397826215193019e-05
1.4397826245902976e-05
1.4397826259968903e-05
1.4397826217759849e-05
1.4397826250066843e-05
1.4397826255460303e-05
1.439782625301033e-05
1.4397826243451649e-05
1.439847419842703e-05
1.439847419842703e-05
1.4398474158060465e-05
1.4398474219987182e-05
1.4398474196758329e-05
1.4398474171101065e-05
1.4398474231474989e-05
1.439847417411872e-05
1.4398474220341948e-05
1.439847417258648e-05
1.439847420380763e-05
1.4398474217656144e-05
1.4398474175051319e-05
1.4398474207504254e-05
1.4398474213090257e-05
1.4398474210772971e-05
1.4398474201102711e-05
1.4397641842626107e-05
1.4397641842626107e-05
1.439764180494356e-05
1.4397641862233167e-05
1.4397641841896747e-05
1.4397641819239531e-05
1.4397641872815605e-05
1.43976418189192e-05
1.4397641863383776e-05
1.4397641816469073e-05
1.4397641848379616e-05
1.4397641861915507e-05
1.4397641818778081e-05
1.4397641851403669e-05
1.439764185725788e-05
1.4397641855158156e-05
1.4397641845317343e-05
1.439155655670521e-05
1.439155655670521e-05
1.439155652353775e-05
1.4391556573022172e-05
1.4391556557503785e-05
1.4391556539931526e-05
1.4391556582056084e-05
1.4391556534089861e-05
1.4391556575487841e-05
1.4391556530217491e-05
1.4391556562910096e-05
1.4391556576031667e-05
1.4391556532293874e-05
1.4391556565041094e-05
1.4391556571225583e-05
1.4391556569491275e-05
1.4391556559395198e-05
1.4370452413276709e-05
1.4370452413276709e-05
1.437045238751963e-05
1.4370452424182607e-05
1.4370452416455874e-05
1.4370452407322196e-05
1.4370452430612834e-05
1.4370452392647033e-05
1.4370452428748765e-05
1.4370452386737032e-05
1.4370452419794019e-05
1.4370452432507342e-05
1.4370452388503407e-05
1.4370452421039605e-05
1.437045242747186e-05
1.4370452426335741e-05
1.4370452415897893e-05
1.4313082152898711e-05
1.4313082152898711e-05
1.4313082138420577e-05
1.431308215554264e-05
1.4313082159404497e-05
1.4313082163331441e-05
1.4313082157864718e-05
1.4313082135744407e-05
1.4313082163170666e-05
1.4313082127425486e-05
1.4313082158891535e-05
1.4313082171617787e-05
1.4313082128887565e-05
1.4313082160144038e-05
1.4313082166266446e-05
1.431308216603712e-05
1.4313082155259355e-05
1.4190029665483584e-05
1.4190029665483584e-05
1.4190029664368351e-05
1.4190029658282328e-05
1.4190029675284314e-05
1.4190029695156974e-05
1.4190029655420876e-05
1.4190029653433617e-05
1.4190029669243428e-05
1.4190029643768832e-05
1.4190029668676968e-05
1.4190029682800093e-05
1.4190029645235343e-05
1.4190029672887902e-05
1.4190029677147067e-05
1.4190029677984037e-05
1.4190029667196168e-05
1.4008671109247607e-05
1.4008671109247607e-05
1.4008671115007e-05
1.4008671096867045e-05
1.4008671119440378e-05
1.400867114846797e-05
1.4008671090701204e-05
1.4008671101813212e-05
1.40086711089492e-05
1.4008671094496613e-05
1.4008671106609658e-05
1.400867112423679e-05
1.4008671096701165e-05
1.4008671118290605e-05
1.4008671118574754e-05
1.4008671119944117e-05
1.4008671109942577e-05
1.386915134241016e-05
1.386915134241016e-05
1.3869151341741516e-05
1.3869151334586752e-05
1.3869151348982233e-05
1.3869151371825948e-05
1.3869151329918124e-05
1.3869151335628622e-05
1.3869151344138125e-05
1.3869151333709479e-05
1.38691513342588e-05
1.3869151355565328e-05
1.386915133706133e-05
1.3869151353808796e-05
1.3869151350276837e-05
1.3869151351108042e-05
1.3869151342347953e-05
1.3832189245118004e-05
1.3832189245118004e-05
1.3832189235731029e-05
1.3832189243626338e-05
1.3832189248496644e-05
1.3832189261699065e-05
1.3832189241828827e-05
1.383218923659988e-05
1.3832189250527588e-05
1.383218923799417e-05
1.3832189235275982e-05
1.383218925790211e-05
1.3832189241932423e-05
1.383218925765991e-05
1.3832189252927554e-05
1.3832189253050127e-05
1.3832189244930637e-05
1.383357657203903e-05
1.383357657203903e-05
1.3833576559982277e-05
1.3833576572502705e-05
1.3833576574626889e-05
1.383357658474021e-05
1.3833576571675933e-05
1.3833576562703321e-05
1.3833576578677633e-05
1.3833576564675585e-05
1.3833576562309876e-05
1.3833576584940106e-05
1.3833576568687714e-05
1.383357658470743e-05
1.3833576580040705e-05
1.3833576579948536e-05
1.3833576571911588e-05
1.3834934565935618e-05
1.3834934565935618e-05
1.3834934553672544e-05
1.3834934566552473e-05
1.3834934568486457e-05
1.383493457834353e-05
1.3834934565812564e-05
1.383493455649993e-05
1.3834934572682308e-05
1.3834934558460513e-05
1.3834934556296527e-05
1.3834934578875464e-05
1.3834934562464702e-05
1.3834934578584948e-05
1.383493457397916e-05
1.3834934573870732e-05
1.3834934565825505e-05
     fun: 1.4697931162991997e-05
     jac: array([-3.67720077e-08, -3.25655947e-09,  2.03104491e-07,  4.13192538e-08,
       -7.78527465e-10, -1.79741733e-07,  5.55764927e-08,  3.92753918e-09,
        5.60029321e-08, -4.07317202e-09,  2.06413574e-07, -6.17001206e-09,
       -6.13865723e-08, -7.73673037e-09, -1.77311108e-07])
 message: 'Optimization terminated successfully.'
    nfev: 1802
     nit: 106
    njev: 106
  status: 0
 success: True
       x: array([ 0.74823977, -0.58730112, -0.53947439, -0.68464907,  0.32072142,
        0.19817001,  0.00452862,  0.04136845,  0.88411745, -0.01292118,
       -0.04938684, -0.80349629,  0.05723188, -0.21373493, -0.52225907])

========================================================

Final result:
0.7482397707274717
-0.5873011163375574
-0.5394743890720547
0.12617857822738013
0.12617857822738013
0.12617857822738013
-0.6846490737774195
0.32072141802511056
0.19817001401658335
0.004528618882935114
0.04136845193198704
0.8841174459494421
-0.012921178920370304
-0.012921178920370304
-0.04938683709396678
-0.8034962861812991
0.057231881502260724
0.057231881502260724
-0.21373493136160107
-0.5222590672179478
0.1798317092812313
0.1798317092812313
0.1798317092812313
-0.8034962861812991
