17.153975228
17.153975228
17.1539745987
17.1539744147
17.1539750983
17.1539759105
17.1539760444
17.1539756557
17.1539756095
17.1539758924
17.1539752752
17.1539766401
17.1539760403
17.153975077
17.1539766588
17.1539765295
17.1539761853
17.1539778782
17.1539752958
17.153975459
17.1539752311
252037.686279
25198.9754385
2515.15145195
289.200725039
35.5055731081
16.398226296
16.398226296
16.3982256868
16.3982255535
16.3982261695
16.398226151
16.3982262298
16.3982259253
16.3982258518
16.3982259763
16.3982258186
16.398225708
16.3982259918
16.3982256589
16.3982254702
16.3982263843
16.3982259165
16.3982248617
16.3982260325
16.3982261395
16.3982262312
13828.0768573
1586.67980153
275.520312035
48.4280121339
13.7548107963
13.7548107963
13.7548112089
13.754811705
13.7548108719
13.754810366
13.754810008
13.7548106391
13.7548110051
13.7548104694
13.7548106418
13.754810109
13.7548103957
13.7548105661
13.7548097645
13.7548106794
13.7548102112
13.7548087373
13.7548107649
13.7548108593
13.7548107862
5885.96328295
583.526906893
80.0106462492
15.3234392534
12.481685809
12.481685809
12.4816862348
12.4816867431
12.481685888
12.4816850619
12.4816847081
12.4816853383
12.4816856319
12.4816851025
12.4816855263
12.4816842823
12.4816850854
12.4816856383
12.4816841533
12.4816854218
12.4816853275
12.4816842997
12.4816855941
12.4816855343
12.4816857617
20770.3572864
2073.23074178
228.141571386
28.7644363706
11.8453718551
11.8453718551
11.8453722253
11.8453726224
11.8453719274
11.8453715855
11.8453713924
11.8453716957
11.8453718831
11.8453713489
11.8453719177
11.8453707376
11.8453712043
11.8453721939
11.8453705102
11.8453711368
11.8453709713
11.8453690965
11.8453717931
11.8453716566
11.8453718436
3563.03121699
353.602116696
35.9201378236
11.6164610259
11.6164610259
11.6164615197
11.6164618837
11.6164611218
11.6164603496
11.6164601631
11.6164606138
11.6164607057
11.6164604925
11.6164608884
11.6164599384
11.6164604584
11.6164610902
11.6164600615
11.6164601657
11.6164600745
11.6164581151
11.6164608983
11.6164608003
11.6164610026
2199.90498557
218.804349279
23.3867330768
11.5153941177
11.5153941177
11.5153946178
11.5153949712
11.5153942153
11.5153934783
11.5153933064
11.5153937315
11.5153938205
11.5153936011
11.5153939919
11.5153931506
11.5153934447
11.5153941228
11.5153928592
11.5153931316
11.5153931532
11.5153912404
11.515394066
11.5153940522
11.515394112
892.363447633
89.0613416448
13.9409251287
11.4711062975
11.4711062975
11.4711067948
11.4711071546
11.4711063947
11.4711056891
11.4711055046
11.4711059246
11.4711060506
11.4711057473
11.4711061626
11.4711051912
11.4711056366
11.4711062565
11.4711051194
11.4711052947
11.4711053271
11.4711034086
11.4711062645
11.471106284
11.4711062958
338.264368696
33.7189422651
11.3424488262
11.3424488262
11.3424493648
11.3424496446
11.3424489315
11.3424482012
11.3424480074
11.3424484741
11.3424486634
11.3424483083
11.342448662
11.3424478175
11.3424481458
11.3424487598
11.3424475929
11.3424477607
11.3424478514
11.3424459604
11.3424486952
11.3424486109
11.3424487991
373.721884753
37.2717253379
11.3035432254
11.1665790362
11.1665790362
11.1665795899
11.1665798074
11.1665791444
11.166578372
11.1665781897
11.1665786738
11.1665788418
11.1665785086
11.1665789122
11.1665779992
11.1665783569
11.1665790207
11.1665777912
11.1665780099
11.1665780655
11.1665761591
11.1665789546
11.1665788777
11.1665790229
245.404787433
26.0213856292
11.1964223152
11.1129542296
11.1129542296
11.1129548191
11.1129550284
11.1129543473
11.1129535945
11.11295344
11.1129538617
11.1129539987
11.1129537021
11.1129540917
11.1129531955
11.112953554
11.1129541859
11.1129529867
11.1129532206
11.1129532663
11.1129513676
11.1129541385
11.1129540553
11.1129542143
70.0734988346
11.6007383587
10.7151625151
10.7151625151
10.7151630078
10.7151632332
10.7151626138
10.7151619724
10.7151617537
10.7151621958
10.7151622934
10.715162037
10.715162426
10.7151615788
10.7151619019
10.7151624686
10.7151613962
10.7151615792
10.7151616452
10.7151599481
10.7151624619
10.7151623317
10.7151625102
42.1268365866
9.1724587672
9.1724587672
9.17245859564
9.17245847477
9.17245873009
9.17245892103
9.17245909429
9.17245886889
9.17245878857
9.17245893101
9.1724588377
9.17245907605
9.17245897507
9.17245883725
9.17245918169
9.17245897209
9.17245908568
9.17245979239
9.17245878145
9.17245877716
9.17245876365
31.0850993237
9.27344749999
9.02530803041
9.02530803041
9.02530781203
9.02530763769
9.02530798671
9.02530828958
9.02530842416
9.02530817351
9.02530806897
9.02530824984
9.02530809696
9.02530845766
9.02530831125
9.02530811661
9.02530858438
9.02530834644
9.02530845415
9.02530936879
9.02530803944
9.02530807177
9.02530802485
19.0234979367
8.9777770251
8.9777770251
8.97777673667
8.97777656776
8.97777696616
8.97777734111
8.97777749951
8.97777719979
8.97777710793
8.97777728832
8.97777710171
8.97777757039
8.97777736488
8.97777708436
8.97777770226
8.97777747808
8.97777753819
8.97777859828
8.97777707131
8.9777770815
8.97777703459
9.07757142599
8.63749010834
8.63749010834
8.63749004071
8.63749001775
8.63749009297
8.63749017618
8.63749020066
8.6374901448
8.63749013576
8.63749015514
8.6374901203
8.63749022702
8.63749017561
8.63749010364
8.63749023948
8.63749022358
8.63749020574
8.63749038891
8.63749011957
8.63749013256
8.63749010638
9.14642541393
8.56799537857
8.56799537857
8.56799536872
8.56799537996
8.56799537503
8.56799538082
8.56799537536
8.56799537693
8.5679953875
8.56799537228
8.56799536957
8.56799538444
8.56799537757
8.56799536521
8.56799537105
8.56799539814
8.56799537305
8.56799534462
8.56799538211
8.56799538716
8.56799537826
8.5313556181
8.54785202499
8.54785202499
8.54785202237
8.5478520332
8.54785202305
8.54785202178
8.54785201662
8.54785202101
8.54785202909
8.54785201546
8.54785201808
8.54785202292
8.54785201814
8.54785201895
8.54785201282
8.5478520301
8.5478520169
8.54785198913
8.54785202572
8.54785202779
8.54785202412
8.53434126327
8.53955825282
8.53955825282
8.53955824955
8.53955825539
8.53955825082
8.53955825247
8.53955825113
8.53955825021
8.53955825426
8.53955824618
8.53955824916
8.53955825596
8.53955825024
8.5395582542
8.5395582518
8.53955825519
8.53955825251
8.53955824956
8.5395582525
8.53955825183
8.53955825147
8.53908418753
8.5389978741
8.5389978741
8.53899786987
8.5389978747
8.53899787189
8.53899787436
8.53899787375
8.53899787164
8.53899787503
8.53899786783
8.53899787047
8.53899787784
8.53899787208
8.53899787549
8.53899787407
8.5389978766
8.53899787493
8.53899787348
8.53899787362
8.53899787306
8.53899787259
8.5368993738
8.53796994395
8.53796994395
8.53796993893
8.5379699436
8.53796994159
8.53796994418
8.53796994365
8.53796994133
8.53796994475
8.53796993745
8.53796993969
8.53796994706
8.53796994158
8.53796994392
8.5379699425
8.53796994691
8.53796994361
8.53796993905
8.53796994343
8.53796994358
8.53796994241
8.53696008366
8.53755322946
8.53755322946
8.53755322434
8.5375532291
8.53755322707
8.53755322986
8.53755322926
8.537553227
8.53755323058
8.53755322315
8.53755322519
8.53755323291
8.5375532273
8.53755322917
8.53755322816
8.53755323296
8.53755322918
8.5375532244
8.53755322904
8.53755322944
8.53755322794
     fun: 8.663348309103291
     jac: array([ 0.00201654,  0.00128412,  0.00061059, -0.01275802, -0.01419818,
       -0.01219285, -0.01254117, -0.01539302, -0.00800812, -0.02997601,
       -0.01896596, -0.00926971, -0.03710055, -0.02481818, -0.02830601,
       -0.08706081, -0.00429344, -0.00461674, -0.0007689 ])
 message: 'Optimization terminated successfully.'
    nfev: 509
     nit: 22
    njev: 22
  status: 0
 success: True
       x: array([ 0.54809371, -0.49915755, -0.45443599, -0.40684242,  0.25522636,
        0.00294507,  0.10502569, -0.08396988,  0.53505962,  0.07066133,
       -0.28589754, -0.49595151,  0.14910215, -0.11029427, -0.51860138,
        0.18838064, -0.36059111,  0.25264188, -0.29287484])

========================================================

Final result:
0.54809371345
-0.499157550212
-0.45443598744
0.135166608067
0.135166608067
0.135166608067
-0.406842424174
0.255226363728
0.0029450651033
0.105025691598
-0.0839698788908
0.535059620632
0.0706613286979
0.0706613286979
-0.285897538371
-0.495951514895
0.149102154384
0.149102154384
-0.110294269913
-0.518601377703
0.188380639689
0.188380639689
0.188380639689
-0.360591111674
0.25264188253
-0.292874841431
0.133151816076
0.133151816076
0.133151816076
