0.00015471727465942757
0.00015471727465942757
0.00015471725846363053
0.00015471726846785061
0.00015471726503963967
0.00015471726610316952
0.00015471726891475945
0.00015471725631301594
0.00015471726807208085
0.00015471727027023665
0.00015471727149032834
0.00015471725421385487
0.00015471726220641198
0.0001547172830045656
0.00015471728495099386
0.00015471727628929552
0.00014769433239603835
0.00014769433239603835
0.0001476943201735575
0.00014769432750835374
0.00014769432399032532
0.00014769432517745327
0.00014769432744071004
0.0001476943154062637
0.00014769432657934576
0.0001476943288842748
0.00014769432961550484
0.00014769431340167614
0.00014769432265433253
0.00014769434064456323
0.00014769434251517144
0.00014769433400626598
0.00012604278600845058
0.00012604278600845058
0.00012604279060582355
0.00012604278665152954
0.00012604278279755717
0.00012604278450375358
0.00012604278442969035
0.0001260427748890757
0.00012604278350463127
0.0001260427862329076
0.0001260427848874387
0.00012604277333032668
0.0001260427878011231
0.00012604279376898743
0.0001260427952746662
0.00012604278751939446
0.00011757299616955047
0.00011757299616955047
0.00011757301382767397
0.0001175730011271054
0.00011757299709105407
0.00011757299919274843
0.00011757299727500577
0.0001175729898359653
0.00011757299632799997
0.00011757299933334011
0.0001175729963632701
0.00011757298870464515
0.00011757300701700141
0.00011757300341006208
0.0001175730045538572
0.00011757299757457144
0.0001132684339698427
0.0001132684339698427
0.00011326845482216198
0.00011326844000822761
0.00011326843602978319
0.00011326843821817023
0.00011326843581221421
0.00011326842910211026
0.00011326843489562898
0.00011326843790088819
0.00011326843451898492
0.00011326842818097997
0.00011326844715549961
0.00011326844089962885
0.00011326844185280269
0.00011326843531145946
9.097206031799487e-05
9.097206031799487e-05
9.09720890835087e-05
9.097206917576566e-05
9.097206590427896e-05
9.097206825095909e-05
9.097206442907557e-05
9.097206071669451e-05
9.097206378611217e-05
9.09720664124388e-05
9.097206193507917e-05
9.097206090155643e-05
9.09720799630034e-05
9.097206546115221e-05
9.097206537642778e-05
9.097206129479736e-05
6.70589858609417e-05
6.70589858609417e-05
6.705901297065139e-05
6.705899448200427e-05
6.70589924684022e-05
6.705899463935996e-05
6.705899059886785e-05
6.705898923650709e-05
6.705899039359211e-05
6.705899214856187e-05
6.705898772195756e-05
6.70589906509787e-05
6.705900578570415e-05
6.70589888393606e-05
6.70589875597741e-05
6.705898639546897e-05
4.652548779644296e-05
4.652548779644296e-05
4.652550145187639e-05
4.65254923358683e-05
4.6525491953738176e-05
4.652549356461312e-05
4.652549089278469e-05
4.652549044878905e-05
4.652549122167928e-05
4.652549169177694e-05
4.652548878452961e-05
4.652549293281453e-05
4.652549997126141e-05
4.65254886864535e-05
4.652548632053246e-05
4.652548790404878e-05
4.0976774204998446e-05
4.0976774204998446e-05
4.097677620921245e-05
4.0976775009421475e-05
4.0976775242647044e-05
4.097677644419552e-05
4.0976775248288574e-05
4.097677393173558e-05
4.097677576165371e-05
4.0976775639205033e-05
4.097677417313633e-05
4.097677652080934e-05
4.0976778661702433e-05
4.0976774712669025e-05
4.097677219974176e-05
4.097677423429638e-05
4.035776656434651e-05
4.035776656434651e-05
4.0357765152838475e-05
4.035776622499061e-05
4.035776644425612e-05
4.0357767538357876e-05
4.035776684442922e-05
4.0357764889410355e-05
4.0357767347073944e-05
4.035776715609995e-05
4.035776617041656e-05
4.0357767317718065e-05
4.035776842121521e-05
4.0357767291894145e-05
4.035776492118224e-05
4.03577666385638e-05
4.026830453636233e-05
4.026830453636233e-05
4.026830284143876e-05
4.026830408801607e-05
4.0268304249939724e-05
4.026830533231088e-05
4.0268304698408426e-05
4.026830260573199e-05
4.026830518465766e-05
4.0268304994975105e-05
4.0268304095569656e-05
4.026830497459807e-05
4.0268305980312744e-05
4.026830536116599e-05
4.0268303047042757e-05
4.0268304630520795e-05
4.007886128014639e-05
4.007886128014639e-05
4.007885946365809e-05
4.007886076169924e-05
4.007886080573964e-05
4.007886186658012e-05
4.007886128600237e-05
4.0078859041008e-05
4.0078861745313276e-05
4.007886152515791e-05
4.007886079390372e-05
4.0078861324607366e-05
4.007886203797066e-05
4.0078862247071145e-05
4.007886001575871e-05
4.007886140359814e-05
3.971627968628109e-05
3.971627968628109e-05
3.971627811573175e-05
3.9716279200266636e-05
3.971627904570496e-05
3.9716280062326504e-05
3.9716279500722734e-05
3.9716277168196174e-05
3.971627992625648e-05
3.971627958551337e-05
3.971627917549781e-05
3.971627935856401e-05
3.9716279289747915e-05
3.9716280809575324e-05
3.971627867163255e-05
3.9716279842330255e-05
3.916568582564231e-05
3.916568582564231e-05
3.916568522281357e-05
3.916568559641352e-05
3.916568517656731e-05
3.9165686119413314e-05
3.916568548240257e-05
3.916568328505145e-05
3.916568588052549e-05
3.9165685270279075e-05
3.9165685356605996e-05
3.916568542591516e-05
3.9165683844772904e-05
3.916568703284034e-05
3.9165684951179714e-05
3.9165686000073473e-05
3.8677168581292476e-05
3.8677168581292476e-05
3.867716942604454e-05
3.867716879098231e-05
3.86771681934399e-05
3.8677169066992545e-05
3.867716825418667e-05
3.867716646592587e-05
3.8677168656003845e-05
3.8677167728256966e-05
3.867716823372775e-05
3.867716866710772e-05
3.867716547833248e-05
3.867716968779773e-05
3.867716755918182e-05
3.867716873651831e-05
3.841193170655065e-05
3.841193170655065e-05
3.841193356984726e-05
3.84119322542574e-05
3.841193164862226e-05
3.841193249365245e-05
3.841193152484012e-05
3.841193013733189e-05
3.841193195262966e-05
3.841193084743328e-05
3.841193147629282e-05
3.841193245113269e-05
3.841192847793188e-05
3.841193262228194e-05
3.841193039303215e-05
3.8411931823609466e-05
3.823570471734057e-05
3.823570471734057e-05
3.82357070437504e-05
3.823570543456782e-05
3.8235704889049395e-05
3.8235705729597736e-05
3.823570467429482e-05
3.823570353418484e-05
3.823570512584628e-05
3.823570396575311e-05
3.823570455830386e-05
3.823570593495375e-05
3.823570179194444e-05
3.8235705482356624e-05
3.8235703174341375e-05
3.823570480406067e-05
3.7922378319956716e-05
3.7922378319956716e-05
3.792238105525199e-05
3.792237919922082e-05
3.79223787574096e-05
3.7922379595278835e-05
3.7922378455716093e-05
3.79223775933894e-05
3.7922378936008386e-05
3.792237774952303e-05
3.7922378239094214e-05
3.7922380093891454e-05
3.792237594465358e-05
3.792237890426496e-05
3.792237650881677e-05
3.792237837058573e-05
3.7162061684700094e-05
3.7162061684700094e-05
3.7162064925531606e-05
3.716206277593191e-05
3.716206251183947e-05
3.716206333489606e-05
3.716206209384255e-05
3.7162061650783146e-05
3.7162062613214724e-05
3.716206141949962e-05
3.716206171800796e-05
3.7162064284332476e-05
3.7162060257324556e-05
3.7162062006269654e-05
3.716205950461819e-05
3.716206168393414e-05
3.533370088675339e-05
3.533370088675339e-05
3.533370472327975e-05
3.533370224420332e-05
3.533370226314787e-05
3.5333703028088824e-05
3.533370169068346e-05
3.533370188730727e-05
3.5333702253883485e-05
3.533370109658515e-05
3.533370108538581e-05
3.5333704668674454e-05
3.533370095977808e-05
3.5333700853500854e-05
3.53336982652782e-05
3.533370081960943e-05
3.139607382937818e-05
3.139607382937818e-05
3.139607810115729e-05
3.139607542050919e-05
3.1396075825533504e-05
3.139607642440507e-05
3.139607509332098e-05
3.1396076146262034e-05
3.139607567524441e-05
3.139607466168285e-05
3.139607422872088e-05
3.139607898937553e-05
3.1396075917530206e-05
3.139607344018807e-05
3.139607091979784e-05
3.139607370392293e-05
2.490949006810145e-05
2.490949006810145e-05
2.4909493923713834e-05
2.490949158903186e-05
2.4909492328710164e-05
2.4909492586462835e-05
2.4909491562615934e-05
2.4909493343982526e-05
2.4909492069581176e-05
2.4909491383532783e-05
2.4909490592170205e-05
2.4909495931961497e-05
2.4909493829643696e-05
2.490948964681225e-05
2.4909487597948523e-05
2.4909489962272145e-05
1.8608909643373452e-05
1.8608909643373452e-05
1.8608911744032976e-05
1.860891055191407e-05
1.860891125084807e-05
1.8608911094628723e-05
1.8608910725866126e-05
1.86089123963907e-05
1.8608911031925584e-05
1.8608910771155907e-05
1.8608910041476277e-05
1.860891430641855e-05
1.860891303430261e-05
1.8608909856724585e-05
1.860890869911204e-05
1.8608909695569357e-05
1.596365164910037e-05
1.596365164910037e-05
1.596365193444995e-05
1.5963651852755458e-05
1.5963652182174483e-05
1.5963651825287985e-05
1.5963651992891465e-05
1.5963652835730295e-05
1.5963652115461205e-05
1.596365208215722e-05
1.5963651770497534e-05
1.596365413102467e-05
1.5963652986557085e-05
1.5963652691114056e-05
1.5963652211860124e-05
1.596365188157155e-05
1.5571298328283108e-05
1.5571298328283108e-05
1.557129800239979e-05
1.5571298271344903e-05
1.5571298370102897e-05
1.557129801692658e-05
1.557129832183935e-05
1.5571298657807632e-05
1.5571298388992297e-05
1.5571298366733376e-05
1.5571298309368232e-05
1.5571299771950393e-05
1.5571298439312736e-05
1.5571299702288673e-05
1.557129937448421e-05
1.5571298626366494e-05
1.553035066732607e-05
1.553035066732607e-05
1.5530350295196755e-05
1.553035058332718e-05
1.5530350631366635e-05
1.553035029824961e-05
1.5530350602596802e-05
1.5530350831888936e-05
1.553035066590941e-05
1.55303506277933e-05
1.5530350623376614e-05
1.5530351938233864e-05
1.5530350526505593e-05
1.553035207937278e-05
1.5530351740667228e-05
1.553035097119008e-05
1.5483592561439658e-05
1.5483592561439658e-05
1.5483592181875003e-05
1.5483592466756672e-05
1.5483592478390612e-05
1.5483592161368755e-05
1.548359246037531e-05
1.5483592619293926e-05
1.548359252077589e-05
1.548359247205669e-05
1.5483592501742304e-05
1.5483593726029232e-05
1.5483592258776968e-05
1.548359398456836e-05
1.548359362768772e-05
1.548359286573135e-05
1.5338516059144925e-05
1.5338516059144925e-05
1.533851568280939e-05
1.5338515948425485e-05
1.5338515884589965e-05
1.5338515593420678e-05
1.5338515886826267e-05
1.5338515915024102e-05
1.5338515935255816e-05
1.5338515878894037e-05
1.533851596957145e-05
1.53385170193398e-05
1.533851546566983e-05
1.533851747986043e-05
1.5338517083475506e-05
1.533851635890734e-05
1.5005730169051816e-05
1.5005730169051816e-05
1.500572982570556e-05
1.5005730041602003e-05
1.5005729857002175e-05
1.5005729588113665e-05
1.5005729888873678e-05
1.5005729740153073e-05
1.5005729903991668e-05
1.5005729869335583e-05
1.5005730036863968e-05
1.5005730828811244e-05
1.5005729205145166e-05
1.5005731535442854e-05
1.5005731078256651e-05
1.5005730450966334e-05
1.426326291159793e-05
1.426326291159793e-05
1.4263262678685019e-05
1.4263262775389729e-05
1.4263262395625226e-05
1.4263262121123782e-05
1.4263262469784373e-05
1.4263262104372378e-05
1.426326240026422e-05
1.4263262474434621e-05
1.4263262721567536e-05
1.4263263140979972e-05
1.4263261553026754e-05
1.4263264082189444e-05
1.4263263533452067e-05
1.4263263142009581e-05
1.3048903034091546e-05
1.3048903034091546e-05
1.304890303666371e-05
1.3048902922249698e-05
1.3048902316799936e-05
1.3048901957118186e-05
1.3048902429274863e-05
1.3048901944157454e-05
1.3048902203409104e-05
1.3048902543281488e-05
1.3048902798093674e-05
1.3048902868989036e-05
1.3048901605383942e-05
1.3048903773027754e-05
1.3048903131628467e-05
1.304890316186914e-05
1.1854698110062883e-05
1.1854698110062883e-05
1.1854698408088673e-05
1.185469806820714e-05
1.1854697353896615e-05
1.1854696821019104e-05
1.1854697466937741e-05
1.1854697144221293e-05
1.1854697066984016e-05
1.185469777079133e-05
1.1854697887289152e-05
1.1854697926782487e-05
1.1854697298307422e-05
1.1854698293294248e-05
1.1854697629932953e-05
1.1854698115347161e-05
1.1333508569753023e-05
1.1333508569753023e-05
1.133350901693237e-05
1.133350859307511e-05
1.1333507955582727e-05
1.1333507286318727e-05
1.1333508032900025e-05
1.1333508027246249e-05
1.1333507561829065e-05
1.133350847189826e-05
1.133350840738867e-05
1.1333508734515573e-05
1.1333508600382599e-05
1.1333508460147624e-05
1.133350785761278e-05
1.1333508517521562e-05
1.123610264599118e-05
1.123610264599118e-05
1.1236103094627274e-05
1.1236102690166235e-05
1.1236102142398125e-05
1.1236101440334652e-05
1.123610219492976e-05
1.1236102349429261e-05
1.1236101734604745e-05
1.1236102661115959e-05
1.1236102520669904e-05
1.1236103051088305e-05
1.1236103040579369e-05
1.1236102523118029e-05
1.1236101970542345e-05
1.123610259556581e-05
1.1208973664338058e-05
1.1208973664338058e-05
1.1208974095317322e-05
1.1208973711481853e-05
1.1208973201289747e-05
1.1208972500863335e-05
1.1208973245077935e-05
1.1208973442321713e-05
1.1208972799325779e-05
1.1208973707987295e-05
1.1208973551202676e-05
1.1208974147151493e-05
1.1208974142320488e-05
1.120897356803113e-05
1.120897303516584e-05
1.1208973621271328e-05
1.114934168896814e-05
1.114934168896814e-05
1.1149342084942185e-05
1.1149341738900102e-05
1.114934128879129e-05
1.1149340601112924e-05
1.1149341318863888e-05
1.1149341570768083e-05
1.114934090049075e-05
1.1149341769216224e-05
1.1149341594563804e-05
1.1149342275647579e-05
1.1149342266986706e-05
1.1149341641192575e-05
1.1149341141652238e-05
1.1149341658580497e-05
1.1009869484397183e-05
1.1009869484397183e-05
1.10098698171324e-05
1.1009869537718171e-05
1.1009869187021346e-05
1.1009868536212295e-05
1.100986919400845e-05
1.1009869517357905e-05
1.1009868824751456e-05
1.1009869614512337e-05
1.1009869421238375e-05
1.1009870205900684e-05
1.1009870188140152e-05
1.1009869511337186e-05
1.100986907234297e-05
1.1009869472995578e-05
1.0691972288093382e-05
1.0691972288093382e-05
1.0691972506866364e-05
1.069197234527026e-05
1.0691972159799208e-05
1.0691971603022817e-05
1.0691972127273658e-05
1.0691972530891044e-05
1.0691971846528123e-05
1.069197248029726e-05
1.0691972277989282e-05
1.069197315457833e-05
1.069197312322415e-05
1.0691972421328959e-05
1.0691972095284205e-05
1.0691972302679026e-05
1.0119578415218463e-05
1.0119578415218463e-05
1.011957846767804e-05
1.0119578474180032e-05
1.011957850550907e-05
1.0119578136413884e-05
1.0119578418816615e-05
1.0119578852463886e-05
1.0119578267465619e-05
1.0119578648461636e-05
1.011957847709967e-05
1.011957931600026e-05
1.0119579271850842e-05
1.0119578651049752e-05
1.0119578497717377e-05
1.0119578452568972e-05
9.454729112768278e-06
9.454729112768278e-06
9.454729017658452e-06
9.454729167342743e-06
9.45472935310479e-06
9.454729229718499e-06
9.454729223802133e-06
9.454729547650787e-06
9.454729187746185e-06
9.454729304880828e-06
9.454729230087148e-06
9.454729766054635e-06
9.454729722052735e-06
9.454729356995553e-06
9.45472936949479e-06
9.454729146488248e-06
9.095543158593965e-06
9.095543158593965e-06
9.095543044340236e-06
9.09554320448499e-06
9.095543358711635e-06
9.095543374878614e-06
9.095543231353374e-06
9.095543355307908e-06
9.095543211073003e-06
9.095543239915454e-06
9.09554327163408e-06
9.095543401653214e-06
9.095543373405051e-06
9.095543291429572e-06
9.095543342639082e-06
9.0955431594117e-06
9.027765228381654e-06
9.027765228381654e-06
9.027765165698536e-06
9.027765269429276e-06
9.027765329169708e-06
9.02776534398882e-06
9.027765222664907e-06
9.02776523905064e-06
9.027765162945743e-06
9.02776524123542e-06
9.027765313017227e-06
9.027765260809386e-06
9.027765244888571e-06
9.027765269890277e-06
9.027765276715396e-06
9.027765204983867e-06
9.024529942017449e-06
9.024529942017449e-06
9.024529902262156e-06
9.02452998231399e-06
9.024530008972657e-06
9.02453000444646e-06
9.024529910551645e-06
9.024529911174484e-06
9.024529833394015e-06
9.02452994270533e-06
9.024530015986754e-06
9.024529946243298e-06
9.024529933082512e-06
9.024529962391995e-06
9.024529946563554e-06
9.024529913468524e-06
9.024468963765806e-06
9.024468963765806e-06
9.024468927163417e-06
9.024469004071862e-06
9.024469026915986e-06
9.02446901805935e-06
9.02446892963162e-06
9.024468930643684e-06
9.024468850358782e-06
9.024468964310367e-06
9.024469036402669e-06
9.024468969499021e-06
9.02446895649587e-06
9.024468982838723e-06
9.02446896371882e-06
9.024468934972879e-06
9.02428043033678e-06
9.02428043033678e-06
9.024280396733617e-06
9.024280470662336e-06
9.024280489979359e-06
9.024280476523334e-06
9.024280394019716e-06
9.024280395595479e-06
9.024280313311527e-06
9.024280431006567e-06
9.024280501671373e-06
9.024280438247493e-06
9.024280425367137e-06
9.024280448398044e-06
9.02428042624791e-06
9.024280401380378e-06
9.023555941902467e-06
9.023555941902467e-06
9.023555913893428e-06
9.023555982246617e-06
9.023555994966402e-06
9.023555972249453e-06
9.023555902174392e-06
9.023555904272862e-06
9.023555820344416e-06
9.023555942913106e-06
9.023556010649258e-06
9.023555953737474e-06
9.023555941101819e-06
9.023555958050579e-06
9.02355593061665e-06
9.02355591264253e-06
9.021589991622478e-06
9.021589991622478e-06
9.021589972042425e-06
9.021590031945632e-06
9.021590034638528e-06
9.021589996430377e-06
9.02158994828587e-06
9.021589949759943e-06
9.021589868473708e-06
9.021589993315834e-06
9.021590056081033e-06
9.021590008733223e-06
9.021589996516527e-06
9.02159000473297e-06
9.021589970229266e-06
9.021589961881779e-06
9.016732259160032e-06
9.016732259160032e-06
9.016732251727706e-06
9.016732299334148e-06
9.016732287362784e-06
9.016732223145e-06
9.016732214298067e-06
9.016732211457114e-06
9.016732146311749e-06
9.016732262232028e-06
9.016732316498816e-06
9.016732282299014e-06
9.016732270808809e-06
9.016732267507596e-06
9.01673222496151e-06
9.016732228666607e-06
9.007668871671324e-06
9.007668871671324e-06
9.007668876199405e-06
9.007668911432507e-06
9.00766888454373e-06
9.007668786465983e-06
9.007668833540259e-06
9.007668818798826e-06
9.007668797180809e-06
9.00766887698346e-06
9.00766891988823e-06
9.007668897210789e-06
9.00766888671138e-06
9.007668874464622e-06
9.007668828810712e-06
9.007668840302225e-06
8.996951594462969e-06
8.996951594462969e-06
8.996951600785929e-06
8.99695163357062e-06
8.996951603378223e-06
8.9969514818814e-06
8.996951575638702e-06
8.99695154210802e-06
8.996951588447561e-06
8.996951602072911e-06
8.996951636603949e-06
8.99695161250436e-06
8.996951602766778e-06
8.996951594500111e-06
8.996951559074374e-06
8.996951562663358e-06
8.990849077875333e-06
8.990849077875333e-06
8.990849073290515e-06
8.990849116519424e-06
8.990849098419348e-06
8.990848981758196e-06
8.990849078898925e-06
8.990849032076819e-06
8.990849125972904e-06
8.990849086228169e-06
8.99084912162799e-06
8.990849082563574e-06
8.990849072794397e-06
8.990849080246332e-06
8.990849062849597e-06
8.990849046449523e-06
8.98935470563679e-06
8.98935470563679e-06
8.98935469207955e-06
8.98935474420204e-06
8.989354736593654e-06
8.989354633285179e-06
8.989354713633206e-06
8.989354664576604e-06
8.989354766205367e-06
8.989354713597685e-06
8.989354753092887e-06
8.989354703354477e-06
8.989354693247524e-06
8.989354710909318e-06
8.98935470288265e-06
8.989354674671366e-06
8.989117579199633e-06
8.989117579199633e-06
8.989117563176059e-06
8.989117617790839e-06
8.989117613152705e-06
8.989117514989208e-06
8.989117587642278e-06
8.989117539347224e-06
8.98911763818708e-06
8.989117586894835e-06
8.989117628010685e-06
8.989117575627253e-06
8.989117565380516e-06
8.989117585422654e-06
8.989117579122394e-06
8.989117548384834e-06
8.988911508412023e-06
8.988911508412023e-06
8.98891149074326e-06
8.9889115470326e-06
8.98891154439847e-06
8.988911450037676e-06
8.988911516783893e-06
8.988911469355637e-06
8.98891156513759e-06
8.988911515889951e-06
8.98891155814829e-06
8.988911504127457e-06
8.988911493779312e-06
8.988911515304868e-06
8.988911509959072e-06
8.988911477703732e-06
8.988351293399107e-06
8.988351293399107e-06
8.988351272638042e-06
8.988351332081218e-06
8.988351333227994e-06
8.98835124620173e-06
8.988351301455612e-06
8.988351255873e-06
8.988351345407582e-06
8.988351300447544e-06
8.988351344711494e-06
8.988351287826027e-06
8.98835127729306e-06
8.988351301561943e-06
8.988351297955653e-06
8.988351262894122e-06
8.987088648845662e-06
8.987088648845662e-06
8.987088623485075e-06
8.987088687626816e-06
8.987088694417774e-06
8.98708861851256e-06
8.987088656232182e-06
8.98708861369752e-06
8.987088693543328e-06
8.987088655229897e-06
8.987088702035326e-06
8.98708864137255e-06
8.987088630587408e-06
8.987088658898159e-06
8.987088657890456e-06
8.987088618646559e-06
8.983925706424078e-06
8.983925706424078e-06
8.98392567365879e-06
8.983925745382389e-06
8.98392576130994e-06
8.983925703800061e-06
8.983925712268549e-06
8.983925675378382e-06
8.98392573880604e-06
8.98392571167918e-06
8.983925761382902e-06
8.983925695906676e-06
8.983925684777939e-06
8.983925719513542e-06
8.983925722758767e-06
8.983925676725635e-06
8.976395684690647e-06
8.976395684690647e-06
8.976395641054523e-06
8.976395723954236e-06
8.976395753423745e-06
8.97639572417355e-06
8.976395687090849e-06
8.976395660377708e-06
8.97639569764006e-06
8.976395688135291e-06
8.97639573900381e-06
8.976395669733966e-06
8.976395658262647e-06
8.976395702223355e-06
8.976395711902092e-06
8.97639565574814e-06
8.95946544401001e-06
8.95946544401001e-06
8.959465386501726e-06
8.959465483780461e-06
8.959465530864776e-06
8.959465540932603e-06
8.959465438949064e-06
8.959465430135637e-06
8.959465428660327e-06
8.959465444747387e-06
8.959465489062826e-06
8.959465423464678e-06
8.959465411977317e-06
8.959465467172588e-06
8.959465485557128e-06
8.959465416086594e-06
8.928077537883666e-06
8.928077537883666e-06
8.928077469837335e-06
8.928077578346938e-06
8.928077639689389e-06
8.928077688172095e-06
8.928077519107746e-06
8.928077536787592e-06
8.928077491848447e-06
8.928077535522538e-06
8.928077553756043e-06
8.92807751329258e-06
8.928077502898596e-06
8.928077565217587e-06
8.928077591518175e-06
8.92807751087737e-06
8.889347145649421e-06
8.889347145649421e-06
8.889347084213957e-06
8.889347186661569e-06
8.889347241862769e-06
8.889347293567427e-06
8.889347109754228e-06
8.889347152036368e-06
8.889347089494306e-06
8.889347141901451e-06
8.889347109036364e-06
8.889347124234477e-06
8.889347116688787e-06
8.889347170029826e-06
8.889347195528132e-06
8.889347118525075e-06
8.866266259099351e-06
8.866266259099351e-06
8.866266222206077e-06
8.86626630006967e-06
8.866266326546587e-06
8.866266332462558e-06
8.866266214024128e-06
8.86626626050446e-06
8.8662662274568e-06
8.866266257243083e-06
8.86626617727801e-06
8.866266248126459e-06
8.866266243684402e-06
8.866266273227247e-06
8.866266286945232e-06
8.866266230570554e-06
8.861405476489482e-06
8.861405476489482e-06
8.861405457136824e-06
8.861405517139845e-06
8.86140552226305e-06
8.861405487420596e-06
8.861405432417472e-06
8.861405469776963e-06
8.861405471002186e-06
8.86140547696452e-06
8.861405383174664e-06
8.861405472791665e-06
8.861405469528875e-06
8.861405483389362e-06
8.8614054874623e-06
8.861405446823078e-06
8.861082268111513e-06
8.861082268111513e-06
8.861082252561858e-06
8.861082308627696e-06
8.861082308940014e-06
8.86108226349317e-06
8.861082225923057e-06
8.86108225863618e-06
8.86108227019598e-06
8.861082269307544e-06
8.861082176890044e-06
8.861082265949236e-06
8.861082262713707e-06
8.86108227346691e-06
8.861082275177585e-06
8.861082238169715e-06
8.861008528237909e-06
8.861008528237909e-06
8.861008513093015e-06
8.86100856872453e-06
8.8610085684856e-06
8.861008521525721e-06
8.861008486614152e-06
8.861008518250313e-06
8.861008531542608e-06
8.861008529557613e-06
8.861008438241912e-06
8.861008526229477e-06
8.861008522947393e-06
8.861008533434678e-06
8.86100853483322e-06
8.861008498261375e-06
8.860743462391722e-06
8.860743462391722e-06
8.860743447958123e-06
8.860743502813671e-06
8.860743501583488e-06
8.860743451738038e-06
8.860743421981039e-06
8.860743451374878e-06
8.860743468088005e-06
8.860743463956628e-06
8.860743375157625e-06
8.860743460646416e-06
8.860743457254063e-06
8.860743467315843e-06
8.860743468124623e-06
8.860743432353611e-06
8.860105538398675e-06
8.860105538398675e-06
8.860105524943318e-06
8.860105578720198e-06
8.86010557612394e-06
8.86010552226739e-06
8.860105499712343e-06
8.860105525941213e-06
8.860105547437662e-06
8.860105540306517e-06
8.860105455119178e-06
8.860105537010076e-06
8.860105533462418e-06
8.86010554295533e-06
8.86010554293183e-06
8.860105508282151e-06
8.858310641975573e-06
8.858310641975573e-06
8.858310630181098e-06
8.858310682100872e-06
8.858310677190946e-06
8.858310616538952e-06
8.858310606245123e-06
8.858310627077956e-06
8.858310656694629e-06
8.858310644465242e-06
8.858310565493406e-06
8.858310641181854e-06
8.858310637377343e-06
8.858310645926858e-06
8.85831064445389e-06
8.858310611744683e-06
8.853654654294602e-06
8.853654654294602e-06
8.85365464512128e-06
8.853654694045023e-06
8.853654685501022e-06
8.853654614189047e-06
8.853654623276598e-06
8.85365463557598e-06
8.853654677961446e-06
8.853654657698165e-06
8.853654588684446e-06
8.85365465441274e-06
8.853654650223823e-06
8.853654657337827e-06
8.853654653487732e-06
8.853654623931974e-06
8.84140982172772e-06
8.84140982172772e-06
8.841409816767855e-06
8.841409860704724e-06
8.841409846364854e-06
8.841409758091272e-06
8.841409798404445e-06
8.841409796948517e-06
8.841409859729342e-06
8.841409826588338e-06
8.841409773959389e-06
8.841409823241072e-06
8.841409818489918e-06
8.841409823435112e-06
8.841409815529664e-06
8.841409791281189e-06
8.810107799295388e-06
8.810107799295388e-06
8.810107800863238e-06
8.810107836630053e-06
8.810107813430433e-06
8.810107699333577e-06
8.810107788202938e-06
8.810107765339872e-06
8.810107859377197e-06
8.81010780638196e-06
8.81010778011513e-06
8.810107802786768e-06
8.810107797309492e-06
8.81010779925536e-06
8.810107784458483e-06
8.81010776905143e-06
8.732753124201722e-06
8.732753124201722e-06
8.73275313521326e-06
8.73275315800655e-06
8.73275312229987e-06
8.732752972025184e-06
8.73275313160823e-06
8.732753077524232e-06
8.7327532158944e-06
8.732753134427016e-06
8.732753148838817e-06
8.732753130078059e-06
8.732753123926762e-06
8.732753122470482e-06
8.732753096122637e-06
8.73275309511478e-06
8.557729208334483e-06
8.557729208334483e-06
8.557729230423821e-06
8.557729235013464e-06
8.557729185438486e-06
8.55772899578083e-06
8.55772923952246e-06
8.557729148165236e-06
8.557729336247344e-06
8.557729222030556e-06
8.557729290732276e-06
8.557729215775428e-06
8.557729209807266e-06
8.557729206783858e-06
8.557729162796348e-06
8.557729182839792e-06
8.23407289180268e-06
8.23407289180268e-06
8.23407291974218e-06
8.234072906783908e-06
8.23407285201948e-06
8.234072649684862e-06
8.23407294108183e-06
8.234072828313344e-06
8.234073036555464e-06
8.234072906770657e-06
8.23407302161105e-06
8.234072896792946e-06
8.234072893509379e-06
8.23407289610015e-06
8.23407283192743e-06
8.234072874145603e-06
7.849443683866437e-06
7.849443683866437e-06
7.84944370178803e-06
7.849443687162394e-06
7.849443649815836e-06
7.849443501651777e-06
7.849443724279678e-06
7.849443641270456e-06
7.849443790637235e-06
7.849443694413923e-06
7.849443800070668e-06
7.849443679955394e-06
7.849443682418197e-06
7.849443701143076e-06
7.849443628089144e-06
7.849443676533493e-06
7.650098851962977e-06
7.650098851962977e-06
7.650098850294498e-06
7.650098851708446e-06
7.650098843231143e-06
7.650098781245715e-06
7.650098861581808e-06
7.650098840968455e-06
7.650098890024028e-06
7.650098855230713e-06
7.650098900437737e-06
7.650098838617032e-06
7.650098846021323e-06
7.650098880626519e-06
7.650098816647374e-06
7.650098850368842e-06
7.630266288309396e-06
7.630266288309396e-06
7.630266276675966e-06
7.630266289915475e-06
7.630266295136715e-06
7.630266273237132e-06
7.630266279706838e-06
7.630266291629328e-06
7.630266292476273e-06
7.630266288133357e-06
7.630266294517246e-06
7.630266271680487e-06
7.630266280400485e-06
7.63026632010375e-06
7.630266265769497e-06
7.630266286888273e-06
7.63716020303851e-06
7.63716020303851e-06
7.637160190024406e-06
7.637160205672872e-06
7.637160212584591e-06
7.637160195452774e-06
7.637160191373348e-06
7.637160207969542e-06
7.63716020273071e-06
7.637160202439793e-06
7.637160201746154e-06
7.637160186275545e-06
7.637160194923924e-06
7.637160234704084e-06
7.63716018276913e-06
7.6371602010632e-06
7.638478265197411e-06
7.638478265197411e-06
7.638478252220551e-06
7.638478267961188e-06
7.638478274784779e-06
7.638478257366143e-06
7.638478253504443e-06
7.638478270006592e-06
7.638478265054834e-06
7.638478264621197e-06
7.638478263770049e-06
7.638478248505873e-06
7.638478257102016e-06
7.638478296748145e-06
7.638478244972074e-06
7.638478263117949e-06
7.6388991479632e-06
7.6388991479632e-06
7.638899135014019e-06
7.638899150765779e-06
7.63889915753911e-06
7.638899139967918e-06
7.63889913628898e-06
7.63889915270715e-06
7.638899147926323e-06
7.63889914739965e-06
7.638899146556039e-06
7.638899131303134e-06
7.638899139877076e-06
7.638899179467031e-06
7.6388991277364e-06
7.638899145848248e-06
7.640271605358296e-06
7.640271605358296e-06
7.64027159250576e-06
7.640271608287198e-06
7.640271614886308e-06
7.640271596804159e-06
7.640271593751928e-06
7.64027160986468e-06
7.640271605684098e-06
7.640271604838266e-06
7.640271604029635e-06
7.640271588817917e-06
7.640271597303697e-06
7.640271636684542e-06
7.640271585138955e-06
7.64027160311958e-06
7.641968414113925e-06
7.641968414113925e-06
7.641968401389488e-06
7.641968417199576e-06
7.641968423567814e-06
7.641968404847954e-06
7.64196840259579e-06
7.641968418277487e-06
7.641968414908835e-06
7.641968413650742e-06
7.641968412885522e-06
7.641968397759386e-06
7.641968406100097e-06
7.64196844516475e-06
7.641968393940256e-06
7.641968411703432e-06
7.64472416081185e-06
7.64472416081185e-06
7.644724148319434e-06
7.644724164153671e-06
7.644724170103463e-06
7.64472415033405e-06
7.644724149448108e-06
7.644724164278456e-06
7.644724162425402e-06
7.644724160449437e-06
7.644724159752344e-06
7.644724144867842e-06
7.644724152869217e-06
7.64472419125515e-06
7.644724140818594e-06
7.644724158068622e-06
7.648335738496827e-06
7.648335738496827e-06
7.64833572637332e-06
7.648335742177924e-06
7.648335747461885e-06
7.648335726282983e-06
7.648335727365124e-06
7.648335740668825e-06
7.648335741335597e-06
7.648335738289204e-06
7.648335737674317e-06
7.64833572338688e-06
7.648335730660834e-06
7.648335767707251e-06
7.648335719029953e-06
7.648335735171411e-06
7.652265532740077e-06
7.652265532740077e-06
7.65226552120612e-06
7.652265536796335e-06
7.65226554101499e-06
7.652265518220246e-06
7.65226552194622e-06
7.65226553238549e-06
7.652265537349225e-06
7.652265532766523e-06
7.65226553221894e-06
7.65226551940833e-06
7.652265525058457e-06
7.652265559325214e-06
7.652265514702781e-06
7.652265528353918e-06
7.653555758277299e-06
7.653555758277299e-06
7.653555747547155e-06
7.653555762457273e-06
7.653555765220367e-06
7.653555741700383e-06
7.653555747867491e-06
7.653555753414713e-06
7.65355576486485e-06
7.653555758592007e-06
7.653555757987307e-06
7.653555748404071e-06
7.65355575076886e-06
7.653555779761602e-06
7.653555743555412e-06
7.653555752142032e-06
7.646288408028234e-06
7.646288408028234e-06
7.64628839801278e-06
7.646288411469883e-06
7.646288412932184e-06
7.6462883920005e-06
7.646288397792378e-06
7.6462883968321e-06
7.646288415422156e-06
7.646288408531694e-06
7.646288407550587e-06
7.646288403491958e-06
7.646288400592217e-06
7.64628842164929e-06
7.6462883992426e-06
7.646288399675371e-06
7.628111877159706e-06
7.628111877159706e-06
7.6281118671065455e-06
7.6281118787804375e-06
7.628111880296794e-06
7.628111866316871e-06
7.628111866547459e-06
7.628111861199327e-06
7.628111882422535e-06
7.6281118775051294e-06
7.628111875829964e-06
7.628111877301056e-06
7.628111869541059e-06
7.628111883899167e-06
7.628111874613099e-06
7.6281118674715016e-06
7.610986207110867e-06
7.610986207110867e-06
7.610986196358399e-06
7.6109862071634055e-06
7.610986209934619e-06
7.610986202152169e-06
7.610986195876161e-06
7.610986191068554e-06
7.610986209012308e-06
7.610986207089212e-06
7.610986204903068e-06
7.610986208137843e-06
7.610986199201103e-06
7.610986212558067e-06
7.6109862068254774e-06
7.61098619780389e-06
7.6050926913732824e-06
7.6050926913732824e-06
7.605092680190461e-06
7.605092691004832e-06
7.605092694552502e-06
7.605092688510498e-06
7.605092679862993e-06
7.6050926767718e-06
7.605092691817093e-06
7.605092691169065e-06
7.6050926888772585e-06
7.605092691494709e-06
7.605092683336671e-06
7.6050926981593775e-06
7.605092690562862e-06
7.605092682725714e-06
7.6046385470107355e-06
7.6046385470107355e-06
7.604638535753911e-06
7.604638546648127e-06
7.604638550329892e-06
7.604638544289083e-06
7.604638535468565e-06
7.604638532871333e-06
7.604638547291705e-06
7.604638546781364e-06
7.604638544501377e-06
7.604638546767952e-06
7.6046385389598245e-06
7.604638554333807e-06
7.604638545834559e-06
7.60463853853764e-06
     fun: 7.97472386656777e-06
     jac: array([ 9.83850441e-08, -3.28516535e-07, -2.15216005e-08,  6.89469744e-08,
       -3.59207206e-07, -1.72865384e-08,  1.23313271e-07,  8.71654038e-08,
        9.65995923e-08,  4.69921133e-08,  1.58047442e-09, -7.36190486e-09,
        5.61652769e-08, -2.90226353e-07])
 message: 'Optimization terminated successfully.'
    nfev: 1456
     nit: 91
    njev: 91
  status: 0
 success: True
       x: array([ 0.38208025, -0.56125048, -0.28221256,  0.23758767,  0.20576803,
        0.76261705,  0.08721951, -0.49644021, -0.53025944, -0.49521679,
        0.16984193, -0.5885129 ,  0.33934813, -0.18075369])

========================================================

Final result:
0.38208025308258103
0.38208025308258103
-0.5612504771670307
0.38208025308258103
-0.2822125576874376
0.23758766991739907
0.2057680295035566
0.7626170480274749
0.08721950540028699
-0.4964402054732503
-0.5302594424060375
-0.49521679001235175
0.1698419328295001
0.1698419328295001
0.1698419328295001
0.41642066216114715
-0.5885129027337481
0.3393481251228742
-0.18075369386943668
0.14330615716010353
0.14330615716010353
0.14330615716010353
