13.8386923908
13.8386923908
13.8386924147
13.838692391
13.8386923953
13.8386912347
13.838691228
13.838691255
13.8386912615
13.8386914572
13.8386910647
13.8386905239
13.8386916511
13.8386910022
13.8386908941
13.8386918693
13.8386913589
13.8386920642
13.8386920383
13.8386922632
13.8386923252
13.8386925843
13.8386926182
13.8386924295
90576.4506199
21233.0201196
4972.79265062
1159.97713824
266.001758544
56.7761845083
10.1958499286
10.1958499286
10.1958498531
10.1958498095
10.1958499141
10.1958508821
10.1958509337
10.1958508055
10.1958508204
10.1958507934
10.1958507018
10.1958516972
10.1958507237
10.1958506737
10.1958515664
10.1958505847
10.1958512898
10.1958503798
10.1958504125
10.1958501299
10.1958500536
10.1958500697
10.1958501185
10.195849958
3179.82657493
499.019649694
76.8661617647
13.3708303772
9.05364971834
9.05364971834
9.05364963037
9.05364959679
9.05364970138
9.05365092096
9.05365097743
9.05365083929
9.05365084359
9.05365072151
9.05365085658
9.05365176302
9.05365055153
9.05365089561
9.05365141915
9.05365033081
9.05365092972
9.05365012965
9.05365015339
9.05364990047
9.0536498312
9.05364972393
9.053649722
9.05364971975
694.526488472
68.5972948715
10.4058507849
8.91313073008
8.91313073008
8.9131306971
8.91313069113
8.91313072371
8.91313189833
8.91313193104
8.91313185869
8.91313187516
8.91313174325
8.91313190562
8.91313278591
8.91313158795
8.91313196115
8.91313248045
8.91313138275
8.91313204494
8.91313116673
8.91313118922
8.91313092354
8.91313084983
8.9131306978
8.91313067747
8.91313072344
134.725299119
14.7919727835
8.76042236922
8.76042236922
8.76042227692
8.76042225204
8.76042235126
8.76042357452
8.7604236181
8.76042349801
8.76042350198
8.76042335213
8.76042355542
8.76042432408
8.76042322184
8.76042361137
8.76042411901
8.76042303129
8.76042372503
8.76042280133
8.76042281201
8.76042255987
8.76042248666
8.76042231335
8.76042229066
8.76042235766
142.716673072
20.1934197956
8.14699290902
8.14699290902
8.14699287683
8.14699293382
8.14699290271
8.14699405305
8.14699403464
8.14699400961
8.14699407655
8.14699381824
8.14699405794
8.14699471798
8.14699364175
8.14699401352
8.1469943482
8.14699350026
8.14699416433
8.14699327025
8.14699326612
8.14699305964
8.14699299541
8.14699287766
8.14699294592
8.14699290433
370.99119715
55.7990294455
9.9995839736
7.29687721849
7.29687721849
7.2968771756
7.29687720184
7.29687720989
7.29687825313
7.29687824893
7.29687822313
7.296878234
7.29687806149
7.29687832955
7.29687890224
7.29687790559
7.29687825779
7.29687859563
7.29687774257
7.29687827774
7.29687757332
7.29687763221
7.29687735535
7.29687728758
7.29687710372
7.29687717818
7.2968771969
163.427446563
19.6604791847
7.04324483533
7.04324483533
7.04324480414
7.04324480804
7.04324482889
7.0432456905
7.0432457052
7.04324567991
7.04324565155
7.04324556777
7.04324580877
7.04324632917
7.04324541919
7.04324575428
7.04324600013
7.04324527044
7.04324577654
7.04324503312
7.04324498413
7.04324489772
7.0432448558
7.04324471514
7.04324477664
7.04324481271
182.688835131
26.4871638411
6.86469334725
6.37956892186
6.37956892186
6.37956893205
6.37956898605
6.37956892347
6.37956963567
6.37956961898
6.37956963551
6.37956964906
6.37956947929
6.37956976162
6.3795699745
6.37956941088
6.37956972244
6.37956997916
6.37956923147
6.3795695474
6.37956904817
6.37956901847
6.3795689479
6.37956891612
6.37956884597
6.37956891683
6.37956890892
650.826915586
101.164962344
15.5518306823
5.77653282525
5.77653282525
5.77653283365
5.77653283838
5.77653282653
5.77653315512
5.77653318859
5.77653316767
5.7765330997
5.77653309436
5.77653333891
5.77653339072
5.77653298998
5.77653340204
5.77653310233
5.77653295088
5.77653312146
5.77653286164
5.77653287077
5.77653280767
5.77653278897
5.77653275918
5.776532756
5.77653281411
111.838545145
20.113957114
5.05503165287
5.05503165287
5.05503171056
5.05503176993
5.05503166461
5.05503112303
5.05503107947
5.05503114708
5.05503112312
5.05503113723
5.05503122647
5.05503060865
5.05503114886
5.05503126799
5.05503059243
5.05503123128
5.05503080197
5.05503132786
5.05503131222
5.05503148155
5.0550315273
5.05503150963
5.05503144165
5.05503162179
42.2183135251
6.62207326687
4.73073810384
4.73073810384
4.73073814342
4.73073819627
4.73073811072
4.73073737817
4.73073731085
4.73073744512
4.73073744254
4.7307374474
4.73073753505
4.73073677035
4.73073747994
4.73073757347
4.73073680186
4.73073758732
4.73073704944
4.73073772414
4.73073769601
4.730737919
4.73073797842
4.73073796798
4.73073790836
4.73073807473
38.5166915573
6.24982160442
4.36498502914
4.36498502914
4.36498510518
4.36498513887
4.36498504378
4.36498419286
4.36498415724
4.36498425411
4.3649842265
4.36498427484
4.36498434597
4.36498349558
4.36498433088
4.36498436156
4.36498358211
4.36498445811
4.36498385334
4.36498462805
4.36498458061
4.36498485371
4.36498492418
4.364984894
4.36498485309
4.3649850005
8.19130837563
2.67155083867
2.67155083867
2.67155086717
2.67155080802
2.67155084348
2.67155041735
2.67155045091
2.67155044475
2.67155045659
2.67155053226
2.67155036782
2.67155021107
2.6715506305
2.67155036058
2.67155045023
2.67155069027
2.67155051098
2.67155078255
2.67155080095
2.67155082683
2.6715508422
2.67155092537
2.67155093147
2.67155085553
14.5275272748
2.85618355554
2.5467176107
2.5467176107
2.54671761117
2.54671758193
2.54671761019
2.54671731509
2.54671732685
2.54671731939
2.54671732079
2.54671740151
2.54671723726
2.54671718233
2.54671749028
2.54671722549
2.5467174028
2.54671753346
2.5467174272
2.54671760673
2.54671762196
2.54671762785
2.54671763672
2.5467177126
2.54671772308
2.54671763091
3.32883328253
2.27080744844
2.27080744844
2.2708074355
2.27080742451
2.27080744533
2.27080762741
2.27080763733
2.2708076204
2.27080762968
2.27080760331
2.27080761551
2.2708077597
2.27080758028
2.27080761006
2.27080771425
2.27080755316
2.27080765716
2.27080752396
2.27080751916
2.27080748862
2.27080747999
2.2708074616
2.27080747355
2.27080745089
2.3354106435
2.21083452495
2.21083452495
2.21083452175
2.21083452325
2.2108345239
2.21083457546
2.21083457542
2.21083457264
2.21083457045
2.21083457261
2.21083457146
2.210834621
2.21083456894
2.2108345655
2.21083461335
2.21083456298
2.21083460677
2.21083454787
2.2108345489
2.21083453239
2.21083452891
2.21083452796
2.21083453349
2.21083452517
2.20993633987
2.20247029461
2.20247029461
2.20247029319
2.20247029606
2.20247029396
2.20247030452
2.20247030286
2.20247030211
2.20247030141
2.20247029647
2.2024703067
2.20247029685
2.20247029095
2.20247031357
2.20247028521
2.20247028724
2.20247027485
2.20247028887
2.20247028823
2.20247029089
2.20247029284
2.20247028932
2.20247028354
2.20247029297
2.19297155248
2.19297155248
2.19297155747
2.19297155986
2.19297155301
2.19297149785
2.1929714956
2.19297150452
2.19297150761
2.19297150813
2.19297150473
2.19297146116
2.1929715136
2.19297150096
2.19297146981
2.19297152608
2.19297150236
2.19297153429
2.19297153063
2.19297154505
2.19297154946
2.19297154882
2.19297155035
2.19297155128
2.19389529057
2.18728955968
2.18728955968
2.18728956394
2.18728955795
2.18728956023
2.18728951738
2.18728951779
2.18728952104
2.1872895199
2.18728952799
2.18728951942
2.18728949571
2.18728953499
2.18728951593
2.18728951113
2.18728954139
2.18728952209
2.18728954872
2.1872895488
2.18728955506
2.18728955769
2.18728956074
2.18728956181
2.18728955957
2.19329810038
2.18338900358
2.18338900358
2.18338900403
2.18338899877
2.18338900342
2.18338898807
2.18338899305
2.18338898837
2.18338898666
2.18338899349
2.18338898574
2.18338898357
2.18338899802
2.18338898766
2.18338899715
2.18338899688
2.18338898604
2.18338900137
2.18338900443
2.18338900224
2.18338900285
2.1833890078
2.18338900715
2.18338900413
2.18254157857
2.18254157857
2.18254158042
2.18254158684
2.18254157882
2.18254159335
2.18254158805
2.18254159226
2.18254159781
2.18254158794
2.1825415885
2.18254159558
2.1825415868
2.18254158754
2.1825415921
2.18254159092
2.18254161091
2.18254158583
2.18254158482
2.18254158175
2.18254158041
2.18254158306
2.18254158288
2.18254157929
2.18096689732
2.18096689732
2.18096689374
2.18096689359
2.18096689646
2.18096690924
2.1809669084
2.18096690809
2.18096690535
2.1809669065
2.18096691259
2.18096691885
2.18096690117
2.18096691177
2.1809669039
2.18096689815
2.18096689774
2.18096689719
2.18096689574
2.1809668975
2.18096689754
2.18096688988
2.1809668909
2.18096689561
2.18051753022
2.18051753022
2.18051753012
2.18051752811
2.18051753004
2.18051752685
2.18051752993
2.18051752808
2.18051752569
2.1805175284
2.18051753205
2.1805175263
2.18051752936
2.18051753223
2.18051753189
2.18051752607
2.18051751839
2.18051752746
2.1805175272
2.18051752897
2.18051752944
2.18051752938
2.18051752755
2.18051752991
2.18062047172
2.17928830215
2.17928830215
2.17928830439
2.17928830348
2.17928830245
2.17928829466
2.17928829627
2.17928829555
2.17928829611
2.17928829637
2.17928829474
2.1792882887
2.1792882997
2.17928829604
2.17928829985
2.17928829982
2.17928829675
2.17928830097
2.17928830148
2.17928830146
2.1792883016
2.17928830556
2.17928830536
2.17928830269
2.17865929476
2.17865929476
2.17865929262
2.17865929205
2.17865929426
2.17865929908
2.17865929888
2.1786592975
2.17865929735
2.17865929852
2.17865929521
2.178659305
2.17865929604
2.17865929406
2.17865929492
2.17865929709
2.17865930026
2.17865929727
2.17865929857
2.17865929581
2.17865929524
2.17865929447
2.17865929423
2.17865929451
2.17811315411
2.17811315411
2.17811315453
2.17811315634
2.17811315411
2.17811315869
2.17811315681
2.1781131592
2.17811315982
2.17811315745
2.17811316086
2.17811315988
2.17811315722
2.17811316135
2.17811316076
2.17811315666
2.17811316042
2.17811315465
2.17811315307
2.17811315455
2.17811315439
2.1781131521
2.17811315218
2.17811315359
2.17777993864
2.17777993864
2.17777993848
2.17777993835
2.17777993856
2.17777993809
2.17777993872
2.17777993748
2.17777993746
2.17777993687
2.17777993712
2.177779935
2.17777993647
2.17777993643
2.17777993409
2.17777993625
2.17777993295
2.17777993728
2.17777993757
2.17777993808
2.17777993822
2.17777994072
2.17777994221
2.17777993903
2.17773716554
2.17761374303
2.17761374303
2.17761374379
2.17761374303
2.17761374314
2.1776137402
2.17761374109
2.1776137406
2.17761374013
2.17761374135
2.17761374076
2.17761373954
2.17761374227
2.17761374149
2.1776137419
2.17761374248
2.17761374162
2.17761374304
2.1776137436
2.17761374306
2.17761374298
2.1776137432
2.17761374264
2.17761374299
2.17748965256
2.17748965256
2.17748965224
2.17748965231
2.17748965248
2.17748965215
2.17748965188
2.17748965208
2.17748965259
2.1774896521
2.17748965119
2.17748965136
2.17748965254
2.1774896508
2.17748965292
2.17748965222
2.1774896519
2.17748965181
2.17748965134
2.17748965225
2.1774896523
2.17748965311
2.17748965326
2.17748965263
2.17745202691
2.17745202691
2.17745202699
2.17745202736
2.17745202693
2.17745202847
2.17745202807
2.17745202874
2.1774520285
2.17745202849
2.17745202958
2.1774520305
2.17745202778
2.17745202979
2.17745202774
2.17745202809
2.17745202938
2.1774520283
2.17745202906
2.17745202761
2.1774520273
2.17745202585
2.17745202557
2.17745202668
2.17738698371
2.17738698371
2.17738698345
2.17738698324
2.17738698367
2.17738698418
2.17738698443
2.1773869839
2.17738698343
2.17738698396
2.1773869841
2.17738698454
2.17738698367
2.1773869842
2.17738698311
2.17738698392
2.17738698451
2.17738698365
2.17738698339
2.17738698377
2.17738698375
2.1773869834
2.17738698326
2.17738698363
2.17737040941
2.17737040941
2.17737041036
2.17737041099
2.17737040959
2.17737040827
2.17737040774
2.17737040891
2.17737040982
2.17737040875
2.17737040845
2.17737040753
2.17737040938
2.17737040801
2.17737041025
2.17737040869
2.17737040713
2.17737040906
2.17737040932
2.1773704092
2.17737040924
2.17737040994
2.17737041035
2.17737040951
2.17734550217
2.17734550217
2.17734550133
2.17734550089
2.177345502
2.17734550207
2.17734550232
2.17734550171
2.1773455016
2.17734550159
2.17734550157
2.17734550075
2.1773455019
2.17734550166
2.17734550183
2.17734550189
2.17734550161
2.17734550188
2.1773455018
2.17734550201
2.17734550206
2.17734550241
2.1773455024
2.17734550221
2.17734937545
2.17733876867
2.17733876867
2.1773387685
2.17733876831
2.17733876864
2.17733876849
2.17733876866
2.17733876841
2.17733876824
2.17733876855
2.17733876839
2.17733876865
2.17733876848
2.1773387685
2.17733876809
2.17733876862
2.17733876881
2.17733876847
2.17733876826
2.17733876858
2.17733876863
2.17733876877
2.1773387687
2.17733876869
2.1773374329
2.1773374329
2.1773374329
2.17733743297
2.17733743291
2.17733743327
2.17733743326
2.17733743313
2.17733743312
2.17733743295
2.17733743312
2.17733743285
2.17733743305
2.177337433
2.17733743333
2.17733743295
2.17733743288
2.177337433
2.17733743305
2.17733743295
2.17733743295
2.17733743276
2.17733743281
2.17733743287
2.17733492118
2.17733492118
2.17733492131
2.17733492141
2.17733492121
2.17733492117
2.17733492109
2.17733492127
2.17733492135
2.17733492123
2.17733492128
2.1773349213
2.17733492125
2.17733492126
2.17733492135
2.1773349212
2.17733492115
2.17733492126
2.17733492133
2.17733492121
2.1773349212
2.17733492116
2.17733492118
2.17733492117
2.17733314467
2.17733314467
2.17733314474
2.17733314477
2.17733314468
2.17733314458
2.17733314455
2.17733314467
2.1773331447
2.17733314469
2.17733314469
2.17733314479
2.17733314468
2.17733314471
2.17733314464
2.17733314468
2.1773331447
2.1773331447
2.17733314472
2.17733314467
2.17733314467
2.17733314468
2.17733314468
2.17733314467
2.17733028854
2.17733028854
2.17733028853
2.17733028851
2.17733028853
2.17733028844
2.17733028844
2.17733028849
2.17733028847
2.17733028854
2.1773302885
2.17733028863
2.1773302885
2.17733028855
2.17733028839
2.17733028854
2.17733028861
2.17733028853
2.17733028851
2.17733028853
2.17733028853
2.17733028857
2.17733028855
2.17733028854
     fun: 2.177330288535919
     jac: array([-0.00023302, -0.00183681, -0.00016662, -0.00673604, -0.00637603,
       -0.00334513, -0.00418651,  0.00033444, -0.00248513,  0.00609124,
       -0.00250727,  0.00082055, -0.00968766,  0.00056547,  0.00475952,
       -0.00065178, -0.00173569, -0.00066206, -0.00043723,  0.00243911,
        0.00070548,  0.00057998])
 message: 'Optimization terminated successfully.'
    nfev: 981
     nit: 39
    njev: 39
  status: 0
 success: True
       x: array([ 0.36749547, -0.44602289, -0.13467253, -0.30273035,  0.22924493,
       -0.05224512,  0.15326563, -0.49629075,  0.58346438,  0.21791956,
       -0.38707734, -0.47805435,  0.22405672, -0.35649085,  0.25214952,
       -0.50550389,  0.41446886,  0.65229193, -0.76431741, -0.50102318,
        0.27372735,  0.10112174])

========================================================

Final result:
0.367495465095
-0.446022891119
-0.134672531412
0.0710666524785
0.0710666524785
0.0710666524785
-0.302730351389
0.229244931927
-0.0522451229673
0.15326562586
-0.49629075388
0.583464380657
0.217919558132
0.217919558132
-0.387077341071
-0.478054354611
0.224056717863
0.224056717863
-0.356490853547
0.252149524482
0.252149524482
-0.505503886172
0.414468857108
0.652291932854
-0.764317413532
-0.764317413532
0.421510040335
0.421510040335
0.421510040335
0.421510040335
-0.501023177766
0.273727354045
0.101121742809
0.0420580269708
0.0420580269708
0.0420580269708
