LYS_charged_methyl.filelist
16.0541615248
16.0541615248
16.0541581332
16.0541603904
16.054160372
16.0541604029
16.0541605483
16.0541601299
16.0541595236
16.0541607754
16.0541601057
16.0541600416
16.0541609822
16.0541604243
16.0541612087
16.0541608888
16.0541614609
16.0541617759
16.054161803
16.0541615757
165373.595551
16525.8684766
2382.10652739
483.066035957
99.3521112496
18.6528871735
9.7285126861
9.7285126861
9.72851329247
9.7285128301
9.72851260164
9.72851263835
9.72851261578
9.72851231185
9.72851249574
9.72851267942
9.72851230746
9.72851272817
9.72851266029
9.72851259767
9.72851268498
9.72851269853
9.72851268612
9.72851305155
9.72851308009
9.72851276087
6742.34141886
747.710272952
134.000391848
24.2218385462
7.50578404614
7.50578404614
7.50578549564
7.50578453122
7.50578453748
7.50578454891
7.50578458585
7.50578447998
7.50578522015
7.50578449733
7.50578466467
7.50578492988
7.50578442261
7.50578484052
7.50578428245
7.50578453838
7.50578409486
7.50578416644
7.50578404385
7.5057840711
2886.03884719
286.604095407
31.6245382794
7.59480835126
7.13830136345
7.13830136345
7.13830328552
7.13830199854
7.1383019752
7.13830198032
7.13830194315
7.13830198486
7.13830259646
7.13830180669
7.13830221284
7.13830222734
7.13830169107
7.13830203367
7.13830154622
7.13830171805
7.13830140113
7.13830140873
7.13830124375
7.13830137281
419.841661313
40.3577194361
7.60984436972
6.71365332428
6.71365332428
6.71365560052
6.71365407698
6.71365405025
6.71365407843
6.71365396043
6.71365408617
6.7136545947
6.71365386831
6.71365430269
6.71365445071
6.71365371508
6.71365406894
6.71365360442
6.71365395263
6.71365338192
6.71365331073
6.71365314256
6.71365332096
655.241616335
62.9658139518
9.13274086082
5.92856789844
5.92856789844
5.92857094474
5.92856890935
5.9285688866
5.92856893399
5.92856875193
5.92856894375
5.92856962844
5.92856858281
5.92856908143
5.92856923728
5.92856844354
5.92856905514
5.92856820526
5.92856849668
5.9285679614
5.92856783529
5.92856772079
5.92856788473
427.925753725
41.5249166444
6.57258604055
5.63928410354
5.63928410354
5.63928742917
5.63928520788
5.63928518654
5.63928520925
5.63928506417
5.63928526148
5.63928608221
5.63928486153
5.63928536648
5.63928561115
5.63928465928
5.6392852219
5.63928443765
5.63928478582
5.63928417212
5.63928401837
5.63928393392
5.63928408552
102.053018662
10.4481820118
5.46271915252
5.46271915252
5.46272259209
5.46272028491
5.46272022709
5.4627201729
5.46272012392
5.46272035137
5.46272117803
5.46271990756
5.46272047296
5.46272062519
5.46271973093
5.46272033618
5.46271950948
5.46271989294
5.46271922592
5.46271904284
5.46271895605
5.46271913011
256.711139329
25.2650858777
5.55910890428
5.35482922993
5.35482922993
5.35483266302
5.35483036465
5.35483032517
5.3548302863
5.35483020467
5.35483046068
5.35483123404
5.35483000877
5.35483057694
5.35483078147
5.35482980957
5.35483041038
5.35482957172
5.354829919
5.3548293001
5.35482913606
5.35482906767
5.3548292113
84.4820932402
9.0660817552
5.23581487466
5.23581487466
5.23581814814
5.23581596397
5.23581595536
5.23581594947
5.23581581367
5.2358160943
5.23581681092
5.23581559566
5.23581619583
5.23581627283
5.23581542414
5.23581599365
5.23581521936
5.23581559653
5.23581494558
5.23581480999
5.23581476567
5.23581486271
65.4913962782
11.0345697505
3.22013523846
3.22013523846
3.22013488448
3.22013515282
3.22013526909
3.22013525026
3.22013523436
3.22013543468
3.22013523552
3.22013519517
3.22013542013
3.22013510441
3.22013521363
3.22013519272
3.22013522089
3.22013519914
3.22013523623
3.22013504675
3.22013504615
3.22013519951
3.88559525126
2.76947878091
2.76947878091
2.76947815378
2.76947857584
2.76947858052
2.76947857928
2.7694785769
2.76947858084
2.76947833888
2.76947860828
2.76947853678
2.76947842911
2.7694786409
2.76947847819
2.76947869539
2.76947860336
2.7694787648
2.76947875747
2.76947881445
2.76947877575
4.51580660493
2.63822924167
2.63822924167
2.63822893814
2.63822913531
2.63822910375
2.63822910451
2.63822910892
2.63822905688
2.63822894882
2.63822914065
2.63822902288
2.6382290454
2.638229155
2.6382290461
2.6382291892
2.63822913204
2.63822923231
2.6382292933
2.63822931715
2.63822925219
2.94480992953
2.6106050878
2.6106050878
2.61060488924
2.61060502504
2.61060502733
2.61060502802
2.61060504619
2.61060500213
2.61060500125
2.61060505835
2.61060502123
2.61060502338
2.61060506779
2.6106050411
2.61060507503
2.61060505856
2.6106050866
2.61060511118
2.61060509999
2.61060509235
2.61536738974
2.60642964674
2.60642964674
2.60642970096
2.60642966555
2.60642965732
2.60642965859
2.60642965683
2.60642964108
2.60642965872
2.60642965664
2.60642965753
2.60642966117
2.60642965336
2.60642965184
2.60642964993
2.60642965015
2.60642964879
2.60642966003
2.60642965116
2.6064296492
2.60231042417
2.60231042417
2.60231040809
2.602310422
2.60231042335
2.60231042252
2.60231042725
2.60231041424
2.60231042595
2.60231042665
2.60231042772
2.60231042052
2.60231042738
2.60231042436
2.60231042548
2.60231042404
2.60231042586
2.60231042971
2.60231042422
2.60231042509
2.60300541739
2.60300541739
2.60300540427
2.6030054155
2.60300541407
2.60300541431
2.60300541485
2.60300540443
2.60300540472
2.60300541543
2.60300542026
2.60300540646
2.60300541534
2.60300540514
2.60300541526
2.60300540991
2.60300541837
2.60300542255
2.60300541446
2.60300541819
2.6034791877
2.6034791877
2.60347919107
2.60347919105
2.60347918859
2.60347918898
2.60347919043
2.6034791765
2.60347918645
2.60347919072
2.60347919098
2.6034791866
2.6034791904
2.60347918601
2.60347918858
2.60347918649
2.60347918929
2.60347919589
2.60347918917
2.60347918913
2.60306660694
2.60306660694
2.6030666048
2.60306660863
2.60306660687
2.60306660678
2.60306660873
2.60306659611
2.60306660417
2.60306660866
2.603066611
2.60306660304
2.60306660828
2.60306660214
2.60306660695
2.60306660393
2.60306660835
2.60306661395
2.60306660697
2.60306660813
2.60308634153
2.60307543093
2.60307543093
2.60307542718
2.60307543211
2.60307543048
2.60307543055
2.60307543229
2.60307541969
2.60307542709
2.60307543244
2.60307543452
2.60307542666
2.60307543222
2.60307542612
2.60307543095
2.60307542799
2.60307543235
2.6030754378
2.6030754308
2.60307543209
     fun: 2.8360633134644346
     jac: array([-0.0408963 , -0.01201117, -0.00545534, -0.00776094, -0.00389874,
        0.00219962, -0.00612232, -0.00416872,  0.00267631, -0.00906149,
       -0.00344735, -0.00834128, -0.00074625,  0.00026086, -0.00013548,
       -0.00721139, -0.00732118, -0.00133225])
 message: 'Optimization terminated successfully.'
    nfev: 437
     nit: 20
    njev: 20
  status: 0
 success: True
       x: array([ 0.33444536, -0.4133586 , -0.07806512,  0.17801865, -0.35290216,
        0.75375335,  0.20428904, -0.34856859, -0.50447837,  0.19190875,
       -0.35059597,  0.21182694, -0.18997797,  0.21096972, -0.39479888,
       -0.57803328,  0.32871644, -0.32296802])

========================================================

Final result:
0.334445360174
0.334445360174
-0.41335859913
0.334445360174
-0.078065124496
0.17801865082
-0.352902161917
0.753753348669
0.204289035401
0.204289035401
-0.348568587793
-0.504478366284
0.191908749533
0.191908749533
-0.35059596956
0.211826938037
0.211826938037
-0.189977973688
0.210969717868
0.210969717868
-0.394798880322
0.353216233834
0.353216233834
0.353216233834
-0.578033279371
0.328716440685
-0.322968023289
0.190761620658
0.190761620658
0.190761620658
