0.00016260883561632663
0.00016260883561632663
0.00016260879742271134
0.00016260882216527516
0.00016260881916925563
0.00016260882027140978
0.0001626088223057312
0.0001626088115599177
0.0001626088092756091
0.000162608824733068
0.0001626088093065163
0.00016260881224194814
0.000162608829389078
0.0001626088305771739
0.00016260883207327748
0.00016260884265053107
0.00016260884475106393
0.00016260883699153713
0.0001421386782815248
0.0001421386782815248
0.00014213865273049068
0.0001421386689491413
0.00014213866557285439
0.00014213866673019415
0.0001421386680599263
0.0001421386581021046
0.00014213865795103042
0.00014213867008119202
0.0001421386558586766
0.0001421386607558219
0.00014213867361427145
0.00014213867454358924
0.00014213867563167616
0.00014213868537868438
0.00014213868747435374
0.00014213867967275621
0.00011167743882343021
0.00011167743882343021
0.0001116774530682664
0.00011167744247760354
0.0001116774379902127
0.00011167743932662352
0.00011167743843316352
0.00011167743103443407
0.00011167743763894499
0.00011167743916511242
0.00011167742888217104
0.000111677439919789
0.00011167743912660108
0.00011167743923470034
0.00011167743901945414
0.00011167744603200344
0.00011167744805652367
0.00011167744024751685
0.00010921168873446884
0.00010921168873446884
0.00010921170431436617
0.00010921169284686686
0.00010921168841041538
0.00010921168975824349
0.00010921168878445139
0.00010921168155337128
0.00010921168842492618
0.00010921168946136832
0.0001092116794659058
0.00010921169067118516
0.00010921168926535118
0.00010921168933901936
0.00010921168906094901
0.00010921169585700397
0.00010921169782142001
0.00010921169014146696
9.631084607100589e-05
9.631084607100589e-05
9.631086097964946e-05
9.631085009215938e-05
9.631084617428294e-05
9.631084754927323e-05
9.63108465789614e-05
9.63108397730492e-05
9.631084675293784e-05
9.631084720904114e-05
9.6310838035587e-05
9.631084890600835e-05
9.63108468606184e-05
9.631084690888103e-05
9.631084654656232e-05
9.63108526796738e-05
9.631085431646064e-05
9.63108473736897e-05
5.4870928226623706e-05
5.4870928226623706e-05
5.487093445456994e-05
5.487092999443593e-05
5.487092858489078e-05
5.487093005500505e-05
5.487092940733516e-05
5.487092419360035e-05
5.487093067011986e-05
5.487092999741718e-05
5.487092403957954e-05
5.487093244337956e-05
5.4870929469017155e-05
5.487092951695623e-05
5.4870928968450926e-05
5.487093247137317e-05
5.4870932622886126e-05
5.487092904788798e-05
4.1727863215661164e-05
4.1727863215661164e-05
4.1727859692499516e-05
4.172786234370729e-05
4.172786332701676e-05
4.1727864873599254e-05
4.172786460292162e-05
4.172786082817143e-05
4.1727866483586645e-05
4.172786518808827e-05
4.172786217124648e-05
4.172786786101878e-05
4.172786464708722e-05
4.172786472541958e-05
4.172786407772227e-05
4.1727865207059394e-05
4.17278639516861e-05
4.1727863577440815e-05
4.1406335293685275e-05
4.1406335293685275e-05
4.1406331469677664e-05
4.1406334326704304e-05
4.1406335330522535e-05
4.1406336871153005e-05
4.140633660041695e-05
4.140633287200819e-05
4.140633840687442e-05
4.1406337173273124e-05
4.140633424213443e-05
4.1406339723451345e-05
4.140633666402623e-05
4.1406336744731475e-05
4.1406336126257425e-05
4.140633723477751e-05
4.1406335951900105e-05
4.1406335644986376e-05
3.982373577195061e-05
3.982373577195061e-05
3.982373200907514e-05
3.98237348072763e-05
3.982373573936394e-05
3.982373724822506e-05
3.9823736895722584e-05
3.9823733387939e-05
3.98237385129112e-05
3.982373737072399e-05
3.982373480880792e-05
3.9823739520786786e-05
3.982373693715086e-05
3.9823737007317495e-05
3.982373651511869e-05
3.982373759228998e-05
3.9823736251103576e-05
3.982373609772711e-05
3.467136320729675e-05
3.467136320729675e-05
3.467136104664676e-05
3.467136267428956e-05
3.4671363200483016e-05
3.4671364567965105e-05
3.467136377486149e-05
3.467136131152308e-05
3.467136478266947e-05
3.467136377176994e-05
3.467136293463542e-05
3.467136439130712e-05
3.467136358046156e-05
3.467136358001357e-05
3.4671363623032117e-05
3.467136452805896e-05
3.467136294906273e-05
3.467136342740218e-05
3.2823833245468914e-05
3.2823833245468914e-05
3.282383322556677e-05
3.282383331350034e-05
3.282383339390726e-05
3.282383461424804e-05
3.282383333882125e-05
3.282383198463411e-05
3.2823833806492445e-05
3.282383282877327e-05
3.2823833812426914e-05
3.2823831971193524e-05
3.282383285070195e-05
3.282383276991471e-05
3.282383335070729e-05
3.282383405588656e-05
3.282383223506856e-05
3.282383335766681e-05
3.278719234653535e-05
3.278719234653535e-05
3.2787192435111055e-05
3.27871924481879e-05
3.278719251877692e-05
3.278719373608498e-05
3.2787192452483484e-05
3.2787191115843565e-05
3.278719292751247e-05
3.278719193863453e-05
3.278719294490236e-05
3.278719109104899e-05
3.27871919558121e-05
3.27871918746593e-05
3.2787192453622676e-05
3.278719315134135e-05
3.278719132886154e-05
3.278719245756899e-05
3.259668784659818e-05
3.259668784659818e-05
3.259668805146976e-05
3.259668798319206e-05
3.2596688039870627e-05
3.259668924729232e-05
3.259668796404882e-05
3.259668664705867e-05
3.259668843160831e-05
3.259668746615732e-05
3.259668847566725e-05
3.259668666504322e-05
3.259668747633154e-05
3.259668740401484e-05
3.259668795645279e-05
3.259668864071231e-05
3.259668681857236e-05
3.259668795546065e-05
3.169226201778691e-05
3.169226201778691e-05
3.169226235900861e-05
3.169226218694519e-05
3.169226219868775e-05
3.1692263357442734e-05
3.1692262105300904e-05
3.169226085039312e-05
3.169226245675914e-05
3.1692261704868735e-05
3.169226267750694e-05
3.169226105685939e-05
3.169226171166599e-05
3.169226169177336e-05
3.169226211868613e-05
3.169226275827259e-05
3.169226093777055e-05
3.1692262115724695e-05
2.8335592023371853e-05
2.8335592023371853e-05
2.8335592555212535e-05
2.833559220173039e-05
2.833559202660537e-05
2.8335592957290228e-05
2.8335591878943893e-05
2.8335590883191086e-05
2.8335591607748327e-05
2.8335591945317482e-05
2.83355927048369e-05
2.833559191617358e-05
2.8335591970395438e-05
2.8335592201622456e-05
2.8335592057170514e-05
2.8335592511354588e-05
2.8335590697894738e-05
2.833559206985634e-05
2.5791792563557113e-05
2.5791792563557113e-05
2.5791793192752776e-05
2.5791792675878225e-05
2.5791792163869258e-05
2.5791792662573025e-05
2.57917919327592e-05
2.579179140520351e-05
2.5791790454615063e-05
2.57917928766715e-05
2.579179321576063e-05
2.579179394617234e-05
2.5791792955672977e-05
2.5791793659053148e-05
2.5791792457343735e-05
2.5791792578628244e-05
2.579179078102091e-05
2.5791792513798728e-05
2.5728653063694392e-05
2.5728653063694392e-05
2.5728653639657243e-05
2.5728653157613612e-05
2.572865264389508e-05
2.57286531316252e-05
2.572865241790009e-05
2.572865189300472e-05
2.57286509220425e-05
2.5728653370796372e-05
2.5728653701367466e-05
2.57286544389112e-05
2.5728653454241985e-05
2.5728654162407343e-05
2.5728652953303397e-05
2.5728653074085277e-05
2.5728651280434126e-05
2.5728653013146305e-05
2.5404045544257387e-05
2.5404045544257387e-05
2.5404046045118337e-05
2.5404045613355625e-05
2.5404045101838825e-05
2.540404555949512e-05
2.5404044895786707e-05
2.5404044368556534e-05
2.5404043424941475e-05
2.540404583325933e-05
2.5404046164866095e-05
2.540404686917609e-05
2.540404592012304e-05
2.5404046619578402e-05
2.5404045433350905e-05
2.5404045562268933e-05
2.5404043789483855e-05
2.540404549615393e-05
2.390451744515383e-05
2.390451744515383e-05
2.390451784377581e-05
2.3904517479584225e-05
2.390451697155385e-05
2.3904517289159983e-05
2.390451684905198e-05
2.390451631979426e-05
2.3904515573359752e-05
2.3904517687646274e-05
2.39045180555223e-05
2.3904518604555536e-05
2.3904517769379692e-05
2.3904518413395254e-05
2.3904517349951324e-05
2.3904517511178893e-05
2.390451584195504e-05
2.390451741125659e-05
1.907829787751015e-05
1.907829787751015e-05
1.9078298106646504e-05
1.907829784994893e-05
1.907829734600441e-05
1.9078297036712158e-05
1.9078297582460094e-05
1.9078297060678782e-05
1.9078297248865512e-05
1.907829796142956e-05
1.9078298521547274e-05
1.9078298398555678e-05
1.907829799675412e-05
1.90782983830558e-05
1.9078297871025937e-05
1.9078298165739456e-05
1.9078296964696495e-05
1.9078297908863684e-05
1.739717874669327e-05
1.739717874669327e-05
1.7397178926639912e-05
1.739717869607136e-05
1.7397178191882083e-05
1.7397177246455417e-05
1.7397178785345743e-05
1.7397178280092067e-05
1.739717943578931e-05
1.7397178691147917e-05
1.73971794592147e-05
1.739717866497846e-05
1.7397178669082038e-05
1.7397178789854307e-05
1.7397178837834146e-05
1.7397179263791172e-05
1.7397178541456413e-05
1.739717884507408e-05
1.7378232034768446e-05
1.7378232034768446e-05
1.737823223988018e-05
1.737823199252646e-05
1.7378231488305367e-05
1.7378230541231578e-05
1.7378232080697086e-05
1.737823157876404e-05
1.737823274031544e-05
1.737823198309507e-05
1.737823275509686e-05
1.7378231960127167e-05
1.737823195833983e-05
1.7378232076956877e-05
1.7378232127699473e-05
1.7378232554109604e-05
1.7378231835772326e-05
1.7378232133748986e-05
1.728265455605179e-05
1.728265455605179e-05
1.7282654788114678e-05
1.728265452411394e-05
1.7282654024420807e-05
1.728265308650013e-05
1.728265460709272e-05
1.7282654115572073e-05
1.7282655264239097e-05
1.7282654509720708e-05
1.7282655286198403e-05
1.728265449533281e-05
1.7282654480979145e-05
1.728265459845304e-05
1.728265464908293e-05
1.7282655078836057e-05
1.7282654366859477e-05
1.7282654655865902e-05
1.6822068891549545e-05
1.6822068891549545e-05
1.682206913628003e-05
1.682206887177594e-05
1.6822068400001784e-05
1.6822067509070145e-05
1.682206894024343e-05
1.6822068493002966e-05
1.6822069556653717e-05
1.6822068850535813e-05
1.6822069636973565e-05
1.6822068855609124e-05
1.682206881180376e-05
1.6822068927264608e-05
1.6822068977382497e-05
1.682206942874526e-05
1.682206874602058e-05
1.682206899485854e-05
1.4926080848901039e-05
1.4926080848901039e-05
1.4926081023945292e-05
1.4926080845204824e-05
1.4926080512259448e-05
1.4926079845003929e-05
1.4926080857705269e-05
1.4926080613387951e-05
1.4926081252530983e-05
1.4926080810061468e-05
1.4926081631065457e-05
1.4926080881603909e-05
1.4926080734095057e-05
1.4926080843109753e-05
1.4926080892502168e-05
1.4926081452235706e-05
1.4926080907870182e-05
1.4926080968291661e-05
1.2181354986264165e-05
1.2181354986264165e-05
1.2181354812882777e-05
1.218135499724371e-05
1.2181355126809074e-05
1.2181355196041197e-05
1.2181354837663202e-05
1.2181355253854677e-05
1.2181354478131636e-05
1.2181354933364567e-05
1.2181355854960708e-05
1.2181355199485263e-05
1.2181354744313285e-05
1.2181354834932774e-05
1.2181354883628996e-05
1.2181355803806642e-05
1.2181355714743215e-05
1.2181355157789545e-05
1.2169627708448166e-05
1.2169627708448166e-05
1.2169627509258658e-05
1.216962771134559e-05
1.2169627842736291e-05
1.2169627913269723e-05
1.2169627554196595e-05
1.216962796932131e-05
1.21696271885482e-05
1.2169627651014361e-05
1.216962856842953e-05
1.2169627912072555e-05
1.2169627463894771e-05
1.2169627555119857e-05
1.216962760414582e-05
1.2169628524185092e-05
1.2169628436181222e-05
1.216962787955232e-05
1.2111213916816359e-05
1.2111213916816359e-05
1.2111213690746741e-05
1.2111213910832805e-05
1.2111214041918932e-05
1.2111214111316824e-05
1.211121375768863e-05
1.2111214166250213e-05
1.2111213390291846e-05
1.2111213854417552e-05
1.2111214759070224e-05
1.21112141079654e-05
1.2111213670386394e-05
1.21112137625402e-05
1.2111213811770306e-05
1.211121472263334e-05
1.2111214635749354e-05
1.2111214085562847e-05
1.183178482339459e-05
1.183178482339459e-05
1.1831784577556697e-05
1.183178480982901e-05
1.1831784933941621e-05
1.1831784997466284e-05
1.1831784665139439e-05
1.1831785047504098e-05
1.1831784313428237e-05
1.1831784756591416e-05
1.1831785608732421e-05
1.1831784995680276e-05
1.1831784578988338e-05
1.1831784673117551e-05
1.1831784721684025e-05
1.1831785581697591e-05
1.183178550079724e-05
1.1831784980817444e-05
1.0729821440918343e-05
1.0729821440918343e-05
1.0729821225589862e-05
1.0729821431385404e-05
1.0729821516824769e-05
1.0729821552699753e-05
1.0729821314073914e-05
1.0729821580005618e-05
1.0729821062671196e-05
1.0729821375394973e-05
1.0729821991440212e-05
1.0729821571173935e-05
1.0729821218404138e-05
1.0729821319002533e-05
1.0729821362564018e-05
1.0729821976834896e-05
1.072982192486864e-05
1.072982154530708e-05
9.539391832699087e-06
9.539391832699087e-06
9.539391791150796e-06
9.539391864335009e-06
9.539391846795372e-06
9.539391812296742e-06
9.539391807049835e-06
9.539391781981345e-06
9.539391831577751e-06
9.53939178755137e-06
9.539391811255212e-06
9.539391892259898e-06
9.539391675607901e-06
9.539391790557113e-06
9.539391819771178e-06
9.539391803534676e-06
9.539391825832901e-06
9.539391802302263e-06
9.539201201231531e-06
9.539201201231531e-06
9.539201180711824e-06
9.53920123963188e-06
9.539201221114982e-06
9.539201186625747e-06
9.539201180224404e-06
9.53920115637855e-06
9.539201209247427e-06
9.539201159824126e-06
9.53920118548864e-06
9.539201268656856e-06
9.539201046335851e-06
9.539201160904977e-06
9.53920118962505e-06
9.539201172351102e-06
9.539201194785709e-06
9.539201170897054e-06
9.538152561272679e-06
9.538152561272679e-06
9.538152587485211e-06
9.538152614718747e-06
9.538152594081472e-06
9.538152559632319e-06
9.538152550575163e-06
9.538152529597486e-06
9.538152589595179e-06
9.53815252815121e-06
9.538152558369777e-06
9.538152645763438e-06
9.538152411638024e-06
9.538152525781025e-06
9.538152552690025e-06
9.538152533200574e-06
9.538152555968095e-06
9.538152531121145e-06
9.532643312946097e-06
9.532643312946097e-06
9.532643450163805e-06
9.532643402187012e-06
9.532643376712903e-06
9.532643342412397e-06
9.532643326741714e-06
9.532643313151242e-06
9.532643389688195e-06
9.532643299369382e-06
9.532643341023423e-06
9.53264343583326e-06
9.532643177745041e-06
9.532643292976457e-06
9.532643312015056e-06
9.532643287339451e-06
9.532643311090375e-06
9.532643283369914e-06
9.50689652689403e-06
9.50689652689403e-06
9.506896937233328e-06
9.506896704488193e-06
9.506896668118709e-06
9.506896634452929e-06
9.506896600975112e-06
9.506896608450305e-06
9.506896723697074e-06
9.506896560716642e-06
9.506896633615144e-06
9.506896733486259e-06
9.506896436953477e-06
9.506896565427345e-06
9.506896547152792e-06
9.506896510097811e-06
9.506896537236657e-06
9.506896499441926e-06
9.453827295373036e-06
9.453827295373036e-06
9.453828093642371e-06
9.453827599619948e-06
9.453827551907425e-06
9.453827520247887e-06
9.453827455169356e-06
9.453827504446162e-06
9.453827666513795e-06
9.45382739368926e-06
9.453827523738287e-06
9.453827576597716e-06
9.453827309794255e-06
9.453827500484214e-06
9.453827355458353e-06
9.453827302373472e-06
9.45382733830028e-06
9.453827273850734e-06
9.4422316221386e-06
9.4422316221386e-06
9.442232138258887e-06
9.442231836213979e-06
9.442231803684465e-06
9.44223177241832e-06
9.442231719740686e-06
9.442231758550568e-06
9.442231872865559e-06
9.442231668802803e-06
9.442231778709919e-06
9.442231774822986e-06
9.442231627905763e-06
9.442231846151503e-06
9.442231669599278e-06
9.442231630764672e-06
9.442231666965493e-06
9.442231601191728e-06
9.43678566067119e-06
9.43678566067119e-06
9.436785707518564e-06
9.43678572411245e-06
9.436785714484392e-06
9.43678568324271e-06
9.436785654780658e-06
9.436785669426669e-06
9.436785708951623e-06
9.436785623043714e-06
9.436785692177638e-06
9.436785624742554e-06
9.4367856292626e-06
9.436785868612304e-06
9.436785681626257e-06
9.436785665586913e-06
9.436785699973843e-06
9.436785639025784e-06
9.436411289076199e-06
9.436411289076199e-06
9.436411247805364e-06
9.436411324133281e-06
9.436411318455005e-06
9.43641128712218e-06
9.436411263744284e-06
9.436411272851776e-06
9.436411299009209e-06
9.436411235870251e-06
9.436411296254984e-06
9.436411221478086e-06
9.436411247316114e-06
9.436411486899553e-06
9.43641130427074e-06
9.436411292346198e-06
9.436411326043703e-06
9.436411267055163e-06
9.435888112211673e-06
9.435888112211673e-06
9.435887991078394e-06
9.435888121517743e-06
9.43588811932835e-06
9.43588808788453e-06
9.435888069256984e-06
9.435888073097482e-06
9.435888087286477e-06
9.435888044968104e-06
9.435888097123369e-06
9.435888016869602e-06
9.435888060248038e-06
9.435888298994026e-06
9.435888122057007e-06
9.43588811375868e-06
9.435888146720478e-06
9.43588808979155e-06
9.434511374020252e-06
9.434511374020252e-06
9.434511131357535e-06
9.434511344129855e-06
9.434511347218777e-06
9.434511315587613e-06
9.434511304245462e-06
9.434511300016677e-06
9.43451129597248e-06
9.434511285483706e-06
9.43451132497288e-06
9.434511236753245e-06
9.434511306377517e-06
9.43451154328919e-06
9.434511375865384e-06
9.434511372902446e-06
9.434511404656697e-06
9.434511350984496e-06
9.430781461458172e-06
9.430781461458172e-06
9.430781022749273e-06
9.430781368325285e-06
9.430781379899702e-06
9.430781347931962e-06
9.430781348411833e-06
9.430781331171221e-06
9.430781297560305e-06
9.43078133871608e-06
9.430781357558363e-06
9.430781256778708e-06
9.430781368621177e-06
9.4307816016526e-06
9.430781450881292e-06
9.430781456069062e-06
9.430781485695484e-06
9.430781437443531e-06
9.421039746597239e-06
9.421039746597239e-06
9.421039000986638e-06
9.421039554432085e-06
9.42103957922593e-06
9.421039546645188e-06
9.421039565794583e-06
9.42103952823192e-06
9.42103944791292e-06
9.421039570672438e-06
9.421039556671872e-06
9.421039436829577e-06
9.42103961469039e-06
9.421039839377335e-06
9.421039717858505e-06
9.421039734625299e-06
9.42103976046459e-06
9.42103972109554e-06
9.396379654050408e-06
9.396379654050408e-06
9.396378448749102e-06
9.396379313475777e-06
9.396379357905482e-06
9.396379324182782e-06
9.39637937171626e-06
9.39637930384548e-06
9.39637915245809e-06
9.396379399414857e-06
9.396379334870723e-06
9.39637918800372e-06
9.396379464615005e-06
9.396379670913296e-06
9.396379601461612e-06
9.396379632495991e-06
9.396379651476157e-06
9.396379626441395e-06
9.33867920664998e-06
9.33867920664998e-06
9.338677403031047e-06
9.338678672716891e-06
9.338678742276548e-06
9.338678706486394e-06
9.338678792053911e-06
9.338678685077426e-06
9.338678438313398e-06
9.338678852030805e-06
9.338678718195684e-06
9.338678540115989e-06
9.338678944919575e-06
9.338679111991202e-06
9.33867913172935e-06
9.338679173346074e-06
9.338679180316779e-06
9.338679176610473e-06
9.225345305667083e-06
9.225345305667083e-06
9.225343001577123e-06
9.225344609488203e-06
9.225344698947048e-06
9.225344659902988e-06
9.225344780145086e-06
9.225344641356382e-06
9.2253443072667e-06
9.225344873878637e-06
9.225344672887976e-06
9.225344479092726e-06
9.225344990240196e-06
9.225345084380366e-06
9.225345234916319e-06
9.225345264432115e-06
9.22534525327123e-06
9.225345274414251e-06
9.072428802707631e-06
9.072428802707631e-06
9.072426686932908e-06
9.072428166026723e-06
9.072428244578237e-06
9.072428202107795e-06
9.072428318029162e-06
9.07242819395077e-06
9.072427869699144e-06
9.072428419673188e-06
9.072428215897666e-06
9.072428059719727e-06
9.07242852815508e-06
9.072428527351437e-06
9.072428800084298e-06
9.072428770244418e-06
9.07242874123742e-06
9.072428774412115e-06
8.967461248973251e-06
8.967461248973251e-06
8.967460175783844e-06
8.967460947643782e-06
8.96746097892159e-06
8.967460935314706e-06
8.96746099385386e-06
8.967460940710043e-06
8.967460759198987e-06
8.967461060254758e-06
8.96746094863279e-06
8.967460879151004e-06
8.967461121458731e-06
8.967461064301691e-06
8.967461356264924e-06
8.967461242883235e-06
8.967461209662559e-06
8.967461227461965e-06
8.940945458344865e-06
8.940945458344865e-06
8.940945233793203e-06
8.940945430608193e-06
8.940945424786668e-06
8.940945382131004e-06
8.94094539044314e-06
8.9409453939323e-06
8.940945337897437e-06
8.940945419840384e-06
8.940945394545208e-06
8.94094538284321e-06
8.940945442176419e-06
8.940945388526431e-06
8.940945626966284e-06
8.940945471389288e-06
8.94094544468689e-06
8.940945441347751e-06
8.9394661986458e-06
8.9394661986458e-06
8.939466182676255e-06
8.939466238292149e-06
8.939466223659018e-06
8.939466181653266e-06
8.939466176841176e-06
8.939466194004035e-06
8.939466170871494e-06
8.939466195297883e-06
8.939466193728302e-06
8.93946619339339e-06
8.939466207994695e-06
8.939466166160764e-06
8.939466376077216e-06
8.939466215878288e-06
8.939466192979726e-06
8.939466182535619e-06
8.939502624239147e-06
8.939502624239147e-06
8.939502624293262e-06
8.939502669090419e-06
8.939502653845844e-06
8.939502611977684e-06
8.939502605994765e-06
8.939502624155635e-06
8.939502603987573e-06
8.939502623220873e-06
8.939502624000028e-06
8.939502623943556e-06
8.939502635158213e-06
8.939502596543362e-06
8.939502801000552e-06
8.939502641687809e-06
8.939502619540001e-06
8.939502608151364e-06
8.939373528173597e-06
8.939373528173597e-06
8.93937354505247e-06
8.939373578504088e-06
8.939373562655642e-06
8.93937352098028e-06
8.939373513682112e-06
8.939373532860433e-06
8.939373516051808e-06
8.939373529397798e-06
8.939373532927801e-06
8.939373532841307e-06
8.939373540525214e-06
8.939373506573686e-06
8.939373703422903e-06
8.939373545798044e-06
8.939373524678493e-06
8.9393735120869e-06
8.938617158720706e-06
8.938617158720706e-06
8.938617200979076e-06
8.938617217315885e-06
8.938617200571585e-06
8.9386171591995e-06
8.93861714990489e-06
8.93861717060615e-06
8.938617158943768e-06
8.938617163277721e-06
8.938617171016709e-06
8.93861717081626e-06
8.938617173174972e-06
8.9386171466113e-06
8.938617331310885e-06
8.938617176615212e-06
8.938617157075466e-06
8.938617142637051e-06
8.93593723983058e-06
8.93593723983058e-06
8.935937322886486e-06
8.93593731170051e-06
8.935937293533418e-06
8.935937252652008e-06
8.935937240169878e-06
8.93593726330596e-06
8.935937259975076e-06
8.935937249739018e-06
8.935937264223422e-06
8.935937263859211e-06
8.93593725764324e-06
8.935937243104397e-06
8.935937407613098e-06
8.935937258206854e-06
8.935937241128889e-06
8.935937223770605e-06
8.927940081054703e-06
8.927940081054703e-06
8.927940228300603e-06
8.927940173781072e-06
8.927940153416107e-06
8.927940113309226e-06
8.927940095879058e-06
8.927940122814889e-06
8.927940132717212e-06
8.927940099391445e-06
8.927940124401219e-06
8.92794012386866e-06
8.927940104120718e-06
8.927940108737315e-06
8.927940239975058e-06
8.927940100319854e-06
8.927940086883155e-06
8.927940065083886e-06
8.90606199721729e-06
8.90606199721729e-06
8.906062241881517e-06
8.906062121518437e-06
8.90606209792336e-06
8.906062058997436e-06
8.906062034235234e-06
8.906062066856983e-06
8.906062097162911e-06
8.906062028372e-06
8.906062069120106e-06
8.906062068572632e-06
8.906062028180763e-06
8.90606206245647e-06
8.906062139314652e-06
8.906062018174324e-06
8.906062009652268e-06
8.906061981517786e-06
8.851600975597328e-06
8.851600975597328e-06
8.851601352315038e-06
8.851601142495344e-06
8.85160111479653e-06
8.851601077485633e-06
8.851601043247218e-06
8.851601083365872e-06
8.851601142162914e-06
8.851601024197588e-06
8.85160108566455e-06
8.851601085724916e-06
8.851601017070624e-06
8.851601093076584e-06
8.851601086102715e-06
8.851600999741551e-06
8.851600996286978e-06
8.851600960620169e-06
8.735806396293517e-06
8.735806396293517e-06
8.735806900740294e-06
8.735806603859188e-06
8.73580657291159e-06
8.735806537200255e-06
8.735806495009077e-06
8.735806541826698e-06
8.735806630367725e-06
8.735806461952837e-06
8.735806541847461e-06
8.735806544142934e-06
8.735806447420143e-06
8.735806567792119e-06
8.73580645319508e-06
8.73580642586405e-06
8.735806423129874e-06
8.73580638294479e-06
8.556141128926061e-06
8.556141128926061e-06
8.556141633826797e-06
8.556141335098268e-06
8.556141306213046e-06
8.55614127061551e-06
8.556141231887724e-06
8.556141277138463e-06
8.556141372077392e-06
8.556141195178036e-06
8.556141270496766e-06
8.556141277540655e-06
8.55614117861257e-06
8.55614131066172e-06
8.55614111930246e-06
8.556141165260612e-06
8.556141150495745e-06
8.556141118259084e-06
8.39912662962904e-06
8.39912662962904e-06
8.399126919258276e-06
8.399126764308808e-06
8.399126744879254e-06
8.399126706794144e-06
8.399126688170886e-06
8.39912671907721e-06
8.399126775963856e-06
8.399126668151283e-06
8.39912670350521e-06
8.399126715879321e-06
8.399126660216495e-06
8.399126739600777e-06
8.399126583034253e-06
8.399126669761623e-06
8.399126630690173e-06
8.399126621353043e-06
8.34209912698347e-06
8.34209912698347e-06
8.342099186730061e-06
8.34209918645453e-06
8.3420991755895e-06
8.342099134769239e-06
8.342099135034258e-06
8.342099151796354e-06
8.342099163399593e-06
8.342099135500863e-06
8.342099131608801e-06
8.342099146170004e-06
8.34209913826559e-06
8.342099152896675e-06
8.342099089931163e-06
8.34209916618518e-06
8.34209911005406e-06
8.342099119282596e-06
8.336537907721633e-06
8.336537907721633e-06
8.336537894335263e-06
8.33653794351951e-06
8.336537935036521e-06
8.336537893330006e-06
8.3365378990272e-06
8.336537911549441e-06
8.336537907710754e-06
8.33653790660597e-06
8.336537890996288e-06
8.33653790546867e-06
8.336537913106007e-06
8.336537905235154e-06
8.336537884651839e-06
8.336537945510985e-06
8.336537885944064e-06
8.336537899761345e-06
8.337057647215325e-06
8.337057647215325e-06
8.337057629051459e-06
8.337057681518482e-06
8.337057673119762e-06
8.337057631353669e-06
8.337057637285662e-06
8.33705764958225e-06
8.33705764452259e-06
8.337057645452458e-06
8.337057629238168e-06
8.337057643539939e-06
8.337057652265513e-06
8.337057642529747e-06
8.337057627327142e-06
8.337057684678062e-06
8.337057625304764e-06
8.337057639145669e-06
8.337205950340258e-06
8.337205950340258e-06
8.33720593245306e-06
8.337205984744196e-06
8.337205976319495e-06
8.337205934558289e-06
8.337205940441205e-06
8.337205952762828e-06
8.337205947715103e-06
8.337205948609942e-06
8.337205932479368e-06
8.337205946740635e-06
8.337205955425267e-06
8.33720594568191e-06
8.337205930925827e-06
8.337205987750364e-06
8.337205928493443e-06
8.337205942249248e-06
8.337661766467186e-06
8.337661766467186e-06
8.337661749801288e-06
8.33766180130157e-06
8.33766179277665e-06
8.337661751044355e-06
8.33766175673513e-06
8.337661769145169e-06
8.337661764207734e-06
8.337661764885506e-06
8.337661749095982e-06
8.337661763205898e-06
8.337661771696797e-06
8.337661762004554e-06
8.337661748637165e-06
8.337661803684416e-06
8.337661744870613e-06
8.337661758299373e-06
8.338103471933276e-06
8.338103471933276e-06
8.338103456856978e-06
8.338103507318697e-06
8.338103498660574e-06
8.338103456985785e-06
8.338103462422188e-06
8.33810347491615e-06
8.338103470155289e-06
8.338103470548151e-06
8.338103455220414e-06
8.338103469109988e-06
8.338103477356745e-06
8.338103467728428e-06
8.338103456120234e-06
8.33810350886745e-06
8.338103450687118e-06
8.338103463658287e-06
8.338502088686508e-06
8.338502088686508e-06
8.33850207644482e-06
8.33850212503141e-06
8.338502116123889e-06
8.338502074607804e-06
8.338502079571702e-06
8.338502092129905e-06
8.33850208776557e-06
8.338502087659626e-06
8.338502073215221e-06
8.33850208663638e-06
8.338502094474511e-06
8.338502084930503e-06
8.338502076471163e-06
8.338502125011896e-06
8.338502068145473e-06
8.338502080194727e-06
8.338135346010892e-06
8.338135346010892e-06
8.338135338139269e-06
8.338135383776344e-06
8.338135374453486e-06
8.338135333325417e-06
8.338135337511638e-06
8.338135349951343e-06
8.338135346405e-06
8.338135345555874e-06
8.338135332627219e-06
8.338135345132312e-06
8.338135352409303e-06
8.338135342916538e-06
8.338135339361488e-06
8.338135381130418e-06
8.338135326763071e-06
8.338135337118638e-06
8.335020913222658e-06
8.335020913222658e-06
8.335020912249035e-06
8.33502095307687e-06
8.33502094301763e-06
8.335020902877232e-06
8.335020905706988e-06
8.335020917390259e-06
8.335020915675923e-06
8.335020913721554e-06
8.335020903588626e-06
8.335020914139946e-06
8.335020920711412e-06
8.335020911092994e-06
8.335020915412176e-06
8.33502094573894e-06
8.335020896556098e-06
8.335020903524824e-06
8.324188013645472e-06
8.324188013645472e-06
8.324188022566231e-06
8.324188056101314e-06
8.324188044778247e-06
8.324188007018538e-06
8.324188007571344e-06
8.324188016706774e-06
8.324188019009708e-06
8.324188015644271e-06
8.324188010557296e-06
8.324188017001538e-06
8.324188023024032e-06
8.324188012694779e-06
8.32418802865055e-06
8.32418804062956e-06
8.324188002068454e-06
8.324188002346455e-06
8.295898416146781e-06
8.295898416146781e-06
8.295898436529877e-06
8.295898460606245e-06
8.295898447287467e-06
8.295898414754695e-06
8.295898411821269e-06
8.29589841425863e-06
8.295898424774012e-06
8.295898420220283e-06
8.29589842363173e-06
8.295898421976782e-06
8.295898428549082e-06
8.29589841603742e-06
8.2958984463497e-06
8.295898432116801e-06
8.295898414018392e-06
8.295898401851474e-06
8.242206561300369e-06
8.242206561300369e-06
8.242206587216728e-06
8.24220660408638e-06
8.24220658841479e-06
8.242206564858371e-06
8.242206558024452e-06
8.242206547436596e-06
8.242206571217156e-06
8.242206567256425e-06
8.2422065817039e-06
8.242206567406392e-06
8.242206577343193e-06
8.242206560226409e-06
8.242206599758223e-06
8.24220655991724e-06
8.24220657301809e-06
8.242206542575577e-06
8.180334951498462e-06
8.180334951498462e-06
8.18033496672509e-06
8.180334986674489e-06
8.180334969843361e-06
8.180334955442587e-06
8.180334947038519e-06
8.180334921408632e-06
8.180334957751266e-06
8.180334957435057e-06
8.180334979031441e-06
8.18033495330099e-06
8.180334969462673e-06
8.180334946659794e-06
8.180334977779742e-06
8.1803349342185e-06
8.180334974591091e-06
8.180334929082494e-06
8.146696730811614e-06
8.146696730811614e-06
8.146696727385281e-06
8.146696757998997e-06
8.146696741928297e-06
8.146696730574982e-06
8.146696723873905e-06
8.146696691614707e-06
8.146696731243208e-06
8.146696734949038e-06
8.146696755128416e-06
8.146696726944499e-06
8.146696747758963e-06
8.146696722150113e-06
8.146696734005555e-06
8.146696709907473e-06
8.146696755150305e-06
8.146696707931513e-06
8.140218420885868e-06
8.140218420885868e-06
8.140218408861248e-06
8.14021844537841e-06
8.140218430178276e-06
8.140218417815494e-06
8.140218412729051e-06
8.140218381078552e-06
8.140218418741013e-06
8.140218423864082e-06
8.140218440795674e-06
8.140218414748939e-06
8.140218436547963e-06
8.140218410975307e-06
8.140218413093975e-06
8.14021840281535e-06
8.140218442324262e-06
8.140218398908382e-06
8.14026754061946e-06
8.14026754061946e-06
8.140267527511881e-06
8.14026756497112e-06
8.140267549985588e-06
8.140267537009555e-06
8.14026753229352e-06
8.140267501458869e-06
8.140267538171684e-06
8.140267543384987e-06
8.140267559384414e-06
8.140267534266008e-06
8.140267555954614e-06
8.140267530655212e-06
8.140267531374861e-06
8.140267523814077e-06
8.140267560991864e-06
8.140267518981056e-06
8.140392225398258e-06
8.140392225398258e-06
8.140392212239727e-06
8.140392249785373e-06
8.140392234832667e-06
8.140392221723812e-06
8.140392217060928e-06
8.14039218642431e-06
8.1403922229409e-06
8.140392228139202e-06
8.14039224398209e-06
8.140392219049638e-06
8.140392240681956e-06
8.14039221545402e-06
8.1403922160707e-06
8.140392208848161e-06
8.140392245569357e-06
8.140392203824678e-06
8.140725463471334e-06
8.140725463471334e-06
8.140725450211244e-06
8.14072548797259e-06
8.140725473110686e-06
8.140725459626111e-06
8.14072545510728e-06
8.140725425041794e-06
8.140725461000151e-06
8.140725466146529e-06
8.140725481554072e-06
8.14072545714909e-06
8.140725478611007e-06
8.140725453592467e-06
8.140725453963395e-06
8.140725447644993e-06
8.140725483075043e-06
8.140725442081738e-06
8.141058050431373e-06
8.141058050431373e-06
8.141058037043855e-06
8.141058075080549e-06
8.141058060339877e-06
8.141058046363134e-06
8.141058042032134e-06
8.141058012730239e-06
8.14105804794435e-06
8.141058053018105e-06
8.141058067849129e-06
8.14105804414704e-06
8.141058065375611e-06
8.141058040642649e-06
8.141058040695722e-06
8.141058035567018e-06
8.141058069280623e-06
8.141058029288898e-06
8.14133617615284e-06
8.14133617615284e-06
8.141336162544753e-06
8.141336201047732e-06
8.141336186524334e-06
8.141336171696397e-06
8.141336167690148e-06
8.141336139750155e-06
8.141336173640092e-06
8.141336178578275e-06
8.141336192391026e-06
8.141336169938951e-06
8.141336190738634e-06
8.141336166529869e-06
8.141336166027216e-06
8.141336162992849e-06
8.141336193663644e-06
8.141336155455585e-06
8.140991387800825e-06
8.140991387800825e-06
8.140991373853207e-06
8.140991413043181e-06
8.140991398871089e-06
8.140991382745026e-06
8.140991379234202e-06
8.140991353478237e-06
8.140991385252329e-06
8.140991389958323e-06
8.14099140216228e-06
8.140991381706322e-06
8.14099140178642e-06
8.140991378455789e-06
8.140991377087117e-06
8.140991377346079e-06
8.140991403182534e-06
8.140991367829088e-06
8.138408740033614e-06
8.138408740033614e-06
8.138408725551299e-06
8.138408765740581e-06
8.13840875216632e-06
8.138408734029806e-06
8.138408731286722e-06
8.138408709201297e-06
8.138408737439005e-06
8.13840874171704e-06
8.138408751278958e-06
8.138408734156051e-06
8.13840875294554e-06
8.138408731186618e-06
8.13840872842658e-06
8.138408734053816e-06
8.1384087518813e-06
8.138408721310747e-06
8.129248488222679e-06
8.129248488222679e-06
8.129248472950182e-06
8.129248514396922e-06
8.129248501824491e-06
8.129248480806985e-06
8.129248479165316e-06
8.129248463117674e-06
8.129248485586992e-06
8.129248489067166e-06
8.129248494436828e-06
8.129248482742577e-06
8.12924849920687e-06
8.129248480272026e-06
8.12924847538258e-06
8.129248489425649e-06
8.129248494367108e-06
8.129248471627594e-06
8.102941969757906e-06
8.102941969757906e-06
8.102941953444316e-06
8.102941995955656e-06
8.102941985022665e-06
8.102941960452557e-06
8.10294196017253e-06
8.102941953735707e-06
8.102941967141147e-06
8.102941969123564e-06
8.10294196819282e-06
8.102941965008835e-06
8.102941977281572e-06
8.10294196342091e-06
8.102941955528304e-06
8.102941981962243e-06
8.102941967090759e-06
8.102941956728041e-06
8.039453850891995e-06
8.039453850891995e-06
8.039453833636465e-06
8.039453875459623e-06
8.03945386690087e-06
8.039453839794866e-06
8.03945384049714e-06
8.039453847373364e-06
8.039453848496052e-06
8.039453847878066e-06
8.039453839080288e-06
8.039453847382656e-06
8.039453852717172e-06
8.039453847221642e-06
8.039453836060907e-06
8.039453877338271e-06
8.039453836634582e-06
8.039453843212191e-06
7.920881503273667e-06
7.920881503273667e-06
7.920881486238047e-06
7.920881522773521e-06
7.920881516599923e-06
7.920881492324049e-06
7.920881491973306e-06
7.920881510975806e-06
7.920881501498225e-06
7.920881497378843e-06
7.920881483269385e-06
7.92088150138298e-06
7.920881497958332e-06
7.920881502961898e-06
7.92088149074633e-06
7.920881540543215e-06
7.920881479785931e-06
7.920881501353708e-06
7.783373053414203e-06
7.783373053414203e-06
7.783373038671959e-06
7.783373065265708e-06
7.783373059579175e-06
7.783373046249581e-06
7.783373041750959e-06
7.783373060823574e-06
7.783373052534105e-06
7.783373045985612e-06
7.783373035788023e-06
7.783373052573575e-06
7.783373043910934e-06
7.783373055098704e-06
7.783373046964027e-06
7.783373086176383e-06
7.783373032694323e-06
7.78337305341312e-06
7.713778732051413e-06
7.713778732051413e-06
7.713778719918273e-06
7.713778739131765e-06
7.713778731878957e-06
7.71377872938826e-06
7.713778720764892e-06
7.713778728927659e-06
7.71377873170512e-06
7.71377872535683e-06
7.713778724766257e-06
7.713778731029e-06
7.713778723894213e-06
7.713778733135175e-06
7.713778730954563e-06
7.71377874947954e-06
7.713778723090853e-06
7.713778729177425e-06
7.706399194409628e-06
7.706399194409628e-06
7.706399183205402e-06
7.706399200862122e-06
7.706399192474016e-06
7.70639919340232e-06
7.706399183472395e-06
7.706399184756841e-06
7.706399194121285e-06
7.706399188651773e-06
7.706399192886402e-06
7.706399192947482e-06
7.706399188396469e-06
7.706399194497086e-06
7.70639919479353e-06
7.706399203597847e-06
7.706399191981564e-06
7.706399189135354e-06
7.708636299274158e-06
7.708636299274158e-06
7.708636288132681e-06
7.708636305947097e-06
7.708636297340523e-06
7.70863629839176e-06
7.708636288413395e-06
7.708636288498107e-06
7.70863629895729e-06
7.708636293745405e-06
7.708636298650854e-06
7.70863629769024e-06
7.708636293814507e-06
7.708636299102246e-06
7.708636299653724e-06
7.708636307223135e-06
7.708636297863259e-06
7.70863629349961e-06
7.709076006156101e-06
7.709076006156101e-06
7.709075995003178e-06
7.709076012877913e-06
7.709076004263169e-06
7.709076005255326e-06
7.709075995299368e-06
7.70907599535372e-06
7.709076005833426e-06
7.709076000641781e-06
7.70907600554172e-06
7.70907600456319e-06
7.709076000733972e-06
7.709076005966417e-06
7.709076006501095e-06
7.709076014099783e-06
7.709076004754838e-06
7.709076000358242e-06
     fun: 8.066353746905492e-06
     jac: array([ 1.36676590e-08,  3.06931724e-08, -2.70321607e-07,  1.21982112e-07,
       -3.94761628e-07,  1.07959522e-07,  1.50825826e-07, -7.69183544e-08,
       -1.16829142e-08,  5.47162244e-08,  6.92477897e-08, -1.95107077e-08,
       -8.06903699e-09,  5.38110498e-08, -5.23527888e-10, -1.90935452e-07])
 message: 'Optimization terminated successfully.'
    nfev: 1638
     nit: 91
    njev: 91
  status: 0
 success: True
       x: array([ 0.38835327, -0.59877802, -0.20679259,  0.21542805, -0.18216737,
        0.73478948,  0.14805698, -0.24565731, -0.49068431,  0.13790062,
        0.65661228, -0.48876859, -0.57882862, -0.57184565,  0.3272114 ,
       -0.21246927])

========================================================

Final result:
0.3883532718771911
0.3883532718771911
-0.5987780161104708
0.3883532718771911
-0.20679259208521156
0.21542804690020226
-0.18216736722293056
0.7347894756865629
0.1480569770530437
0.1480569770530437
-0.24565730782764378
-0.49068431168097
0.1379006178155541
0.1379006178155541
0.656612280638745
-0.48876859348980556
-0.5788286157818967
0.44787199560464996
-0.5718456485422093
0.3272114049654166
-0.2124692723638111
0.15236783864686795
0.15236783864686795
0.15236783864686795
