19.6314421156
19.6314421156
19.631441611
19.6314414396
19.631442011
19.6314418819
19.6314420156
19.6314416775
19.6314417085
19.6314421642
19.6314409546
19.6314428121
19.6314418351
19.6314407126
19.631442609
19.6314428319
19.6314422051
41871.6997454
4176.19510573
726.306108786
131.787347627
24.7001177799
15.3631703416
15.3631703416
15.3631699069
15.3631699109
15.3631702515
15.363171569
15.3631715894
15.3631712977
15.363171472
15.3631712232
15.363170856
15.3631726617
15.3631704849
15.3631708513
15.3631705476
15.3631705861
15.3631703703
74619.4238096
7452.20341584
1168.09373521
224.630805243
42.0452310635
11.5874940072
11.5874940072
11.5874939675
11.5874943029
11.5874939925
11.5874941868
11.587493975
11.587494238
11.5874944045
11.5874939912
11.5874944228
11.5874938955
11.5874939114
11.5874947903
11.5874934526
11.5874930422
11.587493875
4544.04456502
451.153606584
52.0970097058
11.8479525473
10.9610008966
10.9610008966
10.9610010548
10.9610015016
10.9610009226
10.9610011889
10.9610009271
10.9610012731
10.9610015518
10.9610008762
10.9610014489
10.9610006102
10.9610008782
10.9610017674
10.9610006083
10.961000325
10.9610008264
2980.32731864
295.27413234
32.4401928997
10.6752917591
10.6752917591
10.6752916531
10.6752917969
10.6752917376
10.6752922062
10.6752922322
10.6752920945
10.6752920068
10.6752916834
10.6752925411
10.675291257
10.6752918168
10.6752930602
10.675291409
10.6752910459
10.6752916848
3737.7888746
371.708866266
36.4540433927
10.6061880676
10.3881042799
10.3881042799
10.3881043711
10.3881045614
10.3881042974
10.3881045802
10.3881045696
10.3881046095
10.3881044942
10.3881042847
10.3881051408
10.3881040568
10.3881043534
10.3881056737
10.3881038984
10.3881035286
10.3881042013
1004.09966281
98.1228888075
13.3007290683
9.91712749476
9.91712749476
9.91712763201
9.91712779588
9.917127523
9.91712790497
9.9171279011
9.9171279183
9.91712783141
9.91712751848
9.91712844937
9.91712716649
9.91712769487
9.9171288487
9.91712697256
9.91712666034
9.91712738401
404.328973102
40.7060439881
10.3157857001
9.86339785791
9.86339785791
9.8633979582
9.86339811265
9.86339787645
9.86339823566
9.86339819388
9.86339829595
9.86339823688
9.86339788514
9.86339885713
9.86339752772
9.86339806259
9.86339924146
9.86339734004
9.86339705029
9.86339774921
131.855401521
14.9415058885
9.67018758432
9.67018758432
9.6701877438
9.67018784579
9.67018761775
9.67018799057
9.6701879382
9.67018802185
9.67018794072
9.67018759604
9.67018859347
9.67018725679
9.67018771996
9.67018893185
9.67018707522
9.67018677553
9.6701874793
60.4870566528
10.2179561694
9.38996260053
9.38996260053
9.38996277883
9.38996282846
9.38996263835
9.38996296309
9.38996289884
9.38996299792
9.38996292903
9.38996261347
9.38996349683
9.38996226318
9.38996277883
9.38996385394
9.38996218544
9.38996181174
9.38996251662
69.4152328704
11.4922224726
8.03302081841
8.03302081841
8.03302088047
8.03302100546
8.03302083309
8.03302092484
8.03302079355
8.03302091172
8.03302077913
8.03302074569
8.03302120486
8.03302046644
8.03302090327
8.03302123748
8.03302067656
8.033020506
8.03302079834
235.003207936
27.5838585975
7.53481908217
7.53481908217
7.53481917271
7.53481903292
7.53481909894
7.53481863733
7.53481876068
7.5348187209
7.53481873086
7.53481891136
7.53481858067
7.53481876213
7.5348190036
7.53481843607
7.53481929192
7.53481946371
7.53481912969
19.2541838343
7.55307146506
7.55307146506
7.55307154862
7.55307139852
7.55307148314
7.55307110098
7.55307114865
7.55307113655
7.55307113911
7.55307131909
7.55307095618
7.55307121895
7.55307139659
7.55307085215
7.55307165541
7.55307186535
7.55307150444
12.4930856162
7.29335009871
7.29335009871
7.29335010239
7.29335002968
7.29335009894
7.29334999208
7.2933500188
7.29334999367
7.29335001608
7.29335008546
7.29334984605
7.29335018861
7.29335007519
7.29334975991
7.29335024062
7.29335036083
7.29335012129
7.79264861164
7.06824819421
7.06824819421
7.0682481615
7.06824817058
7.06824818664
7.06824832734
7.06824831264
7.06824830732
7.06824832761
7.068248285
7.0682482627
7.06824843941
7.06824821524
7.06824826994
7.06824819862
7.06824820703
7.06824819011
7.04321769077
7.02745658299
7.02745658299
7.02745656589
7.02745657915
7.02745657863
7.02745660913
7.02745659962
7.02745660264
7.02745660739
7.02745659064
7.02745659463
7.02745662145
7.02745658061
7.02745661072
7.02745656857
7.02745655986
7.02745657754
7.04084964005
7.02248202621
7.02248202621
7.02248201747
7.02248202696
7.0224820233
7.02248201606
7.02248201241
7.02248201634
7.02248201448
7.02248201091
7.02248201405
7.02248200563
7.02248201816
7.02248202615
7.02248201752
7.02248201001
7.02248202132
7.01845809373
7.01927998333
7.01927998333
7.01927997823
7.01927998424
7.01927998137
7.01927997961
7.01927997974
7.01927998109
7.01927997929
7.01927997488
7.01927997759
7.01927997695
7.01927998
7.01927998451
7.0192799822
7.01927997948
7.01927998094
7.01317258626
7.01685146004
7.01685146004
7.01685145538
7.01685146053
7.01685145807
7.01685146231
7.01685146308
7.01685146354
7.01685146298
7.016851457
7.0168514589
7.01685146598
7.01685145878
7.01685146411
7.01685146087
7.01685145951
7.01685145804
7.01632778887
7.01657235676
7.01657235676
7.01657235179
7.0165723568
7.01657235478
7.01657235625
7.01657235702
7.01657235784
7.01657235753
7.01657235256
7.01657235229
7.01657236093
7.01657235447
7.01657235705
7.01657235748
7.01657235622
7.01657235471
7.01678530339
7.01661508317
7.01661508317
7.01661507813
7.01661508309
7.01661508113
7.01661508186
7.01661508265
7.01661508354
7.01661508327
7.01661507859
7.01661507773
7.0166150867
7.01661508058
7.01661508241
7.01661508387
7.01661508265
7.01661508112
     fun: 7.107493807918245
     jac: array([  6.99996948e-04,   3.00979614e-03,   1.02519989e-05,
        -4.93407249e-04,  -4.36306000e-03,   1.76489353e-03,
         1.20848417e-03,   1.91205740e-03,   4.74870205e-03,
         5.67227602e-03,   7.05122948e-04,   1.07610226e-03,
        -6.98405504e-03,  -1.23089552e-02,  -1.45703554e-03])
 message: 'Optimization terminated successfully.'
    nfev: 401
     nit: 21
    njev: 21
  status: 0
 success: True
       x: array([ 0.55090764, -0.49989035, -0.46183967, -0.37100931,  0.25980192,
       -0.10257228,  0.13145744,  0.06128192,  0.56378129,  0.04797946,
       -0.52148177, -0.49090944, -0.3922847 ,  0.27561382, -0.26789914])

========================================================

Final result:
0.550907637509
-0.499890345057
-0.461839672914
0.136940793487
0.136940793487
0.136940793487
-0.371009308565
0.259801922333
-0.102572283019
0.131457443283
0.0612819168353
0.56378129256
0.0479794584629
0.0479794584629
-0.521481774686
-0.490909438372
0.373691312704
-0.392284700194
0.2756138205
-0.26789914456
0.128190008085
0.128190008085
0.128190008085
