85.2036058091
85.2036058091
85.2036063403
85.2036063502
85.2036063367
85.2036073903
85.2036061415
85.2036060303
85.203605894
85.2036074138
85.2036074244
85.2036073785
85.2036073937
85.2036071218
85.2036075304
85.2036082067
85.2036072016
85.2036078708
85.2036089073
85.203606862
85.2036071572
85.2036061986
294645.052493
29414.2105912
3330.29769821
581.518432748
107.408846145
64.2581218351
64.2581218351
64.2581217852
64.2581218298
64.2581216726
64.2581212836
64.2581220528
64.2581218691
64.258121898
64.258121472
64.2581214288
64.2581216657
64.2581216428
64.2581216359
64.2581219303
64.2581212389
64.2581219066
64.258122362
64.2581220218
64.2581221613
64.2581226823
64.2581217744
27342.4014224
2714.38879579
322.654531491
67.2855583815
60.0817987332
60.0817987332
60.081799437
60.0817993947
60.081799504
60.0818011065
60.0817991685
60.0817990417
60.0817988407
60.0817981995
60.0817982459
60.0817982193
60.0817981674
60.0817982283
60.0817982948
60.0817975953
60.0817984391
60.0817986869
60.0817980597
60.0817988062
60.0817992985
60.0817985731
79877.4298426
7954.72097925
1065.05706617
177.742582093
50.1448965391
50.1448965391
50.1448961188
50.1448959625
50.1448960736
50.1448951234
50.1448966691
50.1448964891
50.1448965841
50.1448958105
50.1448960159
50.1448959344
50.1448956753
50.1448960645
50.1448962689
50.1448960903
50.1448955426
50.1448966908
50.1448938863
50.1448959152
50.1448959616
50.1448963327
11801.8758613
1152.65881989
185.420696714
43.6910688703
43.6910688703
43.6910683797
43.6910680763
43.6910682786
43.6910670391
43.691068952
43.6910689885
43.6910688901
43.6910669631
43.6910672831
43.6910671574
43.6910669537
43.6910678032
43.6910669848
43.6910672688
43.6910676849
43.6910669289
43.6910661592
43.6910680181
43.6910678582
43.6910686
6033.97051179
591.204629281
72.4477358723
41.0227253448
41.0227253448
41.0227247823
41.0227245506
41.0227247044
41.0227233823
41.0227252189
41.0227252051
41.022725317
41.0227234479
41.022723712
41.0227235587
41.0227234579
41.0227239819
41.022723414
41.0227229401
41.0227239072
41.0227233541
41.0227221704
41.0227242593
41.022724066
41.0227249476
1142.76645133
114.038525998
40.4973144633
40.4973144633
40.4973140271
40.4973140051
40.4973138157
40.4973123874
40.4973143886
40.4973144065
40.4973144439
40.4973124655
40.4973125318
40.4973127066
40.4973127897
40.4973131098
40.4973124788
40.4973121181
40.4973129742
40.4973123286
40.497311092
40.4973133705
40.4973131859
40.4973140802
1601.22335549
157.424881302
40.4423573609
39.5837935068
39.5837935068
39.5837929432
39.5837928768
39.583792856
39.583791518
39.5837932917
39.5837932694
39.5837934556
39.5837914775
39.5837915451
39.5837916846
39.5837917094
39.5837921267
39.5837914817
39.5837911428
39.5837919923
39.5837913255
39.5837900475
39.5837924389
39.5837923033
39.5837931275
891.981447061
87.1550234514
37.9354257883
37.9354257883
37.9354251655
37.9354251127
37.9354251351
37.935423837
37.9354256893
37.9354259029
37.9354257676
37.9354238678
37.9354238939
37.9354240274
37.9354240414
37.9354243749
37.9354238635
37.935423282
37.9354242565
37.9354235013
37.9354223018
37.935424709
37.9354245691
37.9354254065
856.973229909
82.6593014556
35.9564574848
35.9564574848
35.9564569244
35.9564569924
35.9564568795
35.9564556507
35.9564573382
35.9564574487
35.9564574568
35.9564556027
35.9564555471
35.9564557343
35.9564556218
35.9564561117
35.9564556756
35.9564550832
35.9564560151
35.9564553918
35.956454191
35.9564563887
35.956456127
35.9564571441
381.401609046
52.6158869014
32.733375886
32.733375886
32.7333755312
32.7333756304
32.7333753901
32.7333742697
32.733375698
32.7333758198
32.7333758477
32.7333744233
32.7333744524
32.7333743561
32.7333741445
32.7333746755
32.7333742423
32.7333737784
32.7333745827
32.7333738933
32.7333729044
32.7333749844
32.7333748516
32.7333755759
858.818115372
122.616465308
20.0311638696
20.0311638696
20.031164429
20.0311644933
20.0311645693
20.0311660267
20.0311637593
20.0311638428
20.0311638502
20.0311655956
20.0311653655
20.0311652489
20.0311652858
20.0311648559
20.0311652032
20.0311655332
20.0311648843
20.0311650873
20.0311662264
20.031164455
20.0311643941
20.0311640242
199.973177743
28.5092566213
19.0924835285
19.0924835285
19.0924841738
19.0924842537
19.0924843279
19.0924859998
19.0924834453
19.092483495
19.0924835157
19.092485544
19.0924853575
19.0924851808
19.0924852505
19.0924847228
19.0924851473
19.0924855254
19.0924847933
19.0924850888
19.0924863936
19.0924843459
19.0924842224
19.0924839149
124.081374636
22.4204210061
17.1278486804
17.1278486804
17.1278492727
17.1278494902
17.1278494754
17.1278512003
17.1278486428
17.1278486275
17.1278486823
17.1278508412
17.1278507389
17.1278505264
17.1278506077
17.1278500303
17.1278505732
17.127850953
17.1278501208
17.1278505354
17.1278520027
17.1278496048
17.1278496533
17.1278490398
73.5384078028
15.6616799903
15.6616799903
15.6616800245
15.6616799552
15.6616799501
15.6616798036
15.6616800796
15.6616799055
15.6616800288
15.6616802743
15.6616801682
15.6616802939
15.6616802766
15.6616801757
15.6616804379
15.6616802088
15.6616802912
15.6616806184
15.6616807458
15.6616802714
15.6616806169
15.66168012
70.0271132819
15.1192125715
13.3401381084
13.3401381084
13.3401378558
13.3401378006
13.3401377428
13.3401369439
13.3401381815
13.3401380826
13.34013814
13.3401375221
13.3401375286
13.3401376905
13.3401376727
13.3401377802
13.3401378142
13.3401374498
13.3401378806
13.3401381261
13.3401376188
13.3401380789
13.3401384222
13.3401380952
70.6018779435
13.1499227836
11.8776093215
11.8776093215
11.8776089635
11.8776088629
11.8776088275
11.8776077684
11.877609466
11.8776092899
11.8776093735
11.8776082757
11.8776083523
11.8776085201
11.8776084809
11.8776087308
11.8776086301
11.8776082514
11.8776087814
11.8776088661
11.8776080702
11.8776090885
11.8776093325
11.8776092266
22.1572045209
9.12886258194
9.12886258194
9.12886253036
9.12886243137
9.12886251461
9.12886239124
9.12886271537
9.12886273157
9.12886262352
9.12886203954
9.12886221451
9.12886211614
9.12886210172
9.12886235484
9.12886198015
9.1288624112
9.12886216991
9.12886195363
9.12886157653
9.12886221159
9.12886207982
9.1288625943
14.8297896343
7.21662555643
7.21662555643
7.21662540506
7.21662547163
7.21662540751
7.21662512677
7.21662552041
7.21662555498
7.21662556038
7.21662512909
7.21662515384
7.21662516628
7.21662519922
7.21662525795
7.21662509586
7.21662500102
7.21662525873
7.21662501957
7.21662490153
7.21662531433
7.21662523716
7.21662549185
8.67251800511
6.84661570359
6.84661570359
6.84661580795
6.84661580396
6.84661585682
6.84661620233
6.84661576076
6.84661576877
6.84661572958
6.84661582813
6.84661588132
6.84661578246
6.84661576283
6.84661580533
6.84661574112
6.84661597537
6.84661571166
6.84661575276
6.84661565612
6.84661567309
6.8466156169
6.8466157276
7.54468336392
6.79247477498
6.79247477498
6.79247477545
6.79247477805
6.79247476939
6.79247475574
6.79247479851
6.79247478162
6.79247479454
6.79247489934
6.79247489843
6.79247489763
6.79247491588
6.79247489851
6.79247487573
6.79247499706
6.79247491123
6.79247489463
6.79247509137
6.79247485136
6.7924748669
6.79247482666
7.18920972417
6.7955824031
6.7955824031
6.79558244193
6.79558245132
6.79558245327
6.7955825629
6.79558243033
6.79558240891
6.79558242383
6.79558246235
6.79558245306
6.79558244586
6.79558245689
6.79558243331
6.79558243384
6.79558243599
6.79558244046
6.79558245924
6.79558249132
6.79558242149
6.79558245448
6.79558242833
6.86576351121
6.80622384537
6.80622384537
6.80622383541
6.80622384566
6.80622383769
6.80622382577
6.8062238643
6.80622384019
6.80622386461
6.80622388912
6.80622388224
6.80622388273
6.8062238841
6.80622387948
6.80622388438
6.80622390094
6.80622387695
6.80622391531
6.80622391243
6.80622386074
6.80622389349
6.80622387271
6.83683381128
6.81087682965
6.81087682965
6.81087683829
6.8108768438
6.8108768418
6.81087687071
6.81087685925
6.8108768376
6.810876851
6.81087684631
6.81087684593
6.81087684122
6.81087684293
6.81087684813
6.81087683346
6.81087685764
6.81087684988
6.81087686532
6.81087687318
6.81087683918
6.81087687497
6.810876853
6.82562034774
6.81340848569
6.81340848569
6.81340848969
6.81340849506
6.81340849245
6.81340851042
6.81340851367
6.81340849095
6.81340850671
6.81340850312
6.81340850283
6.8134084996
6.81340850403
6.81340850417
6.81340849271
6.8134085137
6.81340850308
6.81340852621
6.81340852205
6.81340849177
6.81340852565
6.81340850845
6.81774362855
6.81516258317
6.81516258317
6.81516258839
6.81516259302
6.81516259201
6.81516261489
6.81516261193
6.81516258968
6.8151626044
6.81516260126
6.81516260146
6.81516259738
6.81516260134
6.81516260293
6.81516258959
6.81516261492
6.81516260115
6.81516262165
6.81516262038
6.81516258917
6.81516262141
6.81516260728
6.81123722406
6.81424178225
6.81424178225
6.8142417877
6.81424179248
6.81424179092
6.81424181305
6.81424181099
6.8142417887
6.81424180345
6.81424180046
6.81424180086
6.81424179643
6.81424180036
6.81424180198
6.81424178848
6.8142418141
6.8142418
6.81424182032
6.81424181894
6.81424178793
6.81424181995
6.81424180632
6.81581220359
6.81467580249
     fun: 9.345173893478238
     jac: array([ 0.01496077,  0.00658941,  0.00983846,  0.02416897,  0.01049316,
        0.00260103,  0.00267124,  0.02974415,  0.03339815,  0.02937865,
        0.02540255,  0.02490103,  0.03589427,  0.05017495,  0.02230656,
        0.04654026,  0.04386914,  0.02004158,  0.02368426,  0.01515234])
 message: 'Optimization terminated successfully.'
    nfev: 647
     nit: 27
    njev: 27
  status: 0
 success: True
       x: array([ 0.55412375, -0.49274972, -0.46745755,  0.13868962, -0.4692347 ,
        0.25688626,  0.11010732, -0.36550601,  0.25226247, -0.19948275,
        0.14687311,  0.09175417,  0.57755545,  0.0155338 , -0.0472764 ,
       -0.49827194,  0.048829  ,  0.54244103, -0.50014337, -0.53924615])

========================================================

Final result:
0.554123745449
-0.492749722638
-0.467457546575
0.138689618648
0.138689618648
0.138689618648
-0.365506007552
0.252262474723
-0.199482747465
0.146873105807
0.0917541704114
0.577555451633
0.0155338023228
0.0155338023228
-0.0472764012509
-0.498271936239
0.0488290008144
0.0488290008144
0.542441030001
-0.500143373364
-0.539246146636
0.410314773657
-0.469234697363
0.256886257604
0.110107315804
0.0307519305923
0.0307519305923
0.0307519305923
