0.00019906412491945357
0.00019906412491945357
0.00019906411400866751
0.00019906411159447104
0.00019906412277550598
0.0001990641417944776
0.00019906414337282483
0.00019906413478832714
0.0001990641344263564
0.00019906413652805423
0.0001990641268662934
0.0001990641609009135
0.00018798592511057668
0.00018798592511057668
0.00018798591431250586
0.00018798591201811665
0.00018798592298789932
0.000187985941224058
0.00018798594272445768
0.00018798593433072753
0.0001879859339876281
0.0001879859357111862
0.00018798592689839313
0.0001879859578087937
0.00014644008850750836
0.00014644008850750836
0.00014644007826567957
0.00014644007654139314
0.00014644008648995277
0.0001464401010797738
0.00014644010220522523
0.00014644009473312118
0.00014644009448569587
0.00014644009446895248
0.00014644008956185328
0.0001464401061025506
0.00011201134522367369
0.00011201134522367369
0.00011201133618106341
0.00011201133562798196
0.00011201134343317886
0.00011201135075496119
0.00011201135109870948
0.00011201134555929862
0.00011201134552501859
0.00011201134210066996
0.00011201134483706756
0.00011201133326584895
0.0001101761328022673
0.0001101761328022673
0.00011017612389807424
0.00011017612342661195
0.00011017613103837592
0.0001101761380694959
0.00011017613834772325
0.00011017613298114158
0.00011017613297773348
0.0001101761294784792
0.0001101761323790569
0.00011017612021397773
0.00010078806567842317
0.00010078806567842317
0.00010078805736525268
0.00010078805717894235
0.00010078806402859941
0.00010078807046410897
0.00010078807049199626
0.0001007880658037414
0.0001007880659391003
0.00010078806249566591
0.0001007880652516085
0.00010078805367285258
6.766040186958053e-05
6.766040186958053e-05
6.766039620558571e-05
6.766039725730211e-05
6.766040073138731e-05
6.766040489151088e-05
6.766040381694707e-05
6.766040213041656e-05
6.766040288986042e-05
6.766039992996131e-05
6.766040151974116e-05
6.766039448107825e-05
4.947008305831883e-05
4.947008305831883e-05
4.9470081258410535e-05
4.947008410241399e-05
4.947008266659225e-05
4.947008360608865e-05
4.9470080932542676e-05
4.947008360886569e-05
4.9470085273796277e-05
4.947008308669617e-05
4.9470082843571974e-05
4.9470082914594155e-05
4.9404231325411995e-05
4.9404231325411995e-05
4.940422953090525e-05
4.9404232372742965e-05
4.94042309348662e-05
4.940423187796013e-05
4.9404229207151567e-05
4.940423188238877e-05
4.94042335427824e-05
4.9404231371837145e-05
4.940423111233925e-05
4.940423124470017e-05
4.907330844129199e-05
4.907330844129199e-05
4.907330664761836e-05
4.9073309470604446e-05
4.907330805157142e-05
4.90733089898748e-05
4.907330634188544e-05
4.9073308985738446e-05
4.907331061645297e-05
4.907330849563738e-05
4.9073308225079895e-05
4.9073308400411805e-05
4.749274229931318e-05
4.749274229931318e-05
4.749274051266995e-05
4.749274324642324e-05
4.749274191422202e-05
4.7492742800826096e-05
4.7492740263287035e-05
4.749274275734556e-05
4.749274424196374e-05
4.7492742353633655e-05
4.7492742061555926e-05
4.749274232710472e-05
4.129302294368479e-05
4.129302294368479e-05
4.129302119375638e-05
4.129302351022498e-05
4.129302258112542e-05
4.129302320967182e-05
4.1293021190756316e-05
4.129302298244887e-05
4.129302378030661e-05
4.1293022976675466e-05
4.129302260144188e-05
4.129302322468116e-05
3.479146336305531e-05
3.479146336305531e-05
3.4791461711077234e-05
3.479146298936835e-05
3.479146305809065e-05
3.4791463041528846e-05
3.479146231593087e-05
3.479146235471001e-05
3.4791461442405865e-05
3.4791463334513714e-05
3.4791462759872264e-05
3.479146424517147e-05
3.47460523254695e-05
3.47460523254695e-05
3.474605067953994e-05
3.4746051955634296e-05
3.47460520219898e-05
3.4746052006908114e-05
3.4746051286573874e-05
3.4746051316295264e-05
3.474605040003677e-05
3.4746052295531054e-05
3.474605172207262e-05
3.474605320287066e-05
3.452031428439676e-05
3.452031428439676e-05
3.452031266687927e-05
3.4520313949605647e-05
3.452031398732674e-05
3.4520313993945436e-05
3.4520313277810535e-05
3.45203132918599e-05
3.4520312385528925e-05
3.452031425239486e-05
3.452031368510027e-05
3.4520315140230746e-05
3.347770561438419e-05
3.347770561438419e-05
3.347770413559804e-05
3.347770545168087e-05
3.3477705348574956e-05
3.347770546394904e-05
3.34777047670028e-05
3.3477704706087855e-05
3.3477703850424163e-05
3.347770557476326e-05
3.3477705035853075e-05
3.347770637176134e-05
3.0090882488798432e-05
3.0090882488798432e-05
3.0090881635315278e-05
3.0090883101217307e-05
3.0090882363882157e-05
3.0090882970235523e-05
3.0090882359934675e-05
3.009088196117716e-05
3.0090881334223492e-05
3.009088241619514e-05
3.009088200411203e-05
3.009088280668351e-05
2.8844928103406042e-05
2.8844928103406042e-05
2.884492791188989e-05
2.884492953534052e-05
2.8844928127623178e-05
2.884492925320287e-05
2.8844928734965415e-05
2.884492797889847e-05
2.8844927594408897e-05
2.8844927996248368e-05
2.8844927718113275e-05
2.8844927957177984e-05
2.882533666361846e-05
2.882533666361846e-05
2.8825336477476164e-05
2.882533810116395e-05
2.88253366890246e-05
2.8825337818048464e-05
2.882533730087926e-05
2.882533654231174e-05
2.8825336160126695e-05
2.8825336556277387e-05
2.8825336279132513e-05
2.882533651392351e-05
2.8725515297228292e-05
2.8725515297228292e-05
2.872551511259445e-05
2.8725516731285338e-05
2.872551532286209e-05
2.872551644897388e-05
2.872551593365612e-05
2.8725515176368115e-05
2.872551479646429e-05
2.8725515190163005e-05
2.872551491294337e-05
2.8725515147557824e-05
2.82323918661634e-05
2.82323918661634e-05
2.823239168509639e-05
2.8232393277943997e-05
2.8232391892041147e-05
2.8232393000448868e-05
2.8232392493802552e-05
2.8232391745050417e-05
2.823239137506859e-05
2.8232391760577507e-05
2.8232391482269843e-05
2.823239171906008e-05
2.591224536903978e-05
2.591224536903978e-05
2.591224520494123e-05
2.5912246670385627e-05
2.5912245395984307e-05
2.591224641669103e-05
2.5912245952658524e-05
2.5912245246277833e-05
2.591224492493604e-05
2.5912245270711366e-05
2.5912244986975898e-05
2.5912245234807083e-05
1.7525924165290677e-05
1.7525924165290677e-05
1.7525924079553328e-05
1.75259249559631e-05
1.7525924197147288e-05
1.7525924812296577e-05
1.752592454525669e-05
1.752592403483177e-05
1.752592393832459e-05
1.752592410048742e-05
1.7525923791677244e-05
1.7525924090518162e-05
1.2101462634459162e-05
1.2101462634459162e-05
1.2101462678403806e-05
1.2101462579950977e-05
1.2101462674443969e-05
1.210146261838384e-05
1.2101462677350908e-05
1.2101462491259904e-05
1.210146276683543e-05
1.2101462625131681e-05
1.2101462274856042e-05
1.2101462658066011e-05
1.2100648102889114e-05
1.2100648102889114e-05
1.2100648146842872e-05
1.2100648048318105e-05
1.2100648142874679e-05
1.2100648086771792e-05
1.2100648145745522e-05
1.210064795969709e-05
1.2100648235280398e-05
1.2100648093565054e-05
1.2100647743314175e-05
1.2100648126498022e-05
1.2096633092676007e-05
1.2096633092676007e-05
1.2096633136626622e-05
1.2096633038109243e-05
1.209663313266227e-05
1.2096633076602952e-05
1.2096633135487567e-05
1.2096632949528487e-05
1.2096633225010785e-05
1.2096633083352688e-05
1.2096632733237587e-05
1.2096633116272427e-05
1.2076588172310978e-05
1.2076588172310978e-05
1.2076588216246352e-05
1.2076588117765994e-05
1.2076588212300901e-05
1.2076588156461184e-05
1.207658821490069e-05
1.2076588029387487e-05
1.207658830436466e-05
1.2076588162993833e-05
1.2076587813555271e-05
1.2076588195853136e-05
1.1977113992902798e-05
1.1977113992902798e-05
1.1977114036761437e-05
1.1977113938465714e-05
1.1977114032910773e-05
1.1977113978168231e-05
1.1977114034386796e-05
1.197711385109824e-05
1.197711412355489e-05
1.1977113983617831e-05
1.1977113637554305e-05
1.1977114016178503e-05
1.149821654363354e-05
1.149821654363354e-05
1.1498216587112317e-05
1.149821648973169e-05
1.14982165837309e-05
1.1498216534421121e-05
1.1498216579643677e-05
1.1498216407369891e-05
1.1498216667346122e-05
1.1498216534508686e-05
1.1498216205156338e-05
1.1498216565592368e-05
9.530962643640608e-06
9.530962643640608e-06
9.53096268530948e-06
9.530962592286675e-06
9.530962684162535e-06
9.53096266070037e-06
9.53096265360797e-06
9.530962533741244e-06
9.530962734335283e-06
9.530962635277987e-06
9.530962385439727e-06
9.530962659335e-06
6.6995015488440345e-06
6.6995015488440345e-06
6.69950158482996e-06
6.69950150548494e-06
6.699501590694239e-06
6.699501648261522e-06
6.699501477170295e-06
6.699501521602651e-06
6.699501536021483e-06
6.69950154287139e-06
6.699501542334161e-06
6.699501544898324e-06
6.6994000566665e-06
6.6994000566665e-06
6.699400092644113e-06
6.699400013314222e-06
6.699400098513931e-06
6.699400156072033e-06
6.6993999850016e-06
6.699400029424733e-06
6.699400043845558e-06
6.699400050693857e-06
6.699400050162387e-06
6.699400052720667e-06
6.698919446053631e-06
6.698919446053631e-06
6.698919481990114e-06
6.698919402734657e-06
6.698919487887058e-06
6.698919545392201e-06
6.698919374440207e-06
6.698919418802691e-06
6.698919433249959e-06
6.698919440080717e-06
6.698919439556107e-06
6.698919442108615e-06
6.696522734011496e-06
6.696522734011496e-06
6.696522769742284e-06
6.69652269085888e-06
6.696522775774856e-06
6.696522833015467e-06
6.696522662655141e-06
6.696522706714679e-06
6.696522721294068e-06
6.696522728037172e-06
6.696522727546896e-06
6.696522730070478e-06
6.684696667918169e-06
6.684696667918169e-06
6.684696702624486e-06
6.68469662559483e-06
6.68469670933256e-06
6.684696765254958e-06
6.684696597842907e-06
6.6846966403928355e-06
6.6846966556305245e-06
6.6846966619368415e-06
6.684696661617642e-06
6.68469666399706e-06
6.629399414914214e-06
6.629399414914214e-06
6.629399444585498e-06
6.629399376665672e-06
6.6293994546135165e-06
6.629399504058117e-06
6.629399351134574e-06
6.629399386266022e-06
6.629399404738773e-06
6.6293994088984936e-06
6.629399409420119e-06
6.629399411090928e-06
6.436286036553204e-06
6.436286036553204e-06
6.436286043205645e-06
6.436286016933903e-06
6.436286068411454e-06
6.436286088240913e-06
6.436286001555632e-06
6.436286002771562e-06
6.436286036034143e-06
6.436286030380301e-06
6.436286034745629e-06
6.436286033177089e-06
6.331153241180001e-06
6.331153241180001e-06
6.331153217088564e-06
6.33115324644193e-06
6.3311532625655035e-06
6.331153242841161e-06
6.33115324462377e-06
6.331153200542495e-06
6.331153253557886e-06
6.331153234797337e-06
6.331153244295965e-06
6.3311532384010985e-06
6.331140865708368e-06
6.331140865708368e-06
6.331140841615152e-06
6.331140870971783e-06
6.331140887092981e-06
6.3311408673664836e-06
6.331140869154395e-06
6.331140825070789e-06
6.331140878086894e-06
6.331140859325849e-06
6.331140868824394e-06
6.331140862929467e-06
6.331084440168186e-06
6.331084440168186e-06
6.331084416075721e-06
6.331084445431373e-06
6.331084461551667e-06
6.331084441826707e-06
6.331084443613665e-06
6.3310843995324586e-06
6.33108445254598e-06
6.331084433786485e-06
6.331084443283037e-06
6.3310844373891214e-06
6.3308024218826e-06
6.3308024218826e-06
6.330802397793828e-06
6.33080242714465e-06
6.330802443260421e-06
6.330802423543023e-06
6.330802425325257e-06
6.330802381256023e-06
6.330802434256627e-06
6.330802415504946e-06
6.330802424991512e-06
6.330802419102658e-06
6.329393802629314e-06
6.329393802629314e-06
6.329393778558821e-06
6.329393807885488e-06
6.3293938239787526e-06
6.329393804299185e-06
6.329393806057816e-06
6.3293937620485154e-06
6.329393814984554e-06
6.329393796271861e-06
6.329393805708621e-06
6.329393799844928e-06
6.3223909147648924e-06
6.3223909147648924e-06
6.322390890786008e-06
6.322390919991978e-06
6.322390935972736e-06
6.322390916482055e-06
6.32239091812283e-06
6.322390874412692e-06
6.322390927026491e-06
6.3223909085083895e-06
6.3223909176964345e-06
6.322390911958566e-06
6.2883681116790365e-06
6.2883681116790365e-06
6.288368088154466e-06
6.2883681167621126e-06
6.2883681321849384e-06
6.288368113630603e-06
6.288368114687047e-06
6.288368072460144e-06
6.288368123476236e-06
6.288368105922989e-06
6.288368113877912e-06
6.28836810876392e-06
6.141494396840761e-06
6.141494396840761e-06
6.141494375491882e-06
6.141494401233611e-06
6.141494413984377e-06
6.141494399915206e-06
6.141494398172868e-06
6.141494363050245e-06
6.1414944064137635e-06
6.1414943934817964e-06
6.1414943955303795e-06
6.1414943934045885e-06
5.827558018411311e-06
5.827558018411311e-06
5.827558005236502e-06
5.8275580202113174e-06
5.827558022923227e-06
5.827558025704226e-06
5.8275580134470885e-06
5.827558005014592e-06
5.82755801962817e-06
5.827558024057893e-06
5.827558003916967e-06
5.827558013017679e-06
     fun: 6.449458503831742e-06
     jac: array([-4.38821530e-08,  1.37310963e-08,  1.14605825e-07, -1.94270910e-08,
       -1.09058078e-08, -4.57771421e-09, -4.98137069e-08,  6.38617109e-07,
       -3.83492420e-08, -1.76229207e-07])
 message: 'Optimization terminated successfully.'
    nfev: 552
     nit: 46
    njev: 46
  status: 0
 success: True
       x: array([ 0.79234423, -0.60245058, -0.63086981, -0.69005857,  0.33053336,
        0.27739506, -0.00895327, -0.39921471,  0.85130946,  0.07992981])

========================================================

Final result:
0.792344227675354
-0.6024505848153796
-0.6308698086986881
0.14699205527957127
0.14699205527957127
0.14699205527957127
-0.6900585702784493
0.33053335781209764
0.2773950639794094
-0.008953265783823348
-0.39921471363643907
0.8513094634605722
0.07992981158735021
0.07992981158735021
0.07992981158735021
-0.8004003851577091
-0.8004003851577091
