3.333953323464905e-05
3.333953323464905e-05
3.3339529841709997e-05
3.333952813220083e-05
3.3339532541653645e-05
3.3339541542761406e-05
3.333954289376825e-05
3.333953988975362e-05
3.333953954864529e-05
3.333954100742607e-05
3.333953744545266e-05
3.333955027672078e-05
3.333954002793677e-05
3.333953770010818e-05
3.333953933881959e-05
3.3339540249389794e-05
3.3339539313121655e-05
3.3339535292460714e-05
2.9766476513853772e-05
2.9766476513853772e-05
2.9766473189065302e-05
2.976647155082928e-05
2.976647583333633e-05
2.9766483929114076e-05
2.976648520427569e-05
2.9766482342042805e-05
2.9766481988949636e-05
2.9766483265480994e-05
2.9766480208714453e-05
2.9766491412351572e-05
2.976648222991506e-05
2.9766480479387118e-05
2.9766481593054267e-05
2.976648235932191e-05
2.9766481409350256e-05
2.9766478314751792e-05
1.9671881302489826e-05
1.9671881302489826e-05
1.9671878290332225e-05
1.967187697141242e-05
1.9671880679368148e-05
1.967188481735127e-05
1.9671885754544237e-05
1.967188352907587e-05
1.967188312925906e-05
1.967188361264741e-05
1.9671882749459927e-05
1.9671886873075503e-05
1.9671882345068413e-05
1.9671883088498443e-05
1.9671881938465944e-05
1.9671882080760463e-05
1.9671881078997788e-05
1.967188198434031e-05
1.7755396069078978e-05
1.7755396069078978e-05
1.7755393271983388e-05
1.7755392161210178e-05
1.7755395485675094e-05
1.77553971954205e-05
1.775539791515044e-05
1.7755396107104238e-05
1.7755395687590063e-05
1.7755395689967122e-05
1.775539614895371e-05
1.775539598458291e-05
1.775539430074409e-05
1.7755396527320834e-05
1.775539403827801e-05
1.7755393808546007e-05
1.7755392787800205e-05
1.7755396070821748e-05
1.7500693644156038e-05
1.7500693644156038e-05
1.750069088879659e-05
1.750068980767511e-05
1.7500693068680183e-05
1.7500694581851906e-05
1.7500695273417868e-05
1.750069352708592e-05
1.7500693115360386e-05
1.7500693084591406e-05
1.750069362595572e-05
1.750069317266608e-05
1.7500691707102442e-05
1.7500694004772716e-05
1.750069145930251e-05
1.7500691210687135e-05
1.7500690201738995e-05
1.750069359759762e-05
1.6069398990508613e-05
1.6069398990508613e-05
1.6069396418179117e-05
1.606939544795989e-05
1.6069398450198547e-05
1.6069399590643084e-05
1.6069400183783533e-05
1.606939867343247e-05
1.6069398316548833e-05
1.60693982473094e-05
1.6069398840037255e-05
1.606939808647153e-05
1.6069396983855824e-05
1.6069399208045745e-05
1.606939677666931e-05
1.6069396539893876e-05
1.6069395610024792e-05
1.6069398881179946e-05
1.0934295459233072e-05
1.0934295459233072e-05
1.0934293690990558e-05
1.0934293181150233e-05
1.0934295074002176e-05
1.0934295264007743e-05
1.0934295460339589e-05
1.0934294936598021e-05
1.0934294849683933e-05
1.0934294759710411e-05
1.0934295145311319e-05
1.093429442472946e-05
1.0934294083193631e-05
1.0934295447961805e-05
1.0934294021156926e-05
1.0934293967653885e-05
1.0934293422398696e-05
1.0934295283222545e-05
8.514123176310855e-06
8.514123176310855e-06
8.514122397117791e-06
8.514122437934042e-06
8.514122982242222e-06
8.51412240452966e-06
8.51412213440905e-06
8.514122791742937e-06
8.514123053847597e-06
8.51412302098271e-06
8.514122904170904e-06
8.514123002508247e-06
8.514123112392903e-06
8.51412311614423e-06
8.514123209474324e-06
8.514123454436825e-06
8.514123401365747e-06
8.51412303999832e-06
8.495342798073696e-06
8.495342798073696e-06
8.495342020650509e-06
8.495342058464043e-06
8.495342604519369e-06
8.49534212922951e-06
8.495341864704083e-06
8.495342512562807e-06
8.495342779655757e-06
8.495342764299385e-06
8.495342587667835e-06
8.495342877324976e-06
8.49534286479064e-06
8.495342796972078e-06
8.495342957152602e-06
8.495343217937504e-06
8.495343168084431e-06
8.495342692891479e-06
8.445249107256637e-06
8.445249107256637e-06
8.445248335843615e-06
8.445248367662082e-06
8.44524891547821e-06
8.44524868261801e-06
8.44524843315345e-06
8.44524905074381e-06
8.445249330270392e-06
8.445249344512373e-06
8.445249040356183e-06
8.445249751658143e-06
8.445249455140819e-06
8.445249243607278e-06
8.445249536616669e-06
8.445249824524723e-06
8.445249775223287e-06
8.445249074956308e-06
8.369473217455483e-06
8.369473217455483e-06
8.369472469977317e-06
8.369472506197455e-06
8.369473031287828e-06
8.369473022993136e-06
8.369472784678466e-06
8.369473375662427e-06
8.3694736736138e-06
8.3694736954537e-06
8.36947328594674e-06
8.36947436156708e-06
8.369473806207926e-06
8.369473482440529e-06
8.369473879988551e-06
8.36947417948637e-06
8.369474124884675e-06
8.369473255177821e-06
8.162288429751043e-06
8.162288429751043e-06
8.162287774835216e-06
8.162287846644827e-06
8.162288264309288e-06
8.162288636559441e-06
8.162288409116004e-06
8.16228895955343e-06
8.162289308204308e-06
8.162289287708754e-06
8.162288734795737e-06
8.162290355650165e-06
8.162289373414048e-06
8.162288916516634e-06
8.162289440932538e-06
8.162289722549031e-06
8.16228964313648e-06
8.162288593301116e-06
7.83447660649502e-06
7.83447660649502e-06
7.83447613863132e-06
7.834476300137087e-06
7.834476482010274e-06
7.834477153606533e-06
7.834476917280153e-06
7.834477445368404e-06
7.834477876502114e-06
7.83447770155041e-06
7.834477113062672e-06
7.834479003831923e-06
7.834477712225282e-06
7.834477275791564e-06
7.834477789749413e-06
7.834477974945325e-06
7.834477841397046e-06
7.83447688470347e-06
7.4771051970696965e-06
7.4771051970696965e-06
7.477104985558919e-06
7.477105287112976e-06
7.477105127833959e-06
7.477105752195999e-06
7.4771054740414065e-06
7.477106028632023e-06
7.477106552977492e-06
7.4771060994389995e-06
7.477105710066666e-06
7.477107159213156e-06
7.4771059837831185e-06
7.477105857202076e-06
7.477106097174962e-06
7.477106091596775e-06
7.477105880232395e-06
7.477105496275544e-06
7.307891106372881e-06
7.307891106372881e-06
7.307891037577348e-06
7.307891430232061e-06
7.3078910672347465e-06
7.307891305999767e-06
7.30789098190666e-06
7.307891594660709e-06
7.307892154719343e-06
7.307891493881128e-06
7.307891410416903e-06
7.3078919744040405e-06
7.3078912898755805e-06
7.3078915568350485e-06
7.307891440766006e-06
7.307891283081735e-06
7.307891025980959e-06
7.3078913101129256e-06
7.272866436987782e-06
7.272866436987782e-06
7.272866376360006e-06
7.272866782737651e-06
7.272866399167126e-06
7.272866371447784e-06
7.272866030182374e-06
7.2728666738126764e-06
7.272867224086269e-06
7.272866516339202e-06
7.27286658358847e-06
7.272866659421496e-06
7.2728662956130415e-06
7.272866735069625e-06
7.272866460748764e-06
7.27286626334142e-06
7.272866002563312e-06
7.272866562055505e-06
7.263271973118125e-06
7.263271973118125e-06
7.2632718976766535e-06
7.263272298375435e-06
7.263271932024302e-06
7.26327182000413e-06
7.263271477229516e-06
7.263272126274807e-06
7.263272665758022e-06
7.263271962317213e-06
7.263272066232459e-06
7.263272008056983e-06
7.263271745593405e-06
7.263272219980337e-06
7.2632719132124795e-06
7.26327171608725e-06
7.263271460268991e-06
7.263272070448415e-06
7.244192923759332e-06
7.244192923759332e-06
7.244192823214996e-06
7.244193211609271e-06
7.244192877313363e-06
7.244192664822982e-06
7.244192324458463e-06
7.244192972319229e-06
7.2441934932351084e-06
7.244192804530393e-06
7.244192948909807e-06
7.2441927322502655e-06
7.244192598275549e-06
7.244193104734572e-06
7.244192768479271e-06
7.244192577816155e-06
7.244192332221823e-06
7.244192985890832e-06
7.198097640956191e-06
7.198097640956191e-06
7.198097499580146e-06
7.198097863764133e-06
7.198097586187691e-06
7.198097235268471e-06
7.1980969070447204e-06
7.198097534804831e-06
7.198098020292745e-06
7.198097362937702e-06
7.198097563412661e-06
7.198097113837762e-06
7.1980971794702504e-06
7.1980977196804966e-06
7.198097353926217e-06
7.198097178644172e-06
7.198096954276556e-06
7.198097650869632e-06
7.09273769617332e-06
7.09273769617332e-06
7.092737494277432e-06
7.092737812878919e-06
7.0927376299821795e-06
7.092737115922472e-06
7.092736824831496e-06
7.092737380161848e-06
7.092737799238148e-06
7.092737203887717e-06
7.092737474125293e-06
7.09273670583663e-06
7.092737067440225e-06
7.0927376242297534e-06
7.092737249235406e-06
7.092737106368199e-06
7.09273692469523e-06
7.09273763522962e-06
6.897199095494614e-06
6.897199095494614e-06
6.897198827017127e-06
6.897199073532038e-06
6.897199018804268e-06
6.897198415364049e-06
6.897198208384834e-06
6.897198587648557e-06
6.897198901642627e-06
6.897198409409181e-06
6.897198728744683e-06
6.8971976609279e-06
6.89719835449088e-06
6.897198856699186e-06
6.89719854686158e-06
6.8971984610560965e-06
6.89719835182431e-06
6.897198969808205e-06
6.658607230835482e-06
6.658607230835482e-06
6.658606938359303e-06
6.658607111039259e-06
6.658607154861116e-06
6.6586067132458625e-06
6.658606630792591e-06
6.658606736871219e-06
6.658606942869344e-06
6.658606564226265e-06
6.658606841774079e-06
6.6586057747810525e-06
6.658606603361674e-06
6.6586069283749305e-06
6.658606804832806e-06
6.658606786389775e-06
6.658606758618422e-06
6.6586071099057776e-06
6.517678096287175e-06
6.517678096287175e-06
6.517677852293619e-06
6.517678002057854e-06
6.517678035030896e-06
6.517677961629005e-06
6.517677966116942e-06
6.517677870837404e-06
6.517678042560431e-06
6.517677709917367e-06
6.517677858472719e-06
6.517677179556858e-06
6.517677791031957e-06
6.517677908882684e-06
6.517677992758187e-06
6.5176780068706714e-06
6.517678013159475e-06
6.5176780660504545e-06
6.485922030813006e-06
6.485922030813006e-06
6.4859218399780666e-06
6.485922007197412e-06
6.485921981667833e-06
6.485922136574112e-06
6.485922152249474e-06
6.485922023875925e-06
6.485922220109063e-06
6.485921870668837e-06
6.485921931139052e-06
6.485921579776658e-06
6.485921939633667e-06
6.485921971864741e-06
6.485922136489387e-06
6.485922145096737e-06
6.485922138999288e-06
6.485922074283795e-06
6.482103755047249e-06
6.482103755047249e-06
6.482103581520303e-06
6.482103760177821e-06
6.482103709268554e-06
6.482103910667151e-06
6.482103918154471e-06
6.482103805956193e-06
6.482104018103006e-06
6.48210365525285e-06
6.4821036948927585e-06
6.482103435162588e-06
6.482103711453944e-06
6.482103736971787e-06
6.482103905367984e-06
6.482103907265804e-06
6.482103889701601e-06
6.482103817933357e-06
6.479564952748733e-06
6.479564952748733e-06
6.479564787650954e-06
6.479564972318047e-06
6.479564908515062e-06
6.479565124043278e-06
6.479565125929932e-06
6.479565026117177e-06
6.479565245911828e-06
6.479564877696809e-06
6.4795649087770155e-06
6.479564689788352e-06
6.479564925548752e-06
6.479564952559307e-06
6.4795651169072086e-06
6.479565116167359e-06
6.479565091349365e-06
6.479565023033283e-06
6.471308950569499e-06
6.471308950569499e-06
6.47130880461882e-06
6.47130900090405e-06
6.471308909890922e-06
6.471309147331086e-06
6.471309138446571e-06
6.471309064935964e-06
6.471309297085537e-06
6.47130892503774e-06
6.471308936993733e-06
6.4713088072701566e-06
6.471308952458259e-06
6.47130898525062e-06
6.471309135299776e-06
6.471309133446326e-06
6.47130909132324e-06
6.471309033929411e-06
6.453897799324935e-06
6.453897799324935e-06
6.453897682589562e-06
6.453897891576936e-06
6.4538977642481935e-06
6.453898018177381e-06
6.453897998592488e-06
6.453897957535128e-06
6.453898197048938e-06
6.453897837512884e-06
6.4538978198144035e-06
6.453897821701508e-06
6.4538978320197426e-06
6.453897875499128e-06
6.453897996484807e-06
6.453898003676468e-06
6.453897934523012e-06
6.453897895614996e-06
6.418142415413359e-06
6.418142415413359e-06
6.418142343596952e-06
6.418142561574781e-06
6.418142389334909e-06
6.418142634830218e-06
6.418142611005953e-06
6.418142603089188e-06
6.418142830040226e-06
6.418142527736362e-06
6.418142463198594e-06
6.418142658520179e-06
6.4181424684025625e-06
6.418142531386181e-06
6.418142593635081e-06
6.418142636936043e-06
6.418142525216697e-06
6.41814251733201e-06
6.370518355493671e-06
6.370518355493671e-06
6.37051832551178e-06
6.3705185334753e-06
6.370518338470319e-06
6.370518517583631e-06
6.370518511143903e-06
6.37051850474433e-06
6.370518678397132e-06
6.370518495514857e-06
6.370518385159753e-06
6.37051874517209e-06
6.370518380510099e-06
6.370518466867764e-06
6.37051845017589e-06
6.370518565656141e-06
6.3705184126175596e-06
6.370518437911059e-06
6.336954352903336e-06
6.336954352903336e-06
6.3369543304693534e-06
6.336954507745124e-06
6.336954338573214e-06
6.3369544139500484e-06
6.336954444136563e-06
6.33695439193373e-06
6.336954490700048e-06
6.336954433075264e-06
6.336954311056545e-06
6.336954676427494e-06
6.336954299422052e-06
6.336954398191416e-06
6.336954329306753e-06
6.3369545181186626e-06
6.336954355034798e-06
6.3369543929997574e-06
6.327624943522096e-06
6.327624943522096e-06
6.327624902604397e-06
6.327625056857747e-06
6.327624926196931e-06
6.32762494385985e-06
6.327624998157773e-06
6.3276249015548614e-06
6.327624961928354e-06
6.327624949920155e-06
6.3276248450002325e-06
6.3276251143237636e-06
6.327624832779735e-06
6.32762492906819e-06
6.327624859113654e-06
6.327625073015931e-06
6.327624925773075e-06
6.3276249554256105e-06
6.326379831475829e-06
6.326379831475829e-06
6.32637977964901e-06
6.32637992804463e-06
6.326379812098043e-06
6.326379820436626e-06
6.326379879959596e-06
6.326379769558518e-06
6.32637982484515e-06
6.326379811790132e-06
6.326379717971504e-06
6.32637993696149e-06
6.326379706805403e-06
6.326379799510312e-06
6.326379739214036e-06
6.326379951391913e-06
6.3263798142451e-06
6.326379837201517e-06
6.325786024894594e-06
6.325786024894594e-06
6.3257859684523575e-06
6.325786115208931e-06
6.325786004615391e-06
6.325786011960984e-06
6.325786072654263e-06
6.325785957873302e-06
6.3257860130689625e-06
6.325785996219608e-06
6.325785907356942e-06
6.325786105495501e-06
6.325785896798656e-06
6.325785987867786e-06
6.325785932971988e-06
6.325786142042172e-06
6.325786009327327e-06
6.325786029255731e-06
6.323844648680053e-06
6.323844648680053e-06
6.323844582729889e-06
6.32384472608296e-06
6.323844626537846e-06
6.323844632669699e-06
6.323844695589037e-06
6.32384457212489e-06
6.323844627601406e-06
6.323844601946205e-06
6.32384452380565e-06
6.323844678117668e-06
6.3238445145281875e-06
6.323844602615185e-06
6.323844559489723e-06
6.323844760203175e-06
6.323844636890108e-06
6.323844650584969e-06
6.319386936800909e-06
6.319386936800909e-06
6.319386857807268e-06
6.319386995741332e-06
6.319386912113071e-06
6.319386916452004e-06
6.3193869827632025e-06
6.3193868471312785e-06
6.319386902599472e-06
6.319386864887293e-06
6.319386802633617e-06
6.319386894106133e-06
6.319386795061164e-06
6.319386880200804e-06
6.3193868539110064e-06
6.319387039786328e-06
6.319386929977269e-06
6.319386935290036e-06
6.30776287323777e-06
6.30776287323777e-06
6.3077627743896045e-06
6.307762901840817e-06
6.30776284470959e-06
6.3077628453672834e-06
6.307762917982197e-06
6.3077627628291955e-06
6.307762816784068e-06
6.307762761463656e-06
6.3077627265770595e-06
6.3077627148381984e-06
6.307762721425588e-06
6.307762805242467e-06
6.307762806211603e-06
6.307762960705178e-06
6.307762873086736e-06
6.307762866147176e-06
6.281249748673718e-06
6.281249748673718e-06
6.281249625911245e-06
6.281249734776656e-06
6.2812497156132605e-06
6.281249709162581e-06
6.281249792442098e-06
6.281249611055488e-06
6.281249659111115e-06
6.2812495847246735e-06
6.2812495912106496e-06
6.281249435131894e-06
6.281249588509964e-06
6.281249679097213e-06
6.281249717164596e-06
6.2812498107055625e-06
6.281249754136097e-06
6.2812497337929905e-06
6.229342285762572e-06
6.229342285762572e-06
6.229342146714834e-06
6.229342226222185e-06
6.22934224987746e-06
6.229342231061476e-06
6.2293423302133005e-06
6.229342123328141e-06
6.229342155934663e-06
6.2293420745981075e-06
6.229342132787002e-06
6.2293418223583645e-06
6.229342130461742e-06
6.229342249039548e-06
6.229342324330448e-06
6.229342311569455e-06
6.229342288242731e-06
6.229342262572607e-06
6.1603831497074285e-06
6.1603831497074285e-06
6.1603830285699365e-06
6.1603830772729986e-06
6.160383117917686e-06
6.160383084276688e-06
6.160383198484031e-06
6.160382990812187e-06
6.160382997245413e-06
6.160382946329596e-06
6.160383036493576e-06
6.160382684123585e-06
6.160383028893123e-06
6.160383204909911e-06
6.1603832845049005e-06
6.1603831439458265e-06
6.160383129761726e-06
6.160383124319007e-06
6.113500826537009e-06
6.113500826537009e-06
6.113500759749858e-06
6.1135007981611266e-06
6.113500805871165e-06
6.113500764733264e-06
6.113500881735074e-06
6.1135007097076705e-06
6.1135006936713506e-06
6.1135007049976845e-06
6.113500774986266e-06
6.113500574569553e-06
6.113500757831496e-06
6.113500991662162e-06
6.113501024781822e-06
6.113500819137047e-06
6.113500772437008e-06
6.1135008094513244e-06
6.101085197912393e-06
6.101085197912393e-06
6.10108517127779e-06
6.101085218300897e-06
6.1010851852103935e-06
6.101085145863191e-06
6.101085256530488e-06
6.101085118278609e-06
6.1010850968086844e-06
6.101085148195155e-06
6.101085180325931e-06
6.101085146753228e-06
6.101085157432145e-06
6.101085411026138e-06
6.10108539837249e-06
6.1010852076668455e-06
6.101085125197608e-06
6.101085189918234e-06
6.09957544641613e-06
6.09957544641613e-06
6.099575429650238e-06
6.099575482881399e-06
6.099575435607267e-06
6.0995753985764905e-06
6.099575505519769e-06
6.099575377483832e-06
6.099575357576488e-06
6.099575417238169e-06
6.099575434139651e-06
6.09957545554351e-06
6.0995754102451055e-06
6.09957566260441e-06
6.0995756360226515e-06
6.099575465034382e-06
6.099575370808239e-06
6.099575441451595e-06
6.0988308365606e-06
6.0988308365606e-06
6.098830822425829e-06
6.0988308783777466e-06
6.098830826239644e-06
6.09883079035305e-06
6.098830895671793e-06
6.098830770909707e-06
6.098830752286846e-06
6.098830813638348e-06
6.09883082474986e-06
6.098830864724907e-06
6.098830800802906e-06
6.098831050822915e-06
6.098831020122247e-06
6.0988308587718925e-06
6.098830760636982e-06
6.098830832679396e-06
6.096292304264783e-06
6.096292304264783e-06
6.096292295257539e-06
6.0962923567510414e-06
6.09629229489053e-06
6.0962922614805575e-06
6.096292363263586e-06
6.096292245179772e-06
6.096292229638112e-06
6.096292293802974e-06
6.096292292610658e-06
6.096292370588977e-06
6.096292268973967e-06
6.09629251255002e-06
6.096292474718884e-06
6.096292333820456e-06
6.096292227888151e-06
6.0962923027888196e-06
6.0903247246370444e-06
6.0903247246370444e-06
6.0903247229702835e-06
6.090324791677332e-06
6.090324716628522e-06
6.090324686750156e-06
6.0903247832919635e-06
6.090324674861435e-06
6.090324664162632e-06
6.090324731736608e-06
6.090324712420373e-06
6.090324844637401e-06
6.090324690049596e-06
6.090324921950033e-06
6.090324876805917e-06
6.09032476405231e-06
6.090324647464801e-06
6.090324727035193e-06
6.074286814335609e-06
6.074286814335609e-06
6.0742868251830535e-06
6.074286903942938e-06
6.074286808688469e-06
6.074286784611448e-06
6.074286871970166e-06
6.074286780046931e-06
6.074286778424856e-06
6.074286850380714e-06
6.0742867994460066e-06
6.074287022328019e-06
6.074286781292792e-06
6.074286987619089e-06
6.074286937671736e-06
6.0742868684293735e-06
6.074286735269201e-06
6.074286824363341e-06
6.035663895474797e-06
6.035663895474797e-06
6.035663925560157e-06
6.035664014209696e-06
6.035663893539907e-06
6.0356638777983334e-06
6.0356639504947235e-06
6.035663884019509e-06
6.03566389826419e-06
6.0356639735228075e-06
6.035663872400704e-06
6.035664229891921e-06
6.035663865711083e-06
6.035664019134259e-06
6.035663980463316e-06
6.035663966838196e-06
6.035663812154879e-06
6.035663919699108e-06
5.9505328614250205e-06
5.9505328614250205e-06
5.950532917990045e-06
5.950533006974446e-06
5.950532864795828e-06
5.9505328591269405e-06
5.950532910356907e-06
5.950532879067367e-06
5.950532919676443e-06
5.950532991318456e-06
5.9505328174264175e-06
5.950533348701811e-06
5.950532838335287e-06
5.9505328866997366e-06
5.950532907908065e-06
5.950532943930756e-06
5.950532769068419e-06
5.950532911054976e-06
5.806145090802179e-06
5.806145090802179e-06
5.806145171071446e-06
5.806145230531912e-06
5.8061450993631345e-06
5.806145099563167e-06
5.806145128693013e-06
5.80614512925479e-06
5.8061452035961815e-06
5.806145253677801e-06
5.8061450064417186e-06
5.806145667340675e-06
5.806145078517523e-06
5.806144960609085e-06
5.806145134826522e-06
5.806145154944671e-06
5.806144983262163e-06
5.80614517633155e-06
5.65722703647481e-06
5.65722703647481e-06
5.6572271155696525e-06
5.657227108183667e-06
5.657227045788048e-06
5.6572270384866796e-06
5.657227062103516e-06
5.657227061899036e-06
5.657227157722671e-06
5.657227166916991e-06
5.657226904682186e-06
5.65722749952045e-06
5.657227034670013e-06
5.6572267599050666e-06
5.657227153805585e-06
5.657227036676892e-06
5.657226913545466e-06
5.657227150333486e-06
5.5888005983350596e-06
5.5888005983350596e-06
5.58880065215628e-06
5.588800586527738e-06
5.588800603441012e-06
5.58880058041137e-06
5.588800618906112e-06
5.5888005858118214e-06
5.588800676000724e-06
5.588800653093044e-06
5.5888004448249695e-06
5.588800822791575e-06
5.588800599398665e-06
5.588800285596222e-06
5.588800814194901e-06
5.588800533027e-06
5.5888004705634226e-06
5.588800713421919e-06
5.577487155620652e-06
5.577487155620652e-06
5.577487192423878e-06
5.5774871103001e-06
5.577487157558681e-06
5.577487126337227e-06
5.577487177039575e-06
5.57748712153452e-06
5.577487200119725e-06
5.5774871695747685e-06
5.577487004165615e-06
5.5774872554917e-06
5.577487154844873e-06
5.577486870380552e-06
5.577487413187535e-06
5.5774870678928855e-06
5.577487030187343e-06
5.577487261464257e-06
5.576112092585074e-06
5.576112092585074e-06
5.576112125208859e-06
5.576112042628297e-06
5.576112093693133e-06
5.576112060839642e-06
5.576112114876033e-06
5.576112053832138e-06
5.5761121282013675e-06
5.576112098019246e-06
5.5761119445589765e-06
5.57611216730607e-06
5.576112090631421e-06
5.576111823029688e-06
5.576112356141197e-06
5.576112002927927e-06
5.5761119688905265e-06
5.576112194498665e-06
5.574085447867229e-06
5.574085447867229e-06
5.574085477035426e-06
5.574085394916256e-06
5.574085448278975e-06
5.574085414165462e-06
5.574085471016294e-06
5.5740854053982605e-06
5.574085475703214e-06
5.5740854463977875e-06
5.574085303925946e-06
5.574085502552919e-06
5.5740854445131265e-06
5.574085194810665e-06
5.574085714675664e-06
5.574085357738266e-06
5.574085326435072e-06
5.57408554601097e-06
5.567973479488957e-06
5.567973479488957e-06
5.567973503024753e-06
5.56797342162906e-06
5.567973478772525e-06
5.56797344260464e-06
5.56797350397504e-06
5.5679734309447495e-06
5.567973493819525e-06
5.567973466095568e-06
5.5679733439666444e-06
5.567973499862696e-06
5.567973473049131e-06
5.5679732578016275e-06
5.567973749408325e-06
5.5679733894702174e-06
5.56797336347488e-06
5.5679735710827626e-06
5.552569758703417e-06
5.552569758703417e-06
5.552569774785394e-06
5.552569693613455e-06
5.552569756521555e-06
5.552569717563956e-06
5.552569784673503e-06
5.552569701955435e-06
5.552569753105266e-06
5.552569727469985e-06
5.552569638469057e-06
5.5525697282698735e-06
5.5525697461781574e-06
5.552569588798204e-06
5.55257002769597e-06
5.552569670513468e-06
5.552569654247031e-06
5.55256984085472e-06
5.515107050021856e-06
5.515107050021856e-06
5.5151070578237866e-06
5.51510697464719e-06
5.51510704629301e-06
5.515107004017766e-06
5.51510707679728e-06
5.515106983665791e-06
5.515107016470126e-06
5.515106993039923e-06
5.515106958434536e-06
5.515106947534349e-06
5.5151070250738175e-06
5.515106966447951e-06
5.515107303826464e-06
5.515106968488176e-06
5.515106970836069e-06
5.5151071195553496e-06
5.440424996369024e-06
5.440424996369024e-06
5.440425001408512e-06
5.4404249104570475e-06
5.440424992378461e-06
5.440424948307976e-06
5.440425020760186e-06
5.440424925248801e-06
5.4404249352550196e-06
5.440424912175567e-06
5.440424950900322e-06
5.44042482079982e-06
5.440424949520435e-06
5.440425031880555e-06
5.4404252007333615e-06
5.440424931527384e-06
5.440424964601616e-06
5.440425055029321e-06
5.33643933417237e-06
5.33643933417237e-06
5.336439353116896e-06
5.3364392461745385e-06
5.336439333472691e-06
5.33643929310222e-06
5.336439349983273e-06
5.336439274943437e-06
5.3364392703445686e-06
5.33643924250926e-06
5.336439340152515e-06
5.336439146045126e-06
5.336439259836219e-06
5.3364394705450535e-06
5.3364394432083204e-06
5.336439297555946e-06
5.336439366135699e-06
5.336439395872295e-06
5.261106029805358e-06
5.261106029805358e-06
5.261106077149891e-06
5.261105953941213e-06
5.261106035240487e-06
5.261106004020516e-06
5.2611060342083066e-06
5.261105998461164e-06
5.261106002498012e-06
5.2611059658383854e-06
5.261106056539515e-06
5.261105929149754e-06
5.261105940284163e-06
5.2611061639506165e-06
5.261106046475771e-06
5.261106017464382e-06
5.261106102011827e-06
5.261106113071011e-06
5.239588332564838e-06
5.239588332564838e-06
5.23958839835965e-06
5.2395882695022875e-06
5.239588341809973e-06
5.239588317022273e-06
5.239588331385437e-06
5.239588320419122e-06
5.239588341595838e-06
5.239588299471037e-06
5.239588347504974e-06
5.239588322651093e-06
5.239588245460134e-06
5.239588402851664e-06
5.239588319889221e-06
5.2395883259983805e-06
5.239588403962787e-06
5.239588434424919e-06
5.237729447220793e-06
5.237729447220793e-06
5.237729516490854e-06
5.2377293880318494e-06
5.237729457131986e-06
5.2377294337124904e-06
5.237729445525791e-06
5.237729439017514e-06
5.2377294668352725e-06
5.237729423761744e-06
5.237729452456406e-06
5.2377294644486615e-06
5.237729364213121e-06
5.237729487010157e-06
5.237729438075186e-06
5.237729438791843e-06
5.237729510489161e-06
5.237729553916396e-06
5.237642534113652e-06
5.237642534113652e-06
5.2376426034031065e-06
5.237642475390698e-06
5.237642544013573e-06
5.237642520662949e-06
5.237642532569467e-06
5.237642526036546e-06
5.237642554910811e-06
5.23764251185784e-06
5.237642537058105e-06
5.237642554508357e-06
5.237642452224616e-06
5.237642568219854e-06
5.237642527673139e-06
5.23764252480307e-06
5.237642594954029e-06
5.237642641206705e-06
5.2373634900161906e-06
5.2373634900161906e-06
5.237363559159361e-06
5.2373634318876796e-06
5.237363499864207e-06
5.237363476592764e-06
5.237363488733909e-06
5.2373634819625945e-06
5.237363512253018e-06
5.237363469287254e-06
5.237363489644204e-06
5.237363514315994e-06
5.23736340979644e-06
5.237363516246444e-06
5.237363487844836e-06
5.2373634793591346e-06
5.237363547236459e-06
5.237363597454539e-06
5.236429251357465e-06
5.236429251357465e-06
5.236429320199126e-06
5.2364291941763796e-06
5.2364292611115844e-06
5.236429238038616e-06
5.23642925046958e-06
5.2364292433144295e-06
5.236429275791737e-06
5.236429232996709e-06
5.236429245747521e-06
5.236429281613911e-06
5.236429173834415e-06
5.236429265336816e-06
5.23642925594504e-06
5.236429238606068e-06
5.236429302829606e-06
5.236429359089321e-06
5.233597159130357e-06
5.233597159130357e-06
5.233597227367539e-06
5.233597103575943e-06
5.233597168714768e-06
5.233597146184409e-06
5.233597158816296e-06
5.233597151111666e-06
5.233597187111401e-06
5.233597144660768e-06
5.233597144888392e-06
5.233597198959713e-06
5.233597086194343e-06
5.233597153268113e-06
5.23359717472151e-06
5.233597143053664e-06
5.233597201098171e-06
5.2335972667591924e-06
5.22575385907039e-06
5.22575385907039e-06
5.225753926073418e-06
5.225753806310878e-06
5.225753868346127e-06
5.225753847244995e-06
5.225753859481259e-06
5.225753851123415e-06
5.225753892598119e-06
5.225753850858686e-06
5.22575383092453e-06
5.225753913757019e-06
5.2257537938851626e-06
5.22575382210806e-06
5.225753892006404e-06
5.2257538379676955e-06
5.225753885657868e-06
5.225753965048919e-06
5.205306614017943e-06
5.205306614017943e-06
5.205306678435042e-06
5.205306566075469e-06
5.2053066227222e-06
5.205306605259973e-06
5.205306615058984e-06
5.2053066062681e-06
5.205306655810535e-06
5.205306615578437e-06
5.205306564114058e-06
5.205306690547175e-06
5.205306561876051e-06
5.205306530551186e-06
5.205306673133584e-06
5.205306585885155e-06
5.205306616358248e-06
5.20530671366984e-06
5.157124679877845e-06
5.157124679877845e-06
5.157124739065306e-06
5.157124639767755e-06
5.157124687564605e-06
5.157124678645117e-06
5.157124680560178e-06
5.157124672613334e-06
5.1571247322166055e-06
5.157124695064455e-06
5.157124599524011e-06
5.157124783515907e-06
5.157124648239337e-06
5.157124536649358e-06
5.157124773261449e-06
5.157124643961016e-06
5.157124647844643e-06
5.1571247614666996e-06
5.064185855414629e-06
5.064185855414629e-06
5.064185905533465e-06
5.064185825744534e-06
5.064185861564409e-06
5.064185869404879e-06
5.064185852787619e-06
5.0641858491343635e-06
5.064185915888963e-06
5.064185884130252e-06
5.064185744564455e-06
5.06418597797801e-06
5.064185849661036e-06
5.0641856649811964e-06
5.064185977484073e-06
5.064185816587124e-06
5.064185787907455e-06
5.06418589701721e-06
4.944972676269136e-06
4.944972676269136e-06
4.94497271586572e-06
4.944972654335844e-06
4.944972680952154e-06
4.9449727109448335e-06
4.944972666060757e-06
4.944972671329361e-06
4.944972732040795e-06
4.944972706614025e-06
4.944972561108795e-06
4.944972781676773e-06
4.944972687077974e-06
4.944972509655712e-06
4.944972788809268e-06
4.944972648810057e-06
4.9449726012172005e-06
4.944972659426986e-06
4.8695812865865695e-06
4.8695812865865695e-06
4.8695813213811464e-06
4.869581263248371e-06
4.869581290956834e-06
4.869581334101874e-06
4.869581268701606e-06
4.869581282482014e-06
4.869581324261707e-06
4.869581301809416e-06
4.869581204508955e-06
4.869581340059998e-06
4.869581289757225e-06
4.869581219463207e-06
4.869581346498945e-06
4.869581280941705e-06
4.8695812460019624e-06
4.869581229515568e-06
4.852642605438422e-06
4.852642605438422e-06
4.852642641513074e-06
4.852642577000238e-06
4.85264261028707e-06
4.852642653289104e-06
4.8526425849267475e-06
4.852642601358554e-06
4.852642630243945e-06
4.852642607094705e-06
4.852642553425647e-06
4.852642623845382e-06
4.8526425937837365e-06
4.852642610070837e-06
4.852642625835586e-06
4.852642612414912e-06
4.8526425977159954e-06
4.852642544098688e-06
4.852223061667475e-06
4.852223061667475e-06
4.852223099013432e-06
4.85222303128065e-06
4.852223066765708e-06
4.8522231076968125e-06
4.852223041212029e-06
4.852223057470696e-06
4.852223083761293e-06
4.852223059867548e-06
4.852223017388262e-06
4.8522230731016635e-06
4.852223044880472e-06
4.852223081599463e-06
4.852223073306502e-06
4.852223070678259e-06
4.852223062646288e-06
4.852223004676003e-06
4.852408871301173e-06
4.852408871301173e-06
4.852408908897528e-06
4.852408840657447e-06
4.852408876438618e-06
4.852408916866715e-06
4.852408850970798e-06
4.852408867074889e-06
4.852408893268171e-06
4.852408869228271e-06
4.852408827655e-06
4.852408882508668e-06
4.852408853885849e-06
4.8524088919447235e-06
4.852408882463565e-06
4.852408880278628e-06
4.852408873020761e-06
4.8524088155766895e-06
4.852596658039031e-06
4.852596658039031e-06
4.8525966959213765e-06
4.852596627115483e-06
4.852596663218422e-06
4.852596703023178e-06
4.852596637876458e-06
4.85259665377666e-06
4.852596679898179e-06
4.852596655697533e-06
4.852596615046e-06
4.852596669139107e-06
4.852596639928202e-06
4.85259667919596e-06
4.852596668806536e-06
4.852596666917108e-06
4.85259666050463e-06
4.852596603947472e-06
4.852745062305404e-06
4.852745062305404e-06
4.852745100615753e-06
4.8527450309536035e-06
4.852745067542966e-06
4.852745106305375e-06
4.852745042423828e-06
4.852745057984428e-06
4.852745083952519e-06
4.8527450595297685e-06
4.852745020433708e-06
4.852745073245007e-06
4.852745043068074e-06
4.8527450842445365e-06
4.852745072435668e-06
4.852745071022679e-06
4.852745065973218e-06
4.852745011054912e-06
4.852543718283168e-06
4.852543718283168e-06
4.852543757139146e-06
4.852543686350073e-06
4.8525437235821226e-06
4.8525437607038844e-06
4.852543698839599e-06
4.8525437138745185e-06
4.852543739488399e-06
4.852543714835997e-06
4.852543678312392e-06
4.852543728949382e-06
4.8525436973380315e-06
4.852543741399646e-06
4.852543727391019e-06
4.852543726786743e-06
4.852543723791567e-06
4.85254367178217e-06
4.851090735920295e-06
4.851090735920295e-06
4.851090775299844e-06
4.851090703313809e-06
4.8510907412369035e-06
4.8510907757741865e-06
4.85109071715459e-06
4.8510907313855495e-06
4.851090756141212e-06
4.851090731441937e-06
4.8510906993106615e-06
4.851090746089906e-06
4.851090712451819e-06
4.851090760772977e-06
4.851090743353909e-06
4.8510907441948035e-06
4.851090744202718e-06
4.851090697628705e-06
4.846010145870086e-06
4.846010145870086e-06
4.846010185148211e-06
4.846010112897518e-06
4.846010151006239e-06
4.846010181710684e-06
4.846010128077965e-06
4.846010141179723e-06
4.846010163877619e-06
4.846010139931455e-06
4.846010115204585e-06
4.846010155129176e-06
4.846010119094833e-06
4.846010172991808e-06
4.846010150652474e-06
4.8460101540865075e-06
4.846010157940519e-06
4.846010121653955e-06
4.832010990623635e-06
4.832010990623635e-06
4.832011027472699e-06
4.832010958836269e-06
4.832010994986428e-06
4.832011020754743e-06
4.832010974002398e-06
4.832010985815004e-06
4.832011003807618e-06
4.832010982985107e-06
4.83201097012521e-06
4.8320109982541945e-06
4.8320109607300175e-06
4.832011019867156e-06
4.832010991550919e-06
4.8320109995025585e-06
4.832011006719066e-06
4.8320109895097576e-06
4.801640777671175e-06
4.801640777671175e-06
4.801640806453307e-06
4.801640751242721e-06
4.801640779972984e-06
4.801640801767756e-06
4.8016407617723906e-06
4.801640772985737e-06
4.80164078172685e-06
4.8016407691450306e-06
4.8016407720352145e-06
4.801640782778823e-06
4.8016407482996454e-06
4.801640806494286e-06
4.801640774323654e-06
4.801640789043419e-06
4.80164079473736e-06
4.801640808380264e-06
4.756884671735901e-06
4.756884671735901e-06
4.756884685096382e-06
4.75688465664874e-06
4.756884670488614e-06
4.756884694257202e-06
4.756884654779334e-06
4.7568846676834596e-06
4.7568846636523866e-06
4.756884665179702e-06
4.756884679944519e-06
4.756884674244439e-06
4.756884651746078e-06
4.756884694000625e-06
4.756884666788616e-06
4.756884688099561e-06
4.756884681105045e-06
4.75688472867621e-06
4.721852778471905e-06
4.721852778471905e-06
4.721852777188656e-06
4.721852774986769e-06
4.721852774151253e-06
4.721852807058302e-06
4.7218527586610775e-06
4.721852775322081e-06
4.721852762896205e-06
4.721852776570675e-06
4.721852788764533e-06
4.721852780201522e-06
4.721852773756201e-06
4.721852790139388e-06
4.721852776996077e-06
4.721852799744183e-06
4.721852773279996e-06
4.7218528340418225e-06
4.710376278483126e-06
4.710376278483126e-06
4.7103762727353755e-06
4.710376279049964e-06
4.710376273408688e-06
4.710376313588271e-06
4.710376256661651e-06
4.710376275794489e-06
4.71037626311937e-06
4.7103762797222886e-06
4.71037628257296e-06
4.710376281019863e-06
4.7103762823584525e-06
4.7103762842188324e-06
4.7103762811502455e-06
4.710376301353786e-06
4.710376264371294e-06
4.710376317389199e-06
4.709231639618873e-06
4.709231639618873e-06
4.709231634448308e-06
4.7092316399685e-06
4.709231634750753e-06
4.709231676657538e-06
4.7092316173817785e-06
4.709231636980908e-06
4.7092316257170214e-06
4.709231641477264e-06
4.709231640437614e-06
4.709231642674034e-06
4.709231644726167e-06
4.709231644512936e-06
4.7092316435872635e-06
4.709231662340389e-06
4.709231623994378e-06
4.7092316710003455e-06
4.709293039222237e-06
4.709293039222237e-06
4.709293034420566e-06
4.709293039314172e-06
4.709293034443483e-06
4.709293076414421e-06
4.709293016985663e-06
4.709293036573335e-06
4.709293025680124e-06
4.7092930410789e-06
4.709293039529619e-06
4.709293042367917e-06
4.709293044207722e-06
4.709293044202335e-06
4.709293043309629e-06
4.709293061822552e-06
4.709293023667934e-06
4.709293069544849e-06
4.709345385214625e-06
4.709345385214625e-06
4.7093453806929685e-06
4.709345385106654e-06
4.709345380501676e-06
4.709345422474234e-06
4.70934536299524e-06
4.709345382554909e-06
4.709345371929532e-06
4.709345387055574e-06
4.70934538519131e-06
4.709345388421376e-06
4.70934539007313e-06
4.709345390283184e-06
4.70934538936568e-06
4.709345407715941e-06
4.709345369756939e-06
4.709345414865469e-06
4.709412988290808e-06
4.709412988290808e-06
4.709412984369628e-06
4.70941298775367e-06
4.709412983717151e-06
4.709413025657439e-06
4.709412966133102e-06
4.70941298560457e-06
4.709412975570016e-06
4.709412990096245e-06
4.709412987566201e-06
4.709412991630988e-06
4.709412992867694e-06
4.7094129935536396e-06
4.709412992572386e-06
4.709413010559679e-06
4.709412973063964e-06
4.709413016505074e-06
4.709393792760369e-06
4.709393792760369e-06
4.7093937897164946e-06
4.70939379159689e-06
4.709393788386391e-06
4.709393830206748e-06
4.709393770750226e-06
4.7093937900278385e-06
4.709393780905276e-06
4.709393794515495e-06
4.7093937910068535e-06
4.709393796305294e-06
4.709393796916573e-06
4.709393798308962e-06
4.709393797228584e-06
4.709393814640188e-06
4.709393777913729e-06
4.709393818829005e-06
4.709047439444346e-06
4.709047439444346e-06
4.7090474378526684e-06
4.709047437245949e-06
4.709047435390737e-06
4.709047476820749e-06
4.709047417831204e-06
4.709047436615094e-06
4.709047429133836e-06
4.709047441121298e-06
4.709047435972151e-06
4.709047443354907e-06
4.709047442881624e-06
4.70904744546958e-06
4.70904744421237e-06
4.709047460548097e-06
4.7090474253391525e-06
4.7090474618270365e-06
4.70772097729123e-06
4.70772097729123e-06
4.707720977903555e-06
4.707720973527164e-06
4.707720973697748e-06
4.707721014042433e-06
4.707720956673287e-06
4.707720974263547e-06
4.707720969612029e-06
4.70772097886285e-06
4.7077209711701975e-06
4.707720981825524e-06
4.707720979579769e-06
4.707720984048919e-06
4.707720982491097e-06
4.707720996877622e-06
4.707720964599209e-06
4.707720993733293e-06
4.703821073354113e-06
4.703821073354113e-06
4.703821077075888e-06
4.703821067394181e-06
4.703821070342268e-06
4.703821107880576e-06
4.703821055156113e-06
4.703821069912892e-06
4.703821070130031e-06
4.7038210748115784e-06
4.703821063391455e-06
4.703821078946398e-06
4.703821073872963e-06
4.703821081168537e-06
4.7038210791032615e-06
4.703821089921393e-06
4.703821063400533e-06
4.703821080518423e-06
4.694666821100424e-06
4.694666821100424e-06
4.694666828120526e-06
4.694666812844434e-06
4.694666818532612e-06
4.694666849828696e-06
4.6946668080708806e-06
4.694666816878476e-06
4.69466682450431e-06
4.694666822525038e-06
4.694666806794911e-06
4.694666828270838e-06
4.694666819360463e-06
4.694666830095659e-06
4.694666827278681e-06
4.6946668322158885e-06
4.694666815958618e-06
4.694666816127319e-06
4.679156563864062e-06
4.679156563864062e-06
4.679156571745813e-06
4.679156555097732e-06
4.679156560947621e-06
4.679156581838672e-06
4.679156559174997e-06
4.6791565585190035e-06
4.6791565741105304e-06
4.679156565517198e-06
4.679156547704557e-06
4.679156572671584e-06
4.6791565605086865e-06
4.679156573328566e-06
4.679156569741771e-06
4.679156567511545e-06
4.679156565103211e-06
4.6791565495511345e-06
4.664154866295506e-06
4.664154866295506e-06
4.6641548700330344e-06
4.664154860592035e-06
4.664154861895994e-06
4.664154873158771e-06
4.664154869031489e-06
4.6641548601012165e-06
4.6641548783913895e-06
4.66415486846205e-06
4.664154854160087e-06
4.664154875558987e-06
4.664154863736673e-06
4.664154874596515e-06
4.664154870812372e-06
4.664154864758961e-06
4.6641548716913725e-06
4.664154854948983e-06
4.657809633569522e-06
4.657809633569522e-06
4.6578096319890435e-06
4.657809631696328e-06
4.657809627786912e-06
4.65780963651448e-06
4.657809638010024e-06
4.657809627314227e-06
4.657809642318108e-06
4.657809636129551e-06
4.657809627403527e-06
4.657809642047138e-06
4.657809633180529e-06
4.657809640197442e-06
4.657809636801875e-06
4.657809632145277e-06
4.657809638564386e-06
4.657809632934578e-06
4.656975737651683e-06
4.656975737651683e-06
4.656975734124311e-06
4.656975737160304e-06
4.656975731468516e-06
4.656975741265423e-06
4.656975741124745e-06
4.656975731583378e-06
4.656975744011015e-06
4.656975740301831e-06
4.656975733835319e-06
4.656975745562564e-06
4.656975738290698e-06
4.65697574363035e-06
4.656975740507631e-06
4.656975737645174e-06
4.656975741332683e-06
4.656975742343352e-06
4.657028830352885e-06
4.657028830352885e-06
4.657028826658042e-06
4.657028829976357e-06
4.6570288241562335e-06
4.657028834440378e-06
4.657028833427648e-06
4.657028824342162e-06
4.657028836276034e-06
4.65702883300015e-06
4.6570288267716654e-06
4.6570288381595686e-06
4.657028831126805e-06
4.6570288362682744e-06
4.65702883319492e-06
4.657028830741537e-06
4.657028833689289e-06
4.6570288357817285e-06
     fun: 4.747810708034037e-06
     jac: array([-4.14058263e-08,  8.62060006e-08, -2.83477220e-07,  1.13949966e-07,
        2.40563622e-08, -4.30463388e-07,  1.17275249e-07,  1.23078280e-07,
       -1.57662384e-07,  1.78546316e-08,  2.12443467e-07,  1.06025198e-07,
       -9.27386168e-08, -2.94650249e-07,  1.59279978e-07,  9.67879714e-08])
 message: 'Optimization terminated successfully.'
    nfev: 1800
     nit: 100
    njev: 100
  status: 0
 success: True
       x: array([ 0.49356226, -0.46183602, -0.45879669, -0.36190173,  0.25715306,
        0.01460148,  0.12325652, -0.27072153,  0.62160139,  0.12703603,
        0.66638011, -0.50623813, -0.50172541, -0.5786593 ,  0.41846566,
       -0.55629098])

========================================================

Final result:
0.4935622577782267
-0.4618360173380316
-0.45879668506852683
0.14235681487611057
0.14235681487611057
0.14235681487611057
-0.36190172960409217
0.2571530589588645
0.014601484539787187
0.1232565200457638
-0.2707215334710524
0.6216013919372849
0.1270360307133259
0.1270360307133259
0.6663801061595782
-0.5062381315173059
-0.5017254079938624
-0.5786592996761896
0.4184656558066491
-0.5562909750311283
0.4200067984190512
