3.589108062675503e-05
3.589108062675503e-05
3.589107746352805e-05
3.589107614968441e-05
3.5891079972287736e-05
3.589108388872569e-05
3.58910849489241e-05
3.589108266582855e-05
3.589108232360511e-05
3.589108392729034e-05
3.589108063234231e-05
3.589108673091911e-05
3.589108605001333e-05
3.5891079475032166e-05
3.589108563321122e-05
3.589108092457371e-05
3.589108185997514e-05
3.589108062782958e-05
3.514699064924842e-05
3.514699064924842e-05
3.5146987517694034e-05
3.514698623719204e-05
3.5146990000720215e-05
3.514699358032684e-05
3.5146994606635806e-05
3.5146992384742984e-05
3.5146992038207765e-05
3.514699358282059e-05
3.514699045661892e-05
3.5146995996427415e-05
3.5146995678209564e-05
3.5146989318745075e-05
3.514699522163157e-05
3.5146990817030586e-05
3.514699172406799e-05
3.514699062367269e-05
3.249295944482806e-05
3.249295944482806e-05
3.249295646797353e-05
3.2492955344406814e-05
3.249295882544684e-05
3.249296089144756e-05
3.249296176087193e-05
3.249295982430305e-05
3.2492959463800165e-05
3.2492960735002356e-05
3.249295837007151e-05
3.249296140289226e-05
3.24929627026452e-05
3.249295732152148e-05
3.249296206480707e-05
3.2492959033496714e-05
3.249295981253671e-05
3.249295930068955e-05
3.0693887480048075e-05
3.0693887480048075e-05
3.0693884770678176e-05
3.069388390484508e-05
3.069388691138224e-05
3.069388666292422e-05
3.069388728097789e-05
3.06938858064259e-05
3.069388543806262e-05
3.069388627131507e-05
3.069388507792478e-05
3.0693884287107486e-05
3.069388803130452e-05
3.0693884170951175e-05
3.0693887110002995e-05
3.069388619625404e-05
3.069388677820313e-05
3.069388715760005e-05
3.0397645407817567e-05
3.0397645407817567e-05
3.039764275446187e-05
3.0397641929656048e-05
3.0397644850075194e-05
3.0397644404477957e-05
3.0397644988804398e-05
3.0397643581223234e-05
3.0397643226667046e-05
3.0397644001284416e-05
3.0397642915745544e-05
3.039764180975527e-05
3.0397645730326052e-05
3.039764202622793e-05
3.0397644778118047e-05
3.0397644063737392e-05
3.0397644627403307e-05
3.0397645073388403e-05
2.867928908186034e-05
2.867928908186034e-05
2.8679286672950302e-05
2.8679286000601834e-05
2.8679288572411214e-05
2.867928785603867e-05
2.867928833202927e-05
2.8679287155543356e-05
2.867928689280755e-05
2.8679287479467878e-05
2.867928658284638e-05
2.8679285096870788e-05
2.8679289099014375e-05
2.8679285744683612e-05
2.8679288070291136e-05
2.8679287725668145e-05
2.8679288256563483e-05
2.867928874713846e-05
2.225878059344797e-05
2.225878059344797e-05
2.2258779259982164e-05
2.2258779213075997e-05
2.225878029753272e-05
2.225877938948096e-05
2.2258779455079917e-05
2.225877919107056e-05
2.2258779385235545e-05
2.225877926069175e-05
2.225877871818229e-05
2.2258777247840463e-05
2.2258780441135382e-05
2.2258778064733725e-05
2.2258779174841634e-05
2.2258779609422e-05
2.225878007526746e-05
2.2258780345591055e-05
1.896614092518533e-05
1.896614092518533e-05
1.896614093225087e-05
1.8966141631343383e-05
1.896614089623954e-05
1.896614047985808e-05
1.896614008314386e-05
1.896614087915391e-05
1.896614168018939e-05
1.896614075495853e-05
1.8966140306742774e-05
1.8966140088217117e-05
1.896614141758769e-05
1.8966139855383033e-05
1.8966139927813796e-05
1.896614071580543e-05
1.8966141157041514e-05
1.896614085002329e-05
1.8920044096922486e-05
1.8920044096922486e-05
1.892004410142262e-05
1.8920044787816917e-05
1.8920044067744633e-05
1.8920043884268203e-05
1.8920043505041368e-05
1.8920044273041645e-05
1.8920045083499883e-05
1.892004418854801e-05
1.8920043630632268e-05
1.8920043803180015e-05
1.89200448599599e-05
1.892004317188485e-05
1.8920043394125944e-05
1.8920043985304387e-05
1.8920044443281143e-05
1.8920044042037644e-05
1.887887300897192e-05
1.887887300897192e-05
1.8878872991189698e-05
1.8878873652844318e-05
1.887887297568026e-05
1.8878873019551268e-05
1.8878872666353342e-05
1.8878873388229433e-05
1.887887419662234e-05
1.8878873346399785e-05
1.8878872679640463e-05
1.887887322582445e-05
1.887887403108649e-05
1.8878872214347003e-05
1.8878872593158233e-05
1.887887298401593e-05
1.8878873456558198e-05
1.887887297195073e-05
1.8816971083632442e-05
1.8816971083632442e-05
1.88169710417418e-05
1.881697167682753e-05
1.881697104591766e-05
1.8816971295187242e-05
1.881697097015247e-05
1.8816971642485282e-05
1.881697244211893e-05
1.8816971639705232e-05
1.881697087954091e-05
1.8816971758472373e-05
1.8816972331774267e-05
1.881697041523235e-05
1.8816970920887692e-05
1.8816971134482076e-05
1.8816971615175557e-05
1.8816971062326013e-05
1.8621056901275277e-05
1.8621056901275277e-05
1.862105680307594e-05
1.8621057374846817e-05
1.862105685335032e-05
1.862105750830414e-05
1.8621057251698306e-05
1.862105780517427e-05
1.8621058568127158e-05
1.8621057880411235e-05
1.8621056951382978e-05
1.8621058474162703e-05
1.862105857187319e-05
1.8621056510359692e-05
1.862105721931849e-05
1.8621057095741766e-05
1.8621057577284456e-05
1.8621056910048285e-05
1.8208978502830214e-05
1.8208978502830214e-05
1.8208978314925116e-05
1.8208978783090682e-05
1.820897843888829e-05
1.8208979593107073e-05
1.8208979451140556e-05
1.82089798085302e-05
1.820898048022414e-05
1.8208979981955555e-05
1.8208978882287225e-05
1.8208981165965426e-05
1.820898063644546e-05
1.8208978520810623e-05
1.8208979367519892e-05
1.8208978859634745e-05
1.8208979305876673e-05
1.8208978546369917e-05
1.740172969010886e-05
1.740172969010886e-05
1.740172936496082e-05
1.7401729669083386e-05
1.740172960215473e-05
1.740173123254392e-05
1.7401731277201383e-05
1.7401731321146827e-05
1.7401731788578232e-05
1.7401731593992088e-05
1.7401730425742864e-05
1.7401733355911342e-05
1.7401732121370735e-05
1.7401730269379562e-05
1.740173096267165e-05
1.7401730165254527e-05
1.7401730485532054e-05
1.7401729761114064e-05
1.6398675365755584e-05
1.6398675365755584e-05
1.6398674915884662e-05
1.6398675061481217e-05
1.639867525680038e-05
1.639867684651532e-05
1.6398677079690144e-05
1.6398676816160172e-05
1.6398676990774117e-05
1.6398677096302035e-05
1.639867618244069e-05
1.6398678849325096e-05
1.6398677391938787e-05
1.6398676350384442e-05
1.639867630521295e-05
1.6398675734484912e-05
1.6398675821439655e-05
1.6398675419404574e-05
1.5768299740206507e-05
1.5768299740206507e-05
1.57682992704934e-05
1.5768299376409793e-05
1.5768299629133017e-05
1.5768300517004956e-05
1.5768300808696872e-05
1.5768300462165045e-05
1.5768300431363e-05
1.5768300622412166e-05
1.5768300214135644e-05
1.5768301591211825e-05
1.576830071024143e-05
1.5768300637324486e-05
1.5768299595203235e-05
1.5768299777750985e-05
1.5768299652274025e-05
1.5768299728969805e-05
1.561508006126367e-05
1.561508006126367e-05
1.5615079641913143e-05
1.5615079798324926e-05
1.561507995976881e-05
1.5615080253270997e-05
1.561508049492944e-05
1.5615080241419512e-05
1.561508018740384e-05
1.5615080293700076e-05
1.5615080191116892e-05
1.5615080580860058e-05
1.561508032465273e-05
1.5615080663751756e-05
1.5615079147945266e-05
1.56150798657862e-05
1.5615079679504655e-05
1.5615080002512938e-05
1.5593652976386518e-05
1.5593652976386518e-05
1.5593652585895808e-05
1.5593652773808102e-05
1.55936528801125e-05
1.5593653001598796e-05
1.5593653208863286e-05
1.5593653015537892e-05
1.559365298448716e-05
1.5593653036805432e-05
1.5593652996497133e-05
1.5593653125852898e-05
1.559365307625508e-05
1.5593653449846826e-05
1.5593651876526213e-05
1.559365272361206e-05
1.559365254380218e-05
1.559365290552299e-05
1.5578059449169954e-05
1.5578059449169954e-05
1.5578059076623597e-05
1.5578059283124754e-05
1.557805935614103e-05
1.5578059398260696e-05
1.5578059585000866e-05
1.5578059428132e-05
1.5578059413922867e-05
1.5578059437429712e-05
1.557805941716606e-05
1.5578059438869105e-05
1.5578059488356768e-05
1.5578059853368886e-05
1.5578058280363126e-05
1.5578059173320234e-05
1.5578059002512527e-05
1.557805937332996e-05
1.5528605586668212e-05
1.5528605586668212e-05
1.5528605255030432e-05
1.5528605499917225e-05
1.5528605501135333e-05
1.5528605382684606e-05
1.5528605527403963e-05
1.5528605448111925e-05
1.5528605466436717e-05
1.5528605440696602e-05
1.5528605451918772e-05
1.552860527797038e-05
1.552860552114242e-05
1.552860585128019e-05
1.552860430804325e-05
1.5528605267658216e-05
1.552860511696301e-05
1.5528605501558965e-05
1.541881732646203e-05
1.541881732646203e-05
1.5418817061422962e-05
1.5418817360077818e-05
1.541881725336548e-05
1.5418816902534794e-05
1.5418816989502624e-05
1.5418817024077588e-05
1.5418817079784075e-05
1.541881700929178e-05
1.541881705120548e-05
1.5418816638518517e-05
1.541881714143637e-05
1.541881739942486e-05
1.5418815948248932e-05
1.5418816950840446e-05
1.5418816828526967e-05
1.541881722940439e-05
1.5170090773045998e-05
1.5170090773045998e-05
1.5170090623677225e-05
1.5170090997248741e-05
1.5170090722049755e-05
1.5170090025219767e-05
1.5170090034529755e-05
1.5170090240361731e-05
1.5170090327289985e-05
1.5170090253816087e-05
1.5170090308313432e-05
1.5170089642130963e-05
1.5170090482542315e-05
1.517009058736314e-05
1.5170089383267034e-05
1.5170090326321154e-05
1.5170090243277852e-05
1.5170090661556857e-05
1.4754821224394956e-05
1.4754821224394956e-05
1.4754821223999053e-05
1.4754821660413693e-05
1.4754821202781663e-05
1.4754820164660873e-05
1.4754820115272366e-05
1.4754820493076874e-05
1.4754820558664019e-05
1.4754820617172982e-05
1.4754820614633742e-05
1.4754819913035103e-05
1.4754820982501066e-05
1.4754820840487291e-05
1.4754820112231098e-05
1.4754820735543406e-05
1.4754820684861828e-05
1.4754821105818287e-05
1.4324435273925761e-05
1.4324435273925761e-05
1.4324435374438751e-05
1.432443580026442e-05
1.4324435273682268e-05
1.4324434169708134e-05
1.4324434145946876e-05
1.4324434562903623e-05
1.4324434516770789e-05
1.432443487868184e-05
1.4324434722492396e-05
1.4324434455023027e-05
1.4324435355930016e-05
1.432443496875727e-05
1.4324434811671794e-05
1.4324434835157577e-05
1.4324434778083485e-05
1.4324435168839562e-05
1.4121494037235997e-05
1.4121494037235997e-05
1.4121494119868263e-05
1.4121494467413906e-05
1.4121494035439181e-05
1.4121493193497256e-05
1.412149326395651e-05
1.4121493556467818e-05
1.4121493383499094e-05
1.4121494013389757e-05
1.4121493711937078e-05
1.4121494056049063e-05
1.41214945002613e-05
1.4121494039209894e-05
1.4121494156219195e-05
1.4121493709056153e-05
1.412149361123223e-05
1.4121493957563297e-05
1.4078276160959138e-05
1.4078276160959138e-05
1.4078276192769808e-05
1.4078276487026755e-05
1.407827615006185e-05
1.407827552586376e-05
1.4078275655861962e-05
1.4078275841516354e-05
1.4078275617630847e-05
1.4078276328729904e-05
1.4078275979759258e-05
1.407827660573574e-05
1.4078276781073422e-05
1.4078276357970253e-05
1.4078276461913946e-05
1.4078275896171507e-05
1.4078275772040803e-05
1.4078276095129221e-05
1.4063215595834766e-05
1.4063215595834766e-05
1.4063215601218117e-05
1.4063215875925231e-05
1.4063215580017436e-05
1.4063215045588405e-05
1.4063215196789954e-05
1.4063215337196019e-05
1.4063215101838958e-05
1.4063215820641498e-05
1.4063215466227868e-05
1.4063216164541329e-05
1.4063216252437573e-05
1.4063215861386924e-05
1.4063215920503695e-05
1.4063215353563603e-05
1.4063215221534329e-05
1.4063215534788567e-05
1.4029522136583269e-05
1.4029522136583269e-05
1.40295221014353e-05
1.4029522348814358e-05
1.4029522113248978e-05
1.402952171347805e-05
1.4029521894698684e-05
1.4029521965326998e-05
1.4029521717436206e-05
1.4029522432795439e-05
1.4029522080177583e-05
1.4029522855879615e-05
1.4029522833148663e-05
1.4029522496119154e-05
1.4029522474512257e-05
1.4029521929342496e-05
1.4029521790531173e-05
1.4029522083033685e-05
1.3951215513602087e-05
1.3951215513602087e-05
1.395121541866903e-05
1.3951215627668918e-05
1.3951215479380188e-05
1.3951215285222838e-05
1.3951215510245011e-05
1.3951215470228972e-05
1.3951215207886905e-05
1.3951215899053209e-05
1.3951215564174537e-05
1.3951216410915925e-05
1.3951216254878924e-05
1.3951216002775271e-05
1.395121585419845e-05
1.3951215366155583e-05
1.3951215228097657e-05
1.3951215473109958e-05
1.3776772372228676e-05
1.3776772372228676e-05
1.3776772195734228e-05
1.3776772355710951e-05
1.3776772323681886e-05
1.3776772431449535e-05
1.3776772716759912e-05
1.3776772504883428e-05
1.377677223017297e-05
1.3776772847127635e-05
1.3776772570376662e-05
1.3776773420497427e-05
1.3776773147189697e-05
1.377677302176031e-05
1.3776772687148067e-05
1.377677232829924e-05
1.3776772216881876e-05
1.3776772354923754e-05
1.347980696050687e-05
1.347980696050687e-05
1.3479806714316243e-05
1.347980683970156e-05
1.347980690094991e-05
1.3479807317353416e-05
1.3479807655877394e-05
1.347980724831123e-05
1.3479806979283985e-05
1.3479807439288537e-05
1.347980728963747e-05
1.3479807930237575e-05
1.347980770321084e-05
1.3479807710449915e-05
1.3479807189167297e-05
1.3479807056266691e-05
1.3479807026559292e-05
1.3479806975554568e-05
1.3168779964435118e-05
1.3168779964435118e-05
1.3168779729545706e-05
1.316877987827912e-05
1.3168779909675698e-05
1.316878040009099e-05
1.3168780734222515e-05
1.3168780238882118e-05
1.3168780008517215e-05
1.3168780265666385e-05
1.3168780284445255e-05
1.3168780440726129e-05
1.3168780563369633e-05
1.3168780608735388e-05
1.3168780050555252e-05
1.3168780162955262e-05
1.3168780264138373e-05
1.31687800049277e-05
1.3022365124305775e-05
1.3022365124305775e-05
1.3022364977203699e-05
1.3022365193363302e-05
1.3022365087473343e-05
1.3022365356250541e-05
1.302236562903938e-05
1.3022365219212767e-05
1.3022365035015624e-05
1.302236518238067e-05
1.3022365295576697e-05
1.3022365018084951e-05
1.3022365562804528e-05
1.3022365521485927e-05
1.3022365108210865e-05
1.3022365315859086e-05
1.30223655083962e-05
1.3022365165399641e-05
1.2995828160375235e-05
1.2995828160375235e-05
1.299582807179915e-05
1.299582832737084e-05
1.2995828134560255e-05
1.2995828216988769e-05
1.299582844750677e-05
1.2995828131837966e-05
1.2995827966179054e-05
1.2995828111231057e-05
1.2995828228542196e-05
1.2995827823256327e-05
1.2995828537555965e-05
1.2995828420081628e-05
1.2995828124514592e-05
1.2995828308378816e-05
1.2995828517233461e-05
1.2995828192346812e-05
1.299128395664165e-05
1.299128395664165e-05
1.299128388328387e-05
1.2991284148077073e-05
1.299128393352521e-05
1.2991283960481407e-05
1.2991284179684043e-05
1.2991283895218704e-05
1.2991283732252916e-05
1.2991283889385647e-05
1.2991283997063305e-05
1.299128358801156e-05
1.2991284325296544e-05
1.2991284184914304e-05
1.2991283924015119e-05
1.2991284086376576e-05
1.2991284291679827e-05
1.2991283984538706e-05
1.2984328053660608e-05
1.2984328053660608e-05
1.2984327994218657e-05
1.2984328267047777e-05
1.2984328032960397e-05
1.298432800673034e-05
1.2984328215327256e-05
1.2984327961684133e-05
1.2984327800629744e-05
1.2984327972847932e-05
1.2984328067956173e-05
1.2984327666005043e-05
1.2984328415402017e-05
1.298432825344106e-05
1.2984328026096628e-05
1.2984328164506841e-05
1.2984328364438992e-05
1.2984328077291437e-05
1.2965097366176769e-05
1.2965097366176769e-05
1.2965097329707059e-05
1.296509761541588e-05
1.2965097349441495e-05
1.2965097233515499e-05
1.2965097424074013e-05
1.2965097222923314e-05
1.2965097065045272e-05
1.2965097264340185e-05
1.2965097335793026e-05
1.2965096954144015e-05
1.296509771328882e-05
1.2965097516257883e-05
1.2965097346706415e-05
1.2965097444729144e-05
1.2965097635539795e-05
1.2965097382476647e-05
1.291761444278726e-05
1.291761444278726e-05
1.291761443991096e-05
1.2917614743677335e-05
1.2917614431823446e-05
1.291761418131296e-05
1.2917614344190059e-05
1.2917614222555442e-05
1.2917614069827394e-05
1.2917614311658336e-05
1.2917614343272555e-05
1.2917614007242679e-05
1.2917614758691427e-05
1.2917614512443991e-05
1.291761443274226e-05
1.2917614472688555e-05
1.2917614651115846e-05
1.2917614447977e-05
1.2803191073297483e-05
1.2803191073297483e-05
1.2803191116182429e-05
1.2803191442567783e-05
1.280319107013457e-05
1.2803190627703155e-05
1.2803190749451957e-05
1.2803190743015217e-05
1.280319059876977e-05
1.2803190905530946e-05
1.2803190869692506e-05
1.2803190635994464e-05
1.280319132049322e-05
1.2803191012814379e-05
1.2803191069318322e-05
1.2803191033542257e-05
1.2803191198020198e-05
1.2803191062417938e-05
1.2568557178192712e-05
1.2568557178192712e-05
1.2568557264440853e-05
1.2568557607083554e-05
1.2568557182263309e-05
1.2568556535487473e-05
1.2568556609239758e-05
1.2568556730004265e-05
1.2568556597735911e-05
1.2568556984140686e-05
1.2568556849881295e-05
1.2568556818336714e-05
1.2568557291316045e-05
1.2568556940233627e-05
1.2568557162100952e-05
1.2568557063576805e-05
1.2568557222559356e-05
1.2568557149637524e-05
1.2218083389797535e-05
1.2218083389797535e-05
1.2218083474282117e-05
1.2218083801119968e-05
1.2218083393108222e-05
1.2218082688765397e-05
1.2218082737940086e-05
1.2218082906494479e-05
1.2218082785406613e-05
1.2218083221472e-05
1.2218082990121718e-05
1.2218083258477756e-05
1.2218083306201954e-05
1.2218083000332302e-05
1.2218083321953453e-05
1.221808325216993e-05
1.221808343390807e-05
1.221808335475824e-05
1.1932008651081887e-05
1.1932008651081887e-05
1.1932008658234533e-05
1.193200892691673e-05
1.1932008640592125e-05
1.193200817359145e-05
1.193200825703849e-05
1.1932008301099236e-05
1.1932008181370468e-05
1.1932008577137797e-05
1.1932008326325232e-05
1.19320088283143e-05
1.1932008416605529e-05
1.1932008272006473e-05
1.1932008504303409e-05
1.1932008596472806e-05
1.1932008831239739e-05
1.1932008633613718e-05
1.1835981654238744e-05
1.1835981654238744e-05
1.1835981579063596e-05
1.1835981796729481e-05
1.1835981629386364e-05
1.1835981462138457e-05
1.183598160080948e-05
1.1835981474768556e-05
1.1835981348466855e-05
1.1835981663069048e-05
1.1835981463820525e-05
1.183598199401118e-05
1.1835981403643879e-05
1.1835981399764971e-05
1.1835981461142942e-05
1.1835981706291236e-05
1.1835981981045951e-05
1.1835981660537988e-05
1.1823321212714135e-05
1.1823321212714135e-05
1.1823321109871532e-05
1.1823321313039513e-05
1.182332118310788e-05
1.1823321127628246e-05
1.1823321288971023e-05
1.1823321097318717e-05
1.1823320967328611e-05
1.1823321245109141e-05
1.182332108017816e-05
1.1823321567749801e-05
1.1823320990611043e-05
1.1823321026865557e-05
1.1823321013371962e-05
1.1823321304466716e-05
1.1823321588341025e-05
1.1823321228078217e-05
1.1820055812476977e-05
1.1820055812476977e-05
1.1820055704226005e-05
1.182005590533069e-05
1.1820055781953996e-05
1.1820055751045814e-05
1.1820055917486728e-05
1.1820055711371884e-05
1.1820055580797613e-05
1.1820055848297628e-05
1.1820055694332234e-05
1.1820056160183222e-05
1.1820055604372032e-05
1.182005564682926e-05
1.1820055614818767e-05
1.1820055912403348e-05
1.1820056196416041e-05
1.1820055829742703e-05
1.1811136343227528e-05
1.1811136343227528e-05
1.181113622668363e-05
1.1811136425368716e-05
1.1811136311291603e-05
1.1811136319595703e-05
1.1811136493308119e-05
1.1811136265277256e-05
1.1811136135210112e-05
1.181113638328924e-05
1.1811136248707633e-05
1.1811136672301902e-05
1.181113616149518e-05
1.1811136212865454e-05
1.1811136151386185e-05
1.1811136454499437e-05
1.1811136736270294e-05
1.1811136363122518e-05
1.1790227157789646e-05
1.1790227157789646e-05
1.1790227029706774e-05
1.1790227226118222e-05
1.1790227123853152e-05
1.1790227187629814e-05
1.179022736919534e-05
1.1790227113317025e-05
1.179022698758031e-05
1.1790227202422756e-05
1.1790227096696915e-05
1.1790227453220526e-05
1.1790227016000307e-05
1.1790227080107789e-05
1.1790226979326423e-05
1.1790227281151938e-05
1.1790227555130382e-05
1.1790227180415665e-05
1.1739166246225042e-05
1.1739166246225042e-05
1.1739166101316003e-05
1.1739166296965041e-05
1.1739166209278764e-05
1.1739166355418128e-05
1.1739166542426211e-05
1.1739166253237535e-05
1.1739166143052841e-05
1.1739166294490475e-05
1.1739166234330284e-05
1.1739166476076865e-05
1.1739166168345802e-05
1.1739166252401628e-05
1.1739166099884407e-05
1.173916637762706e-05
1.1739166628796299e-05
1.1739166270418936e-05
1.1638411537992885e-05
1.1638411537992885e-05
1.163841137552257e-05
1.1638411576500345e-05
1.1638411497679704e-05
1.1638411733128717e-05
1.1638411911189764e-05
1.1638411605070387e-05
1.1638411533509047e-05
1.1638411582782761e-05
1.1638411578312228e-05
1.163841166013277e-05
1.1638411539904993e-05
1.1638411648242023e-05
1.1638411455543435e-05
1.1638411654501485e-05
1.1638411854235262e-05
1.1638411557959302e-05
1.1497428294455437e-05
1.1497428294455437e-05
1.149742812737302e-05
1.1497428345025442e-05
1.1497428252693465e-05
1.1497428519889813e-05
1.1497428659026804e-05
1.1497428393088432e-05
1.149742838762753e-05
1.1497428320192819e-05
1.149742835060199e-05
1.149742829036121e-05
1.1497428349881471e-05
1.1497428473276001e-05
1.1497428304610511e-05
1.1497428348868186e-05
1.1497428466079865e-05
1.1497428298658523e-05
1.1395278520266626e-05
1.1395278520266626e-05
1.1395278372014159e-05
1.1395278611084007e-05
1.1395278481109966e-05
1.1395278667227437e-05
1.1395278750898696e-05
1.139527858253515e-05
1.1395278635171781e-05
1.1395278517476403e-05
1.1395278524176526e-05
1.1395278457543941e-05
1.1395278547989931e-05
1.13952786607967e-05
1.1395278596728903e-05
1.1395278487196254e-05
1.1395278536847423e-05
1.1395278502949825e-05
1.1366091886569211e-05
1.1366091886569211e-05
1.136609175957958e-05
1.1366092008863747e-05
1.1366091850868204e-05
1.1366091937797811e-05
1.1366091992170238e-05
1.1366091893360054e-05
1.1366091960573194e-05
1.1366091868108809e-05
1.1366091829563674e-05
1.1366091847000435e-05
1.1366091853290788e-05
1.1366091946233307e-05
1.1366091968732694e-05
1.13660918077995e-05
1.1366091844114058e-05
1.1366091858322197e-05
1.1363210968819077e-05
1.1363210968819077e-05
1.1363210848623686e-05
1.1363211098625675e-05
1.1363210934312312e-05
1.1363210988087774e-05
1.1363211039010838e-05
1.1363210955280521e-05
1.1363211018059357e-05
1.1363210948301429e-05
1.136321089200255e-05
1.1363210952626628e-05
1.1363210910711323e-05
1.1363210995907672e-05
1.1363211040440079e-05
1.136321088494484e-05
1.1363210928241166e-05
1.1363210939472676e-05
1.1362842409102125e-05
1.1362842409102125e-05
1.1362842289835847e-05
1.1362842539396199e-05
1.136284237477359e-05
1.1362842423626004e-05
1.136284247514209e-05
1.136284239226104e-05
1.1362842452747676e-05
1.1362842388852821e-05
1.1362842329509695e-05
1.1362842399135203e-05
1.136284234656056e-05
1.136284243045049e-05
1.1362842476942684e-05
1.1362842326337624e-05
1.1362842372704687e-05
1.136284238006218e-05
1.1361917776300453e-05
1.1361917776300453e-05
1.136191765826404e-05
1.1361917906831632e-05
1.1361917742209739e-05
1.136191778407288e-05
1.136191783675397e-05
1.136191775475912e-05
1.1361917811481479e-05
1.1361917756651434e-05
1.1361917692998578e-05
1.1361917776055767e-05
1.1361917707315239e-05
1.136191778940027e-05
1.1361917838005243e-05
1.1361917695908136e-05
1.1361917747336677e-05
1.1361917747897661e-05
1.1359535867783134e-05
1.1359535867783134e-05
1.1359535751474198e-05
1.1359535998038931e-05
1.1359535834016632e-05
1.1359535865119809e-05
1.13595359194296e-05
1.1359535839241143e-05
1.1359535890324375e-05
1.135953584911211e-05
1.1359535779240924e-05
1.1359535882307412e-05
1.1359535789177318e-05
1.13595358687651e-05
1.135953592004463e-05
1.1359535791442005e-05
1.1359535850649174e-05
1.1359535840466281e-05
1.13531108661916e-05
1.13531108661916e-05
1.135311075239262e-05
1.1353110994473345e-05
1.1353110832865515e-05
1.1353110845802078e-05
1.1353110902214568e-05
1.135311082648994e-05
1.135311086878494e-05
1.1353110849192065e-05
1.1353110769970583e-05
1.135311090458001e-05
1.1353110772261558e-05
1.1353110848383693e-05
1.1353110902969237e-05
1.1353110797329056e-05
1.1353110869218342e-05
1.1353110840880675e-05
1.133682673984609e-05
1.133682673984609e-05
1.1336826629127514e-05
1.1336826861231643e-05
1.1336826706972255e-05
1.1336826690410142e-05
1.1336826748596905e-05
1.1336826683661013e-05
1.1336826713558724e-05
1.1336826725586628e-05
1.1336826634027694e-05
1.1336826814229725e-05
1.1336826623328546e-05
1.1336826695676119e-05
1.13368267527072e-05
1.1336826684620858e-05
1.1336826775904908e-05
1.1336826718197243e-05
1.1297987147857387e-05
1.1297987147857387e-05
1.1297987039516974e-05
1.1297987249734302e-05
1.1297987115053068e-05
1.12979870529203e-05
1.1297987109903687e-05
1.1297987070141792e-05
1.1297987085395402e-05
1.129798713788873e-05
1.1297987034103881e-05
1.1297987271209742e-05
1.1297987001966379e-05
1.129798707292655e-05
1.1297987126731728e-05
1.1297987117269103e-05
1.1297987235618117e-05
1.1297987132833913e-05
1.1219364724088103e-05
1.1219364724088103e-05
1.1219364613368226e-05
1.1219364781187651e-05
1.121936468994765e-05
1.1219364570188419e-05
1.1219364616697902e-05
1.1219364628078684e-05
1.1219364635045645e-05
1.121936471967691e-05
1.1219364615946536e-05
1.121936489428573e-05
1.1219364553595618e-05
1.1219364632877763e-05
1.121936466670498e-05
1.1219364732755919e-05
1.1219364878742877e-05
1.1219364719640116e-05
1.1106462033257665e-05
1.1106462033257665e-05
1.1106461909510188e-05
1.1106462017335882e-05
1.1106461995195037e-05
1.1106461836523728e-05
1.1106461856926103e-05
1.1106461943901759e-05
1.1106461967028532e-05
1.110646203288202e-05
1.1106461962193322e-05
1.1106462203005236e-05
1.1106461872854045e-05
1.1106461979164278e-05
1.1106461965680853e-05
1.1106462085668969e-05
1.1106462236290082e-05
1.1106462040626325e-05
1.1020273367510782e-05
1.1020273367510782e-05
1.1020273223720702e-05
1.1020273289003999e-05
1.102027332439884e-05
1.1020273186259863e-05
1.102027317547924e-05
1.1020273319559952e-05
1.1020273385545182e-05
1.1020273365679593e-05
1.102027335554224e-05
1.1020273461679243e-05
1.102027326490698e-05
1.102027340749267e-05
1.1020273339060563e-05
1.1020273437570078e-05
1.1020273552571868e-05
1.1020273379694075e-05
1.099415332223827e-05
1.099415332223827e-05
1.0994153167069694e-05
1.0994153229752981e-05
1.0994153276692345e-05
1.0994153185697774e-05
1.0994153161034376e-05
1.0994153311731549e-05
1.0994153410158016e-05
1.0994153316208408e-05
1.099415334503193e-05
1.09941533401412e-05
1.0994153271397415e-05
1.099415343235475e-05
1.099415334029928e-05
1.0994153380560396e-05
1.0994153456305477e-05
1.099415333130045e-05
1.0991364788828591e-05
1.0991364788828591e-05
1.0991364632180044e-05
1.0991364702693023e-05
1.0991364743137735e-05
1.0991364672571317e-05
1.0991364647460353e-05
1.0991364789031986e-05
1.0991364895152658e-05
1.099136478090744e-05
1.0991364817015566e-05
1.099136478299463e-05
1.099136475271364e-05
1.0991364915315234e-05
1.0991364822859717e-05
1.0991364837059554e-05
1.0991364899823145e-05
1.0991364795182596e-05
1.0990780983059613e-05
1.0990780983059613e-05
1.099078082679074e-05
1.0990780900495614e-05
1.0990780937524943e-05
1.0990780871892287e-05
1.0990780847647424e-05
1.0990780984939457e-05
1.0990781091806243e-05
1.0990780974682197e-05
1.0990781010939882e-05
1.0990780973030415e-05
1.0990780949283692e-05
1.0990781111111542e-05
1.099078102021103e-05
1.0990781028022108e-05
1.0990781088264399e-05
1.0990780988536859e-05
1.0988976160676797e-05
1.0988976160676797e-05
1.0988976005855187e-05
1.0988976085284167e-05
1.0988976115613118e-05
1.0988976058720602e-05
1.0988976036577505e-05
1.098897616513761e-05
1.0988976272681094e-05
1.0988976151525341e-05
1.0988976187289712e-05
1.0988976143875573e-05
1.0988976130672166e-05
1.0988976290277317e-05
1.0988976202914295e-05
1.0988976199479949e-05
1.0988976255378164e-05
1.0988976164508713e-05
1.0984467663783916e-05
1.0984467663783916e-05
1.0984467512482112e-05
1.0984467599270815e-05
1.0984467619754098e-05
1.0984467575527094e-05
1.098446755709803e-05
1.0984467671735716e-05
1.09844677795041e-05
1.0984467653601213e-05
1.0984467688022863e-05
1.0984467637597801e-05
1.0984467639303834e-05
1.098446779443307e-05
1.098446771285338e-05
1.0984467693396515e-05
1.0984467742796159e-05
1.0984467665178532e-05
1.0972320514572312e-05
1.0972320514572312e-05
1.0972320372553833e-05
1.0972320468615511e-05
1.0972320473101133e-05
1.0972320449480542e-05
1.0972320438637089e-05
1.0972320527739754e-05
1.0972320634131002e-05
1.097232050294742e-05
1.097232053387595e-05
1.097232047392166e-05
1.0972320499482982e-05
1.097232064429827e-05
1.0972320573504073e-05
1.097232052871112e-05
1.0972320566882714e-05
1.0972320511908744e-05
1.0943875918173613e-05
1.0943875918173613e-05
1.0943875797832661e-05
1.0943875900170889e-05
1.0943875882423112e-05
1.094387588762022e-05
1.0943875891125603e-05
1.0943875937538935e-05
1.094387603777814e-05
1.094387590511006e-05
1.0943875928018123e-05
1.0943875859196263e-05
1.094387591726252e-05
1.0943876040267633e-05
1.0943875987856419e-05
1.0943875909433426e-05
1.0943875930265675e-05
1.0943875909617668e-05
1.0887508115305218e-05
1.0887508115305218e-05
1.0887508038828987e-05
1.0887508131673788e-05
1.0887508090764258e-05
1.088750812644187e-05
1.088750815412222e-05
1.0887508138595179e-05
1.0887508222158284e-05
1.0887508102112853e-05
1.0887508109002368e-05
1.088750804150918e-05
1.0887508131921193e-05
1.088750821407746e-05
1.0887508189040763e-05
1.0887508079390615e-05
1.0887508077932748e-05
1.0887508099996575e-05
1.0812001451092831e-05
1.0812001451092831e-05
1.0812001435925354e-05
1.0812001487542915e-05
1.0812001441757887e-05
1.0812001484981941e-05
1.0812001540325243e-05
1.0812001469016448e-05
1.081200152394643e-05
1.0812001441225266e-05
1.0812001425995055e-05
1.081200138462834e-05
1.0812001478148547e-05
1.0812001507347496e-05
1.0812001508195808e-05
1.0812001401284881e-05
1.0812001384787576e-05
1.0812001432859681e-05
1.076026650071197e-05
1.076026650071197e-05
1.0760266526612834e-05
1.0760266522091627e-05
1.0760266501092535e-05
1.0760266513611258e-05
1.0760266581230166e-05
1.0760266503970454e-05
1.07602665342839e-05
1.0760266496647255e-05
1.0760266466875588e-05
1.0760266467768818e-05
1.07602665204202e-05
1.0760266518361922e-05
1.0760266523924931e-05
1.0760266466173237e-05
1.07602664560391e-05
1.0760266487165483e-05
1.0746757415467224e-05
1.0746757415467224e-05
1.0746757443508971e-05
1.0746757411616844e-05
1.074675741595134e-05
1.074675739622353e-05
1.0746757459114347e-05
1.07467574084731e-05
1.0746757432838587e-05
1.0746757414769868e-05
1.074675738447767e-05
1.0746757408794801e-05
1.0746757422501497e-05
1.0746757422423672e-05
1.0746757417413868e-05
1.074675740279061e-05
1.074675740707298e-05
1.0746757407861801e-05
1.07458343455038e-05
1.07458343455038e-05
1.07458343672774e-05
1.0745834332744992e-05
1.0745834344320653e-05
1.0745834315229169e-05
1.0745834373775759e-05
1.0745834336396727e-05
1.074583436237354e-05
1.074583434532659e-05
1.0745834317364183e-05
1.0745834344964318e-05
1.0745834348022829e-05
1.0745834354366086e-05
1.0745834343677348e-05
1.0745834340161067e-05
1.0745834349927499e-05
1.0745834339796709e-05
1.0745884599111865e-05
1.0745884599111865e-05
1.0745884619278808e-05
1.0745884585442721e-05
1.0745884597524337e-05
1.0745884567756526e-05
1.0745884625481003e-05
1.0745884589995452e-05
1.0745884616639641e-05
1.0745884598896325e-05
1.0745884571519312e-05
1.0745884598771715e-05
1.0745884601163035e-05
1.0745884608943859e-05
1.0745884597408746e-05
1.0745884594470912e-05
1.0745884604848406e-05
1.0745884593572976e-05
1.0745905520426587e-05
1.0745905520426587e-05
1.0745905539822888e-05
1.0745905506428462e-05
1.0745905518647427e-05
1.074590548869368e-05
1.0745905546031682e-05
1.0745905511346386e-05
1.0745905538319376e-05
1.0745905520179959e-05
1.0745905493085175e-05
1.0745905520081687e-05
1.0745905522305994e-05
1.0745905530752043e-05
1.0745905518860947e-05
1.0745905516037752e-05
1.074590552664101e-05
1.074590551494581e-05
1.0745918647223912e-05
1.0745918647223912e-05
1.0745918664592443e-05
1.0745918632406739e-05
1.074591864494323e-05
1.0745918614571815e-05
1.0745918670846444e-05
1.0745918638253311e-05
1.0745918666057583e-05
1.0745918646892588e-05
1.074591862054886e-05
1.0745918646847043e-05
1.0745918648669812e-05
1.074591865882874e-05
1.0745918646030195e-05
1.0745918643488024e-05
1.0745918654639224e-05
1.0745918641894326e-05
1.0745835685319859e-05
1.0745835685319859e-05
1.074583569984797e-05
1.0745835669419625e-05
1.074583568234236e-05
1.0745835651496164e-05
1.0745835706162033e-05
1.07458356765184e-05
1.0745835705399046e-05
1.0745835684868575e-05
1.0745835659597142e-05
1.0745835684898197e-05
1.0745835686178406e-05
1.0745835698655728e-05
1.074583568463439e-05
1.0745835682513139e-05
1.0745835694349962e-05
1.0745835680208479e-05
1.0745422341038037e-05
1.0745422341038037e-05
1.0745422350605977e-05
1.0745422323409606e-05
1.0745422336858651e-05
1.0745422305468215e-05
1.0745422357006746e-05
1.0745422332571038e-05
1.0745422363095932e-05
1.0745422340374853e-05
1.0745422317029796e-05
1.0745422340545187e-05
1.0745422340920674e-05
1.0745422357232272e-05
1.0745422341201013e-05
1.0745422339898735e-05
1.0745422352719248e-05
1.0745422336326457e-05
1.0744114497901429e-05
1.0744114497901429e-05
1.0744114499675142e-05
1.0744114477960727e-05
1.074411449187051e-05
1.0744114460328977e-05
1.0744114506165137e-05
1.0744114490056391e-05
1.0744114522581758e-05
1.0744114496899355e-05
1.0744114476714863e-05
1.0744114497315069e-05
1.0744114496373348e-05
1.0744114518179378e-05
1.0744114499299935e-05
1.0744114499494239e-05
1.0744114513331955e-05
1.0744114493864806e-05
1.0740547096514905e-05
1.0740547096514905e-05
1.0740547086458098e-05
1.07405470740576e-05
1.0740547087764904e-05
1.0740547057728006e-05
1.0740547092967831e-05
1.0740547089851324e-05
1.0740547123976674e-05
1.074054709498397e-05
1.0740547079925512e-05
1.0740547095832044e-05
1.0740547093147871e-05
1.074054712198695e-05
1.0740547099548174e-05
1.0740547102530562e-05
1.0740547116610735e-05
1.07405470936179e-05
1.0732674640914671e-05
1.0732674640914671e-05
1.0732674616502894e-05
1.0732674617731166e-05
1.0732674629079293e-05
1.0732674604931448e-05
1.073267462276508e-05
1.073267463624078e-05
1.0732674668941145e-05
1.0732674638707913e-05
1.0732674630639687e-05
1.0732674640221104e-05
1.07326746360245e-05
1.0732674670334983e-05
1.0732674645367357e-05
1.0732674652943281e-05
1.0732674664267456e-05
1.0732674639670112e-05
1.0720340990098058e-05
1.0720340990098058e-05
1.0720340957157499e-05
1.0720340971727286e-05
1.0720340976911568e-05
1.0720340965418669e-05
1.072034096266117e-05
1.0720340987859704e-05
1.0720341012128113e-05
1.0720340987413126e-05
1.0720340985234012e-05
1.0720340989638041e-05
1.0720340985899051e-05
1.0720341016559997e-05
1.0720340994123126e-05
1.0720341007155779e-05
1.07203410099698e-05
1.0720340990442997e-05
1.07097537470401e-05
1.07097537470401e-05
1.070975372173022e-05
1.0709753738898516e-05
1.070975373639844e-05
1.0709753738960622e-05
1.0709753726217712e-05
1.0709753746096576e-05
1.0709753756885016e-05
1.0709753744570482e-05
1.0709753741933931e-05
1.0709753747035961e-05
1.0709753746646487e-05
1.070975376144734e-05
1.0709753747925024e-05
1.0709753763635352e-05
1.0709753755014571e-05
1.0709753747647251e-05
1.0705875643705778e-05
1.0705875643705778e-05
1.0705875632322511e-05
1.070587564278311e-05
1.0705875636656203e-05
1.07058756448787e-05
1.0705875636290462e-05
1.0705875642388832e-05
1.070587564513706e-05
1.0705875641796526e-05
1.070587563453481e-05
1.070587564400992e-05
1.0705875646772414e-05
1.0705875647693462e-05
1.0705875641634732e-05
1.0705875656276625e-05
1.070587564179244e-05
1.0705875643464569e-05
1.0705385262158213e-05
1.0705385262158213e-05
1.0705385256366993e-05
1.0705385262714629e-05
1.070538525642055e-05
1.0705385264437345e-05
1.070538526029183e-05
1.0705385260352107e-05
1.0705385261925176e-05
1.0705385260494746e-05
1.0705385250906023e-05
1.070538526252122e-05
1.0705385266182223e-05
1.0705385263397937e-05
1.0705385259244315e-05
1.070538527271872e-05
1.0705385257740796e-05
1.0705385261411796e-05
1.0705389159253986e-05
1.0705389159253986e-05
1.0705389154074313e-05
1.070538915975207e-05
1.070538915363958e-05
1.0705389161249687e-05
1.0705389158020103e-05
1.0705389157341836e-05
1.0705389159104586e-05
1.0705389157620632e-05
1.070538914770464e-05
1.0705389159613356e-05
1.0705389163315722e-05
1.0705389160415734e-05
1.070538915630124e-05
1.0705389169533345e-05
1.0705389154790052e-05
1.0705389158426722e-05
1.0705394390274592e-05
1.0705394390274592e-05
1.0705394385134268e-05
1.0705394390733037e-05
1.0705394384664852e-05
1.0705394392186081e-05
1.0705394389085538e-05
1.0705394388347098e-05
1.0705394390173895e-05
1.0705394388643718e-05
1.0705394378694886e-05
1.07053943906321e-05
1.0705394394327821e-05
1.0705394391467641e-05
1.0705394387328056e-05
1.0705394400525715e-05
1.0705394385844847e-05
1.0705394389437873e-05
1.0705410448488047e-05
1.0705410448488047e-05
1.0705410443468092e-05
1.0705410448800573e-05
1.070541044289043e-05
1.0705410450096916e-05
1.0705410447438956e-05
1.0705410446508e-05
1.0705410448565787e-05
1.0705410446865189e-05
1.0705410436808145e-05
1.0705410448838573e-05
1.0705410452507747e-05
1.0705410449801564e-05
1.070541044556646e-05
1.0705410458645088e-05
1.070541044418865e-05
1.0705410447619084e-05
1.0705423267347263e-05
1.0705423267347263e-05
1.0705423262477903e-05
1.0705423267474101e-05
1.0705423261764779e-05
1.0705423268571908e-05
1.070542326647332e-05
1.0705423265301257e-05
1.0705423267651663e-05
1.0705423265734697e-05
1.0705423255542038e-05
1.0705423267689014e-05
1.0705423271324013e-05
1.070542326881457e-05
1.070542326445767e-05
1.0705423277383973e-05
1.0705423263215025e-05
1.070542326643667e-05
1.0705424906619743e-05
1.0705424906619743e-05
1.0705424902019826e-05
1.0705424906413989e-05
1.070542490106504e-05
1.0705424907157063e-05
1.0705424906058502e-05
1.0705424904457136e-05
1.0705424907328877e-05
1.0705424905026067e-05
1.0705424894592944e-05
1.070542490694565e-05
1.0705424910519422e-05
1.0705424908361992e-05
1.0705424903787529e-05
1.0705424916436233e-05
1.0705424902789104e-05
1.0705424905632057e-05
1.0705373058472326e-05
1.0705373058472326e-05
1.0705373054292376e-05
1.0705373057748416e-05
1.0705373052962785e-05
1.0705373057940788e-05
1.0705373058396696e-05
1.0705373056131905e-05
1.0705373059808943e-05
1.0705373056909337e-05
1.0705373046107385e-05
1.0705373058773182e-05
1.070537306225173e-05
1.070537306064151e-05
1.0705373055729612e-05
1.0705373067933415e-05
1.0705373055117068e-05
1.0705373057358022e-05
1.0705145393377805e-05
1.0705145393377805e-05
1.070514538988433e-05
1.070514539180792e-05
1.0705145387947077e-05
1.0705145391105928e-05
1.0705145394090986e-05
1.0705145390756953e-05
1.0705145395730744e-05
1.0705145391868128e-05
1.0705145380479012e-05
1.0705145393636814e-05
1.0705145396960102e-05
1.0705145396240153e-05
1.070514539078132e-05
1.0705145402225938e-05
1.0705145390813102e-05
1.0705145392039493e-05
1.0704415721352822e-05
1.0704415721352822e-05
1.0704415718944018e-05
1.0704415718448404e-05
1.0704415716059475e-05
1.0704415716348677e-05
1.0704415723300005e-05
1.0704415718315591e-05
1.0704415725287966e-05
1.070441571993578e-05
1.0704415707659612e-05
1.0704415721543527e-05
1.07044157246227e-05
1.070441572529876e-05
1.070441571898765e-05
1.0704415729149766e-05
1.0704415720072681e-05
1.0704415719616576e-05
1.0702341099356676e-05
1.0702341099356676e-05
1.0702341098605694e-05
1.070234109441814e-05
1.070234109430653e-05
1.0702341090221502e-05
1.0702341103157649e-05
1.0702341095751774e-05
1.07023411056486e-05
1.0702341098102632e-05
1.0702341084575802e-05
1.070234109943707e-05
1.0702341102146068e-05
1.070234110492824e-05
1.0702341097345298e-05
1.0702341105332714e-05
1.0702341100131105e-05
1.0702341096898256e-05
1.0697049107084223e-05
1.0697049107084223e-05
1.069704910858125e-05
1.0697049099402015e-05
1.0697049102448825e-05
1.0697049092463196e-05
1.0697049113316674e-05
1.0697049102885792e-05
1.0697049116414933e-05
1.069704910610631e-05
1.0697049091152677e-05
1.0697049107000272e-05
1.0697049109214985e-05
1.0697049114782402e-05
1.0697049105553612e-05
1.0697049110043732e-05
1.0697049110878337e-05
1.069704910335532e-05
1.0685600478760052e-05
1.0685600478760052e-05
1.0685600482389507e-05
1.0685600468512556e-05
1.0685600474734135e-05
1.0685600459229563e-05
1.0685600487089435e-05
1.0685600474446333e-05
1.0685600490573658e-05
1.068560047818387e-05
1.0685600462560886e-05
1.068560047848229e-05
1.0685600480247701e-05
1.0685600488277314e-05
1.0685600477687791e-05
1.068560047746636e-05
1.0685600486012136e-05
1.0685600473085563e-05
1.0667943906180278e-05
1.0667943906180278e-05
1.0667943909756273e-05
1.066794389609922e-05
1.0667943902732317e-05
1.0667943887580686e-05
1.0667943913882022e-05
1.0667943903098898e-05
1.066794391683465e-05
1.0667943905978008e-05
1.0667943892250213e-05
1.0667943905803406e-05
1.066794390763369e-05
1.0667943915108041e-05
1.0667943905102957e-05
1.0667943901171566e-05
1.0667943914975772e-05
1.0667943898521445e-05
1.065377145220329e-05
1.065377145220329e-05
1.0653771452495534e-05
1.0653771446251158e-05
1.065377144885378e-05
1.0653771442575818e-05
1.0653771455670795e-05
1.0653771451448561e-05
1.0653771457116628e-05
1.0653771452053614e-05
1.0653771442640169e-05
1.065377145194318e-05
1.065377145455902e-05
1.0653771457378966e-05
1.0653771450431405e-05
1.0653771447063739e-05
1.0653771458523226e-05
1.0653771443986502e-05
1.0650056570735712e-05
1.0650056570735712e-05
1.0650056567946712e-05
1.0650056568597073e-05
1.0650056567125209e-05
1.065005656904564e-05
1.0650056570572857e-05
1.0650056571431785e-05
1.0650056570915666e-05
1.0650056570406684e-05
1.0650056563922659e-05
1.0650056570647058e-05
1.065005657396813e-05
1.0650056572714693e-05
1.0650056568308314e-05
1.0650056567750133e-05
1.0650056573761681e-05
1.065005656320661e-05
1.0650278228660292e-05
1.0650278228660292e-05
1.065027822502535e-05
1.0650278227556091e-05
1.065027822490621e-05
1.0650278229050858e-05
1.0650278227570724e-05
1.0650278229605562e-05
1.0650278227673896e-05
1.0650278228235477e-05
1.0650278222328082e-05
1.065027822863126e-05
1.0650278232139434e-05
1.0650278229827525e-05
1.0650278226052152e-05
1.0650278226729287e-05
1.0650278230584332e-05
1.0650278221566433e-05
1.065043708776597e-05
1.065043708776597e-05
1.0650437084088955e-05
1.065043708671084e-05
1.0650437083991174e-05
1.0650437088241028e-05
1.065043708664373e-05
1.0650437088695468e-05
1.065043708674682e-05
1.0650437087327616e-05
1.065043708140608e-05
1.065043708774224e-05
1.065043709125848e-05
1.06504370889052e-05
1.0650437085148702e-05
1.065043708597487e-05
1.0650437089597885e-05
1.0650437080740278e-05
     fun: 1.0724014915373494e-05
     jac: array([ 9.13137228e-08, -5.25154746e-08, -5.51793846e-08,  1.36194785e-07,
       -1.22438792e-07,  1.50365281e-07, -8.33748572e-08, -2.25142003e-08,
       -1.23686846e-07,  1.09605480e-09, -2.59001354e-09,  9.07219828e-08,
        2.79669621e-10, -1.05924642e-07,  1.25584620e-07, -4.01760758e-07])
 message: 'Optimization terminated successfully.'
    nfev: 1836
     nit: 102
    njev: 102
  status: 0
 success: True
       x: array([ 0.54403786, -0.5009426 , -0.43708769, -0.34119209,  0.2402075 ,
       -0.02417534,  0.14705035, -0.33781762,  0.5518698 ,  0.15301291,
       -0.2371934 , -0.48621442,  0.17562157, -0.36338228,  0.25963422,
       -0.30646649])

========================================================

Final result:
0.5440378575703514
-0.5009425956341617
-0.43708769367560274
0.13133081057980434
0.13133081057980434
0.13133081057980434
-0.3411920907009279
0.24020749575282452
-0.02417534072448495
0.1470503493688646
-0.33781762479822736
0.5518698006896113
0.1530129076474358
0.1530129076474358
-0.23719340083551482
-0.4862144197128013
0.1756215737568052
-0.36338227717180255
0.25963421915805784
-0.30646648849449065
0.13867746280573814
0.13867746280573814
0.13867746280573814
