29.3630583715
29.3630583715
29.3630575719
29.3630573853
29.363058215
29.3630603234
29.3630604797
29.3630597872
29.3630597121
29.3630595711
29.3630595809
29.3630607841
29.3630593381
29.3630607537
29.3630603641
29.3630590613
29.3630597266
29.3630588387
29.3630594528
29.3630585179
342846.124863
34271.8778523
3842.01751588
587.999148381
91.5064609943
27.0364203641
27.0364203641
27.0364194811
27.0364193321
27.0364201889
27.0364199414
27.0364200257
27.0364194273
27.0364193725
27.036419406
27.0364190632
27.0364183371
27.036419559
27.0364176567
27.0364187825
27.0364197406
27.0364190637
27.0364200387
27.0364197638
27.0364202862
22074.3685984
2628.84539262
477.959712579
87.616886564
22.1481974649
22.1481974649
22.1481976733
22.1481982209
22.1481974996
22.1481959339
22.1481954261
22.1481962244
22.148196521
22.1481962203
22.1481962304
22.1481948947
22.1481963911
22.1481950908
22.1481952042
22.1481967686
22.1481962197
22.1481970081
22.1481964586
22.1481973742
3452.39794965
340.973725787
36.7879122114
21.4852113267
21.4852113267
21.4852116304
21.4852121395
21.4852113819
21.4852095761
21.4852091062
21.4852099073
21.4852101301
21.4852101123
21.4852098254
21.4852088884
21.4852103908
21.4852083625
21.485209457
21.4852107067
21.4852101667
21.4852109449
21.4852105144
21.4852112533
8193.82728887
815.762056449
80.4608184662
21.5037973663
21.0462539023
21.0462539023
21.0462542165
21.0462546979
21.0462539613
21.0462521599
21.0462517372
21.0462524733
21.0462526233
21.0462526466
21.0462524983
21.046251403
21.046252871
21.0462512042
21.0462518716
21.0462531059
21.0462523101
21.0462533756
21.0462527518
21.0462537845
2188.97608247
215.282055274
26.6344499014
20.4238176754
20.4238176754
20.4238180184
20.4238184364
20.4238177431
20.4238158115
20.4238154765
20.4238161063
20.4238161337
20.4238163302
20.4238162346
20.4238150355
20.4238165647
20.423814978
20.4238153942
20.4238169342
20.423816291
20.4238172091
20.4238166742
20.4238175773
1797.39001445
176.688168502
23.9814932467
19.8930685177
19.8930685177
19.8930689983
19.8930694427
19.8930686162
19.893066719
19.8930664017
19.8930669692
19.8930670701
19.8930671172
19.8930670103
19.8930656581
19.8930674055
19.8930656331
19.893066296
19.8930677523
19.8930670907
19.8930680006
19.8930673587
19.8930684074
982.741362504
94.7200745635
20.1032713209
18.9524882159
18.9524882159
18.9524887862
18.9524891596
18.9524883312
18.952486278
18.9524859965
18.952486623
18.9524867731
18.9524868248
18.9524866294
18.9524854932
18.9524870046
18.9524851438
18.9524856869
18.9524873816
18.9524866283
18.9524876966
18.9524871198
18.952488089
2275.01560763
224.672581696
26.3989190803
18.5294930025
18.5294930025
18.5294935414
18.5294938582
18.5294931088
18.5294909507
18.5294906605
18.5294913591
18.5294915482
18.529491527
18.5294914303
18.5294899911
18.5294918183
18.529490009
18.5294906423
18.5294921635
18.5294913674
18.5294924905
18.529491932
18.5294928755
1647.5177092
164.426280155
23.781576805
18.4687247183
18.4687247183
18.4687252464
18.4687255455
18.468724822
18.46872265
18.4687223675
18.468723069
18.4687232529
18.4687232632
18.4687231325
18.4687217806
18.4687235335
18.4687216913
18.4687223209
18.4687239012
18.4687231931
18.4687241641
18.4687234854
18.468724586
59.7782488447
14.5273505554
14.5273505554
14.5273510547
14.5273512838
14.5273506564
14.5273489405
14.5273486785
14.5273492926
14.5273493556
14.5273494372
14.5273494312
14.5273482983
14.5273496489
14.5273482422
14.5273487278
14.5273499222
14.5273493534
14.5273501207
14.5273496277
14.5273503858
76.3566043937
13.8889478029
12.6314548646
12.6314548646
12.6314552718
12.6314554343
12.6314549458
12.6314536717
12.6314535578
12.6314539798
12.6314540107
12.6314540978
12.6314541254
12.631453324
12.6314542446
12.6314532962
12.631453621
12.6314544334
12.6314540168
12.6314545813
12.6314541955
12.6314548442
97.2460998226
15.4759380607
10.2676067157
10.2676067157
10.2676068481
10.2676068204
10.2676067423
10.2676067462
10.2676068856
10.2676068339
10.267606785
10.2676068752
10.2676069294
10.2676070649
10.2676068551
10.2676071163
10.2676070213
10.2676068026
10.2676068617
10.2676067533
10.2676068063
10.2676066927
83.6548923382
12.2461401641
9.97646460787
9.97646460787
9.97646469768
9.97646455935
9.97646463024
9.97646497197
9.9764650755
9.97646496084
9.97646487544
9.97646497032
9.9764650277
9.97646536909
9.97646490977
9.97646543185
9.97646524874
9.97646480904
9.97646496821
9.9764647259
9.97646486171
9.97646463559
15.3343912309
10.0710018151
10.0710018151
10.0710017308
10.0710016262
10.071001802
10.0710022831
10.0710023878
10.0710021967
10.071002149
10.0710021656
10.0710022075
10.0710025552
10.0710020926
10.071002579
10.0710024312
10.0710020007
10.0710021875
10.0710019307
10.0710021014
10.0710018572
11.5292535687
9.80639987892
9.80639987892
9.8063997953
9.80639979065
9.8063998649
9.80639999288
9.80640000215
9.80639993828
9.80639994877
9.80639992458
9.80639991209
9.80639998027
9.80639990772
9.80639997076
9.80639996487
9.80639990198
9.80639993616
9.80639989387
9.80639993667
9.80639989804
9.79066538261
9.776191599
9.776191599
9.77619158328
9.77619159866
9.77619159771
9.77619165141
9.77619164091
9.77619163366
9.77619164585
9.77619163214
9.77619162794
9.77619168219
9.77619161919
9.77619169347
9.77619166861
9.77619161737
9.77619165332
9.77619160676
9.77619163868
9.77619161175
9.74839954629
9.76103621175
9.76103621175
9.76103620284
9.76103621628
9.7610362128
9.76103623003
9.76103621915
9.76103621538
9.76103622559
9.76103621817
9.76103621159
9.76103624107
9.76103621093
9.76103624494
9.76103623881
9.76103621419
9.76103623263
9.76103620874
9.76103622934
9.76103621952
9.72558001491
9.74505885488
9.74505885488
9.74505884228
9.74505885376
9.74505885491
9.74505885769
9.74505884736
9.7450588417
9.74505885158
9.7450588448
9.74505883595
9.74505884907
9.74505884025
9.74505884725
9.74505885372
9.7450588471
9.74505885461
9.74505884597
9.74505885981
9.7450588605
9.73498662072
9.73954893981
9.73954893981
9.73954892854
9.73954894142
9.73954894009
9.73954894966
9.73954893853
9.73954893513
9.73954894581
9.73954893729
9.73954893053
9.7395489492
9.73954893137
9.73954895131
9.73954895054
9.73954893693
9.73954894963
9.73954893377
9.73954895029
9.73954894655
9.73843808387
9.73908429568
9.73908429568
9.73908428445
9.73908429697
9.73908429596
9.73908430612
9.73908429557
9.73908429141
9.73908430171
9.73908429379
9.73908428689
9.73908430658
9.73908428785
9.73908430828
9.73908430784
9.73908429316
9.73908430595
9.73908428991
9.73908430664
9.73908430253
9.73837393037
9.73886716163
9.73886716163
9.73886715036
9.73886716264
9.73886716191
9.73886717213
9.73886716191
9.73886715729
9.73886716738
9.73886715981
9.73886715276
9.73886717269
9.73886715388
9.73886717411
9.738867174
9.73886715908
9.73886717173
9.73886715585
9.73886717261
9.7388671685
     fun: 10.549541426075747
     jac: array([ 0.0016669 ,  0.00544393,  0.00018454, -0.01525962, -0.01735961,
       -0.01333594, -0.01476085, -0.01017535, -0.01300669, -0.01941633,
       -0.00713789, -0.02678216, -0.01315033, -0.00510669, -0.01135266,
       -0.00336647, -0.00774503,  0.00143969])
 message: 'Optimization terminated successfully.'
    nfev: 486
     nit: 22
    njev: 22
  status: 0
 success: True
       x: array([  7.55557887e-01,  -5.84293210e-01,  -5.61237827e-01,
        -6.56383070e-01,   3.19527366e-01,   1.22460524e-01,
         2.61694774e-02,  -1.31195669e-01,   8.42901657e-01,
         2.66434181e-02,   6.63653401e-02,  -7.82276041e-01,
         2.58949009e-04,  -1.05267305e-01,   3.90328705e-02,
         1.17632099e-01,   1.97672265e-02,  -7.75939132e-01])

========================================================

Final result:
0.755557886829
-0.584293209729
-0.56123782662
0.12999104984
0.12999104984
0.12999104984
-0.656383069995
0.319527365925
0.122460524433
0.0261694774261
-0.131195668777
0.842901656825
0.0266434181403
0.0266434181403
0.0663653401024
-0.782276040948
0.000258949008816
0.000258949008816
-0.105267304805
0.0390328704679
0.0390328704679
0.11763209871
0.0197672264791
0.0197672264791
-0.775939131849
0.283437932855
0.283437932855
-0.782276040948
