LYS_methyl_charged.filelist
6.29686401825
6.29686401825
6.29686367354
6.29686358656
6.29686395146
6.29686434255
6.29686440663
6.29686408822
6.29686408398
6.29686406288
6.29686384616
6.29686406351
6.29686409035
6.29686352941
6.29686423223
6.29686402559
6.29686395753
6.29686406062
6.29686415454
6.29686402731
5055.85085975
641.394840976
128.8317537
26.0987168415
5.02060446305
5.02060446305
5.02060463052
5.02060482011
5.02060449517
5.02060420523
5.02060404076
5.02060434201
5.02060445005
5.02060422407
5.02060447827
5.02060394257
5.02060416877
5.02060459505
5.02060381003
5.02060421251
5.02060397008
5.0206042491
5.02060395034
5.02060441989
11987.689013
1198.17116611
119.31188899
12.3584292981
5.00240166308
5.00240166308
5.00240184034
5.00240203842
5.00240169716
5.00240170207
5.00240153676
5.0024018439
5.00240195058
5.00240169276
5.0024020211
5.002401694
5.00240158525
5.00240250797
5.00240144254
5.00240157594
5.00240150346
5.00240154942
5.00240135768
5.0024016402
3347.62290948
333.526271973
33.5351030422
5.63158048115
4.79923090152
4.79923090152
4.79923114958
4.79923136112
4.79923094911
4.79923077377
4.79923059033
4.79923097353
4.79923108762
4.79923089127
4.79923113181
4.79923087625
4.79923081995
4.79923147759
4.79923066117
4.79923086084
4.79923087129
4.79923083492
4.79923071399
4.79923088848
406.64878779
39.9183800153
5.60126848038
4.66430420543
4.66430420543
4.66430442379
4.66430458261
4.66430424705
4.66430404005
4.66430389727
4.66430424036
4.66430429138
4.66430419025
4.66430445704
4.66430420085
4.66430411151
4.66430486528
4.66430393086
4.66430415809
4.66430416814
4.66430412878
4.66430399017
4.66430419041
218.44737174
21.6375205748
4.81301954636
4.59961912625
4.59961912625
4.59961936968
4.59961953885
4.59961917288
4.59961895319
4.59961880598
4.59961915976
4.59961921901
4.59961910254
4.5996193779
4.59961907525
4.59961905556
4.59961978841
4.59961894556
4.59961907016
4.59961904207
4.59961904673
4.59961890833
4.59961911054
199.168604915
19.6443848236
4.65096859891
4.51462025735
4.51462025735
4.51462052272
4.51462068806
4.51462030862
4.51462008906
4.51461995627
4.51462029112
4.51462034137
4.51462025155
4.51462049607
4.51462027152
4.51462018267
4.51462088459
4.51462004175
4.51462021053
4.51462022732
4.51462015135
4.51461994449
4.51462023615
310.618101648
30.5568238819
4.93818981589
4.4211920926
4.4211920926
4.42119237099
4.42119253312
4.42119214683
4.4211919312
4.42119181231
4.42119212239
4.42119216233
4.4211920724
4.42119233969
4.42119207073
4.42119200451
4.42119274556
4.42119184606
4.42119203943
4.4211920317
4.42119201474
4.42119187757
4.42119207729
47.1196609481
5.69937241205
4.29459155972
4.29459155972
4.29459182182
4.29459196763
4.29459161051
4.29459140404
4.29459129359
4.29459158865
4.29459164145
4.29459151676
4.29459180542
4.29459145401
4.29459147668
4.29459221241
4.29459132964
4.29459153269
4.29459158568
4.29459148152
4.2945913224
4.29459154423
161.102900282
15.1552737747
4.06020456722
4.06020456722
4.06020483269
4.06020487745
4.0602046173
4.06020436411
4.06020431641
4.06020458219
4.06020465227
4.06020456539
4.0602047507
4.0602045963
4.06020450308
4.06020507124
4.06020438169
4.06020452462
4.06020450718
4.06020451054
4.06020441479
4.06020455627
11.1857189125
2.51532745919
2.51532745919
2.51532741048
2.51532728964
2.51532744957
2.51532743371
2.51532752834
2.51532739635
2.51532734931
2.51532749407
2.51532732714
2.51532756882
2.5153275344
2.51532715989
2.51532764121
2.51532753362
2.51532759813
2.51532754011
2.51532767041
2.51532747691
2.65736480756
2.65736480756
2.65736474051
2.65736477424
2.6573647943
2.65736488134
2.65736486874
2.65736482722
2.65736484378
2.65736479608
2.65736479115
2.65736476067
2.65736479472
2.65736478654
2.65736479209
2.65736478732
2.65736475849
2.65736478979
2.6573647661
2.65736480484
2.63094024127
2.47525205366
2.47525205366
2.4752520377
2.47525208969
2.47525205089
2.47525210233
2.47525205221
2.47525208002
2.47525210374
2.47525203616
2.47525208395
2.47525199742
2.47525202185
2.47525214241
2.47525198748
2.47525202011
2.47525198463
2.47525201907
2.4752519674
2.47525204766
2.61807369327
2.33633812514
2.33633812514
2.33633813381
2.33633818497
2.33633812677
2.3363381343
2.33633809836
2.33633814112
2.3363381632
2.33633811269
2.33633816262
2.33633809086
2.33633809791
2.33633823154
2.33633806432
2.33633810024
2.33633807749
2.33633809771
2.33633805571
2.33633812063
2.39267488165
2.28481666665
2.28481666665
2.28481667361
2.28481668162
2.28481666789
2.28481665987
2.28481665238
2.28481666373
2.28481667118
2.28481666768
2.28481666775
2.28481667356
2.28481666452
2.28481669272
2.28481666313
2.28481666753
2.28481666945
2.28481666576
2.28481666499
2.28481666764
2.27116386396
2.2764066156
2.2764066156
2.27640661044
2.27640661542
2.27640661454
2.27640661935
2.27640661501
2.27640661294
2.27640661881
2.27640661538
2.27640660932
2.27640661742
2.2764066142
2.27640662109
2.27640661631
2.27640661543
2.27640661406
2.27640661495
2.27640661552
2.27640661664
2.27788265052
2.27788265052
2.27788264493
2.27788265001
2.27788264938
2.27788265413
2.27788264971
2.2778826476
2.27788265312
2.27788265088
2.27788264345
2.27788265384
2.27788265008
2.27788265411
2.2778826532
2.27788265159
2.27788265177
2.27788265094
2.27788265301
2.27788265178
2.27764032817
2.27764032817
2.27764032259
2.27764032758
2.27764032703
2.27764033194
2.27764032765
2.27764032534
2.27764033099
2.27764032821
2.27764032137
2.27764033066
2.27764032724
2.27764033244
2.2776403299
2.27764032857
2.27764032788
2.27764032802
2.27764032932
2.27764032931
     fun: 2.407303969270243
     jac: array([-0.00339854, -0.00438774, -0.00013331, -0.00031871,  0.00167227,
       -0.00192356, -0.00375819, -0.00091606, -0.00249603, -0.00205716,
       -0.00068244, -0.00334635, -0.00110582, -0.00187224, -0.00507376,
       -0.00128302, -0.00317103,  0.00017005])
 message: 'Optimization terminated successfully.'
    nfev: 393
     nit: 18
    njev: 18
  status: 0
 success: True
       x: array([ 0.58342784, -0.49595877, -0.49601563, -0.51841315,  0.28516893,
        0.00707192,  0.06451746, -0.25873868,  0.71107616,  0.1113399 ,
       -0.22906501, -0.68276388,  0.12640791, -0.28499584,  0.16085521,
       -0.14656982,  0.16893363, -0.36507261])

========================================================

Final result:
0.583427842836
-0.495958774594
-0.496015631762
0.13618218784
0.13618218784
0.13618218784
-0.518413151317
0.285168929562
0.00707191570151
0.0645174637621
-0.258738683169
0.711076163345
0.111339902035
0.111339902035
-0.229065009969
-0.682763882087
0.126407908846
0.126407908846
-0.284995838141
0.160855209454
0.160855209454
-0.146569815804
0.168933625588
0.168933625588
-0.365072611942
0.321825036767
0.321825036767
0.321825036767
-0.682763882087
