6.59604795917
6.59604795917
6.59604770264
6.59604761943
6.59604790918
6.59604841276
6.59604848242
6.59604823939
6.59604825129
6.59604825525
6.59604801024
6.59604847003
6.59604840521
6.59604827472
6.59604835361
6.59604802517
6.59604809117
6.59604798222
11694.4139277
2273.28805769
440.244161637
83.7219355101
15.1219917227
5.21112105055
5.21112105055
5.2111208606
5.21112079535
5.21112101319
5.21112097277
5.21112104349
5.21112085517
5.21112083275
5.21112073013
5.21112088473
5.21112027342
5.21112080569
5.21112112425
5.21112103969
5.21112106582
5.21112134754
5.21112110087
3357.69481605
665.523887203
130.595355938
24.5697809124
5.11199802688
3.91691436952
3.91691436952
3.91691445606
3.91691449523
3.91691438544
3.91691399882
3.91691398736
3.91691408186
3.91691410517
3.91691406446
3.91691416472
3.91691371241
3.91691413327
3.91691438869
3.91691426195
3.91691437299
3.91691454281
3.91691439966
714.363881527
133.16476248
24.0701857522
4.62099074899
3.1260531764
3.1260531764
3.12605324441
3.12605324274
3.12605318921
3.12605268
3.12605269585
3.12605275185
3.12605269472
3.12605275176
3.12605292735
3.12605237682
3.12605268806
3.12605301343
3.12605280512
3.1260531407
3.12605320408
3.12605318141
706.30098667
83.4662217124
9.88732221897
3.05455330911
3.05455330911
3.05455347304
3.05455359798
3.05455334111
3.05455287287
3.05455279453
3.05455296507
3.05455301537
3.05455283631
3.05455314396
3.05455234212
3.05455273035
3.05455310733
3.05455295486
3.05455326589
3.05455342046
3.0545533274
74.8079330634
8.08103910037
2.97864949566
2.97864949566
2.97864967053
2.97864977147
2.97864952941
2.97864902113
2.97864895025
2.97864914247
2.97864916391
2.97864903369
2.97864936983
2.97864849411
2.97864904044
2.97864921188
2.97864907977
2.97864943581
2.97864961258
2.97864951429
139.201012726
14.0814211461
3.06959848061
2.87979969822
2.87979969822
2.87979988739
2.87979998475
2.87979973451
2.87979920222
2.87979913651
2.87979933491
2.87979935096
2.87979922207
2.87979958298
2.87979869627
2.87979917821
2.87979943324
2.8797993271
2.87979964343
2.87979976927
2.87979970907
36.5186939722
4.26010283926
2.8352610303
2.8352610303
2.83526122404
2.83526130962
2.83526106743
2.83526053623
2.83526047715
2.83526067478
2.83526068194
2.83526057222
2.83526092912
2.83526008793
2.83526050391
2.83526075318
2.83526065791
2.83526097325
2.83526115068
2.83526105016
16.8164884475
3.26302342909
2.30161562248
2.30161562248
2.30161583679
2.30161585894
2.3016156647
2.3016153371
2.30161534287
2.30161543177
2.30161542345
2.30161540418
2.30161557647
2.30161519977
2.30161535777
2.30161543288
2.30161538265
2.30161558317
2.30161561632
2.30161562118
79.0843260657
11.9904915141
2.46760057094
2.05168633289
2.05168633289
2.05168648658
2.05168648617
2.05168636212
2.05168617098
2.05168615563
2.05168627654
2.05168630646
2.05168628854
2.05168634752
2.05168628905
2.05168623459
2.05168619668
2.0516861932
2.05168630457
2.05168625538
2.0516863195
24.3071989945
3.69692573658
1.86498301078
1.86498301078
1.86498309744
1.86498311922
1.86498302776
1.86498305543
1.86498302784
1.86498309782
1.86498309213
1.86498316204
1.86498309302
1.86498339141
1.86498312133
1.86498295568
1.86498300457
1.86498299982
1.86498286862
1.86498298664
2.32432362952
1.66855128358
1.66855128358
1.66855125287
1.66855122843
1.66855127759
1.66855141817
1.66855143446
1.66855139108
1.6685513783
1.66855142238
1.66855135134
1.66855159669
1.66855141289
1.66855132209
1.66855135574
1.6685512925
1.66855121998
1.66855127276
2.63630886854
1.60751198038
1.60751198038
1.60751191753
1.60751189147
1.60751196776
1.60751208113
1.60751210457
1.60751203729
1.60751202976
1.60751204139
1.60751200036
1.60751210517
1.60751204767
1.60751202447
1.60751205386
1.60751199009
1.60751197961
1.60751198011
1.71130276868
1.57783064686
1.57783064686
1.5778306235
1.57783061225
1.57783064218
1.57783068263
1.57783068236
1.57783066353
1.57783066484
1.57783066414
1.57783064568
1.57783067959
1.57783067625
1.57783067724
1.57783068388
1.57783065362
1.57783065781
1.57783064861
1.71243857766
1.55687531105
1.55687531105
1.55687532267
1.55687533558
1.55687531291
1.55687528663
1.55687527823
1.55687529806
1.55687530864
1.55687530124
1.55687529939
1.55687529139
1.5568753124
1.55687531834
1.5568753104
1.55687531279
1.55687531868
1.55687531217
1.53415911493
1.53415911493
1.53415911502
1.53415911273
1.53415911487
1.53415907496
1.53415907734
1.53415907138
1.53415906478
1.53415905055
1.53415910238
1.5341589806
1.53415903732
1.53415907377
1.53415905701
1.53415910651
1.53415912687
1.53415911645
1.51685449741
1.51685449741
1.51685451628
1.51685451596
1.51685450101
1.51685449676
1.51685449737
1.51685450587
1.51685450834
1.51685451363
1.5168545051
1.51685453435
1.51685451402
1.51685449966
1.51685450579
1.51685449812
1.51685448895
1.51685449572
1.51299839984
1.51299839984
1.51299839363
1.51299839386
1.51299839855
1.51299840685
1.51299840559
1.51299840416
1.51299840424
1.51299840663
1.51299840037
1.51299841456
1.51299840573
1.51299840258
1.51299840207
1.51299840045
1.51299839633
1.51299839898
1.51163873005
1.51163873005
1.51163872793
1.51163872829
1.51163872957
1.51163873014
1.51163872995
1.5116387288
1.51163872895
1.51163872754
1.51163872953
1.51163872271
1.5116387281
1.51163873026
1.51163873031
1.51163873019
1.51163873295
1.51163873034
1.51035531499
1.51035531499
1.51035531704
1.51035531613
1.51035531537
1.51035531101
1.51035531236
1.51035531122
1.51035531088
1.51035531062
1.51035531318
1.51035530556
1.51035531007
1.51035531353
1.51035531259
1.51035531474
1.5103553165
1.5103553152
1.50971153828
1.50971153828
1.50971154031
1.50971154105
1.50971153867
1.5097115365
1.50971153596
1.50971153763
1.50971153846
1.50971153624
1.50971153929
1.5097115324
1.50971153715
1.50971153709
1.50971153827
1.5097115381
1.50971154053
1.50971153873
1.50955965406
1.50955965406
1.50955965425
1.50955965384
1.50955965412
1.50955965335
1.50955965388
1.5095596532
1.50955965276
1.50955965355
1.50955965346
1.50955965348
1.50955965311
1.50955965406
1.50955965364
1.50955965407
1.50955965375
1.50955965411
1.50949821176
1.50949821176
1.50949821149
1.50949821148
1.50949821173
1.50949821242
1.50949821239
1.5094982122
1.50949821231
1.50949821245
1.50949821175
1.50949821325
1.50949821242
1.50949821199
1.50949821185
1.50949821181
1.50949821137
1.50949821177
1.50943736027
1.50943736027
1.50943735956
1.50943735955
1.50943736014
1.50943736075
1.50943736054
1.50943736069
1.50943736062
1.50943736109
1.50943736042
1.50943736229
1.50943736087
1.5094373605
1.50943736056
1.50943736032
1.50943735962
1.50943736017
1.50942154843
1.50942154843
1.50942154823
1.50942154849
1.50942154841
1.50942154928
1.50942154904
1.50942154909
1.50942154934
1.50942154898
1.50942154869
1.50942154928
1.50942154921
1.50942154863
1.50942154874
1.50942154847
1.50942154854
1.50942154844
1.50941777902
1.50941777902
1.50941777899
1.50941777896
1.50941777903
1.50941777898
1.50941777899
1.50941777901
1.50941777901
1.50941777903
1.50941777902
1.50941777902
1.50941777907
1.509417779
1.50941777899
1.50941777902
1.509417779
1.50941777901
1.50941696204
     fun: 1.5094169620442597
     jac: array([-0.00198559, -0.00414911,  0.00031583, -0.00263619, -0.00232616,
       -0.00083263, -0.00054093,  0.00040497, -0.00027469,  0.00017038,
        0.00296663, -0.00159226, -0.00184233, -0.00025702, -0.00177059,
       -0.00067419])
 message: 'Optimization terminated successfully.'
    nfev: 504
     nit: 26
    njev: 26
  status: 0
 success: True
       x: array([ 0.45959904, -0.47015559, -0.34595668, -0.56303093,  0.23586844,
        0.63610031, -0.08943722,  0.10815414,  0.31499833, -0.0227753 ,
       -0.15359648, -0.43600591,  0.26164355, -0.04728057, -0.0949832 ,
       -0.33982515])

========================================================

Final result:
0.459599036787
-0.470155588695
-0.345956682547
0.118837744818
0.118837744818
0.118837744818
-0.563030934316
0.235868439297
0.636100306132
-0.0894372183059
0.108154139217
0.314998331548
-0.0227752998155
-0.0227752998155
-0.153596478007
-0.443505985935
-0.0949832021044
-0.339825151183
0.144936117762
0.144936117762
0.144936117762
-0.436005912525
0.261643546774
-0.0472805714152
0.0738809790556
0.0738809790556
0.0738809790556
