ILE_methyl_methyl.filelist
5.94268104125
5.94268104125
5.94268076171
5.94268065091
5.94268098673
5.94268075753
5.94268084403
5.94268058634
5.94268056294
5.94268071758
5.94268029926
5.94268071422
5.94268068574
5.94268088247
5.94268017398
5.94267995617
5.94268075113
5.94268100961
5.94268132588
5.9426814187
5.94268109973
29770.5987827
2973.87295589
435.627934944
76.5591403564
13.3298531647
4.86340328189
4.86340328189
4.86340298002
4.86340290089
4.86340322296
4.86340368793
4.86340375532
4.86340349761
4.86340347887
4.86340348858
4.863403326
4.86340348003
4.86340354862
4.8634034323
4.86340324931
4.86340413293
4.86340363078
4.863403312
4.86340346985
4.86340353477
4.86340332094
4365.6920501
530.178571802
106.459680452
21.7286456809
4.09470764415
4.09470764415
4.09470784973
4.09470803077
4.09470768437
4.09470795668
4.09470781312
4.0947080855
4.09470815933
4.09470792835
4.09470829842
4.09470789093
4.09470801928
4.09470773573
4.09470841498
4.0947088355
4.09470774877
4.09470766115
4.09470737295
4.09470725608
4.09470758701
732.289549088
72.8426851099
7.89666571317
4.06184781571
4.06184781571
4.06184800207
4.0618481766
4.0618478524
4.06184820248
4.06184806946
4.06184830689
4.0618483759
4.06184812283
4.06184852662
4.06184809274
4.06184815476
4.06184795363
4.06184865626
4.06184885487
4.06184805864
4.06184784195
4.0618475376
4.06184741314
4.06184775717
456.261901122
45.1692600533
5.56364655056
4.00118601889
4.00118601889
4.00118624901
4.00118642353
4.0011860639
4.00118634305
4.00118621057
4.00118648283
4.00118654966
4.00118633701
4.00118670331
4.00118631061
4.00118638956
4.00118617926
4.00118683536
4.00118716797
4.00118632773
4.00118604988
4.00118574492
4.00118562167
4.00118596126
203.709098029
20.1435269855
4.17143180599
3.94275444629
3.94275444629
3.94275466109
3.94275480184
3.94275448825
3.9427547737
3.94275467177
3.94275490798
3.94275493712
3.94275478011
3.94275515509
3.9427547932
3.94275482369
3.942754596
3.94275531614
3.94275560809
3.94275470759
3.94275447503
3.94275415778
3.94275401727
3.94275438601
199.320495913
19.7323971354
4.11735814508
3.8892185444
3.8892185444
3.88921878901
3.88921895407
3.88921859214
3.8892188849
3.8892187709
3.88921902935
3.88921908209
3.88921888753
3.88921926643
3.88921890218
3.88921892421
3.88921869395
3.88921941181
3.88921970765
3.889218798
3.88921857289
3.88921829569
3.88921818372
3.88921849287
104.013603129
10.1871305416
3.7799305823
3.7799305823
3.77993080362
3.77993093351
3.77993062482
3.77993090422
3.77993080597
3.77993105101
3.77993108568
3.77993089119
3.77993133198
3.77993084171
3.77993095881
3.77993073434
3.77993147247
3.77993176039
3.77993087015
3.7799306116
3.77993030729
3.77993021045
3.77993052576
42.4959856317
4.94060358454
3.58605980249
3.58605980249
3.58606003266
3.58606015001
3.58605984685
3.58606012113
3.5860600313
3.58606026596
3.58606029379
3.58606011521
3.58606054371
3.5860600869
3.58606016957
3.58605995232
3.58606061746
3.58606094237
3.58606008007
3.58605983131
3.58605949242
3.58605943953
3.58605973818
16.0244120148
2.70217191082
2.70217191082
2.70217190462
2.70217175427
2.70217190828
2.70217169893
2.70217178149
2.70217170985
2.70217172637
2.70217177813
2.70217162696
2.70217180212
2.70217173685
2.70217185191
2.70217161128
2.70217136285
2.70217181728
2.70217189902
2.70217200745
2.70217203003
2.70217193112
26.5879816322
4.03202792244
2.42649123987
2.42649123987
2.4264911784
2.42649101544
2.42649122818
2.42649093934
2.42649106319
2.42649086568
2.4264908241
2.42649098855
2.42649070828
2.42649101869
2.42649093247
2.42649112758
2.42649065249
2.42649027975
2.42649105474
2.42649121708
2.42649143054
2.42649147575
2.42649128008
53.1218119844
5.18768428103
2.33988511402
2.33988511402
2.33988497633
2.33988482072
2.33988508665
2.33988474636
2.33988483939
2.33988467599
2.33988463934
2.33988482184
2.3398844971
2.33988486884
2.33988474714
2.33988497978
2.33988439371
2.3398839612
2.33988488601
2.33988508693
2.33988533735
2.33988542241
2.33988516123
4.36204556999
1.87283387923
1.87283387923
1.87283373672
1.87283364115
1.87283384974
1.87283359213
1.87283369411
1.87283352131
1.87283349678
1.87283364414
1.8728333521
1.8728336781
1.87283358841
1.8728337689
1.87283328085
1.87283297017
1.87283369156
1.8728338565
1.87283405796
1.87283415569
1.87283391613
5.52701226852
1.49959267733
1.49959267733
1.49959267664
1.49959276778
1.49959267752
1.49959286337
1.49959281203
1.4995928499
1.49959285002
1.49959279557
1.49959289909
1.49959278241
1.499592831
1.49959272996
1.49959292066
1.49959316578
1.4995927782
1.49959268598
1.49959261357
1.49959259188
1.49959266399
1.28239079068
1.28239079068
1.28239083198
1.28239083712
1.28239079787
1.28239071505
1.28239071438
1.28239075146
1.28239076543
1.28239075279
1.28239077726
1.28239075362
1.28239074478
1.28239076356
1.28239079409
1.28239065042
1.28239074158
1.28239078372
1.2823907652
1.28239074835
1.28239078558
1.54851586124
1.25990567812
1.25990567812
1.25990570096
1.25990568988
1.25990568182
1.25990562226
1.25990562529
1.25990564228
1.25990565246
1.25990564802
1.25990564985
1.25990565164
1.25990564053
1.25990565847
1.25990566243
1.259905563
1.25990564822
1.25990567273
1.25990566909
1.25990566502
1.25990567635
1.27970840872
1.24301997029
1.24301997029
1.24301995538
1.24301994567
1.24301996681
1.24301998343
1.2430199922
1.24301997572
1.24301997902
1.24301997767
1.24301996604
1.24301998268
1.24301997905
1.24301997434
1.24301996403
1.24302000117
1.24301999095
1.24301996962
1.24301998162
1.24301998643
1.24301997283
1.26282380561
1.24261769802
1.24261769802
1.24261769105
1.2426176933
1.2426176962
1.24261768472
1.24261768603
1.24261768004
1.24261768235
1.24261768398
1.24261767344
1.24261768742
1.24261768303
1.24261768728
1.24261767345
1.24261765547
1.24261768552
1.24261769431
1.24261770295
1.24261770543
1.24261769915
1.24821056113
1.24482330082
1.24482330082
1.24482329551
1.2448232993
1.24482329929
1.24482330005
1.2448233004
1.24482329693
1.24482329931
1.24482329761
1.24482329532
1.24482330063
1.24482329824
1.24482329667
1.24482329806
1.24482329668
1.24482330239
1.24482329841
1.24482330151
1.24482330269
1.24482330108
1.24440074855
1.24463190608
1.24463190608
1.24463190123
1.24463190575
1.24463190465
1.24463190628
1.24463190592
1.24463190343
1.24463190645
1.24463190343
1.24463190203
1.2446319062
1.2446319045
1.24463190174
1.24463190475
1.24463190525
1.24463190662
1.24463190364
1.24463190591
1.24463190678
1.24463190616
1.24441960197
     fun: 1.3095600164626782
     jac: array([-0.01046772, -0.01421846, -0.00221497,  0.00122814,  0.00133444,
       -0.00385463, -0.00161698, -0.00208846, -0.01396005, -0.00133704,
       -0.00056079, -0.0034986 , -0.01899113, -0.00018832, -0.00914958,
       -0.00054066,  0.00510003,  0.01549035,  0.00070223])
 message: 'Optimization terminated successfully.'
    nfev: 458
     nit: 20
    njev: 20
  status: 0
 success: True
       x: array([ 0.5422651 , -0.49860738, -0.47860921, -0.40548938,  0.24377177,
       -0.00572427,  0.11637687, -0.04472707,  0.50930446,  0.08850642,
       -0.42054389, -0.15445678, -0.47495708,  0.1289859 ,  0.09214293,
       -0.38627489, -0.35112387,  0.25451076, -0.32823537])

========================================================

Final result:
0.542265099062
-0.498607382195
-0.478609212473
0.144983831869
0.144983831869
0.144983831869
-0.405489381036
0.243771770074
-0.00572427025342
0.116376866201
-0.0447270748288
0.509304461903
0.088506416444
-0.42054389375
-0.154456775416
-0.474957076281
0.128985898312
0.128985898312
0.128985898312
0.0921429278219
0.0921429278219
-0.386274890819
0.120990099061
0.120990099061
0.120990099061
-0.351123873356
0.254510760139
-0.32823536502
0.141616159413
0.141616159413
0.141616159413
