CYX_methyl_charged.filelist
25.5702273767
25.5702273767
25.5702271748
25.5702270747
25.5702273379
25.5702277646
25.570227838
25.5702276104
25.5702275304
25.5702277223
25.5702274342
25.5702281119
25.5702277789
25.570226914
25.5702272984
11040.0048979
1088.98281276
169.513734664
30.7612916809
19.2131608139
19.2131608139
19.213160676
19.2131606075
19.2131607876
19.2131608036
19.2131608632
19.2131607146
19.2131606198
19.2131606834
19.2131607892
19.2131605267
19.2131606904
19.2131602879
19.2131607262
3033.77072709
345.885764953
60.6897413839
14.0031712781
14.0031712781
14.0031716289
14.0031718599
14.0031713464
14.0031709163
14.0031707269
14.0031711495
14.0031712919
14.0031711141
14.0031712482
14.0031708872
14.0031711789
14.0031711662
14.0031712596
1406.07117759
140.179360613
22.1632867949
10.8045182795
10.8045182795
10.8045185657
10.8045188013
10.8045183351
10.8045178439
10.8045176493
10.8045180508
10.8045182088
10.8045179019
10.8045182236
10.8045173865
10.8045179588
10.8045184911
10.8045183165
359.058891073
34.9817749594
10.6004023761
10.6004023761
10.6004026781
10.6004028533
10.6004024343
10.6004018138
10.6004016649
10.6004020632
10.600402149
10.6004020008
10.6004022988
10.6004016061
10.6004019652
10.6004026067
10.600402416
91.4600379518
12.5363173848
10.0857960534
10.0857960534
10.0857963684
10.0857965634
10.0857961149
10.0857955487
10.0857954048
10.0857957679
10.0857958707
10.0857956662
10.085795983
10.0857952896
10.0857955332
10.0857962786
10.0857960926
117.048958138
14.9756589896
7.9912874274
7.9912874274
7.99128772633
7.99128782967
7.99128748669
7.99128700926
7.99128696969
7.99128716015
7.99128718599
7.99128710044
7.99128735891
7.99128675004
7.99128707855
7.99128770814
7.99128747561
111.616334027
17.1619873412
5.26493479285
5.26493479285
5.26493481139
5.26493471588
5.26493479562
5.26493475098
5.26493482862
5.26493476118
5.26493478068
5.26493473771
5.26493477855
5.26493469454
5.26493468917
5.26493509736
5.26493484474
35.3455313606
6.50826397645
4.5165913353
4.5165913353
4.51659115973
4.51659103395
4.51659130164
4.51659159324
4.51659170694
4.5165914448
4.51659138386
4.51659146364
4.51659135774
4.51659162606
4.51659143315
4.51659157396
4.51659137627
7.11164735035
3.18616940161
3.18616940161
3.18616920123
3.18616908356
3.18616936298
3.1861696338
3.18616972741
3.18616948707
3.18616941832
3.18616950498
3.18616942104
3.18616961822
3.18616951316
3.18616920678
3.18616936996
4.9246479359
2.8686216722
2.8686216722
2.86862164402
2.86862166966
2.86862166691
2.86862180518
2.86862177201
2.86862178283
2.86862180425
2.86862183102
2.8686216985
2.86862200487
2.86862186761
2.86862157757
2.86862165717
3.56186199817
2.76358430595
2.76358430595
2.76358428747
2.76358431523
2.7635843027
2.76358429609
2.76358426782
2.76358428633
2.76358428988
2.76358428222
2.76358429963
2.76358425584
2.76358428846
2.76358424723
2.76358429758
2.72427718076
2.70152461762
2.70152461762
2.70152462824
2.70152464678
2.70152462007
2.70152460732
2.70152459271
2.70152460559
2.70152461225
2.70152461043
2.70152461218
2.70152460695
2.70152461652
2.70152458778
2.70152461406
2.67898157463
2.68680831651
2.68680831651
2.6868083167
2.68680832875
2.68680831685
2.68680831428
2.68680830056
2.68680830959
2.68680831808
2.68680831259
2.68680831264
2.68680831119
2.68680831837
2.68680830012
2.68680831521
2.6925912088
2.68658873072
2.68658873072
2.68658872647
2.68658873709
2.68658873016
2.68658873202
2.68658872067
2.68658872526
2.68658873313
2.68658872813
2.68658872707
2.68658872836
2.68658873294
2.68658871442
2.68658872943
2.6902517719
2.68750359703
2.68750359703
2.68750358951
2.68750359766
2.68750359585
2.68750360356
2.68750359407
2.6875035935
2.68750359935
2.68750359703
2.68750359374
2.68750360077
2.6875036011
2.68750357797
2.68750359526
2.68423270087
2.68641617541
2.68641617541
2.68641616729
2.68641617499
2.68641617413
2.68641618301
2.68641617416
2.68641617228
2.68641617749
2.68641617609
2.68641617233
2.68641618044
2.68641618071
2.68641615521
2.68641617345
2.68700204264
2.68667035336
2.68667035336
2.68667034503
2.68667035261
2.68667035203
2.68667036122
2.6866703524
2.68667035042
2.68667035574
2.68667035418
2.68667035031
2.68667035846
2.68667035907
2.68667033261
2.68667035131
2.68655237165
2.68662673619
     fun: 3.2503334488039832
     jac: array([-0.00588608, -0.00624692, -0.00093597,  0.00025472,  0.00172386,
       -0.00520918, -0.00786868, -0.01081583, -0.00156882, -0.02829579,
       -0.00560376,  0.0085088 ,  0.00214395])
 message: 'Optimization terminated successfully.'
    nfev: 301
     nit: 18
    njev: 18
  status: 0
 success: True
       x: array([ 0.65155178, -0.52768649, -0.50753047, -0.58708337,  0.34368585,
        0.04117271,  0.1222548 , -0.30359645,  0.62840672,  0.11356875,
       -0.17093513, -0.0970824 , -0.12107612])

========================================================

Final result:
0.65155178253
-0.527686494724
-0.507530472942
0.127888395045
0.127888395045
0.127888395045
-0.58708337026
0.343685852619
0.0411727128368
0.122254797288
-0.303596450598
0.628406722253
0.11356875041
0.11356875041
-0.170935129161
-0.650521317899
-0.0970823986704
-0.121076116496
0.0727195050554
0.0727195050554
0.0727195050554
-0.650521317899
