5.72834653177
5.72834653177
5.72834625193
5.72834614136
5.7283464772
5.72834630129
5.72834637645
5.72834612249
5.72834609963
5.72834624407
5.72834583579
5.72834623518
5.7283462077
5.72834641053
5.72834570597
5.72834553749
5.72834634043
5.72834650766
5.72834681406
5.72834690931
5.72834659005
26979.7434731
4857.71352606
873.323901414
155.756738463
26.8776241462
5.78554915341
4.73408392266
4.73408392266
4.7340836103
4.73408351477
4.73408386157
4.7340841921
4.73408426284
4.73408399266
4.73408397177
4.73408401675
4.73408378018
4.73408400358
4.73408404869
4.73408402622
4.73408367885
4.73408433107
4.73408419854
4.73408394357
4.73408414203
4.73408422259
4.73408396843
4986.76253435
1160.69588898
268.584051838
60.6168304954
12.3525062733
2.57802845648
2.57802845648
2.57802854881
2.57802869167
2.57802847387
2.57802877312
2.57802866116
2.57802884882
2.57802891385
2.5780287382
2.57802897067
2.57802869014
2.57802889349
2.57802854194
2.5780290299
2.57802988515
2.57802854326
2.57802847221
2.57802825789
2.57802817622
2.57802841327
1810.88153721
180.627223663
17.7626344283
2.82875019175
2.52266162565
2.52266162565
2.52266169708
2.52266183937
2.52266163926
2.52266204766
2.52266194339
2.52266209509
2.5226621583
2.52266193949
2.5226622351
2.5226618994
2.52266202636
2.52266175769
2.52266231343
2.52266289426
2.52266184549
2.52266165056
2.5226614051
2.52266131258
2.52266157786
384.234005896
37.9502090893
4.19232509599
2.45047925182
2.45047925182
2.45047940251
2.45047956097
2.45047928077
2.45047961843
2.45047950707
2.45047971698
2.45047978808
2.45047959957
2.4504798588
2.45047957
2.4504796934
2.45047943351
2.45047994345
2.45048064733
2.45047961126
2.4504792869
2.45047904936
2.45047896139
2.45047920785
338.584234636
33.4883282626
3.75133714915
2.39930493719
2.39930493719
2.39930506769
2.39930517814
2.39930496221
2.3993053078
2.39930524048
2.39930540149
2.39930541844
2.39930531018
2.39930558496
2.39930533488
2.39930539634
2.39930510498
2.39930571659
2.39930637863
2.39930523086
2.39930496933
2.39930471173
2.39930459342
2.3993048887
186.927417328
18.4705723287
2.7776164374
2.36340303527
2.36340303527
2.3634031914
2.36340332803
2.36340306521
2.36340342916
2.36340334882
2.36340353155
2.36340357366
2.36340341727
2.36340371056
2.36340343906
2.36340350027
2.36340319591
2.36340382987
2.36340449128
2.36340329835
2.3634030657
2.36340284783
2.36340275758
2.3634029954
130.9818539
12.8405958006
2.47495228294
2.30639101922
2.30639101922
2.30639117074
2.30639129141
2.30639104793
2.30639140566
2.30639133173
2.30639151604
2.3063915482
2.30639139018
2.30639172858
2.30639137299
2.30639149361
2.30639118917
2.30639185777
2.30639251956
2.30639132219
2.30639105168
2.30639080774
2.30639071387
2.30639097471
40.5097915341
4.33367377991
2.24175632981
2.24175632981
2.24175650163
2.24175661004
2.24175636268
2.24175671407
2.24175664768
2.24175682907
2.24175685156
2.2417567068
2.24175705306
2.24175670748
2.24175679766
2.24175649786
2.24175712018
2.24175780062
2.2417566217
2.24175636186
2.24175607833
2.24175602805
2.24175627746
8.19651018069
2.0541683993
2.0541683993
2.0541685093
2.05416846747
2.05416841932
2.05416841418
2.05416841173
2.05416852364
2.05416858291
2.05416848789
2.05416860234
2.05416850442
2.05416848402
2.05416843303
2.05416865048
2.05416865328
2.05416845608
2.05416840529
2.05416831385
2.05416827954
2.05416838076
39.6863615773
5.41890846083
1.93887200548
1.93887200548
1.93887212216
1.93887204848
1.93887202896
1.93887191751
1.93887197235
1.93887194992
1.9388719598
1.93887195403
1.93887196281
1.93887196212
1.9388719247
1.93887197852
1.93887201178
1.9388717437
1.93887196237
1.93887199913
1.93887199756
1.93887195464
1.93887200327
31.6389451356
4.96349723937
1.74533019621
1.74533019621
1.74533020344
1.74533012002
1.74533019843
1.74532988967
1.74532992032
1.74532987429
1.7453298496
1.74532994103
1.74532981885
1.74532996616
1.74532984456
1.7453300763
1.74532978942
1.74532906996
1.74532999336
1.74533017115
1.74533029525
1.74533030829
1.74533021745
3.25093210209
1.51959911819
1.51959911819
1.51959904814
1.5195989615
1.51959910405
1.51959878206
1.51959885932
1.51959873226
1.51959870452
1.51959882449
1.51959861825
1.51959884697
1.51959871745
1.51959898972
1.51959857571
1.5195978388
1.51959891469
1.51959909156
1.51959926414
1.51959932444
1.51959914867
1.86473214444
1.20112380544
1.20112380544
1.20112371485
1.20112369628
1.2011237873
1.20112389161
1.20112391714
1.20112383172
1.20112381476
1.2011238365
1.20112378556
1.20112383643
1.20112383695
1.20112384068
1.20112375811
1.20112390403
1.20112390728
1.20112381165
1.2011238641
1.20112389723
1.20112381767
1.32564921039
1.14098132568
1.14098132568
1.14098133345
1.1409813624
1.14098132669
1.14098131168
1.14098129626
1.14098132001
1.14098132487
1.14098131818
1.140981328
1.14098131195
1.14098133353
1.14098130863
1.14098132976
1.140981363
1.14098128167
1.14098132147
1.14098130534
1.1409813027
1.1409813208
1.11786110538
1.11786110538
1.11786112241
1.11786110812
1.11786110855
1.11786117079
1.11786117309
1.11786118049
1.11786118468
1.11786116474
1.11786120008
1.11786117013
1.117861163
1.11786114218
1.11786121214
1.11786127911
1.11786118579
1.11786111297
1.11786109148
1.11786108079
1.1178611023
1.09549272977
1.09549272977
1.09549272926
1.09549272881
1.09549272951
1.09549271172
1.09549271264
1.09549271149
1.09549271037
1.09549271518
1.09549270843
1.09549271362
1.0954927141
1.09549272021
1.09549270445
1.09549268388
1.09549270938
1.09549272806
1.09549273464
1.09549273366
1.09549273056
1.13411802036
1.09415875814
1.09415875814
1.09415875748
1.09415875722
1.09415875786
1.09415874023
1.09415873942
1.09415873886
1.09415873756
1.09415874287
1.09415873451
1.09415874127
1.0941587416
1.0941587482
1.09415873219
1.09415870933
1.09415873707
1.09415875636
1.09415876192
1.09415876314
1.09415875867
1.09163672311
1.09163672311
1.09163672308
1.09163672472
1.09163672291
1.091636733
1.09163673368
1.09163673418
1.09163673449
1.09163673234
1.09163673654
1.09163673359
1.09163673005
1.09163672949
1.09163673896
1.09163674368
1.09163673818
1.09163672453
1.09163672025
1.09163672026
1.09163672231
1.0889284552
1.0889284552
1.08892845502
1.08892845576
1.0889284551
1.08892846639
1.08892846602
1.08892846741
1.08892846847
1.08892846493
1.08892846928
1.0889284643
1.08892846825
1.08892845972
1.08892847009
1.08892849773
1.08892846325
1.08892845617
1.08892845244
1.08892845223
1.08892845456
1.08823055277
1.08823055277
1.08823055354
1.0882305537
1.08823055301
1.0882305547
1.08823055494
1.08823055412
1.08823055319
1.08823055355
1.08823055484
1.0882305552
1.08823054966
1.08823055534
1.08823055609
1.08823054065
1.08823056059
1.08823055328
1.08823055268
1.0882305518
1.0882305528
1.08802089581
1.08802089581
1.08802089573
1.08802089523
1.08802089583
1.08802089221
1.08802089239
1.08802089272
1.08802089281
1.08802089342
1.08802089215
1.08802089326
1.08802089414
1.08802089388
1.08802089159
1.08802089147
1.08802089098
1.08802089542
1.0880208964
1.08802089694
1.08802089597
1.08795100226
1.08795100226
1.08795100199
1.08795100212
1.08795100224
1.08795100274
1.08795100262
1.08795100255
1.08795100267
1.0879510023
1.08795100223
1.08795100191
1.08795100289
1.0879510021
1.08795100204
1.08795100471
1.08795100166
1.08795100223
1.08795100221
1.08795100219
1.08795100226
1.08791095584
1.08791095584
1.08791095598
1.08791095609
1.08791095588
1.08791095647
1.08791095639
1.08791095664
1.08791095648
1.08791095664
1.08791095692
1.08791095677
1.08791095692
1.08791095617
1.08791095703
1.08791095931
1.08791095637
1.0879109559
1.08791095571
1.08791095567
1.08791095583
1.08790220526
1.08790220526
1.08790220506
1.08790220509
1.08790220523
1.08790220568
1.08790220568
1.08790220546
1.08790220558
1.08790220517
1.08790220531
1.08790220505
1.0879022047
1.08790220545
1.08790220532
1.08790220322
1.08790220603
1.08790220529
1.08790220517
1.08790220512
1.08790220524
1.08789724785
1.08789724785
1.08789724794
1.08789724792
1.08789724788
1.08789724768
1.08789724773
1.0878972477
1.08789724766
1.08789724779
1.08789724764
1.08789724781
1.08789724778
1.08789724782
1.08789724769
1.08789724759
1.08789724781
1.08789724784
1.08789724791
1.08789724787
1.08789724787
1.08789487466
1.08789487466
1.08789487462
1.08789487463
1.08789487465
1.08789487465
1.08789487461
1.08789487469
1.08789487467
1.08789487468
1.08789487478
1.08789487469
1.08789487473
1.0878948746
1.08789487474
1.08789487489
1.08789487446
1.08789487465
1.08789487464
1.0878948747
1.08789487466
1.08789443122
     fun: 1.0878944312166556
     jac: array([ -2.59642303e-03,  -2.50056386e-03,  -5.75497746e-04,
        -1.16224587e-03,  -3.74640524e-03,   2.09119916e-03,
         4.45023179e-04,   1.13056600e-03,   8.09083879e-03,
         1.65309012e-03,   4.60219383e-03,  -4.01802361e-03,
         4.96934354e-03,   1.55081749e-02,  -1.39255822e-02,
        -8.62225890e-04,  -1.63303316e-03,   2.14831531e-03,
        -1.93715096e-05])
 message: 'Optimization terminated successfully.'
    nfev: 606
     nit: 27
    njev: 27
  status: 0
 success: True
       x: array([ 0.51169837, -0.50021187, -0.3331141 , -0.40333165,  0.23095997,
       -0.00934502,  0.10227844,  0.00382401,  0.48039697, -0.00365806,
       -0.08306364,  0.38038044, -0.4629945 ,  0.02026104, -0.10297165,
       -0.14561124, -0.37910853,  0.24862042, -0.16197252])

========================================================

Final result:
0.511698369222
-0.500211868964
-0.333114103256
0.107209201
0.107209201
0.107209201
-0.403331648531
0.230959968303
-0.00934501873487
0.10227843505
0.00382400550486
0.480396971838
-0.00365805718407
-0.0830636408943
0.38038043745
-0.462994500938
0.0202610433714
0.0202610433714
0.0202610433714
-0.102971646652
-0.102971646652
-0.145611236679
0.018441482668
0.018441482668
0.018441482668
-0.379108529126
0.248620420315
-0.161972520561
0.0974868764575
0.0974868764575
0.0974868764575
