CYX_neutral_methyl.filelist
7.28913767109
7.28913767109
7.28913825
7.28913798956
7.28913801857
7.28913816976
7.28913809243
7.289137759
7.28913845083
7.28913828345
7.28913801315
7.28913811367
7.28913774261
7.28913797308
7.28913772044
18149.6205094
1811.08858304
229.730122233
38.5064206146
7.71909480902
5.87522502253
5.87522502253
5.875224647
5.87522489863
5.87522500506
5.87522513567
5.87522501156
5.87522493766
5.87522490318
5.87522518377
5.87522519548
5.87522516435
5.87522505954
5.87522534141
5.87522507514
2522.44224012
287.852148593
51.2550123468
9.27260539402
4.36714288739
4.36714288739
4.3671429011
4.36714287765
4.3671427276
4.36714271675
4.36714261291
4.36714269981
4.3671422132
4.36714269216
4.36714300245
4.36714287339
4.36714291224
4.36714295987
4.36714290046
2271.18828781
224.948811663
34.4090710061
6.01004199852
3.62123339232
3.62123339232
3.62123297189
3.62123315867
3.62123307502
3.62123295793
3.62123310322
3.621233129
3.6212328252
3.62123312528
3.62123335969
3.62123313897
3.62123338559
3.62123327521
3.62123337276
548.234009324
53.2060964988
7.93524131265
3.11959793936
3.11959793936
3.11959731131
3.11959764564
3.11959759575
3.11959755311
3.11959748673
3.1195977316
3.1195970378
3.11959735996
3.11959774719
3.11959753727
3.11959789878
3.11959780853
3.1195979184
91.8261023626
9.14455220134
2.93752623166
2.93752623166
2.93752550541
2.93752588086
2.93752583888
2.93752573405
2.93752572078
2.9375260714
2.93752515665
2.93752567826
2.93752597114
2.93752582073
2.9375261782
2.93752598982
2.93752619223
135.138197852
13.3243064733
2.99253170288
2.88416763648
2.88416763648
2.88416690295
2.88416727386
2.88416722608
2.88416710157
2.88416711293
2.88416747394
2.88416657191
2.88416701799
2.88416737588
2.88416723186
2.88416758343
2.88416742681
2.88416760251
21.0471039853
3.22641301545
2.82442254842
2.82442254842
2.82442185877
2.82442219871
2.82442214791
2.82442201341
2.82442204554
2.82442239618
2.82442151048
2.82442198709
2.82442224979
2.82442210128
2.82442248686
2.82442239345
2.8244225237
71.9318105508
6.25031330591
2.36204030647
2.36204030647
2.36203992052
2.36204006794
2.36204006685
2.36203999574
2.36204001519
2.36204021963
2.36203973601
2.36203993089
2.36204010808
2.36204004636
2.36204026563
2.36204012333
2.36204027601
9.85923553148
2.26031651799
2.26031651799
2.26031714159
2.26031683274
2.26031685218
2.26031689248
2.26031695596
2.26031670679
2.26031746949
2.26031695627
2.26031663971
2.26031677304
2.26031654375
2.26031655202
2.26031652264
2.01250073776
2.01250073776
2.01250054032
2.01250067336
2.01250070863
2.01250076143
2.01250069906
2.01250069197
2.01250062334
2.01250074807
2.0125007762
2.0125007873
2.01250074643
2.01250087178
2.01250075976
3.85686364688
1.92724589202
1.92724589202
1.92724555889
1.92724574775
1.92724577477
1.92724580722
1.92724573468
1.92724580587
1.92724552538
1.92724577912
1.9272459097
1.92724585935
1.92724589711
1.92724600026
1.92724591001
1.95982502815
1.78131266499
1.78131266499
1.78131263459
1.78131264447
1.78131260124
1.78131257974
1.78131257409
1.78131261609
1.78131246855
1.78131257225
1.78131265677
1.78131261692
1.78131266423
1.78131263289
1.78131265964
1.78383734724
1.75089603803
1.75089603803
1.75089597048
1.75089601054
1.75089601358
1.75089601121
1.75089601373
1.75089602421
1.75089599323
1.750896013
1.75089602779
1.75089601356
1.75089603686
1.75089603058
1.75089603649
1.7507525672
1.74893439214
1.74893439214
1.74893439083
1.74893439518
1.74893439026
1.74893439199
1.74893438872
1.7489343874
1.74893438587
1.74893439104
1.74893439794
1.74893439349
1.74893439431
1.74893439417
1.7489343922
1.74958140582
1.74958140582
1.74958139834
1.74958140626
1.749581403
1.74958140433
1.74958140476
1.74958139936
1.74958140592
1.74958140804
1.74958141179
1.74958140696
1.74958140801
1.74958140854
1.74958140597
1.74935086611
1.74935086611
1.74935085879
1.74935086693
1.74935086333
1.74935086551
1.74935086283
1.74935086041
1.74935086051
1.7493508656
1.74935087142
1.74935086709
1.74935086816
1.74935086925
1.74935086634
1.74930515277
1.74930515277
1.74930514641
1.7493051538
1.74930515008
1.74930515183
1.74930515015
1.74930514698
1.74930514881
1.74930515306
1.74930515838
1.74930515387
1.74930515489
1.74930515555
1.74930515294
1.749337314
     fun: 1.8262171740658526
     jac: array([ 0.01849538,  0.00451659,  0.00088622, -0.00491486,  0.00222941,
        0.00198925,  0.00390419,  0.00313395,  0.00260934,  0.00119828,
        0.00126106, -0.00574616, -0.00121623])
 message: 'Optimization terminated successfully.'
    nfev: 301
     nit: 18
    njev: 18
  status: 0
 success: True
       x: array([ 0.30136573, -0.69800199, -0.02436967,  0.13343836, -0.30825841,
        0.51873458,  0.15144091, -0.06364261, -0.49313621,  0.28033083,
        0.13030749, -0.07374491, -0.48259164])

========================================================

Final result:
0.301365733809
-0.698001986257
0.301365733809
-0.024369665679
0.133438360565
-0.308258412261
0.518734580459
0.151440909013
0.151440909013
-0.0636426133325
-0.463513549141
-0.0737449084812
-0.482591642671
0.185445517051
0.185445517051
0.185445517051
-0.493136213131
0.280330831665
0.130307488503
0.0274992976544
0.0274992976544
0.0274992976544
