7.95142039725
7.95142039725
7.95142023205
7.9514201355
7.95142036488
7.95141988504
7.95141994265
7.95141979246
7.95141977467
7.95141997705
7.95141952786
7.95141957165
7.95142013692
7.95141940793
7.95141984449
7.95142038034
7.95142039338
7.95142065431
7.9514207415
7.95142044985
31935.698221
6173.2475992
1191.2972983
227.955436835
42.0574983089
8.45211757743
6.17060589526
6.17060589526
6.17060564867
6.17060553637
6.17060584746
6.17060609973
6.17060618692
6.1706059305
6.17060589691
6.17060602059
6.17060569748
6.17060616863
6.17060607782
6.17060559701
6.1706062557
6.1706061603
6.17060594089
6.17060613254
6.17060621537
6.17060594421
5082.37377173
1144.93666345
255.986876652
55.391161346
10.6733204404
3.53662351713
3.53662351713
3.53662346586
3.53662349505
3.53662350726
3.53662402693
3.53662401251
3.53662398602
3.53662398704
3.53662391293
3.53662402374
3.53662434587
3.53662379733
3.53662407897
3.53662394679
3.53662388062
3.53662358063
3.53662343668
3.5366233771
3.53662349912
631.348775359
97.8089237252
14.811901022
3.51336747864
3.15122128061
3.15122128061
3.15122130809
3.15122140912
3.15122128593
3.15122188756
3.15122182052
3.1512218852
3.15122194767
3.15122174389
3.1512219497
3.15122214253
3.15122169843
3.15122201039
3.15122211011
3.15122166825
3.15122134893
3.15122117472
3.15122111718
3.15122125728
866.515766701
128.6327019
18.741732844
3.57170944622
2.85216261701
2.85216261701
2.85216257362
2.85216263534
2.85216260871
2.85216341118
2.85216338601
2.85216335616
2.85216337504
2.85216316216
2.85216347657
2.8521636675
2.85216303248
2.85216358363
2.85216344798
2.85216288706
2.85216266579
2.85216246852
2.85216238349
2.85216258517
539.599036223
53.4818361999
5.54209016719
2.79320968009
2.79320968009
2.7932097113
2.79320978643
2.79320968627
2.79321043517
2.79321040435
2.79321043221
2.79321045032
2.79321028755
2.79321055698
2.79321091843
2.79321012138
2.79321065846
2.7932105498
2.79320994828
2.79320972874
2.79320954512
2.79320946748
2.79320965131
56.7856348971
5.95760708607
2.76579917846
2.76579917846
2.76579919741
2.76579923074
2.76579918207
2.76579988992
2.76579988625
2.76579989579
2.7657998693
2.76579978092
2.76580006233
2.76580041376
2.76579963528
2.76580018371
2.76580009543
2.76579946174
2.76579922959
2.76579899218
2.7657988931
2.76579913896
152.285298362
16.4895570857
3.01372555131
2.65510690612
2.65510690612
2.65510694784
2.65510699218
2.65510691394
2.65510762168
2.65510761059
2.65510764067
2.65510762667
2.65510749917
2.65510782622
2.65510810933
2.65510734507
2.6551079089
2.65510777434
2.65510718206
2.65510695612
2.6551067323
2.65510668292
2.65510687059
23.8942053086
3.53917581831
2.51427098798
2.51427098798
2.51427105068
2.51427109523
2.51427100038
2.51427163544
2.51427161918
2.51427165053
2.51427164163
2.51427151458
2.51427181884
2.51427205491
2.51427136987
2.51427183888
2.51427175172
2.51427120195
2.51427102737
2.5142707667
2.51427074154
2.51427094211
44.2301967236
8.1108455565
2.10439744433
2.10439744433
2.10439758901
2.10439756174
2.10439747185
2.10439723418
2.10439724347
2.10439733132
2.1043973662
2.10439731232
2.10439740858
2.10439716469
2.10439731907
2.10439747006
2.10439721852
2.10439728318
2.10439741842
2.10439737248
2.10439732642
2.10439742889
19.6418865427
3.01519784864
1.95048863369
1.95048863369
1.95048874853
1.95048875683
1.95048865513
1.950488236
1.95048819901
1.95048833624
1.95048836785
1.95048834357
1.95048839745
1.95048803255
1.95048838665
1.95048841848
1.95048817456
1.95048837442
1.95048859081
1.95048858332
1.95048856018
1.95048862314
31.4295204255
3.44265915528
1.92708008186
1.92708008186
1.92708020932
1.92708022074
1.92708010646
1.92707967092
1.92707965012
1.92707975051
1.92707976105
1.92707976731
1.92707980525
1.92707943304
1.92707981991
1.92707983295
1.92707959336
1.92707981787
1.92708003824
1.92708004602
1.92708001852
1.92708007442
3.22548365363
1.63903381043
1.63903381043
1.639033793
1.63903376735
1.63903380605
1.63903355194
1.63903358691
1.63903354781
1.63903354647
1.63903360026
1.63903349059
1.63903338183
1.63903366682
1.63903345909
1.63903357137
1.63903366246
1.63903378675
1.63903388073
1.63903392828
1.63903382482
2.8830921865
1.51454530664
1.51454530664
1.514545236
1.51454519784
1.51454529279
1.51454532166
1.51454534504
1.51454526688
1.51454524934
1.51454529677
1.5145451985
1.51454529578
1.51454532306
1.51454515047
1.5145453596
1.51454531854
1.5145453104
1.51454539111
1.51454542862
1.51454532434
1.776367005
1.45615962953
1.45615962953
1.45615960516
1.45615961048
1.45615962443
1.45615965774
1.45615965416
1.45615964091
1.45615963551
1.4561596451
1.45615962775
1.45615967402
1.45615964005
1.45615961726
1.45615962797
1.45615966769
1.45615963757
1.45615963882
1.45615964348
1.45615963108
1.41988659442
1.41988659442
1.41988661168
1.41988661803
1.41988659735
1.41988664534
1.41988663994
1.41988665429
1.41988666134
1.4198866357
1.41988667368
1.41988666987
1.41988663324
1.41988668788
1.419886686
1.41988660348
1.41988659704
1.41988657437
1.41988656573
1.41988658987
1.4096581064
1.4096581064
1.40965811719
1.40965811457
1.40965810802
1.4096580692
1.40965807707
1.40965808205
1.40965808313
1.40965808281
1.40965809309
1.40965806456
1.40965808098
1.40965809376
1.40965804923
1.40965808312
1.40965810267
1.40965810098
1.4096580918
1.40965810507
1.46548753011
1.39428784173
1.39428784173
1.39428784676
1.39428783628
1.39428784233
1.39428775345
1.39428776033
1.39428776117
1.39428775746
1.39428777607
1.3942877582
1.39428772326
1.39428777615
1.39428775517
1.39428768949
1.39428780363
1.39428783482
1.39428784454
1.39428784507
1.39428784206
1.38195622299
1.38195622299
1.3819562182
1.38195622589
1.38195622182
1.38195623379
1.3819562285
1.3819562296
1.38195623251
1.38195622816
1.38195622117
1.38195622534
1.38195623927
1.38195621656
1.38195626457
1.3819562345
1.38195622448
1.38195623082
1.38195623579
1.38195622439
1.37589669071
1.37589669071
1.37589668578
1.37589668391
1.37589668958
1.37589671431
1.37589671595
1.37589671027
1.37589670713
1.37589670766
1.37589671165
1.37589672718
1.37589670317
1.37589671352
1.3758967148
1.37589669672
1.37589669139
1.37589668939
1.37589668897
1.37589669028
1.37251287819
1.37251287819
1.37251288532
1.37251288546
1.37251287945
1.37251286499
1.37251286348
1.37251286983
1.37251287261
1.37251287004
1.37251287037
1.37251286111
1.37251287214
1.37251287023
1.37251286442
1.37251287744
1.37251287785
1.37251287662
1.37251287593
1.37251287774
1.37136083325
1.37136083325
1.37136083181
1.37136083008
1.37136083289
1.37136083158
1.37136083314
1.37136083122
1.37136082933
1.37136083134
1.37136083289
1.37136083199
1.37136082846
1.3713608345
1.37136082222
1.37136082811
1.37136083228
1.37136083197
1.37136083059
1.37136083293
1.3709505455
1.3709505455
1.37095054504
1.37095054468
1.37095054536
1.3709505479
1.37095054844
1.37095054764
1.37095054704
1.37095054761
1.37095054778
1.37095055041
1.37095054686
1.37095054754
1.37095054839
1.37095054643
1.37095054562
1.37095054546
1.37095054582
1.37095054546
1.37069455578
1.37069455578
1.37069455541
1.3706945562
1.37069455569
1.37069455682
1.37069455615
1.37069455642
1.3706945571
1.3706945559
1.37069455527
1.37069455476
1.37069455714
1.3706945551
1.37069455962
1.37069455713
1.37069455603
1.3706945566
1.37069455667
1.37069455592
1.37061328425
1.37061328425
1.37061328494
1.37061328547
1.37061328437
1.37061328367
1.37061328326
1.37061328423
1.37061328439
1.37061328448
1.37061328408
1.37061328442
1.37061328508
1.37061328349
1.37061328629
1.37061328518
1.37061328445
1.37061328445
1.370613285
1.37061328429
1.37057636936
1.37057636936
1.37057636927
1.37057636917
1.37057636934
1.37057636962
1.37057636975
1.37057636955
1.37057636952
1.37057636944
1.37057636946
1.37057636943
1.37057636939
1.37057636942
1.37057636935
1.37057636938
1.3705763694
1.37057636933
1.37057636937
1.37057636935
1.37055104301
1.37055104301
1.37055104294
1.37055104265
1.370551043
1.37055104276
1.37055104296
1.37055104279
1.37055104258
1.37055104287
1.37055104296
1.37055104304
1.37055104248
1.37055104333
1.37055104161
1.37055104248
1.37055104294
1.37055104289
1.37055104257
1.37055104298
1.37053905535
1.37053905535
1.37053905514
1.37053905499
1.37053905531
1.37053905552
1.37053905564
1.37053905536
1.37053905526
1.37053905515
1.37053905554
1.37053905498
1.3705390549
1.37053905559
1.37053905429
1.37053905486
1.37053905526
1.3705390551
1.37053905503
1.3705390553
1.37053743177
1.37053743177
1.37053743182
1.37053743176
1.37053743178
1.37053743163
1.37053743168
1.37053743168
1.37053743164
1.37053743182
1.37053743165
1.37053743201
1.37053743177
1.37053743175
1.37053743173
1.37053743178
1.37053743177
1.37053743184
1.37053743176
1.37053743179
     fun: 1.3705374317718968
     jac: array([  3.12408805e-03,  -7.25984573e-04,   7.94187188e-04,
        -9.81137156e-03,  -5.83508611e-03,  -5.99874556e-03,
        -8.53782892e-03,   3.21012735e-03,  -7.87481666e-03,
         1.60696357e-02,   1.09285116e-04,  -1.14950538e-03,
        -2.67575681e-03,   5.11482358e-04,  -3.94284725e-05,
         4.24017012e-03,  -7.54773617e-04,   9.51424241e-04])
 message: 'Optimization terminated successfully.'
    nfev: 619
     nit: 29
    njev: 29
  status: 0
 success: True
       x: array([ 0.44107052, -0.4739517 , -0.15315163, -0.43143673,  0.24226352,
        0.02633271,  0.06639897,  0.56509346,  0.46764256, -0.1128634 ,
       -0.66707521, -0.46551381,  0.21575986,  0.03092299, -1.00345554,
       -0.40151985,  0.24918567, -0.06189849])

========================================================

Final result:
0.441070516478
-0.473951698539
-0.153151627363
0.0620109364748
0.0620109364748
0.0620109364748
-0.431436725489
0.242263523635
0.0263327057496
0.0663989674389
0.56509345703
0.467642560254
-0.112863400815
-0.112863400815
-0.667075210143
-0.465513808705
0.215759855338
0.215759855338
0.0309229864875
-1.00345553865
0.321011391116
0.321011391116
0.321011391116
-0.401519849942
0.249185669701
-0.0618984872505
0.0714108891638
0.0714108891638
0.0714108891638
