6.088681980229053e-05
6.088681980229053e-05
6.088681301116188e-05
6.088681168049564e-05
6.088681436178722e-05
6.088680462381666e-05
6.0886814297441596e-05
6.0886815396028556e-05
6.088681424823156e-05
6.0886814375580046e-05
6.088681838533787e-05
6.0886810034461165e-05
6.088682069974622e-05
6.088681724443393e-05
6.0886808367278564e-05
6.088682280156801e-05
6.088682430526455e-05
6.088682034820567e-05
5.7823927816069584e-05
5.7823927816069584e-05
5.7823922298188626e-05
5.78239210056427e-05
5.782392379435785e-05
5.78239169931221e-05
5.782392336489021e-05
5.782392442419071e-05
5.7823923121855986e-05
5.78239233078768e-05
5.782392690569481e-05
5.7823918961696864e-05
5.782392968008363e-05
5.7823925529614664e-05
5.782391734562029e-05
5.782393076075212e-05
5.7823932243720674e-05
5.782392835060088e-05
5.072080045176475e-05
5.072080045176475e-05
5.072080010767026e-05
5.0720798992341644e-05
5.072080216004778e-05
5.0720807196556384e-05
5.0720800287051365e-05
5.072080117066064e-05
5.072079928357927e-05
5.072079971540568e-05
5.0720801607198435e-05
5.072079538590469e-05
5.0720806237001107e-05
5.0720799280958465e-05
5.072079400674567e-05
5.072080313327328e-05
5.0720804504469996e-05
5.0720800931639495e-05
4.9484309832342416e-05
4.9484309832342416e-05
4.948431055106594e-05
4.948430949858075e-05
4.948431267617238e-05
4.9484320031706826e-05
4.94843105538412e-05
4.9484311382370574e-05
4.948430942616231e-05
4.948430991711242e-05
4.9484311420303996e-05
4.9484305635537226e-05
4.948431641395055e-05
4.948430890583482e-05
4.9484304339825655e-05
4.948431241056247e-05
4.9484313726030136e-05
4.94843102909857e-05
4.536277006298257e-05
4.536277006298257e-05
4.536277296619883e-05
4.536277212755986e-05
4.5362775108331174e-05
4.536278687077737e-05
4.536277262362388e-05
4.5362773278215485e-05
4.53627713426249e-05
4.5362771982327005e-05
4.536277256436068e-05
4.5362767942973085e-05
4.536277824701882e-05
4.5362769686803134e-05
4.5362766930567823e-05
4.536277227041377e-05
4.5362773365954464e-05
4.536277044577813e-05
3.825211169434385e-05
3.825211169434385e-05
3.825211655125929e-05
3.8252116094412376e-05
3.8252118411763995e-05
3.825213330967423e-05
3.825211593838845e-05
3.825211630097095e-05
3.825211474855369e-05
3.825211558167986e-05
3.825211506379505e-05
3.8252112084911826e-05
3.8252121222904354e-05
3.825211191833757e-05
3.8252111578283883e-05
3.825211321174927e-05
3.825211387254714e-05
3.825211193646686e-05
2.811578017024893e-05
2.811578017024893e-05
2.8115785436180787e-05
2.811578555534106e-05
2.8115786467420266e-05
2.8115799930570633e-05
2.8115784864706824e-05
2.811578481133554e-05
2.8115784285800198e-05
2.81157853147413e-05
2.8115783846519665e-05
2.8115782785751316e-05
2.8115789725521005e-05
2.8115780800026628e-05
2.8115783043998963e-05
2.811578060623468e-05
2.8115780554255045e-05
2.8115780192505826e-05
2.118273324812378e-05
2.118273324812378e-05
2.1182736187210973e-05
2.1182736700586214e-05
2.118273624007007e-05
2.1182742402125454e-05
2.1182736101165253e-05
2.1182735789121903e-05
2.118273642216521e-05
2.118273748326999e-05
2.11827360906138e-05
2.1182735779332215e-05
2.1182740724629814e-05
2.118273364074548e-05
2.1182736566077653e-05
2.1182732896003216e-05
2.1182732294403022e-05
2.1182733110739095e-05
1.9121825107705083e-05
1.9121825107705083e-05
1.9121825528704497e-05
1.9121826075784117e-05
1.9121825138712188e-05
1.9121825071527615e-05
1.9121825884852943e-05
1.912182557490327e-05
1.9121826705216655e-05
1.9121827673785305e-05
1.912182693028415e-05
1.9121826198760572e-05
1.9121830481350378e-05
1.912182501949989e-05
1.9121827039668732e-05
1.9121824636227e-05
1.912182392783506e-05
1.9121824946629164e-05
1.8736081167847405e-05
1.8736081167847405e-05
1.873608068233737e-05
1.8736081162352045e-05
1.873608026494145e-05
1.873607831333605e-05
1.8736081173457717e-05
1.8736080922466473e-05
1.87360820701658e-05
1.8736082973915077e-05
1.8736082574479337e-05
1.8736081464469493e-05
1.8736085739567266e-05
1.8736080858254044e-05
1.8736082226124596e-05
1.873608078972802e-05
1.8736080135273642e-05
1.87360810259492e-05
1.841645189911505e-05
1.841645189911505e-05
1.8416450929674363e-05
1.841645134737803e-05
1.841645055367018e-05
1.841644774765637e-05
1.8416451473507957e-05
1.841645127553868e-05
1.8416452364601586e-05
1.841645321441443e-05
1.8416453029532444e-05
1.8416451673072656e-05
1.8416455915293136e-05
1.8416451450509596e-05
1.841645236778883e-05
1.8416451599219067e-05
1.841645099553229e-05
1.8416451773228996e-05
1.7623201360756787e-05
1.7623201360756787e-05
1.7623199704021912e-05
1.7623200006916784e-05
1.7623199467122175e-05
1.7623195664313257e-05
1.76232002800154e-05
1.76232001831192e-05
1.762320109242031e-05
1.762320182805944e-05
1.7623201965721166e-05
1.7623200281490733e-05
1.7623204225474064e-05
1.7623200684320972e-05
1.762320087423341e-05
1.7623201164339527e-05
1.7623200636002858e-05
1.7623201256090204e-05
1.634665529303468e-05
1.634665529303468e-05
1.6346653166944907e-05
1.6346653345413492e-05
1.6346653186549874e-05
1.6346649138291415e-05
1.6346653670112527e-05
1.6346653691187418e-05
1.6346654283780193e-05
1.6346654860038303e-05
1.6346655237902604e-05
1.634665342562335e-05
1.6346656534162318e-05
1.634665439958578e-05
1.6346653951464604e-05
1.6346655124020915e-05
1.6346654637312565e-05
1.6346655194151336e-05
1.4953079185907156e-05
1.4953079185907156e-05
1.4953077321955796e-05
1.495307744048428e-05
1.4953077659349396e-05
1.4953074990495212e-05
1.4953077592512169e-05
1.4953077686913516e-05
1.4953077901840483e-05
1.495307833294414e-05
1.4953078628393939e-05
1.4953077176405062e-05
1.4953078908092961e-05
1.4953078238276247e-05
1.495307775189108e-05
1.4953078871228104e-05
1.4953078329163399e-05
1.4953079057593128e-05
1.428567049842764e-05
1.428567049842764e-05
1.4285669497777844e-05
1.4285669670635825e-05
1.4285669986007621e-05
1.4285669446186927e-05
1.4285669532544362e-05
1.4285669598390088e-05
1.4285669645281659e-05
1.4285670052860655e-05
1.4285669974536678e-05
1.4285669151693719e-05
1.4285669917695707e-05
1.4285669713180753e-05
1.4285669867051835e-05
1.4285669958075595e-05
1.4285669296481413e-05
1.428567032432815e-05
1.4150306493488777e-05
1.4150306493488777e-05
1.4150306032158696e-05
1.4150306268726089e-05
1.4150306508229288e-05
1.4150307011587178e-05
1.4150305982316209e-05
1.415030599903686e-05
1.415030606644865e-05
1.4150306513127676e-05
1.415030618777423e-05
1.4150305693112935e-05
1.4150306271159131e-05
1.4150305850294986e-05
1.4150306492189645e-05
1.4150305845367656e-05
1.415030511825782e-05
1.4150306297580447e-05
1.4117510923137464e-05
1.4117510923137464e-05
1.4117510615228558e-05
1.4117510876376756e-05
1.4117511063903725e-05
1.4117511799256803e-05
1.411751055516092e-05
1.4117510551889146e-05
1.4117510650520549e-05
1.4117511120249973e-05
1.411751072004325e-05
1.411751030528431e-05
1.4117510913975151e-05
1.4117510329657104e-05
1.4117511126099777e-05
1.411751025594355e-05
1.4117509514565996e-05
1.411751072351785e-05
1.4057721417259543e-05
1.4057721417259543e-05
1.4057721280116369e-05
1.4057721571437249e-05
1.4057721685975169e-05
1.4057722645770509e-05
1.4057721215299753e-05
1.4057721188753686e-05
1.405772132943402e-05
1.405772183061157e-05
1.4057721341687141e-05
1.4057721011086411e-05
1.405772167872536e-05
1.4057720884245387e-05
1.4057721852452472e-05
1.4057720743183366e-05
1.4057719992886764e-05
1.4057721216755562e-05
1.3911571301317766e-05
1.3911571301317766e-05
1.3911571419964737e-05
1.391157175861417e-05
1.391157174830778e-05
1.3911573006845119e-05
1.391157135439119e-05
1.3911571295541344e-05
1.3911571496974648e-05
1.3911572050911743e-05
1.391157141793083e-05
1.3911571211948709e-05
1.391157196253671e-05
1.3911570865064658e-05
1.3911572075598857e-05
1.3911570647266365e-05
1.3911569899468948e-05
1.391157110646985e-05
1.3587295258752693e-05
1.3587295258752693e-05
1.358729571545593e-05
1.3587296120232663e-05
1.3587295914412498e-05
1.3587297491803729e-05
1.3587295661107653e-05
1.3587295567444965e-05
1.35872958371811e-05
1.3587296471697407e-05
1.3587295622053808e-05
1.3587295580623966e-05
1.3587296406475648e-05
1.358729496332422e-05
1.3587296453289953e-05
1.3587294703057458e-05
1.358729399659035e-05
1.3587295087970164e-05
1.3011334848703098e-05
1.3011334848703098e-05
1.3011335596102995e-05
1.301133606574893e-05
1.301133562099084e-05
1.3011337295256317e-05
1.3011335579819995e-05
1.3011335475604454e-05
1.301133577348036e-05
1.3011336502253997e-05
1.3011335403963061e-05
1.3011335504680769e-05
1.3011336307329603e-05
1.3011334704785482e-05
1.3011336336351613e-05
1.3011334548834514e-05
1.3011333968645522e-05
1.3011334738151133e-05
1.2369536990233827e-05
1.2369536990233827e-05
1.2369537679812698e-05
1.2369538156877678e-05
1.2369537577750313e-05
1.2369538776550402e-05
1.2369537729224056e-05
1.2369537677431112e-05
1.2369537890038613e-05
1.2369538663895999e-05
1.236953745478677e-05
1.2369537529294656e-05
1.2369538108458338e-05
1.236953689463543e-05
1.2369538243438134e-05
1.2369537081026793e-05
1.236953670977406e-05
1.2369536969656038e-05
1.2036702533560126e-05
1.2036702533560126e-05
1.2036702809162218e-05
1.203670322267018e-05
1.203670272288774e-05
1.2036703128351109e-05
1.2036702909967524e-05
1.2036702945943522e-05
1.2036703003287165e-05
1.2036703734014528e-05
1.2036702649345986e-05
1.2036702524732433e-05
1.2036702808796811e-05
1.2036702335198366e-05
1.2036703116635721e-05
1.2036702894746538e-05
1.2036702680227906e-05
1.2036702573784432e-05
1.1970022459330564e-05
1.1970022459330564e-05
1.1970022441920595e-05
1.1970022803008805e-05
1.1970022421855617e-05
1.197002242112273e-05
1.1970022554661249e-05
1.1970022636209271e-05
1.197002260987601e-05
1.19700232874982e-05
1.1970022346396982e-05
1.1970022080582082e-05
1.1970022233217772e-05
1.1970022161926185e-05
1.1970022628720594e-05
1.1970022861915762e-05
1.1970022678992274e-05
1.1970022507984465e-05
1.1959294538895239e-05
1.1959294538895239e-05
1.1959294444180065e-05
1.1959294789397408e-05
1.195929445224183e-05
1.1959294374352628e-05
1.1959294555944027e-05
1.1959294646996189e-05
1.1959294602607265e-05
1.1959295260861174e-05
1.1959294369455254e-05
1.1959294066845668e-05
1.1959294199588094e-05
1.1959294210755368e-05
1.195929461166688e-05
1.1959294923804081e-05
1.1959294734279895e-05
1.1959294583205267e-05
1.1946106819374381e-05
1.1946106819374381e-05
1.194610666726197e-05
1.1946106998978708e-05
1.1946106699642669e-05
1.1946106574012463e-05
1.1946106778042306e-05
1.1946106876546867e-05
1.1946106818189128e-05
1.1946107458596883e-05
1.1946106609792526e-05
1.194610628090931e-05
1.1946106403275609e-05
1.1946106467793763e-05
1.194610682582891e-05
1.1946107182726359e-05
1.194610698424244e-05
1.1946106858577548e-05
1.190795401572854e-05
1.190795401572854e-05
1.1907953761337513e-05
1.1907954065261184e-05
1.1907953839357944e-05
1.1907953634748964e-05
1.1907953872804379e-05
1.1907953987800135e-05
1.1907953899638332e-05
1.1907954501667588e-05
1.1907953737240877e-05
1.190795336443519e-05
1.1907953470359235e-05
1.1907953624072523e-05
1.1907953911022002e-05
1.1907954336921937e-05
1.1907954121595418e-05
1.1907954045142832e-05
1.181697876768303e-05
1.181697876768303e-05
1.1816978362320056e-05
1.1816978616484303e-05
1.1816978511116169e-05
1.1816978198547876e-05
1.181697848165058e-05
1.1816978629396343e-05
1.1816978484342023e-05
1.1816979014686447e-05
1.181697839311899e-05
1.1816977962498389e-05
1.1816978046058401e-05
1.1816978322008647e-05
1.181697851345813e-05
1.1816979023478288e-05
1.1816978784297918e-05
1.1816978782342131e-05
1.1601016328866373e-05
1.1601016328866373e-05
1.1601015705373611e-05
1.1601015865842224e-05
1.1601015964369371e-05
1.1601015515724308e-05
1.1601015853482797e-05
1.1601016069784946e-05
1.1601015809928817e-05
1.1601016199207846e-05
1.1601015829415355e-05
1.1601015332876708e-05
1.1601015388053454e-05
1.1601015818318387e-05
1.1601015894445786e-05
1.1601016483840381e-05
1.1601016213605738e-05
1.160101632181334e-05
1.1181535019767413e-05
1.1181535019767413e-05
1.118153416861302e-05
1.1181534178927458e-05
1.1181534561563543e-05
1.1181534018321371e-05
1.1181534388646205e-05
1.1181534727561484e-05
1.1181534269482855e-05
1.1181534421336791e-05
1.1181534423409784e-05
1.1181533900467299e-05
1.1181533935246255e-05
1.1181534473281571e-05
1.11815344832276e-05
1.1181535054636936e-05
1.1181534760451758e-05
1.1181534989192561e-05
1.061416478789545e-05
1.061416478789545e-05
1.0614163879295032e-05
1.0614163723328654e-05
1.0614164352476067e-05
1.0614163901596946e-05
1.0614164220139286e-05
1.0614164715172925e-05
1.0614164014819733e-05
1.06141638852581e-05
1.0614164249109184e-05
1.0614163823601466e-05
1.061416387579964e-05
1.0614164310351907e-05
1.0614164436331971e-05
1.0614164755913136e-05
1.0614164476582123e-05
1.0614164749272886e-05
1.0220615776463266e-05
1.0220615776463266e-05
1.0220615105588335e-05
1.0220614884086785e-05
1.0220615519326924e-05
1.0220615368550589e-05
1.0220615548997186e-05
1.0220616132706724e-05
1.0220615306427756e-05
1.0220615040586071e-05
1.0220615480981145e-05
1.0220615263559104e-05
1.0220615376109889e-05
1.0220615471698966e-05
1.0220615896510284e-05
1.0220615806349458e-05
1.0220615588406486e-05
1.0220615758708318e-05
1.011095287714506e-05
1.011095287714506e-05
1.0110952467792608e-05
1.0110952285440634e-05
1.0110952775962987e-05
1.0110952854710915e-05
1.0110952934941663e-05
1.011095350766902e-05
1.0110952709451973e-05
1.0110952484785755e-05
1.0110952778358042e-05
1.011095269998963e-05
1.0110952859363196e-05
1.0110952695077114e-05
1.0110953333482153e-05
1.011095300639693e-05
1.011095283811759e-05
1.0110952884125191e-05
1.0095285145580988e-05
1.0095285145580988e-05
1.0095284825560194e-05
1.0095284677197123e-05
1.0095285090299157e-05
1.009528522892664e-05
1.009528528411274e-05
1.0095285832872012e-05
1.0095285075132021e-05
1.009528489879387e-05
1.0095285100976595e-05
1.0095285053917178e-05
1.0095285225631017e-05
1.0095284993235185e-05
1.0095285683057217e-05
1.0095285314072028e-05
1.0095285159776445e-05
1.0095285161267506e-05
1.0086052773733666e-05
1.0086052773733666e-05
1.0086052489587134e-05
1.0086052360407258e-05
1.008605273500988e-05
1.0086052892886983e-05
1.0086052939930534e-05
1.008605347349388e-05
1.008605274032686e-05
1.008605259098638e-05
1.0086052747601393e-05
1.008605270941727e-05
1.0086052885068872e-05
1.0086052630468166e-05
1.0086053334871335e-05
1.008605295870029e-05
1.0086052809682732e-05
1.008605279288447e-05
1.0056511416322461e-05
1.0056511416322461e-05
1.0056511203347457e-05
1.0056511116888749e-05
1.0056511409133032e-05
1.005651160160193e-05
1.0056511632699384e-05
1.0056512131052022e-05
1.0056511453713325e-05
1.0056511360229461e-05
1.005651142458799e-05
1.005651140254767e-05
1.0056511585058028e-05
1.005651128972775e-05
1.0056512017215447e-05
1.0056511632781053e-05
1.0056511495131018e-05
1.0056511442060574e-05
9.989121868534756e-06
9.989121868534756e-06
9.989121756819627e-06
9.989121738005822e-06
9.989121904584123e-06
9.989122141492631e-06
9.989122148564965e-06
9.989122588935573e-06
9.98912200152602e-06
9.98912198609266e-06
9.989121923038641e-06
9.989121923745538e-06
9.989122114497237e-06
9.989121764927297e-06
9.98912251579438e-06
9.989122125931322e-06
9.989122007158332e-06
9.989121902921248e-06
9.82358659463149e-06
9.82358659463149e-06
9.823586638904027e-06
9.823586740326768e-06
9.823586693633397e-06
9.823586988084421e-06
9.823586954245006e-06
9.823587286662863e-06
9.82358686235929e-06
9.823586961566308e-06
9.823586714342387e-06
9.82358675048974e-06
9.823586950334228e-06
9.823586525325831e-06
9.82358728966255e-06
9.823586905043798e-06
9.823586822330848e-06
9.823586640503147e-06
9.494650710108527e-06
9.494650710108527e-06
9.49465093450364e-06
9.494651212044426e-06
9.494650873340334e-06
9.494651208912786e-06
9.494651118547921e-06
9.494651282907322e-06
9.494651104118862e-06
9.494651322056755e-06
9.494650891193568e-06
9.494650969448245e-06
9.494651171386561e-06
9.494650678018098e-06
9.494651405297183e-06
9.494651058060832e-06
9.494651033423229e-06
9.494650764922352e-06
9.021003510320466e-06
9.021003510320466e-06
9.02100382704909e-06
9.021004281022618e-06
9.021003686919563e-06
9.021003985034285e-06
9.021003844207649e-06
9.021003822059938e-06
9.021003901308349e-06
9.021004148428485e-06
9.021003690708526e-06
9.021003793335462e-06
9.021003976888187e-06
9.021003491854284e-06
9.02100407836802e-06
9.021003822659722e-06
9.021003865861048e-06
9.021003559710048e-06
8.661898078078559e-06
8.661898078078559e-06
8.661898273847665e-06
8.661898768205502e-06
8.66189817551205e-06
8.66189833816481e-06
8.661898195758628e-06
8.661898101583364e-06
8.661898259471027e-06
8.661898368508052e-06
8.66189815802739e-06
8.661898237505549e-06
8.661898383764508e-06
8.661898024658236e-06
8.66189841152962e-06
8.661898264052637e-06
8.66189833844018e-06
8.661898103004052e-06
8.553796165958239e-06
8.553796165958239e-06
8.553796175625178e-06
8.553796590780282e-06
8.55379617365985e-06
8.553796223881204e-06
8.553796114334989e-06
8.5537960739201e-06
8.553796136032993e-06
8.553796084628724e-06
8.55379614412603e-06
8.553796183394729e-06
8.553796304149235e-06
8.553796067769793e-06
8.553796346987448e-06
8.553796247398707e-06
8.553796307379412e-06
8.553796169638912e-06
8.542780652825962e-06
8.542780652825962e-06
8.54278059198292e-06
8.542780956841745e-06
8.542780631101416e-06
8.542780652410284e-06
8.542780560452349e-06
8.542780563906766e-06
8.542780558782463e-06
8.542780454096695e-06
8.542780599991683e-06
8.542780623334635e-06
8.542780738905484e-06
8.542780539100503e-06
8.54278080565949e-06
8.54278070734275e-06
8.542780753041085e-06
8.542780650762157e-06
8.541507239263362e-06
8.541507239263362e-06
8.54150716759877e-06
8.541507521141248e-06
8.541507213795563e-06
8.541507232984739e-06
8.541507144722515e-06
8.541507158931298e-06
8.541507138194368e-06
8.541507026710749e-06
8.541507182998013e-06
8.541507203736628e-06
8.541507319193557e-06
8.541507123559702e-06
8.541507392566093e-06
8.541507291637857e-06
8.54150733373392e-06
8.541507236669578e-06
8.538792876596984e-06
8.538792876596984e-06
8.538792792199214e-06
8.538793130883266e-06
8.538792846973342e-06
8.538792864422496e-06
8.538792781124412e-06
8.538792809391433e-06
8.538792768442549e-06
8.538792649659924e-06
8.538792816833905e-06
8.53879283435652e-06
8.538792949723065e-06
8.538792759079596e-06
8.538793031530233e-06
8.538792926733213e-06
8.538792964326324e-06
8.538792873404664e-06
8.53151091132154e-06
8.53151091132154e-06
8.53151080699357e-06
8.531511121105049e-06
8.531510875241538e-06
8.531510890136565e-06
8.531510815504282e-06
8.53151086633842e-06
8.53151079303218e-06
8.531510663635329e-06
8.531510846485068e-06
8.531510858681331e-06
8.531510973452015e-06
8.531510792074328e-06
8.531511067793517e-06
8.531510957067808e-06
8.531510988060142e-06
8.53151090696545e-06
8.512669994858781e-06
8.512669994858781e-06
8.512669859837921e-06
8.512670133359458e-06
8.512669948822071e-06
8.512669959804706e-06
8.512669900647806e-06
8.512669986962484e-06
8.512669862920506e-06
8.51266971902114e-06
8.512669923006196e-06
8.512669926274644e-06
8.512670038831782e-06
8.512669875736232e-06
8.51267015022377e-06
8.512670031200027e-06
8.51267005343532e-06
8.512669988061974e-06
8.467105362335588e-06
8.467105362335588e-06
8.467105184153487e-06
8.467105393695562e-06
8.46710530223445e-06
8.467105307686298e-06
8.467105275701185e-06
8.467105413616555e-06
8.467105216116846e-06
8.467105056495013e-06
8.46710528260888e-06
8.467105271475207e-06
8.467105377574532e-06
8.467105250512596e-06
8.467105507070056e-06
8.467105378611131e-06
8.467105392189981e-06
8.467105350434282e-06
8.372104390839047e-06
8.372104390839047e-06
8.372104166712403e-06
8.372104290660154e-06
8.372104315602875e-06
8.372104315082997e-06
8.372104325733054e-06
8.372104522867851e-06
8.372104241874007e-06
8.37210407737032e-06
8.372104307779543e-06
8.372104276633186e-06
8.372104367356461e-06
8.372104304868711e-06
8.37210450119741e-06
8.372104368384725e-06
8.37210438204639e-06
8.372104369258482e-06
8.228215073369108e-06
8.228215073369108e-06
8.228214836979817e-06
8.228214891917003e-06
8.228214993664325e-06
8.228214991338407e-06
8.228215049535579e-06
8.228215273772151e-06
8.228214956559578e-06
8.228214822063328e-06
8.228215002752667e-06
8.228214953919271e-06
8.228215018078734e-06
8.228215042041443e-06
8.22821511367929e-06
8.228214994729637e-06
8.228215032966746e-06
8.228215037999619e-06
8.108157015220224e-06
8.108157015220224e-06
8.108156834176523e-06
8.108156902295678e-06
8.108156952918692e-06
8.108156957396896e-06
8.10815703463661e-06
8.108157209488856e-06
8.108156965804472e-06
8.108156898211096e-06
8.10815697459854e-06
8.108156925849857e-06
8.108156964753232e-06
8.108157045762316e-06
8.108156978380055e-06
8.108156893945055e-06
8.108156979923898e-06
8.10815696968833e-06
8.067123379037546e-06
8.067123379037546e-06
8.067123267521242e-06
8.067123402323942e-06
8.067123339074172e-06
8.067123352362701e-06
8.067123414187892e-06
8.06712351466921e-06
8.067123378604563e-06
8.067123361104398e-06
8.06712336163301e-06
8.06712332642906e-06
8.067123357953517e-06
8.067123435483883e-06
8.067123311394166e-06
8.067123254006504e-06
8.067123373318891e-06
8.06712333291281e-06
8.062399428149261e-06
8.062399428149261e-06
8.06239934161054e-06
8.062399510295543e-06
8.062399396318742e-06
8.062399412870448e-06
8.062399461271576e-06
8.06239953249642e-06
8.062399438287878e-06
8.062399432119874e-06
8.062399416238668e-06
8.062399388610529e-06
8.062399422253354e-06
8.062399483664114e-06
8.062399362566658e-06
8.062399311668544e-06
8.06239943770437e-06
8.062399384232764e-06
8.062078946772292e-06
8.062078946772292e-06
8.062078863059475e-06
8.062079037579504e-06
8.062078915899675e-06
8.062078932894002e-06
8.062078978073793e-06
8.062079045364106e-06
8.062078956737519e-06
8.062078950577936e-06
8.062078934929605e-06
8.062078908761664e-06
8.062078943544517e-06
8.062079000145845e-06
8.062078884108792e-06
8.062078833297693e-06
8.062078959063578e-06
8.062078903605987e-06
8.061649426682318e-06
8.061649426682318e-06
8.06164934468935e-06
8.061649523557026e-06
8.061649396436764e-06
8.061649413826994e-06
8.061649456165162e-06
8.061649520608198e-06
8.061649436082754e-06
8.061649429548527e-06
8.061649414697626e-06
8.061649389761108e-06
8.061649425484716e-06
8.061649477994197e-06
8.061649366934876e-06
8.061649315925656e-06
8.061649441168533e-06
8.061649384193679e-06
8.06024008627987e-06
8.06024008627987e-06
8.06024000711883e-06
8.060240193836159e-06
8.060240057177349e-06
8.060240075571248e-06
8.060240111959325e-06
8.060240170813185e-06
8.060240094564715e-06
8.06024008739989e-06
8.060240073994156e-06
8.060240051638319e-06
8.060240088848458e-06
8.060240133667083e-06
8.060240032498793e-06
8.060239980961693e-06
8.060240105159593e-06
8.060240045153784e-06
8.056647019418036e-06
8.056647019418036e-06
8.056646943709824e-06
8.056647141422703e-06
8.056646992001665e-06
8.05664701256098e-06
8.056647038619507e-06
8.05664708834636e-06
8.056647026149254e-06
8.056647018468578e-06
8.056647006708417e-06
8.056646988868464e-06
8.05664702751515e-06
8.056647061040412e-06
8.056646975472854e-06
8.056646922890212e-06
8.056647045547674e-06
8.056646980511326e-06
8.047216639092644e-06
8.047216639092644e-06
8.047216566797696e-06
8.047216779790398e-06
8.047216614266823e-06
8.047216639942594e-06
8.04721664614283e-06
8.047216679559961e-06
8.047216643741406e-06
8.047216636411846e-06
8.047216625810308e-06
8.047216616738475e-06
8.047216655572603e-06
8.047216672013567e-06
8.04721661284664e-06
8.047216557990542e-06
8.047216678330354e-06
8.047216604122008e-06
8.025312539639355e-06
8.025312539639355e-06
8.025312466923182e-06
8.025312695503895e-06
8.025312518158694e-06
8.025312555009269e-06
8.025312525400838e-06
8.025312531921118e-06
8.025312542389408e-06
8.025312538444456e-06
8.025312525823014e-06
8.025312532740634e-06
8.025312566651298e-06
8.025312561739312e-06
8.025312542830556e-06
8.025312483343143e-06
8.025312600821454e-06
8.025312511091165e-06
7.982911618166073e-06
7.982911618166073e-06
7.982911532631977e-06
7.982911763515242e-06
7.982911599478925e-06
7.98291165745269e-06
7.98291157170552e-06
7.982911540696322e-06
7.982911621374691e-06
7.982911627825106e-06
7.982911604435142e-06
7.982911636752784e-06
7.982911653212208e-06
7.982911632305953e-06
7.982911662925916e-06
7.982911595198656e-06
7.982911710620583e-06
7.982911598439732e-06
7.928204301835341e-06
7.928204301835341e-06
7.928204184053216e-06
7.928204382348186e-06
7.92820428213425e-06
7.92820436733975e-06
7.928204224327285e-06
7.928204162334555e-06
7.928204310932113e-06
7.92820433601296e-06
7.928204289646146e-06
7.928204348402782e-06
7.928204331704381e-06
7.928204322054621e-06
7.92820438177785e-06
7.928204304109006e-06
7.928204421249076e-06
7.928204289145158e-06
7.892785081216811e-06
7.892785081216811e-06
7.892784928186657e-06
7.89278507004961e-06
7.89278505605959e-06
7.89278515701484e-06
7.89278499683542e-06
7.892784935267512e-06
7.892785099315097e-06
7.89278514069044e-06
7.892785071429693e-06
7.892785138826095e-06
7.892785091685901e-06
7.89278512220092e-06
7.892785162081654e-06
7.892785079395584e-06
7.892785202113698e-06
7.892785068023512e-06
7.883797210584953e-06
7.883797210584953e-06
7.88379704393197e-06
7.883797153606619e-06
7.883797181169108e-06
7.883797281271726e-06
7.88379713695769e-06
7.883797092502741e-06
7.883797233439184e-06
7.883797279097198e-06
7.883797202080088e-06
7.883797262792073e-06
7.88379720674131e-06
7.883797266584688e-06
7.883797273227473e-06
7.883797191517706e-06
7.883797318184563e-06
7.883797193147484e-06
7.882727877032061e-06
7.882727877032061e-06
7.882727709939086e-06
7.882727813868882e-06
7.882727846526325e-06
7.882727943515638e-06
7.882727809728304e-06
7.882727773324918e-06
7.882727900615933e-06
7.882727945516213e-06
7.882727868724596e-06
7.882727924773071e-06
7.882727869682231e-06
7.882727936623643e-06
7.882727930832118e-06
7.88272785047408e-06
7.882727978017196e-06
7.882727857666081e-06
7.882169079518087e-06
7.882169079518087e-06
7.882168913121959e-06
7.882169015763348e-06
7.882169048667041e-06
7.88216914385871e-06
7.882169015248583e-06
7.882168982391568e-06
7.882169103213955e-06
7.882169147360339e-06
7.882169071236181e-06
7.882169124985962e-06
7.882169071064984e-06
7.882169140193444e-06
7.8821691293354e-06
7.882169049748668e-06
7.882169177468296e-06
7.882169059313346e-06
7.880252199806392e-06
7.880252199806392e-06
7.880252035418708e-06
7.880252135603576e-06
7.880252168299479e-06
7.880252259364147e-06
7.880252142291235e-06
7.88025211694848e-06
7.880252223660048e-06
7.88025226593923e-06
7.88025219153955e-06
7.880252240219904e-06
7.880252189160638e-06
7.880252262538525e-06
7.880252240992444e-06
7.880252163269946e-06
7.880252291054661e-06
7.880252177832089e-06
7.875753799238293e-06
7.875753799238293e-06
7.875753638350124e-06
7.875753734843635e-06
7.875753766914393e-06
7.875753851733158e-06
7.87575375178497e-06
7.875753736885575e-06
7.875753823267769e-06
7.87575386256687e-06
7.875753790937021e-06
7.87575383223504e-06
7.875753785576185e-06
7.875753864589375e-06
7.87575382798108e-06
7.875753753326703e-06
7.875753880538887e-06
7.875753774816719e-06
7.863641482054061e-06
7.863641482054061e-06
7.863641328486901e-06
7.863641418110553e-06
7.863641448667407e-06
7.863641522260314e-06
7.86364145236792e-06
7.863641454033386e-06
7.863641506285043e-06
7.863641539881864e-06
7.863641473558146e-06
7.863641502268438e-06
7.863641463603784e-06
7.863641551000244e-06
7.863641489845165e-06
7.863641421335895e-06
7.86364154585646e-06
7.863641453781783e-06
7.834251360809242e-06
7.834251360809242e-06
7.834251221798067e-06
7.834251299366636e-06
7.83425132659312e-06
7.83425138151148e-06
7.834251359960405e-06
7.834251384063617e-06
7.834251385119091e-06
7.834251408431994e-06
7.834251351682133e-06
7.8342513610303e-06
7.834251335840525e-06
7.834251433171153e-06
7.834251337010244e-06
7.834251280199749e-06
7.834251396364844e-06
7.834251327402744e-06
7.768184345724011e-06
7.768184345724011e-06
7.768184234941036e-06
7.76818429210641e-06
7.768184312298206e-06
7.768184337811543e-06
7.76818438868017e-06
7.768184436676075e-06
7.768184369587588e-06
7.768184374925567e-06
7.768184334916327e-06
7.768184317302627e-06
7.768184313718855e-06
7.768184417736832e-06
7.768184279472386e-06
7.768184244384632e-06
7.768184338722784e-06
7.768184307074628e-06
7.65113583447738e-06
7.65113583447738e-06
7.651135768467364e-06
7.651135798169332e-06
7.651135806259088e-06
7.651135796357193e-06
7.651135926940016e-06
7.651135980493101e-06
7.65113585664594e-06
7.651135836718305e-06
7.651135820251637e-06
7.65113577732284e-06
7.651135800548246e-06
7.651135894443407e-06
7.651135731892619e-06
7.651135729670777e-06
7.651135780118728e-06
7.651135795281724e-06
7.5205879972475556e-06
7.5205879972475556e-06
7.520587975116829e-06
7.5205879846659145e-06
7.520587979592619e-06
7.520587950480707e-06
7.520588110649695e-06
7.52058812499534e-06
7.520588016391811e-06
7.520587976183199e-06
7.520587978632861e-06
7.520587934988744e-06
7.520587974186466e-06
7.520588029537079e-06
7.520587901861313e-06
7.520587929655786e-06
7.520587924289362e-06
7.520587968244695e-06
7.4542301727802235e-06
7.4542301727802235e-06
7.454230162643966e-06
7.454230174363237e-06
7.454230164213167e-06
7.45423014745005e-06
7.454230260586851e-06
7.454230213506831e-06
7.454230189549689e-06
7.454230148885624e-06
7.454230151785714e-06
7.45423013530868e-06
7.454230167173062e-06
7.454230179481234e-06
7.454230127972949e-06
7.454230161480824e-06
7.45423012632259e-06
7.454230158746466e-06
7.443201292085617e-06
7.443201292085617e-06
7.443201273004968e-06
7.443201294483128e-06
7.443201285928609e-06
7.443201286033382e-06
7.443201352574172e-06
7.443201276169677e-06
7.4432013083320626e-06
7.443201275547436e-06
7.44320127111719e-06
7.443201274923914e-06
7.443201294921678e-06
7.443201291163365e-06
7.443201281585337e-06
7.443201307140333e-06
7.443201272664362e-06
7.443201284939796e-06
7.443115673639336e-06
7.443115673639336e-06
7.4431156498405416e-06
7.443115674663824e-06
7.443115667298541e-06
7.4431156721698945e-06
7.443115727067958e-06
7.443115647098212e-06
7.4431156899730465e-06
7.443115660151127e-06
7.4431156529615564e-06
7.443115661046422e-06
7.443115677529752e-06
7.4431156729250295e-06
7.44311566982587e-06
7.4431156917697965e-06
7.443115661067013e-06
7.443115667267195e-06
7.443193640380161e-06
7.443193640380161e-06
7.443193615874765e-06
7.44319364108873e-06
7.443193633923438e-06
7.44319363925649e-06
7.443193693198515e-06
7.44319361342226e-06
7.44319365674882e-06
7.4431936272986655e-06
7.443193619762667e-06
7.443193628097943e-06
7.443193644221207e-06
7.443193639953429e-06
7.443193636872178e-06
7.4431936583099885e-06
7.443193628382641e-06
7.4431936339493565e-06
7.443268554377049e-06
7.443268554377049e-06
7.4432685289756885e-06
7.443268554667512e-06
7.443268547760692e-06
7.443268553640415e-06
7.443268606486627e-06
7.4432685270695704e-06
7.443268570792725e-06
7.443268541805022e-06
7.443268533838249e-06
7.443268542434832e-06
7.443268558124139e-06
7.4432685543504536e-06
7.443268551150554e-06
7.4432685719496035e-06
7.443268543042442e-06
7.443268547844987e-06
7.443311242619884e-06
7.443311242619884e-06
7.443311215740809e-06
7.443311242215929e-06
7.443311235740352e-06
7.443311242514428e-06
7.443311293563021e-06
7.443311214764974e-06
7.44331125911186e-06
7.443311230890733e-06
7.443311222210424e-06
7.443311231237389e-06
7.4433112462074535e-06
7.443311243249585e-06
7.443311239840781e-06
7.4433112595810416e-06
7.44331123237544e-06
7.443311235915815e-06
7.443167369726377e-06
7.443167369726377e-06
7.4431673404871725e-06
7.443167368206779e-06
7.443167362431612e-06
7.443167370628848e-06
7.4431674187889124e-06
7.443167341009467e-06
7.443167386335813e-06
7.4431673593529874e-06
7.443167349521444e-06
7.443167359255428e-06
7.443167373058546e-06
7.4431673713808926e-06
7.443167367655594e-06
7.4431673856888494e-06
7.4431673612389605e-06
7.443167362743924e-06
7.442378832097822e-06
7.442378832097822e-06
7.442378799053493e-06
7.442378828763102e-06
7.4423788241476535e-06
7.442378834627481e-06
7.4423788780786215e-06
7.442378802014581e-06
7.442378848884874e-06
7.4423788239357665e-06
7.442378812217119e-06
7.442378823145523e-06
7.442378835018159e-06
7.44237883534117e-06
7.442378831157903e-06
7.442378846396882e-06
7.442378826488323e-06
7.442378824658196e-06
7.43966833349534e-06
7.43966833349534e-06
7.439668294397612e-06
7.439668327230074e-06
7.439668324539498e-06
7.4396683386196565e-06
7.439668374442626e-06
7.43966830129872e-06
7.439668350534073e-06
7.4396683289181375e-06
7.439668314115938e-06
7.4396683270879035e-06
7.439668335760537e-06
7.439668339099699e-06
7.439668334326049e-06
7.439668345009315e-06
7.439668332583317e-06
7.439668325306786e-06
7.4316218487884206e-06
7.4316218487884206e-06
7.431621800237523e-06
7.4316218378337596e-06
7.431621838359353e-06
7.4316218579805085e-06
7.431621881530795e-06
7.43162181344977e-06
7.431621866138957e-06
7.431621849985493e-06
7.431621830153767e-06
7.4316218466942045e-06
7.4316218500306274e-06
7.431621857641759e-06
7.431621852309593e-06
7.431621855588081e-06
7.4316218555254055e-06
7.4316218393735105e-06
7.409705916136188e-06
7.409705916136188e-06
7.409705853575122e-06
7.4097058979339725e-06
7.409705903780057e-06
7.4097059313988195e-06
7.409705935810594e-06
7.4097058765580085e-06
7.409705933734718e-06
7.409705926355065e-06
7.409705898504975e-06
7.409705921327818e-06
7.409705915862551e-06
7.4097059286506245e-06
7.409705923448266e-06
7.4097059149868235e-06
7.409705935034691e-06
7.409705904753924e-06
7.355127878037692e-06
7.355127878037692e-06
7.355127797396893e-06
7.3551278496940705e-06
7.355127863874158e-06
7.355127901245113e-06
7.3551278784421036e-06
7.355127834094072e-06
7.355127895388657e-06
7.355127901128607e-06
7.3551278614357005e-06
7.355127894998834e-06
7.35512787580862e-06
7.3551278922188336e-06
7.355127889721197e-06
7.355127864081042e-06
7.355127914817395e-06
7.355127863719753e-06
7.238942998780957e-06
7.238942998780957e-06
7.238942903218513e-06
7.23894295992569e-06
7.238942984971198e-06
7.238943028846697e-06
7.238942976745504e-06
7.23894295423725e-06
7.23894301438569e-06
7.2389430358352725e-06
7.238942982307246e-06
7.238943031884645e-06
7.238942994939911e-06
7.238943006034356e-06
7.238943012658742e-06
7.238942967330789e-06
7.238943056258055e-06
7.238942980962371e-06
7.059564667110326e-06
7.059564667110326e-06
7.059564578458287e-06
7.059564626127826e-06
7.059564659165139e-06
7.059564694983966e-06
7.059564634116375e-06
7.059564632653262e-06
7.059564678486452e-06
7.059564708607319e-06
7.059564648222516e-06
7.059564713735881e-06
7.0595646640218914e-06
7.059564650453481e-06
7.059564675355519e-06
7.0595646211482736e-06
7.059564734402498e-06
7.059564647392802e-06
6.908991291636737e-06
6.908991291636737e-06
6.908991239451004e-06
6.908991263515466e-06
6.908991293882906e-06
6.90899130455433e-06
6.90899127432501e-06
6.9089912766346356e-06
6.908991298041339e-06
6.908991319015762e-06
6.908991268118992e-06
6.908991337316219e-06
6.9089912924987275e-06
6.9089912421850645e-06
6.908991286055318e-06
6.9089912469587185e-06
6.908991343923554e-06
6.908991274019434e-06
6.862437905556773e-06
6.862437905556773e-06
6.862437885431775e-06
6.862437891818017e-06
6.862437914115042e-06
6.8624379048926965e-06
6.862437911409532e-06
6.862437903349914e-06
6.862437909801822e-06
6.862437915730084e-06
6.862437879005898e-06
6.862437941172734e-06
6.862437909888973e-06
6.8624378391992445e-06
6.862437889850415e-06
6.862437871948128e-06
6.862437936123576e-06
6.862437891333746e-06
6.861666993712186e-06
6.861666993712186e-06
6.861666982130778e-06
6.861666984556503e-06
6.86166700330865e-06
6.861666989323435e-06
6.861667008016026e-06
6.86166699386632e-06
6.861666997917941e-06
6.86166699813344e-06
6.861666966608891e-06
6.861667024392134e-06
6.861666998968079e-06
6.861666925766721e-06
6.861666975805595e-06
6.861666965478722e-06
6.861667016410849e-06
6.861666980771726e-06
6.86295073214372e-06
6.86295073214372e-06
6.862950720904139e-06
6.862950723339861e-06
6.862950741639791e-06
6.862950727582423e-06
6.8629507472858486e-06
6.8629507321601305e-06
6.862950736464398e-06
6.862950736075807e-06
6.862950705078795e-06
6.8629507621184195e-06
6.862950737435969e-06
6.862950664797156e-06
6.862950714263357e-06
6.862950704669537e-06
6.862950754061549e-06
6.8629507193398904e-06
6.8633775600436876e-06
6.8633775600436876e-06
6.8633775487661325e-06
6.863377551286459e-06
6.863377569482033e-06
6.863377555489775e-06
6.863377575332771e-06
6.863377559961396e-06
6.863377564405922e-06
6.863377563902112e-06
6.863377533009145e-06
6.863377589836214e-06
6.863377565331121e-06
6.8633774929772925e-06
6.863377542221722e-06
6.863377532761692e-06
6.863377581812305e-06
6.8633775472686545e-06
6.864585638338688e-06
6.864585638338688e-06
6.864585626906883e-06
6.864585629723281e-06
6.864585647593952e-06
6.864585633822005e-06
6.864585654034602e-06
6.864585637935115e-06
6.86458564282003e-06
6.864585641983926e-06
6.864585611423584e-06
6.8645856675273476e-06
6.864585643605126e-06
6.864585572255838e-06
6.864585620732393e-06
6.864585611682231e-06
6.864585659636725e-06
6.864585625658333e-06
6.865866363984714e-06
6.865866363984714e-06
6.865866352344904e-06
6.865866355582856e-06
6.865866373006722e-06
6.865866359516921e-06
6.865866380155555e-06
6.8658663631573515e-06
6.865866368594036e-06
6.865866367345052e-06
6.8658663372763165e-06
6.865866392270884e-06
6.865866369218211e-06
6.865866299409518e-06
6.865866346715241e-06
6.865866338240305e-06
6.865866384598003e-06
6.8658663514487625e-06
6.867266269945743e-06
6.867266269945743e-06
6.867266257942077e-06
6.867266261994934e-06
6.86726627858429e-06
6.867266265557496e-06
6.867266286789568e-06
6.8672662683817725e-06
6.867266274699212e-06
6.8672662727907035e-06
6.867266243731049e-06
6.867266296361471e-06
6.867266275108694e-06
6.867266208572089e-06
6.867266253403462e-06
6.867266246036899e-06
6.86726628917833e-06
6.867266257716578e-06
6.8673223485758e-06
6.8673223485758e-06
6.867322336028839e-06
6.8673223414947425e-06
6.867322356701347e-06
6.867322344291165e-06
6.867322366036385e-06
6.867322345920577e-06
6.8673223533465936e-06
6.867322350605191e-06
6.867322323429789e-06
6.867322371461594e-06
6.867322353601029e-06
6.867322293403861e-06
6.867322333466338e-06
6.8673223280162215e-06
6.867322365282741e-06
6.867322336941474e-06
6.862516728045953e-06
6.862516728045953e-06
6.862516714746572e-06
6.862516722663933e-06
6.862516735610705e-06
6.862516723866504e-06
6.862516745384481e-06
6.862516723900635e-06
6.862516732342631e-06
6.862516728829357e-06
6.8625167052148184e-06
6.862516744186091e-06
6.862516732798908e-06
6.862516685043023e-06
6.862516715794822e-06
6.862516713658214e-06
6.862516740085796e-06
6.86251671758002e-06
6.846793455857811e-06
6.846793455857811e-06
6.846793441850174e-06
6.846793453278804e-06
6.846793463258941e-06
6.846793451684169e-06
6.8467934707055315e-06
6.846793450361392e-06
6.8467934584958844e-06
6.846793455184809e-06
6.846793437237717e-06
6.846793461128242e-06
6.846793460156035e-06
6.846793433023842e-06
6.8467934484245695e-06
6.846793451011977e-06
6.846793460658323e-06
6.846793447330427e-06
6.8184200080335835e-06
6.8184200080335835e-06
6.818419994026976e-06
6.818420008544511e-06
6.818420016371217e-06
6.81842000362035e-06
6.81842001677775e-06
6.818420002671572e-06
6.818420007557855e-06
6.818420006633786e-06
6.8184199946306e-06
6.81842000170138e-06
6.81842001182236e-06
6.818420007569676e-06
6.818420006061514e-06
6.818420012767611e-06
6.818420005528717e-06
6.818420001659335e-06
6.791611463562903e-06
6.791611463562903e-06
6.791611450495589e-06
6.791611465288567e-06
6.791611473609975e-06
6.7916114587600445e-06
6.791611465875095e-06
6.791611460203838e-06
6.791611460319333e-06
6.79161146293266e-06
6.791611452901522e-06
6.7916114531253976e-06
6.791611467141587e-06
6.791611472057275e-06
6.791611463918053e-06
6.791611470935475e-06
6.791611458996621e-06
6.791611458054482e-06
6.780588544923883e-06
6.780588544923883e-06
6.780588532654016e-06
6.7805885460955475e-06
6.780588555942436e-06
6.780588539913009e-06
6.780588544904732e-06
6.780588543197341e-06
6.7805885409271795e-06
6.780588545320406e-06
6.7805885339138585e-06
6.780588536953964e-06
6.780588548585554e-06
6.78058854954682e-06
6.780588544453086e-06
6.780588549620992e-06
6.7805885423560224e-06
6.780588539045896e-06
6.779269341324473e-06
6.779269341324473e-06
6.779269329249013e-06
6.779269342071682e-06
6.779269352492166e-06
6.7792693362853055e-06
6.779269341308401e-06
6.779269339983419e-06
6.779269337435712e-06
6.779269342039432e-06
6.779269329740966e-06
6.7792693350427335e-06
6.7792693450540785e-06
6.779269342908543e-06
6.779269340140911e-06
6.779269344472037e-06
6.779269339928084e-06
6.77926933515477e-06
6.779376031245831e-06
6.779376031245831e-06
6.779376019179404e-06
6.779376031923811e-06
6.779376042405349e-06
6.779376026209196e-06
6.779376031327784e-06
6.7793760299204606e-06
6.7793760274120004e-06
6.779376031987184e-06
6.779376019552182e-06
6.77937602522829e-06
6.779376034986727e-06
6.779376032330388e-06
6.779376029941714e-06
6.779376034167911e-06
6.779376030020906e-06
6.779376025028103e-06
6.779430613610574e-06
6.779430613610574e-06
6.779430601544835e-06
6.779430614268853e-06
6.779430624764917e-06
6.779430608575269e-06
6.779430613728766e-06
6.779430612285617e-06
6.779430609795561e-06
6.779430614357246e-06
6.7794306018842755e-06
6.779430607667172e-06
6.77943061735469e-06
6.779430614552693e-06
6.7794306122718505e-06
6.779430616470776e-06
6.7794306124328155e-06
6.779430607379188e-06
6.7796096038540045e-06
6.7796096038540045e-06
6.779609591790214e-06
6.779609604447722e-06
6.779609614990348e-06
6.779609598823217e-06
6.779609604093035e-06
6.779609602529242e-06
6.7796096001014055e-06
6.779609604617471e-06
6.779609592020903e-06
6.779609598152694e-06
6.779609607608532e-06
6.7796096043297575e-06
6.7796096024021045e-06
6.779609606511781e-06
6.779609602830308e-06
6.7796095975779435e-06
6.779829513269272e-06
6.779829513269272e-06
6.77982950120841e-06
6.77982951377903e-06
6.779829524381275e-06
6.779829508244384e-06
6.779829513666005e-06
6.779829511944247e-06
6.7798295095979604e-06
6.779829514054274e-06
6.779829501298415e-06
6.779829507881527e-06
6.779829517037146e-06
6.7798295131393146e-06
6.779829511670915e-06
6.779829515663639e-06
6.779829512446122e-06
6.779829506935478e-06
6.7801823561771864e-06
6.7801823561771864e-06
6.780182344122687e-06
6.780182356537995e-06
6.780182367243619e-06
6.780182351162809e-06
6.780182356854573e-06
6.780182354850549e-06
6.7801823526501675e-06
6.7801823569997435e-06
6.780182343965203e-06
6.780182351342153e-06
6.7801823599681e-06
6.780182354975044e-06
6.780182354321033e-06
6.7801823581034325e-06
6.780182355710126e-06
6.780182349741924e-06
6.780640611907803e-06
6.780640611907803e-06
6.780640599866263e-06
6.780640612034863e-06
6.780640622896645e-06
6.7806406069100175e-06
6.780640613027715e-06
6.780640610575699e-06
6.7806406086073386e-06
6.780640612787571e-06
6.780640599325775e-06
6.7806406079309734e-06
6.780640615733222e-06
6.780640609029251e-06
6.780640609652254e-06
6.780640613097326e-06
6.780640612000295e-06
6.780640605315743e-06
6.781142712210279e-06
6.781142712210279e-06
6.781142700197833e-06
6.781142711953725e-06
6.781142723055838e-06
6.781142707240032e-06
6.78114271406204e-06
6.78114271086156e-06
6.78114270928199e-06
6.781142713179469e-06
6.781142699042834e-06
6.7811427096179825e-06
6.781142716088007e-06
6.781142706596494e-06
6.781142709312771e-06
6.781142712185063e-06
6.781142713223041e-06
6.781142705367239e-06
6.781300704950349e-06
6.781300704950349e-06
6.781300693004725e-06
6.781300704079733e-06
6.7813007155253865e-06
6.781300700024962e-06
6.781300707988032e-06
6.7813007035552685e-06
6.7813007026187686e-06
6.781300706051183e-06
6.78130069090238e-06
6.781300704512531e-06
6.781300708900669e-06
6.781300694999633e-06
6.781300701060211e-06
6.781300702966234e-06
6.7813007074414404e-06
6.781300697722056e-06
6.779878429712446e-06
6.779878429712446e-06
6.779878417924019e-06
6.779878427875963e-06
6.779878439755817e-06
6.779878424859587e-06
6.7798784346525995e-06
6.779878428193473e-06
6.779878428321854e-06
6.779878430990627e-06
6.77987841442529e-06
6.779878432504109e-06
6.779878433748195e-06
6.779878413046955e-06
6.779878424351074e-06
6.7798784246097246e-06
6.779878434541977e-06
6.779878421920621e-06
6.773482582984144e-06
6.773482582984144e-06
6.773482571557473e-06
6.7734825797392625e-06
6.773482591982246e-06
6.773482578242033e-06
6.7734825907929035e-06
6.773482581154885e-06
6.773482582971839e-06
6.7734825844453885e-06
6.7734825662608575e-06
6.773482590079749e-06
6.773482587071351e-06
6.773482556799039e-06
6.773482575706604e-06
6.773482573238844e-06
6.773482591257034e-06
6.773482574478506e-06
6.754697201866356e-06
6.754697201866356e-06
6.754697191196902e-06
6.75469719696465e-06
6.754697208959152e-06
6.754697197267069e-06
6.7546972132861166e-06
6.754697199347714e-06
6.754697203490915e-06
6.7546972033539175e-06
6.754697184381526e-06
6.754697213011285e-06
6.754697205831151e-06
6.7546971651621235e-06
6.754697192907979e-06
6.754697186421661e-06
6.75469721427407e-06
6.754697192791111e-06
6.71516569953266e-06
6.71516569953266e-06
6.715165690092132e-06
6.715165693763377e-06
6.715165703931619e-06
6.715165695039637e-06
6.715165713436772e-06
6.715165695838868e-06
6.715165702053213e-06
6.715165700559496e-06
6.7151656839782585e-06
6.715165710253344e-06
6.7151657029741065e-06
6.715165659025991e-06
6.7151656911331526e-06
6.715165680506232e-06
6.7151657143165595e-06
6.715165690837202e-06
6.6666228900608835e-06
6.6666228900608835e-06
6.666622881761031e-06
6.666622885610998e-06
6.666622892423836e-06
6.666622885520121e-06
6.6666229023327485e-06
6.666622885210565e-06
6.666622891359454e-06
6.666622890072756e-06
6.666622879992215e-06
6.666622892226744e-06
6.666622892637765e-06
6.66662286150387e-06
6.666622886014194e-06
6.666622874321728e-06
6.6666229019941226e-06
6.6666228832394545e-06
6.642532877609226e-06
6.642532877609226e-06
6.6425328695973455e-06
6.642532875496203e-06
6.642532879895507e-06
6.642532872918415e-06
6.64253288575514e-06
6.642532872404806e-06
6.642532876662665e-06
6.642532876810847e-06
6.642532872409701e-06
6.64253286991864e-06
6.642532879610463e-06
6.642532866666909e-06
6.642532878277352e-06
6.64253286893535e-06
6.642532884054396e-06
6.64253287269608e-06
6.640625570159097e-06
6.640625570159097e-06
6.640625561985414e-06
6.6406255690862325e-06
6.640625573001321e-06
6.640625565390618e-06
6.6406255762621025e-06
6.640625565080581e-06
6.64062556819989e-06
6.640625569165249e-06
6.640625566316065e-06
6.640625558967869e-06
6.640625572063938e-06
6.640625566462375e-06
6.640625572424455e-06
6.640625564837802e-06
6.640625574088129e-06
6.640625565859424e-06
6.641617900064358e-06
6.641617900064358e-06
6.641617891817006e-06
6.641617899114707e-06
6.641617903082468e-06
6.641617895284722e-06
6.641617905886929e-06
6.641617895053898e-06
6.641617897982922e-06
6.641617899078261e-06
6.641617896230297e-06
6.641617888625122e-06
6.641617901987647e-06
6.6416178971135305e-06
6.641617902424643e-06
6.641617895178906e-06
6.6416179036816814e-06
6.6416178957933195e-06
6.641798468622364e-06
6.641798468622364e-06
6.641798460366426e-06
6.64179846766977e-06
6.641798471656221e-06
6.641798463842715e-06
6.641798474444712e-06
6.641798463620221e-06
6.641798466543663e-06
6.641798467641795e-06
6.64179846476001e-06
6.6417984572207405e-06
6.641798470550697e-06
6.641798465631733e-06
6.641798470962427e-06
6.641798463733489e-06
6.6417984722446986e-06
6.64179846434262e-06
6.641922331575201e-06
6.641922331575201e-06
6.6419223233129555e-06
6.641922330619506e-06
6.6419223346188565e-06
6.641922326795785e-06
6.6419223373997774e-06
6.641922326578962e-06
6.641922329499845e-06
6.6419223305987195e-06
6.641922327691633e-06
6.641922320204948e-06
6.641922333507102e-06
6.6419223285473565e-06
6.641922333898613e-06
6.641922326680252e-06
6.641922335203695e-06
6.64192232728893e-06
6.642197868174132e-06
6.642197868174132e-06
6.642197859895597e-06
6.642197867212316e-06
6.642197871238917e-06
6.642197863395621e-06
6.64219787400278e-06
6.642197863192352e-06
6.642197866106763e-06
6.642197867206911e-06
6.642197864242608e-06
6.6421978568778145e-06
6.642197870113986e-06
6.642197865060894e-06
6.6421978704576915e-06
6.64219786326765e-06
6.642197871814773e-06
6.642197863873996e-06
6.64258633425346e-06
6.64258633425346e-06
6.64258632594633e-06
6.642586333285399e-06
6.642586337346693e-06
6.642586329477266e-06
6.642586340084862e-06
6.642586329295439e-06
6.6425863321983545e-06
6.6425863332997675e-06
6.642586330252978e-06
6.6425863230703175e-06
6.642586336204607e-06
6.642586331016269e-06
6.6425863364745935e-06
6.642586329336946e-06
6.642586337906315e-06
6.642586329935613e-06
6.643216141365616e-06
6.643216141365616e-06
6.643216132996692e-06
6.643216140393988e-06
6.64321614450128e-06
6.6432161365959405e-06
6.643216147193186e-06
6.64321613645535e-06
6.643216139333049e-06
6.643216140435041e-06
6.643216137249695e-06
6.643216130390271e-06
6.6432161433352e-06
6.6432161379180335e-06
6.643216143468423e-06
6.643216136449975e-06
6.6432161450246205e-06
6.643216137024076e-06
6.6441358266798996e-06
6.6441358266798996e-06
6.644135818179583e-06
6.644135825720563e-06
6.6441358298675895e-06
6.644135821927082e-06
6.644135832479731e-06
6.644135821863951e-06
6.644135824687304e-06
6.644135825786212e-06
6.6441358223858525e-06
6.644135816072564e-06
6.644135828676771e-06
6.6441358229002505e-06
6.644135828564434e-06
6.644135821811452e-06
6.644135830311565e-06
6.644135822317255e-06
6.6453823366760604e-06
6.6453823366760604e-06
6.645382327884428e-06
6.6453823357817935e-06
6.645382339906615e-06
6.645382331966423e-06
6.6453823423771665e-06
6.645382332055572e-06
6.645382334757027e-06
6.64538233584093e-06
6.645382332114937e-06
6.64538232674461e-06
6.645382338710796e-06
6.645382332379056e-06
6.645382338139905e-06
6.645382331998275e-06
6.64538234017026e-06
6.6453823323221925e-06
6.646658546450494e-06
6.646658546450494e-06
6.646658537039433e-06
6.6466585457609245e-06
6.646658549644801e-06
6.6466585418427754e-06
6.6466585518763025e-06
6.646658542221545e-06
6.646658544661368e-06
6.646658545698983e-06
6.6466585415461165e-06
6.646658537709993e-06
6.64665854852593e-06
6.646658541438025e-06
6.646658547130943e-06
6.6466585423292874e-06
6.646658549517454e-06
6.646658542212937e-06
6.646885067294647e-06
6.646885067294647e-06
6.646885056739445e-06
6.646885067088862e-06
6.646885070219164e-06
6.646885062891285e-06
6.646885072107801e-06
6.6468850637506105e-06
6.6468850657032535e-06
6.646885066632478e-06
6.64688506211394e-06
6.646885060361914e-06
6.646885069381908e-06
6.64688506157308e-06
6.646885066705039e-06
6.646885064442152e-06
6.646885069357494e-06
6.6468850634274e-06
6.644324425070373e-06
6.644324425070373e-06
6.6443244130535964e-06
6.64432442562645e-06
6.6443244273741665e-06
6.644324420949992e-06
6.644324428959174e-06
6.644324422349134e-06
6.644324423674129e-06
6.644324424433738e-06
6.644324420023498e-06
6.644324419913455e-06
6.644324427086504e-06
6.644324419276476e-06
6.644324423099145e-06
6.644324424166182e-06
6.644324425557973e-06
6.644324421887793e-06
6.6395879984721216e-06
6.6395879984721216e-06
6.639587985624239e-06
6.639587999619342e-06
6.639588000119844e-06
6.639587994536716e-06
6.639588001679697e-06
6.639587996161532e-06
6.639587997123784e-06
6.639587997752744e-06
6.639587994035813e-06
6.639587993739258e-06
6.639588000353134e-06
6.639587993552209e-06
6.639587995979661e-06
6.639587999035435e-06
6.639587997742773e-06
6.63958799591117e-06
6.636608456267067e-06
6.636608456267067e-06
6.636608443492476e-06
6.636608457517376e-06
6.636608457674717e-06
6.636608452339004e-06
6.636608459381762e-06
6.636608453864023e-06
6.636608454852513e-06
6.636608455459387e-06
6.636608452302216e-06
6.63660845092111e-06
6.636608458066944e-06
6.636608452169522e-06
6.636608454080428e-06
6.636608457054493e-06
6.636608455329341e-06
6.636608453879646e-06
6.636039404007312e-06
6.636039404007312e-06
6.636039391407854e-06
6.636039405202931e-06
6.636039405419099e-06
6.636039400050926e-06
6.636039407196711e-06
6.63603940149243e-06
6.636039402554765e-06
6.636039403174043e-06
6.6360394001502334e-06
6.636039398312889e-06
6.636039405793789e-06
6.636039400130454e-06
6.636039402047467e-06
6.636039404644626e-06
6.636039403183915e-06
6.636039401591674e-06
     fun: 6.852374844625173e-06
     jac: array([-1.24700648e-07,  4.03592253e-08,  1.03290859e-07, -1.89249931e-08,
        3.27234488e-08,  1.53869451e-09, -2.34251161e-08, -6.99793645e-09,
        1.90002254e-07,  4.55804070e-08, -5.68712721e-08, -5.32081117e-08,
       -3.76587650e-08,  3.44874707e-08, -3.88421881e-08,  8.18523631e-08])
 message: 'Optimization terminated successfully.'
    nfev: 2340
     nit: 130
    njev: 130
  status: 0
 success: True
       x: array([ 0.72183145, -0.54401461, -0.54590219,  0.149818  , -0.53106262,
        0.30402887, -0.07946909,  0.13314503,  0.10544731,  0.56716742,
        0.03607916, -0.53079419, -0.49541379, -0.381819  ,  0.26020947,
       -0.2262765 ])

========================================================

Final result:
0.7218314487710021
-0.5440146071306717
-0.5459021898154557
0.14981799895515246
0.14981799895515246
0.14981799895515246
-0.5310626246228838
0.30402887348152885
-0.07946909130019292
0.13314503107608083
0.10544730515650806
0.567167419270633
0.036079163390722306
0.036079163390722306
-0.5307941927651499
-0.49541379230570837
0.3734240965374077
-0.3818190033637912
0.26020947112167886
-0.22627650291298704
0.11596201171836647
0.11596201171836647
0.11596201171836647
