94.4527738142
94.4527738142
94.4527761066
94.4527745718
94.4527745641
94.4527745762
94.4527742644
94.4527748597
94.4527746399
94.4527740589
94.4527749085
94.4527734692
94.4527734029
94.4527737444
64307.1786424
13581.6642337
2841.85789611
571.068054545
109.142774423
64.0968210462
64.0968210462
64.0968204762
64.0968209018
64.0968211172
64.0968210716
64.096821062
64.0968214494
64.0968210335
64.0968210852
64.096821452
64.0968206178
64.0968206021
64.0968209596
6096.29409729
1294.87393185
259.430387672
53.6324292913
53.6324292913
53.6324278436
53.6324288003
53.6324287526
53.6324287222
53.6324288782
53.632428604
53.6324283765
53.6324291519
53.632428327
53.6324294194
53.6324296264
53.6324293178
951.682349532
113.916914518
51.4817789346
51.4817789346
51.4817771484
51.4817783523
51.4817783915
51.4817783827
51.4817786031
51.4817781967
51.4817783118
51.481778766
51.481777897
51.4817791471
51.4817794053
51.481778979
327.419920326
61.534831578
44.2262844623
44.2262844623
44.2262824718
44.2262837888
44.2262837384
44.2262835839
44.2262840564
44.2262835656
44.2262837896
44.2262841748
44.2262834047
44.2262846637
44.2262848158
44.2262845039
540.956409666
98.0052114091
34.6283689247
34.6283689247
34.6283666547
34.6283681808
34.6283682244
34.6283681966
34.628368489
34.628368019
34.628368109
34.6283686877
34.6283680161
34.6283692721
34.6283693514
34.6283689966
175.146710555
35.733402948
26.7110806149
26.7110806149
26.7110788505
26.7110800397
26.7110800725
26.7110801058
26.7110803062
26.7110798165
26.7110800725
26.7110804374
26.7110798861
26.7110808763
26.7110808213
26.7110806662
124.603629262
24.1486693354
16.2355093819
16.2355093819
16.235510089
16.2355096086
16.235509567
16.2355095905
16.2355095557
16.2355095198
16.2355098014
16.2355094233
16.2355097707
16.2355094689
16.2355092781
16.235509398
33.2223426542
10.2026780606
10.2026780606
10.2026796614
10.2026785975
10.202678614
10.2026786708
10.2026783977
10.2026787948
10.2026787209
10.2026781786
10.2026789208
10.2026778002
10.202677644
10.2026780058
58.0092715965
11.3712756382
9.09608322019
9.09608322019
9.09608485533
9.09608376538
9.09608377486
9.09608380368
9.0960835658
9.09608397118
9.0960838488
9.09608343401
9.09608405131
9.09608293194
9.09608282352
9.09608316
23.3338634926
7.16298189683
7.16298189683
7.16298286961
7.16298219713
7.1629820938
7.16298207404
7.1629820054
7.1629821073
7.1629820857
7.16298194044
7.16298197575
7.16298191437
7.16298202261
7.16298190095
14.7830367706
6.46626997091
6.46626997091
6.46626894576
6.46626964299
6.46626970104
6.46626965303
6.46626979027
6.46626972382
6.4662696066
6.46626988634
6.46626964046
6.46626996901
6.46627006088
6.46626997096
8.73864649421
5.9809811773
5.9809811773
5.98098054102
5.98098096994
5.98098097932
5.98098099396
5.98098104018
5.98098089993
5.98098087384
5.98098114351
5.98098084583
5.98098125111
5.98098129391
5.98098119134
7.21790230861
5.802918693
5.802918693
5.80291841244
5.80291860135
5.8029186042
5.80291858542
5.80291865855
5.80291857619
5.80291865109
5.80291866527
5.80291858806
5.80291873137
5.80291873144
5.8029187
6.14026109959
5.74667486478
5.74667486478
5.74667481564
5.74667484934
5.74667484977
5.74667484827
5.74667485271
5.74667485043
5.74667483041
5.74667486359
5.74667487097
5.74667487684
5.74667486682
5.74667486651
5.9213484951
5.72335815286
5.72335815286
5.72335814296
5.72335815289
5.72335816229
5.72335816854
5.72335816142
5.7233581647
5.72335816883
5.72335815383
5.72335816973
5.72335814614
5.72335814012
5.72335815061
5.72785484372
5.71375123558
5.71375123558
5.71375127664
5.71375124771
5.71375123739
5.71375123013
5.71375123532
5.71375124243
5.71375122997
5.71375123281
5.71375124781
5.71375122076
5.71375121015
5.71375123161
5.71298247264
5.68985992097
5.68985992097
5.68986003647
5.68985995728
5.68985994525
5.68985994327
5.68985993678
5.6898599452
5.68985994648
5.68985993089
5.68985993259
5.68985992589
5.68985993748
5.68985992144
5.6575378557
5.6575378557
5.65753789211
5.65753786695
5.6575378612
5.6575378599
5.65753785887
5.65753786063
5.65753785946
5.65753785694
5.65753785167
5.6575378602
5.65753786851
5.65753785617
5.64063247944
5.64063247944
5.64063247835
5.64063247938
5.64063248021
5.64063248076
5.64063248034
5.64063248176
5.64063248036
5.64063248258
5.64063248312
5.64063247672
5.64063247564
5.64063247852
5.63922364181
5.63922364181
5.6392236393
5.63922364099
5.63922364044
5.63922364098
5.63922364087
5.63922364027
5.63922364114
5.63922364016
5.6392236399
5.63922364351
5.63922364248
5.63922364185
5.63852891728
5.63852891728
5.63852891222
5.63852891545
5.63852891385
5.63852891466
5.63852891483
5.63852891162
5.63852891486
5.63852891195
5.63852891187
5.63852892036
5.63852892255
5.63852891762
5.63451929211
5.63451929211
5.63451928336
5.63451928929
5.63451928898
5.63451928896
5.63451928988
5.6345192886
5.63451928892
5.634519289
5.63451928795
5.63451929346
5.63451929481
5.63451929218
5.63140903101
5.63140903101
5.63140903019
5.63140903084
5.63140903091
5.63140903073
5.63140903082
5.63140903113
5.6314090306
5.63140903121
5.63140903067
5.63140903103
5.63140903094
5.63140903096
5.63120499787
5.63120499787
5.63120499737
5.63120499779
5.63120499788
5.63120499774
5.63120499779
5.63120499798
5.63120499776
5.631204998
5.63120499789
5.63120499776
5.6312049977
5.63120499782
5.63112223262
5.63112223262
5.63112223295
5.63112223278
5.63112223277
5.63112223272
5.63112223264
5.63112223267
5.63112223277
5.63112223266
5.63112223277
5.63112223259
5.63112223258
5.6311222326
5.63102905044
5.63102905044
5.63102905108
5.63102905066
5.63102905059
5.63102905062
5.6310290505
5.63102905039
5.63102905069
5.63102905037
5.6310290506
5.63102905047
5.6310290505
5.63102905044
5.63097434007
5.63097434007
5.63097434056
5.63097434022
5.63097434016
5.6309743402
5.63097434012
5.63097434001
5.63097434024
5.63097434
5.63097434016
5.63097434011
5.63097434015
5.63097434007
5.63096218773
5.63096218773
5.63096218785
5.63096218775
5.63096218775
5.63096218776
5.63096218774
5.63096218771
5.63096218777
5.6309621877
5.63096218774
5.63096218774
5.63096218775
5.63096218772
5.63096088648
5.63096088648
5.63096088648
5.63096088647
5.63096088648
5.63096088648
5.63096088648
5.63096088648
5.63096088648
5.63096088648
5.63096088648
5.63096088648
5.63096088648
5.63096088647
     fun: 5.630960886478467
     jac: array([  6.00218773e-05,  -4.88340855e-04,   1.81496143e-04,
        -8.90493393e-05,  -2.23517418e-05,  -1.28328800e-04,
        -7.51614571e-05,  -9.20295715e-05,  -1.21235847e-04,
         1.45137310e-04,   9.76920128e-05,  -3.41475010e-04])
 message: 'Optimization terminated successfully.'
    nfev: 449
     nit: 30
    njev: 30
  status: 0
 success: True
       x: array([ 0.56205482, -1.13596517, -0.277843  ,  0.6120392 , -1.39578681,
       -1.32197412,  0.6080505 ,  0.11679454,  0.30712864,  0.84148479,
       -0.07883924,  0.95300734])

========================================================

Final result:
0.562054821048
0.562054821048
-1.13596517331
0.562054821048
-0.277842995561
0.612039204307
-1.39578681082
-1.32197411641
0.608050497165
0.608050497165
0.116794541374
0.307128640705
0.193341252244
0.841484790726
-0.0788392386656
0.953007336911
-0.23855096299
-0.23855096299
-0.23855096299
