LYD_methyl_neutral.filelist
4.80475525805
4.80475525805
4.80475490008
4.80475474816
4.8047551883
4.80475585419
4.80475598639
4.80475561583
4.80475555095
4.8047555669
4.80475548979
4.80475590551
4.80475547832
4.80475550347
4.80475571214
4.80475537542
4.80475550716
4.80475524961
4.80475523718
4.8047551472
4.80475493407
4.80475536566
22705.7479558
2268.36494387
274.729655505
43.280619261
7.33055978503
4.13391216732
4.13391216732
4.13391186249
4.13391175136
4.13391210769
4.13391222767
4.13391231593
4.13391203287
4.13391195453
4.1339118692
4.13391210156
4.13391157976
4.13391169863
4.13391214016
4.13391123656
4.13391152945
4.13391088581
4.13391136659
4.13391055323
4.1339112455
4.13391020133
4.13391212489
58955.7641346
5892.8353182
885.325541792
175.145392988
35.2376114524
6.60301970428
2.80466139444
2.80466139444
2.80466117486
2.80466109837
2.80466135039
2.80466118834
2.80466121667
2.80466110109
2.80466104353
2.80466100592
2.80466120448
2.80466054857
2.80466100898
2.8046612169
2.80466062065
2.8046610383
2.80466065873
2.80466110485
2.80466080946
2.80466118515
2.80466100851
2.80466129777
3116.14344059
328.102698461
53.8652454545
9.03559285697
2.49477818552
2.49477818552
2.49477835895
2.4947784801
2.49477821735
2.49477764073
2.49477751261
2.49477782078
2.4947779007
2.49477778848
2.49477796541
2.4947773647
2.49477779385
2.49477799127
2.49477737073
2.49477785913
2.49477759474
2.49477784239
2.49477748555
2.49477785441
2.49477747354
2.49477807045
451.594768425
44.7319954244
4.65964932743
2.43886172263
2.43886172263
2.43886192931
2.43886207317
2.43886176121
2.43886118034
2.43886104262
2.43886136508
2.43886146096
2.43886131638
2.43886150694
2.43886086959
2.43886132512
2.43886153104
2.43886093953
2.43886133677
2.43886093623
2.43886137082
2.43886102097
2.43886141151
2.43886109004
2.43886161161
236.223529291
23.4023066281
3.12115823847
2.40900864214
2.40900864214
2.40900885591
2.40900897841
2.40900868221
2.40900806624
2.40900795136
2.40900825444
2.40900831851
2.40900824448
2.40900840287
2.40900785235
2.40900823007
2.40900841853
2.40900780081
2.40900825711
2.40900787371
2.40900828508
2.40900791811
2.40900833518
2.40900802349
2.40900852374
156.728500214
15.5217288729
2.66619299441
2.38043827333
2.38043827333
2.38043849461
2.3804386174
2.38043831519
2.38043769391
2.38043758646
2.38043787118
2.38043793027
2.38043785888
2.38043801519
2.38043742844
2.38043787104
2.3804380147
2.38043747743
2.38043788976
2.3804374946
2.38043792665
2.38043759428
2.38043795373
2.38043761975
2.38043815345
207.873611121
20.6729775046
2.97461275417
2.36438642817
2.36438642817
2.36438666303
2.36438679789
2.36438647297
2.3643858651
2.36438575558
2.364386036
2.36438609903
2.36438600998
2.36438618068
2.36438557124
2.36438601575
2.3643861867
2.36438559861
2.3643860464
2.36438567086
2.36438607254
2.36438570588
2.36438612144
2.36438581174
2.36438631027
58.4236391342
6.13936534442
2.39034622948
2.35694712949
2.35694712949
2.35694736705
2.35694749782
2.35694717485
2.35694656417
2.35694645928
2.35694673628
2.35694679056
2.35694671278
2.35694689179
2.35694628079
2.35694671443
2.356946917
2.35694628974
2.35694674767
2.35694636765
2.35694678267
2.35694643995
2.35694682053
2.35694650748
2.35694700651
34.0627420883
3.80888241236
2.32043144586
2.32043144586
2.32043167607
2.32043178284
2.32043148962
2.32043087923
2.3204307896
2.32043105484
2.32043109007
2.32043104859
2.32043122262
2.32043063071
2.32043107309
2.32043127209
2.320430718
2.32043109204
2.32043074205
2.32043110897
2.32043075109
2.32043116123
2.32043089481
2.32043131848
92.1514112099
8.75150455611
2.21802316079
2.21802316079
2.21802335258
2.21802343215
2.21802319726
2.21802277707
2.21802269819
2.21802291791
2.21802297979
2.21802290779
2.21802300625
2.21802264514
2.21802291634
2.2180229847
2.21802266279
2.21802295257
2.21802275341
2.21802298348
2.2180228317
2.21802298464
2.21802291016
2.21802311476
8.40924030845
1.92623023713
1.92623023713
1.92623025073
1.92623027045
1.92623024114
1.92623042297
1.92623038163
1.92623039974
1.92623040917
1.92623044257
1.92623032109
1.92623066668
1.92623046867
1.92623030018
1.92623070721
1.92623049789
1.92623076636
1.92623051935
1.92623082569
1.92623051332
1.92623085224
1.92623026872
13.8045491736
2.10242100462
1.82066624675
1.82066624675
1.82066622994
1.82066620252
1.82066624454
1.82066655231
1.8206665559
1.82066650719
1.820666509
1.82066656147
1.82066639716
1.82066690023
1.8206665899
1.8206663685
1.82066694364
1.82066661559
1.82066698999
1.82066663413
1.82066703892
1.8206666359
1.82066704266
1.82066632589
4.22529943622
1.77921557939
1.77921557939
1.77921549543
1.77921547084
1.77921556328
1.77921595171
1.77921599603
1.77921587621
1.77921586456
1.77921592639
1.7792157573
1.77921630114
1.77921594196
1.77921573784
1.77921631978
1.7792159483
1.77921632288
1.77921594733
1.77921633287
1.77921593073
1.77921630114
1.77921566995
3.32402852172
1.75884424684
1.75884424684
1.75884418674
1.75884414049
1.75884423494
1.75884450569
1.75884455898
1.75884444966
1.75884445069
1.75884447878
1.758844361
1.75884473147
1.75884448028
1.75884436085
1.75884472816
1.75884447641
1.7588447099
1.75884446698
1.75884470108
1.75884444907
1.75884466218
1.75884429006
7.03215384433
1.79256740876
1.69330596718
1.69330596718
1.69330592725
1.6933059083
1.69330595896
1.69330598845
1.69330601125
1.69330595862
1.69330595059
1.69330594154
1.69330596243
1.69330592417
1.69330591699
1.69330597428
1.69330587925
1.69330589365
1.69330582059
1.69330587095
1.6933057781
1.69330585816
1.69330572889
1.69330596226
1.68072769624
1.66789370846
1.66789370846
1.66789369748
1.66789369343
1.66789370578
1.66789369004
1.66789369789
1.66789368606
1.66789368757
1.66789367914
1.66789369578
1.66789365262
1.66789367231
1.66789370175
1.66789364633
1.66789367014
1.66789363424
1.66789366622
1.66789362743
1.66789367019
1.66789362187
1.66789370082
1.66350413636
1.66205544689
1.66205544689
1.66205544633
1.66205544815
1.66205544628
1.66205544096
1.66205544237
1.6620554432
1.66205544879
1.66205544507
1.66205544448
1.66205544659
1.66205544631
1.66205544777
1.66205545529
1.66205545261
1.66205546242
1.66205545495
1.66205546775
1.66205546246
1.66205547381
1.66205544686
1.65796941115
1.65924094751
1.65924094751
1.65924094632
1.65924094906
1.65924094687
1.65924094595
1.65924094634
1.65924094553
1.65924094997
1.65924094573
1.65924094676
1.65924094924
1.65924094313
1.65924094907
1.6592409485
1.65924094518
1.65924094696
1.65924094332
1.65924094443
1.65924094627
1.6592409398
1.65924094874
1.65754212706
1.65754212706
1.65754212266
1.65754212401
1.65754212581
1.65754212816
1.65754212939
1.65754212563
1.65754212876
1.65754212572
1.65754212647
1.65754212908
1.65754212384
1.6575421286
1.65754213045
1.65754212651
1.65754212949
1.65754212604
1.65754213032
1.65754213021
1.65754212915
1.65754212831
1.65874207225
1.65874207225
1.65874206881
1.65874207057
1.65874207118
1.65874207391
1.65874207495
1.65874207202
1.65874207567
1.65874207248
1.65874207247
1.65874207768
1.65874207059
1.65874207463
1.65874207876
1.65874207326
1.65874207812
1.65874207238
1.65874207782
1.65874207621
1.65874207554
1.65874207388
1.6581867327
1.65849219461
1.65849219461
1.65849219148
1.65849219338
1.6584921936
1.6584921956
1.65849219655
1.65849219391
1.65849219764
1.65849219425
1.65849219455
1.65849219891
1.65849219217
1.65849219676
1.65849219955
1.65849219467
1.6584921986
1.65849219358
1.65849219784
1.65849219722
1.65849219506
1.65849219611
     fun: 1.7158722002032027
     jac: array([ 0.00527066,  0.00793193,  0.00096044,  0.00425811,  0.00291884,
        0.00779253,  0.0110023 ,  0.00985867,  0.00552574,  0.02171998,
        0.00921443,  0.0062208 ,  0.01884426,  0.0089348 ,  0.020568  ,
        0.00529686,  0.01057206,  0.00287171,  0.00124933,  0.00223608])
 message: 'Optimization terminated successfully.'
    nfev: 529
     nit: 22
    njev: 22
  status: 0
 success: True
       x: array([ 0.50316279, -0.46315321, -0.48613634, -0.36002314,  0.24354494,
        0.01255509,  0.11214338, -0.21667536,  0.54468275,  0.10684667,
       -0.14809478, -0.47186393,  0.09504739, -0.23333098,  0.11364411,
       -0.08289348,  0.09938931, -0.67334245,  0.279844  , -0.52155159])

========================================================

Final result:
0.503162786115
-0.463153212423
-0.486136342339
0.148708922882
0.148708922882
0.148708922882
-0.360023136246
0.243544942076
0.0125550899046
0.112143380458
-0.216675360199
0.544682747433
0.106846670872
0.106846670872
-0.14809477867
-0.471863926669
0.0950473885398
0.0950473885398
-0.233330984209
0.113644109232
0.113644109232
-0.0828934794084
0.0993893112679
0.0993893112679
-0.673342449555
0.279843999714
0.279843999714
-0.521551592994
0.405306588828
