15.5321221312
15.5321221312
15.5321213898
15.5321210738
15.5321219814
15.532123696
15.532123964
15.5321233037
15.5321232196
15.53212342
15.5321228842
15.5321248038
15.5321234169
15.5321229589
15.5321247345
15.5321234155
15.5321246786
15.5321234525
15.5321249015
15.5321233918
15.5321245144
15.532122495
502670.869283
50260.3882415
5019.35663262
733.599862202
114.10532245
20.1380646561
13.6354042459
13.6354042459
13.6354034829
13.6354031979
13.6354040905
13.6354049068
13.6354051341
13.6354045164
13.6354043848
13.6354043666
13.6354044597
13.6354045733
13.6354041233
13.6354045853
13.6354040214
13.6354039256
13.6354035398
13.6354038466
13.6354035679
13.6354037216
13.6354029968
13.6354043366
46103.3469857
4603.4978864
743.809213343
127.59600874
22.1640184294
11.3451824403
11.3451824403
11.3451818742
11.3451818007
11.3451823188
11.3451820958
11.3451820876
11.3451819724
11.3451819163
11.3451818418
11.3451821546
11.3451811846
11.3451818415
11.3451822811
11.3451812295
11.3451819685
11.3451814472
11.345182214
11.3451821208
11.3451823609
11.3451822623
11.3451822775
20859.6969628
2081.29873959
301.848215108
45.4800342333
11.1073561403
10.0746449956
10.0746449956
10.0746448807
10.0746450574
10.074644962
10.0746443399
10.0746441416
10.0746444945
10.0746446071
10.0746444041
10.074644696
10.0746438109
10.0746443616
10.0746448017
10.074643708
10.0746444339
10.0746439571
10.0746444354
10.0746439294
10.074644464
10.074643762
10.0746448371
3593.6991127
357.327287726
34.9409328241
10.0204849878
9.78046195892
9.78046195892
9.78046194314
9.78046215901
9.78046194799
9.78046135719
9.7804611727
9.78046146994
9.78046159764
9.78046131481
9.78046165058
9.78046062061
9.78046127391
9.78046172328
9.7804606578
9.78046124362
9.78046050206
9.78046129785
9.780460631
9.7804614582
9.78046089635
9.78046181525
2193.04895913
217.648914313
22.0586157239
9.60112800036
9.60112800036
9.60112802549
9.60112815841
9.60112800252
9.6011272999
9.60112724316
9.60112734062
9.60112730741
9.60112730999
9.60112752307
9.60112666075
9.60112727333
9.60112751498
9.60112657749
9.60112729005
9.60112660982
9.60112730625
9.60112662695
9.60112740079
9.60112669604
9.6011278024
820.302456019
81.4849296632
11.8158813702
9.52359731043
9.52359731043
9.52359739718
9.52359754929
9.52359732655
9.52359664723
9.52359659612
9.52359666907
9.52359663882
9.52359658476
9.52359687617
9.52359586933
9.52359653967
9.52359691201
9.52359577444
9.52359658619
9.52359590401
9.52359662134
9.52359598369
9.52359668461
9.52359594733
9.52359711643
517.525245074
51.0581231364
9.98713467021
9.3661678439
9.3661678439
9.36616793569
9.36616802618
9.36616786101
9.36616710579
9.36616707949
9.36616715038
9.36616708167
9.36616708516
9.36616741565
9.36616631903
9.36616707263
9.3661675147
9.36616633562
9.36616711509
9.36616646791
9.36616709101
9.36616630753
9.36616719821
9.36616649393
9.3661676257
1135.44496351
112.367960729
13.3360130786
9.20754118583
9.20754118583
9.20754132997
9.20754138155
9.20754121292
9.20754036094
9.2075403304
9.2075404615
9.20754040346
9.20754041783
9.20754073973
9.20753965389
9.20754040933
9.20754082155
9.20753971584
9.20754038803
9.20753955612
9.20754044678
9.20753981609
9.20754046175
9.20753970303
9.20754097237
1737.44265386
172.817970354
18.4958521015
9.12701993839
9.12701993839
9.12702010496
9.12702014264
9.12701996975
9.12701911458
9.12701907609
9.12701923485
9.12701921166
9.12701918991
9.12701948513
9.12701851733
9.12701908423
9.12701950992
9.12701818032
9.1270191357
9.1270183942
9.12701915398
9.12701840317
9.12701922497
9.12701854409
9.12701975358
1183.18901437
117.926266115
14.2833029746
9.09710496855
9.09710496855
9.09710512547
9.09710516402
9.09710499811
9.097104179
9.0971041237
9.09710427635
9.0971043062
9.09710417999
9.09710448499
9.09710337329
9.09710413975
9.09710445049
9.09710332012
9.0971041795
9.09710345318
9.09710418217
9.09710343212
9.09710422907
9.09710351522
9.09710479615
81.8529058288
10.5371737414
8.7505938332
8.7505938332
8.7505939966
8.75059407518
8.75059386528
8.75059305819
8.75059294147
8.75059313493
8.75059315043
8.75059304239
8.75059333992
8.75059223925
8.75059300023
8.7505933262
8.75059216687
8.75059303653
8.75059229697
8.75059303438
8.75059227691
8.75059306102
8.75059237942
8.75059358385
98.2095162665
11.4299279513
8.44821685237
8.44821685237
8.44821701661
8.44821712185
8.44821688471
8.4482160877
8.44821595163
8.4482161719
8.4482161539
8.44821607611
8.44821640911
8.44821528296
8.44821604028
8.44821633836
8.44821522363
8.44821607717
8.44821534757
8.44821607401
8.44821531763
8.44821610741
8.44821542238
8.4482166824
83.0503463361
10.3203226628
8.18162015448
8.18162015448
8.18162034034
8.18162042238
8.18162019004
8.18161939078
8.18161930392
8.1816195028
8.18161951264
8.18161941872
8.18161972247
8.18161865738
8.18161938508
8.18161966359
8.18161860451
8.18161942226
8.1816187217
8.18161942167
8.18161868556
8.18161947271
8.18161878404
8.18161995607
21.4246641704
7.96239242838
7.96239242838
7.96239256455
7.96239268438
7.96239245211
7.96239182545
7.96239179758
7.96239193354
7.96239195782
7.96239188458
7.96239209596
7.9623913189
7.96239186569
7.96239205799
7.96239128978
7.96239189326
7.9623913868
7.96239188254
7.96239134671
7.96239188894
7.9623914388
7.96239229364
28.572606501
7.72583000315
7.72583000315
7.72583010993
7.72583013665
7.72583002518
7.72582985231
7.72582980164
7.72582987917
7.7258298972
7.7258298826
7.72582988939
7.72582975427
7.72582988915
7.72582989866
7.72582976889
7.72582990593
7.72582981469
7.72582989433
7.72582976928
7.72582990253
7.72582980647
7.72582998564
10.5860924609
7.61522600405
7.61522600405
7.61522601623
7.61522599335
7.6152260069
7.61522631269
7.61522632687
7.61522628387
7.61522629791
7.61522633725
7.61522617348
7.61522669273
7.61522636055
7.61522617955
7.61522674713
7.61522636212
7.61522673449
7.61522634749
7.61522669643
7.61522634368
7.61522666954
7.6152261004
7.73397296326
7.61985438329
7.61985438329
7.61985436147
7.61985434466
7.61985437811
7.61985453773
7.6198545504
7.61985451127
7.6198545159
7.61985452907
7.61985446447
7.61985469171
7.61985453025
7.61985447605
7.61985470256
7.61985452923
7.61985467666
7.61985451495
7.61985466956
7.61985452104
7.619854641
7.61985442855
7.70875208066
7.60418204484
7.60418204484
7.60418202449
7.60418201999
7.60418203949
7.60418207255
7.60418207602
7.60418205876
7.60418206109
7.60418205649
7.60418205498
7.60418207966
7.60418204689
7.60418206577
7.60418207366
7.60418204757
7.60418205589
7.60418204282
7.60418206198
7.6041820523
7.60418204518
7.60418205334
7.60092120349
7.60003318009
7.60003318009
7.60003316631
7.60003316573
7.60003317603
7.60003319089
7.60003319166
7.60003318184
7.60003318535
7.60003317988
7.60003318171
7.60003318982
7.60003317237
7.6000331907
7.60003318717
7.60003317472
7.60003317734
7.60003317079
7.60003318357
7.60003318262
7.60003317181
7.60003318483
7.59886303658
7.59904630979
7.59904630979
7.59904630255
7.59904630471
7.59904630701
7.59904631535
7.59904631446
7.59904630969
7.59904631475
7.59904630939
7.59904630948
7.59904631953
7.59904630432
7.59904631651
7.59904632117
7.59904630933
7.59904631805
7.59904630558
7.59904632246
7.59904631798
7.59904631432
7.59904631415
7.59841568698
7.59870939404
7.59870939404
7.59870938969
7.59870939283
7.59870939186
7.59870939843
7.59870939713
7.59870939409
7.59870939958
7.59870939465
7.59870939339
7.59870940556
7.59870939005
7.59870939955
7.59870940835
7.59870939569
7.59870940717
7.59870939155
7.59870940981
7.59870940394
7.59870940251
7.59870939856
7.59740578638
7.59812041913
7.59812041913
7.59812041509
7.59812041819
7.59812041703
7.59812042316
7.59812042201
7.5981204187
7.59812042415
7.59812041908
7.59812041819
7.59812042939
7.59812041412
7.5981204242
7.59812043134
7.59812041932
7.59812042929
7.59812041473
7.59812043097
7.5981204268
7.59812042317
7.59812042357
7.59723680072
7.5977195237
7.5977195237
7.59771951961
7.59771952263
7.59771952158
7.59771952749
7.59771952644
7.59771952293
7.59771952829
7.59771952313
7.59771952255
7.59771953292
7.59771951797
7.59771952855
7.59771953446
7.59771952297
7.59771953194
7.59771951824
7.59771953339
7.59771953019
7.5977195254
7.59771952805
     fun: 7.902805922188669
     jac: array([ 0.00380695,  0.00341499,  0.00030786,  0.00491107,  0.00610954,
        0.00418365,  0.00414169,  0.00355643,  0.00298256,  0.01001143,
       -0.00021559,  0.00174862,  0.00132692, -0.00493693, -0.00790817,
       -0.01091212, -0.02193475, -0.01405269, -0.03146261,  0.00162476])
 message: 'Optimization terminated successfully.'
    nfev: 582
     nit: 24
    njev: 24
  status: 0
 success: True
       x: array([ 0.52437881, -0.48078815, -0.45946769, -0.40925236,  0.26269822,
        0.05729363,  0.10074769, -0.16822525,  0.62452341,  0.07341838,
        0.00198965, -0.5204946 ,  0.03482488, -0.16928441,  0.0749169 ,
        0.10188192,  0.03902643, -0.76754108,  0.29723318, -0.57318292])

========================================================

Final result:
0.524378809794
-0.480788147889
-0.459467685793
0.13862567463
0.13862567463
0.13862567463
-0.409252361521
0.26269822042
0.057293628883
0.100747692259
-0.168225248331
0.62452341385
0.0734183811528
0.0734183811528
0.00198965142342
-0.520494603573
0.0348248757605
0.0348248757605
-0.169284411032
0.0749168973948
0.0749168973948
0.101881923448
0.0390264344633
0.0390264344633
-0.767541082162
0.297233176428
0.297233176428
-0.573182918308
0.420006564244
