PRO_methyl_methyl.filelist
9.94419854222
9.94419854222
9.94419817931
9.94419797037
9.94419847169
9.94419920173
9.94419944863
9.94419896922
9.9442005662
9.94419939764
9.9441991064
9.9441989078
9.94419868585
9.94420041246
9.94419956559
9.94419883153
9.94419895251
9.94419860191
59467.8489209
5938.65138757
763.474467089
158.890089647
32.6637693333
5.61513761051
5.61513761051
5.61513748424
5.61513752805
5.615137584
5.61513716438
5.61513705689
5.61513715086
5.61513656222
5.61513686164
5.61513698098
5.61513709759
5.61513738449
5.61513590931
5.61513632977
5.61513743576
5.61513730031
5.61513757381
4057.38737678
403.614732172
55.7712049572
8.74175778696
5.08730153175
5.08730153175
5.08730161004
5.087301739
5.08730154467
5.08730093029
5.08730073871
5.08730107764
5.08729984317
5.08730069557
5.08730095802
5.08730110494
5.08730131324
5.08729966196
5.08730048954
5.0873013659
5.08730123292
5.08730149705
504.428327727
49.1461109082
6.92256747763
4.79699332225
4.79699332225
4.79699347936
4.79699365849
4.79699335122
4.79699267884
4.79699246405
4.79699283002
4.79699148594
4.79699241954
4.79699265615
4.79699287315
4.79699310321
4.79699133713
4.79699204096
4.79699306987
4.79699292055
4.79699326905
106.354619652
10.8693826089
4.72719317022
4.72719317022
4.72719333848
4.72719351365
4.72719320151
4.72719252285
4.72719231213
4.72719267749
4.72719135142
4.72719224875
4.72719251889
4.72719268966
4.72719297893
4.7271911084
4.72719195419
4.72719286838
4.727192727
4.72719310707
49.9566809561
6.10488184916
4.48990201866
4.48990201866
4.48990223219
4.48990242125
4.48990205927
4.48990138842
4.48990118639
4.48990154117
4.48990026378
4.48990111577
4.48990137982
4.48990155264
4.48990183657
4.48989999042
4.48990082299
4.48990178534
4.48990167403
4.4899019711
251.342926676
24.4666611991
4.67659818444
4.33559237992
4.33559237992
4.33559259811
4.33559273798
4.33559242184
4.33559168506
4.33559154466
4.33559184795
4.33559062725
4.33559152723
4.33559175999
4.33559180209
4.33559216629
4.33559050752
4.33559124966
4.33559212174
4.33559197901
4.3355923268
237.815413125
21.3018355947
3.67029009961
3.13322940214
3.13322940214
3.13322963452
3.1332297582
3.13322944772
3.13322889415
3.13322872221
3.1332290535
3.13322790713
3.13322874333
3.1332289554
3.13322903339
3.13322933449
3.1332279636
3.13322859043
3.13322916486
3.13322912768
3.133229355
64.7632734751
9.15742668459
2.36807392921
2.36807392921
2.36807420036
2.36807420321
2.36807398416
2.3680738089
2.36807376435
2.36807392612
2.36807348533
2.36807387961
2.368073959
2.36807397315
2.36807394138
2.36807385218
2.36807405845
2.36807389401
2.3680738696
2.36807392104
19.5338876013
3.37351472653
2.10222004778
2.10222004778
2.10222023739
2.10222024648
2.10222008753
2.10222023219
2.10222025216
2.1022202766
2.10222035989
2.10222041266
2.10222038455
2.1022203081
2.1022201673
2.10222090219
2.10222077098
2.10222012607
2.10222017912
2.1022200635
16.0868937842
2.52224559677
2.01858526148
2.01858526148
2.01858542376
2.01858539979
2.01858529465
2.01858549077
2.0185855633
2.01858554492
2.01858580604
2.01858572753
2.01858566728
2.01858559222
2.01858541257
2.0185863433
2.0185861103
2.01858536249
2.01858544792
2.01858528218
3.28404204984
1.4773484095
1.4773484095
1.47734827837
1.47734821021
1.47734838435
1.47734866789
1.47734874567
1.47734857617
1.47734915417
1.47734872304
1.4773486107
1.47734857188
1.4773484621
1.47734910183
1.47734876292
1.47734849419
1.4773485532
1.47734842558
4.36286094738
1.44371943805
1.44371943805
1.44371929885
1.44371926013
1.44371941056
1.44371959131
1.44371964504
1.44371951903
1.44371992468
1.44371960007
1.44371952358
1.44371950943
1.4437194613
1.44371979029
1.44371956749
1.44371950304
1.44371950763
1.44371945039
1.69311581848
1.3779285128
1.3779285128
1.37792849046
1.37792851584
1.37792850795
1.37792847871
1.37792847261
1.37792848515
1.3779284393
1.37792846395
1.37792847796
1.37792849183
1.37792849678
1.37792840634
1.37792845606
1.37792850961
1.37792849699
1.37792851111
1.34126610187
1.34000809032
1.34000809032
1.3400080816
1.34000809192
1.3400080887
1.34000806496
1.34000806102
1.34000806438
1.34000803998
1.34000805021
1.34000805421
1.34000806121
1.34000808327
1.34000800644
1.34000802089
1.34000807669
1.3400080729
1.34000808664
1.33933097673
1.3368205174
1.3368205174
1.33682051493
1.33682052307
1.33682051702
1.33682050756
1.33682050403
1.33682051196
1.33682049096
1.33682050499
1.33682051116
1.33682051719
1.33682051517
1.33682049509
1.3368205147
1.33682051555
1.33682051476
1.33682051602
1.33830049517
1.33710101632
1.33710101632
1.33710101209
1.33710101923
1.33710101564
1.33710101326
1.33710101315
1.33710101386
1.33710101386
1.33710101241
1.33710101333
1.33710101781
1.33710101484
1.33710101319
1.33710101683
1.33710101512
1.33710101509
1.33710101504
1.33773905476
1.3373846773
1.3373846773
1.33738467108
1.33738467741
1.33738467622
1.33738467709
1.33738467773
1.33738467689
1.33738468251
1.33738467713
1.33738467718
1.3373846804
1.33738467688
1.3373846824
1.33738468351
1.33738467741
1.3373846788
1.33738467631
1.33738019949
1.33738060338
1.33738060338
1.33738059687
1.3373806032
1.33738060225
1.33738060334
1.33738060385
1.33738060298
1.33738060874
1.33738060298
1.33738060293
1.3373806066
1.33738060298
1.3373806079
1.33738060863
1.33738060321
1.33738060459
1.33738060233
1.33736355591
1.33737278684
     fun: 1.4124667859204174
     jac: array([ 0.01008414,  0.01841961,  0.00199133, -0.00134437, -0.00742826,
        0.00384314, -0.02356233, -0.0009243 ,  0.00252406,  0.00718705,
        0.00583234,  0.0003835 ,  0.00642449, -0.00650978, -0.0038358 ,
       -0.00128375])
 message: 'Optimization terminated successfully.'
    nfev: 380
     nit: 19
    njev: 19
  status: 0
 success: True
       x: array([ 0.59739211, -0.52619231, -0.50526796, -0.16490251, -0.13821917,
        0.00066452,  0.09656962, -0.2146733 , -0.21502045,  0.07730273,
        0.46701725,  0.1189264 ,  0.10438668, -0.34842068,  0.25301305,
       -0.30236801])

========================================================

Final result:
0.597392109562
-0.52619231475
-0.505267964667
0.144689389952
0.144689389952
0.144689389952
-0.164902513477
-0.138219167306
0.000664523341276
0.0965696177474
0.0965696177474
-0.214673296543
-0.21502045251
0.0773027288151
0.467017250047
0.11892639742
0.11892639742
0.104386678225
0.104386678225
-0.451934459151
-0.348420675361
0.253013046614
-0.30236800786
0.132591878869
0.132591878869
0.132591878869
