ARG_methyl_charged.filelist
6.49108133395
6.49108133395
6.49108104075
6.49108095893
6.49108127708
6.49108145578
6.49108150814
6.4910812401
6.4910812314
6.4910812914
6.49108096572
6.49108124602
6.49108134046
6.49108042907
6.49108136132
6.49108137377
6.49108143083
6.49108138125
6.49108137646
6.49108137028
6.49108136869
14543.552971
1452.05839024
191.08459991
26.2119296311
6.45963476189
5.96254261346
5.96254261346
5.96254232208
5.96254226396
5.96254255711
5.96254324642
5.9625432902
5.96254302678
5.96254302707
5.96254298907
5.96254282808
5.9625433584
5.96254295405
5.96254292625
5.96254331839
5.96254288926
5.9625431724
5.96254281512
5.96254281958
5.96254271492
5.96254268635
20397.704657
2035.79978863
328.842104532
64.3796654837
12.064855176
4.07638460663
4.07638460663
4.07638447878
4.07638455053
4.07638458185
4.07638494744
4.0763848892
4.0763848636
4.07638491148
4.0763846966
4.0763848924
4.07638475138
4.0763845773
4.07638521583
4.07638452447
4.07638449948
4.07638430205
4.07638454442
4.07638451249
4.07638460119
4.07638462313
3099.39058067
308.281437281
44.4921073638
6.98195473909
3.63583938639
3.63583938639
3.6358394542
3.63583961216
3.63583939924
3.63583956636
3.63583942899
3.63583962922
3.63583972817
3.63583951287
3.63583969519
3.63583960384
3.63583944535
3.63584006571
3.63583948155
3.63583941929
3.63583943345
3.63583941999
3.63583938722
3.63583942631
3.63583943239
441.571749962
43.2361160984
5.62542953122
3.44416390548
3.44416390548
3.44416394459
3.44416402952
3.44416391242
3.44416403616
3.44416395543
3.44416411119
3.44416412239
3.44416404148
3.44416426857
3.44416418439
3.44416396534
3.44416475806
3.44416399827
3.44416393582
3.44416394332
3.44416393708
3.44416390539
3.44416394377
3.44416394986
243.888082777
23.8457648477
3.7657546649
3.33481250281
3.33481250281
3.33481258126
3.33481268392
3.33481251764
3.33481264204
3.33481255473
3.33481272499
3.33481275145
3.33481264551
3.33481287676
3.33481276757
3.33481259593
3.33481337553
3.33481272066
3.33481251222
3.33481245372
3.33481251727
3.33481248748
3.3348125307
3.33481253885
256.091417615
24.9496433824
3.70043881043
3.19446500937
3.19446500937
3.19446513247
3.19446523576
3.19446503338
3.19446515415
3.19446508209
3.19446524434
3.19446525635
3.19446518537
3.19446540021
3.194465397
3.19446508172
3.19446591849
3.19446512846
3.19446501946
3.19446500011
3.1944649973
3.19446494382
3.19446502126
3.19446503242
293.85425118
28.7381907817
3.69442897446
3.06588210762
3.06588210762
3.06588223701
3.0658823421
3.06588213323
3.06588227393
3.06588221025
3.06588234973
3.06588235703
3.06588225663
3.06588253269
3.06588239418
3.0658821836
3.0658831052
3.06588225174
3.06588213031
3.06588212665
3.065882115
3.06588208206
3.0658821237
3.06588212961
86.3347477615
8.58247718623
3.01027822538
3.01027822538
3.01027837567
3.01027847026
3.01027825467
3.01027836812
3.01027830729
3.01027846866
3.0102784848
3.0102783915
3.01027864872
3.01027857404
3.01027829561
3.01027921858
3.01027834372
3.01027823614
3.01027817308
3.0102782788
3.01027832342
3.01027825404
3.01027824856
131.429415702
12.7099583366
2.93944660604
2.89285014227
2.89285014227
2.89285028975
2.89285037551
2.89285017038
2.89285027123
2.89285020497
2.8928503918
2.89285042647
2.89285030704
2.89285057768
2.89285047741
2.89285021648
2.892851166
2.89285027393
2.89285015556
2.89285011846
2.89285016623
2.89285018795
2.89285015049
2.89285014743
4.04731623222
2.34715621031
2.34715621031
2.34715634146
2.34715634634
2.34715623508
2.34715618295
2.34715617827
2.34715628258
2.34715630793
2.34715626304
2.34715638776
2.34715632506
2.34715623012
2.34715665974
2.34715624432
2.3471562133
2.34715619362
2.34715622744
2.34715622963
2.34715622607
2.34715622858
21.7818004133
2.40673794852
2.0444971986
2.0444971986
2.04449727777
2.04449728386
2.04449721379
2.04449709469
2.04449708834
2.0444971527
2.04449715396
2.04449717782
2.04449719988
2.04449717105
2.04449718541
2.04449724694
2.04449717515
2.04449719636
2.04449719834
2.04449720381
2.04449721578
2.0444971981
2.04449719851
2.41703010338
2.05709526042
2.05709526042
2.05709526542
2.0570952512
2.05709526111
2.05709521357
2.05709522616
2.05709521396
2.05709521366
2.05709524245
2.05709519633
2.05709523233
2.05709525903
2.05709514556
2.05709526587
2.05709527206
2.05709529472
2.05709527149
2.05709527302
2.0570952656
2.05709526591
2.09534871962
2.0402606173
2.0402606173
2.04026060763
2.04026060167
2.0402606154
2.04026062564
2.04026062558
2.04026061281
2.04026061564
2.04026061974
2.0402605997
2.04026062516
2.0402606222
2.04026059648
2.0402606332
2.04026062462
2.04026063499
2.04026062434
2.04026062106
2.04026062274
2.04026062478
2.13757393079
2.03677418004
2.03677418004
2.03677416734
2.03677416902
2.03677417747
2.03677419703
2.03677419547
2.03677418478
2.03677418976
2.03677418549
2.03677417593
2.03677419263
2.03677418355
2.03677418777
2.03677419201
2.03677418328
2.03677418682
2.03677418428
2.03677417963
2.03677418497
2.03677418788
2.05140186944
2.04340302456
2.04340302456
2.04340301793
2.04340302274
2.04340302317
2.04340302386
2.04340301911
2.04340301659
2.04340302196
2.04340301997
2.04340301008
2.04340301781
2.04340301982
2.04340301345
2.04340301919
2.04340302253
2.04340302101
2.04340302611
2.0434030215
2.04340302872
2.04340303224
2.04290814708
2.04314807906
2.04314807906
2.04314807317
2.04314807829
2.04314807781
2.04314808424
2.04314807938
2.04314807745
2.04314808265
2.04314808033
2.04314807218
2.04314808432
2.04314807933
2.04314808395
2.04314808387
2.04314808092
2.04314808329
2.04314808341
2.04314807913
2.04314808442
2.04314808744
2.04344043031
2.04327475104
2.04327475104
2.04327474529
2.04327475037
2.04327474982
2.04327475714
2.04327475237
2.04327475038
2.0432747555
2.04327475304
2.04327474551
2.0432747578
2.04327475174
2.04327475892
2.04327475672
2.04327475303
2.04327475533
2.04327475548
2.04327475135
2.04327475639
2.04327475938
2.04277482965
2.04306049554
2.04306049554
2.04306048991
2.04306049499
2.04306049434
2.04306050114
2.04306049638
2.04306049447
2.04306049958
2.04306049708
2.04306048973
2.04306050137
2.04306049574
2.04306050296
2.0430605002
2.04306049706
2.04306049878
2.04306049967
2.04306049554
2.04306050075
2.04306050379
     fun: 2.2315491462965946
     jac: array([-0.00446311, -0.00549316, -0.0008418 ,  0.00364271,  0.0055511 ,
       -0.0001955 , -0.00236487, -0.00069374, -0.00112003, -0.00083607,
       -0.00199184, -0.00129056, -0.00388151, -0.00354731, -0.00923574,
       -0.00216281, -0.00201303, -0.00089189, -0.00097144])
 message: 'Optimization terminated successfully.'
    nfev: 440
     nit: 19
    njev: 19
  status: 0
 success: True
       x: array([ 0.58489454, -0.49866942, -0.49461383, -0.52888433,  0.29333363,
       -0.00291736,  0.07441255, -0.25839532,  0.72902724,  0.1088821 ,
       -0.22155807, -0.69112194,  0.13078845, -0.1603881 ,  0.16017263,
       -0.35832503,  0.36566457,  0.29247061, -0.55440569])

========================================================

Final result:
0.584894540617
-0.498669422067
-0.494613828247
0.136129569899
0.136129569899
0.136129569899
-0.528884329876
0.293333633129
-0.00291736088482
0.0744125523939
-0.258395324924
0.729027240108
0.108882104798
0.108882104798
-0.221558066209
-0.691121940596
0.13078844679
0.13078844679
-0.160388096989
0.160172631914
0.160172631914
-0.358325026076
0.365664572136
0.292470612342
-0.554405690607
-0.554405690607
0.366732122563
0.366732122563
0.366732122563
0.366732122563
-0.691121940596
