7.26580909299
7.26580909299
7.26580667896
7.26580791611
7.26580798998
7.26580807238
7.26580816307
7.265807779
7.26580722122
7.26580834135
7.26580763989
7.26580838486
7.26580850857
7.26580830999
7.26580855887
7.26580864912
7.26580855772
7.26580861305
7.26580885252
7.26580876639
7.26580843882
7.26580895574
7.26580891946
7.2658088189
7.26580926884
7.26580936915
7.26580912876
128336.470468
27607.3180275
5936.64374837
1274.46457457
271.489834055
55.8950818606
10.5521870284
4.77064318969
4.77064318969
4.77064331883
4.77064327682
4.77064325321
4.77064334716
4.77064337554
4.77064296712
4.77064364294
4.77064338167
4.77064279551
4.77064345002
4.77064330854
4.77064352403
4.77064341351
4.77064332979
4.77064323638
4.77064344314
4.77064327894
4.77064319667
4.7706432189
4.77064329542
4.77064321683
4.77064315653
4.77064347284
4.77064360637
4.77064324806
5779.80094097
1167.3706197
234.512924371
45.9555181352
8.48732794433
3.52617673052
3.52617673052
3.52617809361
3.52617743875
3.5261773555
3.52617743209
3.52617729251
3.52617722274
3.52617796695
3.5261770882
3.52617715538
3.52617699475
3.52617696534
3.52617705873
3.52617680104
3.526176804
3.52617699956
3.52617668183
3.52617670569
3.52617690292
3.52617711608
3.5261766017
3.5261767699
3.52617694502
3.52617684733
3.52617688553
3.52617675378
3816.3774738
617.086978564
99.1199097604
15.5234559768
3.53907061994
3.09550023912
3.09550023912
3.09550198244
3.09550114756
3.09550108871
3.09550114737
3.09550098395
3.09550105646
3.0955017925
3.09550080447
3.09550105849
3.0955007987
3.09550062281
3.09550091788
3.09550061903
3.09550052027
3.09550056411
3.09550057491
3.09550037384
3.09550041978
3.09550065039
3.09550031743
3.09550032924
3.09550039444
3.09550022269
3.09550019116
3.09550023387
579.853649858
66.1708182182
7.72560410543
2.98955326371
2.98955326371
2.98955520502
2.98955425639
2.98955418597
2.98955420725
2.98955410456
2.98955417059
2.98955502429
2.98955392627
2.98955419959
2.98955387649
2.98955378103
2.98955395084
2.98955370861
2.98955363428
2.9895537804
2.98955365239
2.98955345384
2.98955360616
2.98955392251
2.98955335348
2.98955342214
2.98955361771
2.98955324062
2.98955319304
2.98955325718
551.57482838
54.776715454
5.81224559322
2.9512152489
2.9512152489
2.9512174433
2.95121634425
2.9512161986
2.95121620046
2.95121607539
2.95121616821
2.95121694285
2.95121590801
2.95121619787
2.9512158759
2.95121575827
2.95121595544
2.95121571871
2.95121563232
2.95121573666
2.95121567586
2.95121545641
2.95121556382
2.9512158617
2.95121537329
2.95121540482
2.95121555709
2.95121525512
2.95121521255
2.95121524871
308.144361682
33.3434407667
4.29876711341
2.83563941258
2.83563941258
2.83564172014
2.83564055513
2.8356404216
2.83564037007
2.8356403409
2.83564043567
2.835641365
2.83564014327
2.83564051206
2.83564009447
2.83563996965
2.83564017638
2.83563990911
2.83563982475
2.83563993395
2.83563984376
2.83563963404
2.83563973384
2.83564006689
2.83563954162
2.83563957592
2.83563970288
2.83563941762
2.83563935509
2.83563941283
178.940882357
17.6459317084
3.0653284323
2.78765593742
2.78765593742
2.78765828057
2.78765711015
2.78765699422
2.78765697285
2.78765687982
2.787657019
2.78765788824
2.78765668865
2.78765708892
2.78765664279
2.78765651431
2.78765672858
2.78765645179
2.78765636435
2.78765647928
2.78765638213
2.78765616352
2.78765627569
2.78765661285
2.78765605853
2.78765610825
2.78765624556
2.78765596101
2.78765591679
2.78765594215
54.6334509913
5.59890277619
2.72580581497
2.72580581497
2.7258081872
2.72580699194
2.7258068647
2.72580681403
2.72580675982
2.72580690984
2.7258077651
2.72580658065
2.72580695355
2.72580654791
2.72580639723
2.72580665339
2.72580633557
2.72580623732
2.72580635834
2.72580625426
2.72580601746
2.72580615978
2.72580648314
2.7258058791
2.72580598185
2.72580613597
2.72580579083
2.72580576158
2.72580580997
90.2192708672
8.91643668709
2.71152657163
2.66635795797
2.66635795797
2.6663603164
2.66635913158
2.66635901437
2.66635897026
2.66635890134
2.66635906887
2.66635990401
2.66635871817
2.66635908545
2.66635866916
2.66635854557
2.66635874714
2.66635847455
2.66635839031
2.66635850339
2.66635839282
2.66635817993
2.6663582944
2.66635862902
2.66635805463
2.66635812975
2.66635824876
2.66635791594
2.66635790597
2.66635794959
21.2726528076
3.57633429224
2.40631811182
2.40631811182
2.4063201016
2.40631907934
2.40631899742
2.40631894627
2.40631889054
2.40631908813
2.40631972572
2.40631871883
2.40631912203
2.40631868375
2.40631857408
2.40631874976
2.40631854084
2.40631844795
2.40631855552
2.4063185172
2.40631827276
2.40631838904
2.40631868298
2.40631817744
2.40631823915
2.4063183807
2.40631804631
2.40631803549
2.40631809895
47.5817684249
7.26457045797
2.22928724779
2.22928724779
2.22928819212
2.22928766282
2.22928765495
2.22928763445
2.22928758351
2.22928775011
2.22928791164
2.22928752053
2.22928784453
2.22928749089
2.22928746811
2.229287506
2.22928741789
2.22928740436
2.22928745871
2.22928736612
2.22928732847
2.22928738287
2.22928750148
2.22928726855
2.22928731794
2.22928736103
2.22928714927
2.22928708557
2.22928722649
11.3774986086
2.3702704227
1.99944427713
1.99944427713
1.99944437349
1.99944428719
1.99944431041
1.99944427228
1.99944426252
1.99944444147
1.99944421187
1.99944426198
1.99944450703
1.99944424978
1.99944427352
1.99944424487
1.99944424376
1.99944426857
1.99944428884
1.99944421607
1.99944428317
1.99944429719
1.99944428843
1.99944428712
1.99944428852
1.99944430616
1.99944414716
1.99944410264
1.99944425016
28.1287281494
3.90110110671
1.86804364091
1.86804364091
1.86804294708
1.86804327887
1.86804332413
1.86804329279
1.86804330593
1.86804344523
1.86804290662
1.86804337423
1.86804352339
1.86804336926
1.86804345331
1.86804331051
1.86804344318
1.86804349488
1.86804347915
1.86804344893
1.86804356544
1.86804354613
1.8680434361
1.86804358631
1.86804359316
1.86804355024
1.86804351686
1.86804344427
1.86804361465
2.13778954643
1.65704590941
1.65704590941
1.65704519222
1.65704555085
1.65704558689
1.65704558693
1.65704562106
1.65704559897
1.65704529869
1.65704569595
1.65704561348
1.65704572352
1.6570457511
1.65704569704
1.65704579352
1.65704580872
1.65704575246
1.65704582477
1.65704586813
1.65704580421
1.65704570995
1.65704591089
1.65704586552
1.65704579299
1.65704588922
1.65704589563
1.65704590466
9.5872665379
1.78544956543
1.63693236448
1.63693236448
1.63693169249
1.63693203026
1.63693206351
1.63693206667
1.63693210175
1.63693206407
1.6369318111
1.636932173
1.63693206849
1.63693220032
1.63693222199
1.63693217105
1.6369322681
1.63693228034
1.63693221523
1.63693229869
1.63693233201
1.63693226997
1.63693216172
1.63693236832
1.63693232796
1.63693226241
1.6369323584
1.63693237129
1.63693236273
3.58259006211
1.59406044872
1.59406044872
1.59406019872
1.59406032753
1.59406033945
1.59406035206
1.59406037165
1.5940603048
1.59406029747
1.59406040068
1.59406026868
1.59406042217
1.59406040894
1.59406042361
1.59406044423
1.59406043449
1.5940603975
1.59406046417
1.59406044885
1.59406041013
1.59406037802
1.59406047012
1.59406043648
1.59406039948
1.59406049671
1.59406051531
1.59406045871
1.61343970265
1.56155315576
1.56155315576
1.56155318199
1.56155317458
1.56155316739
1.5615531737
1.56155316431
1.56155315776
1.56155318263
1.56155315103
1.56155314677
1.56155314117
1.56155314931
1.56155314196
1.56155313229
1.56155313843
1.56155315987
1.56155312382
1.56155314025
1.56155316007
1.56155316904
1.56155313504
1.56155315144
1.56155316857
1.5615531677
1.56155317071
1.56155315797
1.56209529017
1.55342224317
1.55342224317
1.55342232247
1.55342228414
1.55342227849
1.55342227935
1.55342227561
1.55342227786
1.55342231152
1.55342226931
1.55342227658
1.55342226731
1.55342226155
1.55342226951
1.5534222599
1.55342225556
1.55342226069
1.55342225661
1.55342224841
1.5534222533
1.5534222666
1.55342224653
1.55342224649
1.55342225553
1.55342224464
1.5534222439
1.55342224317
1.6566677392
1.54933635935
1.54933635935
1.54933644553
1.54933640121
1.54933639773
1.54933639599
1.54933639608
1.54933640102
1.54933643376
1.54933639394
1.54933640423
1.54933639756
1.54933638614
1.54933640305
1.54933639349
1.54933638495
1.54933638025
1.54933639589
1.54933637602
1.54933637144
1.54933638141
1.54933637444
1.54933636819
1.54933636635
1.54933635633
1.54933635459
1.54933635843
1.54590718158
1.54590718158
1.54590712849
1.5459071535
1.54590715621
1.54590715676
1.545907157
1.54590715866
1.54590713132
1.54590715977
1.54590716025
1.54590715718
1.54590716514
1.54590715285
1.54590716108
1.54590716679
1.54590716865
1.54590715835
1.54590717265
1.54590717426
1.54590716707
1.5459071718
1.54590717679
1.54590717706
1.54590717953
1.54590718042
1.54590718096
1.54447176748
1.54447176748
1.54447169947
1.54447173416
1.54447173683
1.54447173857
1.54447173672
1.54447173744
1.54447170465
1.54447173878
1.54447173751
1.54447173329
1.54447174509
1.54447172871
1.54447173613
1.54447174423
1.54447175111
1.54447173423
1.54447175242
1.5444717583
1.54447174877
1.54447175361
1.54447175997
1.54447176243
1.54447176615
1.54447176665
1.54447176706
1.54193074575
1.54193074575
1.5419307464
1.54193074777
1.54193074771
1.54193074677
1.54193074835
1.5419307476
1.54193074965
1.54193075145
1.5419307478
1.5419307556
1.54193074989
1.54193075788
1.54193075798
1.54193075359
1.54193074647
1.54193076222
1.54193075261
1.54193074538
1.54193074502
1.54193075534
1.54193074762
1.54193074321
1.54193074441
1.54193074253
1.54193074537
1.54082787637
1.54082787637
1.54082789832
1.54082788666
1.54082788563
1.5408278851
1.54082788545
1.54082788452
1.54082789604
1.54082788391
1.54082788387
1.54082788317
1.54082788199
1.54082788407
1.54082788137
1.54082788039
1.5408278817
1.54082788026
1.5408278783
1.5408278796
1.54082788311
1.54082787657
1.54082787792
1.54082787912
1.54082787849
1.54082787934
1.54082787677
1.54011849788
1.54011849788
1.54011849796
1.5401184975
1.54011849802
1.54011849844
1.5401184974
1.54011849789
1.54011849727
1.54011849685
1.54011849786
1.54011849581
1.54011849681
1.54011849563
1.54011849555
1.54011849617
1.54011849756
1.54011849453
1.54011849652
1.54011849784
1.54011849785
1.54011849601
1.54011849742
1.54011849826
1.54011849786
1.54011849813
1.54011849783
1.53872038281
1.53872038281
1.53872036201
1.5387203722
1.5387203729
1.53872037264
1.53872037285
1.53872037364
1.53872036255
1.53872037347
1.53872037427
1.53872037168
1.53872037587
1.53872036986
1.53872037288
1.53872037559
1.53872037805
1.53872037146
1.53872037809
1.53872038052
1.53872037741
1.53872037822
1.5387203807
1.53872038186
1.538720382
1.5387203821
1.53872038268
1.53795508464
1.53795508464
1.53795507046
1.53795507786
1.53795507932
1.53795508042
1.53795507861
1.53795507996
1.53795507175
1.53795507909
1.53795508026
1.53795507903
1.53795508008
1.5379550786
1.53795508011
1.53795508072
1.53795508047
1.53795508021
1.53795508227
1.53795508207
1.53795507962
1.53795508329
1.53795508309
1.53795508244
1.53795508286
1.5379550826
1.53795508433
1.53756288303
1.53756288303
1.53756287729
1.53756288012
1.53756288005
1.53756287983
1.53756288036
1.53756288012
1.53756287753
1.53756288082
1.53756288043
1.53756288053
1.53756288168
1.53756288004
1.5375628812
1.53756288176
1.53756288216
1.53756288105
1.53756288239
1.53756288281
1.53756288204
1.53756288267
1.53756288282
1.53756288321
1.53756288285
1.53756288262
1.53756288308
1.53740540325
1.53740540325
1.53740540641
1.53740540499
1.5374054049
1.53740540491
1.53740540482
1.53740540512
1.53740540635
1.53740540471
1.53740540499
1.53740540506
1.53740540419
1.53740540557
1.53740540486
1.53740540423
1.53740540353
1.53740540501
1.53740540385
1.5374054032
1.53740540351
1.53740540388
1.53740540345
1.5374054028
1.53740540318
1.53740540326
1.53740540332
1.53727073282
1.53727073282
1.53727073884
1.53727073577
1.53727073543
1.53727073551
1.53727073559
1.53727073501
1.53727073859
1.53727073535
1.53727073476
1.53727073546
1.53727073488
1.53727073577
1.53727073523
1.53727073464
1.53727073455
1.53727073543
1.53727073397
1.53727073388
1.53727073502
1.5372707337
1.53727073351
1.53727073373
1.53727073334
1.53727073344
1.53727073298
1.53714810424
1.53714810424
1.53714811001
1.53714810707
1.53714810673
1.5371481066
1.53714810677
1.53714810666
1.53714810953
1.53714810643
1.53714810655
1.53714810657
1.53714810574
1.53714810706
1.537148106
1.53714810554
1.53714810523
1.53714810592
1.537148105
1.53714810466
1.53714810541
1.53714810471
1.53714810461
1.53714810429
1.53714810467
1.53714810478
1.53714810435
1.53710137874
1.53710137874
1.53710137978
1.53710137926
1.53710137926
1.53710137934
1.53710137927
1.53710137917
1.5371013798
1.53710137919
1.53710137898
1.5371013791
1.53710137917
1.53710137905
1.53710137908
1.53710137904
1.53710137927
1.53710137913
1.5371013789
1.53710137915
1.53710137948
1.53710137872
1.53710137888
1.53710137923
1.53710137884
1.53710137898
1.53710137876
1.53709103281
1.53709103281
1.53709103269
1.5370910327
1.53709103264
1.5370910326
1.5370910327
1.53709103261
1.53709103258
1.53709103267
1.53709103273
1.53709103269
1.53709103266
1.5370910327
1.53709103268
1.5370910327
1.53709103262
1.53709103265
1.53709103278
1.53709103267
1.53709103256
1.53709103283
1.53709103273
1.53709103261
1.53709103285
1.53709103276
1.53709103282
1.53708389365
1.53708389365
1.53708389253
1.53708389313
1.53708389321
1.53708389322
1.5370838932
1.53708389329
1.53708389266
1.53708389325
1.53708389332
1.53708389325
1.53708389334
1.53708389322
1.5370838933
1.53708389338
1.53708389338
1.53708389326
1.5370838935
1.53708389351
1.5370838933
1.53708389353
1.53708389354
1.53708389352
1.53708389353
1.53708389352
1.53708389362
1.53706899997
1.53706899997
1.53706899828
1.53706899917
1.53706899926
1.53706899924
1.53706899922
1.53706899939
1.53706899835
1.53706899931
1.53706899942
1.53706899934
1.53706899948
1.53706899925
1.5370689995
1.53706899957
1.53706899953
1.53706899954
1.53706899976
1.53706899973
1.53706899943
1.53706899988
1.53706899981
1.53706899976
1.53706899977
1.53706899975
1.53706899993
1.53705423699
1.53705423699
1.53705423558
1.53705423638
1.53705423656
1.53705423663
1.53705423652
1.53705423666
1.53705423597
1.53705423663
1.53705423664
1.53705423664
1.53705423677
1.53705423659
1.5370542367
1.53705423676
1.53705423682
1.53705423667
1.53705423685
1.53705423695
1.53705423677
1.53705423685
1.53705423693
1.53705423701
1.53705423682
1.53705423684
1.53705423695
1.53704523078
1.53704523078
1.53704523058
1.53704523068
1.53704523065
1.53704523062
1.53704523059
1.53704523069
1.53704523038
1.53704523062
1.53704523066
1.53704523065
1.53704523068
1.53704523061
1.53704523072
1.5370452307
1.53704523065
1.53704523078
1.53704523076
1.5370452307
1.53704523065
1.53704523082
1.53704523074
1.53704523071
1.53704523072
1.53704523075
1.53704523076
1.53703706508
1.53703706508
1.53703706562
1.53703706535
1.53703706537
1.53703706537
1.5370370654
1.53703706532
1.53703706582
1.53703706536
1.53703706533
1.53703706535
1.53703706532
1.53703706538
1.53703706527
1.53703706523
1.53703706528
1.53703706525
1.53703706516
1.53703706522
1.53703706536
1.53703706509
1.53703706515
1.53703706521
1.53703706515
1.53703706514
1.53703706508
1.53702388459
1.53702388459
1.53702388644
1.53702388543
1.53702388524
1.53702388522
1.53702388522
1.53702388508
1.53702388596
1.53702388514
1.53702388505
1.53702388515
1.537023885
1.53702388522
1.53702388502
1.53702388493
1.53702388489
1.53702388502
1.5370238848
1.53702388474
1.53702388498
1.53702388474
1.5370238847
1.53702388467
1.53702388482
1.53702388484
1.53702388462
1.53700275369
1.53700275369
1.53700275571
1.53700275462
1.53700275455
1.53700275449
1.53700275469
1.5370027544
1.53700275602
1.53700275452
1.53700275449
1.53700275446
1.53700275429
1.53700275455
1.53700275423
1.53700275414
1.53700275421
1.53700275418
1.53700275393
1.53700275398
1.53700275439
1.53700275378
1.53700275385
1.53700275393
1.53700275396
1.5370027539
1.53700275373
1.53698174795
1.53698174795
1.5369817501
1.53698174892
1.53698174863
1.53698174865
1.53698174854
1.53698174839
1.53698174916
1.53698174851
1.53698174833
1.53698174853
1.53698174833
1.53698174862
1.53698174838
1.53698174831
1.53698174821
1.53698174837
1.53698174817
1.53698174808
1.53698174826
1.53698174809
1.53698174805
1.53698174796
1.53698174825
1.53698174829
1.53698174801
1.53696787218
1.53696787218
1.53696787229
1.53696787223
1.53696787232
1.53696787226
1.53696787245
1.53696787236
1.53696787295
1.53696787238
1.53696787244
1.53696787231
1.53696787231
1.53696787231
1.53696787224
1.53696787226
1.53696787232
1.53696787223
1.53696787221
1.53696787227
1.53696787241
1.53696787219
1.5369678722
1.53696787226
1.53696787217
1.53696787212
1.53696787219
1.5369588975
1.5369588975
1.53695889698
1.53695889726
1.53695889725
1.53695889729
1.53695889716
1.53695889726
1.53695889672
1.53695889725
1.53695889725
1.53695889728
1.5369588973
1.53695889727
1.53695889733
1.53695889737
1.53695889732
1.53695889736
1.53695889741
1.53695889742
1.53695889726
1.53695889744
1.53695889744
1.53695889743
1.53695889746
1.53695889748
1.5369588975
1.53695053109
1.53695053109
1.53695052987
1.53695053054
1.53695053063
1.53695053064
1.53695053059
1.53695053073
1.53695053002
1.53695053068
1.5369505307
1.53695053068
1.53695053079
1.53695053061
1.53695053079
1.53695053087
1.53695053084
1.5369505308
1.53695053097
1.53695053097
1.53695053078
1.53695053104
1.53695053101
1.53695053098
1.53695053091
1.53695053093
1.53695053107
1.53694362098
1.53694362098
1.53694362003
1.53694362055
1.5369436206
1.53694362064
1.53694362052
1.53694362068
1.53694361994
1.53694362062
1.53694362068
1.53694362066
1.53694362071
1.53694362064
1.53694362075
1.53694362077
1.53694362076
1.53694362079
1.53694362085
1.53694362088
1.53694362069
1.53694362089
1.5369436209
1.53694362094
1.53694362089
1.5369436209
1.53694362097
1.53694133581
1.53694133581
1.53694133548
1.53694133566
1.53694133569
1.53694133568
1.5369413357
1.53694133572
1.53694133559
1.53694133572
1.53694133568
1.5369413357
1.53694133576
1.53694133565
1.53694133573
1.53694133577
1.53694133576
1.53694133572
1.5369413358
1.53694133577
1.53694133574
1.53694133582
1.5369413358
1.53694133575
1.53694133573
1.53694133574
1.5369413358
     fun: 1.536941335811479
     jac: array([-0.022146  , -0.00994684, -0.00811002, -0.00861056, -0.00740239,
       -0.00646637, -0.01480497, -0.00639528, -0.00882357, -0.00758877,
       -0.00376375, -0.01060155, -0.00532125, -0.00303607, -0.00328523,
       -0.00621048, -0.00059521, -0.00254221, -0.00478169,  0.00088951,
       -0.00076528, -0.00379461, -0.00541888, -0.0046128 , -0.00089452])
 message: 'Optimization terminated successfully.'
    nfev: 1291
     nit: 46
    njev: 46
  status: 0
 success: True
       x: array([ 0.30866971, -0.81658514,  0.23926781,  0.01261127, -0.00586225,
        0.40842028,  0.0271526 , -0.2464655 , -0.44961768,  0.0281084 ,
        0.16254436,  0.14916308, -0.66964194,  0.39143156, -0.14028104,
        0.42696313, -0.40211535, -0.3489422 ,  0.13825805,  0.18360283,
       -0.05697015,  0.18551105, -0.40972611,  0.26708656, -0.13150456])

========================================================

Final result:
0.308669705467
-0.816585140635
0.308669705467
0.239267807572
0.0126112709475
-0.00586224818192
0.408420278384
0.0271525975017
0.0271525975017
-0.246465496737
-0.44961767724
0.0281084032292
0.162544359761
0.149163084791
-0.66964193755
0.391431562901
-0.140281038637
0.426963131516
-0.40211535255
-0.348942198954
0.138258052921
0.183602830733
-0.0569701530369
0.185511053101
0.138954801726
-0.40972610861
0.267086558199
-0.131504561312
0.0913813705741
0.0913813705741
0.0913813705741
