0.00013368577149699675
0.00013368577149699675
0.0001336857623610794
0.000133685759772268
0.0001336857697180154
0.00013368578231686722
0.00013368578456649159
0.00013368577612172362
0.00013368577448953973
0.00013368577430708224
0.00013368577404898534
0.00013368577689556533
0.0001336857726628312
0.00013368577612733265
0.00013368577350950518
0.0001336857719360817
0.00013097417266721382
0.00013097417266721382
0.0001309741636144717
0.00013097416107408512
0.00013097417090332124
0.0001309741831137525
0.000130974185305579
0.00013097417700428323
0.0001309741754246843
0.00013097417526200942
0.00013097417488351824
0.00013097417760568137
0.00013097417373369386
0.00013097417659463525
0.00013097417454241563
0.0001309741730665144
0.00011913878964458926
0.00011913878964458926
0.00011913878100240244
0.00011913877870148059
0.00011913878795544656
0.00011913879833834931
0.00011913880024938664
0.00011913879264404428
0.00011913879131601308
0.00011913879123603424
0.00011913879031032574
0.00011913879243897293
0.0001191387902457087
0.00011913879032965596
0.00011913879087274773
0.00011913878985746583
9.122269750712686e-05
9.122269750712686e-05
9.12226906570722e-05
9.122268940338834e-05
9.122269614554528e-05
9.122269896901761e-05
9.122269967545549e-05
9.122269505092652e-05
9.122269478368439e-05
9.122269499529737e-05
9.122269189985055e-05
9.122269153424145e-05
9.122269619368181e-05
9.122268509717218e-05
9.122269605401369e-05
9.122269695263562e-05
8.777643741029242e-05
8.777643741029242e-05
8.777643113211214e-05
8.777643021474044e-05
8.777643615471363e-05
8.777643705205138e-05
8.777643739875511e-05
8.777643365879717e-05
8.777643368650504e-05
8.777643391079413e-05
8.77764303772891e-05
8.77764293286543e-05
8.777643562183543e-05
8.777642205204476e-05
8.777643526822193e-05
8.777643666493691e-05
8.286997809242228e-05
8.286997809242228e-05
8.286997251334668e-05
8.286997201004878e-05
8.28699769686263e-05
8.286997623229635e-05
8.286997617605978e-05
8.286997341831886e-05
8.286997374176307e-05
8.286997386294883e-05
8.286997017054565e-05
8.286996845559147e-05
8.286997592507239e-05
8.286996095408762e-05
8.286997535557014e-05
8.286997719392433e-05
7.06838239177934e-05
7.06838239177934e-05
7.068381992873029e-05
7.068382037226449e-05
7.068382309800268e-05
7.068382004727881e-05
7.068381914688758e-05
7.068381842940532e-05
7.068381929880333e-05
7.068381895669365e-05
7.068381563320918e-05
7.068381273392645e-05
7.06838212813853e-05
7.068380627378697e-05
7.06838203098804e-05
7.068382282705599e-05
5.5397572383149726e-05
5.5397572383149726e-05
5.539757025226771e-05
5.539757180814144e-05
5.5397571924648365e-05
5.539756812469912e-05
5.5397566340077115e-05
5.5397567734743324e-05
5.539756906407392e-05
5.539756786459647e-05
5.5397565988285494e-05
5.539756217379129e-05
5.539756974764787e-05
5.5397559088598854e-05
5.53975684311321e-05
5.539757128602784e-05
4.4069935831096434e-05
4.4069935831096434e-05
4.406993483845899e-05
4.406993708043726e-05
4.4069935601235863e-05
4.4069933708303824e-05
4.406993150838906e-05
4.406993386399591e-05
4.406993525716543e-05
4.4069933156385816e-05
4.406993339003068e-05
4.40699295943509e-05
4.406993386234173e-05
4.4069931170634145e-05
4.4069932486517934e-05
4.406993499500891e-05
4.096835284631519e-05
4.096835284631519e-05
4.096835173454622e-05
4.096835390642431e-05
4.096835260037904e-05
4.0968353016609087e-05
4.0968350997837936e-05
4.096835289485475e-05
4.096835404683249e-05
4.096835165036193e-05
4.096835295216319e-05
4.0968349786324056e-05
4.096835151685984e-05
4.0968353601411536e-05
4.0968350309962046e-05
4.0968352265066866e-05
4.057861152708829e-05
4.057861152708829e-05
4.057861013070415e-05
4.057861212774939e-05
4.0578611228129115e-05
4.057861245944537e-05
4.0578610620065955e-05
4.0578612086089147e-05
4.05786130969886e-05
4.05786107360683e-05
4.0578612163629185e-05
4.0578609340256844e-05
4.057861039944395e-05
4.0578613363834e-05
4.057860929308551e-05
4.0578611027411356e-05
4.043026540477934e-05
4.043026540477934e-05
4.0430263885440765e-05
4.043026580123148e-05
4.043026508264589e-05
4.0430266535644464e-05
4.0430264772912184e-05
4.0430266062745977e-05
4.043026701898784e-05
4.043026470866283e-05
4.043026610939146e-05
4.0430263430645046e-05
4.043026433203324e-05
4.0430267361792195e-05
4.043026326326651e-05
4.0430264927761306e-05
3.996093016307982e-05
3.996093016307982e-05
3.9960928403776265e-05
3.9960930142081226e-05
3.9960929796111025e-05
3.9960931657158644e-05
3.9960930063796585e-05
3.996093098441494e-05
3.996093181649739e-05
3.9960929658826893e-05
3.996093094724419e-05
3.996092864329729e-05
3.9960929205889964e-05
3.9960932231119e-05
3.996092821773198e-05
3.996092973452737e-05
3.897145725985986e-05
3.897145725985986e-05
3.897145523329932e-05
3.8971456725957384e-05
3.8971456844197444e-05
3.897145917456293e-05
3.897145782432742e-05
3.8971458258272275e-05
3.897145890040865e-05
3.8971457037602036e-05
3.897145808858721e-05
3.897145645614401e-05
3.897145647463883e-05
3.89714593323946e-05
3.8971455599834494e-05
3.897145690477945e-05
3.684376116731676e-05
3.684376116731676e-05
3.6843758922496515e-05
3.684376007452206e-05
3.684376071557012e-05
3.684376349121509e-05
3.684376249959865e-05
3.6843762313121644e-05
3.684376264756335e-05
3.684376138686449e-05
3.6843761926088864e-05
3.684376158708182e-05
3.684376065418309e-05
3.684376294325411e-05
3.6843759942382046e-05
3.684376093127462e-05
3.374923911261779e-05
3.374923911261779e-05
3.3749237020974873e-05
3.374923791570573e-05
3.374923869926458e-05
3.37492413861764e-05
3.374924071047383e-05
3.3749240168359916e-05
3.3749240177470216e-05
3.3749239773890045e-05
3.374923954862997e-05
3.3749240941206756e-05
3.374923887649647e-05
3.374924004364486e-05
3.3749238301100944e-05
3.374923900284019e-05
3.121515643414493e-05
3.121515643414493e-05
3.1215155003947745e-05
3.121515596833713e-05
3.12151561555017e-05
3.1215157927614364e-05
3.121515726588537e-05
3.121515706954936e-05
3.121515696121777e-05
3.12151572138093e-05
3.1215156362570154e-05
3.121515894921232e-05
3.121515628154264e-05
3.121515622580127e-05
3.121515570022991e-05
3.121515637075094e-05
3.036344259786313e-05
3.036344259786313e-05
3.036344176636444e-05
3.0363442998252533e-05
3.0363442435778898e-05
3.036344328779145e-05
3.036344240481416e-05
3.036344284703118e-05
3.036344285517721e-05
3.0363443173127065e-05
3.0363442221498394e-05
3.0363444793338877e-05
3.036344232865855e-05
3.036344179633772e-05
3.0363441641381893e-05
3.0363442490301345e-05
3.0233829889551793e-05
3.0233829889551793e-05
3.023382924145951e-05
3.023383061062756e-05
3.0233829761732655e-05
3.0233830306794887e-05
3.0233829292601712e-05
3.023383001829203e-05
3.0233830122242318e-05
3.0233830315506072e-05
3.0233829463065866e-05
3.0233831724027666e-05
3.0233829533174075e-05
3.0233829029233002e-05
3.0233828789298824e-05
3.0233829745421402e-05
3.0183561212872875e-05
3.0183561212872875e-05
3.0183560606838402e-05
3.0183562022224575e-05
3.0183561092543544e-05
3.0183561560298112e-05
3.0183560498935834e-05
3.0183561312683585e-05
3.0183561454386132e-05
3.0183561578280923e-05
3.0183560788278264e-05
3.018356288306495e-05
3.01835608235587e-05
3.0183560377654055e-05
3.0183560064453855e-05
3.0183561054594557e-05
3.003853318322228e-05
3.003853318322228e-05
3.0038532644743287e-05
3.003853413949479e-05
3.003853307484543e-05
3.0038533415280153e-05
3.0038532271646785e-05
3.0038533233794535e-05
3.003853344092616e-05
3.003853343234078e-05
3.0038532772047602e-05
3.003853452607723e-05
3.003853273881867e-05
3.0038532419675902e-05
3.0038531967287365e-05
3.003853300135876e-05
2.9715023312451984e-05
2.9715023312451984e-05
2.9715022862010085e-05
2.9715024454302762e-05
2.9715023219933882e-05
2.9715023395203874e-05
2.971502214964139e-05
2.9715023293091542e-05
2.9715023577288792e-05
2.971502339363343e-05
2.9715022928999265e-05
2.9715024165771027e-05
2.9715022807720108e-05
2.971502267569327e-05
2.9715022055744346e-05
2.9715023105260275e-05
2.896778455991478e-05
2.896778455991478e-05
2.896778422400002e-05
2.8967785922158173e-05
2.8967784488904002e-05
2.8967784453958293e-05
2.8967783096157614e-05
2.896778443510137e-05
2.8967784792136752e-05
2.8967784390178958e-05
2.896778423396693e-05
2.8967784644214408e-05
2.8967784011495034e-05
2.8967784160006503e-05
2.896778337875093e-05
2.8967784336053356e-05
2.766491384230366e-05
2.766491384230366e-05
2.7664913586807565e-05
2.7664915305098873e-05
2.766491378862758e-05
2.7664913618427058e-05
2.766491223457979e-05
2.7664913607347593e-05
2.76649139452877e-05
2.7664913417838455e-05
2.7664913609058867e-05
2.766491306405129e-05
2.766491335159893e-05
2.7664913784836513e-05
2.7664913037548295e-05
2.766491364806524e-05
2.6212902747374818e-05
2.6212902747374818e-05
2.6212902433969148e-05
2.621290396904348e-05
2.6212902688154937e-05
2.6212902653907887e-05
2.621290145310654e-05
2.6212902479791957e-05
2.6212902613108512e-05
2.6212902263349184e-05
2.6212902609408364e-05
2.6212901591579757e-05
2.6212902489678566e-05
2.621290298889772e-05
2.6212902675202752e-05
2.6212902660172475e-05
2.5474551705233104e-05
2.5474551705233104e-05
2.5474551218419837e-05
2.547455246973005e-05
2.5474551618509192e-05
2.547455193088882e-05
2.5474551020283706e-05
2.5474551516002996e-05
2.5474551379732857e-05
2.547455142520392e-05
2.5474551597725246e-05
2.5474550990004328e-05
2.5474551713655986e-05
2.5474551984022252e-05
2.5474552248766208e-05
2.547455173675078e-05
2.5334987391501185e-05
2.5334987391501185e-05
2.5334986798131176e-05
2.5334987911234977e-05
2.5334987286375383e-05
2.5334987803545478e-05
2.53349870360214e-05
2.533498727483245e-05
2.533498702018236e-05
2.5334987289989876e-05
2.533498726740616e-05
2.5334987165168645e-05
2.5334987503799925e-05
2.5334987574362374e-05
2.533498809504416e-05
2.5334987468076714e-05
2.5319316192434953e-05
2.5319316192434953e-05
2.531931557707627e-05
2.5319316668539067e-05
2.5319316083211182e-05
2.531931664113994e-05
2.531931589640456e-05
2.531931609584269e-05
2.5319315826281275e-05
2.5319316139029823e-05
2.5319316057592654e-05
2.5319316112901866e-05
2.5319316313940233e-05
2.5319316330886825e-05
2.531931688395421e-05
2.5319316272583876e-05
2.5306223610947336e-05
2.5306223610947336e-05
2.530622298579457e-05
2.5306224068650974e-05
2.5306223499827418e-05
2.530622407578798e-05
2.530622334013385e-05
2.530622352484512e-05
2.5306223250964347e-05
2.530622358262521e-05
2.5306223469183098e-05
2.5306223611197424e-05
2.5306223733214875e-05
2.5306223722504082e-05
2.5306224284370103e-05
2.5306223691115525e-05
2.5262385457671667e-05
2.5262385457671667e-05
2.526238481395792e-05
2.526238587847868e-05
2.52623853429548e-05
2.526238595389936e-05
2.5262385237232525e-05
2.5262385392746114e-05
2.5262385111077058e-05
2.5262385480598637e-05
2.526238530124006e-05
2.5262385622461578e-05
2.5262385579606868e-05
2.5262385513265475e-05
2.526238608866245e-05
2.5262385537010174e-05
2.5158288640600996e-05
2.5158288640600996e-05
2.515828797275154e-05
2.5158289006690455e-05
2.5158288521265228e-05
2.515828918012593e-05
2.5158288494219693e-05
2.5158288605398916e-05
2.515828831248996e-05
2.5158288737173208e-05
2.5158288462763264e-05
2.5158289043285402e-05
2.5158288760290543e-05
2.5158288616128e-05
2.5158289205647252e-05
2.5158288717923347e-05
2.4881066924841724e-05
2.4881066924841724e-05
2.4881066224496814e-05
2.4881067197072282e-05
2.4881066799476447e-05
2.4881067530072454e-05
2.488106690379919e-05
2.48810669357855e-05
2.4881066623921614e-05
2.4881067140467927e-05
2.4881066711764386e-05
2.4881067715378424e-05
2.488106703691577e-05
2.4881066772594484e-05
2.488106737217342e-05
2.4881066997040353e-05
2.420627019161655e-05
2.420627019161655e-05
2.4206269461517036e-05
2.4206270315221072e-05
2.420627006132107e-05
2.420627088005445e-05
2.4206270364955747e-05
2.420627026376788e-05
2.4206269922585526e-05
2.4206270577820012e-05
2.420626992646355e-05
2.420627154615519e-05
2.420627028266766e-05
2.42062698607399e-05
2.420627044212798e-05
2.4206270251741116e-05
2.268182784819689e-05
2.268182784819689e-05
2.268182712604299e-05
2.2681827754615738e-05
2.268182772163941e-05
2.268182860894503e-05
2.268182829598608e-05
2.2681827981733494e-05
2.2681827599387616e-05
2.2681828441169437e-05
2.268182751577086e-05
2.2681829908037913e-05
2.2681827887355704e-05
2.2681827312397614e-05
2.26818277865821e-05
2.2681827881322942e-05
1.9938385957614695e-05
1.9938385957614695e-05
1.9938385358060513e-05
1.9938385633658207e-05
1.993838585931542e-05
1.993838668589192e-05
1.9938386675445855e-05
1.9938386094160608e-05
1.9938385672002423e-05
1.9938386675768906e-05
1.9938385573342796e-05
1.9938388502182063e-05
1.993838589478788e-05
1.993838532865981e-05
1.9938385510505186e-05
1.9938385941358232e-05
1.6791162888608542e-05
1.6791162888608542e-05
1.6791162568172688e-05
1.6791162497802438e-05
1.679116285032858e-05
1.6791163375056165e-05
1.6791163640312403e-05
1.6791162893934885e-05
1.6791162468698443e-05
1.6791163442685617e-05
1.679116253074261e-05
1.679116501302976e-05
1.6791162696160583e-05
1.6791162496829576e-05
1.6791162213518777e-05
1.6791162813811697e-05
1.5116018399370603e-05
1.5116018399370603e-05
1.5116018343776531e-05
1.5116018181400432e-05
1.511601841581032e-05
1.511601857045107e-05
1.5116018884072227e-05
1.5116018209539691e-05
1.5116017827018308e-05
1.5116018566614611e-05
1.511601814084523e-05
1.5116019340285733e-05
1.5116018137055736e-05
1.5116018463330815e-05
1.5116017843274895e-05
1.5116018296912807e-05
1.4803830810492408e-05
1.4803830810492408e-05
1.4803830837596378e-05
1.480383075527216e-05
1.48038308429893e-05
1.4803830844597417e-05
1.480383107513536e-05
1.480383052805202e-05
1.4803830180464558e-05
1.4803830751464838e-05
1.480383061680119e-05
1.480383102292955e-05
1.4803830551053912e-05
1.4803831121286348e-05
1.4803830445815579e-05
1.4803830712323823e-05
1.4786747904580364e-05
1.4786747904580364e-05
1.4786747930455825e-05
1.4786747891780978e-05
1.4786747936411234e-05
1.4786747926096275e-05
1.4786748117386774e-05
1.4786747611477339e-05
1.4786747272966417e-05
1.4786747806552898e-05
1.4786747723405106e-05
1.4786747982777506e-05
1.4786747655554003e-05
1.4786748252792468e-05
1.4786747600502878e-05
1.478674781178028e-05
1.4783172188485855e-05
1.4783172188485855e-05
1.4783172211236776e-05
1.478317218402361e-05
1.4783172219567897e-05
1.4783172211967828e-05
1.4783172393304678e-05
1.4783171896229736e-05
1.478317156034569e-05
1.478317208668098e-05
1.4783172008657174e-05
1.478317225084734e-05
1.4783171943066067e-05
1.4783172538210795e-05
1.4783171897501412e-05
1.478317209740566e-05
1.4767288642845629e-05
1.4767288642845629e-05
1.4767288659160447e-05
1.4767288660648281e-05
1.476728867232001e-05
1.4767288674875573e-05
1.4767288831050668e-05
1.476728835599924e-05
1.4767288030065272e-05
1.4767288533975302e-05
1.4767288465051155e-05
1.4767288670364015e-05
1.4767288407417087e-05
1.4767288990453817e-05
1.4767288385345526e-05
1.4767288556442424e-05
1.4729602953459992e-05
1.4729602953459992e-05
1.4729602966079151e-05
1.472960300667018e-05
1.4729602981741693e-05
1.4729603002721185e-05
1.4729603123815485e-05
1.4729602679753482e-05
1.472960237542963e-05
1.472960283683898e-05
1.472960277637059e-05
1.4729602933356757e-05
1.4729602733448793e-05
1.4729603288905817e-05
1.4729602745005993e-05
1.4729602874141372e-05
1.4629655688732296e-05
1.4629655688732296e-05
1.4629655708548881e-05
1.4629655812074592e-05
1.4629655717680215e-05
1.4629655779261333e-05
1.4629655841803852e-05
1.4629655450384516e-05
1.4629655201241235e-05
1.4629655563663274e-05
1.4629655507765635e-05
1.4629655589412605e-05
1.462965549802155e-05
1.4629655982038757e-05
1.4629655568243022e-05
1.4629655622592257e-05
1.44283795302674e-05
1.44283795302674e-05
1.442837958832017e-05
1.4428379765348122e-05
1.4428379565857411e-05
1.44283796995501e-05
1.442837968889705e-05
1.4428379365399175e-05
1.4428379227042138e-05
1.4428379404345804e-05
1.4428379333450207e-05
1.4428379332195922e-05
1.4428379383971092e-05
1.4428379723338557e-05
1.442837953312624e-05
1.4428379483558255e-05
1.4136468508690607e-05
1.4136468508690607e-05
1.4136468654103377e-05
1.4136468872415992e-05
1.4136468560953353e-05
1.4136468789676672e-05
1.4136468727133792e-05
1.4136468456301197e-05
1.413646848280261e-05
1.4136468402222587e-05
1.4136468277954031e-05
1.4136468241271343e-05
1.4136468409952925e-05
1.4136468532652986e-05
1.4136468626595262e-05
1.413646848186206e-05
1.3913991995307435e-05
1.3913991995307435e-05
1.3913992236867696e-05
1.3913992414676091e-05
1.3913992066919415e-05
1.3913992352944823e-05
1.3913992311295893e-05
1.3913992029374866e-05
1.3913992177957532e-05
1.3913991924854365e-05
1.3913991728764027e-05
1.39139917575088e-05
1.3913991912508709e-05
1.3913991873509879e-05
1.391399212708147e-05
1.3913991973808873e-05
1.3840579527243397e-05
1.3840579527243397e-05
1.3840579807414049e-05
1.3840579918489936e-05
1.3840579607188121e-05
1.3840579888500548e-05
1.3840579900658627e-05
1.3840579574487576e-05
1.384057973801549e-05
1.3840579479952946e-05
1.3840579247166106e-05
1.3840579363416086e-05
1.3840579429737113e-05
1.384057937018111e-05
1.384057959899079e-05
1.384057949828986e-05
1.3828411993839412e-05
1.3828411993839412e-05
1.3828412273924608e-05
1.3828412357539528e-05
1.382841207404294e-05
1.382841234025525e-05
1.3828412376651192e-05
1.3828412029750688e-05
1.3828412175580137e-05
1.3828411951413115e-05
1.3828411714191574e-05
1.3828411863637762e-05
1.3828411885156082e-05
1.3828411849042141e-05
1.3828412030604204e-05
1.3828411959808343e-05
1.382272012964141e-05
1.382272012964141e-05
1.382272040592298e-05
1.3822720478213115e-05
1.382272020916236e-05
1.3822720466119146e-05
1.3822720512341572e-05
1.3822720157579606e-05
1.3822720291812329e-05
1.3822720088331776e-05
1.3822719851500402e-05
1.382272001382705e-05
1.3822720015598525e-05
1.3822719995482254e-05
1.3822720150599236e-05
1.3822720093252937e-05
1.3806038492349775e-05
1.3806038492349775e-05
1.380603875779418e-05
1.3806038806823218e-05
1.38060385697326e-05
1.3806038805437304e-05
1.3806038870064912e-05
1.3806038502880585e-05
1.3806038613132067e-05
1.3806038453144548e-05
1.3806038218159789e-05
1.380603840593211e-05
1.380603836783224e-05
1.3806038382696111e-05
1.380603848231979e-05
1.380603845142951e-05
1.3769711679175186e-05
1.3769711679175186e-05
1.3769711924074942e-05
1.3769711938244037e-05
1.3769711752190063e-05
1.3769711953070616e-05
1.376971204088919e-05
1.3769711663984435e-05
1.3769711741792332e-05
1.3769711643448554e-05
1.3769711411884787e-05
1.3769711635943299e-05
1.3769711541006406e-05
1.3769711607956749e-05
1.3769711627742438e-05
1.3769711632495883e-05
1.3683597528847856e-05
1.3683597528847856e-05
1.3683597730262534e-05
1.3683597686714948e-05
1.3683597592015627e-05
1.36835977287933e-05
1.3683597844469093e-05
1.3683597472738435e-05
1.3683597506275515e-05
1.3683597499875332e-05
1.3683597275021802e-05
1.3683597554900217e-05
1.3683597373186124e-05
1.3683597524056515e-05
1.3683597421328576e-05
1.3683597475183687e-05
1.3519643904151199e-05
1.3519643904151199e-05
1.3519644028964199e-05
1.3519643910470575e-05
1.3519643948956076e-05
1.3519643988819359e-05
1.351964411801156e-05
1.3519643798698922e-05
1.3519643795327824e-05
1.3519643886143414e-05
1.3519643672117745e-05
1.351964401536974e-05
1.3519643736809188e-05
1.3519643991274972e-05
1.3519643750691973e-05
1.3519643846918306e-05
1.3298883790289362e-05
1.3298883790289362e-05
1.329888381741537e-05
1.329888364232491e-05
1.3298883810190554e-05
1.3298883749814096e-05
1.329888384432953e-05
1.3298883655131988e-05
1.3298883664718335e-05
1.3298883784922223e-05
1.3298883583233344e-05
1.3298883956305565e-05
1.3298883635999074e-05
1.3298883957954874e-05
1.3298883655429088e-05
1.3298883741264305e-05
1.314925141261182e-05
1.314925141261182e-05
1.314925138444537e-05
1.3149251223383043e-05
1.3149251416660166e-05
1.3149251327142307e-05
1.3149251340675547e-05
1.3149251299908292e-05
1.3149251387778386e-05
1.3149251412817035e-05
1.3149251216371516e-05
1.3149251546052484e-05
1.3149251298741416e-05
1.3149251582513839e-05
1.3149251379502398e-05
1.3149251383313272e-05
1.3112200174133998e-05
1.3112200174133998e-05
1.3112200153273027e-05
1.3112200040391359e-05
1.3112200178368557e-05
1.3112200122674914e-05
1.3112200080269605e-05
1.3112200101116406e-05
1.3112200255702848e-05
1.3112200171884548e-05
1.3112199972862726e-05
1.311220024280783e-05
1.3112200090801928e-05
1.3112200296649888e-05
1.3112200226662498e-05
1.3112200158609655e-05
1.3109850768528144e-05
1.3109850768528144e-05
1.3109850761955089e-05
1.3109850669874105e-05
1.3109850775927804e-05
1.3109850742395577e-05
1.3109850688394657e-05
1.3109850710528226e-05
1.3109850882491765e-05
1.310985076399982e-05
1.3109850562711784e-05
1.3109850811905984e-05
1.3109850692263315e-05
1.310985086747762e-05
1.310985084312166e-05
1.3109850755901865e-05
1.3109531401829757e-05
1.3109531401829757e-05
1.3109531399468292e-05
1.3109531311374041e-05
1.3109531410244489e-05
1.3109531381957958e-05
1.3109531327407183e-05
1.3109531346425308e-05
1.3109531520191932e-05
1.310953139670317e-05
1.3109531194838025e-05
1.3109531440718241e-05
1.3109531326106037e-05
1.3109531495851602e-05
1.3109531478665847e-05
1.3109531389354143e-05
1.3108399385886954e-05
1.3108399385886954e-05
1.3108399390567954e-05
1.3108399308745404e-05
1.3108399396014935e-05
1.3108399376258209e-05
1.310839932134679e-05
1.3108399334477689e-05
1.3108399510606474e-05
1.3108399379773148e-05
1.3108399176986063e-05
1.3108399417831512e-05
1.3108399310773361e-05
1.3108399472042065e-05
1.3108399465650978e-05
1.310839937352996e-05
1.3105153522391676e-05
1.3105153522391676e-05
1.3105153537682868e-05
1.3105153465272438e-05
1.3105153535104399e-05
1.3105153528162814e-05
1.3105153472840704e-05
1.310515347694888e-05
1.3105153656465909e-05
1.3105153514790705e-05
1.3105153310687649e-05
1.310515354397116e-05
1.3105153448141333e-05
1.3105153596733508e-05
1.3105153606391701e-05
1.3105153510190983e-05
1.3095688872883754e-05
1.3095688872883754e-05
1.3095688905738078e-05
1.3095688849010113e-05
1.3095688889876825e-05
1.3095688904172895e-05
1.3095688848257584e-05
1.3095688837347643e-05
1.3095689022327283e-05
1.3095688862814446e-05
1.309568865672006e-05
1.3095688877286375e-05
1.3095688800056742e-05
1.3095688927585085e-05
1.309568896382536e-05
1.3095688860947623e-05
1.3070034279620877e-05
1.3070034279620877e-05
1.3070034340346486e-05
1.307003430881289e-05
1.3070034303409685e-05
1.3070034351496965e-05
1.3070034294811017e-05
1.3070034259920303e-05
1.3070034453252256e-05
1.3070034265616237e-05
1.3070034056847012e-05
1.3070034256658237e-05
1.3070034209067904e-05
1.3070034302892661e-05
1.3070034381477447e-05
1.3070034268133455e-05
1.3001481609782387e-05
1.3001481609782387e-05
1.3001481714722197e-05
1.3001481723972523e-05
1.3001481644359692e-05
1.3001481746290749e-05
1.300148168881895e-05
1.300148161551039e-05
1.300148182127472e-05
1.3001481589486351e-05
1.3001481377747355e-05
1.3001481543115034e-05
1.3001481542883027e-05
1.3001481582499703e-05
1.3001481728706138e-05
1.3001481599085084e-05
1.2824705576670979e-05
1.2824705576670979e-05
1.2824705748825518e-05
1.282470582221247e-05
1.2824705627669798e-05
1.2824705812078564e-05
1.2824705754551923e-05
1.2824705621861542e-05
1.2824705844389848e-05
1.2824705546684032e-05
1.2824705333761513e-05
1.2824705442794906e-05
1.2824705515447942e-05
1.2824705470714982e-05
1.282470572089526e-05
1.2824705567380544e-05
1.2392487910903812e-05
1.2392487910903812e-05
1.2392488175672927e-05
1.2392488343028953e-05
1.2392487984583947e-05
1.239248828427286e-05
1.2392488229655002e-05
1.239248801258005e-05
1.2392488252614743e-05
1.2392487867231718e-05
1.2392487661401846e-05
1.2392487682407293e-05
1.2392487857821926e-05
1.2392487691776805e-05
1.2392488088300499e-05
1.2392487904090457e-05
1.1458957830860936e-05
1.1458957830860936e-05
1.1458958190292736e-05
1.1458958468443255e-05
1.1458957927867079e-05
1.1458958349694085e-05
1.1458958305914028e-05
1.1458957995834675e-05
1.1458958239023695e-05
1.1458957772326136e-05
1.145895759673624e-05
1.1458957500344035e-05
1.1458957786943357e-05
1.1458957483495831e-05
1.1458958037712697e-05
1.1458957827999123e-05
9.929293359041582e-06
9.929293359041582e-06
9.929293732594845e-06
9.929294069309232e-06
9.929293459935327e-06
9.929293912263623e-06
9.92929389251768e-06
9.929293549313498e-06
9.929293750959281e-06
9.92929329579537e-06
9.929293190249859e-06
9.929292998176552e-06
9.929293318894199e-06
9.929292956731754e-06
9.929293557599496e-06
9.92929336081592e-06
8.484707142646316e-06
8.484707142646316e-06
8.484707370427987e-06
8.484707622843949e-06
8.484707208457825e-06
8.484707497923305e-06
8.484707507518236e-06
8.484707268004097e-06
8.484707378521566e-06
8.484707097165985e-06
8.484707079618787e-06
8.484706907817854e-06
8.484707093321687e-06
8.484706864270612e-06
8.484707269793237e-06
8.484707146645206e-06
7.941872823613666e-06
7.941872823613666e-06
7.941872869793496e-06
7.941872974798043e-06
7.941872845308484e-06
7.941872919494975e-06
7.941872943034241e-06
7.941872852111809e-06
7.941872891469247e-06
7.94187280278144e-06
7.94187282877596e-06
7.941872761058632e-06
7.941872760432908e-06
7.941872735752457e-06
7.941872874591162e-06
7.941872826303294e-06
7.905595942822567e-06
7.905595942822567e-06
7.90559592203966e-06
7.905595963102449e-06
7.905595948157128e-06
7.905595940163209e-06
7.905595963730622e-06
7.905595931990353e-06
7.90559595468528e-06
7.905595931647885e-06
7.905595958757807e-06
7.905595947240595e-06
7.905595873985245e-06
7.90559593337653e-06
7.9055959686054e-06
7.905595944107227e-06
7.916138535924989e-06
7.916138535924989e-06
7.916138509590413e-06
7.916138543302746e-06
7.916138539883377e-06
7.916138524478521e-06
7.916138546953781e-06
7.916138521060145e-06
7.916138544416343e-06
7.916138525672751e-06
7.916138549686172e-06
7.916138546632939e-06
7.916138466502368e-06
7.9161385347244e-06
7.916138560235332e-06
7.91613853689664e-06
7.917646170593656e-06
7.917646170593656e-06
7.91764614478173e-06
7.917646178669948e-06
7.917646174676708e-06
7.917646159819951e-06
7.917646182120914e-06
7.917646155914985e-06
7.917646179718578e-06
7.917646160285374e-06
7.917646183792227e-06
7.91764618089506e-06
7.917646101197528e-06
7.91764616905467e-06
7.917646195195845e-06
7.91764617154595e-06
7.918762646300793e-06
7.918762646300793e-06
7.918762620985042e-06
7.918762655090022e-06
7.91876265050279e-06
7.918762636182502e-06
7.918762658342154e-06
7.918762631819186e-06
7.9187626559899e-06
7.91876263593656e-06
7.918762659048425e-06
7.918762656198065e-06
7.918762576933817e-06
7.918762644395677e-06
7.918762671161811e-06
7.918762647240559e-06
7.921028628434886e-06
7.921028628434886e-06
7.921028604187924e-06
7.92102863874924e-06
7.921028632893475e-06
7.9210286197312e-06
7.921028641572542e-06
7.921028614379298e-06
7.921028639324225e-06
7.921028617951661e-06
7.921028640224914e-06
7.921028637464862e-06
7.921028559134213e-06
7.921028625741947e-06
7.921028653845695e-06
7.921028629350458e-06
7.924124699768599e-06
7.924124699768599e-06
7.924124677112053e-06
7.924124712313158e-06
7.924124704609763e-06
7.92412469317255e-06
7.924124714498774e-06
7.924124686345371e-06
7.924124712414175e-06
7.924124689112565e-06
7.924124710147884e-06
7.92412470752032e-06
7.924124630574247e-06
7.924124695916183e-06
7.924124725981729e-06
7.924124700653648e-06
7.928679660470729e-06
7.928679660470729e-06
7.928679640525759e-06
7.928679676712404e-06
7.928679665966162e-06
7.928679657475004e-06
7.928679677812563e-06
7.928679648121388e-06
7.928679676032948e-06
7.92867964953164e-06
7.928679668480913e-06
7.928679666076374e-06
7.928679591478115e-06
7.928679654676657e-06
7.928679688010797e-06
7.928679661318256e-06
7.934261435016058e-06
7.934261435016058e-06
7.934261419487273e-06
7.934261457010877e-06
7.934261441582129e-06
7.934261437901585e-06
7.934261456347562e-06
7.934261424404713e-06
7.934261455130792e-06
7.934261423645309e-06
7.934261439259419e-06
7.934261437211282e-06
7.934261366404004e-06
7.934261426149475e-06
7.93426146461278e-06
7.934261435839434e-06
7.938900661858849e-06
7.938900661858849e-06
7.938900653682837e-06
7.93890069274936e-06
7.938900670220392e-06
7.93890067458138e-06
7.938900689161184e-06
7.938900654113426e-06
7.938900689049948e-06
7.938900649844317e-06
7.938900660064283e-06
7.93890065859175e-06
7.93890059401309e-06
7.938900648105299e-06
7.938900694613959e-06
7.938900662736113e-06
7.935020971340928e-06
7.935020971340928e-06
7.935020975190927e-06
7.935021015080355e-06
7.935020982671238e-06
7.935021000264236e-06
7.935021006736396e-06
7.93502096821363e-06
7.935021008852638e-06
7.935020958460012e-06
7.935020960252444e-06
7.935020959677764e-06
7.935020905078774e-06
7.935020950163934e-06
7.935021008599826e-06
7.93502097254073e-06
7.901756057034685e-06
7.901756057034685e-06
7.901756079600666e-06
7.901756116657774e-06
7.901756073062969e-06
7.901756111441207e-06
7.901756100980065e-06
7.90175606092687e-06
7.901756107576946e-06
7.9017560432565e-06
7.90175603288855e-06
7.901756033605391e-06
7.901755994035906e-06
7.901756025681769e-06
7.901756099701584e-06
7.901756059303296e-06
7.797268343674814e-06
7.797268343674814e-06
7.79726839073216e-06
7.797268414620949e-06
7.79726836602955e-06
7.797268432049485e-06
7.797268389501965e-06
7.797268356366881e-06
7.797268404295024e-06
7.797268329760287e-06
7.797268305677031e-06
7.797268307840658e-06
7.79726828678442e-06
7.797268302174164e-06
7.797268389734777e-06
7.797268348646208e-06
7.588446126563152e-06
7.588446126563152e-06
7.588446192252864e-06
7.58844618572122e-06
7.5884461541162735e-06
7.588446242119894e-06
7.5884461537552155e-06
7.588446145118467e-06
7.588446179813947e-06
7.588446114782917e-06
7.588446085003179e-06
7.58844608774321e-06
7.5884460782837075e-06
7.588446084173972e-06
7.588446167261377e-06
7.58844613640308e-06
7.353739886574752e-06
7.353739886574752e-06
7.35373994620478e-06
7.353739902980786e-06
7.353739913317093e-06
7.353739996350646e-06
7.353739874007621e-06
7.353739901324398e-06
7.353739907888291e-06
7.35373987921069e-06
7.353739862100646e-06
7.353739863456757e-06
7.35373984454664e-06
7.353739860073795e-06
7.353739910879018e-06
7.3537399012532165e-06
7.236110347520584e-06
7.236110347520584e-06
7.236110386248156e-06
7.2361103261634465e-06
7.236110369394024e-06
7.236110430151339e-06
7.2361103057098946e-06
7.236110353614528e-06
7.2361103395233795e-06
7.236110343355819e-06
7.236110344474082e-06
7.236110343874734e-06
7.2361103057412195e-06
7.236110339089955e-06
7.236110357987693e-06
7.236110363766709e-06
7.21713769357992e-06
7.21713769357992e-06
7.217137722178497e-06
7.217137661897846e-06
7.2171377129431326e-06
7.217137762533021e-06
7.217137645441534e-06
7.217137695804512e-06
7.217137677256337e-06
7.217137690091283e-06
7.217137698189168e-06
7.21713769684803e-06
7.217137650373875e-06
7.217137691236108e-06
7.2171377004455206e-06
7.21713770948726e-06
7.2180897631620075e-06
7.2180897631620075e-06
7.218089790344417e-06
7.218089731188545e-06
7.218089782152228e-06
7.2180898301271804e-06
7.218089715271949e-06
7.218089764892516e-06
7.21808974652323e-06
7.218089759642159e-06
7.218089768446071e-06
7.218089767032093e-06
7.218089719535314e-06
7.21808976128404e-06
7.218089769971301e-06
7.218089778864185e-06
7.2186897895274586e-06
7.2186897895274586e-06
7.2186898164772196e-06
7.218689757688067e-06
7.2186898084526115e-06
7.218689856154349e-06
7.218689741856989e-06
7.218689791184255e-06
7.218689772970836e-06
7.218689785983375e-06
7.218689794858205e-06
7.218689793438425e-06
7.218689745799731e-06
7.218689787665832e-06
7.218689796396769e-06
7.218689805172157e-06
7.220556745651836e-06
7.220556745651836e-06
7.220556771875164e-06
7.220556714307978e-06
7.2205567643710074e-06
7.220556811217859e-06
7.2205566987417825e-06
7.220556747081492e-06
7.2205567294074745e-06
7.220556742027027e-06
7.2205567510939845e-06
7.220556749664271e-06
7.220556701607414e-06
7.220556743818618e-06
7.220556752731828e-06
7.220556761111691e-06
7.222609007662376e-06
7.222609007662376e-06
7.222609032922684e-06
7.222608976989868e-06
7.222609026105176e-06
7.222609071822564e-06
7.222608961772756e-06
7.222609008791415e-06
7.222608991840748e-06
7.222609003936302e-06
7.222609013229601e-06
7.222609011800616e-06
7.222608963225197e-06
7.222609005868561e-06
7.2226090150129565e-06
7.222609022886553e-06
7.225186055309218e-06
7.225186055309218e-06
7.225186078798676e-06
7.22518602588205e-06
7.2251860732355045e-06
7.225186116887453e-06
7.225186011302049e-06
7.22518605588585e-06
7.225186040268104e-06
7.225186051415591e-06
7.225186061055901e-06
7.2251860596645586e-06
7.225186010227834e-06
7.225186053602265e-06
7.225186063123499e-06
7.225186070129068e-06
7.2265303310940285e-06
7.2265303310940285e-06
7.226530351662247e-06
7.2265303037432414e-06
7.226530348147968e-06
7.2265303884204476e-06
7.226530290201937e-06
7.226530330759483e-06
7.2265303173443205e-06
7.22653032696971e-06
7.22653033701372e-06
7.2265303357735365e-06
7.2265302851413595e-06
7.226530329566585e-06
7.226530339587836e-06
7.226530345318403e-06
7.221880175431159e-06
7.221880175431159e-06
7.221880190906028e-06
7.2218801517544674e-06
7.221880190914353e-06
7.221880225362885e-06
7.2218801399943806e-06
7.221880173508662e-06
7.221880163942688e-06
7.221880171017222e-06
7.221880181351375e-06
7.221880180592989e-06
7.221880128429724e-06
7.221880174306038e-06
7.2218801849004735e-06
7.221880188792966e-06
7.198255227095626e-06
7.198255227095626e-06
7.198255233974743e-06
7.198255209744485e-06
7.198255239811825e-06
7.198255264591297e-06
7.198255200920899e-06
7.198255222494822e-06
7.198255219445335e-06
7.198255222455758e-06
7.1982552323138515e-06
7.198255232878214e-06
7.198255179421951e-06
7.198255226858251e-06
7.198255237722593e-06
7.198255239411842e-06
7.1282851928164115e-06
7.1282851928164115e-06
7.128285186326885e-06
7.128285185578336e-06
7.12828520097359e-06
7.1282852110662175e-06
7.128285181168395e-06
7.128285184053313e-06
7.128285191183718e-06
7.128285188403279e-06
7.128285195395684e-06
7.128285199138722e-06
7.1282851465127075e-06
7.128285194418746e-06
7.128285204168097e-06
7.128285204408787e-06
6.980959265321882e-06
6.980959265321882e-06
6.98095924319695e-06
6.980959270460593e-06
6.980959267637296e-06
6.9809592612530825e-06
6.9809592709070685e-06
6.980959251697441e-06
6.980959270823684e-06
6.980959262327144e-06
6.98095926172979e-06
6.980959271426983e-06
6.980959225437689e-06
6.980959269991672e-06
6.9809592753763845e-06
6.9809592778672314e-06
6.784388972662879e-06
6.784388972662879e-06
6.784388943014042e-06
6.784388984733341e-06
6.784388971260818e-06
6.784388958192885e-06
6.784388986973227e-06
6.784388956710813e-06
6.784388981769288e-06
6.784388972400959e-06
6.784388960615583e-06
6.784388977154499e-06
6.784388944432977e-06
6.78438898043678e-06
6.7843889782793754e-06
6.7843889888663005e-06
6.655883215665174e-06
6.655883215665174e-06
6.655883191967735e-06
6.6558832243179755e-06
6.6558832152855245e-06
6.655883210139331e-06
6.655883223989071e-06
6.655883201579096e-06
6.655883222283205e-06
6.655883217580517e-06
6.65588319869746e-06
6.655883218239921e-06
6.655883196342679e-06
6.655883224429166e-06
6.6558832167213775e-06
6.655883235745789e-06
6.627820686097422e-06
6.627820686097422e-06
6.62782066919404e-06
6.627820689908103e-06
6.627820687758448e-06
6.627820690455717e-06
6.6278206871705396e-06
6.627820674130287e-06
6.6278206897095335e-06
6.627820688522367e-06
6.627820668799288e-06
6.627820687938096e-06
6.6278206686888516e-06
6.627820694422625e-06
6.627820685623233e-06
6.627820707520558e-06
6.629008010340377e-06
6.629008010340377e-06
6.629007995148764e-06
6.629008012845949e-06
6.629008012594576e-06
6.629008017159398e-06
6.6290080095489495e-06
6.629007998906105e-06
6.629008013180195e-06
6.629008012714861e-06
6.629007993437544e-06
6.629008012127765e-06
6.629007992666809e-06
6.6290080184129926e-06
6.629008009813373e-06
6.62900803182238e-06
6.629819859917945e-06
6.629819859917945e-06
6.629819844840794e-06
6.629819862327005e-06
6.62981986222034e-06
6.629819866898303e-06
6.629819858997771e-06
6.62981984851924e-06
6.629819862704512e-06
6.629819862269663e-06
6.629819843093537e-06
6.629819861716107e-06
6.62981984214555e-06
6.62981986795829e-06
6.629819859423621e-06
6.629819881373289e-06
6.63017107962637e-06
6.63017107962637e-06
6.630171064584473e-06
6.63017108200439e-06
6.630171081944814e-06
6.630171086655897e-06
6.630171078665975e-06
6.6301710682386364e-06
6.63017108239631e-06
6.630171081968236e-06
6.630171062833804e-06
6.6301710814299676e-06
6.630171061811601e-06
6.6301710876544925e-06
6.63017107914753e-06
6.6301711010685925e-06
6.631215750160528e-06
6.631215750160528e-06
6.631215735222694e-06
6.631215752446551e-06
6.63121575252632e-06
6.631215757335067e-06
6.631215749081338e-06
6.631215738805385e-06
6.631215752881366e-06
6.631215752472791e-06
6.631215733463807e-06
6.631215751981006e-06
6.631215732218071e-06
6.631215758152295e-06
6.631215749729002e-06
6.631215771561486e-06
6.632574830195309e-06
6.632574830195309e-06
6.6325748153964415e-06
6.632574832358832e-06
6.632574832623719e-06
6.632574837563195e-06
6.632574828957991e-06
6.6325748188841454e-06
6.632574832850847e-06
6.6325748324682474e-06
6.632574813627022e-06
6.6325748320386035e-06
6.632574812082517e-06
6.6325748381386096e-06
6.632574829828035e-06
6.632574851537452e-06
6.634865973176998e-06
6.634865973176998e-06
6.634865958622664e-06
6.634865975125465e-06
6.63486597571386e-06
6.6348659808845e-06
6.63486597166241e-06
6.634865961944451e-06
6.634865975718151e-06
6.634865975381524e-06
6.634865956835572e-06
6.634865975061803e-06
6.634865954765281e-06
6.634865981035855e-06
6.634865972925385e-06
6.634865994405756e-06
6.638228867837995e-06
6.638228867837995e-06
6.638228853669913e-06
6.63822886944808e-06
6.638228870541754e-06
6.638228876080605e-06
6.638228865888124e-06
6.638228856732898e-06
6.638228870199916e-06
6.638228869936468e-06
6.638228851857187e-06
6.63822886979145e-06
6.6382288489563416e-06
6.638228875565249e-06
6.6382288677758695e-06
6.638228888862379e-06
6.6430895591250745e-06
6.6430895591250745e-06
6.6430895455913125e-06
6.643089560182961e-06
6.643089562091398e-06
6.643089568242395e-06
6.643089556466953e-06
6.643089548237342e-06
6.643089561196061e-06
6.6430895610543885e-06
6.643089543741931e-06
6.643089561199352e-06
6.643089539477146e-06
6.643089566640992e-06
6.643089559391301e-06
6.643089579747864e-06
6.649163423872637e-06
6.649163423872637e-06
6.6491634113512605e-06
6.649163424058252e-06
6.649163427228508e-06
6.649163434376179e-06
6.649163420101665e-06
6.649163413353043e-06
6.649163425488543e-06
6.649163425545193e-06
6.649163409457876e-06
6.649163426160587e-06
6.649163403016405e-06
6.64916343106362e-06
6.649163424707496e-06
6.649163443685808e-06
6.6542646304793e-06
6.6542646304793e-06
6.654264619514663e-06
6.654264629346579e-06
6.654264634359287e-06
6.654264643089075e-06
6.6542646250411835e-06
6.654264620579264e-06
6.6542646314185775e-06
6.654264631790351e-06
6.654264617590024e-06
6.654264633148623e-06
6.654264607801895e-06
6.654264637201964e-06
6.654264632301284e-06
6.654264648619369e-06
6.650560676573203e-06
6.650560676573203e-06
6.6505606677013594e-06
6.6505606737249826e-06
6.6505606809720965e-06
6.650560691951889e-06
6.650560669003194e-06
6.650560667638841e-06
6.650560676660333e-06
6.65056067748094e-06
6.650560665825222e-06
6.650560679886311e-06
6.650560651538897e-06
6.650560682744006e-06
6.6505606800019854e-06
6.650560691402145e-06
6.6208686284526075e-06
6.6208686284526075e-06
6.620868621445426e-06
6.620868624213398e-06
6.620868632864502e-06
6.620868646146643e-06
6.620868619247535e-06
6.620868620699743e-06
6.62086862791945e-06
6.620868629200883e-06
6.620868619831297e-06
6.620868632656228e-06
6.620868601539333e-06
6.620868634319596e-06
6.620868633989815e-06
6.620868637761791e-06
6.553949169094305e-06
6.553949169094305e-06
6.553949161842337e-06
6.553949165393032e-06
6.553949172343059e-06
6.553949186092642e-06
6.553949160787775e-06
6.553949162016672e-06
6.553949169002097e-06
6.553949170380478e-06
6.553949160759757e-06
6.553949174000569e-06
6.55394914299931e-06
6.553949175487111e-06
6.553949176104388e-06
6.553949172486668e-06
6.487580969043037e-06
6.487580969043037e-06
6.487580959178239e-06
6.487580967821299e-06
6.487580970540157e-06
6.4875809822119964e-06
6.4875809640480364e-06
6.4875809615487895e-06
6.48758097035633e-06
6.4875809713239825e-06
6.4875809585728426e-06
6.487580973924403e-06
6.487580946433798e-06
6.487580976586682e-06
6.487580975709772e-06
6.487580970257558e-06
6.464101090961896e-06
6.464101090961896e-06
6.464101079155637e-06
6.464101091444396e-06
6.4641010916090196e-06
6.464101101437863e-06
6.464101088161714e-06
6.464101082835357e-06
6.4641010931798515e-06
6.464101093781052e-06
6.464101078684886e-06
6.4641010955061606e-06
6.464101070720575e-06
6.464101099171745e-06
6.46410109669334e-06
6.464101093140343e-06
6.462953741231867e-06
6.462953741231867e-06
6.462953729011565e-06
6.462953742052972e-06
6.462953741778864e-06
6.462953751160917e-06
6.462953738851966e-06
6.462953732912484e-06
6.462953743617638e-06
6.462953744129669e-06
6.462953728530007e-06
6.462953745646999e-06
6.4629537214555995e-06
6.462953749549853e-06
6.462953746641606e-06
6.462953744079972e-06
6.463489915945585e-06
6.463489915945585e-06
6.463489903713253e-06
6.463489916772379e-06
6.463489916503169e-06
6.463489925863298e-06
6.463489913569926e-06
6.463489907610923e-06
6.463489918332038e-06
6.4634899188396156e-06
6.463489903224783e-06
6.463489920347417e-06
6.463489896176157e-06
6.4634899242610356e-06
6.463489921325594e-06
6.46348991889045e-06
     fun: 7.4868035458787455e-06
     jac: array([-1.43331818e-08,  4.35801439e-09,  4.45922979e-08,  1.67992766e-08,
       -9.95066785e-09, -1.05884567e-07, -9.09039954e-10,  3.74263664e-07,
        2.33526976e-08, -1.01926275e-07, -4.02125693e-08, -6.33968966e-09,
        6.03648687e-09, -1.29296780e-07])
 message: 'Optimization terminated successfully.'
    nfev: 1840
     nit: 115
    njev: 115
  status: 0
 success: True
       x: array([ 0.75789144, -0.59280452, -0.5511442 , -0.6800592 ,  0.31912297,
        0.12970694,  0.04894384, -0.19632132,  0.89958003,  0.02798237,
        0.53682006, -0.80595563, -0.06807049, -0.53253641])

========================================================

Final result:
0.7578914405903697
-0.5928045247016575
-0.5511441976388827
0.12868576058339012
0.12868576058339012
0.12868576058339012
-0.6800592029130226
0.31912296553325525
0.12970694347241707
0.048943837517487314
-0.19632132247112047
0.8995800349668682
0.027982371024582828
0.027982371024582828
0.5368200640765992
-0.8059556289475077
-0.06807048590973606
-0.5325364139687649
-0.5325364139687649
0.10521608491843863
0.10521608491843863
0.10521608491843863
0.10521608491843863
0.10521608491843863
0.10521608491843863
-0.8059556289475077
