THR_neutral_methyl.filelist
7.78789886935
7.78789886935
7.78789799068
7.78789845654
7.78789849112
7.78789857869
7.78789874479
7.78789815652
7.78789878757
7.78789896303
7.78789870067
7.78789797182
7.78789930728
7.7878991993
7.78789934794
7.78789893722
20422.2776161
2037.48024596
336.392506407
63.1496906591
11.615826082
5.73083841986
5.73083841986
5.73083927254
5.73083886791
5.73083875963
5.73083891576
5.73083871587
5.73083847111
5.73083876239
5.73083886791
5.73083847165
5.73083833489
5.7308398764
5.73083871427
5.73083883119
5.73083848008
23011.8652679
2297.70395783
343.516495612
64.0283588694
11.6790814485
4.28766978014
4.28766978014
4.28767082658
4.28767027032
4.28767006216
4.28767011497
4.28766992023
4.28766990719
4.28767001928
4.28766971314
4.28766986611
4.28766987025
4.28766942905
4.28766994134
4.28766996556
4.28766981302
4396.21205961
450.714619409
71.2849135524
11.5711813312
3.77598500178
3.77598500178
3.77598584834
3.77598544952
3.77598543566
3.77598547032
3.77598527392
3.77598555371
3.77598544881
3.77598506531
3.77598511152
3.77598568623
3.77598504476
3.77598482431
3.77598468677
3.77598496364
598.906721796
60.8899263658
8.19548050639
3.51124254177
3.51124254177
3.51124372748
3.51124312166
3.51124298792
3.51124294293
3.51124276175
3.51124314805
3.51124279753
3.51124260038
3.5112426786
3.51124332823
3.51124260719
3.51124229258
3.51124210062
3.51124248801
323.085790502
31.5876534424
4.39835675304
3.36638954319
3.36638954319
3.36639075435
3.36639015909
3.36639006371
3.36639007171
3.36638977698
3.36639025023
3.366389775
3.36638959516
3.36638970987
3.36639042257
3.36638957278
3.36638931522
3.36638914606
3.36638949464
92.7566103792
9.12108112928
3.29086408936
3.29086408936
3.29086535246
3.29086470293
3.2908645952
3.29086452699
3.29086433586
3.29086483967
3.29086437301
3.29086413798
3.29086426008
3.29086503888
3.29086409678
3.29086386841
3.2908637157
3.29086404392
47.7015458334
5.16873689705
3.1987158894
3.1987158894
3.19871714009
3.19871649563
3.19871640039
3.19871633609
3.19871613542
3.19871665629
3.19871616116
3.19871593081
3.19871607631
3.19871679424
3.19871587153
3.19871561979
3.19871551036
3.19871583354
10.5422266759
2.67580537691
2.67580537691
2.67580567357
2.67580546804
2.67580548933
2.67580545128
2.67580541683
2.67580562973
2.67580539531
2.67580530042
2.67580550178
2.67580577684
2.67580507191
2.67580522015
2.67580512374
2.67580534402
26.8053025202
4.20306084737
2.15721375097
2.15721375097
2.15721303916
2.15721335104
2.15721346279
2.15721342635
2.1572135571
2.15721353565
2.15721351582
2.15721356471
2.15721369452
2.15721357041
2.15721320326
2.15721368324
2.15721366261
2.15721373737
11.5172553632
2.25874029219
2.01865481495
2.01865481495
2.01865381966
2.01865430928
2.01865442107
2.01865438235
2.01865457026
2.01865444415
2.01865451651
2.01865461927
2.01865473523
2.01865444507
2.01865426899
2.01865479726
2.01865479942
2.01865481168
2.9988681353
1.74856376599
1.74856376599
1.74856332453
1.74856355381
1.74856359752
1.74856362333
1.74856368091
1.74856353198
1.74856364949
1.74856377129
1.74856371348
1.74856349517
1.74856385261
1.74856382575
1.74856389033
1.74856377797
4.32549624893
1.6612771073
1.6612771073
1.66127719825
1.66127716837
1.66127715173
1.66127719511
1.66127715058
1.66127707919
1.66127714907
1.66127721623
1.66127710037
1.66127701804
1.661277487
1.66127719488
1.66127723549
1.66127712562
1.73734436103
1.61919259624
1.61919259624
1.61919262995
1.6191926218
1.61919260179
1.61919260572
1.61919259566
1.61919258888
1.61919261535
1.61919258505
1.61919258639
1.61919257788
1.61919256013
1.61919261109
1.61919261149
1.6191925993
1.60876994252
1.60876994252
1.60877000873
1.60876997865
1.60876998214
1.60876998496
1.6087699679
1.60877000228
1.60876996456
1.60876998025
1.6087699595
1.60877002291
1.60877007152
1.60876991871
1.60876990656
1.6087699374
1.60105205132
1.60105205132
1.60105202323
1.60105203716
1.60105203072
1.60105203383
1.60105203401
1.60105202185
1.60105203846
1.60105202879
1.60105204694
1.60105201867
1.60105198575
1.60105206164
1.60105206629
1.6010520534
1.60276495714
1.60102735441
1.60102735441
1.60102733167
1.60102734674
1.60102734372
1.60102734677
1.60102734597
1.60102734065
1.60102735302
1.6010273469
1.60102734902
1.60102734028
1.6010273384
1.60102735701
1.60102735722
1.60102735487
1.60122554331
1.60122554331
1.60122555042
1.60122555018
1.60122554419
1.6012255472
1.60122554122
1.60122554299
1.60122554595
1.60122554226
1.60122554269
1.60122554477
1.60122554687
1.60122554452
1.6012255436
1.60122554347
1.60080357098
1.60080357098
1.60080356672
1.60080357246
1.60080356893
1.60080357232
1.600803568
1.60080356788
1.60080357418
1.60080356921
1.60080356918
1.60080356964
1.60080357252
1.60080357143
1.60080357042
1.60080357098
1.60098257112
1.60098257112
1.600982566
1.600982572
1.60098256778
1.60098257077
1.60098256695
1.60098256643
1.60098257254
1.60098256831
1.60098256884
1.60098256788
1.60098256964
1.60098257206
1.60098257122
1.60098257122
1.60094071881
1.60094071881
1.60094071547
1.60094072065
1.60094071642
1.60094071959
1.60094071526
1.60094071514
1.60094072097
1.60094071646
1.60094071688
1.60094071664
1.60094071858
1.60094071974
1.60094071892
1.60094071891
     fun: 1.6530835999513516
     jac: array([ 0.01950032,  0.01093848,  0.0088124 ,  0.01083128,  0.0038403 ,
        0.00863272,  0.00336546,  0.0010055 ,  0.00285318,  0.00704487,
        0.00031953,  0.00319549,  0.00551175,  0.00100249])
 message: 'Optimization terminated successfully.'
    nfev: 369
     nit: 21
    njev: 21
  status: 0
 success: True
       x: array([ 0.29415031, -0.70036504, -0.00632735,  0.08987818,  0.18248117,
        0.49096768,  0.02065407, -0.41314281, -0.54314475, -0.45692147,
        0.12224853, -0.38004374,  0.28440224, -0.32596113])

========================================================

Final result:
0.294150309995
-0.700365037367
0.294150309995
-0.00632735404889
0.0898781776109
0.182481168039
0.490967680754
0.0206540745373
-0.413142812356
-0.543144754911
-0.456921474731
0.122248526435
0.122248526435
0.122248526435
0.380874133176
-0.380043744024
0.284402236434
-0.325961131218
0.140534212936
0.140534212936
0.140534212936
