15.1699133004
15.1699133004
15.1699124859
15.1699121504
15.1699131354
15.1699148816
15.169915181
15.1699144759
15.1699143141
15.1699146515
15.1699140972
15.1699161706
15.1699146126
15.1699142461
15.1699147436
15.1699145854
15.1699147405
15.1699146088
15.1699146092
15.1699148875
15.1699145826
15.1699136413
300197.771429
30012.1433361
3187.37284259
528.235038452
90.1785753492
17.4355856979
12.5754385421
12.5754385421
12.5754377143
12.5754374163
12.5754383718
12.5754389322
12.5754391615
12.5754385699
12.5754383504
12.5754384626
12.5754386445
12.5754385166
12.5754382158
12.5754388603
12.5754382934
12.5754380915
12.5754381831
12.5754380068
12.5754381336
12.5754383018
12.5754379052
12.5754385234
29137.9959933
3237.09918708
566.285149137
102.746572367
18.6142954777
9.93947496705
9.93947496705
9.93947458791
9.93947465215
9.93947487988
9.93947437635
9.93947427146
9.93947441414
9.93947441633
9.93947432993
9.93947464769
9.93947360921
9.93947440538
9.93947480315
9.93947458079
9.93947456554
9.93947476801
9.93947472404
9.93947465889
9.93947501941
9.93947484451
9.93947477305
17095.2903368
1706.37222503
209.50138637
27.1259083529
9.48134358568
9.48134358568
9.48134371227
9.4813440292
9.48134359995
9.48134293811
9.48134268492
9.48134319568
9.48134336695
9.48134311752
9.48134339073
9.48134279663
9.48134288904
9.48134350985
9.48134284085
9.48134289833
9.48134273708
9.48134273362
9.48134307671
9.48134275241
9.48134268776
9.4813434811
2441.13713829
241.54414762
28.0387793082
9.18331638763
9.18331638763
9.18331667347
9.18331702544
9.1833164435
9.1833158977
9.18331573829
9.18331593242
9.18331612445
9.18331566693
9.183316015
9.18331488165
9.18331553333
9.18331590963
9.1833155641
9.18331554397
9.18331546804
9.18331548005
9.18331562466
9.18331543487
9.18331548235
9.18331630365
1980.60297924
196.764877113
20.2770477137
9.05956191653
9.05956191653
9.05956221682
9.05956248249
9.05956197666
9.05956123162
9.05956115156
9.05956129123
9.05956133296
9.0595612098
9.05956142076
9.05956058144
9.05956106439
9.05956131374
9.05956107036
9.05956105958
9.0595609368
9.05956098091
9.05956112035
9.05956083821
9.05956098586
9.05956175975
812.512802515
80.1044415997
10.89916202
8.87572103468
8.87572103468
8.87572141431
8.87572166763
8.87572111169
8.87572030301
8.87572023173
8.87572038576
8.87572040745
8.8757202692
8.8757205993
8.8757195296
8.87572015233
8.87572060845
8.87572019605
8.87572011779
8.87572004511
8.87572007172
8.87572010969
8.87571991651
8.87572006584
8.87572085851
817.21569379
80.7479628746
10.9350707098
8.73006967074
8.73006967074
8.73007003072
8.73007024467
8.73006974268
8.7300689004
8.7300688174
8.73006900508
8.73006907415
8.73006886859
8.7300692056
8.7300680385
8.73006878398
8.73006917468
8.73006873586
8.7300688274
8.73006857785
8.73006871341
8.73006889107
8.73006835104
8.73006871022
8.73006950424
1602.98274624
159.253093858
16.9741969584
8.6249355034
8.6249355034
8.62493588872
8.62493608635
8.62493557908
8.62493466326
8.62493454421
8.62493482269
8.6249349499
8.62493469881
8.62493499347
8.62493385967
8.62493462488
8.62493489096
8.62493466526
8.62493456088
8.62493448036
8.62493447556
8.62493450915
8.62493431278
8.62493438437
8.62493535192
483.280872372
47.6008417063
9.05334570242
8.46735151041
8.46735151041
8.467351941
8.4673521104
8.4673515965
8.46735064497
8.46735053329
8.46735080645
8.46735091815
8.4673506717
8.46735099818
8.46734983156
8.46735055856
8.46735090014
8.46735052975
8.46735053263
8.46735043149
8.46735047744
8.46735048088
8.46735031503
8.46735043901
8.46735135612
239.589548741
24.4765633502
8.50760001869
8.40104026422
8.40104026422
8.40104071448
8.4010408812
8.40104035535
8.40103939856
8.40103929525
8.40103954575
8.40103963758
8.40103941689
8.40103974398
8.40103855331
8.4010393213
8.40103965757
8.40103928461
8.40103930584
8.40103918958
8.40103920856
8.40103928779
8.40103909672
8.40103911672
8.40104008872
145.218689942
15.0638620418
8.15302206704
8.15302206704
8.15302247854
8.15302270311
8.15302215078
8.1530212342
8.15302104066
8.15302135924
8.15302145618
8.15302122868
8.15302154168
8.15302035674
8.1530211488
8.15302145451
8.15302109286
8.15302111523
8.15302099598
8.15302104098
8.1530210447
8.15302087612
8.15302098674
8.15302183335
94.8755053957
11.0500119171
7.91988679085
7.91988679085
7.91988719855
7.91988742008
7.91988687352
7.91988596604
7.91988577885
7.91988610225
7.9198861667
7.91988597545
7.91988631735
7.91988511699
7.91988590355
7.91988618035
7.9198858559
7.91988586424
7.91988574932
7.91988578524
7.91988581665
7.91988564699
7.91988575707
7.91988663618
82.8702708454
10.2036483959
7.72519945232
7.72519945232
7.72519986223
7.72520004829
7.72519953403
7.72519863875
7.72519851038
7.72519879881
7.72519889206
7.72519868657
7.72519899244
7.72519787146
7.72519861519
7.7251988759
7.72519858331
7.72519856855
7.72519846668
7.72519849405
7.72519854677
7.72519837988
7.72519849997
7.72519925973
30.5466821258
7.402031248
7.29811045103
7.29811045103
7.29811075853
7.29811095549
7.29811051018
7.29810982271
7.29810975344
7.29810996689
7.2981100471
7.29810989567
7.29811011532
7.2981092961
7.29810985608
7.29811001344
7.29810979939
7.2981098273
7.29810975475
7.29810978358
7.29810978342
7.29810965707
7.29810975385
7.29811032022
48.2865199659
7.47785258778
6.90854885988
6.90854885988
6.90854909837
6.90854919289
6.90854890766
6.9085485186
6.90854843804
6.90854860094
6.90854865179
6.90854856502
6.90854867021
6.90854824603
6.90854854019
6.90854859975
6.90854852509
6.90854852417
6.90854850363
6.90854851512
6.90854851871
6.90854841734
6.90854850541
6.9085487895
19.7851168676
6.76187263357
6.76187263357
6.76187265489
6.76187265083
6.76187263743
6.76187279076
6.76187280585
6.76187278235
6.76187280255
6.76187284191
6.76187271088
6.76187303418
6.76187287785
6.76187272848
6.76187286129
6.76187288086
6.76187286121
6.76187287719
6.76187285636
6.76187287095
6.76187289913
6.76187269395
13.3488614381
6.73074533391
6.73074533391
6.73074527222
6.73074522445
6.73074532045
6.73074564988
6.7307456967
6.73074561254
6.73074560914
6.73074568312
6.73074552055
6.73074604188
6.7307457192
6.73074553298
6.73074573199
6.73074574697
6.73074574119
6.73074575712
6.73074572405
6.7307457685
6.73074576831
6.73074542071
6.89704796305
6.7180141947
6.7180141947
6.71801412338
6.71801408592
6.71801417888
6.71801436099
6.71801439259
6.71801432219
6.71801431591
6.71801435457
6.71801428852
6.7180145262
6.71801435936
6.71801430943
6.71801437286
6.71801437743
6.71801437808
6.71801437301
6.71801436626
6.7180143959
6.718014379
6.71801423614
6.81214392745
6.68288968341
6.68288968341
6.68288964214
6.68288962943
6.68288967335
6.68288970944
6.68288971939
6.68288968869
6.68288968701
6.68288969377
6.68288969484
6.68288970858
6.68288967928
6.68288971112
6.68288969352
6.68288969126
6.68288968891
6.68288968562
6.68288968859
6.68288970003
6.68288968339
6.68288968853
6.64834060241
6.66312967881
6.66312967881
6.66312966713
6.66312966971
6.6631296749
6.66312967568
6.66312967451
6.66312966712
6.66312967422
6.66312967057
6.66312967472
6.66312966539
6.6631296603
6.6631296824
6.66312967413
6.66312967427
6.66312967009
6.66312966995
6.66312967151
6.66312967508
6.66312966994
6.66312968024
6.66558321734
6.66370839057
6.66370839057
6.66370838648
6.66370839097
6.66370838813
6.66370839425
6.66370839222
6.66370838745
6.66370839636
6.66370839371
6.6637083905
6.66370839942
6.66370838517
6.66370839533
6.66370839847
6.66370839937
6.66370839439
6.66370839533
6.66370839547
6.66370839696
6.66370839578
6.66370839499
6.66160294033
6.66300218981
6.66300218981
6.6630021861
6.6630021902
6.66300218758
6.66300219451
6.66300219278
6.66300218731
6.66300219617
6.66300219376
6.6630021902
6.66300220042
6.66300218506
6.66300219478
6.66300219791
6.66300219863
6.66300219337
6.66300219432
6.66300219445
6.66300219539
6.66300219444
6.66300219444
6.66041355843
6.66180990653
6.66180990653
6.66180990229
6.66180990568
6.66180990415
6.66180991075
6.66180990945
6.6618099031
6.66180991144
6.66180990917
6.66180990648
6.66180991458
6.66180989991
6.66180991126
6.66180991236
6.66180991283
6.66180990736
6.66180990808
6.66180990845
6.66180990907
6.66180990785
6.66180991081
6.66088538062
6.66157623694
6.66157623694
6.66157623261
6.66157623595
6.66157623457
6.66157624101
6.66157623972
6.66157623338
6.66157624167
6.66157623942
6.66157623682
6.66157624461
6.66157623017
6.66157624165
6.6615762426
6.66157624309
6.66157623765
6.66157623834
6.6615762387
6.66157623938
6.66157623814
6.66157624116
6.66144702562
     fun: 6.882500439123449
     jac: array([ 0.00175148, -0.00217152,  0.00089014,  0.00190234,  0.00601906,
       -0.0038929 , -0.00771952, -0.00864536, -0.00225866, -0.01170832,
       -0.01945013, -0.00495458, -0.02136081, -0.02638674, -0.03241765,
       -0.03437209, -0.02979136, -0.04081702, -0.04216945, -0.0010072 ])
 message: 'Optimization terminated successfully.'
    nfev: 606
     nit: 25
    njev: 25
  status: 0
 success: True
       x: array([ 0.52866917, -0.48463197, -0.45284728, -0.42449934,  0.26348174,
        0.15254255,  0.08787995, -0.29177004,  0.58947477,  0.1067629 ,
        0.34302163, -0.51104377, -0.4629632 , -0.28347716,  0.06758283,
       -0.22945788,  0.17191376,  0.14684577,  0.3133102 , -0.56844693])

========================================================

Final result:
0.528669171173
-0.484631968016
-0.452847279102
0.136270025315
0.136270025315
0.136270025315
-0.424499335879
0.263481738993
0.152542549663
0.0878799482116
-0.291770044604
0.589474774322
0.106762901824
0.106762901824
0.343021631555
-0.511043766552
-0.462963204115
-0.28347716079
0.0675828303545
-0.229457877259
0.171913759917
0.146845774465
0.313310197799
-0.568446928664
0.422079308935
