9.891836825547996e-05
9.891836825547996e-05
9.891836478536042e-05
9.891836272002962e-05
9.891836757137175e-05
9.891837972931954e-05
9.891838200627334e-05
9.891837738413417e-05
9.891837601934778e-05
9.891837928266309e-05
9.891837466077738e-05
9.891839079344489e-05
9.891838058436253e-05
9.891837475677823e-05
9.891837187679657e-05
9.891837139287493e-05
9.891836900046621e-05
9.891836209302842e-05
9.891836728422147e-05
9.271765618791051e-05
9.271765618791051e-05
9.271765276903677e-05
9.271765077350065e-05
9.27176555128024e-05
9.271766676014658e-05
9.271766895147473e-05
9.271766448814777e-05
9.2717663098608e-05
9.2717666262032e-05
9.271766203136517e-05
9.271767674809764e-05
9.271766754513283e-05
9.271766216018953e-05
9.27176594446135e-05
9.271765889069407e-05
9.271765685754123e-05
9.271765003943725e-05
9.271765521887274e-05
7.083286424645607e-05
7.083286424645607e-05
7.083286107245436e-05
7.083285940293071e-05
7.083286361454357e-05
7.083287068558212e-05
7.08328724793111e-05
7.08328687551884e-05
7.083286725787709e-05
7.083286995760625e-05
7.083286751881959e-05
7.083287575269023e-05
7.083287115468024e-05
7.083286779650095e-05
7.083286583595952e-05
7.083286496287472e-05
7.083286457157251e-05
7.083285817156516e-05
7.083286328919705e-05
5.816790846596489e-05
5.816790846596489e-05
5.816790568376727e-05
5.816790451810014e-05
5.8167907903616376e-05
5.81679087074125e-05
5.816790989237268e-05
5.8167907304360515e-05
5.8167905659558924e-05
5.81679076496572e-05
5.816790789404202e-05
5.816790642657486e-05
5.816790871582617e-05
5.816790839093795e-05
5.816790756600013e-05
5.81679062185822e-05
5.816790827677451e-05
5.816790252499345e-05
5.816790753033521e-05
5.77908521111852e-05
5.77908521111852e-05
5.779084936006325e-05
5.7790848217625424e-05
5.7790851554777336e-05
5.7790852252250286e-05
5.7790853414723114e-05
5.779085087290836e-05
5.779084923991235e-05
5.7790851204110006e-05
5.779085148816029e-05
5.779084988346127e-05
5.7790852266235016e-05
5.779085198457552e-05
5.779085118148743e-05
5.779084983068378e-05
5.779085191597673e-05
5.77908461961535e-05
5.779085117990503e-05
5.586476486814359e-05
5.586476486814359e-05
5.5864762250696216e-05
5.5864761192360526e-05
5.586476433769045e-05
5.586476494762203e-05
5.586476603774342e-05
5.586476365312294e-05
5.586476209321684e-05
5.5864763974616756e-05
5.586476426548243e-05
5.586476266864163e-05
5.586476502530229e-05
5.5864764742854694e-05
5.5864763969320686e-05
5.586476263643035e-05
5.58647646799685e-05
5.5864759079581295e-05
5.5864763958133725e-05
4.7554712098022576e-05
4.7554712098022576e-05
4.7554710115704804e-05
4.755470945163486e-05
4.755471169102509e-05
4.755471201149318e-05
4.7554712766016746e-05
4.755471111422916e-05
4.755470990953983e-05
4.7554711406636995e-05
4.75547116741609e-05
4.755471031839552e-05
4.7554712404791306e-05
4.755471205492382e-05
4.755471140041874e-05
4.755471016412833e-05
4.755471195457655e-05
4.755470691739497e-05
4.755471129028824e-05
3.0475274844136994e-05
3.0475274844136994e-05
3.0475275462532862e-05
3.0475276411682282e-05
3.0475274942702532e-05
3.0475274116075584e-05
3.0475273498018526e-05
3.0475274843549092e-05
3.0475275097354116e-05
3.0475275020136397e-05
3.047527517672388e-05
3.0475274865528442e-05
3.0475275802661805e-05
3.0475275158426384e-05
3.047527498805897e-05
3.0475274152687513e-05
3.0475274887524725e-05
3.047527216467885e-05
3.047527445724558e-05
3.0199950564650877e-05
3.0199950564650877e-05
3.019995149199832e-05
3.0199952633065436e-05
3.0199950723277956e-05
3.019994976497159e-05
3.0199948983154825e-05
3.0199950685153718e-05
3.0199951114350835e-05
3.0199950846402333e-05
3.019995098952023e-05
3.01999508049765e-05
3.019995160210365e-05
3.019995092168621e-05
3.01999508118351e-05
3.0199950026744834e-05
3.01999506309537e-05
3.019994819402353e-05
3.019995022978424e-05
3.0106626204051204e-05
3.0106626204051204e-05
3.0106627182638997e-05
3.0106628355971868e-05
3.010662637264074e-05
3.0106625395420695e-05
3.010662458543643e-05
3.0106626347322623e-05
3.0106626807996636e-05
3.0106626503793556e-05
3.0106626645456153e-05
3.0106626480863452e-05
3.010662725355494e-05
3.0106626566978575e-05
3.0106626471197857e-05
3.0106625697393006e-05
3.0106626274787214e-05
3.0106623898537802e-05
3.0106625880223726e-05
2.9503975687158584e-05
2.9503975687158584e-05
2.950397677648711e-05
2.9503978021964717e-05
2.9503975877284464e-05
2.9503974874518885e-05
2.9503973998086007e-05
2.9503975893685898e-05
2.9503976435444468e-05
2.9503976027486665e-05
2.9503976170577255e-05
2.950397604221713e-05
2.950397675617652e-05
2.950397605579173e-05
2.9503976012709118e-05
2.9503975279414257e-05
2.950397577088459e-05
2.9503973598732435e-05
2.9503975400438816e-05
2.656801174654691e-05
2.656801174654691e-05
2.6568013055123386e-05
2.6568014458317478e-05
2.656801197934557e-05
2.6568011020652138e-05
2.656800997818491e-05
2.6568012165049886e-05
2.6568012948105215e-05
2.6568012177619966e-05
2.6568012351825855e-05
2.656801225261057e-05
2.6568012813440013e-05
2.6568012082764416e-05
2.656801228210576e-05
2.656801172881847e-05
2.656801187707429e-05
2.656801056114956e-05
2.6568011615405358e-05
2.291273607182149e-05
2.291273607182149e-05
2.2912737229985898e-05
2.2912738578090424e-05
2.291273627547005e-05
2.29127356249611e-05
2.291273457314903e-05
2.2912736655078175e-05
2.291273756137329e-05
2.291273647793147e-05
2.2912736731747044e-05
2.291273646094266e-05
2.2912736994113812e-05
2.291273627372722e-05
2.2912736800874737e-05
2.291273648116611e-05
2.2912736245650546e-05
2.2912735960792468e-05
2.2912736127853728e-05
2.0084689174212137e-05
2.0084689174212137e-05
2.008468969784904e-05
2.008469068820267e-05
2.0084689254596834e-05
2.0084689106633273e-05
2.008468830592846e-05
2.0084689721557658e-05
2.008469046715666e-05
2.008468938739982e-05
2.0084689738772288e-05
2.0084689102643955e-05
2.0084689830220537e-05
2.008468917806012e-05
2.0084689924155813e-05
2.0084689748633222e-05
2.008468935303145e-05
2.008468960642639e-05
2.0084689327704885e-05
1.8783544835643825e-05
1.8783544835643825e-05
1.8783544628605587e-05
1.878354518319991e-05
1.8783544774037567e-05
1.878354505528259e-05
1.878354459829395e-05
1.878354520473315e-05
1.8783545637676053e-05
1.878354481070239e-05
1.878354522916319e-05
1.878354424164693e-05
1.8783545248644875e-05
1.8783544679858765e-05
1.878354546083721e-05
1.878354529421539e-05
1.8783544986965132e-05
1.878354515049239e-05
1.8783544972456657e-05
1.861329607970152e-05
1.861329607970152e-05
1.861329564270928e-05
1.8613296052382824e-05
1.8613295973400044e-05
1.86132963432956e-05
1.86132960115618e-05
1.8613296350291003e-05
1.8613296645139933e-05
1.861329597542322e-05
1.8613296400195155e-05
1.8613295326268966e-05
1.8613296434968887e-05
1.8613295894121043e-05
1.8613296619760136e-05
1.8613296407806333e-05
1.861329621211713e-05
1.8613296132888227e-05
1.8613296172268554e-05
1.8597001666510874e-05
1.8597001666510874e-05
1.859700121074878e-05
1.8597001605721905e-05
1.8597001556566398e-05
1.8597001919271604e-05
1.859700160323185e-05
1.859700191602247e-05
1.859700218718801e-05
1.859700155504844e-05
1.8597001974867808e-05
1.859700090448435e-05
1.8597002021706443e-05
1.859700148391115e-05
1.8597002185760973e-05
1.8597001955925176e-05
1.8597001794282474e-05
1.8597001635483705e-05
1.8597001744555138e-05
1.8581682117551147e-05
1.8581682117551147e-05
1.858168165838196e-05
1.858168204795559e-05
1.8581682006960723e-05
1.8581682357956956e-05
1.85816820489509e-05
1.858168235402965e-05
1.8581682611828692e-05
1.8581682005224712e-05
1.8581682418944165e-05
1.8581681361316432e-05
1.8581682474358494e-05
1.858168193803753e-05
1.858168262359757e-05
1.8581682381407145e-05
1.8581682242365348e-05
1.858168203600465e-05
1.858168218683687e-05
1.853033039909082e-05
1.853033039909082e-05
1.8530329936583876e-05
1.8530330313552474e-05
1.853033028792746e-05
1.8530330605474282e-05
1.8530330312773258e-05
1.8530330603795764e-05
1.8530330829055794e-05
1.8530330289055296e-05
1.8530330682886503e-05
1.8530329673754093e-05
1.8530330756883674e-05
1.853033022482645e-05
1.8530330873598316e-05
1.853033060265278e-05
1.853033051682151e-05
1.8530330217084614e-05
1.853033045092094e-05
1.841800975205474e-05
1.841800975205474e-05
1.841800928967767e-05
1.841800964432736e-05
1.8418009641116094e-05
1.841800989618859e-05
1.8418009630786297e-05
1.8418009903272415e-05
1.8418010073043364e-05
1.8418009653250603e-05
1.8418010004536837e-05
1.8418009108499777e-05
1.841801010397786e-05
1.841800958089007e-05
1.8418010175098725e-05
1.841800985953862e-05
1.8418009858190038e-05
1.841800944967068e-05
1.841800978289453e-05
1.8173067058014588e-05
1.8173067058014588e-05
1.8173066606318917e-05
1.8173066918747e-05
1.817306694964941e-05
1.8173067082585553e-05
1.817306686568248e-05
1.817306711434849e-05
1.817306718408258e-05
1.8173066993286092e-05
1.8173067251555436e-05
1.8173066617139993e-05
1.8173067384313814e-05
1.8173066880911034e-05
1.817306739300917e-05
1.817306700593383e-05
1.8173067144236728e-05
1.817306663835318e-05
1.8173067068205838e-05
1.7802257384912886e-05
1.7802257384912886e-05
1.780225696385152e-05
1.7802257219116527e-05
1.780225728336703e-05
1.7802257245262533e-05
1.7802257089182252e-05
1.7802257322795738e-05
1.7802257264881365e-05
1.780225738609321e-05
1.7802257499274937e-05
1.7802257292429082e-05
1.780225765371514e-05
1.7802257181545662e-05
1.7802257615332214e-05
1.7802257151588963e-05
1.7802257447355934e-05
1.7802256978479905e-05
1.780225739683479e-05
1.7480503675174456e-05
1.7480503675174456e-05
1.7480503297032125e-05
1.7480503511669115e-05
1.7480503582844663e-05
1.7480503416018614e-05
1.7480503297061175e-05
1.7480503541894967e-05
1.7480503403261993e-05
1.748050374867768e-05
1.7480503734189746e-05
1.7480503925878783e-05
1.7480503873187723e-05
1.7480503429857472e-05
1.7480503850182342e-05
1.7480503357940868e-05
1.7480503724827185e-05
1.7480503500633577e-05
1.7480503726727558e-05
1.7363581785991388e-05
1.7363581785991388e-05
1.7363581431989777e-05
1.7363581646725216e-05
1.7363581698661553e-05
1.7363581524282128e-05
1.7363581398585738e-05
1.7363581667657548e-05
1.736358154036829e-05
1.736358188794643e-05
1.7363581846357265e-05
1.7363582143637806e-05
1.7363581949768546e-05
1.73635815149476e-05
1.736358198241412e-05
1.7363581519413403e-05
1.7363581840297635e-05
1.7363581861864456e-05
1.7363581880769215e-05
1.73456158014828e-05
1.73456158014828e-05
1.7345615450871806e-05
1.7345615676626757e-05
1.734561571478317e-05
1.734561557086407e-05
1.734561543142534e-05
1.7345615711398385e-05
1.7345615612497066e-05
1.734561590082508e-05
1.734561587780413e-05
1.7345616130568403e-05
1.7345615963008946e-05
1.7345615526907663e-05
1.734561602560616e-05
1.7345615587613156e-05
1.734561586200779e-05
1.73456159647851e-05
1.73456159114629e-05
1.7340525738402594e-05
1.7340525738402594e-05
1.734052538778097e-05
1.734052561865008e-05
1.73405256516878e-05
1.7340525522959452e-05
1.7340525378150022e-05
1.7340525660193576e-05
1.7340525573206565e-05
1.7340525833710653e-05
1.7340525822290616e-05
1.734052604425867e-05
1.7340525900982718e-05
1.7340525465284217e-05
1.734052597332434e-05
1.7340525544000293e-05
1.7340525801363163e-05
1.734052591914247e-05
1.7340525851449143e-05
1.7327394163057257e-05
1.7327394163057257e-05
1.732739381363094e-05
1.7327394053625158e-05
1.7327394076626026e-05
1.7327393976163513e-05
1.7327393823085344e-05
1.7327394106001643e-05
1.7327394039302284e-05
1.732739424986469e-05
1.732739426120045e-05
1.732739442442422e-05
1.7327394325367395e-05
1.7327393895292023e-05
1.7327394416394332e-05
1.7327394001035667e-05
1.7327394230168067e-05
1.73273943680929e-05
1.7327394280412693e-05
1.729687659438526e-05
1.729687659438526e-05
1.729687625083741e-05
1.72968765043988e-05
1.7296876509371016e-05
1.7296876453445632e-05
1.7296876291013695e-05
1.729687656936733e-05
1.729687653094713e-05
1.729687666664209e-05
1.729687671563721e-05
1.7296876786998994e-05
1.7296876749425903e-05
1.7296876340192184e-05
1.7296876873970565e-05
1.7296876477002045e-05
1.7296876667394987e-05
1.7296876830144704e-05
1.7296876717250452e-05
1.722198828261413e-05
1.722198828261413e-05
1.7221987958897915e-05
1.7221988233593353e-05
1.722198820238776e-05
1.7221988222117415e-05
1.722198805248084e-05
1.722198830916962e-05
1.7221988310171416e-05
1.722198832769934e-05
1.7221988444720045e-05
1.722198836277632e-05
1.7221988408548052e-05
1.7221988063453003e-05
1.7221988600479497e-05
1.7221988226509122e-05
1.7221988364180677e-05
1.7221988555526314e-05
1.7221988412303193e-05
1.706748658907728e-05
1.706748658907728e-05
1.706748631524818e-05
1.7067486616018782e-05
1.7067486520900635e-05
1.7067486648877884e-05
1.706748648781553e-05
1.706748668328246e-05
1.706748672199398e-05
1.7067486590024835e-05
1.7067486813108513e-05
1.706748651806505e-05
1.706748663681993e-05
1.706748644598554e-05
1.7067486948063067e-05
1.7067486589189248e-05
1.7067486679717717e-05
1.706748688318226e-05
1.7067486723143263e-05
1.6827936480022835e-05
1.6827936480022835e-05
1.682793629826028e-05
1.682793661641349e-05
1.6827936434089688e-05
1.682793666874232e-05
1.6827936553765662e-05
1.682793662866568e-05
1.6827936667313204e-05
1.6827936427018982e-05
1.6827936771945517e-05
1.682793627945731e-05
1.68279363779321e-05
1.6827936463467007e-05
1.6827936852348144e-05
1.6827936472953122e-05
1.682793657329251e-05
1.682793673149887e-05
1.6827936607699526e-05
1.6620314395626022e-05
1.6620314395626022e-05
1.662031430930236e-05
1.662031461524264e-05
1.6620314372756468e-05
1.662031462651409e-05
1.6620314589037932e-05
1.6620314531519438e-05
1.6620314501722852e-05
1.662031431375289e-05
1.6620314712232162e-05
1.662031420757565e-05
1.6620314132974163e-05
1.662031449636678e-05
1.6620314720347914e-05
1.6620314272302985e-05
1.6620314477753903e-05
1.6620314522698146e-05
1.6620314502481482e-05
1.654469935320475e-05
1.654469935320475e-05
1.654469930142825e-05
1.6544699579100066e-05
1.654469933868761e-05
1.6544699527332157e-05
1.6544699541307316e-05
1.6544699430013655e-05
1.6544699321700323e-05
1.654469928222932e-05
1.6544699642599308e-05
1.654469928522502e-05
1.6544699028605355e-05
1.654469948508606e-05
1.6544699612362342e-05
1.6544699102404093e-05
1.6544699420384906e-05
1.6544699372194173e-05
1.6544699441361603e-05
1.6533927316490976e-05
1.6533927316490976e-05
1.653392725926478e-05
1.6533927523138033e-05
1.6533927300658717e-05
1.6533927444597817e-05
1.6533927468304318e-05
1.653392736104912e-05
1.6533927224229745e-05
1.6533927260144372e-05
1.6533927582373215e-05
1.6533927317678892e-05
1.6533926999127463e-05
1.6533927434313157e-05
1.6533927549148446e-05
1.6533927020977708e-05
1.6533927377703844e-05
1.653392730453898e-05
1.6533927399099673e-05
1.653121387498661e-05
1.653121387498661e-05
1.6531213812406417e-05
1.653121407262305e-05
1.6531213857860404e-05
1.6531213987902242e-05
1.6531214011408833e-05
1.65312139105668e-05
1.6531213768234296e-05
1.65312138241525e-05
1.6531214132680227e-05
1.6531213895909802e-05
1.6531213566605994e-05
1.653121398334768e-05
1.6531214101789887e-05
1.6531213571399347e-05
1.653121393489031e-05
1.653121385901304e-05
1.653121395681245e-05
1.6524326700493406e-05
1.6524326700493406e-05
1.6524326628788584e-05
1.6524326883205365e-05
1.652432668116024e-05
1.6524326789409955e-05
1.6524326811923728e-05
1.652432672221573e-05
1.652432657234027e-05
1.6524326658679686e-05
1.6524326944433637e-05
1.6524326751737456e-05
1.6524326408860057e-05
1.6524326791268318e-05
1.652432691875499e-05
1.652432638663025e-05
1.6524326758471453e-05
1.6524326679782953e-05
1.6524326781352628e-05
1.6507277590741547e-05
1.6507277590741547e-05
1.6507277506175912e-05
1.6507277751253227e-05
1.6507277568293274e-05
1.6507277643955037e-05
1.650727766557338e-05
1.6507277591549258e-05
1.6507277430878454e-05
1.6507277562718018e-05
1.6507277812268354e-05
1.6507277686948095e-05
1.650727732635305e-05
1.6507277651520034e-05
1.6507277796169636e-05
1.6507277263642323e-05
1.6507277645773986e-05
1.650727756300377e-05
1.6507277670156172e-05
1.6462355125229116e-05
1.6462355125229116e-05
1.646235502275843e-05
1.646235525093072e-05
1.6462355098431043e-05
1.6462355121683402e-05
1.6462355144040887e-05
1.6462355091694607e-05
1.6462354914299118e-05
1.6462355119992114e-05
1.6462355306003328e-05
1.646235529307932e-05
1.6462354909174643e-05
1.6462355128986723e-05
1.6462355309397755e-05
1.64623547813463e-05
1.6462355175244287e-05
1.646235508526222e-05
1.6462355202141703e-05
1.635285367688696e-05
1.635285367688696e-05
1.6352853555522884e-05
1.635285375415402e-05
1.63528536454606e-05
1.6352853592139475e-05
1.6352853621294806e-05
1.635285359132777e-05
1.6352853390957817e-05
1.6352853706442983e-05
1.635285378617614e-05
1.6352853947789006e-05
1.6352853542629495e-05
1.635285357523913e-05
1.6352853828290824e-05
1.6352853319660302e-05
1.6352853718829505e-05
1.635285361641569e-05
1.6352853749642273e-05
1.611033637367033e-05
1.611033637367033e-05
1.611033624753605e-05
1.611033639749901e-05
1.61103363409399e-05
1.6110336193363004e-05
1.611033624543596e-05
1.6110336219381515e-05
1.6110335994412407e-05
1.611033644984253e-05
1.611033636470173e-05
1.6110336767291266e-05
1.6110336368373537e-05
1.6110336086357363e-05
1.611033648038388e-05
1.6110336028283866e-05
1.61103364037842e-05
1.6110336281219867e-05
1.6110336440027056e-05
1.5691823276392645e-05
1.5691823276392645e-05
1.5691823194104563e-05
1.5691823281486173e-05
1.569182325397081e-05
1.5691823045718577e-05
1.5691823149473252e-05
1.569182306598167e-05
1.5691822834541506e-05
1.5691823392169967e-05
1.5691823114567207e-05
1.5691823738467207e-05
1.5691823425833445e-05
1.5691822727863338e-05
1.569182334325316e-05
1.569182301027825e-05
1.569182329408534e-05
1.5691823146289045e-05
1.5691823335384675e-05
1.5248186321976091e-05
1.5248186321976091e-05
1.5248186350117748e-05
1.5248186396799407e-05
1.5248186325899719e-05
1.5248186177479743e-05
1.524818635122479e-05
1.524818612805686e-05
1.5248185933735495e-05
1.52481864301026e-05
1.5248186059694233e-05
1.5248186681873124e-05
1.5248186553725139e-05
1.5248185567288414e-05
1.5248186391799222e-05
1.5248186212256242e-05
1.5248186336164957e-05
1.5248186173201444e-05
1.5248186377615713e-05
1.5035322372539075e-05
1.5035322372539075e-05
1.5035322504424429e-05
1.5035322561395069e-05
1.5035322401368309e-05
1.5035322397570757e-05
1.5035322612051359e-05
1.5035322259828646e-05
1.5035322122700129e-05
1.503532242878011e-05
1.503532213437736e-05
1.503532252205397e-05
1.5035322553790078e-05
1.5035321612554995e-05
1.5035322488059685e-05
1.5035322391592432e-05
1.5035322394971872e-05
1.5035322238052786e-05
1.5035322431373672e-05
1.4997055860932984e-05
1.4997055860932984e-05
1.4997056025370953e-05
1.4997056104977193e-05
1.4997055897634422e-05
1.4997055974785907e-05
1.4997056191985325e-05
1.4997055800263914e-05
1.4997055690212957e-05
1.4997055882851253e-05
1.4997055678275894e-05
1.4997055898107534e-05
1.499705597490003e-05
1.499705517582822e-05
1.4997056007991165e-05
1.4997055912867058e-05
1.4997055890574167e-05
1.4997055743955166e-05
1.499705592335795e-05
1.4991472268575901e-05
1.4991472268575901e-05
1.4991472434699017e-05
1.4991472522598341e-05
1.4991472305699976e-05
1.499147240035464e-05
1.4991472613930436e-05
1.4991472220691663e-05
1.4991472115647457e-05
1.4991472281891002e-05
1.4991472107059981e-05
1.4991472282218227e-05
1.4991472359790377e-05
1.4991471616925508e-05
1.4991472423622016e-05
1.4991472319121132e-05
1.4991472300296165e-05
1.499147215765085e-05
1.4991472332199007e-05
1.4983560237937109e-05
1.4983560237937109e-05
1.498356040353882e-05
1.4983560498718223e-05
1.4983560274939663e-05
1.4983560383098344e-05
1.4983560592449213e-05
1.4983560200728091e-05
1.4983560099619908e-05
1.4983560244070142e-05
1.4983560096472662e-05
1.4983560232952523e-05
1.4983560308771255e-05
1.498355961976852e-05
1.4983560399386628e-05
1.498356028399071e-05
1.4983560271392637e-05
1.4983560132976904e-05
1.498356030271242e-05
1.4960563670249498e-05
1.4960563670249498e-05
1.4960563834086966e-05
1.4960563940727577e-05
1.4960563706796464e-05
1.4960563836748328e-05
1.4960564038566816e-05
1.4960563651455253e-05
1.4960563557703564e-05
1.496056366413511e-05
1.4960563564725988e-05
1.4960563633016621e-05
1.4960563706665884e-05
1.4960563114803565e-05
1.4960563841736454e-05
1.4960563705912856e-05
1.496056370644971e-05
1.4960563576969681e-05
1.4960563737224756e-05
1.4903210845580776e-05
1.4903210845580776e-05
1.4903211005911963e-05
1.490321112640041e-05
1.4903210881140534e-05
1.4903211040474399e-05
1.4903211231281442e-05
1.4903210854387859e-05
1.4903210773432985e-05
1.4903210821500381e-05
1.4903210795767993e-05
1.4903210758872646e-05
1.4903210833556367e-05
1.4903210393510181e-05
1.4903211029527707e-05
1.490321086100108e-05
1.4903210885205575e-05
1.4903210772940574e-05
1.4903210916321375e-05
1.476114083383662e-05
1.476114083383662e-05
1.4761140987129182e-05
1.4761141119318008e-05
1.476114086724139e-05
1.4761141061584598e-05
1.476114123710833e-05
1.4761140883339454e-05
1.4761140825896834e-05
1.4761140784281053e-05
1.4761140870481622e-05
1.4761140671035206e-05
1.4761140758805497e-05
1.4761140557419453e-05
1.4761141029505168e-05
1.4761140807950657e-05
1.4761140876723542e-05
1.4761140799573127e-05
1.4761140911312436e-05
1.445784890982269e-05
1.445784890982269e-05
1.445784905036111e-05
1.4457849174238894e-05
1.44578489389983e-05
1.4457849153119582e-05
1.445784931337328e-05
1.4457849006478575e-05
1.4457848987934795e-05
1.445784883328749e-05
1.4457849057356319e-05
1.445784865093825e-05
1.445784878289252e-05
1.4457848894901041e-05
1.4457849102442445e-05
1.4457848807563797e-05
1.4457848952015675e-05
1.4457848939869908e-05
1.4457848998056722e-05
1.3965823978818208e-05
1.3965823978818208e-05
1.3965824101248992e-05
1.396582416535704e-05
1.3965824001461433e-05
1.396582417273236e-05
1.3965824331485627e-05
1.3965824099248024e-05
1.3965824129945994e-05
1.3965823895120059e-05
1.3965824209467475e-05
1.3965823651405354e-05
1.3965823879251418e-05
1.3965824242979978e-05
1.396582412769643e-05
1.3965823765752932e-05
1.3965824009305551e-05
1.3965824091648609e-05
1.3965824079971003e-05
1.3503778568657801e-05
1.3503778568657801e-05
1.35037786773174e-05
1.350377863162729e-05
1.3503778585625577e-05
1.3503778629117276e-05
1.3503778813801072e-05
1.3503778649192003e-05
1.3503778709269046e-05
1.3503778521305195e-05
1.3503778762685992e-05
1.3503778280402403e-05
1.3503778625295716e-05
1.3503778921011191e-05
1.3503778631510715e-05
1.3503778268481466e-05
1.3503778575888291e-05
1.3503778732804396e-05
1.350377867643908e-05
1.3317653844129663e-05
1.3317653844129663e-05
1.3317653952142156e-05
1.3317653826904737e-05
1.3317653860014548e-05
1.3317653787349445e-05
1.3317654004563397e-05
1.3317653855627785e-05
1.331765390767094e-05
1.3317653846853802e-05
1.3317653920738994e-05
1.3317653663631686e-05
1.3317654064452431e-05
1.3317654056440364e-05
1.3317653842104064e-05
1.331765353713536e-05
1.3317653833709242e-05
1.3317653996874025e-05
1.3317653948464363e-05
1.3292506180587355e-05
1.3292506180587355e-05
1.3292506292298598e-05
1.3292506150628267e-05
1.3292506197494976e-05
1.329250609101519e-05
1.3292506320612873e-05
1.3292506161161921e-05
1.3292506199390199e-05
1.3292506203478125e-05
1.3292506195236376e-05
1.329250605547753e-05
1.329250645523413e-05
1.3292506279191705e-05
1.3292506164317516e-05
1.3292505896038898e-05
1.329250616624008e-05
1.3292506310557161e-05
1.3292506280739809e-05
1.3291053175794194e-05
1.3291053175794194e-05
1.3291053288776378e-05
1.3291053148410002e-05
1.3291053193132193e-05
1.3291053085169634e-05
1.329105331611826e-05
1.3291053151809497e-05
1.3291053186038288e-05
1.3291053201175492e-05
1.3291053179526462e-05
1.329105306042963e-05
1.3291053454216617e-05
1.3291053247614243e-05
1.3291053160558145e-05
1.3291052900073306e-05
1.3291053161702002e-05
1.3291053298682728e-05
1.3291053274764266e-05
1.3289492313271034e-05
1.3289492313271034e-05
1.3289492427030553e-05
1.3289492288328616e-05
1.328949233088683e-05
1.3289492223008502e-05
1.3289492454458613e-05
1.3289492286888293e-05
1.328949231853251e-05
1.3289492339763157e-05
1.3289492310854168e-05
1.3289492203777332e-05
1.3289492591651643e-05
1.3289492368163108e-05
1.3289492299833665e-05
1.3289492044595197e-05
1.3289492299635195e-05
1.3289492430964206e-05
1.3289492411380731e-05
1.3283655002212048e-05
1.3283655002212048e-05
1.3283655117244313e-05
1.3283654981905707e-05
1.3283655020307274e-05
1.3283654912493529e-05
1.3283655144635914e-05
1.3283654971113791e-05
1.3283654997743512e-05
1.3283655030635064e-05
1.3283654987862356e-05
1.328365490540578e-05
1.3283655277346739e-05
1.3283655022875009e-05
1.32836549938307e-05
1.3283654750707626e-05
1.3283654989838434e-05
1.3283655107950946e-05
1.3283655098315678e-05
1.3269001195281397e-05
1.3269001195281397e-05
1.326900131133773e-05
1.3269001180180263e-05
1.3269001213831862e-05
1.3269001105170007e-05
1.3269001337671518e-05
1.3269001157585186e-05
1.3269001177752351e-05
1.326900122589632e-05
1.3269001164968324e-05
1.3269001118647976e-05
1.3269001459149756e-05
1.3269001167790161e-05
1.3269001196983005e-05
1.3269000974640576e-05
1.3269001185380229e-05
1.3269001280877244e-05
1.3269001287939063e-05
1.3231937867782678e-05
1.3231937867782678e-05
1.3231937983325911e-05
1.323193785663044e-05
1.3231937886417398e-05
1.3231937773987586e-05
1.3231938005455646e-05
1.3231937820669756e-05
1.3231937833120666e-05
1.3231937900239634e-05
1.3231937816639883e-05
1.323193782608478e-05
1.3231938098502182e-05
1.3231937771322265e-05
1.3231937891454983e-05
1.3231937708492248e-05
1.3231937863185433e-05
1.32319379160242e-05
1.323193795390677e-05
1.315848557766748e-05
1.315848557766748e-05
1.315848568786996e-05
1.3158485561758095e-05
1.3158485594995067e-05
1.3158485472650802e-05
1.3158485699333822e-05
1.3158485521491364e-05
1.3158485530227306e-05
1.3158485608751761e-05
1.3158485511266426e-05
1.315848558463979e-05
1.3158485734700171e-05
1.3158485414293496e-05
1.3158485641023842e-05
1.3158485519761382e-05
1.3158485582515375e-05
1.3158485568900963e-05
1.3158485653549575e-05
1.305778174891048e-05
1.305778174891048e-05
1.305778184612138e-05
1.3057781710388808e-05
1.3057781762532519e-05
1.305778162315594e-05
1.3057781839631304e-05
1.3057781692136563e-05
1.305778171030899e-05
1.3057781771710356e-05
1.3057781693964174e-05
1.3057781798316586e-05
1.3057781792196162e-05
1.3057781579699065e-05
1.3057781863180702e-05
1.3057781808015307e-05
1.3057781765688162e-05
1.3057781681504983e-05
1.3057781813812076e-05
1.2987246285511712e-05
1.2987246285511712e-05
1.2987246368454418e-05
1.298724621567884e-05
1.29872462947552e-05
1.2987246140892922e-05
1.2987246346986656e-05
1.2987246240739089e-05
1.2987246280178547e-05
1.2987246296308184e-05
1.2987246271757239e-05
1.2987246336682318e-05
1.2987246242625194e-05
1.2987246202420867e-05
1.298724642871068e-05
1.2987246396526019e-05
1.2987246308856057e-05
1.29872462009725e-05
1.2987246346582918e-05
1.296711466011105e-05
1.296711466011105e-05
1.2967114737434909e-05
1.2967114574620788e-05
1.2967114667471029e-05
1.296711451016495e-05
1.2967114712580224e-05
1.2967114626675342e-05
1.2967114680185815e-05
1.2967114664682364e-05
1.2967114677445941e-05
1.2967114688540767e-05
1.2967114603666868e-05
1.2967114659143362e-05
1.2967114800513691e-05
1.2967114751405987e-05
1.2967114682604558e-05
1.2967114593559706e-05
1.296711472398045e-05
1.2964852913467045e-05
1.2964852913467045e-05
1.296485299066366e-05
1.2964852826189657e-05
1.296485292071511e-05
1.2964852764420947e-05
1.2964852966909208e-05
1.2964852883271248e-05
1.2964852939672714e-05
1.2964852917244622e-05
1.296485293812288e-05
1.2964852930784532e-05
1.2964852866080835e-05
1.2964852935968475e-05
1.296485304728868e-05
1.2964852986000561e-05
1.296485293436139e-05
1.2964852858544952e-05
1.2964852979354007e-05
1.2964356169491276e-05
1.2964356169491276e-05
1.296435624692647e-05
1.2964356082417756e-05
1.296435617679609e-05
1.296435602115489e-05
1.296435622382264e-05
1.2964356139957023e-05
1.2964356196748976e-05
1.296435617331291e-05
1.2964356195244081e-05
1.2964356183686623e-05
1.296435612648561e-05
1.2964356196599153e-05
1.296435630078768e-05
1.2964356235600351e-05
1.2964356189779408e-05
1.2964356118181398e-05
1.296435623602193e-05
1.2962757139270244e-05
1.2962757139270244e-05
1.296275721718581e-05
1.2962757052898757e-05
1.2962757146700133e-05
1.2962756992703685e-05
1.2962757195605398e-05
1.2962757111108306e-05
1.2962757168729903e-05
1.296275714327714e-05
1.2962757166903758e-05
1.296275714693823e-05
1.2962757105977972e-05
1.2962757175288826e-05
1.2962757264874656e-05
1.296275719133062e-05
1.2962757158185395e-05
1.2962757095655959e-05
1.2962757207172161e-05
1.295906272560545e-05
1.295906272560545e-05
1.2959062803929123e-05
1.2959062640394712e-05
1.2959062733158265e-05
1.2959062581903836e-05
1.2959062784635695e-05
1.2959062699515175e-05
1.2959062758649979e-05
1.2959062729910351e-05
1.2959062755504519e-05
1.2959062724194815e-05
1.2959062705875624e-05
1.2959062773647583e-05
1.2959062842724948e-05
1.295906275738474e-05
1.2959062742453173e-05
1.2959062692808218e-05
1.2959062795422774e-05
1.2948991126213618e-05
1.2948991126213618e-05
1.2948991204453207e-05
1.2948991043296324e-05
1.2948991133814595e-05
1.2948990988253658e-05
1.2948991189327068e-05
1.2948991104024192e-05
1.2948991166704656e-05
1.2948991131073205e-05
1.2948991159056734e-05
1.294899110984449e-05
1.2948991128655444e-05
1.29489911934022e-05
1.2948991227920628e-05
1.294899112275507e-05
1.2948991139251745e-05
1.2948991111489498e-05
1.2948991199195908e-05
1.2924068072068195e-05
1.2924068072068195e-05
1.2924068148210635e-05
1.2924067993454175e-05
1.2924068079335162e-05
1.2924067945107533e-05
1.2924068140179268e-05
1.292406805683725e-05
1.292406812743068e-05
1.2924068077890617e-05
1.2924068107191663e-05
1.2924068033902463e-05
1.2924068106291925e-05
1.2924068165510466e-05
1.2924068147626994e-05
1.2924068012582823e-05
1.2924068078515127e-05
1.2924068084314896e-05
1.292406814968259e-05
1.2864900280093534e-05
1.2864900280093534e-05
1.2864900348263237e-05
1.2864900209643048e-05
1.2864900285852846e-05
1.2864900174472869e-05
1.2864900352205277e-05
1.2864900277329401e-05
1.286490036553391e-05
1.2864900287580692e-05
1.2864900312882244e-05
1.2864900213454635e-05
1.28649003544287e-05
1.286490040349305e-05
1.2864900311727941e-05
1.2864900135036558e-05
1.2864900275177138e-05
1.2864900329253666e-05
1.2864900363811931e-05
1.2746390966041742e-05
1.2746390966041742e-05
1.2746391013518286e-05
1.2746390909217918e-05
1.274639096766866e-05
1.2746390896913633e-05
1.2746391034695224e-05
1.2746390982724264e-05
1.2746391105117406e-05
1.2746390976006737e-05
1.2746390982620907e-05
1.2746390875691394e-05
1.274639107000599e-05
1.274639110274719e-05
1.2746390934877775e-05
1.2746390716486366e-05
1.2746390944270962e-05
1.2746391050455224e-05
1.2746391054985236e-05
1.2578197093437769e-05
1.2578197093437769e-05
1.2578197104559308e-05
1.2578197052803391e-05
1.2578197087580297e-05
1.2578197069039112e-05
1.2578197141812712e-05
1.257819713103142e-05
1.2578197301643524e-05
1.2578197105863695e-05
1.2578197071130374e-05
1.257819701292551e-05
1.2578197173048407e-05
1.2578197187407764e-05
1.2578197004497385e-05
1.2578196780981816e-05
1.2578197055027347e-05
1.2578197177655677e-05
1.257819718066651e-05
1.2452815339665675e-05
1.2452815339665675e-05
1.2452815317417057e-05
1.2452815306983173e-05
1.2452815326739065e-05
1.2452815339020097e-05
1.2452815356741432e-05
1.245281538460313e-05
1.2452815588850008e-05
1.2452815352657944e-05
1.245281527237722e-05
1.2452815314172389e-05
1.2452815328702478e-05
1.2452815335386783e-05
1.2452815244647115e-05
1.2452815077305815e-05
1.2452815297571864e-05
1.2452815368216083e-05
1.24528154155899e-05
1.2417244395643066e-05
1.2417244395643066e-05
1.2417244364118804e-05
1.2417244360238714e-05
1.241724438061034e-05
1.2417244389205162e-05
1.2417244394923181e-05
1.2417244434106817e-05
1.241724464001875e-05
1.2417244407575717e-05
1.2417244309206263e-05
1.2417244418408837e-05
1.2417244310626725e-05
1.2417244321774665e-05
1.2417244332626886e-05
1.2417244224578901e-05
1.2417244360842367e-05
1.2417244368942462e-05
1.2417244461448319e-05
1.2414643590258869e-05
1.2414643590258869e-05
1.2414643560994138e-05
1.2414643551808821e-05
1.2414643575634401e-05
1.2414643575860559e-05
1.2414643586985676e-05
1.2414643623828399e-05
1.2414643823433202e-05
1.2414643601523648e-05
1.2414643503471055e-05
1.2414643626224213e-05
1.2414643486312446e-05
1.2414643501371913e-05
1.241464354499386e-05
1.241464345561766e-05
1.2414643559988668e-05
1.2414643546902634e-05
1.2414643653245633e-05
1.2414405055725438e-05
1.2414405055725438e-05
1.2414405027870155e-05
1.2414405016386326e-05
1.2414405041385862e-05
1.2414405038852966e-05
1.2414405052677024e-05
1.2414405087921921e-05
1.2414405285049585e-05
1.2414405066812671e-05
1.2414404970062818e-05
1.2414405093327294e-05
1.241440494978149e-05
1.2414404965965352e-05
1.2414405014830796e-05
1.2414404928408575e-05
1.2414405026627448e-05
1.2414405009937277e-05
1.241440511834832e-05
1.2413304411312704e-05
1.2413304411312704e-05
1.2413304386072331e-05
1.2413304370526424e-05
1.2413304397512114e-05
1.2413304390183111e-05
1.241330440888718e-05
1.2413304441076876e-05
1.2413304633501006e-05
1.2413304422083256e-05
1.2413304327946615e-05
1.2413304451169312e-05
1.2413304302927315e-05
1.2413304321057606e-05
1.2413304377871338e-05
1.241330429606639e-05
1.2413304384230362e-05
1.241330436194584e-05
1.2413304473418938e-05
1.2409795570104208e-05
1.2409795570104208e-05
1.2409795548743448e-05
1.240979552743402e-05
1.2409795557122923e-05
1.240979554286367e-05
1.2409795568652717e-05
1.2409795596104459e-05
1.2409795780859556e-05
1.2409795580373093e-05
1.2409795490334238e-05
1.2409795613033401e-05
1.2409795458776625e-05
1.2409795479783633e-05
1.2409795547815935e-05
1.2409795472948165e-05
1.240979554604247e-05
1.2409795515731521e-05
1.2409795631483546e-05
1.2399117655726781e-05
1.2399117655726781e-05
1.239911764064699e-05
1.2399117610657088e-05
1.2399117644122965e-05
1.2399117619006177e-05
1.239911765588615e-05
1.2399117675124352e-05
1.2399117845529892e-05
1.2399117665084833e-05
1.2399117582211799e-05
1.2399117703261103e-05
1.2399117540921624e-05
1.239911756662856e-05
1.2399117652118402e-05
1.2399117589192189e-05
1.2399117636726948e-05
1.23991175936277e-05
1.2399117715959082e-05
1.2370933472261816e-05
1.2370933472261816e-05
1.23709334663156e-05
1.2370933425366149e-05
1.2370933462792179e-05
1.2370933422790714e-05
1.2370933474829307e-05
1.2370933480727285e-05
1.2370933625269504e-05
1.2370933480038448e-05
1.2370933408941519e-05
1.2370933525619852e-05
1.2370933355594395e-05
1.2370933388261015e-05
1.237093349750161e-05
1.2370933453873076e-05
1.2370933461084334e-05
1.2370933399806059e-05
1.2370933530886256e-05
1.2304248189431808e-05
1.2304248189431808e-05
1.2304248194819844e-05
1.2304248144566126e-05
1.230424818294931e-05
1.2304248126807105e-05
1.2304248195152794e-05
1.2304248180887973e-05
1.2304248280417887e-05
1.2304248194581518e-05
1.2304248141599454e-05
1.2304248247777833e-05
1.2304248078685046e-05
1.2304248120315122e-05
1.2304248254841466e-05
1.2304248240177288e-05
1.2304248189158474e-05
1.2304248106374925e-05
1.2304248246212777e-05
1.2179973748218654e-05
1.2179973748218654e-05
1.2179973761194994e-05
1.2179973715906868e-05
1.2179973744618839e-05
1.2179973683742657e-05
1.2179973756480092e-05
1.2179973719313628e-05
1.2179973755044601e-05
1.2179973749877927e-05
1.2179973718147584e-05
1.2179973804072468e-05
1.2179973662882843e-05
1.2179973711366055e-05
1.2179973851915006e-05
1.2179973869720604e-05
1.2179973758365731e-05
1.2179973663926648e-05
1.2179973804160246e-05
1.2031505334686138e-05
1.2031505334686138e-05
1.2031505340453184e-05
1.2031505328101523e-05
1.203150533131697e-05
1.2031505295363598e-05
1.2031505341976834e-05
1.2031505294943193e-05
1.2031505278059295e-05
1.2031505333836788e-05
1.2031505312604267e-05
1.2031505373292575e-05
1.2031505297346376e-05
1.203150534218433e-05
1.2031505440327893e-05
1.2031505471273879e-05
1.2031505345427502e-05
1.2031505271285932e-05
1.2031505392752978e-05
1.1946523218277485e-05
1.1946523218277485e-05
1.1946523204714812e-05
1.1946523234515516e-05
1.1946523211886879e-05
1.1946523217721365e-05
1.1946523221196018e-05
1.1946523186475133e-05
1.1946523167317418e-05
1.1946523217842238e-05
1.1946523187137999e-05
1.1946523234683859e-05
1.1946523221198076e-05
1.1946523252748476e-05
1.1946523282159327e-05
1.194652329441338e-05
1.19465232177475e-05
1.194652318672282e-05
1.1946523280414781e-05
1.1928815017205546e-05
1.1928815017205546e-05
1.1928814991986388e-05
1.1928815039787847e-05
1.1928815008408041e-05
1.192881503542115e-05
1.1928815017201973e-05
1.192881499613975e-05
1.1928814997919632e-05
1.1928815018167686e-05
1.1928814975705162e-05
1.1928815024087507e-05
1.1928815030193849e-05
1.1928815053165164e-05
1.1928815048351278e-05
1.1928815040664017e-05
1.1928815007809967e-05
1.1928815000972215e-05
1.1928815081535647e-05
1.1928228389479409e-05
1.1928228389479409e-05
1.1928228362234679e-05
1.192822841160284e-05
1.1928228380140703e-05
1.1928228409991384e-05
1.192822838890671e-05
1.1928228371532908e-05
1.1928228381646902e-05
1.1928228390926058e-05
1.1928228345147463e-05
1.192822839551771e-05
1.1928228401228582e-05
1.1928228422588212e-05
1.192822841334315e-05
1.1928228400363125e-05
1.1928228378106907e-05
1.1928228375093769e-05
1.1928228454135219e-05
1.1928372157752638e-05
1.1928372157752638e-05
1.1928372130452966e-05
1.1928372179546261e-05
1.1928372148374425e-05
1.192837217813477e-05
1.1928372157150564e-05
1.1928372140147516e-05
1.1928372151442897e-05
1.1928372159261682e-05
1.1928372113134062e-05
1.192837216393113e-05
1.1928372168863087e-05
1.1928372190152469e-05
1.192837218109067e-05
1.1928372167592212e-05
1.192837214623666e-05
1.1928372143254274e-05
1.1928372222405784e-05
1.192855831799497e-05
1.192855831799497e-05
1.1928558290666276e-05
1.1928558339239638e-05
1.1928558308567006e-05
1.1928558338092152e-05
1.19285583173572e-05
1.192855830087838e-05
1.1928558313928082e-05
1.192855831959546e-05
1.1928558272976625e-05
1.19285583244354e-05
1.192855832805947e-05
1.1928558349275475e-05
1.1928558340656846e-05
1.1928558326433248e-05
1.1928558306294147e-05
1.192855830325169e-05
1.1928558382632463e-05
1.1928686069571163e-05
1.1928686069571163e-05
1.1928686042217498e-05
1.1928686089948443e-05
1.1928686060070924e-05
1.1928686089219639e-05
1.192868606887283e-05
1.1928686053211299e-05
1.1928686068966349e-05
1.1928686071312757e-05
1.1928686023945941e-05
1.1928686076424095e-05
1.1928686078003057e-05
1.1928686099106162e-05
1.1928686091206263e-05
1.1928686075863237e-05
1.1928686057589609e-05
1.1928686054437969e-05
1.1928686134178628e-05
1.1928461268744204e-05
1.1928461268744204e-05
1.1928461241383852e-05
1.1928461287669632e-05
1.192846125913473e-05
1.1928461287670815e-05
1.19284612679281e-05
1.1928461253638411e-05
1.1928461273816276e-05
1.1928461270717216e-05
1.1928461222143123e-05
1.1928461276273602e-05
1.1928461274491878e-05
1.1928461295398555e-05
1.1928461288702411e-05
1.1928461271507652e-05
1.1928461256304192e-05
1.1928461252970973e-05
1.1928461333290874e-05
1.1926968823388262e-05
1.1926968823388262e-05
1.1926968796103472e-05
1.1926968839914157e-05
1.1926968813627462e-05
1.1926968841200545e-05
1.1926968822334751e-05
1.192696881032675e-05
1.1926968837553766e-05
1.1926968825732088e-05
1.1926968775273033e-05
1.1926968831997911e-05
1.1926968824823844e-05
1.1926968845384403e-05
1.1926968840672179e-05
1.1926968820466618e-05
1.1926968810217231e-05
1.1926968806592727e-05
1.1926968887807997e-05
1.1921613778528841e-05
1.1921613778528841e-05
1.1921613751591172e-05
1.192161379101176e-05
1.1921613768587275e-05
1.1921613794663902e-05
1.1921613776966353e-05
1.1921613768840353e-05
1.1921613807284586e-05
1.1921613781467854e-05
1.192161372811229e-05
1.192161378886255e-05
1.1921613773013831e-05
1.1921613792936399e-05
1.1921613791551735e-05
1.1921613766398108e-05
1.1921613764193322e-05
1.1921613760101365e-05
1.192161384266751e-05
1.1905478012838995e-05
1.1905478012838995e-05
1.1905477987037682e-05
1.1905478018459487e-05
1.190547800277527e-05
1.1905478026626421e-05
1.1905478010141478e-05
1.1905478008698103e-05
1.1905478064538306e-05
1.1905478016714665e-05
1.1905477959138846e-05
1.1905478025859905e-05
1.1905477996311025e-05
1.1905478015014052e-05
1.1905478019239536e-05
1.1905477985998169e-05
1.1905477996694379e-05
1.1905477991867264e-05
1.19054780763333e-05
1.186108793191783e-05
1.186108793191783e-05
1.1861087909371077e-05
1.1861087925890493e-05
1.1861087922094224e-05
1.186108794292974e-05
1.1861087926636904e-05
1.1861087936762834e-05
1.186108801814834e-05
1.1861087937205024e-05
1.1861087874152457e-05
1.1861087948920286e-05
1.1861087898597811e-05
1.1861087914899827e-05
1.186108792855582e-05
1.1861087882339752e-05
1.1861087913108183e-05
1.1861087907174426e-05
1.1861087993913084e-05
1.174951867283867e-05
1.174951867283867e-05
1.1749518658654665e-05
1.1749518647872107e-05
1.174951866444198e-05
1.1749518682138747e-05
1.17495186618356e-05
1.1749518691297872e-05
1.1749518804996214e-05
1.1749518680007951e-05
1.174951861195696e-05
1.1749518694972663e-05
1.1749518616618033e-05
1.1749518628249117e-05
1.174951865702625e-05
1.1749518591457909e-05
1.1749518650635325e-05
1.1749518643229218e-05
1.1749518731457386e-05
1.1508375876871748e-05
1.1508375876871748e-05
1.150837588092362e-05
1.1508375825617869e-05
1.1508375872692809e-05
1.1508375889841821e-05
1.15083758546423e-05
1.1508375912075784e-05
1.1508376050714659e-05
1.1508375885761799e-05
1.1508375819206077e-05
1.1508375903230542e-05
1.1508375798369515e-05
1.1508375801861964e-05
1.1508375851167798e-05
1.150837576250422e-05
1.150837585198618e-05
1.1508375843242524e-05
1.1508375928776583e-05
1.1126438581746466e-05
1.1126438581746466e-05
1.1126438614443478e-05
1.1126438507822015e-05
1.1126438585565059e-05
1.1126438609663832e-05
1.1126438543435005e-05
1.1126438627198807e-05
1.1126438748546639e-05
1.112643859038298e-05
1.1126438541552032e-05
1.1126438606101591e-05
1.112643850255015e-05
1.1126438495797134e-05
1.1126438561912524e-05
1.1126438460669546e-05
1.1126438558500191e-05
1.1126438549979222e-05
1.1126438623909563e-05
1.079587507056679e-05
1.079587507056679e-05
1.0795875126784596e-05
1.0795874997045679e-05
1.079587508235365e-05
1.079587512013465e-05
1.0795875020636385e-05
1.0795875108037907e-05
1.0795875157517182e-05
1.0795875075975634e-05
1.079587505740322e-05
1.0795875084452632e-05
1.0795875025837255e-05
1.0795875013264012e-05
1.0795875077416268e-05
1.0795874990047957e-05
1.0795875054643655e-05
1.0795875048679127e-05
1.0795875105551375e-05
1.0693341547692256e-05
1.0693341547692256e-05
1.0693341608262584e-05
1.0693341489984942e-05
1.0693341562113409e-05
1.0693341609025565e-05
1.0693341496925123e-05
1.0693341570117721e-05
1.0693341558570168e-05
1.0693341550004905e-05
1.0693341550030159e-05
1.0693341552338059e-05
1.0693341538336452e-05
1.069334152683088e-05
1.0693341577572917e-05
1.0693341512802959e-05
1.0693341538070633e-05
1.0693341534544075e-05
1.0693341582025859e-05
1.06940970216803e-05
1.06940970216803e-05
1.0694097079392974e-05
1.0694096971998214e-05
1.0694097035728278e-05
1.0694097084361993e-05
1.0694096972999424e-05
1.06940970381151e-05
1.0694097010814017e-05
1.0694097023103056e-05
1.0694097026122274e-05
1.0694097023851599e-05
1.0694097023011925e-05
1.0694097013312859e-05
1.0694097057600697e-05
1.0694097001421418e-05
1.0694097013706269e-05
1.0694097010877855e-05
1.0694097057231516e-05
1.069777021839082e-05
1.069777021839082e-05
1.0697770275092302e-05
1.0697770169871032e-05
1.0697770232183097e-05
1.069777028072101e-05
1.0697770170309122e-05
1.0697770234152472e-05
1.0697770206363029e-05
1.0697770219764944e-05
1.0697770222460294e-05
1.0697770220464698e-05
1.0697770220413935e-05
1.0697770211124637e-05
1.0697770254519591e-05
1.069777019924576e-05
1.0697770210472403e-05
1.0697770207682373e-05
1.0697770254298589e-05
1.0698895685960754e-05
1.0698895685960754e-05
1.069889574235778e-05
1.0698895637697875e-05
1.0698895699669123e-05
1.0698895748136892e-05
1.0698895638053033e-05
1.0698895701600685e-05
1.069889567394525e-05
1.069889568733492e-05
1.0698895689858906e-05
1.0698895688048275e-05
1.069889568802081e-05
1.0698895678840922e-05
1.0698895722044774e-05
1.0698895666925872e-05
1.0698895678029572e-05
1.0698895675240532e-05
1.069889572196882e-05
1.070228722513711e-05
1.070228722513711e-05
1.070228728053295e-05
1.070228717769586e-05
1.0702287238567604e-05
1.0702287286784919e-05
1.0702287177805089e-05
1.0702287240399936e-05
1.0702287213251673e-05
1.0702287226514637e-05
1.0702287228468293e-05
1.0702287227279498e-05
1.070228722727598e-05
1.0702287218447265e-05
1.0702287261044599e-05
1.0702287206408446e-05
1.0702287217155357e-05
1.0702287214371303e-05
1.0702287261461214e-05
1.0706115845557575e-05
1.0706115845557575e-05
1.07061158996048e-05
1.0706115799218195e-05
1.0706115858612843e-05
1.0706115906468626e-05
1.0706115799013211e-05
1.070611586032363e-05
1.0706115833863001e-05
1.0706115846939401e-05
1.0706115848149315e-05
1.0706115847774203e-05
1.0706115847794762e-05
1.0706115839426178e-05
1.0706115881216382e-05
1.0706115827231097e-05
1.0706115837503473e-05
1.0706115834735753e-05
1.0706115882278134e-05
1.071125058706258e-05
1.071125058706258e-05
1.0711250638609842e-05
1.0711250542760903e-05
1.0711250599420389e-05
1.0711250646544542e-05
1.0711250542011525e-05
1.0711250600930816e-05
1.0711250575733553e-05
1.071125058845053e-05
1.071125058835325e-05
1.0711250589414128e-05
1.071125058947537e-05
1.0711250581926312e-05
1.0711250622240056e-05
1.0711250569472888e-05
1.0711250578865494e-05
1.0711250576154862e-05
1.071125062444049e-05
1.0715138474161465e-05
1.0715138474161465e-05
1.0715138521532046e-05
1.0715138433253537e-05
1.0715138485349558e-05
1.0715138531102595e-05
1.0715138431685716e-05
1.0715138486584532e-05
1.0715138463466956e-05
1.0715138475554906e-05
1.0715138473448045e-05
1.0715138476731335e-05
1.0715138476853414e-05
1.0715138470592668e-05
1.0715138508486684e-05
1.0715138457784092e-05
1.071513846570429e-05
1.0715138463154267e-05
1.0715138512449487e-05
1.0710977833818693e-05
1.0710977833818693e-05
1.071097787380815e-05
1.0710977798882753e-05
1.0710977842928819e-05
1.0710977885899464e-05
1.0710977796088701e-05
1.0710977843820236e-05
1.0710977824302505e-05
1.0710977835210419e-05
1.0710977829973697e-05
1.0710977836757177e-05
1.07109778369701e-05
1.0710977832790661e-05
1.0710977866521805e-05
1.0710977819539288e-05
1.0710977824850718e-05
1.071097782274215e-05
1.0710977873260467e-05
1.067986127445991e-05
1.067986127445991e-05
1.067986130186081e-05
1.0679861249650787e-05
1.067986128000134e-05
1.0679861317406872e-05
1.0679861245267759e-05
1.0679861280633641e-05
1.0679861267083194e-05
1.0679861275822646e-05
1.067986126620973e-05
1.067986127798777e-05
1.0679861278317614e-05
1.0679861277241994e-05
1.0679861304131971e-05
1.0679861263657164e-05
1.0679861264504058e-05
1.0679861263508009e-05
1.0679861314832163e-05
1.0583578798755022e-05
1.0583578798755022e-05
1.0583578806658008e-05
1.0583578789506777e-05
1.0583578798716448e-05
1.058357882575634e-05
1.0583578783732274e-05
1.0583578799643356e-05
1.0583578794968556e-05
1.058357880001732e-05
1.0583578785674654e-05
1.058357880311211e-05
1.0583578803542011e-05
1.0583578806324135e-05
1.0583578823168886e-05
1.0583578793121133e-05
1.0583578787020497e-05
1.0583578788513502e-05
1.0583578838359252e-05
1.0385159404078532e-05
1.0385159404078532e-05
1.0385159390120304e-05
1.0385159412040903e-05
1.0385159397683508e-05
1.0385159409778339e-05
1.0385159406742136e-05
1.038515940026533e-05
1.038515940484382e-05
1.0385159405122533e-05
1.0385159389375375e-05
1.0385159409206092e-05
1.0385159409594101e-05
1.0385159414894217e-05
1.0385159421524453e-05
1.0385159403828888e-05
1.0385159389876682e-05
1.0385159395618123e-05
1.0385159438617095e-05
1.0135180232511575e-05
1.0135180232511575e-05
1.0135180209640134e-05
1.0135180247094389e-05
1.0135180223356948e-05
1.0135180223782597e-05
1.0135180245405575e-05
1.0135180228835972e-05
1.0135180236015749e-05
1.0135180233289217e-05
1.0135180223510734e-05
1.0135180237686067e-05
1.0135180237798343e-05
1.0135180241092547e-05
1.0135180245317056e-05
1.013518023376731e-05
1.0135180216510001e-05
1.0135180226429513e-05
1.01351802579299e-05
9.985051825714529e-06
9.985051825714529e-06
9.98505181121543e-06
9.985051833234833e-06
9.985051818794717e-06
9.985051818319164e-06
9.985051835422463e-06
9.985051826280526e-06
9.98505182852468e-06
9.985051826365046e-06
9.985051824896401e-06
9.985051830276452e-06
9.985051830097494e-06
9.9850518288243e-06
9.985051839050564e-06
9.985051824088539e-06
9.985051809714857e-06
9.985051820913276e-06
9.985051844690711e-06
9.956476312359816e-06
9.956476312359816e-06
9.956476305561138e-06
9.956476313647345e-06
9.956476307606811e-06
9.956476309998583e-06
9.956476317135877e-06
9.95647631546508e-06
9.956476313946305e-06
9.956476313010995e-06
9.956476314849036e-06
9.956476316535477e-06
9.956476316260118e-06
9.956476312796362e-06
9.956476327376728e-06
9.956476308540712e-06
9.956476296888134e-06
9.95647630764141e-06
9.956476330087506e-06
9.958271053080624e-06
9.958271053080624e-06
9.958271047926698e-06
9.95827105306035e-06
9.958271048800383e-06
9.95827105213449e-06
9.95827105662463e-06
9.958271056606666e-06
9.958271054353506e-06
9.958271053742434e-06
9.958271055899682e-06
9.958271057189577e-06
9.958271056908932e-06
9.95827105315673e-06
9.958271068563043e-06
9.958271048833885e-06
9.958271037768775e-06
9.958271048282179e-06
9.958271070959028e-06
9.959060350856681e-06
9.959060350856681e-06
9.959060345790311e-06
9.959060350769127e-06
9.959060346602614e-06
9.959060350020107e-06
9.959060354317077e-06
9.959060354392835e-06
9.959060352107608e-06
9.959060351520104e-06
9.959060353655297e-06
9.959060354963649e-06
9.959060354684277e-06
9.95906035093481e-06
9.959060366374623e-06
9.959060346591255e-06
9.959060335558172e-06
9.959060346044128e-06
9.959060368785123e-06
9.959356328793046e-06
9.959356328793046e-06
9.959356323749153e-06
9.959356328688546e-06
9.959356324545845e-06
9.95935632798937e-06
9.959356332229478e-06
9.95935633233006e-06
9.959356330037617e-06
9.959356329457034e-06
9.959356331581062e-06
9.959356332899718e-06
9.959356332620888e-06
9.959356328874665e-06
9.959356344321623e-06
9.959356324523358e-06
9.959356313498765e-06
9.959356323975533e-06
9.959356346740135e-06
9.96033434156935e-06
9.96033434156935e-06
9.960334336598735e-06
9.960334341409728e-06
9.96033433734463e-06
9.960334340873846e-06
9.960334344927039e-06
9.960334345108514e-06
9.960334342793027e-06
9.960334342235117e-06
9.960334344321258e-06
9.960334345674925e-06
9.960334345397979e-06
9.960334341662962e-06
9.960334357132967e-06
9.960334337285716e-06
9.960334326289529e-06
9.960334336735363e-06
9.960334359578266e-06
9.961590786245439e-06
9.961590786245439e-06
9.961590781370007e-06
9.961590786014183e-06
9.961590782050049e-06
9.961590785690671e-06
9.961590789500746e-06
9.961590789787009e-06
9.961590787442129e-06
9.961590786913534e-06
9.96159078894959e-06
9.961590790349495e-06
9.961590790075061e-06
9.961590786354916e-06
9.9615908018549e-06
9.961590781943438e-06
9.961590770985739e-06
9.961590781390163e-06
9.961590804334381e-06
9.963770216135035e-06
9.963770216135035e-06
9.963770211427942e-06
9.963770215776889e-06
9.96377021199182e-06
9.96377021582932e-06
9.963770219208805e-06
9.963770219679549e-06
9.963770217284123e-06
9.963770216807035e-06
9.963770218752348e-06
9.963770220235828e-06
9.963770219966012e-06
9.963770216272901e-06
9.963770231826222e-06
9.963770211799544e-06
9.9637702009145e-06
9.963770211242437e-06
9.963770234364461e-06
9.96706485950086e-06
9.96706485950086e-06
9.967064855057032e-06
9.967064858944155e-06
9.967064855440054e-06
9.967064859584796e-06
9.967064862290028e-06
9.96706486304685e-06
9.967064860576138e-06
9.967064860178554e-06
9.967064861976607e-06
9.967064863595075e-06
9.967064863333193e-06
9.967064859684089e-06
9.967064875321496e-06
9.967064855110707e-06
9.96706484435076e-06
9.96706485455064e-06
9.967064877946983e-06
9.972143627900762e-06
9.972143627900762e-06
9.972143623886383e-06
9.972143627019603e-06
9.972143623976528e-06
9.972143628620813e-06
9.972143630223468e-06
9.972143631440772e-06
9.972143628857045e-06
9.972143628586592e-06
9.972143630130208e-06
9.9721436319805e-06
9.97214363173302e-06
9.972143628160333e-06
9.97214364393686e-06
9.972143623415236e-06
9.972143612889706e-06
9.972143622858525e-06
9.972143646692643e-06
9.979427881143737e-06
9.979427881143737e-06
9.97942787780982e-06
9.979427879747068e-06
9.979427877441486e-06
9.979427882873109e-06
9.97942788272172e-06
9.979427884652555e-06
9.979427881915279e-06
9.979427881839439e-06
9.979427882943058e-06
9.979427885190577e-06
9.979427884970083e-06
9.979427881530577e-06
9.979427897532474e-06
9.979427876491024e-06
9.979427866415772e-06
9.979427875960807e-06
9.979427900463315e-06
9.988715663476202e-06
9.988715663476202e-06
9.98871566119347e-06
9.988715661279355e-06
9.988715660131344e-06
9.98871566676859e-06
9.988715663889129e-06
9.98871566688039e-06
9.988715663972279e-06
9.988715664179448e-06
9.988715664507341e-06
9.988715667446583e-06
9.988715667278401e-06
9.988715664076052e-06
9.98871568043906e-06
9.988715658523474e-06
9.988715649348956e-06
9.988715658089393e-06
9.98871568355874e-06
9.99676786661861e-06
9.99676786661861e-06
9.996767865816642e-06
9.996767863284994e-06
9.99676786381463e-06
9.996767872122094e-06
9.996767865352561e-06
9.996767869729453e-06
9.996767866752095e-06
9.996767867312377e-06
9.996767866299717e-06
9.996767870414863e-06
9.996767870347828e-06
9.996767867560645e-06
9.996767884465707e-06
9.996767861135235e-06
9.996767853759346e-06
9.996767860979259e-06
9.996767887640793e-06
9.992547482198433e-06
9.992547482198433e-06
9.992547483000035e-06
9.99254747760883e-06
9.992547480076482e-06
9.992547490120946e-06
9.992547479016944e-06
9.992547484616214e-06
9.992547482004903e-06
9.992547482830366e-06
9.992547479728184e-06
9.99254748563535e-06
9.992547485748526e-06
9.992547483619685e-06
9.992547501197711e-06
9.992547475862684e-06
9.992547471797856e-06
9.992547476374745e-06
9.9925475038907e-06
9.955902084616998e-06
9.955902084616998e-06
9.955902085912332e-06
9.955902079573903e-06
9.95590208296367e-06
9.955902093349849e-06
9.95590208058463e-06
9.955902085812979e-06
9.955902084499012e-06
9.955902085091281e-06
9.955902079632762e-06
9.955902087484544e-06
9.955902087842984e-06
9.955902086477478e-06
9.955902104493469e-06
9.955902077272703e-06
9.95590207788903e-06
9.955902078976011e-06
9.955902105582053e-06
9.886900127788563e-06
9.886900127788563e-06
9.88690012714588e-06
9.886900124126687e-06
9.886900125840514e-06
9.886900133732167e-06
9.886900125536529e-06
9.886900127757539e-06
9.886900128426648e-06
9.886900128053792e-06
9.886900121613337e-06
9.886900130151097e-06
9.886900130680403e-06
9.886900129667122e-06
9.886900147342305e-06
9.886900119946872e-06
9.88690012405867e-06
9.886900122860657e-06
9.88690014603249e-06
9.835590664951528e-06
9.835590664951528e-06
9.835590661648454e-06
9.835590663270581e-06
9.835590662269798e-06
9.835590666982857e-06
9.83559066547563e-06
9.835590664519262e-06
9.835590666403263e-06
9.835590665106166e-06
9.835590659497409e-06
9.835590667204565e-06
9.835590667726894e-06
9.835590666483762e-06
9.835590683397478e-06
9.835590657376382e-06
9.835590661627339e-06
9.835590660697802e-06
9.835590680647955e-06
9.823203545170065e-06
9.823203545170065e-06
9.823203540833128e-06
9.823203544276242e-06
9.823203542136207e-06
9.823203545664045e-06
9.823203546840677e-06
9.823203544843141e-06
9.823203546892332e-06
9.823203545317649e-06
9.82320354047592e-06
9.823203547499411e-06
9.823203547969853e-06
9.82320354649214e-06
9.823203563050131e-06
9.823203537891818e-06
9.823203541248162e-06
9.823203541116284e-06
9.823203560118369e-06
9.823280386666613e-06
9.823280386666613e-06
9.823280382232484e-06
9.823280385850263e-06
9.823280383586192e-06
9.823280387012632e-06
9.823280388458581e-06
9.823280386402048e-06
9.823280388405132e-06
9.823280386820741e-06
9.823280382140254e-06
9.823280389026976e-06
9.823280389482673e-06
9.823280387953736e-06
9.823280404466262e-06
9.823280379455088e-06
9.823280382536826e-06
9.823280382619163e-06
9.823280401593177e-06
     fun: 1.0515022288309765e-05
     jac: array([-4.63614924e-10, -1.58252078e-10,  6.20377705e-09,  3.98995326e-09,
        5.11192866e-09,  3.23702807e-08,  1.44042360e-08, -5.45371677e-08,
       -2.16684498e-07,  1.83847533e-08,  8.49217940e-09,  6.57742021e-08,
        2.19386379e-07, -6.92601816e-08, -4.33930154e-08,  4.17340971e-08,
       -2.40214376e-07])
 message: 'Optimization terminated successfully.'
    nfev: 2470
     nit: 130
    njev: 130
  status: 0
 success: True
       x: array([ 0.52217791, -0.48848186, -0.43000124, -0.35976197,  0.24136102,
       -0.00448405,  0.14391058, -0.34478683,  0.48105066,  0.16150936,
       -0.05365168, -0.46586811, -0.28314044,  0.23464196, -0.35219042,
       -0.10831661, -0.25560311])

========================================================

Final result:
0.5221779062730318
-0.4884818613497462
-0.4300012388296774
0.13210173130213057
0.13210173130213057
0.13210173130213057
-0.35976196815742895
0.24136101775833907
-0.004484052842165598
0.14391057970549456
-0.3447868250000059
0.4810506623421635
0.16150936050185166
0.16150936050185166
-0.053651683694822414
-0.46586811194530187
-0.10831661260082705
-0.25560311211865694
0.12130657490649466
0.12130657490649466
0.12130657490649466
-0.283140442134407
0.23464196348599808
-0.3521904151194158
0.146633518199283
0.146633518199283
0.146633518199283
