CYS_methyl_methyl.filelist
8.56987557592
8.56987557592
8.56987541414
8.56987531031
8.56987554386
8.56987502777
8.56987510414
8.5698749419
8.56987492038
8.56987515745
8.56987465527
8.56987472565
8.56987542032
8.56987453538
8.56987585996
8.56987595477
8.56987563396
25434.4422084
2537.26066037
378.025604437
74.9170477572
14.0227772637
5.1400046926
5.1400046926
5.14000438488
5.14000430191
5.1400046327
5.14000512512
5.14000520851
5.14000489386
5.14000491433
5.14000483162
5.14000466431
5.14000492495
5.14000482823
5.14000460433
5.14000494189
5.14000501565
5.14000474405
4635.71247027
574.523621371
111.617638532
21.962457328
4.4252467017
4.4252467017
4.42524687352
4.42524701778
4.42524673472
4.42524714309
4.42524704162
4.42524724325
4.42524734056
4.42524706215
4.42524740423
4.42524737444
4.42524693033
4.42524754219
4.42524649676
4.42524638077
4.42524665807
321.937171827
31.848587969
5.0379877702
4.3673096622
4.3673096622
4.36730979341
4.36730989521
4.36730968726
4.36731011378
4.36731004476
4.36731019638
4.36731024714
4.36731002713
4.36731039225
4.36731036277
4.36730987833
4.36731056208
4.36730941434
4.36730926855
4.36730960968
165.64911672
16.0354334128
4.32889712074
4.19815568801
4.19815568801
4.1981558562
4.19815596782
4.19815572023
4.19815615016
4.19815608139
4.19815625409
4.19815630186
4.19815610455
4.19815645581
4.19815655995
4.19815586655
4.19815661588
4.19815547055
4.19815534676
4.19815564256
320.322887705
31.2548927767
4.64737431228
4.0371112255
4.0371112255
4.03711138448
4.03711151042
4.0371112561
4.03711175687
4.03711168119
4.03711184317
4.03711189482
4.03711163465
4.03711208022
4.0371120257
4.03711142292
4.03711223633
4.03711099174
4.03711087808
4.03711117722
45.3503961507
5.35137727944
3.91873007282
3.91873007282
3.91873022358
3.91873035561
3.9187301019
3.91873061408
3.91873052399
3.91873069745
3.91873075504
3.91873048552
3.91873092928
3.91873088612
3.91873025949
3.91873103033
3.91872979785
3.91872970995
3.91873001535
14.571369882
3.16025815315
3.16025815315
3.16025818637
3.16025814081
3.1602581561
3.16025803426
3.16025799637
3.16025817851
3.16025820086
3.16025817275
3.16025831345
3.16025818174
3.16025817595
3.16025827248
3.16025806248
3.16025812588
3.16025813559
118.352047305
15.4257089599
3.09276309287
2.56856803581
2.56856803581
2.56856807502
2.56856796801
2.56856804129
2.56856764119
2.56856767139
2.56856773451
2.56856769393
2.56856784052
2.56856778039
2.56856765577
2.5685679397
2.56856769098
2.568568028
2.56856811216
2.56856803538
42.3622466953
4.53184815737
2.4492384511
2.4492384511
2.44923844059
2.44923835106
2.44923844696
2.44923797566
2.44923797864
2.44923805245
2.44923802484
2.44923818232
2.44923804847
2.44923794117
2.44923828047
2.44923796999
2.44923849335
2.44923855579
2.44923846077
10.0957603049
2.46738336464
2.28650631776
2.28650631776
2.28650626996
2.28650621506
2.2865063067
2.28650583651
2.28650583888
2.28650587975
2.28650582264
2.2865060278
2.28650585741
2.28650576013
2.28650615644
2.2865057591
2.28650638018
2.28650646421
2.28650633165
11.4069327988
2.22954576312
1.92630522277
1.92630522277
1.92630515445
1.92630509403
1.92630520732
1.92630484978
1.92630490705
1.92630484717
1.92630481304
1.92630497488
1.92630476528
1.92630474383
1.92630507907
1.92630469749
1.92630531449
1.92630539145
1.92630524167
5.9031715043
1.71027849103
1.71027849103
1.7102784305
1.71027843721
1.71027848003
1.71027864382
1.71027866939
1.71027854396
1.71027853178
1.71027852598
1.71027846534
1.71027855364
1.71027851304
1.71027847175
1.71027855993
1.71027853645
1.71027850481
1.65708322396
1.65708322396
1.65708332354
1.65708337176
1.65708324202
1.65708318265
1.65708313959
1.65708326277
1.6570832871
1.65708325377
1.65708332999
1.65708327719
1.65708324351
1.65708338635
1.65708313057
1.65708309842
1.65708320372
1.93823959369
1.61180156654
1.61180156654
1.61180163691
1.61180167107
1.61180157842
1.61180151999
1.61180149308
1.61180159768
1.61180161926
1.61180159125
1.61180166299
1.61180161011
1.61180158292
1.61180169439
1.61180149355
1.61180147117
1.61180155101
1.78028153527
1.55353317551
1.55353317551
1.55353316207
1.55353315669
1.55353317137
1.55353319788
1.55353319897
1.55353320849
1.55353321504
1.5535332005
1.55353321948
1.55353321924
1.55353319104
1.55353321919
1.55353316868
1.5535331805
1.55353317396
1.56242787797
1.54072308745
1.54072308745
1.54072308459
1.54072308455
1.5407230858
1.54072306766
1.54072307172
1.54072307072
1.54072307108
1.54072307816
1.54072306599
1.54072306438
1.54072308475
1.54072306594
1.54072309057
1.54072309228
1.54072308783
1.54145828082
1.54145828082
1.54145827525
1.54145827872
1.54145827872
1.54145829022
1.54145829334
1.54145828905
1.54145829029
1.54145828905
1.54145828608
1.54145829362
1.54145828585
1.54145829201
1.54145828199
1.54145827899
1.54145828077
1.54105525216
1.54105525216
1.54105524902
1.54105525246
1.54105525049
1.54105525127
1.54105525346
1.5410552523
1.54105525474
1.54105525394
1.54105524836
1.54105525005
1.5410552559
1.54105525156
1.54105525348
1.54105525252
1.54105525213
1.54069794494
1.54086943155
1.54086943155
1.54086942832
1.54086943096
1.54086942987
1.54086942905
1.5408694319
1.5408694302
1.5408694317
1.54086943278
1.54086942673
1.54086942934
1.54086943418
1.5408694303
1.54086943275
1.54086943158
1.5408694315
1.5408983501
1.5408983501
1.54089834664
1.54089834947
1.54089834838
1.54089834841
1.54089835118
1.54089834937
1.54089835095
1.54089835172
1.54089834584
1.54089834868
1.54089835285
1.54089834949
1.54089835146
1.54089835024
1.54089835009
     fun: 1.5918643102186638
     jac: array([ -8.39680433e-05,   5.88098168e-03,   5.30853868e-04,
        -3.08454037e-06,  -4.46012616e-03,   1.12071633e-04,
         4.88993526e-03,  -2.83488631e-03,  -3.03915143e-03,
        -9.19611752e-03,  -4.82320786e-04,  -6.24060631e-03,
         4.90272045e-03,   7.79210031e-03,   6.72712922e-04])
 message: 'Optimization terminated successfully.'
    nfev: 392
     nit: 21
    njev: 21
  status: 0
 success: True
       x: array([ 0.50429291, -0.47267021, -0.46494957, -0.32871455,  0.23305997,
       -0.03577521,  0.13620912, -0.38936968,  0.54966489,  0.17073669,
       -0.20349486, -0.46801436, -0.39227946,  0.27902139, -0.31923151])

========================================================

Final result:
0.504292905606
-0.472670206064
-0.464949574566
0.144442291675
0.144442291675
0.144442291675
-0.328714554131
0.233059966188
-0.0357752107113
0.136209116076
-0.389369681866
0.549664887243
0.170736689657
0.170736689657
-0.203494855631
-0.468014362975
0.164961316494
-0.392279455487
0.279021391012
-0.319231509174
0.144163191216
0.144163191216
0.144163191216
