27.2483297152
27.2483297152
27.248325924
27.2483278394
27.248327894
27.2483279867
27.2483285516
27.2483271976
27.2483274048
27.2483292342
27.2483268724
27.2483301806
27.2483304245
27.2483298016
289315.340152
28913.8794792
3746.17285517
715.911312796
138.94707694
27.3855344753
18.9053640086
18.9053640086
18.9053648935
18.9053644138
18.9053640755
18.9053642859
18.9053641682
18.9053632828
18.9053642862
18.9053643285
18.9053629467
18.9053646494
18.9053649567
18.905364131
29552.9157437
3668.20442948
664.247515926
123.154131077
23.2725417661
14.4497877559
14.4497877559
14.449789065
14.4497884975
14.4497884034
14.449788559
14.4497883178
14.4497881807
14.4497888086
14.4497883577
14.4497882674
14.4497876872
14.4497875628
14.4497877282
4301.34973895
425.62258581
53.1041630881
14.207212441
13.4630654693
13.4630654693
13.4630676118
13.4630665752
13.4630662569
13.463066303
13.4630659354
13.4630661855
13.4630661079
13.4630660755
13.4630663843
13.4630654016
13.4630652426
13.4630654464
6092.27497479
605.372772016
68.5554803596
14.1530187433
12.713385052
12.713385052
12.7133872554
12.7133862214
12.7133860284
12.7133860424
12.7133857414
12.7133860817
12.7133863495
12.7133855986
12.7133863246
12.7133851641
12.7133850716
12.713385075
1543.91896441
152.036914471
17.8151595481
12.3168150221
12.3168150221
12.3168176081
12.3168163271
12.3168160188
12.3168159227
12.3168157688
12.3168160811
12.3168165833
12.3168154341
12.3168163137
12.3168149637
12.3168148193
12.3168150051
2013.02013724
199.557007878
21.5278439227
12.1051702809
12.1051702809
12.1051728853
12.105171662
12.1051714426
12.10517154
12.1051710463
12.1051715008
12.1051717853
12.1051706907
12.1051716273
12.1051702074
12.1051701422
12.1051702594
241.354987879
24.8589175331
11.8681612166
11.8681612166
11.8681639221
11.8681625895
11.8681624087
11.8681624352
11.8681620234
11.8681625747
11.8681627778
11.8681617205
11.8681626011
11.8681610755
11.8681611027
11.8681611842
111.799508022
14.6082186091
11.6035329358
11.6035329358
11.6035356183
11.6035342462
11.6035341078
11.6035341652
11.6035337314
11.6035342686
11.6035344783
11.6035334127
11.6035343443
11.6035328242
11.6035327762
11.6035329107
21.7482399934
10.9918587166
10.9918587166
10.9918600439
10.9918594127
10.9918593522
10.9918593235
10.9918591263
10.9918595395
10.991859503
10.991858946
10.9918595129
10.9918586488
10.9918585081
10.9918587075
94.6734370053
12.881835715
10.3011314774
10.3011314774
10.3011313711
10.3011314443
10.3011314961
10.3011314508
10.3011314683
10.3011316466
10.3011314486
10.3011314377
10.3011316808
10.3011313655
10.3011313017
10.3011314559
11.2004919056
10.2565326379
10.2565326379
10.2565322616
10.2565324656
10.2565325065
10.2565324797
10.2565325302
10.2565325956
10.2565324386
10.2565325544
10.2565326016
10.2565325838
10.2565325503
10.256532627
10.3320351371
10.1943511577
10.1943511577
10.1943510432
10.1943511051
10.1943510975
10.1943511
10.1943511183
10.194351092
10.1943510851
10.1943511299
10.1943510757
10.1943511782
10.1943511869
10.1943511599
10.1893335435
10.1809020034
10.1809020034
10.1809019679
10.1809019906
10.1809019787
10.1809019848
10.1809019889
10.180901968
10.1809019807
10.1809019968
10.1809019591
10.1809020199
10.1809020273
10.1809020051
10.1920724646
10.184884204
10.184884204
10.1848841863
10.1848842029
10.1848841943
10.1848842005
10.1848842001
10.1848841944
10.1848841999
10.1848842071
10.1848841975
10.1848842044
10.184884203
10.1848842019
10.1850467763
10.1849222544
10.1849222544
10.1849222438
10.1849222567
10.1849222472
10.1849222533
10.184922252
10.1849222478
10.184922253
10.1849222581
10.1849222511
10.184922255
10.1849222539
10.1849222525
10.1848930575
10.1848940615
10.1848940615
10.1848940571
10.1848940667
10.1848940565
10.1848940624
10.1848940603
10.1848940575
10.1848940624
10.1848940657
10.1848940607
10.1848940625
10.1848940616
10.1848940596
     fun: 10.297094932921198
     jac: array([-0.02143061, -0.01138008, -0.01531446, -0.01701415, -0.01378262,
       -0.01726234, -0.03098714, -0.00534809, -0.01314461,  0.00367355,
        0.00532937,  0.00066864])
 message: 'Optimization terminated successfully.'
    nfev: 276
     nit: 17
    njev: 17
  status: 0
 success: True
       x: array([ 0.32861431, -0.79451043,  0.10487697,  0.10391346, -0.29764518,
        0.5214128 ,  0.13550365, -0.25697046, -0.47999201, -0.39084525,
        0.27176564, -0.27038285])

========================================================

Final result:
0.3286143148
-0.794510425348
0.3286143148
0.104876968625
0.103913455262
-0.297645176582
0.521412795756
0.135503646872
0.135503646872
-0.256970464166
-0.479992010089
0.170678933198
-0.390845254969
0.271765638159
-0.270382850826
0.129820822545
0.129820822545
0.129820822545
