16.2187604139
16.2187604139
16.2187605727
16.218760077
16.2187610404
16.2187626839
16.2187609598
16.2187616542
16.2187608596
16.2187633503
16.2187617813
16.2187613993
16.2187607454
16.2187604393
16.2187635043
16.2187625004
16.2187608455
16.2187610222
16.2187604973
304901.418917
30482.8662785
3041.03997659
461.415578432
73.0261565279
16.3184761063
14.0584261282
14.0584261282
14.0584252656
14.0584249536
14.0584255007
14.0584244771
14.0584256802
14.0584261585
14.0584258439
14.0584264876
14.0584263071
14.0584262712
14.058425725
14.0584258146
14.0584266389
14.0584267021
14.0584263326
14.0584262948
14.0584261685
68494.5250661
6843.93205905
974.287150795
144.274076674
22.7374026423
12.671078209
12.671078209
12.6710777767
12.6710775889
12.6710782588
12.6710787684
12.6710777976
12.6710780424
12.6710777574
12.6710782792
12.6710778103
12.6710778005
12.6710776873
12.6710778398
12.6710773234
12.6710774627
12.671078343
12.6710782826
12.6710782358
18287.6651991
1822.77509573
282.954198806
46.0497560906
11.7916776745
11.7916776745
11.7916774925
11.7916779272
11.7916773676
11.7916767016
11.7916772859
11.791676903
11.7916777027
11.791675792
11.7916770887
11.7916774854
11.7916782245
11.7916776538
11.7916764365
11.7916774512
11.7916778904
11.7916779575
11.7916777157
6758.6965913
672.177814287
81.6311894771
13.9355201974
11.0182434514
11.0182434514
11.0182432797
11.0182438167
11.0182430464
11.0182420903
11.0182430256
11.0182426574
11.0182433578
11.0182415714
11.0182427876
11.0182430261
11.0182438575
11.0182433866
11.0182421256
11.0182425775
11.018243363
11.018243301
11.0182434242
1995.05339016
196.799949977
22.4178520488
10.555272924
10.555272924
10.5552727517
10.5552733272
10.55527247
10.5552713639
10.5552724653
10.5552720447
10.5552727828
10.5552709199
10.5552720651
10.555272502
10.5552731221
10.5552729411
10.5552709771
10.5552722536
10.5552727275
10.5552726652
10.5552728759
1133.3868882
110.80822477
14.6725582464
10.0251183176
10.0251183176
10.0251181969
10.0251188315
10.0251178066
10.0251164772
10.0251178541
10.0251173577
10.0251181056
10.0251160884
10.0251173606
10.0251177568
10.0251183677
10.0251183273
10.0251161973
10.0251172934
10.025118273
10.0251182741
10.0251183093
1831.80420761
181.486706666
18.8986304312
9.80320944286
9.80320944286
9.80320925629
9.80320984228
9.80320893387
9.80320765278
9.80320889266
9.80320834948
9.80320915009
9.80320682433
9.80320845789
9.80320887054
9.80320933582
9.80320942973
9.80320734583
9.80320844709
9.80320921866
9.80320914827
9.80320939535
1289.02836909
126.922661287
14.0546369564
9.45682231127
9.45682231127
9.456822116
9.45682262199
9.4568217502
9.45682033413
9.4568218041
9.45682119854
9.45682207062
9.45681964432
9.45682122558
9.45682167801
9.45682233808
9.45682233689
9.45681992771
9.45682112121
9.45682205841
9.45682204379
9.45682225716
100.172033236
12.5748955291
9.3057906486
9.3057906486
9.30579047212
9.30579096088
9.30579009118
9.30578866449
9.30579015808
9.30578954133
9.30579039753
9.30578797882
9.30578956181
9.3057900117
9.30579066517
9.30579061858
9.30578824848
9.30578944933
9.30579044199
9.30579033267
9.3057906046
45.7462160299
9.21561285415
8.8158800993
8.8158800993
8.81587991344
8.81588039535
8.81587958344
8.81587829477
8.81587963353
8.81587908466
8.81587987459
8.81587766405
8.81587909894
8.81587950357
8.81588009286
8.81588014258
8.81587789238
8.81587895677
8.81587992163
8.81587977895
8.81588006712
43.3726266369
7.5157752093
7.5157752093
7.51577533547
7.51577527846
7.5157753511
7.5157756199
7.51577535606
7.51577541772
7.51577524167
7.51577564952
7.51577538368
7.5157752693
7.51577514817
7.51577519943
7.51577550829
7.51577520488
7.51577512598
7.51577516648
7.5157751898
16.8083252588
7.2725289675
7.2725289675
7.2725292228
7.2725288991
7.2725293882
7.27253031443
7.27252935575
7.27252968295
7.27252912324
7.2725306626
7.27252962684
7.27252931328
7.27252892814
7.27252899207
7.27253042765
7.27252956502
7.27252900188
7.27252905894
7.27252897454
11.7907640224
7.08357523167
7.08357523167
7.08357540215
7.08357513834
7.0835755723
7.08357638909
7.08357557394
7.08357586809
7.08357538088
7.08357673808
7.08357582025
7.08357555745
7.08357520408
7.08357524423
7.08357656052
7.0835758221
7.08357529288
7.08357534272
7.08357524121
8.17367712058
6.65296929971
6.65296929971
6.65296925578
6.65296922416
6.65296929455
6.65296930003
6.65296929224
6.65296933685
6.65296929624
6.6529694144
6.65296933402
6.65296932446
6.65296928309
6.65296927949
6.65296940996
6.65296937254
6.65296932799
6.65296933006
6.6529693035
6.75668414741
6.59845876618
6.59845876618
6.59845872256
6.59845872711
6.59845873523
6.59845868037
6.59845873443
6.59845873827
6.59845875024
6.59845872123
6.59845873809
6.59845875223
6.59845876071
6.59845875026
6.59845873246
6.59845876733
6.59845878018
6.59845877908
6.59845876827
6.56286878281
6.57407416327
6.57407416327
6.57407415266
6.57407416311
6.5740741589
6.57407415077
6.57407415342
6.57407414957
6.57407416101
6.57407414469
6.57407414682
6.57407415668
6.57407416942
6.57407415772
6.57407415122
6.57407416471
6.57407416795
6.57407416936
6.57407416276
6.55846431177
6.56287248623
6.56287248623
6.56287249069
6.56287250076
6.56287249584
6.56287251104
6.56287248911
6.56287248695
6.56287248969
6.56287249441
6.56287248151
6.5628724839
6.56287249433
6.56287248516
6.5628724962
6.56287249104
6.56287248528
6.56287248798
6.5628724846
6.55678781797
6.56021772172
6.56021772172
6.56021771683
6.56021772493
6.56021772196
6.56021771826
6.56021771804
6.56021771715
6.56021771968
6.56021772021
6.56021771238
6.56021771579
6.56021772257
6.56021771719
6.56021772134
6.56021772025
6.56021772021
6.56021772182
6.56021772033
6.55605285849
6.5588367599
6.5588367599
6.55883675077
6.55883675772
6.55883675627
6.55883674532
6.5588367532
6.55883675319
6.55883675555
6.55883675444
6.55883674867
6.55883675252
6.55883675799
6.55883675374
6.55883675518
6.5588367563
6.55883675895
6.55883676013
6.55883675849
6.55813617299
6.55858754146
6.55858754146
6.55858753305
6.5585875396
6.55858753907
6.55858753108
6.55858753549
6.55858753586
6.55858753772
6.5585875385
6.55858753126
6.55858753484
6.55858754026
6.55858753541
6.55858753894
6.55858753927
6.55858754102
6.55858754248
6.55858754019
6.558550378
6.55856961097
6.55856961097
6.55856960352
6.55856960987
6.55856960989
6.55856960477
6.55856960592
6.55856960654
6.55856960791
6.55856961058
6.5585696019
6.55856960514
6.55856961056
6.55856960519
6.55856961087
6.55856961018
6.55856961085
6.55856961252
6.55856960976
     fun: 6.7286958985113
     jac: array([ 0.00149113,  0.00701243,  0.001876  ,  0.00596827, -0.00323582,
       -0.01137084,  0.00050318, -0.02851361, -0.01153338, -0.00510114,
        0.0064013 ,  0.00052571, -0.02778113, -0.01018989,  0.00337625,
        0.00446147,  0.00072944])
 message: 'Optimization terminated successfully.'
    nfev: 464
     nit: 22
    njev: 22
  status: 0
 success: True
       x: array([ 0.58755181, -0.53802764, -0.54411839,  0.15433315, -0.12236338,
       -0.100263  , -0.03656329,  0.06752088, -0.05383457, -0.16292161,
        0.07419392,  0.52022931,  0.06005143,  0.07591611, -0.34554592,
        0.2451513 , -0.29638899])

========================================================

Final result:
0.587551809343
-0.538027640135
-0.5441183884
0.154333151999
0.154333151999
0.154333151999
-0.122363383242
-0.100263004379
-0.0365632862223
0.0675208785808
0.0675208785808
-0.0538345722489
-0.162921614204
0.0741939157841
0.520229313828
0.0600514321258
0.0600514321258
0.0759161112321
0.0759161112321
-0.493859449998
-0.34554591906
0.245151296182
-0.296388993543
0.132261205474
0.132261205474
0.132261205474
