5.453032445728391e-05
5.453032445728391e-05
5.453031313606981e-05
5.4530312044173976e-05
5.453031495618149e-05
5.453029741968663e-05
5.4530313479797745e-05
5.4530314365992e-05
5.453031289522544e-05
5.453031274950554e-05
5.45303149424553e-05
5.453031062550001e-05
5.453030524154532e-05
5.453031726832406e-05
5.4530310048728514e-05
5.45303192294718e-05
5.453031854482331e-05
5.4530318823695534e-05
5.45303220789447e-05
5.4530321801484075e-05
5.4530317649709e-05
5.4530325234453404e-05
5.4530325703899e-05
5.4530324556835205e-05
4.4127674256464836e-05
4.4127674256464836e-05
4.412766587266947e-05
4.4127664759930485e-05
4.412766783202872e-05
4.412765653586333e-05
4.41276660789976e-05
4.4127667022872374e-05
4.4127665257668566e-05
4.412766508620122e-05
4.412766700222608e-05
4.412766304449061e-05
4.412765978269268e-05
4.412766873759989e-05
4.412766247241492e-05
4.412767015967026e-05
4.412766983493945e-05
4.4127669773185535e-05
4.4127672463339305e-05
4.412767246581531e-05
4.4127669208790724e-05
4.412767512297669e-05
4.41276756326072e-05
4.412767437801867e-05
3.1318816613438404e-05
3.1318816613438404e-05
3.131881635756298e-05
3.131881520526333e-05
3.1318818647188e-05
3.131882446885258e-05
3.131881621465189e-05
3.1318817306809674e-05
3.13188147847569e-05
3.13188145511291e-05
3.131881570314286e-05
3.1318812752152845e-05
3.131881546132675e-05
3.131881578394877e-05
3.1318812210524484e-05
3.131881569337882e-05
3.131881637773199e-05
3.131881536228603e-05
3.1318816463365904e-05
3.131881725049498e-05
3.131881650659607e-05
3.131881771530507e-05
3.13188183216255e-05
3.131881679372693e-05
3.0766758839387794e-05
3.0766758839387794e-05
3.076675873703377e-05
3.076675760210327e-05
3.076676097851197e-05
3.076676697592572e-05
3.076675861780189e-05
3.076675970138007e-05
3.076675722232826e-05
3.076675699659892e-05
3.076675813579378e-05
3.0766755217279965e-05
3.0766758134793906e-05
3.076675816504485e-05
3.0766754693662934e-05
3.076675802546943e-05
3.0766758741508495e-05
3.0766757697506764e-05
3.076675874349553e-05
3.0766759555108354e-05
3.07667588950595e-05
3.0766759933628886e-05
3.076676052726387e-05
3.0766759018591864e-05
2.81663921400776e-05
2.81663921400776e-05
2.8166391953032013e-05
2.816639091476974e-05
2.8166393905332934e-05
2.8166398949001202e-05
2.8166391994987293e-05
2.8166393016273735e-05
2.816639084670221e-05
2.8166390669764003e-05
2.816639182238449e-05
2.8166388968226854e-05
2.8166392314870776e-05
2.816639176272109e-05
2.8166388536829806e-05
2.8166391533099512e-05
2.816639230299224e-05
2.8166391215981537e-05
2.8166392147080573e-05
2.8166392999915303e-05
2.8166392502352066e-05
2.816639316670801e-05
2.8166393682205007e-05
2.8166392306786734e-05
2.2307686292567956e-05
2.2307686292567956e-05
2.2307685392834168e-05
2.230768476614958e-05
2.230768612172452e-05
2.2307686422990258e-05
2.230768611589002e-05
2.2307686865139586e-05
2.230768602566573e-05
2.230768605798149e-05
2.2307687284392953e-05
2.2307684676846064e-05
2.230768949665507e-05
2.2307686928824195e-05
2.230768463455257e-05
2.2307686397836608e-05
2.230768733781038e-05
2.2307686126138112e-05
2.230768664869955e-05
2.2307687631906512e-05
2.2307687689462872e-05
2.230768701692707e-05
2.230768719680102e-05
2.2307686402554914e-05
2.197644281998975e-05
2.197644281998975e-05
2.197644174295446e-05
2.197644121063854e-05
2.1976442211160343e-05
2.1976441450958414e-05
2.197644260190249e-05
2.1976443286813372e-05
2.1976442735625635e-05
2.1976442815623532e-05
2.1976444040837212e-05
2.1976441508852476e-05
2.1976446553293645e-05
2.197644363112506e-05
2.197644155496497e-05
2.19764430510265e-05
2.197644401121139e-05
2.197644279183638e-05
2.1976443234726924e-05
2.1976444234278948e-05
2.1976444385687083e-05
2.197644346834396e-05
2.197644357102558e-05
2.1976442915474138e-05
2.1742797353448512e-05
2.1742797353448512e-05
2.1742796215016898e-05
2.1742795731549737e-05
2.174279657478389e-05
2.1742795397449642e-05
2.1742797116808316e-05
2.1742797766644685e-05
2.174279733968769e-05
2.174279744374796e-05
2.1742798640769297e-05
2.1742796178208644e-05
2.1742801231405448e-05
2.1742798210453714e-05
2.174279626943181e-05
2.174279762118235e-05
2.1742798574041166e-05
2.174279737149308e-05
2.1742797781241e-05
2.17427987767725e-05
2.17427989495349e-05
2.1742797955211607e-05
2.1742798018044542e-05
2.1742797439848444e-05
2.067900494659335e-05
2.067900494659335e-05
2.0679003689994558e-05
2.0679003391574253e-05
2.0679003724332793e-05
2.06790014260695e-05
2.067900466536563e-05
2.0679005176928015e-05
2.0679005139120808e-05
2.0679005332294576e-05
2.06790063325788e-05
2.067900423213432e-05
2.0679008987079072e-05
2.0679005844510117e-05
2.0679004492194316e-05
2.0679005269295393e-05
2.067900613961104e-05
2.067900506543534e-05
2.067900537208439e-05
2.0679006314115053e-05
2.0679006486037042e-05
2.0679005349271762e-05
2.0679005261756e-05
2.0679004993681077e-05
1.9149394057803843e-05
1.9149394057803843e-05
1.914939284139664e-05
1.9149392766301032e-05
1.9149392617169484e-05
1.9149389693903393e-05
1.9149393766049378e-05
1.9149394102302454e-05
1.9149394405853103e-05
1.9149394703427375e-05
1.914939532468928e-05
1.9149393817059007e-05
1.914939769390755e-05
1.9149394798330992e-05
1.914939427747182e-05
1.9149394316198785e-05
1.914939500125678e-05
1.9149394183162486e-05
1.9149394399951482e-05
1.914939521764765e-05
1.9149395261235494e-05
1.9149394185197168e-05
1.9149393917447387e-05
1.914939404985624e-05
1.72336866028996e-05
1.72336866028996e-05
1.7233685715698876e-05
1.723368587096884e-05
1.7233685435463605e-05
1.7233683011733335e-05
1.7233686368876552e-05
1.723368651109385e-05
1.7233686965102732e-05
1.723368736557741e-05
1.723368737347696e-05
1.723368672136053e-05
1.723368887983435e-05
1.7233686857136304e-05
1.7233687382640654e-05
1.7233686590463224e-05
1.7233686950150473e-05
1.7233686554924968e-05
1.7233686732960058e-05
1.7233687328746404e-05
1.723368704051268e-05
1.7233686392197423e-05
1.7233685940957185e-05
1.723368652644719e-05
1.6274126435887998e-05
1.6274126435887998e-05
1.6274125963241208e-05
1.6274126162066322e-05
1.6274125930161488e-05
1.6274125001179828e-05
1.627412629691243e-05
1.627412638635332e-05
1.6274126621846292e-05
1.6274127036159187e-05
1.627412665603652e-05
1.6274126463042926e-05
1.6274127303687923e-05
1.6274126202636815e-05
1.627412715447151e-05
1.6274126122826454e-05
1.6274126256975517e-05
1.6274126135743466e-05
1.6274126372047e-05
1.627412681154686e-05
1.6274126217137406e-05
1.627412609640933e-05
1.627412561427354e-05
1.6274126332424055e-05
1.6080229104060534e-05
1.6080229104060534e-05
1.6080228819870673e-05
1.6080228957240654e-05
1.6080229003589307e-05
1.6080229038700026e-05
1.6080229015799673e-05
1.6080229144477683e-05
1.6080229146032913e-05
1.6080229528829417e-05
1.6080229099251e-05
1.6080228909394093e-05
1.6080229432175093e-05
1.6080228691667954e-05
1.6080229540100223e-05
1.608022866887053e-05
1.6080228761656667e-05
1.6080228679461057e-05
1.6080228976964585e-05
1.608022938643004e-05
1.6080228690574658e-05
1.6080228805850523e-05
1.6080228376775636e-05
1.608022900826406e-05
1.6059009500093003e-05
1.6059009500093003e-05
1.605900923891592e-05
1.605900934546141e-05
1.605900947876805e-05
1.6059009712384214e-05
1.6059009420341443e-05
1.6059009572067887e-05
1.6059009506259132e-05
1.60590098747658e-05
1.605900947588872e-05
1.6059009225203212e-05
1.6059009792718174e-05
1.6059009079589213e-05
1.6059009825926544e-05
1.605900905562361e-05
1.605900916146319e-05
1.6059009059113875e-05
1.605900937335193e-05
1.605900979142721e-05
1.6059009095140368e-05
1.6059009237904234e-05
1.6059008835940422e-05
1.6059009411462678e-05
1.6042968301021064e-05
1.6042968301021064e-05
1.6042968046126983e-05
1.6042968136044792e-05
1.604296831125447e-05
1.6042968626104686e-05
1.6042968224662968e-05
1.6042968389285285e-05
1.6042968291157023e-05
1.6042968652727168e-05
1.6042968275658292e-05
1.6042967983334133e-05
1.6042968596942324e-05
1.6042967885627907e-05
1.6042968566024063e-05
1.6042967858306493e-05
1.6042967974945163e-05
1.6042967857734668e-05
1.60429681786935e-05
1.604296860423712e-05
1.60429679138128e-05
1.604296806325461e-05
1.604296767811896e-05
1.604296821733628e-05
1.5990180293851755e-05
1.5990180293851755e-05
1.5990180052842998e-05
1.599018011162021e-05
1.59901803651002e-05
1.5990180835509572e-05
1.5990180225257282e-05
1.599018041455278e-05
1.599018025346619e-05
1.5990180604279298e-05
1.5990180268157184e-05
1.5990179887320617e-05
1.5990180597079362e-05
1.5990179894443713e-05
1.5990180429451346e-05
1.5990179861108193e-05
1.5990180000021257e-05
1.5990179854101377e-05
1.5990180184086402e-05
1.599018062573821e-05
1.599017995111014e-05
1.5990180114475703e-05
1.5990179768543555e-05
1.5990180222164897e-05
1.587278906261267e-05
1.587278906261267e-05
1.5872788847060217e-05
1.5872788872385228e-05
1.5872789212956102e-05
1.5872789878988395e-05
1.5872789007287985e-05
1.5872789224262566e-05
1.5872788985621577e-05
1.587278933075283e-05
1.5872789035151567e-05
1.5872788535211888e-05
1.5872789360749562e-05
1.5872788692061082e-05
1.587278901552142e-05
1.5872788655034195e-05
1.5872788821050034e-05
1.5872788644693675e-05
1.587278897570788e-05
1.5872789438732463e-05
1.587278879059304e-05
1.5872788978890524e-05
1.58727886956821e-05
1.5872789010935332e-05
1.5600840567373996e-05
1.5600840567373996e-05
1.560084040426903e-05
1.5600840406952566e-05
1.5600840817028724e-05
1.5600841712166786e-05
1.5600840537239264e-05
1.560084077669713e-05
1.5600840452668276e-05
1.5600840812864693e-05
1.5600840532655487e-05
1.5600839875496535e-05
1.560084081641931e-05
1.5600840252851096e-05
1.560084025495377e-05
1.56008402228119e-05
1.560084041680635e-05
1.5600840221952557e-05
1.5600840525726267e-05
1.560084101594005e-05
1.560084041572681e-05
1.5600840654603376e-05
1.56008404804796e-05
1.5600840552210114e-05
1.5126933383994038e-05
1.5126933383994038e-05
1.5126933305575927e-05
1.5126933345464406e-05
1.512693369263084e-05
1.5126934680667532e-05
1.5126933391056293e-05
1.5126933611738897e-05
1.5126933268422641e-05
1.5126933695362141e-05
1.5126933331504285e-05
1.5126932561835275e-05
1.5126933491651356e-05
1.5126933154042997e-05
1.5126932821102453e-05
1.5126933158712923e-05
1.5126933353100413e-05
1.5126933199329327e-05
1.5126933412228058e-05
1.512693391921533e-05
1.5126933385494526e-05
1.5126933704869805e-05
1.5126933674358426e-05
1.5126933420120694e-05
1.4596006748279528e-05
1.4596006748279528e-05
1.4596006757562753e-05
1.4596006935329214e-05
1.4596006981406102e-05
1.4596007692348281e-05
1.4596006789177909e-05
1.459600691626126e-05
1.4596006712603696e-05
1.4596007265533367e-05
1.4596006669168017e-05
1.4596005973649056e-05
1.4596006625556614e-05
1.4596006598062409e-05
1.4596006165934239e-05
1.4596006670497586e-05
1.4596006804552487e-05
1.4596006789636579e-05
1.4596006844642455e-05
1.4596007332209666e-05
1.4596006852778313e-05
1.4596007253968731e-05
1.4596007328385561e-05
1.4596006827193418e-05
1.4319986996415747e-05
1.4319986996415747e-05
1.4319987034637999e-05
1.4319987367043989e-05
1.4319987054447548e-05
1.4319987263481927e-05
1.4319987043344871e-05
1.4319987058131549e-05
1.4319987075768716e-05
1.4319987732363419e-05
1.4319986899462086e-05
1.4319986438132986e-05
1.4319986705092396e-05
1.4319986864193767e-05
1.4319986671411935e-05
1.43199869943792e-05
1.4319987041156658e-05
1.4319987179062134e-05
1.431998711079342e-05
1.4319987551168513e-05
1.4319987073923111e-05
1.4319987500431386e-05
1.4319987561509053e-05
1.4319987078146053e-05
1.426086270161759e-05
1.426086270161759e-05
1.4260862724845653e-05
1.426086311829509e-05
1.4260862655961952e-05
1.4260862593623485e-05
1.4260862738800304e-05
1.426086270655004e-05
1.4260862835926248e-05
1.4260863518594306e-05
1.4260862602162878e-05
1.4260862291077201e-05
1.426086237745355e-05
1.4260862549756665e-05
1.4260862584630438e-05
1.426086269638075e-05
1.4260862700375525e-05
1.4260862899126956e-05
1.4260862801159366e-05
1.4260863212742096e-05
1.4260862714417326e-05
1.4260863125661788e-05
1.4260863131839909e-05
1.4260862767338204e-05
1.4247438884598085e-05
1.4247438884598085e-05
1.4247438895886886e-05
1.4247439297497946e-05
1.4247438811867133e-05
1.4247438685047008e-05
1.424743891594119e-05
1.4247438876480565e-05
1.4247439029687331e-05
1.424743970959471e-05
1.4247438786479815e-05
1.4247438517629484e-05
1.4247438568152034e-05
1.4247438720611817e-05
1.4247438835701655e-05
1.4247438867783514e-05
1.4247438861832872e-05
1.4247439070967817e-05
1.4247438974250315e-05
1.4247439377539358e-05
1.4247438868648807e-05
1.424743926838266e-05
1.4247439248840538e-05
1.4247438941825901e-05
1.4225336651489041e-05
1.4225336651489041e-05
1.4225336647484024e-05
1.422533705262063e-05
1.4225336553166793e-05
1.4225336368441505e-05
1.4225336675727187e-05
1.4225336632401352e-05
1.422533680442812e-05
1.4225337475469015e-05
1.4225336555579892e-05
1.42253363283804e-05
1.422533634961816e-05
1.422533647366243e-05
1.422533667360166e-05
1.4225336620833515e-05
1.4225336604142801e-05
1.422533682406515e-05
1.422533672948167e-05
1.4225337123437873e-05
1.4225336603069741e-05
1.4225336988217784e-05
1.422533693936966e-05
1.4225336698735645e-05
1.4167307374263342e-05
1.4167307374263342e-05
1.4167307342521525e-05
1.4167307748306133e-05
1.4167307236272341e-05
1.4167306964554646e-05
1.4167307386014554e-05
1.416730734049547e-05
1.4167307535900542e-05
1.4167308183939836e-05
1.4167307282632174e-05
1.4167307122203346e-05
1.4167307100578076e-05
1.4167307174828681e-05
1.4167307512675638e-05
1.4167307324183807e-05
1.4167307285596255e-05
1.416730753066325e-05
1.4167307433246248e-05
1.4167307809018842e-05
1.416730727145458e-05
1.4167307630355795e-05
1.4167307532447447e-05
1.416730740447514e-05
1.4026630150536204e-05
1.4026630150536204e-05
1.40266300715347e-05
1.4026630468176998e-05
1.4026629956339078e-05
1.4026629566559696e-05
1.402663014178898e-05
1.4026630101414046e-05
1.402663031662925e-05
1.402663091109153e-05
1.4026630066562183e-05
1.4026630005543666e-05
1.4026629926272271e-05
1.4026629922200789e-05
1.402663046563987e-05
1.4026630081394062e-05
1.402662999792105e-05
1.402663030192648e-05
1.4026630181983095e-05
1.402663052265643e-05
1.4026629963826727e-05
1.402663027838665e-05
1.4026630105043247e-05
1.4026630153884566e-05
1.3710426009766555e-05
1.3710426009766555e-05
1.371042585401905e-05
1.3710426214185077e-05
1.3710425748092537e-05
1.3710425229533566e-05
1.3710425969388447e-05
1.371042595621885e-05
1.3710426161020377e-05
1.371042663730388e-05
1.3710425938955634e-05
1.371042600957766e-05
1.371042586806763e-05
1.371042575182994e-05
1.3710426566814048e-05
1.3710425940690602e-05
1.371042576720841e-05
1.371042620304277e-05
1.3710426007114729e-05
1.3710426281425499e-05
1.3710425705687446e-05
1.3710425948928302e-05
1.3710425670622637e-05
1.3710425974143724e-05
1.314795816262455e-05
1.314795816262455e-05
1.3147957909028176e-05
1.3147958180091302e-05
1.3147957861724989e-05
1.3147957302735607e-05
1.3147958085164523e-05
1.3147958143827079e-05
1.3147958251393263e-05
1.3147958515258767e-05
1.3147958110004013e-05
1.314795829003624e-05
1.314795813055153e-05
1.3147957901248676e-05
1.3147958939719035e-05
1.3147958155025168e-05
1.3147957832930654e-05
1.3147958508291023e-05
1.3147958137479897e-05
1.3147958308588457e-05
1.3147957746379418e-05
1.3147957899741411e-05
1.3147957522243104e-05
1.3147958086490587e-05
1.2514267881590316e-05
1.2514267881590316e-05
1.2514267564574655e-05
1.2514267703582347e-05
1.2514267636909097e-05
1.2514267267559313e-05
1.2514267785713586e-05
1.2514267955718855e-05
1.2514267853768424e-05
1.2514267871914096e-05
1.2514267843182562e-05
1.2514267992475975e-05
1.2514267928105999e-05
1.2514267677856317e-05
1.2514268647270266e-05
1.2514268020818888e-05
1.25142675436603e-05
1.251426849842696e-05
1.2514267878423192e-05
1.2514267950247012e-05
1.2514267458487157e-05
1.2514267554812394e-05
1.2514267173462667e-05
1.2514267795185138e-05
1.2180900667952337e-05
1.2180900667952337e-05
1.2180900371837344e-05
1.2180900422481014e-05
1.2180900549665193e-05
1.2180900500924298e-05
1.2180900588037943e-05
1.2180900836309546e-05
1.2180900543354968e-05
1.2180900450220604e-05
1.2180900629111526e-05
1.2180900608511133e-05
1.2180900701898357e-05
1.2180900551488262e-05
1.2180901164315454e-05
1.2180900948362474e-05
1.2180900418665278e-05
1.2180901500737103e-05
1.218090072231491e-05
1.2180900769481613e-05
1.2180900364712174e-05
1.2180900480980831e-05
1.218090020819233e-05
1.2180900613261461e-05
1.211283621067901e-05
1.211283621067901e-05
1.2112835958110467e-05
1.2112835997384956e-05
1.2112836165943623e-05
1.2112836283424799e-05
1.2112836150959193e-05
1.211283641168719e-05
1.211283606133735e-05
1.2112835987507625e-05
1.2112836165302048e-05
1.2112836027053023e-05
1.2112836200926732e-05
1.2112836136848602e-05
1.2112836504020877e-05
1.2112836536497732e-05
1.2112836033945515e-05
1.211283709253626e-05
1.2112836299909547e-05
1.2112836371028424e-05
1.2112836004142949e-05
1.2112836159085583e-05
1.2112835971977753e-05
1.211283618489954e-05
1.2101891347311263e-05
1.2101891347311263e-05
1.2101891111989191e-05
1.2101891158383918e-05
1.210189131896276e-05
1.2101891468527907e-05
1.2101891294580714e-05
1.2101891550057808e-05
1.2101891199836926e-05
1.2101891149741993e-05
1.2101891298886066e-05
1.2101891130604604e-05
1.2101891319017801e-05
1.2101891280985749e-05
1.2101891584875617e-05
1.2101891673817185e-05
1.2101891192270505e-05
1.2101892220437121e-05
1.210189144443431e-05
1.2101891530321208e-05
1.2101891170005549e-05
1.2101891338379925e-05
1.2101891175776093e-05
1.2101891330406298e-05
1.2088491032575205e-05
1.2088491032575205e-05
1.2088490811972179e-05
1.2088490867065365e-05
1.2088491015384365e-05
1.2088491184741189e-05
1.2088490985355393e-05
1.208849123396616e-05
1.2088490888915386e-05
1.2088490861283854e-05
1.2088490981305381e-05
1.2088490792287121e-05
1.2088490988087739e-05
1.2088490970511652e-05
1.2088491229027666e-05
1.2088491354783192e-05
1.2088490895334768e-05
1.2088491889801775e-05
1.208849113474935e-05
1.2088491234800697e-05
1.2088490880313516e-05
1.208849105677019e-05
1.2088490912996072e-05
1.2088491022531608e-05
1.2049932185896575e-05
1.2049932185896575e-05
1.2049931992738897e-05
1.2049932065750903e-05
1.2049932187783351e-05
1.2049932389163677e-05
1.2049932148125234e-05
1.2049932382179908e-05
1.2049932049823425e-05
1.2049932062149913e-05
1.2049932128840932e-05
1.2049931907064337e-05
1.2049932110777582e-05
1.2049932130319862e-05
1.2049932312111943e-05
1.2049932494602605e-05
1.20499320834275e-05
1.2049933003063401e-05
1.2049932295562168e-05
1.2049932423892924e-05
1.2049932085421317e-05
1.20499322678132e-05
1.2049932157903459e-05
1.2049932187874551e-05
1.195910373271174e-05
1.195910373271174e-05
1.1959103581656815e-05
1.195910368471641e-05
1.1959103761373827e-05
1.1959104004549705e-05
1.1959103707596611e-05
1.1959103916449009e-05
1.195910360791255e-05
1.1959103674846769e-05
1.1959103665702275e-05
1.1959103405649908e-05
1.1959103609773872e-05
1.1959103684792894e-05
1.1959103763346584e-05
1.1959104009822607e-05
1.1959103688211534e-05
1.1959104467195415e-05
1.1959103850007605e-05
1.1959104025460968e-05
1.1959103724926592e-05
1.1959103894927e-05
1.1959103835213604e-05
1.1959103751620032e-05
1.175115474517826e-05
1.175115474517826e-05
1.175115465710403e-05
1.175115481077102e-05
1.1751154808407245e-05
1.1751155097832038e-05
1.1751154734690547e-05
1.1751154899391343e-05
1.1751154635996592e-05
1.1751154768176556e-05
1.1751154660773615e-05
1.1751154371285631e-05
1.175115454892523e-05
1.1751154703564187e-05
1.175115466084012e-05
1.1751154949820688e-05
1.1751154798461513e-05
1.1751155306667727e-05
1.1751154864881937e-05
1.1751155119403677e-05
1.1751154907556925e-05
1.1751155008342018e-05
1.1751155019901453e-05
1.1751154785920883e-05
1.1379959689068644e-05
1.1379959689068644e-05
1.1379959668714735e-05
1.1379959889028467e-05
1.1379959777564484e-05
1.1379960081382773e-05
1.1379959684965679e-05
1.1379959788219242e-05
1.1379959593894956e-05
1.1379959760141025e-05
1.1379959580574912e-05
1.137995931999345e-05
1.1379959410416815e-05
1.1379959642994112e-05
1.1379959542015853e-05
1.1379959760929135e-05
1.1379959871384788e-05
1.137995995729348e-05
1.1379959791634828e-05
1.1379960149604274e-05
1.1379960102797918e-05
1.1379960019069271e-05
1.1379960099065597e-05
1.1379959745699937e-05
1.0954398520905741e-05
1.0954398520905741e-05
1.0954398523415584e-05
1.095439879161706e-05
1.0954398593113457e-05
1.0954398828096649e-05
1.095439849959973e-05
1.0954398553089815e-05
1.0954398424711948e-05
1.0954398527163825e-05
1.0954398393232055e-05
1.0954398268379856e-05
1.0954398207652073e-05
1.0954398449793015e-05
1.0954398479409035e-05
1.095439843379708e-05
1.09543987958688e-05
1.0954398467201445e-05
1.0954398576395979e-05
1.0954399007136803e-05
1.0954399160903482e-05
1.0954398786749691e-05
1.0954398872898551e-05
1.0954398567129557e-05
1.0725697979912994e-05
1.0725697979912994e-05
1.0725697936647366e-05
1.0725698196798111e-05
1.0725697998673947e-05
1.0725698115941046e-05
1.0725697926155054e-05
1.0725697978871548e-05
1.072569786595945e-05
1.0725697835136996e-05
1.0725697852649162e-05
1.0725697892200594e-05
1.072569771350327e-05
1.0725697877186354e-05
1.0725698165922535e-05
1.0725697815849676e-05
1.0725698238278021e-05
1.0725697799243136e-05
1.0725697986271879e-05
1.0725698401540122e-05
1.0725698655040091e-05
1.0725698074010377e-05
1.0725698089296245e-05
1.0725697992388883e-05
1.067811733555165e-05
1.067811733555165e-05
1.0678117246670636e-05
1.0678117479550805e-05
1.0678117319644476e-05
1.0678117374813675e-05
1.0678117264225177e-05
1.0678117338152461e-05
1.0678117208366854e-05
1.0678117101259813e-05
1.0678117217334982e-05
1.067811732559168e-05
1.067811712215051e-05
1.0678117218782903e-05
1.0678117652647773e-05
1.0678117180945372e-05
1.0678117539101451e-05
1.0678117197047184e-05
1.06781173236438e-05
1.067811769398492e-05
1.0678117937221192e-05
1.0678117324062361e-05
1.0678117281706809e-05
1.0678117326332265e-05
1.0671099931133725e-05
1.0671099931133725e-05
1.0671099828233623e-05
1.0671100049937498e-05
1.0671099906941003e-05
1.0671099950062925e-05
1.0671099856687243e-05
1.0671099940296217e-05
1.0671099800687598e-05
1.0671099677514318e-05
1.0671099817337159e-05
1.0671099933463548e-05
1.0671099736680162e-05
1.067109981202758e-05
1.0671100275308412e-05
1.0671099791360024e-05
1.0671100110726315e-05
1.0671099829600874e-05
1.0671099917170491e-05
1.0671100268225992e-05
1.0671100492649494e-05
1.0671099896429036e-05
1.0671099838418094e-05
1.0671099916944928e-05
1.0663537178834613e-05
1.0663537178834613e-05
1.0663537066707736e-05
1.0663537280090079e-05
1.066353714946318e-05
1.0663537185476448e-05
1.0663537103343065e-05
1.0663537194367776e-05
1.066353704677782e-05
1.0663536914216501e-05
1.0663537069147469e-05
1.0663537186810066e-05
1.0663537000626745e-05
1.0663537057957692e-05
1.0663537537380028e-05
1.066353705198588e-05
1.0663537337649415e-05
1.066353710913825e-05
1.0663537163270818e-05
1.0663537497777688e-05
1.0663537704843717e-05
1.066353713156908e-05
1.0663537064254881e-05
1.0663537161903968e-05
1.0641551373149173e-05
1.0641551373149173e-05
1.064155124621181e-05
1.0641551444861137e-05
1.0641551334826224e-05
1.0641551357547946e-05
1.0641551297833184e-05
1.064155140215154e-05
1.0641551239758397e-05
1.0641551091239978e-05
1.0641551272968547e-05
1.0641551389672174e-05
1.064155123180367e-05
1.0641551247368353e-05
1.064155175194601e-05
1.0641551269743115e-05
1.0641551486644046e-05
1.0641551363745466e-05
1.064155135186853e-05
1.064155165060255e-05
1.064155182354212e-05
1.064155130869231e-05
1.0641551228416335e-05
1.0641551352459062e-05
1.059296175130557e-05
1.059296175130557e-05
1.0592961608930376e-05
1.0592961788980868e-05
1.0592961701548115e-05
1.0592961704211244e-05
1.0592961680778511e-05
1.059296180216577e-05
1.0592961619758246e-05
1.059296145102511e-05
1.0592961668592052e-05
1.0592961777245725e-05
1.0592961676941525e-05
1.0592961614557064e-05
1.0592962145781363e-05
1.0592961677647264e-05
1.0592961786552157e-05
1.0592961825545234e-05
1.0592961715028216e-05
1.0592961952605253e-05
1.0592962075686952e-05
1.0592961675388671e-05
1.0592961586564858e-05
1.0592961728139847e-05
1.04941775030362e-05
1.04941775030362e-05
1.0494177354143544e-05
1.049417751628774e-05
1.0494177441751842e-05
1.0494177416189224e-05
1.049417744887823e-05
1.049417758739608e-05
1.0494177382383204e-05
1.0494177193591104e-05
1.0494177451346912e-05
1.0494177535022709e-05
1.049417754643452e-05
1.0494177343221993e-05
1.0494177887607317e-05
1.0494177458131279e-05
1.049417740826439e-05
1.0494177676861313e-05
1.0494177431933903e-05
1.0494177569018271e-05
1.0494177626884211e-05
1.0494177442112713e-05
1.0494177365163909e-05
1.0494177483270468e-05
1.0358939653911936e-05
1.0358939653911936e-05
1.0358939528516944e-05
1.0358939691669525e-05
1.0358939591801615e-05
1.0358939543009377e-05
1.0358939631419621e-05
1.0358939770855693e-05
1.035893955794662e-05
1.0358939368575831e-05
1.0358939639910673e-05
1.0358939677286835e-05
1.035893983853235e-05
1.0358939460711788e-05
1.0358939969750512e-05
1.035893960768785e-05
1.0358939414735656e-05
1.035893987494383e-05
1.0358939528183442e-05
1.0358939555421438e-05
1.035893956928262e-05
1.0358939664140292e-05
1.0358939642262131e-05
1.0358939649954928e-05
1.0260217519890412e-05
1.0260217519890412e-05
1.0260217446249425e-05
1.026021763826037e-05
1.0260217473719768e-05
1.0260217426139857e-05
1.0260217529102404e-05
1.0260217644205453e-05
1.0260217451504043e-05
1.0260217291475344e-05
1.026021752624558e-05
1.0260217518767697e-05
1.026021777841758e-05
1.0260217302074265e-05
1.0260217727993516e-05
1.0260217427946292e-05
1.0260217219675119e-05
1.026021767470042e-05
1.0260217349392583e-05
1.0260217332522255e-05
1.0260217366472994e-05
1.0260217634155289e-05
1.0260217692539979e-05
1.0260217538942653e-05
1.0230551311698349e-05
1.0230551311698349e-05
1.023055127390724e-05
1.0230551493664767e-05
1.023055128174001e-05
1.023055125025692e-05
1.0230551331747453e-05
1.0230551422200897e-05
1.0230551254631097e-05
1.0230551123955722e-05
1.0230551313941536e-05
1.0230551291964479e-05
1.0230551552345666e-05
1.0230551091187844e-05
1.023055145767709e-05
1.0230551175756915e-05
1.0230551044090761e-05
1.023055137121438e-05
1.0230551132244553e-05
1.0230551142349338e-05
1.0230551224298481e-05
1.023055148241439e-05
1.0230551584440392e-05
1.0230551343185083e-05
1.022546184775218e-05
1.022546184775218e-05
1.0225461818836686e-05
1.0225462047840121e-05
1.0225461823393092e-05
1.0225461800581497e-05
1.0225461867014252e-05
1.0225461948823606e-05
1.0225461791124359e-05
1.0225461670630386e-05
1.022546184343434e-05
1.0225461822863888e-05
1.0225462062770158e-05
1.0225461631120704e-05
1.0225461981914947e-05
1.022546169732192e-05
1.0225461611234901e-05
1.0225461868708006e-05
1.0225461672916579e-05
1.0225461707233958e-05
1.0225461811522093e-05
1.022546202730783e-05
1.0225462136462978e-05
1.0225461881160598e-05
1.0221838190839648e-05
1.0221838190839648e-05
1.0221838165127816e-05
1.022183839834652e-05
1.0221838169089558e-05
1.0221838151158479e-05
1.0221838208441427e-05
1.0221838285958087e-05
1.0221838133531056e-05
1.0221838018015149e-05
1.0221838182161301e-05
1.0221838163821827e-05
1.0221838388709537e-05
1.0221837977513096e-05
1.0221838321648891e-05
1.0221838034126026e-05
1.0221837974162557e-05
1.0221838192611106e-05
1.0221838020316534e-05
1.0221838069714784e-05
1.022183818595053e-05
1.0221838371151679e-05
1.022183848150344e-05
1.0221838224387481e-05
1.0210746950634827e-05
1.0210746950634827e-05
1.0210746930501417e-05
1.0210747171545699e-05
1.0210746933760328e-05
1.0210746925354722e-05
1.021074696430825e-05
1.021074703301848e-05
1.0210746891773903e-05
1.0210746786309971e-05
1.0210746933420783e-05
1.021074691956434e-05
1.0210747114078225e-05
1.0210746744776952e-05
1.0210747074926528e-05
1.0210746783198052e-05
1.0210746773618616e-05
1.0210746916849058e-05
1.0210746789439074e-05
1.0210746868215384e-05
1.0210747007471912e-05
1.0210747129348865e-05
1.0210747240966896e-05
1.0210746983748149e-05
1.0184665032002618e-05
1.0184665032002618e-05
1.0184665019795479e-05
1.0184665272103127e-05
1.0184665022174626e-05
1.0184665027759162e-05
1.0184665039104614e-05
1.0184665093222546e-05
1.0184664971065753e-05
1.0184664881932228e-05
1.0184665002766234e-05
1.018466499458969e-05
1.0184665144659556e-05
1.0184664838897127e-05
1.0184665143923226e-05
1.018466485136138e-05
1.018466491373741e-05
1.018466494890936e-05
1.0184664885481032e-05
1.0184665005985747e-05
1.0184665178789158e-05
1.0184665203714168e-05
1.0184665316749582e-05
1.0184665063383804e-05
1.0118723153990075e-05
1.0118723153990075e-05
1.0118723154071024e-05
1.0118723423844812e-05
1.0118723155153268e-05
1.0118723182890105e-05
1.0118723148906174e-05
1.0118723175485465e-05
1.0118723090522299e-05
1.0118723031491108e-05
1.0118723107211814e-05
1.0118723105341071e-05
1.0118723186303143e-05
1.0118722985431553e-05
1.0118723238271908e-05
1.0118722958589692e-05
1.0118723129484556e-05
1.0118722999774477e-05
1.0118723032820062e-05
1.0118723215364495e-05
1.0118723440748229e-05
1.0118723303559906e-05
1.0118723418374697e-05
1.0118723180019267e-05
9.975278232422984e-06
9.975278232422984e-06
9.975278247980638e-06
9.975278539642091e-06
9.975278247527062e-06
9.975278304103895e-06
9.975278207251663e-06
9.975278187200742e-06
9.975278167566033e-06
9.975278158069828e-06
9.975278166478094e-06
9.9752781662103e-06
9.975278160489363e-06
9.97527810631002e-06
9.975278260977714e-06
9.975278032597012e-06
9.975278331594909e-06
9.97527800229866e-06
9.975278149276102e-06
9.975278402700475e-06
9.97527869526311e-06
9.975278326648951e-06
9.975278442853567e-06
9.97527824522136e-06
9.726515123936167e-06
9.726515123936167e-06
9.726515151086507e-06
9.726515458808901e-06
9.726515149713255e-06
9.726515230169069e-06
9.726515072161756e-06
9.726514987944007e-06
9.726515062487003e-06
9.72651511856587e-06
9.726515050846577e-06
9.726515036227945e-06
9.726514966550872e-06
9.7265150578449e-06
9.726515059449668e-06
9.726514955518898e-06
9.72651532928769e-06
9.72651487050434e-06
9.726515084156738e-06
9.726515372759793e-06
9.726515717902197e-06
9.726515109488397e-06
9.726515224712032e-06
9.726515110934979e-06
9.464497760373712e-06
9.464497760373712e-06
9.464497781126102e-06
9.464498078963795e-06
9.46449778093309e-06
9.464497854728378e-06
9.464497690485491e-06
9.464497558621704e-06
9.464497709712763e-06
9.464497810540434e-06
9.46449771167555e-06
9.464497660865465e-06
9.464497628999981e-06
9.464497741408209e-06
9.464497601477864e-06
9.4644976732325e-06
9.464497945783273e-06
9.464497614918682e-06
9.464497739012993e-06
9.464497957431727e-06
9.464498280043826e-06
9.46449761493935e-06
9.464497725007083e-06
9.464497716472103e-06
9.340605162495272e-06
9.340605162495272e-06
9.340605162362355e-06
9.34060542977066e-06
9.340605164774638e-06
9.340605204508523e-06
9.340605096008012e-06
9.340604966865518e-06
9.340605122953582e-06
9.34060521574063e-06
9.340605154371504e-06
9.3406050695983e-06
9.34060515588623e-06
9.340605144570174e-06
9.340604973112457e-06
9.340605152708818e-06
9.340605209552895e-06
9.340605187904598e-06
9.340605120690057e-06
9.340605207000587e-06
9.340605443854789e-06
9.340604953301725e-06
9.340605057454811e-06
9.340605103724887e-06
9.32027070833017e-06
9.32027070833017e-06
9.32027069571321e-06
9.320270945006345e-06
9.320270699583777e-06
9.320270717656548e-06
9.320270651230366e-06
9.320270542183217e-06
9.320270672675605e-06
9.32027074280263e-06
9.320270719781964e-06
9.320270624711289e-06
9.320270780347313e-06
9.320270673343221e-06
9.320270533113837e-06
9.320270722742369e-06
9.320270664689945e-06
9.320270814148032e-06
9.320270645073729e-06
9.320270664105446e-06
9.320270848481835e-06
9.320270503461163e-06
9.320270605431547e-06
9.32027065070464e-06
9.318621882748837e-06
9.318621882748837e-06
9.318621867546452e-06
9.31862211293494e-06
9.318621871755615e-06
9.318621885255763e-06
9.318621829070995e-06
9.31862172772688e-06
9.318621847432821e-06
9.318621909600537e-06
9.318621897213817e-06
9.318621802143462e-06
9.318621971107494e-06
9.318621841013572e-06
9.318621716656304e-06
9.318621897821673e-06
9.31862181944787e-06
9.318622000421029e-06
9.318621813485105e-06
9.318621821264314e-06
9.318621994788106e-06
9.318621686884904e-06
9.31862178875605e-06
9.318621827279446e-06
9.317147506639879e-06
9.317147506639879e-06
9.31714749006371e-06
9.317147733086583e-06
9.317147494546549e-06
9.317147505850996e-06
9.31714745519567e-06
9.317147358689296e-06
9.317147471502489e-06
9.317147528996895e-06
9.317147522264023e-06
9.317147427974962e-06
9.317147602581837e-06
9.317147460915172e-06
9.317147346665465e-06
9.31714752095529e-06
9.317147433724059e-06
9.317147628622149e-06
9.317147434172803e-06
9.317147437217829e-06
9.317147605363295e-06
9.317147317224121e-06
9.317147419261225e-06
9.31714745271266e-06
9.31178252989342e-06
9.31178252989342e-06
9.311782510077497e-06
9.3117827467272e-06
9.311782515471489e-06
9.311782522393381e-06
9.311782483915027e-06
9.311782398510428e-06
9.311782495519892e-06
9.311782543034337e-06
9.311782547644631e-06
9.311782456052441e-06
9.311782640240231e-06
9.311782475889609e-06
9.311782383713486e-06
9.311782542194684e-06
9.311782437554464e-06
9.311782659394423e-06
9.311782451000091e-06
9.311782444776542e-06
9.311782601439077e-06
9.311782354851343e-06
9.311782457700313e-06
9.311782479414924e-06
9.298821418838611e-06
9.298821418838611e-06
9.298821393469354e-06
9.298821617575671e-06
9.298821400969745e-06
9.298821402044855e-06
9.298821382372615e-06
9.29882131472075e-06
9.298821386568636e-06
9.298821419724186e-06
9.298821439166152e-06
9.298821353583281e-06
9.29882154665391e-06
9.298821353565498e-06
9.298821293873521e-06
9.298821428000523e-06
9.29882130010656e-06
9.29882155660747e-06
9.298821331552257e-06
9.298821312888962e-06
9.298821452353167e-06
9.298821265245097e-06
9.298821370293352e-06
9.298821373535535e-06
9.26581937542844e-06
9.26581937542844e-06
9.265819339160788e-06
9.265819535245243e-06
9.265819351942109e-06
9.265819345059778e-06
9.265819357865183e-06
9.265819322201772e-06
9.265819348980697e-06
9.265819359893861e-06
9.26581939860202e-06
9.265819327643256e-06
9.265819522292468e-06
9.265819294343123e-06
9.26581928670394e-06
9.265819379280648e-06
9.26581921949084e-06
9.26581951988827e-06
9.26581927727086e-06
9.265819241348817e-06
9.265819352295481e-06
9.265819256849408e-06
9.265819367899678e-06
9.265819338646514e-06
9.198026239689384e-06
9.198026239689384e-06
9.198026185207017e-06
9.198026328134545e-06
9.198026208946933e-06
9.198026195304295e-06
9.198026254133738e-06
9.198026266592251e-06
9.198026226122503e-06
9.198026210925007e-06
9.198026263523053e-06
9.198026222246656e-06
9.19802639008185e-06
9.19802614392621e-06
9.19802620145715e-06
9.198026236293124e-06
9.19802604869695e-06
9.198026377654293e-06
9.19802613378936e-06
9.198026082294989e-06
9.198026155295036e-06
9.198026166404586e-06
9.198026290612076e-06
9.198026214092643e-06
9.09616209472305e-06
9.09616209472305e-06
9.096162017606361e-06
9.09616208419031e-06
9.096162058438626e-06
9.09616204705024e-06
9.096162149598736e-06
9.096162213130971e-06
9.096162102287769e-06
9.096162072666572e-06
9.096162112709235e-06
9.096162116848065e-06
9.096162203403807e-06
9.096161999870023e-06
9.096162102820625e-06
9.096162084981581e-06
9.096161904357418e-06
9.096162195830221e-06
9.096161996196108e-06
9.096161946965592e-06
9.096161988607807e-06
9.096162056177294e-06
9.096162201815753e-06
9.096162078046977e-06
9.013528942969487e-06
9.013528942969487e-06
9.013528853495081e-06
9.013528864578833e-06
9.013528908335421e-06
9.013528912515095e-06
9.01352902077439e-06
9.013529100422787e-06
9.01352896895354e-06
9.013528955690877e-06
9.013528948800731e-06
9.013528989205162e-06
9.013528966900955e-06
9.013528874380694e-06
9.013528954305104e-06
9.013528933356309e-06
9.013528812377098e-06
9.013528985233316e-06
9.013528871339575e-06
9.013528852417257e-06
9.013528898132572e-06
9.013528894433014e-06
9.013529058588851e-06
9.013528924473513e-06
8.985758973072229e-06
8.985758973072229e-06
8.985758886813609e-06
8.985758894225643e-06
8.985758944152056e-06
8.985758963114435e-06
8.985759045989541e-06
8.985759105942747e-06
8.985759003281613e-06
8.985759017568345e-06
8.98575897030735e-06
8.98575901632964e-06
8.985758937721082e-06
8.985758931495806e-06
8.985758954637627e-06
8.985758968158945e-06
8.985758904954129e-06
8.985758979806329e-06
8.98575892449319e-06
8.985758935856356e-06
8.985759008260557e-06
8.985758889150542e-06
8.985759057411472e-06
8.985758946274913e-06
8.982434916060398e-06
8.982434916060398e-06
8.982434834428132e-06
8.982434852850526e-06
8.982434889852098e-06
8.98243491319168e-06
8.982434980923529e-06
8.982435026391456e-06
8.98243494423328e-06
8.98243496959572e-06
8.982434911491806e-06
8.982434952079661e-06
8.98243486846014e-06
8.982434882989611e-06
8.982434880798046e-06
8.982434913681239e-06
8.982434867793644e-06
8.98243491730091e-06
8.98243487370184e-06
8.9824348943807e-06
8.9824349801805e-06
8.982434815364774e-06
8.982434981490094e-06
8.982434885206934e-06
8.982070155831219e-06
8.982070155831219e-06
8.982070075549731e-06
8.982070098009941e-06
8.98207013015689e-06
8.982070153980818e-06
8.98207021822917e-06
8.982070260056253e-06
8.982070182995149e-06
8.982070210207819e-06
8.98207015125347e-06
8.98207018960101e-06
8.982070108201882e-06
8.98207012381472e-06
8.98207011694827e-06
8.982070154014017e-06
8.982070110007494e-06
8.982070157643407e-06
8.98207011403106e-06
8.982070135793889e-06
8.982070224191962e-06
8.98207005192396e-06
8.982070217001607e-06
8.982070124184831e-06
8.98131386325959e-06
8.98131386325959e-06
8.981313784792455e-06
8.981313812926556e-06
8.981313838269525e-06
8.98131386263503e-06
8.98131392217409e-06
8.98131395904263e-06
8.98131388893248e-06
8.981313918340747e-06
8.981313858791086e-06
8.981313893995646e-06
8.981313816353828e-06
8.98131383245661e-06
8.981313819860625e-06
8.981313862222339e-06
8.981313820107712e-06
8.98131386621445e-06
8.981313822056474e-06
8.981313844987714e-06
8.981313936364803e-06
8.981313755466142e-06
8.981313918967568e-06
8.981313830651554e-06
8.979273864729102e-06
8.979273864729102e-06
8.97927378912212e-06
8.979273826497877e-06
8.979273840852165e-06
8.979273866156224e-06
8.979273917724437e-06
8.979273946294797e-06
8.97927388787406e-06
8.979273920611211e-06
8.979273860519328e-06
8.979273890715653e-06
8.979273819358553e-06
8.9792738359744e-06
8.97927381455012e-06
8.979273865079828e-06
8.979273825728739e-06
8.979273869465717e-06
8.979273824657496e-06
8.979273849428919e-06
8.979273944712275e-06
8.979273751181168e-06
8.979273911931753e-06
8.97927383070306e-06
8.973880592057286e-06
8.973880592057286e-06
8.97388052089783e-06
8.973880573342745e-06
8.97388057002717e-06
8.973880597091532e-06
8.973880634736673e-06
8.97388064908142e-06
8.973880610846264e-06
8.97388064854824e-06
8.97388058842596e-06
8.973880610758523e-06
8.973880549759695e-06
8.973880566984347e-06
8.973880532099307e-06
8.973880595000148e-06
8.973880559684905e-06
8.973880599297395e-06
8.973880554369699e-06
8.97388058215963e-06
8.973880681570468e-06
8.973880470372043e-06
8.973880626187513e-06
8.973880556045101e-06
8.960412812005054e-06
8.960412812005054e-06
8.960412747259677e-06
8.960412823231778e-06
8.960412792944861e-06
8.960412823345486e-06
8.960412836922289e-06
8.960412827305383e-06
8.960412823416121e-06
8.9604128677545e-06
8.960412809655068e-06
8.960412820463984e-06
8.960412775847512e-06
8.96041279356304e-06
8.960412739906511e-06
8.960412819817868e-06
8.960412789708233e-06
8.96041282211394e-06
8.960412779406097e-06
8.96041281199104e-06
8.960412912315856e-06
8.960412680661403e-06
8.960412827657815e-06
8.960412773690342e-06
8.930256265946446e-06
8.930256265946446e-06
8.930256208737402e-06
8.930256317001304e-06
8.930256251172013e-06
8.930256287563912e-06
8.93025626251119e-06
8.930256215798555e-06
8.930256265846364e-06
8.930256316622154e-06
8.930256266260793e-06
8.930256263060442e-06
8.930256241423151e-06
8.93025625873196e-06
8.930256184680714e-06
8.93025628242025e-06
8.930256256840967e-06
8.930256277486995e-06
8.930256243618293e-06
8.93025628298964e-06
8.930256371300651e-06
8.930256128648929e-06
8.930256260863672e-06
8.930256226385564e-06
8.87727672607857e-06
8.87727672607857e-06
8.877276672888763e-06
8.877276810771248e-06
8.87727671571559e-06
8.877276760830025e-06
8.877276687549193e-06
8.877276597183e-06
8.877276712249097e-06
8.877276762810833e-06
8.877276730909543e-06
8.877276718990129e-06
8.877276719564297e-06
8.877276734033322e-06
8.877276653559832e-06
8.877276755023089e-06
8.877276727616948e-06
8.877276733191297e-06
8.877276720697456e-06
8.877276766764199e-06
8.877276813678489e-06
8.87727660003755e-06
8.877276712555836e-06
8.87727668975654e-06
8.819826284906045e-06
8.819826284906045e-06
8.819826224882309e-06
8.819826362115703e-06
8.819826275570552e-06
8.819826328022754e-06
8.819826225922724e-06
8.819826114022352e-06
8.819826263964571e-06
8.819826300224295e-06
8.819826294481632e-06
8.81982629239116e-06
8.819826295142218e-06
8.819826303915267e-06
8.819826252275708e-06
8.819826324157048e-06
8.819826282813158e-06
8.819826278694762e-06
8.819826296744672e-06
8.81982634376461e-06
8.819826320593122e-06
8.819826197685966e-06
8.819826296272485e-06
8.81982625875291e-06
8.791534061865057e-06
8.791534061865057e-06
8.791533988169454e-06
8.791534092787799e-06
8.791534049218815e-06
8.791534102391994e-06
8.791534012386356e-06
8.79153391766417e-06
8.791534045850915e-06
8.79153406267102e-06
8.791534073122977e-06
8.791534093855139e-06
8.791534075828882e-06
8.791534079824651e-06
8.791534074668575e-06
8.791534101925469e-06
8.791534043386164e-06
8.791534042077356e-06
8.791534079221255e-06
8.79153412037923e-06
8.79153404522072e-06
8.791534015941272e-06
8.791534116447396e-06
8.791534046217904e-06
8.786666055599372e-06
8.786666055599372e-06
8.786665974743577e-06
8.786666056141976e-06
8.786666040175608e-06
8.786666090999005e-06
8.786666020914389e-06
8.786665946913647e-06
8.786666045879498e-06
8.786666054228024e-06
8.786666066230484e-06
8.786666099550028e-06
8.786666065756522e-06
8.786666068531452e-06
8.786666085636495e-06
8.786666092255312e-06
8.786666026740106e-06
8.786666031189051e-06
8.786666070265353e-06
8.78666610683468e-06
8.78666602138595e-06
8.786666024368107e-06
8.786666131608566e-06
8.786666043576286e-06
8.786366949985653e-06
8.786366949985653e-06
8.786366867985849e-06
8.786366944195087e-06
8.786366933876448e-06
8.786366983677766e-06
8.786366919948665e-06
8.786366851980688e-06
8.786366942117632e-06
8.786366949419735e-06
8.786366960180438e-06
8.786366995682383e-06
8.786366958240551e-06
8.786366961109987e-06
8.786366981402744e-06
8.786366985239835e-06
8.786366919021801e-06
8.786366925346129e-06
8.786366962985284e-06
8.786366998460563e-06
8.786366915026115e-06
8.78636691965966e-06
8.786367029225712e-06
8.786366938148403e-06
8.786175216692304e-06
8.786175216692304e-06
8.78617513439583e-06
8.78617520857776e-06
8.786175200307028e-06
8.786175249559332e-06
8.786175188805735e-06
8.786175123519302e-06
8.786175209629754e-06
8.786175216662773e-06
8.786175226655133e-06
8.786175262826265e-06
8.78617522398205e-06
8.786175226984005e-06
8.78617524811003e-06
8.786175251273663e-06
8.786175184960327e-06
8.786175192108386e-06
8.78617522883357e-06
8.78617526386549e-06
8.786175182077539e-06
8.786175186240835e-06
8.78617529681187e-06
8.786175204801017e-06
8.785366680866419e-06
8.785366680866419e-06
8.785366598153257e-06
8.785366667819415e-06
8.785366663879148e-06
8.785366711693707e-06
8.785366658095687e-06
8.785366599032088e-06
8.785366675600325e-06
8.785366681979402e-06
8.785366690285708e-06
8.785366727698574e-06
8.785366685897442e-06
8.785366689298473e-06
8.785366711968488e-06
8.785366713919627e-06
8.785366647477373e-06
8.785366656400094e-06
8.7853666910492e-06
8.785366725081117e-06
8.78536664722105e-06
8.785366649972574e-06
8.785366762586743e-06
8.785366668808654e-06
8.783333592429742e-06
8.783333592429742e-06
8.783333509648496e-06
8.783333573043028e-06
8.783333574647353e-06
8.78333362003077e-06
8.783333577331028e-06
8.783333527286178e-06
8.783333589594623e-06
8.78333359480351e-06
8.783333601076378e-06
8.783333639718916e-06
8.783333594228415e-06
8.783333598373998e-06
8.783333622723388e-06
8.783333623390426e-06
8.78333355683426e-06
8.7833335679865e-06
8.783333599947797e-06
8.783333632571779e-06
8.783333560114851e-06
8.783333560904679e-06
8.783333675762362e-06
8.783333580128335e-06
8.777654933459873e-06
8.777654933459873e-06
8.77765485191172e-06
8.777654905187764e-06
8.777654914506233e-06
8.777654954829165e-06
8.77765493219866e-06
8.777654897653787e-06
8.777654934359696e-06
8.777654936951707e-06
8.777654940823716e-06
8.777654980155266e-06
8.777654929828849e-06
8.777654935668906e-06
8.777654961556221e-06
8.777654961147906e-06
8.777654894549535e-06
8.777654908650493e-06
8.777654936865474e-06
8.77765496716926e-06
8.7776549031311e-06
8.777654900960909e-06
8.77765501782441e-06
8.77765492075575e-06
8.76403812605624e-06
8.76403812605624e-06
8.764038049572932e-06
8.76403808917298e-06
8.764038105802894e-06
8.764038136407487e-06
8.764038147183266e-06
8.764038135980022e-06
8.764038131526233e-06
8.764038128729043e-06
8.764038131597092e-06
8.764038168583573e-06
8.764038114551377e-06
8.764038123928317e-06
8.764038148941284e-06
8.76403814958823e-06
8.76403808328467e-06
8.764038099724037e-06
8.764038124384747e-06
8.764038151428969e-06
8.764038097980885e-06
8.764038092374218e-06
8.764038207851275e-06
8.764038112788729e-06
8.735625236901947e-06
8.735625236901947e-06
8.735625174245855e-06
8.735625200014918e-06
8.735625216060578e-06
8.735625229463822e-06
8.735625290108447e-06
8.73562530863377e-06
8.735625245768205e-06
8.735625232776619e-06
8.73562524037149e-06
8.735625266591206e-06
8.735625216065286e-06
8.735625232212863e-06
8.73562524877995e-06
8.735625256916806e-06
8.735625191811746e-06
8.735625206395654e-06
8.735625231329316e-06
8.735625254758281e-06
8.735625209998966e-06
8.735625202372229e-06
8.735625305942303e-06
8.73562522301757e-06
8.693894198380463e-06
8.693894198380463e-06
8.693894160831111e-06
8.693894185022052e-06
8.693894179436456e-06
8.693894170950827e-06
8.693894280750822e-06
8.693894319208981e-06
8.693894204319882e-06
8.693894177347244e-06
8.693894200999192e-06
8.693894203293024e-06
8.693894172780827e-06
8.693894198334269e-06
8.693894193500625e-06
8.693894219849294e-06
8.693894157315125e-06
8.693894160279977e-06
8.693894195694628e-06
8.693894217844833e-06
8.693894168625576e-06
8.693894164704966e-06
8.693894238508457e-06
8.693894184300375e-06
8.66069333046665e-06
8.66069333046665e-06
8.660693317247414e-06
8.660693360858185e-06
8.660693316002283e-06
8.660693294626424e-06
8.660693415200955e-06
8.66069344265659e-06
8.660693325473193e-06
8.660693288993702e-06
8.66069333485263e-06
8.660693310054668e-06
8.660693311095905e-06
8.660693343195694e-06
8.66069331222672e-06
8.66069336032457e-06
8.660693300634537e-06
8.66069328499691e-06
8.660693339448414e-06
8.660693365055663e-06
8.66069329352619e-06
8.660693299762737e-06
8.660693337444252e-06
8.660693317022791e-06
8.650032572754617e-06
8.650032572754617e-06
8.650032567101355e-06
8.650032631712057e-06
8.650032561571918e-06
8.650032542136376e-06
8.650032639715004e-06
8.650032642077054e-06
8.650032558575832e-06
8.650032522041331e-06
8.65003257954309e-06
8.650032543515006e-06
8.65003256306832e-06
8.650032595372431e-06
8.65003255242511e-06
8.650032610208274e-06
8.6500325516568e-06
8.650032524991267e-06
8.650032591692529e-06
8.650032621716069e-06
8.650032530438821e-06
8.650032544525445e-06
8.650032565741153e-06
8.65003256010298e-06
8.648915412069571e-06
8.648915412069571e-06
8.648915404986244e-06
8.648915476362584e-06
8.648915401624964e-06
8.648915386098543e-06
8.648915469091107e-06
8.648915460620918e-06
8.64891539547151e-06
8.648915361047979e-06
8.648915419736022e-06
8.648915383797722e-06
8.648915406115294e-06
8.648915437070385e-06
8.648915393627656e-06
8.648915451668483e-06
8.648915393086882e-06
8.64891536474482e-06
8.648915433657564e-06
8.648915465227978e-06
8.64891536853764e-06
8.648915384509972e-06
8.64891540503718e-06
8.648915399700381e-06
8.648811963637818e-06
8.648811963637818e-06
8.64881195554185e-06
8.648812027836312e-06
8.648811953229684e-06
8.64881193893771e-06
8.64881201839795e-06
8.648812007846392e-06
8.648811946820763e-06
8.648811913156738e-06
8.648811971448466e-06
8.64881193628321e-06
8.648811958323684e-06
8.648811988800676e-06
8.648811946007125e-06
8.64881200346712e-06
8.64881194480071e-06
8.648811916629587e-06
8.648811985457234e-06
8.648812017244842e-06
8.648811920075754e-06
8.648811936171679e-06
8.648811957527371e-06
8.648811951319594e-06
8.64853235990363e-06
8.64853235990363e-06
8.648532350124217e-06
8.64853242354121e-06
8.64853234951492e-06
8.648532337137087e-06
8.648532411350622e-06
8.648532397848481e-06
8.648532342866094e-06
8.648532310443196e-06
8.648532367911701e-06
8.64853233404699e-06
8.648532355455165e-06
8.648532385197941e-06
8.648532343598842e-06
8.648532399989362e-06
8.648532341183415e-06
8.648532313441287e-06
8.648532381911265e-06
8.64853241392187e-06
8.648532316441283e-06
8.64853233262572e-06
8.648532355360773e-06
8.648532347671393e-06
8.64772033120239e-06
8.64772033120239e-06
8.64772031872843e-06
8.64772039369784e-06
8.64772032083954e-06
8.647720311487406e-06
8.647720377508819e-06
8.647720359440066e-06
8.647720313873447e-06
8.64772028353885e-06
8.64772033951641e-06
8.647720307620904e-06
8.647720328040707e-06
8.647720356667446e-06
8.647720317072801e-06
8.647720371638115e-06
8.64772031262649e-06
8.647720285665426e-06
8.647720353340383e-06
8.647720385527639e-06
8.647720288121648e-06
8.647720304396623e-06
8.647720329059676e-06
8.647720319143536e-06
8.64540543266041e-06
8.64540543266041e-06
8.645405415629183e-06
8.645405492756e-06
8.645405422348e-06
8.645405418078767e-06
8.645405470492862e-06
8.645405444870758e-06
8.645405414934994e-06
8.645405388424428e-06
8.64540544148584e-06
8.645405412602318e-06
8.645405431503856e-06
8.64540545837543e-06
8.645405422367711e-06
8.645405473585949e-06
8.64540541427458e-06
8.645405388821076e-06
8.645405454647425e-06
8.645405486706172e-06
8.645405390761725e-06
8.645405407108416e-06
8.645405434258133e-06
8.645405420992936e-06
8.639363255924438e-06
8.639363255924438e-06
8.639363231488664e-06
8.639363311005124e-06
8.639363245714716e-06
8.639363249632927e-06
8.63936328048732e-06
8.639363242961278e-06
8.639363237778379e-06
8.639363218204628e-06
8.639363265570104e-06
8.639363240792273e-06
8.639363257622985e-06
8.639363281963519e-06
8.639363252258236e-06
8.639363297406271e-06
8.6393632377266e-06
8.639363215168845e-06
8.639363276768491e-06
8.639363307577151e-06
8.639363217256627e-06
8.639363233530674e-06
8.639363262808397e-06
8.639363245135197e-06
8.624925730782613e-06
8.624925730782613e-06
8.624925695078087e-06
8.624925775591223e-06
8.624925720779293e-06
8.624925736991862e-06
8.624925736325247e-06
8.624925681546682e-06
8.624925712524038e-06
8.624925705225398e-06
8.624925741652043e-06
8.624925721251822e-06
8.624925735874413e-06
8.624925757122718e-06
8.624925738132938e-06
8.624925772544922e-06
8.624925712586685e-06
8.624925695492496e-06
8.624925747760473e-06
8.624925774198084e-06
8.624925700138987e-06
8.624925715855663e-06
8.62492574383255e-06
8.62492572190503e-06
8.59654880436077e-06
8.59654880436077e-06
8.596548755136292e-06
8.596548830962362e-06
8.596548794717156e-06
8.59654882531138e-06
8.596548789698188e-06
8.596548716142162e-06
8.596548787142774e-06
8.596548798401028e-06
8.59654881664391e-06
8.596548797327464e-06
8.596548811403471e-06
8.596548830633872e-06
8.596548827005417e-06
8.596548845197968e-06
8.596548785534292e-06
8.59654877735006e-06
8.59654881196074e-06
8.596548827653488e-06
8.596548790269135e-06
8.596548804322078e-06
8.596548820621168e-06
8.59654879905872e-06
8.558757606503157e-06
8.558757606503157e-06
8.558757549875604e-06
8.55875761087396e-06
8.558757597290396e-06
8.558757634991497e-06
8.558757586224885e-06
8.5587575063892e-06
8.558757592305128e-06
8.558757621705601e-06
8.55875761944658e-06
8.558757592038594e-06
8.558757610196053e-06
8.558757631846186e-06
8.558757641850694e-06
8.558757644203696e-06
8.55875758601249e-06
8.558757587616038e-06
8.558757599090767e-06
8.558757597437868e-06
8.558757615906652e-06
8.558757626975106e-06
8.558757615795273e-06
8.558757605830882e-06
8.533282331324353e-06
8.533282331324353e-06
8.533282281269958e-06
8.533282324204433e-06
8.533282322325236e-06
8.53328235176093e-06
8.533282329905493e-06
8.533282265834495e-06
8.533282320685663e-06
8.53328235430432e-06
8.533282343391332e-06
8.53328230105245e-06
8.53328232674044e-06
8.533282355215934e-06
8.53328236641582e-06
8.533282365110007e-06
8.533282308952123e-06
8.533282314369747e-06
8.53328231208483e-06
8.533282296643436e-06
8.53328235662243e-06
8.53328236506026e-06
8.533282324580292e-06
8.533282333346688e-06
8.526761173982161e-06
8.526761173982161e-06
8.526761133897348e-06
8.526761168940517e-06
8.526761164935385e-06
8.526761183057492e-06
8.526761192498162e-06
8.526761145966782e-06
8.526761164844105e-06
8.526761192162383e-06
8.526761184900682e-06
8.52676113373712e-06
8.5267611638748e-06
8.526761197092159e-06
8.526761201798465e-06
8.526761206013449e-06
8.52676115085447e-06
8.526761154248343e-06
8.526761152519013e-06
8.526761134403073e-06
8.526761200426502e-06
8.526761208173567e-06
8.526761156800331e-06
8.52676117584057e-06
8.526323148295387e-06
8.526323148295387e-06
8.5263231116269e-06
8.526323146159228e-06
8.526323139191326e-06
8.52632315357567e-06
8.52632317266295e-06
8.526323131417519e-06
8.526323139233537e-06
8.526323162962825e-06
8.526323158840185e-06
8.526323106215912e-06
8.526323137088708e-06
8.526323171294046e-06
8.526323172842128e-06
8.526323180194038e-06
8.526323125144884e-06
8.526323126969693e-06
8.526323127839065e-06
8.52632311086505e-06
8.526323172547143e-06
8.526323180429542e-06
8.526323129102207e-06
8.526323149619511e-06
8.526312415932054e-06
8.526312415932054e-06
8.526312379807706e-06
8.526312414574433e-06
8.526312406813974e-06
8.526312420624987e-06
8.526312441084885e-06
8.526312400567488e-06
8.5263124068196e-06
8.526312429768764e-06
8.526312426419596e-06
8.526312373798638e-06
8.526312404668025e-06
8.526312438931799e-06
8.52631243984369e-06
8.52631244787487e-06
8.526312392812076e-06
8.526312394263785e-06
8.52631239589292e-06
8.526312379406185e-06
8.526312439458152e-06
8.526312447416954e-06
8.526312396648923e-06
8.52631241710211e-06
8.526229855267408e-06
8.526229855267408e-06
8.52622982005493e-06
8.526229855301702e-06
8.526229846127289e-06
8.52622985898907e-06
8.526229881679638e-06
8.526229842323907e-06
8.526229846053681e-06
8.526229867630528e-06
8.52622986565794e-06
8.526229813138449e-06
8.526229843949669e-06
8.52622987826368e-06
8.526229878075884e-06
8.526229887296175e-06
8.526229832208469e-06
8.526229833008995e-06
8.526229836004467e-06
8.52622982044421e-06
8.52622987746149e-06
8.526229885567042e-06
8.526229835911299e-06
8.526229856159803e-06
8.525916177544389e-06
8.525916177544389e-06
8.525916143688536e-06
8.525916179623123e-06
8.525916168379353e-06
8.525916179841744e-06
8.5259162058e-06
8.525916168110586e-06
8.525916168187575e-06
8.525916187720675e-06
8.525916187786005e-06
8.525916135479128e-06
8.525916166163115e-06
8.525916200506188e-06
8.52591619870207e-06
8.525916209679414e-06
8.525916154574656e-06
8.525916154438079e-06
8.525916159430982e-06
8.525916145291141e-06
8.525916197756648e-06
8.525916206085313e-06
8.525916158097801e-06
8.525916178028317e-06
8.524876690766247e-06
8.524876690766247e-06
8.52487665923289e-06
8.524876696224316e-06
8.524876681579977e-06
8.524876690676594e-06
8.524876722122094e-06
8.52487668714132e-06
8.524876681194548e-06
8.52487669725721e-06
8.52487670074044e-06
8.52487664892108e-06
8.524876679300008e-06
8.524876713588945e-06
8.524876709091212e-06
8.524876723015763e-06
8.52487666793939e-06
8.524876666301847e-06
8.524876674565213e-06
8.524876662917842e-06
8.52487670764653e-06
8.524876716361018e-06
8.524876671174948e-06
8.524876690574318e-06
8.521907696474585e-06
8.521907696474585e-06
8.521907668759525e-06
8.521907707174577e-06
8.521907687307514e-06
8.521907692589421e-06
8.52190773279213e-06
8.521907701905503e-06
8.52190768662734e-06
8.52190769706258e-06
8.521907705977636e-06
8.521907655263236e-06
8.521907684924798e-06
8.521907718866393e-06
8.521907710129465e-06
8.52190772874053e-06
8.52190767385679e-06
8.521907670015614e-06
8.521907683269435e-06
8.521907675863028e-06
8.521907708042132e-06
8.521907717398854e-06
8.521907676663632e-06
8.52190769523273e-06
8.51382065436669e-06
8.51382065436669e-06
8.513820633033844e-06
8.513820673041685e-06
8.513820645367065e-06
8.513820644459498e-06
8.513820698640376e-06
8.513820673700175e-06
8.513820644253639e-06
8.513820645479429e-06
8.513820663003487e-06
8.513820614893366e-06
8.513820642816869e-06
8.513820675532575e-06
8.513820660183872e-06
8.51382068623012e-06
8.513820632033559e-06
8.513820625170008e-06
8.513820645797105e-06
8.513820645835632e-06
8.513820657469514e-06
8.513820667918877e-06
8.513820634232566e-06
8.51382065152324e-06
8.493371185632085e-06
8.493371185632085e-06
8.493371174573444e-06
8.49337121524277e-06
8.493371177229264e-06
8.493371166809183e-06
8.493371241898457e-06
8.493371224362719e-06
8.493371175562067e-06
8.493371162438117e-06
8.493371192683976e-06
8.493371150597043e-06
8.493371174419691e-06
8.493371203601756e-06
8.49337117875539e-06
8.493371215807813e-06
8.493371163600561e-06
8.493371153469654e-06
8.493371183625169e-06
8.493371196509641e-06
8.493371176113008e-06
8.493371188367869e-06
8.493371165084058e-06
8.493371180581276e-06
8.44729876030299e-06
8.44729876030299e-06
8.447298764021771e-06
8.447298801250624e-06
8.447298753513987e-06
8.447298730454052e-06
8.447298831936493e-06
8.447298820045857e-06
8.447298751381927e-06
8.447298718717147e-06
8.447298764635802e-06
8.447298735438055e-06
8.447298750354866e-06
8.447298770853212e-06
8.447298734991917e-06
8.447298785651237e-06
8.447298738343778e-06
8.447298727202399e-06
8.447298765658201e-06
8.447298799006288e-06
8.44729873494922e-06
8.447298749908186e-06
8.447298739405012e-06
8.447298752933508e-06
8.366240279338978e-06
8.366240279338978e-06
8.366240297951992e-06
8.366240322288295e-06
8.36624027579776e-06
8.36624024223411e-06
8.366240362422131e-06
8.3662403454815e-06
8.36624027390868e-06
8.366240223905974e-06
8.366240279988048e-06
8.366240272850347e-06
8.36624027233677e-06
8.366240276354464e-06
8.366240235068588e-06
8.36624029467097e-06
8.366240256677094e-06
8.366240252433586e-06
8.366240287657333e-06
8.366240345895444e-06
8.366240243002639e-06
8.366240260917275e-06
8.366240258615074e-06
8.366240271469807e-06
8.27846339110397e-06
8.27846339110397e-06
8.278463412650199e-06
8.278463415143781e-06
8.278463391523008e-06
8.278463360470476e-06
8.278463468168938e-06
8.278463428237735e-06
8.27846339113877e-06
8.278463342550159e-06
8.278463389095749e-06
8.278463404877403e-06
8.278463388105768e-06
8.278463373048981e-06
8.278463342323127e-06
8.278463393913742e-06
8.278463366715626e-06
8.278463380044274e-06
8.27846339087675e-06
8.2784634627514e-06
8.278463362798849e-06
8.27846338176685e-06
8.278463371493508e-06
8.278463386899415e-06
8.236257913490742e-06
8.236257913490742e-06
8.236257923911714e-06
8.236257910663653e-06
8.236257915848572e-06
8.236257898660888e-06
8.23625797112883e-06
8.236257906060348e-06
8.236257917197347e-06
8.236257887906178e-06
8.236257911694943e-06
8.236257935412982e-06
8.236257912792279e-06
8.236257889241116e-06
8.236257877850896e-06
8.236257909915759e-06
8.236257887540618e-06
8.236257917026991e-06
8.236257899051238e-06
8.236257963814947e-06
8.236257906787303e-06
8.236257924166847e-06
8.236257895169205e-06
8.236257914605275e-06
8.230557162016235e-06
8.230557162016235e-06
8.230557163824742e-06
8.23055714761307e-06
8.230557164288763e-06
8.230557155646098e-06
8.230557208566669e-06
8.230557134548656e-06
8.23055716628244e-06
8.23055714962378e-06
8.230557161307734e-06
8.230557182295586e-06
8.230557161462377e-06
8.230557138897758e-06
8.230557136920499e-06
8.230557158538152e-06
8.230557135616568e-06
8.23055716986453e-06
8.230557140935863e-06
8.230557196021774e-06
8.230557167164674e-06
8.230557183089144e-06
8.230557144177523e-06
8.230557165450516e-06
8.231042109710255e-06
8.231042109710255e-06
8.231042109691147e-06
8.231042094067537e-06
8.231042111755746e-06
8.231042104637322e-06
8.231042154427789e-06
8.2310420798991e-06
8.231042113793599e-06
8.231042099512014e-06
8.231042109354145e-06
8.231042128592107e-06
8.231042108971346e-06
8.231042087613887e-06
8.231042086901196e-06
8.231042106916918e-06
8.231042083316388e-06
8.231042117552062e-06
8.231042087795942e-06
8.231042140277758e-06
8.2310421167305e-06
8.231042132316144e-06
8.231042091906788e-06
8.231042113399392e-06
8.231207020566627e-06
8.231207020566627e-06
8.231207020328622e-06
8.231207004945486e-06
8.231207022556158e-06
8.23120701557953e-06
8.231207065135615e-06
8.231206990741644e-06
8.231207024585483e-06
8.231207010547e-06
8.231207020269589e-06
8.231207039134919e-06
8.23120701977553e-06
8.231206998701987e-06
8.231206998038515e-06
8.231207017947164e-06
8.231206994188725e-06
8.23120702827942e-06
8.231206998632571e-06
8.231207050725853e-06
8.231207027720575e-06
8.231207043261116e-06
8.231207002758892e-06
8.231207024252938e-06
8.231573625329473e-06
8.231573625329473e-06
8.231573624555589e-06
8.231573609831454e-06
8.231573627171645e-06
8.231573620523971e-06
8.231573669558156e-06
8.23157359558168e-06
8.231573629171276e-06
8.231573615713696e-06
8.231573625183555e-06
8.23157364307105e-06
8.23157362439865e-06
8.23157360407744e-06
8.23157360349281e-06
8.231573623170275e-06
8.231573599001043e-06
8.231573632675326e-06
8.23157360337934e-06
8.231573654490722e-06
8.23157363277119e-06
8.23157364819824e-06
8.231573607510973e-06
8.231573628994422e-06
8.231886140736298e-06
8.231886140736298e-06
8.231886139243213e-06
8.231886125419643e-06
8.231886142381788e-06
8.231886136168447e-06
8.23188618450006e-06
8.231886111119217e-06
8.231886144332503e-06
8.231886131658005e-06
8.231886140793617e-06
8.231886157357824e-06
8.231886139616165e-06
8.231886120317115e-06
8.231886119830122e-06
8.231886139195135e-06
8.231886114485847e-06
8.231886147582284e-06
8.231886118769992e-06
8.231886168558676e-06
8.231886148550273e-06
8.231886163821659e-06
8.231886122910584e-06
8.231886144367845e-06
8.231934136610098e-06
8.231934136610098e-06
8.23193413385404e-06
8.231934121628322e-06
8.231934137917816e-06
8.23193413245425e-06
8.231934179523606e-06
8.23193410725318e-06
8.231934139760194e-06
8.23193412847692e-06
8.231934137022725e-06
8.23193415125975e-06
8.231934135157578e-06
8.231934117664795e-06
8.23193411734355e-06
8.231934136140202e-06
8.23193411052563e-06
8.231934142578852e-06
8.231934114617159e-06
8.23193416208218e-06
8.231934145054417e-06
8.231934160043846e-06
8.231934118792513e-06
8.231934140175355e-06
8.230745231829937e-06
8.230745231829937e-06
8.230745227068747e-06
8.23074521741695e-06
8.230745232621502e-06
8.23074522831655e-06
8.230745273305792e-06
8.230745202956847e-06
8.230745234235244e-06
8.230745225202695e-06
8.230745232802188e-06
8.23074524334017e-06
8.230745229850609e-06
8.230745215250564e-06
8.230745215180647e-06
8.230745233022747e-06
8.230745206082398e-06
8.230745236410813e-06
8.230745209797085e-06
8.230745253572693e-06
8.230745241218063e-06
8.23074525573845e-06
8.23074521407869e-06
8.230745235271614e-06
8.225567547423241e-06
8.225567547423241e-06
8.225567539371134e-06
8.22556753403896e-06
8.225567547419688e-06
8.225567544934531e-06
8.2255675863127e-06
8.225567519525833e-06
8.225567548512061e-06
8.225567543282061e-06
8.225567549302368e-06
8.225567553758766e-06
8.225567544581749e-06
8.22556753479353e-06
8.22556753510602e-06
8.225567551246353e-06
8.225567522418137e-06
8.225567549739325e-06
8.225567525330699e-06
8.225567563050575e-06
8.225567558213792e-06
8.22556757190883e-06
8.225567529918509e-06
8.225567550614753e-06
8.209412477375398e-06
8.209412477375398e-06
8.209412464136114e-06
8.209412465852662e-06
8.209412476249883e-06
8.209412476426662e-06
8.209412511615516e-06
8.209412451474018e-06
8.20941247615167e-06
8.209412477189305e-06
8.209412480654647e-06
8.209412475498707e-06
8.2094124731812e-06
8.209412471139127e-06
8.209412471978558e-06
8.20941248509543e-06
8.20941245401869e-06
8.209412476154742e-06
8.209412455203372e-06
8.209412483376979e-06
8.209412490006508e-06
8.209412502260748e-06
8.209412460606931e-06
8.209412480053266e-06
8.166539300023963e-06
8.166539300023963e-06
8.166539279228396e-06
8.166539291807601e-06
8.166539297589278e-06
8.166539301132465e-06
8.166539326072937e-06
8.166539278164966e-06
8.166539294843262e-06
8.166539305689773e-06
8.166539305270189e-06
8.166539286046212e-06
8.166539293874717e-06
8.16653930351706e-06
8.166539304936322e-06
8.166539312803998e-06
8.166539280252765e-06
8.166539293733103e-06
8.166539277772341e-06
8.166539292036784e-06
8.166539314419938e-06
8.166539324228676e-06
8.166539285188997e-06
8.166539301657959e-06
8.072705146056917e-06
8.072705146056917e-06
8.072705116765254e-06
8.072705142979612e-06
8.072705142927691e-06
8.072705149033724e-06
8.072705159505396e-06
8.072705131455636e-06
8.072705135020923e-06
8.07270515851866e-06
8.072705153341183e-06
8.072705118142794e-06
8.072705137746468e-06
8.072705161483682e-06
8.072705163106042e-06
8.07270516305202e-06
8.07270513314816e-06
8.07270513426087e-06
8.07270512380237e-06
8.072705122420681e-06
8.072705160246818e-06
8.072705166477175e-06
8.072705135454063e-06
8.072705145810459e-06
7.924561216449356e-06
7.924561216449356e-06
7.92456118370013e-06
7.924561218813346e-06
7.924561214869692e-06
7.924561219138252e-06
7.924561216779428e-06
7.924561211194345e-06
7.924561199716617e-06
7.924561232186339e-06
7.924561224153936e-06
7.924561182085392e-06
7.924561207346581e-06
7.924561239075638e-06
7.924561239722921e-06
7.924561231685536e-06
7.924561213004992e-06
7.924561202873947e-06
7.924561194397782e-06
7.924561186631984e-06
7.924561225393289e-06
7.924561228214463e-06
7.924561212419297e-06
7.924561213772116e-06
7.79416115735417e-06
7.79416115735417e-06
7.794161131548209e-06
7.794161161518735e-06
7.794161159623966e-06
7.79416115663854e-06
7.794161153668955e-06
7.794161157618558e-06
7.794161139470667e-06
7.79416116845004e-06
7.794161162660373e-06
7.794161132985329e-06
7.794161150173789e-06
7.794161174424547e-06
7.794161173011364e-06
7.794161162922534e-06
7.794161160251848e-06
7.794161149103468e-06
7.794161135670926e-06
7.794161140661294e-06
7.79416115722013e-06
7.794161159467473e-06
7.794161158553747e-06
7.794161153230395e-06
7.749450545562003e-06
7.749450545562003e-06
7.74945052876655e-06
7.749450547987763e-06
7.749450550598305e-06
7.7494505417035e-06
7.749450546387206e-06
7.749450545211833e-06
7.749450530216774e-06
7.749450550015031e-06
7.749450548253406e-06
7.749450535111012e-06
7.749450540770319e-06
7.749450552571722e-06
7.74945054977154e-06
7.749450542811063e-06
7.749450548573124e-06
7.749450543660385e-06
7.749450524108655e-06
7.749450545673101e-06
7.749450539927487e-06
7.749450543805985e-06
7.749450547647128e-06
7.749450541587284e-06
7.747843649901568e-06
7.747843649901568e-06
7.747843636148245e-06
7.747843651105275e-06
7.747843655524581e-06
7.747843645180639e-06
7.747843653764111e-06
7.747843648132188e-06
7.747843636041473e-06
7.747843652015292e-06
7.74784365178762e-06
7.747843644297014e-06
7.747843645899853e-06
7.747843653070271e-06
7.747843650002538e-06
7.747843645000634e-06
7.74784365168613e-06
7.747843650055996e-06
7.747843628487628e-06
7.747843655650313e-06
7.74784364338865e-06
7.747843648187889e-06
7.747843651366207e-06
7.747843646292883e-06
7.749125903296054e-06
7.749125903296054e-06
7.749125889795655e-06
7.749125904294555e-06
7.749125908911166e-06
7.749125898535774e-06
7.749125907658075e-06
7.749125901211036e-06
7.74912588966189e-06
7.749125905199557e-06
7.749125905127685e-06
7.749125898118455e-06
7.749125899357346e-06
7.749125906072697e-06
7.749125903015696e-06
7.749125898324023e-06
7.74912590477207e-06
7.749125903606993e-06
7.749125881879654e-06
7.749125909507499e-06
7.7491258968699e-06
7.749125901805943e-06
7.749125904559107e-06
7.74912589976932e-06
7.749329742369838e-06
7.749329742369838e-06
7.749329728865095e-06
7.749329743353377e-06
7.74932974797496e-06
7.749329737615958e-06
7.749329746767182e-06
7.749329740255037e-06
7.749329728750051e-06
7.74932974427418e-06
7.749329744204533e-06
7.749329737189149e-06
7.749329738429596e-06
7.749329745140005e-06
7.749329742088955e-06
7.749329737418435e-06
7.749329743814078e-06
7.749329742675352e-06
7.749329720953004e-06
7.749329748572053e-06
7.749329735970856e-06
7.749329740915145e-06
7.749329743609592e-06
7.749329738850899e-06
7.749924198482861e-06
7.749924198482861e-06
7.749924184959145e-06
7.749924199424291e-06
7.749924204057028e-06
7.749924193749541e-06
7.749924202978704e-06
7.749924196282454e-06
7.749924184902826e-06
7.749924200394488e-06
7.749924200327857e-06
7.749924193283148e-06
7.749924194536611e-06
7.74992420124042e-06
7.749924198208634e-06
7.749924193597963e-06
7.749924199834036e-06
7.749924198767473e-06
7.749924177066889e-06
7.749924204645541e-06
7.749924192167141e-06
7.74992419713354e-06
7.749924199654489e-06
7.749924194986445e-06
7.750676610171904e-06
7.750676610171904e-06
7.75067659662322e-06
7.750676611058124e-06
7.750676615705316e-06
7.750676605465071e-06
7.7506766147954e-06
7.750676607859803e-06
7.750676596643753e-06
7.750676612093471e-06
7.75067661202943e-06
7.7506766049467e-06
7.750676606217997e-06
7.750676612910789e-06
7.750676609906636e-06
7.750676605376199e-06
7.750676611398942e-06
7.750676610427513e-06
7.750676588762239e-06
7.750676616280604e-06
7.750676603966853e-06
7.750676608960712e-06
7.750676611254135e-06
7.750676606705075e-06
7.75193495588951e-06
7.75193495588951e-06
7.751934942297944e-06
7.751934956677313e-06
7.751934961350619e-06
7.75193495122788e-06
7.751934960736506e-06
7.75193495338034e-06
7.751934942453332e-06
7.751934957828495e-06
7.751934957766109e-06
7.751934950620114e-06
7.75193495192311e-06
7.751934958587375e-06
7.751934955638615e-06
7.751934951256085e-06
7.751934956890221e-06
7.751934956090419e-06
7.751934934505268e-06
7.751934961899637e-06
7.75193494988408e-06
7.751934954923173e-06
7.751934956813134e-06
7.751934952475553e-06
7.753723545363902e-06
7.753723545363902e-06
7.753723531708578e-06
7.753723545995462e-06
7.753723550711128e-06
7.753723540768859e-06
7.753723550555674e-06
7.753723542547054e-06
7.75372353207256e-06
7.753723547329707e-06
7.753723547262505e-06
7.75372354002786e-06
7.753723541380608e-06
7.753723547976943e-06
7.753723545131555e-06
7.753723540996392e-06
7.753723545992528e-06
7.75372354547047e-06
7.753723524056026e-06
7.753723551211904e-06
7.753723539681363e-06
7.753723544782413e-06
7.753723546037263e-06
7.75372354203408e-06
7.756159685483703e-06
7.756159685483703e-06
7.756159671733558e-06
7.756159685855518e-06
7.756159690643989e-06
7.756159680985955e-06
7.7561596912225e-06
7.756159682168838e-06
7.756159672430016e-06
7.756159687491886e-06
7.75615968739746e-06
7.756159680045931e-06
7.756159681479965e-06
7.75615968790477e-06
7.756159685271125e-06
7.756159681579493e-06
7.756159685460875e-06
7.756159685414128e-06
7.756159664395744e-06
7.756159691047727e-06
7.756159680353174e-06
7.756159685532163e-06
7.75615968574545e-06
7.756159682294368e-06
7.75876677466624e-06
7.75876677466624e-06
7.758766760790771e-06
7.758766774617524e-06
7.758766779529857e-06
7.758766770292163e-06
7.75876678122477e-06
7.758766770579011e-06
7.758766761989452e-06
7.758766776737478e-06
7.758766776550475e-06
7.758766769086646e-06
7.75876677064867e-06
7.75876677664787e-06
7.758766774457712e-06
7.758766771565715e-06
7.758766773505622e-06
7.758766774262729e-06
7.758766754168915e-06
7.75876677973399e-06
7.758766770467897e-06
7.758766775709554e-06
7.758766774272378e-06
7.758766771705802e-06
7.759604869713515e-06
7.759604869713515e-06
7.75960485571212e-06
7.75960486900763e-06
7.759604874128408e-06
7.759604865448831e-06
7.759604877389599e-06
7.759604864503509e-06
7.759604857606182e-06
7.759604871869471e-06
7.759604871417581e-06
7.759604863969031e-06
7.759604865722103e-06
7.759604870689563e-06
7.75960486944202e-06
7.759604868001763e-06
7.75960486656899e-06
7.759604868667302e-06
7.75960485072077e-06
7.759604873915268e-06
7.759604867067267e-06
7.759604872249555e-06
7.759604868322206e-06
7.759604867114423e-06
7.753288719131616e-06
7.753288719131616e-06
7.753288705126056e-06
7.753288717532372e-06
7.753288722972026e-06
7.753288714815268e-06
7.753288727936526e-06
7.753288712596358e-06
7.75328870775182e-06
7.753288721369788e-06
7.753288720270568e-06
7.7532887132985e-06
7.753288715289926e-06
7.753288717978843e-06
7.753288718609006e-06
7.753288719625275e-06
7.753288712798167e-06
7.75328871692293e-06
7.753288703573762e-06
7.753288721939925e-06
7.753288718823228e-06
7.753288723548975e-06
7.753288716448913e-06
7.753288717032485e-06
7.731160360909057e-06
7.731160360909057e-06
7.731160347280048e-06
7.731160358515269e-06
7.73116036431941e-06
7.731160356090546e-06
7.731160369829025e-06
7.731160353653012e-06
7.731160350070168e-06
7.731160363145258e-06
7.731160360816424e-06
7.73116035530565e-06
7.731160357460378e-06
7.731160356128591e-06
7.731160359786252e-06
7.731160364086794e-06
7.731160350619553e-06
7.731160357009083e-06
7.731160351569456e-06
7.731160361985929e-06
7.731160363198631e-06
7.731160366662657e-06
7.731160357224826e-06
7.731160359274414e-06
7.693603935185186e-06
7.693603935185186e-06
7.693603922415243e-06
7.693603932856145e-06
7.693603938819811e-06
7.693603929340133e-06
7.693603942015926e-06
7.693603929059162e-06
7.693603924053885e-06
7.693603937245863e-06
7.693603933487232e-06
7.693603930284961e-06
7.693603932312518e-06
7.693603926642223e-06
7.693603933229512e-06
7.693603939835075e-06
7.693603922597695e-06
7.693603929884833e-06
7.693603932740593e-06
7.69360393525163e-06
7.693603938476793e-06
7.693603940041476e-06
7.693603931926567e-06
7.693603933559115e-06
7.66363124284618e-06
7.66363124284618e-06
7.663631230831505e-06
7.66363124141164e-06
7.663631247215724e-06
7.663631236151797e-06
7.663631246791025e-06
7.663631238951385e-06
7.663631230776834e-06
7.663631244676235e-06
7.663631240274252e-06
7.663631238644046e-06
7.663631240336863e-06
7.663631233009172e-06
7.663631240397641e-06
7.663631246715165e-06
7.663631231239754e-06
7.663631237411355e-06
7.663631243210387e-06
7.663631243335812e-06
7.663631244821514e-06
7.663631245153202e-06
7.66363124117101e-06
7.66363124075869e-06
7.65480458252444e-06
7.65480458252444e-06
7.654804570718524e-06
7.654804581680282e-06
7.654804587317391e-06
7.654804575617103e-06
7.654804585241903e-06
7.654804579753396e-06
7.654804569916865e-06
7.654804584259472e-06
7.654804579931173e-06
7.654804578547917e-06
7.654804580056925e-06
7.654804573154953e-06
7.654804580037785e-06
7.654804585327303e-06
7.65480457241894e-06
7.654804577501823e-06
7.654804582331983e-06
7.654804583668406e-06
7.654804583235702e-06
7.654804583405636e-06
7.654804581782419e-06
7.654804580117305e-06
7.654508417225829e-06
7.654508417225829e-06
7.654508405413451e-06
7.654508416491599e-06
7.654508422087932e-06
7.654508410333256e-06
7.654508419820828e-06
7.654508414609398e-06
7.654508404530726e-06
7.654508418952096e-06
7.654508414715577e-06
7.654508413254454e-06
7.654508414735084e-06
7.654508408150343e-06
7.654508414777068e-06
7.654508419743893e-06
7.654508407533478e-06
7.654508412358425e-06
7.654508416552278e-06
7.654508418550366e-06
7.654508417639782e-06
7.654508417881634e-06
7.654508416640051e-06
7.654508414756787e-06
7.654674346192093e-06
7.654674346192093e-06
7.654674334372824e-06
7.654674345461566e-06
7.654674351055057e-06
7.65467433930807e-06
7.654674348798681e-06
7.654674343572776e-06
7.654674333495943e-06
7.654674347919364e-06
7.654674343697532e-06
7.65467434221538e-06
7.654674343695965e-06
7.654674337157177e-06
7.654674343751298e-06
7.654674348687717e-06
7.654674336533519e-06
7.654674341341564e-06
7.654674345446421e-06
7.65467434753143e-06
7.654674346586807e-06
7.654674346846164e-06
7.65467434560905e-06
7.654674343720597e-06
7.65481358968866e-06
7.65481358968866e-06
7.654813577863826e-06
7.654813588959725e-06
7.65481359455135e-06
7.654813582811511e-06
7.654813592306554e-06
7.654813587064855e-06
7.654813576992878e-06
7.65481359141684e-06
7.654813587206035e-06
7.654813585707364e-06
7.654813587188374e-06
7.654813580683499e-06
7.654813587254021e-06
7.654813592169386e-06
7.654813580052657e-06
7.65481358485009e-06
7.654813588889579e-06
7.654813591037882e-06
7.654813590071344e-06
7.654813590344184e-06
7.654813589105867e-06
7.654813587215937e-06
7.655106466351311e-06
7.655106466351311e-06
7.655106454514763e-06
7.655106465625484e-06
7.655106471213031e-06
7.65510645948881e-06
7.655106468993829e-06
7.655106463717434e-06
7.655106453656671e-06
7.655106468081302e-06
7.655106463894116e-06
7.65510646235988e-06
7.655106463842124e-06
7.655106457409254e-06
7.65510646392992e-06
7.655106468800466e-06
7.655106456762925e-06
7.655106461538113e-06
7.65510646543888e-06
7.655106467721333e-06
7.655106466708703e-06
7.655106467010095e-06
7.655106465768961e-06
7.655106463876049e-06
7.655525573473269e-06
7.655525573473269e-06
7.655525561619917e-06
7.655525572751764e-06
7.655525578332903e-06
7.655525566632292e-06
7.6555255761528e-06
7.655525570824007e-06
7.655525560780932e-06
7.655525575205627e-06
7.655525571053755e-06
7.655525569466119e-06
7.65552557095087e-06
7.65552556462428e-06
7.655525571071807e-06
7.65552557587546e-06
7.655525563955244e-06
7.655525568697667e-06
7.655525572393829e-06
7.655525574873924e-06
7.655525573793302e-06
7.65552557413629e-06
7.655525572891926e-06
7.6555255709942e-06
7.656197737003345e-06
7.656197737003345e-06
7.656197725122908e-06
7.656197736288473e-06
7.656197741857745e-06
7.656197730198465e-06
7.656197739747048e-06
7.656197734326802e-06
7.656197724316457e-06
7.65619773873883e-06
7.656197734647835e-06
7.656197732967624e-06
7.656197734458441e-06
7.656197728311373e-06
7.656197734636566e-06
7.65619773932511e-06
7.656197727604473e-06
7.656197732291614e-06
7.656197735642536e-06
7.65619773845557e-06
7.656197737260066e-06
7.656197737671959e-06
7.656197736424818e-06
7.656197734517688e-06
7.657186472568843e-06
7.657186472568843e-06
7.657186460648179e-06
7.657186471862883e-06
7.657186477410402e-06
7.657186465821282e-06
7.657186475419917e-06
7.657186469845087e-06
7.657186459894697e-06
7.657186474307077e-06
7.657186470317118e-06
7.657186468481931e-06
7.657186469987258e-06
7.657186464128729e-06
7.65718647026039e-06
7.657186474758482e-06
7.65718646336224e-06
7.657186467960731e-06
7.657186470757627e-06
7.657186474103518e-06
7.657186472723218e-06
7.657186473242315e-06
7.657186471997602e-06
7.657186470072166e-06
7.658572600796395e-06
7.658572600796395e-06
7.658572588818338e-06
7.658572600100547e-06
7.658572605605394e-06
7.65857259414113e-06
7.658572603834689e-06
7.658572597986423e-06
7.65857258815354e-06
7.658572602533272e-06
7.658572598717356e-06
7.658572596611837e-06
7.658572598153261e-06
7.658572592768273e-06
7.658572598590376e-06
7.658572602761795e-06
7.65857259190729e-06
7.658572596360844e-06
7.658572598250817e-06
7.65857260246524e-06
7.65857260078131e-06
7.65857260146715e-06
7.658572600244321e-06
7.658572598280518e-06
7.660221384107179e-06
7.660221384107179e-06
7.660221372058084e-06
7.660221383416144e-06
7.660221388833818e-06
7.660221377597106e-06
7.660221387477616e-06
7.660221381134856e-06
7.660221371541762e-06
7.660221385826773e-06
7.660221382314552e-06
7.660221379729086e-06
7.660221381360708e-06
7.660221376744442e-06
7.660221382084695e-06
7.660221385689567e-06
7.66022137573856e-06
7.660221379958188e-06
7.660221380381864e-06
7.6602213859909e-06
7.66022138381318e-06
7.660221384746054e-06
7.660221383604751e-06
7.660221381557281e-06
7.661344752236302e-06
7.661344752236302e-06
7.661344740129994e-06
7.661344751523429e-06
7.661344756756397e-06
7.661344745946488e-06
7.661344756209036e-06
7.661344748947678e-06
7.6613447398623e-06
7.661344753889909e-06
7.661344750916605e-06
7.661344747460043e-06
7.66134474931603e-06
7.661344745927686e-06
7.66134475055081e-06
7.66134475315856e-06
7.66134474471194e-06
7.661344748561384e-06
7.661344746658016e-06
7.661344754455815e-06
7.66134475148704e-06
7.661344752754434e-06
7.661344751860279e-06
7.661344749624796e-06
7.659287582849408e-06
7.659287582849408e-06
7.65928757079775e-06
7.659287582030415e-06
7.659287586874017e-06
7.659287576859655e-06
7.659287587900999e-06
7.65928757894622e-06
7.659287570930185e-06
7.65928758430884e-06
7.659287582274936e-06
7.659287577256363e-06
7.6592875796477e-06
7.659287578094365e-06
7.65928758177672e-06
7.659287582664816e-06
7.659287576618752e-06
7.659287579923686e-06
7.659287574580416e-06
7.659287585552187e-06
7.659287581395516e-06
7.659287583013226e-06
7.659287582779653e-06
7.65928758012776e-06
7.647578294709807e-06
7.647578294709807e-06
7.64757828306352e-06
7.647578293583331e-06
7.647578297676249e-06
7.647578289017258e-06
7.64757830151461e-06
7.647578289711191e-06
7.647578283755147e-06
7.647578295700597e-06
7.647578295141078e-06
7.647578287580714e-06
7.647578291110886e-06
7.647578291805308e-06
7.647578294651452e-06
7.647578292878749e-06
7.647578290141245e-06
7.647578292800143e-06
7.647578283334307e-06
7.647578297959773e-06
7.647578292334217e-06
7.647578294019664e-06
7.64757829529861e-06
7.64757829180959e-06
7.617553429991483e-06
7.617553429991483e-06
7.6175534193907094e-06
7.61755342825816e-06
7.61755343124437e-06
7.617553424317124e-06
7.617553438892827e-06
7.617553423511601e-06
7.617553420589827e-06
7.617553430150633e-06
7.617553431261788e-06
7.617553420655836e-06
7.617553426024106e-06
7.617553428105745e-06
7.617553431178802e-06
7.61755342646122e-06
7.617553426630568e-06
7.617553428940041e-06
7.617553417143961e-06
7.617553433473899e-06
7.617553426909356e-06
7.617553427787371e-06
7.617553431652718e-06
7.61755342687848e-06
7.576008038179685e-06
7.576008038179685e-06
7.576008028955632e-06
7.5760080357774284e-06
7.5760080378859476e-06
7.576008032006067e-06
7.57600804814629e-06
7.576008030688825e-06
7.576008030169704e-06
7.576008037507228e-06
7.576008039327979e-06
7.576008027165398e-06
7.576008034185713e-06
7.576008035010915e-06
7.576008040049235e-06
7.576008034192613e-06
7.5760080342563606e-06
7.576008037026274e-06
7.576008027966167e-06
7.576008041144041e-06
7.5760080353351485e-06
7.576008034463308e-06
7.576008040815431e-06
7.576008034959733e-06
7.552148451293011e-06
7.552148451293011e-06
7.552148442785334e-06
7.5521484486228755e-06
7.55214845063134e-06
7.552148444537291e-06
7.552148460769637e-06
7.55214844385477e-06
7.552148443605043e-06
7.552148450350001e-06
7.552148451622143e-06
7.552148440160903e-06
7.552148447567652e-06
7.552148445839862e-06
7.5521484529273995e-06
7.5521484481649915e-06
7.5521484457510315e-06
7.552148449327637e-06
7.552148445266841e-06
7.552148453480072e-06
7.552148449291534e-06
7.552148447086121e-06
7.5521484541662945e-06
7.552148448124163e-06
7.5488236516559135e-06
7.5488236516559135e-06
7.548823643192719e-06
7.5488236490106635e-06
7.548823651196988e-06
7.54882364469724e-06
7.548823660561853e-06
7.548823644520276e-06
7.548823643780201e-06
7.548823650779834e-06
7.548823651543214e-06
7.5488236409073415e-06
7.54882364809333e-06
7.548823645224244e-06
7.548823652970328e-06
7.548823649148557e-06
7.548823645327289e-06
7.54882364924746e-06
7.5488236473475465e-06
7.548823653531938e-06
7.548823650079021e-06
7.548823647571812e-06
7.5488236544045e-06
7.548823648545517e-06
7.5494575118981395e-06
7.5494575118981395e-06
7.54945750339383e-06
7.54945750928033e-06
7.54945751152524e-06
7.549457504924476e-06
7.549457520675647e-06
7.5494575048461955e-06
7.549457503944102e-06
7.549457511061666e-06
7.549457511719145e-06
7.549457501269512e-06
7.5494575083624445e-06
7.549457505354852e-06
7.549457513137498e-06
7.5494575095057916e-06
7.549457505463443e-06
7.549457509422455e-06
7.549457507772514e-06
7.549457513742506e-06
7.54945751038078e-06
7.5494575078865e-06
7.549457514592699e-06
7.54945750880088e-06
7.549615926060771e-06
     fun: 7.848426343356686e-06
     jac: array([ 1.91924187e-07, -1.40550583e-07,  6.37942321e-08, -4.27339728e-08,
        3.74286742e-07, -2.36732717e-07, -5.32015747e-08, -2.11819042e-08,
        8.93334118e-08, -2.97878842e-07, -5.38079803e-10, -1.04778678e-07,
        2.08439019e-07, -1.50578785e-07,  1.26441250e-07,  6.57684041e-08,
        1.71767965e-07, -8.48770014e-08, -2.64104756e-08, -2.53812686e-07,
        1.95179155e-07, -6.84351562e-08])
 message: 'Optimization terminated successfully.'
    nfev: 3769
     nit: 157
    njev: 157
  status: 0
 success: True
       x: array([ 0.71189654, -0.53197415, -0.53672945,  0.14923505, -0.57815455,
        0.3000714 ,  0.09941748,  0.0936758 , -0.32028077,  0.53007566,
        0.11963472,  0.10258894, -0.48798461, -0.33518063,  0.07344048,
        0.3168793 ,  0.15981987, -0.52150386,  0.11104979, -0.37964853,
        0.26192197, -0.2718949 ])

========================================================

Final result:
0.7118965398149519
-0.5319741501181471
-0.5367294494756104
0.14923505051796976
0.14923505051796976
0.14923505051796976
-0.5781545463337384
0.3000714013937094
0.09941747741537141
0.09367579833919565
-0.32028076954047463
0.5300756554990015
0.11963472445869344
0.11963472445869344
0.10258893921602973
-0.48798460574540214
-0.33518062896875206
0.07344048201723147
0.31687930423518196
0.15981987189577818
-0.5215038621220833
0.11104978669165233
0.12591815531480832
-0.37964852726995374
0.2619219741031692
-0.2718948978995753
0.12987381702211995
0.12987381702211995
0.12987381702211995
