TYR_methyl_methyl.filelist
6.51142070181
6.51142070181
6.51142044469
6.51142032545
6.51142065165
6.5114200484
6.51142014281
6.51141989096
6.51141985568
6.51141999465
6.51141966138
6.51141926405
6.51142012321
6.51141956205
6.51141967124
6.51141956543
6.51141994534
6.51142005282
6.51142039961
6.51142054477
6.51142091692
6.51142099674
6.51142074578
84204.490131
8416.93888948
838.198215553
140.605979669
24.4799632564
5.90045022687
5.90045022687
5.90044997593
5.90044986206
5.90045017817
5.90045105425
5.90045116431
5.90045088014
5.90045082173
5.9004509188
5.90045072689
5.90045175119
5.90045076314
5.9004506799
5.90045114748
5.9004513006
5.90045079995
5.90045067796
5.90045041492
5.9004502254
5.90045041446
5.90045046712
5.90045026595
3549.18594213
451.577879372
87.0979180631
16.6538914776
4.1690571061
4.1690571061
4.16905723589
4.16905733774
4.16905713124
4.16905809824
4.16905803185
4.16905817116
4.16905821186
4.16905808337
4.16905828921
4.16905915709
4.16905786817
4.16905838129
4.16905842921
4.16905862458
4.16905797913
4.16905782327
4.1690574143
4.16905716961
4.16905697787
4.16905689745
4.16905707902
473.149413763
46.9104135994
5.80350719889
4.1184942567
4.1184942567
4.11849439533
4.11849449804
4.11849428341
4.11849521895
4.11849515111
4.11849530297
4.11849534631
4.11849523296
4.11849541283
4.11849629719
4.1184950436
4.11849550146
4.11849565123
4.11849584296
4.11849521834
4.11849507472
4.11849460543
4.11849434952
4.11849413551
4.11849405825
4.11849423103
301.748902233
29.8340396327
4.68704904855
4.06125751641
4.06125751641
4.06125761904
4.06125770533
4.06125753617
4.06125853188
4.06125847706
4.06125859017
4.06125861728
4.06125848753
4.06125872767
4.06125952471
4.06125829707
4.06125883673
4.06125890052
4.061259085
4.06125847973
4.06125834001
4.06125786983
4.06125762034
4.06125736765
4.06125727499
4.06125748507
185.156401184
17.936190035
4.06476129688
3.90527036918
3.90527036918
3.90527051366
3.90527060912
3.90527039711
3.90527138259
3.90527132598
3.90527146381
3.90527148991
3.90527137652
3.90527160891
3.90527247455
3.90527117119
3.90527171837
3.90527177805
3.90527194782
3.90527135421
3.90527119584
3.90527074149
3.90527050474
3.90527024683
3.90527016654
3.90527034398
35.5220017542
4.58239243259
3.75166582385
3.75166582385
3.75166596794
3.75166602234
3.75166585145
3.75166677236
3.7516667433
3.7516668678
3.75166684937
3.75166681946
3.75166705062
3.75166793214
3.75166661533
3.75166715131
3.75166721053
3.75166738511
3.75166678207
3.75166661596
3.7516661846
3.75166595347
3.7516656445
3.75166556754
3.75166578683
320.265364398
31.4150656576
4.30472028563
3.63935900527
3.63935900527
3.63935916283
3.63935924641
3.63935903558
3.6393599695
3.63935992027
3.63936005983
3.63936007598
3.63935996725
3.63936023167
3.63936100343
3.63935977715
3.63936028678
3.63936036657
3.63936054493
3.63935994883
3.63935978625
3.63935936019
3.63935913298
3.63935884523
3.63935881183
3.63935897251
13.9993765841
2.82322886242
2.82322886242
2.82322890753
2.82322888157
2.8232288688
2.82322853459
2.8232285067
2.82322864142
2.82322868478
2.82322862962
2.82322871223
2.82322835394
2.82322867327
2.82322876301
2.82322855246
2.82322857293
2.82322865382
2.82322872678
2.82322878569
2.82322887594
2.82322886063
2.82322885152
2.82322886341
102.718500042
11.7656251912
2.73443779324
2.50636336379
2.50636336379
2.50636340388
2.50636337143
2.50636337028
2.50636272691
2.50636270866
2.50636279605
2.50636283265
2.5063628053
2.50636281341
2.50636217387
2.50636291294
2.50636281291
2.50636259076
2.50636252707
2.50636285524
2.50636297771
2.50636318719
2.50636336975
2.50636335819
2.5063633588
2.50636336299
38.2635878315
4.09371919116
2.40785392328
2.40785392328
2.40785395955
2.40785392056
2.40785392947
2.40785314193
2.40785314574
2.40785318935
2.40785319913
2.40785321664
2.40785320034
2.40785241628
2.40785336853
2.40785321847
2.40785297029
2.40785286923
2.40785328484
2.40785340954
2.40785369289
2.40785388022
2.40785395656
2.40785395222
2.40785393115
30.994467249
3.49657328239
2.34946451144
2.34946451144
2.34946451209
2.34946448387
2.34946451034
2.34946367555
2.34946365491
2.34946372343
2.34946373992
2.34946375304
2.34946372834
2.34946289351
2.34946391773
2.34946370999
2.34946348338
2.34946334089
2.3494638288
2.3494639495
2.34946426811
2.3494644579
2.3494645385
2.34946455896
2.34946451787
11.4400966287
2.44834661129
2.21057796879
2.21057796879
2.21057794977
2.2105779257
2.21057796388
2.21057719002
2.21057719009
2.2105772107
2.21057720527
2.21057724608
2.21057720511
2.21057644461
2.21057738737
2.21057716832
2.21057696491
2.21057685495
2.21057729993
2.21057746393
2.2105777198
2.21057790041
2.21057800309
2.2105780482
2.21057797661
25.2149169893
2.93371739598
1.96291137438
1.96291137438
1.96291130612
1.96291129281
1.96291136
1.96291077574
1.96291079562
1.96291075425
1.96291074726
1.96291079676
1.96291070064
1.9629101601
1.96291091476
1.96291067224
1.96291057651
1.96291048125
1.96291083575
1.9629109231
1.96291118126
1.96291132942
1.96291142855
1.96291147353
1.96291138546
10.7919643673
2.0588513314
1.82607605323
1.82607605323
1.82607599412
1.82607595079
1.82607604057
1.82607565336
1.82607570132
1.82607562465
1.82607562158
1.82607566298
1.82607556173
1.82607523899
1.82607574159
1.82607553057
1.82607550966
1.82607543096
1.82607568773
1.82607574147
1.82607592028
1.8260760032
1.82607610429
1.82607615094
1.82607606337
7.73928398648
1.77876869528
1.67464437236
1.67464437236
1.67464431139
1.67464429453
1.67464436041
1.6746443307
1.67464435928
1.67464427663
1.67464425941
1.67464429865
1.67464422231
1.67464423111
1.67464431083
1.67464418985
1.67464426107
1.67464423757
1.67464429368
1.67464429269
1.67464434261
1.67464434809
1.67464441328
1.67464443614
1.67464438041
1.71889018835
1.62293574403
1.62293574403
1.62293574368
1.62293575793
1.62293574362
1.62293574519
1.62293574487
1.62293573673
1.62293573842
1.62293573836
1.62293572926
1.62293573377
1.622935737
1.62293572915
1.62293573003
1.62293572199
1.62293573324
1.62293572761
1.62293573908
1.62293573235
1.62293573517
1.62293573515
1.62293574167
1.66772218757
1.61412679432
1.61412679432
1.61412679802
1.61412680919
1.61412679453
1.61412680427
1.61412680266
1.6141268062
1.61412681034
1.61412680497
1.61412680891
1.61412681772
1.61412679988
1.61412681358
1.61412680527
1.61412680707
1.61412680204
1.61412679611
1.61412679662
1.61412678758
1.61412678612
1.61412678206
1.61412679235
1.61144700622
1.60623665175
1.60623665175
1.60623664707
1.60623665008
1.60623665028
1.60623667316
1.60623667483
1.60623667136
1.60623667343
1.60623667207
1.6062366706
1.60623669696
1.60623666522
1.6062366746
1.60623667693
1.60623668304
1.6062366683
1.60623666222
1.60623665699
1.6062366474
1.60623665183
1.60623665164
1.60623665158
1.60324447495
1.60497729673
1.60497729673
1.60497729175
1.60497729472
1.60497729519
1.60497731057
1.60497731267
1.60497730891
1.60497731116
1.60497730994
1.6049773078
1.60497732688
1.60497730455
1.60497731082
1.60497731188
1.60497731676
1.60497730615
1.60497730151
1.60497729926
1.60497729179
1.60497729741
1.60497729723
1.60497729669
1.60403854618
1.60434873375
1.60434873375
1.60434873016
1.6043487336
1.60434873251
1.60434873178
1.6043487328
1.60434873064
1.6043487334
1.60434873182
1.60434872923
1.60434873161
1.60434872936
1.60434873161
1.60434872751
1.60434872969
1.60434872866
1.60434872661
1.60434873099
1.60434872738
1.60434873373
1.60434873359
1.60434873356
1.60429518034
1.60431863477
1.60431863477
1.60431863106
1.60431863439
1.6043186335
1.60431863164
1.60431863279
1.60431863048
1.60431863304
1.60431863182
1.60431862912
1.60431863047
1.60431862969
1.60431863156
1.60431862743
1.60431862925
1.60431862923
1.60431862739
1.60431863196
1.60431862862
1.60431863483
1.60431863471
1.60431863459
1.60439643969
     fun: 1.6609034297832002
     jac: array([ 0.00843726,  0.01007713,  0.00201696,  0.02876256,  0.02582642,
        0.0309979 ,  0.0318289 ,  0.02787577,  0.0357317 ,  0.05765344,
        0.02279659,  0.0379981 ,  0.04100764,  0.04396583,  0.03090103,
        0.02735978,  0.01194984,  0.00675541, -0.00625534, -0.01263331,
       -0.00158875])
 message: 'Optimization terminated successfully.'
    nfev: 552
     nit: 22
    njev: 22
  status: 0
 success: True
       x: array([ 0.51754497, -0.47716031, -0.47890708, -0.37538725,  0.23380069,
       -0.00966125,  0.11857793, -0.28080347,  0.50381119,  0.1146384 ,
        0.04640974, -0.46015406, -0.13219135,  0.13555507, -0.22582141,
        0.16216153,  0.19981163, -0.40291684, -0.36758293,  0.26516563,
       -0.32113082])

========================================================

Final result:
0.517544972598
-0.477160306612
-0.478907077291
0.146174137101
0.146174137101
0.146174137101
-0.375387254619
0.233800688253
-0.00966125222756
0.118577933977
-0.280803472149
0.503811194146
0.114638396584
0.114638396584
0.0464097372951
-0.46015405585
-0.132191346483
-0.132191346483
0.13555506744
-0.225821408966
-0.225821408966
0.13555506744
0.162161533888
0.19981163011
0.162161533888
-0.402916841714
0.317827207851
-0.367582929626
0.265165626176
-0.32113081506
0.14118270617
0.14118270617
0.14118270617
