5.15066338172
5.15066338172
5.15066307548
5.15066292288
5.15066332204
5.15066394253
5.15066405836
5.15066374285
5.15066342712
5.15066417762
5.15066370659
5.15066374641
5.15066344773
12901.4580057
2718.01382905
571.147076295
118.590474835
23.4203915973
4.76889751353
3.52556199406
3.52556199406
3.5255616962
3.52556150519
3.52556193536
3.52556197574
3.52556213312
3.52556182652
3.52556177831
3.52556158769
3.5255620573
3.52556188552
3.52556200483
4420.26387767
838.141165696
158.073336275
29.0734692449
5.27727426511
2.79246455462
2.79246455462
2.79246459002
2.79246458308
2.79246455985
2.79246429227
2.79246429616
2.79246438176
2.79246435976
2.79246430724
2.79246460023
2.79246444167
2.79246456106
393.868615585
69.5827350792
11.8850054621
2.71032170402
2.32223991957
2.32223991957
2.32224000356
2.32224005715
2.32223993532
2.32223958353
2.32223955049
2.3222396603
2.32223974088
2.32223941856
2.3222397387
2.3222395533
2.32223987795
256.719860165
39.3262811609
5.95405696629
2.12256826846
2.12256826846
2.12256841864
2.12256854678
2.12256829729
2.12256781766
2.12256776946
2.12256789968
2.12256809447
2.12256745955
2.12256810215
2.12256799094
2.12256823343
98.7626598231
10.1870920373
2.1944637266
2.04833849684
2.04833849684
2.04833864424
2.04833875734
2.04833852405
2.04833798281
2.04833792212
2.04833811201
2.04833835005
2.04833766423
2.04833828814
2.04833819403
2.04833845353
27.9713070098
3.15475083032
2.01065686456
2.01065686456
2.0106570535
2.01065712459
2.01065690035
2.01065633529
2.01065631631
2.01065647663
2.010656715
2.01065603226
2.01065665482
2.0106565562
2.01065682107
6.2124755345
1.85543181269
1.85543181269
1.85543195678
1.8554320106
1.85543184157
1.85543161493
1.85543152862
1.85543168259
1.85543180242
1.85543151539
1.85543172238
1.85543168081
1.85543179537
4.89722437481
1.642680766
1.642680766
1.64268079132
1.64268082066
1.64268077108
1.64268103587
1.64268098915
1.64268101333
1.64268092082
1.64268130774
1.6426808312
1.64268096001
1.64268078023
2.32265496199
1.5617297365
1.5617297365
1.56172971463
1.56172972663
1.56172973226
1.561729977
1.56172997059
1.56172994658
1.56172986613
1.56173018959
1.56172981281
1.56172989721
1.56172975318
2.42058320196
1.44785388134
1.44785388134
1.44785381053
1.44785376421
1.44785386704
1.44785392051
1.44785395729
1.4478538822
1.44785386735
1.44785386779
1.44785389744
1.4478538876
1.44785388447
1.44061665685
1.44061665685
1.44061671934
1.44061675788
1.44061666861
1.44061660053
1.44061657324
1.44061664177
1.44061665274
1.44061665374
1.44061665
1.44061664706
1.44061665525
1.42612674568
1.42612674568
1.42612674588
1.42612674713
1.42612674556
1.42612674046
1.42612673949
1.4261267366
1.42612674532
1.42612672019
1.4261267356
1.42612673437
1.42612674362
1.42399140096
1.42399140096
1.42399139667
1.42399139247
1.42399139991
1.42399141077
1.42399141263
1.42399140941
1.42399140307
1.42399142319
1.42399140979
1.42399141191
1.42399140279
1.4218179579
1.4218179579
1.42181795476
1.42181795251
1.42181795719
1.42181796236
1.42181796411
1.42181796124
1.42181795789
1.42181796746
1.42181796159
1.42181796175
1.42181795865
1.42038156351
1.42038156351
1.42038156467
1.42038156502
1.42038156383
1.42038156188
1.42038156132
1.42038156267
1.42038156348
1.42038156186
1.42038156428
1.42038156453
1.42038156376
1.42029960068
1.42029960068
1.42029960063
1.4202996007
1.42029960076
1.42029960101
1.42029960095
1.42029960087
1.42029960078
1.42029960115
1.42029960005
1.42029959992
1.42029960059
1.42024075476
1.42024075476
1.42024075426
1.42024075424
1.42024075471
1.42024075527
1.42024075553
1.42024075485
1.42024075469
1.42024075487
1.42024075437
1.4202407543
1.4202407547
1.42017385936
1.42017385936
1.42017385912
1.42017385896
1.42017385931
1.42017385946
1.42017385957
1.42017385937
1.42017385929
1.42017385943
1.42017385911
1.4201738589
1.4201738593
1.42017192876
1.42017192876
1.42017192872
1.42017192874
1.42017192875
1.42017192886
1.42017192889
1.4201719288
1.42017192877
1.42017192882
1.42017192882
1.42017192888
1.42017192878
     fun: 1.4201719287619483
     jac: array([-0.0026975 , -0.00116788, -0.00062023,  0.00648396,  0.00853501,
        0.00270931,  0.00029258,  0.00407784,  0.00409643,  0.00770654,
        0.00093471])
 message: 'Optimization terminated successfully.'
    nfev: 287
     nit: 20
    njev: 20
  status: 0
 success: True
       x: array([ 0.47272187, -0.46366711, -0.35120714, -0.43114148,  0.24791505,
        0.17166347,  0.46094132,  0.01091306, -0.41367059,  0.30083758,
       -0.33976605])

========================================================

Final result:
0.472721874028
-0.46366711409
-0.351207135886
0.114050791983
0.114050791983
0.114050791983
-0.431141483069
0.247915050261
0.171663466101
0.460941317551
0.0109130562368
0.0109130562368
-0.471204463318
-0.413670590869
0.300837582008
-0.339766050615
0.150866353159
0.150866353159
0.150866353159
