TRP_methyl_charged.filelist
125.007786649
125.007786649
125.00778664
125.007786649
125.007786647
125.007787848
125.007787863
125.007787834
125.007787807
125.007787689
125.007788008
125.007788833
125.007787414
125.007789485
125.007787258
125.007787253
125.007787305
125.007787002
125.007786994
125.007787303
125.007786841
125.007786778
125.007787085
125.007787505
125.007786585
125.007786821
125.007787111
132312.855669
13135.5630129
1371.51834425
230.944790709
65.8394819358
65.8394819358
65.8394819575
65.839481982
65.8394819398
65.8394817472
65.8394817324
65.8394817843
65.8394817756
65.839481686
65.8394819437
65.8394814707
65.8394815507
65.8394820595
65.8394812772
65.8394816903
65.839481118
65.8394812144
65.8394814871
65.8394819633
65.8394809967
65.8394815743
65.8394820446
65.8394820996
65.8394814163
65.8394818606
65.8394822421
14430.3985008
1980.11464375
383.795805423
70.0077206711
37.445741501
37.445741501
37.4457415105
37.4457415138
37.4457415021
37.4457403014
37.4457402777
37.4457403509
37.445740354
37.4457404007
37.445740357
37.4457392254
37.445740547
37.4457392186
37.4457404294
37.445740837
37.4457402181
37.4457406154
37.4457408739
37.4457410511
37.445740557
37.4457411189
37.4457412999
37.4457410032
37.4457411212
37.4457413301
37.4457414552
713.378180868
66.1471615016
33.8724031424
33.8724031424
33.8724031393
33.8724031526
33.8724031413
33.8724018751
33.8724018468
33.8724019039
33.872401916
33.8724019227
33.8724019056
33.8724005955
33.8724020832
33.8724006707
33.8724020157
33.8724023478
33.872401838
33.8724022108
33.8724024435
33.8724024989
33.8724021771
33.8724027271
33.8724027779
33.8724023888
33.8724027847
33.8724029105
33.8724028872
740.027808369
70.7256626756
31.766288581
31.766288581
31.7662886194
31.766288645
31.7662885881
31.7662872918
31.7662872545
31.7662873343
31.7662873645
31.7662874446
31.7662872278
31.7662862857
31.7662875801
31.7662858018
31.7662874978
31.7662878228
31.7662873319
31.7662876565
31.7662878902
31.7662879746
31.7662875988
31.7662881556
31.7662882365
31.7662878782
31.7662881919
31.7662883517
31.7662883462
353.359303098
59.4688888795
22.9311099771
22.9311099771
22.9311102405
22.9311103997
22.9311100283
22.9311088863
22.9311087471
22.9311090444
22.9311091749
22.9311091463
22.9311089268
22.9311082248
22.9311093624
22.9311077947
22.9311094688
22.9311095
22.9311094183
22.9311096659
22.93110969
22.9311094759
22.9311097737
22.9311098593
22.9311096543
22.9311093172
22.9311099901
22.9311098456
22.9311096453
1921.3472048
222.99559615
37.4375903516
18.752950926
18.752950926
18.7529509806
18.752951028
18.7529509369
18.7529502606
18.7529502138
18.7529502658
18.7529503288
18.7529503951
18.7529500463
18.7529497766
18.752950631
18.7529490208
18.7529508604
18.752950669
18.7529509074
18.7529510529
18.7529509258
18.7529505187
18.752951262
18.7529510156
18.7529506273
18.7529503275
18.7529512026
18.7529508621
18.752950539
195.837623719
26.4658692806
17.9562753868
17.9562753868
17.9562754472
17.9562754424
17.9562753984
17.9562747662
17.9562747538
17.9562748068
17.9562748094
17.956274997
17.9562746516
17.9562745844
17.9562752091
17.9562738146
17.9562754366
17.9562752159
17.956275488
17.9562756139
17.9562754717
17.9562750303
17.9562758196
17.956275542
17.9562750984
17.9562748402
17.9562757422
17.9562753478
17.9562749656
168.552344052
26.3994912523
14.9340698756
14.9340698756
14.9340699002
14.9340699377
14.9340698805
14.9340699031
14.9340698619
14.9340699009
14.9340699562
14.9340699867
14.9340697337
14.9340700586
14.9340701178
14.9340694831
14.9340703055
14.9340700423
14.9340703752
14.9340703836
14.93407023
14.9340698038
14.9340705095
14.9340702055
14.9340697477
14.9340696459
14.9340703583
14.9340699498
14.9340695315
234.464851111
33.5659562061
12.9417538062
12.9417538062
12.9417537965
12.9417538035
12.9417538039
12.9417542919
12.9417542783
12.9417542879
12.9417543086
12.9417543381
12.9417542099
12.9417548524
12.9417543972
12.9417545691
12.9417545959
12.9417542143
12.9417547786
12.9417545132
12.9417542977
12.9417539712
12.9417545728
12.9417541431
12.9417538562
12.9417538591
12.9417541645
12.9417539369
12.9417536823
136.84432474
21.2641440683
9.80749798379
9.80749798379
9.80749794583
9.807497933
9.80749797703
9.8074991607
9.80749919278
9.80749910166
9.80749907275
9.80749904896
9.80749913512
9.80750017849
9.80749891131
9.8075003204
9.80749899588
9.80749865692
9.80749917877
9.80749880348
9.80749859921
9.80749847858
9.80749880767
9.80749836077
9.80749825919
9.8074985104
9.80749831207
9.80749818854
9.80749813436
27.3336273075
7.82832321824
7.82832321824
7.82832307035
7.82832302458
7.82832318794
7.82832420693
7.82832421166
7.8283241767
7.82832416939
7.82832408959
7.82832425604
7.82832502013
7.82832392569
7.82832536339
7.82832389786
7.82832377501
7.82832398095
7.82832374066
7.82832364568
7.82832374536
7.82832370451
7.82832345531
7.82832355434
7.82832387082
7.82832335946
7.82832339441
7.82832351934
72.198075153
11.7719989839
6.47244816127
6.47244816127
6.47244799961
6.47244791655
6.47244812906
6.47244881771
6.47244887686
6.47244875318
6.47244868334
6.47244867445
6.47244887544
6.47244922689
6.47244854538
6.47244969256
6.47244842303
6.47244852235
6.47244840002
6.47244831406
6.47244835857
6.47244861497
6.47244820684
6.47244824866
6.47244849774
6.47244875943
6.47244811003
6.47244829835
6.47244853249
24.7136962778
6.28707830773
6.28707830773
6.28707820415
6.28707817148
6.28707828658
6.28707822246
6.287078229
6.28707820794
6.28707818115
6.28707815207
6.28707830256
6.28707801146
6.28707808043
6.28707837642
6.28707792061
6.28707818343
6.28707780452
6.28707791481
6.28707808479
6.28707835232
6.28707779947
6.28707814511
6.28707842953
6.28707840843
6.28707806037
6.28707830373
6.28707857514
18.2504980464
4.47289274668
4.47289274668
4.47289283054
4.47289290945
4.47289276319
4.47289218015
4.47289211685
4.47289222873
4.47289226313
4.47289220905
4.47289226531
4.47289165782
4.47289221439
4.47289182062
4.47289208626
4.47289237174
4.47289192146
4.47289217424
4.47289235182
4.47289251314
4.47289211251
4.47289248397
4.47289265312
4.47289250168
4.47289244455
4.47289264492
4.47289275474
26.1738300821
4.34757694975
3.93858720756
3.93858720756
3.93858733836
3.93858743599
3.93858723334
3.9385864592
3.93858638688
3.93858652524
3.93858657637
3.93858652349
3.93858653591
3.93858581618
3.93858655799
3.93858588632
3.93858645857
3.938586728
3.93858631726
3.93858656384
3.93858674278
3.93858687012
3.93858651657
3.93858692197
3.93858703623
3.93858684867
3.93858693804
3.9385870715
3.93858713675
10.8396898899
3.25237198211
3.25237198211
3.25237204433
3.2523720469
3.25237199446
3.25237155529
3.25237155517
3.2523715654
3.25237157872
3.25237165893
3.25237147149
3.2523712853
3.2523718113
3.25237091898
3.2523719072
3.25237187549
3.25237187742
3.25237203694
3.25237200808
3.25237181972
3.25237212113
3.25237205921
3.2523718853
3.25237171215
3.25237213648
3.25237198483
3.2523718435
8.18221933582
3.14453533896
3.14453533896
3.14453530515
3.14453532794
3.14453533319
3.14453533562
3.14453532602
3.14453528707
3.14453526354
3.14453534375
3.14453522315
3.14453532711
3.14453542381
3.14453507939
3.14453552136
3.14453540192
3.14453556051
3.14453555412
3.14453548634
3.14453530784
3.14453560119
3.14453547395
3.1445353033
3.1445352265
3.14453552055
3.14453537924
3.144535223
9.15906496498
2.94550390026
2.94550390026
2.94550386235
2.94550384058
2.94550389281
2.94550423725
2.94550425893
2.94550420087
2.94550419173
2.94550419437
2.9455041944
2.94550450281
2.94550416517
2.94550450761
2.94550421083
2.94550408189
2.9455042858
2.94550413899
2.94550408033
2.94550400205
2.94550411649
2.94550401997
2.94550394344
2.94550397635
2.94550400451
2.94550396092
2.94550386369
4.71194342695
2.86404008516
2.86404008516
2.86404009949
2.86404011669
2.86404008764
2.86404046093
2.86404044672
2.8640404719
2.86404048476
2.86404044982
2.86404050317
2.86404083753
2.86404039557
2.86404096585
2.86404039784
2.86404033481
2.86404044212
2.86404032767
2.86404028977
2.86404031576
2.8640402988
2.86404021168
2.86404024325
2.86404034892
2.86404016764
2.86404017986
2.86404021791
3.4410315126
2.74568118945
2.74568118945
2.74568113685
2.74568112153
2.74568117886
2.7456813952
2.7456814015
2.74568136882
2.74568136012
2.74568134665
2.74568139119
2.74568151251
2.74568131303
2.74568163354
2.74568130498
2.74568129747
2.74568131199
2.74568128226
2.74568127609
2.74568130448
2.7456812673
2.74568124954
2.74568127964
2.74568132494
2.74568122922
2.74568124149
2.74568127772
2.94910130874
2.70983531772
2.70983531772
2.70983529571
2.70983529486
2.7098353131
2.70983537833
2.70983537331
2.70983537076
2.70983536962
2.70983537715
2.70983537417
2.70983545294
2.70983536025
2.70983545685
2.70983533764
2.70983536995
2.70983532088
2.7098353267
2.70983534909
2.70983539053
2.7098352955
2.70983534181
2.7098353874
2.70983539826
2.70983531372
2.70983535501
2.70983539245
2.93989453217
2.69136842004
2.69136842004
2.69136840957
2.6913684182
2.69136841774
2.69136845594
2.69136844506
2.69136845272
2.69136845559
2.69136844627
2.69136846869
2.69136847004
2.69136844204
2.69136855155
2.69136843118
2.69136845445
2.69136841554
2.69136843104
2.6913684479
2.69136846622
2.69136840987
2.69136844631
2.69136847019
2.69136846177
2.69136842744
2.69136845224
2.69136846957
2.61372150854
2.65860930433
2.65860930433
2.65860929748
2.65860930763
2.65860930289
2.65860934903
2.65860933951
2.65860934131
2.65860934406
2.65860933915
2.65860934736
2.65860937525
2.65860933433
2.65860941763
2.65860932835
2.65860934215
2.65860931723
2.65860932772
2.65860933761
2.65860935004
2.65860931198
2.65860933319
2.65860935226
2.65860934566
2.65860931651
2.65860933579
2.65860935082
2.65015040225
2.65402579963
2.65402579963
2.65402579321
2.65402580173
2.65402579824
2.65402583676
2.65402582766
2.65402583086
2.65402583279
2.65402583287
2.6540258358
2.65402586831
2.65402583091
2.65402589854
2.65402582809
2.65402583846
2.65402581719
2.6540258306
2.65402583816
2.65402584234
2.6540258181
2.65402583467
2.65402584312
2.65402583586
2.65402582274
2.65402583164
2.65402583673
2.65448017481
2.6535248966
2.6535248966
2.65352488856
2.65352489722
2.65352489489
2.65352493347
2.65352492415
2.6535249263
2.65352492936
2.65352492778
2.6535249288
2.65352495916
2.6535249277
2.65352498603
2.65352492656
2.65352493524
2.65352491696
2.65352492902
2.65352493571
2.65352493859
2.65352491683
2.65352493197
2.65352493989
2.65352493124
2.65352491996
2.65352492869
2.65352493354
2.65463384016
2.65378408715
2.65378408715
2.65378407879
2.65378408641
2.65378408538
2.65378412513
2.65378411678
2.65378411774
2.6537841197
2.65378411991
2.65378412087
2.65378415343
2.6537841197
2.65378418005
2.65378411886
2.65378412667
2.65378410989
2.65378412074
2.65378412705
2.65378412967
2.65378410838
2.65378412295
2.65378413078
2.65378412219
2.65378411085
2.65378411949
2.65378412435
2.65711402763
2.65463605051
2.65463605051
2.65463604206
2.65463604977
2.65463604872
2.65463609006
2.65463608175
2.65463608238
2.65463608444
2.65463608432
2.65463608525
2.65463611889
2.65463608394
2.65463614528
2.65463608312
2.65463609071
2.65463607423
2.65463608489
2.6546360911
2.65463609346
2.65463607251
2.65463608687
2.65463609431
2.65463608595
2.65463607485
2.6546360831
2.65463608757
2.65417560979
2.6544333421
2.6544333421
2.65443333363
2.65443334133
2.65443334032
2.65443338265
2.65443337431
2.65443337497
2.65443337707
2.65443337685
2.65443337786
2.65443341244
2.65443337629
2.65443343891
2.65443337553
2.65443338277
2.65443336684
2.65443337704
2.65443338308
2.65443338532
2.6544333646
2.65443337863
2.65443338597
2.65443337783
2.65443336652
2.65443337476
2.65443337909
2.6544219059
2.65442986296
     fun: 5.2365685933586015
     jac: array([  6.18696213e-05,   7.41958618e-04,  -1.57356262e-05,
        -7.65848160e-03,  -9.20796394e-03,  -8.81671906e-03,
        -8.36980343e-03,  -8.43119621e-03,  -1.06743574e-02,
        -1.95237994e-02,  -4.55284119e-03,  -2.21679807e-02,
        -3.58587503e-03,  -2.78031826e-03,  -7.19338655e-03,
         3.34382057e-05,   6.04808331e-04,  -4.09579277e-03,
         2.62379646e-04,   2.72345543e-03,  -2.31754780e-03,
        -5.84232807e-03,   6.12401962e-03,   3.85880470e-04,
        -1.73294544e-03])
 message: 'Optimization terminated successfully.'
    nfev: 830
     nit: 29
    njev: 29
  status: 0
 success: True
       x: array([ 0.65420796, -0.52643235, -0.49734423, -0.58164194,  0.33535979,
       -0.03351646,  0.13226161, -0.28813539,  0.42736048,  0.10711366,
       -0.02979514, -0.57831424,  0.01238244, -0.05263512,  0.04706299,
        0.06803789, -0.35103792, -0.01278291,  0.1970227 , -0.25211115,
       -0.13648896,  0.09679667,  0.16858673,  0.20978016,  0.05806981])

========================================================

Final result:
0.654207961618
-0.526432354031
-0.497344226805
0.123189539739
0.123189539739
0.123189539739
-0.58164194349
0.335359791379
-0.0335164639945
0.13226160771
-0.28813538935
0.427360478435
0.107113657787
0.107113657787
-0.0297951359634
-0.578314243553
0.0123824395824
-0.0526351185359
0.0470629909498
0.068037890379
-0.351037920121
-0.0127829119363
0.197022704952
-0.252111146226
-0.136488958021
0.0967966662715
0.168586732059
0.20978015785
0.0580698074234
-0.0721751078217
-0.578314243553
