1.9208598900672283e-05
1.9208598900672283e-05
1.920859964544651e-05
1.9208598832681386e-05
1.9208601069146695e-05
1.9208606600184006e-05
1.920860020136207e-05
1.9208601093775276e-05
1.92085999248387e-05
1.9208599740263616e-05
1.9208601606321254e-05
1.920859839530063e-05
1.920860821790006e-05
1.9208599972487947e-05
1.9208599942168505e-05
1.920859907736627e-05
1.850216341146871e-05
1.850216341146871e-05
1.8502163768254146e-05
1.850216299034936e-05
1.8502165112637697e-05
1.8502169653909746e-05
1.8502164362833606e-05
1.8502165231855274e-05
1.8502164162089643e-05
1.8502163970146658e-05
1.8502165783090997e-05
1.8502162787364697e-05
1.8502171682205175e-05
1.8502164381361313e-05
1.850216427128002e-05
1.8502163568778514e-05
1.668663129649555e-05
1.668663129649555e-05
1.6686630042580498e-05
1.6686629416556848e-05
1.6686631062104678e-05
1.6686631506030465e-05
1.6686630782838677e-05
1.668663154979574e-05
1.668663088727249e-05
1.6686630668657074e-05
1.6686632228495613e-05
1.668663017014026e-05
1.6686635042926504e-05
1.6686631832162053e-05
1.66866313854543e-05
1.668663137119163e-05
1.642076483421353e-05
1.642076483421353e-05
1.6420762982059184e-05
1.6420762422418942e-05
1.6420763886276694e-05
1.642076282233886e-05
1.6420763756551345e-05
1.6420764478692842e-05
1.6420763962013254e-05
1.6420763739077516e-05
1.6420765160765503e-05
1.6420763508992787e-05
1.6420766659685696e-05
1.6420765193874232e-05
1.6420764614926162e-05
1.642076487538638e-05
1.6274259616021322e-05
1.6274259616021322e-05
1.6274257627658224e-05
1.6274257096914305e-05
1.6274258512014736e-05
1.627425712133093e-05
1.6274258383457453e-05
1.6274259085843474e-05
1.6274258595886028e-05
1.6274258379855933e-05
1.627425971067477e-05
1.6274258229361522e-05
1.627426068414326e-05
1.6274259916172315e-05
1.627425929771293e-05
1.6274259645817844e-05
1.5687173406598404e-05
1.5687173406598404e-05
1.5687171296606498e-05
1.568717086987511e-05
1.5687172195560803e-05
1.5687170596449948e-05
1.5687171889246056e-05
1.5687172519764324e-05
1.5687172020786966e-05
1.5687171856355777e-05
1.5687172775123903e-05
1.5687171876777013e-05
1.568717203164479e-05
1.5687173546910818e-05
1.5687172842029183e-05
1.5687173405697683e-05
1.5191396971465137e-05
1.5191396971465137e-05
1.5191395221750657e-05
1.5191394870481337e-05
1.5191396229467723e-05
1.5191395638692801e-05
1.5191395585769824e-05
1.5191396163187625e-05
1.5191395536181625e-05
1.519139544282152e-05
1.519139596968885e-05
1.5191395438341696e-05
1.5191394249985659e-05
1.519139706793742e-05
1.5191396371930496e-05
1.5191396961939418e-05
1.4838049289959456e-05
1.4838049289959456e-05
1.4838048235035279e-05
1.4838047919939866e-05
1.4838049397654396e-05
1.4838050608802111e-05
1.4838048372345137e-05
1.4838048923125924e-05
1.4838048104748357e-05
1.4838048086532729e-05
1.4838048335601024e-05
1.4838047882265048e-05
1.4838046561853535e-05
1.4838049459828607e-05
1.4838048857847404e-05
1.4838049294235033e-05
1.4681110291638546e-05
1.4681110291638546e-05
1.4681109686809112e-05
1.4681109373258414e-05
1.4681110921338353e-05
1.4681113223945404e-05
1.4681109737132157e-05
1.468111028572568e-05
1.4681109371791631e-05
1.468110939277093e-05
1.4681109585263012e-05
1.4681109006681913e-05
1.4681108294637291e-05
1.4681110556503187e-05
1.4681110040613198e-05
1.468111031405174e-05
1.4504576414621007e-05
1.4504576414621007e-05
1.4504576180429527e-05
1.4504575874873014e-05
1.4504577439101921e-05
1.4504580545105992e-05
1.4504576183395302e-05
1.450457672531817e-05
1.4504575767361287e-05
1.4504575830811904e-05
1.450457600835047e-05
1.4504575255885208e-05
1.4504575337998816e-05
1.450457678280507e-05
1.4504576354606841e-05
1.4504576456922561e-05
1.4142732733661187e-05
1.4142732733661187e-05
1.4142732965274966e-05
1.4142732709615677e-05
1.4142734182458404e-05
1.4142738101366113e-05
1.4142732920073617e-05
1.4142733425503807e-05
1.414273248287896e-05
1.4142732637486351e-05
1.414273276778631e-05
1.4142731764944246e-05
1.4142733010117505e-05
1.4142733257090474e-05
1.4142732962431417e-05
1.414273280612701e-05
1.3465971706436972e-05
1.3465971706436972e-05
1.3465972418966194e-05
1.346597231801613e-05
1.3465973434236882e-05
1.3465977755798803e-05
1.3465972327160699e-05
1.3465972722290659e-05
1.3465971951682987e-05
1.3465972293666866e-05
1.3465972258806126e-05
1.346597099189053e-05
1.34659735531614e-05
1.3465972431168133e-05
1.3465972319600166e-05
1.3465971818570875e-05
1.2600480349381329e-05
1.2600480349381329e-05
1.2600481202102116e-05
1.2600481387763327e-05
1.2600481796290743e-05
1.2600485240647352e-05
1.2600481094120909e-05
1.2600481287224387e-05
1.2600480922066684e-05
1.2600481535053356e-05
1.2600481163680745e-05
1.2600479835920617e-05
1.2600482932637232e-05
1.2600481218842399e-05
1.2600481260569429e-05
1.260048049105939e-05
1.2046748334014035e-05
1.2046748334014035e-05
1.2046748763533775e-05
1.2046749209792273e-05
1.204674894355519e-05
1.2046750408310768e-05
1.2046748689049516e-05
1.2046748700247066e-05
1.2046748763788188e-05
1.2046749566431032e-05
1.2046748861684177e-05
1.204674780274179e-05
1.2046749951022012e-05
1.2046749163328344e-05
1.2046749205827222e-05
1.2046748469431898e-05
1.1904875987010097e-05
1.1904875987010097e-05
1.1904875961652497e-05
1.1904876484393204e-05
1.1904876001936876e-05
1.190487617747841e-05
1.1904875925124525e-05
1.1904875884108493e-05
1.1904876108284226e-05
1.190487693186572e-05
1.1904876111917512e-05
1.1904875329488923e-05
1.1904876326418035e-05
1.1904876698755684e-05
1.1904876657232088e-05
1.1904876100129038e-05
1.1882279664178704e-05
1.1882279664178704e-05
1.1882279484794751e-05
1.1882279999705781e-05
1.1882279528170966e-05
1.1882279405452246e-05
1.1882279461339055e-05
1.1882279426504153e-05
1.1882279654736994e-05
1.188228045445743e-05
1.1882279636148212e-05
1.1882278946321085e-05
1.1882279528570803e-05
1.1882280321311686e-05
1.188228023654189e-05
1.1882279766618972e-05
1.1863514970782619e-05
1.1863514970782619e-05
1.1863514709255496e-05
1.1863515211636418e-05
1.1863514766186106e-05
1.1863514516891943e-05
1.186351469294811e-05
1.1863514667513912e-05
1.1863514884756895e-05
1.1863515663105625e-05
1.1863514856791896e-05
1.1863514216885914e-05
1.186351457053181e-05
1.1863515591498047e-05
1.1863515479002009e-05
1.1863515065942559e-05
1.1806283745194379e-05
1.1806283745194379e-05
1.1806283332556407e-05
1.1806283807398071e-05
1.1806283419021193e-05
1.180628294893088e-05
1.1806283330000873e-05
1.1806283325682089e-05
1.180628351388696e-05
1.1806284245561616e-05
1.1806283470492165e-05
1.1806282924459268e-05
1.1806282851806208e-05
1.1806284285021115e-05
1.1806284116326377e-05
1.1806283823875549e-05
1.1676166172688251e-05
1.1676166172688251e-05
1.167616555908141e-05
1.1676165992729414e-05
1.1676165686296209e-05
1.167616492520267e-05
1.167616557639146e-05
1.1676165604985632e-05
1.1676165742631897e-05
1.1676166400057719e-05
1.1676165681540083e-05
1.1676165265251184e-05
1.1676164617624309e-05
1.1676166573623084e-05
1.1676166320315618e-05
1.1676166222466192e-05
1.1375278847509037e-05
1.1375278847509037e-05
1.1375277982621558e-05
1.1375278354538394e-05
1.137527816176171e-05
1.1375277035796544e-05
1.1375278029035245e-05
1.1375278110256648e-05
1.137527815593605e-05
1.1375278690018637e-05
1.137527807975839e-05
1.1375277838545106e-05
1.1375276452961802e-05
1.1375278992868466e-05
1.1375278608567481e-05
1.1375278842860859e-05
1.0840842188281898e-05
1.0840842188281898e-05
1.0840841169826081e-05
1.0840841477449462e-05
1.08408413824913e-05
1.0840840028714e-05
1.0840841245384969e-05
1.0840841388772824e-05
1.0840841303028844e-05
1.084084168161937e-05
1.0840841236097703e-05
1.0840841135778474e-05
1.0840839249611483e-05
1.0840841961769359e-05
1.0840841431299238e-05
1.0840842102222475e-05
1.0225447957310085e-05
1.0225447957310085e-05
1.0225447128145862e-05
1.0225447417597625e-05
1.0225447305855937e-05
1.0225446214652148e-05
1.0225447209575257e-05
1.0225447386375912e-05
1.0225447186868218e-05
1.0225447463453114e-05
1.0225447176144934e-05
1.022544702651309e-05
1.0225445575643373e-05
1.0225447399159474e-05
1.0225446806883714e-05
1.0225447795242635e-05
9.893093247687065e-06
9.893093247687065e-06
9.893092878537799e-06
9.893093217015463e-06
9.893092965130079e-06
9.89309252932113e-06
9.893092934403738e-06
9.893093087104882e-06
9.893092875214924e-06
9.893093185318074e-06
9.893092936138603e-06
9.893092547645146e-06
9.893092328599166e-06
9.893092641963347e-06
9.893092132035301e-06
9.893093070215471e-06
9.822047540445725e-06
9.822047540445725e-06
9.822047451229586e-06
9.822047836141071e-06
9.822047481207715e-06
9.822047447222131e-06
9.822047484633296e-06
9.822047603842767e-06
9.822047431921924e-06
9.822047813303067e-06
9.822047524467113e-06
9.822046969301087e-06
9.822047531000586e-06
9.8220470447676e-06
9.822046627924681e-06
9.822047384654831e-06
9.809662416380697e-06
9.809662416380697e-06
9.809662393529134e-06
9.809662792804387e-06
9.809662409770216e-06
9.809662471561798e-06
9.809662420450964e-06
9.809662527824817e-06
9.809662375576558e-06
9.809662785109609e-06
9.809662472670785e-06
9.809661873534145e-06
9.809662626807027e-06
9.809661979911607e-06
9.809661595815059e-06
9.809662273158521e-06
9.79402905438882e-06
9.79402905438882e-06
9.794029078628324e-06
9.794029488282314e-06
9.794029084936689e-06
9.794029214532511e-06
9.79402910139393e-06
9.794029199959905e-06
9.794029063504114e-06
9.794029495698494e-06
9.79402916254225e-06
9.794028531645398e-06
9.794029421601489e-06
9.794028672461262e-06
9.794028316432207e-06
9.794028922947673e-06
9.74944625072747e-06
9.74944625072747e-06
9.749446354726417e-06
9.749446779363723e-06
9.749446343927492e-06
9.749446587382259e-06
9.749446372946626e-06
9.749446458994561e-06
9.74944634540298e-06
9.749446813773437e-06
9.749446446477522e-06
9.749445764257195e-06
9.749446881917695e-06
9.749445969295138e-06
9.749445665926317e-06
9.749446141226795e-06
9.642294200049906e-06
9.642294200049906e-06
9.642294418305066e-06
9.642294856960249e-06
9.642294382378687e-06
9.642294786335518e-06
9.642294436583945e-06
9.642294511797193e-06
9.642294418381753e-06
9.642294929881996e-06
9.642294520051656e-06
9.642293771766323e-06
9.642295204261701e-06
9.642294073643765e-06
9.64229385556955e-06
9.642294124878384e-06
9.386869341973186e-06
9.386869341973186e-06
9.38686971597948e-06
9.38687015413101e-06
9.386869644217373e-06
9.38687026017998e-06
9.386869751483477e-06
9.386869830652548e-06
9.386869731286395e-06
9.386870278064314e-06
9.386869827977367e-06
9.386869009406055e-06
9.386870841027166e-06
9.386869452961467e-06
9.386869375935882e-06
9.386869320530762e-06
8.88358261501588e-06
8.88358261501588e-06
8.883583131216023e-06
8.883583518466816e-06
8.883583022690889e-06
8.88358381479674e-06
8.883583226471702e-06
8.8835833573641e-06
8.883583166530709e-06
8.883583684831084e-06
8.88358324386776e-06
8.883582412103643e-06
8.88358453072496e-06
8.883583009029443e-06
8.883583124280524e-06
8.883582660289857e-06
8.185213613966046e-06
8.185213613966046e-06
8.18521411407674e-06
8.185214362513671e-06
8.185213998139784e-06
8.185214720489062e-06
8.1852143286824e-06
8.185214591489825e-06
8.185214164609833e-06
8.185214512055426e-06
8.18521420171275e-06
8.18521351776644e-06
8.185215381955596e-06
8.185214165903104e-06
8.185214441557243e-06
8.18521370231625e-06
7.68196350541535e-06
7.68196350541535e-06
7.681963758527914e-06
7.681963838226965e-06
7.681963685910634e-06
7.68196401378503e-06
7.681964093536629e-06
7.681964511309941e-06
7.68196380542766e-06
7.681963892507906e-06
7.681963800692722e-06
7.681963400317978e-06
7.681964370897674e-06
7.681963903769742e-06
7.681964169808239e-06
7.681963567986289e-06
7.538274291545919e-06
7.538274291545919e-06
7.538274313296333e-06
7.5382743167865445e-06
7.538274287870994e-06
7.538274274630085e-06
7.5382746895123265e-06
7.538275174091032e-06
7.538274346940049e-06
7.538274288399878e-06
7.538274327033911e-06
7.538274110013536e-06
7.538274368799829e-06
7.538274438824945e-06
7.538274593300537e-06
7.538274301413261e-06
7.521371639178716e-06
7.521371639178716e-06
7.521371592352603e-06
7.521371591582246e-06
7.521371582473222e-06
7.521371474699455e-06
7.521371964539043e-06
7.5213724509422025e-06
7.521371619916203e-06
7.521371539871102e-06
7.5213716008915445e-06
7.521371420490135e-06
7.521371495848916e-06
7.521371688425643e-06
7.5213717875619665e-06
7.521371627158057e-06
7.515669856310387e-06
7.515669856310387e-06
7.515669794013768e-06
7.515669797050695e-06
7.515669788144599e-06
7.515669661032472e-06
7.515670160790458e-06
7.515670642379054e-06
7.515669819716641e-06
7.515669740015124e-06
7.5156698022898736e-06
7.515669626418722e-06
7.515669666935143e-06
7.5156698778024364e-06
7.515669959541552e-06
7.515669837884475e-06
7.497407891363256e-06
7.497407891363256e-06
7.49740780046473e-06
7.497407814320797e-06
7.497407802672745e-06
7.497407642132964e-06
7.497408152929754e-06
7.497408619989908e-06
7.497407822530793e-06
7.497407746395754e-06
7.497407809166493e-06
7.497407641094864e-06
7.497407620676129e-06
7.497407858433011e-06
7.4974079064948266e-06
7.497407860372167e-06
7.456021381575911e-06
7.456021381575911e-06
7.456021252127233e-06
7.45602128505911e-06
7.456021266394755e-06
7.456021064655704e-06
7.456021579099234e-06
7.456022017727955e-06
7.456021269336487e-06
7.45602119976838e-06
7.456021262763667e-06
7.456021107983206e-06
7.456021007100119e-06
7.4560212735782404e-06
7.456021277913202e-06
7.456021333429734e-06
7.353833937604778e-06
7.353833937604778e-06
7.35383375170604e-06
7.353833822882491e-06
7.353833786543386e-06
7.353833533943674e-06
7.353834026498291e-06
7.353834401956058e-06
7.35383376206704e-06
7.353833705180481e-06
7.3538337684575125e-06
7.353833641480798e-06
7.353833425192347e-06
7.35383371686657e-06
7.353833662952099e-06
7.353833864196648e-06
7.15352727761355e-06
7.15352727761355e-06
7.153527034680051e-06
7.153527169399259e-06
7.1535270973922895e-06
7.153526816450603e-06
7.153527220717134e-06
7.153527479985576e-06
7.1535270388084195e-06
7.1535270018832345e-06
7.153527065583924e-06
7.153526987380558e-06
7.153526659961376e-06
7.153526936465742e-06
7.153526838193507e-06
7.1535271784388295e-06
6.873070073908395e-06
6.873070073908395e-06
6.873069819915043e-06
6.873070030955342e-06
6.87306990628029e-06
6.873069679132998e-06
6.873069896076639e-06
6.873069998122276e-06
6.873069824623954e-06
6.873069809902221e-06
6.873069874077777e-06
6.873069858620198e-06
6.873069523628807e-06
6.873069692769015e-06
6.87306962327481e-06
6.873069969135059e-06
6.670713859309685e-06
6.670713859309685e-06
6.670713673671009e-06
6.670713922262325e-06
6.67071375906599e-06
6.670713671278715e-06
6.670713691531177e-06
6.6707136934341365e-06
6.670713689057499e-06
6.670713683004633e-06
6.6707137473426455e-06
6.670713768164902e-06
6.670713591181547e-06
6.670713592923671e-06
6.670713643045802e-06
6.670713784353347e-06
6.6134777243016e-06
6.6134777243016e-06
6.61347761218799e-06
6.61347784880728e-06
6.613477681629331e-06
6.6134776952969905e-06
6.613477643110581e-06
6.613477647394692e-06
6.613477637633134e-06
6.613477625946709e-06
6.613477690088014e-06
6.613477706387541e-06
6.613477687929029e-06
6.613477594968963e-06
6.613477743204204e-06
6.613477681913685e-06
6.608234198348679e-06
6.608234198348679e-06
6.608234108775241e-06
6.608234331891307e-06
6.6082341705524855e-06
6.6082342063103955e-06
6.608234157874159e-06
6.608234183424215e-06
6.6082341370856504e-06
6.608234120918707e-06
6.608234184862899e-06
6.60823419166795e-06
6.608234219662475e-06
6.608234113593445e-06
6.608234286212127e-06
6.608234166042646e-06
6.607924132303741e-06
6.607924132303741e-06
6.607924044834497e-06
6.607924264802787e-06
6.607924105394294e-06
6.607924141581836e-06
6.607924098284862e-06
6.6079241296032785e-06
6.607924073426929e-06
6.6079240563766865e-06
6.607924120199545e-06
6.6079241246410105e-06
6.607924156563189e-06
6.607924052206042e-06
6.6079242260560984e-06
6.607924100962573e-06
6.607447307087934e-06
6.607447307087934e-06
6.6074472210924356e-06
6.607447438027348e-06
6.607447280635029e-06
6.607447316585881e-06
6.60744727863562e-06
6.60744731536311e-06
6.607447249993004e-06
6.607447232237081e-06
6.607447295788131e-06
6.607447298071072e-06
6.607447332569784e-06
6.607447230478317e-06
6.607447404820513e-06
6.607447276442109e-06
6.605915875835436e-06
6.605915875835436e-06
6.605915792371528e-06
6.605916003326659e-06
6.605915850139276e-06
6.605915885586089e-06
6.605915857644937e-06
6.605915904279771e-06
6.605915822137348e-06
6.605915803350809e-06
6.605915865944477e-06
6.605915864378747e-06
6.60591590315315e-06
6.605915805445557e-06
6.605915980487546e-06
6.605915846422738e-06
6.6019517784878264e-06
6.6019517784878264e-06
6.601951698588384e-06
6.601951899516196e-06
6.601951753888261e-06
6.601951788705721e-06
6.601951776016733e-06
6.601951837423766e-06
6.601951730439792e-06
6.6019517107676516e-06
6.601951770763398e-06
6.6019517637155015e-06
6.60195180820372e-06
6.6019517173445075e-06
6.601951893206865e-06
6.601951750906685e-06
6.591420390139169e-06
6.591420390139169e-06
6.591420315192135e-06
6.591420497755418e-06
6.591420367169426e-06
6.591420401399561e-06
6.59142041296627e-06
6.591420497056003e-06
6.59142035237017e-06
6.5914203330697295e-06
6.59142038595808e-06
6.591420371173008e-06
6.591420422756411e-06
6.59142034319432e-06
6.591420519772567e-06
6.591420365368977e-06
6.56589396449604e-06
6.56589396449604e-06
6.565893894794259e-06
6.565894045054998e-06
6.5658939435640475e-06
6.565893978015761e-06
6.565894024131347e-06
6.565894138477531e-06
6.565893944662054e-06
6.5658939304086365e-06
6.56589396561826e-06
6.565893942300838e-06
6.565893998951165e-06
6.565893936506808e-06
6.565894112615523e-06
6.565893943475258e-06
6.511506216410713e-06
6.511506216410713e-06
6.511506148079396e-06
6.511506246357237e-06
6.511506197067178e-06
6.511506234436066e-06
6.5115063195805835e-06
6.511506462928775e-06
6.51150622514057e-06
6.511506227973701e-06
6.511506224170734e-06
6.511506197485799e-06
6.511506247161215e-06
6.511506206644775e-06
6.511506378461767e-06
6.5115061989860184e-06
6.426090300416234e-06
6.426090300416234e-06
6.4260902209989626e-06
6.426090258209346e-06
6.426090279902491e-06
6.426090325294575e-06
6.42609042651866e-06
6.426090568548644e-06
6.42609034216118e-06
6.426090381166818e-06
6.426090312565195e-06
6.426090300542329e-06
6.4260903148452825e-06
6.4260902900006144e-06
6.42609045040325e-06
6.426090282838678e-06
6.350113931048114e-06
6.350113931048114e-06
6.350113826693961e-06
6.350113834303369e-06
6.350113905288009e-06
6.350113961647926e-06
6.350114024759178e-06
6.350114111552768e-06
6.350113987953061e-06
6.35011406930574e-06
6.350113940065128e-06
6.350113963855979e-06
6.350113919109194e-06
6.3501138863183185e-06
6.350114031324946e-06
6.350113906650721e-06
6.3218314951152886e-06
6.3218314951152886e-06
6.321831371286324e-06
6.321831395057841e-06
6.321831464304292e-06
6.321831526643683e-06
6.321831532862946e-06
6.321831557364426e-06
6.3218315423007395e-06
6.321831642509922e-06
6.321831496936193e-06
6.3218315497560076e-06
6.3218314663351605e-06
6.321831411596948e-06
6.321831548260001e-06
6.321831463030528e-06
6.318205791330161e-06
6.318205791330161e-06
6.318205662839629e-06
6.31820570434164e-06
6.318205758972522e-06
6.318205821823437e-06
6.3182058047847026e-06
6.3182058074847065e-06
6.318205828560578e-06
6.318205928276252e-06
6.31820578973918e-06
6.318205849916534e-06
6.318205759817353e-06
6.318205694275433e-06
6.318205830154333e-06
6.3182057565708986e-06
6.317849312987021e-06
6.317849312987021e-06
6.317849184481848e-06
6.3178492309428425e-06
6.317849280503789e-06
6.31784934302247e-06
6.317849322421063e-06
6.317849322458469e-06
6.317849347463539e-06
6.317849445417846e-06
6.317849310772183e-06
6.317849371159168e-06
6.317849281894733e-06
6.317849214361547e-06
6.317849350564774e-06
6.3178492779229074e-06
6.317234639370321e-06
6.317234639370321e-06
6.3172345111904585e-06
6.317234562845734e-06
6.317234606834063e-06
6.317234668862233e-06
6.317234645148021e-06
6.317234642992476e-06
6.3172346709221e-06
6.317234766625004e-06
6.31723463655837e-06
6.317234696759819e-06
6.317234608971462e-06
6.317234539636551e-06
6.31723467611959e-06
6.317234604101359e-06
6.315396909028601e-06
6.315396909028601e-06
6.315396781740804e-06
6.315396842237757e-06
6.315396876474956e-06
6.315396937493268e-06
6.315396908782482e-06
6.315396902871498e-06
6.3153969354669135e-06
6.315397026978175e-06
6.315396905195155e-06
6.315396964842522e-06
6.315396879942772e-06
6.315396807846357e-06
6.315396944344831e-06
6.315396873519501e-06
6.310549230623154e-06
6.310549230623154e-06
6.310549105435914e-06
6.310549179461421e-06
6.310549198198194e-06
6.310549257270372e-06
6.31054922137771e-06
6.310549209291262e-06
6.310549248885137e-06
6.3105493332289785e-06
6.310549225177888e-06
6.310549283561025e-06
6.310549203761513e-06
6.31054912811811e-06
6.310549263389944e-06
6.310549194979443e-06
6.297909192069051e-06
6.297909192069051e-06
6.297909071969916e-06
6.297909166506454e-06
6.297909160240186e-06
6.297909215318841e-06
6.297909169685189e-06
6.297909147024557e-06
6.297909197007594e-06
6.297909268541491e-06
6.297909184043712e-06
6.297909239459367e-06
6.297909169116879e-06
6.2979090898547135e-06
6.297909219966146e-06
6.297909156822814e-06
6.26786172868198e-06
6.26786172868198e-06
6.267861620213227e-06
6.2678617416892635e-06
6.267861698678178e-06
6.267861745799497e-06
6.2678616903437475e-06
6.2678616506239805e-06
6.267861713708109e-06
6.267861763367741e-06
6.267861716911313e-06
6.267861765704127e-06
6.26786171225693e-06
6.2678616328146885e-06
6.26786174755463e-06
6.267861695521308e-06
6.207213554569211e-06
6.207213554569211e-06
6.207213469395517e-06
6.2072136145895825e-06
6.207213528922187e-06
6.207213561880725e-06
6.207213505616896e-06
6.207213442506435e-06
6.207213515695455e-06
6.207213532772648e-06
6.207213538559597e-06
6.207213574331284e-06
6.20721354756401e-06
6.207213480029603e-06
6.2072135585567606e-06
6.207213527370226e-06
6.121635631869112e-06
6.121635631869112e-06
6.121635580144895e-06
6.121635719353641e-06
6.121635613406626e-06
6.121635628379424e-06
6.121635595934273e-06
6.121635513507491e-06
6.121635579841543e-06
6.1216355650044614e-06
6.121635614093008e-06
6.121635631490973e-06
6.121635633551847e-06
6.12163559936064e-06
6.12163561870739e-06
6.1216356155932535e-06
6.058051990339456e-06
6.058051990339456e-06
6.0580519625440735e-06
6.058052054441599e-06
6.058051978014626e-06
6.0580519826468e-06
6.058051994082693e-06
6.0580519131727244e-06
6.0580519516448415e-06
6.058051929957955e-06
6.058051975942163e-06
6.0580519805435685e-06
6.058051993038262e-06
6.0580520001553865e-06
6.058051969449374e-06
6.058051984416399e-06
6.039634715914061e-06
6.039634715914061e-06
6.03963469000696e-06
6.039634739551737e-06
6.039634704969515e-06
6.03963471105253e-06
6.0396347500409335e-06
6.039634683014333e-06
6.039634698683177e-06
6.0396346907991815e-06
6.0396347059501005e-06
6.039634709853522e-06
6.039634714026845e-06
6.03963474006863e-06
6.039634698489246e-06
6.039634713086101e-06
6.038157850485109e-06
6.038157850485109e-06
6.038157820680638e-06
6.0381578588683615e-06
6.038157838983383e-06
6.038157847869333e-06
6.0381578916003345e-06
6.038157831120818e-06
6.0381578411575455e-06
6.0381578414698415e-06
6.038157842027525e-06
6.038157848168994e-06
6.038157846129089e-06
6.038157873173326e-06
6.0381578363313966e-06
6.038157847095018e-06
6.038210333830027e-06
6.038210333830027e-06
6.038210302935487e-06
6.038210340594222e-06
6.038210322111306e-06
6.038210331625593e-06
6.038210375030274e-06
6.038210315438711e-06
6.038210325313252e-06
6.038210326935408e-06
6.038210325508116e-06
6.038210332254086e-06
6.038210329103359e-06
6.038210355351959e-06
6.0382103203127426e-06
6.038210330126016e-06
6.0382271507233344e-06
6.0382271507233344e-06
6.038227119477171e-06
6.038227157139311e-06
6.038227138930953e-06
6.0382271486373845e-06
6.038227191826345e-06
6.0382271324596295e-06
6.038227142375514e-06
6.038227144356544e-06
6.038227142426401e-06
6.0382271493658405e-06
6.038227145898092e-06
6.03822717181653e-06
6.038227137394303e-06
6.038227146907104e-06
6.038234465099217e-06
6.038234465099217e-06
6.038234432771346e-06
6.038234470479245e-06
6.038234453080942e-06
6.038234463375078e-06
6.0382345058705e-06
6.0382344471848135e-06
6.0382344572499535e-06
6.03823446032598e-06
6.038234456875256e-06
6.038234464409014e-06
6.038234459974778e-06
6.038234484850943e-06
6.038234452350787e-06
6.038234460932683e-06
6.038136527605285e-06
6.038136527605285e-06
6.0381364938648765e-06
6.038136531622626e-06
6.038136515295856e-06
6.038136526354936e-06
6.038136567932504e-06
6.0381365101440205e-06
6.038136520406473e-06
6.038136524925613e-06
6.038136519477573e-06
6.038136527786288e-06
6.038136522088536e-06
6.0381365455793415e-06
6.0381365156286546e-06
6.03813652297511e-06
6.037667651192337e-06
6.037667651192337e-06
6.037667615002002e-06
6.0376676528041136e-06
6.037667638388867e-06
6.037667650768518e-06
6.037667690729404e-06
6.037667634524222e-06
6.037667645127666e-06
6.037667652191912e-06
6.0376676432357855e-06
6.037667652885466e-06
6.037667644988846e-06
6.03766766601496e-06
6.0376676405932e-06
6.0376676457414554e-06
6.036175811163821e-06
6.036175811163821e-06
6.0361757712316205e-06
6.0361758089899116e-06
6.036175797634256e-06
6.036175812015089e-06
6.0361758494437655e-06
6.036175795728186e-06
6.03617580684809e-06
6.0361758179098495e-06
6.036175803479879e-06
6.036175815169571e-06
6.036175803894794e-06
6.036175820996774e-06
6.036175802770037e-06
6.036175804416667e-06
6.031774372882509e-06
6.031774372882509e-06
6.031774327128872e-06
6.031774364518843e-06
6.031774358299872e-06
6.031774375751626e-06
6.031774409071747e-06
6.031774359421334e-06
6.0317743713328466e-06
6.031774388910267e-06
6.031774365652822e-06
6.031774380494554e-06
6.031774363911016e-06
6.0317743744787735e-06
6.031774368192297e-06
6.031774364003721e-06
6.019818390937815e-06
6.019818390937815e-06
6.019818336762671e-06
6.019818372811511e-06
6.019818375037908e-06
6.019818396817889e-06
6.019818423739139e-06
6.019818380486564e-06
6.019818393511187e-06
6.019818421312892e-06
6.019818384446433e-06
6.019818403789454e-06
6.019818379382941e-06
6.019818379342178e-06
6.019818392339369e-06
6.019818378665748e-06
5.989259829359807e-06
5.989259829359807e-06
5.989259764536694e-06
5.989259796651188e-06
5.9892598123653235e-06
5.9892598393013016e-06
5.989259856870993e-06
5.989259823139662e-06
5.989259837482866e-06
5.989259880423337e-06
5.989259824026695e-06
5.989259848898954e-06
5.98925981420476e-06
5.9892597975496856e-06
5.989259840496539e-06
5.989259811940015e-06
5.919673201177057e-06
5.919673201177057e-06
5.919673127906744e-06
5.919673150324016e-06
5.919673184991484e-06
5.919673215087948e-06
5.9196732215345155e-06
5.919673199563415e-06
5.919673214691552e-06
5.919673276138077e-06
5.919673197423129e-06
5.919673226205702e-06
5.919673182185349e-06
5.919673142946476e-06
5.919673226008606e-06
5.9196731771550916e-06
5.794776705014656e-06
5.794776705014656e-06
5.794776637851833e-06
5.794776641919431e-06
5.794776694712834e-06
5.794776718937963e-06
5.794776719140042e-06
5.794776704890992e-06
5.794776718444243e-06
5.7947767915639e-06
5.794776702665541e-06
5.794776726784822e-06
5.794776685015225e-06
5.794776625839852e-06
5.794776742974792e-06
5.794776676053757e-06
5.657131169209529e-06
5.657131169209529e-06
5.657131132764538e-06
5.657131115874101e-06
5.657131170306409e-06
5.657131175088111e-06
5.657131184066225e-06
5.657131163021642e-06
5.6571311714865985e-06
5.657131232849979e-06
5.657131166763309e-06
5.657131172592916e-06
5.657131154778442e-06
5.657131097333785e-06
5.657131208423816e-06
5.65713114272618e-06
5.5924226228571255e-06
5.5924226228571255e-06
5.592422620100239e-06
5.592422594132505e-06
5.592422632908236e-06
5.5924226183324e-06
5.5924226447677155e-06
5.5924226073762186e-06
5.592422610811947e-06
5.592422645544508e-06
5.592422618908099e-06
5.5924226056868215e-06
5.592422616606526e-06
5.592422580946706e-06
5.592422650817692e-06
5.5924226044170945e-06
5.585937396931209e-06
5.585937396931209e-06
5.585937406099989e-06
5.5859373812712e-06
5.585937409042851e-06
5.585937388228945e-06
5.58593742329313e-06
5.585937377334853e-06
5.585937379161128e-06
5.585937400168045e-06
5.5859373920134274e-06
5.585937372363895e-06
5.585937394225446e-06
5.585937372501002e-06
5.585937416955571e-06
5.58593738300554e-06
5.587529246751279e-06
5.587529246751279e-06
5.58752925660067e-06
5.587529233043974e-06
5.587529258673612e-06
5.587529237673266e-06
5.587529273906538e-06
5.58752922669249e-06
5.5875292284724885e-06
5.587529247505114e-06
5.587529241657316e-06
5.587529221729124e-06
5.587529244427707e-06
5.587529225224501e-06
5.58752926522649e-06
5.587529233545756e-06
5.5878648806933905e-06
5.5878648806933905e-06
5.587864890357229e-06
5.587864867021913e-06
5.587864892523704e-06
5.58786487165308e-06
5.587864907883244e-06
5.587864860655157e-06
5.587864862467227e-06
5.587864881478774e-06
5.587864875590829e-06
5.587864855780837e-06
5.587864878350216e-06
5.587864859271934e-06
5.587864899074896e-06
5.587864867509429e-06
5.588381422798e-06
5.588381422798e-06
5.588381432120557e-06
5.588381409148451e-06
5.5883814344723275e-06
5.588381413831787e-06
5.588381450024401e-06
5.588381402809871e-06
5.588381404674257e-06
5.588381423693627e-06
5.588381417684706e-06
5.58838139809068e-06
5.588381420411996e-06
5.588381401500332e-06
5.588381441047061e-06
5.588381409637371e-06
5.589108434413928e-06
5.589108434413928e-06
5.589108443193901e-06
5.5891084208011916e-06
5.589108445845375e-06
5.589108425564594e-06
5.58910846167927e-06
5.58910841451587e-06
5.589108416449996e-06
5.589108435488442e-06
5.589108429285217e-06
5.5891084100394304e-06
5.589108431959542e-06
5.58910841331474e-06
5.589108452450347e-06
5.589108421292492e-06
5.590121458497509e-06
5.590121458497509e-06
5.590121466353483e-06
5.59012144496573e-06
5.590121469525324e-06
5.590121449843333e-06
5.590121485785025e-06
5.590121438777499e-06
5.590121440795843e-06
5.590121459871144e-06
5.590121453345492e-06
5.59012143470647e-06
5.590121455927886e-06
5.5901214377613604e-06
5.5901214761544925e-06
5.59012144545325e-06
5.591264242678059e-06
5.591264242678059e-06
5.591264248982526e-06
5.591264229329755e-06
5.59126425305276e-06
5.591264234341642e-06
5.591264269892803e-06
5.591264223318663e-06
5.591264225391771e-06
5.591264244538261e-06
5.5912642374941776e-06
5.591264219908627e-06
5.59126423991822e-06
5.591264222617317e-06
5.591264259653131e-06
5.591264229790347e-06
5.591860639561571e-06
5.591860639561571e-06
5.5918606432135195e-06
5.591860626644547e-06
5.591860648880483e-06
5.59186063174386e-06
5.59186066638033e-06
5.5918606209708874e-06
5.5918606229236685e-06
5.591860642214688e-06
5.591860634341146e-06
5.591860618642149e-06
5.591860636484684e-06
5.59186062081831e-06
5.591860655259981e-06
5.59186062700818e-06
5.5897276950144515e-06
5.5897276950144515e-06
5.589727694199398e-06
5.589727683103713e-06
5.589727702700076e-06
5.5897276880118175e-06
5.58972772051982e-06
5.589727678080591e-06
5.5897276793213535e-06
5.589727698910008e-06
5.589727689775123e-06
5.589727677456756e-06
5.589727691422994e-06
5.5897276788771795e-06
5.589727708298746e-06
5.58972768318268e-06
5.579669503742663e-06
5.579669503742663e-06
5.579669495931111e-06
5.579669494039945e-06
5.579669509196764e-06
5.579669497884721e-06
5.579669525731729e-06
5.579669490221474e-06
5.5796694891974145e-06
5.5796695093746735e-06
5.579669498570015e-06
5.57966949200603e-06
5.579669499389004e-06
5.579669492561402e-06
5.579669512649881e-06
5.57966949339922e-06
5.554222054242118e-06
5.554222054242118e-06
5.554222037835747e-06
5.554222048561619e-06
5.554222057631899e-06
5.554222049516893e-06
5.554222068887125e-06
5.5542220466079535e-06
5.554222040418849e-06
5.554222061572906e-06
5.55422204935094e-06
5.5542220508081e-06
5.5542220490427954e-06
5.5542220509612454e-06
5.55422205653706e-06
5.554222046469166e-06
5.514814881484366e-06
5.514814881484366e-06
5.514814860103135e-06
5.514814880572308e-06
5.514814884940582e-06
5.514814876905281e-06
5.514814886243523e-06
5.5148148804152595e-06
5.514814866797071e-06
5.514814888989193e-06
5.514814877127941e-06
5.514814885002013e-06
5.514814875964458e-06
5.5148148861527905e-06
5.514814877650564e-06
5.5148148765820585e-06
5.482985807971708e-06
5.482985807971708e-06
5.482985789476853e-06
5.482985809325009e-06
5.4829858139901865e-06
5.482985802257241e-06
5.4829858068471204e-06
5.482985809604488e-06
5.482985791142388e-06
5.482985813706828e-06
5.482985804071775e-06
5.482985811880971e-06
5.482985802986071e-06
5.482985814990135e-06
5.4829858029481134e-06
5.482985804255207e-06
5.472523093268006e-06
5.472523093268006e-06
5.47252307924019e-06
5.472523094260124e-06
5.472523101253118e-06
5.472523086603783e-06
5.472523091967255e-06
5.472523094078612e-06
5.472523075155127e-06
5.47252309754668e-06
5.472523089485333e-06
5.47252309438271e-06
5.47252308884158e-06
5.472523098572907e-06
5.472523090050157e-06
5.472523089195446e-06
5.471843968075821e-06
5.471843968075821e-06
5.4718439554115455e-06
5.47184396862894e-06
5.47184397649125e-06
5.471843961190344e-06
5.4718439674804665e-06
5.471843968210052e-06
5.471843949743951e-06
5.471843972018913e-06
5.471843964278898e-06
5.471843968048366e-06
5.47184396379732e-06
5.471843972402779e-06
5.47184396571922e-06
5.471843963708305e-06
5.4720145805843064e-06
5.4720145805843064e-06
5.4720145680382e-06
5.472014581061371e-06
5.472014589017305e-06
5.4720145736875905e-06
5.472014580137872e-06
5.472014580610712e-06
5.472014562253528e-06
5.4720145845108615e-06
5.472014576780406e-06
5.472014580424384e-06
5.472014576315978e-06
5.4720145847738856e-06
5.472014578338204e-06
5.472014576169714e-06
5.472112721566211e-06
5.472112721566211e-06
5.472112709065633e-06
5.472112722008008e-06
5.472112730002781e-06
5.472112714666432e-06
5.472112721190987e-06
5.4721127215433026e-06
5.472112703239167e-06
5.472112725488308e-06
5.4721127177587975e-06
5.472112721349927e-06
5.4721127173013734e-06
5.472112725694571e-06
5.472112719368333e-06
5.472112717130134e-06
5.472369784364529e-06
5.472369784364529e-06
5.472369771983306e-06
5.4723697847125825e-06
5.472369792809383e-06
5.4723697774570635e-06
5.472369784179212e-06
5.472369784210481e-06
5.4723697660485715e-06
5.472369788275138e-06
5.472369780547992e-06
5.472369783999048e-06
5.472369780108687e-06
5.472369788330395e-06
5.47236978229439e-06
5.472369779871508e-06
5.47270493982679e-06
5.47270493982679e-06
5.4727049276092385e-06
5.472704940046108e-06
5.472704948281976e-06
5.472704932908924e-06
5.472704939902695e-06
5.472704939492265e-06
5.472704921527504e-06
5.472704943721093e-06
5.472704935998366e-06
5.472704939255861e-06
5.472704935583094e-06
5.472704943569152e-06
5.472704937932145e-06
5.472704935255837e-06
5.4732340672765245e-06
5.4732340672765245e-06
5.473234055341623e-06
5.4732340672735675e-06
5.47323407574699e-06
5.473234060341033e-06
5.473234067804717e-06
5.473234066629208e-06
5.47323404900986e-06
5.473234071141076e-06
5.473234063429375e-06
5.473234066348935e-06
5.473234063053379e-06
5.4732340706317575e-06
5.473234065685484e-06
5.473234062571706e-06
5.473940046696779e-06
5.473940046696779e-06
5.473940035207248e-06
5.473940046343731e-06
5.473940055184767e-06
5.473940039734439e-06
5.473940047940561e-06
5.4739400455538195e-06
5.473940028491358e-06
5.473940050510377e-06
5.473940042824781e-06
5.473940045202449e-06
5.473940042504916e-06
5.473940049439241e-06
5.4739400455854324e-06
5.473940041782979e-06
5.474751564187517e-06
5.474751564187517e-06
5.474751553420677e-06
5.474751563266701e-06
5.474751572686649e-06
5.474751557183913e-06
5.474751566600175e-06
5.474751562232834e-06
5.474751546107301e-06
5.474751567907651e-06
5.474751560287378e-06
5.474751561760934e-06
5.47475156004341e-06
5.474751565927879e-06
5.474751563857814e-06
5.474751558939503e-06
5.475170144597843e-06
5.475170144597843e-06
5.475170134973869e-06
5.475170142780092e-06
5.47517015306961e-06
5.475170137535078e-06
5.475170148878993e-06
5.475170141340212e-06
5.47517012678295e-06
5.475170148142101e-06
5.475170140685007e-06
5.475170140664277e-06
5.47517014052162e-06
5.475170144733808e-06
5.475170145513026e-06
5.475170138834311e-06
5.473570320816506e-06
5.473570320816506e-06
5.473570312946666e-06
5.473570317624429e-06
5.473570329128971e-06
5.473570313678769e-06
5.473570328017809e-06
5.473570315508719e-06
5.473570303584355e-06
5.473570324017683e-06
5.473570316967048e-06
5.473570314484563e-06
5.473570316824387e-06
5.473570318438204e-06
5.473570323665051e-06
5.473570314295432e-06
5.4655033582239175e-06
5.4655033582239175e-06
5.465503352794845e-06
5.46550335312567e-06
5.465503366010441e-06
5.465503351022967e-06
5.465503369623949e-06
5.465503349932944e-06
5.465503342257866e-06
5.4655033607579e-06
5.465503354677622e-06
5.4655033483333425e-06
5.4655033542968085e-06
5.465503352213259e-06
5.4655033638215085e-06
5.465503350736344e-06
5.441467567361069e-06
5.441467567361069e-06
5.4414675644880375e-06
5.441467560282516e-06
5.441467573807261e-06
5.441467560200584e-06
5.441467583509865e-06
5.441467555607347e-06
5.441467553902256e-06
5.441467568703908e-06
5.441467564690095e-06
5.441467553169202e-06
5.441467563367057e-06
5.441467557198903e-06
5.4414675759903485e-06
5.441467559088538e-06
5.391405219728928e-06
5.391405219728928e-06
5.391405217412801e-06
5.3914052122625595e-06
5.391405223709991e-06
5.3914052128707766e-06
5.39140523788044e-06
5.3914052062885335e-06
5.391405210067701e-06
5.391405219456827e-06
5.391405218783951e-06
5.39140520301837e-06
5.391405215348786e-06
5.391405207705534e-06
5.391405229439371e-06
5.391405211910659e-06
5.331115505755341e-06
5.331115505755341e-06
5.331115499945292e-06
5.33111550108411e-06
5.3311155071802835e-06
5.331115499434643e-06
5.3311155193704886e-06
5.331115495165857e-06
5.3311154992325166e-06
5.331115504374409e-06
5.3311155067141705e-06
5.331115491730742e-06
5.331115500716406e-06
5.3311154974747885e-06
5.331115512170968e-06
5.3311155002727094e-06
5.301687823602369e-06
5.301687823602369e-06
5.301687813360166e-06
5.3016878224299044e-06
5.301687824122089e-06
5.301687817647722e-06
5.301687830421759e-06
5.301687817632036e-06
5.3016878175636705e-06
5.301687822272697e-06
5.3016878253249e-06
5.301687814686039e-06
5.301687818127342e-06
5.301687821098798e-06
5.301687825386045e-06
5.301687820410053e-06
5.299264587568664e-06
5.299264587568664e-06
5.299264575696299e-06
5.299264587673074e-06
5.299264588253012e-06
5.299264581681445e-06
5.2992645916668735e-06
5.299264583510739e-06
5.299264580963547e-06
5.299264586568213e-06
5.2992645892205144e-06
5.299264580893323e-06
5.299264582018316e-06
5.299264587408984e-06
5.29926458755238e-06
5.299264585075571e-06
5.300370389825308e-06
5.300370389825308e-06
5.3003703778149496e-06
5.300370390035774e-06
5.300370390625259e-06
5.300370383930071e-06
5.300370393647848e-06
5.300370385972913e-06
5.300370383020098e-06
5.300370388916156e-06
5.300370391399304e-06
5.300370383413696e-06
5.30037038428598e-06
5.300370389908817e-06
5.300370389636961e-06
5.300370387362148e-06
     fun: 5.500612952528744e-06
     jac: array([-9.97536631e-08,  2.56853241e-08,  1.50208507e-07, -3.42298563e-08,
        2.40288500e-08, -2.77772187e-08,  8.96664005e-08, -5.96025416e-08,
        3.47818798e-07, -4.34042704e-08, -1.02524496e-07, -1.62872880e-08,
        2.44671128e-09,  5.03371780e-08])
 message: 'Optimization terminated successfully.'
    nfev: 1744
     nit: 109
    njev: 109
  status: 0
 success: True
       x: array([ 0.69068823, -0.5420751 , -0.52428335,  0.14660641, -0.57360442,
        0.30783062,  0.13973247,  0.08476912, -0.40027085,  0.52495018,
        0.11838652, -0.38627846,  0.26063054, -0.23697415])

========================================================

Final result:
0.6906882274819649
-0.5420750954317497
-0.5242833542049483
0.14660641052321755
0.14660641052321755
0.14660641052321755
-0.5736044164469968
0.3078306214926021
0.13973246507522383
0.08476912370815719
-0.4002708453106573
0.5249501800096901
0.11838652266192605
0.11838652266192605
0.11838652266192605
-0.5027157059287167
-0.38627845775514474
0.26063053656680296
-0.2369741486474642
0.12087402327860199
0.12087402327860199
0.12087402327860199
