CYD_methyl_charged.filelist
22.0394079529
22.0394079529
22.0394075607
22.0394074751
22.0394078776
22.0394086344
22.039408705
22.0394083406
22.0394083128
22.0394083542
22.0394080509
22.0394087185
22.0394084186
15725.9309908
1557.49900256
262.783190606
48.07504572
14.574733613
14.574733613
14.5747332875
14.5747332828
14.5747335508
14.5747337223
14.5747337281
14.5747334876
14.574733461
14.5747332084
14.5747335792
14.5747326584
14.5747331337
5005.64549457
573.550441621
104.962146732
19.1855330605
9.86407362319
9.86407362319
9.86407365638
9.8640738475
9.86407363049
9.864073336
9.86407317029
9.8640733595
9.86407343773
9.86407311235
9.86407355608
9.86407249521
9.86407302148
696.075129931
67.4857359237
11.1137889507
9.37196843253
9.37196843253
9.3719684474
9.37196856947
9.37196843593
9.37196802863
9.37196791006
9.37196807283
9.37196806995
9.37196789268
9.37196834022
9.37196730391
9.37196779273
83.3340088445
10.5604981272
8.15456463621
8.15456463621
8.15456476244
8.15456487787
8.15456466228
8.1545641636
8.15456408106
8.15456422748
8.15456420748
8.15456405143
8.15456453052
8.15456338137
8.15456401046
143.797980017
13.8586111443
7.56276095686
7.56276095686
7.562761128
7.56276123549
7.56276099148
7.5627604648
7.56276039174
7.56276054878
7.56276054516
7.56276037319
7.56276085002
7.56275981079
7.56276017754
160.014745759
14.2379820754
6.57700073236
6.57700073236
6.57700094188
6.57700100493
6.57700077237
6.57700017047
6.57700009738
6.5770003456
6.57700039652
6.57700021158
6.57700062878
6.57699967109
6.57700011244
22.3846653936
5.20701448979
5.20701448979
5.20701467933
5.20701469118
5.20701452658
5.20701451554
5.20701450002
5.20701464641
5.20701466616
5.20701488473
5.20701452885
5.20701540911
5.20701495657
4.63924916222
4.63924916222
4.6392488711
4.639248767
4.63924910654
4.63924944337
4.63924952006
4.63924922918
4.63924917981
4.63924914668
4.63924917837
4.63924907266
4.63924915602
4.28213023693
4.28213023693
4.28213028486
4.28213040565
4.28213024665
4.2821301146
4.28213002247
4.28213014799
4.28213019872
4.28213008585
4.28213020959
4.28212991818
4.28213005917
4.14085197051
3.96210218171
3.96210218171
3.96210225872
3.96210233463
3.96210219768
3.96210207826
3.96210199817
3.96210212137
3.96210215127
3.96210211551
3.96210216437
3.96210206504
3.96210210539
4.22391563839
3.71955038661
3.71955038661
3.71955041263
3.71955043641
3.71955039233
3.71955035514
3.71955033264
3.71955036693
3.71955037236
3.71955038966
3.71955038005
3.71955041753
3.71955039447
3.74505692763
3.70408754067
3.70408754067
3.70408753455
3.70408754775
3.70408754018
3.70408755781
3.70408754042
3.70408754449
3.70408755184
3.70408755637
3.70408753893
3.70408758653
3.70408756352
3.67932455964
3.69130717925
3.69130717925
3.69130716521
3.69130718072
3.69130717722
3.69130719768
3.69130717844
3.69130717983
3.69130718809
3.69130718299
3.69130717739
3.69130719629
3.69130718833
3.69747776572
3.69404717644
3.69404717644
3.69404716046
3.69404717458
3.69404717404
3.6940471925
3.69404717465
3.69404717346
3.69404717967
3.69404717572
3.69404717361
3.69404718437
3.69404718051
3.69435476903
3.69435476903
3.69435475347
3.6943547683
3.69435476671
3.694354785
3.69435476686
3.69435476602
3.69435477285
3.69435476749
3.69435476617
3.69435477489
3.69435477205
3.69422580328
3.69422580328
3.69422578744
3.69422580202
3.69422580091
3.69422581916
3.69422580111
3.69422580025
3.69422580682
3.69422580215
3.69422580042
3.6942258102
3.69422580677
3.69426752601
     fun: 4.234989645478261
     jac: array([-0.0046913 , -0.00496101, -0.00145191, -0.00587726, -0.00581133,
       -0.00197053, -0.00359184,  0.00254601, -0.00131172,  0.00821245,
        0.00036693])
 message: 'Optimization terminated successfully.'
    nfev: 245
     nit: 17
    njev: 17
  status: 0
 success: True
       x: array([ 0.83445825, -0.61830412, -0.52959013, -0.78468506,  0.39926537,
        0.07560855,  0.08417068, -0.22467763,  0.63164923,  0.07495037,
       -0.92724143])

========================================================

Final result:
0.834458254646
-0.618304120569
-0.529590129769
0.104478665231
0.104478665231
0.104478665231
-0.784685063743
0.399265367614
0.0756085509225
0.0841706805205
-0.224677634259
0.631649232693
0.0749503670886
0.0749503670886
-0.92724143232
-0.701995217802
-0.701995217802
