15.5463919992
15.5463919992
15.5463910698
15.5463906928
15.5463918113
15.5463941474
15.5463944788
15.5463936884
15.5463935401
15.5463940324
15.5463930882
15.5463983471
15.5463932229
15.5463924812
406780.227922
40667.8097957
4924.47752992
947.151685928
190.916507522
36.1874495175
11.0010473963
11.0010473963
11.0010463138
11.0010460718
11.0010471705
11.0010470692
11.0010472012
11.0010467061
11.0010465481
11.0010464213
11.001047025
11.0010442603
11.0010472953
11.0010471317
27226.955406
3102.39929512
551.730641635
101.949865975
18.3840743942
8.5764553123
8.5764553123
8.57645508343
8.57645540887
8.57645524834
8.57645374687
8.57645340027
8.57645402172
8.57645422504
8.5764538083
8.57645449939
8.57645065606
8.57645462758
8.57645493528
4548.74063353
452.518532906
51.2728816703
9.43539638792
8.1411329939
8.1411329939
8.1411329689
8.14113339516
8.14113297711
8.14113157551
8.14113125059
8.14113172286
8.14113198174
8.14113126786
8.14113220329
8.14112749145
8.14113234168
8.14113263606
3651.02617427
363.261650597
35.5560933702
8.27551671868
7.85513863143
7.85513863143
7.85513866761
7.8551390131
7.85513863115
7.85513700264
7.85513679497
7.8551371155
7.85513719967
7.85513680061
7.85513765008
7.8551329224
7.855137766
7.8551381694
304.319674273
29.1833253032
7.75691222714
7.46181488691
7.46181488691
7.46181505397
7.46181526999
7.46181491297
7.46181304951
7.46181285259
7.4618132597
7.46181335634
7.46181290652
7.46181388785
7.46180868853
7.46181399105
7.46181446417
433.902052699
43.2584286819
8.19638917576
7.4131989393
7.4131989393
7.41319909858
7.41319931523
7.41319896371
7.41319711848
7.41319689561
7.41319731891
7.41319746759
7.41319695012
7.41319788229
7.41319269938
7.41319789377
7.41319852076
350.526252339
34.2978688533
7.48303107285
7.22007634323
7.22007634323
7.22007655536
7.22007674986
7.22007637975
7.22007449271
7.22007423354
7.22007469278
7.22007482626
7.22007432365
7.22007527894
7.22007000853
7.22007537484
7.22007580913
119.790968418
12.1893773016
6.90341608923
6.90341608923
6.90341631337
6.90341657194
6.90341613023
6.90341428999
6.90341394962
6.90341447391
6.90341454198
6.90341409704
6.90341509624
6.90340984807
6.90341508583
6.90341562884
77.2441985003
8.62620157387
6.51645616118
6.51645616118
6.51645641829
6.51645669443
6.51645620516
6.51645438996
6.51645417036
6.51645464344
6.51645474348
6.5164543032
6.51645523882
6.5164503276
6.51645520061
6.51645570822
20.2312110447
5.18812275966
5.18812275966
5.18812319101
5.18812326292
5.18812284844
5.18812308122
5.18812305376
5.18812319736
5.18812323056
5.18812334495
5.18812299307
5.18812458948
5.18812289539
5.18812292377
8.01384331286
5.04080293401
5.04080293401
5.04080321026
5.0408032002
5.04080299389
5.0408035631
5.04080360246
5.04080357283
5.04080359501
5.04080375866
5.04080332429
5.04080555965
5.04080323636
5.04080315146
5.75981554393
4.76839429477
4.76839429477
4.76839422313
4.76839414511
4.76839427979
4.76839462987
4.76839469989
4.76839454334
4.76839451492
4.76839460578
4.76839446036
4.76839524763
4.76839446578
4.76839436999
4.9440784422
4.69791588378
4.69791588378
4.69791579956
4.69791575464
4.69791586589
4.69791600405
4.69791604042
4.69791594624
4.6979159307
4.69791595852
4.69791593107
4.69791611235
4.69791594953
4.69791590241
4.72762671296
4.69746981385
4.69746981385
4.69746979996
4.69746980411
4.69746980903
4.69746982175
4.69746981787
4.69746981188
4.69746982533
4.69746982306
4.69746981602
4.69746984285
4.69746982369
4.69746981951
4.68990861025
4.69342551348
4.69342551348
4.69342550594
4.69342550958
4.69342551072
4.693425517
4.69342551424
4.69342550641
4.69342551777
4.69342551493
4.69342551224
4.69342551609
4.69342551868
4.6934255177
4.68789178462
4.69159697702
4.69159697702
4.69159697275
4.69159697545
4.69159697455
4.69159697951
4.69159697767
4.69159696831
4.6915969782
4.69159697544
4.6915969746
4.69159696939
4.69159698039
4.69159698073
4.69070587116
4.69070587116
4.69070586698
4.69070587039
4.69070586864
4.69070587666
4.69070587391
4.69070586749
4.69070587825
4.69070587713
4.69070587155
4.69070588782
4.690705877
4.69070587638
4.6910331756
4.6910331756
4.69103317152
4.69103317477
4.69103317313
4.69103318072
4.69103317838
4.69103317068
4.69103318118
4.69103317939
4.6910331753
4.69103318512
4.69103318092
4.69103318048
     fun: 4.821358892074206
     jac: array([ 0.00230992,  0.00562477,  0.00057518,  0.01368368,  0.01548994,
        0.00984865,  0.01148432,  0.00698775,  0.00553387,  0.01890486,
        0.00713634,  0.00354952])
 message: 'Optimization terminated successfully.'
    nfev: 305
     nit: 19
    njev: 19
  status: 0
 success: True
       x: array([ 0.52254038, -0.48731855, -0.44813134, -0.44522543,  0.27582584,
        0.21139225,  0.08282478, -0.47745409,  0.60471462,  0.1409764 ,
       -0.52327484, -0.58156611])

========================================================

Final result:
0.522540384842
-0.487318550644
-0.448131335963
0.137636500588
0.137636500588
0.137636500588
-0.445225429541
0.27582584325
0.211392245571
0.0828247784936
-0.477454090543
0.604714623846
0.140976404854
0.140976404854
0.140976404854
-0.523274836693
-0.581566114711
0.429833765765
