0.00023756837889376582
0.00023756837889376582
0.00023756836583311344
0.00023756836078809608
0.00023756837626948713
0.00023756839632007332
0.00023756840231121935
0.0002375683892380498
0.00023756843201123818
0.00023756839971471048
0.00023756839144257176
0.00023756838899936016
0.0002375683810103091
0.00023756842459343738
0.00023756840002914757
0.00020570046408961883
0.00020570046408961883
0.00020570045167074582
0.00020570044721925776
0.00020570046158928894
0.0002057004796989605
0.0002057004848885899
0.00020570047314945637
0.0002057005114840657
0.0002057004821830106
0.0002057004747810378
0.00020570047298787
0.00020570046590761046
0.00020570050372768878
0.0002057004817408602
0.00011210520024654874
0.00011210520024654874
0.00011210519069486411
0.00011210518886895797
0.00011210519830022007
0.00011210520784239988
0.00011210520949774649
0.00011210520366862278
0.00011210522237058193
0.00011210520635695703
0.00011210520280215952
0.00011210520385882427
0.00011210520075611673
0.00011210521326630876
0.00011210520266763566
9.137548794028546e-05
9.137548794028546e-05
9.137548049985522e-05
9.137548056412014e-05
9.137548640231864e-05
9.137548980771671e-05
9.1375488937827e-05
9.13754873775809e-05
9.137549195019888e-05
9.137548556263373e-05
9.13754847736592e-05
9.137548783884767e-05
9.137548752841607e-05
9.137548212565506e-05
9.137547970197303e-05
9.020980859333856e-05
9.020980859333856e-05
9.020980128509298e-05
9.020980142548341e-05
9.020980708135704e-05
9.020981027066056e-05
9.020980931826765e-05
9.020980794389526e-05
9.020981195243406e-05
9.020980601229539e-05
9.020980533076093e-05
9.0209808433774e-05
9.020980816482371e-05
9.0209802348192e-05
9.020980022986838e-05
8.428724283149146e-05
8.428724283149146e-05
8.428723594224941e-05
8.428723622701233e-05
8.428724140286097e-05
8.428724429346641e-05
8.428724325354653e-05
8.428724228006401e-05
8.428724523982774e-05
8.428724035835946e-05
8.428723986563248e-05
8.428724288677675e-05
8.428724244424665e-05
8.428723693925306e-05
8.428723531243692e-05
6.476337716296269e-05
6.476337716296269e-05
6.476337202738861e-05
6.476337283188425e-05
6.476337608414935e-05
6.476337806267047e-05
6.4763376810165e-05
6.476337734340418e-05
6.476337657439717e-05
6.476337579481278e-05
6.476337595579348e-05
6.476337845896464e-05
6.476337702939295e-05
6.47633742379261e-05
6.476337424120232e-05
5.7225199403180066e-05
5.7225199403180066e-05
5.722519616349537e-05
5.722519750944365e-05
5.722519870301511e-05
5.722519977980588e-05
5.7225198338875585e-05
5.72252004452073e-05
5.722519583825541e-05
5.722519938155119e-05
5.7225200207554184e-05
5.722520210957816e-05
5.722519956125842e-05
5.7225200030787116e-05
5.722520166902113e-05
5.702745538002107e-05
5.702745538002107e-05
5.70274521723309e-05
5.7027453525189945e-05
5.702745468652481e-05
5.7027455759855116e-05
5.7027454324499654e-05
5.702745643680528e-05
5.7027451819710404e-05
5.702745539157876e-05
5.702745621555434e-05
5.702745810415502e-05
5.7027455542733995e-05
5.702745608952995e-05
5.702745771738186e-05
5.600940258142187e-05
5.600940258142187e-05
5.6009399432389506e-05
5.6009400800145946e-05
5.600940190100202e-05
5.600940296870355e-05
5.600940155574347e-05
5.6009403628029124e-05
5.600939910331811e-05
5.6009402612913154e-05
5.600940340351713e-05
5.600940527670041e-05
5.6009402742083564e-05
5.600940334110735e-05
5.600940486926168e-05
5.133463660324297e-05
5.133463660324297e-05
5.1334633721932834e-05
5.13346351646081e-05
5.133463598287646e-05
5.133463700096967e-05
5.133463568579144e-05
5.1334637561178385e-05
5.133463346862044e-05
5.1334636658170424e-05
5.133463729116378e-05
5.1334639110372155e-05
5.133463674332855e-05
5.133463743421801e-05
5.1334638497435025e-05
3.676653074470835e-05
3.676653074470835e-05
3.6766529058999464e-05
3.6766530839903345e-05
3.6766530392518425e-05
3.676653116875822e-05
3.676653028327239e-05
3.6766531286072374e-05
3.676652909242958e-05
3.676653086569398e-05
3.6766530802690654e-05
3.6766532386925635e-05
3.676653078777604e-05
3.676653180452418e-05
3.6766530818784476e-05
3.2496625450125294e-05
3.2496625450125294e-05
3.249662484046296e-05
3.24966269245946e-05
3.249662533930059e-05
3.249662589108806e-05
3.249662539260688e-05
3.249662561060817e-05
3.24966251209056e-05
3.249662562186684e-05
3.249662493678423e-05
3.24966263038997e-05
3.2496625404559346e-05
3.249662669376923e-05
3.24966238818037e-05
3.246064049638759e-05
3.246064049638759e-05
3.246063989037143e-05
3.246064197340541e-05
3.246064038641022e-05
3.2460640934576155e-05
3.246064043965309e-05
3.246064065275718e-05
3.2460640173106126e-05
3.2460640666522056e-05
3.246063998161597e-05
3.246064134046915e-05
3.24606404499767e-05
3.24606417341948e-05
3.246063892770683e-05
3.2281453791186775e-05
3.2281453791186775e-05
3.228145318033477e-05
3.2281455250715196e-05
3.2281453680292286e-05
3.228145421725224e-05
3.228145373314271e-05
3.2281453936600844e-05
3.228145347689009e-05
3.228145395583001e-05
3.22814532839664e-05
3.2281454604700724e-05
3.228145374280821e-05
3.228145500389817e-05
3.228145226071844e-05
3.1454524989718975e-05
3.1454524989718975e-05
3.145452435296161e-05
3.145452636038024e-05
3.145452487384677e-05
3.145452535790429e-05
3.1454524926669515e-05
3.145452508334628e-05
3.145452472161465e-05
3.145452512969114e-05
3.1454524522170334e-05
3.1454525656178186e-05
3.145452493214477e-05
3.145452608431962e-05
3.145452365252073e-05
2.8783146868511312e-05
2.8783146868511312e-05
2.8783146114956606e-05
2.8783147838334225e-05
2.878314673019783e-05
2.8783146977071083e-05
2.8783146784158737e-05
2.8783146729878748e-05
2.8783146811113985e-05
2.8783146898507544e-05
2.8783146580793705e-05
2.8783146873929216e-05
2.878314676975853e-05
2.8783147433284574e-05
2.878314640415942e-05
2.7833978520485762e-05
2.7833978520485762e-05
2.7833977646341886e-05
2.783397907486958e-05
2.7833978359015075e-05
2.7833978360587155e-05
2.7833978414554904e-05
2.783397814184595e-05
2.7833978682733687e-05
2.7833978436459626e-05
2.7833978419697644e-05
2.783397784191526e-05
2.783397837923581e-05
2.7833978535152304e-05
2.783397896209712e-05
2.782487215796287e-05
2.782487215796287e-05
2.782487128385695e-05
2.7824872710800127e-05
2.7824871996512364e-05
2.7824871997457683e-05
2.782487205221341e-05
2.782487177895741e-05
2.7824872321847003e-05
2.782487207318518e-05
2.7824872058281358e-05
2.782487147768297e-05
2.7824872016695648e-05
2.7824872168886066e-05
2.7824872604141454e-05
2.7778929369780187e-05
2.7778929369780187e-05
2.7778928498792203e-05
2.77789299247916e-05
2.7778929208994015e-05
2.7778929212548327e-05
2.7778929265338677e-05
2.7778928994611514e-05
2.7778929536412584e-05
2.7778929283786346e-05
2.7778929271125836e-05
2.777892869717896e-05
2.7778929229427773e-05
2.777892937460494e-05
2.7778929817189956e-05
2.7553122176758208e-05
2.7553122176758208e-05
2.7553121321547283e-05
2.75531227434946e-05
2.7553122019328044e-05
2.7553122036297438e-05
2.7553122078766873e-05
2.7553121821114183e-05
2.755312235633665e-05
2.755312208490355e-05
2.7553122082712e-05
2.7553121543746983e-05
2.755312204102116e-05
2.7553122152391228e-05
2.755312262809473e-05
2.6517694748728447e-05
2.6517694748728447e-05
2.6517693970582395e-05
2.651769537258361e-05
2.6517694607693e-05
2.651769468999837e-05
2.651769468212778e-05
2.6517694488282438e-05
2.6517694991216273e-05
2.6517694628301006e-05
2.6517694677062128e-05
2.651769430887585e-05
2.6517694635457672e-05
2.6517694582152774e-05
2.6517695218858167e-05
2.3293668939511902e-05
2.3293668939511902e-05
2.3293668505240387e-05
2.329366981708213e-05
2.3293668871644986e-05
2.3293669244569974e-05
2.3293669012653733e-05
2.3293669103055292e-05
2.3293669461886624e-05
2.329366869190888e-05
2.3293668967463972e-05
2.3293669360254533e-05
2.329366892612915e-05
2.32936681399121e-05
2.3293669492849426e-05
2.2332437737220216e-05
2.2332437737220216e-05
2.2332437608576328e-05
2.2332438838082113e-05
2.233243773440842e-05
2.233243836393371e-05
2.2332437933993687e-05
2.233243827612401e-05
2.2332438506912523e-05
2.2332437377226764e-05
2.2332437853295273e-05
2.2332438920412174e-05
2.2332437811945808e-05
2.233243637794511e-05
2.2332438363385822e-05
2.2302764146802347e-05
2.2302764146802347e-05
2.2302764023179173e-05
2.2302765249097987e-05
2.2302764145084222e-05
2.2302764777111466e-05
2.2302764345036466e-05
2.2302764690385345e-05
2.230276491911074e-05
2.2302763785616114e-05
2.2302764263908335e-05
2.230276534006451e-05
2.2302764222297753e-05
2.230276278132303e-05
2.230276477303276e-05
2.2149654417019273e-05
2.2149654417019273e-05
2.2149654296093143e-05
2.2149655509454925e-05
2.21496544160076e-05
2.214965504123094e-05
2.21496546133278e-05
2.214965495604368e-05
2.2149655183856303e-05
2.2149654058303805e-05
2.214965453269884e-05
2.214965560401413e-05
2.2149654489705366e-05
2.214965306243585e-05
2.2149655037905455e-05
2.1412981109809745e-05
2.1412981109809745e-05
2.1412980995398786e-05
2.1412982148380424e-05
2.141298111084105e-05
2.1412981696603685e-05
2.1412981293808656e-05
2.1412981617834896e-05
2.1412981843995095e-05
2.1412980765858976e-05
2.1412981216447866e-05
2.141298224866049e-05
2.141298116660135e-05
2.1412979821766865e-05
2.1412981702584107e-05
1.840018780722181e-05
1.840018780722181e-05
1.8400187721826426e-05
1.8400188588011835e-05
1.8400187817553055e-05
1.8400188213884155e-05
1.8400187931843637e-05
1.8400188165292802e-05
1.8400188384414408e-05
1.8400187534265386e-05
1.8400187870263546e-05
1.8400188711997302e-05
1.8400187787807497e-05
1.8400186839469918e-05
1.840018826574886e-05
1.4233820208851605e-05
1.4233820208851605e-05
1.4233820214319443e-05
1.4233820177804153e-05
1.4233820248362266e-05
1.4233820048043686e-05
1.4233820146378134e-05
1.4233820094297583e-05
1.4233820291419331e-05
1.423382015956347e-05
1.4233820134520622e-05
1.4233820375521289e-05
1.4233819949422986e-05
1.4233820250244604e-05
1.4233820244657793e-05
1.4233090861179878e-05
1.4233090861179878e-05
1.423309086663002e-05
1.4233090830042927e-05
1.4233090900692595e-05
1.4233090700377473e-05
1.4233090798694563e-05
1.4233090746566361e-05
1.4233090943653511e-05
1.4233090811924104e-05
1.4233090786834496e-05
1.423309102766932e-05
1.4233090601740771e-05
1.4233090902708078e-05
1.4233090896943007e-05
1.4229483098750374e-05
1.4229483098750374e-05
1.4229483104203006e-05
1.4229483067619548e-05
1.4229483138288405e-05
1.4229482938363366e-05
1.4229483036340985e-05
1.422948298420843e-05
1.4229483181076898e-05
1.4229483049509267e-05
1.4229483024431073e-05
1.4229483264990571e-05
1.4229482839402377e-05
1.4229483140268927e-05
1.4229483134515307e-05
1.4211510669086731e-05
1.4211510669086731e-05
1.4211510674589743e-05
1.421151063801516e-05
1.4211510708759203e-05
1.4211510510814893e-05
1.4211510607072032e-05
1.4211510554949602e-05
1.4211510750709648e-05
1.4211510619904525e-05
1.4211510594908759e-05
1.4211510834178258e-05
1.4211510410205099e-05
1.421151071048603e-05
1.4211510704869919e-05
1.4123430769136894e-05
1.4123430769136894e-05
1.4123430774902006e-05
1.4123430738368562e-05
1.4123430809480534e-05
1.4123430621396907e-05
1.4123430709089725e-05
1.4123430657027026e-05
1.412343084726918e-05
1.4123430720243484e-05
1.4123430695665132e-05
1.4123430928542948e-05
1.4123430512578508e-05
1.4123430809922485e-05
1.4123430805013403e-05
1.3725838112147403e-05
1.3725838112147403e-05
1.3725838119191929e-05
1.3725838082858708e-05
1.3725838155761648e-05
1.372583801572584e-05
1.3725838061688195e-05
1.3725838009919778e-05
1.3725838173274483e-05
1.372583806465991e-05
1.3725838042117679e-05
1.3725838243858926e-05
1.3725837866912136e-05
1.3725838149936526e-05
1.3725838148479083e-05
1.2604857753662645e-05
1.2604857753662645e-05
1.260485776629234e-05
1.260485773083549e-05
1.2604857811555146e-05
1.260485788129415e-05
1.260485774506454e-05
1.2604857694585114e-05
1.260485774054589e-05
1.2604857712312997e-05
1.260485769866225e-05
1.2604857764460309e-05
1.2604857557875909e-05
1.2604857778366476e-05
1.2604857791980265e-05
1.2412999494276041e-05
1.2412999494276041e-05
1.2412999510136936e-05
1.241299947519145e-05
1.2412999560432399e-05
1.2412999751606886e-05
1.2412999509911307e-05
1.2412999460183529e-05
1.2412999438179483e-05
1.2412999456479747e-05
1.241299944797817e-05
1.2412999435073649e-05
1.241299932713368e-05
1.2412999511403572e-05
1.2412999533741168e-05
1.2412444841761562e-05
1.2412444841761562e-05
1.2412444857624547e-05
1.2412444822683881e-05
1.2412444907927378e-05
1.2412445099265503e-05
1.241244485743003e-05
1.241244480770867e-05
1.2412444785605842e-05
1.2412444803970294e-05
1.2412444795477621e-05
1.2412444782459679e-05
1.2412444674677144e-05
1.2412444858877462e-05
1.2412444881225977e-05
1.2409833810631235e-05
1.2409833810631235e-05
1.2409833826480677e-05
1.2409833791560336e-05
1.2409833876782863e-05
1.2409834068035693e-05
1.2409833826285529e-05
1.2409833776590817e-05
1.2409833754499507e-05
1.240983377283873e-05
1.2409833764352323e-05
1.2409833751352624e-05
1.2409833643624044e-05
1.2409833827745592e-05
1.2409833850083736e-05
1.239680440515106e-05
1.239680440515106e-05
1.239680442093176e-05
1.2396804386113065e-05
1.2396804471229879e-05
1.2396804662029341e-05
1.2396804420728958e-05
1.239680437116724e-05
1.2396804349148635e-05
1.239680436735144e-05
1.2396804358895218e-05
1.2396804346004086e-05
1.2396804238523413e-05
1.2396804422259093e-05
1.2396804444543434e-05
1.2332167378689845e-05
1.2332167378689845e-05
1.233216739412757e-05
1.2332167359816044e-05
1.2332167444405338e-05
1.2332167632941934e-05
1.233216739388649e-05
1.2332167344988342e-05
1.2332167323332923e-05
1.2332167340854747e-05
1.2332167332549098e-05
1.2332167320200236e-05
1.233216721395582e-05
1.23321673957664e-05
1.2332167417782254e-05
1.2021522540330493e-05
1.2021522540330493e-05
1.2021522554071383e-05
1.2021522522269036e-05
1.2021522604248146e-05
1.202152278158748e-05
1.202152255364056e-05
1.2021522508025864e-05
1.2021522488167563e-05
1.2021522502319859e-05
1.2021522494759256e-05
1.202152248509347e-05
1.202152238496638e-05
1.2021522557251296e-05
1.2021522577938595e-05
1.0756892457773346e-05
1.0756892457773346e-05
1.0756892463469749e-05
1.075689244356347e-05
1.0756892513167339e-05
1.075689263741933e-05
1.0756892462139053e-05
1.0756892432091571e-05
1.0756892420753364e-05
1.0756892418930602e-05
1.075689241490239e-05
1.0756892417957361e-05
1.0756892346832863e-05
1.0756892473955446e-05
1.0756892488344095e-05
9.037595372119911e-06
9.037595372119911e-06
9.037595354785899e-06
9.03759536893648e-06
9.037595403111785e-06
9.037595375384556e-06
9.037595350879794e-06
9.037595365398334e-06
9.037595378451401e-06
9.037595330895612e-06
9.037595336979953e-06
9.037595376451624e-06
9.037595388355905e-06
9.037595386186804e-06
9.037595382543824e-06
9.037570284250267e-06
9.037570284250267e-06
9.037570266916076e-06
9.037570281067058e-06
9.037570315241708e-06
9.037570287513543e-06
9.037570263010235e-06
9.037570277528898e-06
9.03757029058197e-06
9.037570243026634e-06
9.037570249110924e-06
9.037570288582215e-06
9.037570300486548e-06
9.03757029831696e-06
9.037570294673861e-06
9.037455710532884e-06
9.037455710532884e-06
9.037455693198433e-06
9.037455707350241e-06
9.03745574152296e-06
9.03745571379588e-06
9.037455689294262e-06
9.037455703812044e-06
9.03745571686405e-06
9.037455669312634e-06
9.037455675396372e-06
9.037455714864497e-06
9.037455726766252e-06
9.0374557245984e-06
9.037455720955662e-06
9.036883663330522e-06
9.036883663330522e-06
9.036883645994922e-06
9.036883660150845e-06
9.036883694313834e-06
9.036883666591912e-06
9.036883642098877e-06
9.036883656612148e-06
9.036883669659081e-06
9.036883622127202e-06
9.036883628208082e-06
9.036883667660588e-06
9.036883679548987e-06
9.036883677390356e-06
9.036883673749229e-06
9.0340271716947e-06
9.0340271716947e-06
9.03402715435342e-06
9.0340271685298e-06
9.034027202644199e-06
9.034027174948498e-06
9.034027150498128e-06
9.034027164989039e-06
9.034027178010365e-06
9.034027130576094e-06
9.034027136642773e-06
9.034027176017201e-06
9.034027187839081e-06
9.034027185726233e-06
9.034027182093123e-06
9.01985964147282e-06
9.01985964147282e-06
9.01985962410353e-06
9.01985963838203e-06
9.019859672253754e-06
9.019859644688598e-06
9.019859620451152e-06
9.019859634830455e-06
9.01985964772418e-06
9.01985960077676e-06
9.019859606772591e-06
9.019859645757566e-06
9.019859657247514e-06
9.019859655363058e-06
9.019859651770022e-06
8.951836341076534e-06
8.951836341076534e-06
8.951836323568813e-06
8.951836338351791e-06
8.951836371024436e-06
8.951836344104382e-06
8.951836320919157e-06
8.951836334746817e-06
8.951836347010021e-06
8.95183630246855e-06
8.951836308114272e-06
8.951836345174564e-06
8.951836355024166e-06
8.951836354268503e-06
8.951836350873647e-06
8.675992126956074e-06
8.675992126956074e-06
8.67599210879605e-06
8.675992125954771e-06
8.675992152981434e-06
8.675992129098991e-06
8.675992110868172e-06
8.675992122098533e-06
8.675992131392662e-06
8.675992098179895e-06
8.675992102177133e-06
8.675992130175064e-06
8.675992132300994e-06
8.675992136860171e-06
8.67599213439848e-06
8.311179689925395e-06
8.311179689925395e-06
8.311179670179663e-06
8.311179693114708e-06
8.311179706413313e-06
8.311179689916831e-06
8.311179683732271e-06
8.311179688647405e-06
8.311179690722517e-06
8.311179685054681e-06
8.311179685043683e-06
8.311179691007043e-06
8.311179674353492e-06
8.311179691835393e-06
8.311179691642602e-06
8.311177593463106e-06
8.311177593463106e-06
8.311177573717362e-06
8.31117759665237e-06
8.311177609950864e-06
8.311177593454549e-06
8.31117758727001e-06
8.311177592185068e-06
8.311177594260228e-06
8.311177588592439e-06
8.311177588581392e-06
8.311177594544773e-06
8.311177577891137e-06
8.311177595373104e-06
8.311177595180297e-06
8.31116954536378e-06
8.31116954536378e-06
8.311169525618428e-06
8.311169548553192e-06
8.31116956185108e-06
8.311169545355346e-06
8.311169539170674e-06
8.311169544085487e-06
8.311169546160927e-06
8.311169540492902e-06
8.311169540481713e-06
8.311169546445514e-06
8.311169529791976e-06
8.311169547273816e-06
8.31116954708108e-06
8.311128238445472e-06
8.311128238445472e-06
8.311128218701243e-06
8.311128241634933e-06
8.311128254930226e-06
8.31112823843762e-06
8.311128232252313e-06
8.311128237165992e-06
8.311128239242605e-06
8.311128233573763e-06
8.31112823356179e-06
8.311128239527642e-06
8.311128222874371e-06
8.311128240355837e-06
8.311128240163303e-06
8.310922027273679e-06
8.310922027273679e-06
8.31092200753487e-06
8.310922030463093e-06
8.310922043745608e-06
8.31092202726889e-06
8.310922021080355e-06
8.310922025988242e-06
8.310922028070959e-06
8.310922022397795e-06
8.310922022381936e-06
8.310922028357977e-06
8.310922011706053e-06
8.310922029185593e-06
8.310922028994189e-06
8.309895801470369e-06
8.309895801470369e-06
8.309895781759466e-06
8.309895804660149e-06
8.309895817878596e-06
8.309895801480865e-06
8.309895795276188e-06
8.309895800155165e-06
8.309895802268397e-06
8.309895796573556e-06
8.309895796538282e-06
8.309895802565194e-06
8.309895785920224e-06
8.309895803390189e-06
8.309895803204348e-06
8.3048648605138e-06
8.3048648605138e-06
8.304864840941427e-06
8.304864863705245e-06
8.304864876605453e-06
8.304864860600268e-06
8.304864854315422e-06
8.304864859050858e-06
8.304864861315517e-06
8.304864855513169e-06
8.30486485538148e-06
8.304864861661083e-06
8.304864845050518e-06
8.304864862472871e-06
8.30486486231468e-06
8.282127072304747e-06
8.282127072304747e-06
8.282127053402002e-06
8.282127075503938e-06
8.282127086864373e-06
8.282127072758838e-06
8.282127066086075e-06
8.282127070126986e-06
8.282127073124351e-06
8.282127066801752e-06
8.282127066203545e-06
8.282127073705968e-06
8.282127057261752e-06
8.282127074453617e-06
8.28212707442938e-06
8.215755480119097e-06
8.215755480119097e-06
8.215755464025066e-06
8.215755483351024e-06
8.215755488253911e-06
8.21575548211492e-06
8.215755473815293e-06
8.215755474943412e-06
8.215755481013757e-06
8.215755472509275e-06
8.215755469954525e-06
8.215755482585086e-06
8.215755466838635e-06
8.215755483064176e-06
8.215755483601339e-06
8.206781212588999e-06
8.206781212588999e-06
8.20678119716994e-06
8.206781215828829e-06
8.206781219179801e-06
8.206781214955324e-06
8.206781206264736e-06
8.206781206692874e-06
8.206781213501734e-06
8.206781204472853e-06
8.206781201447946e-06
8.206781215310887e-06
8.206781199732124e-06
8.20678121572538e-06
8.206781216397533e-06
     fun: 8.964861055259128e-06
     jac: array([ 6.04700290e-10, -3.22404503e-09,  6.30097929e-09, -4.32828529e-09,
        6.44513420e-09,  1.35840992e-08, -6.88555701e-09,  7.50652589e-08,
       -8.79632580e-08,  1.73497483e-09,  6.49788490e-09, -1.79912831e-08,
        2.11784936e-08])
 message: 'Optimization terminated successfully.'
    nfev: 900
     nit: 60
    njev: 60
  status: 0
 success: True
       x: array([ 0.89300055, -0.65022219, -0.73570967, -0.33130457, -0.02316003,
        0.03923351,  0.0430158 , -0.03672435, -0.01572961, -0.02419359,
        0.84269437,  0.00244274,  0.01548331])

========================================================

Final result:
0.893000554954372
-0.6502221945427517
-0.7357096722677278
0.16431043728536912
0.16431043728536912
0.16431043728536912
-0.33130456612075065
-0.023160027516153165
0.039233514466863774
0.04301579607506603
0.04301579607506603
-0.036724347280986204
-0.015729611719450063
-0.02419359125952805
0.8426943681439968
0.0024427350054471667
0.0024427350054471667
0.015483309587660874
0.015483309587660874
-0.7863497100251702
-0.7863497100251702
