ASP_methyl_methyl.filelist
10.7899712033
10.7899712033
10.7899708509
10.7899707887
10.789971136
10.7899719234
10.7899719747
10.789971649
10.7899716256
10.7899714787
10.7899715604
10.7899717793
10.789971269
10.7899714843
10.7899712677
10.7899713118
10.7899712159
14960.4532472
1488.97630802
250.972448693
47.3999307445
9.66552556832
9.66552556832
9.66552542007
9.66552536939
9.66552553931
9.66552510163
9.66552512971
9.66552504224
9.66552506392
9.66552514434
9.66552485301
9.66552458102
9.66552545546
9.66552467977
9.66552569888
9.66552581477
9.66552559467
3622.47297969
396.841977573
65.0972544087
11.9901459673
7.89473157867
7.89473157867
7.89473168401
7.89473176231
7.89473159876
7.89473091096
7.89473082835
7.89473103303
7.8947311049
7.89473114833
7.89473096354
7.89473058761
7.89473146277
7.89473085145
7.89473156841
7.89473162073
7.89473157538
420.78082156
41.0852604213
8.20470959664
7.66354174752
7.66354174752
7.66354185978
7.66354190453
7.66354176878
7.6635410112
7.66354095565
7.66354115057
7.66354118338
7.66354134581
7.66354107028
7.66354088623
7.66354163955
7.66354097795
7.66354176039
7.66354180386
7.66354174927
278.565119654
26.7856820107
7.50281044758
7.30838762657
7.30838762657
7.3083877309
7.30838774901
7.3083876461
7.3083868602
7.30838683226
7.3083869994
7.30838699495
7.30838718065
7.30838698383
7.3083866449
7.30838750689
7.30838695604
7.30838761022
7.30838761756
7.30838762292
446.833426249
43.8861773991
7.73240425009
7.14684356143
7.14684356143
7.14684370852
7.14684375529
7.14684358937
7.14684279037
7.14684274819
7.14684294457
7.14684297427
7.14684311946
7.14684290094
7.14684258541
7.14684344279
7.14684286119
7.14684361139
7.14684364247
7.14684357215
33.8730064179
6.74216998279
6.29787330866
6.29787330866
6.29787352347
6.29787353609
6.2978733505
6.29787258083
6.29787258867
6.29787273039
6.29787274398
6.29787290248
6.297872702
6.29787242079
6.29787319859
6.29787265941
6.29787330953
6.29787333468
6.29787330867
69.6419260699
8.95710928144
5.25511473153
5.25511473153
5.25511495049
5.25511492165
5.25511477235
5.25511408543
5.25511408875
5.25511429612
5.25511435648
5.25511443242
5.2551143114
5.25511408257
5.25511465033
5.2551143038
5.25511470876
5.25511472713
5.25511472684
41.9368063568
6.93174080271
3.43011414253
3.43011414253
3.43011435851
3.4301143857
3.43011418421
3.43011406803
3.43011404693
3.4301142158
3.4301142394
3.43011423052
3.43011433575
3.43011438253
3.43011416147
3.43011445339
3.43011405235
3.43011397601
3.43011412383
12.6141781267
3.42829956991
3.30041060201
3.30041060201
3.30041078025
3.30041080306
3.30041063635
3.30041058796
3.30041057054
3.30041071143
3.30041071157
3.30041071073
3.30041085082
3.30041088447
3.30041062589
3.30041091601
3.30041050267
3.30041047572
3.30041058219
13.6119878521
3.2874850001
2.8138503508
2.8138503508
2.81385030828
2.81385029248
2.813850343
2.81385056432
2.81385058453
2.81385052487
2.81385051573
2.81385047843
2.81385055038
2.81385065217
2.81385037637
2.81385056679
2.81385034975
2.81385033814
2.81385035065
3.10041608076
2.70451459622
2.70451459622
2.7045145592
2.7045145626
2.70451458965
2.7045147039
2.70451470095
2.70451467155
2.70451466832
2.7045146473
2.70451467608
2.70451471999
2.70451460343
2.70451467825
2.70451459458
2.70451459818
2.70451459557
3.03360212929
2.70198089286
2.70198089286
2.70198087923
2.70198089494
2.70198089077
2.70198091714
2.70198090654
2.70198090712
2.70198090946
2.70198089915
2.70198091265
2.70198091728
2.70198088752
2.70198090583
2.70198088818
2.70198088683
2.7019808916
2.75066673008
2.70996929403
2.70996929403
2.70996928262
2.70996929213
2.70996929231
2.70996930267
2.70996929747
2.70996929482
2.70996929747
2.70996929147
2.70996929736
2.70996929999
2.70996928568
2.70996929163
2.70996929254
2.70996929337
2.70996929343
2.68332306601
2.70082341293
2.70082341293
2.70082340187
2.70082340772
2.70082341127
2.70082341488
2.70082341182
2.70082340747
2.70082341015
2.70082340611
2.7008234083
2.70082340927
2.70082340384
2.70082340241
2.70082341385
2.70082341495
2.70082341284
2.69495022556
2.6991986169
2.6991986169
2.69919860678
2.69919861318
2.6991986154
2.69919861826
2.69919861525
2.69919861181
2.69919861514
2.6991986104
2.69919861294
2.69919861385
2.69919860799
2.69919860767
2.69919861729
2.69919861811
2.69919861669
2.69860869805
2.69885640399
2.69885640399
2.69885639598
2.69885640324
2.69885640291
2.69885640629
2.69885640217
2.69885640116
2.69885640523
2.69885639917
2.6988564033
2.69885640475
2.69885639549
2.69885639918
2.69885640309
2.69885640287
2.6988564035
2.69858486345
2.69873613162
2.69873613162
2.69873612368
2.69873613083
2.69873613055
2.69873613392
2.69873612997
2.69873612877
2.69873613252
2.698736127
2.69873613109
2.69873613305
2.69873612318
2.69873612736
2.69873613079
2.69873613036
2.69873613115
     fun: 2.8730570717259085
     jac: array([  1.95205212e-03,   3.12465429e-03,   2.24828720e-04,
        -1.76084042e-02,  -1.91093981e-02,  -1.39809549e-02,
        -1.33288801e-02,  -8.86398554e-03,  -1.59754157e-02,
        -1.85664594e-02,  -2.50142813e-03,  -1.43475831e-02,
         8.63850117e-04,  -1.71229243e-03,   3.74019146e-05])
 message: 'Optimization terminated successfully.'
    nfev: 340
     nit: 18
    njev: 18
  status: 0
 success: True
       x: array([ 0.63294731, -0.52047448, -0.51123378, -0.49246801,  0.28434119,
       -0.00976094,  0.09129366, -0.26031617,  0.38423007,  0.0579708 ,
        0.71016459, -0.41968919, -0.34984632,  0.29771418, -0.32477075])

========================================================

Final result:
0.632947312997
-0.520474482104
-0.511233782865
0.132920317324
0.132920317324
0.132920317324
-0.492468008764
0.284341187526
-0.00976093846989
0.0912936584198
-0.260316165022
0.384230069664
0.0579707954441
0.0579707954441
0.710164586475
-0.419689188149
-0.701868396284
-0.701868396284
-0.349846323162
0.297714180737
-0.324770751915
0.125634298113
0.125634298113
0.125634298113
