15.2420373664
15.2420373664
15.2420370558
15.2420369129
15.242037296
15.2420375424
15.242037629
15.2420375584
15.2420375946
15.2420379047
15.242037231
15.2420384136
15.2420382828
15.24203703
15.2420392692
15.2420386002
15.2420397375
15.2420390502
15.2420408338
15.2420394062
15.2420437152
15.2420373262
15.2420374743
15.2420373458
627250.606899
62717.8761174
7807.20926578
1277.06364746
214.171032784
35.3091500138
13.2297001746
13.2297001746
13.2296998732
13.2296997844
13.2297001046
13.229699085
13.2296991118
13.2296991217
13.2296991021
13.2296991585
13.2296992215
13.2296981229
13.2296992259
13.2296990714
13.2296983469
13.2296992569
13.229698179
13.2296995264
13.2296989702
13.229699735
13.2296989918
13.2296996318
13.2296997126
13.2297000513
73961.9284022
7390.20969953
1124.36752403
182.449849347
29.4932615104
11.6051123122
11.6051123122
11.6051120703
11.6051119398
11.6051122557
11.6051120318
11.6051121535
11.6051120064
11.6051120473
11.6051120238
11.605111917
11.6051118759
11.6051118286
11.6051117446
11.6051114399
11.6051115278
11.6051106379
11.6051113719
11.6051104966
11.6051111642
11.6051087036
11.6051121585
11.6051123285
11.6051122719
7912.70333396
786.953434113
108.778679875
17.1672596197
10.5426685189
10.5426685189
10.5426686479
10.5426687677
10.5426685358
10.5426681071
10.5426680654
10.5426682471
10.542668451
10.5426681003
10.5426682713
10.5426677903
10.542667792
10.5426682371
10.5426670284
10.5426675594
10.54266664
10.5426672979
10.5426660015
10.5426671738
10.5426643805
10.5426684093
10.5426684978
10.5426684908
3677.28473018
365.424370212
36.1233386751
10.4564070024
10.1867318161
10.1867318161
10.1867318703
10.186731946
10.1867318197
10.1867314747
10.1867314863
10.1867315256
10.1867316701
10.1867313025
10.1867316154
10.1867308001
10.1867310504
10.1867316987
10.18673031
10.1867308038
10.1867297892
10.1867305868
10.1867293879
10.1867303544
10.1867272428
10.1867316736
10.1867316807
10.1867317821
1643.86234446
163.302143275
17.9891667758
10.0779960644
10.0779960644
10.0779960727
10.0779960849
10.0779960601
10.07799571
10.0779957878
10.0779957279
10.0779957565
10.0779955668
10.0779958718
10.0779951711
10.0779952594
10.0779960019
10.0779944087
10.0779950514
10.0779941276
10.0779947492
10.0779933547
10.0779945796
10.0779914719
10.077995914
10.0779958927
10.0779960306
1481.2728906
147.238065383
16.7636870203
9.99090889433
9.99090889433
9.99090900128
9.99090904303
9.99090891075
9.99090845785
9.99090851954
9.99090851358
9.99090851457
9.99090838034
9.99090869151
9.9909079513
9.99090812671
9.99090880304
9.99090738923
9.99090787042
9.99090688325
9.99090757917
9.99090621628
9.99090737303
9.99090416552
9.99090877327
9.99090877492
9.99090886945
1080.59153387
107.819813516
14.1429257083
9.96571202598
9.96571202598
9.96571211422
9.96571214865
9.96571203987
9.96571168047
9.96571175778
9.9657116879
9.96571167877
9.96571151138
9.9657118605
9.96571107495
9.96571122856
9.96571194899
9.96571046201
9.96571094728
9.96570986418
9.96571069048
9.96570931424
9.9657105175
9.96570736108
9.96571195787
9.96571199399
9.96571201369
744.809767166
74.2015268643
11.806513937
9.91117495932
9.91117495932
9.91117505569
9.91117510094
9.91117497533
9.91117459974
9.91117466222
9.91117460482
9.91117458479
9.91117443949
9.911174777
9.91117402622
9.91117413658
9.91117483118
9.91117328499
9.91117391068
9.91117290489
9.91117364928
9.91117232479
9.91117343093
9.9111701963
9.91117490419
9.91117495994
9.9111749506
598.515654178
58.9145115627
10.5406045065
9.72177336629
9.72177336629
9.7217734439
9.72177351835
9.72177337993
9.72177307169
9.72177307279
9.72177303266
9.72177302466
9.72177282392
9.72177318448
9.72177232565
9.72177256317
9.72177320589
9.72177178308
9.72177231309
9.72177131319
9.72177200854
9.72177058025
9.72177181805
9.72176856943
9.72177330287
9.72177332255
9.72177335589
1099.76788867
109.514955702
13.9287247176
9.67256321647
9.67256321647
9.67256330077
9.67256337746
9.67256323133
9.67256289904
9.67256288408
9.67256288057
9.67256284901
9.67256269992
9.67256305539
9.672562282
9.67256240174
9.67256311009
9.67256158944
9.67256213934
9.67256107917
9.67256186973
9.67256049239
9.67256166732
9.67255840641
9.67256313676
9.67256310651
9.6725632029
168.635347477
18.8050193115
9.68616989173
9.64212835067
9.64212835067
9.64212841321
9.64212847825
9.64212836003
9.64212801646
9.64212798193
9.64212802101
9.64212800229
9.64212783439
9.64212821048
9.64212740729
9.64212754178
9.64212826689
9.64212673738
9.64212728229
9.64212623459
9.64212700956
9.64212563378
9.64212680861
9.64212356312
9.64212829664
9.64212827681
9.64212834365
104.599143978
12.95548198
9.47968071066
9.47968071066
9.47968083715
9.47968082466
9.47968073518
9.47968040433
9.4796804016
9.47968040719
9.47968038677
9.4796802299
9.47968057801
9.47967982894
9.47967994915
9.47968062119
9.47967918769
9.47967970475
9.47967871658
9.4796794446
9.47967814327
9.47967925181
9.47967617802
9.47968065282
9.47968061842
9.4796807022
20.1930591165
8.39947631419
8.39947631419
8.39947637958
8.39947641072
8.39947632724
8.39947627592
8.39947627137
8.39947627885
8.39947626302
8.39947620885
8.39947634129
8.39947611965
8.39947610638
8.39947638256
8.39947587404
8.39947602381
8.39947573358
8.39947590812
8.39947547351
8.3994758249
8.39947478045
8.39947632276
8.39947631232
8.39947631311
11.8267640081
8.21814943863
8.21814943863
8.21814946385
8.21814948452
8.21814944239
8.21814953627
8.21814955179
8.21814954606
8.21814954545
8.21814955007
8.21814954223
8.2181496554
8.21814956402
8.21814955302
8.21814968975
8.21814959133
8.21814976159
8.21814959072
8.21814974496
8.2181495989
8.21814992074
8.21814949914
8.2181494672
8.21814945169
22.8031335393
8.35653959374
8.20167749912
8.20167749912
8.20167752316
8.20167753316
8.20167750326
8.20167761942
8.2016776163
8.20167761762
8.2016776167
8.20167762959
8.20167759591
8.20167775294
8.20167765673
8.20167762034
8.20167781798
8.2016776957
8.20167791087
8.20167770887
8.20167792414
8.20167772799
8.20167819302
8.20167755199
8.20167753776
8.20167750969
8.60953466385
8.22784084755
8.22784084755
8.22784085586
8.22784086052
8.22784084695
8.22784092748
8.22784092897
8.22784092887
8.22784092766
8.22784094319
8.22784090781
8.22784103139
8.22784097099
8.22784092072
8.22784110357
8.22784100955
8.22784118094
8.22784103264
8.22784122041
8.22784105826
8.22784147583
8.22784088141
8.22784087113
8.22784085301
8.31502681771
8.22775470529
8.22775470529
8.22775470138
8.2277547015
8.2277547018
8.22775471823
8.22775472158
8.2277547209
8.22775471937
8.22775472654
8.22775471064
8.22775474562
8.22775473661
8.22775471599
8.22775478106
8.22775475414
8.22775480631
8.22775476561
8.22775483638
8.22775478299
8.22775493336
8.22775471007
8.22775470675
8.22775470398
8.23102273863
8.21983680111
8.21983680111
8.21983679533
8.21983679502
8.21983679747
8.21983679399
8.21983679777
8.21983679631
8.21983679634
8.21983679747
8.21983679041
8.21983679572
8.2198367987
8.21983679505
8.21983681007
8.21983680668
8.21983681318
8.21983681136
8.21983682964
8.21983682161
8.21983685306
8.21983679846
8.21983679682
8.2198367988
8.22004315314
8.21850247587
8.21850247587
8.21850247102
8.21850247101
8.21850247236
8.21850246815
8.21850247206
8.21850247073
8.21850247122
8.21850247055
8.21850246556
8.21850246843
8.21850246905
8.21850246982
8.21850247628
8.21850247433
8.21850247484
8.21850247651
8.21850248472
8.21850248469
8.2185024912
8.21850247322
8.21850247255
8.2185024734
8.21969860365
8.21875602354
8.21875602354
8.21875602027
8.21875602079
8.21875602028
8.21875601913
8.218756023
8.21875602185
8.21875602295
8.21875602124
8.21875601619
8.21875602258
8.21875601826
8.21875602111
8.2187560264
8.21875602225
8.2187560238
8.21875602231
8.21875602808
8.21875602921
8.21875602823
8.21875602288
8.21875602233
8.21875602158
8.22062315676
8.21938478462
8.21938478462
8.21938478242
8.21938478333
8.21938478161
8.21938478236
8.21938478615
8.21938478519
8.21938478661
8.21938478419
8.21938477937
8.2193847878
8.21938478041
8.21938478471
8.21938478944
8.219384784
8.21938478662
8.21938478285
8.21938478765
8.21938478903
8.21938478505
8.21938478521
8.2193847847
8.2193847829
8.21913810483
8.21926548658
8.21926548658
8.2192654845
8.2192654855
8.21926548361
8.2192654838
8.21926548752
8.21926548666
8.21926548801
8.21926548549
8.21926548109
8.21926548835
8.21926548161
8.21926548657
8.21926548984
8.2192654852
8.21926548706
8.21926548403
8.219265488
8.21926549022
8.21926548473
8.21926548698
8.21926548637
8.21926548483
8.21907601281
8.21919337635
     fun: 8.336359925837492
     jac: array([-0.00150836, -0.00172901,  0.00029683,  0.01777744,  0.02003658,
        0.01985645,  0.02334487,  0.0246805 ,  0.01032686,  0.05059624,
        0.02616465,  0.00735891,  0.05462718,  0.02789927,  0.05890822,
        0.02902329,  0.05837536,  0.03000927,  0.08987498,  0.00806534,
        0.01027167,  0.00212622])
 message: 'Optimization terminated successfully.'
    nfev: 607
     nit: 23
    njev: 23
  status: 0
 success: True
       x: array([ 0.45517329, -0.45172447, -0.42449896, -0.29971975,  0.22433026,
       -0.07055116,  0.115004  , -0.24119352,  0.57455456,  0.11510614,
       -0.10648174, -0.49062975,  0.08721578, -0.23858483,  0.1390961 ,
       -0.07895591,  0.15487917, -0.45039418,  0.3524107 , -0.38670295,
        0.26020955, -0.28937666])

========================================================

Final result:
0.455173294753
-0.451724468909
-0.424498957343
0.140350043833
0.140350043833
0.140350043833
-0.299719749812
0.224330255724
-0.0705511639653
0.115003999542
-0.241193523671
0.574554559663
0.115106136057
0.115106136057
-0.106481744284
-0.490629753404
0.0872157815467
0.0872157815467
-0.238584831185
0.139096096032
0.139096096032
-0.0789559111099
0.154879166202
0.154879166202
-0.450394176504
0.352410698183
0.352410698183
0.352410698183
-0.386702953828
0.260209550677
-0.289376658368
0.142888548767
0.142888548767
0.142888548767
