GLY_methyl_charged.filelist
12.7835688654
12.7835688654
12.7835684859
12.7835684243
12.7835687924
12.7835696259
12.7835696684
12.7835693251
12.7835689745
12.7835698028
13859.1922441
1375.96363226
258.031211384
52.2291789221
9.444207288
9.444207288
9.44420716111
9.44420720237
9.44420726264
9.44420675962
9.44420673566
9.44420675422
9.44420714988
9.44420595137
2641.56902268
261.042942214
33.6095278146
9.19228066362
8.72274555967
8.72274555967
8.72274563004
8.72274578801
8.72274557243
8.72274493222
8.72274480673
8.72274505621
8.7227454302
8.72274439686
100.744099641
12.2326031381
7.4911137771
7.4911137771
7.4911139657
7.49111403389
7.49111381301
7.49111300323
7.49111296906
7.49111319361
7.49111362458
7.49111246271
24.9494274807
6.91557146728
6.91557146728
6.91557159575
6.91557155234
6.91557148819
6.91557078435
6.91557075235
6.91557107426
6.91557136899
6.91557071289
126.464350762
17.9839024916
3.61596136951
3.61596136951
3.61596156565
3.61596149533
3.61596140664
3.61596150973
3.6159614976
3.61596168191
3.61596145039
3.61596229099
4.62982351513
2.52783424492
2.52783424492
2.52783422766
2.52783421917
2.52783424148
2.52783465438
2.52783470734
2.52783461706
2.52783432774
2.52783516801
12.2065893743
2.45571309317
2.01691351204
2.01691351204
2.01691338766
2.01691339659
2.01691349014
2.0169139211
2.01691394328
2.0169137477
2.01691355583
2.01691399168
3.50481617286
1.74817622188
1.74817622188
1.7481761467
1.74817619834
1.74817620872
1.7481762492
1.74817624879
1.74817617711
1.74817620222
1.7481760695
2.48789624791
1.74360059993
1.74360059993
1.74360056862
1.74360059592
1.74360059449
1.74360054062
1.74360053106
1.74360052473
1.74360056727
1.74360042116
1.61953539949
1.65298226512
1.65298226512
1.65298225046
1.65298225411
1.65298226317
1.65298223071
1.65298222604
1.65298222665
1.65298224591
1.65298218359
1.6599108849
1.65118292287
1.65118292287
1.65118292337
1.65118294153
1.65118292388
1.65118290551
1.65118289028
1.65118290742
1.65118290953
1.65118290355
1.6526767573
1.65011184923
1.65011184923
1.6501118396
1.65011185036
1.65011184825
1.65011185044
1.65011184403
1.65011184454
1.65011183842
1.65011185113
1.64978071241
1.64978071241
1.64978070057
1.64978071164
1.64978071105
1.64978071781
1.64978071113
1.64978070942
1.6497807021
1.64978071661
1.64910744657
1.64944147272
1.64944147272
1.64944146162
1.64944147272
1.64944147151
1.64944147733
1.64944147088
1.64944146906
1.64944146222
1.64944147529
1.64933042366
1.64939387174
1.64939387174
1.64939386054
1.64939387161
1.64939387049
1.64939387591
1.64939386938
1.64939386796
1.64939386122
1.64939387426
1.64953834678
1.64946616928
     fun: 1.9129745584871818
     jac: array([-0.01436363, -0.01393776, -0.00326549,  0.02285841,  0.02021733,
        0.00838947,  0.00271113,  0.00940658])
 message: 'Optimization terminated successfully.'
    nfev: 185
     nit: 16
    njev: 16
  status: 0
 success: True
       x: array([ 0.73090643, -0.56784879, -0.52323431, -0.54910034,  0.30569545,
       -0.17953288,  0.78525718,  0.06562291])

========================================================

Final result:
0.730906430679
-0.567848791671
-0.523234314924
0.120058891972
0.120058891972
0.120058891972
-0.549100340863
0.305695454913
-0.179532875936
0.785257182005
0.0656229078509
0.0656229078509
-0.746782617911
-0.746782617911
