24.8302918884
24.8302918884
24.8302910128
24.8302908199
24.8302917156
24.8302933452
24.8302935043
24.830292806
24.8302926927
24.8302927402
24.8302925059
24.8302937111
24.8302925084
24.8302930278
24.8302929863
24.8302932608
24.8302925945
24.8302926311
24.8302920859
232521.516558
23244.177778
2316.54737503
282.081934012
39.8387154276
23.2290683347
23.2290683347
23.2290673968
23.2290672325
23.2290681489
23.2290685711
23.22906868
23.2290680212
23.2290679289
23.2290680099
23.2290676442
23.229067668
23.229068028
23.22906683
23.2290678367
23.2290678524
23.2290680627
23.2290682913
23.2290682335
28295.9517686
3153.98545877
589.874016746
113.356067884
22.6467809147
16.260330898
16.260330898
16.2603305679
16.2603309166
16.2603308287
16.260330581
16.2603302639
16.260330481
16.2603306632
16.260330283
16.2603304237
16.2603295609
16.2603302786
16.2603300453
16.2603297907
16.2603297337
16.2603301866
16.2603304581
16.2603306579
12833.6120321
1279.17297539
134.572337308
20.1191019915
15.5505215031
15.5505215031
15.550521326
15.5505217457
15.5505214631
15.5505208855
15.5505204992
15.5505209032
15.5505211228
15.5505209015
15.5505207244
15.5505202494
15.5505209997
15.5505199672
15.5505206935
15.5505206689
15.5505210605
15.5505213435
15.5505213497
3440.32554631
337.980038624
47.5726990618
14.4203989755
14.4203989755
14.4203989527
14.4203991618
14.4203989744
14.4203979431
14.4203978196
14.4203980044
14.4203977895
14.4203982893
14.4203981724
14.420397816
14.4203983383
14.4203976299
14.4203977951
14.4203976788
14.4203981307
14.4203981581
14.4203987105
3636.77157077
360.003759112
38.5740834313
13.9258579526
13.9258579526
13.9258580807
13.925858322
13.9258579871
13.9258569536
13.9258568694
13.9258569214
13.9258567513
13.925857003
13.925857135
13.9258559326
13.9258572681
13.925856627
13.9258568524
13.9258566639
13.9258573153
13.9258573515
13.9258577691
2246.13655954
221.944954745
23.3712147956
13.5121174477
13.5121174477
13.5121177576
13.5121180487
13.5121175214
13.5121165002
13.512116413
13.5121164622
13.512116381
13.5121165342
13.5121165291
13.5121155236
13.5121167535
13.5121158161
13.5121162455
13.5121160248
13.5121166469
13.5121165515
13.5121172181
1131.80066572
108.605076644
16.6802307283
12.1864317418
12.1864317418
12.1864321491
12.1864323229
12.1864318309
12.1864304235
12.1864303263
12.1864305847
12.1864305873
12.1864306824
12.186430736
12.1864294981
12.1864309529
12.1864299938
12.1864303671
12.1864299775
12.1864308996
12.1864308234
12.1864315162
382.944993228
37.9115090289
12.0338264107
12.0338264107
12.0338268842
12.0338270058
12.0338265124
12.0338250354
12.0338249783
12.0338252436
12.0338252703
12.0338253271
12.0338254119
12.0338241229
12.0338255621
12.0338246698
12.0338249666
12.0338248362
12.0338254401
12.0338254933
12.0338261062
202.733756954
21.8174925718
11.8508721286
11.8508721286
11.8508726594
11.8508727838
11.8508722441
11.8508707853
11.8508707565
11.8508709684
11.8508709467
11.8508710608
11.8508711474
11.8508699218
11.8508712561
11.8508703986
11.8508706356
11.8508704669
11.8508711823
11.8508713684
11.8508718286
273.792334164
24.9209518735
10.5851759838
10.5851759838
10.5851765151
10.5851766727
10.5851760973
10.5851746745
10.5851745552
10.5851749134
10.5851749039
10.5851749841
10.5851751422
10.5851738652
10.5851752114
10.5851743947
10.5851746524
10.5851744577
10.5851750968
10.5851751625
10.5851757042
29.8357988795
9.65622361381
9.65622361381
9.65622394077
9.65622409977
9.65622367711
9.65622285729
9.65622293001
9.65622309859
9.65622313205
9.65622315058
9.65622326638
9.65622264945
9.6562232466
9.65622293989
9.65622300452
9.65622294348
9.6562232441
9.65622321271
9.6562235205
54.8761642899
10.176087114
8.04312359475
8.04312359475
8.04312365744
8.04312361156
8.04312360432
8.04312397036
8.04312405724
8.0431240309
8.04312405396
8.04312404765
8.04312404148
8.04312455292
8.0431239606
8.04312443969
8.04312424875
8.04312434952
8.04312404174
8.04312393126
8.04312375383
25.2369352581
8.11109161793
7.98216369693
7.98216369693
7.98216371935
7.98216368324
7.98216369789
7.98216409492
7.98216420081
7.98216414416
7.98216417431
7.98216416588
7.98216414293
7.98216467677
7.98216408718
7.98216454779
7.98216437962
7.98216445884
7.98216413847
7.982164057
7.98216384025
12.8513065162
7.85101888125
7.85101888125
7.85101878831
7.85101875334
7.85101886447
7.85101911726
7.85101915738
7.85101907875
7.851019103
7.85101907662
7.85101904264
7.85101930433
7.85101902626
7.85101916813
7.8510191646
7.85101919788
7.85101908246
7.85101905672
7.85101893974
9.48412510652
7.76267869421
7.76267869421
7.76267860247
7.76267860612
7.76267867908
7.76267870726
7.76267869419
7.76267865522
7.7626786764
7.76267865426
7.76267862525
7.76267860834
7.76267864943
7.76267856312
7.7626786242
7.76267861422
7.76267865973
7.76267868215
7.76267868393
7.80391196127
7.72999811526
7.72999811526
7.72999807688
7.72999809485
7.72999810914
7.72999813217
7.72999811013
7.72999810244
7.72999811848
7.72999810442
7.72999809364
7.72999809207
7.72999809465
7.72999810083
7.7299980887
7.72999808664
7.72999810158
7.7299981108
7.72999810927
7.73227242509
7.72201880571
7.72201880571
7.72201879339
7.7220188078
7.72201880606
7.72201883601
7.72201882163
7.72201881561
7.72201882686
7.72201882522
7.72201881567
7.72201884849
7.72201881432
7.72201885782
7.7220188306
7.72201883552
7.72201882251
7.72201882036
7.72201880964
7.70189927552
7.7116594394
7.7116594394
7.71165942692
7.71165943657
7.71165943934
7.71165944349
7.71165943395
7.71165942314
7.71165943392
7.71165943576
7.71165942036
7.71165943262
7.7116594313
7.71165942945
7.71165943584
7.71165943515
7.7116594392
7.71165944007
7.71165943837
7.70291830584
7.70768524391
7.70768524391
7.70768523296
7.70768524475
7.70768524414
7.70768524937
7.70768523873
7.7076852316
7.7076852442
7.7076852423
7.70768523013
7.70768524049
7.70768523663
7.70768524427
7.70768524113
7.70768524063
7.70768524398
7.70768524503
7.70768524298
7.70726437431
7.70751245909
7.70751245909
7.70751244861
7.7075124611
7.70751245935
7.7075124676
7.70751245667
7.70751245037
7.70751246335
7.70751246066
7.70751244955
7.70751246242
7.7075124542
7.70751246797
7.70751246027
7.70751246048
7.70751246157
7.70751246217
7.70751245895
7.70714080867
7.70714080867
7.70714079736
7.70714080942
7.70714080876
7.70714081928
7.70714080906
7.70714080153
7.70714081378
7.7071408125
7.70714080037
7.70714081711
7.7071408058
7.7071408198
7.70714081354
7.70714081433
7.70714081362
7.70714081369
7.70714080934
7.70718767122
7.70718767122
7.70718766019
7.70718767233
7.70718767136
7.70718768127
7.70718767082
7.70718766368
7.70718767628
7.70718767429
7.70718766257
7.70718767789
7.70718766766
7.70718768174
7.70718767482
7.70718767539
7.70718767533
7.70718767558
7.70718767162
7.70742071578
7.70726576723
     fun: 8.213028082766805
     jac: array([ -2.85565853e-03,  -5.58304787e-03,  -5.96761703e-04,
         5.53345680e-03,   8.47780704e-03,   3.31091881e-03,
         2.19464302e-03,   2.03061104e-03,  -7.28368759e-05,
         4.68039513e-03,   2.24995613e-03,  -1.83224678e-04,
         5.48970699e-03,   5.21445274e-03,   3.10897827e-03,
         2.72130966e-03,   2.16364861e-03])
 message: 'Optimization terminated successfully.'
    nfev: 483
     nit: 23
    njev: 23
  status: 0
 success: True
       x: array([ 0.74626645, -0.58399587, -0.55456948, -0.66253891,  0.32769291,
        0.21602217,  0.02991197, -0.33234298,  0.81012456,  0.07491082,
        0.20229977, -0.76514872, -0.1646247 ,  0.13378048, -0.17893283,
        0.12001147, -0.1391328 ])

========================================================

Final result:
0.746266451227
-0.583995867779
-0.554569480874
0.130766299142
0.130766299142
0.130766299142
-0.662538909446
0.327692913983
0.216022171013
0.0299119683812
-0.332342975157
0.810124562259
0.0749108181084
0.0749108181084
0.202299767946
-0.765148719353
-0.164624702608
-0.164624702608
0.133780476342
-0.178932833148
-0.178932833148
0.133780476342
0.12001147011
-0.139132800216
0.12001147011
0.107970282334
-0.765148719353
