ASP_methyl_charged.filelist
22.9005137609
22.9005137609
22.9005134096
22.9005133657
22.900513694
22.9005145976
22.9005146456
22.9005143157
22.9005142802
22.9005141244
22.9005142681
22.9005145397
22.9005138521
22.9005147529
26553.3024702
2640.24140652
412.288512311
75.695546588
17.5753206213
17.5753206213
17.5753203251
17.5753202494
17.5753205642
17.5753204699
17.575320516
17.575320267
17.5753202615
17.5753203631
17.57531996
17.575320045
17.575320551
17.5753190896
4797.16403088
553.441775435
97.369683055
18.6294012534
12.7939635287
12.7939635287
12.7939635201
12.7939636023
12.7939635271
12.7939629712
12.7939628775
12.7939629857
12.7939630649
12.7939630899
12.7939627899
12.7939625075
12.7939634097
12.7939619107
806.874006993
78.338890495
13.9378130556
12.2560534159
12.2560534159
12.2560534427
12.2560535007
12.256053421
12.2560527578
12.2560526776
12.2560528122
12.2560528503
12.2560530147
12.2560526148
12.2560525636
12.256053307
12.2560516729
403.033490779
39.8540428658
12.1447256715
11.9922566542
11.9922566542
11.9922566498
11.9922566657
11.9922566531
11.9922559583
11.9922559107
11.9922560079
11.9922560006
11.9922562143
11.9922558668
11.9922557081
11.9922565351
11.9922549775
111.755760408
12.9680345035
10.025750092
10.025750092
10.0257502206
10.0257502296
10.0257501177
10.0257493431
10.0257493347
10.0257494193
10.0257494167
10.025749633
10.0257492861
10.0257491052
10.0257499667
10.0257483862
78.6499940955
10.8224704194
8.16240757403
8.16240757403
8.16240775721
8.16240773339
8.16240760847
8.16240679221
8.16240677701
8.16240696967
8.16240703081
8.16240716077
8.16240688723
8.16240668259
8.16240746097
8.16240614852
42.9981345124
7.97189988114
5.23071177832
5.23071177832
5.23071207187
5.23071213328
5.23071183526
5.23071144926
5.23071139078
5.23071167125
5.23071170958
5.23071171192
5.2307118337
5.23071165723
5.23071175413
5.23071200818
7.34060849499
3.85825570494
3.85825570494
3.85825571207
3.85825569114
3.85825570722
3.8582559221
3.85825593705
3.85825591861
3.85825590977
3.85825587009
3.85825600276
3.85825610185
3.85825574195
3.85825637439
4.36555664077
3.63611491402
3.63611491402
3.63611488228
3.63611491532
3.63611490895
3.63611502026
3.63611499521
3.63611499201
3.63611500096
3.63611495939
3.63611500864
3.63611502282
3.63611491899
3.63611512208
3.9149703884
3.64111354479
3.64111354479
3.64111351624
3.64111353418
3.64111354051
3.64111360606
3.64111358329
3.6411135762
3.64111358036
3.64111356221
3.64111357814
3.64111359804
3.6411135415
3.64111362214
3.66422828426
3.62616032291
3.62616032291
3.62616029644
3.62616030593
3.6261603189
3.62616034944
3.62616033729
3.62616032364
3.62616032579
3.62616032324
3.62616031828
3.62616034314
3.62616031496
3.62616031971
3.58086363785
3.6080825766
3.6080825766
3.60808255749
3.60808256923
3.60808257401
3.60808259062
3.60808257564
3.6080825709
3.60808257632
3.60808257065
3.60808256743
3.60808258063
3.60808256744
3.60808256535
3.62027271773
3.61170203961
3.61170203961
3.61170202425
3.61170203792
3.61170203773
3.61170205239
3.61170203585
3.61170203559
3.61170204228
3.61170203429
3.61170203461
3.6117020447
3.6117020304
3.6117020382
3.61275753054
3.61203457667
3.61203457667
3.61203456195
3.61203457569
3.61203457491
3.612034589
3.6120345725
3.61203457261
3.61203457874
3.61203457181
3.61203457234
3.61203458328
3.61203456761
3.61203457719
3.61116249805
     fun: 4.18787060221593
     jac: array([ 0.00177878,  0.01231354,  0.00049716, -0.04502451, -0.05671328,
       -0.0403862 , -0.03709859, -0.02847809, -0.05382395, -0.06292462,
       -0.00864685, -0.11443883])
 message: 'Optimization terminated successfully.'
    nfev: 238
     nit: 15
    njev: 15
  status: 0
 success: True
       x: array([ 0.81452519, -0.60072566, -0.53927782, -0.74562758,  0.37937844,
        0.03240102,  0.07232366, -0.20089069,  0.59578626,  0.00554431,
        0.77138262, -0.68833899])

========================================================

Final result:
0.814525194207
-0.600725657886
-0.539277823177
0.108492762285
0.108492762285
0.108492762285
-0.745627582263
0.379378435424
0.0324010154406
0.0723236562587
-0.200890686081
0.595786258021
0.00554431363852
0.00554431363852
0.771382624746
-0.68833898735
-0.769582187062
-0.769582187062
-0.68833898735
