33.9857736921
33.9857736921
33.9857728906
33.9857728873
33.9857735322
33.9857754394
33.9857753819
33.9857749725
33.9857750875
33.98577459
33.9857747483
33.9857745633
33.9857748933
33.9857740351
33.985775794
33.9857775511
244561.369507
24436.7975503
2533.41651167
439.267746839
77.5845729962
26.9241591724
26.9241591724
26.9241581883
26.9241580449
26.9241589766
26.9241591196
26.9241591872
26.9241585996
26.9241584873
26.9241587684
26.9241581104
26.924158752
26.9241588022
26.9241589387
26.9241568634
26.9241580828
30386.5279342
3129.32268116
539.950212539
95.3682973449
23.6065384929
23.6065384929
23.6065383622
23.6065386984
23.6065384643
23.6065379117
23.6065376825
23.6065379779
23.606538018
23.6065379206
23.6065381352
23.6065381291
23.6065373184
23.6065382494
23.6065379541
23.6065345029
22175.5549595
2211.26303849
239.15045772
32.8450427745
22.5177222013
22.5177222013
22.5177223506
22.5177228433
22.5177222265
22.5177211634
22.5177207795
22.5177214285
22.5177215579
22.5177215521
22.5177214991
22.5177217661
22.5177211767
22.5177218195
22.5177209124
22.5177188209
2351.05345487
231.321405899
33.4581012948
20.8245859734
20.8245859734
20.8245862008
20.8245865469
20.8245860224
20.8245847258
20.8245845431
20.8245848971
20.8245847423
20.8245850947
20.8245851713
20.8245851822
20.8245847767
20.8245855548
20.8245846271
20.8245821348
2245.96127111
220.403491291
27.7265708819
20.0427866608
20.0427866608
20.0427870971
20.04278747
20.0427867566
20.0427854777
20.0427853421
20.0427856063
20.0427855031
20.0427858001
20.042785725
20.0427859067
20.0427853843
20.0427863117
20.0427849392
20.0427825056
1418.59636786
137.228623984
22.5296813968
18.9290874172
18.9290874172
18.9290878643
18.9290880787
18.9290875118
18.9290859154
18.9290858463
18.9290862024
18.9290860494
18.9290865554
18.9290863928
18.9290868243
18.929086056
18.9290870724
18.9290855686
18.9290829411
1322.80205814
129.367684995
20.5303504695
18.343881481
18.343881481
18.34388196
18.3438821577
18.3438815801
18.3438799158
18.3438798273
18.343880243
18.3438801898
18.3438805254
18.343880413
18.3438806205
18.3438800617
18.3438811511
18.343879526
18.343876861
137.791837134
19.7991964542
17.1798910611
17.1798910611
17.179891606
17.1798917328
17.1798911749
17.1798894674
17.1798894247
17.1798898045
17.1798897599
17.1798900811
17.1798899929
17.1798902276
17.1798896448
17.1798905972
17.1798890774
17.1798864635
104.505712584
14.8021910949
13.2163248168
13.2163248168
13.2163253814
13.2163254896
13.216324935
13.2163233811
13.2163233022
13.2163237187
13.2163236099
13.2163239778
13.2163239495
13.2163240656
13.2163236265
13.2163244766
13.2163230349
13.2163209678
79.0884103986
14.0642108725
9.85563172063
9.85563172063
9.85563214813
9.85563223406
9.85563180393
9.85563091913
9.85563107657
9.8556312352
9.85563121393
9.85563140077
9.85563141049
9.85563140787
9.85563133985
9.85563160029
9.85563104229
9.85563052011
152.732229686
21.9382796446
8.58248542281
8.58248542281
8.58248573019
8.58248557991
8.58248548915
8.58248560135
8.58248565568
8.58248568887
8.58248568701
8.5824856967
8.58248573337
8.58248561714
8.58248593485
8.58248555379
8.58248600249
8.58248713957
10.141708361
7.72918308317
7.72918308317
7.7291829491
7.72918285152
7.72918306112
7.72918349713
7.72918353579
7.72918339516
7.72918341854
7.72918332635
7.7291833235
7.7291833011
7.72918348621
7.72918320555
7.72918351174
7.72918444735
10.8093716592
7.39517389361
7.39517389361
7.39517372477
7.3951737001
7.39517386303
7.39517416268
7.39517416338
7.39517406369
7.39517408445
7.39517401969
7.39517399518
7.39517400898
7.39517407901
7.39517395193
7.39517410145
7.39517449557
7.74916932769
7.35930178686
7.35930178686
7.35930176658
7.3593017965
7.35930178561
7.35930188903
7.35930186125
7.35930186569
7.35930188551
7.35930183725
7.35930186392
7.35930185285
7.35930185383
7.35930181381
7.35930199556
7.359302008
7.35913065583
7.33831690964
7.33831690964
7.33831689148
7.33831690504
7.33831691093
7.33831692284
7.33831690897
7.33831690225
7.33831690957
7.33831690175
7.3383168916
7.33831691552
7.33831690951
7.33831691177
7.33831691036
7.33831692109
7.29253668258
7.31903035306
7.31903035306
7.31903033446
7.31903034489
7.31903035302
7.31903035174
7.31903034113
7.31903033356
7.31903033996
7.31903033508
7.31903032323
7.31903034917
7.31903033712
7.31903035174
7.31903032271
7.31903031273
7.30894645245
7.31441140057
7.31441140057
7.31441138712
7.31441140247
7.31441140166
7.31441141254
7.31441139989
7.31441139881
7.31441140829
7.31441139424
7.31441139451
7.3144114087
7.31441139697
7.31441140438
7.31441141851
7.31441139795
7.31329427321
7.31376879157
7.31376879157
7.31376877931
7.3137687939
7.31376879289
7.313768802
7.313768791
7.31376878813
7.31376879663
7.31376878561
7.31376878273
7.31376879889
7.31376879222
7.31376879528
7.3137688035
7.31376880466
7.31366145419
7.31370828546
7.31370828546
7.31370827328
7.31370828705
7.31370828681
7.31370829723
7.31370828664
7.3137082833
7.313708292
7.31370828035
7.31370827795
7.31370829371
7.31370828656
7.3137082898
7.31370830021
7.31370829963
7.31359645667
7.31364616253
     fun: 7.905607331339733
     jac: array([-0.00089854,  0.00249106, -0.00050265, -0.01337689,  0.00116044,
       -0.00961196, -0.01013297, -0.00850141, -0.0044753 , -0.00415951,
       -0.02606368,  0.00152427, -0.00034165, -0.09366935])
 message: 'Optimization terminated successfully.'
    nfev: 363
     nit: 20
    njev: 20
  status: 0
 success: True
       x: array([ 0.78579788, -0.6069074 , -0.59243521, -0.64564862,  0.33361745,
        0.07714662,  0.0403316 ,  0.37505833,  0.83381477, -0.04675029,
       -0.39319781, -0.62196712, -0.7748701 ,  0.08336513])

========================================================

Final result:
0.785797876661
-0.60690740459
-0.592435206041
0.137848244657
0.137848244657
0.137848244657
-0.64564862395
0.333617447344
0.0771466248682
0.040331597951
0.375058328936
0.833814770227
-0.0467502855165
-0.393197810059
-0.621967115565
-0.774870101497
0.0833651301666
0.0833651301666
0.0833651301666
0.347239878258
-0.774870101497
