14.1120318783
14.1120318783
14.1120317805
14.1120315635
14.1120318485
14.1120324299
14.1120325823
14.1120325737
14.1120325194
14.1120331465
14.1120322576
14.1120344492
14.1120336122
14.1120322902
14.112033897
14.112033776
14.1120338291
14.1120341937
14.1120340775
14.1120336691
14.1120344119
14.1120341171
14.1120320571
360793.892078
36071.513115
4113.21728294
726.08735889
133.10513519
23.8778971106
11.1177527898
11.1177527898
11.1177527741
11.1177525681
11.1177527722
11.1177517025
11.1177518255
11.1177519887
11.1177518679
11.1177522807
11.1177522479
11.1177517649
11.1177525261
11.1177523451
11.1177527115
11.1177525768
11.1177526564
11.1177528862
11.1177527353
11.1177524788
11.1177530451
11.1177526573
11.1177524975
32605.9493719
3400.58036211
528.617232629
84.6386434329
14.8966063581
9.65686397172
9.65686397172
9.65686397299
9.65686371461
9.65686395914
9.6568632968
9.65686353722
9.656863488
9.65686338468
9.65686366823
9.65686369356
9.65686356036
9.65686351927
9.65686384471
9.65686344548
9.65686336046
9.6568634451
9.65686328691
9.65686314972
9.65686333829
9.65686321662
9.6568628521
9.65686380513
8892.26331332
886.023982127
113.809879283
16.277427693
8.97899707506
8.97899707506
8.97899717248
8.97899704477
8.97899708342
8.97899649248
8.97899666871
8.97899660106
8.97899668737
8.97899643724
8.97899679569
8.97899567915
8.97899637322
8.97899691149
8.97899624123
8.9789963856
8.97899610892
8.97899622152
8.97899624425
8.97899643545
8.97899612842
8.97899608956
8.97899694692
1914.21857783
189.685789232
19.1174955072
8.75632129723
8.75632129723
8.75632154307
8.75632154005
8.75632133639
8.75632070112
8.75632079931
8.75632082912
8.75632098932
8.75632061015
8.75632098479
8.7563198192
8.75632048211
8.75632101867
8.75632051368
8.756320305
8.75632055263
8.75632041479
8.75632027001
8.75632015965
8.75632038198
8.75632009957
8.75632119343
2658.73727692
263.830986709
26.6675730678
8.58045672055
8.58045672055
8.58045680724
8.58045676938
8.5804567296
8.58045610654
8.58045623301
8.58045612687
8.58045616408
8.58045597093
8.58045626408
8.58045526744
8.58045574409
8.58045619461
8.5804556065
8.58045567977
8.58045556842
8.58045553268
8.58045566595
8.58045561998
8.58045534987
8.58045574758
8.58045658233
909.522929008
88.9664793594
11.7021902383
8.17213312109
8.17213312109
8.17213309695
8.17213310866
8.17213310726
8.17213250523
8.17213257036
8.17213247723
8.1721324673
8.17213223969
8.17213271864
8.17213136665
8.17213198994
8.17213278561
8.17213190374
8.17213190798
8.17213197972
8.17213176791
8.17213186875
8.17213189474
8.17213159277
8.17213194819
8.17213294139
1917.6969845
191.020765921
19.8928438646
8.157522479
8.10808743034
8.10808743034
8.10808750675
8.10808759489
8.10808743594
8.10808673848
8.108086738
8.10808677779
8.10808680889
8.10808655945
8.10808701661
8.1080857195
8.10808629972
8.10808706513
8.1080861676
8.10808624287
8.10808622342
8.10808602308
8.10808615575
8.10808628109
8.10808582749
8.10808622687
8.10808725215
1157.09604815
114.885655511
13.0981892586
8.01841022106
8.01841022106
8.0184102225
8.01841030398
8.01841021301
8.01840960585
8.01840960795
8.01840956359
8.01840958292
8.01840931704
8.01840975695
8.01840842922
8.01840905291
8.01840972561
8.01840892859
8.01840899012
8.01840897973
8.0184088011
8.01840887952
8.0184090499
8.01840867227
8.01840890003
8.01841005219
341.15052556
34.3636828467
8.41415318856
7.98253796443
7.98253796443
7.98253798031
7.98253806635
7.98253796011
7.98253734838
7.9825373478
7.9825373023
7.98253729346
7.98253705799
7.98253752181
7.98253619066
7.98253677608
7.98253752271
7.98253664021
7.98253671106
7.98253665658
7.98253654847
7.98253662326
7.98253675058
7.98253645121
7.98253665517
7.9825377903
194.371956312
19.8324665853
7.89183712778
7.89183712778
7.89183715114
7.89183722519
7.89183712755
7.89183655414
7.89183650274
7.89183647721
7.8918364468
7.89183622997
7.89183669163
7.8918353195
7.89183600273
7.8918366578
7.891835858
7.89183591828
7.89183584998
7.89183571506
7.89183580384
7.89183590233
7.89183552063
7.89183578356
7.89183696496
112.08380019
12.8643876336
7.81990424354
7.81990424354
7.81990423434
7.81990428848
7.81990423512
7.81990366666
7.81990356224
7.81990363101
7.81990365919
7.81990336728
7.81990383162
7.81990247613
7.81990312547
7.81990377775
7.81990297547
7.81990303707
7.81990296501
7.81990284435
7.81990293018
7.81990302103
7.81990267988
7.81990293142
7.81990409492
278.457171983
27.7660309954
7.85823325478
7.71410081443
7.71410081443
7.71410086092
7.71410087332
7.71410081996
7.71410026642
7.71410020024
7.71410020822
7.71410020035
7.71409995425
7.714100412
7.71409908245
7.71409971264
7.71410036245
7.71409956956
7.71409963095
7.71409958727
7.71409942802
7.71409951361
7.7140996434
7.71409928029
7.71409953025
7.71410064927
31.9689940824
7.56417100065
7.43595563502
7.43595563502
7.43595564586
7.43595570868
7.43595563265
7.4359551759
7.43595514628
7.43595513786
7.43595513775
7.43595491675
7.43595532316
7.4359541765
7.43595471275
7.43595525332
7.43595457586
7.43595463462
7.43595458468
7.43595444353
7.43595452244
7.43595463511
7.43595431721
7.4359545413
7.43595550166
16.0733479421
6.8737641855
6.8737641855
6.87376417535
6.87376421221
6.87376418591
6.87376430117
6.87376426228
6.87376424876
6.87376428145
6.87376419197
6.8737642127
6.87376420194
6.87376414188
6.87376420008
6.87376412618
6.87376414652
6.87376412509
6.87376411294
6.87376414327
6.87376415045
6.87376404921
6.87376413295
6.87376415013
122.44953553
13.2427660693
6.81141968022
6.81141968022
6.81141967675
6.8114196923
6.81141968268
6.81141985934
6.81141983522
6.81141982104
6.81141983536
6.81141978588
6.81141978446
6.81141990053
6.81141975543
6.8114197408
6.811419759
6.81141977404
6.81141976838
6.8114197603
6.81141978341
6.81141978936
6.81141971752
6.81141977993
6.81141974923
27.0443694304
6.89975023972
6.71473421803
6.71473421803
6.71473420771
6.71473422166
6.71473421887
6.71473450002
6.71473447754
6.71473445895
6.71473448253
6.7147344713
6.71473437161
6.71473472024
6.71473448743
6.71473435963
6.71473449913
6.71473450717
6.71473450234
6.71473450915
6.71473452055
6.71473451434
6.71473450567
6.71473453521
6.71473430682
7.33677873954
6.72487275664
6.72487275664
6.72487274946
6.72487275141
6.72487275043
6.72487298623
6.7248729765
6.72487296848
6.72487298113
6.72487300406
6.72487289198
6.72487324264
6.72487303592
6.72487288762
6.72487306235
6.72487305894
6.72487306224
6.72487308753
6.72487308331
6.72487306453
6.72487309777
6.72487309238
6.72487282855
6.92217963697
6.7083022938
6.7083022938
6.70830229072
6.70830228756
6.70830228828
6.70830239735
6.70830239519
6.70830239387
6.70830240016
6.70830242122
6.70830235711
6.70830254084
6.70830244177
6.70830236051
6.70830245775
6.7083024628
6.70830246416
6.70830247797
6.70830247728
6.70830245682
6.70830249238
6.70830247415
6.70830232892
8.28477007177
6.69368775034
6.69368775034
6.69368775081
6.69368774414
6.69368774589
6.69368773934
6.69368774397
6.6936877476
6.6936877485
6.6936877654
6.69368774813
6.69368777239
6.69368777317
6.69368775676
6.69368778656
6.693687781
6.69368778405
6.69368779693
6.69368778763
6.69368777941
6.6936878041
6.69368778408
6.69368775179
6.68532458823
6.687620359
6.687620359
6.68762036028
6.68762035473
6.6876203546
6.68762034187
6.68762034788
6.68762034756
6.68762034938
6.6876203579
6.68762035036
6.68762034938
6.68762035733
6.6876203583
6.68762036313
6.68762036054
6.68762036158
6.68762036802
6.68762036276
6.68762035968
6.68762036925
6.68762035854
6.68762035823
6.68925318603
6.68713620198
6.68713620198
6.68713620332
6.68713619894
6.68713619744
6.68713619271
6.68713619884
6.68713619539
6.68713619858
6.68713620193
6.68713619593
6.68713619549
6.68713619755
6.68713620274
6.68713620054
6.68713620002
6.68713619894
6.68713620236
6.68713619956
6.68713619892
6.68713620039
6.68713619639
6.68713620305
6.6904112974
6.68808583699
6.68808583699
6.6880858381
6.68808583452
6.6880858325
6.68808583356
6.68808583935
6.68808583475
6.6880858386
6.68808584033
6.6880858334
6.68808583687
6.68808583489
6.68808583957
6.68808583693
6.68808583729
6.68808583558
6.68808583825
6.68808583653
6.68808583619
6.68808583518
6.68808583411
6.68808583944
6.68842978527
6.6881707031
6.6881707031
6.68817070413
6.68817070077
6.68817069857
6.6881707004
6.68817070588
6.68817070133
6.68817070533
6.68817070684
6.68817069978
6.68817070363
6.68817070161
6.68817070581
6.68817070375
6.68817070414
6.68817070242
6.68817070517
6.68817070364
6.68817070299
6.68817070219
6.68817070143
6.68817070562
6.68767859853
6.68767859853
6.6876785994
6.6876785964
6.68767859398
6.68767859574
6.68767860058
6.68767859663
6.6876786006
6.68767860216
6.68767859504
6.68767859845
6.6876785976
6.68767860098
6.68767860017
6.68767860053
6.68767859896
6.68767860213
6.6876786006
6.6876785992
6.68767859954
6.68767859871
6.68767860074
6.68782313891
6.68782313891
6.68782313983
6.68782313665
6.68782313437
6.68782313648
6.6878231416
6.68782313739
6.68782314135
6.68782314298
6.68782313571
6.68782313996
6.68782313811
6.68782314173
6.68782314048
6.68782314085
6.68782313923
6.68782314215
6.68782314061
6.68782313961
6.6878231394
6.68782313847
6.68782314131
6.68795510432
6.6878585285
     fun: 6.7891151845086535
     jac: array([-0.00070572, -0.00107151,  0.00010538,  0.00349313,  0.00345284,
        0.00436276,  0.0028013 ,  0.00542235,  0.00254923,  0.0115571 ,
        0.00388545,  0.00356138,  0.00470483,  0.00330448,  0.00437534,
        0.00172013,  0.00264931,  0.0038197 ,  0.00288844, -0.00033158,
        0.00021404])
 message: 'Optimization terminated successfully.'
    nfev: 655
     nit: 26
    njev: 26
  status: 0
 success: True
       x: array([ 0.36705956, -0.41313562, -0.3676587 , -0.26674755,  0.22075518,
        0.0420656 ,  0.12654118, -0.39181875,  0.6311694 ,  0.19223324,
        0.14956516, -0.48676005, -0.19213803, -0.1155776 ,  0.35398447,
        0.01315811, -0.18801242,  0.21871885,  0.23648151,  0.38289812,
       -0.55658481])

========================================================

Final result:
0.367059556697
-0.413135624551
-0.36765869784
0.137911588565
0.137911588565
0.137911588565
-0.266747546822
0.220755178672
0.0420656014794
0.126541177958
-0.391818753756
0.631169400086
0.192233237062
0.192233237062
0.14956516071
-0.486760054385
-0.19213802678
-0.115577599926
0.353984466395
0.0131581095311
-0.188012418737
0.218718854373
0.2364815052
0.382898123557
-0.556584808989
0.437835157307
