2.905306703750437e-05
2.905306703750437e-05
2.9053063389409506e-05
2.905306232337462e-05
2.9053066289183182e-05
2.9053071880880267e-05
2.9053072763933192e-05
2.9053070330181797e-05
2.9053070170590795e-05
2.9053071641375613e-05
2.9053067941423715e-05
2.9053081785257147e-05
2.905306689299636e-05
2.905306772618241e-05
2.905306856904133e-05
2.9053067110646285e-05
2.7569045088034482e-05
2.7569045088034482e-05
2.7569041473210537e-05
2.756904046635332e-05
2.7569044345528958e-05
2.7569049266941807e-05
2.756905008480862e-05
2.756904775650349e-05
2.756904759236916e-05
2.7569048929603855e-05
2.7569045580202955e-05
2.756905744927791e-05
2.7569044566970008e-05
2.756904551240828e-05
2.7569046306925233e-05
2.7569045106908195e-05
2.370484707457144e-05
2.370484707457144e-05
2.3704843622679457e-05
2.370484287920584e-05
2.3704846361052676e-05
2.3704848431971718e-05
2.3704848964685422e-05
2.370484710320493e-05
2.370484692837432e-05
2.3704847687946467e-05
2.3704845829223768e-05
2.370484932709684e-05
2.37048449667132e-05
2.370484638441842e-05
2.3704846974266694e-05
2.3704846864772504e-05
2.3112803708345043e-05
2.3112803708345043e-05
2.3112800355930814e-05
2.311279974106638e-05
2.31128030131422e-05
2.31128038700875e-05
2.311280427023637e-05
2.3112802633350054e-05
2.3112802466047186e-05
2.3112802965960336e-05
2.311280174201074e-05
2.3112801712163977e-05
2.3112800945205906e-05
2.3112802556817368e-05
2.3112803060758353e-05
2.3112803404121288e-05
2.280740978890375e-05
2.280740978890375e-05
2.2807406503886857e-05
2.2807405947743306e-05
2.2807409106656247e-05
2.2807409605448562e-05
2.2807409952442063e-05
2.2807408414377615e-05
2.2807408264550222e-05
2.2807408670598112e-05
2.28074076338947e-05
2.2807406610404675e-05
2.2807406858441516e-05
2.2807408518046475e-05
2.2807408998201318e-05
2.2807409460567994e-05
2.1017449197990367e-05
2.1017449197990367e-05
2.1017446349763366e-05
2.101744611438869e-05
2.1017448600856405e-05
2.1017447754757383e-05
2.1017447834439222e-05
2.1017446824456415e-05
2.10174468137754e-05
2.1017446783990307e-05
2.101744645063679e-05
2.101744192246255e-05
2.1017445765105386e-05
2.1017447560051617e-05
2.1017447958257096e-05
2.1017448797193062e-05
1.8282439607994425e-05
1.8282439607994425e-05
1.828243753166402e-05
1.8282437791302016e-05
1.8282439162664905e-05
1.8282437111195918e-05
1.8282436811308325e-05
1.8282436599282703e-05
1.8282436865294793e-05
1.828243627220491e-05
1.8282436570466968e-05
1.82824293681569e-05
1.8282435986234456e-05
1.828243780871813e-05
1.8282438148404747e-05
1.828243917968553e-05
1.480965257569259e-05
1.480965257569259e-05
1.4809651614726402e-05
1.480965250582424e-05
1.4809652351352406e-05
1.4809649920685718e-05
1.4809649180777692e-05
1.480964996347762e-05
1.4809650664548088e-05
1.4809649498055478e-05
1.4809649999439193e-05
1.4809643022506955e-05
1.4809649495669478e-05
1.4809651110017726e-05
1.4809651464840393e-05
1.4809652224565736e-05
1.276016693845141e-05
1.276016693845141e-05
1.2760166691773096e-05
1.2760167909157008e-05
1.276016685718361e-05
1.2760165446802774e-05
1.2760164526428363e-05
1.2760165797815572e-05
1.2760166809203811e-05
1.276016549831756e-05
1.2760165474682106e-05
1.2760162425793283e-05
1.2760164963202559e-05
1.276016621147727e-05
1.2760166667240045e-05
1.2760166745126089e-05
1.2284012328522341e-05
1.2284012328522341e-05
1.2284012131738471e-05
1.228401330991174e-05
1.2284012258510692e-05
1.22840119129111e-05
1.228401106073937e-05
1.228401224735518e-05
1.228401330399112e-05
1.2284012158033572e-05
1.2284011586187885e-05
1.2284011777492694e-05
1.2284011030178882e-05
1.228401206567769e-05
1.228401259861994e-05
1.2284012231417156e-05
1.2225150212987137e-05
1.2225150212987137e-05
1.2225149924167159e-05
1.222515103076075e-05
1.2225150125181264e-05
1.2225150110177649e-05
1.2225149320205762e-05
1.2225150385823393e-05
1.2225151411757915e-05
1.2225150365527862e-05
1.2225149627980742e-05
1.2225150679985146e-05
1.22251490556944e-05
1.2225150046261713e-05
1.2225150596801403e-05
1.2225150135119158e-05
1.2186419476215609e-05
1.2186419476215609e-05
1.2186419124611768e-05
1.21864201863274e-05
1.2186419376246607e-05
1.2186419507300596e-05
1.2186418755245448e-05
1.218641974394438e-05
1.2186420744646519e-05
1.2186419752095215e-05
1.2186418948886262e-05
1.2186420333111208e-05
1.2186418373554959e-05
1.2186419341272184e-05
1.2186419895340838e-05
1.2186419404580577e-05
1.2060989333241256e-05
1.2060989333241256e-05
1.2060988845768218e-05
1.2060989807958542e-05
1.2060989207184882e-05
1.2060989638686588e-05
1.2060988973925368e-05
1.2060989785085325e-05
1.2060990722771696e-05
1.2060989842557993e-05
1.2060988926738828e-05
1.2060990924582017e-05
1.206098836062965e-05
1.2060989257952715e-05
1.2060989809004902e-05
1.2060989273503285e-05
1.1791762952653157e-05
1.1791762952653157e-05
1.1791762283385117e-05
1.179176310401759e-05
1.1791762792304531e-05
1.1791763629800257e-05
1.1791763097764712e-05
1.1791763639951125e-05
1.1791764474118736e-05
1.1791763742622824e-05
1.1791762725092743e-05
1.1791765416503798e-05
1.1791762207260338e-05
1.1791762952563697e-05
1.1791763477037578e-05
1.1791762908579085e-05
1.1210933137282641e-05
1.1210933137282641e-05
1.1210932238564397e-05
1.12109328589217e-05
1.121093293518772e-05
1.1210934304567038e-05
1.1210933980514191e-05
1.1210934103986812e-05
1.121093475978447e-05
1.121093421440665e-05
1.1210933184741264e-05
1.1210936465316287e-05
1.1210932816695169e-05
1.1210933224623947e-05
1.1210933660193408e-05
1.1210933113172589e-05
1.0348081551336493e-05
1.0348081551336493e-05
1.0348080522925396e-05
1.0348080979469171e-05
1.0348081329210312e-05
1.0348083046013293e-05
1.0348082933824892e-05
1.0348082636517234e-05
1.0348083080291995e-05
1.0348082638219845e-05
1.0348081869544462e-05
1.0348084827996739e-05
1.034808179227746e-05
1.0348081671478455e-05
1.0348081928379618e-05
1.0348081539116215e-05
9.619064588698936e-06
9.619064588698936e-06
9.619063698716134e-06
9.619064175151947e-06
9.619064398823477e-06
9.61906588692014e-06
9.61906583659856e-06
9.619065427029687e-06
9.619065757085765e-06
9.619065201653112e-06
9.61906496940029e-06
9.619066280365066e-06
9.619065210222734e-06
9.619064623072243e-06
9.619064678975736e-06
9.619064565619367e-06
9.363258271579145e-06
9.363258271579145e-06
9.363257637127796e-06
9.363258263089423e-06
9.363258133257835e-06
9.363259093532168e-06
9.363258946675554e-06
9.36325874193929e-06
9.363259110186906e-06
9.363258351694005e-06
9.363258509207138e-06
9.363258248310923e-06
9.363258875960968e-06
9.3632581845306e-06
9.363258156636911e-06
9.363258227042527e-06
9.323332729118597e-06
9.323332729118597e-06
9.323332211544205e-06
9.323332920691978e-06
9.323332613246447e-06
9.323333315363098e-06
9.323333095324252e-06
9.3233330426822e-06
9.323333461676293e-06
9.323332616204414e-06
9.323332864065757e-06
9.323332102106185e-06
9.323333223104085e-06
9.323332591285068e-06
9.323332565418228e-06
9.323332674477001e-06
9.308856182519052e-06
9.308856182519052e-06
9.308855701682964e-06
9.308856438218326e-06
9.308856073488124e-06
9.30885668894442e-06
9.308856441489323e-06
9.308856447765742e-06
9.308856886552724e-06
9.308856021476073e-06
9.308856277295247e-06
9.308855411955794e-06
9.308856621556102e-06
9.308856028998894e-06
9.308856010983132e-06
9.308856124527187e-06
9.26925255655046e-06
9.26925255655046e-06
9.269252139516323e-06
9.269252919286699e-06
9.269252459358022e-06
9.269252916497326e-06
9.269252623784126e-06
9.269252734549408e-06
9.269253201248502e-06
9.269252322811986e-06
9.26925257766519e-06
9.269251580158358e-06
9.269252894028646e-06
9.269252374043385e-06
9.269252369759915e-06
9.269252492366688e-06
9.183563903318155e-06
9.183563903318155e-06
9.183563573844974e-06
9.183564400645426e-06
9.183563822465079e-06
9.183564047406755e-06
9.183563702768984e-06
9.183563952113998e-06
9.183564436909894e-06
9.183563586138116e-06
9.183563820686225e-06
9.18356271320944e-06
9.183564104493575e-06
9.183563676332002e-06
9.183563684469845e-06
9.183563829849242e-06
9.002693024160695e-06
9.002693024160695e-06
9.002692808662942e-06
9.002693666997053e-06
9.002692964850395e-06
9.002692853414914e-06
9.002692466589713e-06
9.002692882038902e-06
9.002693341257305e-06
9.002692634292167e-06
9.00269280209987e-06
9.002691708715021e-06
9.002693060074521e-06
9.0026927281393e-06
9.002692735515982e-06
9.002692936801024e-06
8.740848595563921e-06
8.740848595563921e-06
8.740848455141623e-06
8.740849269617413e-06
8.740848551057176e-06
8.740848144546326e-06
8.740847785459257e-06
8.740848278397211e-06
8.7408486138026e-06
8.74084823512127e-06
8.740848272707932e-06
8.740847526771143e-06
8.740848550127844e-06
8.740848230152012e-06
8.740848200112195e-06
8.740848495214586e-06
8.529743284287478e-06
8.529743284287478e-06
8.529743099576021e-06
8.529743777864725e-06
8.529743232596118e-06
8.5297428166832e-06
8.52974258056095e-06
8.529742947197833e-06
8.529743087614554e-06
8.529743099976959e-06
8.529742998774057e-06
8.529742893855716e-06
8.529743355862072e-06
8.529742900433081e-06
8.52974280041049e-06
8.52974318211298e-06
8.458910455279859e-06
8.458910455279859e-06
8.458910168227449e-06
8.458910732856677e-06
8.458910385078312e-06
8.45891017618381e-06
8.458910051453149e-06
8.458910225568774e-06
8.458910248214271e-06
8.458910437629913e-06
8.45891028386483e-06
8.458910608733845e-06
8.458910711377e-06
8.458910103352175e-06
8.458909956673342e-06
8.458910360863424e-06
8.446929755045159e-06
8.446929755045159e-06
8.446929418974644e-06
8.44692995006498e-06
8.446929675795005e-06
8.44692959130664e-06
8.446929502073875e-06
8.446929593497397e-06
8.446929594740101e-06
8.446929791860343e-06
8.44692964163312e-06
8.446930060579314e-06
8.446930090240599e-06
8.446929427305751e-06
8.446929271373337e-06
8.446929665855554e-06
8.440626440401526e-06
8.440626440401526e-06
8.440626084502592e-06
8.440626605563383e-06
8.440626357482796e-06
8.440626329723734e-06
8.440626251978732e-06
8.440626310395542e-06
8.440626309497143e-06
8.440626494418996e-06
8.440626351688582e-06
8.440626786214385e-06
8.440626805499582e-06
8.440626125616038e-06
8.440625969800327e-06
8.440626353967789e-06
8.421969730056334e-06
8.421969730056334e-06
8.42196933928638e-06
8.421969842620306e-06
8.421969640762503e-06
8.421969719820391e-06
8.421969662857373e-06
8.42196965926809e-06
8.421969656445811e-06
8.421969812630459e-06
8.421969687009377e-06
8.421970137467338e-06
8.421970146025227e-06
8.42196944359762e-06
8.421969293448915e-06
8.421969649757295e-06
8.379915575817082e-06
8.379915575817082e-06
8.379915141262256e-06
8.379915618624689e-06
8.379915478742282e-06
8.379915705485209e-06
8.379915679055631e-06
8.379915586041524e-06
8.379915579607192e-06
8.379915694207728e-06
8.37991559517006e-06
8.379916055388023e-06
8.379916052885774e-06
8.379915337414521e-06
8.379915205956503e-06
8.379915506214315e-06
8.28174409048706e-06
8.28174409048706e-06
8.281743606141241e-06
8.281744042534352e-06
8.281743985196908e-06
8.281744416382873e-06
8.281744437968712e-06
8.281744210532019e-06
8.281744194852834e-06
8.28174425081274e-06
8.281744194729923e-06
8.281744643288466e-06
8.28174462979391e-06
8.281743941059161e-06
8.28174386241611e-06
8.281744041307548e-06
8.105850640647906e-06
8.105850640647906e-06
8.105850139652634e-06
8.105850528474086e-06
8.105850534470923e-06
8.105851140790932e-06
8.105851217698801e-06
8.105850849122792e-06
8.1058508147913e-06
8.105850818908966e-06
8.105850814113215e-06
8.105851193610585e-06
8.105851179671274e-06
8.10585062154321e-06
8.105850652944171e-06
8.10585062250586e-06
7.89984108547806e-06
7.89984108547806e-06
7.899840656620188e-06
7.899841021245965e-06
7.899840995787292e-06
7.899841568885219e-06
7.899841673025553e-06
7.899841262200245e-06
7.899841202830293e-06
7.899841212741988e-06
7.899841236550141e-06
7.899841472878581e-06
7.899841482451871e-06
7.899841185115683e-06
7.899841367440073e-06
7.899841097358684e-06
7.786822967819422e-06
7.786822967819422e-06
7.786822666848504e-06
7.786823052891364e-06
7.786822903821665e-06
7.78682321520684e-06
7.786823293019311e-06
7.786822990053312e-06
7.786822915900048e-06
7.78682299727841e-06
7.786823001612696e-06
7.786823108025108e-06
7.786823153123258e-06
7.786823086773473e-06
7.786823360993036e-06
7.786822986901914e-06
7.76345214854107e-06
7.76345214854107e-06
7.763451916735225e-06
7.763452330724475e-06
7.763452097535605e-06
7.763452215567506e-06
7.763452260067614e-06
7.763452062175039e-06
7.76345198764468e-06
7.763452123290724e-06
7.763452099076615e-06
7.763452167129048e-06
7.76345222977448e-06
7.763452228854523e-06
7.763452507606367e-06
7.763452159700186e-06
7.760746150183212e-06
7.760746150183212e-06
7.760745930688765e-06
7.760746353727306e-06
7.760746101260584e-06
7.760746171728314e-06
7.760746205437812e-06
7.760746038176443e-06
7.760745965584326e-06
7.760746114824372e-06
7.760746080852188e-06
7.760746150469463e-06
7.760746215713816e-06
7.760746210859671e-06
7.760746478597789e-06
7.760746156857255e-06
7.758674685208922e-06
7.758674685208922e-06
7.758674470307275e-06
7.758674897753571e-06
7.758674636997331e-06
7.758674686000823e-06
7.758674714275664e-06
7.758674561923863e-06
7.758674490736622e-06
7.758674646115082e-06
7.758674607015368e-06
7.758674680056532e-06
7.758674745964298e-06
7.758674734473488e-06
7.758674994193815e-06
7.758674689220697e-06
7.751668089124576e-06
7.751668089124576e-06
7.751667883712649e-06
7.751668319587767e-06
7.751668042393553e-06
7.75166804788752e-06
7.751668065127547e-06
7.751667943189908e-06
7.751667875171946e-06
7.751668042822149e-06
7.751667992862024e-06
7.751668074043507e-06
7.751668140812988e-06
7.751668113985284e-06
7.75166835594975e-06
7.751668087421786e-06
7.735051537042101e-06
7.735051537042101e-06
7.735051346571924e-06
7.735051792822468e-06
7.73505149274578e-06
7.735051436070668e-06
7.735051438020397e-06
7.735051359044784e-06
7.735051295928896e-06
7.735051480646966e-06
7.735051414586193e-06
7.735051508100888e-06
7.735051575274534e-06
7.735051525982702e-06
7.735051741362788e-06
7.735051526911587e-06
7.690726703587445e-06
7.690726703587445e-06
7.69072654126724e-06
7.690726999774023e-06
7.690726664146688e-06
7.690726506708741e-06
7.690726485285835e-06
7.690726474365798e-06
7.690726420079636e-06
7.690726631202988e-06
7.69072653764871e-06
7.69072665241528e-06
7.69072671814043e-06
7.690726632071927e-06
7.690726801799243e-06
7.690726679238756e-06
7.5833844392756034e-06
7.5833844392756034e-06
7.583384327357245e-06
7.583384791648137e-06
7.583384409125504e-06
7.583384107613696e-06
7.583384056422191e-06
7.583384138706971e-06
7.583384099292035e-06
7.583384344931158e-06
7.583384208522589e-06
7.5833843567580366e-06
7.583384415044071e-06
7.583384275722788e-06
7.583384373758299e-06
7.5833843932003425e-06
7.344091333565557e-06
7.344091333565557e-06
7.3440913084013834e-06
7.344091749158953e-06
7.344091320642993e-06
7.344090846401176e-06
7.344090768986788e-06
7.344090952380732e-06
7.344090936622276e-06
7.344091215224283e-06
7.344091018275826e-06
7.344091214575294e-06
7.344091250046662e-06
7.34409104521416e-06
7.344091040705162e-06
7.344091257833357e-06
6.926866309103739e-06
6.926866309103739e-06
6.926866402746239e-06
6.926866749695291e-06
6.926866322043067e-06
6.926865749473951e-06
6.926865682088539e-06
6.926865895034631e-06
6.926865908135061e-06
6.926866183255575e-06
6.92686592771687e-06
6.926866172268254e-06
6.926866158139123e-06
6.926865911632504e-06
6.926865804995861e-06
6.926866206982686e-06
6.47592033061897e-06
6.47592033061897e-06
6.475920513918445e-06
6.4759206933414785e-06
6.475920366633105e-06
6.475919936650576e-06
6.475919948875148e-06
6.475920013374147e-06
6.4759200427605125e-06
6.475920238893499e-06
6.475919977335246e-06
6.475920230678273e-06
6.4759201503774774e-06
6.475919947769719e-06
6.475919824119745e-06
6.4759202309101784e-06
6.256258331509328e-06
6.256258331509328e-06
6.256258510210629e-06
6.256258559650852e-06
6.2562583714265256e-06
6.256258244145791e-06
6.256258355288588e-06
6.256258183346992e-06
6.256258204136327e-06
6.2562582949628506e-06
6.256258088423629e-06
6.25625830171458e-06
6.2562581837883795e-06
6.2562580866727275e-06
6.256258049743826e-06
6.2562582636284845e-06
6.219459303204536e-06
6.219459303204536e-06
6.219459443511803e-06
6.219459464383863e-06
6.219459336907692e-06
6.219459372245831e-06
6.219459523586017e-06
6.219459239289338e-06
6.219459247628124e-06
6.2194592931626235e-06
6.219459128795384e-06
6.219459309613112e-06
6.219459190536296e-06
6.219459152350793e-06
6.219459184601348e-06
6.219459257376268e-06
6.217438013802103e-06
6.217438013802103e-06
6.217438140039306e-06
6.21743816499015e-06
6.2174380446766865e-06
6.217438106193803e-06
6.21743826112989e-06
6.2174379621591535e-06
6.217437966919838e-06
6.217438007387349e-06
6.217437852721272e-06
6.2174380257449716e-06
6.217437910797288e-06
6.217437882583462e-06
6.217437930876561e-06
6.217437972649794e-06
6.216583107886115e-06
6.216583107886115e-06
6.216583229207851e-06
6.216583256931003e-06
6.216583137698819e-06
6.216583204133952e-06
6.216583358875522e-06
6.216583058378408e-06
6.216583062201574e-06
6.216583102032411e-06
6.216582950209946e-06
6.216583120824313e-06
6.216583008059411e-06
6.216582981844635e-06
6.216583034493178e-06
6.216583067985259e-06
6.212719552008902e-06
6.212719552008902e-06
6.212719660184444e-06
6.21271969474338e-06
6.212719578920705e-06
6.212719655688561e-06
6.212719808816384e-06
6.212719507379229e-06
6.212719509466397e-06
6.212719547375985e-06
6.2127194033410045e-06
6.2127195671039294e-06
6.212719461163169e-06
6.2127194392628315e-06
6.212719502512917e-06
6.212719515346117e-06
6.203673735507821e-06
6.203673735507821e-06
6.203673824681186e-06
6.203673866834078e-06
6.203673758131683e-06
6.2036738460012915e-06
6.203673995181987e-06
6.203673697409785e-06
6.203673698607613e-06
6.203673732453517e-06
6.2036736004778294e-06
6.2036737531562975e-06
6.203673658920445e-06
6.203673641811681e-06
6.203673718745416e-06
6.203673703525851e-06
6.179921853025835e-06
6.179921853025835e-06
6.179921909032403e-06
6.179921958767506e-06
6.179921867947427e-06
6.179921966545869e-06
6.1799221051501696e-06
6.179921825366383e-06
6.1799218288617915e-06
6.179921852373796e-06
6.1799217434480555e-06
6.179921873900338e-06
6.179921804418407e-06
6.179921792399839e-06
6.179921889441436e-06
6.179921829265444e-06
6.132323342869642e-06
6.132323342869642e-06
6.132323354122545e-06
6.132323402166842e-06
6.132323346943145e-06
6.132323441999118e-06
6.1323235586387635e-06
6.132323327333558e-06
6.132323341989129e-06
6.1323233447367e-06
6.132323271122575e-06
6.132323365540915e-06
6.132323338503848e-06
6.132323326532225e-06
6.1323234428217505e-06
6.132323330320976e-06
6.06372008996691e-06
6.06372008996691e-06
6.063720062859968e-06
6.063720086566377e-06
6.06372008386917e-06
6.063720141320259e-06
6.063720224367463e-06
6.063720081065597e-06
6.06372012075433e-06
6.063720092609289e-06
6.063720057345134e-06
6.063720109275266e-06
6.063720135971982e-06
6.063720110956306e-06
6.063720228610056e-06
6.063720087256472e-06
6.0122719187411555e-06
6.0122719187411555e-06
6.012271892778217e-06
6.012271875837857e-06
6.012271911369008e-06
6.012271907460716e-06
6.012271964811472e-06
6.0122719028535356e-06
6.0122719697506155e-06
6.012271918859043e-06
6.0122718970657645e-06
6.012271929287301e-06
6.012271985745056e-06
6.012271937473496e-06
6.012272027723085e-06
6.0122719161509694e-06
5.996349501127306e-06
5.996349501127306e-06
5.996349500658672e-06
5.996349459573041e-06
5.996349498977642e-06
5.996349459170087e-06
5.996349512813544e-06
5.9963494742147e-06
5.996349551714632e-06
5.996349498291504e-06
5.996349465258453e-06
5.99634950527015e-06
5.996349556578891e-06
5.996349493939458e-06
5.996349556600902e-06
5.9963494924027075e-06
5.99458538892417e-06
5.99458538892417e-06
5.994585400807222e-06
5.99458535599134e-06
5.994585389608846e-06
5.9945853444412715e-06
5.994585401412906e-06
5.9945853579778024e-06
5.994585435226182e-06
5.994585385138253e-06
5.994585343851466e-06
5.9945853916699355e-06
5.994585434440348e-06
5.994585369401524e-06
5.994585423949321e-06
5.994585377149174e-06
5.9944962119323265e-06
5.9944962119323265e-06
5.994496225782861e-06
5.994496181307134e-06
5.994496213104415e-06
5.994496168493637e-06
5.994496226576453e-06
5.99449618049708e-06
5.994496257068122e-06
5.994496208050496e-06
5.994496165126874e-06
5.994496214653718e-06
5.994496255351346e-06
5.994496190474274e-06
5.9944962443257234e-06
5.994496199663708e-06
5.994389940613722e-06
5.994389940613722e-06
5.994389956051465e-06
5.994389912047787e-06
5.994389942187153e-06
5.994389898323112e-06
5.994389957388252e-06
5.9943899088172055e-06
5.994389984697018e-06
5.9943899366644445e-06
5.9943898923657225e-06
5.9943899433540075e-06
5.99438998222136e-06
5.994389917606659e-06
5.99438997098553e-06
5.994389927947999e-06
5.994044996576182e-06
5.994044996576182e-06
5.994045014975992e-06
5.994044971944258e-06
5.99404499890372e-06
5.99404495656827e-06
5.99404501740777e-06
5.994044964122334e-06
5.994045038618778e-06
5.994044992500836e-06
5.994044945646519e-06
5.9940449993605785e-06
5.9940450347196496e-06
5.994044970700074e-06
5.994045023139705e-06
5.9940449831771476e-06
5.9931546631009714e-06
5.9931546631009714e-06
5.9931546859259335e-06
5.99315464448539e-06
5.993154666564585e-06
5.993154626716681e-06
5.993154690001057e-06
5.9931546296928375e-06
5.993154701948443e-06
5.9931546588313765e-06
5.993154608217688e-06
5.993154665954283e-06
5.993154695907529e-06
5.993154632991054e-06
5.993154683824242e-06
5.993154648626912e-06
5.990739721676464e-06
5.990739721676464e-06
5.990739751538491e-06
5.9907397129839585e-06
5.990739726971458e-06
5.990739691599728e-06
5.990739758211438e-06
5.990739686822235e-06
5.990739755059951e-06
5.990739717081205e-06
5.990739660651314e-06
5.990739724644015e-06
5.99073974557294e-06
5.990739684973209e-06
5.990739732697928e-06
5.990739705547764e-06
5.98461800250078e-06
5.98461800250078e-06
5.9846180426087866e-06
5.984618009189623e-06
5.984618010527243e-06
5.984617983038425e-06
5.984618053017527e-06
5.984617965728521e-06
5.984618026921941e-06
5.984617997387009e-06
5.984617932916188e-06
5.984618005646167e-06
5.98461801231174e-06
5.984617956564279e-06
5.984617998303335e-06
5.984617984107397e-06
5.970006636234837e-06
5.970006636234837e-06
5.970006689354398e-06
5.970006664954362e-06
5.970006647903976e-06
5.970006634080085e-06
5.970006704381102e-06
5.970006597528779e-06
5.970006646580373e-06
5.970006630343961e-06
5.970006556806497e-06
5.970006639636837e-06
5.970006625181422e-06
5.970006579554704e-06
5.9700066097850235e-06
5.970006615352341e-06
5.940472345030543e-06
5.940472345030543e-06
5.94047240815966e-06
5.940472397590639e-06
5.9404723599818835e-06
5.940472366754707e-06
5.940472426390917e-06
5.9404723062218695e-06
5.940472337112625e-06
5.940472338214409e-06
5.94047226086079e-06
5.940472348714822e-06
5.940472309710755e-06
5.940472282794667e-06
5.9404722933881455e-06
5.940472323300665e-06
5.8982593563769545e-06
5.8982593563769545e-06
5.898259412600945e-06
5.898259416475572e-06
5.898259370734158e-06
5.898259398389263e-06
5.898259427410748e-06
5.898259322458585e-06
5.898259335185306e-06
5.898259349059703e-06
5.898259285330121e-06
5.89825936016183e-06
5.898259309208796e-06
5.898259307400877e-06
5.898259294017653e-06
5.898259338946056e-06
5.866470682184363e-06
5.866470682184363e-06
5.866470710065881e-06
5.866470718382899e-06
5.866470690284133e-06
5.866470723414505e-06
5.8664707136012964e-06
5.866470657318587e-06
5.866470665669266e-06
5.86647067541562e-06
5.866470642474345e-06
5.866470685706872e-06
5.866470651752585e-06
5.866470666078261e-06
5.866470640079538e-06
5.866470673905682e-06
5.8572948477435326e-06
5.8572948477435326e-06
5.857294851966147e-06
5.857294855146656e-06
5.857294850003926e-06
5.857294874763143e-06
5.857294846537756e-06
5.857294828657072e-06
5.857294844673734e-06
5.857294841852938e-06
5.857294830558776e-06
5.857294850938076e-06
5.857294841825025e-06
5.85729485559887e-06
5.8572948329071195e-06
5.857294845734761e-06
5.856640970818983e-06
5.856640970818983e-06
5.856640969065801e-06
5.8566409687292745e-06
5.856640971449797e-06
5.856640990845252e-06
5.856640961486657e-06
5.85664095274614e-06
5.856640973540352e-06
5.856640965255788e-06
5.856640958411862e-06
5.856640973903316e-06
5.856640973737939e-06
5.8566409838536085e-06
5.856640965470455e-06
5.856640970049904e-06
5.85668458752659e-06
5.85668458752659e-06
5.856684585609748e-06
5.8566845846731745e-06
5.856684588077561e-06
5.856684606586951e-06
5.8566845779986345e-06
5.856684569380131e-06
5.856684590950806e-06
5.856684581996448e-06
5.8566845750432536e-06
5.856684590601641e-06
5.856684591288146e-06
5.856684600504433e-06
5.856684583028236e-06
5.8566845867131695e-06
5.856694494925544e-06
5.856694494925544e-06
5.856694493066843e-06
5.85669449202829e-06
5.856694495482714e-06
5.856694513842304e-06
5.8566944854853935e-06
5.856694476741664e-06
5.856694498441424e-06
5.8566944893988864e-06
5.856694482339595e-06
5.856694497999919e-06
5.856694498763688e-06
5.856694507798679e-06
5.856694490494768e-06
5.856694494078624e-06
5.856716127218987e-06
5.856716127218987e-06
5.856716125589406e-06
5.856716124198177e-06
5.856716127803425e-06
5.856716145635522e-06
5.856716118128608e-06
5.8567161088969306e-06
5.856716131046706e-06
5.856716121704376e-06
5.856716114248387e-06
5.856716130291085e-06
5.856716131301076e-06
5.856716139696307e-06
5.856716122998131e-06
5.856716126246513e-06
5.856711510842535e-06
5.856711510842535e-06
5.85671150950167e-06
5.856711507672565e-06
5.856711511460337e-06
5.8567115286140104e-06
5.856711502208452e-06
5.856711492346129e-06
5.856711515065558e-06
5.856711505344493e-06
5.8567114973885466e-06
5.856711513911251e-06
5.856711515226245e-06
5.856711522817111e-06
5.85671150688162e-06
5.8567115097099215e-06
5.856614054446886e-06
5.856614054446886e-06
5.856614053608302e-06
5.856614051021403e-06
5.8566140551187945e-06
5.856614071031584e-06
5.856614046651998e-06
5.8566140356435055e-06
5.856614059380134e-06
5.856614048982324e-06
5.856614040149541e-06
5.856614057508098e-06
5.856614059356258e-06
5.856614065529603e-06
5.856614050942274e-06
5.856614053027854e-06
5.856235967878515e-06
5.856235967878515e-06
5.856235967783265e-06
5.8562359640836246e-06
5.856235968620072e-06
5.856235982535021e-06
5.856235961444248e-06
5.856235948610974e-06
5.856235973923661e-06
5.856235962475778e-06
5.856235952326307e-06
5.856235970924343e-06
5.856235973570271e-06
5.856235977595764e-06
5.85623596506195e-06
5.856235966014899e-06
5.855034546895807e-06
5.855034546895807e-06
5.855034547903103e-06
5.855034542576868e-06
5.85503454771205e-06
5.855034558219571e-06
5.855034542805991e-06
5.855034526912735e-06
5.855034554757735e-06
5.855034541618594e-06
5.855034529463793e-06
5.855034549907067e-06
5.855034553760713e-06
5.855034554462434e-06
5.855034545135274e-06
5.855034544315866e-06
5.851698820146287e-06
5.851698820146287e-06
5.851698822580017e-06
5.851698815215673e-06
5.851698820979016e-06
5.851698825834901e-06
5.851698820002856e-06
5.851698799161473e-06
5.8516988308277075e-06
5.8516988151260485e-06
5.85169880022981e-06
5.851698823079876e-06
5.851698828564587e-06
5.8516988245793555e-06
5.851698819851377e-06
5.8516988164802e-06
5.843330237250949e-06
5.843330237250949e-06
5.843330240995105e-06
5.8433302319578415e-06
5.843330237857973e-06
5.843330233786015e-06
5.8433302434770855e-06
5.8433302151175144e-06
5.843330251931891e-06
5.843330232750976e-06
5.843330214894618e-06
5.843330240014292e-06
5.8433302472032826e-06
5.843330237750152e-06
5.8433302386011395e-06
5.843330232108047e-06
5.825816093077405e-06
5.825816093077405e-06
5.825816096463128e-06
5.82581608863438e-06
5.825816092839534e-06
5.82581607714659e-06
5.825816107891556e-06
5.825816070398905e-06
5.825816111969733e-06
5.825816089505082e-06
5.8258160707962815e-06
5.825816095514986e-06
5.825816103012857e-06
5.8258160906809085e-06
5.8258160951019995e-06
5.825816086535401e-06
5.800054600389242e-06
5.800054600389242e-06
5.800054599379628e-06
5.800054599209885e-06
5.8000545984359285e-06
5.80005457433714e-06
5.800054622010245e-06
5.800054579220124e-06
5.800054620334601e-06
5.8000545979897285e-06
5.8000545846767e-06
5.800054602382441e-06
5.800054606277506e-06
5.800054600355902e-06
5.800054599962214e-06
5.800054593883473e-06
5.780130738079342e-06
5.780130738079342e-06
5.780130729901618e-06
5.780130741344867e-06
5.7801307343880375e-06
5.780130713016692e-06
5.780130758727686e-06
5.780130720376252e-06
5.780130753541217e-06
5.780130736342065e-06
5.78013073377135e-06
5.780130739782965e-06
5.780130736896498e-06
5.780130746541528e-06
5.780130732340123e-06
5.7801307337397735e-06
5.7744075994205284e-06
5.7744075994205284e-06
5.774407587127834e-06
5.774407604905557e-06
5.774407595132373e-06
5.774407581545506e-06
5.774407614942386e-06
5.7744075840875965e-06
5.774407609962391e-06
5.774407597590476e-06
5.774407601921622e-06
5.774407601122511e-06
5.774407594000344e-06
5.774407614515433e-06
5.774407590134913e-06
5.774407597121527e-06
5.774203528317484e-06
5.774203528317484e-06
5.774203515426308e-06
5.774203534013838e-06
5.77420352407702e-06
5.774203513709589e-06
5.774203541560407e-06
5.774203513457383e-06
5.774203537356056e-06
5.774203526315378e-06
5.774203531897144e-06
5.774203530074435e-06
5.774203522221168e-06
5.774203544965798e-06
5.774203518349559e-06
5.774203526582489e-06
5.774306862538432e-06
5.774306862538432e-06
5.774306849715777e-06
5.774306868169995e-06
5.774306858341466e-06
5.774306848365933e-06
5.774306875483522e-06
5.774306847671383e-06
5.774306871461865e-06
5.774306860498461e-06
5.774306866027116e-06
5.774306864309149e-06
5.774306856497639e-06
5.774306879222814e-06
5.7743068525882405e-06
5.7743068608359205e-06
5.77435106090504e-06
5.77435106090504e-06
5.774351048127338e-06
5.774351066501015e-06
5.774351056728191e-06
5.774351046880036e-06
5.774351073749948e-06
5.7743510460260825e-06
5.774351069801607e-06
5.774351058850339e-06
5.774351064328955e-06
5.774351062681289e-06
5.774351054904311e-06
5.77435107757576e-06
5.774351050977208e-06
5.774351059206854e-06
5.7744575678121075e-06
5.7744575678121075e-06
5.7744575551648655e-06
5.774457573305862e-06
5.774457563692126e-06
5.774457554193827e-06
5.774457580380267e-06
5.774457552899981e-06
5.774457576636785e-06
5.774457565717225e-06
5.774457571048928e-06
5.774457569603589e-06
5.7744575619277646e-06
5.7744575844342855e-06
5.774457557952274e-06
5.7744575661222234e-06
5.774560602491441e-06
5.774560602491441e-06
5.774560590025671e-06
5.774560607843175e-06
5.7745605984495375e-06
5.774560589431969e-06
5.774560614678029e-06
5.77456058753917e-06
5.7745606112153515e-06
5.774560600343743e-06
5.77456060547189e-06
5.774560604303305e-06
5.774560596768332e-06
5.774560619036629e-06
5.774560592730573e-06
5.774560600808308e-06
5.7746267948657474e-06
5.7746267948657474e-06
5.774626782726427e-06
5.7746267999626e-06
5.774626790961984e-06
5.774626782798519e-06
5.774626806370962e-06
5.774626779857616e-06
5.774626803404113e-06
5.7746267926308595e-06
5.774626797395889e-06
5.774626796712175e-06
5.774626789430458e-06
5.77462681124881e-06
5.774626785293885e-06
5.774626793182686e-06
5.7744445160996105e-06
5.7744445160996105e-06
5.774444504499307e-06
5.774444520776629e-06
5.774444512418291e-06
5.774444505640247e-06
5.774444526491012e-06
5.774444501039663e-06
5.774444524320423e-06
5.7744445137399326e-06
5.774444517912803e-06
5.774444517997953e-06
5.774444511134156e-06
5.774444532156637e-06
5.774444506866997e-06
5.774444514386894e-06
5.773421735932223e-06
5.773421735932223e-06
5.773421725263409e-06
5.773421739886108e-06
5.773421732621325e-06
5.773421728176466e-06
5.773421744426335e-06
5.773421720882619e-06
5.773421743576589e-06
5.773421733404285e-06
5.7734217365719875e-06
5.7734217379075865e-06
5.773421731765412e-06
5.773421751281644e-06
5.773421727353044e-06
5.773421734094715e-06
5.7700774763837306e-06
5.7700774763837306e-06
5.770077467282751e-06
5.770077479126784e-06
5.770077473663286e-06
5.770077473000266e-06
5.770077481750193e-06
5.770077461587544e-06
5.770077482992662e-06
5.770077473684611e-06
5.770077475203806e-06
5.770077478458688e-06
5.770077473529431e-06
5.77007749020172e-06
5.770077469062802e-06
5.770077474162437e-06
5.761360536661315e-06
5.761360536661315e-06
5.761360530013465e-06
5.761360537523258e-06
5.7613605347907804e-06
5.761360539720977e-06
5.761360537280496e-06
5.76136052279012e-06
5.761360541503903e-06
5.761360533945136e-06
5.761360532981594e-06
5.761360538824836e-06
5.761360535789962e-06
5.761360547320601e-06
5.761360531664188e-06
5.761360533450454e-06
5.743849485152205e-06
5.743849485152205e-06
5.7438494814730274e-06
5.743849483765448e-06
5.743849484158892e-06
5.7438494951942895e-06
5.74384948032634e-06
5.743849473481651e-06
5.743849487558117e-06
5.743849482928487e-06
5.7438494791582744e-06
5.743849487285244e-06
5.74384948653574e-06
5.74384949042893e-06
5.743849483693546e-06
5.743849479947801e-06
5.7207586302162835e-06
5.7207586302162835e-06
5.720758628163515e-06
5.720758627648446e-06
5.720758629426121e-06
5.720758642589578e-06
5.720758622957294e-06
5.720758621734043e-06
5.720758630738755e-06
5.72075862920325e-06
5.720758624258138e-06
5.7207586320802295e-06
5.720758632569672e-06
5.720758629683508e-06
5.720758632028006e-06
5.720758622460055e-06
5.705492978766348e-06
5.705492978766348e-06
5.705492975671355e-06
5.705492977060649e-06
5.705492977271927e-06
5.705492986554193e-06
5.705492974204592e-06
5.705492972343636e-06
5.705492979360873e-06
5.705492978924416e-06
5.705492975482807e-06
5.7054929802805e-06
5.705492979948954e-06
5.7054929760372455e-06
5.705492981238211e-06
5.7054929696251426e-06
5.702007075268975e-06
5.702007075268975e-06
5.7020070707196166e-06
5.7020070746980354e-06
5.702007073164126e-06
5.702007078663137e-06
5.7020070737328516e-06
5.702007069059326e-06
5.7020070767000054e-06
5.702007075798498e-06
5.702007073968032e-06
5.7020070766336734e-06
5.70200707517401e-06
5.70200707331388e-06
5.702007076874608e-06
5.702007066153922e-06
5.702104755098303e-06
5.702104755098303e-06
5.702104750132539e-06
5.702104754846319e-06
5.702104752851064e-06
5.702104757408912e-06
5.70210475436428e-06
5.702104748718239e-06
5.702104756832885e-06
5.702104755624352e-06
5.702104754212815e-06
5.702104756449666e-06
5.702104754668567e-06
5.702104753698803e-06
5.70210475630045e-06
5.702104746161192e-06
5.702201738765825e-06
5.702201738765825e-06
5.7022017337685745e-06
5.7022017385372895e-06
5.7022017365114645e-06
5.702201741014147e-06
5.702201738085221e-06
5.70220173234684e-06
5.702201740530565e-06
5.702201739279255e-06
5.702201737894575e-06
5.7022017401194725e-06
5.702201738314281e-06
5.702201737445949e-06
5.702201739919955e-06
5.702201729861424e-06
     fun: 5.774043112751529e-06
     jac: array([ 3.21363132e-08, -1.85628437e-08, -1.59528213e-08,  7.37554728e-08,
       -3.75482045e-08, -1.64610753e-07,  8.15384738e-09,  1.09814152e-07,
        2.23666120e-07, -2.34339836e-08, -5.03815727e-08, -7.94794346e-08,
        7.52627329e-08, -5.18523166e-07])
 message: 'Optimization terminated successfully.'
    nfev: 1552
     nit: 97
    njev: 97
  status: 0
 success: True
       x: array([ 0.56155428, -0.5092268 , -0.4646364 , -0.42641746,  0.26601914,
        0.06913599,  0.09842806, -0.41418479,  0.5420833 ,  0.12397329,
       -0.50706351, -0.36575606,  0.25702117, -0.3002435 ])

========================================================

Final result:
0.561554280831521
-0.5092267963614031
-0.46463640493071423
0.13743630682019878
0.13743630682019878
0.13743630682019878
-0.42641746123112756
0.26601914438271945
0.06913599094879994
0.09842806296128317
-0.41418479281698534
0.5420833046236291
0.1239732883206326
0.1239732883206326
0.1239732883206326
-0.5070635101110683
-0.3657560641687284
0.257021169608619
-0.3002434989744405
0.1363525966051339
0.1363525966051339
0.1363525966051339
