15.2496913176
15.2496913176
15.2496904477
15.2496901199
15.2496911429
15.2496931656
15.2496934631
15.2496926955
15.2496925562
15.2496928371
15.249692235
15.2496928613
15.2496927945
15.2496930186
15.2496923858
15.2496957391
15.2496948052
15.2496931357
15.2496968853
15.2496917112
681531.170171
68144.8109691
6806.18469568
1131.66494393
204.461239664
35.9597961307
12.4489269978
12.4489269978
12.44892609
12.4489258208
12.4489268129
12.4489272002
12.448927408
12.4489267537
12.4489265567
12.4489264111
12.4489269362
12.4489263982
12.4489263287
12.448926231
12.4489271867
12.4489249536
12.44892555
12.448926049
12.4489240641
12.4489268861
30038.6344303
3323.56458962
594.039435408
110.59806677
20.0772108839
9.58149946434
9.58149946434
9.58149912313
9.58149926354
9.5814993838
9.58149832144
9.58149813012
9.58149840657
9.5814984276
9.58149815981
9.58149882166
9.58149799688
9.58149835343
9.58149801928
9.58149898271
9.58149628788
9.58149644966
9.58149817337
9.58149577435
9.58149911733
13286.9227928
1325.43387188
169.49880234
23.1079881901
8.9840313052
8.9840313052
8.98403142321
8.98403181136
8.98403131858
8.98403019376
8.98402988608
8.98403039309
8.98403061193
8.98403000594
8.98403075852
8.98402984875
8.9840301176
8.9840297935
8.98403087378
8.98402783104
8.9840284003
8.98402955228
8.98402592567
8.98403105413
7632.44319104
762.029109097
75.4549269368
10.8400100581
8.87350710254
8.87350710254
8.87350723532
8.87350761612
8.87350712023
8.87350598809
8.87350570427
8.87350615159
8.87350635171
8.87350575657
8.87350650908
8.87350563834
8.87350572252
8.87350563448
8.8735066104
8.87350293912
8.87350433839
8.8735054127
8.87350192576
8.87350682911
4274.84224016
425.580548725
41.460207005
9.10057019601
8.59373974017
8.59373974017
8.59373992304
8.59374024492
8.5937397704
8.5937384866
8.59373829043
8.59373865137
8.59373873112
8.59373837688
8.59373903666
8.59373840705
8.59373837304
8.5937381474
8.59373910484
8.59373563407
8.59373664488
8.59373791708
8.59373415504
8.59373942286
590.430081964
58.370741974
9.59064964128
8.47440085894
8.47440085894
8.47440112428
8.4744014603
8.47440090847
8.47439966049
8.4743994777
8.47439978681
8.47439988684
8.47439944524
8.47440016203
8.47439943797
8.47439945409
8.47439918804
8.47440020336
8.47439665351
8.4743975528
8.47439900611
8.47439522835
8.47440056488
1218.40451754
120.885181698
13.672344433
8.3655348365
8.3655348365
8.36553510738
8.36553537211
8.36553488826
8.36553355086
8.36553340118
8.36553367231
8.36553374146
8.36553334983
8.36553406192
8.36553324491
8.36553340907
8.36553318543
8.36553407623
8.36553060958
8.36553168559
8.3655329472
8.36552904568
8.36553451254
735.721014754
72.3492637956
9.84146643426
8.15477988225
8.15477988225
8.15478023623
8.15478043066
8.15477995015
8.1547784867
8.15477834644
8.15477868559
8.15477873468
8.15477837817
8.15477916335
8.15477832983
8.15477841087
8.15477817215
8.15477927701
8.15477549963
8.15477657254
8.15477794584
8.1547739566
8.1547795508
720.031359302
71.3000437513
10.0006657491
8.05323187905
8.05323187905
8.05323222061
8.05323240162
8.05323194296
8.05323046767
8.05323029073
8.05323069133
8.05323081252
8.05323037191
8.05323111407
8.05323032778
8.05323039389
8.05323015076
8.05323112566
8.0532274449
8.0532285197
8.05322992261
8.05322589144
8.05323157801
92.1613174908
10.28512052
7.6403574166
7.6403574166
7.64035780152
7.64035798986
7.6403574918
7.64035601583
7.64035577716
7.64035621698
7.64035633599
7.64035590559
7.64035662327
7.64035585751
7.64035593114
7.64035568878
7.64035666223
7.64035298251
7.6403540438
7.64035546834
7.64035144845
7.64035699269
140.004791919
13.520938497
7.12226418807
7.12226418807
7.12226458578
7.12226481849
7.12226426691
7.12226281563
7.12226251862
7.12226301955
7.12226307584
7.12226272261
7.1222634671
7.12226267457
7.12226275376
7.12226252381
7.12226340687
7.12225990392
7.1222609208
7.12226232154
7.12225845752
7.1222638738
77.2670257774
8.29011290259
6.54603962722
6.54603962722
6.54604003866
6.54604029129
6.54603970496
6.54603825828
6.54603806745
6.5460385236
6.5460386171
6.5460382785
6.54603894293
6.54603822556
6.54603830611
6.5460380996
6.54603887564
6.54603567986
6.54603660503
6.54603792052
6.54603437655
6.54603931164
19.6287331872
5.53480472852
5.53480472852
5.53480503585
5.53480513508
5.53480479122
5.53480442051
5.53480431776
5.53480455472
5.53480460729
5.53480460467
5.53480456703
5.53480459888
5.53480461926
5.53480461336
5.53480453483
5.53480438882
5.53480446057
5.53480461855
5.5348043622
5.53480471286
14.6491884947
5.4600891907
5.4600891907
5.46008926037
5.46008919903
5.46008920646
5.46008986084
5.46008992561
5.46008984947
5.46008984183
5.46009008191
5.46008958067
5.46009014783
5.46009007898
5.46009022359
5.46008951489
5.46009185901
5.46009125405
5.46009036518
5.4600928281
5.46008940121
5.35098020623
5.35098020623
5.35097996748
5.35097988784
5.35098015574
5.3509802394
5.35098031089
5.3509801136
5.3509800616
5.35098000211
5.35098017396
5.35098002064
5.35097997752
5.35097994213
5.35098024519
5.35097950324
5.35097972414
5.35097988505
5.35097919377
5.35098016867
5.43854895624
5.22810217506
5.22810217506
5.22810203326
5.22810201252
5.22810214445
5.22810205035
5.22810206963
5.22810199177
5.22810197052
5.22810188794
5.22810207562
5.22810188178
5.22810187981
5.22810182286
5.22810213166
5.22810128873
5.22810151227
5.22810176812
5.2281009424
5.22810211482
5.39286221722
5.13448553308
5.13448553308
5.13448553474
5.13448556527
5.13448553105
5.13448541606
5.13448539103
5.13448543217
5.13448544919
5.13448539691
5.13448546855
5.13448539396
5.13448541373
5.13448538197
5.1344854839
5.1344851986
5.13448525497
5.13448537791
5.13448508351
5.13448550666
5.18252469117
5.11301322469
5.11301322469
5.11301324173
5.11301326613
5.11301322622
5.11301316461
5.11301314561
5.11301318087
5.11301319586
5.11301316827
5.11301319334
5.11301317052
5.11301318326
5.11301316236
5.11301319985
5.11301311296
5.11301312638
5.11301316854
5.11301307595
5.11301321672
5.07394025164
5.09185215289
5.09185215289
5.09185215268
5.09185215689
5.09185215164
5.09185215347
5.09185215231
5.09185215103
5.09185215432
5.09185214502
5.09185214914
5.09185215591
5.09185214882
5.09185214182
5.09185215547
5.09185214781
5.09185215724
5.09185214389
5.0918521414
5.09185215697
5.08986661996
5.09115120469
5.09115120469
5.09115120244
5.09115120622
5.09115120282
5.09115120702
5.09115120603
5.09115120425
5.09115120751
5.09115119884
5.09115120197
5.09115120933
5.09115120338
5.09115119622
5.09115120867
5.09115120807
5.0911512132
5.09115119964
5.09115120625
5.09115120907
5.09015517389
5.09076564982
5.09076564982
5.09076564587
5.09076564975
5.09076564768
5.09076565298
5.09076565189
5.09076565033
5.09076565378
5.09076564542
5.09076564775
5.09076565534
5.09076565071
5.09076564327
5.09076565482
5.09076566036
5.09076566134
5.09076564817
5.09076566255
5.09076565437
5.09112388713
5.0908394664
5.0908394664
5.09083946211
5.090839466
5.09083946415
5.09083946987
5.0908394688
5.09083946722
5.09083947068
5.09083946235
5.09083946452
5.09083947215
5.09083946771
5.09083946024
5.09083947169
5.09083947831
5.09083947864
5.09083946536
5.09083948102
5.09083947102
5.09091413067
     fun: 5.374965483752801
     jac: array([ 0.0163613 ,  0.02548653,  0.00294024, -0.02388757, -0.03792471,
       -0.00593913, -0.0007835 ,  0.00652474, -0.00558078, -0.00040698,
        0.01715881,  0.01266938, -0.01224405,  0.06221908,  0.01393986,
        0.03315407,  0.12067586, -0.00230199])
 message: 'Optimization terminated successfully.'
    nfev: 511
     nit: 23
    njev: 23
  status: 0
 success: True
       x: array([ 0.53411948, -0.49146957, -0.45521026, -0.40578069,  0.25589326,
       -0.00167755,  0.11020179,  0.12089911,  0.64813123,  0.02208242,
       -0.39675205,  0.0255731 , -0.53132097,  0.10931904,  0.01907678,
       -0.3030079 ,  0.08359029, -0.5830017 ])

========================================================

Final result:
0.534119481497
-0.491469574621
-0.455210264955
0.13752011936
0.13752011936
0.13752011936
-0.405780688075
0.25589325552
-0.00167754741227
0.11020179459
0.120899110666
0.648131232737
0.0220824234277
-0.396752053567
0.0255731029758
-0.531320965093
0.109319035378
0.109319035378
0.109319035378
0.0190767810402
0.0190767810402
-0.303007903812
0.0835902887799
0.0835902887799
0.0835902887799
-0.583001696479
0.42187839997
