14.3754787581
14.3754787581
14.3754781247
14.3754779128
14.3754786276
14.3754794802
14.3754796501
14.3754791993
14.3754791651
14.3754794171
14.3754787849
14.3754804093
14.3754791675
14.3754785776
14.3754787893
14.3754794472
14.3754802737
14.3754788012
14.3754789653
14.3754787526
135947.212596
13590.8750713
1371.43458477
153.658251547
20.691239873
13.731753362
13.731753362
13.7317527529
13.731752595
13.7317532354
13.7317533314
13.7317534421
13.7317530876
13.731753048
13.7317531381
13.7317529074
13.7317531813
13.7317528141
13.7317527225
13.7317524857
13.7317529899
13.7317526847
13.7317531056
13.7317532242
13.7317532949
19424.9639019
2143.85004147
382.448505487
70.1384928653
14.1770724143
10.4919166324
10.4919166324
10.4919166849
10.4919169849
10.4919166335
10.4919161782
10.4919159393
10.4919163533
10.4919166622
10.4919163262
10.4919162299
10.4919160801
10.4919162148
10.4919160717
10.4919160689
10.4919163608
10.4919161109
10.4919164206
10.4919165219
10.4919165758
8541.72741847
850.420534852
114.13693992
17.0973356134
9.62132172537
9.62132172537
9.62132175565
9.62132202765
9.62132172505
9.62132162895
9.62132147458
9.62132168401
9.62132201046
9.62132140933
9.62132162437
9.62132100008
9.62132124767
9.62132160275
9.62132130925
9.62132109145
9.6213202345
9.62132167972
9.62132174393
9.62132170809
9966.2920695
993.986454388
109.588285312
14.5756779614
9.15555972354
9.15555972354
9.15555966477
9.15555985197
9.15555970586
9.15555938077
9.15555929766
9.15555942335
9.15555960543
9.1555592045
9.15555950688
9.1555584481
9.15555930443
9.1555596278
9.15555946193
9.15555926939
9.1555586723
9.15555952482
9.15555946934
9.15555967523
3137.2100214
311.910913257
30.5667575735
9.08613197058
8.89933300955
8.89933300955
8.89933305777
8.89933323883
8.89933301412
8.89933253442
8.89933247457
8.89933264412
8.89933271722
8.89933254493
8.8993328088
8.89933200316
8.89933255379
8.89933299884
8.89933267528
8.89933247355
8.89933175224
8.89933280368
8.89933270926
8.89933296258
1557.5075871
154.648112264
16.5981895737
8.78396383032
8.78396383032
8.78396392811
8.7839640983
8.7839638476
8.78396339022
8.78396336256
8.78396345019
8.78396349715
8.78396331015
8.783963614
8.7839626611
8.78396335552
8.78396369753
8.78396349221
8.78396329569
8.78396259256
8.78396372723
8.78396375912
8.78396380916
209.173711513
20.9839127869
8.60758627565
8.60758627565
8.6075865312
8.60758664987
8.60758633027
8.60758589918
8.60758590693
8.60758590621
8.60758592813
8.60758572539
8.60758606744
8.60758504118
8.60758573279
8.60758616846
8.60758582293
8.60758572053
8.60758505447
8.60758611189
8.60758602641
8.60758624062
888.368100086
87.7095186846
11.0924458388
8.43805823603
8.43805823603
8.43805848196
8.43805854053
8.43805828744
8.43805779141
8.43805776596
8.43805785422
8.43805790728
8.43805769255
8.43805801101
8.43805699582
8.43805774413
8.43805805527
8.43805792442
8.43805766001
8.43805692543
8.43805809331
8.4380580225
8.43805820675
545.743769217
54.4709358495
9.59076580831
8.39704711627
8.39704711627
8.39704735423
8.39704740952
8.39704716529
8.39704665935
8.39704661207
8.39704674155
8.39704679788
8.39704656243
8.39704693192
8.39704585988
8.39704659205
8.39704699912
8.3970467384
8.39704653851
8.39704583294
8.3970470029
8.39704692575
8.39704709492
71.3419361647
9.97529631882
8.23935522357
8.23935522357
8.23935543748
8.23935555278
8.23935526887
8.23935481796
8.23935470693
8.23935486113
8.23935488461
8.23935468015
8.23935504889
8.23935399172
8.23935471446
8.23935509656
8.23935487968
8.23935465027
8.2393539632
8.23935511719
8.23935502303
8.23935520438
34.0063493167
7.56113367036
7.56113367036
7.56113388455
7.56113395226
7.56113371382
7.56113332946
7.56113330668
7.56113341256
7.5611334527
7.56113329043
7.56113355725
7.56113277216
7.56113333209
7.56113363916
7.56113347681
7.56113324238
7.56113278793
7.56113358233
7.56113354955
7.56113364939
23.7722996037
7.57428846451
7.4763676655
7.4763676655
7.47636786311
7.47636792434
7.47636770551
7.47636735953
7.47636734035
7.47636743778
7.47636746883
7.47636733218
7.47636757455
7.47636685454
7.47636738727
7.47636764097
7.47636748769
7.47636730044
7.47636686943
7.47636759477
7.47636755311
7.47636764903
10.2813356157
7.22902150348
7.22902150348
7.2290214963
7.22902147782
7.22902150106
7.22902157089
7.22902162647
7.22902156781
7.22902155557
7.22902158872
7.22902156662
7.22902168439
7.22902159734
7.2290215731
7.22902161556
7.22902160911
7.22902171961
7.2290215472
7.22902152876
7.22902151428
29.2705217897
7.58813078529
7.21312649889
7.21312649889
7.21312648053
7.21312643996
7.21312649521
7.21312661336
7.21312665077
7.21312658973
7.2131265707
7.21312662255
7.21312656416
7.21312676716
7.21312663
7.21312658224
7.213126631
7.2131266511
7.21312680105
7.21312654068
7.21312654484
7.21312650799
8.32582634537
7.24894153618
7.24894153618
7.2489414953
7.24894145824
7.2489415275
7.24894165579
7.24894169319
7.2489416333
7.2489416106
7.24894167101
7.24894160014
7.24894183587
7.24894166443
7.24894159916
7.24894165594
7.24894169904
7.24894185685
7.24894157454
7.24894158421
7.24894154097
7.48233014085
7.26745253032
7.26745253032
7.26745249905
7.26745248021
7.26745252359
7.26745259365
7.26745261343
7.26745257935
7.26745256884
7.26745260486
7.2674525559
7.26745269851
7.26745259236
7.26745255623
7.26745258674
7.26745262191
7.267452701
7.2674525504
7.26745255478
7.26745253223
7.31635407975
7.27201612102
7.27201612102
7.27201611134
7.2720161141
7.27201611834
7.27201611858
7.27201611973
7.27201611682
7.27201612062
7.27201612174
7.27201611254
7.27201612979
7.27201611103
7.27201611359
7.27201611508
7.27201613141
7.27201611784
7.27201611955
7.27201612024
7.27201611823
7.27166907759
7.27135779907
7.27135779907
7.2713577927
7.2713577969
7.27135779704
7.27135779568
7.2713577961
7.27135779501
7.27135779947
7.27135779787
7.27135779163
7.2713578015
7.27135778851
7.27135779398
7.27135779475
7.27135780769
7.27135779096
7.27135779784
7.27135779793
7.27135779666
7.27150901274
7.27134734982
7.27134734982
7.27134734544
7.27134734949
7.2713473483
7.27134734992
7.27134735092
7.27134734894
7.27134735327
7.27134735092
7.27134734584
7.27134735509
7.27134734311
7.27134734963
7.27134735111
7.27134736135
7.27134734675
7.27134735041
7.27134734984
7.27134734773
7.27094767104
7.2711984962
7.2711984962
7.271198492
7.27119849577
7.27119849469
7.27119849625
7.27119849749
7.27119849503
7.27119849911
7.27119849681
7.27119849228
7.27119850017
7.27119848912
7.27119849635
7.27119849739
7.27119850712
7.2711984918
7.27119849672
7.27119849601
7.27119849412
7.27045764511
7.2709442207
7.2709442207
7.27094421647
7.27094422012
7.27094421921
7.27094422018
7.27094422149
7.27094421889
7.27094422283
7.27094422058
7.27094421638
7.27094422315
7.27094421283
7.27094422051
7.27094422113
7.27094423076
7.27094421456
7.27094422095
7.27094422019
7.27094421857
7.27051269098
7.27075884022
     fun: 7.525726703375778
     jac: array([-0.00722605, -0.00853902, -0.00067639,  0.03267074,  0.03636855,
        0.02694845,  0.02784735,  0.02954829,  0.02021945,  0.05962372,
        0.02996695,  0.02008444,  0.03139037,  0.03222376,  0.0603407 ,
        0.01180607,  0.01197439,  0.00298035])
 message: 'Optimization terminated successfully.'
    nfev: 490
     nit: 22
    njev: 22
  status: 0
 success: True
       x: array([  5.28027988e-01,  -4.78008639e-01,  -4.74439520e-01,
        -3.70095400e-01,   2.43035788e-01,  -5.76220071e-04,
         9.71764240e-02,  -3.29695909e-01,   5.46286768e-01,
         1.16907872e-01,   6.75005642e-01,  -4.89216523e-01,
        -4.96401422e-01,  -8.76137066e-01,   3.84481810e-01,
        -3.86386762e-01,   2.71145944e-01,  -2.77743663e-01])

========================================================

Final result:
0.52802798766
-0.478008639109
-0.474439520418
0.141473390622
0.141473390622
0.141473390622
-0.370095399875
0.243035788485
-0.000576220071313
0.0971764239539
-0.32969590923
0.546286767575
0.116907872482
0.116907872482
0.675005641728
-0.489216523434
-0.496401421813
-0.876137066022
0.384481809687
0.384481809687
-0.38638676161
0.271145944029
-0.277743663194
0.130274345047
0.130274345047
0.130274345047
