7.408559262528013e-05
7.408559262528013e-05
7.408558135143067e-05
7.408557989461297e-05
7.408558307080632e-05
7.408556537480756e-05
7.408558238005888e-05
7.408558354519108e-05
7.408558213478919e-05
7.408558203776043e-05
7.408558550120875e-05
7.408557887844374e-05
7.40855791847367e-05
7.408558785276155e-05
7.408557762885847e-05
7.408558202529517e-05
7.408559215521223e-05
7.408559255927169e-05
7.408559435651829e-05
7.40855954581303e-05
7.408559291359536e-05
6.479108278505246e-05
6.479108278505246e-05
6.479107393771653e-05
6.479107246616559e-05
6.47910758594776e-05
6.479106355124761e-05
6.479107473929602e-05
6.479107594860623e-05
6.479107417172742e-05
6.47910740383582e-05
6.479107713105177e-05
6.479107100330535e-05
6.479107219570658e-05
6.479107919470816e-05
6.479106974780817e-05
6.47910746759272e-05
6.479108298529161e-05
6.479108283425613e-05
6.479108453183499e-05
6.479108567488645e-05
6.479108307998335e-05
4.995001997097358e-05
4.995001997097358e-05
4.9950019508190644e-05
4.99500180087461e-05
4.995002207767784e-05
4.9950028246258185e-05
4.9950019545464e-05
4.995002089178094e-05
4.995001790534069e-05
4.995001765572801e-05
4.995001945313193e-05
4.995001507486896e-05
4.995001935826561e-05
4.9950020501464175e-05
4.995001382346686e-05
4.995002053593188e-05
4.995002250524297e-05
4.995002042147309e-05
4.9950021749600847e-05
4.995002301458504e-05
4.9950020284602e-05
4.916177391398788e-05
4.916177391398788e-05
4.9161773667951385e-05
4.916177219103817e-05
4.91617762026088e-05
4.916178270884805e-05
4.916177370538054e-05
4.9161775039364697e-05
4.916177207863094e-05
4.916177183542258e-05
4.9161773584670306e-05
4.916176929137263e-05
4.916177368213774e-05
4.91617745861256e-05
4.916176806482952e-05
4.916177476847976e-05
4.916177652585757e-05
4.916177437794908e-05
4.916177567117464e-05
4.916177691783663e-05
4.9161774223855436e-05
4.52344897241166e-05
4.52344897241166e-05
4.523448951560095e-05
4.523448816494781e-05
4.523449177551592e-05
4.523449761088823e-05
4.5234489655266414e-05
4.523449090325019e-05
4.523448824498334e-05
4.523448805233202e-05
4.5234489714383534e-05
4.523448564655883e-05
4.523449019079149e-05
4.523449059970653e-05
4.5234484554466586e-05
4.523449095983904e-05
4.523449243648482e-05
4.5234490205986556e-05
4.523449135960262e-05
4.523449249009765e-05
4.5234490010808155e-05
3.3470740854558504e-05
3.3470740854558504e-05
3.347074027067247e-05
3.3470739486824466e-05
3.347074127352144e-05
3.347074294862233e-05
3.347074090354942e-05
3.347074175605196e-05
3.34707405200398e-05
3.3470740560812234e-05
3.347074190774993e-05
3.3470738744317736e-05
3.3470743723412435e-05
3.347074234211497e-05
3.347073825301774e-05
3.347074316725708e-05
3.3470743845169e-05
3.3470741386974554e-05
3.347074193895449e-05
3.347074254176635e-05
3.347074103531359e-05
3.057749635222105e-05
3.057749635222105e-05
3.057749540365762e-05
3.057749505277456e-05
3.057749546545228e-05
3.057749385935941e-05
3.0577496396451236e-05
3.057749694273606e-05
3.057749678721115e-05
3.057749700668496e-05
3.0577498109895984e-05
3.0577495635679067e-05
3.057750082919904e-05
3.0577498214542364e-05
3.0577495601960596e-05
3.057749929133833e-05
3.057749949868447e-05
3.05774969133091e-05
3.0577497008029474e-05
3.057749720697027e-05
3.057749645019116e-05
3.0298507787091008e-05
3.0298507787091008e-05
3.02985068224678e-05
3.029850650398162e-05
3.0298506839472376e-05
3.0298505079870364e-05
3.0298507817270985e-05
3.0298508337752246e-05
3.0298508244843564e-05
3.029850847697639e-05
3.0298509544803063e-05
3.0298507139775016e-05
3.0298512263941325e-05
3.0298509628568885e-05
3.029850713928664e-05
3.0298510669001603e-05
3.0298510913231783e-05
3.0298508344632895e-05
3.029850840322448e-05
3.0298508572198657e-05
3.0298507877140016e-05
2.8806282048743663e-05
2.8806282048743663e-05
2.880628112669883e-05
2.8806280889492243e-05
2.880628111965014e-05
2.8806279380095137e-05
2.880628203968184e-05
2.8806282486477367e-05
2.880628248378162e-05
2.880628274479966e-05
2.8806283659591877e-05
2.8806281496430134e-05
2.880628617936875e-05
2.8806283698180082e-05
2.880628157607475e-05
2.880628448935078e-05
2.880628503024714e-05
2.880628258064797e-05
2.880628254025981e-05
2.8806282635514014e-05
2.880628211329271e-05
2.3912843604744072e-05
2.3912843604744072e-05
2.3912843009631026e-05
2.391284306158513e-05
2.3912843080439934e-05
2.3912842206003038e-05
2.391284347013585e-05
2.391284363880352e-05
2.3912843830780333e-05
2.391284418930912e-05
2.3912844437486117e-05
2.391284326483578e-05
2.3912845894982204e-05
2.3912844326944817e-05
2.3912843623384306e-05
2.3912843956796555e-05
2.3912845905863647e-05
2.391284401575578e-05
2.3912843607807882e-05
2.391284344423441e-05
2.3912843568482558e-05
2.2270439476773693e-05
2.2270439476773693e-05
2.2270439254242095e-05
2.2270439561130467e-05
2.227043946713975e-05
2.227043972302978e-05
2.2270439242787784e-05
2.2270439159336397e-05
2.2270439464644727e-05
2.2270439907329878e-05
2.2270439510750157e-05
2.2270439270579582e-05
2.227043987249158e-05
2.2270439275782617e-05
2.22704398716073e-05
2.2270437766226747e-05
2.2270441103767186e-05
2.2270439767899825e-05
2.2270439030638276e-05
2.2270438641441805e-05
2.2270439347483292e-05
2.223595003560343e-05
2.223595003560343e-05
2.2235949827553045e-05
2.2235950132385824e-05
2.223595005301822e-05
2.2235950371801638e-05
2.223594980583176e-05
2.2235949723312756e-05
2.2235950015581793e-05
2.2235950457846426e-05
2.223595005407432e-05
2.22359498175677e-05
2.223595039127842e-05
2.2235949823832223e-05
2.2235950415330034e-05
2.223594830707913e-05
2.223595165292867e-05
2.2235950324993347e-05
2.223594959128224e-05
2.223594920538396e-05
2.2235949906654684e-05
2.2048893298043487e-05
2.2048893298043487e-05
2.2048893111612257e-05
2.2048893412466752e-05
2.2048893350605025e-05
2.2048893748601758e-05
2.204889307880641e-05
2.2048892999935767e-05
2.204889327003495e-05
2.2048893714476217e-05
2.2048893297446477e-05
2.204889305962945e-05
2.2048893592362577e-05
2.204889308652532e-05
2.2048893648500133e-05
2.20488915950425e-05
2.20488949011034e-05
2.2048893584883476e-05
2.204889286747594e-05
2.204889249211903e-05
2.2048893172024913e-05
2.1151154222473525e-05
2.1151154222473525e-05
2.1151154080216445e-05
2.1151154385144972e-05
2.1151154315142937e-05
2.115115478706869e-05
2.115115403165786e-05
2.1151153955547947e-05
2.1151154191463828e-05
2.1151154657556254e-05
2.1151154177666603e-05
2.1151153952251834e-05
2.1151154334332055e-05
2.1151154047164694e-05
2.115115452251317e-05
2.1151152712922292e-05
2.115115577310152e-05
2.115115450003908e-05
2.115115384213473e-05
2.1151153496643077e-05
2.1151154107651822e-05
1.7962921831951134e-05
1.7962921831951134e-05
1.7962921809752057e-05
1.7962922167247842e-05
1.7962921930807807e-05
1.7962922318574357e-05
1.7962921738521577e-05
1.796292165286635e-05
1.7962921834242534e-05
1.7962922414690062e-05
1.7962921645297016e-05
1.796292150980872e-05
1.796292125430802e-05
1.796292186240617e-05
1.7962922030753595e-05
1.7962921285120727e-05
1.7962923159004313e-05
1.7962922070141556e-05
1.7962921655241555e-05
1.796292141532574e-05
1.7962921763502147e-05
1.618298588967444e-05
1.618298588967444e-05
1.6182985986693366e-05
1.61829864422354e-05
1.6182985879034214e-05
1.6182985862453012e-05
1.61829859163416e-05
1.618298580318665e-05
1.6182985971458936e-05
1.6182986726633545e-05
1.6182985537388984e-05
1.6182985555038183e-05
1.6182984409305277e-05
1.618298624401237e-05
1.618298602811168e-05
1.6182986789588903e-05
1.6182986898777945e-05
1.6182986071982214e-05
1.6182985992014565e-05
1.618298588529586e-05
1.618298588554401e-05
1.6156587744861555e-05
1.6156587744861555e-05
1.6156587826993762e-05
1.6156588287861905e-05
1.6156587701005038e-05
1.6156587604704985e-05
1.615658776700859e-05
1.6156587651324038e-05
1.615658783559015e-05
1.615658859241306e-05
1.6156587403403634e-05
1.6156587427833182e-05
1.6156586289805796e-05
1.6156588106703387e-05
1.615658790682308e-05
1.615658866389747e-05
1.6156588750455763e-05
1.615658792657369e-05
1.6156587845195968e-05
1.6156587734433075e-05
1.6156587740515198e-05
1.6012684184809988e-05
1.6012684184809988e-05
1.601268422659404e-05
1.6012684692713563e-05
1.601268406195304e-05
1.6012683779507616e-05
1.6012684197175405e-05
1.601268408266968e-05
1.6012684295662782e-05
1.6012685044818257e-05
1.6012683876143376e-05
1.6012683912847675e-05
1.601268282434307e-05
1.601268455322343e-05
1.6012684405384713e-05
1.601268511272499e-05
1.6012685169994883e-05
1.601268436293331e-05
1.601268428023382e-05
1.6012684160894714e-05
1.6012684180039644e-05
1.5325680549929866e-05
1.5325680549929866e-05
1.5325680480856914e-05
1.532568092668127e-05
1.532568023868814e-05
1.5325679521088452e-05
1.5325680552430196e-05
1.53256804762786e-05
1.53256807060733e-05
1.5325681388376888e-05
1.5325680342777855e-05
1.532568039732969e-05
1.5325679528606114e-05
1.53256808953588e-05
1.532568091525135e-05
1.532568139956282e-05
1.532568140547256e-05
1.532568070499297e-05
1.5325680650860076e-05
1.5325680525599245e-05
1.5325680548689864e-05
1.3687985899507371e-05
1.3687985899507371e-05
1.368798557025984e-05
1.368798582970314e-05
1.3687985259210048e-05
1.36879838209162e-05
1.3687985947649078e-05
1.3687986102343378e-05
1.3687986122510394e-05
1.368798646486228e-05
1.3687985975923678e-05
1.368798600986054e-05
1.3687985988021184e-05
1.3687986028628621e-05
1.3687986539747385e-05
1.3687986163653576e-05
1.3687986152601766e-05
1.3687985946953825e-05
1.3687986091062205e-05
1.3687986023345194e-05
1.3687985925750659e-05
1.3396981694421443e-05
1.3396981694421443e-05
1.3396981432800055e-05
1.3396981583409465e-05
1.3396981268091076e-05
1.339698035857944e-05
1.3396981808455388e-05
1.3396982062660599e-05
1.3396981855078526e-05
1.3396982078158144e-05
1.339698174834275e-05
1.3396981716790995e-05
1.3396981849753389e-05
1.3396981695942265e-05
1.339698218959295e-05
1.3396981656237094e-05
1.3396981766082095e-05
1.3396981709194268e-05
1.3396981949984336e-05
1.339698194808674e-05
1.3396981735167336e-05
1.3276324637336879e-05
1.3276324637336879e-05
1.3276324509859644e-05
1.3276324565009178e-05
1.3276324537669677e-05
1.3276324417204695e-05
1.3276324822073206e-05
1.3276325151273312e-05
1.3276324708226998e-05
1.3276324853455906e-05
1.3276324607141473e-05
1.3276324499879183e-05
1.3276324652368444e-05
1.3276324526814001e-05
1.3276324900778854e-05
1.3276324348635257e-05
1.327632460812461e-05
1.327632463376379e-05
1.327632495177147e-05
1.3276325018153004e-05
1.3276324690038861e-05
1.3270078477558148e-05
1.3270078477558148e-05
1.3270078373804777e-05
1.3270078424116178e-05
1.3270078426521345e-05
1.3270078421370722e-05
1.3270078668281592e-05
1.3270078998215294e-05
1.3270078535381882e-05
1.3270078682452592e-05
1.3270078428224893e-05
1.3270078312933219e-05
1.3270078439613864e-05
1.3270078361672592e-05
1.3270078705254912e-05
1.3270078180756385e-05
1.3270078456639751e-05
1.32700784754223e-05
1.3270078794436069e-05
1.3270078866187381e-05
1.3270078530431344e-05
1.3262020283124927e-05
1.3262020283124927e-05
1.326202019936005e-05
1.3262020247601057e-05
1.3262020272776252e-05
1.3262020364162628e-05
1.326202047680549e-05
1.3262020804710903e-05
1.3262020329277564e-05
1.3262020479979535e-05
1.3262020216354933e-05
1.3262020095072829e-05
1.3262020194167472e-05
1.3262020165792518e-05
1.3262020480861987e-05
1.3262019988005848e-05
1.3262020273981463e-05
1.3262020283045422e-05
1.3262020598487364e-05
1.3262020672722526e-05
1.3262020335310522e-05
1.3241391073991633e-05
1.3241391073991633e-05
1.3241391019242512e-05
1.3241391064686318e-05
1.3241391126094656e-05
1.3241391366984695e-05
1.3241391268979924e-05
1.3241391592120164e-05
1.3241391100012003e-05
1.324139125475583e-05
1.3241390980116015e-05
1.324139084988827e-05
1.3241390905687166e-05
1.3241390956704364e-05
1.3241391226274952e-05
1.3241390789020055e-05
1.3241391083617689e-05
1.324139107716263e-05
1.3241391380581165e-05
1.3241391455664073e-05
1.3241391123690285e-05
1.3191259811738395e-05
1.3191259811738395e-05
1.3191259794117754e-05
1.3191259835567816e-05
1.319125995370307e-05
1.3191260413321064e-05
1.3191260000819585e-05
1.3191260313934145e-05
1.3191259803101022e-05
1.319125995838498e-05
1.3191259678668542e-05
1.3191259535868075e-05
1.3191259529888851e-05
1.3191259699137959e-05
1.3191259900084887e-05
1.3191259557677309e-05
1.3191259847755309e-05
1.3191259819399102e-05
1.3191260089905658e-05
1.3191260159140612e-05
1.319125985437141e-05
1.308318190419244e-05
1.308318190419244e-05
1.308318191790043e-05
1.308318195467469e-05
1.3083182150424765e-05
1.3083182872993861e-05
1.3083182066753887e-05
1.3083182360343805e-05
1.3083181840930597e-05
1.3083181983258026e-05
1.3083181725286806e-05
1.3083181568586375e-05
1.3083181492796559e-05
1.3083181808528729e-05
1.3083181922047701e-05
1.3083181726766336e-05
1.3083181968833571e-05
1.3083181916509876e-05
1.308318210949268e-05
1.3083182154144246e-05
1.3083181929826925e-05
1.2906660607954652e-05
1.2906660607954652e-05
1.2906660606836433e-05
1.2906660641289327e-05
1.2906660905405488e-05
1.290666178068649e-05
1.2906660706825142e-05
1.290666097041487e-05
1.2906660480769208e-05
1.2906660581771688e-05
1.2906660405649483e-05
1.2906660243860469e-05
1.2906660138755134e-05
1.2906660550176507e-05
1.2906660600609477e-05
1.2906660573031292e-05
1.290666068141676e-05
1.2906660621119159e-05
1.290666067481071e-05
1.2906660661614013e-05
1.290666060259354e-05
1.2737616912097951e-05
1.2737616912097951e-05
1.2737616818442924e-05
1.2737616857216233e-05
1.2737617116669693e-05
1.2737617808082315e-05
1.2737616925971699e-05
1.27376171630033e-05
1.27376167541354e-05
1.2737616791876481e-05
1.2737616748767281e-05
1.2737616603039918e-05
1.2737616570938433e-05
1.273761690255459e-05
1.2737616987562073e-05
1.2737617033486085e-05
1.2737616948770915e-05
1.2737616918016792e-05
1.2737616824017716e-05
1.2737616734736215e-05
1.2737616873380312e-05
1.2666675540438113e-05
1.2666675540438113e-05
1.266667534577144e-05
1.2666675392369233e-05
1.2666675582699887e-05
1.2666675905497093e-05
1.2666675507283518e-05
1.2666675738584002e-05
1.2666675403096303e-05
1.2666675400498032e-05
1.266667544702708e-05
1.2666675325833055e-05
1.2666675411477132e-05
1.2666675555886388e-05
1.2666675741524397e-05
1.2666675724666331e-05
1.2666675523271696e-05
1.2666675536573312e-05
1.2666675387509515e-05
1.2666675257131339e-05
1.266667548885502e-05
1.2654670275696445e-05
1.2654670275696445e-05
1.2654670044605723e-05
1.2654670095395047e-05
1.2654670241081502e-05
1.265467038039133e-05
1.2654670238838426e-05
1.2654670474460327e-05
1.2654670161912161e-05
1.2654670153375024e-05
1.2654670215811163e-05
1.265467010549196e-05
1.2654670245387197e-05
1.265467029200459e-05
1.2654670532392795e-05
1.265467045074771e-05
1.2654670234842648e-05
1.2654670267708465e-05
1.2654670130201743e-05
1.265466999747327e-05
1.2654670226438111e-05
1.2651921355058765e-05
1.2651921355058765e-05
1.2651921118415112e-05
1.2651921170822775e-05
1.26519213027644e-05
1.2651921397680214e-05
1.2651921321294544e-05
1.2651921558889829e-05
1.26519212498473e-05
1.2651921243149228e-05
1.2651921303068857e-05
1.2651921194967802e-05
1.265192134737202e-05
1.2651921369070825e-05
1.2651921623214602e-05
1.2651921519142706e-05
1.2651921309017788e-05
1.2651921346211084e-05
1.2651921219981843e-05
1.2651921090738703e-05
1.2651921308259527e-05
1.2646203402557368e-05
1.2646203402557368e-05
1.2646203161113094e-05
1.2646203217041618e-05
1.2646203328861598e-05
1.2646203368547375e-05
1.2646203373871921e-05
1.2646203612933884e-05
1.2646203309338193e-05
1.2646203306940179e-05
1.2646203360427116e-05
1.2646203254613424e-05
1.2646203423034553e-05
1.2646203412553483e-05
1.2646203682912383e-05
1.2646203548950736e-05
1.2646203350021232e-05
1.2646203392650194e-05
1.2646203284502415e-05
1.2646203161787581e-05
1.2646203359716072e-05
1.263217471118966e-05
1.263217471118966e-05
1.2632174465429334e-05
1.2632174530275481e-05
1.263217460645459e-05
1.263217456399323e-05
1.263217468969765e-05
1.2632174927253225e-05
1.2632174636795588e-05
1.2632174643330087e-05
1.2632174684037275e-05
1.2632174580688983e-05
1.2632174774810874e-05
1.2632174714343835e-05
1.2632175005790765e-05
1.2632174828245517e-05
1.2632174648352253e-05
1.2632174699602654e-05
1.2632174621643382e-05
1.2632174510938036e-05
1.2632174674951466e-05
1.2598368680076262e-05
1.2598368680076262e-05
1.2598368434463856e-05
1.2598368521480088e-05
1.2598368532235057e-05
1.2598368370949396e-05
1.2598368667032873e-05
1.2598368892721036e-05
1.2598368634699428e-05
1.259836865980153e-05
1.2598368675446365e-05
1.2598368573375074e-05
1.2598368809638039e-05
1.2598368671757202e-05
1.2598368985812625e-05
1.2598368749212751e-05
1.2598368600558164e-05
1.2598368665757648e-05
1.259836863770523e-05
1.2598368549214119e-05
1.2598368654732105e-05
1.2527937228629165e-05
1.2527937228629165e-05
1.2527936998904617e-05
1.2527937134014719e-05
1.252793703655204e-05
1.2527936741179581e-05
1.252793721997319e-05
1.2527937408042503e-05
1.252793722026012e-05
1.2527937280169829e-05
1.2527937251566643e-05
1.2527937145263562e-05
1.2527937441494979e-05
1.2527937203601564e-05
1.25279375234407e-05
1.2527937230608496e-05
1.2527937125816506e-05
1.2527937210467034e-05
1.2527937253714134e-05
1.2527937202100684e-05
1.2527937218798177e-05
1.2419055036281875e-05
1.2419055036281875e-05
1.2419054853219927e-05
1.241905506750287e-05
1.2419054836391249e-05
1.2419054483476118e-05
1.2419055016394643e-05
1.2419055126828589e-05
1.2419055054569204e-05
1.2419055164506383e-05
1.2419055076511717e-05
1.2419054954023587e-05
1.2419055307475672e-05
1.2419054994579719e-05
1.2419055266823955e-05
1.2419054976382429e-05
1.2419054912129606e-05
1.2419055014539068e-05
1.2419055126254208e-05
1.2419055120384556e-05
1.2419055041246947e-05
1.2324685434719628e-05
1.2324685434719628e-05
1.2324685317080914e-05
1.2324685604227437e-05
1.232468529885255e-05
1.232468507173858e-05
1.2324685384280125e-05
1.2324685406030728e-05
1.2324685440004056e-05
1.2324685587991606e-05
1.23246854600944e-05
1.232468531264416e-05
1.2324685673265063e-05
1.2324685389541772e-05
1.2324685555383528e-05
1.2324685371203568e-05
1.2324685309574267e-05
1.232468541269268e-05
1.2324685533815908e-05
1.232468555368007e-05
1.2324685441530127e-05
1.22905634410073e-05
1.22905634410073e-05
1.229056336019547e-05
1.2290563666182136e-05
1.2290563384670292e-05
1.2290563348132001e-05
1.2290563364808879e-05
1.2290563348351935e-05
1.2290563409754759e-05
1.229056356049322e-05
1.2290563435334097e-05
1.2290563272575303e-05
1.2290563594773223e-05
1.2290563405423805e-05
1.2290563488354497e-05
1.2290563423690186e-05
1.2290563332117354e-05
1.2290563421573928e-05
1.2290563497721289e-05
1.229056350982865e-05
1.2290563437887415e-05
1.2285944675932096e-05
1.2285944675932096e-05
1.2285944599190486e-05
1.2285944896402831e-05
1.2285944649542454e-05
1.2285944692321553e-05
1.228594459275968e-05
1.228594457780155e-05
1.2285944626432866e-05
1.2285944768324949e-05
1.2285944655782651e-05
1.2285944490797152e-05
1.2285944787986335e-05
1.2285944647035291e-05
1.2285944709601219e-05
1.2285944687194654e-05
1.2285944577065811e-05
1.2285944658133249e-05
1.2285944704796331e-05
1.2285944705268305e-05
1.2285944666370516e-05
1.2285047076199676e-05
1.2285047076199676e-05
1.2285046997962615e-05
1.2285047289982916e-05
1.228504705504108e-05
1.2285047113367583e-05
1.22850469924699e-05
1.2285046981381105e-05
1.2285047022508956e-05
1.2285047160545002e-05
1.228504705288389e-05
1.2285046888401292e-05
1.2285047178715768e-05
1.228504704917174e-05
1.2285047110620694e-05
1.228504709498308e-05
1.2285046980021612e-05
1.228504705884484e-05
1.2285047097461358e-05
1.2285047093990842e-05
1.228504706489466e-05
1.228300522918505e-05
1.228300522918505e-05
1.2283005148161061e-05
1.2283005431999042e-05
1.2283005214488371e-05
1.2283005292719572e-05
1.2283005145163606e-05
1.2283005140464105e-05
1.2283005169905215e-05
1.2283005301984716e-05
1.2283005201660479e-05
1.2283005038412496e-05
1.2283005318841739e-05
1.228300520478524e-05
1.2283005265882403e-05
1.2283005258360239e-05
1.2283005136870408e-05
1.2283005212471579e-05
1.228300523974208e-05
1.2283005230716983e-05
1.2283005215439452e-05
1.227778336787636e-05
1.227778336787636e-05
1.2277783282474786e-05
1.2277783553096021e-05
1.2277783362906357e-05
1.2277783471176734e-05
1.2277783283798685e-05
1.2277783289223225e-05
1.227778330014695e-05
1.227778342247493e-05
1.2277783333890538e-05
1.2277783173238554e-05
1.2277783437655784e-05
1.227778334755033e-05
1.2277783408288129e-05
1.2277783412972589e-05
1.2277783281862432e-05
1.2277783352213533e-05
1.227778336167551e-05
1.2277783344498098e-05
1.2277783350338898e-05
1.2264009658247072e-05
1.2264009658247072e-05
1.2264009566043065e-05
1.2264009814310155e-05
1.226400966880111e-05
1.2264009824711038e-05
1.2264009574883698e-05
1.2264009596709776e-05
1.226400957723752e-05
1.226400968263838e-05
1.2264009613810073e-05
1.2264009458966057e-05
1.2264009695613214e-05
1.2264009644520894e-05
1.2264009704397996e-05
1.2264009728724499e-05
1.2264009583279049e-05
1.2264009644436769e-05
1.2264009624433083e-05
1.226400959536456e-05
1.2264009634533629e-05
1.222927639123233e-05
1.222927639123233e-05
1.2229276289375971e-05
1.2229276500825392e-05
1.222927642528728e-05
1.222927665240048e-05
1.222927631097835e-05
1.2229276357985552e-05
1.2229276290728024e-05
1.2229276367157133e-05
1.222927633066433e-05
1.222927618884791e-05
1.2229276377923149e-05
1.2229276387697074e-05
1.2229276445341942e-05
1.2229276499863757e-05
1.2229276335472873e-05
1.2229276380668471e-05
1.2229276313585323e-05
1.222927626955796e-05
1.2229276357896182e-05
1.2146713175626775e-05
1.2146713175626775e-05
1.2146713062306694e-05
1.2146713215863926e-05
1.2146713241757913e-05
1.2146713563656407e-05
1.2146713104853235e-05
1.2146713187072155e-05
1.2146713050110285e-05
1.2146713078377308e-05
1.2146713092251894e-05
1.2146712979163776e-05
1.214671308903292e-05
1.2146713186504799e-05
1.2146713238651966e-05
1.2146713335590482e-05
1.2146713152503705e-05
1.2146713170634918e-05
1.2146713032946572e-05
1.2146712976412656e-05
1.214671312846122e-05
1.1978775142831252e-05
1.1978775142831252e-05
1.1978775022791101e-05
1.1978775100282917e-05
1.1978775240165885e-05
1.1978775648059832e-05
1.1978775094819343e-05
1.1978775213451396e-05
1.197877499711748e-05
1.1978774956255725e-05
1.1978775035230627e-05
1.1978774978399543e-05
1.1978774974304659e-05
1.1978775169030276e-05
1.1978775209481285e-05
1.1978775350796145e-05
1.1978775168052287e-05
1.1978775146209812e-05
1.1978774923436422e-05
1.197877487520289e-05
1.1978775080416854e-05
1.17344649015571e-05
1.17344649015571e-05
1.1734464793755607e-05
1.1734464813560332e-05
1.1734464999812889e-05
1.173446539281403e-05
1.1734464892218966e-05
1.1734465017977993e-05
1.1734464766857593e-05
1.173446466143242e-05
1.173446478751813e-05
1.1734464811818907e-05
1.1734464700739863e-05
1.1734464931856323e-05
1.173446495414299e-05
1.17344651055069e-05
1.1734464974785967e-05
1.1734464913462959e-05
1.1734464642146722e-05
1.1734464651609032e-05
1.1734464833653568e-05
1.1544142199604588e-05
1.1544142199604588e-05
1.154414212565801e-05
1.1544142162003708e-05
1.1544142248557561e-05
1.1544142473109965e-05
1.154414222532695e-05
1.1544142304851764e-05
1.154414211852626e-05
1.1544142005479692e-05
1.1544142113147318e-05
1.1544142197106637e-05
1.1544142072407505e-05
1.1544142212513767e-05
1.154414221997893e-05
1.1544142317557848e-05
1.1544142283506395e-05
1.1544142213760435e-05
1.1544141990852026e-05
1.1544142094578228e-05
1.1544142146378239e-05
1.1485928235982794e-05
1.1485928235982794e-05
1.1485928188398523e-05
1.1485928282114987e-05
1.1485928233419149e-05
1.1485928294584992e-05
1.1485928270836438e-05
1.1485928297655219e-05
1.1485928202543224e-05
1.1485928126792626e-05
1.1485928182488723e-05
1.1485928271292947e-05
1.1485928207321103e-05
1.1485928228080927e-05
1.1485928232958683e-05
1.148592826800976e-05
1.14859282973245e-05
1.148592824649705e-05
1.1485928107486414e-05
1.1485928268134976e-05
1.148592820174119e-05
1.148066506798899e-05
1.148066506798899e-05
1.1480665026622895e-05
1.1480665146698034e-05
1.1480665049456466e-05
1.1480665062705206e-05
1.1480665099756538e-05
1.1480665109272393e-05
1.1480665047527585e-05
1.1480664993085822e-05
1.1480665025605099e-05
1.1480665103573636e-05
1.1480665074506825e-05
1.1480665053068272e-05
1.1480665059923008e-05
1.1480665074227025e-05
1.1480665115085453e-05
1.1480665076085464e-05
1.1480664970250334e-05
1.1480665139606626e-05
1.148066504041913e-05
1.1480560460779969e-05
1.1480560460779969e-05
1.148056041948289e-05
1.1480560543325322e-05
1.1480560440997618e-05
1.1480560451070549e-05
1.1480560491091844e-05
1.148056049903289e-05
1.1480560440985702e-05
1.1480560390225369e-05
1.1480560419450013e-05
1.1480560494073414e-05
1.1480560470987983e-05
1.1480560445193355e-05
1.1480560452777676e-05
1.1480560465173656e-05
1.1480560505273354e-05
1.1480560468422842e-05
1.1480560366657846e-05
1.1480560534869355e-05
1.1480560433896063e-05
1.1480403208313406e-05
1.1480403208313406e-05
1.1480403166860233e-05
1.148040329256257e-05
1.1480403188093736e-05
1.1480403197289848e-05
1.148040323766826e-05
1.1480403244941563e-05
1.1480403188653119e-05
1.1480403139944582e-05
1.1480403167422317e-05
1.1480403240008721e-05
1.1480403220135465e-05
1.1480403192450826e-05
1.1480403200509642e-05
1.1480403212126507e-05
1.148040325134725e-05
1.1480403215700341e-05
1.1480403115906934e-05
1.1480403283056279e-05
1.1480403181733617e-05
1.1479626832056214e-05
1.1479626832056214e-05
1.1479626790099013e-05
1.1479626919703548e-05
1.1479626810925297e-05
1.1479626818491605e-05
1.1479626859173903e-05
1.1479626864883849e-05
1.1479626812710229e-05
1.1479626768756151e-05
1.1479626792123784e-05
1.1479626860162362e-05
1.1479626847346592e-05
1.147962681559521e-05
1.147962682478377e-05
1.1479626834696575e-05
1.1479626871750953e-05
1.147962683885776e-05
1.1479626743481677e-05
1.1479626908094926e-05
1.1479626806156078e-05
1.1477487508562736e-05
1.1477487508562736e-05
1.147748746559495e-05
1.1477487600268537e-05
1.1477487486149011e-05
1.1477487491720452e-05
1.1477487532306484e-05
1.14774875354736e-05
1.1477487489842048e-05
1.147748745313362e-05
1.1477487470031502e-05
1.1477487531667464e-05
1.147748752871596e-05
1.1477487491237655e-05
1.14774875021841e-05
1.1477487509589682e-05
1.147748754328114e-05
1.1477487514493204e-05
1.1477487425642456e-05
1.1477487586447406e-05
1.1477487483680927e-05
1.1471244550789893e-05
1.1471244550789893e-05
1.1471244505400838e-05
1.1471244647096661e-05
1.1471244526288905e-05
1.1471244529378204e-05
1.1471244568515405e-05
1.1471244566647196e-05
1.147124453359311e-05
1.1471244510031043e-05
1.1471244514665638e-05
1.1471244566023463e-05
1.1471244578750113e-05
1.147124453200773e-05
1.1471244546227104e-05
1.1471244549280974e-05
1.147124457676144e-05
1.1471244555192915e-05
1.1471244477692918e-05
1.147124463177023e-05
1.1471244527719544e-05
1.1455407163584801e-05
1.1455407163584801e-05
1.145540711276678e-05
1.1455407261288109e-05
1.1455407136116136e-05
1.1455407137627405e-05
1.1455407171411836e-05
1.1455407160085317e-05
1.1455407149856172e-05
1.1455407148444152e-05
1.1455407131206689e-05
1.1455407168331426e-05
1.1455407202366025e-05
1.1455407142600747e-05
1.145540716252387e-05
1.1455407158697523e-05
1.1455407175467942e-05
1.1455407165536199e-05
1.1455407106040208e-05
1.1455407249206466e-05
1.1455407143484465e-05
1.1419127943548053e-05
1.1419127943548053e-05
1.1419127881134427e-05
1.1419128029555894e-05
1.1419127912557072e-05
1.1419127917255325e-05
1.141912793614841e-05
1.1419127907628039e-05
1.1419127937315446e-05
1.1419127971170021e-05
1.1419127916457598e-05
1.1419127937674776e-05
1.1419127994449436e-05
1.141912791961241e-05
1.1419127949027184e-05
1.1419127935239238e-05
1.1419127934421368e-05
1.1419127941863149e-05
1.1419127908577874e-05
1.1419128035297691e-05
1.1419127927996755e-05
1.1355052136756196e-05
1.1355052136756196e-05
1.1355052054467843e-05
1.1355052181130499e-05
1.1355052103867916e-05
1.135505212366767e-05
1.1355052111954345e-05
1.1355052058376512e-05
1.135505214350784e-05
1.1355052220123383e-05
1.1355052114742432e-05
1.1355052129986892e-05
1.1355052192276397e-05
1.1355052110334472e-05
1.1355052152057745e-05
1.1355052128158776e-05
1.1355052104956403e-05
1.1355052131188738e-05
1.135505212484096e-05
1.135505223343483e-05
1.1355052126365731e-05
1.1285080298582973e-05
1.1285080298582973e-05
1.1285080195201538e-05
1.128508027209248e-05
1.1285080268793487e-05
1.1285080316523099e-05
1.1285080266052234e-05
1.1285080191311976e-05
1.1285080319295056e-05
1.1285080419488959e-05
1.128508027704e-05
1.1285080312216693e-05
1.1285080339062725e-05
1.1285080272696926e-05
1.1285080322584024e-05
1.1285080296561903e-05
1.1285080259166835e-05
1.1285080291792906e-05
1.1285080291843052e-05
1.1285080393589573e-05
1.1285080290417982e-05
1.1249855123589358e-05
1.1249855123589358e-05
1.1249855012537821e-05
1.1249855044774859e-05
1.1249855100009152e-05
1.1249855169726626e-05
1.124985509892715e-05
1.124985502186161e-05
1.1249855149576675e-05
1.124985523672692e-05
1.1249855097338398e-05
1.124985516584227e-05
1.1249855138786512e-05
1.124985510104859e-05
1.1249855149019674e-05
1.1249855130797023e-05
1.1249855097715173e-05
1.1249855119229048e-05
1.1249855099580397e-05
1.1249855211093823e-05
1.1249855113007015e-05
1.124321800337104e-05
1.124321800337104e-05
1.1243217894884679e-05
1.124321791419451e-05
1.1243217983038259e-05
1.1243218057794727e-05
1.1243217987266334e-05
1.1243217916564883e-05
1.12432180278283e-05
1.1243218096773743e-05
1.1243217973595544e-05
1.1243218058221755e-05
1.1243218006284551e-05
1.1243217983004904e-05
1.1243218026481001e-05
1.1243218014648015e-05
1.124321799000306e-05
1.1243218001200199e-05
1.1243217965114654e-05
1.1243218086120598e-05
1.1243217990225252e-05
1.124266306109099e-05
1.124266306109099e-05
1.1242662954507311e-05
1.1242662973863184e-05
1.1242663041315942e-05
1.1242663115499682e-05
1.1242663047446481e-05
1.1242662979476902e-05
1.1242663084362927e-05
1.1242663147744022e-05
1.1242663030488399e-05
1.1242663117532588e-05
1.1242663062122882e-05
1.1242663041184741e-05
1.1242663083089848e-05
1.1242663072890635e-05
1.124266305101519e-05
1.1242663059489853e-05
1.1242663019273886e-05
1.1242663142789e-05
1.124266304722569e-05
1.124228915465404e-05
1.124228915465404e-05
1.1242289049306344e-05
1.124228906930068e-05
1.1242289135109535e-05
1.1242289208611676e-05
1.1242289142335199e-05
1.1242289075929477e-05
1.1242289177198617e-05
1.1242289237668914e-05
1.1242289123662859e-05
1.1242289211508707e-05
1.1242289155006996e-05
1.1242289134952368e-05
1.124228917592903e-05
1.1242289166603797e-05
1.1242289146199026e-05
1.124228915333216e-05
1.1242289111091208e-05
1.12422892357706e-05
1.1242289140419864e-05
1.1240942431489453e-05
1.1240942431489453e-05
1.1240942329094686e-05
1.12409423506177e-05
1.1240942412446986e-05
1.1240942484198237e-05
1.1240942422249066e-05
1.1240942359302727e-05
1.1240942452444725e-05
1.124094250661949e-05
1.1240942399686602e-05
1.1240942488904706e-05
1.1240942430504132e-05
1.1240942412207006e-05
1.1240942450903598e-05
1.1240942443694006e-05
1.124094242645126e-05
1.1240942430755808e-05
1.1240942384162761e-05
1.1240942511040115e-05
1.124094241645177e-05
1.1237690327902402e-05
1.1237690327902402e-05
1.1237690230287532e-05
1.123769025393432e-05
1.1237690309630795e-05
1.1237690378430408e-05
1.1237690323588079e-05
1.1237690265687085e-05
1.1237690346623617e-05
1.123769039180689e-05
1.1237690294984032e-05
1.1237690385546431e-05
1.1237690325125853e-05
1.1237690309183699e-05
1.1237690343984175e-05
1.1237690340376712e-05
1.1237690327584485e-05
1.1237690327981068e-05
1.1237690275146156e-05
1.123769040442547e-05
1.1237690311696675e-05
1.122892114276079e-05
1.122892114276079e-05
1.122892105436897e-05
1.1228921081207553e-05
1.12289211258942e-05
1.1228921188759083e-05
1.122892114785021e-05
1.122892109839823e-05
1.1228921157966943e-05
1.1228921188550438e-05
1.1228921108140718e-05
1.122892119931755e-05
1.1228921137347622e-05
1.1228921124869805e-05
1.1228921151655917e-05
1.1228921155441397e-05
1.1228921149697326e-05
1.1228921144087202e-05
1.1228921081028038e-05
1.122892121226333e-05
1.1228921124603315e-05
1.120802834101035e-05
1.120802834101035e-05
1.1208028269205599e-05
1.1208028299839535e-05
1.1208028326499117e-05
1.1208028378189984e-05
1.1208028362802397e-05
1.1208028325812788e-05
1.1208028351586227e-05
1.1208028361743928e-05
1.1208028304285067e-05
1.12080283923763e-05
1.1208028332585337e-05
1.1208028324057523e-05
1.1208028335373996e-05
1.1208028353399007e-05
1.1208028357064303e-05
1.1208028343903234e-05
1.120802826631396e-05
1.1208028395376689e-05
1.1208028319983638e-05
1.1163931347279408e-05
1.1163931347279408e-05
1.1163931303119954e-05
1.1163931336249735e-05
1.1163931336357488e-05
1.1163931368441827e-05
1.1163931396496112e-05
1.1163931374899676e-05
1.1163931353463188e-05
1.1163931341041944e-05
1.116393130892323e-05
1.1163931383633158e-05
1.1163931337235094e-05
1.116393133080815e-05
1.1163931314269838e-05
1.1163931357878474e-05
1.1163931370803761e-05
1.1163931351450885e-05
1.1163931257238583e-05
1.1163931371481683e-05
1.11639313227332e-05
1.1096258349679181e-05
1.1096258349679181e-05
1.1096258339062751e-05
1.1096258368674528e-05
1.1096258342538663e-05
1.1096258349154763e-05
1.1096258431459001e-05
1.1096258419342521e-05
1.1096258356212704e-05
1.1096258335981564e-05
1.109625831255288e-05
1.1096258356950795e-05
1.1096258343482295e-05
1.1096258331944391e-05
1.1096258278083413e-05
1.1096258355881287e-05
1.1096258369069598e-05
1.1096258353126141e-05
1.1096258251740683e-05
1.1096258328849441e-05
1.1096258323025345e-05
1.103804333200565e-05
1.103804333200565e-05
1.1038043339262522e-05
1.1038043357564617e-05
1.1038043326054932e-05
1.1038043316682139e-05
1.1038043430098583e-05
1.103804340976621e-05
1.1038043346902209e-05
1.1038043350725e-05
1.1038043300157932e-05
1.1038043308123237e-05
1.1038043336237512e-05
1.1038043310936538e-05
1.1038043232135596e-05
1.1038043332659087e-05
1.1038043330179824e-05
1.1038043331787741e-05
1.1038043245344998e-05
1.1038043275035619e-05
1.1038043307355015e-05
1.1017597041294833e-05
1.1017597041294833e-05
1.1017597042214898e-05
1.1017597050743966e-05
1.1017597033719544e-05
1.1017597026485334e-05
1.1017597132070224e-05
1.1017597095252256e-05
1.1017597065158883e-05
1.1017597101650553e-05
1.1017597014327389e-05
1.1017597005593293e-05
1.101759705407156e-05
1.1017597017524101e-05
1.1017596940227937e-05
1.1017597039235579e-05
1.1017597019229485e-05
1.1017597037588808e-05
1.101759697331094e-05
1.1017596979410333e-05
1.1017597020514661e-05
1.1015475452837845e-05
1.1015475452837845e-05
1.1015475445556425e-05
1.1015475451427596e-05
1.101547544403504e-05
1.1015475442130698e-05
1.1015475535231976e-05
1.101547549111647e-05
1.1015475479643141e-05
1.101547552852832e-05
1.1015475427290034e-05
1.1015475418423659e-05
1.1015475467803029e-05
1.1015475428390164e-05
1.1015475358415652e-05
1.1015475450663837e-05
1.101547542471796e-05
1.1015475448090407e-05
1.1015475392657408e-05
1.1015475397460873e-05
1.101547543376429e-05
1.1015417054554524e-05
1.1015417054554524e-05
1.1015417045021898e-05
1.101541705075033e-05
1.1015417045470024e-05
1.1015417045182687e-05
1.1015417134685765e-05
1.101541708936511e-05
1.1015417081640243e-05
1.1015417132141903e-05
1.1015417029105925e-05
1.1015417021479857e-05
1.1015417069603489e-05
1.1015417030091794e-05
1.1015416962507828e-05
1.1015417052552929e-05
1.1015417025975413e-05
1.101541704972849e-05
1.1015416995634593e-05
1.101541700174032e-05
1.10154170357763e-05
1.1015243626904587e-05
1.1015243626904587e-05
1.1015243615141796e-05
1.101524362084095e-05
1.1015243617559155e-05
1.1015243618910129e-05
1.1015243704749413e-05
1.101524365833487e-05
1.1015243654132009e-05
1.1015243705835059e-05
1.1015243601493148e-05
1.1015243595369032e-05
1.1015243641945891e-05
1.1015243602469723e-05
1.1015243537455038e-05
1.1015243625121513e-05
1.1015243598139085e-05
1.1015243622046719e-05
1.1015243569222512e-05
1.1015243576818343e-05
1.1015243608426956e-05
1.1014509064955063e-05
1.1014509064955063e-05
1.1014509049279458e-05
1.1014509054989071e-05
1.1014509055180218e-05
1.1014509059442701e-05
1.1014509138637347e-05
1.1014509090230888e-05
1.1014509092269673e-05
1.1014509145716613e-05
1.1014509039561339e-05
1.1014509036294498e-05
1.1014509079952613e-05
1.1014509040617328e-05
1.1014508980533938e-05
1.1014509063602961e-05
1.1014509036104982e-05
1.1014509060082313e-05
1.1014509009822623e-05
1.1014509019858592e-05
1.101450904710939e-05
1.1012305294259305e-05
1.1012305294259305e-05
1.1012305272682362e-05
1.1012305278512558e-05
1.1012305283904266e-05
1.1012305292638689e-05
1.1012305361275476e-05
1.1012305309607933e-05
1.101230532134161e-05
1.1012305376651823e-05
1.1012305268797513e-05
1.1012305270291456e-05
1.1012305309160136e-05
1.1012305270175734e-05
1.1012305218574745e-05
1.1012305293660217e-05
1.1012305265791573e-05
1.101230528944996e-05
1.1012305244014085e-05
1.1012305257137573e-05
1.1012305277648759e-05
1.1006229670021272e-05
1.1006229670021272e-05
1.1006229639673186e-05
1.1006229645944235e-05
1.1006229658978286e-05
1.1006229674566386e-05
1.1006229726119674e-05
1.1006229668922502e-05
1.100622969582222e-05
1.1006229751941196e-05
1.1006229644217334e-05
1.1006229653937009e-05
1.1006229684708054e-05
1.1006229646592276e-05
1.1006229610308413e-05
1.1006229670805407e-05
1.1006229643425104e-05
1.1006229665525568e-05
1.1006229629765052e-05
1.1006229645905595e-05
1.1006229655982876e-05
1.0992032908198235e-05
1.0992032908198235e-05
1.099203286730188e-05
1.0992032874766629e-05
1.0992032896771335e-05
1.0992032921127913e-05
1.0992032948596888e-05
1.0992032883009997e-05
1.0992032930078094e-05
1.099203298218753e-05
1.0992032881370592e-05
1.0992032903903212e-05
1.0992032922450538e-05
1.0992032886259968e-05
1.0992032875289685e-05
1.0992032911316705e-05
1.0992032887164247e-05
1.0992032904637061e-05
1.0992032886891824e-05
1.099203290265487e-05
1.099203289912736e-05
1.096626281613184e-05
1.096626281613184e-05
1.096626276881249e-05
1.0966262778718993e-05
1.0966262805617593e-05
1.0966262836673561e-05
1.0966262840326845e-05
1.0966262765133336e-05
1.0966262829471779e-05
1.0966262866261564e-05
1.0966262787098624e-05
1.0966262824982797e-05
1.0966262829662456e-05
1.0966262796920204e-05
1.0966262819183403e-05
1.0966262822406135e-05
1.0966262807044711e-05
1.0966262814580513e-05
1.0966262824298318e-05
1.0966262829474865e-05
1.0966262814931215e-05
1.0937509315515461e-05
1.0937509315515461e-05
1.0937509275854141e-05
1.0937509288818145e-05
1.0937509307903245e-05
1.0937509335705452e-05
1.0937509335905402e-05
1.093750925651092e-05
1.0937509317623812e-05
1.0937509327856199e-05
1.0937509283604875e-05
1.093750932946168e-05
1.0937509328315208e-05
1.0937509299383561e-05
1.0937509344044413e-05
1.0937509324063431e-05
1.0937509321977108e-05
1.0937509316582453e-05
1.0937509350961515e-05
1.0937509332713504e-05
1.093750932179586e-05
1.0922548932886769e-05
1.0922548932886769e-05
1.0922548910300344e-05
1.0922548924844288e-05
1.0922548928244142e-05
1.0922548944637733e-05
1.0922548965082622e-05
1.092254889005825e-05
1.0922548928741749e-05
1.0922548919089824e-05
1.0922548899393062e-05
1.0922548939970328e-05
1.0922548945453352e-05
1.092254891806712e-05
1.0922548958246778e-05
1.0922548941207868e-05
1.0922548947875496e-05
1.0922548935391705e-05
1.0922548974387346e-05
1.0922548935539705e-05
1.0922548941049597e-05
1.0919708638812056e-05
1.0919708638812056e-05
1.0919708625363637e-05
1.0919708639873356e-05
1.0919708635170707e-05
1.0919708644760665e-05
1.091970868073407e-05
1.0919708610357283e-05
1.0919708634476814e-05
1.091970862079091e-05
1.0919708605283193e-05
1.0919708639161511e-05
1.0919708651488344e-05
1.091970862376176e-05
1.0919708652400407e-05
1.0919708646121847e-05
1.091970865397243e-05
1.0919708641347323e-05
1.0919708674351378e-05
1.0919708629793474e-05
1.0919708645496279e-05
1.0919600847551641e-05
1.0919600847551641e-05
1.0919600835539382e-05
1.0919600849864615e-05
1.0919600843948127e-05
1.0919600852326367e-05
1.091960089169556e-05
1.09196008225207e-05
1.0919600843829228e-05
1.0919600830855422e-05
1.0919600814182963e-05
1.091960084621933e-05
1.0919600860292807e-05
1.0919600832275346e-05
1.0919600857237675e-05
1.0919600854521118e-05
1.0919600861844414e-05
1.0919600849941097e-05
1.0919600880279639e-05
1.0919600835907139e-05
1.091960085349708e-05
1.0919598904202397e-05
1.0919598904202397e-05
1.0919598892380134e-05
1.0919598906641862e-05
1.0919598900578038e-05
1.0919598908764482e-05
1.0919598948791e-05
1.0919598879879854e-05
1.0919598900701593e-05
1.0919598888117007e-05
1.091959887089162e-05
1.0919598902511397e-05
1.0919598916962518e-05
1.0919598888855068e-05
1.0919598912923024e-05
1.0919598911087111e-05
1.0919598918184542e-05
1.0919598906539611e-05
1.0919598936147836e-05
1.091959889203754e-05
1.0919598909939193e-05
1.0919540080244373e-05
1.0919540080244373e-05
1.0919540068880064e-05
1.091954008296607e-05
1.0919540076555555e-05
1.0919540084259872e-05
1.0919540125990007e-05
1.0919540057782062e-05
1.091954007735982e-05
1.0919540065888739e-05
1.0919540047096218e-05
1.0919540077608895e-05
1.0919540093055741e-05
1.0919540064702775e-05
1.0919540086372626e-05
1.0919540086900802e-05
1.0919540093361815e-05
1.0919540082436127e-05
1.0919540110059835e-05
1.0919540066724086e-05
1.0919540085412568e-05
1.0919314639681696e-05
1.0919314639681696e-05
1.0919314628921424e-05
1.0919314642771888e-05
1.0919314635907538e-05
1.0919314642969108e-05
1.091931468696222e-05
1.0919314619708858e-05
1.0919314637625466e-05
1.0919314627662441e-05
1.0919314606756438e-05
1.091931463578592e-05
1.0919314652561048e-05
1.0919314623882348e-05
1.0919314642336027e-05
1.0919314646031376e-05
1.0919314651634207e-05
1.0919314641677535e-05
1.0919314666634324e-05
1.0919314624355157e-05
1.0919314644085795e-05
1.0918516725574378e-05
1.0918516725574378e-05
1.0918516715862725e-05
1.0918516729305104e-05
1.0918516721658355e-05
1.0918516727594078e-05
1.0918516775500899e-05
1.0918516709949644e-05
1.0918516724958297e-05
1.0918516717637388e-05
1.0918516693048318e-05
1.0918516719488425e-05
1.091851673856944e-05
1.0918516709334722e-05
1.0918516722174319e-05
1.091851673138692e-05
1.0918516735492555e-05
1.091851672722812e-05
1.0918516747526716e-05
1.091851670711014e-05
1.0918516728644637e-05
1.0916225540668195e-05
1.0916225540668195e-05
1.091622553259524e-05
1.0916225545404226e-05
1.0916225536548254e-05
1.0916225540700786e-05
1.0916225594672925e-05
1.0916225531890627e-05
1.0916225542300221e-05
1.091622553915289e-05
1.091622550879546e-05
1.0916225531162407e-05
1.0916225553837506e-05
1.0916225523761412e-05
1.0916225527773326e-05
1.091622554563178e-05
1.0916225547388356e-05
1.0916225541784344e-05
1.091622555475295e-05
1.0916225517306061e-05
1.0916225541641787e-05
1.0909787878093357e-05
1.0909787878093357e-05
1.0909787872657826e-05
1.090978788445923e-05
1.0909787873692228e-05
1.0909787874912105e-05
1.0909787938510997e-05
1.0909787880472085e-05
1.0909787883335832e-05
1.0909787887021018e-05
1.090978784734951e-05
1.090978786309158e-05
1.0909787891525904e-05
1.0909787860168392e-05
1.090978784983193e-05
1.0909787881665871e-05
1.0909787879617954e-05
1.0909787878336537e-05
1.090978787937749e-05
1.0909787846863657e-05
1.0909787875660997e-05
1.0892645594156178e-05
1.0892645594156178e-05
1.0892645592800515e-05
1.089264560307432e-05
1.089264558944313e-05
1.089264558596297e-05
1.0892645664099372e-05
1.0892645614146938e-05
1.0892645604962943e-05
1.0892645619517547e-05
1.0892645565360729e-05
1.0892645570674656e-05
1.089264560795074e-05
1.0892645574801502e-05
1.0892645541904112e-05
1.0892645595512327e-05
1.0892645587518022e-05
1.089264559302902e-05
1.0892645575279873e-05
1.0892645550797109e-05
1.0892645586373341e-05
1.0848750691774563e-05
1.0848750691774563e-05
1.0848750696364683e-05
1.0848750704493523e-05
1.0848750686929258e-05
1.084875067617058e-05
1.0848750774565606e-05
1.0848750738361974e-05
1.0848750710636126e-05
1.084875074181897e-05
1.0848750666348416e-05
1.0848750655991747e-05
1.0848750705978255e-05
1.0848750670716954e-05
1.0848750603980797e-05
1.0848750689731348e-05
1.0848750672909804e-05
1.0848750688597776e-05
1.084875064257478e-05
1.0848750630845651e-05
1.0848750675979462e-05
1.0745262190362916e-05
1.0745262190362916e-05
1.0745262202154706e-05
1.0745262207898846e-05
1.0745262186203444e-05
1.0745262165503739e-05
1.074526228600123e-05
1.0745262271602944e-05
1.074526221883787e-05
1.074526227222688e-05
1.0745262170407955e-05
1.0745262139830506e-05
1.074526220475141e-05
1.0745262168241915e-05
1.0745262058004145e-05
1.0745262183758294e-05
1.0745262155822901e-05
1.0745262184565951e-05
1.0745262101963354e-05
1.0745262108434769e-05
1.0745262164300326e-05
1.0541141001000285e-05
1.0541141001000285e-05
1.0541141017305991e-05
1.0541141022132241e-05
1.0541140999558422e-05
1.0541140969585124e-05
1.0541141097351221e-05
1.0541141110553916e-05
1.0541141035114786e-05
1.0541141108008839e-05
1.0541140988234023e-05
1.0541140941628016e-05
1.0541141014664278e-05
1.0541140980914737e-05
1.0541140836607653e-05
1.054114099033577e-05
1.054114095429241e-05
1.0541140993188763e-05
1.054114088134663e-05
1.0541140906671317e-05
1.0541140966979678e-05
1.0270132418581712e-05
1.0270132418581712e-05
1.0270132429272609e-05
1.0270132437389707e-05
1.0270132422284118e-05
1.0270132392508464e-05
1.0270132486695729e-05
1.0270132517485619e-05
1.0270132444242661e-05
1.0270132513690801e-05
1.0270132410881962e-05
1.0270132371714545e-05
1.0270132430015552e-05
1.0270132406032564e-05
1.0270132278755046e-05
1.027013240849263e-05
1.0270132378279733e-05
1.027013241188893e-05
1.0270132312898776e-05
1.0270132342515302e-05
1.027013238878716e-05
1.010199291285632e-05
1.010199291285632e-05
1.0101992909447912e-05
1.0101992923695147e-05
1.0101992921014638e-05
1.0101992902989786e-05
1.010199293721352e-05
1.0101992960628005e-05
1.0101992918717275e-05
1.0101992958848593e-05
1.010199290397365e-05
1.0101992895892914e-05
1.0101992921798374e-05
1.0101992909237757e-05
1.0101992849887225e-05
1.0101992908654056e-05
1.010199289730614e-05
1.0101992910349874e-05
1.0101992866978887e-05
1.010199287983339e-05
1.0101992899305118e-05
1.0077084989300867e-05
1.0077084989300867e-05
1.0077084977217552e-05
1.0077084994839145e-05
1.0077084998626495e-05
1.0077084989925781e-05
1.0077084991786357e-05
1.0077085001072904e-05
1.0077084983244626e-05
1.0077085001492634e-05
1.0077084977103108e-05
1.0077084990458051e-05
1.0077084997288057e-05
1.0077084989317752e-05
1.0077084976444635e-05
1.0077084989547152e-05
1.0077084990592726e-05
1.0077084989626458e-05
1.0077084984821425e-05
1.0077084982238762e-05
1.0077084986791844e-05
1.0083097361996047e-05
1.0083097361996047e-05
1.0083097348388687e-05
1.0083097366513059e-05
1.008309737117186e-05
1.0083097364581787e-05
1.0083097361777233e-05
1.0083097366418032e-05
1.0083097353905422e-05
1.0083097367440696e-05
1.0083097348632368e-05
1.0083097366274362e-05
1.0083097369945877e-05
1.0083097362232558e-05
1.0083097358583275e-05
1.008309736321047e-05
1.008309736661123e-05
1.0083097362877097e-05
1.0083097365828653e-05
1.0083097359378394e-05
1.0083097361663683e-05
1.0084619306091844e-05
1.0084619306091844e-05
1.0084619292500784e-05
1.0084619310600304e-05
1.0084619315194558e-05
1.0084619308681874e-05
1.0084619306141158e-05
1.0084619310374156e-05
1.0084619298034896e-05
1.0084619311436356e-05
1.0084619292617507e-05
1.008461931032409e-05
1.0084619314069527e-05
1.0084619306237871e-05
1.0084619302715705e-05
1.0084619307335466e-05
1.0084619310749146e-05
1.00846193069793e-05
1.0084619310056372e-05
1.008461930340369e-05
1.0084619305786577e-05
1.0084777983208607e-05
1.0084777983208607e-05
1.0084777969635758e-05
1.0084777987725749e-05
1.008477799230179e-05
1.0084777985779576e-05
1.0084777983326086e-05
1.0084777987543017e-05
1.0084777975177166e-05
1.0084777988605425e-05
1.008477796972921e-05
1.008477798740211e-05
1.0084777991190912e-05
1.0084777983338735e-05
1.0084777979743782e-05
1.008477798444695e-05
1.0084777987839006e-05
1.0084777984091466e-05
1.008477798710952e-05
1.0084777980465523e-05
1.0084777982885528e-05
1.0085363944260533e-05
1.0085363944260533e-05
1.0085363930762109e-05
1.0085363948811154e-05
1.0085363953317847e-05
1.0085363946755128e-05
1.0085363944644615e-05
1.0085363948804041e-05
1.0085363936329855e-05
1.0085363949867547e-05
1.0085363930763954e-05
1.0085363948298473e-05
1.0085363952260654e-05
1.0085363944329728e-05
1.008536394044351e-05
1.00853639454771e-05
1.0085363948782714e-05
1.008536394512488e-05
1.0085363947903183e-05
1.008536394130198e-05
1.008536394386533e-05
1.0086277731445653e-05
1.0086277731445653e-05
1.0086277718072844e-05
1.0086277736046646e-05
1.0086277740446688e-05
1.0086277733816893e-05
1.0086277732260965e-05
1.0086277736320453e-05
1.0086277723676597e-05
1.0086277737388846e-05
1.0086277717922797e-05
1.008627773522801e-05
1.0086277739474468e-05
1.0086277731418084e-05
1.0086277727068932e-05
1.0086277732627086e-05
1.0086277735794215e-05
1.0086277732280277e-05
1.0086277734669127e-05
1.0086277728146236e-05
1.0086277730933266e-05
1.0087581758173693e-05
1.0087581758173693e-05
1.0087581745003583e-05
1.0087581762841128e-05
1.0087581767093304e-05
1.0087581760358803e-05
1.0087581759642372e-05
1.0087581763531234e-05
1.0087581750645573e-05
1.0087581764614949e-05
1.0087581744614007e-05
1.00875817615591e-05
1.0087581766245712e-05
1.0087581758003484e-05
1.0087581752975044e-05
1.0087581759302287e-05
1.0087581762262992e-05
1.0087581758963745e-05
1.0087581760760232e-05
1.008758175437717e-05
1.0087581757482867e-05
1.0089586592992653e-05
1.0089586592992653e-05
1.0089586580199645e-05
1.0089586597747418e-05
1.008958660178415e-05
1.0089586594863505e-05
1.0089586595571553e-05
1.00895865991202e-05
1.008958658586381e-05
1.0089586600250739e-05
1.008958657937842e-05
1.0089586595678704e-05
1.00895866011375e-05
1.0089586592590778e-05
1.0089586586466493e-05
1.0089586594032702e-05
1.008958659665196e-05
1.008958659370838e-05
1.0089586594492696e-05
1.00895865884024e-05
1.0089586591996515e-05
1.009232051383134e-05
1.009232051383134e-05
1.0092320501734116e-05
1.0092320518663613e-05
1.0092320522440242e-05
1.0092320515196165e-05
1.009232051821639e-05
1.0092320521084723e-05
1.0092320507326453e-05
1.0092320522343839e-05
1.009232050014855e-05
1.0092320515316908e-05
1.009232052209303e-05
1.009232051307946e-05
1.0092320505319719e-05
1.0092320514730289e-05
1.0092320516817534e-05
1.0092320514429648e-05
1.0092320513552872e-05
1.0092320508078071e-05
1.0092320512333033e-05
1.0095454902970642e-05
1.0095454902970642e-05
1.009545489220716e-05
1.0095454907767237e-05
1.0095454911347945e-05
1.0095454903527954e-05
1.0095454910284144e-05
1.0095454911732345e-05
1.0095454897413407e-05
1.0095454913330888e-05
1.0095454889227136e-05
1.0095454902352851e-05
1.0095454911418023e-05
1.00954549017185e-05
1.0095454891675095e-05
1.0095454903648483e-05
1.0095454904931477e-05
1.0095454903387312e-05
1.0095454899781476e-05
1.009545489565243e-05
1.0095454900644537e-05
1.0097092007135568e-05
1.0097092007135568e-05
1.009709199886073e-05
1.0097092011489551e-05
1.0097092015322374e-05
1.0097092006517661e-05
1.0097092018824125e-05
1.0097092017385766e-05
1.0097092002839673e-05
1.009709201980738e-05
1.0097091993422976e-05
1.0097092002996796e-05
1.0097092015850853e-05
1.0097092005298093e-05
1.0097091992730867e-05
1.0097092007501129e-05
1.0097092007723734e-05
1.009709200730194e-05
1.0097091999532423e-05
1.0097091998253054e-05
1.009709200353992e-05
1.0092301711393356e-05
1.0092301711393356e-05
1.0092301707205093e-05
1.0092301714328174e-05
1.0092301719712324e-05
1.0092301709456256e-05
1.009230172826062e-05
1.00923017216464e-05
1.0092301708235378e-05
1.0092301725768828e-05
1.009230169799718e-05
1.0092301702216296e-05
1.0092301720404292e-05
1.0092301709235863e-05
1.0092301695723204e-05
1.0092301711431229e-05
1.0092301710722913e-05
1.0092301711311941e-05
1.0092301698415129e-05
1.0092301702438639e-05
1.0092301706219584e-05
1.0075340849557378e-05
1.0075340849557378e-05
1.0075340849986144e-05
1.0075340849796458e-05
1.0075340858727617e-05
1.007534084709311e-05
1.0075340869111523e-05
1.0075340855961795e-05
1.0075340846212532e-05
1.0075340862556931e-05
1.0075340836937727e-05
1.0075340835860838e-05
1.0075340858674366e-05
1.0075340848049737e-05
1.0075340838515856e-05
1.0075340849516705e-05
1.0075340849035385e-05
1.0075340849453494e-05
1.007534083346112e-05
1.0075340844459572e-05
1.0075340843399687e-05
1.0052079285121191e-05
1.0052079285121191e-05
1.0052079287509133e-05
1.005207928278459e-05
1.0052079295572722e-05
1.0052079283695889e-05
1.005207930166814e-05
1.0052079284843605e-05
1.0052079279767041e-05
1.0052079293210359e-05
1.0052079273380476e-05
1.0052079271044267e-05
1.0052079293984539e-05
1.0052079285215154e-05
1.0052079283984978e-05
1.0052079285429707e-05
1.0052079286720725e-05
1.0052079285345307e-05
1.0052079271575174e-05
1.0052079286822687e-05
1.0052079279593495e-05
1.0039028823827553e-05
1.0039028823827553e-05
1.003902882526606e-05
1.0039028820699475e-05
1.003902883496874e-05
1.0039028823697493e-05
1.003902883592384e-05
1.0039028819595648e-05
1.0039028816697789e-05
1.0039028828132904e-05
1.0039028812443649e-05
1.0039028812124913e-05
1.0039028832388317e-05
1.003902882503409e-05
1.0039028829203813e-05
1.0039028824511705e-05
1.0039028827331423e-05
1.0039028824373557e-05
1.0039028814563237e-05
1.0039028829588485e-05
1.003902881948671e-05
1.003671444516135e-05
1.003671444516135e-05
1.0036714445781131e-05
1.0036714442141588e-05
1.0036714456388951e-05
1.0036714445450773e-05
1.0036714455710536e-05
1.0036714440308209e-05
1.003671443756652e-05
1.0036714448593516e-05
1.0036714433781739e-05
1.0036714434656893e-05
1.0036714453626123e-05
1.0036714446594974e-05
1.003671445176719e-05
1.0036714445958127e-05
1.0036714449170332e-05
1.0036714445798483e-05
1.0036714437449908e-05
1.0036714451571347e-05
1.003671444126541e-05
1.0036762573756896e-05
1.0036762573756896e-05
1.003676257422311e-05
1.0036762570804769e-05
1.0036762584970157e-05
1.0036762574083281e-05
1.003676258415307e-05
1.0036762568954006e-05
1.0036762566138727e-05
1.0036762577168199e-05
1.0036762562360074e-05
1.0036762563426282e-05
1.0036762582213498e-05
1.003676257518933e-05
1.003676258033098e-05
1.0036762574562131e-05
1.003676257779259e-05
1.003676257439998e-05
1.003676256620868e-05
1.003676258011805e-05
1.0036762569909786e-05
1.0036828273080893e-05
1.0036828273080893e-05
1.0036828273482358e-05
1.0036828270162223e-05
1.0036828284284711e-05
1.0036828273418512e-05
1.003682828342705e-05
1.0036828268316494e-05
1.0036828265459706e-05
1.0036828276498224e-05
1.0036828261675117e-05
1.0036828262818118e-05
1.0036828281535039e-05
1.0036828274508296e-05
1.0036828279614251e-05
1.0036828273888366e-05
1.0036828277120725e-05
1.0036828273725326e-05
1.003682826558807e-05
1.0036828279403696e-05
1.003682826925075e-05
1.0037002569551855e-05
1.0037002569551855e-05
1.003700256978103e-05
1.0037002566723342e-05
1.0037002580729046e-05
1.003700256991844e-05
1.0037002579768873e-05
1.003700256489347e-05
1.0037002561924757e-05
1.0037002572988317e-05
1.0037002558122551e-05
1.0037002559467855e-05
1.0037002577999516e-05
1.003700257096495e-05
1.0037002575970731e-05
1.0037002570364845e-05
1.0037002573600982e-05
1.0037002570199652e-05
1.0037002562203019e-05
1.0037002575768585e-05
1.0037002565765953e-05
1.0037218824693184e-05
1.0037218824693184e-05
1.0037218824683392e-05
1.0037218821989863e-05
1.003721883583147e-05
1.0037218825099854e-05
1.0037218834733152e-05
1.003721882018147e-05
1.0037218817059479e-05
1.0037218828155853e-05
1.0037218813232869e-05
1.0037218814855638e-05
1.0037218833131467e-05
1.0037218826086607e-05
1.0037218830952794e-05
1.0037218825513586e-05
1.0037218828754771e-05
1.003721882534567e-05
1.0037218817543094e-05
1.0037218830762619e-05
1.0037218820968433e-05
1.003752627333095e-05
1.003752627333095e-05
1.0037526272901394e-05
1.0037526270847641e-05
1.0037526284395945e-05
1.0037526273808263e-05
1.0037526283064282e-05
1.003752626907458e-05
1.0037526265689481e-05
1.003752627683767e-05
1.0037526261820741e-05
1.0037526263922992e-05
1.0037526281751559e-05
1.0037526274690687e-05
1.003752627931172e-05
1.003752627416362e-05
1.00375262774139e-05
1.0037526273991909e-05
1.0037526266528273e-05
1.0037526279142379e-05
1.0037526269713308e-05
1.0037841375365749e-05
1.0037841375365749e-05
1.003784137425759e-05
1.0037841373237936e-05
1.0037841386299609e-05
1.0037841375957838e-05
1.0037841384614284e-05
1.003784137151571e-05
1.0037841367721132e-05
1.0037841378938186e-05
1.0037841363786344e-05
1.0037841366643252e-05
1.003784138375484e-05
1.0037841376673137e-05
1.0037841380898417e-05
1.0037841376216537e-05
1.003784137948171e-05
1.0037841376040857e-05
1.0037841369120285e-05
1.0037841380762253e-05
1.0037841371920428e-05
1.0037911226659106e-05
1.0037911226659106e-05
1.0037911224408582e-05
1.0037911225129798e-05
1.003791123734008e-05
1.0037911227445932e-05
1.0037911235119342e-05
1.0037911223477127e-05
1.0037911219033485e-05
1.003791123032852e-05
1.0037911214992692e-05
1.0037911219068325e-05
1.0037911234987598e-05
1.003791122788396e-05
1.0037911231444337e-05
1.0037911227535982e-05
1.0037911230827169e-05
1.003791122735937e-05
1.0037911221340862e-05
1.0037911231362588e-05
1.0037911223501958e-05
1.0036898806131881e-05
1.0036898806131881e-05
1.0036898801984223e-05
1.0036898805596338e-05
1.0036898816312907e-05
1.0036898807245845e-05
1.003689881335216e-05
1.0036898804019327e-05
1.0036898798598046e-05
1.0036898809928152e-05
1.0036898794394152e-05
1.0036898800364883e-05
1.0036898814341016e-05
1.0036898807233464e-05
1.0036898809692968e-05
1.003689880704113e-05
1.0036898810377578e-05
1.0036898806877136e-05
1.0036898802326093e-05
1.0036898809698007e-05
1.0036898803448303e-05
1.0032561493361878e-05
1.0032561493361878e-05
1.0032561486136228e-05
1.0032561494438145e-05
1.0032561502538094e-05
1.0032561495015727e-05
1.0032561498737829e-05
1.0032561492887426e-05
1.0032561486122736e-05
1.0032561497281091e-05
1.003256148168557e-05
1.0032561490419003e-05
1.0032561501331897e-05
1.0032561494296814e-05
1.0032561494978325e-05
1.0032561494297013e-05
1.0032561497711984e-05
1.003256149418788e-05
1.003256149194404e-05
1.00325614951157e-05
1.003256149143465e-05
1.0020019518009e-05
1.0020019518009e-05
1.0020019506317157e-05
1.0020019521423241e-05
1.002001952528094e-05
1.0020019520467268e-05
1.0020019521094743e-05
1.0020019519688348e-05
1.0020019511533701e-05
1.0020019521915889e-05
1.0020019506830247e-05
1.0020019518853677e-05
1.0020019525527529e-05
1.0020019518779162e-05
1.0020019516899396e-05
1.0020019518920526e-05
1.0020019522461207e-05
1.0020019518970112e-05
1.0020019519904274e-05
1.0020019517209078e-05
1.0020019517151718e-05
9.992856609170031e-06
9.992856609170031e-06
9.992856592852512e-06
9.992856615003821e-06
9.992856613513353e-06
9.99285661250651e-06
9.992856610710747e-06
9.992856612601761e-06
9.992856604206174e-06
9.992856612655341e-06
9.99285659938164e-06
9.992856613272323e-06
9.99285661599676e-06
9.992856609934475e-06
9.992856605441937e-06
9.992856609925894e-06
9.99285661362196e-06
9.992856610309495e-06
9.992856614171029e-06
9.992856605887717e-06
9.992856609361737e-06
9.95519967436727e-06
9.95519967436727e-06
9.955199656904638e-06
9.955199680796292e-06
9.955199676046877e-06
9.95519967801251e-06
9.955199677201958e-06
9.95519967726328e-06
9.955199671237957e-06
9.955199676919556e-06
9.955199666697083e-06
9.955199677927688e-06
9.95519968056838e-06
9.955199675464738e-06
9.955199670406337e-06
9.955199674818674e-06
9.955199678604315e-06
9.955199675628832e-06
9.95519967947715e-06
9.955199670800094e-06
9.95519967469884e-06
9.931236744932877e-06
9.931236744932877e-06
9.931236730714621e-06
9.931236749659674e-06
9.931236746071222e-06
9.931236748084431e-06
9.93123675109543e-06
9.931236745301725e-06
9.931236742698315e-06
9.931236746671406e-06
9.931236738662237e-06
9.931236744403258e-06
9.931236751010867e-06
9.931236746481958e-06
9.931236743364576e-06
9.9312367451374e-06
9.931236748882396e-06
9.931236746173633e-06
9.93123674698079e-06
9.93123674354812e-06
9.93123674436824e-06
9.927508320914557e-06
9.927508320914557e-06
9.927508309367889e-06
9.9275083242418e-06
9.927508322655486e-06
9.927508323610206e-06
9.927508328910955e-06
9.927508319726772e-06
9.927508318627206e-06
9.927508322431151e-06
9.9275083148372e-06
9.927508317746212e-06
9.927508327136897e-06
9.927508322654712e-06
9.927508321091858e-06
9.92750832105963e-06
9.92750832474357e-06
9.927508322096062e-06
9.92750832079805e-06
9.927508321148632e-06
9.927508319676761e-06
9.928384517197333e-06
9.928384517197333e-06
9.928384506233218e-06
9.92838452021964e-06
9.928384519203974e-06
9.928384519787239e-06
9.928384525477418e-06
9.928384515737288e-06
9.928384514797263e-06
9.928384518722939e-06
9.928384511039171e-06
9.928384513547015e-06
9.928384523482608e-06
9.928384518955934e-06
9.92838451772647e-06
9.928384517347852e-06
9.928384521014946e-06
9.928384518360505e-06
9.928384516654598e-06
9.928384517761563e-06
9.928384515821058e-06
9.928614261087969e-06
     fun: 1.0227435689130257e-05
     jac: array([-1.91982849e-07,  5.81010227e-08,  7.17196826e-08, -7.36088168e-09,
        1.54963232e-07, -5.83024757e-08,  3.93513346e-08, -4.87892748e-08,
        1.54074087e-07, -1.64988023e-08, -7.61363026e-08,  2.63005859e-07,
       -6.77334810e-09, -9.39679694e-08, -5.98752194e-08,  1.72707360e-08,
        1.08572067e-08, -9.54014467e-09,  2.96483904e-09])
 message: 'Optimization terminated successfully.'
    nfev: 2668
     nit: 127
    njev: 127
  status: 0
 success: True
       x: array([ 0.69646699, -0.53479752, -0.51662235,  0.14348426, -0.5661648 ,
        0.29675912,  0.04767924,  0.09459661,  0.01686016,  0.53124562,
        0.03301844, -0.25524644, -0.50110125,  0.13181466, -0.11718105,
       -0.52294186, -0.34073724,  0.23879311, -0.28783044])

========================================================

Final result:
0.6964669923985514
-0.534797516054238
-0.5166223487370677
0.14348426189571417
0.14348426189571417
0.14348426189571417
-0.5661648032810656
0.29675911635483593
0.047679244555267244
0.09459661498568574
0.016860156979689945
0.5312456158085656
0.033018442134802956
0.033018442134802956
-0.2552464409194075
-0.5011012501358991
0.13181466043665407
0.13181466043665407
-0.11718105071666374
-0.5229418640973513
0.1901095140096802
0.1901095140096802
0.1901095140096802
-0.34073723521079924
0.23879311265063766
-0.2878304389685008
0.12992485384288746
0.12992485384288746
0.12992485384288746
