TYR_methyl_neutral.filelist
5.73739519133
5.73739519133
5.73739487162
5.73739470627
5.73739512901
5.7373959942
5.7373961417
5.73739578916
5.73739570657
5.73739587142
5.73739558488
5.7373966424
5.73739582631
5.7373956205
5.73739642084
5.73739648105
5.73739631445
5.73739629112
5.73739571944
5.73739565734
5.73739571625
5.73739535859
98901.76868
9887.29349671
985.856215459
157.05589288
26.4398576052
5.738718719
4.75874825155
4.75874825155
4.75874793363
4.75874777016
4.7587481895
4.75874865957
4.7587488023
4.7587484542
4.75874834238
4.75874841578
4.758748418
4.75874868881
4.75874823389
4.75874849307
4.75874805536
4.75874820187
4.75874772993
4.75874762229
4.7587479063
4.75874775157
4.75874779245
4.75874829569
14002.0885491
1396.82409761
259.341842925
53.4639440208
10.2858134854
3.00000325565
3.00000325565
3.00000304822
3.00000294719
3.00000321394
3.00000297113
3.00000302691
3.00000288098
3.00000279879
3.00000275445
3.00000303751
3.00000215862
3.00000276002
3.00000310147
3.00000230136
3.00000227398
3.00000240573
3.00000247101
3.00000285833
3.00000291555
3.00000304858
3.00000311735
3092.85106714
334.71237565
55.071950984
9.23535079187
2.64149303606
2.64149303606
2.64149320812
2.64149329734
2.64149306764
2.64149232019
2.64149222645
2.64149248566
2.64149252467
2.64149241361
2.64149270548
2.64149176443
2.64149237746
2.64149275288
2.6414917035
2.64149173752
2.64149166079
2.64149166831
2.64149233002
2.6414922965
2.64149236757
2.64149285722
208.66692913
20.5081900855
2.9898991448
2.57766187082
2.57766187082
2.57766205871
2.5776621913
2.57766190593
2.57766118383
2.57766106311
2.57766133312
2.57766141309
2.57766120604
2.57766153267
2.57766047302
2.57766117451
2.57766154629
2.5776604675
2.57766049152
2.57766043949
2.57766044729
2.57766114187
2.57766111569
2.57766117731
2.57766170782
186.676836879
18.2666821518
2.8422887402
2.4983867615
2.4983867615
2.49838695384
2.49838706814
2.49838679769
2.49838601639
2.49838591431
2.49838616467
2.4983862171
2.49838607153
2.49838636622
2.49838533873
2.49838603935
2.49838634499
2.49838530055
2.49838531006
2.498385275
2.49838527076
2.49838600863
2.49838598359
2.49838601674
2.49838658758
141.615878974
13.9441073483
2.62577653947
2.45173345936
2.45173345936
2.45173367379
2.45173379102
2.45173350008
2.45173269677
2.4517325986
2.45173285032
2.45173289163
2.4517327503
2.45173307988
2.45173199505
2.45173271766
2.45173310131
2.45173195775
2.45173195245
2.45173194602
2.45173193716
2.45173270068
2.45173268754
2.45173269753
2.45173327174
43.9949061108
4.74684144477
2.42973960493
2.42973960493
2.42973980704
2.42973992101
2.42973964303
2.42973884308
2.4297387447
2.42973899563
2.42973904135
2.42973888947
2.42973922564
2.42973810661
2.4297388757
2.4297392467
2.42973814368
2.4297381514
2.42973812421
2.42973811774
2.4297388519
2.42973881659
2.42973879348
2.42973941907
61.5097046605
5.9968728432
2.34367268018
2.34367268018
2.34367286949
2.34367297874
2.34367271537
2.34367195225
2.34367184214
2.34367211997
2.34367218403
2.34367202348
2.34367232971
2.34367131342
2.34367200234
2.34367233273
2.34367131355
2.3436713205
2.34367130426
2.34367127655
2.34367200066
2.34367201842
2.34367197692
2.34367252515
21.5353949414
2.87042680039
2.14831503872
2.14831503872
2.1483152445
2.14831533487
2.14831507783
2.1483144154
2.14831434255
2.14831455643
2.14831459781
2.14831448034
2.14831473756
2.14831387808
2.14831446591
2.14831473386
2.14831390198
2.14831395119
2.14831389578
2.14831390131
2.1483144728
2.14831450904
2.14831448437
2.148314914
32.2961140952
4.06773356756
1.62443197143
1.62443197143
1.62443209429
1.62443215426
1.62443199509
1.62443182979
1.6244317587
1.62443190848
1.62443195797
1.62443191614
1.62443192135
1.62443185699
1.62443193282
1.62443188549
1.62443193286
1.62443193837
1.62443200312
1.62443206836
1.6244320027
1.62443206197
1.62443198796
1.62443197254
46.644605001
4.39665521011
1.53158246014
1.53158246014
1.53158255029
1.53158259034
1.53158247829
1.5315825453
1.53158249824
1.53158257825
1.53158261292
1.53158262746
1.53158252018
1.53158278651
1.53158268642
1.53158247928
1.53158295053
1.53158291136
1.53158301577
1.53158301063
1.53158276011
1.53158279911
1.53158276171
1.53158251003
4.80167301936
1.53760188385
1.53760188385
1.53760191115
1.53760188878
1.53760188847
1.53760215493
1.53760219173
1.53760215733
1.53760218633
1.53760222787
1.5376020451
1.5376025898
1.53760226912
1.53760201079
1.53760268333
1.53760265743
1.53760272933
1.53760272386
1.53760232017
1.53760233664
1.53760230557
1.53760198854
8.44277132901
1.60630598505
1.50763711086
1.50763711086
1.50763710251
1.50763709643
1.50763710869
1.50763742656
1.50763746244
1.5076374064
1.50763742402
1.50763747748
1.50763728579
1.50763786935
1.50763750968
1.5076372586
1.50763793224
1.50763791824
1.50763796482
1.50763795709
1.50763754833
1.50763756211
1.50763752837
1.50763721305
2.45106142644
1.44674031334
1.44674031334
1.44674026591
1.44674024925
1.4467403036
1.4467405282
1.4467405643
1.44674048906
1.4467404756
1.44674051973
1.44674043111
1.4467407532
1.44674051382
1.4467404173
1.44674070702
1.44674071103
1.44674068707
1.44674066622
1.44674049494
1.44674047374
1.44674046861
1.44674039487
9.44050423494
1.53410711686
1.39297469238
1.39297469238
1.39297463028
1.3929745947
1.39297467986
1.39297482501
1.39297486173
1.39297477613
1.39297475584
1.39297477756
1.39297475102
1.39297488839
1.3929747453
1.39297476111
1.39297477328
1.39297479537
1.39297472108
1.39297469318
1.39297469318
1.39297465816
1.39297466232
1.39297472168
1.55589232685
1.3598085233
1.3598085233
1.35980847847
1.35980845895
1.35980851383
1.35980856053
1.35980858303
1.35980853276
1.35980851881
1.35980852574
1.35980853491
1.35980853567
1.35980850861
1.35980854682
1.35980848213
1.35980848988
1.3598084587
1.35980844866
1.35980848376
1.35980846564
1.35980848136
1.35980852713
1.41031137516
1.35407248647
1.35407248647
1.3540724721
1.35407246914
1.3540724829
1.35407248733
1.35407249271
1.35407248244
1.35407248138
1.35407248248
1.35407248528
1.3540724756
1.35407248595
1.35407249088
1.35407249469
1.35407249015
1.35407250979
1.35407251369
1.35407250047
1.35407249943
1.35407251585
1.35407248612
1.34838339125
1.34847663246
1.34847663246
1.34847663237
1.34847663658
1.34847663173
1.3484766218
1.34847662175
1.34847662359
1.34847662713
1.3484766233
1.34847662762
1.34847661749
1.34847661818
1.34847663134
1.34847660418
1.34847660817
1.34847660001
1.34847659558
1.34847661434
1.34847660719
1.34847661184
1.34847663178
1.34464063405
1.34638498167
1.34638498167
1.34638497881
1.34638498111
1.34638498044
1.34638497881
1.34638498004
1.34638497811
1.3463849808
1.34638497832
1.34638497991
1.34638497713
1.3463849754
1.34638498267
1.34638497162
1.34638497391
1.34638497229
1.34638496989
1.34638497651
1.34638497256
1.34638497654
1.3463849824
1.34679042396
1.34643543902
1.34643543902
1.34643543564
1.34643543751
1.34643543769
1.34643543905
1.34643544052
1.34643543791
1.34643544057
1.34643543875
1.34643543857
1.34643544033
1.34643543683
1.34643544129
1.34643543804
1.34643543961
1.34643544052
1.34643543891
1.34643543975
1.3464354367
1.34643544086
1.34643544047
1.34635524802
1.34635524802
1.34635524508
1.34635524702
1.34635524678
1.34635525014
1.34635525159
1.34635524928
1.3463552522
1.34635525092
1.3463552491
1.34635525616
1.34635524902
1.3463552518
1.34635525329
1.34635525492
1.34635525531
1.34635525351
1.34635525144
1.34635524787
1.34635525218
1.34635525014
1.34639384651
1.34639384651
1.34639384335
1.34639384524
1.34639384522
1.34639384786
1.34639384937
1.34639384683
1.34639384966
1.34639384811
1.34639384696
1.34639385182
1.34639384624
1.34639384961
1.34639384928
1.34639385081
1.34639385151
1.34639384969
1.34639384889
1.34639384554
1.34639384975
1.3463938484
     fun: 1.3884672091021495
     jac: array([ -4.51952219e-05,   2.91064382e-04,   6.95288181e-05,
         1.40161812e-03,   1.68006122e-03,   8.32751393e-04,
         1.75435841e-03,   2.56717205e-04,  -3.36766243e-04,
        -8.63045454e-04,   1.39027834e-03,  -1.94439292e-03,
         2.36597657e-03,   2.49713659e-04,   3.50627303e-03,
         1.51440501e-03,   2.37375498e-03,   2.36205757e-03,
         1.61027908e-03,   7.80552626e-04])
 message: 'Optimization terminated successfully.'
    nfev: 551
     nit: 23
    njev: 23
  status: 0
 success: True
       x: array([ 0.49891598, -0.46242943, -0.47830454, -0.35269993,  0.23874793,
        0.0043257 ,  0.12811773, -0.27208637,  0.54928173,  0.11986572,
        0.04551716, -0.46769822, -0.13706008,  0.13809589, -0.2210653 ,
        0.16278914,  0.1965165 , -0.40173548,  0.31917529, -0.51478121])

========================================================

Final result:
0.49891597538
-0.462429433873
-0.478304544908
0.1472726678
0.1472726678
0.1472726678
-0.352699927505
0.238747932929
0.00432569592696
0.128117732679
-0.272086370789
0.549281732039
0.119865715157
0.119865715157
0.0455171552094
-0.467698215686
-0.137060082847
-0.137060082847
0.138095887333
-0.221065304575
-0.221065304575
0.138095887333
0.162789140154
0.196516503771
0.162789140154
-0.401735479161
0.319175285276
-0.514781211605
0.402068456472
