24.3845379745
24.3845379745
24.384536979
24.3845364636
24.384537772
24.3845393412
24.384539951
24.3845388623
24.3845425164
24.3845397719
24.3845391622
24.384538767
24.3845382585
24.3845418759
24.3845401507
24.3845384528
24.3845387615
24.384538066
327106.635496
32693.5455313
4074.12828827
805.381680017
164.227205173
30.8418979572
15.2582839847
15.2582839847
15.2582830527
15.2582828482
15.2582837893
15.2582839032
15.2582840618
15.2582836429
15.2582846079
15.2582836324
15.2582835489
15.2582835293
15.2582836991
15.2582831197
15.2582830486
15.2582840881
15.2582840542
15.2582840052
34867.3477923
3652.46348904
627.41375356
111.958435073
20.5476745297
12.221922762
12.221922762
12.2219224429
12.2219225853
12.2219226858
12.2219221168
12.2219219722
12.2219223934
12.2219210801
12.2219220725
12.2219224193
12.2219225494
12.2219224975
12.2219213026
12.2219223798
12.2219229087
12.2219228481
12.2219227918
9108.33698395
905.709363082
132.658477204
21.1029905087
10.8145588317
10.8145588317
10.8145589105
10.8145593435
10.8145588407
10.8145580068
10.8145577596
10.8145582462
10.8145565593
10.8145577915
10.8145579982
10.8145584806
10.814558484
10.8145567194
10.8145571971
10.814558667
10.8145584517
10.8145587928
2241.07203683
221.635674092
23.852307782
10.4505446539
10.4505446539
10.4505448529
10.4505453065
10.4505446898
10.4505437051
10.4505434515
10.4505439677
10.4505421916
10.4505433924
10.4505437967
10.4505440483
10.4505443444
10.4505418745
10.450543184
10.4505443586
10.4505441174
10.4505445887
599.343133556
57.5080232379
11.076564368
9.80306966543
9.80306966543
9.80307002685
9.80307050308
9.80306974107
9.80306863657
9.80306827591
9.80306888146
9.80306673423
9.80306820697
9.80306865017
9.80306889355
9.80306934718
9.80306646661
9.80306785746
9.80306950182
9.80306934132
9.80306963588
2480.33234246
246.436902095
24.7790812042
9.65562678
9.65562678
9.65562709167
9.655627484
9.65562684766
9.65562561165
9.65562526489
9.6556258584
9.65562351346
9.65562530815
9.65562572752
9.65562575641
9.65562640821
9.65562365959
9.65562494118
9.65562633549
9.65562606192
9.65562668839
1697.31741055
168.584641607
18.1236998371
9.53691330014
9.53691330014
9.5369136128
9.53691402622
9.53691336813
9.53691223181
9.53691176334
9.53691248557
9.53690993483
9.53691174875
9.53691223194
9.53691249252
9.5369130053
9.53690994255
9.53691138161
9.53691282842
9.53691260022
9.53691320132
231.332892821
23.1271681459
9.33110707793
9.33110707793
9.33110752288
9.33110780783
9.33110717295
9.33110590247
9.33110549023
9.33110621371
9.33110362538
9.33110549341
9.33110598852
9.33110627395
9.33110668162
9.33110363771
9.331105121
9.33110663958
9.33110634949
9.33110698517
50.9005796579
9.39476704897
8.84767528346
8.84767528346
8.84767573208
8.84767602913
8.84767537577
8.84767413758
8.84767376515
8.84767448407
8.84767197921
8.84767379098
8.84767426436
8.84767453326
8.84767498601
8.84767205589
8.84767345116
8.84767488935
8.8476745752
8.84767520579
52.0085414376
8.96110223004
8.01504605885
8.01504605885
8.01504647777
8.01504675806
8.01504614855
8.01504528493
8.01504493302
8.01504550304
8.01504350286
8.01504499016
8.01504535148
8.0150455285
8.01504580697
8.01504373078
8.01504479645
8.01504581996
8.01504545676
8.01504601296
192.258316394
17.2948779389
7.06495902044
7.06495902044
7.06495940858
7.06495954563
7.06495910014
7.06495872233
7.06495860048
7.06495890496
7.06495797036
7.06495873915
7.06495888553
7.06495895071
7.06495900679
7.06495841224
7.06495879733
7.06495885085
7.06495881148
7.06495898361
15.1671111928
6.88087480039
6.88087480039
6.8808749752
6.88087493755
6.88087484127
6.88087511377
6.88087517608
6.88087510462
6.88087551207
6.88087528543
6.8808751845
6.88087512946
6.88087497146
6.88087592061
6.88087555727
6.88087484368
6.8808749307
6.88087480796
7.00659335138
6.61196650988
6.61196650988
6.61196642342
6.61196635503
6.61196649828
6.61196671663
6.61196678723
6.61196664054
6.61196714486
6.61196675104
6.61196666219
6.61196661596
6.611966566
6.6119670505
6.61196677087
6.61196656797
6.61196662125
6.61196652023
6.70891841451
6.56188936496
6.56188936496
6.56188929314
6.5618892589
6.56188935297
6.56188946286
6.56188950059
6.56188941786
6.56188968824
6.56188946965
6.56188942392
6.56188940729
6.56188938379
6.56188960535
6.56188947135
6.56188939914
6.56188942737
6.56188937153
6.62803410087
6.55997114257
6.55997114257
6.55997112339
6.55997112803
6.55997114103
6.55997115904
6.55997116309
6.55997115751
6.5599711971
6.55997116291
6.5599711616
6.55997116343
6.55997114477
6.55997120984
6.55997119404
6.55997115407
6.55997116274
6.55997114382
6.57411945783
6.55984426598
6.55984426598
6.55984425416
6.55984426286
6.55984426676
6.55984427262
6.55984427363
6.55984427379
6.55984429016
6.55984427382
6.55984427537
6.55984428005
6.55984426572
6.55984430535
6.55984429973
6.55984427195
6.55984427708
6.55984426593
6.55334743322
6.55616066229
6.55616066229
6.55616065372
6.55616066267
6.55616066368
6.55616066144
6.55616066025
6.55616066023
6.5561606687
6.55616065462
6.55616065685
6.55616066292
6.55616065817
6.55616066585
6.55616066287
6.55616066135
6.55616066272
6.55616066094
6.55232108067
6.5549251356
6.5549251356
6.55492512737
6.55492513616
6.55492513708
6.55492513415
6.55492513259
6.55492513313
6.55492513975
6.55492512722
6.55492512987
6.55492513582
6.55492513141
6.55492513723
6.5549251357
6.55492513473
6.55492513602
6.55492513425
6.55373712713
6.55430804856
6.55430804856
6.55430804065
6.55430804929
6.55430805007
6.5543080473
6.5543080457
6.55430804702
6.55430805214
6.55430804124
6.55430804435
6.55430804999
6.5543080448
6.55430805248
6.55430805221
6.55430804845
6.55430805007
6.55430804739
6.55421312743
6.55425868398
     fun: 6.756785921600827
     jac: array([-0.00450271, -0.00939357, -0.00072509, -0.01508141, -0.02162367,
       -0.0123716 , -0.04688376, -0.02376056, -0.01223069, -0.01613349,
       -0.00558698, -0.05354464, -0.0152666 ,  0.0045988 ,  0.00108123,
        0.00101209])
 message: 'Optimization terminated successfully.'
    nfev: 405
     nit: 20
    njev: 20
  status: 0
 success: True
       x: array([ 0.65287968, -0.55493582, -0.57955789, -0.18414792, -0.0869252 ,
       -0.0225297 ,  0.06745444, -0.04753679, -0.14963764,  0.07229827,
        0.52067687,  0.05717627,  0.07129684, -0.34518828,  0.24509968,
       -0.29702724])

========================================================

Final result:
0.652879682431
-0.554935824475
-0.579557886283
0.160538009442
0.160538009442
0.160538009442
-0.184147919928
-0.0869251989764
-0.022529701257
0.0674544437322
0.0674544437322
-0.0475367937592
-0.149637641554
0.0722982651447
0.52067687108
0.0571762732534
0.0571762732534
0.0712968391565
0.0712968391565
-0.494052993035
-0.345188276575
0.245099678772
-0.297027239715
0.132371945839
0.132371945839
0.132371945839
