12.6640326636
12.6640326636
12.6640318784
12.6640316489
12.664032502
12.664033332
12.6640335256
12.6640329884
12.66403289
12.6640331265
12.6640326642
12.6640336395
12.664033207
12.6640325326
12.6640339807
12.6640339779
12.6640344518
12.6640348291
12.6640336639
12.6640339097
12.6640326579
12.6640327638
12.6640326505
255683.245371
25564.6313211
2552.79496587
303.715113468
37.0261798646
12.2572678475
12.2572678475
12.2572671342
12.2572669629
12.2572676994
12.2572674812
12.2572676082
12.2572671978
12.2572670578
12.2572671256
12.2572672204
12.257266474
12.2572669911
12.2572671419
12.2572661939
12.2572662903
12.2572664061
12.257266693
12.2572671824
12.257267361
12.2572674462
12.2572674775
12.2572677537
25022.2237919
2547.85516073
415.426152797
69.8971896588
13.7324712894
10.2633254016
10.2633254016
10.2633250849
10.2633251361
10.2633253317
10.263325276
10.2633252818
10.2633251765
10.2633252105
10.2633250952
10.2633251311
10.2633250675
10.2633246687
10.2633250377
10.2633236944
10.2633240812
10.2633232655
10.2633233057
10.2633242404
10.2633242073
10.2633252712
10.2633253658
10.2633253666
24364.1430104
2432.54485861
328.02420168
46.6857878747
10.4860472041
9.31033335622
9.31033335622
9.31033337875
9.31033368292
9.31033335127
9.310332709
9.31033250198
9.31033284902
9.31033304543
9.31033273527
9.31033288978
9.31033224893
9.31033247446
9.31033280146
9.31033151483
9.31033180126
9.31033136167
9.31033150904
9.3103323215
9.31033236728
9.31033310466
9.31033317663
9.31033329541
3345.25812685
330.985449195
46.0944980758
9.73312160073
8.38305907295
8.38305907295
8.38305915733
8.38305945602
8.38305908399
8.38305853862
8.38305839931
8.38305859934
8.3830587326
8.38305832538
8.38305879083
8.38305757065
8.38305809013
8.38305895544
8.38305703262
8.38305730015
8.38305681959
8.38305686404
8.3830578875
8.38305786769
8.38305882557
8.38305874256
8.38305901672
2890.71485519
286.845600163
31.4994948598
8.32595337747
7.97132718659
7.97132718659
7.97132732619
7.97132756358
7.97132720897
7.97132640644
7.9713263176
7.97132654506
7.97132654723
7.97132645947
7.97132681092
7.97132585155
7.9713262312
7.97132700247
7.97132515429
7.97132541705
7.97132481283
7.97132472411
7.97132591088
7.97132581299
7.97132688105
7.97132677869
7.97132712038
2210.33710069
219.540395765
21.7440627577
7.8387950993
7.8387950993
7.83879531452
7.83879556979
7.83879513934
7.83879442422
7.83879432704
7.83879451781
7.83879456554
7.83879432753
7.8387947511
7.83879357798
7.83879413048
7.83879477743
7.83879301836
7.83879314029
7.83879272453
7.83879252663
7.83879385934
7.83879376973
7.83879498189
7.83879508317
7.83879507797
397.507328434
38.894221243
8.03141155288
7.63329192917
7.63329192917
7.63329220161
7.63329244153
7.63329198163
7.63329124693
7.6332911336
7.63329135593
7.63329142302
7.63329117215
7.63329157565
7.63329045369
7.63329096224
7.63329161501
7.63328980147
7.63328979626
7.63328952787
7.63328928826
7.63329068758
7.63329058132
7.63329176295
7.63329179871
7.63329189561
821.915852733
81.5238783649
10.3656191144
7.55021504004
7.55021504004
7.5502153047
7.55021552439
7.55021509011
7.55021434922
7.55021421841
7.55021446858
7.55021458103
7.55021425942
7.55021467069
7.55021345687
7.55021408761
7.5502146784
7.55021296551
7.55021300802
7.55021261907
7.550212382
7.55021373804
7.5502135512
7.55021487769
7.55021492864
7.55021500697
434.515436589
42.8341321132
7.98826465544
7.41973868348
7.41973868348
7.41973897339
7.41973914084
7.41973873785
7.41973794001
7.41973780462
7.41973811072
7.41973821272
7.41973790657
7.41973836661
7.41973713691
7.41973770416
7.41973839637
7.41973654894
7.41973661139
7.41973622349
7.41973603569
7.41973737418
7.41973723066
7.41973856644
7.4197386087
7.41973866294
378.635793728
37.7464543249
7.90026344359
7.36164314824
7.36164314824
7.36164348312
7.36164363741
7.36164321365
7.3616424293
7.36164231864
7.36164257355
7.36164266186
7.36164236937
7.36164281259
7.36164159444
7.36164216736
7.36164282199
7.36164101467
7.36164111409
7.3616406747
7.36164048196
7.36164183769
7.36164171863
7.36164301441
7.36164304513
7.36164312356
57.1573319566
8.70827395596
7.29206523052
7.29206523052
7.29206553109
7.29206570636
7.29206528866
7.29206453937
7.29206438227
7.29206468301
7.29206477731
7.29206447715
7.2920649206
7.29206371105
7.29206429407
7.2920649165
7.29206317812
7.29206326369
7.29206282831
7.29206258979
7.29206397
7.29206387436
7.29206511086
7.2920651187
7.29206520957
227.695407386
23.1536400419
7.38261759146
7.24240817629
7.24240817629
7.24240848166
7.24240866724
7.24240823654
7.24240751839
7.24240736019
7.24240763984
7.24240770275
7.24240744213
7.2424078818
7.24240670534
7.24240725871
7.2424078663
7.2424061674
7.24240624352
7.24240583137
7.24240565071
7.24240692905
7.24240681378
7.2424080715
7.24240807152
7.24240815935
22.6927297904
6.75537061684
6.75537061684
6.75537078631
6.75537087898
6.7553706482
6.75537036914
6.75537035833
6.75537046719
6.75537052224
6.75537041887
6.75537055594
6.75537016415
6.75537039886
6.75537057421
6.75537007015
6.75537004915
6.75536990195
6.75536983954
6.75537023563
6.75537020927
6.75537059573
6.75537062604
6.75537060923
37.9441494354
6.80432690595
6.47310833381
6.47310833381
6.47310844855
6.47310848539
6.47310835583
6.47310829478
6.47310829016
6.4731083535
6.47310838135
6.47310834907
6.47310837746
6.47310831712
6.47310837311
6.47310839064
6.47310837751
6.47310835101
6.47310833939
6.47310828887
6.47310834085
6.47310830763
6.47310835883
6.47310838098
6.47310833465
10.3717206784
6.35690659163
6.35690659163
6.35690658229
6.35690655158
6.35690658858
6.35690681193
6.35690685642
6.35690680715
6.35690680897
6.35690687583
6.35690674054
6.35690712362
6.35690696952
6.35690675746
6.35690740786
6.35690733576
6.35690749758
6.35690752198
6.35690706373
6.35690709409
6.35690667164
6.35690667189
6.35690660753
6.62177126792
6.32772437902
6.32772437902
6.32772435637
6.32772432095
6.32772437385
6.32772452542
6.32772453732
6.32772450113
6.32772449418
6.32772454646
6.32772445066
6.32772469394
6.32772460036
6.3277244738
6.32772486311
6.32772481835
6.32772491992
6.32772494663
6.32772466068
6.32772468885
6.32772441135
6.3277244249
6.32772438197
18.4648510253
6.40357995907
6.29734172795
6.29734172795
6.29734168817
6.29734166705
6.29734171804
6.29734178717
6.29734180719
6.2973417693
6.29734176094
6.29734179337
6.29734174884
6.2973418552
6.29734180972
6.29734175197
6.29734192115
6.29734190462
6.29734195698
6.29734197598
6.29734184868
6.29734186528
6.29734173609
6.29734173324
6.29734172534
6.37640057506
6.281256365
6.281256365
6.28125633516
6.28125632463
6.28125635748
6.28125638445
6.28125639399
6.28125637024
6.28125636637
6.2812563827
6.28125636076
6.28125640157
6.28125638263
6.28125636496
6.28125641587
6.28125641277
6.28125643123
6.28125644304
6.28125640098
6.28125640914
6.28125636256
6.28125635941
6.28125636254
6.29320418006
6.2742881341
6.2742881341
6.27428811479
6.27428811196
6.27428812869
6.27428813945
6.27428814357
6.27428813055
6.27428813001
6.27428813676
6.27428812636
6.2742881428
6.27428813049
6.27428812912
6.27428813911
6.2742881404
6.27428814418
6.27428815047
6.27428813888
6.27428814395
6.27428812979
6.27428812886
6.27428813136
6.27494904658
6.27381817908
6.27381817908
6.27381817186
6.27381817591
6.27381817595
6.27381818289
6.27381818284
6.27381817898
6.27381818281
6.27381818288
6.27381817605
6.27381818871
6.27381817653
6.27381817967
6.27381818433
6.27381818628
6.27381818472
6.27381818655
6.27381818063
6.27381818275
6.27381817931
6.2738181793
6.27381817723
6.27444004216
6.27393555642
6.27393555642
6.2739355514
6.27393555649
6.27393555386
6.27393555876
6.27393555822
6.27393555582
6.27393556003
6.27393555918
6.27393555364
6.27393556282
6.2739355533
6.27393555764
6.27393556062
6.27393556188
6.27393556096
6.27393556188
6.27393555744
6.27393555917
6.27393555696
6.27393555703
6.27393555467
6.27397173464
6.27393133524
6.27393133524
6.27393133038
6.27393133533
6.27393133265
6.27393133614
6.27393133571
6.2739313332
6.2739313372
6.27393133631
6.27393133167
6.27393133785
6.27393133066
6.27393133581
6.2739313365
6.27393133731
6.27393133703
6.27393133775
6.27393133499
6.27393133668
6.27393133524
6.27393133524
6.2739313334
6.2732864343
6.27367289578
6.27367289578
6.27367289075
6.27367289551
6.27367289319
6.2736728959
6.27367289562
6.27367289288
6.2736728967
6.27367289589
6.27367289167
6.27367289639
6.27367289025
6.27367289584
6.27367289497
6.27367289563
6.27367289545
6.27367289608
6.27367289449
6.27367289616
6.27367289544
6.27367289538
6.27367289385
6.27344511904
6.27359854924
     fun: 6.3583693064407365
     jac: array([-0.00084871, -0.00021875,  0.00060374, -0.00651836, -0.00823373,
       -0.01049781, -0.01082808, -0.01240671, -0.00490922, -0.03039002,
       -0.00506997, -0.00097013,  0.00047207, -0.00625259,  0.01540285,
        0.01728994,  0.01002908,  0.01328427, -0.00402576, -0.00731039,
       -0.00068063])
 message: 'Optimization terminated successfully.'
    nfev: 610
     nit: 24
    njev: 24
  status: 0
 success: True
       x: array([ 0.54496559, -0.49756148, -0.44760789, -0.40297978,  0.25497352,
        0.02310867,  0.10817947, -0.30577155,  0.53084591,  0.10790867,
        0.17143561, -0.48914285, -0.16494236,  0.13090659, -0.15782692,
        0.13654645, -0.12586468,  0.13130107, -0.37247139,  0.25966378,
       -0.28168684])

========================================================

Final result:
0.544965585218
-0.497561477468
-0.447607885013
0.133401259087
0.133401259087
0.133401259087
-0.402979782946
0.254973519535
0.0231086709181
0.108179471738
-0.305771551564
0.530845906103
0.107908672664
0.107908672664
0.171435607295
-0.489142845551
-0.164942356763
-0.164942356763
0.130906593027
-0.157826919509
-0.157826919509
0.130906593027
0.136546450222
-0.125864684239
0.136546450222
0.131301066457
-0.37247138526
0.259663783028
-0.281686844285
0.13107472983
0.13107472983
0.13107472983
