5.3333321395975445e-05
5.3333321395975445e-05
5.333331787680939e-05
5.333331685279616e-05
5.3333320676075116e-05
5.333332043615613e-05
5.333332115496456e-05
5.333331890575743e-05
5.333331914723005e-05
5.333332097705729e-05
5.3333315052538e-05
5.333332135178882e-05
5.333332316654612e-05
5.333332019830135e-05
5.3333313575469504e-05
5.333332826548492e-05
5.3333324120919054e-05
5.33333256289973e-05
5.333332189894845e-05
5.232926904077461e-05
5.232926904077461e-05
5.23292655444123e-05
5.23292645364667e-05
5.232926832550165e-05
5.232926813296986e-05
5.23292688436378e-05
5.2329266609096514e-05
5.23292668541408e-05
5.2329268639778574e-05
5.232926279747039e-05
5.232926902180922e-05
5.232927077892526e-05
5.232926786625043e-05
5.232926134383322e-05
5.232927577618375e-05
5.2329271732956814e-05
5.232927322093919e-05
5.23292695372427e-05
4.761858037804279e-05
4.761858037804279e-05
4.7618576994985133e-05
4.7618576066510565e-05
4.761857968574833e-05
4.761857972229781e-05
4.7618580392533835e-05
4.7618578231555604e-05
4.761857849413583e-05
4.7618580063650925e-05
4.7618574624568337e-05
4.7618580481495164e-05
4.7618581955905954e-05
4.7618579316288426e-05
4.761857328612033e-05
4.7618586451876926e-05
4.761858290868671e-05
4.761858429759067e-05
4.761858084242811e-05
3.08430958168163e-05
3.08430958168163e-05
3.0843092961550454e-05
3.084309240152349e-05
3.0843095231493124e-05
3.084309630461599e-05
3.084309678653494e-05
3.084309497164394e-05
3.084309531495728e-05
3.084309589433224e-05
3.084309230800376e-05
3.0843096476769054e-05
3.084309665255589e-05
3.084309526951492e-05
3.084309150012022e-05
3.084309883404735e-05
3.084309760106636e-05
3.084309853221498e-05
3.084309613291847e-05
2.0778614276741367e-05
2.0778614276741367e-05
2.0778612262226355e-05
2.0778612284853183e-05
2.0778613861653238e-05
2.0778616511051916e-05
2.0778616692916195e-05
2.0778615437951893e-05
2.0778615907665462e-05
2.077861495078658e-05
2.077861425228612e-05
2.077861578978369e-05
2.0778613943069926e-05
2.0778614522206437e-05
2.0778614274602264e-05
2.0778612492462452e-05
2.077861488723117e-05
2.0778615098612547e-05
2.0778614359547586e-05
2.0642045775588696e-05
2.0642045775588696e-05
2.064204378333738e-05
2.064204381730775e-05
2.06420453648465e-05
2.0642047984139994e-05
2.0642048157871747e-05
2.0642046926216266e-05
2.064204739728719e-05
2.0642046439271153e-05
2.064204575555616e-05
2.0642047279527925e-05
2.06420454247316e-05
2.0642046016318567e-05
2.064204578530013e-05
2.0642043934364606e-05
2.0642046369854896e-05
2.0642046571360277e-05
2.0642045855062236e-05
1.9974248426016312e-05
1.9974248426016312e-05
1.997424651827921e-05
1.9974246590415874e-05
1.9974248031562756e-05
1.997425045006286e-05
1.9974250592162955e-05
1.9974249460184513e-05
1.9974249934576872e-05
1.9974249020971923e-05
1.9974248315510798e-05
1.997424985869998e-05
1.997424803367241e-05
1.9974248617342393e-05
1.9974248354968558e-05
1.997424647841626e-05
1.997424897784773e-05
1.997424915363638e-05
1.9974248496507282e-05
1.7341913419942025e-05
1.7341913419942025e-05
1.734191190825401e-05
1.7341912160145033e-05
1.7341913101788017e-05
1.734191459340369e-05
1.7341914584807626e-05
1.734191392286638e-05
1.7341914415848758e-05
1.7341913707880426e-05
1.7341912895676847e-05
1.7341914531751823e-05
1.734191286423448e-05
1.734191338267714e-05
1.7341912979022243e-05
1.7341911079233655e-05
1.7341913775941604e-05
1.734191383277696e-05
1.734191344892548e-05
1.4443619309982875e-05
1.4443619309982875e-05
1.4443618820193485e-05
1.4443619541650157e-05
1.4443619188717159e-05
1.4443618385573314e-05
1.4443617980500003e-05
1.4443618534444526e-05
1.4443619086379177e-05
1.4443618872579601e-05
1.4443617814223265e-05
1.4443619658141078e-05
1.4443618421874283e-05
1.4443618710826865e-05
1.444361801618664e-05
1.4443616240568564e-05
1.4443619159591834e-05
1.444361890780181e-05
1.4443619231682563e-05
1.43609796813672e-05
1.43609796813672e-05
1.4360979219293072e-05
1.4360979958788217e-05
1.4360979565463826e-05
1.4360978790462944e-05
1.4360978367700424e-05
1.4360978957131972e-05
1.436097952069065e-05
1.4360979286117222e-05
1.4360978249332315e-05
1.4360980068249016e-05
1.4360978865816313e-05
1.4360979093145309e-05
1.4360978459814629e-05
1.436097685317152e-05
1.4360979515919333e-05
1.4360979253975402e-05
1.4360979599930508e-05
1.403781545884353e-05
1.403781545884353e-05
1.4037815057878468e-05
1.4037815851162864e-05
1.4037815354839123e-05
1.4037814886536515e-05
1.4037814406427382e-05
1.4037815080131737e-05
1.4037815695913326e-05
1.4037815323368276e-05
1.4037814411312295e-05
1.4037816090720099e-05
1.4037815023835718e-05
1.4037814965605093e-05
1.4037814655298682e-05
1.4037813868464436e-05
1.4037815256513385e-05
1.4037814967142234e-05
1.4037815369873099e-05
1.3793981903243624e-05
1.3793981903243624e-05
1.3793981597860176e-05
1.379398247990519e-05
1.379398181792051e-05
1.3793981926476381e-05
1.3793981350540953e-05
1.3793982156398414e-05
1.3793982862962338e-05
1.3793982239054674e-05
1.3793981554390487e-05
1.3793982978302135e-05
1.3793982150922536e-05
1.3793981586754102e-05
1.379398185756953e-05
1.3793982529944494e-05
1.3793981641588428e-05
1.3793981306795091e-05
1.379398180225259e-05
1.3774474469901608e-05
1.3774474469901608e-05
1.3774474167019477e-05
1.3774475050958302e-05
1.3774474385115399e-05
1.3774474519596196e-05
1.3774473941632442e-05
1.3774474748918624e-05
1.3774475457404929e-05
1.3774474824003377e-05
1.3774474150549114e-05
1.3774475559825186e-05
1.3774474745094037e-05
1.3774474161219236e-05
1.377447445697682e-05
1.377447518663827e-05
1.3774474206348916e-05
1.3774473869567847e-05
1.3774474368581033e-05
1.3665645123082691e-05
1.3665645123082691e-05
1.3665644819032148e-05
1.3665645697544932e-05
1.3665645038333267e-05
1.366564519501829e-05
1.3665644623438462e-05
1.3665645416656618e-05
1.3665646117877997e-05
1.3665645483188378e-05
1.3665644826722448e-05
1.3665646204917434e-05
1.3665645415610978e-05
1.3665644820974628e-05
1.3665645140168657e-05
1.3665645901407067e-05
1.3665644858825552e-05
1.3665644518728907e-05
1.3665645021917818e-05
1.3147413239814439e-05
1.3147413239814439e-05
1.3147412921022073e-05
1.3147413762344697e-05
1.3147413153492957e-05
1.3147413333573163e-05
1.314741280520886e-05
1.3147413515232176e-05
1.3147414168292074e-05
1.3147413563107257e-05
1.3147412959299018e-05
1.3147414218440145e-05
1.3147413524658507e-05
1.3147412944313453e-05
1.3147413299987966e-05
1.31474140207867e-05
1.3147412978393344e-05
1.3147412626918554e-05
1.3147413140696148e-05
1.127086233021588e-05
1.127086233021588e-05
1.1270861937993475e-05
1.1270862600485079e-05
1.1270862235596345e-05
1.1270862461007e-05
1.1270862140382745e-05
1.1270862457049988e-05
1.127086287910183e-05
1.1270862435740284e-05
1.1270862052660865e-05
1.1270862786683698e-05
1.1270862512638285e-05
1.1270862046661968e-05
1.1270862513620325e-05
1.1270862907155307e-05
1.1270862087129497e-05
1.1270861687050312e-05
1.127086224163432e-05
1.0053976760958513e-05
1.0053976760958513e-05
1.0053976246098785e-05
1.0053976608157442e-05
1.0053976652490823e-05
1.0053976929033555e-05
1.0053976957809756e-05
1.0053976615630997e-05
1.0053976649634873e-05
1.005397648519244e-05
1.0053976461570611e-05
1.0053976329298971e-05
1.0053976746791116e-05
1.0053976490589252e-05
1.0053977120240238e-05
1.0053976914116271e-05
1.0053976552837578e-05
1.0053976074482121e-05
1.0053976690918729e-05
1.0047183755192998e-05
1.0047183755192998e-05
1.004718324186325e-05
1.0047183603490974e-05
1.0047183647070403e-05
1.004718391982255e-05
1.0047183949570271e-05
1.0047183606259002e-05
1.0047183639574974e-05
1.0047183476240515e-05
1.0047183452022362e-05
1.004718331940653e-05
1.0047183736738791e-05
1.0047183484265544e-05
1.004718410991659e-05
1.0047183894645558e-05
1.0047183550179762e-05
1.0047183073359636e-05
1.0047183685888293e-05
1.0013415265580744e-05
1.0013415265580744e-05
1.001341476305262e-05
1.001341512832068e-05
1.0013415159662715e-05
1.0013415427236499e-05
1.0013415455170417e-05
1.0013415117375545e-05
1.0013415154619458e-05
1.0013414986988468e-05
1.0013414960020935e-05
1.0013414831902455e-05
1.001341524377174e-05
1.0013414996047979e-05
1.0013415612466467e-05
1.0013415391955554e-05
1.0013415074839866e-05
1.0013414606096673e-05
1.00134151995444e-05
9.85935447641771e-06
9.85935447641771e-06
9.859354027768852e-06
9.859354412343641e-06
9.859354381476902e-06
9.859354635449238e-06
9.859354652730086e-06
9.859354344140718e-06
9.85935440247408e-06
9.859354208901037e-06
9.859354172380908e-06
9.859354062458499e-06
9.859354450884886e-06
9.85935421720618e-06
9.859354799026032e-06
9.859354579590573e-06
9.85935435447906e-06
9.85935392460761e-06
9.859354426150868e-06
9.396382673360601e-06
9.396382673360601e-06
9.396382464036418e-06
9.396382934839541e-06
9.396382627170165e-06
9.396382829513497e-06
9.396382798573882e-06
9.396382620672367e-06
9.396382773356611e-06
9.396382461814714e-06
9.396382386111657e-06
9.39638235375392e-06
9.396382640755448e-06
9.396382462570921e-06
9.396382899194747e-06
9.39638270406694e-06
9.39638285532695e-06
9.396382597190033e-06
9.39638269277452e-06
9.282245234112768e-06
9.282245234112768e-06
9.282245210497849e-06
9.282245747907096e-06
9.282245225747944e-06
9.282245389995342e-06
9.28224532159778e-06
9.282245245402491e-06
9.282245471032203e-06
9.282245068046211e-06
9.282244962838395e-06
9.282244990281764e-06
9.282245198567556e-06
9.28224506173315e-06
9.282245388003429e-06
9.282245216662399e-06
9.282245651353514e-06
9.282245526415404e-06
9.28224530749554e-06
9.278359922123065e-06
9.278359922123065e-06
9.278359901564322e-06
9.278360439589974e-06
9.278359914379177e-06
9.278360077935328e-06
9.278360009113126e-06
9.278359934685198e-06
9.278360161024446e-06
9.278359757379411e-06
9.27835965186117e-06
9.278359680720268e-06
9.278359886963224e-06
9.278359750659492e-06
9.278360075535149e-06
9.278359905096531e-06
9.278360343051698e-06
9.278360220482015e-06
9.278359996372844e-06
9.258075813303567e-06
9.258075813303567e-06
9.25807579287126e-06
9.258076328260793e-06
9.258075805578549e-06
9.258075967227766e-06
9.25807589957457e-06
9.258075825559588e-06
9.25807604917282e-06
9.258075650525102e-06
9.258075545367466e-06
9.258075577178532e-06
9.258075778842752e-06
9.25807564295678e-06
9.25807596855671e-06
9.258075797504778e-06
9.25807623368772e-06
9.258076112327495e-06
9.258075887538053e-06
9.159663316512796e-06
9.159663316512796e-06
9.159663291540851e-06
9.159663811857392e-06
9.159663307830455e-06
9.159663459448347e-06
9.159663398822026e-06
9.159663323861118e-06
9.159663531748933e-06
9.159663161026681e-06
9.15966305789566e-06
9.159663103330991e-06
9.159663283896003e-06
9.159663150198134e-06
9.159663480911635e-06
9.15966330261401e-06
9.159663727925023e-06
9.159663609054274e-06
9.159663389230317e-06
8.739909686809739e-06
8.739909686809739e-06
8.739909638322783e-06
8.739910085483593e-06
8.739909673182544e-06
8.739909775606257e-06
8.739909749235028e-06
8.739909668646833e-06
8.739909800196723e-06
8.7399095649188e-06
8.739909471310228e-06
8.739909582123388e-06
8.739909661634637e-06
8.739909539168521e-06
8.739909894053544e-06
8.739909677809709e-06
8.739910053114156e-06
8.739909945159175e-06
8.739909751776661e-06
7.943201531424863e-06
7.943201531424863e-06
7.943201387440029e-06
7.943201538676427e-06
7.94320149772226e-06
7.943201400545816e-06
7.943201512783514e-06
7.943201409031914e-06
7.943201231972542e-06
7.943201544295742e-06
7.943201488901496e-06
7.943201863747594e-06
7.943201535182861e-06
7.94320145900285e-06
7.943201910239965e-06
7.94320153870352e-06
7.943201714588572e-06
7.943201650608522e-06
7.943201564867856e-06
7.939151369052814e-06
7.939151369052814e-06
7.93915122094982e-06
7.939151359098245e-06
7.939151334486458e-06
7.939151228493346e-06
7.939151346814824e-06
7.93915124201903e-06
7.939151051536274e-06
7.939151387677598e-06
7.93915133394266e-06
7.939151720086018e-06
7.939151373891313e-06
7.93915130008589e-06
7.939151754739198e-06
7.93915137647236e-06
7.939151543811144e-06
7.939151481943877e-06
7.939151401025477e-06
7.93407894694448e-06
7.93407894694448e-06
7.934078795903005e-06
7.934078923912314e-06
7.934078911764563e-06
7.934078799169422e-06
7.934078922099603e-06
7.934078816527158e-06
7.934078616050934e-06
7.934078969894875e-06
7.934078917477585e-06
7.93407931166872e-06
7.934078952542879e-06
7.9340788809819e-06
7.934079336998948e-06
7.934078954310535e-06
7.934079114677285e-06
7.934079054779687e-06
7.934078977651774e-06
7.916310429436915e-06
7.916310429436915e-06
7.916310272583129e-06
7.916310377641579e-06
7.916310393053011e-06
7.916310266366962e-06
7.916310399378498e-06
7.916310292178818e-06
7.916310070406784e-06
7.916310461856995e-06
7.916310412572245e-06
7.916310822658134e-06
7.91631043663912e-06
7.916310371388287e-06
7.916310826422453e-06
7.916310436580039e-06
7.916310579587629e-06
7.91631052523953e-06
7.916310456868223e-06
7.87698893902305e-06
7.87698893902305e-06
7.87698877621529e-06
7.876988849800009e-06
7.876988901432071e-06
7.876988757510345e-06
7.876988903500571e-06
7.87698879439246e-06
7.876988546597931e-06
7.8769889836952e-06
7.876988939083109e-06
7.876989365383292e-06
7.876988948194341e-06
7.87698889451286e-06
7.876989338478858e-06
7.876988945771422e-06
7.87698906103141e-06
7.876989016910766e-06
7.876988960973793e-06
7.780669306773948e-06
7.780669306773948e-06
7.780669140495244e-06
7.780669167723943e-06
7.780669268571483e-06
7.780669104765333e-06
7.78066926764335e-06
7.780669156580762e-06
7.780668878821195e-06
7.780669367576319e-06
7.780669330845387e-06
7.78066976634971e-06
7.780669318259298e-06
7.780669289264247e-06
7.7806696914103e-06
7.780669312767924e-06
7.78066937674242e-06
7.780669354560833e-06
7.780669318057031e-06
7.589636786268149e-06
7.589636786268149e-06
7.589636629598122e-06
7.589636609048706e-06
7.5896367503379965e-06
7.589636579735685e-06
7.589636754466688e-06
7.589636643533523e-06
7.589636355713107e-06
7.589636858930619e-06
7.589636832817835e-06
7.589637241260398e-06
7.589636798685899e-06
7.589636814161656e-06
7.589637109694694e-06
7.5896367910758885e-06
7.589636776241345e-06
7.589636793787089e-06
7.589636780096076e-06
7.311963449343581e-06
7.311963449343581e-06
7.3119633295787496e-06
7.311963297696154e-06
7.31196342157387e-06
7.3119632853383365e-06
7.311963448281455e-06
7.311963343034446e-06
7.311963107537821e-06
7.31196351229998e-06
7.311963495273414e-06
7.311963801276093e-06
7.311963458168404e-06
7.311963534160943e-06
7.311963637607778e-06
7.311963452804219e-06
7.311963351118306e-06
7.31196342304167e-06
7.31196342206529e-06
7.09957667345536e-06
7.09957667345536e-06
7.0995766070357144e-06
7.0995766331435755e-06
7.09957665723551e-06
7.099576596807352e-06
7.0995767179222544e-06
7.099576623182443e-06
7.099576502664069e-06
7.09957669849738e-06
7.099576680939851e-06
7.099576839432565e-06
7.099576673985171e-06
7.099576789822532e-06
7.099576709477141e-06
7.0995766763574406e-06
7.099576542352118e-06
7.099576650473586e-06
7.099576635508577e-06
7.037159529121906e-06
7.037159529121906e-06
7.037159492172528e-06
7.037159586694417e-06
7.037159519161275e-06
7.037159513409882e-06
7.037159599244062e-06
7.037159511496926e-06
7.03715947382092e-06
7.037159521512669e-06
7.037159497017204e-06
7.0371595741693094e-06
7.037159523547448e-06
7.037159638114626e-06
7.037159502077983e-06
7.037159532395903e-06
7.037159426116306e-06
7.03715953352302e-06
7.037159494981743e-06
7.032284215953176e-06
7.032284215953176e-06
7.0322841823771745e-06
7.032284299814382e-06
7.0322842066571155e-06
7.032284212490653e-06
7.03228428917883e-06
7.0322842028109795e-06
7.0322841827278995e-06
7.032284199723658e-06
7.032284171727883e-06
7.032284239474962e-06
7.032284209042991e-06
7.032284313829475e-06
7.0322841903438675e-06
7.032284219553029e-06
7.032284135326755e-06
7.032284234098519e-06
7.032284186266179e-06
7.032235253968074e-06
7.032235253968074e-06
7.032235219423388e-06
7.03223533888729e-06
7.032235244449821e-06
7.032235250018106e-06
7.032235326350163e-06
7.032235240014579e-06
7.032235219618231e-06
7.032235237394887e-06
7.032235208915918e-06
7.032235279132078e-06
7.032235247071148e-06
7.0322353491896545e-06
7.0322352328043e-06
7.032235257637196e-06
7.032235177827758e-06
7.032235274238764e-06
7.032235225289174e-06
7.032107571065326e-06
7.032107571065326e-06
7.032107535807768e-06
7.032107655855358e-06
7.032107561384349e-06
7.032107566466872e-06
7.0321076427526705e-06
7.032107556537744e-06
7.032107535571947e-06
7.0321075544888e-06
7.032107525892064e-06
7.0321075976919195e-06
7.032107564207298e-06
7.032107664970819e-06
7.032107552544561e-06
7.032107574769964e-06
7.032107497043823e-06
7.032107592286003e-06
7.032107542879167e-06
7.031403573133649e-06
7.031403573133649e-06
7.031403535902788e-06
7.03140365715883e-06
7.0314035629952495e-06
7.031403566696294e-06
7.031403642665895e-06
7.031403557238341e-06
7.031403535008493e-06
7.031403556521983e-06
7.031403527939189e-06
7.031403603274429e-06
7.031403566367754e-06
7.031403663742173e-06
7.031403561311717e-06
7.031403576934612e-06
7.031403504355622e-06
7.031403596784547e-06
7.031403546176837e-06
7.029505592892303e-06
7.029505592892303e-06
7.029505552469469e-06
7.029505675079841e-06
7.029505581997742e-06
7.029505583486572e-06
7.0295056584312645e-06
7.029505575285397e-06
7.029505551855157e-06
7.029505576071457e-06
7.029505548205577e-06
7.029505627393943e-06
7.029505586228827e-06
7.029505678726557e-06
7.029505590720413e-06
7.029505596850228e-06
7.02950553160562e-06
7.029505620243692e-06
7.0295055677070105e-06
7.023966466869034e-06
7.023966466869034e-06
7.023966420017313e-06
7.023966544025692e-06
7.023966454413985e-06
7.023966451516332e-06
7.023966523201203e-06
7.0239664469668115e-06
7.023966423083431e-06
7.023966449261066e-06
7.023966424424316e-06
7.023966507090877e-06
7.023966460302798e-06
7.023966544335342e-06
7.023966481440147e-06
7.0239664711467705e-06
7.023966418461084e-06
7.0239665011791605e-06
7.023966444766983e-06
7.010410438004079e-06
7.010410438004079e-06
7.010410379324213e-06
7.0104105031975394e-06
7.010410422601436e-06
7.01041041177601e-06
7.010410475019824e-06
7.010410416229208e-06
7.010410395524805e-06
7.010410418198424e-06
7.0104104021691805e-06
7.010410482498303e-06
7.0104104313939034e-06
7.0104105026109505e-06
7.010410477893903e-06
7.010410442877918e-06
7.010410408797307e-06
7.010410484115246e-06
7.010410420588806e-06
6.98172218248262e-06
6.98172218248262e-06
6.9817221037477546e-06
6.981722222300356e-06
6.981722161938408e-06
6.9817221379375695e-06
6.981722182273845e-06
6.981722161948772e-06
6.981722154175868e-06
6.981722157540631e-06
6.981722162525971e-06
6.9817222224748585e-06
6.981722175379089e-06
6.9817222300418205e-06
6.981722255001093e-06
6.981722188381836e-06
6.981722177398081e-06
6.981722246723118e-06
6.981722171163834e-06
6.939207341143945e-06
6.939207341143945e-06
6.939207238278879e-06
6.939207342200336e-06
6.939207314181336e-06
6.939207274752964e-06
6.939207288916193e-06
6.939207329228748e-06
6.939207349186286e-06
6.939207307743609e-06
6.939207347835205e-06
6.939207356770247e-06
6.939207332770761e-06
6.939207375846121e-06
6.939207436316779e-06
6.9392073483010046e-06
6.939207351491384e-06
6.939207424168647e-06
6.939207334179398e-06
6.904913016732383e-06
6.904913016732383e-06
6.904912901403967e-06
6.904912986672151e-06
6.9049129861423964e-06
6.9049129393091655e-06
6.904912927885436e-06
6.904913018854641e-06
6.904913069514536e-06
6.904912975892706e-06
6.904913047346946e-06
6.9049129942867216e-06
6.904913006793571e-06
6.9049130550577695e-06
6.9049131012943504e-06
6.904913024572361e-06
6.904913016794833e-06
6.90491310539162e-06
6.90491300801393e-06
6.893274386266399e-06
6.893274386266399e-06
6.893274274900424e-06
6.89327435110208e-06
6.893274356408649e-06
6.893274312676672e-06
6.893274295879648e-06
6.893274396848981e-06
6.893274459837936e-06
6.893274343644026e-06
6.893274422989121e-06
6.893274341572692e-06
6.893274375598173e-06
6.893274437226804e-06
6.893274444160765e-06
6.893274393935254e-06
6.893274365030936e-06
6.893274467661292e-06
6.893274372720157e-06
6.891627839254032e-06
6.891627839254032e-06
6.891627732868947e-06
6.891627808360629e-06
6.891627810617996e-06
6.891627770233777e-06
6.891627756321654e-06
6.891627851221554e-06
6.891627913907493e-06
6.891627797349235e-06
6.891627873860845e-06
6.891627791191886e-06
6.891627828546569e-06
6.891627896165461e-06
6.8916278851774556e-06
6.891627846676349e-06
6.891627808886018e-06
6.891627915448276e-06
6.891627823507741e-06
6.8912660918630295e-06
6.8912660918630295e-06
6.891265987279586e-06
6.89126606308917e-06
6.891266063686664e-06
6.891266024461035e-06
6.8912660121274144e-06
6.891266103783257e-06
6.891266165435832e-06
6.891266050380228e-06
6.89126612515119e-06
6.891266044052871e-06
6.891266081192523e-06
6.8912661502596976e-06
6.891266134794203e-06
6.891266099196154e-06
6.89126605930523e-06
6.8912661664258575e-06
6.891266075567564e-06
6.890310418146493e-06
6.890310418146493e-06
6.8903103170482715e-06
6.890310393464354e-06
6.890310390863831e-06
6.890310353811851e-06
6.890310344573733e-06
6.890310429830789e-06
6.890310489275774e-06
6.8903103774876375e-06
6.890310448812133e-06
6.890310371245143e-06
6.89031040755858e-06
6.890310479026108e-06
6.890310455806574e-06
6.890310425312101e-06
6.89031038183157e-06
6.890310489664865e-06
6.890310400900847e-06
6.8881077522324685e-06
6.8881077522324685e-06
6.888107656600939e-06
6.888107733602205e-06
6.888107726352476e-06
6.8881076925673695e-06
6.8881076879723606e-06
6.888107763502996e-06
6.8881078195011935e-06
6.888107712788371e-06
6.888107778931364e-06
6.888107706961465e-06
6.888107741772104e-06
6.888107816401257e-06
6.888107782155863e-06
6.888107759148324e-06
6.8881077105911066e-06
6.888107819112976e-06
6.8881077336376855e-06
6.882341135109451e-06
6.882341135109451e-06
6.882341049464736e-06
6.8823411265434805e-06
6.882341111791581e-06
6.882341083626344e-06
6.882341086910981e-06
6.882341145590273e-06
6.882341195457995e-06
6.882341097668692e-06
6.882341155003404e-06
6.882341093125749e-06
6.882341124870031e-06
6.882341203869364e-06
6.8823411520397415e-06
6.882341141601353e-06
6.882341084997537e-06
6.882341193825578e-06
6.882341114368283e-06
6.868378519215086e-06
6.868378519215086e-06
6.868378450949985e-06
6.868378525867021e-06
6.868378500354649e-06
6.86837848117106e-06
6.868378496766128e-06
6.8683785282620485e-06
6.868378567873627e-06
6.868378484759529e-06
6.868378528299746e-06
6.868378483613397e-06
6.868378509330824e-06
6.868378592730021e-06
6.868378516110756e-06
6.868378525043488e-06
6.8683784572206075e-06
6.868378564423361e-06
6.868378495461835e-06
6.836664820343523e-06
6.836664820343523e-06
6.8366647813904375e-06
6.836664847655066e-06
6.836664808997881e-06
6.836664803224218e-06
6.836664836523525e-06
6.836664826846677e-06
6.836664850065835e-06
6.836664789830083e-06
6.836664813451644e-06
6.8366647969343755e-06
6.836664810993941e-06
6.83666489483835e-06
6.836664789050814e-06
6.836664825214651e-06
6.836664744525236e-06
6.836664844292613e-06
6.836664793083356e-06
6.778137491411219e-06
6.778137491411219e-06
6.778137492957867e-06
6.77813753742593e-06
6.77813749044269e-06
6.778137499780744e-06
6.778137551528968e-06
6.778137494154002e-06
6.778137496505044e-06
6.7781374641967606e-06
6.778137466876477e-06
6.778137487654132e-06
6.778137482673933e-06
6.778137553424321e-06
6.7781374321792235e-06
6.7781374952776825e-06
6.778137408711793e-06
6.77813748897933e-06
6.778137462397652e-06
6.707177628325837e-06
6.707177628325837e-06
6.707177662387325e-06
6.707177672492459e-06
6.707177635678372e-06
6.707177651295165e-06
6.707177707551359e-06
6.7071776276290035e-06
6.707177616277636e-06
6.7071776000801556e-06
6.707177597219886e-06
6.707177645153538e-06
6.707177619863488e-06
6.707177656612676e-06
6.707177565524283e-06
6.707177631930456e-06
6.707177561039619e-06
6.707177609840379e-06
6.707177603202923e-06
6.666099152038769e-06
6.666099152038769e-06
6.666099185017991e-06
6.666099169608397e-06
6.666099159098423e-06
6.666099165253529e-06
6.666099205069955e-06
6.666099150791713e-06
6.666099144719331e-06
6.666099118011063e-06
6.666099133154548e-06
6.666099175780656e-06
6.666099143224947e-06
6.666099143976459e-06
6.666099119172069e-06
6.666099156513162e-06
6.66609911734038e-06
6.666099142189427e-06
6.66609913516269e-06
6.658015323411174e-06
6.658015323411174e-06
6.658015339741212e-06
6.658015320065897e-06
6.658015326197052e-06
6.65801532155048e-06
6.658015345698039e-06
6.658015323380536e-06
6.658015328278348e-06
6.658015285142778e-06
6.658015317734053e-06
6.6580153428443915e-06
6.658015314176028e-06
6.658015301892754e-06
6.658015316822669e-06
6.658015328725592e-06
6.658015307967926e-06
6.658015328423482e-06
6.658015311412756e-06
6.6578439225496175e-06
6.6578439225496175e-06
6.657843932177039e-06
6.657843914446088e-06
6.657843923617233e-06
6.6578439158942146e-06
6.657843935968546e-06
6.657843923100303e-06
6.657843931750695e-06
6.657843883374073e-06
6.657843920539906e-06
6.657843939204381e-06
6.6578439131921e-06
6.6578439007645265e-06
6.657843922444689e-06
6.657843928083781e-06
6.657843910315393e-06
6.657843932429166e-06
6.65784391136536e-06
6.6578970626107395e-06
6.6578970626107395e-06
6.657897071407284e-06
6.657897054276779e-06
6.657897063465676e-06
6.657897055487472e-06
6.657897075273213e-06
6.65789706324284e-06
6.657897072291768e-06
6.657897023402564e-06
6.6578970608928195e-06
6.657897078818538e-06
6.657897053242938e-06
6.657897041302112e-06
6.657897062907394e-06
6.657897068160329e-06
6.657897050332706e-06
6.657897072980914e-06
6.657897051415741e-06
6.657926439417232e-06
6.657926439417232e-06
6.6579264476289086e-06
6.6579264309778595e-06
6.657926440122674e-06
6.657926431987091e-06
6.657926451598581e-06
6.657926440108728e-06
6.657926449425038e-06
6.657926400200954e-06
6.657926437877346e-06
6.657926455294063e-06
6.657926430043395e-06
6.6579264185314566e-06
6.65792643993278e-06
6.657926444975471e-06
6.657926427046101e-06
6.657926450109272e-06
6.657926428199058e-06
6.657947443962387e-06
6.657947443962387e-06
6.657947450972225e-06
6.657947435318365e-06
6.657947444361189e-06
6.6579474359139e-06
6.657947455157365e-06
6.657947444778266e-06
6.657947454633316e-06
6.657947404739445e-06
6.657947442777673e-06
6.657947459155257e-06
6.657947434577712e-06
6.6579474239850485e-06
6.6579474449135555e-06
6.6579474495369315e-06
6.6579474314096396e-06
6.657947455293753e-06
6.657947432699486e-06
6.657880271102696e-06
6.657880271102696e-06
6.657880276328631e-06
6.657880262160364e-06
6.6578802710476815e-06
6.65788026215815e-06
6.657880280816311e-06
6.657880272108296e-06
6.6578802827410425e-06
6.657880231889145e-06
6.657880270429709e-06
6.657880285277712e-06
6.657880261705485e-06
6.65788025253709e-06
6.657880272692388e-06
6.6578802766986195e-06
6.657880258333782e-06
6.6578802833359874e-06
6.657880259787986e-06
6.657507751928309e-06
6.657507751928309e-06
6.657507754173741e-06
6.657507742498562e-06
6.65750775111864e-06
6.657507741543078e-06
6.657507759117641e-06
6.657507753264332e-06
6.657507765138855e-06
6.657507712780798e-06
6.65750775207097e-06
6.657507764396668e-06
6.657507742519493e-06
6.657507735884444e-06
6.6575077545674115e-06
6.657507757552527e-06
6.657507738944244e-06
6.657507765545068e-06
6.657507740566815e-06
6.65626022982869e-06
6.65626022982869e-06
6.656260227397587e-06
6.656260219661788e-06
6.65626022784406e-06
6.65626021732747e-06
6.65626023293072e-06
6.656260231717562e-06
6.656260245392966e-06
6.656260190913712e-06
6.656260231150476e-06
6.6562602396039595e-06
6.656260220425627e-06
6.656260218158511e-06
6.656260234070119e-06
6.6562602354783584e-06
6.656260216881762e-06
6.656260245299797e-06
6.656260218495855e-06
6.652680524842726e-06
6.652680524842726e-06
6.652680515288821e-06
6.652680513623894e-06
6.6526805210918995e-06
6.652680509489844e-06
6.652680521394361e-06
6.652680527662008e-06
6.652680543701425e-06
6.652680486612934e-06
6.6526805277020955e-06
6.6526805304770195e-06
6.652680515509925e-06
6.652680520904554e-06
6.652680531411148e-06
6.652680530482417e-06
6.652680512914739e-06
6.652680542325933e-06
6.6526805138157145e-06
6.643854049258877e-06
6.643854049258877e-06
6.643854030338638e-06
6.6438540368356435e-06
6.643854043244544e-06
6.643854031091309e-06
6.6438540363776324e-06
6.643854053524302e-06
6.643854071717664e-06
6.6438540127640725e-06
6.643854053489457e-06
6.643854049349104e-06
6.643854040173445e-06
6.643854058185173e-06
6.643854058601182e-06
6.643854054762707e-06
6.643854041095257e-06
6.643854067341511e-06
6.643854039294491e-06
6.626500792984049e-06
6.626500792984049e-06
6.626500766145515e-06
6.6265007799886056e-06
6.626500785203214e-06
6.626500774769392e-06
6.626500770085955e-06
6.626500799027248e-06
6.626500816660555e-06
6.626500760035452e-06
6.626500796751633e-06
6.62650078814142e-06
6.6265007844941974e-06
6.626500819509923e-06
6.626500803957785e-06
6.626500798066991e-06
6.6265007940478685e-06
6.626500806470742e-06
6.626500785564798e-06
6.604279756929707e-06
6.604279756929707e-06
6.60427973234678e-06
6.604279745336288e-06
6.604279750060483e-06
6.6042797452054675e-06
6.6042797312144915e-06
6.60427976400815e-06
6.604279775189126e-06
6.6042797287446425e-06
6.604279756325676e-06
6.604279752809717e-06
6.604279749343275e-06
6.6042797971105775e-06
6.604279765456811e-06
6.604279761282816e-06
6.6042797721492204e-06
6.60427975755796e-06
6.604279753357912e-06
6.590259690242835e-06
6.590259690242835e-06
6.590259678962287e-06
6.590259681504781e-06
6.590259686965328e-06
6.5902596884953895e-06
6.590259672691944e-06
6.5902596966902486e-06
6.590259698708331e-06
6.590259664921825e-06
6.59025968353673e-06
6.590259693367557e-06
6.59025968329549e-06
6.590259729378374e-06
6.590259693000008e-06
6.590259694004705e-06
6.590259715604359e-06
6.590259676945568e-06
6.590259689381476e-06
6.586921218069695e-06
6.586921218069695e-06
6.5869212164692786e-06
6.586921210976735e-06
6.586921217262855e-06
6.586921221314912e-06
6.586921208447598e-06
6.5869212235178e-06
6.586921221182727e-06
6.586921192809536e-06
6.586921208502708e-06
6.586921226706387e-06
6.586921211211526e-06
6.586921249899628e-06
6.586921217321111e-06
6.586921221699084e-06
6.58692124492906e-06
6.586921199603788e-06
6.586921217578389e-06
6.586750982543429e-06
6.586750982543429e-06
6.586750983017358e-06
6.586750975720638e-06
6.586750982238387e-06
6.5867509864207594e-06
6.586750975006899e-06
6.586750987672671e-06
6.586750984851653e-06
6.586750956903353e-06
6.586750972671788e-06
6.5867509924087775e-06
6.586750975631545e-06
6.586751011533587e-06
6.586750981176487e-06
6.586750986202227e-06
6.586751008580402e-06
6.5867509639342615e-06
6.5867509818202e-06
6.58677161231731e-06
6.58677161231731e-06
6.58677161293865e-06
6.586771605500124e-06
6.586771612042863e-06
6.586771616160375e-06
6.586771605002216e-06
6.58677161740441e-06
6.586771614629719e-06
6.586771586576416e-06
6.586771602483773e-06
6.586771622279963e-06
6.58677160538814e-06
6.586771640862612e-06
6.586771610929398e-06
6.586771615989025e-06
6.5867716380801446e-06
6.586771593879216e-06
6.58677161151916e-06
6.586795944309329e-06
6.586795944309329e-06
6.586795945127631e-06
6.586795937496778e-06
6.586795944073158e-06
6.586795948067588e-06
6.5867959373353464e-06
6.586795949329032e-06
6.586795946656142e-06
6.586795918389705e-06
6.586795934567384e-06
6.586795954410762e-06
6.586795937349585e-06
6.5867959721053925e-06
6.5867959429017564e-06
6.586795948004688e-06
6.586795969574536e-06
6.58679592620815e-06
6.586795943376198e-06
6.586783928328909e-06
6.586783928328909e-06
6.5867839294177785e-06
6.586783921533061e-06
6.5867839281448955e-06
6.5867839319702225e-06
6.586783921849531e-06
6.586783933251749e-06
6.586783930719312e-06
6.586783902142066e-06
6.5867839187441825e-06
6.586783938631851e-06
6.586783921324765e-06
6.5867839549967395e-06
6.586783926886169e-06
6.5867839320596946e-06
6.586783952839915e-06
6.5867839107445086e-06
6.5867839271932065e-06
6.586632567439357e-06
6.586632567439357e-06
6.586632568939655e-06
6.586632560701587e-06
6.586632567334896e-06
6.586632570923633e-06
6.58663256176386e-06
6.586632572208471e-06
6.58663256986879e-06
6.586632540806477e-06
6.5866325581643705e-06
6.5866325780759915e-06
6.5866325603647876e-06
6.5866325921844146e-06
6.586632565914137e-06
6.5866325712291955e-06
6.586632590667369e-06
6.586632550740207e-06
6.586632565964243e-06
6.5860529607842026e-06
6.5860529607842026e-06
6.5860529628393256e-06
6.58605295421775e-06
6.58605296078801e-06
6.586052964119307e-06
6.5860529563352696e-06
6.586052965328833e-06
6.586052963186338e-06
6.586052933441419e-06
6.586052952123531e-06
6.586052971947349e-06
6.5860529536071204e-06
6.586052982363463e-06
6.586052959064753e-06
6.586052964667805e-06
6.5860529819083615e-06
6.586052945550616e-06
6.5860529587657535e-06
6.584252093192404e-06
6.584252093192404e-06
6.58425209587275e-06
6.584252087104801e-06
6.584252093321225e-06
6.584252096552334e-06
6.584252090563764e-06
6.5842520974312626e-06
6.58425209531754e-06
6.584252064716642e-06
6.584252085828184e-06
6.584252105184256e-06
6.584252085876687e-06
6.584252109443556e-06
6.584252090998635e-06
6.584252097225038e-06
6.584252110797406e-06
6.584252080444852e-06
6.5842520902984845e-06
6.579274451602689e-06
6.579274451602689e-06
6.579274454564182e-06
6.579274446775788e-06
6.57927445179875e-06
6.579274455679555e-06
6.579274451394176e-06
6.579274455511067e-06
6.5792744527026375e-06
6.579274421400052e-06
6.579274447030738e-06
6.579274464827732e-06
6.579274444140171e-06
6.579274459020616e-06
6.579274448261462e-06
6.57927445586089e-06
6.5792744634269606e-06
6.579274443024393e-06
6.579274447352963e-06
6.566860846788272e-06
6.566860846788272e-06
6.566860848410059e-06
6.566860845043974e-06
6.5668608467598015e-06
6.566860853585742e-06
6.566860848974139e-06
6.566860850593368e-06
6.566860844942096e-06
6.566860814228712e-06
6.56686084812153e-06
6.566860861619844e-06
6.566860839290933e-06
6.566860840322332e-06
6.566860840791878e-06
6.566860851350299e-06
6.5668608496526435e-06
6.566860844875862e-06
6.566860840633055e-06
6.540794552764337e-06
6.540794552764337e-06
6.54079454869783e-06
6.540794557471036e-06
6.540794551712505e-06
6.540794566631937e-06
6.540794554947668e-06
6.540794557356131e-06
6.5407945441275045e-06
6.5407945179272694e-06
6.54079456514304e-06
6.540794568953051e-06
6.54079454565548e-06
6.540794528220943e-06
6.540794541425714e-06
6.540794557609604e-06
6.540794544241405e-06
6.540794559780546e-06
6.540794544627218e-06
6.501584528938455e-06
6.501584528938455e-06
6.501584512701184e-06
6.50158454330375e-06
6.5015845256532795e-06
6.501584555135102e-06
6.5015845247679064e-06
6.501584535978367e-06
6.501584509342611e-06
6.501584494055028e-06
6.501584556192012e-06
6.501584544619326e-06
6.501584522995989e-06
6.5015844912339246e-06
6.501584509872869e-06
6.501584533761138e-06
6.501584512692937e-06
6.501584542963013e-06
6.501584520374757e-06
6.469448637081171e-06
6.469448637081171e-06
6.469448607826695e-06
6.469448658780039e-06
6.46944863137569e-06
6.469448674439912e-06
6.469448621524446e-06
6.46944864729246e-06
6.46944860834636e-06
6.469448605639672e-06
6.469448673910278e-06
6.46944864975127e-06
6.4694486326291605e-06
6.469448603752741e-06
6.4694486124296846e-06
6.469448641424917e-06
6.469448624609853e-06
6.4694486498550866e-06
6.469448630819263e-06
6.459338285873282e-06
6.459338285873282e-06
6.459338251712352e-06
6.459338308530131e-06
6.459338279236431e-06
6.459338326217909e-06
6.459338263259041e-06
6.459338297613009e-06
6.459338255250592e-06
6.459338257835069e-06
6.459338322493647e-06
6.45933829592066e-06
6.459338282130283e-06
6.459338265314705e-06
6.459338260731164e-06
6.459338289762179e-06
6.459338282076259e-06
6.459338292905094e-06
6.4593382821412045e-06
6.458928391017493e-06
6.458928391017493e-06
6.458928357063752e-06
6.4589284126571445e-06
6.458928384409568e-06
6.458928430574097e-06
6.45892836720675e-06
6.4589284028725155e-06
6.4589283613169165e-06
6.458928363976295e-06
6.45892842558151e-06
6.458928400370263e-06
6.458928387325163e-06
6.458928375931535e-06
6.458928366769914e-06
6.458928394776954e-06
6.458928390773976e-06
6.4589283954427305e-06
6.4589283880773555e-06
6.459134315042787e-06
6.459134315042787e-06
6.459134281433844e-06
6.459134336335992e-06
6.459134308497297e-06
6.45913435419869e-06
6.459134291301973e-06
6.459134326841513e-06
6.4591342857162564e-06
6.459134288090768e-06
6.459134349030519e-06
6.459134324348726e-06
6.4591343113248305e-06
6.459134300776263e-06
6.459134291080132e-06
6.459134318791384e-06
6.459134315308421e-06
6.459134319058382e-06
6.459134312181709e-06
6.459328148648621e-06
6.459328148648621e-06
6.4593281154284485e-06
6.4593281695804574e-06
6.459328142173709e-06
6.459328187369183e-06
6.459328125033988e-06
6.459328160377858e-06
6.459328119719821e-06
6.459328121767372e-06
6.459328182047207e-06
6.45932815792412e-06
6.459328144901641e-06
6.459328135122181e-06
6.45932812498238e-06
6.459328152388758e-06
6.459328149367111e-06
6.4593281522903025e-06
6.4593281458495e-06
6.459564000939134e-06
6.459564000939134e-06
6.459563968445864e-06
6.459564021203164e-06
6.459563994595923e-06
6.4595640388412275e-06
6.459563977579263e-06
6.459564012535262e-06
6.459563972750831e-06
6.459563974194173e-06
6.459564033248715e-06
6.459564010158793e-06
6.459563997143907e-06
6.459563988739103e-06
6.459563977824132e-06
6.4595640046626875e-06
6.459564002463182e-06
6.4595640039114675e-06
6.459563998248292e-06
6.4596287044999585e-06
6.4596287044999585e-06
6.459628673178732e-06
6.459628723694976e-06
6.459628698368329e-06
6.45962874106304e-06
6.459628681580056e-06
6.459628715875691e-06
6.459628677508015e-06
6.459628677998467e-06
6.459628735060072e-06
6.459628713622595e-06
6.4596287006429915e-06
6.459628694367605e-06
6.459628682276884e-06
6.45962870819302e-06
6.4596287072668865e-06
6.459628706432993e-06
6.4596287019755e-06
6.458951511360004e-06
6.458951511360004e-06
6.4589514820655674e-06
6.4589515287238064e-06
6.458951505592266e-06
6.458951545557127e-06
6.458951489271583e-06
6.4589515223403146e-06
6.458951486444762e-06
6.4589514853420594e-06
6.458951538906449e-06
6.458951520295326e-06
6.4589515074370655e-06
6.45895150463666e-06
6.4589514906891396e-06
6.458951514990514e-06
6.4589515161430785e-06
6.458951511590664e-06
6.4589515091044e-06
6.4559181107899e-06
6.4559181107899e-06
6.455918084950306e-06
6.455918125074226e-06
6.4559181056376e-06
6.455918140831176e-06
6.45591809029008e-06
6.455918121061557e-06
6.455918089434076e-06
6.455918085748768e-06
6.45591813322688e-06
6.455918119358145e-06
6.455918106853824e-06
6.455918109474652e-06
6.455918092789205e-06
6.455918114289931e-06
6.455918118687749e-06
6.45591810834875e-06
6.4559181089472475e-06
6.4465222222512905e-06
6.4465222222512905e-06
6.446522202250291e-06
6.446522231430032e-06
6.446522218127673e-06
6.446522244980402e-06
6.4465222048386224e-06
6.446522231243903e-06
6.446522206956646e-06
6.44652219921959e-06
6.446522236118112e-06
6.446522230086809e-06
6.446522218526414e-06
6.446522229128977e-06
6.446522208820188e-06
6.446522225474623e-06
6.4465222346560685e-06
6.446522215834898e-06
6.446522220999788e-06
6.423048623799978e-06
6.423048623799978e-06
6.423048612762299e-06
6.423048625358446e-06
6.4230486212305025e-06
6.423048634666654e-06
6.423048612014146e-06
6.423048630649495e-06
6.4230486179113675e-06
6.4230486046440846e-06
6.423048624652873e-06
6.423048630262821e-06
6.423048620914083e-06
6.4230486411677344e-06
6.423048617509889e-06
6.423048626474646e-06
6.423048641454779e-06
6.423048612472297e-06
6.423048623220824e-06
6.377984381394249e-06
6.377984381394249e-06
6.377984380633569e-06
6.377984374651878e-06
6.377984380556307e-06
6.377984377381833e-06
6.377984377840371e-06
6.377984385426322e-06
6.377984386493174e-06
6.3779843682689785e-06
6.377984367611969e-06
6.377984385786018e-06
6.3779843805029235e-06
6.377984406602008e-06
6.377984383544426e-06
6.377984383191312e-06
6.377984401720385e-06
6.37798436682514e-06
6.377984381114113e-06
6.322529669204774e-06
6.322529669204774e-06
6.322529672997936e-06
6.322529659568835e-06
6.322529669043558e-06
6.3225296563021596e-06
6.322529672499001e-06
6.322529671340896e-06
6.322529679536953e-06
6.3225296616040615e-06
6.322529649452111e-06
6.322529671785131e-06
6.322529671053489e-06
6.322529690358754e-06
6.322529675548977e-06
6.322529670166192e-06
6.322529684695912e-06
6.3225296574952605e-06
6.322529668208909e-06
6.289859153589203e-06
6.289859153589203e-06
6.289859153056203e-06
6.289859148476118e-06
6.289859152580421e-06
6.289859143938833e-06
6.289859157613503e-06
6.289859156062515e-06
6.289859159773954e-06
6.2898591471889585e-06
6.289859140671899e-06
6.289859155869809e-06
6.289859157031601e-06
6.289859161574711e-06
6.289859156975617e-06
6.289859154334407e-06
6.289859160065804e-06
6.2898591488757255e-06
6.289859151355486e-06
6.284090098909931e-06
6.284090098909931e-06
6.284090093838609e-06
6.284090097882655e-06
6.284090097088029e-06
6.284090094600075e-06
6.28409010101293e-06
6.284090102280637e-06
6.284090100437796e-06
6.284090091374176e-06
6.284090092731064e-06
6.284090101626475e-06
6.284090102465635e-06
6.2840900994016735e-06
6.284090098812353e-06
6.284090099803424e-06
6.284090100983384e-06
6.284090097928721e-06
6.284090096089882e-06
6.284674877674348e-06
6.284674877674348e-06
6.284674871505699e-06
6.284674877571617e-06
6.28467487566315e-06
6.2846748748414386e-06
6.284674879054249e-06
6.284674881314326e-06
6.28467487804672e-06
6.284674869633694e-06
6.284674873083208e-06
6.284674880568474e-06
6.2846748811075274e-06
6.284674876961999e-06
6.284674876697716e-06
6.284674878639778e-06
6.284674879169054e-06
6.284674877248728e-06
6.284674874781003e-06
6.284879389861055e-06
6.284879389861055e-06
6.284879383627342e-06
6.2848793898062376e-06
6.284879387839457e-06
6.284879387136334e-06
6.284879391169541e-06
6.284879393522758e-06
6.284879390161573e-06
6.284879381765118e-06
6.28487938535952e-06
6.284879392773652e-06
6.2848793932704575e-06
6.2848793891440314e-06
6.284879388828268e-06
6.284879390834716e-06
6.284879391374735e-06
6.284879389430358e-06
6.284879386970872e-06
     fun: 6.410857884153301e-06
     jac: array([-4.99668431e-08,  2.70337068e-08,  1.54432769e-08, -1.74613717e-07,
        7.28915097e-08,  2.70621229e-07, -6.55989538e-08, -6.70421514e-08,
       -6.84349288e-09, -2.42840770e-08,  3.58519287e-07, -3.96739779e-08,
       -3.74334945e-08, -9.92301921e-08,  6.31669650e-08, -3.89831030e-08,
       -7.67818733e-08])
 message: 'Optimization terminated successfully.'
    nfev: 1881
     nit: 99
    njev: 99
  status: 0
 success: True
       x: array([ 0.5578158 , -0.50644323, -0.45842423, -0.37890896,  0.25290167,
       -0.06425433,  0.11016824,  0.31780489,  0.54030612, -0.00762115,
       -0.40690948, -0.58530624, -0.49101073,  0.11154284, -0.37394061,
        0.26209681, -0.26766593])

========================================================

Final result:
0.557815803872608
-0.506443227923979
-0.4584242335858495
0.1356838858790735
0.1356838858790735
0.1356838858790735
-0.3789089576591192
0.2529016740418931
-0.06425433365938187
0.11016823536872171
0.3178048929298598
0.5403061151718911
-0.007621148820883452
-0.40690947579100134
-0.5853062394291471
-0.49101072820459646
0.11154284105296457
0.11154284105296457
0.11154284105296457
0.37820144289286994
-0.3739406080784028
0.26209681104756477
-0.2676659279423008
0.12650324165771296
0.12650324165771296
0.12650324165771296
