117.282315445
117.282315445
117.282319381
117.282316742
117.282316695
117.282316663
117.282316468
117.282316938
117.282317505
117.282316233
117.282316988
117.282317022
117.282315992
117.282316524
117.282315766
117.282316105
117.282315547
117.282315183
117.282315129
117.282315393
187935.413714
43066.4259748
9830.82044512
2206.79101727
461.885895603
87.5431380357
87.5431380357
87.5431344886
87.5431369
87.5431371075
87.5431370785
87.543137187
87.5431372679
87.5431363167
87.5431373078
87.5431372576
87.5431365481
87.5431374845
87.5431369165
87.5431376956
87.5431373193
87.5431379321
87.5431377847
87.5431377938
87.5431379846
3073.23974549
513.182532869
99.8111048847
74.3719668762
74.3719668762
74.3719626267
74.3719654984
74.3719656572
74.3719656527
74.3719658208
74.3719656384
74.3719647196
74.3719660474
74.3719655049
74.3719652187
74.3719662848
74.371965689
74.3719665378
74.3719661944
74.3719667688
74.3719668305
74.371966939
74.371966867
877.756213467
103.157983357
72.4103845314
72.4103845314
72.4103805062
72.4103832128
72.4103833044
72.4103832952
72.4103834361
72.4103832631
72.4103822929
72.4103836333
72.4103831208
72.4103827185
72.410383864
72.4103831914
72.4103841145
72.4103836436
72.4103844055
72.4103845206
72.4103846288
72.4103845293
1034.22004592
151.10846927
66.5835924265
66.5835924265
66.5835884316
66.5835911353
66.583591302
66.5835912716
66.5835915418
66.5835912401
66.5835907702
66.5835916313
66.5835911133
66.5835907084
66.5835918988
66.5835914795
66.5835920302
66.5835914946
66.583592321
66.5835924994
66.5835926408
66.5835924426
885.438776638
171.664282074
46.3538706239
46.3538706239
46.3538688252
46.3538700242
46.3538700196
46.3538699501
46.3538702376
46.3538698692
46.3538699681
46.3538702896
46.3538698821
46.3538699705
46.3538703227
46.3538699224
46.3538704904
46.3538704141
46.3538705697
46.3538709184
46.3538709902
46.3538706856
821.976898439
137.052020101
41.094913878
41.094913878
41.0949138306
41.0949138363
41.0949137196
41.0949136917
41.0949138313
41.0949135265
41.0949138258
41.0949138743
41.0949136231
41.0949138529
41.0949139347
41.094914062
41.0949138961
41.0949138892
41.094913888
41.0949142213
41.0949141944
41.0949139484
208.455147734
43.4847801118
35.6202782464
35.6202782464
35.620279164
35.6202785374
35.6202784559
35.6202785587
35.6202784665
35.6202782118
35.6202786727
35.6202784826
35.6202782486
35.6202787608
35.6202784323
35.6202786544
35.6202783277
35.6202783699
35.6202782795
35.6202786214
35.6202786245
35.620278323
601.826075656
95.5948557712
32.0097112217
32.0097112217
32.0097135449
32.0097119601
32.0097117892
32.0097118397
32.0097117781
32.0097115657
32.0097124073
32.009711657
32.009711565
32.009712039
32.009711599
32.009712018
32.0097114764
32.0097117874
32.0097112934
32.0097114611
32.0097114139
32.0097112688
224.474423759
40.9987618245
27.1417921711
27.1417921711
27.1417953116
27.1417931689
27.1417929488
27.1417929234
27.1417929338
27.1417927944
27.1417937542
27.141792823
27.141792783
27.1417935112
27.1417926556
27.1417931583
27.141792451
27.1417927364
27.1417922608
27.1417922758
27.1417922068
27.1417921901
421.196609354
79.3517717917
21.1736529641
21.1736529641
21.1736570778
21.173654306
21.1736541894
21.1736541939
21.173653959
21.1736543148
21.1736549235
21.1736537711
21.1736542591
21.1736545974
21.1736535499
21.173654128
21.1736533315
21.1736537488
21.1736530762
21.1736528456
21.173652869
21.1736529406
59.6716427861
16.1264905646
16.1264905646
16.1264908216
16.126490675
16.1264907868
16.1264908414
16.1264906274
16.1264909966
16.126490595
16.1264906071
16.1264910066
16.1264906816
16.1264905507
16.1264904991
16.1264905492
16.1264905264
16.1264905618
16.126490193
16.1264901168
16.1264904873
21.1827162217
9.4026481641
9.4026481641
9.40264530304
9.40264724621
9.40264739768
9.40264739141
9.40264748422
9.40264745831
9.40264676846
9.40264761968
9.40264737448
9.40264708795
9.40264774827
9.40264732821
9.40264789043
9.40264756461
9.40264808501
9.40264803482
9.40264810191
9.40264813761
27.8514314565
7.70620839304
7.70620839304
7.70620676599
7.7062078579
7.70620789196
7.70620783609
7.70620800791
7.70620788241
7.70620766785
7.70620805828
7.70620800471
7.70620771444
7.70620812616
7.70620783159
7.70620823526
7.70620807179
7.70620834192
7.70620847547
7.70620843052
7.70620841001
12.8013541316
6.68082848244
6.68082848244
6.68082818452
6.68082837395
6.68082832418
6.68082833411
6.68082839207
6.68082818818
6.68082831602
6.6808284281
6.68082819295
6.68082836158
6.68082847982
6.68082850641
6.6808284907
6.68082851167
6.68082848312
6.6808286719
6.68082868269
6.68082852054
9.21219690282
6.10796699158
6.10796699158
6.10796781734
6.10796725691
6.10796721191
6.10796719835
6.10796721484
6.10796718278
6.10796748805
6.10796714273
6.10796717414
6.1079672648
6.10796710905
6.10796724644
6.1079670469
6.10796708766
6.10796701173
6.10796705467
6.1079670705
6.10796700429
9.60802084858
5.96348488337
5.96348488337
5.96348559876
5.96348511365
5.96348507731
5.96348507117
5.96348504934
5.96348508166
5.9634852004
5.96348503402
5.96348508242
5.96348520922
5.96348498673
5.96348506831
5.9634849669
5.96348508726
5.96348490498
5.96348488523
5.96348488199
5.96348488326
6.74004569753
5.89865995997
5.89865995997
5.89866030605
5.89866007339
5.898660063
5.89866007164
5.89866003479
5.8986600729
5.89866009309
5.89866002329
5.89866007872
5.89866008719
5.89866001284
5.89866007489
5.89865998992
5.89866002058
5.89865997014
5.89865994333
5.89865993129
5.89865995591
6.05625606927
5.87252893114
5.87252893114
5.87252897127
5.87252894686
5.8725289536
5.87252896417
5.87252894636
5.87252895356
5.87252895378
5.87252894403
5.87252894856
5.87252896075
5.87252893916
5.87252894313
5.87252894002
5.87252895643
5.87252893316
5.8725289209
5.87252891933
5.87252892841
5.93328284837
5.86124297191
5.86124297191
5.8612429311
5.86124295805
5.86124295453
5.86124295262
5.86124295472
5.86124295476
5.86124293104
5.86124295766
5.8612429493
5.86124294676
5.86124295892
5.86124294402
5.8612429634
5.86124295455
5.86124296955
5.86124296699
5.86124296857
5.86124297036
5.92190071489
5.85784425592
5.85784425592
5.85784418362
5.85784423355
5.85784423897
5.85784423552
5.85784424631
5.85784424191
5.85784423599
5.85784424883
5.85784423952
5.85784424218
5.85784425335
5.85784425444
5.85784425329
5.85784424998
5.85784425561
5.85784425261
5.85784425597
5.8578442548
5.85065472663
5.85065472663
5.85065470331
5.85065471986
5.85065472245
5.85065472883
5.85065471854
5.85065472024
5.85065470787
5.85065471378
5.85065472835
5.85065470027
5.85065471209
5.85065469345
5.85065471684
5.85065470587
5.85065472374
5.85065474564
5.85065474771
5.8506547303
5.84461989809
5.84461989809
5.84461990644
5.84461989824
5.84461988645
5.84461987077
5.84461990378
5.84461988214
5.84461992882
5.84461989078
5.84461990403
5.8446198706
5.84461989751
5.84461990109
5.84461989878
5.84461990156
5.84461989763
5.84461990012
5.84461987956
5.84461989795
5.80977139583
5.80977139583
5.80977141719
5.80977140267
5.80977139985
5.80977139896
5.80977140819
5.80977139107
5.80977142026
5.8097714126
5.80977138892
5.80977143824
5.80977140687
5.80977142185
5.80977139548
5.80977138514
5.80977139759
5.80977139979
5.80977139881
5.80977139624
5.87271469417
5.79731967454
5.79731967454
5.79731966374
5.79731967137
5.7973196722
5.79731967216
5.79731967665
5.79731966947
5.79731967898
5.79731967783
5.79731965998
5.79731968049
5.79731968164
5.79731969428
5.79731967802
5.79731968014
5.79731967592
5.79731967603
5.79731968305
5.79731967462
5.78489070762
5.78489070762
5.78489070045
5.78489070553
5.78489070677
5.78489070779
5.78489070634
5.78489070846
5.78489070402
5.78489070592
5.78489070782
5.78489070493
5.78489070613
5.7848907043
5.78489070706
5.78489070602
5.78489070754
5.78489070799
5.78489070933
5.78489070759
5.78240857824
5.78240857824
5.78240857927
5.78240857845
5.78240857806
5.78240857888
5.78240857787
5.78240857837
5.78240857725
5.78240857735
5.78240857953
5.78240857697
5.78240857737
5.78240857631
5.78240857792
5.78240857808
5.78240857614
5.7824085783
5.78240857826
5.78240857817
5.79481743868
5.78073762331
5.78073762331
5.78073762766
5.7807376244
5.78073762323
5.78073762368
5.78073762338
5.78073762298
5.78073762371
5.78073762283
5.78073762434
5.78073762259
5.78073762305
5.78073762244
5.78073762377
5.78073762396
5.78073762318
5.78073762333
5.78073762233
5.78073762326
5.77931562253
5.77931562253
5.77931562585
5.77931562342
5.77931562289
5.7793156229
5.77931562282
5.77931562372
5.77931562314
5.7793156226
5.77931562349
5.77931562327
5.77931562242
5.7793156219
5.77931562284
5.77931562269
5.77931562244
5.77931562266
5.77931562071
5.77931562254
5.77585544027
5.77585544027
5.77585543812
5.77585543991
5.7758554415
5.77585544153
5.77585544078
5.77585544402
5.77585544011
5.77585544108
5.77585544327
5.77585544318
5.77585544009
5.77585543905
5.7758554401
5.77585543883
5.77585544119
5.77585543771
5.77585543851
5.77585543973
5.77443248076
5.77443248076
5.77443247978
5.77443248052
5.77443248085
5.77443248096
5.77443248076
5.77443248109
5.77443248035
5.77443248094
5.77443248063
5.77443248135
5.77443248086
5.77443248077
5.77443248082
5.77443248046
5.77443248101
5.77443248064
5.77443248095
5.77443248074
5.77424921027
5.77424921027
5.77424921041
5.77424921032
5.77424921033
5.77424921024
5.77424921034
5.77424921032
5.77424921039
5.7742492103
5.77424921037
5.77424921025
5.77424921032
5.77424921027
5.77424921032
5.77424921027
5.77424921023
5.77424921021
5.77424921017
5.77424921027
5.77420162294
5.77420162294
5.77420162305
5.77420162297
5.7742016229
5.77420162286
5.77420162294
5.77420162276
5.77420162296
5.7742016229
5.77420162283
5.77420162277
5.77420162298
5.77420162297
5.77420162299
5.77420162299
5.77420162287
5.77420162304
5.774201623
5.77420162298
5.77414179165
5.77414179165
5.77414179175
5.77414179167
5.77414179162
5.77414179159
5.77414179163
5.77414179151
5.77414179166
5.77414179159
5.77414179157
5.77414179152
5.77414179165
5.77414179167
5.77414179166
5.7741417917
5.7741417916
5.77414179173
5.7741417917
5.77414179168
5.77413475465
5.77413475465
5.77413475466
5.77413475466
5.77413475464
5.77413475463
5.77413475464
5.7741347546
5.77413475464
5.77413475462
5.77413475461
5.77413475462
5.77413475465
5.77413475466
5.77413475465
5.77413475467
5.77413475464
5.77413475468
5.77413475468
5.77413475467
5.77412934204
5.77412934204
5.774129342
5.77412934203
5.77412934206
5.77412934205
5.77412934204
5.77412934208
5.77412934203
5.77412934203
5.77412934206
5.77412934209
5.77412934203
5.77412934203
5.77412934203
5.77412934202
5.77412934205
5.77412934201
5.77412934202
5.77412934204
5.77412233661
5.77412233661
5.77412233653
5.77412233659
5.77412233665
5.77412233665
5.77412233662
5.77412233672
5.7741223366
5.77412233663
5.77412233668
5.77412233673
5.77412233661
5.77412233659
5.7741223366
5.77412233657
5.77412233664
5.77412233653
5.77412233656
5.7741223366
5.77411541733
5.77411541733
5.77411541726
5.77411541731
5.77411541737
5.77411541737
5.77411541735
5.77411541745
5.77411541733
5.77411541736
5.7741154174
5.77411541744
5.77411541733
5.77411541731
5.77411541732
5.77411541729
5.77411541736
5.77411541726
5.77411541728
5.77411541732
5.77411258695
5.77411258695
5.77411258693
5.77411258694
5.77411258697
5.77411258697
5.77411258696
5.774112587
5.77411258695
5.77411258697
5.77411258698
5.774112587
5.77411258695
5.77411258695
5.77411258695
5.77411258694
5.77411258697
5.77411258692
5.77411258693
5.77411258695
     fun: 5.7741125869525876
     jac: array([ -1.76799297e-03,  -5.68211079e-04,   1.02794170e-03,
         1.27023458e-03,   6.55055046e-04,   3.42637300e-03,
         6.25848770e-06,   8.89122486e-04,   2.17163563e-03,
         3.18068266e-03,   1.15156174e-04,  -4.42624092e-04,
        -3.28004360e-04,  -1.10697746e-03,   9.86814499e-04,
        -2.11060047e-03,  -1.37734413e-03,  -2.58147717e-04])
 message: 'Optimization terminated successfully.'
    nfev: 816
     nit: 39
    njev: 39
  status: 0
 success: True
       x: array([ 0.48545454, -0.88247812, -0.26501896,  0.61386964, -1.86576108,
       -1.41049783,  0.70073816,  0.44052986,  0.37066256,  0.03707423,
        0.00648348,  0.02398469,  0.0322234 ,  0.05480779, -0.7393832 ,
        0.89471586, -0.04924822,  0.64205032])

========================================================

Final result:
0.485454544356
0.485454544356
-0.882478118452
0.485454544356
-0.265018960384
0.613869644727
-1.86576108481
-1.41049783492
0.700738157515
0.700738157515
0.440529859792
0.370662556874
0.0370742298706
0.0370742298706
0.00648347787216
0.0239846892641
0.0239846892641
0.0322233959144
0.054807786629
0.054807786629
-0.739383200177
0.304898451969
0.304898451969
0.894715863049
-0.0492482182214
0.642050323721
-0.162505989516
-0.162505989516
-0.162505989516
