LEU_neutral_methyl.filelist
8.57983994825
8.57983994825
8.57983829869
8.5798391605
8.57983924425
8.57983936326
8.57983944548
8.57983896414
8.57983888609
8.57983971738
8.57983880315
8.57983964813
8.579839856
8.57984020183
8.57984032142
8.57983999979
41966.9595811
4189.90565084
825.079557956
182.433607757
38.8099576047
6.96442001404
6.96442001404
6.96442210844
6.96442100408
6.96442069355
6.96442067868
6.96442044846
6.96442062389
6.96442088334
6.96442020502
6.96442059319
6.9644202514
6.96442009005
6.96442011904
6.96442014667
6.96442003602
3023.1746138
313.113911602
44.5146845049
8.16671855676
6.24657897616
6.24657897616
6.24658100176
6.24657995947
6.24657974933
6.24657970355
6.2465795045
6.24657984047
6.24658008733
6.24657919101
6.24657991371
6.2465792147
6.24657906186
6.24657889493
6.24657882862
6.24657895937
264.39634198
26.1604803186
6.3357675918
6.14611948646
6.14611948646
6.14612157503
6.14612049494
6.14612026134
6.14612020131
6.14611999697
6.14612036771
6.14612052054
6.14611971896
6.14612045656
6.14611979026
6.14611957975
6.14611938074
6.1461192993
6.14611946435
164.019783099
16.4202715017
6.06004569484
6.06004569484
6.0600477496
6.0600466648
6.06004643172
6.06004630583
6.06004624001
6.0600465493
6.06004686028
6.06004595075
6.06004665838
6.06004603979
6.0600457975
6.06004562002
6.0600455424
6.06004568013
164.01819098
16.3330429432
5.96133932631
5.96133932631
5.96134127113
5.96134027014
5.96134008902
5.96134002028
5.9613398451
5.96134023509
5.96134038925
5.96133957062
5.96134033206
5.96133965646
5.96133942348
5.96133928668
5.96133924791
5.96133932014
74.4170330618
8.56918312131
5.39867124901
5.39867124901
5.39867309071
5.39867211945
5.3986719464
5.39867183339
5.39867172829
5.39867213852
5.39867225595
5.39867145211
5.39867221279
5.39867149384
5.39867132937
5.39867115351
5.39867113837
5.39867123144
59.4619161185
8.71895174382
4.40907964424
4.40907964424
4.40908093033
4.40908025449
4.40908019352
4.40908011775
4.40908002786
4.40908039745
4.40908043707
4.40907982815
4.40908035253
4.40907990108
4.40907971807
4.40907945115
4.40907951434
4.40907960533
105.361843581
16.9137742297
3.30089456585
3.30089456585
3.30089333594
3.30089394366
3.30089420269
3.30089421269
3.30089434322
3.30089432879
3.30089412872
3.30089446339
3.30089441419
3.30089443923
3.30089452585
3.30089440779
3.30089435728
3.30089453281
13.4053121672
3.27757143158
3.27757143158
3.27756953873
3.27757056696
3.27757082007
3.27757083053
3.27757102702
3.27757088565
3.27757061377
3.27757124822
3.27757088056
3.27757120392
3.27757135906
3.27757131949
3.27757129524
3.2775714079
3.07961659183
1.76031460091
1.76031460091
1.76031392197
1.76031430641
1.76031431045
1.76031435352
1.76031439174
1.76031418964
1.76031415377
1.76031450527
1.76031413769
1.76031448777
1.7603145636
1.76031466892
1.76031472047
1.76031461339
7.20623482758
1.63184266348
1.63184266348
1.63184324272
1.63184294795
1.63184280634
1.63184282434
1.63184274275
1.63184269909
1.63184281284
1.63184269642
1.63184263894
1.6318427101
1.63184267732
1.63184279333
1.63184280005
1.63184269054
1.8164915281
1.44082149419
1.44082149419
1.44082220262
1.44082184049
1.4408217577
1.4408217367
1.44082167667
1.44082178915
1.4408218798
1.44082156929
1.44082181964
1.44082158949
1.44082152489
1.44082149742
1.44082147249
1.44082149541
1.52103173315
1.3459286479
1.3459286479
1.34592875585
1.34592869606
1.34592868448
1.34592868296
1.34592867256
1.3459286951
1.34592869858
1.34592865652
1.34592869328
1.34592866725
1.34592865233
1.34592864244
1.34592864583
1.34592864682
1.36930450738
1.3437042935
1.3437042935
1.34370427498
1.3437042906
1.34370429477
1.34370429701
1.34370429765
1.34370430456
1.34370430796
1.34370429013
1.34370431572
1.34370429288
1.34370429308
1.34370428418
1.34370427467
1.34370429148
1.34905785304
1.3436536992
1.3436536992
1.3436536879
1.34365369976
1.34365369564
1.34365369733
1.34365369739
1.34365369845
1.34365369761
1.34365369433
1.34365370293
1.34365369872
1.34365369823
1.34365369736
1.34365369495
1.34365369872
1.34794563875
1.34458448717
1.34458448717
1.34458448226
1.34458449075
1.34458448514
1.34458448765
1.34458448639
1.34458448559
1.34458448751
1.34458448286
1.34458448777
1.34458448756
1.34458448639
1.34458448651
1.344584486
1.34458448691
1.34536353625
1.34481806348
1.34481806348
1.34481805859
1.34481806703
1.34481806134
1.34481806445
1.3448180626
1.34481806089
1.3448180637
1.34481805895
1.34481806281
1.34481806329
1.34481806262
1.34481806324
1.3448180627
1.34481806329
1.34509206603
1.34491718281
1.34491718281
1.34491717808
1.34491718632
1.34491718027
1.34491718337
1.34491718156
1.34491717939
1.34491718206
1.34491717823
1.34491718136
1.34491718278
1.34491718193
1.34491718325
1.34491718265
1.34491718276
1.34480154728
1.34486410985
     fun: 1.4083301314140175
     jac: array([ 0.00277297, -0.0010177 , -0.00027242, -0.00136475,  0.00052543,
        0.00229068, -0.00086147,  0.0024161 ,  0.01596414,  0.00801142,
        0.00124617, -0.00138694, -0.00359839, -0.00049132])
 message: 'Optimization terminated successfully.'
    nfev: 338
     nit: 19
    njev: 19
  status: 0
 success: True
       x: array([ 0.30155849, -0.74622269,  0.0109797 ,  0.1126913 , -0.25445585,
        0.47975879,  0.11324024,  0.03265747, -0.46834932,  0.118814  ,
       -0.45133092, -0.37203711,  0.27077274, -0.32669238])

========================================================

Final result:
0.301558489543
-0.746222690082
0.301558489543
0.0109796970278
0.11269130476
-0.254455853884
0.47975879157
0.113240236374
0.113240236374
0.0326574657734
-0.468349323577
0.11881399893
-0.451330923577
-0.451330923577
0.1311985008
0.1311985008
0.1311985008
0.1311985008
0.1311985008
0.1311985008
-0.372037109289
0.270772735008
-0.326692381193
0.142652251825
0.142652251825
0.142652251825
