12.6739786822
12.6739786822
12.6739779223
12.67397766
12.6739785269
12.6739795128
12.6739797451
12.6739791458
12.6739790469
12.6739792787
12.6739787932
12.6739799938
12.6739792366
12.6739786491
12.6739798185
12.6739799579
12.6739797433
12.6739798236
12.6739791572
12.6739791147
12.6739792499
12.6739787664
12.6739788989
12.673978689
202588.174175
20255.6903513
2022.4746927
211.723492617
24.2919469466
12.2288781325
12.2288781325
12.2288774124
12.2288771901
12.2288779844
12.2288782553
12.228878439
12.2288779289
12.2288778049
12.2288779229
12.2288778059
12.2288778244
12.2288777669
12.2288776942
12.2288773417
12.2288775247
12.2288771421
12.2288771759
12.2288775593
12.2288774888
12.2288776145
12.2288779399
12.2288780215
12.2288780825
24287.6893703
2569.2948681
425.447067192
72.5888258746
14.0411662755
10.1406974166
10.1406974166
10.1406970679
10.1406971561
10.1406973386
10.1406968898
10.140696806
10.140696849
10.1406969254
10.140696821
10.1406968091
10.140696136
10.1406969234
10.1406966773
10.1406966367
10.1406966109
10.1406969516
10.1406971974
10.1406972176
10.1406973325
10.14069751
10.1406970558
10.1406971217
10.1406973301
27989.0000858
2795.2410838
361.845748127
49.9945388837
10.6334139987
9.2826475545
9.2826475545
9.28264754342
9.28264781741
9.28264754348
9.28264713539
9.28264694171
9.28264724808
9.28264745961
9.28264719113
9.28264719207
9.28264685311
9.28264711358
9.28264707902
9.2826466867
9.28264681254
9.28264661562
9.28264669072
9.28264703288
9.28264699786
9.28264712235
9.2826473672
9.2826474521
9.28264750641
3483.68672759
345.519024396
42.5131775799
9.52495489029
8.68147935461
8.68147935461
8.68147936981
8.68147963259
8.68147935187
8.6814790077
8.68147886762
8.68147905351
8.68147919017
8.68147887677
8.68147913115
8.68147835287
8.6814787972
8.68147921873
8.68147826878
8.68147828005
8.68147834489
8.68147843485
8.68147885347
8.6814789004
8.68147903724
8.68147916906
8.68147912907
8.68147931018
2583.79399911
256.493669108
25.4784827338
8.52032631932
8.52032631932
8.52032641257
8.52032658518
8.52032633287
8.52032565336
8.52032559153
8.52032579687
8.52032574265
8.520325848
8.52032601033
8.52032544546
8.52032582425
8.52032620307
8.52032536619
8.52032539653
8.52032533548
8.52032533251
8.52032578013
8.5203256901
8.52032569969
8.52032604023
8.52032592073
8.52032625874
1522.40662048
150.939218502
15.9076185462
8.36284658464
8.36284658464
8.36284672922
8.36284689986
8.3628466103
8.36284596269
8.36284591117
8.36284607484
8.3628460355
8.36284606132
8.36284627937
8.36284553216
8.36284607291
8.36284636102
8.36284560853
8.36284559207
8.36284559829
8.36284553321
8.36284605959
8.36284596829
8.36284594235
8.36284643
8.36284645441
8.36284655432
600.753557919
59.495518647
9.52775166643
8.26450899032
8.26450899032
8.26450916842
8.26450931761
8.26450902331
8.26450832689
8.26450828415
8.26450845949
8.26450839816
8.2645084965
8.26450866135
8.26450806354
8.26450847474
8.26450873227
8.26450796203
8.26450790394
8.26450796702
8.26450785441
8.26450848537
8.26450846277
8.26450844672
8.26450881586
8.2645088282
8.26450895552
818.783857933
80.6963230407
10.3324147093
8.07525852959
8.07525852959
8.07525875041
8.0752588781
8.07525857183
8.07525788245
8.07525782951
8.07525801245
8.07525801094
8.07525799423
8.07525819318
8.07525743216
8.07525801728
8.07525827044
8.07525753063
8.07525749103
8.0752575052
8.07525734527
8.07525801547
8.07525797034
8.07525788001
8.07525831268
8.07525827476
8.07525848388
446.132936315
44.0911892132
8.53879157175
7.95724626826
7.95724626826
7.95724649348
7.9572465848
7.9572463101
7.95724557392
7.95724550271
7.95724574911
7.95724575784
7.95724573071
7.95724595943
7.95724518806
7.95724572912
7.95724603519
7.95724521681
7.95724518485
7.95724521951
7.95724513921
7.95724573798
7.95724570614
7.95724559423
7.95724608677
7.95724605543
7.95724623187
187.864677789
19.6479998768
7.97419733825
7.90965482276
7.90965482276
7.90965508209
7.90965516456
7.90965487303
7.90965414516
7.90965409233
7.9096542993
7.9096542854
7.9096542826
7.90965450834
7.90965374139
7.90965427637
7.90965457292
7.90965376288
7.90965376345
7.90965375646
7.90965371359
7.90965427506
7.90965424947
7.90965417281
7.90965463805
7.90965459888
7.90965478587
118.634380618
13.5582939189
7.86703261678
7.86703261678
7.86703285082
7.86703293259
7.86703266125
7.86703194126
7.86703184937
7.86703210913
7.8670321018
7.86703208855
7.86703233373
7.86703153544
7.86703210373
7.86703239667
7.86703160999
7.86703159191
7.8670315701
7.86703148514
7.86703207667
7.86703204522
7.86703202526
7.86703245644
7.86703240397
7.86703258655
166.694813298
17.8877122397
7.90909203275
7.84141718831
7.84141718831
7.84141742469
7.84141751474
7.8414172339
7.84141653548
7.8414164362
7.84141668929
7.84141667641
7.84141666998
7.84141690451
7.84141612843
7.84141668703
7.84141695458
7.84141619583
7.84141613566
7.84141616874
7.84141608877
7.84141666031
7.84141661333
7.84141657933
7.84141702629
7.84141696699
7.84141715752
41.8179593125
8.33681929053
7.75569247204
7.75569247204
7.75569267931
7.75569279375
7.75569251187
7.75569187386
7.75569176289
7.75569201046
7.75569198791
7.75569199143
7.75569221885
7.75569148926
7.75569200548
7.75569226076
7.75569154725
7.75569152154
7.75569151528
7.75569145116
7.75569198334
7.75569197233
7.75569189638
7.75569233003
7.75569226791
7.75569244552
33.6359191644
7.6367760717
7.50812979327
7.50812979327
7.5081299683
7.50813004588
7.50812982606
7.50812932944
7.50812927875
7.50812945449
7.5081294505
7.50812945195
7.50812960981
7.50812908017
7.50812947351
7.50812965878
7.50812913832
7.50812909857
7.50812909988
7.50812905275
7.50812943889
7.50812942135
7.50812937712
7.50812968354
7.50812965529
7.50812977032
24.2824681787
7.44342129645
7.3759039647
7.3759039647
7.37590410469
7.37590415715
7.37590399147
7.37590364012
7.37590358835
7.37590373098
7.37590372006
7.37590372724
7.37590384748
7.37590347412
7.37590373739
7.37590387904
7.37590350734
7.37590349095
7.37590349498
7.37590343905
7.37590373136
7.37590369592
7.37590366892
7.3759038948
7.37590386828
7.3759039498
9.36178701277
7.23850609776
7.23850609776
7.23850610103
7.23850608838
7.23850609771
7.23850617761
7.23850618462
7.23850616981
7.23850616416
7.23850618554
7.238506155
7.23850628137
7.23850618712
7.23850616496
7.23850628183
7.23850627538
7.2385062679
7.23850624804
7.23850617697
7.23850617368
7.23850616659
7.23850613552
7.23850613819
7.2385061054
8.33284251635
7.24521460037
7.23881184821
7.23881184821
7.23881184719
7.23881183722
7.23881184695
7.2388119247
7.23881193788
7.23881191904
7.23881191469
7.23881193406
7.23881190589
7.23881202813
7.23881193465
7.23881191085
7.23881202748
7.23881202201
7.23881201541
7.23881199624
7.23881192629
7.23881192262
7.23881191709
7.23881188754
7.2388118856
7.23881185628
7.36752559501
7.24410905369
7.24410905369
7.24410904306
7.24410903597
7.24410905024
7.24410910483
7.24410911231
7.24410909472
7.24410909395
7.24410910326
7.24410908221
7.24410915792
7.24410910023
7.24410908648
7.24410915478
7.24410915206
7.24410914924
7.24410913977
7.24410909713
7.24410909685
7.24410909659
7.24410907513
7.24410907546
7.2441090564
7.24793703961
7.24184019156
7.24184019156
7.24184018168
7.24184018219
7.24184018816
7.24184020359
7.24184020582
7.24184019785
7.24184019985
7.24184019996
7.24184019319
7.24184021116
7.2418401951
7.24184019573
7.24184020976
7.24184020758
7.24184020961
7.24184020535
7.24184019649
7.24184019847
7.24184020076
7.24184019483
7.24184019546
7.24184019025
7.24393378807
7.24069955721
7.24069955721
7.24069954863
7.24069955121
7.24069955405
7.24069956086
7.24069956165
7.2406995563
7.24069955934
7.2406995576
7.24069955316
7.24069956022
7.2406995528
7.24069955634
7.2406995596
7.24069955752
7.24069956061
7.24069955731
7.24069955517
7.24069955708
7.24069955976
7.24069955733
7.2406995574
7.24069955557
7.24130379258
7.24087284987
7.24087284987
7.24087284344
7.24087284745
7.24087284708
7.24087285111
7.24087285117
7.24087284786
7.24087285135
7.24087284926
7.24087284543
7.24087285104
7.24087284482
7.24087284907
7.24087285132
7.24087284906
7.24087285268
7.24087284927
7.24087284752
7.24087284916
7.24087285158
7.24087284966
7.24087284962
7.24087284809
7.24128458234
7.24104209884
7.24104209884
7.24104209366
7.24104209832
7.24104209634
7.24104209952
7.24104209939
7.24104209698
7.24104210051
7.24104209865
7.24104209481
7.24104210094
7.24104209427
7.2410420989
7.2410421013
7.24104209901
7.24104210256
7.24104209879
7.24104209688
7.24104209818
7.24104210031
7.24104209886
7.24104209872
7.24104209713
7.24132610166
7.2411363451
7.2411363451
7.24113634013
7.24113634482
7.24113634262
7.24113634559
7.24113634547
7.24113634312
7.24113634658
7.24113634484
7.24113634111
7.24113634713
7.24113634041
7.2411363453
7.24113634726
7.24113634501
7.24113634837
7.24113634444
7.24113634288
7.24113634405
7.24113634608
7.24113634511
7.24113634494
7.24113634339
7.24109578259
7.24112089454
     fun: 7.334291073883943
     jac: array([ 0.00161165,  0.00702554, -0.0003168 ,  0.01881605,  0.01527947,
        0.02048922,  0.02687669,  0.02187985,  0.01096123,  0.04283774,
        0.02457273,  0.00885636,  0.0537613 ,  0.05272019,  0.0601353 ,
        0.0665347 ,  0.03102303,  0.03412986,  0.0372746 ,  0.00685793,
        0.00908804,  0.00146359])
 message: 'Optimization terminated successfully.'
    nfev: 635
     nit: 24
    njev: 24
  status: 0
 success: True
       x: array([ 0.54407588, -0.49422993, -0.45134259, -0.40066422,  0.25042497,
        0.00811636,  0.10907641, -0.27313926,  0.53695463,  0.10312769,
        0.13510667, -0.48831557, -0.18627542,  0.14873586, -0.25320543,
        0.16762443,  0.28972268, -0.45937812,  0.3374605 , -0.37750232,
        0.26128157, -0.2862915 ])

========================================================

Final result:
0.544075878124
-0.494229927575
-0.451342592983
0.133832214145
0.133832214145
0.133832214145
-0.400664220191
0.250424969875
0.00811636101087
0.109076414767
-0.273139259933
0.536954627042
0.103127691991
0.103127691991
0.135106667954
-0.488315566211
-0.186275419993
-0.186275419993
0.148735858621
-0.253205432499
-0.253205432499
0.148735858621
0.167624426339
0.289722684423
0.167624426339
-0.459378124159
0.337460504035
-0.377502324279
0.261281565508
-0.286291497298
0.132377649512
0.132377649512
0.132377649512
