HIE_methyl_methyl.filelist
6.71489007532
6.71489007532
6.71488980821
6.71488969104
6.71489002317
6.71488957825
6.71488967561
6.7148894205
6.71488940773
6.71488954213
6.7148891429
6.71488896449
6.71488971369
6.71488901288
6.71488979587
6.71488982109
6.71488993869
6.71488996494
6.71488981216
6.71489003044
6.71489034303
6.71489044949
6.71489013022
43136.8257523
4310.14681319
522.875187403
88.8775331677
15.2762870283
5.55302886969
5.55302886969
5.55302856407
5.55302844055
5.5530288104
5.55302938063
5.55302949436
5.55302917422
5.55302913687
5.55302922038
5.55302895114
5.55302965403
5.55302915057
5.5530288666
5.55302917954
5.55302904964
5.55302908237
5.55302898009
5.55302902606
5.55302908042
5.553029116
5.55302919583
5.55302892073
5069.18888421
638.299900167
129.927837741
26.90632683
4.96276187793
2.97883116234
2.97883116234
2.97883109591
2.97883112922
2.97883114953
2.97883206745
2.97883205301
2.97883201007
2.97883203223
2.97883192009
2.97883201257
2.97883278234
2.97883169538
2.97883206316
2.97883161875
2.97883154732
2.97883141652
2.97883133903
2.97883158171
2.97883132653
2.978831149
2.97883110108
2.97883115884
511.747230978
50.7614494763
5.42777349171
2.93133097768
2.93133097768
2.93133094368
2.93133097792
2.93133097103
2.93133185175
2.93133183549
2.93133182298
2.93133183469
2.93133176224
2.9313318426
2.93133266326
2.93133154956
2.93133190724
2.93133153462
2.93133135573
2.93133132716
2.93133117963
2.93133133764
2.93133127959
2.93133094358
2.93133088304
2.93133096984
164.230640764
15.9653770279
3.07985378765
2.82411020795
2.82411020795
2.82411015175
2.82411014136
2.82411019696
2.82411111591
2.82411113934
2.82411107291
2.82411102799
2.82411101737
2.82411114783
2.82411196743
2.8241107804
2.82411125864
2.82411074959
2.82411058025
2.82411053233
2.82411039969
2.82411055992
2.82411046815
2.82411013957
2.8241100518
2.82411019357
421.269798617
41.6505248692
4.52352731981
2.75474599123
2.75474599123
2.75474601015
2.75474603822
2.7547459949
2.75474689146
2.75474689462
2.75474688436
2.75474686949
2.75474683329
2.75474694762
2.75474782576
2.75474658778
2.75474703785
2.75474654582
2.7547463836
2.75474631281
2.75474618806
2.75474636775
2.75474622925
2.7547459785
2.75474592553
2.75474598921
219.753821021
21.7657436945
3.25299235922
2.72239241183
2.72239241183
2.72239242084
2.72239245784
2.72239241367
2.72239335548
2.72239335352
2.72239333234
2.72239332807
2.72239323661
2.72239340813
2.72239417046
2.72239300288
2.7223934922
2.72239298012
2.72239279439
2.72239275246
2.72239261193
2.72239276731
2.72239268252
2.72239239044
2.72239234582
2.72239240814
156.459176779
15.3225723962
2.81958088186
2.65256733897
2.65256733897
2.65256736156
2.65256738667
2.65256734325
2.65256825744
2.65256826276
2.652568251
2.65256823188
2.65256817585
2.65256834635
2.652569127
2.65256795156
2.65256841834
2.65256791306
2.65256775903
2.65256767968
2.65256755209
2.65256775635
2.65256759315
2.65256728554
2.65256724836
2.65256732858
49.6476761444
5.1006126885
2.58357344261
2.58357344261
2.58357347961
2.58357351105
2.58357344978
2.58357433244
2.58357432308
2.58357433454
2.58357432261
2.58357425236
2.58357443684
2.58357517804
2.58357402182
2.58357445768
2.58357398779
2.58357382052
2.58357375748
2.58357363577
2.58357379411
2.58357366688
2.58357334782
2.58357333899
2.58357342329
20.533559155
3.10096901273
2.25627469704
2.25627469704
2.25627475681
2.25627478609
2.25627470741
2.25627529819
2.2562752496
2.25627537207
2.25627539709
2.25627529242
2.25627550567
2.25627596231
2.25627511894
2.25627554634
2.25627507574
2.25627497787
2.25627491614
2.25627484011
2.25627495469
2.25627484057
2.25627459267
2.25627457562
2.25627467615
76.3802361696
7.6479417237
2.04430035647
2.04430035647
2.04430053036
2.04430058097
2.04430039112
2.04430046403
2.04430042396
2.04430053744
2.0443005506
2.04430048915
2.0443006531
2.04430063034
2.04430043868
2.04430071366
2.04430039044
2.04430042132
2.04430037634
2.04430038864
2.04430040692
2.04430034281
2.04430022293
2.04430015339
2.04430032864
10.7720666583
2.17547582727
1.90759507794
1.90759507794
1.90759523792
1.90759532518
1.90759510985
1.90759491496
1.90759484375
1.90759499284
1.90759500002
1.9075949639
1.90759510407
1.90759482055
1.90759498223
1.90759514851
1.90759496021
1.90759501996
1.90759499591
1.90759504296
1.90759501698
1.9075949809
1.90759494828
1.90759488859
1.90759505095
13.4516706093
2.12355856719
1.84131876433
1.84131876433
1.84131892589
1.84131898443
1.84131879599
1.8413184615
1.84131841395
1.84131854906
1.84131856321
1.84131853247
1.84131864621
1.84131826221
1.84131857402
1.84131867602
1.84131856361
1.84131864329
1.84131863596
1.84131869317
1.84131865956
1.84131865529
1.8413186443
1.84131860455
1.84131873927
11.463874251
1.98524256388
1.80838831752
1.80838831752
1.80838846553
1.80838850863
1.80838834631
1.80838798562
1.80838795319
1.80838806845
1.80838808942
1.80838806105
1.80838814331
1.8083877577
1.80838811898
1.80838817907
1.80838812443
1.80838818582
1.8083881854
1.80838824258
1.80838819423
1.80838819078
1.80838821619
1.80838817491
1.80838829611
5.84423495602
1.72343111204
1.72343111204
1.72343105987
1.72343104054
1.7234311012
1.723430862
1.72343089629
1.72343083766
1.72343082656
1.72343088049
1.72343078827
1.7234306269
1.72343095067
1.72343075889
1.72343097132
1.72343100274
1.72343104484
1.72343106683
1.7234309878
1.72343107742
1.72343116075
1.72343120276
1.72343112205
2.79340629729
1.66421522187
1.66421522187
1.66421513065
1.66421508596
1.66421520383
1.66421510948
1.66421514804
1.66421505586
1.66421503754
1.66421509658
1.66421498521
1.66421496835
1.66421514046
1.66421494259
1.66421516814
1.66421516401
1.66421520485
1.66421520231
1.66421515205
1.66421523158
1.66421530678
1.66421534721
1.66421523972
1.71486859665
1.60542768005
1.60542768005
1.60542764586
1.6054276432
1.60542767302
1.60542772968
1.60542773417
1.60542771128
1.60542771391
1.6054277131
1.60542769123
1.60542775653
1.60542770194
1.60542768901
1.6054277067
1.60542769819
1.60542769619
1.60542768855
1.60542770268
1.60542769579
1.60542770054
1.60542770775
1.60542768416
1.65130490853
1.60034097358
1.60034097358
1.60034095045
1.60034095214
1.60034096868
1.60034101312
1.60034101731
1.60034100259
1.60034100603
1.60034100267
1.60034099186
1.6003410408
1.60034099199
1.60034099037
1.60034099601
1.60034098899
1.60034098643
1.60034098045
1.60034099271
1.60034098525
1.60034098647
1.60034098808
1.60034097619
1.59653319317
1.59072926807
1.59072926807
1.59072926414
1.5907292666
1.590729267
1.5907292756
1.59072927687
1.59072927396
1.59072927632
1.59072927445
1.59072927388
1.59072928588
1.59072926981
1.59072927594
1.59072927503
1.59072927067
1.59072927153
1.59072926915
1.59072927109
1.59072927124
1.59072926857
1.59072926815
1.59072926812
1.59145168301
1.59100415244
1.59100415244
1.59100414871
1.59100415166
1.59100415141
1.59100415418
1.59100415506
1.5910041527
1.59100415564
1.5910041532
1.59100415202
1.59100415797
1.59100414994
1.59100415389
1.59100415474
1.59100415269
1.59100415306
1.59100415218
1.59100415376
1.59100415293
1.59100415294
1.5910041525
1.59100415248
1.59006248775
1.59060651899
1.59060651899
1.5906065152
1.59060651839
1.59060651795
1.59060651895
1.59060651971
1.59060651745
1.59060652059
1.59060651798
1.59060651648
1.59060652062
1.59060651522
1.59060651834
1.59060651977
1.59060651858
1.59060651869
1.5906065183
1.59060651985
1.59060651869
1.59060651954
1.59060651909
1.59060651903
1.59086313132
     fun: 1.6372410809559703
     jac: array([  5.55123389e-03,   7.97793269e-03,   7.07939267e-04,
         2.97481716e-02,   2.11256444e-02,   3.23742628e-02,
         3.95916700e-02,   2.24365294e-02,   3.36647928e-02,
         4.27827388e-02,   1.48080438e-02,   3.41905206e-02,
         5.72231412e-03,   1.41246915e-02,  -1.30477548e-03,
         3.04958224e-03,   2.38809735e-02,  -8.23231041e-03,
        -3.83359194e-03,  -1.12535357e-02,  -8.36402178e-05])
 message: 'Optimization terminated successfully.'
    nfev: 528
     nit: 21
    njev: 21
  status: 0
 success: True
       x: array([ 0.51884865, -0.47364485, -0.48649948, -0.37846247,  0.23865193,
       -0.00419606,  0.10739386, -0.25610422,  0.49589311,  0.11565467,
        0.16582344, -0.46076248, -0.38273777, -0.13816068,  0.01906684,
       -0.23806982,  0.13069989,  0.15687791, -0.3690553 ,  0.26778803,
       -0.31681629])

========================================================

Final result:
0.518848647708
-0.473644854191
-0.486499483022
0.147098563168
0.147098563168
0.147098563168
-0.378462474993
0.238651932781
-0.00419606150103
0.107393855012
-0.256104224156
0.495893112458
0.115654669867
0.115654669867
0.165823440826
-0.460762483608
-0.382737768112
-0.138160684004
0.0190668416604
-0.238069820427
0.13069989041
0.156877907612
0.312777196309
-0.369055303119
0.267788029525
-0.316816292262
0.139361188618
0.139361188618
0.139361188618
