73.4378753092
73.4378753092
73.4378756163
73.4378756146
73.4378753668
73.4378747425
73.437874749
73.4378750239
73.4378750255
73.437875111
73.4378752447
73.4378749814
73.4378751073
73.4378750518
73.4378752656
8191.99902899
1636.32250622
311.675068198
67.0819642624
67.0819642624
67.0819644235
67.0819643896
67.0819642928
67.0819645229
67.081964497
67.0819645874
67.0819645839
67.0819648787
67.0819643361
67.081965632
67.0819649925
67.0819642609
67.0819642605
4277.07650837
828.040385219
151.466184428
51.7808954288
51.7808954288
51.7808952128
51.7808950271
51.7808953871
51.7808959337
51.7808960429
51.7808957319
51.7808956332
51.7808958751
51.7808954926
51.7808963628
51.7808959679
51.7808954924
51.7808954383
856.175602869
119.391224044
48.3458949584
48.3458949584
48.3458948272
48.3458947737
48.3458949336
48.3458955674
48.3458955849
48.3458953619
48.3458953922
48.3458953875
48.3458950464
48.3458957687
48.3458954836
48.3458951711
48.3458949936
129.447956979
41.6187377909
41.6187377909
41.6187376388
41.618737567
41.6187377614
41.6187381701
41.6187382134
41.6187380197
41.6187380196
41.6187380348
41.6187378385
41.6187383842
41.6187378667
41.6187381655
41.618737854
260.733978481
48.9606594497
23.7376451602
23.7376451602
23.7376449734
23.7376449743
23.7376451222
23.7376451393
23.7376451373
23.7376450907
23.7376451564
23.7376449171
23.7376451433
23.737644704
23.7376446514
23.7376453046
23.7376451857
266.58336453
43.633085716
20.7210083071
20.7210083071
20.7210081636
20.7210081627
20.7210082775
20.721008068
20.72100808
20.721008073
20.721008095
20.7210079016
20.721008252
20.721007444
20.7210077856
20.7210085505
20.7210083498
210.353605466
36.5799060874
17.1534094484
17.1534094484
17.1534094261
17.1534094756
17.153409444
17.1534090546
17.1534090815
17.1534090785
17.1534090645
17.1534088781
17.1534093634
17.1534082837
17.1534086869
17.153409484
17.1534094563
50.4866396426
12.1578419433
12.1578419433
12.1578421471
12.1578422482
12.1578419808
12.1578415385
12.1578414641
12.1578417436
12.1578417783
12.1578417676
12.1578419017
12.1578415488
12.1578418746
12.1578416475
12.157841894
16.4677694398
7.7543065041
7.7543065041
7.75430659217
7.75430657791
7.75430652044
7.75430653656
7.75430655057
7.75430654488
7.75430649862
7.7543066477
7.75430651253
7.75430674513
7.75430684804
7.75430631754
7.75430647267
15.1458859955
5.99099310129
5.99099310129
5.99099316275
5.99099316149
5.99099311172
5.99099331364
5.99099329999
5.99099329153
5.99099330031
5.99099339945
5.99099314312
5.99099376895
5.99099340169
5.99099320605
5.99099311924
12.1487276471
5.58046861554
5.58046861554
5.58046850442
5.58046845039
5.58046859207
5.58046877907
5.58046881165
5.58046868814
5.58046867932
5.5804686734
5.58046862992
5.58046873257
5.58046864519
5.58046867151
5.58046862583
5.83580037158
5.26644066285
5.26644066285
5.26644063423
5.26644063617
5.26644065533
5.26644066087
5.26644066333
5.26644063954
5.26644064445
5.26644060897
5.26644065757
5.26644054229
5.26644059029
5.26644071267
5.26644067247
5.6471230024
5.21602542598
5.21602542598
5.21602541756
5.21602540433
5.21602542206
5.21602537591
5.21602538638
5.21602538197
5.21602538136
5.21602537233
5.21602541625
5.21602532591
5.2160253453
5.21602542246
5.21602542642
5.79232592138
5.17961670094
5.17961670094
5.17961669687
5.17961670222
5.17961669802
5.17961668826
5.17961668153
5.17961669201
5.17961669817
5.17961669288
5.1796167004
5.1796166898
5.17961668194
5.17961667419
5.17961669737
5.28198288283
5.14813833805
5.14813833805
5.14813836226
5.14813837757
5.14813834071
5.14813833569
5.14813832152
5.14813834614
5.14813836702
5.14813834264
5.14813834159
5.14813833205
5.14813835957
5.14813831989
5.14813833585
5.32244963366
5.10178852272
5.10178852272
5.10178853574
5.10178852923
5.10178852355
5.10178852935
5.10178853361
5.10178852848
5.10178851809
5.10178855382
5.10178852561
5.10178858072
5.10178858907
5.10178852205
5.10178852322
4.97367512254
4.97367512254
4.9736751456
4.9736751482
4.9736751259
4.97367514103
4.97367514526
4.97367513431
4.97367512688
4.97367515018
4.97367512681
4.97367519022
4.97367514591
4.9736751199
4.97367512241
4.96606301656
4.83464464994
4.83464464994
4.83464466325
4.83464466607
4.83464465152
4.83464466661
4.83464465832
4.83464467644
4.83464468302
4.83464469543
4.8346446569
4.83464475149
4.83464469726
4.83464468764
4.83464465599
4.80514185466
4.80514185466
4.80514184691
4.80514184432
4.80514185268
4.80514184972
4.80514185428
4.80514184419
4.80514184023
4.8051418349
4.80514185173
4.80514180908
4.80514183123
4.80514184085
4.8051418519
4.79587417246
4.79587417246
4.79587417188
4.79587417199
4.79587417174
4.79587417128
4.79587417192
4.79587417151
4.7958741709
4.79587417062
4.79587417204
4.79587416728
4.79587416959
4.79587417081
4.79587417183
4.79026689425
4.79026689425
4.7902668977
4.79026689767
4.79026689439
4.79026689596
4.79026689298
4.79026689779
4.79026689828
4.79026690059
4.79026689511
4.79026690776
4.79026690076
4.79026689835
4.7902668947
4.78538280385
4.78538280385
4.78538281041
4.78538281444
4.78538280463
4.78538280867
4.78538280648
4.78538281615
4.78538282035
4.78538282621
4.78538280697
4.78538285388
4.78538282961
4.78538281952
4.78538280656
4.77611320806
4.77611320806
4.77611321174
4.77611321289
4.7761132085
4.77611321029
4.77611320813
4.77611321327
4.77611321476
4.7761132174
4.77611320938
4.77611322917
4.77611321875
4.77611321457
4.77611320921
4.77405455829
4.77405455829
4.77405455894
4.77405455889
4.77405455828
4.77405455864
4.77405455807
4.774054559
4.774054559
4.77405455928
4.77405455844
4.77405456083
4.77405455954
4.77405455903
4.77405455849
4.77363234447
4.77363234447
4.77363234421
4.77363234403
4.77363234433
4.77363234426
4.77363234437
4.77363234406
4.77363234377
4.77363234341
4.77363234432
4.77363234244
4.77363234343
4.77363234381
4.77363234443
4.77320392841
4.77320392841
4.77320392759
4.77320392739
4.77320392821
4.7732039279
4.77320392848
4.77320392741
4.77320392701
4.77320392631
4.77320392811
4.77320392403
4.77320392622
4.77320392704
4.77320392825
4.77259476591
4.77259476591
4.77259476483
4.77259476469
4.7725947657
4.77259476527
4.77259476611
4.77259476468
4.77259476431
4.7725947635
4.77259476556
4.77259476075
4.77259476335
4.77259476432
4.77259476567
4.77220578844
4.77220578844
4.77220578775
4.7722057877
4.77220578832
4.77220578805
4.77220578861
4.77220578769
4.77220578751
4.77220578702
4.77220578824
4.77220578538
4.77220578692
4.77220578751
4.77220578827
4.7720981032
4.7720981032
4.77209810303
4.77209810303
4.77209810317
4.77209810311
4.77209810325
4.77209810302
4.772098103
4.77209810287
4.77209810315
4.77209810251
4.77209810286
4.77209810299
4.77209810313
4.77208327051
4.77208327051
4.77208327053
4.77208327054
4.77208327052
4.77208327053
4.77208327051
4.77208327053
4.77208327055
4.77208327054
4.77208327052
4.77208327061
4.77208327056
4.77208327055
4.77208327049
4.77207600864
4.77207600864
4.77207600872
4.77207600872
4.77207600865
4.77207600869
4.77207600862
4.77207600872
4.77207600875
4.77207600878
4.77207600866
4.77207600899
4.77207600881
4.77207600875
4.77207600863
4.77206389993
4.77206389993
4.77206390005
4.77206390005
4.77206389994
4.77206389999
4.77206389989
4.77206390005
4.77206390008
4.77206390015
4.77206389996
4.77206390044
4.77206390018
4.77206390008
4.77206389994
4.77205560937
4.77205560937
4.77205560946
4.77205560946
4.77205560938
4.77205560942
4.77205560934
4.77205560946
4.77205560948
4.77205560953
4.77205560939
4.77205560973
4.77205560955
4.77205560948
4.77205560939
4.77205297394
4.77205297394
4.77205297397
4.77205297397
4.77205297395
4.77205297396
4.77205297393
4.77205297397
4.77205297397
4.77205297399
4.77205297395
4.77205297405
4.77205297399
4.77205297397
4.77205297395
     fun: 4.772052973943304
     jac: array([ 0.00175661,  0.0017361 ,  0.00023383,  0.00094324, -0.00057966,
        0.00176662,  0.00208288,  0.00317258,  0.00045657,  0.00707871,
        0.00346923,  0.00212675,  0.00039405])
 message: 'Optimization terminated successfully.'
    nfev: 550
     nit: 35
    njev: 35
  status: 0
 success: True
       x: array([-2.04203747,  0.18149791,  2.06219649,  0.61289146, -0.24305004,
        2.40353438, -0.77252949, -0.82082584,  0.34462756,  0.06235413,
       -0.24728288,  0.00980356, -0.66452331])

========================================================

Final result:
-2.04203746616
0.181497911072
2.06219648755
-0.400552310821
-0.400552310821
-0.400552310821
0.61289145915
-0.243050036676
2.4035343771
-0.772529494688
-0.820825844716
0.344627558356
0.0623541280616
0.0623541280616
-0.247282878412
-0.701036698116
0.00980356259813
-0.664523311027
0.218239916143
0.218239916143
0.218239916143
-0.701036698116
