ASH_methyl_charged.filelist
55.1537731093
55.1537731093
55.1537730177
55.1537730443
55.1537730921
55.1537743008
55.1537743095
55.1537742209
55.1537742158
55.1537740031
55.1537743718
55.1537749867
55.1537736376
55.1537757436
55.1537735526
55.1537733992
86628.3628528
8614.48888388
1111.38632338
216.316200773
29.9006427491
29.9006427491
29.9006427232
29.9006426445
29.9006427435
29.9006416644
29.9006416921
29.9006416806
29.9006416009
29.9006419723
29.9006415148
29.9006412359
29.900642226
29.9006401687
29.9006421319
29.900642585
1024.08872346
99.7480639783
29.4498702609
28.9032937843
28.9032937843
28.9032938307
28.9032938014
28.9032937927
28.9032926133
28.9032926011
28.903292679
28.9032926394
28.9032929321
28.9032925505
28.9032920522
28.9032932419
28.9032912276
28.9032932065
28.9032935789
416.928514877
45.0781483918
28.0816677157
28.0816677157
28.0816677365
28.0816677158
28.0816677193
28.081666626
28.0816666078
28.0816666541
28.0816666611
28.0816668858
28.0816664367
28.0816659905
28.0816672218
28.081665011
28.0816672467
28.0816675036
175.367106553
30.3849945027
23.0722582498
23.0722582498
23.0722582336
23.0722581192
23.0722582455
23.0722572265
23.0722572815
23.0722572732
23.0722572018
23.0722575182
23.0722571725
23.0722567149
23.0722578745
23.0722560317
23.0722579922
23.0722580513
647.106508942
85.045412269
20.6853771989
20.6853771989
20.6853775113
20.6853775639
20.685377259
20.6853765545
20.6853764993
20.68537677
20.6853768119
20.6853770267
20.6853766771
20.6853769527
20.6853771537
20.6853760993
20.6853772129
20.6853771875
1180.91781373
149.370711908
24.0568456185
13.1939817427
13.1939817427
13.1939820502
13.1939821349
13.1939818033
13.1939819332
13.193981906
13.193982071
13.1939821333
13.1939820864
13.1939821084
13.1939824719
13.1939820377
13.193982511
13.193982155
13.1939818413
118.224682836
18.0806236631
11.9259129172
11.9259129172
11.9259131521
11.9259132571
11.9259129622
11.9259134014
11.925913323
11.925913562
11.9259136851
11.9259134875
11.9259136426
11.925914086
11.9259133586
11.9259144359
11.9259134823
11.9259130759
32.7300187907
9.81905025471
9.81905025471
9.81905021784
9.81905031182
9.81905024903
9.81905111346
9.81905107592
9.81905104301
9.81905104746
9.81905084671
9.81905117158
9.81905141027
9.81905066398
9.81905218577
9.8190506601
9.8190504891
34.3033508415
7.00403661706
7.00403661706
7.00403635403
7.00403630192
7.00403656697
7.00403737829
7.00403744406
7.00403717418
7.00403713812
7.0040369346
7.00403726519
7.00403718488
7.00403677065
7.00403798941
7.0040366892
7.00403673807
9.30690293489
4.18747871403
4.18747871403
4.18747842353
4.18747840117
4.18747865814
4.18747881347
4.18747881782
4.18747863739
4.18747857874
4.18747856768
4.18747862216
4.18747836687
4.18747857358
4.18747853443
4.18747850475
4.1874786941
38.2341549683
6.6715700251
3.68030840383
3.68030840383
3.68030826132
3.680308198
3.6803083753
3.68030794026
3.68030795297
3.68030789774
3.68030787375
3.68030799356
3.68030781153
3.68030755728
3.68030812535
3.68030718131
3.68030805595
3.6803083533
6.94243325711
2.55708872953
2.55708872953
2.5570887763
2.55708877455
2.55708873848
2.55708824976
2.55708822448
2.5570883076
2.55708829285
2.55708848298
2.55708823218
2.55708828988
2.55708858875
2.55708770697
2.5570885789
2.55708871644
3.49673313294
2.34600286864
2.34600286864
2.34600295888
2.34600302556
2.34600288645
2.34600271008
2.34600265465
2.34600276665
2.34600282583
2.34600279305
2.34600273858
2.34600267308
2.34600287518
2.34600261043
2.34600293759
2.34600288517
4.49374242943
2.25146111161
2.25146111161
2.25146113152
2.25146113639
2.25146111603
2.2514612424
2.25146124061
2.25146125062
2.25146125421
2.25146125966
2.25146126821
2.25146143124
2.25146122608
2.25146146044
2.25146121931
2.25146121434
2.07617257082
2.13761240396
2.13761240396
2.13761242271
2.13761243065
2.13761240845
2.13761250305
2.13761249806
2.13761250018
2.13761250791
2.13761249842
2.13761251138
2.13761260593
2.13761247156
2.1376126502
2.13761245868
2.137612481
2.26582315329
2.11503966184
2.11503966184
2.11503964801
2.11503964545
2.11503965982
2.11503975125
2.11503975653
2.11503973375
2.11503973639
2.11503973074
2.11503973752
2.11503980181
2.11503971793
2.11503983934
2.11503971605
2.11503972675
2.20509372102
2.11991431738
2.11991431738
2.11991430376
2.11991430971
2.11991431535
2.11991438622
2.11991438031
2.11991437447
2.11991437934
2.11991437208
2.11991438181
2.11991442652
2.11991436346
2.11991447423
2.119914358
2.11991437964
2.16842176163
2.1252623892
2.1252623892
2.12526237501
2.12526238224
2.12526238708
2.12526245585
2.12526244873
2.12526244142
2.12526244813
2.12526244125
2.12526244066
2.12526249387
2.12526243364
2.1252625149
2.12526242746
2.12526245161
2.1468363322
2.1293363373
2.1293363373
2.12933632656
2.12933633347
2.12933633585
2.12933638493
2.12933637864
2.12933637266
2.12933637733
2.12933637626
2.12933637314
2.12933641496
2.12933637397
2.12933643257
2.12933636882
2.12933639609
2.11471518805
2.12475058801
2.12475058801
2.12475057932
2.12475058636
2.12475058693
2.12475062927
2.12475062196
2.12475061939
2.12475062585
2.12475062441
2.12475061854
2.12475066061
2.12475062354
2.12475067181
2.12475061975
2.12475064535
2.11898209706
2.12360958233
2.12360958233
2.12360957411
2.12360958153
2.12360958134
2.12360962303
2.12360961563
2.12360961339
2.12360961995
2.12360961867
2.1236096124
2.12360965509
2.1236096177
2.12360966505
2.12360961365
2.12360963969
2.12036811556
2.12305568269
2.12305568269
2.12305567448
2.12305568185
2.12305568171
2.12305572314
2.12305571572
2.1230557134
2.12305571986
2.12305571869
2.12305571243
2.12305575459
2.123055718
2.12305576475
2.12305571419
2.12305573987
2.12387678706
2.12330635886
     fun: 4.319831058211915
     jac: array([-0.00731033, -0.01689595, -0.00195497, -0.0237093 , -0.01838899,
       -0.02689701, -0.03218573, -0.01854062, -0.02970546, -0.03590637,
       -0.01377118, -0.06266445, -0.02256399, -0.00250316])
 message: 'Optimization terminated successfully.'
    nfev: 404
     nit: 23
    njev: 23
  status: 0
 success: True
       x: array([ 0.65200297, -0.52351383, -0.51663039, -0.57090419,  0.31299236,
        0.03246872,  0.0731232 , -0.35600545,  0.63309451,  0.11910057,
        0.49486802, -0.66745088, -0.41698005, -0.39064768])

========================================================

Final result:
0.652002965521
-0.523513834547
-0.516630393732
0.12938042092
0.12938042092
0.12938042092
-0.570904185649
0.312992360036
0.032468721627
0.0731231978353
-0.356005448785
0.633094507941
0.119100570192
0.119100570192
0.494868023075
-0.667450880085
-0.416980045863
-0.390647680998
0.284691170566
-0.667450880085
