MET_neutral_methyl.filelist
11.3241128098
11.3241128098
11.3241106968
11.3241117865
11.3241118801
11.3241119481
11.3241121085
11.3241116583
11.3241114134
11.3241123238
11.3241115381
11.3241117881
11.324112661
11.3241127833
11.324113002
11.3241130857
11.3241128487
74612.6108502
7452.70105321
1264.55460673
267.834835823
55.953532291
10.3720797025
6.14172156735
6.14172156735
6.14172171441
6.14172164642
6.14172156319
6.14172165165
6.1417216321
6.1417212769
6.14172168015
6.14172172475
6.14172112177
6.14172187052
6.1417218604
6.14172161784
6.14172185344
6.14172197261
6.14172162604
4918.80937936
644.478844685
122.788287222
23.4791357497
5.14724260345
5.14724260345
5.14724394013
5.14724329163
5.14724325153
5.14724325408
5.14724309274
5.14724338134
5.14724361679
5.14724289875
5.14724349631
5.14724304543
5.14724291234
5.14724265754
5.14724242876
5.14724230481
5.14724256641
498.499721046
48.3483458461
7.15534731976
4.77432783789
4.77432783789
4.77432958287
4.77432871652
4.77432861042
4.77432859966
4.77432837825
4.77432876156
4.77432886065
4.77432823745
4.77432890081
4.77432860843
4.77432812457
4.77432788861
4.77432763794
4.77432749543
4.77432779541
537.811981742
52.6136165927
6.84403155497
4.53031447218
4.53031447218
4.53031635149
4.53031541524
4.53031533378
4.53031529386
4.53031514216
4.53031550772
4.53031583043
4.53031493887
4.5303156595
4.53031538515
4.53031473212
4.53031451862
4.53031427741
4.53031413908
4.53031443142
447.508097759
44.567639885
6.04262862781
4.5077220768
4.5077220768
4.50772404607
4.50772305761
4.50772294984
4.50772290953
4.50772274039
4.50772311255
4.50772342494
4.50772251628
4.50772325649
4.5077229216
4.50772230568
4.50772211798
4.5077219033
4.50772177478
4.50772204062
95.2497036633
9.91404888028
4.45935576011
4.45935576011
4.45935765827
4.45935672926
4.45935666795
4.45935668045
4.45935642319
4.45935684313
4.45935707473
4.45935620803
4.45935696421
4.45935663261
4.45935599016
4.45935580166
4.45935560333
4.45935550747
4.45935572801
91.9349276592
8.86732935557
4.2006427924
4.2006427924
4.20064467669
4.20064372379
4.20064364797
4.20064358856
4.20064343473
4.20064386944
4.20064407957
4.20064323271
4.20064395382
4.20064364226
4.20064304421
4.20064283754
4.20064260348
4.20064255234
4.20064275439
30.4845164672
4.96992286493
3.60814320697
3.60814320697
3.60814470592
3.60814394637
3.60814390964
3.60814388748
3.60814372098
3.60814409755
3.60814423496
3.60814354372
3.60814408143
3.60814387821
3.60814333762
3.60814323137
3.60814295781
3.60814295939
3.60814315494
116.862023657
16.0340507141
3.04208318861
3.04208318861
3.04208232695
3.04208270366
3.04208279667
3.04208277663
3.04208286997
3.04208284487
3.0420825533
3.04208294075
3.04208290217
3.04208274353
3.04208293725
3.04208314655
3.04208317947
3.04208317264
3.0420831876
12.0921239126
3.03260327209
3.03260327209
3.03260162214
3.03260246862
3.03260254359
3.03260251406
3.03260269151
3.03260251871
3.03260211334
3.03260284404
3.03260248215
3.03260247956
3.03260291582
3.03260321179
3.03260332398
3.03260335699
3.03260328363
2.78407567412
2.0085163387
2.0085163387
2.0085158611
2.00851611993
2.00851609863
2.00851612166
2.00851617519
2.00851597294
2.00851601319
2.00851625753
2.00851590388
2.00851620474
2.00851630823
2.00851633498
2.00851645191
2.00851652788
2.00851636167
4.91651949986
1.86455892352
1.86455892352
1.86455906936
1.86455901011
1.86455897284
1.86455899501
1.86455897835
1.86455890194
1.86455904098
1.86455899034
1.86455884962
1.864559052
1.864559012
1.86455894068
1.86455899565
1.86455901224
1.86455893857
2.24851872349
1.79126017947
1.79126017947
1.79126038123
1.79126029452
1.79126028109
1.79126028592
1.7912602532
1.79126029829
1.79126033927
1.79126022505
1.79126031376
1.79126024389
1.7912602333
1.79126019085
1.79126015403
1.79126012936
1.79126017415
1.76018109271
1.75228147396
1.75228147396
1.75228157932
1.75228152909
1.7522815189
1.75228152011
1.75228150641
1.75228152575
1.7522815438
1.7522815019
1.75228153132
1.75228153227
1.75228149045
1.75228147895
1.75228147011
1.75228146614
1.75228147331
1.75390829235
1.75088652994
1.75088652994
1.75088652143
1.75088653033
1.75088652741
1.75088653042
1.75088652613
1.75088652875
1.75088653114
1.75088652719
1.75088653192
1.75088652066
1.75088653219
1.7508865324
1.75088652771
1.75088652503
1.75088652955
1.75233061531
1.75233061531
1.7523306137
1.75233062039
1.75233061352
1.75233061664
1.75233061195
1.75233061088
1.75233061449
1.75233061662
1.75233061309
1.75233061882
1.75233061847
1.75233061794
1.75233061748
1.75233061666
1.75233061582
1.75194750102
1.75194750102
1.7519474997
1.75194750563
1.75194750043
1.75194750354
1.75194749947
1.75194749884
1.75194750598
1.7519475018
1.75194750026
1.75194750077
1.75194750518
1.75194750382
1.75194750209
1.75194750181
1.75194750131
1.75146769052
1.75170102153
1.75170102153
1.75170101916
1.75170102558
1.75170102034
1.75170102356
1.75170101909
1.75170101888
1.75170102415
1.75170102188
1.75170102075
1.75170102076
1.75170102525
1.75170102425
1.75170102224
1.75170102135
1.75170102174
1.75172763359
     fun: 1.8218907108149578
     jac: array([ 0.02342248,  0.00722201,  0.01029067,  0.01443052,  0.00891916,
        0.00908421,  0.02070099,  0.00412618,  0.00311027,  0.00078909,
        0.010432  ,  0.00166371, -0.00537996, -0.00186993, -0.00110285])
 message: 'Optimization terminated successfully.'
    nfev: 358
     nit: 19
    njev: 19
  status: 0
 success: True
       x: array([ 0.30192496, -0.72596325,  0.00095508,  0.1069683 , -0.17482341,
        0.49052397,  0.10645001, -0.33638686, -0.46236816,  0.16880672,
       -0.08193198, -0.58226544, -0.37794713,  0.27636563, -0.33277562])

========================================================

Final result:
0.30192496094
-0.725963251672
0.30192496094
0.000955083620246
0.106968300841
-0.174823413719
0.490523974745
0.106450011744
0.106450011744
-0.336386857232
-0.462368163581
0.168806723491
0.168806723491
-0.0819319828629
-0.582265444897
0.203642787469
0.203642787469
0.203642787469
-0.377947125246
0.276365629494
-0.332775623501
0.144785706418
0.144785706418
0.144785706418
