0.0001153125281063097
0.0001153125281063097
0.00011531252836071099
0.0001153125264904493
0.00011531252995499212
0.00011531253485136941
0.0001153125298344832
0.00011531253208697402
0.00011531252851782351
0.00011531252714676386
0.0001153125307730255
0.00011531252642131005
0.0001153125346390628
0.00011531253132278542
0.00011531253234672362
0.00011531253087276638
0.00011531252899290713
0.00011531252209528756
0.00011531252715988783
0.00011444852599578537
0.00011444852599578537
0.00011444852600390486
0.0001144485241607564
0.00011444852753620111
0.00011444853177279478
0.00011444852750579625
0.00011444852973574432
0.00011444852625150228
0.00011444852488316132
0.00011444852848437269
0.00011444852424381629
0.0001144485321654002
0.000114448529020489
0.00011444853017024786
0.00011444852864533793
0.00011444852686938406
0.00011444852000843888
0.00011444852505329584
0.00011098193184442195
0.00011098193184442195
0.00011098193077071936
0.00011098192905435573
0.00011098193203079055
0.00011098193336929307
0.00011098193238554018
0.00011098193450874739
0.00011098193140437482
0.00011098193005340364
0.00011098193352468316
0.00011098192979476526
0.00011098193635611814
0.00011098193400219878
0.00011098193571829992
0.00011098193396522492
0.00011098193265862103
0.00011098192597186425
0.00011098193092108345
0.0001060801518142807
0.0001060801518142807
0.00010608014791034879
0.00010608014655396565
0.00010608014845789017
0.00010608014221338075
0.00010608014978217603
0.0001060801515977553
0.00010608014951302047
0.00010608014822758045
0.0001060801512864297
0.00010608014897333295
0.00010608015176175801
0.00010608015161551799
0.00010608015486222034
0.00010608015249653972
0.00010608015246471231
0.00010608014628195202
0.00010608015094798671
0.00010493995936295901
0.00010493995936295901
0.00010493995517951452
0.00010493995389076487
0.00010493995565571647
0.00010493994865947117
0.00010493995703371253
0.00010493995878676794
0.00010493995683251687
0.00010493995557645539
0.00010493995851312984
0.00010493995643019299
0.00010493995860711322
0.00010493995883307928
0.00010493996228501539
0.00010493995984139256
0.00010493995998783678
0.00010493995390973658
0.0001049399585102072
9.827669670365899e-05
9.827669670365899e-05
9.82766923304272e-05
9.827669128803512e-05
9.827669274930695e-05
9.827668521725131e-05
9.827669390674205e-05
9.827669541670636e-05
9.827669373950202e-05
9.827669264710686e-05
9.82766949958008e-05
9.827669362553973e-05
9.827669391502007e-05
9.827669534394947e-05
9.82766992660356e-05
9.827669666221527e-05
9.827669725311147e-05
9.827669158958514e-05
9.827669590968611e-05
7.885911276844057e-05
7.885911276844057e-05
7.885910991419103e-05
7.885910984537878e-05
7.88591106475858e-05
7.885910699369592e-05
7.885910982070088e-05
7.885911032881128e-05
7.8859109214965e-05
7.885910892750086e-05
7.885910857947713e-05
7.885910964556158e-05
7.885910350601074e-05
7.885910920709058e-05
7.885911419303345e-05
7.885911130322217e-05
7.88591130707503e-05
7.885910913993992e-05
7.885911223350641e-05
7.577867501853093e-05
7.577867501853093e-05
7.577867381430999e-05
7.577867386869891e-05
7.577867491877686e-05
7.577867556350339e-05
7.577867315847522e-05
7.577867351435502e-05
7.57786721440491e-05
7.577867206355965e-05
7.577867115660976e-05
7.577867224420914e-05
7.577866607025797e-05
7.577867192705544e-05
7.577867649662583e-05
7.577867380341305e-05
7.57786753253345e-05
7.577867167809095e-05
7.577867453460052e-05
7.426887709450944e-05
7.426887709450944e-05
7.426887730147359e-05
7.426887733970836e-05
7.426887870042316e-05
7.42688829603716e-05
7.426887635398209e-05
7.426887670304428e-05
7.426887502291867e-05
7.426887503838127e-05
7.42688739977075e-05
7.426887469270729e-05
7.426886958504701e-05
7.426887486859693e-05
7.426887881090286e-05
7.426887636777932e-05
7.426887744561584e-05
7.426887383910912e-05
7.426887662595024e-05
7.316778306954629e-05
7.316778306954629e-05
7.316778397418956e-05
7.316778400000664e-05
7.316778547312246e-05
7.316779139689993e-05
7.316778293387074e-05
7.316778328679004e-05
7.316778148788635e-05
7.316778155744814e-05
7.316778052360705e-05
7.316778089282015e-05
7.316777667412422e-05
7.316778144198958e-05
7.316778495230751e-05
7.316778266258273e-05
7.316778345232027e-05
7.31677798690659e-05
7.316778261045731e-05
6.983828364315106e-05
6.983828364315106e-05
6.983828584803901e-05
6.983828592409869e-05
6.983828738951945e-05
6.983829602415533e-05
6.983828467692704e-05
6.983828497208889e-05
6.983828313924922e-05
6.98382833924318e-05
6.983828237606034e-05
6.983828197548253e-05
6.983827988499564e-05
6.983828339117036e-05
6.983828586555056e-05
6.98382839063979e-05
6.983828408960968e-05
6.98382807089853e-05
6.98382832290693e-05
6.450553521963624e-05
6.450553521963624e-05
6.450553846949652e-05
6.450553877496563e-05
6.450553973170976e-05
6.45055496946607e-05
6.450553724545928e-05
6.450553732334454e-05
6.450553589831033e-05
6.450553650009769e-05
6.450553543333814e-05
6.45055341434915e-05
6.450553456915598e-05
6.450553654896821e-05
6.450553773766748e-05
6.450553612515465e-05
6.450553571859331e-05
6.450553289905422e-05
6.450553490868942e-05
5.7825657123110804e-05
5.7825657123110804e-05
5.7825660374618144e-05
5.7825661175886104e-05
5.7825660829787805e-05
5.7825668606707965e-05
5.782565927242285e-05
5.7825658901009054e-05
5.782565860485021e-05
5.7825659730829695e-05
5.782565847531297e-05
5.78256565136798e-05
5.7825658948806554e-05
5.7825659650959855e-05
5.78256596853788e-05
5.782565827641238e-05
5.782565762242685e-05
5.782565584702083e-05
5.782565698730952e-05
5.414183400022134e-05
5.414183400022134e-05
5.414183590802735e-05
5.414183715444847e-05
5.414183551998441e-05
5.4141838327281775e-05
5.414183505335581e-05
5.4141834290056245e-05
5.41418351536209e-05
5.41418366129743e-05
5.4141835137370265e-05
5.414183332451118e-05
5.4141835502914055e-05
5.414183627272663e-05
5.414183624218156e-05
5.414183468868088e-05
5.414183443124793e-05
5.414183349741466e-05
5.41418339938029e-05
5.33044505630481e-05
5.33044505630481e-05
5.330445135809736e-05
5.330445274128744e-05
5.330445064844866e-05
5.3304450362153254e-05
5.330445065214878e-05
5.330444977392124e-05
5.330445107177354e-05
5.3304452562209424e-05
5.330445099461521e-05
5.330444961627374e-05
5.330445065215428e-05
5.330445206780515e-05
5.330445251575187e-05
5.330445074740352e-05
5.330445093656949e-05
5.330445021880867e-05
5.330445058300314e-05
5.316747326269184e-05
5.316747326269184e-05
5.316747373436917e-05
5.316747511144887e-05
5.316747300388717e-05
5.316747201566164e-05
5.3167473062349846e-05
5.316747219159068e-05
5.3167473514686765e-05
5.3167474965989134e-05
5.316747339307252e-05
5.316747219735969e-05
5.3167472734106364e-05
5.316747444150215e-05
5.316747512305111e-05
5.3167473273780315e-05
5.316747361845709e-05
5.3167472877712534e-05
5.316747327577679e-05
5.301645534162946e-05
5.301645534162946e-05
5.3016455591363e-05
5.3016456946893886e-05
5.3016454870812276e-05
5.3016453466664706e-05
5.3016454942316995e-05
5.3016454091216874e-05
5.301645539861576e-05
5.301645680534131e-05
5.301645524293835e-05
5.3016454184876186e-05
5.301645434462968e-05
5.3016456270204163e-05
5.301645712994469e-05
5.301645521881588e-05
5.301645568346585e-05
5.301645490966038e-05
5.3016455346848974e-05
5.2579296115272655e-05
5.2579296115272655e-05
5.2579295966045555e-05
5.257929726321633e-05
5.257929528412006e-05
5.257929318897579e-05
5.2579295364451145e-05
5.2579294563265706e-05
5.257929581555928e-05
5.257929712317063e-05
5.2579295607916054e-05
5.2579294792931594e-05
5.257929429441169e-05
5.2579296589123025e-05
5.2579297753337305e-05
5.257929572531036e-05
5.2579296427430066e-05
5.2579295605037186e-05
5.257929610750169e-05
5.1571263478127104e-05
5.1571263478127104e-05
5.157126275787809e-05
5.157126393362978e-05
5.157126216625158e-05
5.157125917780529e-05
5.1571262241073e-05
5.1571261538078675e-05
5.157126266751954e-05
5.1571263797439186e-05
5.157126241344848e-05
5.1571261924090427e-05
5.157126056517859e-05
5.157126331069823e-05
5.1571264852888764e-05
5.157126264770997e-05
5.157126373684429e-05
5.1571262888868163e-05
5.157126345755309e-05
4.932086126815884e-05
4.932086126815884e-05
4.932085978381738e-05
4.9320860706442013e-05
4.9320859394926244e-05
4.932085543507612e-05
4.932085942264047e-05
4.932085891458519e-05
4.932085977712885e-05
4.932086058387681e-05
4.932085953117796e-05
4.9320859419550406e-05
4.932085712019613e-05
4.932086027190204e-05
4.932086217247015e-05
4.9320859707271825e-05
4.932086142848756e-05
4.9320860659432444e-05
4.932086124555137e-05
4.55398049498547e-05
4.55398049498547e-05
4.553980286183465e-05
4.55398033729339e-05
4.5539802823565506e-05
4.5539798616962504e-05
4.553980272258865e-05
4.553980251679296e-05
4.5539802929856696e-05
4.553980328218262e-05
4.553980285475944e-05
4.553980290545837e-05
4.5539800358266104e-05
4.553980336814403e-05
4.5539805206569456e-05
4.553980248283376e-05
4.553980496965877e-05
4.55398045289174e-05
4.5539804961188734e-05
4.164740305019355e-05
4.164740305019355e-05
4.1647401167555104e-05
4.1647401269508746e-05
4.1647401503876115e-05
4.1647398731532576e-05
4.1647401210080515e-05
4.164740128642957e-05
4.16474012328701e-05
4.164740122317306e-05
4.164740152596122e-05
4.164740116878473e-05
4.1647399990524524e-05
4.16474018468091e-05
4.164740281168287e-05
4.164740003882809e-05
4.164740295497263e-05
4.1647403093152406e-05
4.16474031423271e-05
3.9854806089646646e-05
3.9854806089646646e-05
3.985480509259161e-05
3.985480507031857e-05
3.985480556851666e-05
3.9854804946102274e-05
3.985480515098063e-05
3.985480529447855e-05
3.985480507868265e-05
3.98548050511452e-05
3.98548056850559e-05
3.985480462375964e-05
3.985480550932122e-05
3.985480598054754e-05
3.9854805854018106e-05
3.9854803279952485e-05
3.9854805985058915e-05
3.985480655672915e-05
3.985480625440524e-05
3.9525668772627085e-05
3.9525668772627085e-05
3.9525668326797053e-05
3.952566836527355e-05
3.9525668764473756e-05
3.9525669138054236e-05
3.9525668330923297e-05
3.952566841978608e-05
3.95256682582037e-05
3.952566834993572e-05
3.952566895067341e-05
3.952566754190304e-05
3.952566938526748e-05
3.952566929665828e-05
3.952566872066657e-05
3.952566630653481e-05
3.9525668703625796e-05
3.9525669370924356e-05
3.952566895936703e-05
3.945685323434614e-05
3.945685323434614e-05
3.9456852937059404e-05
3.945685301732131e-05
3.94568533402514e-05
3.9456853916048416e-05
3.9456852915404586e-05
3.945685297222606e-05
3.9456852853131924e-05
3.9456853001568485e-05
3.945685354671602e-05
3.9456852063563934e-05
3.945685410031704e-05
3.9456853916637225e-05
3.945685326768853e-05
3.945685090537294e-05
3.945685318312267e-05
3.945685384345187e-05
3.945685342272584e-05
3.933340503223614e-05
3.933340503223614e-05
3.933340489661964e-05
3.9333405029328176e-05
3.933340525311657e-05
3.933340602377516e-05
3.933340484528012e-05
3.933340486343638e-05
3.933340479670527e-05
3.93334050148477e-05
3.933340548091737e-05
3.933340392773262e-05
3.9333406147086765e-05
3.933340587557693e-05
3.9333405173405485e-05
3.933340287443463e-05
3.9333405003858234e-05
3.933340564612022e-05
3.93334052212046e-05
3.901318770435394e-05
3.901318770435394e-05
3.9013187824088314e-05
3.9013188038146185e-05
3.9013188100873996e-05
3.9013189162581656e-05
3.901318773069047e-05
3.901318769157185e-05
3.9013187701481285e-05
3.901318803193269e-05
3.901318835899995e-05
3.901318671050868e-05
3.9013189192557644e-05
3.9013188780063305e-05
3.901318802876477e-05
3.901318584261331e-05
3.901318771522103e-05
3.901318832647206e-05
3.9013187894438805e-05
3.822943787656256e-05
3.822943787656256e-05
3.8229438376086844e-05
3.822943870146399e-05
3.8229438524728075e-05
3.822943999201628e-05
3.822943823501849e-05
3.8229438124387135e-05
3.822943822639092e-05
3.822943872382459e-05
3.822943881901242e-05
3.822943706334884e-05
3.8229439885524215e-05
3.8229439244674015e-05
3.822943849815642e-05
3.82294365103531e-05
3.822943795195564e-05
3.822943851832654e-05
3.8229438069768695e-05
3.646483291164346e-05
3.646483291164346e-05
3.6464833903965874e-05
3.646483434784466e-05
3.646483386371455e-05
3.646483579268852e-05
3.6464833739204e-05
3.646483357126839e-05
3.646483373594264e-05
3.6464834448339516e-05
3.6464834182308185e-05
3.646483237348791e-05
3.646483551363658e-05
3.6464834526025014e-05
3.646483397856223e-05
3.646483232454059e-05
3.646483308573019e-05
3.6464833598976856e-05
3.646483311283022e-05
3.3295862474499024e-05
3.3295862474499024e-05
3.3295863856176444e-05
3.329586432881949e-05
3.329586361081821e-05
3.3295865745026814e-05
3.329586376772158e-05
3.3295863642949025e-05
3.3295863715533027e-05
3.3295864593117144e-05
3.329586389239709e-05
3.329586225500718e-05
3.329586534049723e-05
3.329586395270511e-05
3.329586404100602e-05
3.329586284068081e-05
3.32958627636156e-05
3.329586324791672e-05
3.329586269179146e-05
2.967623376247727e-05
2.967623376247727e-05
2.9676234973842255e-05
2.9676235248676806e-05
2.967623465874405e-05
2.9676236247799283e-05
2.967623512333035e-05
2.9676235232132565e-05
2.967623494080605e-05
2.9676235732711737e-05
2.9676234795998553e-05
2.9676233693286888e-05
2.9676235929062445e-05
2.9676234355999547e-05
2.9676235531875943e-05
2.9676234675796972e-05
2.9676234106987737e-05
2.9676234640867054e-05
2.96762340006427e-05
2.7741077103326274e-05
2.7741077103326274e-05
2.77410776090326e-05
2.7741077560556343e-05
2.7741077432098267e-05
2.7741077982189436e-05
2.7741078017509043e-05
2.774107841761747e-05
2.7741077701605625e-05
2.774107817437249e-05
2.774107740138778e-05
2.7741076881384977e-05
2.7741077936070623e-05
2.7741076560944465e-05
2.774107858394769e-05
2.7741077700873748e-05
2.7741077394072634e-05
2.7741078033847058e-05
2.7741077353059773e-05
2.7352617414526845e-05
2.7352617414526845e-05
2.7352617445765305e-05
2.7352617232602904e-05
2.7352617406895322e-05
2.735261738742689e-05
2.7352617951291068e-05
2.7352618475347103e-05
2.7352617589013375e-05
2.735261785087738e-05
2.7352617308831878e-05
2.735261700846772e-05
2.7352617515772954e-05
2.7352616376521344e-05
2.7352618580686844e-05
2.7352617526199523e-05
2.735261763898919e-05
2.7352618338537502e-05
2.7352617663924874e-05
2.730576976467538e-05
2.730576976467538e-05
2.7305769686103417e-05
2.7305769445676015e-05
2.7305769688249344e-05
2.7305769562882613e-05
2.7305770198345328e-05
2.7305770736180143e-05
2.7305769834401234e-05
2.73057700480564e-05
2.7305769583880577e-05
2.730576930039221e-05
2.730576972974199e-05
2.730576866654841e-05
2.730577083286356e-05
2.7305769708461336e-05
2.7305769967531584e-05
2.7305770677513025e-05
2.7305770012132815e-05
2.72652440910477e-05
2.72652440910477e-05
2.7265243957990996e-05
2.726524370731702e-05
2.7265243982860808e-05
2.7265243811791513e-05
2.7265244468999173e-05
2.7265245009004934e-05
2.7265244107204662e-05
2.7265244296881455e-05
2.726524387801269e-05
2.7265243594940962e-05
2.7265243997125412e-05
2.726524297863873e-05
2.7265245102343875e-05
2.7265243936144542e-05
2.7265244281193713e-05
2.7265244993693874e-05
2.7265244336679677e-05
2.7132904306028806e-05
2.7132904306028806e-05
2.7132904067216117e-05
2.713290379921481e-05
2.7132904137076836e-05
2.7132903880009015e-05
2.7132904572781148e-05
2.7132905112944772e-05
2.713290421810028e-05
2.713290436055463e-05
2.713290403294868e-05
2.713290375057117e-05
2.7132904100518887e-05
2.713290317550514e-05
2.713290519869345e-05
2.7132903951194385e-05
2.713290446970188e-05
2.7132905180726754e-05
2.713290454665669e-05
2.6821185295337043e-05
2.6821185295337043e-05
2.6821184908343533e-05
2.6821184619999277e-05
2.6821185041462163e-05
2.6821184664972705e-05
2.6821185402204053e-05
2.68211859358677e-05
2.6821185062738994e-05
2.6821185137235278e-05
2.6821184940386755e-05
2.6821184665983107e-05
2.6821184933493398e-05
2.6821184151219077e-05
2.6821186007138684e-05
2.682118465180132e-05
2.6821185418857453e-05
2.68211861129961e-05
2.6821185525783795e-05
2.6030598441121138e-05
2.6030598441121138e-05
2.6030597833965878e-05
2.6030597525194146e-05
2.6030598061133758e-05
2.6030597508585693e-05
2.603059830053894e-05
2.6030598807597596e-05
2.6030597997064606e-05
2.603059796580924e-05
2.603059796947257e-05
2.6030597727410956e-05
2.6030597845152818e-05
2.6030597304896143e-05
2.6030598846903557e-05
2.603059734919476e-05
2.6030598497247384e-05
2.603059912727195e-05
2.6030598648159446e-05
2.4322010732180127e-05
2.4322010732180127e-05
2.432200987587491e-05
2.432200956900698e-05
2.4322010209525332e-05
2.4322009460947852e-05
2.432201028634715e-05
2.432201071994791e-05
2.432201005787656e-05
2.4322009894647007e-05
2.432201014092282e-05
2.4322009988586173e-05
2.4322009866069928e-05
2.4322009676342598e-05
2.4322010696230846e-05
2.4322009083736962e-05
2.4322010692262805e-05
2.4322011149574918e-05
2.432201089148902e-05
2.1406044479813477e-05
2.1406044479813477e-05
2.1406043505928604e-05
2.1406043267305857e-05
2.1406043889970937e-05
2.1406043057543992e-05
2.1406043822030817e-05
2.1406044104237557e-05
2.1406043721260415e-05
2.140604346261896e-05
2.140604386562735e-05
2.140604389878942e-05
2.1406043472189608e-05
2.1406043654268563e-05
2.1406043978656455e-05
2.14060424369639e-05
2.1406044341368262e-05
2.1406044447606167e-05
2.1406044559437677e-05
1.8430305221084014e-05
1.8430305221084014e-05
1.843030449979065e-05
1.8430304409995012e-05
1.843030477625447e-05
1.843030416212778e-05
1.843030472073747e-05
1.8430304816051406e-05
1.8430304750619757e-05
1.8430304551591965e-05
1.8430304803246426e-05
1.8430305065907423e-05
1.843030445601744e-05
1.8430304744813604e-05
1.8430304593296872e-05
1.8430303447961218e-05
1.84303050609777e-05
1.8430304739134743e-05
1.8430305221196622e-05
1.7084504551715767e-05
1.7084504551715767e-05
1.7084504280134988e-05
1.7084504317554183e-05
1.7084504364855962e-05
1.7084504121891205e-05
1.7084504470487205e-05
1.7084504471747946e-05
1.7084504544247867e-05
1.7084504519104457e-05
1.7084504414974214e-05
1.7084504793370726e-05
1.7084504247316016e-05
1.7084504304055317e-05
1.7084504223953797e-05
1.7084503528886783e-05
1.7084504461943414e-05
1.7084503929662133e-05
1.7084504527253296e-05
1.6875824236566234e-05
1.6875824236566234e-05
1.68758241816587e-05
1.6875824252922596e-05
1.68758241740947e-05
1.687582410686877e-05
1.687582438482431e-05
1.687582438819e-05
1.6875824442254995e-05
1.687582451435178e-05
1.6875824221751895e-05
1.6875824597499227e-05
1.687582416008263e-05
1.6875824021106297e-05
1.687582415863654e-05
1.6875823630055176e-05
1.6875824202517315e-05
1.6875823679360558e-05
1.687582422369605e-05
1.6864170221616848e-05
1.6864170221616848e-05
1.6864170197147303e-05
1.686417026727925e-05
1.686417017680434e-05
1.6864170134072534e-05
1.6864170407897516e-05
1.6864170421565433e-05
1.6864170455156456e-05
1.68641705437569e-05
1.686417022119802e-05
1.6864170583977045e-05
1.6864170178692755e-05
1.6864169994444536e-05
1.686417020204189e-05
1.686416968653712e-05
1.6864170200241518e-05
1.6864169702757563e-05
1.6864170215545482e-05
1.6858847348990816e-05
1.6858847348990816e-05
1.6858847330226085e-05
1.6858847398556043e-05
1.6858847307757716e-05
1.6858847270191635e-05
1.6858847543793428e-05
1.685884756187692e-05
1.6858847587229535e-05
1.6858847679632556e-05
1.685884735075097e-05
1.6858847707603935e-05
1.6858847313124778e-05
1.685884711588017e-05
1.6858847347546004e-05
1.6858846832388565e-05
1.685884733151731e-05
1.6858846846357162e-05
1.6858847345784372e-05
1.6835399440610146e-05
1.6835399440610146e-05
1.683539943358752e-05
1.6835399496688216e-05
1.683539940774771e-05
1.6835399383491736e-05
1.6835399653721803e-05
1.683539968253087e-05
1.6835399688172716e-05
1.6835399788880814e-05
1.6835399447101573e-05
1.6835399788095956e-05
1.683539942119969e-05
1.6835399193875168e-05
1.683539948645442e-05
1.683539897231233e-05
1.6835399433366622e-05
1.6835398983895924e-05
1.6835399445481243e-05
1.6781622853426876e-05
1.6781622853426876e-05
1.6781622858117934e-05
1.6781622913757357e-05
1.67816228314016e-05
1.6781622827246517e-05
1.6781623085173786e-05
1.678162312610482e-05
1.6781623109975378e-05
1.6781623219401972e-05
1.678162286600254e-05
1.6781623185337638e-05
1.6781622854889065e-05
1.6781622593967335e-05
1.678162296534824e-05
1.6781622455780655e-05
1.6781622860633636e-05
1.6781622466252578e-05
1.678162287046721e-05
1.6640386211090395e-05
1.6640386211090395e-05
1.6640386224383394e-05
1.664038626728329e-05
1.6640386205477314e-05
1.664038623932243e-05
1.664038645740672e-05
1.6640386511438066e-05
1.6640386473290758e-05
1.664038659040296e-05
1.6640386232953606e-05
1.6640386517310345e-05
1.6640386242954575e-05
1.6640385946286655e-05
1.6640386434394612e-05
1.6640385940979235e-05
1.6640386243049795e-05
1.664038595390758e-05
1.6640386250733278e-05
1.6350718223321045e-05
1.6350718223321045e-05
1.6350718223165353e-05
1.6350718249208394e-05
1.635071823495974e-05
1.635071832735845e-05
1.6350718451265746e-05
1.6350718506002468e-05
1.6350718471885418e-05
1.6350718583436553e-05
1.635071825516001e-05
1.6350718497533626e-05
1.635071828415363e-05
1.6350717987392753e-05
1.6350718591285855e-05
1.6350718137696693e-05
1.6350718288305138e-05
1.6350718163204938e-05
1.635071829693792e-05
1.5908296627681782e-05
1.5908296627681782e-05
1.590829656506854e-05
1.5908296576932433e-05
1.5908296644672047e-05
1.5908296803456057e-05
1.5908296762586348e-05
1.5908296783653708e-05
1.590829682124606e-05
1.5908296895665077e-05
1.5908296663169295e-05
1.590829687901583e-05
1.5908296689752143e-05
1.590829649017404e-05
1.5908297111951e-05
1.590829672998173e-05
1.590829672105764e-05
1.5908296785279835e-05
1.590829673830798e-05
1.5542825641047756e-05
1.5542825641047756e-05
1.554282548185443e-05
1.554282549537533e-05
1.5542825638851732e-05
1.55428258247819e-05
1.5542825629190728e-05
1.5542825584605787e-05
1.554282575254982e-05
1.5542825765300026e-05
1.5542825666494212e-05
1.554282590317009e-05
1.5542825656073426e-05
1.5542825642701314e-05
1.5542826101121372e-05
1.5542825788334948e-05
1.554282573242347e-05
1.5542825879197876e-05
1.5542825764557124e-05
1.5415156015053497e-05
1.5415156015053497e-05
1.5415155798282113e-05
1.541515582407212e-05
1.541515598834423e-05
1.541515615448825e-05
1.5415155914244996e-05
1.541515582402663e-05
1.5415156078945257e-05
1.5415156052761642e-05
1.541515602703546e-05
1.5415156305541017e-05
1.5415155978722106e-05
1.541515609357395e-05
1.5415156363557496e-05
1.5415156072315483e-05
1.5415156083383882e-05
1.541515617941296e-05
1.541515612515002e-05
1.5397637967924184e-05
1.5397637967924184e-05
1.5397637742773292e-05
1.5397637775035673e-05
1.5397637932293045e-05
1.5397638080802932e-05
1.5397637853472113e-05
1.53976377539235e-05
1.539763802528629e-05
1.5397637992364625e-05
1.5397637974869576e-05
1.539763827146167e-05
1.539763791457232e-05
1.539763805526928e-05
1.539763826041333e-05
1.5397637964352544e-05
1.5397638023955024e-05
1.5397638071818318e-05
1.5397638067456678e-05
1.5394802152133517e-05
1.5394802152133517e-05
1.5394801928275994e-05
1.539480196209644e-05
1.5394802115050336e-05
1.539480225845661e-05
1.5394802039295996e-05
1.5394801939730705e-05
1.5394802210547765e-05
1.5394802177878433e-05
1.539480215821292e-05
1.5394802458298275e-05
1.539480209636424e-05
1.5394802237030704e-05
1.5394802432256182e-05
1.539480213287289e-05
1.5394802205340166e-05
1.5394802239276446e-05
1.539480224877751e-05
1.538879753479873e-05
1.538879753479873e-05
1.5388797314011965e-05
1.5388797350258602e-05
1.5388797495886748e-05
1.5388797631583753e-05
1.5388797425787233e-05
1.5388797326931213e-05
1.5388797595292966e-05
1.5388797563151996e-05
1.5388797539720953e-05
1.5388797844374378e-05
1.5388797476175044e-05
1.5388797614887443e-05
1.5388797797595276e-05
1.538879749297192e-05
1.5388797584011693e-05
1.5388797597542807e-05
1.5388797627244204e-05
1.5374168353715556e-05
1.5374168353715556e-05
1.537416813875908e-05
1.53741681793319e-05
1.5374168312148797e-05
1.537416843530223e-05
1.5374168251414207e-05
1.5374168154121523e-05
1.537416841719836e-05
1.537416838502983e-05
1.5374168356815724e-05
1.5374168668012688e-05
1.5374168291127133e-05
1.5374168425911054e-05
1.5374168589717198e-05
1.537416827709673e-05
1.537416839673351e-05
1.5374168378753772e-05
1.5374168439673517e-05
1.533663833833403e-05
1.533663833833403e-05
1.5336638135149218e-05
1.533663818424381e-05
1.5336638292801016e-05
1.5336638394101136e-05
1.5336638248233534e-05
1.5336638154348836e-05
1.533663840566474e-05
1.533663837095565e-05
1.5336638338337128e-05
1.533663865893245e-05
1.533663827021938e-05
1.5336638397234897e-05
1.5336638530655495e-05
1.533663820566707e-05
1.5336638371223047e-05
1.5336638302564552e-05
1.533663841382687e-05
1.5244512210300143e-05
1.5244512210300143e-05
1.5244512030915417e-05
1.524451209688861e-05
1.5244512159531084e-05
1.5244512223554049e-05
1.5244512142063596e-05
1.52445120555384e-05
1.5244512280890043e-05
1.5244512235877845e-05
1.524451220518662e-05
1.524451253711657e-05
1.5244512135960293e-05
1.5244512247749279e-05
1.5244512335116347e-05
1.524451199279633e-05
1.5244512227463612e-05
1.5244512082358776e-05
1.5244512269921628e-05
1.5033269319998733e-05
1.5033269319998733e-05
1.5033269187787166e-05
1.5033269286563397e-05
1.5033269264136856e-05
1.5033269267383715e-05
1.5033269289748052e-05
1.5033269218694695e-05
1.5033269388428284e-05
1.5033269313139437e-05
1.5033269306914912e-05
1.5033269646733293e-05
1.5033269242715125e-05
1.503326932527329e-05
1.5033269350529922e-05
1.5033268988466299e-05
1.5033269315020014e-05
1.5033269067844028e-05
1.5033269358209843e-05
1.463168588889361e-05
1.463168588889361e-05
1.4631685837492246e-05
1.4631685991350505e-05
1.4631685833312728e-05
1.4631685754781117e-05
1.463168591459737e-05
1.4631685871557519e-05
1.4631685938928358e-05
1.4631685794981548e-05
1.4631685865855009e-05
1.4631686194335849e-05
1.4631685822570581e-05
1.4631685856686836e-05
1.4631685825225447e-05
1.4631685454249084e-05
1.4631685861361162e-05
1.4631685523595786e-05
1.4631685907547683e-05
1.4117670199937077e-05
1.4117670199937077e-05
1.411767024280576e-05
1.411767045930002e-05
1.4117670157731895e-05
1.4117670016160191e-05
1.4117670277710206e-05
1.4117670269543619e-05
1.4117670207223292e-05
1.4117669958869415e-05
1.4117670170645428e-05
1.4117670449870027e-05
1.4117670169579787e-05
1.4117670149567809e-05
1.4117670123894486e-05
1.411766977863908e-05
1.4117670168367797e-05
1.4117669847021103e-05
1.4117670220581264e-05
1.3792106245439275e-05
1.3792106245439275e-05
1.379210633202628e-05
1.3792106575636021e-05
1.379210622484353e-05
1.3792106092243575e-05
1.3792106331779217e-05
1.3792106342387757e-05
1.3792106207765692e-05
1.3792105882317548e-05
1.3792106219577582e-05
1.3792106433376597e-05
1.3792106259116526e-05
1.3792106216843344e-05
1.3792106278763306e-05
1.3792105988127774e-05
1.3792106238285868e-05
1.3792106068725666e-05
1.37921062962923e-05
1.3716699109866927e-05
1.3716699109866927e-05
1.3716699183641641e-05
1.3716699417002542e-05
1.371669910108033e-05
1.3716699010840283e-05
1.3716699175364734e-05
1.371669918355271e-05
1.3716699055776028e-05
1.3716698719202135e-05
1.3716699090455618e-05
1.3716699273228159e-05
1.371669914283203e-05
1.3716699110467968e-05
1.3716699246633764e-05
1.371669899032686e-05
1.3716699126497782e-05
1.3716699082235657e-05
1.3716699186349875e-05
1.3711258044164625e-05
1.3711258044164625e-05
1.3711258104662802e-05
1.3711258328700417e-05
1.3711258037136708e-05
1.3711257964804194e-05
1.3711258098672288e-05
1.3711258102593085e-05
1.371125799015971e-05
1.3711257661590348e-05
1.3711258027133444e-05
1.37112582066808e-05
1.3711258078498493e-05
1.371125805449571e-05
1.3711258209802868e-05
1.3711257960073424e-05
1.3711258067551706e-05
1.3711258055076725e-05
1.37112581272858e-05
1.3709879169724904e-05
1.3709879169724904e-05
1.370987922577718e-05
1.3709879446719984e-05
1.3709879162735409e-05
1.3709879095030842e-05
1.3709879221133772e-05
1.3709879223559418e-05
1.3709879116654321e-05
1.3709878791864059e-05
1.3709879153267298e-05
1.3709879333168483e-05
1.3709879203508708e-05
1.3709879182265734e-05
1.3709879340839405e-05
1.3709879091885885e-05
1.370987919440968e-05
1.370987918744026e-05
1.370987925401755e-05
1.3704359125822528e-05
1.3704359125822528e-05
1.370435917189104e-05
1.3704359385763397e-05
1.3704359118765366e-05
1.3704359061059822e-05
1.3704359170511247e-05
1.370435916964305e-05
1.3704359075126105e-05
1.3704358759357054e-05
1.370435911059883e-05
1.3704359291425924e-05
1.3704359157994125e-05
1.3704359143125595e-05
1.370435930781962e-05
1.3704359060513167e-05
1.3704359153073377e-05
1.3704359157068713e-05
1.370435921243632e-05
1.3690470433735999e-05
1.3690470433735999e-05
1.369047046555887e-05
1.369047066901546e-05
1.3690470426521032e-05
1.3690470382902848e-05
1.3690470469095837e-05
1.3690470463731635e-05
1.369047038658665e-05
1.3690470084398031e-05
1.3690470420269615e-05
1.3690470601883401e-05
1.369047046325098e-05
1.3690470457956788e-05
1.3690470630170122e-05
1.369047038583655e-05
1.3690470464339655e-05
1.3690470483507277e-05
1.36904705235049e-05
1.3650677209369612e-05
1.3650677209369612e-05
1.3650677216578081e-05
1.365067740116539e-05
1.3650677201790467e-05
1.3650677182211952e-05
1.3650677229225467e-05
1.3650677216642657e-05
1.365067716865529e-05
1.365067689167218e-05
1.3650677198959601e-05
1.3650677380326387e-05
1.36506772334794e-05
1.3650677246002544e-05
1.3650677428391114e-05
1.3650677191034102e-05
1.3650677245070803e-05
1.365067728986115e-05
1.3650677304309028e-05
1.3549938471937936e-05
1.3549938471937936e-05
1.354993844069023e-05
1.3549938593637442e-05
1.35499384635789e-05
1.3549938480851844e-05
1.3549938469076102e-05
1.35499384465768e-05
1.3549938442009694e-05
1.354993820868683e-05
1.354993846635875e-05
1.3549938643320471e-05
1.3549938485616536e-05
1.3549938529124909e-05
1.3549938720528163e-05
1.3549938498668096e-05
1.3549938513907653e-05
1.3549938597405214e-05
1.3549938574288826e-05
1.3309394978389226e-05
1.3309394978389226e-05
1.3309394890335854e-05
1.3309394991258794e-05
1.3309394968365343e-05
1.3309395038352042e-05
1.3309394945648021e-05
1.330939491183074e-05
1.3309394966180624e-05
1.3309394807831326e-05
1.3309394980083512e-05
1.3309395140683324e-05
1.330939497180855e-05
1.3309395068777018e-05
1.3309395256670774e-05
1.3309395068972298e-05
1.3309395025471263e-05
1.3309395162929623e-05
1.3309395090060839e-05
1.2835141044615733e-05
1.2835141044615733e-05
1.2835140892683803e-05
1.2835140922798706e-05
1.2835141031526902e-05
1.2835141156785975e-05
1.2835140986830807e-05
1.283514094803107e-05
1.2835141056490888e-05
1.28351410068663e-05
1.2835141054809195e-05
1.2835141174050546e-05
1.2835141003976305e-05
1.2835141178921267e-05
1.2835141323714031e-05
1.2835141200685165e-05
1.2835141087787822e-05
1.2835141278434315e-05
1.2835141162978184e-05
1.219006398798361e-05
1.219006398798361e-05
1.2190063809633713e-05
1.2190063782586748e-05
1.2190063970925538e-05
1.2190064109972377e-05
1.2190063939213702e-05
1.2190063915883528e-05
1.2190064019237016e-05
1.2190064069935769e-05
1.2190064002416196e-05
1.219006405250179e-05
1.2190063907739183e-05
1.2190064155307918e-05
1.2190064193588793e-05
1.2190064156823514e-05
1.219006400764423e-05
1.2190064203290727e-05
1.219006410051774e-05
1.173995137474434e-05
1.173995137474434e-05
1.1739951243880964e-05
1.1739951222001181e-05
1.1739951355364977e-05
1.1739951437878951e-05
1.1739951377561067e-05
1.1739951387759519e-05
1.173995140412981e-05
1.1739951468350756e-05
1.1739951384090121e-05
1.1739951376218922e-05
1.1739951276411556e-05
1.1739951534616543e-05
1.1739951453943532e-05
1.1739951470524632e-05
1.1739951360005339e-05
1.1739951487122765e-05
1.1739951467652601e-05
1.1620138043154943e-05
1.1620138043154943e-05
1.162013797141478e-05
1.1620137987710654e-05
1.1620138023962316e-05
1.1620138046420251e-05
1.162013808812311e-05
1.162013812007841e-05
1.1620138059489826e-05
1.1620138077606129e-05
1.1620138045340967e-05
1.1620138024499955e-05
1.1620137951409802e-05
1.1620138176722755e-05
1.1620138048948192e-05
1.1620138064260991e-05
1.1620138010488805e-05
1.1620138071583786e-05
1.162013812139737e-05
1.1612166250215915e-05
1.1612166250215915e-05
1.161216619735735e-05
1.1612166230505032e-05
1.161216623153575e-05
1.161216623633403e-05
1.1612166305374126e-05
1.161216634129892e-05
1.1612166260806128e-05
1.1612166255102308e-05
1.1612166249991065e-05
1.1612166233576465e-05
1.1612166164930021e-05
1.1612166372708077e-05
1.1612166244755034e-05
1.1612166249853465e-05
1.1612166215437722e-05
1.1612166258197766e-05
1.1612166325181379e-05
1.161267202268197e-05
1.161267202268197e-05
1.1612671971542297e-05
1.1612672007013533e-05
1.1612672004126424e-05
1.1612672007578166e-05
1.1612672078179845e-05
1.1612672113912076e-05
1.161267203247952e-05
1.1612672023226243e-05
1.1612672022213264e-05
1.1612672007518764e-05
1.161267193881309e-05
1.161267214351777e-05
1.1612672018106474e-05
1.1612672020755092e-05
1.1612671988276208e-05
1.161267202974043e-05
1.1612672097556887e-05
1.1612906514022418e-05
1.1612906514022418e-05
1.1612906463639032e-05
1.1612906500421429e-05
1.161290649555204e-05
1.1612906498512115e-05
1.161290656940582e-05
1.161290660477944e-05
1.1612906523368829e-05
1.161290651227959e-05
1.1612906513432695e-05
1.161290649978283e-05
1.1612906431211927e-05
1.1612906633610845e-05
1.1612906510311477e-05
1.161290651153094e-05
1.1612906479918692e-05
1.1612906520815663e-05
1.1612906588889409e-05
1.1612935700655895e-05
1.1612935700655895e-05
1.161293565193504e-05
1.1612935692022964e-05
1.1612935682421002e-05
1.1612935684459011e-05
1.161293575529856e-05
1.1612935789333164e-05
1.161293570885273e-05
1.161293569380991e-05
1.1612935699769955e-05
1.1612935688431363e-05
1.161293562108536e-05
1.1612935816152133e-05
1.1612935699072508e-05
1.1612935697064801e-05
1.1612935667275167e-05
1.1612935706649118e-05
1.1612935775459748e-05
1.1611749626197441e-05
1.1611749626197441e-05
1.161174957968352e-05
1.1611749625058738e-05
1.1611749608379354e-05
1.1611749609535509e-05
1.161174967877359e-05
1.1611749709796339e-05
1.1611749632529522e-05
1.161174961262058e-05
1.1611749624849844e-05
1.1611749616437142e-05
1.1611749552986906e-05
1.161174973313975e-05
1.1611749627720384e-05
1.1611749621430641e-05
1.1611749593840642e-05
1.1611749630486511e-05
1.161174970078085e-05
1.1606912849781071e-05
1.1606912849781071e-05
1.160691280635693e-05
1.160691286150798e-05
1.160691283282195e-05
1.16069128336475e-05
1.1606912896596935e-05
1.1606912920133132e-05
1.1606912852607749e-05
1.1606912826932036e-05
1.1606912847605716e-05
1.1606912842882549e-05
1.1606912790930975e-05
1.160691293646245e-05
1.1606912856361645e-05
1.1606912844114858e-05
1.1606912819016226e-05
1.160691284995678e-05
1.1606912923688038e-05
1.1594897662045912e-05
1.1594897662045912e-05
1.1594897621340092e-05
1.1594897691152012e-05
1.1594897646546029e-05
1.1594897649389764e-05
1.1594897696470796e-05
1.1594897705067618e-05
1.1594897659503856e-05
1.1594897631432095e-05
1.1594897658678929e-05
1.1594897656157855e-05
1.1594897629767156e-05
1.159489770973659e-05
1.1594897674880451e-05
1.1594897657495026e-05
1.1594897633084536e-05
1.1594897654186434e-05
1.1594897734417315e-05
1.1575045160001417e-05
1.1575045160001417e-05
1.1575045118816242e-05
1.1575045203664263e-05
1.1575045146290376e-05
1.1575045155493362e-05
1.157504517531488e-05
1.1575045162254084e-05
1.1575045151762288e-05
1.1575045131901902e-05
1.157504515549709e-05
1.1575045149550272e-05
1.157504516356792e-05
1.1575045153015863e-05
1.1575045176979077e-05
1.157504516079898e-05
1.1575045131893362e-05
1.1575045140715254e-05
1.1575045229908338e-05
1.1557475319313978e-05
1.1557475319313978e-05
1.1557475273215352e-05
1.1557475362233993e-05
1.1557475306527609e-05
1.1557475323772704e-05
1.1557475319952334e-05
1.1557475291606045e-05
1.1557475309214418e-05
1.1557475307247192e-05
1.1557475314618061e-05
1.1557475299401267e-05
1.1557475345406667e-05
1.1557475275657197e-05
1.1557475334117984e-05
1.155747532774931e-05
1.1557475289984686e-05
1.1557475292193745e-05
1.155747538723455e-05
1.155020709147914e-05
1.155020709147914e-05
1.1550207041000436e-05
1.1550207124801503e-05
1.1550207078480825e-05
1.1550207099493162e-05
1.155020708982685e-05
1.1550207060160612e-05
1.1550207083088786e-05
1.155020709313096e-05
1.155020708729546e-05
1.1550207065350919e-05
1.1550207117114523e-05
1.1550207046320895e-05
1.1550207101685483e-05
1.1550207103914967e-05
1.155020706046716e-05
1.1550207063883277e-05
1.155020715901431e-05
1.154889127548051e-05
1.154889127548051e-05
1.1548891223803261e-05
1.154889130422952e-05
1.154889126219997e-05
1.1548891283505693e-05
1.154889127554396e-05
1.1548891248184168e-05
1.1548891268290208e-05
1.1548891280769442e-05
1.1548891271585538e-05
1.1548891248129655e-05
1.1548891296532207e-05
1.1548891236680707e-05
1.1548891283849153e-05
1.1548891288403315e-05
1.15488912438785e-05
1.1548891249167048e-05
1.1548891343210104e-05
1.1548678756755024e-05
1.1548678756755024e-05
1.1548678704897491e-05
1.1548678784374512e-05
1.1548678743383118e-05
1.1548678764570427e-05
1.1548678757596781e-05
1.1548678731171749e-05
1.154867874990951e-05
1.1548678762574726e-05
1.1548678752936818e-05
1.1548678729322093e-05
1.1548678776126796e-05
1.1548678720413715e-05
1.1548678764715856e-05
1.1548678769618512e-05
1.154867872503472e-05
1.1548678730947949e-05
1.1548678824579434e-05
1.1548210251434256e-05
1.1548210251434256e-05
1.1548210199280421e-05
1.1548210276901977e-05
1.1548210237884993e-05
1.1548210258782431e-05
1.1548210253871573e-05
1.1548210229326933e-05
1.1548210245260055e-05
1.1548210258144256e-05
1.1548210247763484e-05
1.1548210223915665e-05
1.1548210267441747e-05
1.1548210220043425e-05
1.1548210258637136e-05
1.1548210264126543e-05
1.1548210219499332e-05
1.1548210226649465e-05
1.1548210319451378e-05
1.1547303893135487e-05
1.1547303893135487e-05
1.1547303840590246e-05
1.1547303915496806e-05
1.1547303879338056e-05
1.1547303899792778e-05
1.1547303897903852e-05
1.154730387605829e-05
1.1547303887931798e-05
1.154730390109215e-05
1.154730388967657e-05
1.1547303865512227e-05
1.1547303904271123e-05
1.1547303868918866e-05
1.154730389925914e-05
1.1547303905563929e-05
1.154730386089818e-05
1.1547303869833992e-05
1.1547303961426998e-05
1.1545130920756152e-05
1.1545130920756152e-05
1.15451308676223e-05
1.1545130937827792e-05
1.1545130906561e-05
1.15451309262294e-05
1.1545130929507384e-05
1.1545130912153607e-05
1.1545130917200438e-05
1.1545130930794705e-05
1.1545130917654388e-05
1.154513089296803e-05
1.1545130923649355e-05
1.1545130908677624e-05
1.1545130925074364e-05
1.1545130932721164e-05
1.1545130888019256e-05
1.154513089996801e-05
1.154513098949664e-05
1.1540023580285204e-05
1.1540023580285204e-05
1.1540023526401165e-05
1.1540023588860108e-05
1.1540023565515834e-05
1.154002358384526e-05
1.1540023595454964e-05
1.1540023585034666e-05
1.1540023579362864e-05
1.1540023593577056e-05
1.1540023577747696e-05
1.1540023552258073e-05
1.1540023570097163e-05
1.154002358746862e-05
1.1540023581784521e-05
1.1540023591476579e-05
1.1540023546784075e-05
1.1540023563494973e-05
1.15400236496982e-05
1.1527456104637287e-05
1.1527456104637287e-05
1.152745605002473e-05
1.1527456099256224e-05
1.1527456089091993e-05
1.15274561050277e-05
1.152745613040028e-05
1.1527456130637152e-05
1.1527456108004235e-05
1.152745612304115e-05
1.1527456103002085e-05
1.1527456076282282e-05
1.1527456073377564e-05
1.1527456142842393e-05
1.1527456101715803e-05
1.1527456114483827e-05
1.1527456069979493e-05
1.1527456094310509e-05
1.152745617502867e-05
1.149661005456398e-05
1.149661005456398e-05
1.1496610000060341e-05
1.1496610026732517e-05
1.1496610038195856e-05
1.1496610049786659e-05
1.1496610097496364e-05
1.1496610113016823e-05
1.1496610064739218e-05
1.1496610080603244e-05
1.1496610054318051e-05
1.1496610025845728e-05
1.149660999046209e-05
1.1496610141103624e-05
1.1496610045063098e-05
1.1496610062059058e-05
1.1496610018296228e-05
1.1496610054371992e-05
1.149661012620813e-05
1.1422409499810792e-05
1.1422409499810792e-05
1.1422409448681769e-05
1.1422409437367414e-05
1.1422409483239114e-05
1.1422409486894076e-05
1.1422409569534643e-05
1.1422409603960552e-05
1.1422409520252668e-05
1.1422409536149315e-05
1.1422409501550833e-05
1.1422409470943433e-05
1.142240938771752e-05
1.1422409656939711e-05
1.1422409481498776e-05
1.142240950320972e-05
1.1422409461688685e-05
1.1422409514585804e-05
1.142240957258224e-05
1.1258478748815373e-05
1.1258478748815373e-05
1.1258478709978761e-05
1.1258478640198849e-05
1.125847873455959e-05
1.1258478724622038e-05
1.1258478855060315e-05
1.1258478903392037e-05
1.1258478782395098e-05
1.1258478795316606e-05
1.12584787528261e-05
1.1258478720747523e-05
1.1258478579118041e-05
1.1258478990568535e-05
1.1258478721985999e-05
1.1258478745606004e-05
1.1258478709744604e-05
1.1258478781958617e-05
1.1258478821137003e-05
1.0966498040747328e-05
1.0966498040747328e-05
1.0966498030604429e-05
1.0966497892893221e-05
1.0966498034520157e-05
1.0966498005990964e-05
1.0966498179855756e-05
1.096649821350339e-05
1.096649808418422e-05
1.0966498087507108e-05
1.096649804580077e-05
1.0966498015697649e-05
1.096649783713024e-05
1.0966498332060028e-05
1.0966498014261784e-05
1.0966498029242752e-05
1.0966498004442725e-05
1.096649808575666e-05
1.0966498108110383e-05
1.0642101874012655e-05
1.0642101874012655e-05
1.0642101903603097e-05
1.0642101734078668e-05
1.0642101881285249e-05
1.0642101838942767e-05
1.0642102011047949e-05
1.0642101981544561e-05
1.0642101912198248e-05
1.0642101899819345e-05
1.0642101876642929e-05
1.0642101854188841e-05
1.0642101714743837e-05
1.0642102099553646e-05
1.0642101866373136e-05
1.064210185749727e-05
1.0642101846062336e-05
1.0642101907288618e-05
1.0642101930958744e-05
1.0490383581884542e-05
1.0490383581884542e-05
1.0490383635151681e-05
1.0490383493865291e-05
1.0490383599007733e-05
1.0490383557478882e-05
1.0490383681612465e-05
1.0490383582019805e-05
1.0490383602611792e-05
1.0490383579049536e-05
1.04903835801392e-05
1.0490383565968593e-05
1.0490383518271085e-05
1.0490383666344766e-05
1.0490383599401629e-05
1.0490383567292453e-05
1.0490383562342428e-05
1.0490383586817186e-05
1.049038362993046e-05
1.0478555983836607e-05
1.0478555983836607e-05
1.0478556038838486e-05
1.0478555929354384e-05
1.047855600281978e-05
1.0478555967048322e-05
1.0478556058104324e-05
1.0478555932930049e-05
1.0478555994256943e-05
1.0478555968724875e-05
1.0478555979923672e-05
1.0478555968707733e-05
1.0478555970845668e-05
1.0478555993770818e-05
1.0478556011970728e-05
1.047855597247788e-05
1.0478555967071961e-05
1.047855597324154e-05
1.0478556029532547e-05
1.0483390398684576e-05
1.0483390398684576e-05
1.048339045172943e-05
1.0483390350431421e-05
1.048339041725665e-05
1.0483390383433287e-05
1.0483390467993555e-05
1.0483390341381421e-05
1.0483390407353436e-05
1.0483390382339264e-05
1.0483390394479782e-05
1.0483390383410624e-05
1.0483390393217829e-05
1.0483390397569864e-05
1.0483390427843812e-05
1.0483390388260638e-05
1.0483390381990307e-05
1.0483390385673741e-05
1.0483390444513798e-05
1.0484333574139875e-05
1.0484333574139875e-05
1.048433362669174e-05
1.0484333526272689e-05
1.0484333592563507e-05
1.0484333559003462e-05
1.0484333643102617e-05
1.0484333516945262e-05
1.0484333582726378e-05
1.0484333557889053e-05
1.0484333569935018e-05
1.0484333558810272e-05
1.0484333568832271e-05
1.0484333572797353e-05
1.0484333603208338e-05
1.0484333563827885e-05
1.0484333557378e-05
1.0484333561056497e-05
1.0484333620068439e-05
1.0486032654122832e-05
1.0486032654122832e-05
1.0486032705673521e-05
1.0486032606889222e-05
1.0486032672240562e-05
1.0486032639184335e-05
1.048603272249268e-05
1.0486032597372905e-05
1.0486032662586498e-05
1.0486032638116091e-05
1.0486032649927076e-05
1.048603263868029e-05
1.0486032648915715e-05
1.0486032652645904e-05
1.0486032682962975e-05
1.0486032644021122e-05
1.0486032637214875e-05
1.048603264096247e-05
1.0486032700256053e-05
1.048809836919699e-05
1.048809836919699e-05
1.0488098419280872e-05
1.0488098322873869e-05
1.0488098386869075e-05
1.0488098354542252e-05
1.0488098436700443e-05
1.0488098313139119e-05
1.0488098377483092e-05
1.0488098353555679e-05
1.0488098365015391e-05
1.0488098353595095e-05
1.0488098364105488e-05
1.0488098367570822e-05
1.0488098397698398e-05
1.0488098359397892e-05
1.0488098352078951e-05
1.0488098355937693e-05
1.0488098415617132e-05
1.0490568652046466e-05
1.0490568652046466e-05
1.0490568699595247e-05
1.0490568607301908e-05
1.049056866895705e-05
1.0490568637877748e-05
1.0490568718018679e-05
1.0490568597216893e-05
1.0490568660016265e-05
1.0490568637039792e-05
1.0490568647888286e-05
1.0490568636186258e-05
1.0490568647147146e-05
1.0490568650176612e-05
1.0490568679966513e-05
1.0490568642761421e-05
1.0490568634579623e-05
1.0490568638629323e-05
1.0490568698925218e-05
1.049186754760664e-05
1.049186754760664e-05
1.0491867591003812e-05
1.0491867505467321e-05
1.0491867563292467e-05
1.0491867534224396e-05
1.0491867610979908e-05
1.0491867494858982e-05
1.0491867555032328e-05
1.049186753364435e-05
1.049186754348371e-05
1.0491867531366787e-05
1.0491867543013947e-05
1.0491867545357349e-05
1.0491867574587222e-05
1.0491867539141507e-05
1.0491867529605267e-05
1.0491867533960847e-05
1.0491867595141744e-05
1.0487253119031153e-05
1.0487253119031153e-05
1.048725315542279e-05
1.048725308133992e-05
1.0487253132706732e-05
1.0487253106952453e-05
1.0487253177787244e-05
1.0487253069972675e-05
1.0487253125472342e-05
1.048725310684364e-05
1.0487253114959778e-05
1.0487253102260248e-05
1.0487253114937094e-05
1.048725311618865e-05
1.0487253144458367e-05
1.0487253111894115e-05
1.048725310022046e-05
1.0487253105074424e-05
1.0487253167434473e-05
1.0463392922584763e-05
1.0463392922584763e-05
1.0463392947327266e-05
1.046339289241775e-05
1.046339293305617e-05
1.0463392912615871e-05
1.0463392973094437e-05
1.0463392880092989e-05
1.0463392927226004e-05
1.0463392913378988e-05
1.0463392918579659e-05
1.0463392905199872e-05
1.0463392919274013e-05
1.0463392918871045e-05
1.0463392945507673e-05
1.0463392917520287e-05
1.0463392902655888e-05
1.0463392908294819e-05
1.0463392971844323e-05
1.0388757312021022e-05
1.0388757312021022e-05
1.0388757318218149e-05
1.0388757294135139e-05
1.038875731771968e-05
1.0388757305274022e-05
1.038875734805491e-05
1.0388757281007182e-05
1.0388757313410814e-05
1.038875730763453e-05
1.0388757308075319e-05
1.0388757294296099e-05
1.0388757309848691e-05
1.038875730719327e-05
1.03887573311434e-05
1.0388757309934113e-05
1.0388757290851172e-05
1.0388757297636078e-05
1.038875736125182e-05
1.0209237425801621e-05
1.0209237425801621e-05
1.0209237406972426e-05
1.0209237425163045e-05
1.0209237425791172e-05
1.0209237423097274e-05
1.0209237439298014e-05
1.0209237412558358e-05
1.0209237421943642e-05
1.0209237428079777e-05
1.0209237421833343e-05
1.0209237409038377e-05
1.020923742492354e-05
1.0209237420078694e-05
1.0209237440210522e-05
1.0209237427015308e-05
1.0209237404158674e-05
1.0209237412258892e-05
1.020923747189177e-05
9.89465349130016e-06
9.89465349130016e-06
9.894653452023083e-06
9.894653506134594e-06
9.894653488123192e-06
9.894653491273938e-06
9.894653480232438e-06
9.894653497248772e-06
9.89465348139318e-06
9.894653499353893e-06
9.894653487103056e-06
9.89465347823181e-06
9.894653490983956e-06
9.894653486091385e-06
9.89465350270822e-06
9.894653493741223e-06
9.894653471731361e-06
9.894653480432983e-06
9.8946535284719e-06
9.565082833385422e-06
9.565082833385422e-06
9.565082797065766e-06
9.565082848805476e-06
9.565082833729355e-06
9.56508283169413e-06
9.565082813297297e-06
9.565082846110894e-06
9.565082820752363e-06
9.565082841278853e-06
9.565082828791293e-06
9.56508282573045e-06
9.565082831974672e-06
9.565082830648794e-06
9.565082846966035e-06
9.56508283264479e-06
9.565082818547614e-06
9.565082826194546e-06
9.565082858859616e-06
9.41546919468581e-06
9.41546919468581e-06
9.415469176232315e-06
9.415469199558391e-06
9.415469201020373e-06
9.415469189309634e-06
9.415469182826183e-06
9.415469200697372e-06
9.41546918354775e-06
9.415469198243364e-06
9.415469189838883e-06
9.415469190062941e-06
9.415469191717542e-06
9.415469194180355e-06
9.415469212718262e-06
9.415469189710557e-06
9.415469183331247e-06
9.415469189434111e-06
9.415469214282031e-06
9.400518060415611e-06
9.400518060415611e-06
9.400518050807362e-06
9.400518059524012e-06
9.400518069127677e-06
9.400518053460546e-06
9.400518055044853e-06
9.400518061268399e-06
9.400518050709405e-06
9.400518061696862e-06
9.400518055526162e-06
9.400518056151483e-06
9.400518056870871e-06
9.40051806052567e-06
9.400518080318182e-06
9.400518053920906e-06
9.40051804981929e-06
9.400518055343556e-06
9.400518079596218e-06
9.404157649180958e-06
9.404157649180958e-06
9.404157640778432e-06
9.404157647433563e-06
9.404157658141045e-06
9.404157642042364e-06
9.404157645006739e-06
9.404157649093499e-06
9.404157639759316e-06
9.404157650135129e-06
9.404157644296402e-06
9.404157644818159e-06
9.404157645582759e-06
9.40415764931175e-06
9.404157669295304e-06
9.404157642553625e-06
9.404157638563243e-06
9.40415764403261e-06
9.404157668627002e-06
9.404832475406553e-06
9.404832475406553e-06
9.404832467023146e-06
9.40483247363698e-06
9.404832484361169e-06
9.404832468268945e-06
9.404832471289685e-06
9.40483247527506e-06
9.404832466000434e-06
9.404832476353428e-06
9.404832470523402e-06
9.404832471024084e-06
9.404832471810573e-06
9.404832475529924e-06
9.404832495518981e-06
9.40483246878625e-06
9.404832464773271e-06
9.404832470244662e-06
9.404832494896224e-06
9.40532782918463e-06
9.40532782918463e-06
9.405327820806815e-06
9.405327827404367e-06
9.405327838132908e-06
9.405327822049236e-06
9.405327825103539e-06
9.405327829025911e-06
9.405327819788556e-06
9.40532783012828e-06
9.40532782430258e-06
9.405327824787523e-06
9.405327825590786e-06
9.405327829302061e-06
9.405327849293897e-06
9.405327822570822e-06
9.40532781853944e-06
9.40532782401278e-06
9.405327848706249e-06
9.40641485002726e-06
9.40641485002726e-06
9.406414841660534e-06
9.406414848224042e-06
9.406414858960706e-06
9.406414842897008e-06
9.406414846025099e-06
9.40641484980862e-06
9.406414840653505e-06
9.40641485096381e-06
9.406414845147725e-06
9.406414845597565e-06
9.406414846438129e-06
9.406414850131418e-06
9.406414870129198e-06
9.406414843427945e-06
9.406414839355937e-06
9.406414844833386e-06
9.406414869619206e-06
9.407972344801694e-06
9.407972344801694e-06
9.40797233645025e-06
9.40797234296553e-06
9.407972353712223e-06
9.407972337679217e-06
9.40797234091555e-06
9.407972344495537e-06
9.407972335461138e-06
9.40797234572757e-06
9.407972339926113e-06
9.407972340324334e-06
9.40797234121936e-06
9.407972344886534e-06
9.407972364892689e-06
9.4079723382234e-06
9.407972334093065e-06
9.407972339576129e-06
9.407972364495108e-06
9.410542058207295e-06
9.410542058207295e-06
9.410542049879543e-06
9.410542056316406e-06
9.410542067075486e-06
9.410542051098624e-06
9.410542054520566e-06
9.410542057751935e-06
9.410542048924749e-06
9.410542059114027e-06
9.410542053339092e-06
9.410542053648498e-06
9.410542054636153e-06
9.410542058259345e-06
9.410542078279077e-06
9.410542051664387e-06
9.410542047437554e-06
9.410542052928743e-06
9.410542078069931e-06
9.414476558035708e-06
9.414476558035708e-06
9.414476549740185e-06
9.414476556059978e-06
9.414476566827102e-06
9.4144765509508e-06
9.414476554675475e-06
9.41447655733926e-06
9.41447654885056e-06
9.414476558909073e-06
9.414476553181087e-06
9.41447655334488e-06
9.414476554481671e-06
9.414476558035157e-06
9.41447657807485e-06
9.414476551548733e-06
9.414476547173506e-06
9.414476552674321e-06
9.41447657816224e-06
9.42044345457808e-06
9.42044345457808e-06
9.420443446320447e-06
9.420443452470982e-06
9.420443463220469e-06
9.420443447536336e-06
9.420443451770421e-06
9.420443453481741e-06
9.42044344556396e-06
9.420443455389906e-06
9.420443449750281e-06
9.420443449667157e-06
9.420443451049915e-06
9.420443454491252e-06
9.420443474559004e-06
9.420443448180663e-06
9.420443443578721e-06
9.42044344908641e-06
9.420443475117695e-06
9.428856988203724e-06
9.428856988203724e-06
9.428856979968934e-06
9.42885698590406e-06
9.428856996546002e-06
9.42885698124252e-06
9.428856986333492e-06
9.428856986449082e-06
9.428856979495094e-06
9.428856988898433e-06
9.428856983430915e-06
9.428856982927663e-06
9.428856984711724e-06
9.428856987977319e-06
9.42885700807863e-06
9.428856981945667e-06
9.428856977019765e-06
9.428856982515681e-06
9.428857009360745e-06
9.43906751510218e-06
9.43906751510218e-06
9.439067506805957e-06
9.439067512548561e-06
9.439067522819732e-06
9.439067508295609e-06
9.439067514825625e-06
9.43906751227724e-06
9.439067506950082e-06
9.439067515567102e-06
9.439067510445882e-06
9.439067509225466e-06
9.439067511653056e-06
9.439067514654998e-06
9.439067534779271e-06
9.439067509050598e-06
9.439067503720831e-06
9.439067509139989e-06
9.439067537106979e-06
9.446373528208166e-06
9.446373528208166e-06
9.446373519580135e-06
9.446373525411113e-06
9.446373534644565e-06
9.446373521694093e-06
9.446373530524293e-06
9.446373523754936e-06
9.446373521047433e-06
9.446373528228317e-06
9.446373523794654e-06
9.446373521400715e-06
9.446373524785792e-06
9.446373527439982e-06
9.446373547522617e-06
9.446373522421974e-06
9.446373516774817e-06
9.446373521938034e-06
9.44637355112555e-06
9.436810320914461e-06
9.436810320914461e-06
9.436810311326951e-06
9.436810318144948e-06
9.43681032500334e-06
9.436810314894322e-06
9.436810326827586e-06
9.436810314445122e-06
9.436810315314139e-06
9.436810320164773e-06
9.436810316952329e-06
9.436810312915595e-06
9.436810317436532e-06
9.436810319783012e-06
9.436810339637947e-06
9.436810315344664e-06
9.436810309988322e-06
9.436810314514228e-06
9.43681034409339e-06
9.390079062028581e-06
9.390079062028581e-06
9.390079050647802e-06
9.390079059991836e-06
9.390079062993824e-06
9.390079056603953e-06
9.39007907103239e-06
9.390079054298631e-06
9.390079058128211e-06
9.390079060320898e-06
9.390079058676696e-06
9.390079053199945e-06
9.390079058323066e-06
9.39007906074441e-06
9.390079080073922e-06
9.39007905635018e-06
9.390079052662934e-06
9.39007905609329e-06
9.3900790834823e-06
9.317226034147275e-06
9.317226034147275e-06
9.31722602100994e-06
9.317226033408132e-06
9.317226033128576e-06
9.317226029027005e-06
9.317226043086952e-06
9.31722602731672e-06
9.317226030876613e-06
9.317226031910442e-06
9.31722603119446e-06
9.317226025694864e-06
9.317226030113506e-06
9.31722603316137e-06
9.317226051891092e-06
9.317226027925703e-06
9.317226026831416e-06
9.317226029270105e-06
9.317226052026665e-06
9.272531145820443e-06
9.272531145820443e-06
9.272531132122203e-06
9.272531145892834e-06
9.272531144904992e-06
9.272531140606352e-06
9.272531152622257e-06
9.272531140738854e-06
9.27253114204173e-06
9.272531143694958e-06
9.27253114285902e-06
9.272531138302552e-06
9.272531141609732e-06
9.272531145236543e-06
9.272531163716518e-06
9.272531139126337e-06
9.272531139516226e-06
9.27253114169398e-06
9.27253116126777e-06
9.26418778710293e-06
9.26418778710293e-06
9.264187773493723e-06
9.264187787311149e-06
9.26418778666203e-06
9.264187781776429e-06
9.264187792833121e-06
9.264187782717778e-06
9.264187782932302e-06
9.264187785146541e-06
9.264187784052212e-06
9.26418777997936e-06
9.264187782872229e-06
9.26418778665962e-06
9.264187805140391e-06
9.264187780284479e-06
9.264187780876072e-06
9.264187783132385e-06
9.264187802076258e-06
9.264519686245117e-06
9.264519686245117e-06
9.264519672691006e-06
9.264519686440469e-06
9.264519685918039e-06
9.264519680895691e-06
9.264519691828962e-06
9.264519681934182e-06
9.264519682005064e-06
9.264519684324963e-06
9.264519683172368e-06
9.264519679166809e-06
9.264519682019658e-06
9.264519685813945e-06
9.264519704309445e-06
9.26451967942275e-06
9.26451967997902e-06
9.264519682270303e-06
9.264519701240111e-06
     fun: 1.0190608117888408e-05
     jac: array([-2.10649773e-07,  5.66171821e-08,  1.06054927e-07, -1.73180297e-08,
        2.32916477e-07, -7.49970468e-08, -5.64277798e-08, -3.73449893e-09,
       -1.29332420e-08,  3.91628419e-09,  3.48904905e-09,  2.85444912e-09,
        2.96610096e-08,  5.60135049e-10, -1.22289634e-07,  4.29974989e-08,
       -2.43177624e-07])
 message: 'Optimization terminated successfully.'
    nfev: 2451
     nit: 129
    njev: 129
  status: 0
 success: True
       x: array([ 0.6880015 , -0.52914043, -0.50756172,  0.14391521, -0.52920855,
        0.29792836, -0.02364538,  0.14944834, -0.32386638,  0.56882269,
        0.16011957, -0.05566913, -0.3773883 ,  0.2659902 , -0.31046004,
       -0.1090054 , -0.25826404])

========================================================

Final result:
0.6880015024355293
-0.5291404286092782
-0.5075617178764883
0.14391521184701775
0.14391521184701775
0.14391521184701775
-0.5292085483237372
0.2979283638722328
-0.023645378990231038
0.14944833604934707
-0.3238663834294965
0.5688226875342314
0.16011957464453683
0.16011957464453683
-0.05566912642986058
-0.48709409106237567
-0.10900539900232395
-0.25826404487913074
0.12242314796048488
0.12242314796048488
0.12242314796048488
-0.377388298817893
0.2659902023948471
-0.3104600439269135
0.14061938011665312
0.14061938011665312
0.14061938011665312
