ASN_neutral_methyl.filelist
9.08109500815
9.08109500815
9.08109350155
9.08109423082
9.08109423784
9.08109426134
9.08109450599
9.08109393668
9.081094124
9.08109461233
9.08109381677
9.08109445213
9.08109490051
9.08109530543
9.08109540228
9.08109506901
51808.4443045
5174.91557018
797.101592636
155.388724774
29.6941727611
7.05800060646
7.05800060646
7.0580021443
7.05800133892
7.05800114258
7.05800120908
7.05800106537
7.05800091226
7.05800166878
7.05800078142
7.05800079553
7.05800066316
7.05800066061
7.05800086079
7.05800096813
7.05800065899
4445.16658434
553.500687067
101.679968691
18.6431569179
5.41227906732
5.41227906732
5.41228069222
5.41227992865
5.41227992724
5.41227998957
5.41227973043
5.41228005914
5.41228046937
5.41227942002
5.41228015923
5.41227939296
5.41227917011
5.41227889216
5.41227879359
5.41227903004
1243.93473189
123.113441236
13.3054353064
5.23888621479
5.23888621479
5.23888816868
5.23888722337
5.23888711862
5.23888717797
5.2388868122
5.23888725298
5.23888734211
5.23888659025
5.2388873399
5.23888664365
5.23888632359
5.2388860303
5.23888593934
5.23888617542
290.244134842
28.5252416026
5.451467661
5.1292812708
5.1292812708
5.12928322141
5.12928228128
5.12928219574
5.12928225773
5.12928190551
5.12928232931
5.12928246431
5.12928171208
5.12928241192
5.12928182165
5.1292813985
5.12928110141
5.12928102136
5.12928123488
215.335456744
21.2392238995
5.16661770941
5.03238715916
5.03238715916
5.03238917796
5.03238818326
5.03238806843
5.03238806875
5.03238779811
5.03238823322
5.03238838831
5.03238758733
5.03238834509
5.03238767611
5.03238728345
5.03238697088
5.03238687373
5.03238711963
133.401894585
13.2882251877
4.94657870254
4.94657870254
4.94658064256
4.94657970855
4.94657962979
4.94657965872
4.94657932388
4.94657982777
4.94657987303
4.94657911188
4.94657992505
4.94657919229
4.94657882027
4.94657855651
4.94657850338
4.94657867344
51.8828091667
6.37270501808
4.64036037211
4.64036037211
4.64036222374
4.64036133253
4.64036126514
4.64036128058
4.64036096908
4.64036148272
4.64036149186
4.64036077023
4.64036150002
4.64036085751
4.6403604859
4.64036015992
4.64036015924
4.640360329
22.0344255448
3.5027557822
3.5027557822
3.50275469498
3.50275518939
3.50275533131
3.50275530909
3.50275544216
3.50275539682
3.50275506056
3.50275561266
3.50275543933
3.50275567727
3.50275572769
3.50275572646
3.50275569224
3.50275577102
12.5809392159
3.39562568679
3.39562568679
3.39562367282
3.39562469313
3.39562480829
3.39562474215
3.39562505302
3.39562478075
3.39562440388
3.39562533213
3.39562476549
3.39562534064
3.39562558693
3.39562571597
3.39562571148
3.39562569311
3.99679718218
2.3820214329
2.3820214329
2.38202037874
2.38202090218
2.38202092469
2.38202089838
2.38202108778
2.38202083158
2.38202075552
2.38202123067
2.38202080593
2.38202118324
2.38202138911
2.3820215062
2.38202156516
2.38202144743
11.0440784138
2.3237719739
1.96563817463
1.96563817463
1.96563833387
1.96563825778
1.96563818575
1.96563819263
1.96563820565
1.96563809085
1.9656382771
1.96563816895
1.9656380472
1.96563812615
1.96563818135
1.96563826614
1.96563831754
1.96563819326
2.27800009017
1.86464030901
1.86464030901
1.8646405158
1.8646404236
1.86464039393
1.86464040441
1.86464037687
1.86464037928
1.86464045455
1.86464034407
1.86464037369
1.86464032077
1.86464032929
1.86464032166
1.86464032387
1.86464031148
2.84294201622
1.82343504761
1.82343504761
1.82343519179
1.82343513658
1.82343513257
1.82343514344
1.82343510508
1.82343515728
1.82343515819
1.82343508287
1.82343518151
1.82343508732
1.82343506277
1.82343501347
1.82343499943
1.82343504026
1.8160802691
1.79222693688
1.79222693688
1.79222699652
1.79222697071
1.79222696317
1.79222696866
1.79222695556
1.79222696728
1.79222697464
1.79222694769
1.7922269725
1.79222695257
1.79222694408
1.79222693341
1.79222693165
1.79222693612
1.79147942455
1.79147942455
1.79147937458
1.79147940594
1.79147940485
1.79147940852
1.79147941292
1.79147940313
1.79147940677
1.79147941408
1.79147940664
1.79147941097
1.79147942626
1.79147942331
1.79147942028
1.79147942419
1.79256285648
1.79256285648
1.79256285386
1.79256285966
1.79256285237
1.79256285568
1.79256285404
1.79256285041
1.79256285229
1.79256285518
1.79256285245
1.79256285684
1.79256286095
1.79256285913
1.79256286003
1.79256285699
1.79192779646
1.79192779646
1.79192780356
1.79192780442
1.79192779905
1.79192780352
1.79192780055
1.79192779787
1.7919278089
1.79192779644
1.79192780074
1.79192779572
1.79192780112
1.79192779653
1.79192779596
1.7919277964
1.79175594717
1.79175594717
1.79175594511
1.79175595103
1.79175594521
1.79175594937
1.79175594682
1.79175594389
1.79175594888
1.79175594555
1.79175594677
1.79175594593
1.79175595138
1.79175594788
1.79175594706
1.79175594725
1.79196164264
1.79186451175
1.79186451175
1.79186450863
1.79186451504
1.79186450945
1.79186451337
1.79186451151
1.79186450824
1.79186451404
1.79186451015
1.79186451103
1.79186451037
1.79186451599
1.79186451244
1.79186451186
1.79186451183
1.79189160117
     fun: 1.8608945457664532
     jac: array([-0.06717926, -0.02803223, -0.02152081, -0.02735418, -0.01443826,
       -0.01416606, -0.02809206, -0.00650619, -0.01222077, -0.00341839,
       -0.00240003, -0.0034385 , -0.00766227, -0.00057209])
 message: 'Optimization terminated successfully.'
    nfev: 352
     nit: 20
    njev: 20
  status: 0
 success: True
       x: array([ 0.30457934, -0.72942254,  0.02382127,  0.09700115, -0.31801968,
        0.5153091 ,  0.12223454,  0.47802897, -0.47262155, -0.43195578,
       -0.66841712, -0.37745111,  0.27686914, -0.32642789])

========================================================

Final result:
0.304579336581
-0.729422541428
0.304579336581
0.0238212689564
0.0970011494183
-0.318019679135
0.515309101259
0.122234544301
0.122234544301
0.47802896807
-0.472621549392
-0.4319557844
-0.668417119691
0.326324212289
0.326324212289
-0.377451111122
0.276869144851
-0.326427894148
0.14233662014
0.14233662014
0.14233662014
