3.0430793695822663e-05
3.0430793695822663e-05
3.04307903005434e-05
3.0430789315512966e-05
3.0430793004825832e-05
3.0430797837283613e-05
3.043079871918374e-05
3.0430796178313747e-05
3.043079601943271e-05
3.0430796792684355e-05
3.0430794241716498e-05
3.043080024103959e-05
3.0430796887774784e-05
3.043079333299704e-05
3.043079625908316e-05
3.043080145245456e-05
3.0430818111279807e-05
3.0430794243804902e-05
3.043079515077818e-05
3.0430793754853222e-05
2.777450809688342e-05
2.777450809688342e-05
2.7774504740311652e-05
2.7774503835578786e-05
2.7774507413522222e-05
2.7774510763165813e-05
2.7774511559423455e-05
2.7774509115359024e-05
2.777450886153254e-05
2.7774509364125025e-05
2.77745077144034e-05
2.7774510933467663e-05
2.77745091679561e-05
2.777450691883256e-05
2.777450864753005e-05
2.777451122416528e-05
2.777451834011772e-05
2.7774508039412868e-05
2.7774508812047327e-05
2.777450803301851e-05
2.6897091151844018e-05
2.6897091151844018e-05
2.689708785086296e-05
2.68970870255462e-05
2.689709047940627e-05
2.6897092592425653e-05
2.6897093307829423e-05
2.6897090968593745e-05
2.689709064540856e-05
2.6897090918064706e-05
2.6897090010126516e-05
2.689709094369495e-05
2.6897090486816912e-05
2.689708930868961e-05
2.6897090052356512e-05
2.689709049543239e-05
2.6897089815757747e-05
2.6897090599405155e-05
2.689709126056772e-05
2.689709098763289e-05
2.665352966637345e-05
2.665352966637345e-05
2.6653526400829126e-05
2.6653525602813555e-05
2.665352900087274e-05
2.665353090519724e-05
2.665353159645108e-05
2.665352930175173e-05
2.665352897779709e-05
2.665352920690659e-05
2.665352841330678e-05
2.6653528998015863e-05
2.665352874459183e-05
2.665352772755173e-05
2.665352831984487e-05
2.6653528456826703e-05
2.6653526642003858e-05
2.665352904153311e-05
2.665352968448274e-05
2.6653529487626257e-05
2.5138955127620277e-05
2.5138955127620277e-05
2.513895207773685e-05
2.5138951418735176e-05
2.513895450431426e-05
2.5138955810715323e-05
2.513895638694057e-05
2.5138954337001025e-05
2.5138954058526807e-05
2.5138954141948223e-05
2.5138953629114347e-05
2.513895337464047e-05
2.513895362764207e-05
2.5138952987645393e-05
2.513895320992023e-05
2.513895270392584e-05
2.5138948419599802e-05
2.5138954344076715e-05
2.5138954937323266e-05
2.513895491773758e-05
1.890831768389796e-05
1.890831768389796e-05
1.8908315809528796e-05
1.890831585650934e-05
1.890831729057744e-05
1.8908316608910868e-05
1.890831661942335e-05
1.890831585179841e-05
1.890831591501832e-05
1.890831542925418e-05
1.890831566525485e-05
1.890831325926679e-05
1.890831488747277e-05
1.8908315169688774e-05
1.890831441050974e-05
1.890831269485144e-05
1.890830330621591e-05
1.8908316568300795e-05
1.890831700551673e-05
1.8908317412732775e-05
1.5200999970081755e-05
1.5200999970081755e-05
1.5200999351961529e-05
1.5201000106511812e-05
1.5200999822602145e-05
1.5200998148601948e-05
1.5200997610743732e-05
1.5200998163471147e-05
1.520099867343647e-05
1.5200997778441887e-05
1.5200998124664061e-05
1.5200995567917473e-05
1.5200997429250411e-05
1.5200997702236338e-05
1.5200996803886454e-05
1.520099581842755e-05
1.5200988350133947e-05
1.5200998974204833e-05
1.5200999345680734e-05
1.5200999730052111e-05
1.433379653339084e-05
1.433379653339084e-05
1.4333796266597952e-05
1.4333797188526983e-05
1.4333796454786666e-05
1.4333795214698855e-05
1.433379456085339e-05
1.4333795446433268e-05
1.4333796130070095e-05
1.4333795244034015e-05
1.4333795195396707e-05
1.4333793934173141e-05
1.4333795080486673e-05
1.4333794744336569e-05
1.4333794362472053e-05
1.4333794824799772e-05
1.433379243987029e-05
1.4333795868898567e-05
1.4333796283729548e-05
1.4333796362828126e-05
1.4112672797775104e-05
1.4112672797775104e-05
1.4112672549317515e-05
1.411267345592151e-05
1.4112672722975209e-05
1.4112672032641839e-05
1.4112671403328828e-05
1.4112672272359261e-05
1.4112672997615562e-05
1.411267220119551e-05
1.4112671827568229e-05
1.4112671607917776e-05
1.411267213428965e-05
1.411267134276187e-05
1.4112671376815063e-05
1.4112672797687642e-05
1.4112673924119604e-05
1.411267237089401e-05
1.4112672831300184e-05
1.4112672675919674e-05
1.4033702484875974e-05
1.4033702484875974e-05
1.4033702202553353e-05
1.4033703078968506e-05
1.4033702403691147e-05
1.4033701939450207e-05
1.4033701340464261e-05
1.4033702151555241e-05
1.4033702872199065e-05
1.4033702117446403e-05
1.403370164079186e-05
1.4033701770098622e-05
1.4033702063661207e-05
1.4033701147478374e-05
1.4033701301613035e-05
1.4033702984224968e-05
1.4033705119371557e-05
1.4033702137527774e-05
1.4033702612732348e-05
1.4033702379317396e-05
1.3790502783608541e-05
1.3790502783608541e-05
1.3790502426073246e-05
1.3790503229039406e-05
1.3790502688719875e-05
1.3790502737653447e-05
1.3790502218234085e-05
1.3790502872333994e-05
1.3790503569200284e-05
1.3790502900098167e-05
1.3790502231817354e-05
1.379050308871397e-05
1.3790502835244493e-05
1.3790501735429545e-05
1.3790502075554707e-05
1.379050420599229e-05
1.379050816638761e-05
1.3790502615868808e-05
1.3790503115042274e-05
1.3790502715436608e-05
1.3384033686631364e-05
1.3384033686631364e-05
1.3384033274646818e-05
1.3384033998673618e-05
1.3384033583163806e-05
1.3384034222859665e-05
1.3384033804557797e-05
1.3384034257617748e-05
1.3384034912955955e-05
1.3384034320017918e-05
1.3384033501886518e-05
1.3384035110880484e-05
1.3384034172163152e-05
1.3384033033800634e-05
1.3384033435188926e-05
1.3384035854166916e-05
1.3384041206795279e-05
1.3384033736159573e-05
1.3384034244518253e-05
1.3384033664929223e-05
1.279010325348945e-05
1.279010325348945e-05
1.2790102864511093e-05
1.2790103533682081e-05
1.2790103158157092e-05
1.2790104318520157e-05
1.2790104005542845e-05
1.2790104248452843e-05
1.2790104841787e-05
1.2790104270935324e-05
1.2790103457825678e-05
1.279010557072629e-05
1.2790103913833374e-05
1.2790103078251636e-05
1.2790103235938062e-05
1.2790105474548964e-05
1.2790110703307947e-05
1.2790103518329657e-05
1.2790103997999255e-05
1.2790103280197445e-05
1.2371897764996149e-05
1.2371897764996149e-05
1.2371897503349679e-05
1.2371898202876495e-05
1.2371897697582684e-05
1.2371898821910894e-05
1.2371898530837693e-05
1.2371898729746217e-05
1.2371899281405876e-05
1.2371898629089714e-05
1.2371898061729832e-05
1.2371899855613376e-05
1.2371898043229586e-05
1.2371897791339056e-05
1.2371897432674244e-05
1.2371898904016444e-05
1.2371901724511194e-05
1.2371898058098902e-05
1.2371898472750808e-05
1.2371897801844301e-05
1.2230790205977775e-05
1.2230790205977775e-05
1.2230790059031892e-05
1.2230790822687436e-05
1.2230790161802842e-05
1.223079092421243e-05
1.2230790590487036e-05
1.2230790874967732e-05
1.2230791421760514e-05
1.223079067487338e-05
1.223079035413522e-05
1.2230791508810039e-05
1.2230789989004714e-05
1.2230790140795987e-05
1.2230789412059272e-05
1.2230790215534775e-05
1.2230790672156503e-05
1.223079039283714e-05
1.2230790758083049e-05
1.2230790222810581e-05
1.2189323796415905e-05
1.2189323796415905e-05
1.2189323692463829e-05
1.2189324488721315e-05
1.218932376047308e-05
1.2189324298440174e-05
1.2189323933419627e-05
1.2189324281671782e-05
1.2189324833351447e-05
1.2189324047584469e-05
1.2189323827731082e-05
1.2189324645571522e-05
1.2189323353559809e-05
1.2189323627203698e-05
1.218932278520437e-05
1.218932333814606e-05
1.2189322847663626e-05
1.2189323907482939e-05
1.2189324254591476e-05
1.2189323797841109e-05
1.2134398902625285e-05
1.2134398902625285e-05
1.2134398831937387e-05
1.213439965513516e-05
1.213439887288533e-05
1.213439919366743e-05
1.2134398799716458e-05
1.2134399209008628e-05
1.2134399763884924e-05
1.2134398950472644e-05
1.2134398815975659e-05
1.2134399320835498e-05
1.2134398265718083e-05
1.2134398625881496e-05
1.2134397708079683e-05
1.2134398054676303e-05
1.2134396783805203e-05
1.2134398936540992e-05
1.2134399265962924e-05
1.2134398888164128e-05
1.1994115870509585e-05
1.1994115870509585e-05
1.199411584613054e-05
1.1994116703727207e-05
1.1994115849353764e-05
1.1994115817693476e-05
1.1994115383749514e-05
1.199411588359894e-05
1.1994116434321663e-05
1.1994115593626013e-05
1.1994115592869517e-05
1.199411559208892e-05
1.1994114942099679e-05
1.199411542755788e-05
1.1994114416409106e-05
1.199411443581804e-05
1.1994111987042782e-05
1.1994115773943144e-05
1.1994116066694239e-05
1.1994115829189885e-05
1.1680255539206313e-05
1.1680255539206313e-05
1.1680255564061677e-05
1.1680256446706444e-05
1.1680255527206324e-05
1.1680255015268251e-05
1.1680254544990963e-05
1.1680255145161387e-05
1.1680255665571631e-05
1.168025482769996e-05
1.1680255006932506e-05
1.1680254311722832e-05
1.1680254256678893e-05
1.1680254899016663e-05
1.168025381292412e-05
1.1680253375331263e-05
1.1680249445464601e-05
1.1680255253558118e-05
1.1680255474279605e-05
1.1680255459164742e-05
1.1076498262513597e-05
1.1076498262513597e-05
1.1076498305885945e-05
1.1076499161650619e-05
1.1076498254106812e-05
1.107649725002335e-05
1.1076496786903243e-05
1.1076497433191899e-05
1.1076497862227443e-05
1.1076497123123235e-05
1.1076497484484069e-05
1.1076496060968092e-05
1.1076496716793612e-05
1.1076497494032344e-05
1.1076496450945513e-05
1.1076495508013658e-05
1.1076490329795497e-05
1.1076497756420884e-05
1.107649784911188e-05
1.1076498137842709e-05
1.0309334231604011e-05
1.0309334231604011e-05
1.0309334200588397e-05
1.0309334923773507e-05
1.030933420977206e-05
1.0309333125147822e-05
1.030933277166949e-05
1.0309333286916019e-05
1.0309333553600799e-05
1.030933306436762e-05
1.0309333450839019e-05
1.0309331866235614e-05
1.0309332884697106e-05
1.0309333623085134e-05
1.0309332877564237e-05
1.030933175849946e-05
1.030932702413311e-05
1.0309333624582071e-05
1.0309333563868888e-05
1.0309334087628751e-05
9.824179151878375e-06
9.824179151878375e-06
9.824178973420746e-06
9.824179515445894e-06
9.824179103100333e-06
9.824178559762016e-06
9.824178376774224e-06
9.824178613397492e-06
9.824178738225129e-06
9.824178524471522e-06
9.824178703142832e-06
9.824177850414359e-06
9.824178491737508e-06
9.82417898195095e-06
9.824178666469373e-06
9.824177948813416e-06
9.824175650582452e-06
9.82417868097021e-06
9.824178543531198e-06
9.824179037329195e-06
9.709531788642876e-06
9.709531788642876e-06
9.70953152092349e-06
9.709531975482298e-06
9.709531723463723e-06
9.709531700672338e-06
9.709531608225952e-06
9.709531670712711e-06
9.709531758909564e-06
9.709531651814737e-06
9.709531633855789e-06
9.70953151328895e-06
9.709531625138114e-06
9.709531917726963e-06
9.709531819345967e-06
9.709531550815159e-06
9.709531156128668e-06
9.709531492856306e-06
9.70953137165402e-06
9.709531710593924e-06
9.699551423097638e-06
9.699551423097638e-06
9.699551139669203e-06
9.69955158476367e-06
9.699551355012288e-06
9.699551477634312e-06
9.699551397801243e-06
9.699551427858954e-06
9.699551523093201e-06
9.699551418368167e-06
9.699551346046124e-06
9.699551434891988e-06
9.699551369954857e-06
9.699551614101415e-06
9.69955154273605e-06
9.699551410464797e-06
9.699551471234079e-06
9.699551184286348e-06
9.699551083655488e-06
9.699551356761914e-06
9.697397086513187e-06
9.697397086513187e-06
9.697396802361636e-06
9.697397248547673e-06
9.69739701829343e-06
9.697397164331813e-06
9.697397084298953e-06
9.697397112005957e-06
9.6973972114564e-06
9.697397102179848e-06
9.697397021207635e-06
9.697397144638021e-06
9.697397046066192e-06
9.697397283184898e-06
9.697397210636624e-06
9.697397102113194e-06
9.697397222358202e-06
9.697396858803543e-06
9.697396764905431e-06
9.697397022453064e-06
9.690352988344374e-06
9.690352988344374e-06
9.690352704001446e-06
9.690353153023081e-06
9.690352920103412e-06
9.6903531101538e-06
9.690353029025943e-06
9.690353053300091e-06
9.690353161810867e-06
9.690353042047264e-06
9.69035294486013e-06
9.69035313359025e-06
9.690352969859001e-06
9.69035319267372e-06
9.690353117352592e-06
9.690353053759891e-06
9.690353279939406e-06
9.690352783752778e-06
9.690352705529835e-06
9.690352929078776e-06
9.674355773934531e-06
9.674355773934531e-06
9.67435549052564e-06
9.674355942659007e-06
9.674355705926427e-06
9.674355954583904e-06
9.67435587243002e-06
9.67435589173435e-06
9.674356012084536e-06
9.674355878418147e-06
9.674355759640557e-06
9.674356035221983e-06
9.674355784983956e-06
9.67435598506916e-06
9.674355910364973e-06
9.674355905512573e-06
9.674356271828792e-06
9.674355604040439e-06
9.67435555106886e-06
9.67435572200813e-06
9.633074526133228e-06
9.633074526133228e-06
9.633074246928473e-06
9.633074701337949e-06
9.633074459104292e-06
9.633074795684878e-06
9.633074713667203e-06
9.633074723788776e-06
9.633074860587902e-06
9.633074707364507e-06
9.63307455616785e-06
9.633074961611255e-06
9.633074583426689e-06
9.633074739299245e-06
9.633074678390515e-06
9.633074758334301e-06
9.633075335553573e-06
9.633074418423996e-06
9.633074414380361e-06
9.63307448770733e-06
9.543790970436065e-06
9.543790970436065e-06
9.543790703085382e-06
9.543791153715384e-06
9.543790906112629e-06
9.543791340747108e-06
9.543791263322762e-06
9.543791258606888e-06
9.543791410201563e-06
9.543791238792908e-06
9.543791051340648e-06
9.54379160054461e-06
9.543791084540673e-06
9.543791164947361e-06
9.543791152887985e-06
9.543791318776791e-06
9.543792133631157e-06
9.543790958173376e-06
9.543791037078268e-06
9.543790953484354e-06
9.388849371742784e-06
9.388849371742784e-06
9.388849129455533e-06
9.388849560940403e-06
9.388849313080123e-06
9.388849792058091e-06
9.38884972896762e-06
9.388849704868946e-06
9.388849853332587e-06
9.388849683803772e-06
9.388849479627344e-06
9.38885009112554e-06
9.388849526001095e-06
9.388849500360327e-06
9.388849602364463e-06
9.388849783523203e-06
9.38885071280443e-06
9.388849474406314e-06
9.388849668841232e-06
9.388849382152207e-06
9.226363638451063e-06
9.226363638451063e-06
9.226363428193502e-06
9.226363823942359e-06
9.226363586962928e-06
9.226363958834092e-06
9.226363918741463e-06
9.226363881916008e-06
9.226363991730426e-06
9.226363865307775e-06
9.226363699889576e-06
9.226364148570208e-06
9.2263637636796e-06
9.22636365642274e-06
9.226363914725453e-06
9.226363948409366e-06
9.226364634317243e-06
9.226363800617125e-06
9.226364082441002e-06
9.22636366568096e-06
9.14896970540543e-06
9.14896970540543e-06
9.148969512460546e-06
9.148969879603052e-06
9.148969657746737e-06
9.148969838007715e-06
9.148969814216521e-06
9.148969780346787e-06
9.148969840885238e-06
9.148969771266514e-06
9.148969675739297e-06
9.148969839164342e-06
9.14896974935142e-06
9.148969642219915e-06
9.148969993089866e-06
9.148969811170562e-06
9.148970047906225e-06
9.14896982829404e-06
9.148970107978708e-06
9.148969726885827e-06
9.135054746812459e-06
9.135054746812459e-06
9.135054554179635e-06
9.135054914214982e-06
9.135054699189227e-06
9.135054782822636e-06
9.135054762087814e-06
9.135054735127487e-06
9.135054774871057e-06
9.13505472998189e-06
9.135054669612817e-06
9.13505469136355e-06
9.135054743596346e-06
9.135054667601329e-06
9.135055025081442e-06
9.135054745190389e-06
9.135054753138895e-06
9.135054819067896e-06
9.135055064065766e-06
9.135054757812496e-06
9.133017449494427e-06
9.133017449494427e-06
9.133017255042635e-06
9.133017615194109e-06
9.133017401455167e-06
9.13301746642589e-06
9.133017445208849e-06
9.133017420796516e-06
9.133017457272151e-06
9.133017416726104e-06
9.13301736287844e-06
9.13301735886812e-06
9.133017435799548e-06
9.13301737313367e-06
9.133017722094505e-06
9.13301742642203e-06
9.13301739044657e-06
9.133017504909388e-06
9.133017735405247e-06
9.133017456734457e-06
9.130366352638852e-06
9.130366352638852e-06
9.130366156371886e-06
9.130366516704144e-06
9.130366304186753e-06
9.13036635537919e-06
9.130366333691034e-06
9.130366311472087e-06
9.130366345421813e-06
9.130366308821084e-06
9.13036625924161e-06
9.13036623875917e-06
9.130366330877492e-06
9.130366280624189e-06
9.130366619190734e-06
9.130366314081514e-06
9.130366247227757e-06
9.130366393497785e-06
9.130366610745356e-06
9.130366356582441e-06
9.122704300162296e-06
9.122704300162296e-06
9.122704100949393e-06
9.122704460458978e-06
9.122704251041039e-06
9.122704276874307e-06
9.122704255010185e-06
9.122704236594406e-06
9.122704264829461e-06
9.12270423813553e-06
9.122704195027594e-06
9.122704150350819e-06
9.122704263881428e-06
9.122704237158721e-06
9.122704553685222e-06
9.122704234849055e-06
9.122704115580806e-06
9.122704314658174e-06
9.122704507403158e-06
9.122704298148026e-06
9.10416535767388e-06
9.10416535767388e-06
9.1041651551157e-06
9.10416551020566e-06
9.104165307794063e-06
9.104165292573196e-06
9.104165272318932e-06
9.104165259187888e-06
9.104165275494807e-06
9.104165271095042e-06
9.104165235330924e-06
9.10416516525754e-06
9.104165299007476e-06
9.10416531002825e-06
9.104165586718295e-06
9.104165253281958e-06
9.104165059345411e-06
9.104165332371836e-06
9.104165487256273e-06
9.104165346732636e-06
9.059243504400626e-06
9.059243504400626e-06
9.059243299668885e-06
9.059243640056082e-06
9.059243454032218e-06
9.059243369865279e-06
9.059243356790471e-06
9.059243350414829e-06
9.059243340427023e-06
9.059243387995467e-06
9.059243357342952e-06
9.05924327638977e-06
9.059243410819313e-06
9.059243483937855e-06
9.05924368473001e-06
9.059243344242964e-06
9.059243048503255e-06
9.059243419439877e-06
9.059243515470366e-06
9.059243480255388e-06
8.967459408946946e-06
8.967459408946946e-06
8.967459208534275e-06
8.9674595123534e-06
8.967459359573824e-06
8.967459177178686e-06
8.967459183931556e-06
8.967459182603186e-06
8.967459121748204e-06
8.967459274390204e-06
8.967459235647645e-06
8.967459206955444e-06
8.967459271334065e-06
8.967459430152573e-06
8.967459503611546e-06
8.96745919040412e-06
8.96745880003546e-06
8.967459254436047e-06
8.967459276817751e-06
8.967459369837991e-06
8.829953796267654e-06
8.829953796267654e-06
8.829953614415824e-06
8.829953853078963e-06
8.829953751138977e-06
8.82995347544998e-06
8.829953519715915e-06
8.829953514228842e-06
8.829953379005782e-06
8.829953691676668e-06
8.82995361551631e-06
8.829953767825973e-06
8.82995362785295e-06
8.829953862892441e-06
8.829953777847952e-06
8.829953563133375e-06
8.829953180781585e-06
8.829953605695134e-06
8.829953577884223e-06
8.829953750421472e-06
8.716522396146273e-06
8.716522396146273e-06
8.716522242913146e-06
8.71652241790745e-06
8.716522357551583e-06
8.71652206938314e-06
8.716522152381192e-06
8.71652213010428e-06
8.716521937964077e-06
8.716522380462027e-06
8.71652224596062e-06
8.716522658677384e-06
8.7165222433093e-06
8.71652247965396e-06
8.71652230517167e-06
8.716522234563166e-06
8.716522029587642e-06
8.71652225472662e-06
8.716522255637456e-06
8.716522362854251e-06
8.676561171832157e-06
8.676561171832157e-06
8.676561036087387e-06
8.676561190340029e-06
8.676561137229017e-06
8.676560906066749e-06
8.676561003251091e-06
8.676560965532202e-06
8.676560767216699e-06
8.676561230845019e-06
8.67656106098848e-06
8.676561621766191e-06
8.676561059217104e-06
8.676561239879655e-06
8.676561086473556e-06
8.676561099711371e-06
8.676561083352271e-06
8.676561111620461e-06
8.67656118186934e-06
8.67656115741381e-06
8.669503696758952e-06
8.669503696758952e-06
8.669503564329308e-06
8.669503722398335e-06
8.669503662916992e-06
8.669503469840062e-06
8.669503565606732e-06
8.66950352267482e-06
8.669503335512543e-06
8.669503777698454e-06
8.669503602059193e-06
8.669504183800408e-06
8.669503604303614e-06
8.669503751476725e-06
8.669503633373161e-06
8.669503660212667e-06
8.669503712225757e-06
8.669503673063222e-06
8.66950377776953e-06
8.66950369053588e-06
8.665663604700774e-06
8.665663604700774e-06
8.665663472810142e-06
8.665663635265284e-06
8.665663570991994e-06
8.665663396952061e-06
8.665663490403555e-06
8.665663445406266e-06
8.665663266220563e-06
8.665663691669645e-06
8.665663516664281e-06
8.665664094974295e-06
8.665663520817216e-06
8.665663653044213e-06
8.665663554481794e-06
8.665663581713508e-06
8.66566365841414e-06
8.665663596203226e-06
8.66566371576586e-06
8.665663601825401e-06
8.654358661670263e-06
8.654358661670263e-06
8.654358530940414e-06
8.654358702022922e-06
8.65435862826874e-06
8.654358491137658e-06
8.654358579777716e-06
8.654358530262557e-06
8.654358367460812e-06
8.654358756977568e-06
8.654358586529441e-06
8.654359148312795e-06
8.654358592593062e-06
8.65435869985412e-06
8.654358635944844e-06
8.654358662201086e-06
8.654358781958257e-06
8.654358680737921e-06
8.654358826817738e-06
8.654358664847934e-06
8.628169958791547e-06
8.628169958791547e-06
8.628169831065722e-06
8.628170013371467e-06
8.628169926192384e-06
8.62816984468457e-06
8.62816992658817e-06
8.62816986845739e-06
8.628169730725425e-06
8.628170062046057e-06
8.62816990421484e-06
8.62817042695875e-06
8.628169908545784e-06
8.62816998718921e-06
8.628169965414779e-06
8.628169991072233e-06
8.628170171136986e-06
8.628170016997762e-06
8.628170199043603e-06
8.628169970577007e-06
8.564509178579047e-06
8.564509178579047e-06
8.564509059040496e-06
8.56450925450036e-06
8.564509148164404e-06
8.564509156364427e-06
8.56450922904472e-06
8.564509152466334e-06
8.564509055526356e-06
8.56450928451445e-06
8.564509160260216e-06
8.564509588753339e-06
8.564509150540454e-06
8.564509204635048e-06
8.564509225692414e-06
8.564509254027355e-06
8.564509522386684e-06
8.564509294743365e-06
8.564509525571383e-06
8.564509203164082e-06
8.439282703900254e-06
8.439282703900254e-06
8.439282602206164e-06
8.439282803200935e-06
8.439282678239848e-06
8.439282799991683e-06
8.439282864735172e-06
8.439282754702244e-06
8.439282710037875e-06
8.439282791159818e-06
8.439282738393548e-06
8.439282979377185e-06
8.439282686034874e-06
8.43928275665331e-06
8.439282776316441e-06
8.439282816509424e-06
8.439283177438602e-06
8.439282882209333e-06
8.439283154554237e-06
8.439282742340964e-06
8.26387715143925e-06
8.26387715143925e-06
8.263877077768883e-06
8.263877259639753e-06
8.263877133234396e-06
8.263877334726771e-06
8.263877401642935e-06
8.263877247251185e-06
8.26387724059269e-06
8.26387718014321e-06
8.263877237286866e-06
8.263877206145142e-06
8.26387710375156e-06
8.263877284069996e-06
8.26387718808129e-06
8.263877254155007e-06
8.263877640636339e-06
8.263877350272951e-06
8.263877610061216e-06
8.263877194776513e-06
8.136216278277408e-06
8.136216278277408e-06
8.136216227104154e-06
8.136216366253122e-06
8.13621626604462e-06
8.136216434413328e-06
8.136216517475798e-06
8.136216335610338e-06
8.136216316031253e-06
8.13621623142063e-06
8.136216374119398e-06
8.136216147310003e-06
8.136216161727223e-06
8.136216512028498e-06
8.136216212103407e-06
8.136216305991027e-06
8.136216595106006e-06
8.136216417728188e-06
8.136216591006304e-06
8.136216308944673e-06
8.09932856012571e-06
8.09932856012571e-06
8.099328513186795e-06
8.099328622547704e-06
8.09932854900284e-06
8.099328633743318e-06
8.099328731285447e-06
8.099328550839843e-06
8.099328494254266e-06
8.0993284766121e-06
8.099328632800267e-06
8.099328388325188e-06
8.099328395100502e-06
8.09932884182874e-06
8.099328415998425e-06
8.099328520536619e-06
8.09932869761488e-06
8.099328628050104e-06
8.099328724393151e-06
8.0993285751972e-06
8.095116902089064e-06
8.095116902089064e-06
8.095116852805126e-06
8.095116955470473e-06
8.095116890331883e-06
8.095116938581856e-06
8.095117040301905e-06
8.095116866256625e-06
8.095116793211632e-06
8.095116815262071e-06
8.0951169605872e-06
8.095116747641766e-06
8.095116726257957e-06
8.095117187481437e-06
8.095116738979407e-06
8.09511684316909e-06
8.095116982284566e-06
8.095116945167703e-06
8.095117019525796e-06
8.095116911681728e-06
8.09370066134994e-06
8.09370066134994e-06
8.093700610821508e-06
8.093700712313147e-06
8.093700649251998e-06
8.093700686272577e-06
8.093700788952552e-06
8.093700617779304e-06
8.093700539681686e-06
8.09370057560693e-06
8.093700714699935e-06
8.093700518019875e-06
8.093700483946876e-06
8.093700944793777e-06
8.093700495005631e-06
8.09370059813607e-06
8.093700727269461e-06
8.093700697724942e-06
8.093700767165467e-06
8.093700669447057e-06
8.088980945711956e-06
8.088980945711956e-06
8.088980892980135e-06
8.088980992082444e-06
8.088980932988204e-06
8.088980947715448e-06
8.088981052237037e-06
8.08898088701489e-06
8.08898079908161e-06
8.08898086308828e-06
8.08898098815423e-06
8.088980826941048e-06
8.088980766104126e-06
8.08898122320711e-06
8.088980774478804e-06
8.088980874705478e-06
8.088980984474616e-06
8.088980968878058e-06
8.08898102918855e-06
8.088980950840757e-06
8.077732618874516e-06
8.077732618874516e-06
8.077732564222803e-06
8.077732659024303e-06
8.07773260553571e-06
8.07773258894915e-06
8.07773269617511e-06
8.077732539176674e-06
8.077732437937362e-06
8.077732541341275e-06
8.077732644863337e-06
8.077732536098741e-06
8.077732437052953e-06
8.077732885212064e-06
8.077732442542583e-06
8.077732537402677e-06
8.077732619669693e-06
8.07773262291682e-06
8.077732670447841e-06
8.077732619667063e-06
8.047592697549395e-06
8.047592697549395e-06
8.047592643063679e-06
8.047592728231263e-06
8.04759268395861e-06
8.04759261703207e-06
8.04759272898925e-06
8.047592584654792e-06
8.047592463384863e-06
8.04759262962941e-06
8.047592694238687e-06
8.047592675367367e-06
8.047592514141739e-06
8.04759293914773e-06
8.04759251716955e-06
8.04759260017203e-06
8.047592637043599e-06
8.047592669118944e-06
8.047592695817797e-06
8.047592690883669e-06
7.97714987572578e-06
7.97714987572578e-06
7.977149829693027e-06
7.97714989491204e-06
7.977149863659343e-06
7.977149728610056e-06
7.97714984794963e-06
7.977149719310178e-06
7.977149574369637e-06
7.977149824306112e-06
7.977149825627131e-06
7.97714994210291e-06
7.97714969505209e-06
7.977150066861673e-06
7.977149700191013e-06
7.977149759051585e-06
7.977149731415919e-06
7.977149798941933e-06
7.977149796622341e-06
7.977149857728413e-06
7.834484967217014e-06
7.834484967217014e-06
7.834484950494675e-06
7.834484978215808e-06
7.834484961402897e-06
7.834484758175309e-06
7.834484887377168e-06
7.834484770803005e-06
7.834484610893588e-06
7.834484941132125e-06
7.834484852224023e-06
7.834485138769421e-06
7.834484801627511e-06
7.834485064858226e-06
7.83448482266263e-06
7.834484836856513e-06
7.834484736847107e-06
7.834484830863382e-06
7.83448479738152e-06
7.834484934739655e-06
7.633722138289284e-06
7.633722138289284e-06
7.633722179878197e-06
7.633722157317654e-06
7.63372214565617e-06
7.633721935965839e-06
7.633722072664906e-06
7.633721947581457e-06
7.633721809518192e-06
7.633722138103041e-06
7.633721969033109e-06
7.633722363857683e-06
7.633722007028442e-06
7.633722112558893e-06
7.633722066293311e-06
7.633722021623628e-06
7.63372189393853e-06
7.63372196652997e-06
7.633721924442028e-06
7.633722096080698e-06
7.484501015762679e-06
7.484501015762679e-06
7.484501116762235e-06
7.4845010618075074e-06
7.484501037134243e-06
7.4845009211875834e-06
7.484501056060799e-06
7.4845008971457365e-06
7.484500821506015e-06
7.4845010229490765e-06
7.484500849361905e-06
7.484501175804226e-06
7.484500922863064e-06
7.4845009129468405e-06
7.484501026237101e-06
7.484500944855938e-06
7.484500879307738e-06
7.484500872497078e-06
7.484500863106224e-06
7.484500978459661e-06
7.44125695510111e-06
7.44125695510111e-06
7.441257076632865e-06
7.4412570223805604e-06
7.441256981676162e-06
7.441256961903298e-06
7.441257090058455e-06
7.441256903588466e-06
7.441256875153862e-06
7.441256952775059e-06
7.4412568266658646e-06
7.441257015862298e-06
7.441256877656388e-06
7.441256856496616e-06
7.441256999595703e-06
7.44125692025894e-06
7.441256933608639e-06
7.4412568627562164e-06
7.441256891022782e-06
7.441256928920517e-06
7.4374299993908365e-06
7.4374299993908365e-06
7.437430119000687e-06
7.437430071706316e-06
7.4374300256936185e-06
7.437430035069988e-06
7.437430160124808e-06
7.437429966908727e-06
7.4374299495120884e-06
7.437429990773638e-06
7.437429889546942e-06
7.4374300236065115e-06
7.437429921870444e-06
7.43742991878602e-06
7.437430044111038e-06
7.437429973327023e-06
7.437430013643151e-06
7.437429926886982e-06
7.437429967394558e-06
7.437429977816195e-06
7.437134673592906e-06
7.437134673592906e-06
7.437134791250975e-06
7.437134746102161e-06
7.437134699468979e-06
7.437134712315997e-06
7.437134836673633e-06
7.4371346431860016e-06
7.437134626556615e-06
7.437134663544516e-06
7.437134567489444e-06
7.437134692097549e-06
7.437134595122817e-06
7.437134598596161e-06
7.437134716333944e-06
7.437134648166037e-06
7.437134692339225e-06
7.4371346044271275e-06
7.437134646565677e-06
7.437134652836916e-06
7.436283077764177e-06
7.436283077764177e-06
7.436283192038107e-06
7.436283149994524e-06
7.436283102882239e-06
7.436283119827764e-06
7.436283242918756e-06
7.436283049887236e-06
7.4362830341554e-06
7.4362830656880586e-06
7.43628297709941e-06
7.4362830886861085e-06
7.436282997736338e-06
7.436283011392481e-06
7.436283117205942e-06
7.4362830529425116e-06
7.4362831020762755e-06
7.436283013251663e-06
7.436283057421333e-06
7.436283058165064e-06
7.43373426988419e-06
7.43373426988419e-06
7.433734378241304e-06
7.433734340712339e-06
7.433734293650544e-06
7.4337343163081515e-06
7.433734436719656e-06
7.433734245973312e-06
7.433734232074347e-06
7.433734254765258e-06
7.433734178050827e-06
7.43373426932903e-06
7.433734187471015e-06
7.433734217462689e-06
7.43373430417917e-06
7.433734245935063e-06
7.433734302435092e-06
7.433734212825206e-06
7.433734259936059e-06
7.433734252145774e-06
7.426562361847895e-06
7.426562361847895e-06
7.426562459261536e-06
7.426562428059953e-06
7.4265623830560784e-06
7.426562413480004e-06
7.426562527794381e-06
7.4265623445977545e-06
7.426562334941707e-06
7.426562342161058e-06
7.426562285111972e-06
7.4265623435062475e-06
7.426562275832209e-06
7.426562332879471e-06
7.4265623881248125e-06
7.426562339267741e-06
7.426562406877464e-06
7.426562317365101e-06
7.4265623687376065e-06
7.426562347260695e-06
7.408749705307037e-06
7.408749705307037e-06
7.408749783282813e-06
7.408749759000741e-06
7.408749721847282e-06
7.408749760175184e-06
7.408749861199235e-06
7.40874969851571e-06
7.408749698272089e-06
7.408749679759967e-06
7.40874965279954e-06
7.408749662620577e-06
7.408749614633665e-06
7.408749713010414e-06
7.4087497205742916e-06
7.408749684669691e-06
7.408749766718893e-06
7.408749680640272e-06
7.408749737100677e-06
7.4087496957111785e-06
7.37161511644793e-06
7.37161511644793e-06
7.371615163815963e-06
7.371615141981153e-06
7.371615125395137e-06
7.3716151646625655e-06
7.371615239940431e-06
7.371615123454398e-06
7.371615141711466e-06
7.37161508607894e-06
7.371615097039606e-06
7.371615049585793e-06
7.371615021848729e-06
7.3716151721478685e-06
7.371615120706215e-06
7.3716150979200666e-06
7.371615192365055e-06
7.3716151180627735e-06
7.371615177685615e-06
7.371615113529153e-06
7.317553188319849e-06
7.317553188319849e-06
7.317553202614171e-06
7.317553169084903e-06
7.317553188650461e-06
7.31755320940646e-06
7.317553248681869e-06
7.317553205703895e-06
7.317553250197162e-06
7.317553160218677e-06
7.317553196104283e-06
7.317553119364799e-06
7.317553095264607e-06
7.317553279334864e-06
7.3175531914231135e-06
7.317553170460562e-06
7.317553260748541e-06
7.317553209982354e-06
7.317553264789994e-06
7.317553190609559e-06
7.275466318990165e-06
7.275466318990165e-06
7.275466321320729e-06
7.275466262795214e-06
7.275466315607626e-06
7.275466301388022e-06
7.275466315785577e-06
7.27546633356417e-06
7.275466396589198e-06
7.275466302541232e-06
7.275466324194375e-06
7.275466284085694e-06
7.275466234874848e-06
7.2754663988062995e-06
7.275466337233392e-06
7.275466299040006e-06
7.275466362401145e-06
7.275466335809425e-06
7.275466376946886e-06
7.27546632025808e-06
7.261989846593477e-06
7.261989846593477e-06
7.261989858778687e-06
7.26198978315031e-06
7.261989845187424e-06
7.26198980844598e-06
7.2619898218104914e-06
7.2619898515662845e-06
7.261989915733132e-06
7.2619898402100156e-06
7.261989831383839e-06
7.261989846830001e-06
7.26198977033002e-06
7.2619898921086755e-06
7.261989880608107e-06
7.261989824131441e-06
7.261989863519612e-06
7.261989845447236e-06
7.261989876184704e-06
7.261989843428593e-06
7.2604790888035985e-06
7.2604790888035985e-06
7.260479108477036e-06
7.260479029397866e-06
7.260479089173674e-06
7.260479048315976e-06
7.260479066336973e-06
7.260479089496191e-06
7.260479150370389e-06
7.260479085092156e-06
7.260479063787747e-06
7.260479099752508e-06
7.260479014656543e-06
7.260479119262735e-06
7.2604791276546095e-06
7.26047906550506e-06
7.260479098355512e-06
7.2604790795643435e-06
7.260479107873162e-06
7.260479083606024e-06
7.260376889149464e-06
7.260376889149464e-06
7.260376910532619e-06
7.2603768314311765e-06
7.2603768899473635e-06
7.260376849190375e-06
7.260376868699856e-06
7.2603768891042125e-06
7.2603769488864604e-06
7.2603768856526e-06
7.260376862349835e-06
7.260376901275223e-06
7.2603768151805945e-06
7.260376917037418e-06
7.260376928536295e-06
7.260376865745887e-06
7.260376898029819e-06
7.260376878506634e-06
7.2603769066868665e-06
7.260376883594889e-06
7.2601733781805385e-06
7.2601733781805385e-06
7.260173401717937e-06
7.2601733227580496e-06
7.260173379523102e-06
7.260173339119003e-06
7.260173360572913e-06
7.260173377253033e-06
7.2601734355693695e-06
7.260173374874681e-06
7.260173349228515e-06
7.260173391538774e-06
7.26017330437712e-06
7.260173402983156e-06
7.2601734181276245e-06
7.260173354663542e-06
7.260173386414882e-06
7.260173365863905e-06
7.26017339394667e-06
7.2601733721997676e-06
7.259573914865425e-06
7.259573914865425e-06
7.259573941884108e-06
7.259573863233209e-06
7.259573917092458e-06
7.25957387735488e-06
7.259573901923659e-06
7.2595739125214624e-06
7.259573968391521e-06
7.259573911850295e-06
7.259573882466926e-06
7.259573930169729e-06
7.259573841321681e-06
7.259573934666308e-06
7.259573955689853e-06
7.259573891173842e-06
7.259573922093513e-06
7.2595738998801e-06
7.259573927765301e-06
7.259573908206921e-06
7.2579018210609924e-06
7.2579018210609924e-06
7.257901853618963e-06
7.257901775594863e-06
7.257901824704308e-06
7.257901786177374e-06
7.2579018155885455e-06
7.257901816463711e-06
7.257901868271405e-06
7.25790181850056e-06
7.2579017832167284e-06
7.257901839468023e-06
7.257901747940454e-06
7.257901832775319e-06
7.2579018632640796e-06
7.257901797105974e-06
7.257901826686593e-06
7.257901801880152e-06
7.257901829303353e-06
7.257901813342336e-06
7.2533678257523325e-06
7.2533678257523325e-06
7.253367867067853e-06
7.253367790375819e-06
7.2533678316580495e-06
7.2533677954198844e-06
7.253367832177925e-06
7.2533678175893345e-06
7.25336786253359e-06
7.2533678238976785e-06
7.2533677793903975e-06
7.253367849105666e-06
7.2533677533332915e-06
7.253367824328078e-06
7.2533678701004755e-06
7.253367801416926e-06
7.253367828820963e-06
7.253367800063973e-06
7.253367826359202e-06
7.253367816403657e-06
7.241462896894028e-06
7.241462896894028e-06
7.2414629516037625e-06
7.241462877847035e-06
7.241462906321239e-06
7.2414628745696795e-06
7.241462921747212e-06
7.241462883267744e-06
7.24146291655124e-06
7.241462896085843e-06
7.241462837745568e-06
7.241462927926004e-06
7.241462825634713e-06
7.241462874436482e-06
7.241462944433781e-06
7.241462872071943e-06
7.2414628959859e-06
7.2414628615822326e-06
7.241462885100555e-06
7.241462885173457e-06
7.211507257741121e-06
7.211507257741121e-06
7.211507331425237e-06
7.211507264213742e-06
7.211507272319844e-06
7.211507249544864e-06
7.211507309309635e-06
7.211507236349599e-06
7.2115072500213e-06
7.211507258327924e-06
7.211507181119333e-06
7.211507299953115e-06
7.211507188355774e-06
7.211507202991905e-06
7.211507309565518e-06
7.21150723248238e-06
7.211507251023343e-06
7.211507209672563e-06
7.211507226460458e-06
7.211507242982553e-06
7.142628678208782e-06
7.142628678208782e-06
7.1426287735311685e-06
7.142628720223544e-06
7.142628699101854e-06
7.14262869363377e-06
7.142628761890395e-06
7.14262864789195e-06
7.142628630854076e-06
7.142628680150627e-06
7.1426285833876515e-06
7.142628733986597e-06
7.1426286115841035e-06
7.142628579901407e-06
7.142628734280986e-06
7.142628653134199e-06
7.14262866439036e-06
7.1426286179554624e-06
7.142628619523141e-06
7.14262866085455e-06
7.013244656828555e-06
7.013244656828555e-06
7.01324476205052e-06
7.013244733627245e-06
7.0132446818747985e-06
7.0132447046607e-06
7.013244759940565e-06
7.0132446222270534e-06
7.013244567137833e-06
7.0132446587121405e-06
7.013244558648419e-06
7.013244721160402e-06
7.013244593260863e-06
7.013244519226116e-06
7.013244713007943e-06
7.013244633800247e-06
7.013244638394028e-06
7.013244597796864e-06
7.013244570699659e-06
7.013244640785729e-06
6.853956930021063e-06
6.853956930021063e-06
6.853957009217658e-06
6.853957010150598e-06
6.853956950617944e-06
6.853957003175455e-06
6.8539570062971926e-06
6.8539569056537e-06
6.853956827793917e-06
6.8539569285879675e-06
6.853956866086905e-06
6.853956983876723e-06
6.853956867596232e-06
6.853956796630648e-06
6.8539569765233805e-06
6.853956911652505e-06
6.853956916724983e-06
6.853956902550871e-06
6.853956839774871e-06
6.853956923316527e-06
6.760784195238358e-06
6.760784195238358e-06
6.760784222508674e-06
6.7607842373011744e-06
6.760784203905769e-06
6.7607842667747734e-06
6.760784206534098e-06
6.760784191775862e-06
6.76078412642102e-06
6.760784188824947e-06
6.7607841876413344e-06
6.760784222524746e-06
6.760784130763941e-06
6.760784117001055e-06
6.760784226864922e-06
6.760784181431186e-06
6.760784195495373e-06
6.7607842143342945e-06
6.760784132756886e-06
6.760784201133363e-06
6.743488106491204e-06
6.743488106491204e-06
6.743488104195823e-06
6.743488116340218e-06
6.7434881076466885e-06
6.743488164813444e-06
6.743488078094287e-06
6.743488115045532e-06
6.743488070468949e-06
6.7434880976283665e-06
6.743488128144049e-06
6.743488117313783e-06
6.743488039830311e-06
6.743488070676949e-06
6.743488130692099e-06
6.743488094165615e-06
6.743488115242931e-06
6.743488148232657e-06
6.743488068300021e-06
6.7434881181377904e-06
6.743959799247869e-06
6.743959799247869e-06
6.743959792230409e-06
6.743959801356384e-06
6.743959799026234e-06
6.743959852429406e-06
6.743959763849905e-06
6.743959809749052e-06
6.743959771856438e-06
6.74395979008933e-06
6.7439598248751105e-06
6.743959807111838e-06
6.7439597319880214e-06
6.7439597729237075e-06
6.743959822519374e-06
6.743959786885032e-06
6.743959809547651e-06
6.743959843652205e-06
6.743959767025772e-06
6.743959811462303e-06
6.744277109492337e-06
6.744277109492337e-06
6.74427710248389e-06
6.744277110981246e-06
6.7442771092297965e-06
6.744277161939799e-06
6.74427707394832e-06
6.744277119996015e-06
6.744277082915291e-06
6.744277100358187e-06
6.744277134940481e-06
6.744277117281394e-06
6.7442770421741325e-06
6.7442770838143035e-06
6.744277132827747e-06
6.7442770970636005e-06
6.744277119835667e-06
6.744277153656941e-06
6.744277077770571e-06
6.744277121619415e-06
6.744666372756296e-06
6.744666372756296e-06
6.744666365910322e-06
6.744666373487513e-06
6.7446663724704535e-06
6.7446664241716836e-06
6.744666337201218e-06
6.744666383201639e-06
6.744666347227302e-06
6.7446663636718725e-06
6.744666397788133e-06
6.7446663805167684e-06
6.744666305366362e-06
6.744666347825877e-06
6.7446663962223695e-06
6.7446663602247356e-06
6.744666383120769e-06
6.7446664164468126e-06
6.74466634165758e-06
6.744666384723211e-06
6.745037827986663e-06
6.745037827986663e-06
6.745037821418427e-06
6.745037827548963e-06
6.745037827668492e-06
6.745037877764858e-06
6.745037792458942e-06
6.745037838327445e-06
6.745037804093648e-06
6.745037818985438e-06
6.74503785233373e-06
6.745037835713488e-06
6.745037760495707e-06
6.745037804206727e-06
6.745037851659793e-06
6.745037815298629e-06
6.745037838376312e-06
6.74503787090368e-06
6.7450377978573045e-06
6.745037839693377e-06
6.745003363377803e-06
6.745003363377803e-06
6.745003357261225e-06
6.745003361042246e-06
6.745003363004116e-06
6.745003410438566e-06
6.745003327935192e-06
6.745003373538673e-06
6.745003342168853e-06
6.745003354519948e-06
6.745003386592376e-06
6.745003371047952e-06
6.745003295749968e-06
6.7450033414791944e-06
6.745003387376243e-06
6.745003350452863e-06
6.745003373803477e-06
6.7450034050112445e-06
6.745003334839766e-06
6.745003374651948e-06
6.743286709840561e-06
6.743286709840561e-06
6.743286704436038e-06
6.743286704471404e-06
6.743286709368082e-06
6.743286752412612e-06
6.743286674627788e-06
6.7432867196918464e-06
6.743286692990793e-06
6.743286701231995e-06
6.743286731205653e-06
6.743286717409973e-06
6.743286642065018e-06
6.743286690987351e-06
6.743286734326363e-06
6.743286696583596e-06
6.743286720313513e-06
6.7432867493633725e-06
6.743286683890908e-06
6.743286720400823e-06
6.7362411418705915e-06
6.7362411418705915e-06
6.736241137568621e-06
6.736241131686422e-06
6.7362411412146755e-06
6.736241176938969e-06
6.736241107266694e-06
6.736241151173577e-06
6.736241132120171e-06
6.736241133710265e-06
6.736241160199574e-06
6.736241149252459e-06
6.736241074047156e-06
6.736241127952098e-06
6.736241167043801e-06
6.736241128209214e-06
6.736241152392029e-06
6.736241177891023e-06
6.736241120146772e-06
6.736241151239533e-06
6.714237036871109e-06
6.714237036871109e-06
6.7142370341900576e-06
6.7142370192891895e-06
6.714237035863438e-06
6.714237059417722e-06
6.71423700384207e-06
6.714237045182565e-06
6.7142370385002804e-06
6.714237029537206e-06
6.714237050272248e-06
6.714237043892537e-06
6.714236969463152e-06
6.714237030798762e-06
6.714237062874423e-06
6.7142370229099555e-06
6.714237047397438e-06
6.714237067111596e-06
6.714237021947499e-06
6.714237044257191e-06
6.654188028881527e-06
6.654188028881527e-06
6.6541880283061736e-06
6.654188000814304e-06
6.654188027191693e-06
6.654188031073564e-06
6.654187999762911e-06
6.654188035396234e-06
6.654188047879155e-06
6.654188023080473e-06
6.654188034607341e-06
6.654188035201957e-06
6.654187963346098e-06
6.654188034624325e-06
6.654188055468146e-06
6.654188015339373e-06
6.654188039232147e-06
6.6541880498826785e-06
6.654188024403936e-06
6.654188033056836e-06
6.511507402156861e-06
6.511507402156861e-06
6.511507403439577e-06
6.5115073623194395e-06
6.511507399216827e-06
6.511507374619799e-06
6.51150738185724e-06
6.511507405621608e-06
6.5115074439229e-06
6.51150739903072e-06
6.511507397443404e-06
6.511507407188883e-06
6.511507342111479e-06
6.511507422995368e-06
6.51150742783243e-06
6.511507391312473e-06
6.511507411828193e-06
6.511507410022744e-06
6.5115074115372325e-06
6.511507401671253e-06
6.24241949810197e-06
6.24241949810197e-06
6.242419498736096e-06
6.242419453468578e-06
6.242419493305936e-06
6.242419439327682e-06
6.242419493707633e-06
6.24241949745264e-06
6.2424195582387826e-06
6.24241949871814e-06
6.242419484066581e-06
6.242419501214862e-06
6.242419449711166e-06
6.242419530185725e-06
6.242419519053991e-06
6.242419494548192e-06
6.242419506156614e-06
6.242419492933608e-06
6.242419519054797e-06
6.242419492780029e-06
5.91493037386036e-06
5.91493037386036e-06
5.914930369086116e-06
5.914930343127024e-06
5.914930367461694e-06
5.9149303064655475e-06
5.91493038720392e-06
5.914930370246951e-06
5.914930427902076e-06
5.914930377382623e-06
5.9149303605632285e-06
5.9149303753068306e-06
5.914930340521113e-06
5.914930399765717e-06
5.914930385935641e-06
5.914930381278302e-06
5.91493037965315e-06
5.914930366637196e-06
5.914930391998058e-06
5.914930367326194e-06
5.729134474696238e-06
5.729134474696238e-06
5.729134463306185e-06
5.729134467712086e-06
5.729134468073787e-06
5.7291344282822744e-06
5.729134495356822e-06
5.729134471380216e-06
5.729134501344216e-06
5.729134478231315e-06
5.729134472124139e-06
5.729134475898811e-06
5.729134449489188e-06
5.729134480533447e-06
5.7291344797319705e-06
5.7291344892996e-06
5.7291344791265765e-06
5.729134478306457e-06
5.729134476959583e-06
5.729134471575288e-06
5.700288568469355e-06
5.700288568469355e-06
5.700288554465119e-06
5.700288572924369e-06
5.700288562287283e-06
5.700288539944391e-06
5.700288587643594e-06
5.700288566465012e-06
5.7002885782218025e-06
5.700288570931342e-06
5.700288573124796e-06
5.700288570121721e-06
5.700288543347622e-06
5.700288562567844e-06
5.7002885718852075e-06
5.700288584014487e-06
5.700288572788592e-06
5.700288580422775e-06
5.700288560675771e-06
5.7002885681873555e-06
5.704410141205186e-06
5.704410141205186e-06
5.704410126997232e-06
5.7044101471109414e-06
5.704410135201214e-06
5.704410116683658e-06
5.704410159074401e-06
5.704410139627451e-06
5.704410147990123e-06
5.704410143290832e-06
5.704410147235637e-06
5.704410143040929e-06
5.704410115241659e-06
5.704410133353777e-06
5.704410144809706e-06
5.704410156309048e-06
5.704410145631661e-06
5.70441015491178e-06
5.7044101315998615e-06
5.704410141549041e-06
5.705606423302403e-06
5.705606423302403e-06
5.705606409132553e-06
5.705606429144923e-06
5.705606417318431e-06
5.705606398998789e-06
5.705606440976144e-06
5.705606421764749e-06
5.705606430030183e-06
5.705606425350394e-06
5.705606429375376e-06
5.705606425158594e-06
5.705606397184135e-06
5.705606415432493e-06
5.705606426987216e-06
5.705606438299442e-06
5.705606427751465e-06
5.7056064370882e-06
5.70560641365582e-06
5.705606423678539e-06
5.706251654537352e-06
5.706251654537352e-06
5.706251640393318e-06
5.706251660325074e-06
5.706251648563592e-06
5.706251630319858e-06
5.706251672108198e-06
5.706251653018828e-06
5.706251661264607e-06
5.706251656567366e-06
5.706251660618536e-06
5.706251656403661e-06
5.706251628337385e-06
5.706251646679826e-06
5.7062516582676595e-06
5.7062516694760704e-06
5.70625165899856e-06
5.7062516683486476e-06
5.706251644888221e-06
5.706251654925049e-06
5.707857543874052e-06
5.707857543874052e-06
5.707857529799643e-06
5.70785754951687e-06
5.707857537927571e-06
5.7078575198800534e-06
5.707857561176658e-06
5.707857542404364e-06
5.707857550602215e-06
5.707857545858673e-06
5.707857549969045e-06
5.707857545766089e-06
5.707857517467945e-06
5.707857536054875e-06
5.707857547720189e-06
5.707857558664217e-06
5.7078575483659925e-06
5.70785755774226e-06
5.707857534225374e-06
5.707857544288573e-06
5.709991186507792e-06
5.709991186507792e-06
5.7099911725375704e-06
5.7099911919439025e-06
5.709991180602487e-06
5.709991162846135e-06
5.709991203422459e-06
5.7099911851074614e-06
5.709991193232093e-06
5.7099911884298796e-06
5.709991192610115e-06
5.709991188435932e-06
5.709991159820394e-06
5.7099911787508874e-06
5.70999119051411e-06
5.709991201092325e-06
5.709991191042054e-06
5.709991200441691e-06
5.709991176870251e-06
5.709991186955376e-06
5.7133802484548395e-06
5.7133802484548395e-06
5.713380234683235e-06
5.713380253523548e-06
5.7133802426290485e-06
5.7133802254224144e-06
5.713380264663437e-06
5.7133802471770505e-06
5.713380255156818e-06
5.713380250270992e-06
5.71338025453766e-06
5.7133802504456574e-06
5.713380221299373e-06
5.7133802408277135e-06
5.7133802527328226e-06
5.713380262689263e-06
5.713380253060235e-06
5.713380262465116e-06
5.713380238863664e-06
5.713380248947659e-06
5.717991695196194e-06
5.717991695196194e-06
5.7179916817859965e-06
5.717991699656955e-06
5.71799168951743e-06
5.7179916733003315e-06
5.7179917101960355e-06
5.717991694119444e-06
5.7179917018230615e-06
5.7179916968501e-06
5.717991701166391e-06
5.717991697287018e-06
5.717991667345757e-06
5.717991687831089e-06
5.717991699891332e-06
5.717991708889783e-06
5.717991699909326e-06
5.717991709232968e-06
5.7179916857476586e-06
5.7179916957304e-06
5.7234833839999045e-06
5.7234833839999045e-06
5.723483371291662e-06
5.723483387416922e-06
5.7234833786119914e-06
5.723483364291349e-06
5.723483396824205e-06
5.723483383264235e-06
5.72348339040358e-06
5.723483385407433e-06
5.723483389578537e-06
5.723483386253374e-06
5.723483355152115e-06
5.723483377201436e-06
5.7234833893317575e-06
5.723483396859548e-06
5.723483388873489e-06
5.723483397835896e-06
5.723483374958952e-06
5.723483384522704e-06
5.727025519871629e-06
5.727025519871629e-06
5.727025508521665e-06
5.727025521553983e-06
5.727025515057502e-06
5.727025504354295e-06
5.727025528843897e-06
5.727025519692823e-06
5.727025525681795e-06
5.727025520945491e-06
5.727025524331561e-06
5.7270255223739324e-06
5.727025489828438e-06
5.727025514290094e-06
5.727025526073568e-06
5.727025531568626e-06
5.727025524953849e-06
5.727025532792514e-06
5.727025511891625e-06
5.727025520180749e-06
5.720490809065039e-06
5.720490809065039e-06
5.720490800198315e-06
5.720490808122621e-06
5.720490805320966e-06
5.72049080113075e-06
5.720490811681077e-06
5.720490809706808e-06
5.7204908134807345e-06
5.720490809803227e-06
5.720490810788391e-06
5.7204908118960545e-06
5.720490778244142e-06
5.720490805939183e-06
5.7204908161643035e-06
5.7204908195010475e-06
5.720490814333795e-06
5.720490819304253e-06
5.720490803546439e-06
5.720490808616473e-06
5.69027839148351e-06
5.69027839148351e-06
5.690278386245624e-06
5.690278387626254e-06
5.690278389338632e-06
5.690278394496461e-06
5.690278385966924e-06
5.690278392991662e-06
5.6902783933401916e-06
5.690278392193282e-06
5.690278388043263e-06
5.6902783945822154e-06
5.690278361897487e-06
5.690278392334968e-06
5.690278398725903e-06
5.690278401533142e-06
5.690278396696417e-06
5.690278396104853e-06
5.690278390440603e-06
5.690278389309455e-06
5.635623715124748e-06
5.635623715124748e-06
5.6356237129006784e-06
5.635623710139843e-06
5.635623714357872e-06
5.63562372704186e-06
5.6356237044771975e-06
5.635623716885057e-06
5.635623714123799e-06
5.635623716460069e-06
5.635623705759848e-06
5.635623718147078e-06
5.635623689895574e-06
5.635623719825778e-06
5.635623720845074e-06
5.63562372689917e-06
5.63562371982988e-06
5.635623712693236e-06
5.6356237190337e-06
5.635623710649037e-06
5.589641423231897e-06
5.589641423231897e-06
5.589641421326781e-06
5.589641419679829e-06
5.589641422670658e-06
5.589641435865716e-06
5.589641413989802e-06
5.5896414244579155e-06
5.589641421049685e-06
5.589641425412504e-06
5.589641411276463e-06
5.589641425887649e-06
5.589641402461837e-06
5.589641428995873e-06
5.5896414268217735e-06
5.589641437643857e-06
5.589641427329559e-06
5.589641417189235e-06
5.58964142914661e-06
5.589641417470197e-06
5.574614981160805e-06
5.574614981160805e-06
5.574614978415139e-06
5.574614978971319e-06
5.5746149802556325e-06
5.5746149911588354e-06
5.574614974665392e-06
5.574614981937711e-06
5.574614979182206e-06
5.574614983692974e-06
5.574614969532061e-06
5.5746149835958e-06
5.574614961875118e-06
5.574614986293717e-06
5.574614983845481e-06
5.574614996749161e-06
5.5746149850262195e-06
5.574614975150941e-06
5.574614986694851e-06
5.574614975337214e-06
5.5735812240672374e-06
5.5735812240672374e-06
5.573581221005389e-06
5.573581222194622e-06
5.573581223025155e-06
5.573581233102348e-06
5.573581218359403e-06
5.573581224745919e-06
5.5735812222759804e-06
5.5735812266334804e-06
5.5735812128088355e-06
5.573581226464386e-06
5.573581204836161e-06
5.57358122888019e-06
5.5735812266596385e-06
5.573581239788525e-06
5.573581227915072e-06
5.573581218430692e-06
5.573581229271422e-06
5.573581218351735e-06
5.573752956255192e-06
5.573752956255192e-06
5.5737529531543775e-06
5.573752954407512e-06
5.5737529551956905e-06
5.573752965173626e-06
5.573752950626701e-06
5.573752956926849e-06
5.57375295449502e-06
5.573752958818534e-06
5.573752945060358e-06
5.573752958650909e-06
5.573752936994499e-06
5.573752961022694e-06
5.573752958854162e-06
5.5737529719702395e-06
5.573752960105897e-06
5.573752950690732e-06
5.573752961405195e-06
5.573752950562509e-06
5.574046322646322e-06
5.574046322646322e-06
5.574046319489085e-06
5.574046320832302e-06
5.574046321561498e-06
5.574046331396219e-06
5.574046317129604e-06
5.574046323308654e-06
5.574046320932504e-06
5.5740463252042465e-06
5.574046311546675e-06
5.574046325040574e-06
5.574046303336664e-06
5.574046327346933e-06
5.574046325257936e-06
5.574046338347873e-06
5.574046326502057e-06
5.574046317190653e-06
5.574046327715542e-06
5.574046316988316e-06
5.574500928102668e-06
5.574500928102668e-06
5.5745009248564275e-06
5.574500926341516e-06
5.574500926977889e-06
5.5745009365864455e-06
5.574500922762066e-06
5.574500928750306e-06
5.574500926462219e-06
5.57450093065186e-06
5.574500917154013e-06
5.57450093049464e-06
5.574500908715329e-06
5.574500932697367e-06
5.5745009307347955e-06
5.574500943780824e-06
5.574500931966505e-06
5.574500922819302e-06
5.5745009330439835e-06
5.574500922499657e-06
5.5752069597505575e-06
5.5752069597505575e-06
5.5752069563583574e-06
5.57520695807599e-06
5.575206958560262e-06
5.575206967798091e-06
5.5752069546986785e-06
5.575206960373978e-06
5.575206958230422e-06
5.575206962285481e-06
5.57520694905024e-06
5.575206962138821e-06
5.575206940237057e-06
5.575206964171262e-06
5.575206962416779e-06
5.5752069753861886e-06
5.575206963627724e-06
5.575206954749536e-06
5.57520696448209e-06
5.5752069542378435e-06
5.576248994717274e-06
5.576248994717274e-06
5.57624899108844e-06
5.5762489931831914e-06
5.576248993420732e-06
5.57624900205696e-06
5.576248990133646e-06
5.576248995300756e-06
5.57624899339204e-06
5.576248997229009e-06
5.576248984421452e-06
5.576248997099393e-06
5.576248975002237e-06
5.576248998854613e-06
5.576248997439582e-06
5.576249010273089e-06
5.576248998616108e-06
5.576248990173466e-06
5.5762489991081064e-06
5.5762489893511695e-06
5.57768148464624e-06
5.57768148464624e-06
5.577681480631735e-06
5.57768148334151e-06
5.577681483176514e-06
5.577681490830975e-06
5.577681480826609e-06
5.577681485163227e-06
5.577681483638635e-06
5.5776814871203315e-06
5.577681475015003e-06
5.577681487018371e-06
5.577681464610919e-06
5.577681488318637e-06
5.577681487462453e-06
5.577681500044045e-06
5.577681488580732e-06
5.577681480846626e-06
5.5776814884806156e-06
5.577681479519823e-06
5.579324630582769e-06
5.579324630582769e-06
5.5793246259426206e-06
5.5793246296506996e-06
5.579324628832027e-06
5.579324634891113e-06
5.579324628003947e-06
5.579324630988072e-06
5.579324630089965e-06
5.579324632996001e-06
5.579324622042678e-06
5.579324632938451e-06
5.579324610048932e-06
5.579324633493131e-06
5.579324633557444e-06
5.579324645652008e-06
5.579324634575818e-06
5.57932462798712e-06
5.579324633511513e-06
5.579324625846829e-06
5.580219462615278e-06
5.580219462615278e-06
5.580219456975961e-06
5.580219462280259e-06
5.5802194604155334e-06
5.580219463919228e-06
5.580219462022228e-06
5.580219462832494e-06
5.58021946294364e-06
5.580219464931872e-06
5.580219455851646e-06
5.580219464944161e-06
5.580219441339114e-06
5.5802194642883705e-06
5.580219465858833e-06
5.580219476974875e-06
5.580219466703721e-06
5.580219461934513e-06
5.5802194640899285e-06
5.580219458507334e-06
5.577187550062197e-06
5.577187550062197e-06
5.577187542912043e-06
5.577187550634693e-06
5.577187547182998e-06
5.577187546803784e-06
5.577187552482319e-06
5.577187549970505e-06
5.577187551629771e-06
5.577187552234063e-06
5.577187546070078e-06
5.5771875523491905e-06
5.577187527799259e-06
5.577187549813404e-06
5.577187553752187e-06
5.577187562882528e-06
5.5771875542996024e-06
5.577187552256982e-06
5.57718754931858e-06
5.57718754691488e-06
5.562019608072347e-06
5.562019608072347e-06
5.5620195989833955e-06
5.56201960982092e-06
5.562019604319974e-06
5.562019598911595e-06
5.562019614384835e-06
5.562019607524005e-06
5.56201961122407e-06
5.562019610061989e-06
5.562019607846741e-06
5.562019610302293e-06
5.5620195848771324e-06
5.562019605231829e-06
5.562019612433336e-06
5.56201961777037e-06
5.562019612512488e-06
5.562019613908108e-06
5.5620196044342e-06
5.562019606184908e-06
5.521059688631066e-06
5.521059688631066e-06
5.52105967808746e-06
5.521059691289727e-06
5.52105968422053e-06
5.521059674927315e-06
5.521059697925799e-06
5.521059687595365e-06
5.521059692956763e-06
5.5210596904923875e-06
5.5210596917359e-06
5.521059690810282e-06
5.521059665538796e-06
5.5210596835446e-06
5.521059693731226e-06
5.521059693230517e-06
5.521059693251156e-06
5.521059697080709e-06
5.521059682705979e-06
5.521059687754153e-06
5.456395549277485e-06
5.456395549277485e-06
5.456395539470019e-06
5.456395551551708e-06
5.456395545191679e-06
5.456395537557892e-06
5.456395557232951e-06
5.456395548090547e-06
5.456395552968938e-06
5.4563955512267935e-06
5.45639555208336e-06
5.456395551460606e-06
5.4563955283385115e-06
5.456395544499137e-06
5.456395554651428e-06
5.456395548882518e-06
5.4563955538829635e-06
5.456395556080253e-06
5.456395544193025e-06
5.456395548068521e-06
5.4115634448828006e-06
5.4115634448828006e-06
5.4115634375005095e-06
5.411563445739548e-06
5.411563441883331e-06
5.41156344032427e-06
5.411563448089224e-06
5.411563443986423e-06
5.41156344656438e-06
5.4115634470763e-06
5.411563443955206e-06
5.411563447121909e-06
5.411563426665737e-06
5.411563442762006e-06
5.411563449874411e-06
5.411563443050286e-06
5.411563449288603e-06
5.4115634469025235e-06
5.411563443195688e-06
5.41156344222441e-06
5.40269395224018e-06
5.40269395224018e-06
5.402693946242936e-06
5.402693952271269e-06
5.402693949862899e-06
5.4026939518382125e-06
5.40269395269826e-06
5.4026939515942865e-06
5.402693952782411e-06
5.4026939545681845e-06
5.402693948885529e-06
5.402693954515859e-06
5.402693935108575e-06
5.4026939518132335e-06
5.402693956875627e-06
5.402693951197352e-06
5.402693956515668e-06
5.402693951597202e-06
5.40269395256056e-06
5.402693948715882e-06
5.403531522942729e-06
5.403531522942729e-06
5.403531517168854e-06
5.403531522837799e-06
5.403531520666114e-06
5.403531523222955e-06
5.403531522951219e-06
5.403531522352219e-06
5.403531523302763e-06
5.403531525291558e-06
5.403531519144494e-06
5.4035315252251514e-06
5.403531505903197e-06
5.403531522820154e-06
5.4035315274963746e-06
5.403531522312385e-06
5.40353152719434e-06
5.403531521882576e-06
5.403531523598789e-06
5.403531519272068e-06
5.403863072358136e-06
5.403863072358136e-06
5.403863066585049e-06
5.403863072252229e-06
5.403863070081928e-06
5.4038630726427844e-06
5.403863072363953e-06
5.403863071770284e-06
5.403863072717772e-06
5.4038630747068834e-06
5.40386306854968e-06
5.403863074640711e-06
5.403863055305252e-06
5.403863072241807e-06
5.403863076907467e-06
5.403863071776282e-06
5.403863076609165e-06
5.403863071298507e-06
5.4038630730173695e-06
5.403863068685862e-06
     fun: 5.8007647869172685e-06
     jac: array([-8.60518412e-09,  3.10137693e-09,  1.34818379e-08, -2.03012291e-08,
       -6.94137725e-09,  3.33394610e-08, -4.25076792e-08,  2.38811879e-07,
        7.59791874e-08, -7.45333182e-08, -3.91490858e-08, -3.11879376e-08,
        4.79923301e-09, -7.43365831e-08,  2.09774385e-08, -4.19074127e-08,
        2.26998509e-08, -1.50162066e-07])
 message: 'Optimization terminated successfully.'
    nfev: 2580
     nit: 129
    njev: 129
  status: 0
 success: True
       x: array([ 0.56203802, -0.50960773, -0.45376426, -0.40482513,  0.25312083,
       -0.03245851,  0.11314548, -0.24847823,  0.56450688,  0.07438811,
        0.44555202, -0.51276388, -0.0438439 , -0.46376557,  0.10897297,
       -0.35802173,  0.24471644, -0.29378326])

========================================================

Final result:
0.5620380233771536
-0.5096077253442495
-0.45376425783565727
0.13377798660091772
0.13377798660091772
0.13377798660091772
-0.4048251320404167
0.2531208284245005
-0.0324585130043944
0.11314548325625866
-0.2484782302038244
0.5645068768570763
0.07438810767885996
0.07438810767885996
0.44555202234323454
-0.5127638816908398
-0.04384390093583816
-0.46376557293428416
-0.46376557293428416
0.10897296874238885
0.10897296874238885
0.10897296874238885
0.10897296874238885
0.10897296874238885
0.10897296874238885
-0.3580217298139579
0.24471644329467282
-0.29378326018244755
0.1326833705841638
0.1326833705841638
0.1326833705841638
