14.032060683
14.032060683
14.0320604211
14.0320602789
14.0320606221
14.0320607792
14.0320608727
14.032060833
14.0320608272
14.0320612248
14.0320605476
14.0320619028
14.0320614257
14.0320603629
14.0320620976
14.0320617497
14.0320628711
14.0320619807
14.0320618571
14.0320622123
14.0320638031
14.0320666927
14.0320606425
14.0320607803
14.0320606635
646020.248406
64596.5703746
6753.98787152
970.583438228
142.935782981
22.4689756363
12.6806349696
12.6806349696
12.6806347269
12.6806346206
12.6806349116
12.6806342606
12.6806343139
12.6806343357
12.6806343064
12.6806345272
12.680634317
12.6806342095
12.6806345467
12.6806341595
12.6806340689
12.68063468
12.6806344002
12.6806347931
12.6806346722
12.6806349134
12.6806348148
12.6806343375
12.6806346142
12.6806347134
12.6806348858
46231.3892295
4619.24478275
549.220508834
68.3626125671
13.6231748573
11.9135032368
11.9135032368
11.9135030329
11.9135029144
11.9135031875
11.913503015
11.9135031079
11.9135030508
11.913503071
11.9135032216
11.9135029115
11.9135033625
11.913503166
11.9135027408
11.9135030871
11.9135031475
11.9135030684
11.9135031033
11.9135029994
11.9135030428
11.9135026194
11.9135015261
11.9135031061
11.9135032539
11.9135032007
11911.3262755
1186.51970933
166.175619882
24.7894611897
10.8244804812
10.8244804812
10.8244804785
10.8244805363
10.8244804739
10.8244804123
10.8244804212
10.8244804313
10.8244806101
10.8244802684
10.8244803705
10.8244800621
10.8244800837
10.8244803208
10.8244797312
10.8244798903
10.8244791071
10.8244799655
10.8244798349
10.8244800828
10.8244796557
10.8244785024
10.8244804615
10.8244805755
10.8244804719
5293.62742529
526.337424726
59.6158204738
11.6194228754
10.2527736469
10.2527736469
10.2527738165
10.2527739793
10.2527736735
10.2527734075
10.2527733392
10.2527735198
10.2527737396
10.2527733225
10.2527735478
10.2527728961
10.252773252
10.2527736129
10.2527729355
10.2527731329
10.2527725464
10.2527731278
10.2527729929
10.2527731632
10.2527725709
10.2527711138
10.2527735701
10.2527735846
10.2527736265
3194.00963374
317.010982258
32.3484770903
10.0738914455
10.0738914455
10.0738913207
10.0738912682
10.0738914174
10.0738914207
10.0738915678
10.073891299
10.0738912552
10.0738910848
10.0738914494
10.0738906949
10.0738909113
10.0738917192
10.0738903537
10.0738908359
10.0738902133
10.0738908103
10.0738907109
10.0738908251
10.0738901361
10.0738885541
10.0738913295
10.0738912085
10.0738914198
1586.913613
155.866463239
18.681831023
9.48817536619
9.48817536619
9.48817541308
9.4881753925
9.48817537423
9.48817518423
9.48817533208
9.48817513575
9.48817500305
9.48817499349
9.48817537186
9.48817467091
9.48817479916
9.48817561058
9.4881742591
9.48817462202
9.48817377019
9.48817461412
9.48817464952
9.4881745543
9.48817370624
9.48817193566
9.48817533502
9.48817527513
9.48817536472
1299.16031369
128.579050177
14.5250855626
9.30755501056
9.30755501056
9.30755500438
9.30755499124
9.30755500867
9.30755491623
9.30755504956
9.30755479957
9.30755471154
9.30755457368
9.30755498882
9.30755407811
9.30755443726
9.30755514935
9.30755394634
9.30755424947
9.3075534414
9.30755416431
9.30755416792
9.30755410699
9.3075532251
9.30755143956
9.30755500992
9.30755501444
9.3075550154
1196.21405191
118.684618698
13.9901410908
9.19800716933
9.19800716933
9.19800720137
9.19800722717
9.19800717449
9.19800705713
9.19800715059
9.19800697533
9.19800691685
9.19800676361
9.19800715253
9.1980063803
9.19800653729
9.19800731397
9.19800587837
9.19800639776
9.19800564591
9.19800628351
9.19800629217
9.19800621722
9.19800531126
9.19800351726
9.19800715051
9.19800712651
9.19800716908
1206.38994555
119.996329204
14.2796345892
9.13376377503
9.13376377503
9.13376377659
9.13376379919
9.13376377371
9.1337636716
9.13376375058
9.13376358163
9.13376353947
9.13376335687
9.1337637472
9.13376292156
9.13376316733
9.13376392802
9.13376259568
9.1337629806
9.13376213839
9.13376290376
9.133762973
9.13376280947
9.13376187973
9.13376006309
9.13376371253
9.13376364305
9.13376376395
121.651206692
14.2220820621
9.04457549575
9.04457549575
9.0445754575
9.04457547596
9.04457548488
9.04457536931
9.04457538728
9.04457531377
9.04457528306
9.04457507817
9.04457551148
9.04457463953
9.04457488765
9.0445756877
9.04457431227
9.04457470445
9.04457386867
9.04457462399
9.04457468269
9.04457453144
9.0445735977
9.04457176881
9.04457548059
9.0445754105
9.0445754973
302.669743058
30.2584150883
9.0549204323
8.92228925625
8.92228925625
8.92228925851
8.92228927533
8.92228925647
8.92228917277
8.92228918544
8.92228907517
8.92228900785
8.92228884135
8.92228926394
8.92228840894
8.92228865374
8.92228941206
8.92228808716
8.9222884693
8.92228763376
8.92228838748
8.92228842638
8.92228830206
8.92228736872
8.92228552561
8.92228923158
8.92228913245
8.9222892562
99.2737872369
12.877164874
8.9059037859
8.9059037859
8.90590379565
8.90590380676
8.90590378805
8.90590372515
8.90590373886
8.90590361904
8.90590356567
8.90590336806
8.90590379572
8.90590292141
8.90590317872
8.90590391692
8.90590258398
8.90590302278
8.90590219546
8.90590298933
8.90590308151
8.90590287242
8.90590193715
8.90590009579
8.90590378368
8.90590371332
8.90590379079
170.773791049
17.5896759888
8.68868155152
8.68868155152
8.6886816122
8.68868153193
8.68868156414
8.68868146342
8.6886815131
8.68868140734
8.68868137404
8.68868119688
8.68868156687
8.68868081037
8.68868103222
8.68868169085
8.68868053231
8.6886808804
8.68868015836
8.68868082298
8.68868087436
8.68868072694
8.68867990529
8.68867831355
8.68868153919
8.68868146529
8.68868155239
39.1417876965
7.9954732061
7.9954732061
7.99547320171
7.99547325341
7.99547320472
7.99547322183
7.99547322397
7.99547319724
7.99547317846
7.99547312476
7.99547324522
7.99547301826
7.99547308375
7.99547329757
7.99547294953
7.99547303837
7.99547283176
7.99547302739
7.99547302892
7.99547296564
7.99547270079
7.99547224471
7.99547321401
7.99547320807
7.99547320414
14.8498839501
7.75299522472
7.75299522472
7.75299522199
7.75299525765
7.75299522332
7.75299529164
7.75299528409
7.75299530602
7.75299530815
7.75299533554
7.7529952761
7.75299543431
7.75299537528
7.75299526028
7.75299551494
7.75299540174
7.75299559959
7.75299540711
7.75299543063
7.7529954075
7.75299560324
7.75299596975
7.75299525654
7.75299526948
7.75299522733
10.9997624024
7.79362643402
7.79362643402
7.79362643291
7.79362644264
7.79362643247
7.79362652304
7.79362648901
7.79362653633
7.79362654914
7.79362661215
7.7936264566
7.7936268006
7.79362668354
7.79362643709
7.79362693574
7.79362675443
7.79362710697
7.79362678482
7.79362678125
7.79362680005
7.79362718386
7.7936279121
7.79362645755
7.79362649706
7.79362643597
21.7629738772
7.95378143122
7.79465280108
7.79465280108
7.79465279389
7.79465280853
7.79465279691
7.79465287295
7.79465286074
7.79465289999
7.7946529164
7.79465298035
7.79465282721
7.79465317257
7.79465305248
7.79465278801
7.79465331003
7.79465312831
7.79465348718
7.79465316264
7.79465315221
7.79465317833
7.79465357377
7.79465432349
7.79465283299
7.79465285396
7.7946528061
8.33844103444
7.82983119762
7.82983119762
7.82983119187
7.82983119535
7.82983119297
7.82983122303
7.82983121707
7.82983124162
7.82983124807
7.82983128453
7.8298311991
7.82983138066
7.82983131884
7.82983117636
7.82983145011
7.82983136106
7.82983154352
7.82983138248
7.82983137206
7.82983138887
7.82983160256
7.82983197216
7.82983120622
7.82983122262
7.82983119556
7.90785186284
7.79575700673
7.79575700673
7.79575700277
7.79575700322
7.79575700316
7.79575699667
7.79575699799
7.7957570034
7.79575700566
7.79575700942
7.79575699104
7.79575701774
7.79575701051
7.79575699106
7.79575702544
7.79575701744
7.79575703607
7.79575702529
7.79575701817
7.79575702347
7.79575705575
7.79575706624
7.79575700343
7.79575700589
7.7957570043
7.78565539453
7.78697492976
7.78697492976
7.78697492672
7.78697492712
7.78697492649
7.78697491935
7.78697492207
7.78697492374
7.78697492524
7.78697492294
7.78697491691
7.78697492257
7.78697491955
7.7869749201
7.7869749222
7.78697492189
7.78697492056
7.78697492778
7.78697492176
7.78697492432
7.78697493345
7.7869749
7.78697492625
7.78697492719
7.78697492717
7.78111676906
7.78449737075
7.78449737075
7.78449736838
7.78449736898
7.7844973676
7.78449736481
7.78449736813
7.78449736836
7.7844973695
7.78449736661
7.78449736212
7.78449736819
7.78449736303
7.78449736696
7.78449736782
7.78449736506
7.78449736513
7.78449737044
7.7844973651
7.78449736608
7.78449737686
7.78449734781
7.78449736936
7.78449736943
7.78449736879
7.7781197214
7.78166765452
7.78166765452
7.7816676526
7.78166765345
7.78166765148
7.78166765263
7.78166765637
7.78166765584
7.78166765652
7.78166765392
7.78166764961
7.78166765841
7.78166765057
7.78166765538
7.78166765916
7.78166765284
7.78166765722
7.7816676584
7.78166765363
7.78166765367
7.78166766841
7.78166764921
7.78166765507
7.7816676546
7.78166765296
7.78040044589
7.7811632947
7.7811632947
7.78116329276
7.7811632937
7.78116329169
7.7811632926
7.78116329636
7.78116329585
7.78116329641
7.7811632939
7.78116328978
7.78116329818
7.78116329068
7.78116329555
7.78116329906
7.78116329301
7.78116329734
7.78116329854
7.78116329385
7.78116329362
7.78116330815
7.78116328888
7.78116329525
7.78116329469
7.78116329311
7.78024457786
7.7807500604
7.7807500604
7.7807500584
7.78075005937
7.78075005735
7.78075005746
7.78075006117
7.78075006079
7.78075006132
7.78075005879
7.78075005488
7.78075006228
7.78075005551
7.78075006052
7.78075006295
7.78075005776
7.78075006111
7.78075006324
7.78075005854
7.78075005826
7.7807500716
7.78075005006
7.78075006061
7.78075006008
7.78075005875
7.78032405127
7.78059672314
     fun: 7.995598890570036
     jac: array([ 0.00222528,  0.00011402, -0.00058669,  0.01136672,  0.01246792,
        0.01108605,  0.00807351,  0.01156896,  0.00956279,  0.02445573,
        0.01560378,  0.01406068,  0.03157532,  0.01869851,  0.04092455,
        0.02005196,  0.0222224 ,  0.02047062,  0.04475707,  0.09402895,
        0.00493783,  0.00291228,  0.00165367])
 message: 'Optimization terminated successfully.'
    nfev: 682
     nit: 25
    njev: 25
  status: 0
 success: True
       x: array([ 0.45437906, -0.45204117, -0.42202208, -0.29876613,  0.22618393,
       -0.08474896,  0.12523583, -0.23086712,  0.57395738,  0.10795287,
       -0.11972986, -0.49076972,  0.09598508, -0.08916114,  0.13615337,
       -0.39904991,  0.35783271,  0.47169867, -0.66398129,  0.3977157 ,
       -0.38212156,  0.25990844, -0.29310568])

========================================================

Final result:
0.45437905882
-0.452041173101
-0.422022077181
0.139894730488
0.139894730488
0.139894730488
-0.29876613035
0.22618393486
-0.0847489586977
0.125235826244
-0.230867116183
0.573957383374
0.107952867795
0.107952867795
-0.119729864608
-0.490769716768
0.0959850780212
0.0959850780212
-0.0891611440912
0.13615337257
0.13615337257
-0.399049914182
0.357832706625
0.471698669721
-0.66398129008
-0.66398129008
0.397715700758
0.397715700758
0.397715700758
0.397715700758
-0.382121564526
0.259908443651
-0.293105678414
0.143473421234
0.143473421234
0.143473421234
