3.891694040587955e-05
3.891694040587955e-05
3.891693610609037e-05
3.891693437362169e-05
3.891693954163565e-05
3.891694927546227e-05
3.891695072657137e-05
3.891694701580016e-05
3.8916946452209904e-05
3.8916947649044676e-05
3.8916944705135454e-05
3.891694777114809e-05
3.891694695289658e-05
3.8916948958960875e-05
3.891694511795245e-05
3.891695966306483e-05
3.8916958151581254e-05
3.8916949596191696e-05
3.891696854933585e-05
3.891694242952532e-05
3.084528825935346e-05
3.084528825935346e-05
3.0845284116474156e-05
3.0845282529307824e-05
3.0845287424847466e-05
3.084529507305226e-05
3.0845296357435723e-05
3.084529292155091e-05
3.0845292289452604e-05
3.084529305267398e-05
3.0845291373335094e-05
3.084529317642775e-05
3.084529238976294e-05
3.084529385150279e-05
3.0845291863757616e-05
3.084530028549275e-05
3.0845299993153054e-05
3.084529416343162e-05
3.084530631912757e-05
3.0845289685712884e-05
2.4047649467928018e-05
2.4047649467928018e-05
2.404764567291036e-05
2.404764439543938e-05
2.4047648699362515e-05
2.404765212726197e-05
2.404765306033016e-05
2.4047650220681726e-05
2.404764946279339e-05
2.4047649359846136e-05
2.404765020141987e-05
2.4047649478625332e-05
2.4047648786437533e-05
2.4047649136155793e-05
2.4047650843728736e-05
2.404764711220184e-05
2.40476491625753e-05
2.4047648811251546e-05
2.4047647405987308e-05
2.4047649695966055e-05
2.3700333602767125e-05
2.3700333602767125e-05
2.3700329851515117e-05
2.370032860164637e-05
2.3700332842513174e-05
2.3700336108093008e-05
2.37003370137285e-05
2.370033423687146e-05
2.3700333486996485e-05
2.3700333361822772e-05
2.370033426254052e-05
2.37003334721228e-05
2.3700332813835817e-05
2.3700333110566834e-05
2.3700334905520742e-05
2.3700330942424605e-05
2.370033296024606e-05
2.3700332782471725e-05
2.3700331048778394e-05
2.370033379497482e-05
2.1923494973924878e-05
2.1923494973924878e-05
2.1923491415229906e-05
2.1923490274995356e-05
2.1923494250272603e-05
2.1923497184799278e-05
2.1923497987350002e-05
2.1923495473146493e-05
2.1923494783295776e-05
2.1923494649578577e-05
2.1923495543389312e-05
2.192349471458961e-05
2.192349422672043e-05
2.1923494382421818e-05
2.1923496170094645e-05
2.192349252693848e-05
2.1923494069932644e-05
2.1923494119512173e-05
2.1923492368016245e-05
2.1923495127662787e-05
1.5514782384345713e-05
1.5514782384345713e-05
1.551477969874173e-05
1.5514779048674564e-05
1.551478182675631e-05
1.5514783484982794e-05
1.5514783831379896e-05
1.5514782495653638e-05
1.5514782092459142e-05
1.5514781967925597e-05
1.5514782678697932e-05
1.5514781823785014e-05
1.551478211320516e-05
1.5514781692092553e-05
1.55147832200052e-05
1.5514781766068094e-05
1.5514781003158254e-05
1.5514781767633624e-05
1.5514780750161365e-05
1.551478243226299e-05
1.148136693675612e-05
1.148136693675612e-05
1.1481365665153517e-05
1.1481365806632472e-05
1.1481366648356272e-05
1.1481366313100735e-05
1.1481365926739158e-05
1.1481366484367844e-05
1.1481366550066222e-05
1.1481366444978508e-05
1.1481366822211831e-05
1.1481365963086738e-05
1.1481367493165826e-05
1.1481366179721765e-05
1.148136722062841e-05
1.1481369436776642e-05
1.1481364992879015e-05
1.148136680833758e-05
1.1481367189245442e-05
1.148136683248802e-05
1.1404106898823067e-05
1.1404106898823067e-05
1.1404105649756878e-05
1.1404105803110288e-05
1.1404106614953651e-05
1.140410627067926e-05
1.1404105876312837e-05
1.1404106450713083e-05
1.1404106525235701e-05
1.140410641322208e-05
1.1404106783458174e-05
1.1404105927996517e-05
1.1404107456948704e-05
1.1404106158659921e-05
1.1404107177584024e-05
1.1404109399849539e-05
1.1404104993939972e-05
1.1404106790441012e-05
1.1404107213640499e-05
1.1404106795556686e-05
1.1026135411848188e-05
1.1026135411848188e-05
1.1026134212303376e-05
1.1026134390257768e-05
1.102613513863872e-05
1.1026134817603635e-05
1.1026134415440793e-05
1.1026134988059312e-05
1.1026135084352932e-05
1.1026134930224767e-05
1.1026135297036045e-05
1.1026134444302112e-05
1.1026135908219169e-05
1.1026134722946934e-05
1.1026135677114677e-05
1.1026137676158931e-05
1.1026133656194166e-05
1.1026135339551307e-05
1.1026135822638283e-05
1.1026135313530265e-05
9.623639490901579e-06
9.623639490901579e-06
9.623638511012286e-06
9.623638797584253e-06
9.623639265255903e-06
9.623639053731342e-06
9.623638620788293e-06
9.623639170356065e-06
9.623639363217058e-06
9.623639008983939e-06
9.623639373910904e-06
9.623638523324632e-06
9.623639674681853e-06
9.62363901491491e-06
9.623639690902905e-06
9.623640573560874e-06
9.623638381707447e-06
9.623639550453953e-06
9.62364023228958e-06
9.62363941278105e-06
8.558965851759853e-06
8.558965851759853e-06
8.558965287796874e-06
8.55896577936614e-06
8.558965716176802e-06
8.558965710869143e-06
8.558965220704238e-06
8.55896572648157e-06
8.558966101355304e-06
8.558965367994104e-06
8.558965732945336e-06
8.558964884270756e-06
8.558965448249453e-06
8.55896576838012e-06
8.558965932064653e-06
8.558964715355854e-06
8.558965944423603e-06
8.558966142519733e-06
8.558967157756939e-06
8.558965813018496e-06
8.534872111534095e-06
8.534872111534095e-06
8.53487155722633e-06
8.534872052805017e-06
8.534871978013676e-06
8.534871978814739e-06
8.53487148819202e-06
8.534871994154538e-06
8.534872372571904e-06
8.53487163228219e-06
8.534871997358157e-06
8.534871149701802e-06
8.53487170706743e-06
8.534872032945223e-06
8.534872195258537e-06
8.534870967929523e-06
8.534872221034766e-06
8.534872397346871e-06
8.534873395079555e-06
8.534872075996769e-06
8.417003174140076e-06
8.417003174140076e-06
8.417002645771205e-06
8.41700315013138e-06
8.417003046092166e-06
8.41700306849008e-06
8.417002578946972e-06
8.417003088285144e-06
8.417003474529826e-06
8.417002721159516e-06
8.417003085124344e-06
8.417002244442617e-06
8.417002801385964e-06
8.417003101317989e-06
8.4170032833272e-06
8.417002129604597e-06
8.417003308535162e-06
8.417003425563238e-06
8.417004323250868e-06
8.41700315345901e-06
7.989243072982624e-06
7.989243072982624e-06
7.989242658951453e-06
7.98924320066377e-06
7.989242969044048e-06
7.989243089588424e-06
7.989242606462757e-06
7.989243131014976e-06
7.989243550324017e-06
7.98924274339866e-06
7.989243100428865e-06
7.989242294620759e-06
7.989242855843463e-06
7.98924302428596e-06
7.98924330121221e-06
7.989242518971023e-06
7.989243311446648e-06
7.989243166225614e-06
7.989243605578698e-06
7.989243120618729e-06
7.700576950961989e-06
7.700576950961989e-06
7.700576729685323e-06
7.700577332899087e-06
7.70057688770741e-06
7.70057717336119e-06
7.700576702962324e-06
7.700577250965856e-06
7.70057772372049e-06
7.7005768311365e-06
7.700577174301175e-06
7.700576432221765e-06
7.700576998157725e-06
7.70057694300185e-06
7.70057737902861e-06
7.700577230029528e-06
7.700577363223146e-06
7.700576778013718e-06
7.700576445828165e-06
7.700577113794168e-06
7.691032433934395e-06
7.691032433934395e-06
7.6910322159884e-06
7.691032818895628e-06
7.691032371426226e-06
7.69103265889686e-06
7.691032190506347e-06
7.691032736570748e-06
7.691033207988422e-06
7.69103231823289e-06
7.691032659306862e-06
7.691031922834291e-06
7.691032485422275e-06
7.691032426477307e-06
7.691032863527417e-06
7.691032725924177e-06
7.691032847297707e-06
7.691032257251764e-06
7.691031914166098e-06
7.691032598332404e-06
7.64162736280537e-06
7.64162736280537e-06
7.641627146575582e-06
7.641627742802968e-06
7.641627300890162e-06
7.641627584039809e-06
7.641627125200921e-06
7.641627659031532e-06
7.641628118950268e-06
7.641627251154819e-06
7.641627582465227e-06
7.641626870234333e-06
7.641627414488472e-06
7.641627354374682e-06
7.641627783642127e-06
7.641627652129096e-06
7.641627767158908e-06
7.641627188196405e-06
7.641626850947902e-06
7.641627525830707e-06
7.417982773577938e-06
7.417982773577938e-06
7.417982560887841e-06
7.4179831229747e-06
7.417982713536713e-06
7.417982971215834e-06
7.417982558658697e-06
7.4179830321733676e-06
7.417983434621083e-06
7.4179826760908445e-06
7.417982960228296e-06
7.417982364554073e-06
7.417982819113699e-06
7.417982759127282e-06
7.417983146433999e-06
7.41798302749014e-06
7.41798312913912e-06
7.417982615589443e-06
7.417982325883317e-06
7.417982926904429e-06
6.781496454068303e-06
6.781496454068303e-06
6.781496255431611e-06
6.781496667267293e-06
6.781496401937095e-06
6.781496546483677e-06
6.7814963368245515e-06
6.7814965455769e-06
6.781496695551956e-06
6.781496416848486e-06
6.781496494287356e-06
6.781496409140188e-06
6.781496470352668e-06
6.781496412753169e-06
6.781496614787036e-06
6.781496545487737e-06
6.7814965940662426e-06
6.781496370886017e-06
6.781496295364031e-06
6.781496563885247e-06
6.668219371726413e-06
6.668219371726413e-06
6.6682191818275e-06
6.668219498924238e-06
6.668219324555028e-06
6.668219397700957e-06
6.668219315836421e-06
6.668219357775018e-06
6.668219348731752e-06
6.668219372203961e-06
6.668219319517954e-06
6.668219555639505e-06
6.668219369349213e-06
6.668219313462386e-06
6.668219398622577e-06
6.668219360124373e-06
6.668219375950591e-06
6.668219335814818e-06
6.668219395644504e-06
6.668219454006988e-06
6.667726894227692e-06
6.667726894227692e-06
6.667726704378967e-06
6.6677270211697515e-06
6.667726847076708e-06
6.667726920035737e-06
6.667726838514167e-06
6.667726879981982e-06
6.667726870566583e-06
6.667726894724094e-06
6.667726841740665e-06
6.667727078471501e-06
6.667726891793039e-06
6.667726835948774e-06
6.667726920730711e-06
6.667726882402219e-06
6.66772689827922e-06
6.6677268584244265e-06
6.667726918540285e-06
6.667726976397236e-06
6.6652669889036915e-06
6.6652669889036915e-06
6.66526679925706e-06
6.66526711555226e-06
6.665266941810845e-06
6.665267014655457e-06
6.665266933473193e-06
6.665266974391488e-06
6.665266964846595e-06
6.665266989146816e-06
6.665266936073584e-06
6.6652671723948794e-06
6.6652669864595e-06
6.665266930758028e-06
6.665267014939027e-06
6.665266977315248e-06
6.665266993631407e-06
6.665266953086116e-06
6.66526701302536e-06
6.665267070844234e-06
6.653080286903553e-06
6.653080286903553e-06
6.6530800982799235e-06
6.65308041215477e-06
6.653080240102343e-06
6.653080312432176e-06
6.65308023288319e-06
6.653080271141925e-06
6.653080261031534e-06
6.6530802858921995e-06
6.653080232432163e-06
6.653080466567963e-06
6.653080284449967e-06
6.653080229438186e-06
6.653080310700127e-06
6.65308027663568e-06
6.65308029508245e-06
6.653080250980564e-06
6.653080309936915e-06
6.653080367728241e-06
6.594893191860488e-06
6.594893191860488e-06
6.594893008316452e-06
6.5948933102455886e-06
6.594893146505326e-06
6.594893216314514e-06
6.594893144832231e-06
6.5948931699588585e-06
6.594893157064222e-06
6.594893184667203e-06
6.594893129320481e-06
6.594893352648641e-06
6.594893189369392e-06
6.594893137742619e-06
6.594893204658281e-06
6.5948931881369115e-06
6.5948932170302234e-06
6.594893155416519e-06
6.5948932095297975e-06
6.594893267185983e-06
6.366354202366508e-06
6.366354202366508e-06
6.3663540428628425e-06
6.366354288547988e-06
6.366354163847025e-06
6.366354221850735e-06
6.3663541883763376e-06
6.3663541516435595e-06
6.366354125654787e-06
6.3663541660844175e-06
6.366354101965902e-06
6.366354274333969e-06
6.366354199691056e-06
6.366354163928552e-06
6.36635416360045e-06
6.366354229412959e-06
6.366354307225962e-06
6.366354163481707e-06
6.36635419489993e-06
6.3663542518271394e-06
6.124191097066169e-06
6.124191097066169e-06
6.124190997850328e-06
6.1241911034824185e-06
6.1241910756611775e-06
6.124191104476776e-06
6.124191165739398e-06
6.124190974869784e-06
6.12419091632583e-06
6.124190988401063e-06
6.124190902830068e-06
6.124190948041635e-06
6.124191093891712e-06
6.124191097382481e-06
6.1241909306653474e-06
6.12419120054368e-06
6.124191399268489e-06
6.124191052145104e-06
6.124191027429914e-06
6.124191082210918e-06
6.122935282795779e-06
6.122935282795779e-06
6.12293518416147e-06
6.122935289427666e-06
6.122935261528304e-06
6.122935290474798e-06
6.122935352078019e-06
6.122935160705995e-06
6.12293510212759e-06
6.122935173991925e-06
6.122935088754532e-06
6.122935133373902e-06
6.122935279579143e-06
6.12293528292285e-06
6.122935116824228e-06
6.1229353862804735e-06
6.122935584421214e-06
6.122935237900228e-06
6.122935213416988e-06
6.12293526786234e-06
6.116754997025832e-06
6.116754997025832e-06
6.116754900532726e-06
6.116755005777032e-06
6.116754976227438e-06
6.116755006209983e-06
6.116755068294657e-06
6.116754876401143e-06
6.116754818073625e-06
6.1167548884653e-06
6.116754805184507e-06
6.116754848479091e-06
6.116754993603153e-06
6.116754995697198e-06
6.1167548348730825e-06
6.116755099551339e-06
6.1167552931839094e-06
6.11675495233684e-06
6.116754929749218e-06
6.116754982534869e-06
6.087503704942964e-06
6.087503704942964e-06
6.0875036189529645e-06
6.087503724173215e-06
6.087503686442582e-06
6.087503721537481e-06
6.087503785928052e-06
6.087503591580266e-06
6.087503534514943e-06
6.087503597632328e-06
6.087503523996967e-06
6.087503560860283e-06
6.087503700506321e-06
6.087503696422734e-06
6.087503561680651e-06
6.08750380269185e-06
6.08750397405253e-06
6.087503661274929e-06
6.08750364805607e-06
6.087503692672752e-06
5.9779588483007424e-06
5.9779588483007424e-06
5.977958811185027e-06
5.97795891624775e-06
5.977958840492095e-06
5.97795889933572e-06
5.977958974446973e-06
5.977958768734688e-06
5.977958717569181e-06
5.977958746826241e-06
5.977958718060193e-06
5.977958725034484e-06
5.977958839147701e-06
5.977958806325011e-06
5.977958792955875e-06
5.977958923809646e-06
5.977958991559223e-06
5.977958809383692e-06
5.977958839751311e-06
5.977958846361788e-06
5.890686272688156e-06
5.890686272688156e-06
5.8906863306765315e-06
5.890686435284423e-06
5.8906862856798755e-06
5.890686390611273e-06
5.890686486564483e-06
5.890686258888682e-06
5.8906862192775095e-06
5.890686182621314e-06
5.890686241117696e-06
5.890686190032815e-06
5.890686254363964e-06
5.8906861656470306e-06
5.890686388440367e-06
5.890686304893914e-06
5.890686171130758e-06
5.89068624301568e-06
5.890686358160419e-06
5.890686290837584e-06
5.889972006783872e-06
5.889972006783872e-06
5.889972065147502e-06
5.8899721696046465e-06
5.889972019853076e-06
5.889972124841043e-06
5.889972220857141e-06
5.889971993245648e-06
5.889971953754213e-06
5.8899719168133e-06
5.8899719756051365e-06
5.889971924393192e-06
5.889971988430014e-06
5.889971899521741e-06
5.889972123229787e-06
5.8899720387924035e-06
5.889971904338329e-06
5.889971977147541e-06
5.889972092589019e-06
5.889972024997287e-06
5.88642102183043e-06
5.88642102183043e-06
5.886421080141576e-06
5.886421183842798e-06
5.886421034864782e-06
5.886421139191693e-06
5.88642123509799e-06
5.886421008265095e-06
5.886420969143969e-06
5.88642093211385e-06
5.886420990609525e-06
5.8864209399475376e-06
5.886421003514724e-06
5.886420914785418e-06
5.886421138276153e-06
5.8864210537289965e-06
5.886420919914475e-06
5.886420992187332e-06
5.886421107390494e-06
5.886421039955433e-06
5.868946199013572e-06
5.868946199013572e-06
5.8689462569064e-06
5.868946356844488e-06
5.868946211840117e-06
5.8689463127997195e-06
5.8689464081243085e-06
5.8689461852049786e-06
5.8689461479096935e-06
5.868946110542961e-06
5.868946167418715e-06
5.868946119591758e-06
5.868946180903134e-06
5.8689460931572695e-06
5.86894631517209e-06
5.868946230436527e-06
5.868946100139245e-06
5.868946169321503e-06
5.868946283197814e-06
5.868946216665977e-06
5.788244715707774e-06
5.788244715707774e-06
5.7882447715367425e-06
5.788244853035157e-06
5.788244727512988e-06
5.7882448119700915e-06
5.78824490443854e-06
5.7882447007013414e-06
5.78824467235698e-06
5.788244633341693e-06
5.7882446822642065e-06
5.788244648339888e-06
5.788244698604707e-06
5.788244615684158e-06
5.788244830421326e-06
5.788244744806497e-06
5.7882446317666204e-06
5.78824468577443e-06
5.788244793138212e-06
5.788244731046173e-06
5.526481753438085e-06
5.526481753438085e-06
5.52648179996304e-06
5.526481798383928e-06
5.526481760640648e-06
5.526481770766267e-06
5.5264818503525e-06
5.526481733048961e-06
5.526481745059692e-06
5.5264816985783395e-06
5.526481711648854e-06
5.526481740376081e-06
5.526481740875145e-06
5.526481679689483e-06
5.526481861566222e-06
5.526481772068232e-06
5.526481736759329e-06
5.526481722417366e-06
5.526481800442069e-06
5.5264817583729855e-06
5.431164615391663e-06
5.431164615391663e-06
5.431164652365461e-06
5.43116456558309e-06
5.431164617871882e-06
5.431164551802267e-06
5.431164618148303e-06
5.431164589511933e-06
5.431164642966936e-06
5.4311645887487674e-06
5.431164565011999e-06
5.431164658022787e-06
5.4311646074880085e-06
5.4311645685821335e-06
5.4311647166173965e-06
5.43116462329058e-06
5.43116466765671e-06
5.431164583255271e-06
5.4311646311964785e-06
5.431164609701698e-06
5.4310179166272e-06
5.4310179166272e-06
5.431017953586126e-06
5.4310178667515134e-06
5.431017919102621e-06
5.431017853024402e-06
5.431017919333951e-06
5.43101789077391e-06
5.431017944310866e-06
5.43101789000832e-06
5.431017866211119e-06
5.431017959290242e-06
5.431017908729393e-06
5.431017869825953e-06
5.431018017700447e-06
5.4310179245247305e-06
5.43101796889488e-06
5.4310178844896505e-06
5.431017932418704e-06
5.431017910975506e-06
5.430313003439627e-06
5.430313003439627e-06
5.430313040361274e-06
5.430312953597057e-06
5.43031300590945e-06
5.430312940085026e-06
5.430313006263465e-06
5.430312977740073e-06
5.430313031525662e-06
5.430312976831045e-06
5.430312952874848e-06
5.430313046045488e-06
5.4303129955529416e-06
5.430312956574909e-06
5.430313103776663e-06
5.4303130113720145e-06
5.430313055451936e-06
5.430312971300651e-06
5.430313019286034e-06
5.4303129980209084e-06
5.426830082666073e-06
5.426830082666073e-06
5.426830119402704e-06
5.426830032994103e-06
5.426830085108319e-06
5.426830020551899e-06
5.4268300860780875e-06
5.426830057731984e-06
5.426830112752097e-06
5.426830056106961e-06
5.426830031361945e-06
5.426830124983785e-06
5.426830074834426e-06
5.426830035483863e-06
5.426830179339259e-06
5.426830090772562e-06
5.426830133403259e-06
5.426830050520096e-06
5.4268300987875916e-06
5.426830078407631e-06
5.410417786861303e-06
5.410417786861303e-06
5.410417822688313e-06
5.410417738028638e-06
5.410417789168086e-06
5.410417730848628e-06
5.410417793164886e-06
5.410417765691811e-06
5.410417826780835e-06
5.410417760545421e-06
5.410417731922847e-06
5.41041782776163e-06
5.410417779300351e-06
5.410417738117978e-06
5.410417865516961e-06
5.410417795823991e-06
5.4104178313279024e-06
5.410417754681122e-06
5.410417804335699e-06
5.410417788309457e-06
5.350488491664032e-06
5.350488491664032e-06
5.350488523287596e-06
5.350488446711347e-06
5.350488493345404e-06
5.350488463858142e-06
5.350488511326681e-06
5.350488487894954e-06
5.350488577023076e-06
5.350488466472084e-06
5.350488419935973e-06
5.350488526011696e-06
5.350488485354348e-06
5.350488435706853e-06
5.35048848704666e-06
5.350488504583935e-06
5.350488507150245e-06
5.350488459326941e-06
5.3504885153908555e-06
5.350488519490435e-06
5.308892954157941e-06
5.308892954157941e-06
5.308892978666629e-06
5.308892915776124e-06
5.308892954782251e-06
5.308892974124018e-06
5.308892996423135e-06
5.308892979850575e-06
5.308893116420803e-06
5.3088929308680695e-06
5.308892854025647e-06
5.308892977407093e-06
5.308892949966997e-06
5.308892885991242e-06
5.308892808561939e-06
5.3088929737772314e-06
5.308892920583335e-06
5.308892921558281e-06
5.308892988468977e-06
5.308893026651571e-06
5.3085199347077635e-06
5.3085199347077635e-06
5.308519959187012e-06
5.308519896356702e-06
5.308519935329232e-06
5.3085199548999745e-06
5.3085199770570375e-06
5.3085199605315814e-06
5.308520097280324e-06
5.308519911425415e-06
5.308519834472328e-06
5.308519957903651e-06
5.3085199305263956e-06
5.3085198664914e-06
5.30851978850002e-06
5.308519954356094e-06
5.30851990092234e-06
5.308519902110038e-06
5.308519969063733e-06
5.308520007404922e-06
5.306703444230862e-06
5.306703444230862e-06
5.30670346872218e-06
5.306703405886789e-06
5.306703444861916e-06
5.306703464486995e-06
5.306703486493805e-06
5.30670347005201e-06
5.306703606629863e-06
5.30670342094356e-06
5.306703344116794e-06
5.306703467408267e-06
5.30670344005004e-06
5.306703376039551e-06
5.306703298117477e-06
5.306703463874525e-06
5.306703410488824e-06
5.306703411648975e-06
5.306703478574748e-06
5.306703516947536e-06
5.297662367103771e-06
5.297662367103771e-06
5.297662391669712e-06
5.297662328781379e-06
5.297662367784862e-06
5.297662387582857e-06
5.297662408889935e-06
5.29766239285218e-06
5.29766252848092e-06
5.297662343787889e-06
5.297662267653099e-06
5.297662390211195e-06
5.297662362921377e-06
5.297662299062213e-06
5.297662221745782e-06
5.297662386710547e-06
5.297662333677297e-06
5.297662334601523e-06
5.297662401365928e-06
5.297662439827755e-06
5.253320239915426e-06
5.253320239915426e-06
5.2533202648535254e-06
5.253320201699812e-06
5.253320240845509e-06
5.253320261494862e-06
5.253320279325814e-06
5.253320265296615e-06
5.2533203961958264e-06
5.253320216457004e-06
5.2533201437695515e-06
5.253320262676705e-06
5.253320235724834e-06
5.253320172620976e-06
5.253320098340273e-06
5.253320259337555e-06
5.2533202080673575e-06
5.25332020780936e-06
5.253320273769135e-06
5.253320312667119e-06
5.052321328662963e-06
5.052321328662963e-06
5.052321355413771e-06
5.052321290967997e-06
5.052321330806083e-06
5.052321355603129e-06
5.052321356497701e-06
5.052321352254551e-06
5.052321460109471e-06
5.052321304510405e-06
5.052321248619355e-06
5.052321349738256e-06
5.05232132443249e-06
5.052321265009212e-06
5.052321205521738e-06
5.052321347185355e-06
5.052321304506233e-06
5.052321298487441e-06
5.052321360526374e-06
5.052321401546017e-06
4.46781913865932e-06
4.46781913865932e-06
4.467819173316413e-06
4.467819103239142e-06
4.467819146094718e-06
4.467819188991053e-06
4.467819115985116e-06
4.467819154441772e-06
4.467819161745638e-06
4.4678191114793616e-06
4.467819128875326e-06
4.467819152379066e-06
4.467819134255261e-06
4.467819090893086e-06
4.46781909595591e-06
4.46781915325599e-06
4.467819148063169e-06
4.467819116908477e-06
4.467819161837905e-06
4.467819212100513e-06
4.347473703363609e-06
4.347473703363609e-06
4.347473742535406e-06
4.347473669248684e-06
4.3474737138234525e-06
4.347473767069172e-06
4.347473651814194e-06
4.347473714681181e-06
4.347473664501504e-06
4.347473674455174e-06
4.34747373374493e-06
4.3474737128800814e-06
4.347473698860992e-06
4.347473664682805e-06
4.347473706650674e-06
4.347473715716237e-06
4.347473731954052e-06
4.347473686430552e-06
4.3474737215764815e-06
4.347473777100411e-06
4.347347664341623e-06
4.347347664341623e-06
4.347347703510172e-06
4.347347630232043e-06
4.347347674801715e-06
4.34734772805427e-06
4.347347612779571e-06
4.3473476756567225e-06
4.3473476254518575e-06
4.347347635434674e-06
4.347347694739474e-06
4.347347673858025e-06
4.347347659839648e-06
4.34734762566758e-06
4.347347667654223e-06
4.34734767669351e-06
4.347347692940995e-06
4.3473476474122116e-06
4.347347682551623e-06
4.3473477380550775e-06
4.346837086454817e-06
4.346837086454817e-06
4.346837125594286e-06
4.346837052368274e-06
4.3468370969075555e-06
4.346837150164865e-06
4.3468370349115115e-06
4.346837097770172e-06
4.346837047602544e-06
4.34683705756018e-06
4.346837116821249e-06
4.346837095982747e-06
4.346837081956303e-06
4.346837047788782e-06
4.346837089764491e-06
4.34683709880934e-06
4.346837115044304e-06
4.34683706952994e-06
4.346837104664498e-06
4.346837160050441e-06
4.34429239713941e-06
4.34429239713941e-06
4.344292436133487e-06
4.344292363167996e-06
4.344292407555314e-06
4.344292460836118e-06
4.344292345690774e-06
4.344292408456285e-06
4.344292358476538e-06
4.344292368306422e-06
4.344292427347731e-06
4.344292406725191e-06
4.3442923926582145e-06
4.3442923585131636e-06
4.344292400433185e-06
4.344292409507183e-06
4.344292425679048e-06
4.344292380237088e-06
4.344292415347769e-06
4.3442924701464444e-06
4.331739278942482e-06
4.331739278942482e-06
4.331739317212327e-06
4.33173924554455e-06
4.331739289174889e-06
4.3317393425725834e-06
4.331739227965502e-06
4.331739290266907e-06
4.3317392412230194e-06
4.331739250416573e-06
4.3317393083633e-06
4.331739288816366e-06
4.331739274547564e-06
4.331739240514453e-06
4.331739282157004e-06
4.331739291376305e-06
4.331739307233818e-06
4.331739262152527e-06
4.331739297144192e-06
4.331739349017931e-06
4.273110033399408e-06
4.273110033399408e-06
4.273110068114961e-06
4.273110002816057e-06
4.273110042731266e-06
4.273110096701686e-06
4.273109984737608e-06
4.2731100447607375e-06
4.2731100003097494e-06
4.273110006380526e-06
4.27311005895578e-06
4.273110044686938e-06
4.273110029427912e-06
4.273109995944264e-06
4.273110036224903e-06
4.2731100461573525e-06
4.273110060472162e-06
4.273110017161009e-06
4.27311005156857e-06
4.273110089088861e-06
4.069220309095662e-06
4.069220309095662e-06
4.069220327673132e-06
4.069220291291141e-06
4.0692203143384165e-06
4.069220370905249e-06
4.069220270947637e-06
4.069220320624e-06
4.069220297026023e-06
4.069220288919161e-06
4.069220317108494e-06
4.06922032680045e-06
4.069220307046548e-06
4.069220276058273e-06
4.0692203101548225e-06
4.069220323324967e-06
4.069220330635921e-06
4.069220295361934e-06
4.0692203271169055e-06
4.069220299474851e-06
3.96006010432416e-06
3.96006010432416e-06
3.960060103905869e-06
3.960060101560885e-06
3.960060104753211e-06
3.960060164367397e-06
3.96006007855598e-06
3.960060116047807e-06
3.9600601169942195e-06
3.960060092201404e-06
3.960060091692376e-06
3.960060129579785e-06
3.960060104537597e-06
3.960060076487848e-06
3.9600601033041376e-06
3.960060120284802e-06
3.9600601193529005e-06
3.960060093539471e-06
3.960060122170987e-06
3.96006001784483e-06
3.959971252926621e-06
3.959971252926621e-06
3.959971252499017e-06
3.959971250170475e-06
3.9599712533528045e-06
3.95997131295964e-06
3.959971227168907e-06
3.959971264649112e-06
3.959971265606506e-06
3.959971240807612e-06
3.9599712402900944e-06
3.959971278183235e-06
3.9599712531409564e-06
3.959971225093941e-06
3.959971251905513e-06
3.959971268887574e-06
3.959971267952807e-06
3.959971242144253e-06
3.9599712707730755e-06
3.959971166425896e-06
3.95961083733478e-06
3.95961083733478e-06
3.959610836902272e-06
3.959610834581206e-06
3.959610837757175e-06
3.9596108973204895e-06
3.95961081160219e-06
3.959610849051026e-06
3.959610850009406e-06
3.959610825216791e-06
3.959610824719913e-06
3.9596108625796865e-06
3.959610837548614e-06
3.959610809508833e-06
3.9596108363128e-06
3.9596108532934694e-06
3.959610852362505e-06
3.959610826557527e-06
3.959610855179688e-06
3.959610750895985e-06
3.957814154074544e-06
3.957814154074544e-06
3.957814153617898e-06
3.95781415133349e-06
3.9578141544780975e-06
3.957814213823945e-06
3.9578141284673666e-06
3.957814165759614e-06
3.957814166722461e-06
3.95781414196153e-06
3.9578141415682905e-06
3.957814179260885e-06
3.9578141542858574e-06
3.957814126282152e-06
3.957814153048235e-06
3.957814170021942e-06
3.957814169110122e-06
3.957814143322818e-06
3.957814171911845e-06
3.957814067946721e-06
3.948944633183989e-06
3.948944633183989e-06
3.948944632607111e-06
3.948944630505273e-06
3.948944633493693e-06
3.948944691756045e-06
3.948944608201578e-06
3.948944644713749e-06
3.9489446456988476e-06
3.948944621095763e-06
3.948944621218872e-06
3.948944658078529e-06
3.948944633382753e-06
3.948944605558789e-06
3.9489446321361035e-06
3.948944649075167e-06
3.948944648258684e-06
3.948944622559462e-06
3.9489446509834285e-06
3.948944548605497e-06
3.907368530014215e-06
3.907368530014215e-06
3.907368528846775e-06
3.907368527641655e-06
3.907368529862974e-06
3.9073685828040314e-06
3.9073685081001055e-06
3.9073685407811565e-06
3.907368541875497e-06
3.907368518047717e-06
3.907368520706716e-06
3.907368553475622e-06
3.9073685301513165e-06
3.907368503210109e-06
3.907368528860403e-06
3.907368545629157e-06
3.907368545280909e-06
3.9073685200143625e-06
3.907368547627579e-06
3.9073684530448215e-06
3.7596769665048565e-06
3.7596769665048565e-06
3.759676962646575e-06
3.7596769655272555e-06
3.759676964253363e-06
3.759676992948265e-06
3.7596769585713426e-06
3.759676973796092e-06
3.7596769753882814e-06
3.7596769550931115e-06
3.7596769693065048e-06
3.7596769834362688e-06
3.7596769663610324e-06
3.7596769434421784e-06
3.7596769648684545e-06
3.7596769808611607e-06
3.7596769826464673e-06
3.7596769593513846e-06
3.7596769832703986e-06
3.7596769242061377e-06
3.671214504446723e-06
3.671214504446723e-06
3.6712144972119692e-06
3.6712145052195184e-06
3.6712144995598243e-06
3.671214497830308e-06
3.6712145140562083e-06
3.671214507376516e-06
3.6712145095934136e-06
3.671214493731222e-06
3.67121452244275e-06
3.6712145131840883e-06
3.6712145039504598e-06
3.6712144860790743e-06
3.6712145022049277e-06
3.671214517223616e-06
3.6712145216860994e-06
3.671214500865076e-06
3.6712145201483687e-06
3.671214505653592e-06
3.6712073999384684e-06
3.6712073999384684e-06
3.6712073927036576e-06
3.6712074007113157e-06
3.6712073950515207e-06
3.6712073933208986e-06
3.671207409548568e-06
3.6712074028680513e-06
3.6712074050849927e-06
3.6712073892231395e-06
3.6712074179347023e-06
3.671207408675432e-06
3.671207399442266e-06
3.6712073815712328e-06
3.6712073976968254e-06
3.6712074127152714e-06
3.6712074171778085e-06
3.6712073963570988e-06
3.6712074156400304e-06
3.6712074011472746e-06
3.6711792012848914e-06
3.6711792012848914e-06
3.6711791940503106e-06
3.671179202057452e-06
3.6711791963981576e-06
3.6711791946685104e-06
3.6711792108942875e-06
3.671179204214317e-06
3.671179206431351e-06
3.671179190570263e-06
3.6711792192789248e-06
3.6711792100215666e-06
3.6711792007890608e-06
3.67117918291871e-06
3.6711791990441306e-06
3.6711792140615474e-06
3.6711792185237928e-06
3.671179197704131e-06
3.6711792169862213e-06
3.6711792024941593e-06
3.671038269413039e-06
3.671038269413039e-06
3.671038262180045e-06
3.6710382701845433e-06
3.6710382645275156e-06
3.671038262802673e-06
3.6710382790189694e-06
3.6710382723417282e-06
3.6710382745591847e-06
3.67103825870194e-06
3.671038287396086e-06
3.6710382781483115e-06
3.6710382689190883e-06
3.671038251052156e-06
3.671038267176689e-06
3.671038282189044e-06
3.6710382866498334e-06
3.6710382658353383e-06
3.6710382851132576e-06
3.671038270624608e-06
3.6703347491096564e-06
3.6703347491096564e-06
3.6703347418843112e-06
3.6703347498756643e-06
3.670334744230126e-06
3.6703347425293654e-06
3.6703347586982985e-06
3.670334752034692e-06
3.670334754254292e-06
3.6703347384162416e-06
3.6703347670378546e-06
3.6703347578379473e-06
3.670334748625133e-06
3.670334730775286e-06
3.67033474689539e-06
3.6703347618824716e-06
3.6703347663359544e-06
3.6703347455472747e-06
3.6703347648043325e-06
3.670334750332744e-06
3.6668481625749806e-06
3.6668481625749806e-06
3.6668481553876663e-06
3.666848163313482e-06
3.6668481577253184e-06
3.6668481561445677e-06
3.6668481720773464e-06
3.666848165481697e-06
3.6668481677120258e-06
3.6668481519696563e-06
3.6668481802295252e-06
3.6668481712684016e-06
3.6668481621374186e-06
3.6668481443727364e-06
3.6668481604707902e-06
3.6668481753317944e-06
3.666848179748833e-06
3.6668481590889326e-06
3.66684817824198e-06
3.666848163855438e-06
3.6501669665296823e-06
3.6501669665296823e-06
3.6501669595298745e-06
3.650166967132447e-06
3.6501669618272714e-06
3.650166960838558e-06
3.6501669756065035e-06
3.6501669693460987e-06
3.65016697162932e-06
3.6501669563588758e-06
3.650166982834578e-06
3.650166975051103e-06
3.650166966323756e-06
3.6501669489791614e-06
3.650166964968475e-06
3.6501669792075955e-06
3.650166983444903e-06
3.6501669634201787e-06
3.6501669820602423e-06
3.6501669680931417e-06
3.583727930404706e-06
3.583727930404706e-06
3.5837279242793466e-06
3.583727930374969e-06
3.5837279263887987e-06
3.5837279281598747e-06
3.5837279374978666e-06
3.583727932800196e-06
3.583727935329956e-06
3.583727922259498e-06
3.5837279404180745e-06
3.5837279381243754e-06
3.5837279312785763e-06
3.5837279158923096e-06
3.583727931374638e-06
3.583727942714779e-06
3.583727946114297e-06
3.5837279290505103e-06
3.5837279452992272e-06
3.583727933287444e-06
3.5076903727446988e-06
3.5076903727446988e-06
3.5076903683292477e-06
3.5076903714783002e-06
3.5076903700711803e-06
3.507690377238579e-06
3.5076903759591223e-06
3.5076903743171367e-06
3.5076903773289703e-06
3.5076903685602387e-06
3.507690370455941e-06
3.5076903788966783e-06
3.507690375729933e-06
3.5076903641728753e-06
3.5076903786638984e-06
3.507690384335532e-06
3.507690386096844e-06
3.5076903748227023e-06
3.507690386395539e-06
3.507690378207078e-06
     fun: 3.82491960569354e-06
     jac: array([ 5.71424152e-09, -1.30830813e-09, -1.17015020e-08,  7.87122190e-09,
       -1.13675469e-09,  1.22818733e-08,  3.85506382e-09, -3.88117769e-08,
       -4.19743174e-08,  9.41270173e-09,  1.18995729e-07, -1.22385188e-07,
        1.64737912e-08, -2.89302875e-08,  1.89723437e-08,  2.85281828e-07,
       -7.10464860e-08,  1.20404593e-08])
 message: 'Optimization terminated successfully.'
    nfev: 1440
     nit: 72
    njev: 72
  status: 0
 success: True
       x: array([ 0.52754643, -0.4870295 , -0.45048101, -0.40676441,  0.25673305,
       -0.00643175,  0.10952446,  0.11240086,  0.65492037,  0.02435974,
       -0.39122039,  0.05024964, -0.5331389 ,  0.10800991,  0.01030084,
       -0.27116573,  0.07294643, -0.58593723])

========================================================

Final result:
0.5275464276455942
-0.4870294978865697
-0.45048101000486956
0.13665469341528166
0.13665469341528166
0.13665469341528166
-0.4067644087112421
0.25673304593973806
-0.006431751848402554
0.10952446471806275
0.11240086194337051
0.6549203661627824
0.024359737280777494
-0.39122039149626586
0.05024963918783437
-0.533138900897842
0.10800990762525088
0.10800990762525088
0.10800990762525088
0.010300838792167678
0.010300838792167678
-0.2711657337479836
0.07294643075104862
0.07294643075104862
0.07294643075104862
-0.5859372273041293
0.42299960606006604
