25.4837383025
25.4837383025
25.483735552
25.4837373313
25.4837370747
25.4837371751
25.4837374625
25.4837362869
25.4837367473
25.4837376865
25.4837362775
25.4837375042
25.4837381171
25.4837390591
25.483739112
25.4837384489
274612.088782
27451.8629423
2735.92854781
369.950282733
53.3184860098
23.464104135
23.464104135
23.4641068837
23.4641049403
23.4641044452
23.4641046004
23.4641045197
23.4641036501
23.4641051162
23.4641042783
23.4641036701
23.4641040828
23.4641043181
23.4641049731
23.4641050205
23.4641042981
35717.9415638
4018.50488267
729.477855407
136.512567149
26.4111041458
17.527969884
17.527969884
17.5279721966
17.527970666
17.5279706425
17.5279708276
17.5279707008
17.5279703205
17.5279718277
17.5279703083
17.5279708044
17.5279701351
17.5279702133
17.5279701555
17.5279697625
17.5279699285
13099.0575356
1304.88505273
149.884821774
22.6525487914
16.5807708161
16.5807708161
16.5807738611
16.5807717992
16.5807716096
16.5807717958
16.5807713899
16.5807714296
16.5807719649
16.5807711425
16.5807719767
16.5807711336
16.5807710006
16.580770919
16.5807704475
16.5807708247
2752.3252595
312.943981361
49.447708723
14.4631841418
14.4631841418
14.4631875184
14.4631853305
14.4631855338
14.4631858992
14.4631850679
14.4631856512
14.4631857003
14.4631849824
14.4631859033
14.4631854535
14.4631843666
14.4631844073
14.4631843664
14.463184198
5761.59162445
569.75013575
79.7029221314
15.5249224913
12.5030530211
12.5030530211
12.5030573105
12.5030544784
12.5030545513
12.5030545366
12.5030541787
12.5030549576
12.5030552174
12.5030539597
12.5030552168
12.5030543553
12.5030533489
12.5030528951
12.5030528143
12.5030529956
1774.16072229
174.589939748
20.2853050063
11.9868768559
11.9868768559
11.9868813362
11.9868784078
11.9868785821
11.986878721
11.9868780715
11.9868790215
11.9868791635
11.9868777342
11.9868791577
11.9868780347
11.9868771731
11.9868766389
11.9868766329
11.9868768094
346.814146534
35.7784685474
12.1882872124
11.9419209248
11.9419209248
11.9419254045
11.9419224775
11.9419226532
11.9419228184
11.9419221479
11.9419230592
11.9419232317
11.9419218316
11.9419231666
11.9419221598
11.9419212463
11.9419206649
11.9419206514
11.9419208674
81.376923811
12.5718725231
10.9639185832
10.9639185832
10.9639225501
10.9639199662
10.9639201508
10.9639202451
10.9639196861
10.9639206135
10.9639206159
10.9639194335
10.9639206501
10.9639196518
10.9639189047
10.963918363
10.9639182524
10.9639185407
148.643666093
15.7939122615
10.1529366497
10.1529366497
10.1529398752
10.1529377774
10.1529379527
10.1529380115
10.1529375539
10.1529383801
10.1529383436
10.1529373216
10.152938422
10.1529375706
10.1529367377
10.1529364026
10.1529363062
10.1529366012
214.6122681
21.1341202967
8.98881841214
8.98881841214
8.98881997637
8.98881896567
8.98881910246
8.9888191167
8.9888188869
8.98881944227
8.98881921189
8.98881883648
8.9888195192
8.98881888827
8.98881850227
8.98881807259
8.98881812321
8.98881833943
63.5441024851
10.2941539383
7.54371448065
7.54371448065
7.54371327705
7.54371408667
7.54371415236
7.54371405166
7.54371418722
7.54371436677
7.5437138454
7.54371430758
7.54371431092
7.54371429189
7.54371437649
7.54371418569
7.54371422892
7.54371442029
12.2714450246
7.37996935055
7.37996935055
7.37996787437
7.37996886128
7.37996883347
7.37996871087
7.37996894702
7.37996882882
7.37996854275
7.3799690625
7.37996875592
7.3799689699
7.37996922761
7.37996923396
7.37996928515
7.37996931981
8.12163990842
7.0914668464
7.0914668464
7.09146677296
7.09146681364
7.09146674358
7.09146672486
7.09146679193
7.09146664421
7.09146679367
7.0914667784
7.09146662986
7.09146670915
7.09146684391
7.0914669027
7.09146691107
7.0914668493
7.21095914393
7.03510356827
7.03510356827
7.03510343328
7.03510352849
7.03510351274
7.03510351381
7.03510353471
7.03510345884
7.0351035255
7.03510353101
7.03510347706
7.0351035123
7.03510356695
7.03510360099
7.0351035879
7.03510357041
7.10907422376
7.04024693518
7.04024693518
7.04024675448
7.0402468849
7.04024688745
7.04024688926
7.04024689346
7.04024686627
7.04024685702
7.04024690548
7.04024688502
7.04024691183
7.04024692666
7.04024694909
7.0402469363
7.04024693214
7.02802275409
7.03236596969
7.03236596969
7.0323659743
7.03236597842
7.03236596986
7.03236596832
7.03236596389
7.03236595398
7.03236596339
7.0323659635
7.03236596481
7.03236597112
7.03236597073
7.03236598215
7.03236597638
7.03236596695
7.02396340999
7.02889072872
7.02889072872
7.02889074049
7.02889074008
7.02889073407
7.02889073205
7.02889072888
7.02889072087
7.0288907364
7.02889072544
7.02889073354
7.02889073072
7.02889073166
7.02889073694
7.02889072882
7.02889072496
7.02672859046
7.0280929953
7.0280929953
7.02809299311
7.02809300255
7.02809299851
7.02809299689
7.02809299411
7.02809298659
7.02809300068
7.02809299127
7.02809300051
7.02809299581
7.0280929978
7.02809300144
7.02809299207
7.02809299119
7.02655516461
7.02731903068
7.02731903068
7.02731902475
7.02731903657
7.02731903235
7.02731903123
7.02731902753
7.02731902015
7.0273190309
7.02731902587
7.02731903359
7.02731903108
7.02731903234
7.02731903748
7.02731902887
7.02731902673
7.02720533669
     fun: 7.320537883407482
     jac: array([ 0.09973472,  0.03476793,  0.03632301,  0.05118006,  0.02105749,
        0.03063238,  0.03087753,  0.01761895,  0.03132892,  0.02227134,
        0.00154668,  0.01267755,  0.01056832,  0.00230777])
 message: 'Optimization terminated successfully.'
    nfev: 364
     nit: 20
    njev: 20
  status: 0
 success: True
       x: array([ 0.37425794, -0.55210243, -0.13243809,  0.18082889, -0.25213452,
        0.73474382,  0.16123243,  0.63973657, -0.4920341 , -0.47056927,
       -0.55524888, -0.6098268 ,  0.35097893, -0.19033347])

========================================================

Final result:
0.374257941052
0.374257941052
-0.552102432307
0.374257941052
-0.132438086626
0.180828888708
-0.252134515697
0.734743824718
0.161232432974
0.161232432974
0.639736570562
-0.492034102374
-0.470569272419
-0.555248881882
0.453979318212
-0.609826800853
0.350978929377
-0.190333472096
0.149727114524
0.149727114524
0.149727114524
