8.52906347645
8.52906347645
8.52906333042
8.52906322425
8.52906344804
8.52906283826
8.52906291157
8.52906275146
8.52906272178
8.5290629619
8.52906248505
8.52906250475
8.52906308854
8.52906239175
8.52906295053
8.52906337459
8.52906374016
8.52906381195
8.52906353005
33943.15208
7446.51602404
1631.03650595
354.690253427
74.7312952905
14.2421688444
5.34544368655
5.34544368655
5.34544342672
5.34544332886
5.3454436364
5.34544407126
5.3454441548
5.34544387325
5.34544387799
5.34544387693
5.34544364818
5.34544418941
5.34544369967
5.34544356211
5.34544356582
5.34544369983
5.34544392353
5.34544400027
5.34544373506
4442.39568511
963.747185197
207.499205287
43.2106184526
8.18272045022
3.42525873755
3.42525873755
3.4252587236
3.42525878116
3.42525873464
3.42525938189
3.42525934482
3.42525935625
3.42525943962
3.4252592224
3.42525936323
3.42525979847
3.42525895028
3.42525940316
3.42525886633
3.42525880342
3.42525869529
3.42525864981
3.42525872707
727.943587412
85.1139866594
10.0273903403
3.32974927546
3.32974927546
3.32974916266
3.32974917174
3.32974925317
3.3297500641
3.32975006758
3.32974998288
3.32975005385
3.32974976184
3.32975003457
3.32975020277
3.32974959396
3.3297500835
3.32974964866
3.32974936986
3.32974917845
3.32974912634
3.32974925365
346.621847108
34.1925966161
4.28213967754
3.25736538988
3.25736538988
3.25736532169
3.25736534315
3.25736537612
3.2573661654
3.25736616117
3.2573661175
3.25736619912
3.25736592735
3.25736615659
3.25736643604
3.25736576859
3.25736619488
3.25736586106
3.25736550167
3.25736532232
3.25736528552
3.25736537451
226.536189706
22.2490320485
3.57214437532
3.18106147321
3.18106147321
3.18106138729
3.18106137262
3.18106145609
3.18106225475
3.18106228372
3.18106219933
3.18106222095
3.18106203212
3.18106228856
3.18106259716
3.18106184871
3.18106236741
3.18106192074
3.18106158417
3.18106136699
3.18106130171
3.18106144999
246.1826999
24.132279897
3.65315888749
3.08941136025
3.08941136025
3.08941130635
3.08941132443
3.08941134965
3.08941219064
3.08941220776
3.08941213257
3.08941216845
3.08941192461
3.08941223516
3.08941246858
3.0894117386
3.08941229998
3.08941181333
3.08941147113
3.08941128049
3.08941124337
3.08941134359
41.8473542664
4.92799794612
2.98640298208
2.98640298208
2.9864029355
2.98640296913
2.98640297311
2.98640380984
2.98640380568
2.98640375103
2.98640377294
2.986403543
2.9864038711
2.98640408168
2.98640336076
2.98640387287
2.98640343989
2.98640309328
2.98640284306
2.98640284142
2.98640295348
28.022624105
4.12754130818
2.81616662871
2.81616662871
2.81616657128
2.81616661413
2.81616661634
2.81616732624
2.81616728219
2.81616731784
2.81616735245
2.81616712384
2.81616746529
2.81616758955
2.81616696727
2.81616747067
2.81616704521
2.81616672679
2.81616649731
2.81616650772
2.81616660257
39.6258083295
7.29463107968
2.20584851288
2.20584851288
2.20584863691
2.20584872195
2.20584853703
2.2058483912
2.20584830698
2.20584847292
2.20584846426
2.20584845476
2.20584859772
2.20584833943
2.20584852603
2.2058486534
2.20584861621
2.2058485092
2.20584838201
2.20584832441
2.20584848543
16.2899372325
2.54236635498
2.13208826564
2.13208826564
2.13208841972
2.1320884651
2.13208829539
2.13208803834
2.13208798303
2.13208814777
2.13208814534
2.13208814938
2.13208827288
2.13208797427
2.13208824142
2.13208831453
2.13208832535
2.13208825185
2.13208813538
2.13208809116
2.13208823853
4.37040192423
1.91497803795
1.91497803795
1.91497810967
1.91497813617
1.91497805125
1.91497765662
1.9149776437
1.9149777207
1.91497770049
1.9149777966
1.91497774674
1.91497752173
1.91497791843
1.91497775553
1.91497792625
1.91497801102
1.91497801471
1.91497801535
1.9149780327
2.99296971979
1.74916445104
1.74916445104
1.74916441086
1.7491643794
1.74916444305
1.74916429385
1.74916432166
1.74916426682
1.74916424518
1.74916432846
1.74916420658
1.74916422791
1.74916435808
1.74916417155
1.74916432933
1.74916442796
1.74916453128
1.74916456349
1.74916446751
1.81616696173
1.69323914839
1.69323914839
1.69323912681
1.69323910718
1.69323914413
1.69323914546
1.6932391537
1.693239124
1.69323912293
1.69323913814
1.69323909246
1.69323914145
1.69323912955
1.69323908344
1.69323910768
1.693239147
1.69323918048
1.6932391955
1.69323915445
2.15316016651
1.67430166634
1.67430166634
1.6743016575
1.67430165549
1.67430166436
1.67430170786
1.67430171327
1.6743017014
1.67430171004
1.67430169495
1.67430169477
1.6743017303
1.67430167543
1.67430169422
1.67430166694
1.67430167052
1.67430167118
1.67430167024
1.67430166669
1.66461761908
1.66461761908
1.66461762365
1.66461762498
1.66461761994
1.6646176316
1.6646176266
1.66461763287
1.66461763063
1.66461762775
1.66461764584
1.66461762883
1.66461763193
1.66461764518
1.66461764139
1.66461762286
1.66461761128
1.66461760563
1.66461761722
1.75733768074
1.66088067257
1.66088067257
1.66088067832
1.66088068133
1.66088067362
1.66088067549
1.66088067035
1.66088067803
1.66088067494
1.66088067485
1.66088069127
1.66088066895
1.66088068197
1.66088069326
1.66088069492
1.66088067407
1.66088066201
1.66088066007
1.66088067012
1.65375853963
1.65375853963
1.65375854413
1.65375854651
1.65375854041
1.65375852535
1.65375852321
1.65375852792
1.65375852979
1.65375853185
1.65375852727
1.6537585252
1.65375853205
1.6537585286
1.65375852796
1.65375853718
1.6537585395
1.65375853843
1.65375853923
1.65001693719
1.65001693719
1.65001693284
1.65001693032
1.65001693628
1.65001694062
1.65001694392
1.65001693769
1.65001693849
1.65001693851
1.65001693445
1.65001693966
1.65001693755
1.6500169335
1.65001693632
1.6500169374
1.6500169403
1.65001694204
1.65001693759
1.64657004438
1.64657004438
1.6465700439
1.64657004417
1.64657004433
1.646570047
1.64657004712
1.64657004667
1.64657004725
1.64657004714
1.64657004497
1.64657005239
1.6465700434
1.6465700443
1.64657004018
1.64657004414
1.64657004618
1.6465700468
1.64657004474
1.64636743078
1.64636743078
1.64636742991
1.64636742931
1.64636743065
1.64636742966
1.64636743018
1.64636742922
1.64636742931
1.64636742912
1.64636742864
1.64636742609
1.64636743052
1.6463674289
1.64636743151
1.64636743073
1.64636743088
1.64636743051
1.64636743078
1.64629254344
1.64629254344
1.64629254383
1.64629254388
1.64629254355
1.64629254357
1.64629254355
1.64629254384
1.64629254349
1.64629254384
1.64629254447
1.64629254392
1.64629254405
1.64629254451
1.64629254461
1.64629254364
1.64629254298
1.64629254307
1.64629254336
1.64623985076
1.64623985076
1.64623985105
1.64623985132
1.64623985085
1.64623985105
1.64623985072
1.64623985125
1.64623985114
1.64623985114
1.6462398517
1.64623985152
1.64623985093
1.64623985164
1.64623985099
1.6462398508
1.64623985044
1.64623985053
1.64623985071
1.64621631768
1.64621631768
1.646216318
1.64621631807
1.64621631776
1.64621631752
1.64621631751
1.64621631765
1.64621631762
1.64621631787
1.64621631767
1.64621631835
1.64621631771
1.64621631777
1.64621631762
1.64621631768
1.64621631773
1.64621631764
1.64621631769
1.64621326629
1.64621326629
1.64621326613
1.64621326614
1.64621326627
1.64621326635
1.64621326632
1.64621326627
1.64621326633
1.64621326615
1.64621326629
1.64621326591
1.64621326618
1.64621326621
1.64621326613
1.64621326625
1.64621326624
1.6462132663
1.64621326628
1.6462105328
1.6462105328
1.64621053263
1.6462105326
1.64621053278
1.64621053286
1.64621053287
1.64621053278
1.64621053284
1.64621053271
1.64621053274
1.64621053253
1.64621053278
1.64621053269
1.6462105328
1.6462105328
1.64621053282
1.64621053286
1.64621053281
1.64620782004
1.64620782004
1.64620782
1.64620781996
1.64620782003
1.6462078201
1.64620782017
1.64620782003
1.64620782
1.64620782
1.64620782003
1.64620781992
1.64620782002
1.64620782005
1.64620782002
1.64620782004
1.64620782003
1.64620782001
1.64620782004
     fun: 1.6462078200407557
     jac: array([-0.00249207, -0.00529952, -0.00044736,  0.00417902,  0.00863497,
       -0.00064911, -0.00293045, -0.00276369, -0.00085467, -0.00817482,
       -0.00157461,  0.00035444, -0.00151466, -0.00038192, -0.00093563,
       -0.0022881 , -0.00010806])
 message: 'Optimization terminated successfully.'
    nfev: 549
     nit: 27
    njev: 27
  status: 0
 success: True
       x: array([ 0.45927009, -0.44655261, -0.41202307, -0.45205762,  0.23048851,
        0.43222835, -0.02707466, -0.50616124,  0.39114307,  0.14118562,
        0.7109272 , -0.44667533, -0.49214848, -0.91889403, -0.45493242,
        0.28500429, -0.05928352])

========================================================

Final result:
0.459270093778
-0.446552608711
-0.412023071765
0.133101862233
0.133101862233
0.133101862233
-0.452057624753
0.230488509905
0.432228353155
-0.0270746629395
-0.506161239588
0.391143067781
0.141185624598
0.141185624598
0.710927199579
-0.446675332964
-0.492148476314
-0.918894032244
0.397926494593
0.397926494593
-0.454932421506
0.285004285898
-0.0592835190783
0.0764038848954
0.0764038848954
0.0764038848954
