36.3626090862
36.3626090862
36.3626080936
36.3626077887
36.3626088924
36.3626112344
36.3626115118
36.3626105909
36.3626104784
36.3626106381
36.3626100188
36.3626121069
36.3626108258
36.3626100336
36.3626095295
224153.119629
22393.0198142
3026.03246527
561.952009926
103.541672955
28.4123697381
28.4123697381
28.4123688282
28.4123687205
28.4123695553
28.4123692961
28.4123692983
28.4123688336
28.4123686825
28.4123683659
28.4123691449
28.4123666052
28.4123685318
28.4123692172
28.412369422
26517.9236124
3097.59667016
564.498922842
104.260929372
24.2685109769
24.2685109769
24.2685114255
24.2685120832
24.2685110576
24.2685091935
24.2685085725
24.26850969
24.2685099652
24.2685095362
24.2685101221
24.2685080648
24.2685095253
24.2685100732
24.2685106007
1706.44516912
166.203890804
27.1793477809
23.3131942259
23.3131942259
23.3131947687
23.3131953466
23.3131943306
23.3131923109
23.3131918176
23.3131927615
23.3131928484
23.3131926843
23.3131933052
23.3131912809
23.3131925209
23.3131933463
23.3131937693
1496.46604496
147.291705202
25.1253947212
22.8589330949
22.8589330949
22.8589337812
22.8589344018
22.8589332313
22.858931253
22.8589307641
22.8589316706
22.8589318199
22.8589314739
22.8589321965
22.8589298677
22.8589313596
22.8589322137
22.8589326697
1537.60468338
150.319437188
24.5921236677
22.1555766807
22.1555766807
22.155577377
22.1555778944
22.1555768186
22.1555746616
22.1555742366
22.1555751361
22.1555752576
22.1555750573
22.1555756459
22.1555734103
22.1555750974
22.1555755742
22.1555762331
1169.18135951
113.780013863
22.7085879257
21.4058346182
21.4058346182
21.4058353541
21.4058358036
21.4058347609
21.4058324822
21.4058320501
21.405833055
21.4058332353
21.4058329267
21.4058336374
21.4058312477
21.4058328506
21.405833645
21.4058341831
295.427867823
34.1934754019
21.2093484167
21.2093484167
21.2093491468
21.2093495902
21.2093485585
21.209346338
21.2093459089
21.2093468862
21.20934711
21.2093467407
21.2093473944
21.2093451415
21.2093465467
21.2093473057
21.2093479982
224.336677858
29.5735982684
18.5045848649
18.5045848649
18.5045855378
18.504585858
18.5045849963
18.5045831628
18.5045828419
18.5045836301
18.5045838563
18.5045835529
18.5045840024
18.5045822789
18.5045834336
18.5045840727
18.5045842855
386.435759787
48.6467767573
12.811699901
12.811699901
12.8117001493
12.8117000365
12.8116999521
12.8117000242
12.8117001027
12.8117000956
12.8117000551
12.8117001943
12.8117000816
12.8117005893
12.8117001037
12.8116999886
12.81169992
58.7867331615
13.3434395735
11.954154022
11.954154022
11.954154065
11.9541538752
11.9541540313
11.9541546657
11.9541549528
11.9541546185
11.954154573
11.9541547801
11.9541544317
11.9541556445
11.9541547175
11.9541544144
11.9541541792
71.8703221855
12.823521642
11.6734077298
11.6734077298
11.6734077332
11.6734074624
11.6734077356
11.6734085596
11.6734087897
11.6734084253
11.6734083535
11.6734085802
11.6734081846
11.673409534
11.6734085365
11.6734081912
11.6734079188
13.669938238
10.724192989
10.724192989
10.7241928433
10.7241927675
10.7241929636
10.7241932602
10.7241933228
10.7241931478
10.7241931243
10.7241931378
10.7241931037
10.7241932955
10.7241931763
10.72419311
10.7241930456
11.7218425949
10.5435174786
10.5435174786
10.5435173867
10.5435173772
10.5435174622
10.5435175646
10.5435175697
10.5435175055
10.5435175013
10.543517491
10.5435175011
10.5435174931
10.5435175143
10.54351751
10.5435175023
10.5848010918
10.525631375
10.525631375
10.5256313581
10.525631375
10.5256313728
10.525631407
10.525631394
10.5256313898
10.5256314017
10.5256313942
10.525631387
10.5256314302
10.5256314052
10.5256313932
10.5256313913
10.5117608716
10.516914223
10.516914223
10.5169142126
10.5169142259
10.516914223
10.5169142355
10.516914225
10.5169142207
10.5169142315
10.5169142236
10.5169142242
10.5169142399
10.5169142314
10.5169142307
10.5169142302
10.5008166216
10.5100071669
10.5100071669
10.5100071554
10.5100071659
10.5100071663
10.5100071731
10.510007164
10.5100071574
10.5100071668
10.5100071578
10.5100071639
10.5100071624
10.5100071654
10.51000717
10.5100071706
10.5063494036
10.5080663096
10.5080663096
10.5080662984
10.5080663098
10.508066309
10.5080663212
10.5080663115
10.5080663063
10.5080663163
10.508066308
10.508066311
10.5080663208
10.5080663157
10.508066316
10.5080663157
10.5084691341
10.5082487505
10.5082487505
10.5082487393
10.5082487506
10.5082487499
10.5082487625
10.508248753
10.5082487474
10.5082487572
10.5082487492
10.5082487521
10.5082487626
10.5082487568
10.5082487571
10.5082487568
10.5079643618
10.5081240978
     fun: 10.848170585848836
     jac: array([ 0.00257206,  0.00954068,  0.00039208, -0.01730239, -0.02741849,
       -0.01463163, -0.01185453, -0.01647031, -0.00840962, -0.03444099,
       -0.0162127 , -0.00982571, -0.00449681])
 message: 'Optimization terminated successfully.'
    nfev: 325
     nit: 19
    njev: 19
  status: 0
 success: True
       x: array([ 0.72911584, -0.58344025, -0.5381312 , -0.61006551,  0.32459061,
        0.19209933,  0.07970118, -0.15064297,  0.59931069,  0.06958241,
       -0.83567756, -0.55367383, -0.57532113])

========================================================

Final result:
0.729115844062
-0.583440251751
-0.538131195173
0.130818534287
0.130818534287
0.130818534287
-0.610065514653
0.324590606121
0.192099334497
0.0797011826912
-0.150642973187
0.599310688732
0.0695824119299
0.0695824119299
-0.835677559195
-0.55367382763
-0.575321134026
0.390514372788
