17.8203133123
17.8203133123
17.8203127486
17.8203125734
17.820313196
17.8203118349
17.8203119733
17.8203116072
17.8203115894
17.8203118741
17.8203111643
17.82031038
17.8203122262
17.8203110603
17.8203125004
17.8203124628
17.8203124159
17.8203129645
17.8203129793
17.8203123545
17.8203134752
17.8203135621
17.8203133349
263397.442816
26329.9627539
3069.50075284
536.371359042
95.8787317852
19.1710456395
14.119210393
14.119210393
14.1192098039
14.119209594
14.1192102718
14.119210633
14.1192108422
14.1192103556
14.1192103267
14.1192105671
14.119209912
14.1192109522
14.119210507
14.1192098548
14.1192103766
14.119210649
14.1192102892
14.1192104749
14.1192107415
14.1192107533
14.1192106476
14.1192107312
14.1192104353
19240.7282115
2327.51189641
411.174250903
74.0422997385
14.9251954504
11.0905264112
11.0905264112
11.0905262797
11.0905264035
11.090526379
11.0905269282
11.0905268961
11.090526907
11.0905270522
11.0905268494
11.0905267796
11.0905274547
11.0905266059
11.0905269275
11.0905264934
11.0905265951
11.0905265046
11.090526485
11.090526673
11.0905266265
11.0905263788
11.0905262717
11.0905263939
2752.83377373
272.262589232
31.7609359136
10.7111628134
10.7111628134
10.71116303
10.711163294
10.7111628509
10.7111632389
10.7111631201
10.7111633973
10.7111636297
10.7111634315
10.7111632347
10.7111641395
10.7111633403
10.7111633175
10.7111632156
10.7111634168
10.7111632764
10.7111630878
10.7111633771
10.711163563
10.7111629891
10.7111629908
10.7111628441
4347.67843191
431.831524765
47.4976812977
10.903071237
10.1592616258
10.1592616258
10.1592617392
10.1592618898
10.1592616454
10.159262317
10.1592623187
10.1592623514
10.1592624466
10.1592622978
10.1592623207
10.1592630033
10.1592621848
10.159262493
10.1592621421
10.1592621697
10.1592623215
10.1592619049
10.1592620949
10.1592622825
10.1592617684
10.1592617381
10.1592616533
1838.21634249
181.39289908
20.2824216874
9.74932757011
9.74932757011
9.74932778967
9.74932789604
9.74932761195
9.74932820423
9.74932824428
9.74932832868
9.7493282614
9.74932841758
9.74932845954
9.74932948465
9.74932821225
9.74932869222
9.74932802143
9.74932823261
9.74932808649
9.74932781582
9.74932803796
9.74932846321
9.74932761507
9.74932753491
9.74932758053
2118.68444331
210.10482597
21.2534562604
9.53551555466
9.53551555466
9.53551586808
9.53551602464
9.535515617
9.53551641941
9.53551642794
9.53551650866
9.5355165451
9.53551645791
9.5355165727
9.53551752038
9.53551619419
9.53551665696
9.5355159787
9.53551615848
9.53551602784
9.53551574949
9.53551589874
9.53551639121
9.53551578319
9.53551586439
9.53551560604
1514.31111486
149.511235757
15.7090426838
9.22390609061
9.22390609061
9.22390637512
9.22390652417
9.22390614628
9.22390705912
9.22390702229
9.22390715825
9.22390723313
9.22390705391
9.22390726346
9.2239080747
9.22390684912
9.22390727549
9.22390659547
9.22390685825
9.22390660275
9.22390634611
9.22390652832
9.22390714847
9.22390610995
9.22390617816
9.22390609461
1824.53589072
181.725440248
19.4815394254
9.19406771827
9.19406771827
9.19406802243
9.19406815846
9.19406777716
9.19406863832
9.19406859118
9.19406878096
9.19406884696
9.19406875974
9.19406886176
9.19406994946
9.19406850909
9.19406883802
9.19406831804
9.19406838325
9.1940684155
9.19406796761
9.19406803534
9.19406857898
9.1940677453
9.19406782683
9.19406772343
397.904132308
39.5985522717
9.45908580521
9.09068147243
9.09068147243
9.09068176711
9.09068188922
9.09068152876
9.09068239712
9.09068233
9.09068256235
9.09068262704
9.09068252698
9.09068268266
9.09068371134
9.09068228977
9.09068266811
9.09068208065
9.09068216879
9.09068212665
9.0906817541
9.09068184918
9.09068231937
9.09068152362
9.0906816103
9.09068148486
228.839675871
23.8314667188
9.15086595175
9.04533422536
9.04533422536
9.04533455476
9.04533467463
9.04533429062
9.04533517787
9.04533513167
9.04533531162
9.04533535597
9.04533528183
9.04533541464
9.04533646784
9.04533505067
9.04533540291
9.04533483934
9.04533492504
9.0453348708
9.04533451653
9.04533461325
9.04533505438
9.04533427017
9.04533433242
9.04533423606
127.951107084
14.6858352701
8.96034918438
8.96034918438
8.96034949738
8.96034960554
8.96034924579
8.9603501109
8.96035004158
8.96035025405
8.96035032226
8.96035022224
8.96035034174
8.96035137391
8.96035000103
8.96035036987
8.96034978868
8.9603498704
8.96034982181
8.96034945399
8.96034951841
8.96035001966
8.96034926698
8.9603492672
8.96034920376
37.769965885
8.8764919769
8.6904464173
8.6904464173
8.69044670031
8.69044680455
8.69044647396
8.69044723763
8.69044712938
8.69044735198
8.69044738183
8.69044730542
8.69044746437
8.69044830372
8.69044709884
8.69044742967
8.69044692464
8.69044700087
8.69044699013
8.69044664148
8.69044671794
8.69044712974
8.69044648968
8.69044647621
8.69044643715
50.7591482019
8.60262381909
8.11193020745
8.11193020745
8.11193044408
8.11193045979
8.1119302539
8.11193061729
8.11193059767
8.11193073421
8.11193077989
8.11193070267
8.11193082138
8.11193124608
8.11193058853
8.11193081792
8.11193048973
8.11193053073
8.11193055271
8.11193032012
8.11193035123
8.11193058237
8.11193022939
8.11193023054
8.11193021419
87.0554124553
10.6262147904
7.91904009838
7.91904009838
7.91904024991
7.91904033225
7.91904012752
7.91904036647
7.91904031634
7.91904043869
7.91904045948
7.919040415
7.919040515
7.91904075071
7.919040355
7.91904052034
7.91904029069
7.91904030533
7.91904032887
7.9190401679
7.9190401577
7.9190403217
7.91904010152
7.91904010936
7.91904010064
21.0825713697
7.81585274699
7.81585274699
7.81585280851
7.81585280705
7.81585275918
7.81585262293
7.81585258689
7.81585264191
7.81585264098
7.81585262874
7.8158526774
7.81585248769
7.81585265116
7.81585267897
7.81585271166
7.81585263885
7.81585271085
7.81585272651
7.81585265436
7.81585263834
7.81585272415
7.81585272481
7.81585274245
14.5525369733
7.79754414863
7.79754414863
7.79754413365
7.79754412893
7.7975441438
7.79754384894
7.79754386155
7.79754385562
7.797543847
7.7975438601
7.79754387953
7.79754351976
7.79754392574
7.79754385593
7.79754401234
7.7975439269
7.79754399964
7.79754407244
7.79754400825
7.79754390379
7.79754413033
7.79754411111
7.797544145
19.5655519122
7.87637685011
7.77698206249
7.77698206249
7.77698203472
7.77698201301
7.77698205594
7.77698174973
7.77698174974
7.77698173712
7.77698172417
7.77698174627
7.77698174419
7.77698137362
7.77698181977
7.7769817331
7.77698190553
7.77698182557
7.77698189324
7.77698197243
7.77698191977
7.77698179602
7.77698203846
7.77698203068
7.77698205654
7.78065512993
7.70891383742
7.70891383742
7.70891379285
7.70891377466
7.70891382688
7.70891377555
7.70891378943
7.70891375197
7.70891374803
7.70891376214
7.70891373837
7.70891368298
7.70891377556
7.70891373535
7.70891379567
7.70891378373
7.70891378201
7.70891381455
7.70891381844
7.70891378241
7.70891383821
7.70891383629
7.70891383529
7.72139279027
7.68816399364
7.68816399364
7.68816396385
7.68816395581
7.68816398616
7.68816399145
7.68816400126
7.68816397598
7.6881639766
7.6881639836
7.68816396429
7.68816397592
7.68816398092
7.68816396629
7.68816398343
7.68816398319
7.68816397585
7.68816398797
7.68816400105
7.68816398985
7.6881639966
7.68816399566
7.68816399244
7.68375243927
7.68295503957
7.68295503957
7.68295503462
7.68295503967
7.68295503708
7.6829550364
7.68295503677
7.68295503391
7.68295503995
7.68295503685
7.68295503223
7.68295503427
7.68295503301
7.68295503774
7.68295503745
7.6829550315
7.6829550353
7.68295503437
7.68295504367
7.68295503704
7.68295503877
7.68295503736
7.68295503787
7.68360525179
7.68288876423
7.68288876423
7.68288876088
7.68288876598
7.68288876204
7.68288876064
7.68288876067
7.68288875854
7.68288876445
7.68288876172
7.6828887578
7.68288875911
7.68288875834
7.68288876295
7.68288876275
7.68288875634
7.68288876116
7.68288875907
7.68288876751
7.682888762
7.68288876372
7.68288876275
7.68288876246
7.68151834489
7.68217325745
7.68217325745
7.68217325347
7.68217325736
7.68217325516
7.68217325535
7.682173256
7.6821732526
7.68217325764
7.68217325631
7.68217325172
7.68217325529
7.68217325294
7.68217325622
7.68217325697
7.68217325089
7.68217325529
7.68217325267
7.68217326088
7.68217325688
7.68217325758
7.68217325726
7.6821732559
7.68141855252
7.68192079426
7.68192079426
7.68192079011
7.6819207938
7.68192079195
7.68192079258
7.68192079332
7.68192078972
7.68192079461
7.68192079344
7.68192078879
7.68192079279
7.68192079001
7.68192079321
7.68192079393
7.68192078793
7.68192079221
7.68192078956
7.68192079774
7.68192079395
7.68192079445
7.68192079418
7.68192079271
7.68165471468
7.68182143855
     fun: 7.813658627752094
     jac: array([ 0.00024521,  0.00024694, -0.00010973,  0.0026812 ,  0.008461  ,
        0.00317556,  0.00045627,  0.00938779,  0.00036889,  0.01878333,
        0.00923079, -0.00133651,  0.0080803 ,  0.01094341,  0.00952047,
        0.00302309,  0.00787759,  0.01619452,  0.00807786,  0.01278609,
        0.00088507])
 message: 'Optimization terminated successfully.'
    nfev: 608
     nit: 24
    njev: 24
  status: 0
 success: True
       x: array([ 0.52212842, -0.4817757 , -0.45156113, -0.38482881,  0.24582077,
        0.04142783,  0.09285838, -0.31081541,  0.53421683,  0.11813971,
        0.11121953, -0.4878572 , -0.29698038,  0.04038151,  0.30288909,
        0.12313211, -0.50169739,  0.1200213 , -0.38544336,  0.26822837,
       -0.28465756])

========================================================

Final result:
0.522128422975
-0.481775701254
-0.451561125366
0.137069467882
0.137069467882
0.137069467882
-0.384828810796
0.245820770851
0.0414278283909
0.0928583814566
-0.310815411513
0.534216827863
0.118139707899
0.118139707899
0.11121952641
-0.487857197545
-0.296980383091
0.04038150872
0.302889091639
0.123132111846
-0.501697388869
0.120021302825
0.133932426014
-0.385443363945
0.268228373246
-0.284657557667
0.133957516122
0.133957516122
0.133957516122
