82.0634480136
82.0634480136
82.0634459782
82.0634474941
82.0634482039
82.0634482659
82.063448951
82.0634480663
82.0634497971
82.063449782
82.0634479755
82.0634480436
82.0634480049
64836.0066228
7642.02241389
1511.89043328
301.73339328
60.7084238238
60.7084238238
60.7084275262
60.7084248757
60.7084241363
60.7084241978
60.708423691
60.7084238803
60.7084226348
60.7084245644
60.7084239465
60.7084239634
60.7084238412
61128.1987803
6099.57587969
599.297885895
77.1232978143
58.8255212167
58.8255212167
58.8255233615
58.8255217652
58.82552109
58.8255211104
58.8255205206
58.8255210806
58.8255188549
58.8255213514
58.8255211634
58.8255210433
58.8255212
11581.2382192
1256.99746079
207.592234827
50.9863704744
50.9863704744
50.9863736477
50.9863713179
50.9863704007
50.9863703128
50.9863697206
50.9863703172
50.9863688813
50.9863692001
50.9863708181
50.986370761
50.9863705436
1644.24495138
163.850104403
50.6889293419
50.1341761791
50.1341761791
50.1341793863
50.1341770399
50.1341761342
50.1341760929
50.1341754133
50.1341760568
50.1341745672
50.1341748458
50.1341763443
50.134176237
50.1341762066
969.585708766
102.596101996
49.6196006489
49.6196006489
49.6196037186
49.619601497
49.6196007134
49.6196008343
49.6195998644
49.6196006385
49.6195989191
49.6195992877
49.6196009235
49.6196009364
49.6196007019
854.233153134
85.9168144326
46.4814202971
46.4814202971
46.4814231404
46.4814210639
46.4814202768
46.4814201383
46.4814195294
46.4814204214
46.4814186636
46.4814189821
46.4814204325
46.4814205523
46.4814203278
189.790056795
32.2731326096
32.2731326096
32.2731282696
32.2731313947
32.2731323468
32.2731323092
32.2731329529
32.273132645
32.2731337251
32.2731329404
32.2731322953
32.2731321726
32.2731325514
81.3840193526
29.1323206053
29.1323206053
29.1323168308
29.1323195435
29.1323203871
29.1323204098
29.1323209821
29.1323205607
29.13232172
29.1323210386
29.1323201662
29.1323203528
29.1323205083
104.638562443
19.724146493
19.724146493
19.7241503492
19.7241475963
19.7241468443
19.724146909
19.724146434
19.7241465026
19.7241458797
19.724146743
19.7241467206
19.7241468703
19.7241465255
13.4111200192
13.4111200192
13.4111182393
13.4111194815
13.4111196969
13.4111196367
13.4111197276
13.4111199
13.4111197712
13.4111192843
13.4111199991
13.4111198705
13.4111200187
15.1350800701
12.5298764797
12.5298764797
12.5298753942
12.5298761797
12.5298764206
12.5298764058
12.5298765631
12.5298765006
12.5298767562
12.529876563
12.529876409
12.5298763575
12.5298764648
12.8275239759
12.1428993626
12.1428993626
12.1428993253
12.1428993555
12.1428993684
12.1428993695
12.1428993845
12.1428993562
12.1428993924
12.142899419
12.142899358
12.1428993618
12.1428993577
12.2109431687
12.1414416866
12.1414416866
12.1414416753
12.1414416864
12.1414416919
12.1414416935
12.1414416978
12.1414416812
12.1414417005
12.1414417259
12.1414416848
12.1414416869
12.1414416821
12.1430615178
12.1407610422
12.1407610422
12.1407610474
12.1407610467
12.140761048
12.1407610482
12.1407610484
12.1407610382
12.1407610467
12.1407610695
12.1407610429
12.1407610414
12.1407610383
12.1338588376
12.1379186976
12.1379186976
12.1379186918
12.1379186982
12.1379186993
12.137918699
12.1379186992
12.1379186914
12.1379186945
12.1379187168
12.1379186996
12.1379186963
12.1379186941
12.1398081015
12.138486545
12.138486545
12.1384865302
12.1384865429
12.1384865448
12.1384865443
12.1384865449
12.1384865374
12.1384865408
12.1384865597
12.1384865472
12.138486544
12.1384865415
12.1379299476
12.138312844
12.138312844
12.1383128285
12.1383128417
12.1383128437
12.1383128433
12.1383128438
12.1383128365
12.1383128397
12.1383128581
12.1383128456
12.1383128427
12.1383128404
     fun: 12.527828716969154
     jac: array([ 0.01754129,  0.00560606,  0.00372088,  0.00589466,  0.00228584,
        0.00161433,  0.0040803 ,  0.00095129,  0.00038064,  0.0010314 ,
       -0.00020397])
 message: 'Optimization terminated successfully.'
    nfev: 262
     nit: 18
    njev: 18
  status: 0
 success: True
       x: array([ 0.33723643, -0.55167705, -0.09221528,  0.1517587 , -0.36966961,
        0.59882535,  0.18210265, -0.63859347, -0.44157893,  0.28880356,
       -0.22429061])

========================================================

Final result:
0.337236434216
0.337236434216
-0.551677049251
0.337236434216
-0.0922152773808
0.151758699848
-0.369669610496
0.598825348572
0.182102649636
0.182102649636
-0.638593469141
-0.474343244069
-0.441578925171
0.288803556778
-0.224290609363
0.125688659252
0.125688659252
0.125688659252
