8.67462190493
8.67462190493
8.6746202504
8.67462112246
8.67462120671
8.67462132851
8.67462140241
8.67462092571
8.67462083811
8.67462167461
8.67462076044
8.67462160628
8.67462181262
8.67462216035
8.6746222788
8.67462195662
42064.3072186
9819.60654036
2289.40684279
530.873699891
120.275106633
24.7620668766
4.90432271119
4.90432271119
4.90432433193
4.9043234756
4.90432317006
4.90432320609
4.9043229769
4.90432297766
4.90432321114
4.90432282508
4.90432286721
4.90432284902
4.90432275635
4.90432292134
4.90432301429
4.90432275525
4086.30386257
743.594739129
134.223294593
23.4251783671
4.98252604843
4.01633820472
4.01633820472
4.01634001155
4.01633908808
4.01633887538
4.01633886711
4.01633865463
4.01633888692
4.01633915119
4.01633837482
4.01633890797
4.01633837187
4.01633827249
4.01633817939
4.01633815113
4.01633819912
370.626993752
36.4349050928
4.90386179477
3.90781291247
3.90781291247
3.90781484985
3.9078138491
3.90781359982
3.9078135681
3.90781334966
3.90781363577
3.90781378003
3.90781311167
3.90781368315
3.90781317503
3.90781299256
3.9078128506
3.90781279829
3.90781289901
220.01378518
21.5675100648
4.10403433627
3.8129408336
3.8129408336
3.81294281446
3.81294177648
3.8129415219
3.81294144519
3.81294131264
3.81294156869
3.81294182894
3.81294105626
3.81294163472
3.81294113247
3.81294092303
3.81294079552
3.81294074258
3.81294082583
185.447500869
18.3053419924
3.92714320876
3.74943173528
3.74943173528
3.74943370795
3.7494326891
3.74943245768
3.74943241181
3.74943221218
3.74943252301
3.74943269857
3.74943195717
3.74943258698
3.74943203334
3.74943182393
3.74943171435
3.74943167957
3.74943173178
62.2401011681
7.88721535703
3.56804495603
3.56804495603
3.5680468945
3.56804586966
3.56804563662
3.56804553806
3.56804541114
3.56804575565
3.56804590379
3.56804514272
3.56804581565
3.56804517333
3.5680450301
3.56804488739
3.5680448654
3.56804494354
51.8008488864
7.44322823393
3.29863434572
3.29863434572
3.2986359777
3.29863511874
3.29863496277
3.29863487617
3.29863476443
3.2986351149
3.29863520766
3.29863453593
3.29863507405
3.29863459815
3.29863442202
3.29863419002
3.29863423985
3.29863431558
43.0572200566
8.15458350021
2.41305296489
2.41305296489
2.41305305984
2.41305296896
2.41305307914
2.41305302897
2.41305307598
2.41305327084
2.4130532248
2.41305301339
2.41305336823
2.41305303394
2.41305298522
2.41305275719
2.4130527061
2.41305292182
9.70392975511
2.30387637606
2.02570234446
2.02570234446
2.02570155042
2.02570196273
2.02570216552
2.02570211785
2.02570226114
2.02570236183
2.0257022137
2.02570230705
2.02570244507
2.0257023077
2.02570233036
2.02570213785
2.02570206706
2.02570230151
2.36658939283
1.5205551957
1.5205551957
1.52055442745
1.52055483714
1.52055492439
1.52055494058
1.52055501763
1.52055490851
1.52055482818
1.52055511856
1.52055491605
1.52055511283
1.5205551655
1.52055519879
1.52055521389
1.52055519535
3.75706502702
1.44637209962
1.44637209962
1.44637182384
1.4463719695
1.4463719671
1.44637199353
1.44637199848
1.44637189593
1.44637187819
1.4463720555
1.44637185233
1.44637205365
1.44637208266
1.44637219006
1.44637220165
1.44637211826
1.44224513659
1.37123599477
1.37123599477
1.37123618256
1.37123609267
1.37123606088
1.37123606179
1.3712360371
1.37123605337
1.37123608396
1.37123600722
1.37123604882
1.37123600627
1.37123600053
1.37123600446
1.37123599724
1.37123599652
1.35000357924
1.35000357924
1.35000363451
1.35000359232
1.35000358793
1.35000358345
1.35000358446
1.3500035909
1.35000358191
1.35000358667
1.35000358746
1.35000359944
1.35000358319
1.35000357852
1.3500035959
1.35000357915
1.33305560409
1.33305560409
1.33305551416
1.33305556431
1.33305558464
1.33305558745
1.33305559519
1.33305559372
1.33305559183
1.33305559646
1.33305560571
1.33305558928
1.33305560176
1.33305558886
1.33305557829
1.33305560056
1.33077219389
1.33077219389
1.33077222736
1.33077221128
1.33077219914
1.33077219396
1.33077219521
1.33077219725
1.33077219224
1.33077219692
1.33077219055
1.3307722025
1.33077219547
1.33077220041
1.33077220506
1.33077219534
1.32772775347
1.32772775347
1.32772777763
1.32772776467
1.32772776049
1.32772776246
1.32772775757
1.32772775573
1.32772776111
1.32772775453
1.32772775232
1.32772775387
1.32772775409
1.32772775842
1.32772776083
1.32772775444
1.32718575773
1.32718575773
1.32718575252
1.32718575463
1.32718575617
1.32718575474
1.32718575713
1.32718575884
1.32718575616
1.327185758
1.32718576279
1.32718575916
1.32718575793
1.32718575476
1.32718575166
1.32718575704
1.3270063113
1.3270063113
1.32700629762
1.32700630543
1.32700630875
1.32700630931
1.32700631021
1.32700630995
1.3270063102
1.32700630995
1.32700630869
1.32700630818
1.32700631073
1.3270063098
1.32700631096
1.32700631098
1.32691178816
1.32691178816
1.32691179274
1.32691179029
1.32691178881
1.32691178908
1.32691178821
1.32691178735
1.32691178749
1.32691178845
1.32691178681
1.32691178898
1.32691178823
1.32691178937
1.32691178971
1.32691178839
1.32688174821
1.32688174821
1.32688175002
1.32688174898
1.3268817487
1.32688174854
1.32688174864
1.32688174862
1.32688174924
1.32688174827
1.32688174886
1.32688174809
1.3268817482
1.32688174875
1.32688174866
1.32688174832
1.32687585422
1.32687585422
1.32687585231
1.32687585337
1.32687585389
1.32687585385
1.32687585393
1.32687585452
1.32687585335
1.32687585428
1.32687585445
1.32687585462
1.32687585425
1.32687585306
1.3268758529
1.32687585397
1.32686811437
1.32686811437
1.32686811359
1.326868114
1.32686811415
1.32686811413
1.3268681143
1.32686811422
1.32686811431
1.32686811432
1.32686811427
1.32686811427
1.32686811435
1.32686811432
1.32686811432
1.32686811435
     fun: 1.3268681143659922
     jac: array([-0.05214386, -0.02430484, -0.0144314 , -0.01570937, -0.00445306,
       -0.00966933, -0.00393191, -0.00327861, -0.00656669, -0.00662211,
       -0.00140721, -0.00324142, -0.00301921, -0.00086902])
 message: 'Optimization terminated successfully.'
    nfev: 399
     nit: 23
    njev: 23
  status: 0
 success: True
       x: array([ 0.31870983, -0.79863224,  0.05702916,  0.09744576, -0.34612447,
        0.46485522,  0.09620587,  0.54981908, -0.4616738 , -0.06389088,
       -0.48524495, -0.39256664,  0.27078394, -0.23146079])

========================================================

Final result:
0.318709827507
-0.798632237914
0.318709827507
0.0570291632457
0.0974457614689
-0.346124472411
0.464855217719
0.0962058660285
0.0962058660285
0.549819077786
-0.461673802393
-0.0638908829869
-0.485244949725
-0.485244949725
0.106971781311
0.106971781311
0.106971781311
0.106971781311
0.106971781311
0.106971781311
-0.392566637835
0.270783944819
-0.231460794137
0.117747829051
0.117747829051
0.117747829051
