CYS_methyl_neutral.filelist
6.04387590594
6.04387590594
6.04387558551
6.04387541624
6.04387584295
6.04387682734
6.04387696794
6.04387662772
6.04387657121
6.04387674479
6.04387635117
6.04387755848
6.0438769147
6.04387635158
6.0438769385
6.04387611344
51447.8405914
5140.38360691
711.086534267
143.930286448
29.3753395374
5.56402434817
3.55092858025
3.55092858025
3.55092822371
3.55092804034
3.55092850922
3.55092875922
3.5509288931
3.55092856832
3.5509284744
3.5509284726
3.55092858093
3.55092820072
3.55092862398
3.55092862609
3.55092843835
3.55092855872
4678.01659073
560.630693939
105.974104752
20.5757410367
3.94672979041
2.47920103595
2.47920103595
2.47920101394
2.47920098775
2.47920102859
2.47920061073
2.47920060702
2.47920067642
2.47920068839
2.4792006069
2.47920080573
2.47920001266
2.47920078539
2.47920082725
2.47920060293
2.47920092191
903.497126751
89.5689757263
11.2622160919
2.53982080908
2.3099727207
2.3099727207
2.30997273348
2.30997274409
2.30997272036
2.30997225252
2.30997223326
2.30997231989
2.30997235572
2.30997218749
2.30997248079
2.30997154148
2.30997220859
2.30997252727
2.3099719702
2.30997259466
328.646364525
32.3931946345
3.66331942105
2.23037586984
2.23037586984
2.23037587632
2.23037584065
2.23037586827
2.23037528573
2.23037530622
2.23037535897
2.23037532985
2.2303752915
2.23037555159
2.23037467712
2.23037526091
2.23037558575
2.230375088
2.23037570977
219.021405048
21.2296547118
3.05412413907
2.05931450053
2.05931450053
2.05931456633
2.05931459649
2.05931451182
2.0593138601
2.05931385464
2.05931391144
2.05931390438
2.05931378461
2.05931410902
2.0593129832
2.0593137694
2.0593140929
2.05931358718
2.05931433022
172.659927571
16.9629858227
2.37040053548
2.00553070663
2.00553070663
2.00553079145
2.00553081895
2.00553072173
2.00553001027
2.0055300103
2.00553007484
2.00553004208
2.00552994841
2.00553032596
2.00552910967
2.0055299262
2.00553037745
2.00552976864
2.00553050626
77.3390580564
7.49892741258
1.98604971799
1.93174296458
1.93174296458
1.93174303517
1.93174308662
1.93174297648
1.93174222782
1.93174218905
1.93174230781
1.9317423042
1.93174216669
1.93174255854
1.93174129402
1.93174211747
1.93174258473
1.93174198776
1.93174276576
5.15333781097
1.64449405269
1.64449405269
1.6444942275
1.64449423385
1.64449408535
1.6444935629
1.64449353542
1.64449367718
1.64449370761
1.64449361839
1.64449382488
1.6444931816
1.64449354761
1.64449381968
1.64449352912
1.64449396684
19.7871435118
2.55048218834
1.46924343693
1.46924343693
1.46924362403
1.46924367873
1.46924347329
1.46924317736
1.46924310495
1.46924327582
1.46924331498
1.46924328005
1.4692433305
1.46924316925
1.46924320631
1.46924332076
1.46924324203
1.46924338923
8.66146660247
1.58918887884
1.42366167184
1.42366167184
1.4236618421
1.42366191145
1.42366170472
1.4236615282
1.42366146497
1.4236616201
1.4236616532
1.4236616515
1.4236616426
1.42366169339
1.42366158313
1.42366161812
1.42366164054
1.42366168386
8.0225745684
1.50162599203
1.37788385948
1.37788385948
1.37788400525
1.37788406357
1.37788388706
1.37788384809
1.37788381188
1.37788392558
1.37788396847
1.37788398098
1.37788389741
1.37788417599
1.37788391605
1.3778838782
1.37788400344
1.3778838918
1.56804950737
1.27400407455
1.27400407455
1.27400404134
1.27400402882
1.27400406725
1.27400420242
1.27400421683
1.27400417137
1.27400416416
1.27400418301
1.27400413627
1.27400430268
1.27400417019
1.27400413883
1.27400419007
1.27400410472
1.28623774452
1.26415323656
1.26415323656
1.26415322773
1.26415322845
1.26415323358
1.26415326313
1.26415326688
1.26415326153
1.26415326292
1.2641532691
1.26415325188
1.26415329681
1.26415327664
1.26415325325
1.26415327526
1.26415324433
1.27853858804
1.26538176977
1.26538176977
1.26538176493
1.2653817668
1.26538176754
1.26538178371
1.26538178652
1.26538178476
1.265381787
1.26538179121
1.26538177809
1.26538180771
1.26538179724
1.26538178041
1.26538179414
1.26538177521
1.26432610868
1.26432610868
1.26432610601
1.26432610627
1.2643261069
1.26432609917
1.26432610389
1.26432609968
1.26432609992
1.26432609854
1.26432610294
1.2643260845
1.26432609428
1.26432610561
1.26432608685
1.26432610773
1.26421780637
1.26421780637
1.26421780398
1.26421780486
1.26421780463
1.26421780537
1.26421780868
1.26421780716
1.26421780872
1.2642178097
1.26421780631
1.264217808
1.2642178115
1.26421780862
1.2642178067
1.26421780813
1.26441043952
1.26441043952
1.26441043673
1.26441043781
1.2644104377
1.26441043979
1.26441044319
1.2644104412
1.26441044267
1.26441044371
1.26441044003
1.26441044345
1.2644104445
1.26441044248
1.26441043935
1.26441044143
1.26429742347
1.26429742347
1.26429742079
1.26429742181
1.26429742167
1.26429742308
1.2642974265
1.26429742456
1.264297426
1.26429742701
1.2642974236
1.26429742591
1.26429742809
1.26429742598
1.26429742303
1.26429742526
     fun: 1.3061187588967929
     jac: array([ -6.66826963e-04,   6.31749630e-04,  -1.16258860e-04,
        -4.29779291e-04,   8.34465027e-05,  -2.01167166e-03,
        -2.97386944e-03,  -2.88106501e-03,  -1.69533491e-03,
        -3.07241082e-03,  -4.03566658e-03,  -2.15169787e-03,
        -4.73619998e-03,  -8.34137201e-04])
 message: 'Optimization terminated successfully.'
    nfev: 341
     nit: 19
    njev: 19
  status: 0
 success: True
       x: array([ 0.48273518, -0.4558701 , -0.46282941, -0.2936438 ,  0.23460518,
       -0.02774822,  0.14936689, -0.39353347,  0.55817042,  0.18055345,
       -0.19657866, -0.45933784,  0.16803448, -0.50518402])

========================================================

Final result:
0.482735183011
-0.45587009588
-0.462829406779
0.145321439882
0.145321439882
0.145321439882
-0.293643798098
0.234605181276
-0.027748224739
0.149366892858
-0.393533474802
0.558170416442
0.180553454862
0.180553454862
-0.196578662147
-0.45933783824
0.168034475147
-0.505184018384
0.404742140964
