26.0256311503
26.0256311503
26.0256273933
26.0256297969
26.0256293764
26.0256295054
26.0256293865
26.0256287752
26.0256273575
26.0256297294
26.0256287196
26.0256286595
26.0256284123
26.0256293677
26.0256296448
26.0256304495
26.0256307968
26.0256316758
26.025631756
26.02563125
635620.695535
63549.9120529
6342.8684619
958.740159417
155.522465988
29.9044731219
22.2434067967
22.2434067967
22.2434087742
22.2434073225
22.2434067591
22.2434069078
22.2434066684
22.2434060707
22.2434064049
22.2434067243
22.2434060181
22.2434066986
22.2434067617
22.2434066599
22.243406657
22.2434067036
22.2434066577
22.2434075148
22.2434076126
22.2434069361
46567.5422881
4644.04742169
803.592605357
146.891287041
27.618423867
17.1618905933
17.1618905933
17.1618916488
17.1618909472
17.1618909117
17.1618910607
17.1618911919
17.1618903709
17.1618919268
17.1618912266
17.1618905278
17.1618918678
17.1618921041
17.1618915429
17.1618914758
17.1618909179
17.161890632
17.1618911078
17.1618910212
17.1618906901
27570.1904997
2749.60527471
412.148130331
63.9477465444
16.3778564064
16.3778564064
16.3778593031
16.3778573961
16.3778574392
16.3778574648
16.3778573681
16.377857517
16.3778585531
16.3778570112
16.3778580579
16.3778573333
16.3778575938
16.3778568148
16.3778566479
16.3778564982
16.3778563394
16.3778562973
16.3778558204
16.3778563756
3862.29060762
382.705862979
38.4722470997
15.9207464631
15.9207464631
15.9207496993
15.9207475604
15.9207475848
15.9207476479
15.9207473441
15.9207477811
15.9207482029
15.9207471456
15.9207483464
15.9207477035
15.9207478572
15.9207473805
15.9207473141
15.9207467976
15.9207465658
15.9207462159
15.9207457103
15.9207464037
2648.40905507
258.88687652
35.6186137961
14.4232903328
14.4232903328
14.4232941422
14.4232916816
14.423291945
14.4232920335
14.4232916969
14.4232922759
14.4232932029
14.4232913206
14.4232926332
14.4232919958
14.423292032
14.4232915756
14.4232913672
14.4232908489
14.423290595
14.4232902575
14.4232900358
14.4232903177
2692.72335654
265.151174747
31.0479823592
13.6211563918
13.6211563918
13.6211608166
13.6211579127
13.6211580566
13.6211578722
13.6211579813
13.6211584843
13.6211598422
13.6211575877
13.6211587846
13.6211584368
13.621158521
13.6211579018
13.6211576015
13.621157018
13.6211567164
13.6211560126
13.6211557651
13.6211563105
1481.95174002
146.372961887
18.0523229895
13.3527736222
13.3527736222
13.3527781412
13.3527751925
13.3527754031
13.3527753066
13.3527752592
13.3527758458
13.3527770966
13.352774879
13.3527760825
13.3527757981
13.3527759992
13.3527751511
13.3527748042
13.3527742303
13.3527739074
13.3527732229
13.3527730305
13.3527735367
242.473523358
26.3389201806
13.2808165132
13.2808165132
13.280821007
13.2808180747
13.2808182861
13.2808181697
13.2808181456
13.2808187462
13.2808200135
13.2808177294
13.2808189562
13.2808186283
13.2808188969
13.2808180025
13.2808178157
13.2808170755
13.280816758
13.280816111
13.2808159369
13.2808164275
60.5518409382
13.0251425562
12.4176848068
12.4176848068
12.4176887436
12.4176861872
12.4176864084
12.4176863352
12.4176862875
12.4176868201
12.4176879423
12.417685953
12.417686932
12.4176867578
12.4176868606
12.417686156
12.4176859774
12.4176853013
12.4176849956
12.4176844224
12.4176842179
12.4176847259
486.419319084
47.5012444662
12.316201397
12.0572942475
12.0572942475
12.0572978972
12.0572955212
12.0572957131
12.0572955485
12.0572956203
12.057296187
12.0572971519
12.0572953248
12.0572963437
12.0572960902
12.0572962293
12.0572954929
12.0572953237
12.0572946967
12.0572944331
12.0572939503
12.0572937429
12.0572941899
340.121001869
32.3547794915
11.4425071464
11.4425071464
11.4425096104
11.4425080232
11.4425082077
11.4425081597
11.4425081298
11.4425085251
11.4425092462
11.4425078783
11.4425085864
11.4425083818
11.4425085796
11.4425079793
11.4425079421
11.442507483
11.4425074825
11.4425068661
11.4425066788
11.442507089
141.005594656
18.0764028752
9.05176100996
9.05176100996
9.05175986504
9.05176064628
9.05176073667
9.05176075038
9.05176077516
9.05176081959
9.05176051818
9.05176081977
9.05176077019
9.05176064803
9.05176061685
9.05176074597
9.05176085721
9.05176092496
9.05176108897
9.05176084783
9.0517609248
9.05176097477
69.9859964433
10.1421821939
8.80285930977
8.80285930977
8.80285761135
8.80285875834
8.80285883045
8.80285883921
8.80285886802
8.80285888228
8.80285839232
8.80285894578
8.80285875814
8.80285866813
8.80285863021
8.80285887832
8.80285898925
8.80285917001
8.8028593417
8.80285922002
8.80285926622
8.80285929239
12.9419427243
8.69812723438
8.69812723438
8.69812564257
8.69812670577
8.69812668445
8.69812669415
8.69812670792
8.69812660408
8.69812611256
8.69812681321
8.69812649638
8.69812650901
8.69812644549
8.69812672105
8.69812682305
8.69812703927
8.69812720532
8.69812726532
8.69812734105
8.6981272365
9.05010902938
8.44296494919
8.44296494919
8.44296490227
8.44296492877
8.44296488071
8.44296489074
8.44296488078
8.4429648008
8.44296478832
8.44296489932
8.44296478409
8.44296487011
8.44296487659
8.44296488248
8.44296488692
8.44296491989
8.44296492776
8.44296501655
8.44296503736
8.44296495758
8.71590128345
8.41298877318
8.41298877318
8.41298879268
8.41298877854
8.41298874998
8.41298875713
8.41298874993
8.41298869829
8.41298871868
8.41298875477
8.41298870249
8.412988755
8.4129887609
8.4129887535
8.41298874866
8.41298875883
8.4129887566
8.41298881709
8.41298882088
8.41298877763
8.45592942328
8.40590610784
8.40590610784
8.40590599786
8.40590607758
8.40590607618
8.40590607465
8.40590607821
8.40590605736
8.40590604534
8.40590607966
8.40590607449
8.4059060681
8.40590606401
8.40590607973
8.40590607885
8.40590609382
8.40590609458
8.40590611724
8.40590610836
8.40590610578
8.40495520273
8.40382781562
8.40382781562
8.40382776175
8.40382780387
8.4038278023
8.4038277993
8.40382780021
8.40382778972
8.40382778258
8.40382779763
8.40382780362
8.40382779233
8.40382778854
8.40382779939
8.40382779703
8.40382780692
8.40382780692
8.40382782146
8.40382781374
8.40382781237
8.39477829944
8.4000163847
8.4000163847
8.40001638517
8.40001639057
8.400016387
8.40001638383
8.40001638309
8.40001637463
8.40001637976
8.40001637773
8.40001638621
8.40001638033
8.4000163791
8.40001638112
8.40001637701
8.40001638085
8.40001637892
8.40001639115
8.40001638476
8.40001638185
8.39765914637
8.39765914637
8.39765912997
8.3976591471
8.39765914596
8.39765914327
8.39765914453
8.39765913361
8.39765914176
8.39765913993
8.39765914586
8.3976591432
8.39765914333
8.39765914322
8.39765914005
8.39765914249
8.39765914113
8.39765915163
8.39765914399
8.39765914324
8.39798105139
8.39798105139
8.39798103293
8.39798105128
8.39798104931
8.39798104657
8.39798104684
8.39798103722
8.39798104083
8.39798104238
8.39798104955
8.39798104346
8.39798104258
8.39798104505
8.39798104201
8.39798104647
8.3979810456
8.39798105666
8.39798104941
8.3979810483
8.39858126565
8.39825460103
8.39825460103
8.39825458713
8.39825460229
8.3982545998
8.39825459697
8.39825459683
8.39825458766
8.39825459093
8.39825459215
8.39825459975
8.39825459325
8.39825459213
8.39825459487
8.39825459162
8.3982545962
8.3982545952
8.39825460664
8.39825459974
8.398254598
8.39831704546
8.39831704546
8.3983170327
8.3983170472
8.39831704508
8.39831704224
8.39831704265
8.39831703277
8.3983170385
8.39831703795
8.39831704473
8.39831704026
8.39831703959
8.39831704115
8.39831703775
8.39831704128
8.3983170399
8.39831705114
8.39831704418
8.39831704244
8.39823094013
8.398270001
     fun: 8.640105412899853
     jac: array([ 0.04620576,  0.01837003,  0.0235877 ,  0.02293575,  0.03535259,
        0.01881194,  0.07955885,  0.03505254,  0.01257718,  0.06570542,
        0.07450378,  0.05075467,  0.04450178,  0.01812792,  0.00709307,
        0.0050391 ,  0.0085361 ,  0.00064087])
 message: 'Optimization terminated successfully.'
    nfev: 529
     nit: 24
    njev: 24
  status: 0
 success: True
       x: array([ 0.35340179, -0.50938987, -0.15594756,  0.18718236, -0.29484921,
        0.71304299,  0.1651185 ,  0.09839751, -0.48679191, -0.17445244,
        0.14062659, -0.22419159,  0.186977  ,  0.26048427, -0.40551027,
       -0.56484322,  0.32936409, -0.21872689])

========================================================

Final result:
0.353401790877
0.353401790877
-0.509389870186
0.353401790877
-0.155947563609
0.187182358766
-0.294849214649
0.713042989072
0.165118496319
0.165118496319
0.0983975081262
-0.486791913217
-0.174452438717
-0.174452438717
0.140626586053
-0.224191585371
-0.224191585371
0.140626586053
0.186976999741
0.260484271373
0.186976999741
-0.405510267792
0.345020213433
-0.564843215011
0.329364086603
-0.218726885428
0.151402004612
0.151402004612
0.151402004612
