5.02121146887
5.02121146887
5.02121109949
5.02121091671
5.02121139701
5.0212122948
5.02121244622
5.02121206352
5.02121197627
5.02121213219
5.02121185419
5.02121285242
5.02121212154
5.02121188066
5.02121217047
5.02121207672
5.02121214863
5.02121207977
5.02121205137
5.0212121861
5.0212120428
5.02121163452
62290.8041249
12024.6991058
2319.99279718
446.352193199
84.6921015464
15.3075245894
4.1969110794
4.1969110794
4.19691077061
4.19691062497
4.19691101897
4.19691104266
4.19691115275
4.1969108564
4.19691074194
4.19691069725
4.19691097865
4.19691035116
4.19691049962
4.19691106069
4.19691047522
4.19691034842
4.19691032044
4.19691021735
4.19691033381
4.19691028587
4.19691007854
4.19691099643
7403.61316799
1539.89481929
319.114905173
65.0142388882
12.4258897003
3.20435710261
3.20435710261
3.20435710607
3.20435712009
3.20435710143
3.204356367
3.20435632261
3.20435643413
3.20435642716
3.20435628893
3.20435668569
3.20435534035
3.20435633031
3.20435671577
3.20435637373
3.20435637307
3.20435644857
3.20435644032
3.20435637433
3.20435652294
3.20435648548
3.20435689381
2364.9735336
324.397124745
44.0718837088
6.21100673555
2.98140813591
2.98140813591
2.98140832031
2.98140842579
2.98140816975
2.98140727611
2.98140716473
2.98140745576
2.98140750458
2.98140734092
2.98140772169
2.98140649426
2.98140730025
2.98140775846
2.98140726766
2.98140731881
2.98140726726
2.98140728575
2.98140736377
2.98140726678
2.98140728488
2.98140792893
158.598350674
15.6516045109
3.11664541663
2.93276447817
2.93276447817
2.93276467982
2.9327648172
2.93276451577
2.93276364775
2.93276352001
2.93276381223
2.93276389139
2.93276365789
2.93276405723
2.9327627552
2.93276362154
2.93276406163
2.93276359947
2.93276363606
2.93276360074
2.93276361419
2.93276367046
2.9327636038
2.93276361729
2.93276428596
177.112833699
17.4654438549
3.13834687425
2.88322860427
2.88322860427
2.88322881148
2.88322892818
2.88322864333
2.8832277442
2.88322763992
2.88322790279
2.88322795013
2.8832277798
2.88322815174
2.88322689943
2.88322773913
2.88322814206
2.88322770279
2.88322776078
2.88322770291
2.88322773705
2.88322779942
2.88322768989
2.88322775262
2.8832284031
121.522953693
12.1606744394
2.98430585518
2.85991488837
2.85991488837
2.8599151136
2.85991523152
2.85991493113
2.85991401989
2.8599139204
2.85991418306
2.85991422076
2.85991406275
2.85991444721
2.8599131836
2.85991402248
2.85991446353
2.85991400861
2.85991402407
2.85991400411
2.85991401453
2.85991403882
2.85991400241
2.85991402401
2.85991467885
140.981340612
14.1175861102
3.05541119431
2.84446859748
2.84446859748
2.84446882257
2.84446894103
2.84446864032
2.84446773994
2.84446764276
2.8444678979
2.84446793446
2.84446776709
2.84446816852
2.84446687296
2.84446773002
2.84446820038
2.84446769496
2.84446775381
2.84446769688
2.84446773728
2.84446778772
2.84446767902
2.84446776089
2.8444683861
41.0471105377
5.25179775383
2.70585293184
2.70585293184
2.70585314922
2.7058532602
2.70585297309
2.70585212797
2.70585203475
2.70585228539
2.70585232865
2.70585217813
2.70585252553
2.70585134365
2.70585217802
2.70585253371
2.70585216913
2.70585218386
2.70585213183
2.70585214735
2.70585220281
2.70585208018
2.70585212457
2.70585274397
36.567229131
5.84952663536
2.39082708392
2.39082708392
2.39082725302
2.39082734564
2.39082711565
2.39082651786
2.39082640622
2.39082666525
2.39082673098
2.39082659975
2.39082681988
2.39082606832
2.39082660269
2.39082680923
2.39082658271
2.39082660427
2.3908265717
2.39082662489
2.39082656008
2.39082649659
2.39082665312
2.3908269769
63.8384314075
11.0683158291
2.3962949282
1.96754789723
1.96754789723
1.96754805809
1.96754812257
1.96754792864
1.96754764229
1.96754756155
1.96754774002
1.96754778781
1.96754773725
1.96754779427
1.96754755699
1.9675477662
1.96754776818
1.96754772399
1.96754779144
1.96754775728
1.96754780466
1.96754775431
1.96754771314
1.96754780352
1.96754787231
11.5678907614
2.25085421562
1.62356971366
1.62356971366
1.62356980312
1.62356984431
1.62356973181
1.62356988195
1.62356982817
1.62356991038
1.62356995484
1.62356998169
1.62356981631
1.62357026791
1.62357002863
1.62356978898
1.62357001889
1.62357005372
1.62357003832
1.62357008001
1.62357002228
1.62356999791
1.62357010067
1.62356975914
18.1144325813
2.45762786817
1.54283269405
1.54283269405
1.54283276348
1.54283277419
1.54283270799
1.5428329779
1.54283296385
1.54283299711
1.54283303361
1.54283308748
1.54283287523
1.5428335123
1.54283313518
1.5428328335
1.54283313802
1.54283315841
1.54283315043
1.54283318572
1.54283313511
1.54283311792
1.54283321367
1.54283280488
3.9289345939
1.48873730362
1.48873730362
1.48873728688
1.48873733286
1.48873730065
1.48873760615
1.48873759292
1.48873757801
1.48873757747
1.48873764879
1.4887374772
1.48873802808
1.48873767553
1.48873744608
1.48873767482
1.48873768396
1.48873767758
1.48873769455
1.48873766409
1.48873765524
1.48873770238
1.48873740706
9.46971237965
1.71803660671
1.37845100063
1.37845100063
1.37845093832
1.37845093724
1.37845098819
1.37845125355
1.37845129276
1.37845120616
1.37845119559
1.3784512457
1.37845113246
1.3784515226
1.37845124204
1.37845112658
1.37845123677
1.37845123293
1.3784512285
1.37845122352
1.37845121899
1.37845121956
1.37845120845
1.37845106586
3.20281644783
1.31244186978
1.31244186978
1.31244177973
1.31244174614
1.3124418524
1.31244196805
1.31244199605
1.3124418978
1.3124418592
1.31244187953
1.31244189775
1.31244190572
1.31244184327
1.31244191241
1.31244184504
1.31244181947
1.31244182026
1.31244179124
1.312441827
1.31244183356
1.31244176595
1.31244187363
1.27849479249
1.27849479249
1.27849486015
1.27849489
1.27849480479
1.27849463775
1.27849460893
1.27849469975
1.27849473048
1.27849470683
1.27849472694
1.27849458711
1.27849475742
1.27849471974
1.27849477604
1.2784948008
1.27849482226
1.27849484031
1.27849480985
1.27849484753
1.27849488228
1.27849476462
1.24065758162
1.24065758162
1.24065759819
1.24065759746
1.24065758475
1.24065754702
1.24065754592
1.24065755252
1.24065755886
1.24065754056
1.2406575666
1.24065751351
1.24065751045
1.24065756796
1.24065749327
1.24065748732
1.24065746145
1.24065746202
1.24065747747
1.2406574279
1.24065744222
1.24065757585
1.22115589745
1.22115589745
1.22115586995
1.22115585728
1.22115589215
1.22115597425
1.22115598484
1.22115595154
1.22115594269
1.22115596115
1.22115593152
1.22115602532
1.22115596976
1.22115593092
1.22115597478
1.22115597437
1.22115598631
1.22115598183
1.22115597228
1.22115599814
1.22115598417
1.22115591228
1.21280638985
1.21280638985
1.21280639527
1.21280640056
1.21280639078
1.21280638031
1.21280637751
1.21280638394
1.21280638608
1.21280638443
1.21280638693
1.21280638123
1.21280638105
1.21280638744
1.2128063802
1.2128063807
1.21280637673
1.212806376
1.21280638511
1.21280637589
1.21280637531
1.21280638779
1.21031276605
1.21031276605
1.21031276628
1.21031276489
1.210312766
1.21031274888
1.21031274853
1.21031275066
1.21031275166
1.21031274779
1.21031275594
1.21031272389
1.21031275148
1.21031275573
1.21031275403
1.21031275299
1.21031275725
1.21031275814
1.21031274996
1.21031275766
1.21031276161
1.21031276212
1.20914853954
1.20914853954
1.20914854383
1.20914854458
1.2091485404
1.2091485371
1.20914853607
1.20914853957
1.20914854093
1.2091485405
1.20914854002
1.20914854248
1.20914853911
1.20914853955
1.20914853684
1.20914853896
1.20914853656
1.20914853734
1.2091485392
1.2091485353
1.20914853605
1.20914853958
1.20892701604
1.20892701604
1.20892701503
1.20892701525
1.20892701588
1.20892702492
1.20892702547
1.20892702293
1.20892702252
1.2089270242
1.20892702004
1.20892703415
1.20892702202
1.20892702067
1.20892702147
1.2089270207
1.2089270191
1.2089270185
1.20892702157
1.20892701808
1.20892701678
1.20892701809
1.20859153538
1.20859153538
1.20859153156
1.20859153071
1.20859153466
1.20859153792
1.20859153893
1.20859153563
1.20859153439
1.20859153515
1.20859153557
1.20859153335
1.20859153601
1.20859153534
1.20859153789
1.20859153602
1.20859153809
1.20859153757
1.20859153552
1.20859153903
1.20859153859
1.20859153527
1.20832227181
1.20832227181
1.20832227255
1.20832227265
1.20832227195
1.20832226769
1.20832226715
1.20832226895
1.20832226927
1.20832226889
1.2083222703
1.2083222652
1.20832226924
1.20832227038
1.2083222691
1.20832226999
1.20832227025
1.20832227065
1.20832227002
1.20832227097
1.20832227115
1.20832227107
1.20806979742
1.20806979742
1.20806979925
1.20806979962
1.2080697978
1.20806979512
1.20806979477
1.20806979606
1.20806979659
1.20806979616
1.20806979645
1.20806979445
1.2080697964
1.20806979613
1.2080697961
1.20806979684
1.20806979656
1.20806979685
1.2080697969
1.20806979659
1.20806979676
1.2080697971
1.20790952056
1.20790952056
1.20790952016
1.20790951997
1.20790952049
1.207909522
1.20790952172
1.20790952248
1.20790952262
1.20790952315
1.20790952212
1.20790952693
1.20790952226
1.2079095229
1.20790952167
1.20790952198
1.20790952123
1.20790952142
1.20790952206
1.20790952079
1.20790952129
1.20790952098
1.20787920174
1.20787920174
1.20787920188
1.20787920205
1.20787920179
1.20787920122
1.2078792013
1.20787920098
1.20787920092
1.20787920058
1.2078792011
1.20787919909
1.20787920069
1.20787920077
1.20787920081
1.20787920072
1.20787920087
1.20787920074
1.20787920071
1.207879201
1.20787920068
1.20787920166
1.20787170143
1.20787170143
1.20787170146
1.20787170141
1.20787170145
1.2078717014
1.20787170145
1.20787170142
1.20787170137
1.20787170151
1.20787170143
1.20787170156
1.20787170161
1.20787170149
1.20787170166
1.20787170165
1.20787170166
1.20787170164
1.20787170165
1.20787170163
1.20787170163
1.20787170137
1.2078693697
1.2078693697
1.20786936968
1.20786936974
1.20786936971
1.2078693699
1.20786936982
1.20786936991
1.20786937001
1.20786936988
1.20786936979
1.20786937009
1.20786936982
1.20786936973
1.2078693698
1.20786936982
1.20786936983
1.20786936986
1.20786936978
1.20786936984
1.20786936995
1.20786936977
1.20786701947
1.20786701947
1.20786701939
1.20786701936
1.20786701946
1.2078670195
1.2078670195
1.20786701954
1.20786701951
1.20786701959
1.20786701957
1.2078670198
1.2078670195
1.20786701965
1.20786701944
1.20786701947
1.20786701941
1.20786701941
1.20786701948
1.20786701938
1.20786701939
1.20786701949
     fun: 1.2078670194705592
     jac: array([-0.00525692, -0.00750087, -0.00083351,  0.00220153,  0.00187327,
        0.0043433 ,  0.00238176,  0.00768772,  0.00633985,  0.02219673,
        0.00192937,  0.01200737, -0.00172852, -0.00032507, -0.0043305 ,
       -0.00386317,  0.00048909, -0.00632648, -0.00524232,  0.0012576 ])
 message: 'Optimization terminated successfully.'
    nfev: 724
     nit: 31
    njev: 31
  status: 0
 success: True
       x: array([ 0.46635561, -0.45620905, -0.38821235, -0.50503553,  0.24339015,
        0.5353324 , -0.05131741, -0.21039091,  0.45448179,  0.04547863,
        0.44048753, -0.48431242, -0.4571292 , -0.45145298, -0.05435555,
       -0.11598391,  0.2132034 ,  0.18425731,  0.30063162, -0.55791454])

========================================================

Final result:
0.466355606553
-0.456209046173
-0.388212349282
0.126021929634
0.126021929634
0.126021929634
-0.505035526328
0.24339014825
0.535332398683
-0.0513174091288
-0.210390905579
0.454481793157
0.0454786302446
0.0454786302446
0.440487534332
-0.484312416497
-0.457129201512
-0.451452979413
-0.0543555510475
-0.11598390583
0.213203402352
0.18425731213
0.300631616121
-0.557914541739
0.42515097156
