25.9631920778
25.9631920778
25.9631916913
25.9631918669
25.9631914947
25.9631916501
25.9631917887
25.9631906092
25.9631917051
25.9631920702
25.9631918266
25.9631905576
25.9631922284
25.9631929087
25.9631929886
25.9631922377
70919.5084073
7081.54580185
914.144425108
133.836338878
27.6484088656
23.2262150215
23.2262150215
23.2262182331
23.2262159841
23.2262154965
23.2262157633
23.2262153891
23.2262147339
23.2262153156
23.2262156516
23.2262151097
23.2262148301
23.2262170801
23.2262157456
23.2262157011
23.226215158
121073.132297
12093.3906624
1915.95945015
360.391527521
66.1394428502
18.443380264
18.443380264
18.4433808436
18.443380458
18.4433804046
18.4433804729
18.4433802654
18.4433804274
18.4433804792
18.4433798706
18.4433802624
18.4433810831
18.4433787653
18.4433801587
18.443379571
18.4433802304
23689.9791993
2365.41145982
233.574009099
26.6300506798
17.9988358198
17.9988358198
17.9988357563
17.9988358505
17.9988360033
17.9988361113
17.9988359522
17.998836085
17.9988362056
17.9988357377
17.9988358031
17.9988367785
17.9988353928
17.9988356222
17.9988349962
17.9988357669
2097.66919108
257.630279727
42.4135753528
14.5353901067
14.5353901067
14.5353906089
14.5353903517
14.5353906198
14.5353906695
14.5353901872
14.5353912132
14.535389991
14.5353900065
14.5353903032
14.5353917725
14.535389684
14.535389717
14.5353892856
14.5353900252
2474.53126007
242.242177256
32.5035099495
13.2735733408
13.2735733408
13.2735741495
13.2735736782
13.2735739327
13.2735737259
13.2735736293
13.2735747117
13.2735737602
13.2735732911
13.2735736219
13.2735751346
13.2735729569
13.2735726355
13.2735723072
13.2735731927
1037.7981483
103.311636665
15.9380255263
13.1941371214
13.1941371214
13.1941378881
13.1941374638
13.1941377859
13.1941376771
13.1941374447
13.1941385301
13.1941375923
13.1941370695
13.1941374171
13.1941388899
13.1941366996
13.194136442
13.19413616
13.1941369778
1041.88285869
104.031688271
16.1268474453
13.1490080716
13.1490080716
13.1490088763
13.1490084214
13.1490087174
13.1490086142
13.1490083663
13.1490094516
13.1490084712
13.1490080218
13.149008352
13.1490098024
13.1490076796
13.1490073129
13.1490070017
13.1490079092
147.862908455
17.855475434
12.8849607785
12.8849607785
12.8849615712
12.8849611233
12.8849614131
12.8849612958
12.8849610511
12.8849621814
12.8849612021
12.8849607331
12.8849609471
12.8849625026
12.8849604145
12.8849600578
12.8849597658
12.8849606261
53.431207049
10.6503073881
10.6503073881
10.6503071572
10.6503073408
10.6503074618
10.6503073571
10.6503074336
10.6503077031
10.6503074112
10.6503074275
10.6503074687
10.6503074152
10.6503075193
10.6503073744
10.6503071865
10.6503074023
177.542747799
20.7741976722
8.81235378327
8.81235378327
8.81235294169
8.8123534851
8.81235348638
8.81235346157
8.81235367205
8.81235334951
8.81235358242
8.81235387466
8.81235372312
8.81235291995
8.81235421502
8.81235400542
8.81235420824
8.81235384271
12.5248852002
8.19188369782
8.19188369782
8.19188300369
8.19188345234
8.191883348
8.19188334414
8.19188354234
8.19188298212
8.19188347332
8.19188377177
8.19188357335
8.19188263162
8.1918840779
8.19188405664
8.19188428644
8.19188376801
10.5158039008
7.27700352717
7.27700352717
7.27700366015
7.2770035579
7.27700348908
7.27700352328
7.27700350892
7.27700333015
7.2770035369
7.27700354151
7.2770034937
7.27700334814
7.27700358455
7.27700362619
7.27700366086
7.27700353626
7.99305780298
7.18779324636
7.18779324636
7.18779331799
7.18779326659
7.18779323156
7.18779324863
7.18779323791
7.18779313859
7.18779325093
7.18779324682
7.18779322376
7.18779318261
7.18779323484
7.18779328903
7.18779330145
7.18779324697
7.34242550373
7.13818412684
7.13818412684
7.13818403987
7.13818410541
7.13818411115
7.13818410609
7.13818410453
7.13818409451
7.13818410714
7.13818410944
7.13818411678
7.13818412602
7.13818407257
7.13818412459
7.13818412486
7.13818412075
7.1813757116
7.13355260481
7.13355260481
7.13355256842
7.13355259947
7.13355260618
7.13355259905
7.13355259456
7.1335525972
7.13355259628
7.13355260092
7.13355260196
7.13355261865
7.13355258895
7.13355260359
7.13355259807
7.13355259778
7.11499217056
7.12357802333
7.12357802333
7.12357805617
7.1235780395
7.12357803984
7.12357803412
7.12357802467
7.12357802621
7.12357803135
7.12357802874
7.12357802499
7.12357804337
7.1235780338
7.12357802693
7.12357801534
7.12357801823
7.11404435926
7.11990752191
7.11990752191
7.11990752076
7.11990752688
7.11990752812
7.11990752189
7.1199075172
7.11990751303
7.11990752411
7.11990752058
7.1199075201
7.11990752875
7.11990751235
7.11990752694
7.11990751554
7.11990751707
7.11710066311
7.11870647445
7.11870647445
7.11870645994
7.118706475
7.11870647674
7.11870647059
7.11870646732
7.11870646077
7.11870647325
7.11870647228
7.11870647144
7.11870647511
7.11870646313
7.1187064806
7.11870647085
7.11870646993
7.11762459962
7.11834083509
7.11834083509
7.11834082685
7.1183408376
7.11834083902
7.11834083314
7.11834082911
7.11834082274
7.11834083451
7.11834083479
7.11834083266
7.1183408366
7.11834083007
7.11834084166
7.11834083267
7.11834083067
7.11821767019
7.11829835224
     fun: 7.422449776277024
     jac: array([-0.04629278, -0.01401389, -0.00494927, -0.00241995, -0.00761479,
        0.00030059, -0.01613951, -0.005068  , -0.00292635,  0.00661302,
       -0.01282108,  0.00096893, -0.00680584,  0.00076848])
 message: 'Optimization terminated successfully.'
    nfev: 362
     nit: 20
    njev: 20
  status: 0
 success: True
       x: array([ 0.35676779, -0.4758531 , -0.25236352,  0.21000298,  0.22985625,
        0.75595507,  0.08391767, -0.50632735, -0.54591237, -0.49775458,
        0.16931526, -0.60705003,  0.35227656, -0.17957907])

========================================================

Final result:
0.35676778669
0.35676778669
-0.475853104921
0.35676778669
-0.252363517494
0.210002982907
0.229856251232
0.755955071397
0.0839176726993
-0.506327353629
-0.545912369515
-0.497754582653
0.169315257961
0.169315257961
0.169315257961
0.420229816023
-0.607050028439
0.352276561752
-0.179579074011
0.144784180233
0.144784180233
0.144784180233
