0.0001106517198134353
0.0001106517198134353
0.00011065171798534524
0.00011065171685978405
0.00011065171941499597
0.00011065170323111347
0.0001106517041018605
0.00011065170310574551
0.00011065170322431226
0.00011065170675221949
0.00011065169930543891
0.00011065169424848546
0.00011065170959554235
0.00011065169802958344
0.00011065169891359553
0.0001106517131426508
0.00011065170698357503
0.00011065171582004158
0.00011065171500518975
0.00011065171871515341
0.00011065171965078313
0.00011065172230940189
0.00011065172342406662
0.00011065172026672198
9.546507051355009e-05
9.546507051355009e-05
9.546506877882746e-05
9.546506765467042e-05
9.546507013584763e-05
9.546505607978983e-05
9.546505698046692e-05
9.546505591051569e-05
9.54650560527416e-05
9.546505936703239e-05
9.546505217839624e-05
9.546504883485556e-05
9.546506192780935e-05
9.546505093947196e-05
9.546505295494748e-05
9.546506506557865e-05
9.546506013384403e-05
9.546506732759403e-05
9.546506658191099e-05
9.54650697391548e-05
9.546507052607796e-05
9.54650730859135e-05
9.546507420130162e-05
9.546507098637697e-05
5.4851821601206076e-05
5.4851821601206076e-05
5.485182027285502e-05
5.4851819161245347e-05
5.4851821313688176e-05
5.4851816440679786e-05
5.485181746576384e-05
5.485181608245951e-05
5.4851816327026125e-05
5.4851818701621376e-05
5.4851812663707264e-05
5.485181665776392e-05
5.4851820031844356e-05
5.4851811595534546e-05
5.4851818405064435e-05
5.485182139684724e-05
5.4851821717995026e-05
5.485182187535463e-05
5.4851821426618715e-05
5.485182221342381e-05
5.4851822363137406e-05
5.485182448364494e-05
5.485182559184359e-05
5.485182215433588e-05
4.92660624440755e-05
4.92660624440755e-05
4.9266061319805386e-05
4.9266060223898025e-05
4.926606220174349e-05
4.926606182515136e-05
4.926606290412135e-05
4.9266061375270215e-05
4.92660616703125e-05
4.926606355869616e-05
4.926605813798486e-05
4.926606564133568e-05
4.926606427006763e-05
4.926605717011174e-05
4.9266066196703926e-05
4.9266064758012374e-05
4.9266067586995624e-05
4.926606437656396e-05
4.926606407093918e-05
4.9266063718892954e-05
4.926606356326773e-05
4.926606544950458e-05
4.9266066539027786e-05
4.926606303060987e-05
4.8522430422620194e-05
4.8522430422620194e-05
4.852242931868518e-05
4.8522428234027876e-05
4.852243018468026e-05
4.8522430135928856e-05
4.85224312113838e-05
4.852242968033209e-05
4.852242997946129e-05
4.8522431804930144e-05
4.852242648580275e-05
4.852243415719898e-05
4.852243245407534e-05
4.852242554282918e-05
4.8522434594171916e-05
4.852243286859802e-05
4.8522435813146016e-05
4.85224324384095e-05
4.852243214082077e-05
4.852243172860803e-05
4.852243155770812e-05
4.852243340662289e-05
4.852243447880236e-05
4.8522431005354894e-05
4.434455925338717e-05
4.434455925338717e-05
4.434455820457022e-05
4.434455718400493e-05
4.434455902695884e-05
4.4344559443133604e-05
4.4344560478079144e-05
4.434455898435189e-05
4.4344559291314854e-05
4.434456089734092e-05
4.43445559905797e-05
4.4344563484202516e-05
4.434456137748564e-05
4.434455516639747e-05
4.434456360496107e-05
4.4344561643134975e-05
4.434456443393913e-05
4.434456120969984e-05
4.434456091217729e-05
4.4344560522613656e-05
4.4344560363046906e-05
4.434456206266641e-05
4.434456303431186e-05
4.4344559801120235e-05
2.942256885405312e-05
2.942256885405312e-05
2.942256800108546e-05
2.9422567283269795e-05
2.9422568667599593e-05
2.9422569756598865e-05
2.9422570577632448e-05
2.9422569316207713e-05
2.942256964389254e-05
2.9422570367278307e-05
2.9422567221660382e-05
2.942257265404558e-05
2.9422570254150165e-05
2.9422566932106625e-05
2.942257167853583e-05
2.9422570111021506e-05
2.9422571307938847e-05
2.9422569957157127e-05
2.9422569610771918e-05
2.942256972025794e-05
2.9422569719583945e-05
2.9422570783022545e-05
2.9422571278865265e-05
2.9422569222388677e-05
2.25501429498425e-05
2.25501429498425e-05
2.255014231012855e-05
2.2550141970885154e-05
2.2550142806195443e-05
2.2550143914712686e-05
2.2550144455400108e-05
2.25501435187175e-05
2.2550143864613177e-05
2.2550143573943247e-05
2.2550142516467776e-05
2.255014473690481e-05
2.2550142837435577e-05
2.255014287794417e-05
2.255014262330382e-05
2.2550142346141326e-05
2.2550141113167883e-05
2.2550142694158372e-05
2.2550142261171775e-05
2.2550143195769735e-05
2.2550143447449265e-05
2.2550143753209527e-05
2.2550143655700145e-05
2.2550143087231136e-05
2.2469363679353716e-05
2.2469363679353716e-05
2.2469363038723132e-05
2.2469362706316412e-05
2.2469363535273378e-05
2.2469364439509398e-05
2.246936497125027e-05
2.2469364052958563e-05
2.246936439833201e-05
2.2469364118170756e-05
2.2469363056861956e-05
2.2469365085444753e-05
2.2469363407670372e-05
2.2469363422589058e-05
2.2469363027340707e-05
2.246936295475774e-05
2.2469361599974123e-05
2.246936334304713e-05
2.2469362903161133e-05
2.2469363892435212e-05
2.2469364158905468e-05
2.2469364460977014e-05
2.2469364355229884e-05
2.24693638118751e-05
2.2139847364760857e-05
2.2139847364760857e-05
2.2139846738006465e-05
2.2139846437083333e-05
2.213984722240585e-05
2.213984740581187e-05
2.213984789768279e-05
2.2139847067282168e-05
2.2139847415604626e-05
2.213984717997583e-05
2.213984609089157e-05
2.2139847480398764e-05
2.2139846581604948e-05
2.213984647113025e-05
2.213984567171847e-05
2.2139846274490276e-05
2.2139844571177333e-05
2.2139846786692218e-05
2.2139846325001318e-05
2.2139847480374742e-05
2.213984779090331e-05
2.2139848067626805e-05
2.213984792993286e-05
2.2139847479582834e-05
2.169379658915842e-05
2.169379658915842e-05
2.169379601004683e-05
2.169379575790576e-05
2.1693796455143005e-05
2.1693796028482206e-05
2.1693796465048316e-05
2.1693795758218583e-05
2.1693796118111116e-05
2.169379591006738e-05
2.1693794820347875e-05
2.1693795662217905e-05
2.169379542902287e-05
2.1693795227162383e-05
2.1693794135389776e-05
2.1693795256058458e-05
2.1693793348069206e-05
2.1693795851974854e-05
2.1693795374399285e-05
2.1693796641114326e-05
2.1693796980119778e-05
2.169379719541716e-05
2.169379701164031e-05
2.1693796682659822e-05
2.058991161731345e-05
2.058991161731345e-05
2.0589911207941433e-05
2.0589911090675166e-05
2.0589911514613855e-05
2.0589910150029645e-05
2.058991044336628e-05
2.0589910058790336e-05
2.0589910460773043e-05
2.0589910266570943e-05
2.0589909240368332e-05
2.0589909217072896e-05
2.058991002525695e-05
2.0589909727340062e-05
2.058990831205897e-05
2.0589910086941588e-05
2.0589908102985196e-05
2.058991075553067e-05
2.0589910260310184e-05
2.0589911620975796e-05
2.058991198049227e-05
2.0589911993044227e-05
2.058991168648324e-05
2.0589911660688766e-05
1.9286205719768458e-05
1.9286205719768458e-05
1.9286205580039135e-05
1.9286205643214e-05
1.9286205668212873e-05
1.9286203888775395e-05
1.92862040013384e-05
1.928620402605187e-05
1.9286204495577876e-05
1.9286204249775426e-05
1.9286203382215937e-05
1.9286202928361792e-05
1.9286204234442873e-05
1.928620398403587e-05
1.928620267945166e-05
1.9286204457333376e-05
1.9286202921493246e-05
1.9286205044980833e-05
1.928620455564785e-05
1.9286205802018732e-05
1.928620612365116e-05
1.928620582788459e-05
1.928620536216667e-05
1.9286205705933788e-05
1.839237572748277e-05
1.839237572748277e-05
1.8392375832211113e-05
1.8392376031264824e-05
1.839237572344314e-05
1.8392374450802196e-05
1.8392374437779905e-05
1.8392374749335658e-05
1.8392375280523775e-05
1.8392374927406822e-05
1.8392374251766072e-05
1.8392374181135718e-05
1.839237499035408e-05
1.8392374947656713e-05
1.8392374256612747e-05
1.8392375185965428e-05
1.839237452455635e-05
1.839237553868971e-05
1.839237508261122e-05
1.8392376008584297e-05
1.8392376237901734e-05
1.8392375673523745e-05
1.8392375092823076e-05
1.8392375680109583e-05
1.8171697656806812e-05
1.8171697656806812e-05
1.8171697820860882e-05
1.8171698034948595e-05
1.817169766504859e-05
1.817169708982954e-05
1.8171697071120524e-05
1.817169739758481e-05
1.817169794383012e-05
1.8171697525148212e-05
1.81716969283139e-05
1.8171697451857155e-05
1.8171697525531298e-05
1.817169764077898e-05
1.8171697432863376e-05
1.8171697602114258e-05
1.8171697459014733e-05
1.817169779235224e-05
1.8171697362596542e-05
1.8171698069276862e-05
1.8171698238333566e-05
1.8171697615325962e-05
1.8171697025556108e-05
1.817169761310337e-05
1.8144227585764268e-05
1.8144227585764268e-05
1.8144227735255192e-05
1.8144227932463215e-05
1.8144227591550357e-05
1.8144227270818218e-05
1.8144227271715676e-05
1.814422755409328e-05
1.8144228096480693e-05
1.814422766443677e-05
1.8144227073307644e-05
1.814422781976257e-05
1.8144227620729686e-05
1.8144227777419445e-05
1.8144227699020576e-05
1.8144227643759313e-05
1.8144227602122826e-05
1.814422779525953e-05
1.814422737267957e-05
1.8144228027686134e-05
1.8144228183305487e-05
1.8144227578884548e-05
1.8144227005011655e-05
1.8144227549768732e-05
1.813054821922836e-05
1.813054821922836e-05
1.813054835579134e-05
1.813054854230807e-05
1.8130548222662976e-05
1.8130547993881593e-05
1.8130548006238184e-05
1.813054826234924e-05
1.813054880105198e-05
1.8130548366190927e-05
1.8130547773807783e-05
1.8130548598564865e-05
1.8130548303384274e-05
1.8130548472321692e-05
1.8130548431385528e-05
1.8130548305632127e-05
1.813054828458792e-05
1.8130548446867566e-05
1.8130548026516112e-05
1.8130548668023962e-05
1.8130548820363302e-05
1.813054823023392e-05
1.813054766578785e-05
1.81305481871757e-05
1.80839430326944e-05
1.80839430326944e-05
1.808394313564017e-05
1.8083943296093827e-05
1.8083943029972622e-05
1.808394299815292e-05
1.8083943037852272e-05
1.808394323010762e-05
1.8083943758294007e-05
1.808394331834219e-05
1.8083942724982736e-05
1.8083943706095548e-05
1.808394321580469e-05
1.8083943410787404e-05
1.8083943444419552e-05
1.8083943174370713e-05
1.8083943191809692e-05
1.8083943294813343e-05
1.8083942879366275e-05
1.8083943493692705e-05
1.8083943639581598e-05
1.8083943083511867e-05
1.8083942541067408e-05
1.8083943009465043e-05
1.7978736153353302e-05
1.7978736153353302e-05
1.797873620050589e-05
1.7978736320184417e-05
1.7978736140380142e-05
1.7978736386319997e-05
1.79787364678523e-05
1.797873655976952e-05
1.797873706839269e-05
1.7978736621885935e-05
1.7978736034624687e-05
1.797873720874555e-05
1.7978736469269822e-05
1.7978736702986073e-05
1.7978736835519303e-05
1.7978736369710064e-05
1.7978736441470895e-05
1.7978736460524874e-05
1.7978736052673228e-05
1.797873662844014e-05
1.79787367652884e-05
1.7978736259317486e-05
1.7978735749253216e-05
1.7978736142495045e-05
1.7710684888916e-05
1.7710684888916e-05
1.7710684826451645e-05
1.7710684871215852e-05
1.7710684855741584e-05
1.771068554846483e-05
1.771068570474321e-05
1.7710685611061144e-05
1.7710686076497397e-05
1.7710685620623597e-05
1.7710685063244445e-05
1.7710686477386862e-05
1.771068540351044e-05
1.7710685705348112e-05
1.7710685982868387e-05
1.7710685219760694e-05
1.7710685382701414e-05
1.7710685261271675e-05
1.7710684867493397e-05
1.771068537944142e-05
1.771068550152915e-05
1.7710685079834517e-05
1.771068462455158e-05
1.7710684897520765e-05
1.714022940028173e-05
1.714022940028173e-05
1.7140229150410176e-05
1.714022907715584e-05
1.7140229332458285e-05
1.7140230598285752e-05
1.7140230867949305e-05
1.714023047916754e-05
1.7140230861381548e-05
1.7140230396235285e-05
1.7140229925221452e-05
1.714023147971186e-05
1.7140230134730576e-05
1.7140230538016735e-05
1.7140230968314534e-05
1.7140229865251018e-05
1.714023015515111e-05
1.7140229839361104e-05
1.7140229468123643e-05
1.714022989356446e-05
1.7140229996097144e-05
1.7140229691052977e-05
1.7140229312353518e-05
1.714022943277748e-05
1.6179899120106834e-05
1.6179899120106834e-05
1.6179898611188795e-05
1.6179898392340618e-05
1.617989900420075e-05
1.61799007292037e-05
1.617990113049394e-05
1.6179900372403033e-05
1.617990062292756e-05
1.6179900156848822e-05
1.6179899867285537e-05
1.61799011434353e-05
1.617989994913726e-05
1.6179900466706667e-05
1.6179900941703913e-05
1.617989966299332e-05
1.6179900078272215e-05
1.6179899573288553e-05
1.617989923070127e-05
1.617989957573933e-05
1.6179899661104267e-05
1.6179899469776983e-05
1.617989916734352e-05
1.617989916928583e-05
1.5220191887171219e-05
1.5220191887171219e-05
1.52201911883129e-05
1.5220190888370537e-05
1.5220191735745504e-05
1.5220193308979104e-05
1.5220193770088503e-05
1.5220192797449917e-05
1.5220192926522468e-05
1.5220192477449994e-05
1.5220192412662206e-05
1.5220192790628043e-05
1.5220192478155613e-05
1.5220193041875389e-05
1.5220193304500135e-05
1.522019232947454e-05
1.5220192763538743e-05
1.5220192235858967e-05
1.5220191910861509e-05
1.5220192253982303e-05
1.5220192341156882e-05
1.5220192164356608e-05
1.5220191874916044e-05
1.5220191924727711e-05
1.4785579054994143e-05
1.4785579054994143e-05
1.4785578363196025e-05
1.4785578100453004e-05
1.4785578904555403e-05
1.4785579830584906e-05
1.4785580240633561e-05
1.4785579350540583e-05
1.478557945012193e-05
1.4785579024479505e-05
1.4785579074992976e-05
1.4785578556699776e-05
1.478557924335792e-05
1.4785579755682303e-05
1.4785579697010082e-05
1.4785579290098194e-05
1.4785579626205163e-05
1.478557925368286e-05
1.4785578923875867e-05
1.4785579342647728e-05
1.4785579448894774e-05
1.4785579180912555e-05
1.4785578834385865e-05
1.4785579061283158e-05
1.4700709069718246e-05
1.4700709069718246e-05
1.4700708451666575e-05
1.4700708244423959e-05
1.4700708932860998e-05
1.4700709456363484e-05
1.4700709808942503e-05
1.470070905406054e-05
1.4700709175781352e-05
1.4700708761105475e-05
1.4700708813149339e-05
1.4700707983909554e-05
1.470070905884592e-05
1.4700709518980347e-05
1.4700709308035408e-05
1.4700709194581274e-05
1.4700709455311984e-05
1.4700709199672267e-05
1.4700708860648751e-05
1.4700709332716835e-05
1.4700709451652377e-05
1.4700709115811838e-05
1.4700708725263313e-05
1.4700709058360076e-05
1.4673810119985353e-05
1.4673810119985353e-05
1.4673809541946336e-05
1.467380936023969e-05
1.4673809990573798e-05
1.4673810379384921e-05
1.4673810707403146e-05
1.4673810015283582e-05
1.4673810152103122e-05
1.4673809741024856e-05
1.4673809779857832e-05
1.467380889777095e-05
1.4673810052708616e-05
1.4673810491990232e-05
1.4673810237984416e-05
1.4673810211826308e-05
1.4673810444987872e-05
1.4673810231680612e-05
1.4673809888906183e-05
1.4673810379066945e-05
1.4673810502253987e-05
1.467381014362184e-05
1.4673809737786873e-05
1.4673810103436913e-05
1.4612787092463812e-05
1.4612787092463812e-05
1.4612786580655688e-05
1.4612786439002406e-05
1.4612786975480196e-05
1.4612787174184322e-05
1.4612787464919642e-05
1.4612786870293024e-05
1.461278703056695e-05
1.46127866261078e-05
1.4612786641471244e-05
1.4612785710187276e-05
1.4612786949819255e-05
1.4612787359864581e-05
1.4612787044405104e-05
1.4612787139605163e-05
1.4612787334200632e-05
1.4612787179904329e-05
1.4612786832961133e-05
1.4612787346373688e-05
1.4612787475179078e-05
1.461278708950334e-05
1.4612786664628758e-05
1.461278706973328e-05
1.4466146858572903e-05
1.4466146858572903e-05
1.4466146457865436e-05
1.4466146380284145e-05
1.446614676266055e-05
1.4466146679546003e-05
1.4466146912676379e-05
1.4466146471115578e-05
1.4466146664985224e-05
1.446614627471025e-05
1.4466146254577439e-05
1.4466145273560158e-05
1.4466146606505788e-05
1.4466146976881742e-05
1.4466146561171894e-05
1.4466146841173376e-05
1.4466146981712859e-05
1.446614690988351e-05
1.4466146560519128e-05
1.4466147101791158e-05
1.446614723785522e-05
1.4466146826413293e-05
1.446614638088093e-05
1.446614682919331e-05
1.4115198835292896e-05
1.4115198835292896e-05
1.4115198626424264e-05
1.4115198652997765e-05
1.411519877626678e-05
1.4115198279043872e-05
1.4115198423050119e-05
1.4115198223333221e-05
1.4115198461519116e-05
1.4115198103221855e-05
1.4115198032795297e-05
1.4115197023784016e-05
1.411519842556858e-05
1.4115198747808478e-05
1.411519815964947e-05
1.4115198726374842e-05
1.4115198795934053e-05
1.4115198831812812e-05
1.4115198488611377e-05
1.411519905398156e-05
1.4115199197998072e-05
1.4115198784941297e-05
1.4115198328347407e-05
1.4115198802309998e-05
1.3413972833890348e-05
1.3413972833890348e-05
1.3413972906534953e-05
1.3413973072792094e-05
1.3413972830022463e-05
1.3413971870615962e-05
1.3413971904837242e-05
1.3413972014296069e-05
1.341397228915991e-05
1.341397199341598e-05
1.341397187235923e-05
1.3413970936482073e-05
1.3413972255017052e-05
1.341397254807369e-05
1.3413971706783151e-05
1.3413972630474823e-05
1.3413972641135712e-05
1.3413972764821667e-05
1.3413972451959705e-05
1.3413973003677489e-05
1.3413973150045597e-05
1.3413972822142099e-05
1.3413972399548693e-05
1.3413972811614818e-05
1.2414716053253675e-05
1.2414716053253675e-05
1.2414716401708405e-05
1.2414716680821441e-05
1.2414716105303094e-05
1.241471495724328e-05
1.2414714922137861e-05
1.241471525131031e-05
1.2414715510245806e-05
1.2414715304596818e-05
1.2414715176259316e-05
1.2414714519156675e-05
1.2414715421613708e-05
1.2414715761349387e-05
1.241471467203688e-05
1.2414715829432673e-05
1.2414715864424388e-05
1.2414715946719903e-05
1.2414715702561753e-05
1.2414716151437716e-05
1.2414716283131844e-05
1.241471619794826e-05
1.2414715900132261e-05
1.2414716070538797e-05
1.1660959573487184e-05
1.1660959573487184e-05
1.1660959978304582e-05
1.1660960241372353e-05
1.1660959640014151e-05
1.1660958882314384e-05
1.1660958895218643e-05
1.1660959134125607e-05
1.1660959305239636e-05
1.1660959165366703e-05
1.166095910424101e-05
1.1660958840818838e-05
1.1660959114766673e-05
1.1660959585986182e-05
1.1660958446839903e-05
1.166095946259977e-05
1.1660959635288983e-05
1.1660959502800148e-05
1.1660959336347615e-05
1.1660959618390905e-05
1.1660959719459448e-05
1.1660959942578664e-05
1.16609598188947e-05
1.1660959646026835e-05
1.1432396745504802e-05
1.1432396745504802e-05
1.1432397021517486e-05
1.1432397192143472e-05
1.1432396789006344e-05
1.1432396553015873e-05
1.1432396661280971e-05
1.1432396660866447e-05
1.1432396753458478e-05
1.143239662022497e-05
1.1432396631840825e-05
1.14323965793968e-05
1.1432396497632875e-05
1.1432397069889564e-05
1.143239604884068e-05
1.1432396762416692e-05
1.1432397057192513e-05
1.1432396736321386e-05
1.143239660266773e-05
1.1432396784562538e-05
1.1432396864473452e-05
1.1432397235768112e-05
1.1432397204196729e-05
1.1432396847198229e-05
1.1404660194708043e-05
1.1404660194708043e-05
1.1404660389584857e-05
1.1404660514212352e-05
1.1404660222737857e-05
1.1404660178679478e-05
1.1404660327342103e-05
1.1404660219181066e-05
1.1404660288729301e-05
1.1404660145540437e-05
1.1404660180941098e-05
1.1404660154996574e-05
1.1404660021682363e-05
1.1404660618196632e-05
1.140465967292005e-05
1.1404660254667957e-05
1.140466058319643e-05
1.1404660210438702e-05
1.1404660077753474e-05
1.1404660242160164e-05
1.1404660317455843e-05
1.14046606996112e-05
1.1404660678826033e-05
1.1404660299662764e-05
1.1396373929330671e-05
1.1396373929330671e-05
1.1396374097126414e-05
1.1396374207598336e-05
1.139637395208274e-05
1.1396373955138642e-05
1.1396374115044806e-05
1.1396373976152601e-05
1.1396374040551112e-05
1.1396373893603416e-05
1.1396373934016674e-05
1.139637390498742e-05
1.1396373774894268e-05
1.139637437390408e-05
1.1396373456359957e-05
1.139637399883402e-05
1.1396374332111031e-05
1.1396373951713234e-05
1.1396373817732818e-05
1.139637398075081e-05
1.1396374055458646e-05
1.1396374430977874e-05
1.1396374408121491e-05
1.1396374033405918e-05
1.1371107569870071e-05
1.1371107569870071e-05
1.1371107685135826e-05
1.1371107767877372e-05
1.1371107582345816e-05
1.1371107668453551e-05
1.1371107849603012e-05
1.1371107653406617e-05
1.1371107707083893e-05
1.1371107556190757e-05
1.1371107604360938e-05
1.1371107566896271e-05
1.1371107450494384e-05
1.1371108049646582e-05
1.1371107193233197e-05
1.1371107655021846e-05
1.1371107991150842e-05
1.1371107604472521e-05
1.1371107469407803e-05
1.1371107628664434e-05
1.1371107702355864e-05
1.137110805985615e-05
1.1371108030692851e-05
1.1371107671012087e-05
1.1313653634305628e-05
1.1313653634305628e-05
1.1313653676164317e-05
1.1313653718567896e-05
1.1313653632403693e-05
1.1313653825437345e-05
1.1313654036451945e-05
1.1313653762306665e-05
1.1313653797231985e-05
1.1313653649822342e-05
1.1313653705887137e-05
1.1313653659076737e-05
1.1313653566044156e-05
1.1313654157335063e-05
1.1313653403566049e-05
1.1313653737456042e-05
1.131365406589211e-05
1.1313653685435312e-05
1.1313653553748937e-05
1.1313653701705307e-05
1.1313653773595624e-05
1.1313654100127196e-05
1.1313654060394832e-05
1.131365372961458e-05
1.1175139449000538e-05
1.1175139449000538e-05
1.117513938277755e-05
1.1175139361560676e-05
1.1175139425905212e-05
1.1175139756097046e-05
1.1175140011914401e-05
1.1175139627521053e-05
1.1175139624833341e-05
1.1175139505468442e-05
1.1175139566176242e-05
1.1175139513885772e-05
1.1175139462465736e-05
1.1175140022671732e-05
1.1175139463299962e-05
1.1175139569661608e-05
1.1175139858269406e-05
1.1175139523345054e-05
1.1175139409329487e-05
1.1175139524544359e-05
1.1175139592652234e-05
1.1175139860647573e-05
1.1175139801878608e-05
1.1175139531652707e-05
1.0916926168271264e-05
1.0916926168271264e-05
1.091692599393795e-05
1.0916925899161253e-05
1.091692612392427e-05
1.0916926544530346e-05
1.0916926847168469e-05
1.0916926362903216e-05
1.091692629910761e-05
1.0916926261409744e-05
1.091692631053013e-05
1.0916926272648749e-05
1.0916926278830644e-05
1.0916926762499701e-05
1.0916926498623742e-05
1.0916926285611824e-05
1.0916926468028384e-05
1.0916926263256539e-05
1.0916926196663046e-05
1.0916926241305841e-05
1.0916926302949218e-05
1.0916926482503082e-05
1.0916926396797199e-05
1.0916926228812478e-05
1.0591057005924026e-05
1.0591057005924026e-05
1.0591056811549435e-05
1.0591056679476319e-05
1.0591056957511904e-05
1.0591057283316754e-05
1.0591057599388828e-05
1.0591057121479361e-05
1.0591056990312616e-05
1.0591057095712265e-05
1.0591057103929364e-05
1.0591057116396611e-05
1.0591057171086669e-05
1.0591057532091171e-05
1.0591057564014425e-05
1.059105707296267e-05
1.059105707750181e-05
1.0591057098532807e-05
1.0591057111707616e-05
1.0591057053004457e-05
1.0591057107044812e-05
1.0591057198887988e-05
1.0591057089410904e-05
1.059105703980053e-05
1.0390696083690734e-05
1.0390696083690734e-05
1.0390696000558856e-05
1.0390695906626728e-05
1.0390696056945321e-05
1.0390696112351027e-05
1.0390696387716368e-05
1.039069605222371e-05
1.0390695894912608e-05
1.0390696119629043e-05
1.0390696078113393e-05
1.0390696151727492e-05
1.039069620700405e-05
1.0390696474264836e-05
1.039069658496317e-05
1.0390696075191861e-05
1.0390695937795944e-05
1.0390696145105673e-05
1.0390696222236178e-05
1.0390696092760087e-05
1.039069614327539e-05
1.0390696212691006e-05
1.0390696101130117e-05
1.0390696104414181e-05
1.0343003999071035e-05
1.0343003999071035e-05
1.0343004021352374e-05
1.0343003979232761e-05
1.0343003992937932e-05
1.03430038655594e-05
1.0343004099100417e-05
1.0343003882338613e-05
1.0343003737267724e-05
1.0343003990666378e-05
1.0343003927488847e-05
1.0343004027851733e-05
1.034300405843158e-05
1.0343004308241288e-05
1.0343004334399527e-05
1.0343003951758533e-05
1.0343003784424762e-05
1.0343004034886627e-05
1.0343004125755377e-05
1.0343003988818731e-05
1.0343004040220557e-05
1.0343004135266574e-05
1.0343004034156856e-05
1.0343004022151357e-05
1.0337796678339179e-05
1.0337796678339179e-05
1.0337796730868227e-05
1.0337796706360919e-05
1.0337796678132044e-05
1.0337796510587607e-05
1.0337796731424089e-05
1.0337796546216147e-05
1.0337796411006178e-05
1.0337796658333285e-05
1.0337796593134076e-05
1.0337796696209006e-05
1.033779671502362e-05
1.0337796971718395e-05
1.0337796946319166e-05
1.0337796625441553e-05
1.0337796467551555e-05
1.0337796707308446e-05
1.0337796794097978e-05
1.0337796665226245e-05
1.0337796717603162e-05
1.0337796827756048e-05
1.0337796731807474e-05
1.0337796704527994e-05
1.0335158367347477e-05
1.0335158367347477e-05
1.0335158430117443e-05
1.0335158412300547e-05
1.0335158369145914e-05
1.0335158190468696e-05
1.0335158406636034e-05
1.0335158231886918e-05
1.0335158101515117e-05
1.0335158343645382e-05
1.0335158278512243e-05
1.033515838186592e-05
1.0335158395116076e-05
1.0335158656463591e-05
1.033515860717441e-05
1.0335158313775787e-05
1.033515816347743e-05
1.0335158393868336e-05
1.0335158477407284e-05
1.033515835365055e-05
1.033515840652182e-05
1.0335158523220372e-05
1.0335158429572838e-05
1.0335158395011195e-05
1.0325950614889432e-05
1.0325950614889432e-05
1.0325950698256562e-05
1.0325950694748608e-05
1.0325950620711157e-05
1.0325950420554556e-05
1.0325950626443939e-05
1.032595047357757e-05
1.0325950354236365e-05
1.032595058385859e-05
1.0325950518832873e-05
1.0325950623687492e-05
1.0325950623047252e-05
1.0325950894384514e-05
1.0325950791532645e-05
1.0325950560747582e-05
1.0325950429892767e-05
1.0325950635674682e-05
1.032595071113127e-05
1.0325950599648958e-05
1.0325950653639464e-05
1.0325950783615112e-05
1.0325950695196981e-05
1.0325950645457175e-05
1.0305032218261947e-05
1.0305032218261947e-05
1.0305032327292482e-05
1.0305032343240762e-05
1.0305032229068744e-05
1.0305032002242213e-05
1.0305032193250899e-05
1.030503207019294e-05
1.0305031966696665e-05
1.030503217816086e-05
1.0305032112467218e-05
1.0305032222380521e-05
1.030503219860328e-05
1.0305032481835869e-05
1.0305032303461969e-05
1.0305032164370163e-05
1.0305032064871822e-05
1.030503222980691e-05
1.0305032292793421e-05
1.0305032199711041e-05
1.0305032255277502e-05
1.0305032400703974e-05
1.0305032319912274e-05
1.0305032251863832e-05
1.0252276458154171e-05
1.0252276458154171e-05
1.0252276599532669e-05
1.0252276644523563e-05
1.025227647516461e-05
1.0252276214426568e-05
1.0252276380786317e-05
1.0252276302676054e-05
1.025227622486099e-05
1.0252276406738888e-05
1.0252276337726003e-05
1.0252276463300464e-05
1.0252276394013872e-05
1.025227669007175e-05
1.0252276392835474e-05
1.025227640704822e-05
1.0252276366519577e-05
1.025227645206268e-05
1.0252276492879845e-05
1.0252276431348977e-05
1.0252276489384037e-05
1.0252276650809003e-05
1.0252276582707601e-05
1.0252276493800197e-05
1.0144463814258264e-05
1.0144463814258264e-05
1.0144463975447567e-05
1.0144464051495604e-05
1.0144463834832998e-05
1.014446355237781e-05
1.0144463686304225e-05
1.0144463657440329e-05
1.0144463612110961e-05
1.0144463756244186e-05
1.0144463677886903e-05
1.014446384030344e-05
1.0144463695277013e-05
1.0144463992606206e-05
1.0144463553500008e-05
1.0144463772048346e-05
1.0144463824526606e-05
1.014446377976426e-05
1.0144463788154992e-05
1.0144463770371566e-05
1.014446383132546e-05
1.0144463992251111e-05
1.0144463940974667e-05
1.0144463845897055e-05
9.979566269358356e-06
9.979566269358356e-06
9.979566398878098e-06
9.979566485428648e-06
9.979566283170597e-06
9.979566031226068e-06
9.979566138407713e-06
9.979566129238275e-06
9.979566107976904e-06
9.97956622337436e-06
9.979566126861885e-06
9.979566353625834e-06
9.979566113124981e-06
9.97956637840386e-06
9.979565853675555e-06
9.97956624546104e-06
9.979566406787541e-06
9.97956620055504e-06
9.979566175468671e-06
9.979566198296089e-06
9.97956626095091e-06
9.979566376030504e-06
9.979566338931003e-06
9.979566283576296e-06
9.841502419306543e-06
9.841502419306543e-06
9.841502452344552e-06
9.84150250529113e-06
9.841502413679009e-06
9.841502259496139e-06
9.841502370908976e-06
9.841502314329718e-06
9.841502283597936e-06
9.841502408331474e-06
9.841502292710625e-06
9.841502580554243e-06
9.841502286150585e-06
9.841502486249048e-06
9.841502042583539e-06
9.841502415631958e-06
9.841502627102492e-06
9.8415023330548e-06
9.841502299232567e-06
9.841502324945e-06
9.841502385820507e-06
9.841502412192601e-06
9.841502373562678e-06
9.841502406470909e-06
9.793571068162382e-06
9.793571068162382e-06
9.793571019257107e-06
9.793571027297606e-06
9.793571046316158e-06
9.793570976707242e-06
9.793571113092537e-06
9.793570989337418e-06
9.793570930046217e-06
9.79357108647376e-06
9.79357096382529e-06
9.793571269045509e-06
9.793570989171923e-06
9.793571141601674e-06
9.793570853872201e-06
9.793571072663546e-06
9.793571255597861e-06
9.793570989028558e-06
9.79357097136469e-06
9.79357096896825e-06
9.793571026569824e-06
9.793570990461533e-06
9.793570939486565e-06
9.793571038894084e-06
9.787495625855178e-06
9.787495625855178e-06
9.787495554764629e-06
9.787495545873134e-06
9.787495599705368e-06
9.787495553886837e-06
9.787495703264907e-06
9.787495553325979e-06
9.787495480497004e-06
9.78749565191654e-06
9.787495530268822e-06
9.78749582905979e-06
9.787495572249764e-06
9.78749571349288e-06
9.787495495686099e-06
9.787495629781973e-06
9.787495783077845e-06
9.78749555532366e-06
9.787495549315839e-06
9.787495529862917e-06
9.787495586030333e-06
9.787495536945998e-06
9.78749547955028e-06
9.78749559411557e-06
9.78632791157904e-06
9.78632791157904e-06
9.786327838412619e-06
9.786327826662818e-06
9.786327885052874e-06
9.786327842264648e-06
9.786327994515116e-06
9.786327839805082e-06
9.78632776438945e-06
9.786327938255569e-06
9.78632781775702e-06
9.786328111606526e-06
9.786327864024232e-06
9.786328004009508e-06
9.786327803078938e-06
9.786327914500303e-06
9.78632805768566e-06
9.786327843987212e-06
9.786327841529454e-06
9.786327817278945e-06
9.786327873122985e-06
9.786327824116768e-06
9.786327765482582e-06
9.786327880223763e-06
9.78340987872541e-06
9.78340987872541e-06
9.783409804404266e-06
9.78340978985442e-06
9.783409852023374e-06
9.78340981328819e-06
9.78340996869186e-06
9.78340980859356e-06
9.783409731135214e-06
9.783409905463052e-06
9.783409787402908e-06
9.783410070500874e-06
9.78340984033569e-06
9.78340997752343e-06
9.783409804127872e-06
9.783409879594201e-06
9.783410005962403e-06
9.783409815800166e-06
9.783409819118185e-06
9.783409787226182e-06
9.783409842588521e-06
9.783409795535834e-06
9.783409736128189e-06
9.783409848417744e-06
9.776362388688687e-06
9.776362388688687e-06
9.776362315165331e-06
9.776362299455918e-06
9.776362362212611e-06
9.776362330306759e-06
9.776362487467435e-06
9.776362322921072e-06
9.776362246779969e-06
9.77636241427076e-06
9.77636230090564e-06
9.776362562308334e-06
9.776362363945014e-06
9.776362493470783e-06
9.776362366039579e-06
9.77636238584323e-06
9.776362485783107e-06
9.776362332534049e-06
9.7763623448527e-06
9.776362301209857e-06
9.776362355860255e-06
9.776362313864267e-06
9.776362255938198e-06
9.776362360345559e-06
9.75992899711322e-06
9.75992899711322e-06
9.759928930130762e-06
9.759928919662402e-06
9.759928972004113e-06
9.759928952529394e-06
9.759929105306894e-06
9.75992894247138e-06
9.75992887852788e-06
9.759929018267865e-06
9.759928914157728e-06
9.759929130824881e-06
9.75992899239426e-06
9.759929102071015e-06
9.75992905388499e-06
9.759928987417597e-06
9.759929045848678e-06
9.759928950309605e-06
9.759928976652027e-06
9.759928915003114e-06
9.759928968616071e-06
9.75992893853825e-06
9.759928889007803e-06
9.759928972428406e-06
9.730775000367665e-06
9.730775000367665e-06
9.730774951602165e-06
9.730774961559566e-06
9.730774978876713e-06
9.730774977395754e-06
9.730775110526609e-06
9.730774967363073e-06
9.730774938185867e-06
9.730775011116442e-06
9.73077492153674e-06
9.730775064768556e-06
9.730775015969734e-06
9.730775086657696e-06
9.730775144631936e-06
9.730774980701855e-06
9.730774991165406e-06
9.730774961766417e-06
9.730775004112394e-06
9.730774922522584e-06
9.730774975094033e-06
9.730774966784616e-06
9.73077493935228e-06
9.730774981047409e-06
9.698231272846242e-06
9.698231272846242e-06
9.698231252648815e-06
9.698231299178254e-06
9.698231256882661e-06
9.698231270842955e-06
9.698231367354752e-06
9.69823126661712e-06
9.698231292658069e-06
9.698231268746735e-06
9.698231193317011e-06
9.698231260732609e-06
9.698231292971078e-06
9.698231315011625e-06
9.698231451197839e-06
9.69823124456729e-06
9.698231231942332e-06
9.698231233388215e-06
9.698231283096071e-06
9.698231193465904e-06
9.698231245821661e-06
9.698231262825985e-06
9.698231269117968e-06
9.698231258217163e-06
9.681389820044899e-06
9.681389820044899e-06
9.681389819666843e-06
9.681389894780264e-06
9.68138980781233e-06
9.68138982357353e-06
9.681389890548933e-06
9.681389827428908e-06
9.68138989233458e-06
9.681389806654714e-06
9.681389735052208e-06
9.681389777271812e-06
9.681389824170051e-06
9.681389821169249e-06
9.681389949896657e-06
9.681389790698875e-06
9.68138979846096e-06
9.681389770474682e-06
9.681389812959578e-06
9.681389733892309e-06
9.681389787078109e-06
9.681389815456515e-06
9.681389844550157e-06
9.681389806071408e-06
9.677964874859146e-06
9.677964874859146e-06
9.677964877657048e-06
9.677964959254112e-06
9.67796486316302e-06
9.67796487408206e-06
9.67796493384673e-06
9.677964881604385e-06
9.677964953144443e-06
9.677964860541452e-06
9.677964786154215e-06
9.677964840044354e-06
9.677964865328492e-06
9.677964863323172e-06
9.677964955149013e-06
9.677964848178672e-06
9.677964880195445e-06
9.67796481826725e-06
9.677964852558408e-06
9.67796478438051e-06
9.677964838250399e-06
9.677964864849597e-06
9.677964897322575e-06
9.677964859492784e-06
9.677510802060123e-06
9.677510802060123e-06
9.677510803694014e-06
9.67751088448103e-06
9.67751079011682e-06
9.67751079876371e-06
9.67751085909716e-06
9.677510806859968e-06
9.677510876393045e-06
9.677510788500046e-06
9.677510712515275e-06
9.677510774432307e-06
9.677510788697426e-06
9.677510790271276e-06
9.67751086725283e-06
9.67751077665249e-06
9.677510816364275e-06
9.677510743878465e-06
9.677510775700599e-06
9.677510710666573e-06
9.677510764704507e-06
9.677510789067366e-06
9.677510820167736e-06
9.677510786021187e-06
9.677053459625316e-06
9.677053459625316e-06
9.677053459880024e-06
9.677053539466897e-06
9.677053447396881e-06
9.677053454257428e-06
9.677053515526108e-06
9.677053462684121e-06
9.6770535299202e-06
9.677053446826977e-06
9.677053369640715e-06
9.677053438169048e-06
9.67705344355092e-06
9.677053448472221e-06
9.677053513867544e-06
9.677053435243274e-06
9.677053480411559e-06
9.677053400656253e-06
9.67705343090951e-06
9.677053367801981e-06
9.67705342191838e-06
9.677053444197624e-06
9.677053473841433e-06
9.677053443051629e-06
9.675701420602329e-06
9.675701420602329e-06
9.675701417803945e-06
9.675701494831598e-06
9.675701407739474e-06
9.675701411204481e-06
9.67570147425177e-06
9.675701420324924e-06
9.67570148291875e-06
9.675701409311693e-06
9.675701330127582e-06
9.675701411177483e-06
9.675701399320655e-06
9.675701411077257e-06
9.675701453752742e-06
9.67570139823978e-06
9.675701453342073e-06
9.675701360933021e-06
9.675701388843613e-06
9.675701328442354e-06
9.675701382598085e-06
9.675701400434943e-06
9.675701427271205e-06
9.67570140300083e-06
9.672521054678554e-06
9.672521054678554e-06
9.672521046584268e-06
9.672521119519845e-06
9.67252104070385e-06
9.67252103922622e-06
9.672521104528247e-06
9.67252104961818e-06
9.672521105200418e-06
9.672521045630363e-06
9.672520964278039e-06
9.672521063222048e-06
9.672521025467508e-06
9.672521048087863e-06
9.672521055747235e-06
9.672521035428214e-06
9.672521104209396e-06
9.672520995832886e-06
9.672521021811756e-06
9.672520963133077e-06
9.67252101708517e-06
9.672521027372102e-06
9.672521050276625e-06
9.672521035554401e-06
9.664765466218542e-06
9.664765466218542e-06
9.664765448190647e-06
9.664765514243838e-06
9.6647654501323e-06
9.664765441391429e-06
9.664765509054127e-06
9.664765454355712e-06
9.664765499084667e-06
9.66476546056391e-06
9.664765377952518e-06
9.664765502269306e-06
9.664765424396853e-06
9.66476546528268e-06
9.664765416401702e-06
9.664765451987836e-06
9.664765538920742e-06
9.664765413322393e-06
9.664765440261658e-06
9.664765378415891e-06
9.664765431396435e-06
9.664765427810968e-06
9.664765445404632e-06
9.664765444789098e-06
9.648797079991325e-06
9.648797079991325e-06
9.648797045636634e-06
9.648797101938802e-06
9.648797060383307e-06
9.648797043620655e-06
9.648797111486897e-06
9.64879706119129e-06
9.648797092588492e-06
9.648797078323165e-06
9.648796999140451e-06
9.64879714914792e-06
9.648797021842542e-06
9.648797088623841e-06
9.648796964617592e-06
9.648797072416475e-06
9.64879717454291e-06
9.648797045482598e-06
9.648797082949533e-06
9.64879700340615e-06
9.648797053638084e-06
9.648797027807041e-06
9.64879704072093e-06
9.648797055848162e-06
9.624202787569022e-06
9.624202787569022e-06
9.624202733031404e-06
9.624202779975052e-06
9.624202763518738e-06
9.624202743596493e-06
9.62420280535203e-06
9.624202767523354e-06
9.62420279022332e-06
9.62420278808073e-06
9.624202722643398e-06
9.624202876742976e-06
9.624202716835934e-06
9.624202808499254e-06
9.624202622379595e-06
9.624202785468208e-06
9.624202881102597e-06
9.624202790642033e-06
9.624202856549932e-06
9.624202733597628e-06
9.62420277844724e-06
9.624202726075118e-06
9.62420274020665e-06
9.624202761929406e-06
9.6030709772271e-06
9.6030709772271e-06
9.603070911522125e-06
9.603070957196573e-06
9.603070950589926e-06
9.603070938719055e-06
9.603070987840046e-06
9.603070967135769e-06
9.603070996317503e-06
9.603070974956079e-06
9.603070930945666e-06
9.603071047117631e-06
9.603070910573502e-06
9.60307100564332e-06
9.603070829844496e-06
9.603070974154846e-06
9.603071029514496e-06
9.603071022621987e-06
9.603071126607806e-06
9.6030709484614e-06
9.603070987461128e-06
9.603070921799142e-06
9.60307094678463e-06
9.603070953460107e-06
9.595426793675996e-06
9.595426793675996e-06
9.595426731501206e-06
9.595426783262158e-06
9.595426767668593e-06
9.595426767509278e-06
9.595426807123727e-06
9.595426795941208e-06
9.595426839512309e-06
9.595426786476938e-06
9.595426755851449e-06
9.595426825439725e-06
9.595426741831492e-06
9.595426820719598e-06
9.595426706802298e-06
9.595426785081299e-06
9.595426799763627e-06
9.595426856992202e-06
9.595426981393292e-06
9.59542677541983e-06
9.595426812100767e-06
9.595426752678707e-06
9.595426789079293e-06
9.595426773254601e-06
9.594283367570519e-06
9.594283367570519e-06
9.59428331059321e-06
9.59428336637871e-06
9.594283342652977e-06
9.594283347362644e-06
9.59428338464871e-06
9.594283374596581e-06
9.59428342509518e-06
9.594283358150752e-06
9.594283329800934e-06
9.59428338151122e-06
9.594283323600714e-06
9.594283391733643e-06
9.594283312552128e-06
9.594283355892061e-06
9.594283356986495e-06
9.594283430080924e-06
9.59428355630708e-06
9.594283348764223e-06
9.594283385661742e-06
9.594283333668288e-06
9.594283374035933e-06
9.594283348668439e-06
9.59392144286335e-06
9.59392144286335e-06
9.593921388046224e-06
9.593921445185634e-06
9.593921418408517e-06
9.593921424349899e-06
9.593921461350644e-06
9.593921451039902e-06
9.59392150351743e-06
9.593921432835197e-06
9.593921404400436e-06
9.593921451755579e-06
9.593921401332092e-06
9.593921465778199e-06
9.593921397644971e-06
9.59392143020966e-06
9.593921428549576e-06
9.593921503266081e-06
9.593921628358262e-06
9.593921422821084e-06
9.593921460057838e-06
9.59392141105373e-06
9.593921452308498e-06
9.593921424389223e-06
9.5929316880073e-06
9.5929316880073e-06
9.592931636929903e-06
9.592931696295429e-06
9.592931664355114e-06
9.592931672155237e-06
9.592931708726378e-06
9.592931697973081e-06
9.592931753597867e-06
9.592931677014274e-06
9.592931648302393e-06
9.592931688727815e-06
9.592931650561408e-06
9.59293170875394e-06
9.592931659160251e-06
9.592931673727127e-06
9.592931668110377e-06
9.592931744062432e-06
9.592931866309598e-06
9.592931665525927e-06
9.592931703480938e-06
9.592931659656102e-06
9.592931702343432e-06
9.59293167024235e-06
9.590540247651458e-06
9.590540247651458e-06
9.590540201946424e-06
9.590540264397897e-06
9.590540225150228e-06
9.590540235395626e-06
9.590540271069508e-06
9.59054026018347e-06
9.590540320162654e-06
9.590540235305558e-06
9.590540206528063e-06
9.5905402366209e-06
9.590540216257457e-06
9.590540265297753e-06
9.59054024298686e-06
9.590540231000164e-06
9.59054022000285e-06
9.590540296719214e-06
9.590540413711209e-06
9.590540221514935e-06
9.590540260696634e-06
9.59054022438868e-06
9.590540269359793e-06
9.590540230954238e-06
9.584292378984855e-06
9.584292378984855e-06
9.584292341493319e-06
9.584292408411976e-06
9.58429235823592e-06
9.5842923717438e-06
9.584292405167628e-06
9.58429239557044e-06
9.584292461905684e-06
9.584292364607183e-06
9.584292336810453e-06
9.584292349553921e-06
9.584292357482882e-06
9.584292391938977e-06
9.584292413682701e-06
9.584292358562357e-06
9.584292339669052e-06
9.584292415658053e-06
9.584292521763768e-06
9.584292347022721e-06
9.584292388566897e-06
9.584292363973751e-06
9.584292413180634e-06
9.58429236408771e-06
9.56962199184502e-06
9.56962199184502e-06
9.56962196483785e-06
9.569622036809581e-06
9.569621973313164e-06
9.56962198976588e-06
9.569622017969247e-06
9.569622013985389e-06
9.569622087676219e-06
9.569621974956421e-06
9.569621951312798e-06
9.56962193767555e-06
9.569621984693936e-06
9.569621998937867e-06
9.56962208324701e-06
9.569621966210156e-06
9.569621937978131e-06
9.56962200826354e-06
9.569622093033575e-06
9.56962195186918e-06
9.569621997702737e-06
9.569621988650129e-06
9.569622045262048e-06
9.569621979697116e-06
9.539634570968188e-06
9.539634570968188e-06
9.539634552739683e-06
9.539634627165694e-06
9.539634554239059e-06
9.539634569831362e-06
9.539634587236129e-06
9.539634598806616e-06
9.539634676583634e-06
9.53963455220049e-06
9.539634539981797e-06
9.539634492648839e-06
9.539634580551109e-06
9.539634573503751e-06
9.539634727527102e-06
9.539634539878477e-06
9.539634505823074e-06
9.53963455833257e-06
9.539634604916037e-06
9.539634522722123e-06
9.53963457562685e-06
9.539634581179087e-06
9.539634649462111e-06
9.539634562357965e-06
9.49610769055856e-06
9.49610769055856e-06
9.496107668465855e-06
9.496107735990527e-06
9.496107672861064e-06
9.496107677955611e-06
9.496107679096649e-06
9.496107719307765e-06
9.496107788485743e-06
9.496107673350259e-06
9.496107682100296e-06
9.496107611653555e-06
9.496107708193317e-06
9.496107696244707e-06
9.496107876205038e-06
9.49610765830915e-06
9.496107633350194e-06
9.496107651178165e-06
9.496107648113763e-06
9.496107640867494e-06
9.496107702037655e-06
9.496107706340956e-06
9.496107787374988e-06
9.496107684430114e-06
9.46206266142822e-06
9.46206266142822e-06
9.46206261779933e-06
9.462062668399763e-06
9.46206263898247e-06
9.46206262585247e-06
9.46206261420106e-06
9.46206268257784e-06
9.462062728973868e-06
9.462062650203663e-06
9.462062679537306e-06
9.462062620848682e-06
9.462062666810785e-06
9.4620626804314e-06
9.462062795133695e-06
9.462062635915011e-06
9.462062637479139e-06
9.462062619442299e-06
9.462062585811068e-06
9.462062622545389e-06
9.462062687638382e-06
9.462062665744478e-06
9.462062751580989e-06
9.462062654167282e-06
9.451470780561388e-06
9.451470780561388e-06
9.4514707174052e-06
9.45147075533352e-06
9.451470753893505e-06
9.451470729293933e-06
9.45147071583068e-06
9.451470793209191e-06
9.451470822039397e-06
9.451470774430005e-06
9.451470810349272e-06
9.45147078002842e-06
9.451470767625715e-06
9.451470811102593e-06
9.451470840149755e-06
9.451470762830263e-06
9.451470785444566e-06
9.451470754640959e-06
9.451470724191207e-06
9.451470753885704e-06
9.451470817242082e-06
9.451470769102071e-06
9.45147085095991e-06
9.451470770387406e-06
9.450376945333804e-06
9.450376945333804e-06
9.45037687669442e-06
9.450376911693865e-06
9.450376917503342e-06
9.450376890943462e-06
9.450376879434291e-06
9.45037695516685e-06
9.450376979754453e-06
9.450376940558911e-06
9.4503769753215e-06
9.450376957463234e-06
9.450376925406725e-06
9.450376978975293e-06
9.450376977172693e-06
9.450376930227715e-06
9.450376958049105e-06
9.45037692858152e-06
9.450376906740176e-06
9.450376922736416e-06
9.450376984279095e-06
9.450376928048972e-06
9.450377006689411e-06
9.450376933861076e-06
9.450245149236385e-06
9.450245149236385e-06
9.450245080099082e-06
9.45024511494539e-06
9.450245121308772e-06
9.450245094885762e-06
9.450245084196592e-06
9.450245158676116e-06
9.450245182954064e-06
9.45024514457732e-06
9.450245178490174e-06
9.450245162986094e-06
9.4502451281524e-06
9.450245183117723e-06
9.450245176581409e-06
9.45024513450546e-06
9.450245162676528e-06
9.450245134555205e-06
9.450245115437548e-06
9.450245127232256e-06
9.45024518827136e-06
9.450245131008309e-06
9.450245208804744e-06
9.45024513751302e-06
9.449921711227318e-06
9.449921711227318e-06
9.449921641735032e-06
9.44992167648284e-06
9.449921683245274e-06
9.44992165723924e-06
9.449921647850138e-06
9.449921720174728e-06
9.44992174408267e-06
9.449921706669185e-06
9.449921739235421e-06
9.449921726881108e-06
9.449921688647801e-06
9.449921745221469e-06
9.449921732803536e-06
9.449921696965436e-06
9.449921725383815e-06
9.449921699454554e-06
9.449921684282671e-06
9.449921690013312e-06
9.449921750331891e-06
9.449921691753456e-06
9.449921768324923e-06
9.449921699161228e-06
9.449036215218443e-06
9.449036215218443e-06
9.4490361456169e-06
9.449036180193507e-06
9.44903618726535e-06
9.449036162155681e-06
9.449036154988998e-06
9.449036223388969e-06
9.449036246461704e-06
9.449036210776884e-06
9.44903624117101e-06
9.449036233694627e-06
9.449036190339634e-06
9.449036249081814e-06
9.449036227950187e-06
9.449036201686347e-06
9.449036230373321e-06
9.449036208064732e-06
9.449036198979646e-06
9.44903619535663e-06
9.44903625455585e-06
9.449036193737237e-06
9.449036268331382e-06
9.4490362026053e-06
9.446647755544169e-06
9.446647755544169e-06
9.446647686814896e-06
9.446647721002102e-06
9.44664772790906e-06
9.446647704791467e-06
9.446647701635714e-06
9.446647762413865e-06
9.446647783392843e-06
9.446647751209918e-06
9.446647778019986e-06
9.446647778330222e-06
9.446647727010629e-06
9.446647788468473e-06
9.446647754261873e-06
9.446647743206251e-06
9.446647772133995e-06
9.446647756002976e-06
9.446647756386385e-06
9.44664773820287e-06
9.446647795633484e-06
9.446647730630658e-06
9.446647801901037e-06
9.446647742016697e-06
9.440720956993195e-06
9.440720956993195e-06
9.44072089216696e-06
9.44072092547265e-06
9.440720930507113e-06
9.440720911722316e-06
9.440720915631822e-06
9.440720961786642e-06
9.440720977744626e-06
9.440720952623863e-06
9.440720973877326e-06
9.440720985670613e-06
9.440720923103303e-06
9.440720986705862e-06
9.440720935279636e-06
9.44072094649433e-06
9.440720975326649e-06
9.440720969268256e-06
9.440720982951061e-06
9.440720944286997e-06
9.440720999161087e-06
9.440720926438223e-06
9.440720992393424e-06
9.440720942014093e-06
9.427780236826817e-06
9.427780236826817e-06
9.427780183224235e-06
9.42778021469235e-06
9.427780213421896e-06
9.427780203362179e-06
9.427780218719145e-06
9.427780238699848e-06
9.427780243755825e-06
9.427780231937594e-06
9.427780245756647e-06
9.427780271536854e-06
9.427780196494114e-06
9.427780258111004e-06
9.427780190804522e-06
9.427780228761874e-06
9.427780256368286e-06
9.427780264951377e-06
9.427780293182652e-06
9.427780232038584e-06
9.427780283927582e-06
9.427780197965837e-06
9.427780256424324e-06
9.427780219824464e-06
9.406505516752622e-06
9.406505516752622e-06
9.406505485789337e-06
9.406505514270534e-06
9.406505499331954e-06
9.406505503005672e-06
9.406505532270907e-06
9.406505515891928e-06
9.40650550261757e-06
9.406505510381248e-06
9.40650551804865e-06
9.4065055523406e-06
9.406505472698284e-06
9.406505521871547e-06
9.4065054573481e-06
9.406505510642687e-06
9.406505534792213e-06
9.406505558081012e-06
9.406505591130268e-06
9.406505522334555e-06
9.406505572721763e-06
9.406505469333425e-06
9.40650552072843e-06
9.406505497896137e-06
9.386057365479606e-06
9.386057365479606e-06
9.386057360968593e-06
9.386057386642001e-06
9.38605735483141e-06
9.386057370870666e-06
9.386057407641405e-06
9.386057364431047e-06
9.38605733322522e-06
9.38605735696402e-06
9.386057365863407e-06
9.386057391344272e-06
9.38605732590673e-06
9.386057352507642e-06
9.386057324381271e-06
9.386057358841226e-06
9.386057378014984e-06
9.386057404368275e-06
9.38605741969565e-06
9.386057377843897e-06
9.386057430778437e-06
9.386057315867575e-06
9.386057366675874e-06
9.3860573465779e-06
9.377558739191131e-06
9.377558739191131e-06
9.377558746560377e-06
9.377558771492162e-06
9.37755873141598e-06
9.377558750181575e-06
9.37755878360267e-06
9.377558740367806e-06
9.377558703788302e-06
9.377558729396178e-06
9.37755874531366e-06
9.377558752433943e-06
9.37755870841244e-06
9.377558718708113e-06
9.37755873238123e-06
9.377558730155446e-06
9.377558746375382e-06
9.377558763261534e-06
9.37755875269837e-06
9.377558750502069e-06
9.377558807883205e-06
9.377558694595448e-06
9.377558751019159e-06
9.377558721899587e-06
9.376374229176852e-06
9.376374229176852e-06
9.376374235898999e-06
9.376374261220646e-06
9.376374221129988e-06
9.376374237812561e-06
9.376374266813242e-06
9.376374231813305e-06
9.376374197362769e-06
9.376374219235665e-06
9.376374239191318e-06
9.376374237460533e-06
9.37637420255845e-06
9.37637420952528e-06
9.376374238330263e-06
9.37637421879438e-06
9.37637423468357e-06
9.376374244666391e-06
9.376374223250088e-06
9.376374237737318e-06
9.376374297133623e-06
9.376374188420596e-06
9.376374248548577e-06
9.376374212914822e-06
9.37631639129782e-06
9.37631639129782e-06
9.37631639672787e-06
9.376316422244858e-06
9.376316382898517e-06
9.376316398610934e-06
9.376316426367738e-06
9.376316394243636e-06
9.37631636102023e-06
9.37631638142123e-06
9.376316402149464e-06
9.376316398989834e-06
9.376316365337598e-06
9.376316372612925e-06
9.376316402925805e-06
9.376316380662269e-06
9.376316396701985e-06
9.376316405131423e-06
9.376316382267274e-06
9.376316398991672e-06
9.376316458687712e-06
9.376316351435792e-06
9.376316412334831e-06
9.376316375251615e-06
9.376250319924737e-06
9.376250319924737e-06
9.376250324326757e-06
9.376250349975149e-06
9.37625031124931e-06
9.376250326256837e-06
9.37625035317447e-06
9.376250323063282e-06
9.376250290758107e-06
9.37625031010811e-06
9.376250331291908e-06
9.37625032734496e-06
9.37625029432582e-06
9.37625030199893e-06
9.376250332894145e-06
9.37625030914014e-06
9.37625032531746e-06
9.376250332768957e-06
9.376250309189472e-06
9.3762503270206e-06
9.376250386872207e-06
9.376250280644642e-06
9.376250341993268e-06
9.376250304014748e-06
9.375979726375114e-06
9.375979726375114e-06
9.375979728647518e-06
9.375979754527631e-06
9.375979717129222e-06
9.375979730687418e-06
9.375979755863343e-06
9.375979729908529e-06
9.375979699512988e-06
9.375979716687439e-06
9.375979738770982e-06
9.375979733274571e-06
9.375979701493524e-06
9.37597971003423e-06
9.375979741992716e-06
9.375979715293658e-06
9.375979731761378e-06
9.375979737231476e-06
9.375979712276418e-06
9.375979732229314e-06
9.375979792375413e-06
9.37597968831944e-06
9.375979750496323e-06
9.375979710751442e-06
9.375238452642883e-06
9.375238452642883e-06
9.375238451786764e-06
9.37523847791165e-06
9.375238442560802e-06
9.37523845398254e-06
9.375238476509147e-06
9.37523845677361e-06
9.375238429235166e-06
9.375238443152714e-06
9.375238466526293e-06
9.375238458782862e-06
9.375238428819586e-06
9.375238438669314e-06
9.375238472140487e-06
9.375238441128872e-06
9.375238458027898e-06
9.375238460566557e-06
9.375238433639292e-06
9.37523845661545e-06
9.375238517164557e-06
9.375238416507014e-06
9.375238479712761e-06
9.375238437470193e-06
9.373104365910215e-06
9.373104365910215e-06
9.373104359939384e-06
9.373104386208737e-06
9.373104354465634e-06
9.373104362367567e-06
9.373104380301877e-06
9.373104371069716e-06
9.373104348348213e-06
9.373104356763772e-06
9.373104382177889e-06
9.373104370802004e-06
9.37310434384675e-06
9.373104355913188e-06
9.373104391790912e-06
9.373104353692964e-06
9.37310437130785e-06
9.373104368970355e-06
9.373104338902782e-06
9.373104366641282e-06
9.373104427778236e-06
9.373104333253954e-06
9.373104397652097e-06
9.373104351560682e-06
9.367504981468391e-06
9.367504981468391e-06
9.367504967804737e-06
9.367504993624991e-06
9.367504967986305e-06
9.367504970522513e-06
9.367504980865656e-06
9.367504988312722e-06
9.367504973218106e-06
9.367504972893108e-06
9.367505001201152e-06
9.367504984461353e-06
9.367504962132838e-06
9.367504977729693e-06
9.367505017067502e-06
9.367504968202551e-06
9.367504986921737e-06
9.367504977026352e-06
9.367504942444882e-06
9.367504976891003e-06
9.36750503872874e-06
9.367504954937759e-06
9.367505019855908e-06
9.367504968581612e-06
9.353458012843032e-06
9.353458012843032e-06
9.35345798844724e-06
9.353458011880445e-06
9.353457996549572e-06
9.353457991410096e-06
9.353457989354681e-06
9.353458022401407e-06
9.353458018956448e-06
9.35345800520766e-06
9.353458037091052e-06
9.353458013129208e-06
9.353457997528047e-06
9.353458018568293e-06
9.353458062314728e-06
9.353457998138123e-06
9.353458018470702e-06
9.353457997438645e-06
9.353457957110674e-06
9.353457999715207e-06
9.353458062046478e-06
9.353457997216038e-06
9.35345805949594e-06
9.35345800259078e-06
9.32241311312322e-06
9.32241311312322e-06
9.322413077408977e-06
9.322413093646678e-06
9.322413093947461e-06
9.322413080208028e-06
9.322413060271937e-06
9.322413126509942e-06
9.322413138033481e-06
9.322413106859342e-06
9.322413141285939e-06
9.32241311040115e-06
9.322413102619608e-06
9.322413130777235e-06
9.322413178061638e-06
9.3224130969639e-06
9.322413119191432e-06
9.322413084839057e-06
9.32241303991382e-06
9.322413087936182e-06
9.322413149501559e-06
9.322413115260748e-06
9.322413165820394e-06
9.322413107227408e-06
9.269327801147372e-06
9.269327801147372e-06
9.269327762742191e-06
9.26932776384915e-06
9.269327781523517e-06
9.26932776429078e-06
9.269327726319992e-06
9.269327818215575e-06
9.269327840993053e-06
9.26932779630036e-06
9.269327827810397e-06
9.269327797269374e-06
9.269327793426246e-06
9.269327827225119e-06
9.26932787216213e-06
9.269327784823803e-06
9.269327808056614e-06
9.26932776601849e-06
9.26932772419748e-06
9.269327764367563e-06
9.269327822060432e-06
9.269327825481664e-06
9.269327847614568e-06
9.26932780081415e-06
9.215000261870872e-06
9.215000261870872e-06
9.215000240162171e-06
9.215000222615135e-06
9.2150002470161e-06
9.21500023931003e-06
9.215000197654873e-06
9.215000279335685e-06
9.215000296815245e-06
9.21500025737971e-06
9.215000277458368e-06
9.215000261469315e-06
9.215000250625996e-06
9.215000282538325e-06
9.215000315302086e-06
9.215000248088816e-06
9.215000269736018e-06
9.215000237492235e-06
9.215000211606675e-06
9.21500022384997e-06
9.215000274623713e-06
9.215000299198538e-06
9.215000282700394e-06
9.215000264984077e-06
9.19133483983963e-06
9.19133483983963e-06
9.191334841779592e-06
9.191334815023084e-06
9.191334831435589e-06
9.1913348390808e-06
9.191334809885476e-06
9.191334854311902e-06
9.191334854418283e-06
9.191334834453611e-06
9.191334842856986e-06
9.191334844927338e-06
9.191334821502393e-06
9.191334845677702e-06
9.191334865288716e-06
9.191334829424697e-06
9.191334848114364e-06
9.191334835539097e-06
9.191334826840874e-06
9.191334811252095e-06
9.191334856958423e-06
9.191334872519365e-06
9.191334834189576e-06
9.191334842028418e-06
9.188913468534096e-06
9.188913468534096e-06
9.18891348037497e-06
9.188913453760683e-06
9.188913462760157e-06
9.188913477263745e-06
9.188913457391683e-06
9.188913480927842e-06
9.188913471468391e-06
9.188913462448617e-06
9.188913467012632e-06
9.188913476051283e-06
9.188913446739642e-06
9.188913466499086e-06
9.188913481553048e-06
9.188913459475074e-06
9.188913476760875e-06
9.18891347376695e-06
9.188913471013655e-06
9.188913446495656e-06
9.188913491179139e-06
9.1889134939134e-06
9.188913454081947e-06
9.188913468987277e-06
9.18932950077965e-06
9.18932950077965e-06
9.189329513650713e-06
9.189329487946094e-06
9.189329495263616e-06
9.1893295105771e-06
9.189329492594871e-06
9.189329512772262e-06
9.1893295018046e-06
9.18932949454883e-06
9.18932949894779e-06
9.189329508579039e-06
9.189329478516532e-06
9.189329497552969e-06
9.189329512344998e-06
9.189329491849963e-06
9.189329508952248e-06
9.18932950725729e-06
9.189329504842133e-06
9.189329480004741e-06
9.18932952482705e-06
9.189329524200691e-06
9.189329485922855e-06
9.18932950075038e-06
9.189430689340264e-06
9.189430689340264e-06
9.18943070218991e-06
9.189430676694946e-06
9.189430683814898e-06
9.189430699135795e-06
9.189430681349773e-06
9.189430701293918e-06
9.189430690226853e-06
9.189430683094087e-06
9.189430687556009e-06
9.189430697141302e-06
9.189430667059363e-06
9.189430686043334e-06
9.189430700894655e-06
9.189430680405204e-06
9.189430697501314e-06
9.189430695857137e-06
9.189430693362793e-06
9.189430668687974e-06
9.189430713569255e-06
9.189430712495713e-06
9.189430674622422e-06
9.189430689243909e-06
9.189665537835005e-06
9.189665537835005e-06
9.189665550582224e-06
9.18966552564019e-06
9.189665532273018e-06
9.189665547580575e-06
9.189665530271665e-06
9.189665549695166e-06
9.189665538410796e-06
9.189665531552121e-06
9.189665536196801e-06
9.189665545629204e-06
9.189665515524288e-06
9.189665534389489e-06
9.189665549417066e-06
9.189665528880713e-06
9.189665545965405e-06
9.189665544413422e-06
9.189665541680482e-06
9.189665517477027e-06
9.18966556251583e-06
9.189665560322458e-06
9.189665523524777e-06
9.18966553756957e-06
9.189907044163194e-06
9.189907044163194e-06
9.189907056764723e-06
9.189907032569993e-06
9.18990703855025e-06
9.189907053831967e-06
9.189907037166355e-06
9.189907055897867e-06
9.18990704432884e-06
9.189907037832624e-06
9.189907042724065e-06
9.189907051946488e-06
9.189907021817387e-06
9.18990704052358e-06
9.189907055789514e-06
9.189907035184821e-06
9.189907052251319e-06
9.18990705082276e-06
9.189907047758314e-06
9.189907024200247e-06
9.18990706944575e-06
9.189907065751682e-06
9.189907030410017e-06
9.189907043670416e-06
9.190123497604341e-06
9.190123497604341e-06
9.190123509946602e-06
9.190123487061209e-06
9.190123491902375e-06
9.190123507128375e-06
9.190123491600377e-06
9.190123509118267e-06
9.190123497060023e-06
9.190123491194376e-06
9.190123496511372e-06
9.190123505367854e-06
9.190123475205751e-06
9.19012349363061e-06
9.190123509307062e-06
9.190123488591157e-06
9.190123505615943e-06
9.19012350441571e-06
9.190123500755253e-06
9.190123478336385e-06
9.190123523925453e-06
9.19012351761707e-06
9.190123484830016e-06
9.190123496713798e-06
9.189940535894311e-06
9.189940535894311e-06
9.189940547817899e-06
9.189940527006122e-06
9.18994053005256e-06
9.189940545165334e-06
9.189940531468066e-06
9.189940547055891e-06
9.189940534244933e-06
9.189940529369072e-06
9.189940535341734e-06
9.18994054362538e-06
9.189940513433572e-06
9.189940531404752e-06
9.189940547712226e-06
9.189940526845195e-06
9.189940543778502e-06
9.189940542972967e-06
9.189940538331238e-06
9.1899405177359e-06
9.1899405638213e-06
9.189940553408011e-06
9.189940524675454e-06
9.189940534374871e-06
9.188279742605561e-06
9.188279742605561e-06
9.188279753820499e-06
9.188279736417414e-06
9.188279736537351e-06
9.18827975139918e-06
9.188279740787284e-06
9.18827975318076e-06
9.188279739189587e-06
9.188279735918056e-06
9.188279742920811e-06
9.188279750280428e-06
9.18827972009837e-06
9.188279737302508e-06
9.188279754597223e-06
9.188279733547431e-06
9.188279750264075e-06
9.188279750193938e-06
9.188279743842116e-06
9.188279726294395e-06
9.18827977307119e-06
9.188279756001844e-06
9.18827973395672e-06
9.188279740054933e-06
9.182164115617554e-06
9.182164115617554e-06
9.18216412564358e-06
9.182164113707129e-06
9.182164109194598e-06
9.18216412348803e-06
9.182164118018845e-06
9.182164125233933e-06
9.182164109496286e-06
9.182164108739555e-06
9.182164117272028e-06
9.18216412319496e-06
9.182164093178527e-06
9.182164109098035e-06
9.182164127847741e-06
9.182164106673164e-06
9.182164122872525e-06
9.182164124203617e-06
9.182164114860708e-06
9.182164102328675e-06
9.182164149895397e-06
9.18216412238654e-06
9.18216411112397e-06
9.182164111419906e-06
9.16396942236907e-06
9.16396942236907e-06
9.16396943041343e-06
9.163969426977678e-06
9.163969415415961e-06
9.163969428404366e-06
9.163969431425884e-06
9.163969430447691e-06
9.163969412365431e-06
9.163969415371785e-06
9.163969425972652e-06
9.163969429776307e-06
9.163969400398059e-06
9.163969414181612e-06
9.163969434868378e-06
9.163969413926857e-06
9.163969428890946e-06
9.163969432963872e-06
9.163969418339077e-06
9.16396941393163e-06
9.163969461917486e-06
9.163969418771614e-06
9.163969424422295e-06
9.163969415627416e-06
9.117153456898058e-06
9.117153456898058e-06
9.117153461865734e-06
9.11715347021281e-06
9.117153449263313e-06
9.117153459398288e-06
9.11715347541328e-06
9.117153462729264e-06
9.117153442317955e-06
9.11715345017441e-06
9.117153462872405e-06
9.117153464023347e-06
9.117153436473865e-06
9.117153446953727e-06
9.11715346951801e-06
9.117153449958912e-06
9.117153462141945e-06
9.117153471411606e-06
9.117153447901218e-06
9.117153455561512e-06
9.117153502120985e-06
9.117153438780674e-06
9.117153468237228e-06
9.117153446672651e-06
9.01747439669082e-06
9.01747439669082e-06
9.01747439784249e-06
9.017474417756707e-06
9.017474388515295e-06
9.017474393329856e-06
9.017474425053378e-06
9.017474400036109e-06
9.017474379559323e-06
9.017474391294546e-06
9.017474404194287e-06
9.017474403428095e-06
9.017474379951254e-06
9.017474386360494e-06
9.01747440882026e-06
9.017474393173614e-06
9.01747440004849e-06
9.01747441778744e-06
9.017474381781121e-06
9.017474403232666e-06
9.017474443550163e-06
9.0174743639556e-06
9.017474417655689e-06
9.017474383148064e-06
8.869128969572378e-06
8.869128969572378e-06
8.869128968406092e-06
8.869128989355363e-06
8.869128961667335e-06
8.869128959748944e-06
8.869129000211506e-06
8.869128972000822e-06
8.869128957034708e-06
8.869128966924716e-06
8.869128975229769e-06
8.869128975998785e-06
8.869128958542927e-06
8.869128962532902e-06
8.869128980145525e-06
8.869128971195891e-06
8.869128971192556e-06
8.869128998053822e-06
8.869128951558332e-06
8.86912897907294e-06
8.869129006805836e-06
8.869128934626614e-06
8.869128992664046e-06
8.869128955987936e-06
8.75668776657092e-06
8.75668776657092e-06
8.756687766766013e-06
8.7566877739841e-06
8.756687759818908e-06
8.756687754187934e-06
8.756687787755918e-06
8.756687770837458e-06
8.756687764791555e-06
8.756687766562918e-06
8.756687767234312e-06
8.756687773015342e-06
8.75668775979176e-06
8.756687765320182e-06
8.756687775302038e-06
8.756687771881426e-06
8.756687767915796e-06
8.756687798130149e-06
8.756687751448545e-06
8.75668777033105e-06
8.75668778619712e-06
8.756687747532675e-06
8.756687780263549e-06
8.756687757333838e-06
8.730660219792363e-06
8.730660219792363e-06
8.730660222351288e-06
8.730660217305784e-06
8.730660213884816e-06
8.730660208574824e-06
8.730660231721257e-06
8.730660226104303e-06
8.730660224819788e-06
8.730660220613809e-06
8.730660217147231e-06
8.730660226413406e-06
8.73066021368288e-06
8.73066022177973e-06
8.73066022775709e-06
8.730660225586478e-06
8.730660221803006e-06
8.730660250151054e-06
8.730660208749648e-06
8.730660217115229e-06
8.730660229370716e-06
8.730660215487943e-06
8.730660224353913e-06
8.730660214290267e-06
8.733584071970887e-06
8.733584071970887e-06
8.733584075329168e-06
8.733584067177326e-06
8.733584066244714e-06
8.733584061654902e-06
8.733584081410815e-06
8.733584078872044e-06
8.733584078231726e-06
8.73358407273461e-06
8.733584068689005e-06
8.73358407866494e-06
8.73358406548305e-06
8.733584074440247e-06
8.733584079895499e-06
8.733584077394871e-06
8.73358407431016e-06
8.73358410133245e-06
8.733584062224809e-06
8.733584067432506e-06
8.733584079998377e-06
8.7335840714934e-06
8.733584074088812e-06
8.73358406738963e-06
8.734933261974225e-06
8.734933261974225e-06
8.73493326540502e-06
8.734933257098572e-06
8.73493325625161e-06
8.734933251805653e-06
8.734933271263984e-06
8.734933268916942e-06
8.734933268215089e-06
8.734933262690472e-06
8.734933258693539e-06
8.734933268676749e-06
8.734933255376261e-06
8.734933264411694e-06
8.734933269922465e-06
8.734933267297483e-06
8.734933264356718e-06
8.73493329116983e-06
8.734933252337502e-06
8.734933257303646e-06
8.734933270089129e-06
8.734933261705891e-06
8.73493326394693e-06
8.734933257435334e-06
8.735266118104414e-06
8.735266118104414e-06
8.73526612154411e-06
8.735266113236299e-06
8.735266112380257e-06
8.735266107967488e-06
8.735266127382816e-06
8.735266125051355e-06
8.735266124322949e-06
8.735266118807868e-06
8.735266114832077e-06
8.735266124808517e-06
8.735266111480103e-06
8.735266120526627e-06
8.735266126059935e-06
8.735266123403616e-06
8.735266120495007e-06
8.735266147265153e-06
8.735266108482267e-06
8.735266113420291e-06
8.735266126264573e-06
8.735266117846631e-06
8.73526612006708e-06
8.735266113565834e-06
8.736500671109271e-06
8.736500671109271e-06
8.73650067457372e-06
8.736500666280856e-06
8.736500665377665e-06
8.736500661097159e-06
8.736500680346792e-06
8.736500678070913e-06
8.736500677236403e-06
8.736500671764094e-06
8.73650066786921e-06
8.73650067781979e-06
8.736500664386242e-06
8.736500673472573e-06
8.73650067909284e-06
8.7365006763171e-06
8.73650067353013e-06
8.736500700137346e-06
8.736500661540406e-06
8.73650066637845e-06
8.736500679447077e-06
8.736500670884474e-06
8.736500673038385e-06
8.736500666570342e-06
8.737995783598402e-06
8.737995783598402e-06
8.737995787077648e-06
8.737995778832603e-06
8.737995777854948e-06
8.737995773757675e-06
8.737995792776424e-06
8.73799579057847e-06
8.737995789602809e-06
8.737995784192e-06
8.737995780396445e-06
8.737995790318172e-06
8.737995776753017e-06
8.737995785888376e-06
8.737995791617578e-06
8.737995788689961e-06
8.737995786057608e-06
8.737995812454662e-06
8.737995774098369e-06
8.737995778809852e-06
8.737995792162829e-06
8.737995783419428e-06
8.73799578548277e-06
8.737995779060547e-06
8.740509523714573e-06
8.740509523714573e-06
8.740509527175029e-06
8.740509519094264e-06
8.740509517943112e-06
8.740509514220929e-06
8.740509532761918e-06
8.740509530727834e-06
8.740509529479004e-06
8.740509524198625e-06
8.740509520573266e-06
8.74050953045434e-06
8.74050951665541e-06
8.740509525876128e-06
8.74050953179832e-06
8.740509528594421e-06
8.740509526243417e-06
8.740509552249364e-06
8.740509514343556e-06
8.740509518824416e-06
8.740509532691717e-06
8.74050952363241e-06
8.74050952551015e-06
8.740509519183563e-06
8.743977742246674e-06
8.743977742246674e-06
8.743977745562771e-06
8.74397773793569e-06
8.743977736414713e-06
8.74397773339142e-06
8.743977751030726e-06
8.74397774931189e-06
8.743977747589472e-06
8.743977742561953e-06
8.743977739179817e-06
8.743977749026158e-06
8.743977734871128e-06
8.743977744217583e-06
8.743977750432306e-06
8.743977746790855e-06
8.743977744885632e-06
8.743977770250132e-06
8.743977733089703e-06
8.743977737204185e-06
8.743977751878523e-06
8.743977742351757e-06
8.74397774388282e-06
8.743977737738799e-06
8.748456160364972e-06
8.748456160364972e-06
8.748456163147538e-06
8.748456156770378e-06
8.748456154391005e-06
8.74845615279864e-06
8.748456168566732e-06
8.748456167514945e-06
8.74845616489987e-06
8.748456160411508e-06
8.748456157366511e-06
8.748456167231072e-06
8.748456152519857e-06
8.74845616205117e-06
8.748456168719045e-06
8.748456164349717e-06
8.748456163186578e-06
8.748456187427545e-06
8.748456151588915e-06
8.748456155090871e-06
8.748456171088538e-06
8.748456160868503e-06
8.748456161687845e-06
8.748456155927084e-06
8.752454564532691e-06
8.752454564532691e-06
8.75245456574251e-06
8.75245456257422e-06
8.752454558231091e-06
8.752454559572478e-06
8.752454571453587e-06
8.752454571812919e-06
8.752454567522595e-06
8.75245456418284e-06
8.752454561505316e-06
8.752454571587022e-06
8.75245455608353e-06
8.752454565847813e-06
8.752454573151183e-06
8.752454567627722e-06
8.752454567642591e-06
8.752454589962045e-06
8.752454556422193e-06
8.752454558945372e-06
8.752454576993894e-06
8.752454565883473e-06
8.75245456523967e-06
8.752454560283847e-06
8.751153403095224e-06
8.751153403095224e-06
8.751153400273119e-06
8.751153404714717e-06
8.751153396071615e-06
8.751153403269762e-06
8.751153407296956e-06
8.751153410554442e-06
8.751153403208416e-06
8.751153402242128e-06
8.751153399695e-06
8.751153410545218e-06
8.751153394108513e-06
8.751153404065773e-06
8.751153412090944e-06
8.751153404893399e-06
8.751153406620182e-06
8.75115342581518e-06
8.751153396098493e-06
8.75115339718376e-06
8.751153418092634e-06
8.751153406193896e-06
8.751153402621878e-06
8.751153399308623e-06
8.734399191196947e-06
8.734399191196947e-06
8.73439918004338e-06
8.73439919941222e-06
8.734399182834001e-06
8.734399199981099e-06
8.734399190510166e-06
8.734399198825527e-06
8.73439918676838e-06
8.734399189967667e-06
8.734399186639693e-06
8.734399199352078e-06
8.734399182407611e-06
8.734399192240544e-06
8.734399200583107e-06
8.734399191588468e-06
8.734399195160367e-06
8.734399210229782e-06
8.734399185735182e-06
8.734399185235238e-06
8.734399208953006e-06
8.734399197358615e-06
8.734399188800411e-06
8.734399188336562e-06
8.694953049021714e-06
8.694953049021714e-06
8.694953026412454e-06
8.694953065385059e-06
8.694953038993472e-06
8.694953067334032e-06
8.694953042456378e-06
8.694953056651637e-06
8.694953039967817e-06
8.694953048041629e-06
8.694953042427062e-06
8.694953058016531e-06
8.694953042014474e-06
8.694953051072338e-06
8.69495305849549e-06
8.69495304894905e-06
8.694953053104021e-06
8.694953065191503e-06
8.694953044785666e-06
8.694953043706407e-06
8.694953067705096e-06
8.694953058761215e-06
8.6949530445764e-06
8.694953047401467e-06
8.651221724273784e-06
8.651221724273784e-06
8.65122169447529e-06
8.651221744890506e-06
8.651221713365192e-06
8.651221746409028e-06
8.651221714806264e-06
8.651221731688324e-06
8.65122171382943e-06
8.65122172416592e-06
8.651221715983396e-06
8.65122173367429e-06
8.651221719795907e-06
8.651221727803099e-06
8.651221733382993e-06
8.651221725282212e-06
8.651221727978908e-06
8.651221740706533e-06
8.65122171998113e-06
8.651221720032329e-06
8.651221740863473e-06
8.651221735666726e-06
8.651221719098934e-06
8.651221723400655e-06
8.63160137501157e-06
8.63160137501157e-06
8.631601344905734e-06
8.631601395133887e-06
8.631601364195031e-06
8.631601395615344e-06
8.631601366038275e-06
8.63160138224687e-06
8.631601365696495e-06
8.631601375503883e-06
8.631601366320496e-06
8.631601384334032e-06
8.63160137175142e-06
8.631601379269905e-06
8.631601383775319e-06
8.631601377144759e-06
8.631601378345568e-06
8.631601393073511e-06
8.631601370067834e-06
8.631601371341402e-06
8.63160138940891e-06
8.631601386009777e-06
8.631601370242882e-06
8.631601374145959e-06
8.629248993542847e-06
8.629248993542847e-06
8.629248964376011e-06
8.629249012826418e-06
8.629248982895789e-06
8.629249012938394e-06
8.62924898520696e-06
8.62924900073503e-06
8.629248984906858e-06
8.629248994157058e-06
8.62924898493553e-06
8.629249002772345e-06
8.629248990417282e-06
8.629248997886967e-06
8.629249002216065e-06
8.62924899598591e-06
8.62924899677773e-06
8.62924901224622e-06
8.62924898833563e-06
8.62924898995247e-06
8.629249007334083e-06
8.629249004130113e-06
8.629248989052637e-06
8.629248992569503e-06
8.629416006344246e-06
8.629416006344246e-06
8.629415977423446e-06
8.629416025440106e-06
8.629415995735656e-06
8.629416025504526e-06
8.629415998145436e-06
8.629416013533153e-06
8.629415997829501e-06
8.629416006963833e-06
8.629415997774117e-06
8.629416015553881e-06
8.62941600320169e-06
8.629416010679428e-06
8.629416015009366e-06
8.629416008816745e-06
8.629416009570296e-06
8.629416025137044e-06
8.629416001099606e-06
8.629416002749922e-06
8.62941602007748e-06
8.629416016845813e-06
8.629416001906317e-06
8.629416005343922e-06
8.629713544709269e-06
8.629713544709269e-06
8.62971351612968e-06
8.629713563548618e-06
8.62971353415386e-06
8.62971356355511e-06
8.629713536695592e-06
8.629713551894503e-06
8.629713536355255e-06
8.629713545333515e-06
8.629713536191775e-06
8.629713553891814e-06
8.629713541537864e-06
8.629713549028722e-06
8.629713553364966e-06
8.629713547215082e-06
8.629713547925803e-06
8.629713563612344e-06
8.629713539418459e-06
8.629713541106724e-06
8.629713558376511e-06
8.629713555094345e-06
8.629713540341511e-06
8.629713543671887e-06
8.630160933939432e-06
8.630160933939432e-06
8.630160905931593e-06
8.630160952349292e-06
8.630160923474416e-06
8.63016095226552e-06
8.630160926231483e-06
8.63016094111829e-06
8.630160925851777e-06
8.63016093457187e-06
8.630160925508227e-06
8.630160943076398e-06
8.63016093072115e-06
8.630160938232949e-06
8.630160942579417e-06
8.630160936496304e-06
8.630160937142204e-06
8.630160953013696e-06
8.630160928577126e-06
8.630160930323047e-06
8.63016094750461e-06
8.630160944129052e-06
8.630160929689337e-06
8.630160932840552e-06
8.630747450293678e-06
8.630747450293678e-06
8.630747423246918e-06
8.63074746798125e-06
8.630747439984204e-06
8.63074746776089e-06
8.63074744308977e-06
8.630747457461098e-06
8.630747442648987e-06
8.630747450942257e-06
8.630747442002167e-06
8.630747459353472e-06
8.630747447002912e-06
8.630747454546293e-06
8.630747458906815e-06
8.6307474529268e-06
8.630747453478145e-06
8.630747469624963e-06
8.630747444824835e-06
8.630747446655273e-06
8.630747463704398e-06
8.63074746015296e-06
8.630747446242338e-06
8.630747449092881e-06
8.631339113997499e-06
8.631339113997499e-06
8.631339088599893e-06
8.631339130444458e-06
8.63133910396395e-06
8.631339130027153e-06
8.631339107633903e-06
8.63133912114332e-06
8.631339107101255e-06
8.631339114679811e-06
8.631339105932115e-06
8.631339122923412e-06
8.631339110598427e-06
8.631339118186805e-06
8.631339122563396e-06
8.631339116737796e-06
8.631339117162481e-06
8.631339133693376e-06
8.631339108379685e-06
8.631339110324473e-06
8.631339127185265e-06
8.631339123285417e-06
8.631339110289907e-06
8.631339112625441e-06
8.631371238193043e-06
8.631371238193043e-06
8.6313712156612e-06
8.631371252481234e-06
8.63137122866093e-06
8.631371251812593e-06
8.631371233229864e-06
8.631371245296473e-06
8.631371232569087e-06
8.631371238948627e-06
8.631371230487456e-06
8.631371246882586e-06
8.631371234644863e-06
8.631371242289059e-06
8.631371246673795e-06
8.631371241062047e-06
8.631371241353069e-06
8.631371258336613e-06
8.631371232398503e-06
8.631371234467479e-06
8.631371251095417e-06
8.631371246477119e-06
8.631371235089367e-06
8.631371236532233e-06
8.629153878871452e-06
8.629153878871452e-06
8.629153861305063e-06
8.62915388941218e-06
8.629153870259462e-06
8.629153888520672e-06
8.629153876195035e-06
8.629153885890131e-06
8.629153875385901e-06
8.629153879788314e-06
8.629153871711876e-06
8.629153887142905e-06
8.629153875156372e-06
8.629153882844902e-06
8.629153887197698e-06
8.629153881829027e-06
8.62915388209057e-06
8.62915389935631e-06
8.629153872962803e-06
8.629153875072774e-06
8.629153891518039e-06
8.629153885390374e-06
8.629153876829505e-06
8.629153876730956e-06
8.620713903310095e-06
8.620713903310095e-06
8.620713893828246e-06
8.620713907734092e-06
8.62071389630902e-06
8.620713906947083e-06
8.620713904049689e-06
8.620713910165936e-06
8.620713903160914e-06
8.620713904564995e-06
8.620713896869365e-06
8.620713910881983e-06
8.620713899524378e-06
8.620713907169967e-06
8.620713911369366e-06
8.620713906116317e-06
8.620713906774136e-06
8.620713923395555e-06
8.620713897638017e-06
8.62071389943178e-06
8.620713916064914e-06
8.620713906898476e-06
8.620713903030569e-06
8.62071390043402e-06
8.6001899442837e-06
8.6001899442837e-06
8.600189945404333e-06
8.600189940655324e-06
8.600189939620807e-06
8.600189940939768e-06
8.600189948889045e-06
8.600189950876286e-06
8.60018994821957e-06
8.600189946132777e-06
8.600189938445508e-06
8.600189950900494e-06
8.600189940807402e-06
8.600189948166453e-06
8.600189951962038e-06
8.60018994630044e-06
8.600189948366344e-06
8.600189961935673e-06
8.600189939766358e-06
8.600189940379728e-06
8.600189958229626e-06
8.600189943915582e-06
8.600189946382966e-06
8.600189940533739e-06
8.568455864534997e-06
8.568455864534997e-06
8.568455873057473e-06
8.568455855231372e-06
8.568455861900657e-06
8.568455857905252e-06
8.568455870760218e-06
8.568455870856492e-06
8.568455870812502e-06
8.568455867063914e-06
8.5684558585199e-06
8.568455870418898e-06
8.568455861981044e-06
8.568455868735569e-06
8.568455871893325e-06
8.568455864962363e-06
8.568455869571943e-06
8.568455877133232e-06
8.568455862307377e-06
8.56845586075152e-06
8.568455881155605e-06
8.56845586120594e-06
8.568455868413442e-06
8.568455860334488e-06
8.543500068352163e-06
8.543500068352163e-06
8.543500075135826e-06
8.543500060288955e-06
8.543500065926104e-06
8.543500065238373e-06
8.543500072332174e-06
8.543500074586406e-06
8.543500073197726e-06
8.54350007117943e-06
8.543500061345913e-06
8.543500074293897e-06
8.543500066802343e-06
8.5435000729997e-06
8.543500075692162e-06
8.543500067358397e-06
8.543500074067938e-06
8.543500076338945e-06
8.543500068150879e-06
8.543500064779593e-06
8.54350008753017e-06
8.54350006537511e-06
8.54350007201737e-06
8.543500064533262e-06
8.536507345940291e-06
8.536507345940291e-06
8.536507348006788e-06
8.53650734142091e-06
8.53650734275979e-06
8.536507347077445e-06
8.536507347422293e-06
8.536507352228635e-06
8.536507348600383e-06
8.536507348694392e-06
8.536507338235124e-06
8.536507352259215e-06
8.536507344762372e-06
8.536507350795242e-06
8.536507353410741e-06
8.536507344548713e-06
8.536507351757788e-06
8.536507352589302e-06
8.536507346295607e-06
8.536507342478993e-06
8.536507365918121e-06
8.536507344580228e-06
8.536507348632482e-06
8.53650734262535e-06
8.536600744721898e-06
8.536600744721898e-06
8.536600745164818e-06
8.536600741431072e-06
8.536600741216644e-06
8.536600747061083e-06
8.536600745521531e-06
8.536600751043185e-06
8.536600746713674e-06
8.536600747407286e-06
8.536600736874526e-06
8.5366007511815e-06
8.536600743555959e-06
8.536600749598531e-06
8.536600752246134e-06
8.536600743363906e-06
8.536600750488615e-06
8.536600751461446e-06
8.536600745025148e-06
8.53660074127618e-06
8.536600764672318e-06
8.53660074395114e-06
8.536600747059616e-06
8.53660074155425e-06
8.536826265280076e-06
8.536826265280076e-06
8.536826265569715e-06
8.536826262106131e-06
8.5368262617374e-06
8.536826267705333e-06
8.536826266033913e-06
8.536826271605936e-06
8.536826267217557e-06
8.536826267954459e-06
8.536826257429698e-06
8.536826271754064e-06
8.536826264103228e-06
8.536826270153461e-06
8.536826272810317e-06
8.53682626394291e-06
8.536826271033127e-06
8.53682627208524e-06
8.536826265553181e-06
8.536826261833487e-06
8.53682628519655e-06
8.536826264568497e-06
8.536826267582198e-06
8.536826262123684e-06
     fun: 8.865173390445658e-06
     jac: array([ 1.67902840e-07, -1.20320692e-07,  3.90937203e-08,  1.76223466e-07,
       -1.71884039e-07,  2.12510486e-07, -1.07494770e-07,  1.75699029e-07,
       -2.68322196e-07, -7.87699719e-08,  2.16069566e-07,  1.47802098e-07,
       -8.26887572e-08, -6.90753268e-08,  6.33917807e-10,  5.09596703e-08,
       -7.57358976e-09, -1.21708467e-07,  8.37220568e-08, -1.93745109e-07,
        1.54008035e-07, -9.79634933e-08])
 message: 'Optimization terminated successfully.'
    nfev: 3480
     nit: 145
    njev: 145
  status: 0
 success: True
       x: array([ 0.45124743, -0.45457578, -0.39324597, -0.29657332,  0.22218646,
       -0.09107233,  0.12125462, -0.20319482,  0.60256687,  0.09442494,
       -0.05276372, -0.49924959,  0.07271424, -0.08691679,  0.13095122,
       -0.42667057,  0.36064239,  0.53474716, -0.70821449, -0.41743771,
        0.26911587, -0.26842257])

========================================================

Final result:
0.4512474338769475
-0.45457577979776886
-0.3932459670283445
0.13219143764972197
0.13219143764972197
0.13219143764972197
-0.2965733162932028
0.22218645815819896
-0.0910723260786469
0.12125461781835724
-0.20319481888759058
0.6025668721169289
0.09442494146169449
0.09442494146169449
-0.05276372422358891
-0.49924958710949546
0.07271423846135747
0.07271423846135747
-0.0869167919229454
0.13095121652211353
0.13095121652211353
-0.4266705718869014
0.36064238955909966
0.5347471592451041
-0.7082144851319364
-0.7082144851319364
0.4088229542195561
0.4088229542195561
0.4088229542195561
0.4088229542195561
-0.41743770580309925
0.26911586700205575
-0.26842256528197866
0.1389148013610074
0.1389148013610074
0.1389148013610074
