0.00035290845970546887
0.00035290845970546887
0.0003529083828249816
0.0003529084332795745
0.0003529084299307936
0.00035290843183693034
0.00035290843374742315
0.0003529084200476189
0.00035290840387722645
0.0003529084421662561
0.0003529084177964467
0.00035290844505481356
0.00035290844787316247
0.0003529084422454978
0.00035290845161906406
0.0003529084542853141
0.00035290844750216675
0.00035290845367282986
0.0003529084681865891
0.00035290847017646355
0.0003529084613465963
0.0002871659863153031
0.0002871659863153031
0.0002871659339827228
0.0002871659679191625
0.0002871659639357456
0.00028716596579445025
0.00028716596697397467
0.0002871659542021688
0.0002871659443959726
0.0002871659736764146
0.0002871659520370163
0.00028716597610277747
0.0002871659778095203
0.00028716597413349184
0.0002871659808845496
0.00028716598258825537
0.00028716597734408916
0.00028716598242351676
0.0002871659951034084
0.0002871659971058274
0.0002871659880258133
0.00020600582557904465
0.00020600582557904465
0.0002060058411701888
0.0002060058294229314
0.00020600582376870076
0.00020600582548029647
0.00020600582467311123
0.00020600581453810587
0.00020600582245116744
0.00020600582658157206
0.00020600581266768262
0.00020600582770377148
0.0002060058263389461
0.00020600582806448153
0.00020600582752386133
0.00020600582656075305
0.00020600582562249232
0.00020600582762367388
0.00020600583512199122
0.00020600583710384527
0.00020600582746234725
0.00020225660515174468
0.00020225660515174468
0.00020225662204861249
0.00020225660944513888
0.00020225660384468218
0.0002022566055373632
0.00020225660472776303
0.00020225659471417433
0.0002022566030764976
0.00020225660649886778
0.00020225659290694657
0.00020225660757036245
0.00020225660615108955
0.00020225660798136135
0.00020225660726543295
0.0002022566062478267
0.00020225660544025113
0.00020225660732272417
0.0002022566146131175
0.00020225661653847863
0.00020225660701887304
0.00018321839348064116
0.00018321839348064116
0.0001832184094298163
0.00018321839758143952
0.00018321839246432207
0.0001832183940724284
0.00018321839348028516
0.00018321838381432897
0.00018321839250215732
0.00018321839507570167
0.0001832183823129066
0.00018321839602733673
0.00018321839467718418
0.00018321839643434316
0.0001832183956338051
0.0001832183946373777
0.00018321839402615786
0.0001832183956314926
0.00018321840241317683
0.00018321840403649192
0.0001832183952401814
0.0001147160464453283
0.0001147160464453283
0.00011471605467992489
0.00011471604856200925
0.00011471604575261532
0.00011471604697610332
0.00011471604747308866
0.00011471603930757113
0.00011471604857088305
0.00011471604849355336
0.00011471603920912963
0.00011471604895366505
0.00011471604808199762
0.0001147160492223556
0.00011471604840191738
0.00011471604764142163
0.00011471604772079141
0.00011471604819559452
0.0001147160528861168
0.00011471605310977206
0.0001147160476969456
7.210671549254645e-05
7.210671549254645e-05
7.21067106501068e-05
7.210671419282697e-05
7.210671508834621e-05
7.210671569262618e-05
7.21067179252322e-05
7.210671220531239e-05
7.210672206431862e-05
7.210671807368239e-05
7.210671436961777e-05
7.210671775271661e-05
7.210671770190706e-05
7.210671776176314e-05
7.210671701600109e-05
7.210671667964531e-05
7.210671781172113e-05
7.210671649825728e-05
7.210671789339708e-05
7.210671585538558e-05
7.210671592034513e-05
7.154459413811771e-05
7.154459413811771e-05
7.154458923224793e-05
7.154459281774222e-05
7.154459371592943e-05
7.15445943137454e-05
7.154459652246637e-05
7.154459087883199e-05
7.15446005959849e-05
7.1544596668092e-05
7.154459306836966e-05
7.154459633776654e-05
7.154459631209694e-05
7.154459633196782e-05
7.154459561798156e-05
7.154459530159321e-05
7.15445964274604e-05
7.154459509996043e-05
7.154459648599932e-05
7.154459442134859e-05
7.154459455500449e-05
6.88529982396212e-05
6.88529982396212e-05
6.885299375072556e-05
6.88529970275234e-05
6.885299780837513e-05
6.885299839367925e-05
6.885300041473414e-05
6.885299508687364e-05
6.885300414570803e-05
6.885300055402407e-05
6.88529973296034e-05
6.885300019716708e-05
6.885300025672163e-05
6.885300013569141e-05
6.88529995470568e-05
6.885299930508121e-05
6.885300038293106e-05
6.885299903195038e-05
6.885300045805857e-05
6.885299833433889e-05
6.885299862964217e-05
5.950351249932922e-05
5.950351249932922e-05
5.950351015031013e-05
5.95035118548187e-05
5.950351207823799e-05
5.950351260941996e-05
5.950351375673747e-05
5.950350987169658e-05
5.950351595598866e-05
5.95035138594453e-05
5.95035123478794e-05
5.950351338381997e-05
5.950351381818929e-05
5.950351307610861e-05
5.95035130409744e-05
5.95035131286163e-05
5.950351398943404e-05
5.950351253858246e-05
5.95035141455583e-05
5.950351176242423e-05
5.950351277058886e-05
5.4616409803275915e-05
5.4616409803275915e-05
5.4616410493276984e-05
5.4616409967532016e-05
5.46164094095302e-05
5.461640986668249e-05
5.4616409783792355e-05
5.461640792548158e-05
5.4616409843371114e-05
5.461640983431631e-05
5.461641072704051e-05
5.461640919758307e-05
5.461641014622419e-05
5.4616408549856706e-05
5.461640928277736e-05
5.461640982518679e-05
5.461641037592399e-05
5.4616408801321963e-05
5.4616410649515416e-05
5.461640790537701e-05
5.4616409908561806e-05
5.4557335716017946e-05
5.4557335716017946e-05
5.4557336425219544e-05
5.455733588586548e-05
5.45573353248252e-05
5.45573357832186e-05
5.4557335688542515e-05
5.455733384693038e-05
5.4557335732000855e-05
5.4557335740061105e-05
5.455733664926322e-05
5.455733510807404e-05
5.4557336050827546e-05
5.45573344619755e-05
5.455733519591174e-05
5.455733573554826e-05
5.4557336276531983e-05
5.455733471834373e-05
5.455733655755399e-05
5.455733381303383e-05
5.455733582038779e-05
5.425989210998182e-05
5.425989210998182e-05
5.425989280807267e-05
5.425989227834261e-05
5.425989172610755e-05
5.425989219305596e-05
5.425989207620555e-05
5.425989025774366e-05
5.425989209780605e-05
5.425989213538564e-05
5.425989305417207e-05
5.425989153254939e-05
5.425989243075963e-05
5.425989090437971e-05
5.425989162204353e-05
5.4259892134604645e-05
5.425989263454102e-05
5.425989116385345e-05
5.425989295144671e-05
5.425989021585563e-05
5.425989221463947e-05
5.287249776640986e-05
5.287249776640986e-05
5.2872498389852396e-05
5.287249792158003e-05
5.2872497415693315e-05
5.28724979248318e-05
5.2872497704082196e-05
5.2872495991431965e-05
5.287249762410641e-05
5.287249780126496e-05
5.287249875748953e-05
5.287249734129512e-05
5.287249802083064e-05
5.287249680151098e-05
5.287249743796572e-05
5.287249781727739e-05
5.2872498117474485e-05
5.287249707436403e-05
5.2872498610534376e-05
5.2872495920309055e-05
5.2872497873107546e-05
4.808319780088272e-05
4.808319780088272e-05
4.808319807789134e-05
4.808319789421236e-05
4.808319760096663e-05
4.808319830276293e-05
4.808319760860428e-05
4.808319637763051e-05
4.808319706724548e-05
4.80831978778862e-05
4.8083199003464776e-05
4.808319806686005e-05
4.8083197752881534e-05
4.808319792882761e-05
4.808319819606415e-05
4.8083197970321316e-05
4.8083197362586886e-05
4.8083198262059446e-05
4.808319865907778e-05
4.8083196177950844e-05
4.8083197917330616e-05
4.560254319930044e-05
4.560254319930044e-05
4.560254300281121e-05
4.5602543208296135e-05
4.5602543206490465e-05
4.5602544171081644e-05
4.560254283190124e-05
4.560254225695546e-05
4.560254166731192e-05
4.560254333198696e-05
4.5602544688168065e-05
4.560254439811183e-05
4.560254274030055e-05
4.560254480394588e-05
4.5602544570909215e-05
4.5602543527603e-05
4.560254169093878e-05
4.560254521749287e-05
4.560254408057037e-05
4.5602541888986274e-05
4.560254332994092e-05
4.5501992809929744e-05
4.5501992809929744e-05
4.5501992601510714e-05
4.5501992817121284e-05
4.5501992823992015e-05
4.550199379517195e-05
4.5501992440481e-05
4.5501991881092245e-05
4.5501991266600904e-05
4.550199294232529e-05
4.550199430403075e-05
4.5501994022367256e-05
4.550199234222317e-05
4.5501994437714395e-05
4.550199419541863e-05
4.550199313937015e-05
4.5501991281482866e-05
4.5501994851128476e-05
4.5501993695679625e-05
4.550199151573635e-05
4.550199294182451e-05
4.4972747334925886e-05
4.4972747334925886e-05
4.4972747111342555e-05
4.4972747341187784e-05
4.4972747364754206e-05
4.4972748344334596e-05
4.4972746972480305e-05
4.4972746429490695e-05
4.497274581260113e-05
4.4972747460141656e-05
4.497274882790634e-05
4.497274852516669e-05
4.497274686258754e-05
4.497274893596444e-05
4.497274869509896e-05
4.497274765425816e-05
4.4972745808198364e-05
4.497274934041087e-05
4.4972748242277995e-05
4.497274609519605e-05
4.4972747472083045e-05
4.249046157936613e-05
4.249046157936613e-05
4.249046129958202e-05
4.249046158433446e-05
4.249046167874581e-05
4.249046268931176e-05
4.249046125796118e-05
4.2490460770880294e-05
4.2490460190447064e-05
4.249046166730346e-05
4.249046305595842e-05
4.249046262568171e-05
4.249046109979106e-05
4.249046299377457e-05
4.24904627786404e-05
4.249046184313468e-05
4.2490460101401045e-05
4.249046335112961e-05
4.2490462591562415e-05
4.24904605951113e-05
4.249046174175412e-05
3.3751906963920744e-05
3.3751906963920744e-05
3.3751906434414726e-05
3.375190696423922e-05
3.3751907378173963e-05
3.375190852499266e-05
3.375190683306875e-05
3.375190659285974e-05
3.3751906198262875e-05
3.375190688036004e-05
3.375190836027614e-05
3.375190733785796e-05
3.375190645721873e-05
3.375190750282211e-05
3.3751907412422074e-05
3.3751906970961803e-05
3.375190572507166e-05
3.375190764324292e-05
3.3751908454296045e-05
3.3751907144578906e-05
3.3751907241316465e-05
2.8803352017868185e-05
2.8803352017868185e-05
2.880335112332559e-05
2.8803352011630214e-05
2.8803352894059672e-05
2.8803354236323985e-05
2.8803352168761575e-05
2.88033522910807e-05
2.880335217601764e-05
2.8803351681151386e-05
2.8803353292134468e-05
2.880335139724851e-05
2.880335147275991e-05
2.8803351261404276e-05
2.8803351355980364e-05
2.8803351645733323e-05
2.8803351136314037e-05
2.880335108134824e-05
2.8803354209389398e-05
2.8803353914207746e-05
2.880335246401118e-05
2.8709537054346242e-05
2.8709537054346242e-05
2.870953615915227e-05
2.8709537048142454e-05
2.8709537932028704e-05
2.8709539270851897e-05
2.8709537207632984e-05
2.870953733269059e-05
2.8709537222095923e-05
2.8709536715630502e-05
2.8709538324592574e-05
2.870953642559017e-05
2.870953650956145e-05
2.870953628757242e-05
2.8709536383346863e-05
2.8709536679200232e-05
2.8709536177546812e-05
2.8709536104772736e-05
2.870953924706106e-05
2.8709538961933367e-05
2.870953750091255e-05
2.8232965773631447e-05
2.8232965773631447e-05
2.823296489200411e-05
2.8232965767832436e-05
2.823296663720013e-05
2.823296794916608e-05
2.823296592570116e-05
2.8232966048251045e-05
2.82329659462455e-05
2.8232965436695144e-05
2.823296702914974e-05
2.8232965151039913e-05
2.8232965231990266e-05
2.823296501660716e-05
2.8232965109314575e-05
2.8232965401132195e-05
2.8232964903450295e-05
2.8232964834966628e-05
2.8232967939117838e-05
2.823296765791374e-05
2.8232966214356134e-05
2.5985241460523284e-05
2.5985241460523284e-05
2.5985240648620896e-05
2.598524145672985e-05
2.5985242250692504e-05
2.5985243428850776e-05
2.598524160405337e-05
2.598524171147832e-05
2.5985241648586184e-05
2.5985241134610102e-05
2.5985242644627026e-05
2.5985240877394876e-05
2.5985240934589827e-05
2.5985240763480105e-05
2.59852408392469e-05
2.5985241104462786e-05
2.5985240619489532e-05
2.5985240590369465e-05
2.5985243485754755e-05
2.598524321529103e-05
2.5985241871002396e-05
1.7749465829880514e-05
1.7749465829880514e-05
1.7749465341672438e-05
1.774946583538931e-05
1.774946627916967e-05
1.774946683698721e-05
1.7749465933250697e-05
1.7749465970270343e-05
1.774946608734052e-05
1.7749465555703752e-05
1.774946668286823e-05
1.7749465431633944e-05
1.7749465377240246e-05
1.7749465413350914e-05
1.7749465410272288e-05
1.774946555088579e-05
1.7749465124060322e-05
1.7749465280349407e-05
1.7749467203395277e-05
1.7749466981344045e-05
1.7749466099786275e-05
1.2002304142909269e-05
1.2002304142909269e-05
1.2002304226035014e-05
1.2002304164875686e-05
1.2002303990697059e-05
1.2002303454231767e-05
1.2002304175105779e-05
1.2002304088216909e-05
1.2002304521052048e-05
1.2002303960709082e-05
1.2002304410690138e-05
1.200230407163075e-05
1.2002303821008526e-05
1.2002304221986615e-05
1.2002304079943152e-05
1.2002304000624192e-05
1.2002303678081054e-05
1.2002304159947728e-05
1.200230436491193e-05
1.200230422858892e-05
1.2002304164415934e-05
1.1996968163774237e-05
1.1996968163774237e-05
1.1996968246786572e-05
1.199696818578062e-05
1.1996968011875337e-05
1.1996967476226938e-05
1.199696819574355e-05
1.1996968109256387e-05
1.199696854027761e-05
1.1996967982177969e-05
1.1996968430835305e-05
1.1996968092897874e-05
1.199696784323754e-05
1.1996968243004784e-05
1.1996968101231638e-05
1.1996968022088102e-05
1.1996967701341644e-05
1.1996968181070868e-05
1.1996968384844356e-05
1.1996968248928427e-05
1.1996968185060693e-05
1.1970885884929848e-05
1.1970885884929848e-05
1.1970885966047871e-05
1.1970885907099367e-05
1.1970885736002654e-05
1.197088520697732e-05
1.19708859159429e-05
1.1970885831743996e-05
1.1970886253015153e-05
1.1970885706125111e-05
1.197088614974547e-05
1.197088581525631e-05
1.197088557089993e-05
1.1970885963711193e-05
1.1970885823623625e-05
1.1970885745900625e-05
1.1970885433915387e-05
1.1970885902125932e-05
1.1970886104037617e-05
1.197088596997737e-05
1.1970885905698122e-05
1.18492525216296e-05
1.18492525216296e-05
1.1849252593432544e-05
1.1849252544602538e-05
1.1849252387319378e-05
1.184925189086606e-05
1.1849252547954727e-05
1.1849252474981054e-05
1.1849252848389297e-05
1.184925235652984e-05
1.1849252775400717e-05
1.1849252457842732e-05
1.1849252239547459e-05
1.1849252598173697e-05
1.1849252466372875e-05
1.184925239563971e-05
1.1849252126677462e-05
1.1849252538297814e-05
1.1849252731110961e-05
1.1849252606168345e-05
1.1849252539854539e-05
1.1431390378876265e-05
1.1431390378876265e-05
1.1431390408133782e-05
1.143139040552793e-05
1.1431390311360216e-05
1.1431389963767603e-05
1.1431390383813406e-05
1.1431390362037509e-05
1.1431390516956035e-05
1.1431390276359327e-05
1.143139058207377e-05
1.1431390341959845e-05
1.1431390242656128e-05
1.1431390445180505e-05
1.1431390351231784e-05
1.143139031241842e-05
1.1431390239864836e-05
1.1431390393115365e-05
1.1431390544308418e-05
1.1431390461016697e-05
1.1431390385463174e-05
1.1225896456196424e-05
1.1225896456196424e-05
1.1225896429246099e-05
1.1225896487728772e-05
1.1225896476996988e-05
1.1225896326275366e-05
1.1225896432931112e-05
1.1225896478627349e-05
1.1225896345169393e-05
1.1225896436327348e-05
1.1225896592284108e-05
1.1225896454747989e-05
1.1225896512541135e-05
1.1225896508934218e-05
1.1225896464996005e-05
1.1225896468332609e-05
1.1225896655025804e-05
1.1225896467196837e-05
1.1225896563244502e-05
1.12258965349933e-05
1.122589644735794e-05
1.1225365929858331e-05
1.1225365929858331e-05
1.1225365902842166e-05
1.1225365961416954e-05
1.1225365950835216e-05
1.122536580055089e-05
1.1225365906613687e-05
1.122536595222255e-05
1.1225365818702751e-05
1.1225365910054e-05
1.1225366065572178e-05
1.1225365928420559e-05
1.1225365986290812e-05
1.1225365982542605e-05
1.1225365938665856e-05
1.1225365942031231e-05
1.1225366128793153e-05
1.1225365940826253e-05
1.122536603664872e-05
1.1225366008476299e-05
1.1225365920951748e-05
1.1222768016804364e-05
1.1222768016804364e-05
1.1222767989824322e-05
1.1222768048462908e-05
1.1222768038089751e-05
1.1222767888715122e-05
1.1222767993847254e-05
1.122276803857805e-05
1.122276790662816e-05
1.1222767996785958e-05
1.1222768151080757e-05
1.1222768015188942e-05
1.1222768072421476e-05
1.1222768069308525e-05
1.1222768025414415e-05
1.12227680286491e-05
1.122276821406485e-05
1.1222768027630858e-05
1.1222768122682903e-05
1.1222768094546823e-05
1.12227680076568e-05
1.1210240877812582e-05
1.1210240877812582e-05
1.1210240851020839e-05
1.1210240909965182e-05
1.1210240900611138e-05
1.1210240755709195e-05
1.1210240856284674e-05
1.1210240896654542e-05
1.1210240772530061e-05
1.1210240856720254e-05
1.1210241004979748e-05
1.1210240875311138e-05
1.1210240929358477e-05
1.1210240929425068e-05
1.1210240885439092e-05
1.1210240888019104e-05
1.1210241066721074e-05
1.1210240887939949e-05
1.1210240979184015e-05
1.1210240951218892e-05
1.121024086747392e-05
1.115831701038018e-05
1.115831701038018e-05
1.1158316984487697e-05
1.1158317044890928e-05
1.1158317040401106e-05
1.11583169168468e-05
1.1158316995675071e-05
1.1158317015229105e-05
1.1158316928458235e-05
1.115831698416405e-05
1.115831710361336e-05
1.1158317003649299e-05
1.1158317042494384e-05
1.1158317057727531e-05
1.1158317013315837e-05
1.1158317012770212e-05
1.115831715941725e-05
1.1158317017174675e-05
1.1158317090237992e-05
1.1158317063089991e-05
1.1158316994356195e-05
1.1079254380960354e-05
1.1079254380960354e-05
1.1079254358156106e-05
1.1079254423569035e-05
1.107925443578496e-05
1.1079254385541886e-05
1.1079254389690201e-05
1.107925433775661e-05
1.1079254379269766e-05
1.107925433715918e-05
1.1079254357652194e-05
1.1079254359703586e-05
1.1079254346349175e-05
1.1079254413619519e-05
1.1079254367803483e-05
1.1079254356521322e-05
1.107925439304945e-05
1.1079254376326869e-05
1.1079254386932221e-05
1.1079254362596246e-05
1.107925434541134e-05
1.1079187303211014e-05
1.1079187303211014e-05
1.1079187280408006e-05
1.1079187345822077e-05
1.1079187358044637e-05
1.107918730782553e-05
1.1079187311952865e-05
1.1079187259993251e-05
1.1079187301553914e-05
1.1079187259415006e-05
1.1079187279858148e-05
1.1079187281948183e-05
1.1079187268584202e-05
1.1079187335824369e-05
1.1079187290065493e-05
1.1079187278777218e-05
1.1079187315232268e-05
1.1079187298591411e-05
1.107918730915388e-05
1.107918728482473e-05
1.1079187267654856e-05
1.1078856169710352e-05
1.1078856169710352e-05
1.1078856146906826e-05
1.1078856212316016e-05
1.107885622453619e-05
1.1078856174280642e-05
1.1078856178462276e-05
1.1078856126524977e-05
1.1078856168049646e-05
1.1078856125977744e-05
1.1078856146382497e-05
1.1078856148448202e-05
1.107885613514768e-05
1.1078856202125895e-05
1.1078856156655902e-05
1.1078856145359981e-05
1.1078856181684221e-05
1.107885616518439e-05
1.1078856175665827e-05
1.1078856151364825e-05
1.1078856134160113e-05
1.1077209128829616e-05
1.1077209128829616e-05
1.1077209106023549e-05
1.1077209171408204e-05
1.1077209183616083e-05
1.107720913317729e-05
1.1077209137631427e-05
1.1077209085806671e-05
1.1077209127149323e-05
1.1077209085413992e-05
1.1077209105628672e-05
1.1077209107571491e-05
1.1077209094588312e-05
1.1077209160258865e-05
1.1077209116229833e-05
1.107720910489611e-05
1.107720914056929e-05
1.1077209124770388e-05
1.107720913484933e-05
1.1077209110688706e-05
1.1077209093309293e-05
1.106918585549863e-05
1.106918585549863e-05
1.106918583267985e-05
1.1069185897942673e-05
1.106918591008941e-05
1.1069185858740841e-05
1.1069185864548047e-05
1.106918581328202e-05
1.1069185853719996e-05
1.1069185813657692e-05
1.1069185832927824e-05
1.106918583426206e-05
1.1069185822853077e-05
1.1069185882034352e-05
1.1069185845155117e-05
1.1069185833634658e-05
1.1069185866074707e-05
1.1069185853752088e-05
1.1069185861837052e-05
1.1069185838373256e-05
1.1069185820126798e-05
1.1034088872656233e-05
1.1034088872656233e-05
1.1034088849776106e-05
1.1034088914449567e-05
1.1034088926300288e-05
1.1034088870553945e-05
1.1034088882902779e-05
1.1034088834337184e-05
1.1034088870397735e-05
1.1034088838432592e-05
1.1034088853131927e-05
1.1034088851532187e-05
1.1034088847725902e-05
1.1034088875552932e-05
1.1034088873214972e-05
1.1034088860796257e-05
1.1034088877603053e-05
1.1034088882067298e-05
1.1034088880534368e-05
1.1034088860438543e-05
1.103408883800214e-05
1.095379468427523e-05
1.095379468427523e-05
1.0953794661138764e-05
1.095379472334571e-05
1.0953794733956109e-05
1.0953794659819947e-05
1.0953794699528372e-05
1.0953794662252856e-05
1.0953794679986937e-05
1.0953794681930632e-05
1.095379467749189e-05
1.0953794663662932e-05
1.09537946916141e-05
1.095379458840177e-05
1.0953794730400743e-05
1.0953794714247995e-05
1.0953794665659802e-05
1.0953794740234277e-05
1.095379469858716e-05
1.095379469257284e-05
1.0953794652622074e-05
1.0950396972590462e-05
1.0950396972590462e-05
1.095039694939705e-05
1.0950397011048953e-05
1.0950397021378525e-05
1.0950396943123692e-05
1.0950396988965805e-05
1.095039695421625e-05
1.0950396967819393e-05
1.0950396977418003e-05
1.0950396968662803e-05
1.0950396952143216e-05
1.0950396987165255e-05
1.0950396854692887e-05
1.0950397028894114e-05
1.095039701193213e-05
1.0950396948670177e-05
1.095039703884157e-05
1.095039698833768e-05
1.0950396985474521e-05
1.0950396941608985e-05
1.095023383967541e-05
1.095023383967541e-05
1.0950233816480958e-05
1.0950233878115512e-05
1.0950233888434543e-05
1.0950233810070941e-05
1.0950233856081295e-05
1.0950233821395788e-05
1.0950233834862708e-05
1.0950233844725503e-05
1.0950233835825369e-05
1.0950233819284181e-05
1.0950233854450262e-05
1.0950233721295429e-05
1.0950233896219994e-05
1.095023387926435e-05
1.0950233815586574e-05
1.095023390606206e-05
1.0950233855454716e-05
1.0950233852672128e-05
1.0950233808711228e-05
1.0949423583175786e-05
1.0949423583175786e-05
1.0949423559983048e-05
1.0949423621594905e-05
1.094942363189281e-05
1.0949423553470349e-05
1.0949423599602707e-05
1.0949423564938738e-05
1.0949423578197607e-05
1.0949423588510401e-05
1.0949423579378708e-05
1.0949423563070527e-05
1.0949423598103352e-05
1.0949423465025686e-05
1.0949423639712946e-05
1.094942362289785e-05
1.0949423558854966e-05
1.094942364896159e-05
1.0949423598943675e-05
1.0949423596191611e-05
1.0949423552218785e-05
1.0945451433864382e-05
1.0945451433864382e-05
1.0945451410683624e-05
1.0945451472214905e-05
1.0945451482423893e-05
1.0945451403951308e-05
1.0945451450329911e-05
1.0945451415624005e-05
1.0945451428088766e-05
1.0945451440195025e-05
1.0945451430162724e-05
1.0945451415176865e-05
1.0945451449126164e-05
1.0945451318164752e-05
1.094545148976222e-05
1.0945451473696636e-05
1.09454514086992e-05
1.0945451496041811e-05
1.0945451449490314e-05
1.0945451446704232e-05
1.0945451402903506e-05
1.0927055333588793e-05
1.0927055333588793e-05
1.0927055310468439e-05
1.0927055371619747e-05
1.0927055381400499e-05
1.0927055302796504e-05
1.0927055350212492e-05
1.0927055315231266e-05
1.0927055323917768e-05
1.0927055344603584e-05
1.0927055330276113e-05
1.0927055321845889e-05
1.0927055350288953e-05
1.0927055230508905e-05
1.0927055386071447e-05
1.0927055373702052e-05
1.0927055304431586e-05
1.0927055377795257e-05
1.0927055348479278e-05
1.0927055345439575e-05
1.0927055302590495e-05
1.0866121036709928e-05
1.0866121036709928e-05
1.0866121013864e-05
1.086612107330128e-05
1.0866121081147073e-05
1.0866121002004451e-05
1.0866121054034537e-05
1.0866121017774776e-05
1.0866121009416235e-05
1.0866121068830716e-05
1.086612103512126e-05
1.0866121056393112e-05
1.086612105982583e-05
1.086612099102849e-05
1.0866121073603143e-05
1.086612107797159e-05
1.086612098955604e-05
1.0866120999454716e-05
1.0866121048253012e-05
1.0866121044025359e-05
1.0866121005534091e-05
1.0841256964554409e-05
1.0841256964554409e-05
1.0841256942017901e-05
1.0841256999526839e-05
1.0841257005197528e-05
1.0841256925466355e-05
1.0841256982662967e-05
1.0841256944959961e-05
1.084125691745712e-05
1.084125702037654e-05
1.0841256964896988e-05
1.0841257019554707e-05
1.0841256994861003e-05
1.0841256983442235e-05
1.084125698389606e-05
1.084125700707734e-05
1.0841256897191081e-05
1.084125683572282e-05
1.084125697233074e-05
1.0841256966761072e-05
1.0841256933178353e-05
1.084107193861436e-05
1.084107193861436e-05
1.0841071916079842e-05
1.0841071973578432e-05
1.0841071979240056e-05
1.0841071899514022e-05
1.0841071956724586e-05
1.0841071919015797e-05
1.084107189144558e-05
1.0841071994520663e-05
1.0841071938964273e-05
1.0841071993742382e-05
1.0841071968944223e-05
1.0841071957748027e-05
1.0841071957884362e-05
1.0841071981134191e-05
1.0841071871181376e-05
1.084107180944789e-05
1.0841071946375517e-05
1.0841071940801315e-05
1.0841071907238429e-05
1.0840162394722098e-05
1.0840162394722098e-05
1.0840162372191875e-05
1.0840162429673554e-05
1.0840162435329716e-05
1.0840162355636342e-05
1.084016241282734e-05
1.0840162375119028e-05
1.0840162347562004e-05
1.0840162450618254e-05
1.0840162395076134e-05
1.084016244983524e-05
1.0840162425042892e-05
1.08401624138669e-05
1.084016241396919e-05
1.0840162437212704e-05
1.084016232730951e-05
1.0840162265587241e-05
1.0840162402478626e-05
1.084016239691001e-05
1.0840162363351337e-05
1.0835623022869759e-05
1.0835623022869759e-05
1.0835623000360419e-05
1.0835623057759964e-05
1.0835623063391649e-05
1.0835622983859863e-05
1.0835623040949584e-05
1.0835623003247156e-05
1.083562297577989e-05
1.0835623078686633e-05
1.0835623023243273e-05
1.0835623077859848e-05
1.0835623053139454e-05
1.0835623041968112e-05
1.0835623042032477e-05
1.0835623065218015e-05
1.0835622955583648e-05
1.0835622894025156e-05
1.0835623030609016e-05
1.0835623025072031e-05
1.0835622991525447e-05
1.081309666575528e-05
1.081309666575528e-05
1.0813096643350108e-05
1.0813096700339901e-05
1.0813096705849605e-05
1.081309662712297e-05
1.0813096683708514e-05
1.0813096646036348e-05
1.0813096619017706e-05
1.0813096721176175e-05
1.0813096666226616e-05
1.0813096720127836e-05
1.0813096695771324e-05
1.0813096684609113e-05
1.0813096684501672e-05
1.0813096707395814e-05
1.0813096599100841e-05
1.0813096538371064e-05
1.081309667340919e-05
1.081309666803097e-05
1.0813096634543178e-05
1.0704659811769267e-05
1.0704659811769267e-05
1.0704659789879295e-05
1.0704659844842128e-05
1.0704659849748403e-05
1.0704659775004092e-05
1.0704659829096375e-05
1.070465979157432e-05
1.0704659766774506e-05
1.0704659865232003e-05
1.0704659812724744e-05
1.0704659863086784e-05
1.0704659840531414e-05
1.070465982941021e-05
1.0704659828457678e-05
1.0704659849910105e-05
1.0704659748239043e-05
1.0704659691611225e-05
1.0704659819001277e-05
1.0704659814408684e-05
1.0704659781211274e-05
1.0258983934942194e-05
1.0258983934942194e-05
1.0258983915491319e-05
1.0258983960858322e-05
1.0258983962907993e-05
1.025898390701575e-05
1.0258983949305162e-05
1.0258983912494547e-05
1.0258983898198035e-05
1.0258983979135116e-05
1.0258983938189493e-05
1.0258983971797104e-05
1.0258983957768778e-05
1.0258983946839923e-05
1.0258983941889019e-05
1.0258983956516287e-05
1.0258983886201834e-05
1.0258983848993633e-05
1.025898394017751e-05
1.0258983939303456e-05
1.025898390748103e-05
9.608677033716188e-06
9.608677033716188e-06
9.608677020997558e-06
9.608677039877995e-06
9.608677034043083e-06
9.608677030186383e-06
9.608677039896904e-06
9.608677005052276e-06
9.608677019745751e-06
9.60867705232118e-06
9.608677043288133e-06
9.608677030650974e-06
9.608677040159095e-06
9.608677029760867e-06
9.608677013775255e-06
9.608677009563643e-06
9.608677025799254e-06
9.608677042193144e-06
9.608677033442035e-06
9.60867704282875e-06
9.608677014803712e-06
9.608661057214241e-06
9.608661057214241e-06
9.608661044495578e-06
9.608661063375739e-06
9.608661057541011e-06
9.608661053684525e-06
9.608661063394312e-06
9.60866102855191e-06
9.608661043244303e-06
9.608661075817684e-06
9.60866106678492e-06
9.608661054148534e-06
9.608661063656666e-06
9.608661053258735e-06
9.60866103727403e-06
9.60866103306232e-06
9.60866104929795e-06
9.608661065691649e-06
9.608661056941866e-06
9.608661066325383e-06
9.608661038302594e-06
9.60859445540333e-06
9.60859445540333e-06
9.608594442684087e-06
9.60859446156446e-06
9.608594455731132e-06
9.608594451872728e-06
9.608594461580625e-06
9.60859442674921e-06
9.608594441434543e-06
9.608594474000435e-06
9.608594464967263e-06
9.608594452337485e-06
9.60859446184424e-06
9.608594451448017e-06
9.608594435468234e-06
9.60859443125713e-06
9.608594447487952e-06
9.608594463877456e-06
9.608594455140123e-06
9.608594464507032e-06
9.6085944364953e-06
9.608261548138079e-06
9.608261548138079e-06
9.608261535416118e-06
9.608261554297374e-06
9.608261548470988e-06
9.608261544603006e-06
9.608261554301497e-06
9.608261519525037e-06
9.608261534175102e-06
9.608261566703469e-06
9.60826155766832e-06
9.60826154507156e-06
9.60826155457134e-06
9.608261544183894e-06
9.608261528228493e-06
9.60826152402038e-06
9.60826154022725e-06
9.608261556595849e-06
9.608261547920586e-06
9.608261557204487e-06
9.608261529248118e-06
9.606607322622743e-06
9.606607322622743e-06
9.606607309887207e-06
9.6066073287729e-06
9.606607322981169e-06
9.606607319065405e-06
9.606607328716937e-06
9.606607294214707e-06
9.606607308688831e-06
9.606607341029891e-06
9.60660733198493e-06
9.606607319552906e-06
9.606607329017912e-06
9.606607318674259e-06
9.606607302840492e-06
9.606607298647328e-06
9.606607314734773e-06
9.606607330998854e-06
9.606607322633645e-06
9.606607331503254e-06
9.606607303823025e-06
9.59858946865316e-06
9.59858946865316e-06
9.598589455850282e-06
9.598589474758048e-06
9.598589469138029e-06
9.598589464985416e-06
9.598589474404309e-06
9.598589441260951e-06
9.598589454863286e-06
9.59858948627605e-06
9.598589477182482e-06
9.598589465566799e-06
9.598589474859477e-06
9.598589464732832e-06
9.598589449501882e-06
9.598589445382832e-06
9.598589460878402e-06
9.598589476624524e-06
9.59858946979546e-06
9.598589476612163e-06
9.598589450300524e-06
9.564401554809151e-06
9.564401554809151e-06
9.564401541684548e-06
9.564401560697683e-06
9.564401555897929e-06
9.564401550614086e-06
9.564401558921472e-06
9.564401532269425e-06
9.564401541707465e-06
9.564401568685412e-06
9.564401559359934e-06
9.56440155164383e-06
9.564401560113232e-06
9.564401551023381e-06
9.564401538672147e-06
9.564401534907136e-06
9.564401547575222e-06
9.56440156084695e-06
9.564401561356123e-06
9.564401558366439e-06
9.564401538592263e-06
9.498421655813472e-06
9.498421655813472e-06
9.498421641566715e-06
9.498421660947203e-06
9.498421659008573e-06
9.498421649779372e-06
9.498421654208893e-06
9.498421650199485e-06
9.498421645112388e-06
9.49842165661997e-06
9.498421646486951e-06
9.498421652372766e-06
9.498421657970178e-06
9.498421652497145e-06
9.498421650191614e-06
9.498421647661633e-06
9.498421650466224e-06
9.498421655106128e-06
9.498421681212187e-06
9.498421644017322e-06
9.498421647046364e-06
9.498417074236702e-06
9.498417074236702e-06
9.49841705998994e-06
9.49841707937026e-06
9.49841707743155e-06
9.498417068202805e-06
9.498417072631688e-06
9.49841706862234e-06
9.49841706353592e-06
9.4984170750421e-06
9.498417064910478e-06
9.49841707079595e-06
9.498417076393075e-06
9.498417070920402e-06
9.49841706861574e-06
9.49841706608583e-06
9.498417068889634e-06
9.49841707352881e-06
9.498417099634902e-06
9.498417062440899e-06
9.498417065469606e-06
9.498398351970646e-06
9.498398351970646e-06
9.498398337724113e-06
9.498398357103468e-06
9.49839835516387e-06
9.498398345938193e-06
9.498398350364436e-06
9.498398346351467e-06
9.49839834127082e-06
9.498398352772917e-06
9.498398342648358e-06
9.49839834852976e-06
9.49839835412597e-06
9.498398348654421e-06
9.498398346352306e-06
9.498398343822554e-06
9.49839834662417e-06
9.498398351261151e-06
9.498398377362919e-06
9.498398340179272e-06
9.498398343202292e-06
9.498305349847857e-06
9.498305349847857e-06
9.498305335602423e-06
9.498305354977021e-06
9.498305353033003e-06
9.498305343822583e-06
9.498305348235731e-06
9.498305344204575e-06
9.498305339152938e-06
9.4983053506345e-06
9.498305340545248e-06
9.498305346406337e-06
9.498305351997921e-06
9.49830534653208e-06
9.498305344242683e-06
9.498305341713691e-06
9.498305344504309e-06
9.49830534913032e-06
9.49830537521066e-06
9.498305338078773e-06
9.498305341073238e-06
9.497843594390765e-06
9.497843594390765e-06
9.497843580150924e-06
9.497843599501753e-06
9.497843597535686e-06
9.497843588401437e-06
9.497843592749122e-06
9.497843588627278e-06
9.497843583720347e-06
9.49784359509942e-06
9.497843585186332e-06
9.497843590946092e-06
9.497843596514596e-06
9.497843591077261e-06
9.497843588851315e-06
9.497843586326113e-06
9.497843589061882e-06
9.49784359363316e-06
9.497843619606527e-06
9.497843582732876e-06
9.49784358558488e-06
9.49561411123351e-06
9.49561411123351e-06
9.495614097021298e-06
9.495614116254524e-06
9.495614114179383e-06
9.495614105422038e-06
9.495614109445818e-06
9.49561410487523e-06
9.495614100684315e-06
9.495614111556309e-06
9.495614102514964e-06
9.495614107773299e-06
9.495614113227569e-06
9.495614107931313e-06
9.495614106019308e-06
9.49561410351285e-06
9.495614105977216e-06
9.495614110277638e-06
9.495614135721633e-06
9.495614100125738e-06
9.495614102272912e-06
9.486298602643255e-06
9.486298602643255e-06
9.486298588561974e-06
9.486298607237643e-06
9.486298604645324e-06
9.48629859767504e-06
9.486298600163047e-06
9.486298593464699e-06
9.4862985926688e-06
9.486298601136449e-06
9.48629859622851e-06
9.486298599109294e-06
9.486298604021928e-06
9.486298599394614e-06
9.486298598971141e-06
9.486298596553554e-06
9.486298597731166e-06
9.486298600747273e-06
9.486298623681232e-06
9.486298594143951e-06
9.486298592949088e-06
9.471080428314187e-06
9.471080428314187e-06
9.471080414608745e-06
9.471080431684138e-06
9.471080427607516e-06
9.471080425766207e-06
9.47108042384648e-06
9.471080411041354e-06
9.471080419989256e-06
9.471080421556407e-06
9.471080428511452e-06
9.47108042456867e-06
9.471080427926617e-06
9.471080425219245e-06
9.471080429068009e-06
9.471080426905429e-06
9.47108042438994e-06
9.471080423720021e-06
9.471080439450087e-06
9.471080427301398e-06
9.471080416514733e-06
     fun: 9.998310315734387e-06
     jac: array([ 3.29731620e-08, -3.57465524e-08, -2.65237190e-07,  1.28557190e-07,
       -2.37204290e-07,  5.57065505e-12,  1.26088480e-07, -2.21343385e-07,
        6.99014890e-08, -2.55522536e-08,  1.73404715e-07,  3.60734020e-08,
        1.41042619e-07,  7.30217380e-08, -4.06854497e-08, -7.15951955e-08,
        1.23160362e-08,  8.38957703e-08, -5.25663950e-07])
 message: 'Optimization terminated successfully.'
    nfev: 1470
     nit: 70
    njev: 70
  status: 0
 success: True
       x: array([ 0.39454335, -0.55446826, -0.27758487,  0.24514639, -0.36600896,
        0.84836466,  0.24382808,  0.07801353, -0.50657664, -0.16547565,
       -0.07253116,  0.3503675 ,  0.05239901, -0.1736873 ,  0.22282493,
        0.25000883, -0.68210788,  0.3693043 , -0.17005512])

========================================================

Final result:
0.39454334543589015
0.39454334543589015
-0.554468264696602
0.39454334543589015
-0.27758486807934946
0.24514638924085252
-0.36600895711091463
0.8483646605044333
0.24382807910429322
0.24382807910429322
0.07801352901677233
-0.5065766428983443
-0.16547564608357185
-0.07253116442894685
0.3503675023082538
0.05239901307675691
-0.17368730214365366
0.22282492943929022
0.25000883263608503
0.39792179470268185
-0.6821078840942073
0.36930430228653655
-0.17005511546654586
0.16095289909140553
0.16095289909140553
0.16095289909140553
