PRO_neutral_methyl.filelist
3.15380229588
3.15380229588
3.1538022047
3.15380243957
3.15380258696
3.15380253653
3.1538028114
3.15380285444
3.15380278748
3.15380261282
3.15380230129
3.15380363123
3.1538033936
3.15380257524
3.15380262252
3.15380235328
36612.1233121
3659.72329122
402.699626959
64.4309371432
10.4967157679
2.87831729226
2.87831729226
2.87831670772
2.87831679434
2.87831673795
2.87831700078
2.87831606548
2.87831686585
2.87831703643
2.87831709112
2.87831706786
2.87831640992
2.8783169184
2.87831730249
2.87831717766
2.87831729425
5588.67137637
557.597891516
85.2482371563
13.4353440945
2.94101804586
2.50566025713
2.50566025713
2.50565993209
2.50565991227
2.50565985427
2.50565994045
2.5056594692
2.50565977301
2.50565983314
2.50565999137
2.50566001109
2.50565919588
2.50565938016
2.50566026659
2.50566013118
2.50566025926
742.224315788
73.0329420122
10.8991031353
2.43713896171
2.10763258295
2.10763258295
2.10763236028
2.10763227938
2.1076320873
2.1076323093
2.10763155492
2.10763194377
2.10763210139
2.10763240285
2.10763241868
2.10763110777
2.10763159164
2.10763247836
2.10763236949
2.10763256041
907.546707643
90.3279696323
8.82170781503
2.12997426788
2.04755928635
2.04755928635
2.04755899937
2.04755891884
2.04755878487
2.04755894075
2.04755828679
2.04755864172
2.04755877542
2.04755896817
2.04755909745
2.04755781484
2.04755825009
2.04755909628
2.04755895474
2.04755924572
87.5482190332
8.35001383201
2.03658542476
1.92520565422
1.92520565422
1.92520541985
1.92520528066
1.9252051229
1.92520528349
1.9252045865
1.92520496593
1.92520510296
1.92520527482
1.92520548095
1.92520408705
1.9252045329
1.92520546845
1.92520534127
1.92520561568
44.2988027696
4.53806014669
1.90150031052
1.90150031052
1.90150005958
1.90149993539
1.90149978185
1.90149995643
1.90149924724
1.9014996311
1.90149975219
1.90149996809
1.90150016707
1.90149877699
1.90149914763
1.90150009426
1.90149999509
1.90150026543
62.5830206403
6.38469003785
1.94654222693
1.89339627262
1.89339627262
1.89339601528
1.89339589097
1.8933957486
1.89339591672
1.89339523313
1.89339558947
1.89339571928
1.89339592121
1.8933961347
1.89339471917
1.893395131
1.89339606036
1.89339597201
1.89339622871
4.81206409182
1.62390808444
1.62390808444
1.62390801998
1.62390792346
1.62390784433
1.6239079127
1.62390762869
1.62390773383
1.6239077838
1.62390790361
1.62390804202
1.62390727697
1.62390744665
1.62390796911
1.62390789607
1.62390806141
4.26257924191
1.46083860796
1.46083860796
1.46083883227
1.46083883261
1.46083887737
1.4608387685
1.46083918285
1.46083887916
1.46083880308
1.46083874715
1.46083870543
1.46083920387
1.46083897579
1.46083863989
1.46083870457
1.4608386145
1.78556371918
1.43389233941
1.43389233941
1.43389249986
1.43389252395
1.43389255991
1.43389247439
1.4338927999
1.43389257519
1.43389251431
1.4338924548
1.43389241759
1.43389286156
1.4338926801
1.4338923771
1.43389242743
1.43389234728
1.80900994875
1.39878576351
1.39878576351
1.39878574047
1.39878576213
1.39878577163
1.39878577221
1.398785774
1.39878580008
1.39878579884
1.39878577698
1.39878576052
1.39878585758
1.39878585689
1.39878577995
1.39878578478
1.39878576694
1.38519625908
1.38872597148
1.38872597148
1.38872596098
1.38872596664
1.3887259638
1.38872596431
1.38872595865
1.38872596615
1.38872596587
1.3887259688
1.38872596336
1.38872596379
1.3887259671
1.38872597416
1.38872597364
1.38872597204
1.3919244805
1.39021576216
1.39021576216
1.39021575811
1.39021576154
1.39021575751
1.39021575711
1.39021575632
1.3902157572
1.39021575632
1.39021576101
1.39021575711
1.39021575396
1.39021575566
1.39021576245
1.39021576275
1.39021576223
1.38875583697
1.38875583697
1.38875583235
1.38875583603
1.38875583258
1.38875583273
1.38875583096
1.38875583397
1.38875583343
1.388755836
1.38875583324
1.38875583353
1.38875583633
1.38875583667
1.38875583723
1.38875583693
1.3891727451
1.3891727451
1.38917274212
1.3891727457
1.38917274257
1.38917274129
1.38917274364
1.38917274304
1.38917274153
1.38917274459
1.38917274108
1.3891727436
1.38917274344
1.38917274568
1.38917274634
1.38917274524
1.38928810798
     fun: 1.4230761507629734
     jac: array([ 0.02781315,  0.02584264,  0.04094261,  0.0101645 ,  0.09639749,
        0.03231193,  0.01171936,  0.00286524,  0.00088099,  0.07377721,
        0.01082793,  0.01509184,  0.01661952,  0.00339469])
 message: 'Optimization terminated successfully.'
    nfev: 289
     nit: 16
    njev: 16
  status: 0
 success: True
       x: array([ 0.31386491, -0.52597346, -0.12185065,  0.01065196,  0.11139273,
       -0.2530654 , -0.21598777,  0.08591928,  0.46790996,  0.12886992,
        0.11735658, -0.3560256 ,  0.25227448, -0.3258905 ])

========================================================

Final result:
0.313864913209
-0.525973461958
-0.12185065426
0.0106519602656
0.111392733386
0.111392733386
-0.253065401121
-0.215987774199
0.0859192814762
0.467909963956
0.128869919799
0.128869919799
0.117356580922
0.117356580922
-0.476707295582
-0.356025595135
0.252274483835
-0.325890501285
0.143213870862
0.143213870862
0.143213870862
