18.7435984736
18.7435984736
18.7435962911
18.7435961588
18.743596611
18.7435931448
18.743596285
18.7435963956
18.7435961812
18.7435961724
18.7435965163
18.7435957793
18.7435945073
18.7435969231
18.7435956609
18.7435958547
18.7435955538
18.7435968949
18.7435973638
18.7435979728
18.7435986147
18.7435987113
18.7435984928
755415.180985
75529.630168
7541.0855339
1341.04354978
263.159986979
49.410167819
14.0305565951
14.0305565951
14.03055755
14.0305573192
14.0305580979
14.0305615215
14.0305574543
14.0305576995
14.0305570699
14.0305570074
14.0305572176
14.030556603
14.0305580671
14.0305570452
14.0305564825
14.0305574313
14.0305577411
14.0305571384
14.03055726
14.0305567335
14.0305569335
14.0305570785
14.0305566562
53533.0220721
5347.28916794
793.613095233
123.731040558
20.7225671181
12.3431809524
12.3431809524
12.3431819597
12.343181818
12.3431821494
12.3431847109
12.3431821206
12.3431823248
12.3431820574
12.3431820388
12.3431823466
12.3431817158
12.3431841846
12.3431820091
12.3431816896
12.3431828368
12.3431833506
12.3431821292
12.3431821409
12.3431812805
12.3431812438
12.3431813227
12.3431810048
23304.8853284
2325.23838764
344.627820653
53.0739208131
12.297383533
10.8626900391
10.8626900391
10.8626916308
10.8626916153
10.8626917339
10.8626952248
10.8626917112
10.8626918318
10.8626916531
10.8626916824
10.8626916251
10.8626915728
10.8626935679
10.8626911189
10.8626917144
10.8626918535
10.8626923794
10.8626910722
10.8626910289
10.8626903182
10.8626901053
10.8626900428
10.8626900456
4728.14154008
470.559619901
45.8989430482
10.9878881341
10.5383265641
10.5383265641
10.5383282908
10.5383283488
10.5383283489
10.5383319875
10.5383283116
10.5383283716
10.5383282645
10.5383283747
10.5383281446
10.5383281878
10.5383299244
10.5383277439
10.538328322
10.5383286665
10.5383291982
10.5383278934
10.5383278784
10.5383269418
10.5383266305
10.5383265814
10.5383265706
1537.99190561
151.1105648
18.3656665288
10.0124019626
10.0124019626
10.0124039238
10.0124039858
10.0124039089
10.0124078045
10.0124039739
10.0124040588
10.0124038983
10.0124039876
10.0124037486
10.0124038219
10.0124057203
10.0124033299
10.0124039169
10.0124043231
10.0124047919
10.0124033643
10.012403035
10.0124023855
10.0124022218
10.0124022727
10.0124020153
2624.16704363
260.947262051
26.3315506584
9.90132758268
9.90132758268
9.90132950545
9.90132947228
9.90132958394
9.9013336552
9.90132959121
9.90132973281
9.90132948462
9.90132941279
9.90132941082
9.90132953992
9.9013314543
9.90132902478
9.90132972829
9.90133009251
9.90133050211
9.90132912078
9.9013287332
9.9013280602
9.9013276175
9.90132754635
9.90132758784
663.725506913
65.5857189425
10.9536433301
9.75820958975
9.75820958975
9.75821158992
9.75821163136
9.75821163069
9.75821575095
9.75821160821
9.7582116656
9.75821153661
9.75821148619
9.7582114709
9.75821159416
9.75821359684
9.75821106648
9.75821171895
9.75821213829
9.75821249187
9.75821116974
9.7582107791
9.75821008605
9.75820961169
9.75820956775
9.75820959242
422.726306936
41.7644156844
9.9002606235
9.59221790695
9.59221790695
9.59221993224
9.59221991004
9.59221996977
9.59222412744
9.59222000465
9.59222010287
9.59221990659
9.59221981287
9.59221980999
9.59222000985
9.59222195297
9.59221938601
9.59222009324
9.59222046325
9.59222081131
9.59221951833
9.59221919236
9.59221840974
9.59221793359
9.59221793321
9.59221791278
482.881008671
47.8504504016
10.0334755694
9.46985500906
9.46985500906
9.46985705064
9.46985703113
9.46985708179
9.4698612551
9.46985710898
9.46985717278
9.46985702995
9.4698569594
9.46985692307
9.46985713859
9.46985906052
9.46985650202
9.46985716967
9.46985759442
9.46985801805
9.46985658847
9.46985623354
9.46985549234
9.46985499093
9.46985500514
9.46985500501
112.452059058
12.9414192523
9.18173369466
9.18173369466
9.1817356883
9.18173566096
9.18173570622
9.18173973807
9.18173571646
9.18173572334
9.18173565549
9.18173555435
9.18173555739
9.18173581208
9.18173764623
9.18173514534
9.18173590797
9.18173620502
9.18173663612
9.1817352144
9.18173491234
9.18173414901
9.18173375737
9.18173369945
9.18173371231
426.122229448
41.9508389928
9.33385964568
9.00259086882
9.00259086882
9.00259286749
9.00259283092
9.00259283416
9.0025967219
9.00259290706
9.0025929318
9.00259280173
9.00259270534
9.00259269926
9.00259290553
9.0025947361
9.00259230411
9.00259298938
9.00259334128
9.00259372658
9.00259236413
9.00259205222
9.00259131779
9.00259090595
9.0025908
9.00259087916
231.453033684
23.166031203
8.84642977157
8.84642977157
8.84643155074
8.84643145641
8.84643155845
8.84643513515
8.84643161433
8.84643158642
8.84643159658
8.84643160825
8.84643147284
8.84643169297
8.84643331682
8.84643112681
8.84643176857
8.84643208059
8.84643233047
8.84643118001
8.84643083408
8.84643020686
8.84642980567
8.84642970604
8.84642978061
101.907724338
11.5848597671
6.86283435841
6.86283435841
6.86283508448
6.86283510857
6.86283496693
6.86283605707
6.86283511389
6.8628350568
6.86283520728
6.8628352569
6.86283510419
6.86283538905
6.8628358345
6.8628349759
6.86283548312
6.86283536686
6.86283540007
6.86283493972
6.86283475379
6.86283453995
6.86283426689
6.8628342211
6.86283434077
54.3084305272
7.74813734158
6.54298445569
6.54298445569
6.54298481717
6.542984856
6.5429846742
6.54298496747
6.54298484568
6.54298476272
6.54298496664
6.54298502213
6.54298485673
6.54298516183
6.54298521804
6.54298478055
6.54298521776
6.5429849857
6.54298497774
6.54298478331
6.54298460765
6.54298457953
6.54298436701
6.54298428233
6.54298444088
18.4909592591
6.42260999357
6.42260999357
6.42260946161
6.42260952044
6.42260932344
6.42260789212
6.42260949587
6.42260936634
6.42260959572
6.42260964881
6.42260953983
6.42260970268
6.42260896111
6.42260964937
6.42260974256
6.42260939065
6.42260920545
6.42260961283
6.42260961925
6.42260987833
6.42260988901
6.42260986379
6.42260997148
13.2664909393
6.37440291589
6.37440291589
6.37440237265
6.37440245516
6.37440228266
6.37440096902
6.37440240611
6.37440232233
6.37440249488
6.37440253911
6.37440245645
6.3744025878
6.37440187799
6.37440257051
6.37440258477
6.37440231028
6.37440213075
6.37440252565
6.37440255902
6.37440279099
6.37440284818
6.37440280662
6.37440290257
11.5127788796
6.10352644977
6.10352644977
6.10352623396
6.10352622744
6.10352631601
6.10352609949
6.10352621619
6.10352623515
6.10352615393
6.10352614825
6.1035261895
6.10352607859
6.10352591178
6.10352624149
6.10352603583
6.10352610999
6.10352607783
6.10352624505
6.10352632027
6.10352638099
6.10352649158
6.10352652736
6.10352645509
6.02448174987
6.02448174987
6.02448187713
6.0244818911
6.02448186398
6.02448208684
6.0244819146
6.02448191936
6.02448192254
6.02448192217
6.02448193625
6.02448193444
6.02448216431
6.02448188201
6.02448195912
6.024481985
6.02448204047
6.02448189017
6.02448186373
6.02448179029
6.02448174528
6.02448173294
6.024481749
6.07231697679
6.03147304646
6.03147304646
6.0314731331
6.03147315006
6.03147311791
6.03147324463
6.03147316402
6.03147315679
6.03147317486
6.03147317904
6.03147317453
6.03147319668
6.03147332424
6.03147313638
6.03147322076
6.03147320753
6.03147323739
6.03147314131
6.03147311461
6.03147307415
6.03147303502
6.03147302047
6.03147304188
6.03455053723
6.01921147964
6.01921147964
6.01921150235
6.01921151497
6.01921150567
6.01921155398
6.01921151837
6.01921150862
6.01921151328
6.01921151825
6.01921151076
6.01921152146
6.01921154219
6.01921149813
6.01921153118
6.01921151688
6.01921152178
6.01921150045
6.01921149133
6.01921148564
6.01921147465
6.01921147048
6.01921147739
6.02574094402
6.01440706581
6.01440706581
6.01440707091
6.0144070814
6.014407079
6.01440710442
6.01440708296
6.01440707462
6.0144070743
6.01440707951
6.0144070733
6.0144070776
6.01440707886
6.01440706608
6.01440708297
6.01440707407
6.01440707387
6.01440706951
6.01440706575
6.01440706537
6.01440706383
6.01440706275
6.01440706403
6.00751593657
6.01201513983
6.01201513983
6.01201513539
6.0120151455
6.01201514424
6.0120151534
6.01201514777
6.0120151403
6.0120151389
6.01201514368
6.01201514048
6.01201513958
6.0120151395
6.01201513478
6.01201514365
6.01201513884
6.0120151385
6.01201513793
6.0120151369
6.01201513765
6.01201513937
6.0120151393
6.012015138
6.01402040843
6.01283883341
6.01283883341
6.01283882153
6.0128388319
6.01283882976
6.01283882233
6.01283883545
6.01283882883
6.01283882773
6.01283883228
6.01283883179
6.01283882725
6.01283883045
6.01283882618
6.01283883132
6.01283882892
6.01283882957
6.01283882918
6.0128388298
6.01283883032
6.01283883326
6.01283883332
6.01283883164
6.01421032766
6.01348457549
6.01348457549
6.01348456424
6.01348457466
6.01348457285
6.01348456774
6.01348457797
6.01348457151
6.01348456984
6.01348457432
6.01348457371
6.01348456931
6.0134845722
6.01348456799
6.01348457347
6.01348457053
6.01348457132
6.01348457092
6.01348457164
6.01348457227
6.01348457531
6.01348457532
6.0134845737
6.01350473365
6.01349147462
     fun: 6.198856968231017
     jac: array([-0.04677868, -0.04433382, -0.06105447, -0.19455874, -0.03925925,
       -0.04429048, -0.026559  , -0.02184373, -0.02023184, -0.01973814,
       -0.03993696, -0.01567531, -0.01664257, -0.03123045, -0.03645825,
       -0.02079082, -0.01726478, -0.00717229, -0.00680083, -0.00928235,
       -0.00148845])
 message: 'Optimization terminated successfully.'
    nfev: 632
     nit: 25
    njev: 25
  status: 0
 success: True
       x: array([ 0.69496459, -0.53661242, -0.51257062,  0.14276298, -0.55944239,
        0.30417776,  0.04640631,  0.11194951, -0.3071471 ,  0.5320062 ,
        0.11009958,  0.17086713, -0.4883332 , -0.16371308,  0.13005469,
       -0.15671047,  0.13671378, -0.13048299, -0.37100696,  0.25927289,
       -0.27828207])

========================================================

Final result:
0.694964594002
-0.536612422582
-0.512570615758
0.142762980126
0.142762980126
0.142762980126
-0.559442389034
0.30417776378
0.046406314172
0.111949509849
-0.307147101424
0.532006195961
0.110099579672
0.110099579672
0.170867128653
-0.48833320313
-0.163713079132
-0.163713079132
0.130054691031
-0.156710465804
-0.156710465804
0.130054691031
0.136713778209
-0.130482994723
0.136713778209
0.133039271903
-0.371006955352
0.259272893053
-0.278282072362
0.13000537822
0.13000537822
0.13000537822
