15.7323816724
15.7323816724
15.732381742
15.7323817453
15.7323816858
15.7323805744
15.7323805413
15.7323806018
15.7323806194
15.7323808223
15.7323803878
15.732379927
15.7323810953
15.7323803178
15.7323812015
15.7323812754
15.7323811101
15.7323814305
15.7323814925
15.7323812663
15.7323815407
15.7323818892
15.7323819248
15.7323817156
72024.5468446
16422.1754054
3739.30536729
846.390067379
186.71013538
37.2211579991
9.09876392049
9.09876392049
9.09876391667
9.09876384441
9.09876391982
9.09876425749
9.09876432296
9.09876423608
9.09876420337
9.09876443627
9.0987640505
9.09876514313
9.0987643618
9.09876402734
9.09876440814
9.09876419971
9.09876452762
9.09876425698
9.09876410242
9.09876413851
9.09876425183
9.09876416406
9.09876419624
9.09876397019
4438.06375192
922.590243971
189.322385253
36.8453474488
7.91387104875
7.91387104875
7.91387096044
7.91387087293
7.91387103157
7.91387207882
7.91387219337
7.91387202686
7.91387197397
7.91387189736
7.91387217176
7.91387285189
7.9138716264
7.91387231419
7.91387145954
7.91387148706
7.91387150176
7.91387123347
7.91387122758
7.91387154678
7.91387108094
7.91387091437
7.91387082512
7.91387102089
703.076484263
69.4743497095
9.61361492847
7.78816922688
7.78816922688
7.78816916497
7.78816910488
7.78816921484
7.78817027946
7.78817037318
7.78817024271
7.78817021069
7.78817008397
7.78817040679
7.7881710184
7.78816982204
7.78817055187
7.78816970243
7.78816965314
7.7881697755
7.78816947596
7.78816942113
7.78816967521
7.78816935679
7.78816906819
7.78816897729
7.78816919402
145.040089502
15.3274972609
7.68608842746
7.68608842746
7.68608838062
7.68608836212
7.68608841837
7.68608951942
7.68608958175
7.68608948493
7.68608950299
7.68608929002
7.6860896156
7.68609021135
7.68608901815
7.68608970885
7.68608888037
7.68608885561
7.68608894585
7.68608864839
7.68608861348
7.68608888815
7.68608851093
7.68608831464
7.68608827503
7.68608840477
168.594151343
20.7669122491
7.39703293465
7.39703293465
7.39703280221
7.39703274315
7.39703290837
7.39703399025
7.39703405544
7.39703393777
7.39703391216
7.39703376192
7.39703409036
7.39703467216
7.39703347927
7.39703413037
7.39703337905
7.39703328397
7.39703347081
7.39703315012
7.39703309282
7.39703326236
7.39703303183
7.39703275444
7.39703273224
7.39703289816
320.113840423
31.6509579292
7.51500605976
7.27591348307
7.27591348307
7.27591341235
7.27591338074
7.27591346862
7.27591447125
7.27591451107
7.27591447034
7.27591445285
7.2759143205
7.2759146435
7.27591526207
7.27591403487
7.2759146832
7.27591391736
7.27591384794
7.27591400099
7.27591368319
7.27591364129
7.2759138416
7.27591355048
7.27591327689
7.27591324926
7.27591344118
196.786265765
28.0008233071
7.14691417142
6.63097722988
6.63097722988
6.6309771084
6.63097708265
6.63097720504
6.63097817405
6.6309781965
6.63097815366
6.63097813563
6.63097797919
6.63097833136
6.63097877024
6.63097774904
6.63097831862
6.63097764329
6.63097760355
6.63097771719
6.63097743324
6.63097739428
6.63097763085
6.6309773155
6.63097701498
6.63097702998
6.63097718678
117.488082368
19.8335686923
5.844879159
5.844879159
5.84487912046
5.84487913507
5.84487915142
5.84487963099
5.84487965374
5.84487961265
5.84487952839
5.84487950095
5.84487980133
5.84487986933
5.84487936277
5.84487978981
5.84487931607
5.84487928123
5.84487935892
5.84487922481
5.84487920693
5.84487927729
5.84487918455
5.84487904199
5.8448790885
5.84487913805
55.660167909
10.1369866503
4.48292380611
4.48292380611
4.48292382033
4.4829239267
4.48292380988
4.482923661
4.48292359459
4.48292362042
4.48292357544
4.48292356182
4.48292368671
4.48292325699
4.48292359448
4.48292362084
4.48292361455
4.48292364581
4.48292359072
4.48292369214
4.48292372079
4.48292365067
4.48292374228
4.48292370509
4.48292373973
4.48292378585
103.577209752
15.3285013005
4.27262916513
4.27262916513
4.27262917103
4.27262928225
4.27262916497
4.27262850446
4.27262838083
4.27262854355
4.27262857084
4.272628536
4.27262856166
4.27262779052
4.27262869133
4.27262854323
4.2726287651
4.27262882147
4.27262871559
4.27262893165
4.27262899313
4.2726288224
4.27262901611
4.27262917783
4.27262919432
4.27262916823
28.4982347852
5.1331339625
3.8647771305
3.8647771305
3.86477719383
3.86477726561
3.86477714165
3.86477623274
3.8647761404
3.86477629814
3.86477633762
3.86477632001
3.86477629286
3.86477536468
3.86477653818
3.86477622849
3.86477663361
3.8647767067
3.86477655822
3.86477685028
3.86477692528
3.86477670027
3.86477695352
3.86477715059
3.86477719738
3.86477713506
8.13877602467
3.13095250582
3.13095250582
3.13095254212
3.13095258395
3.13095251184
3.13095190929
3.13095183874
3.13095195656
3.13095199736
3.13095202601
3.13095188746
3.13095148384
3.13095217891
3.13095183307
3.13095222636
3.13095227923
3.13095210897
3.13095241128
3.1309524243
3.1309522433
3.13095251959
3.13095257762
3.13095261129
3.13095252019
103.300416281
16.4529887684
3.368529117
2.72926725395
2.72926725395
2.72926729015
2.72926731104
2.72926726046
2.72926686528
2.72926682775
2.72926688128
2.72926690832
2.72926698047
2.72926676962
2.7292666802
2.72926710605
2.72926673892
2.72926715234
2.72926715296
2.72926709119
2.72926724008
2.72926723582
2.72926710742
2.72926727565
2.72926735702
2.72926736942
2.72926727377
20.8468088139
3.49273462558
2.50575358803
2.50575358803
2.50575362088
2.50575360597
2.50575359392
2.50575338969
2.50575338827
2.50575340072
2.50575342776
2.50575350155
2.50575327749
2.50575343537
2.50575356329
2.50575325796
2.50575359596
2.50575357765
2.50575357609
2.50575363621
2.5057536057
2.50575356394
2.50575367883
2.50575369593
2.50575369815
2.50575360848
2.92082129235
2.19077038317
2.19077038317
2.19077037615
2.19077034495
2.19077038125
2.19077051837
2.19077054896
2.19077051143
2.1907705127
2.19077050073
2.19077051272
2.19077063186
2.19077046553
2.19077053247
2.19077043523
2.19077044958
2.19077042672
2.19077040881
2.19077041244
2.19077045715
2.1907703839
2.19077036489
2.19077034658
2.19077037832
2.30100006421
2.12050063711
2.12050063711
2.12050063405
2.12050062428
2.12050063592
2.12050074189
2.12050075325
2.12050073831
2.120500731
2.1205007393
2.1205007404
2.12050085763
2.12050071257
2.12050073902
2.12050071033
2.12050068609
2.12050073008
2.12050067863
2.12050066322
2.12050068298
2.12050066811
2.12050063955
2.120500643
2.12050063717
2.12451128832
2.10612116978
2.10612116978
2.10612116843
2.10612117085
2.10612116889
2.10612116977
2.10612117099
2.10612116813
2.10612116636
2.10612116636
2.10612116967
2.1061211595
2.10612116459
2.10612117463
2.10612116286
2.1061211678
2.10612116384
2.1061211617
2.10612116654
2.10612117344
2.10612115966
2.10612116649
2.10612116327
2.10612116847
2.10802919055
2.10055769437
2.10055769437
2.10055769543
2.100557697
2.10055769407
2.10055767251
2.10055766701
2.10055767252
2.10055767322
2.10055766969
2.10055767378
2.10055763733
2.10055767367
2.10055767425
2.1005576746
2.10055768012
2.10055767124
2.10055768123
2.1005576865
2.10055768209
2.10055768368
2.10055769176
2.10055768859
2.10055769331
2.09565481964
2.09565481964
2.09565482226
2.09565482778
2.09565481954
2.09565476207
2.09565475522
2.09565477373
2.09565478192
2.09565477844
2.09565477119
2.09565472889
2.095654792
2.0956547557
2.09565480328
2.0956547936
2.0956547951
2.09565482057
2.09565481419
2.09565477784
2.09565483498
2.09565482405
2.09565483835
2.09565482044
2.07688780076
2.07688780076
2.0768878038
2.07688780252
2.07688780113
2.07688777648
2.07688777695
2.07688777774
2.07688777412
2.0768877851
2.07688777738
2.07688776836
2.0768877922
2.07688777862
2.07688778863
2.0768878
2.07688777893
2.07688779621
2.0768878005
2.07688780284
2.0768877976
2.07688780658
2.07688780848
2.07688780184
2.0860689283
2.07181820581
2.07181820581
2.07181820617
2.07181820755
2.07181820575
2.07181820144
2.07181820075
2.0718181999
2.07181819945
2.07181820213
2.0718181978
2.07181819802
2.07181820377
2.07181819788
2.07181820397
2.07181820518
2.07181820286
2.07181820502
2.07181820566
2.07181820511
2.07181820523
2.07181820876
2.07181820618
2.07181820622
2.07855695935
2.07077807245
2.07077807245
2.07077807257
2.07077807342
2.07077807236
2.07077807233
2.07077807044
2.07077807052
2.07077807139
2.07077807123
2.07077806813
2.0707780695
2.07077807153
2.0707780686
2.07077807283
2.07077807136
2.07077807382
2.07077807248
2.07077807211
2.07077807046
2.07077807263
2.07077807303
2.07077807211
2.07077807237
2.06951299866
2.06951299866
2.06951299859
2.06951299677
2.06951299856
2.06951299793
2.06951299922
2.06951299939
2.06951299973
2.06951299859
2.06951300254
2.06951299805
2.06951299799
2.06951300265
2.06951299673
2.06951299947
2.06951299654
2.06951299623
2.06951299787
2.06951300175
2.06951299508
2.06951299684
2.06951299698
2.06951299828
2.06883703436
2.06883703436
2.06883703443
2.06883703458
2.06883703438
2.06883703891
2.06883703972
2.0688370378
2.06883703759
2.06883703714
2.06883703857
2.06883704034
2.06883703575
2.06883703898
2.06883703624
2.06883703448
2.06883703654
2.06883703609
2.06883703475
2.06883703314
2.06883703692
2.06883703462
2.06883703479
2.06883703441
2.06826014547
2.06826014547
2.06826014463
2.06826014584
2.06826014529
2.06826014783
2.06826014635
2.06826014717
2.06826014733
2.06826014861
2.06826014596
2.06826015272
2.06826014827
2.06826014468
2.06826014777
2.06826014783
2.06826014745
2.06826014708
2.06826014674
2.06826014758
2.06826014639
2.06826014488
2.06826014517
2.06826014529
2.06761937111
2.06761937111
2.06761937155
2.06761937226
2.0676193712
2.06761936855
2.06761936767
2.06761936832
2.06761936945
2.06761936882
2.06761936651
2.06761936532
2.06761937034
2.06761936682
2.06761937233
2.06761936983
2.06761937345
2.06761937251
2.06761937124
2.06761936831
2.06761937306
2.06761937308
2.06761937304
2.06761937148
2.06741321252
2.06741321252
2.06741321254
2.0674132115
2.06741321257
2.06741321012
2.06741321096
2.06741321002
2.06741320896
2.0674132114
2.06741320989
2.06741321159
2.0674132108
2.0674132097
2.06741320961
2.06741321144
2.06741320889
2.06741321003
2.06741321136
2.0674132121
2.06741320943
2.0674132125
2.0674132124
2.06741321252
2.06740666133
2.06733699931
2.06733699931
2.06733699942
2.06733699945
2.06733699938
2.06733700028
2.06733700037
2.06733700033
2.06733700023
2.06733699985
2.067337001
2.06733700019
2.06733699945
2.06733700081
2.06733699906
2.06733699954
2.06733699892
2.06733699925
2.06733699929
2.06733699993
2.06733699939
2.06733699841
2.06733699846
2.06733699914
2.06727897912
2.06727897912
2.06727897862
2.06727897863
2.06727897906
2.06727898
2.06727897996
2.0672789799
2.06727898003
2.06727897976
2.06727897992
2.06727898018
2.06727897967
2.06727898016
2.06727897964
2.06727897951
2.06727897977
2.0672789795
2.06727897935
2.06727897948
2.06727897934
2.06727897945
2.06727897941
2.06727897921
2.06722284382
2.06722284382
2.06722284452
2.06722284491
2.06722284398
2.06722284269
2.06722284239
2.06722284312
2.06722284341
2.06722284342
2.06722284304
2.06722284275
2.06722284387
2.06722284322
2.06722284436
2.06722284373
2.06722284466
2.06722284432
2.06722284398
2.06722284338
2.06722284433
2.06722284395
2.06722284383
2.06722284385
2.06717578606
2.06717578606
2.06717578486
2.06717578455
2.06717578584
2.06717578626
2.06717578648
2.06717578516
2.06717578533
2.0671757848
2.0671757841
2.06717578278
2.06717578536
2.06717578342
2.06717578579
2.06717578557
2.06717578582
2.06717578599
2.06717578594
2.06717578543
2.06717578616
2.06717578712
2.06717578777
2.06717578629
2.06716358102
2.06716358102
2.06716358166
2.06716358187
2.06716358115
2.06716358096
2.06716358072
2.0671635817
2.06716358165
2.06716358209
2.06716358225
2.06716358376
2.06716358166
2.06716358295
2.06716358158
2.0671635814
2.06716358164
2.06716358131
2.06716358121
2.06716358133
2.06716358134
2.06716358056
2.06716357998
2.06716358093
2.06714225479
2.06714225479
2.06714225503
2.06714225514
2.06714225485
2.06714225469
2.06714225463
2.06714225484
2.06714225489
2.06714225486
2.0671422549
2.06714225496
2.0671422548
2.06714225488
2.06714225473
2.06714225484
2.06714225467
2.06714225467
2.06714225478
2.06714225489
2.0671422546
2.06714225473
2.06714225475
2.06714225479
2.06713763221
2.06713763221
2.06713763191
2.06713763166
2.06713763217
2.06713763213
2.06713763232
2.06713763193
2.06713763169
2.06713763198
2.067137632
2.06713763169
2.06713763208
2.06713763206
2.06713763229
2.06713763204
2.06713763236
2.06713763235
2.06713763221
2.06713763191
2.06713763252
2.06713763202
2.06713763192
2.06713763218
2.06712677105
2.06712677105
2.06712677065
2.06712677056
2.06712677097
2.06712677126
2.06712677133
2.0671267709
2.06712677098
2.06712677073
2.06712677055
2.06712677019
2.06712677084
2.06712677026
2.06712677088
2.06712677094
2.06712677085
2.06712677097
2.067126771
2.06712677099
2.06712677104
2.0671267714
2.06712677166
2.06712677113
2.06712173625
2.06712173625
2.06712173613
2.06712173608
2.06712173623
2.06712173632
2.06712173636
2.0671217362
2.0671217362
2.06712173614
2.06712173614
2.06712173594
2.06712173617
2.06712173605
2.06712173617
2.06712173621
2.06712173616
2.0671217362
2.06712173623
2.06712173622
2.0671217362
2.0671217363
2.06712173638
2.06712173627
     fun: 2.0671217362519014
     jac: array([-0.00836515, -0.01123983, -0.00163883,  0.00472143,  0.00751573,
       -0.00330308, -0.00359792, -0.00769094, -0.00767413, -0.02074739,
       -0.00540367, -0.01360944, -0.00520089, -0.00295785, -0.00624493,
       -0.00328711, -0.00169042, -0.00203583, -0.00343904,  0.00353733,
        0.00861496,  0.00098929])
 message: 'Optimization terminated successfully.'
    nfev: 932
     nit: 37
    njev: 37
  status: 0
 success: True
       x: array([ 0.29545822, -0.41438434, -0.0829111 , -0.23503593,  0.21042645,
       -0.02042912,  0.18128373, -1.01301103,  0.62315739,  0.37884267,
        0.25042071, -0.47416651, -0.28526464,  0.03333159,  0.38791703,
        0.13874808, -0.35949594,  0.17478744,  0.20670999, -0.53761737,
        0.29533403,  0.04750239])

========================================================

Final result:
0.295458223242
-0.414384336024
-0.0829111021405
0.067279071641
0.067279071641
0.067279071641
-0.235035926066
0.210426451768
-0.0204291216967
0.181283727075
-1.01301102762
0.623157385034
0.378842669969
0.378842669969
0.250420705911
-0.474166510159
-0.285264644817
0.033331593575
0.387917025113
0.138748078546
-0.359495938498
0.174787440036
0.206709990666
0.422935431193
-0.537617367017
0.295334031143
0.0475023921342
0.0649269812466
0.0649269812466
0.0649269812466
