14.888491483
14.888491483
14.8884907409
14.8884904065
14.8884913323
14.8884930575
14.888493335
14.8884926888
14.8884925916
14.8884928571
14.888492254
14.8884942491
14.8884930093
14.8884923354
14.8884947552
14.888492877
14.8884926299
14.8884931104
14.8884948428
14.8884918515
413372.697733
41329.7458721
4125.46707631
679.464528229
116.888772977
20.9255365524
12.3285257814
12.3285257814
12.3285249969
12.3285246945
12.3285256202
12.328526159
12.3285263853
12.3285258062
12.3285256423
12.3285256584
12.3285258393
12.3285255198
12.3285255538
12.3285259878
12.32852553
12.3285252059
12.3285249182
12.3285253528
12.3285249674
12.3285257859
27414.7378742
3002.60056619
521.446009552
93.8472317753
17.136536477
9.79914695483
9.79914695483
9.79914664177
9.79914668434
9.79914688114
9.79914625733
9.7991461578
9.79914633188
9.79914633525
9.79914625663
9.79914657932
9.79914548469
9.79914633189
9.79914671749
9.79914583771
9.79914627923
9.79914602055
9.7991466584
9.7991465431
9.7991467443
19550.3619603
1951.61201338
253.619337968
34.5331492002
9.51532681221
9.51532681221
9.51532705818
9.51532736662
9.51532685096
9.51532609056
9.5153258498
9.51532640928
9.51532658189
9.51532635254
9.51532662099
9.51532608255
9.51532608986
9.515326746
9.51532535397
9.51532584493
9.51532582827
9.51532571816
9.51532440997
9.51532670602
3434.33446476
340.863743233
38.6558299361
9.56024058152
9.03437231781
9.03437231781
9.0343725685
9.03437287654
9.03437236121
9.03437161445
9.0343714221
9.03437181883
9.03437197523
9.03437168915
9.03437200653
9.03437119622
9.0343714288
9.03437204722
9.03437041991
9.03437134174
9.03437149807
9.03437114913
9.03436970491
9.03437219495
1283.72247191
127.694769612
14.7795430077
8.9709015741
8.9709015741
8.97090187308
8.97090216983
8.97090162892
8.97090083413
8.97090066571
8.97090102392
8.97090115056
8.9709009064
8.97090121777
8.97090031595
8.97090073192
8.97090124775
8.97089988667
8.97090057488
8.97090069299
8.97090035879
8.97089884779
8.97090143041
1061.6258591
105.525848338
13.0224084783
8.902181085
8.902181085
8.90218143533
8.90218170096
8.90218115243
8.90218032369
8.90218021029
8.90218049866
8.90218054542
8.90218041959
8.90218073275
8.90217990705
8.90218018803
8.90218080175
8.90217923119
8.90218004951
8.90218015635
8.90217986787
8.90217838552
8.90218092477
347.119851855
34.5272582274
9.01404381705
8.78259044012
8.78259044012
8.78259086555
8.78259114396
8.78259052339
8.78258972017
8.78258958036
8.78258990149
8.78259001166
8.78258972278
8.78259014897
8.78258906946
8.78258950663
8.7825902465
8.78258853969
8.78258935465
8.78258943613
8.78258920639
8.78258774028
8.78259030528
1480.30181439
146.511327504
15.4481532292
8.56762714387
8.56762714387
8.56762754857
8.56762768275
8.56762722173
8.56762624978
8.56762612995
8.56762650322
8.56762657793
8.56762641179
8.56762678937
8.56762580389
8.56762619052
8.56762686863
8.56762516782
8.56762607982
8.56762624853
8.56762585691
8.56762429399
8.56762698919
541.842799981
53.9329974275
9.57987769499
8.50656440243
8.50656440243
8.50656483187
8.50656496563
8.50656448597
8.50656352299
8.50656339679
8.50656376847
8.50656386927
8.50656367098
8.50656400927
8.50656306948
8.50656343492
8.50656400958
8.5065624003
8.50656330249
8.50656343529
8.50656310876
8.50656156737
8.50656426314
137.137618311
13.7510098581
8.03027033566
8.03027033566
8.03027076297
8.03027093541
8.03027042093
8.03026946023
8.03026924055
8.03026966901
8.03026974464
8.03026956172
8.03026992141
8.03026890496
8.03026933786
8.03026996158
8.03026826267
8.03026922435
8.03026938835
8.0302690153
8.03026747814
8.03027007978
122.863052424
12.7777219933
7.69794703392
7.69794703392
7.69794744019
7.69794765809
7.69794711457
7.69794615248
7.6979459158
7.69794636417
7.69794639393
7.69794625108
7.69794666204
7.69794557736
7.69794604172
7.69794662925
7.69794496305
7.69794594302
7.6979461041
7.69794573244
7.6979442312
7.69794687391
90.9542012877
9.88439670008
7.26698555181
7.26698555181
7.26698595422
7.26698617051
7.26698562877
7.26698464262
7.26698449513
7.26698489073
7.26698495507
7.26698479387
7.26698517533
7.26698412579
7.26698460362
7.26698515092
7.26698354866
7.26698452962
7.26698467015
7.26698432031
7.26698289395
7.26698535379
17.1135931729
6.54827932182
6.54827932182
6.54827959965
6.54827972704
6.54827937695
6.54827882728
6.5482787113
6.54827895784
6.54827900289
6.54827892163
6.54827908123
6.54827856792
6.54827883942
6.54827909528
6.54827826193
6.54827883475
6.54827892898
6.54827869371
6.54827796949
6.54827923277
13.5018287899
6.28382831119
6.28382831119
6.28382832799
6.28382832876
6.28382831421
6.28382848492
6.2838285181
6.2838284688
6.28382847719
6.2838285125
6.28382839156
6.28382871882
6.28382855996
6.28382837537
6.28382883022
6.28382860022
6.28382869845
6.28382862263
6.28382901122
6.28382837091
55.8732122991
7.76692602955
6.2121233584
6.2121233584
6.21212332264
6.21212328009
6.21212335173
6.21212369081
6.2121237367
6.21212363263
6.21212362607
6.2121236909
6.2121235121
6.21212401522
6.21212377612
6.21212348568
6.21212421091
6.21212385318
6.21212388564
6.21212390727
6.21212448287
6.21212344827
6.49797431072
6.22963018245
6.22963018245
6.22963011644
6.22963007577
6.22963016836
6.22963039301
6.22963043302
6.22963033759
6.22963032732
6.22963036323
6.22963027119
6.22963053565
6.22963041199
6.22963026576
6.22963065545
6.22963042846
6.22963043655
6.2296304821
6.22963079026
6.22963023439
6.43733445861
6.21808669241
6.21808669241
6.2180866487
6.2180866317
6.21808668204
6.21808674361
6.21808676006
6.21808671567
6.21808671256
6.2180867112
6.21808670663
6.21808673919
6.21808672295
6.21808671362
6.21808676882
6.21808671163
6.21808670994
6.2180867445
6.21808678274
6.21808670366
6.23690651222
6.2099685381
6.2099685381
6.20996851443
6.20996850952
6.20996853172
6.20996854968
6.20996855573
6.20996853725
6.20996853804
6.20996853194
6.20996853726
6.20996853619
6.20996853538
6.20996854565
6.20996854414
6.20996852281
6.20996852513
6.20996854976
6.20996853849
6.2099685418
6.21380107231
6.21025711454
6.21025711454
6.21025711012
6.21025711342
6.21025711202
6.21025712003
6.21025711908
6.21025711707
6.21025712309
6.2102571171
6.2102571157
6.21025713352
6.21025712194
6.21025712174
6.21025713592
6.21025711535
6.21025712404
6.21025713748
6.21025713275
6.21025711962
6.20631721774
6.20825757515
6.20825757515
6.2082575717
6.2082575745
6.20825757286
6.20825757972
6.20825757908
6.20825757615
6.20825758144
6.20825757518
6.2082575752
6.20825758925
6.20825757904
6.20825758085
6.20825758859
6.20825757208
6.2082575818
6.20825759214
6.20825758028
6.20825757982
6.20446929281
6.2066833518
6.2066833518
6.20668334804
6.20668335044
6.20668334949
6.2066833553
6.20668335491
6.20668335113
6.20668335605
6.20668334957
6.20668335084
6.20668336118
6.20668335285
6.20668335645
6.20668335937
6.20668334548
6.20668335526
6.20668336491
6.20668334896
6.20668335599
6.20613464658
6.20653500029
6.20653500029
6.20653499655
6.20653499899
6.20653499796
6.20653500357
6.20653500312
6.20653499946
6.20653500439
6.2065349979
6.20653499923
6.20653500931
6.20653500123
6.20653500486
6.20653500763
6.20653499388
6.2065350036
6.2065350134
6.20653499754
6.20653500444
6.20615659345
6.20635322811
     fun: 6.552721580785382
     jac: array([-0.00186408, -0.00931472, -0.00100839,  0.01187634,  0.01769769,
        0.00213617, -0.00225562, -0.00275385,  0.00225407, -0.00330037,
       -0.01076239, -0.00046009, -0.0215317 , -0.01573378, -0.0090524 ,
       -0.02540749, -0.06234181,  0.0005495 ])
 message: 'Optimization terminated successfully.'
    nfev: 513
     nit: 23
    njev: 23
  status: 0
 success: True
       x: array([ 0.51186016, -0.47510186, -0.45160373, -0.3979005 ,  0.26165137,
        0.05240396,  0.10820357, -0.11498842,  0.61649495,  0.0823266 ,
       -0.28481368, -0.51443639,  0.09989647,  0.70808617, -0.52497485,
       -0.91096507,  0.39222258, -0.56959242])

========================================================

Final result:
0.511860164891
-0.475101864301
-0.451603726154
0.138281808521
0.138281808521
0.138281808521
-0.39790050161
0.261651372228
0.0524039610712
0.10820357297
-0.114988423074
0.616494951819
0.0823265973337
0.0823265973337
-0.284813683684
-0.514436391709
0.0998964664774
0.0998964664774
0.708086165572
-0.524974850029
-0.910965070702
0.392222583193
0.392222583193
-0.569592423724
0.421940026863
