8.789808203816068e-05
8.789808203816068e-05
8.789810880453288e-05
8.789808995373155e-05
8.789808539764076e-05
8.789808695910987e-05
8.789808460570419e-05
8.789807970538817e-05
8.789808816957049e-05
8.789808240724333e-05
8.789807773736821e-05
8.789808695296774e-05
8.789808830785012e-05
8.789808295560392e-05
8.38299184505678e-05
8.38299184505678e-05
8.382994250684948e-05
8.382992552601332e-05
8.382992124014027e-05
8.382992282336766e-05
8.382992064233296e-05
8.382991559633145e-05
8.382992377105465e-05
8.382991873137461e-05
8.382991365554656e-05
8.382992326455498e-05
8.382992459947424e-05
8.382991934776609e-05
7.000676196874359e-05
7.000676196874359e-05
7.000677391646816e-05
7.000676529408809e-05
7.000676222949459e-05
7.000676390465261e-05
7.000676249425779e-05
7.000675682823782e-05
7.000676369558092e-05
7.000676185771065e-05
7.000675502656494e-05
7.000676630472609e-05
7.000676753401674e-05
7.000676276985175e-05
6.284209176376674e-05
6.284209176376674e-05
6.284208863594e-05
6.28420904279432e-05
6.284208891477237e-05
6.284209069268774e-05
6.284209024275887e-05
6.284208387339878e-05
6.284208908136402e-05
6.284209117054231e-05
6.284208228354183e-05
6.284209544357862e-05
6.284209650495425e-05
6.284209243275013e-05
6.175449943067067e-05
6.175449943067067e-05
6.175449515061617e-05
6.175449774692929e-05
6.175449638522404e-05
6.175449815852939e-05
6.175449778296065e-05
6.175449143313803e-05
6.175449648008149e-05
6.175449880658785e-05
6.175448990064577e-05
6.1754502995251e-05
6.175450400499199e-05
6.175450007624102e-05
5.563413976179439e-05
5.563413976179439e-05
5.5634134191375354e-05
5.56341377315504e-05
5.563413670965041e-05
5.5634138413268216e-05
5.563413812537018e-05
5.563413217789616e-05
5.563413686510934e-05
5.563413913401399e-05
5.5634130922983964e-05
5.563414286015263e-05
5.563414361110927e-05
5.5634140312170414e-05
3.583960252516789e-05
3.583960252516789e-05
3.583959736445031e-05
3.5839600871494617e-05
3.583960079372317e-05
3.583960212041585e-05
3.583960182925172e-05
3.583959811207307e-05
3.583960179225576e-05
3.5839602088528706e-05
3.583959808924442e-05
3.583960368507544e-05
3.583960327496282e-05
3.583960267898658e-05
3.0980539675892426e-05
3.0980539675892426e-05
3.0980537905339125e-05
3.098053925819905e-05
3.098053957306637e-05
3.098054059496294e-05
3.0980540099016975e-05
3.098053821636235e-05
3.098054145067682e-05
3.098053947969771e-05
3.098053907977371e-05
3.0980539507693835e-05
3.098053825681926e-05
3.098053955767323e-05
3.0897869809575385e-05
3.0897869809575385e-05
3.0897868961987367e-05
3.089786967969418e-05
3.08978699096169e-05
3.0897870920976436e-05
3.089787036017091e-05
3.089786855780933e-05
3.0897871853405774e-05
3.089786964276686e-05
3.089786942426084e-05
3.0897869656514187e-05
3.089786840178343e-05
3.0897869694420625e-05
3.077915007028799e-05
3.077915007028799e-05
3.0779150449843154e-05
3.0779150319150605e-05
3.077915042132012e-05
3.0779151423533635e-05
3.077915076568644e-05
3.0779149061451426e-05
3.0779152404944626e-05
3.077914993663091e-05
3.0779149919031234e-05
3.077914995825744e-05
3.0779148712157915e-05
3.0779149963646953e-05
3.059134781840454e-05
3.059134781840454e-05
3.0591349368861646e-05
3.05913484263312e-05
3.059134839874415e-05
3.059134939369619e-05
3.059134862263246e-05
3.059134704254923e-05
3.059135034344998e-05
3.059134770861112e-05
3.059134789290061e-05
3.0591347744620364e-05
3.059134650876887e-05
3.0591347720026105e-05
3.0067214750057708e-05
3.0067214750057708e-05
3.006721828658646e-05
3.0067215960989443e-05
3.006721569320599e-05
3.0067216679062932e-05
3.006721565763491e-05
3.00672143796812e-05
3.00672173555156e-05
3.0067214659108138e-05
3.006721522398043e-05
3.0067214734547542e-05
3.0067213519385527e-05
3.006721466527553e-05
2.915204338887182e-05
2.915204338887182e-05
2.9152048668697796e-05
2.9152045115236946e-05
2.915204459051733e-05
2.9152045575486966e-05
2.9152044200110116e-05
2.9152043399086775e-05
2.9152045506418337e-05
2.9152043264652757e-05
2.915204425259903e-05
2.9152043409484288e-05
2.9152042220224104e-05
2.9152043315123476e-05
2.796712556387934e-05
2.796712556387934e-05
2.7967130899108513e-05
2.7967127270695852e-05
2.7967126618407462e-05
2.7967127621185953e-05
2.7967125887098358e-05
2.796712565106345e-05
2.7967126217915858e-05
2.796712530948116e-05
2.7967126542547828e-05
2.7967125547751765e-05
2.7967124380058944e-05
2.7967125488426167e-05
2.72280866376413e-05
2.72280866376413e-05
2.7228089679083035e-05
2.722808760883411e-05
2.7228087103921106e-05
2.7228088135428478e-05
2.7228086312368047e-05
2.7228086329214903e-05
2.722808561880375e-05
2.7228086220631282e-05
2.722808726881802e-05
2.722808651529265e-05
2.7228085347856103e-05
2.7228086544868962e-05
2.7017968817066508e-05
2.7017968817066508e-05
2.701796974902059e-05
2.701796913168288e-05
2.7017968828799117e-05
2.7017969875476964e-05
2.7017968164438386e-05
2.7017968110882715e-05
2.7017967062945577e-05
2.7017968322179475e-05
2.7017969073843803e-05
2.7017968620706405e-05
2.7017967443663763e-05
2.7017968710193467e-05
2.6956916452683426e-05
2.6956916452683426e-05
2.6956916567594657e-05
2.695691651729316e-05
2.6956916307284542e-05
2.695691735561147e-05
2.6956915731077542e-05
2.6956915587880595e-05
2.695691458622945e-05
2.6956915943085467e-05
2.6956916555409437e-05
2.6956916236273542e-05
2.6956915055610803e-05
2.695691634165375e-05
2.686215252303103e-05
2.686215252303103e-05
2.68621518394356e-05
2.6862152345113183e-05
2.686215223260107e-05
2.686215327722845e-05
2.6862151758035474e-05
2.68621515066523e-05
2.6862150618185257e-05
2.6862152005577214e-05
2.6862152476805014e-05
2.6862152297502112e-05
2.6862151117677014e-05
2.6862152410264234e-05
2.6621240022405354e-05
2.6621240022405354e-05
2.662123810849704e-05
2.6621239472363443e-05
2.6621239517086894e-05
2.6621240543886423e-05
2.662123921067788e-05
2.6621238786831188e-05
2.6621238117643853e-05
2.662123949852609e-05
2.6621239759529872e-05
2.6621239806398454e-05
2.662123864084111e-05
2.6621239912737146e-05
2.6066950003501542e-05
2.6066950003501542e-05
2.6066946424331436e-05
2.606694895247448e-05
2.6066949223562214e-05
2.6066950196606325e-05
2.6066949162970633e-05
2.6066948508855125e-05
2.606694819967456e-05
2.606694948089622e-05
2.6066949482486575e-05
2.6066949857574425e-05
2.6066948744169494e-05
2.6066949912271818e-05
2.4960972442594814e-05
2.4960972442594814e-05
2.496096718191591e-05
2.4960970892025513e-05
2.4960971424205153e-05
2.496097226868589e-05
2.496097165410447e-05
2.4960970781164546e-05
2.4960970977919218e-05
2.496097194488092e-05
2.4960971749839445e-05
2.4960972510123536e-05
2.4960971531843576e-05
2.496097240560792e-05
2.3432575115830615e-05
2.3432575115830615e-05
2.3432569643505182e-05
2.3432573518797817e-05
2.3432574168475746e-05
2.3432574801457115e-05
2.3432574545128384e-05
2.3432573682062042e-05
2.3432574311714642e-05
2.3432574682761473e-05
2.3432574634751683e-05
2.3432575583975856e-05
2.3432574838988898e-05
2.3432575179017725e-05
2.232537110827039e-05
2.232537110827039e-05
2.2325367840866904e-05
2.2325370195488542e-05
2.2325370653729928e-05
2.2325371104656635e-05
2.232537084708522e-05
2.2325370338019973e-05
2.2325370964786843e-05
2.2325370752590826e-05
2.2325371269720947e-05
2.232537196493887e-05
2.2325371429892506e-05
2.2325371267303393e-05
2.2007205737937274e-05
2.2007205737937274e-05
2.2007204775047824e-05
2.2007205527710913e-05
2.200720572121233e-05
2.2007206128069686e-05
2.200720564052841e-05
2.2007205472779028e-05
2.2007205818343855e-05
2.200720541665994e-05
2.200720639413016e-05
2.2007206717378215e-05
2.200720623821466e-05
2.2007205926423836e-05
2.196759190617025e-05
2.196759190617025e-05
2.196759168697395e-05
2.1967591919898975e-05
2.196759201418058e-05
2.196759243413465e-05
2.1967591829715872e-05
2.196759176581896e-05
2.1967591966437483e-05
2.1967591586746233e-05
2.1967592686104955e-05
2.1967592867650072e-05
2.1967592373802522e-05
2.1967592089831884e-05
2.19527833200928e-05
2.19527833200928e-05
2.195278329328256e-05
2.1952783390801843e-05
2.1952783455152136e-05
2.1952783882237017e-05
2.195278324183393e-05
2.1952783202618905e-05
2.195278335525525e-05
2.1952782999098074e-05
2.19527841230905e-05
2.195278426254795e-05
2.1952783757403564e-05
2.1952783498984796e-05
2.1905779288585845e-05
2.1905779288585845e-05
2.1905779625027935e-05
2.1905779465425592e-05
2.1905779467703735e-05
2.190577990299692e-05
2.1905779203192527e-05
2.190577920721992e-05
2.190577926911993e-05
2.190577896369963e-05
2.1905780128111756e-05
2.1905780183758006e-05
2.190577965315865e-05
2.1905779455840988e-05
2.1800384824585502e-05
2.1800384824585502e-05
2.1800385651014024e-05
2.1800385141765913e-05
2.1800385050228438e-05
2.1800385478706838e-05
2.1800384727488923e-05
2.1800384783325494e-05
2.1800384733716166e-05
2.1800384494208537e-05
2.1800385704452055e-05
2.1800385641411364e-05
2.1800385073652237e-05
2.180038497297663e-05
2.1543283673669482e-05
2.1543283673669482e-05
2.1543285210072827e-05
2.1543284187124822e-05
2.1543283934557124e-05
2.1543284305562044e-05
2.1543283556176813e-05
2.1543283670720875e-05
2.154328349072246e-05
2.154328333527048e-05
2.154328459113616e-05
2.154328434292938e-05
2.1543283716063847e-05
2.154328378743309e-05
2.1047354479747805e-05
2.1047354479747805e-05
2.1047356711638936e-05
2.104735516823874e-05
2.1047354696848986e-05
2.1047354894894546e-05
2.1047354334343432e-05
2.1047354466568826e-05
2.1047354235739534e-05
2.1047354133468888e-05
2.104735538354126e-05
2.1047354922031317e-05
2.104735422498359e-05
2.1047354541960345e-05
2.0370273880680928e-05
2.0370273880680928e-05
2.0370276197562898e-05
2.037027454579194e-05
2.037027388901166e-05
2.0370273762668367e-05
2.0370273711358445e-05
2.0370273742359404e-05
2.0370273705197948e-05
2.0370273533423464e-05
2.0370274651458982e-05
2.037027408099358e-05
2.037027334376264e-05
2.0370273890775043e-05
1.989614590819945e-05
1.989614590819945e-05
1.9896147333533337e-05
1.989614627105822e-05
1.9896145618829658e-05
1.9896145186583402e-05
1.9896145739005032e-05
1.9896145567646886e-05
1.9896145943201887e-05
1.9896145571041377e-05
1.9896146467647534e-05
1.9896146026385537e-05
1.989614532451715e-05
1.9896145904584347e-05
1.9759569500185385e-05
1.9759569500185385e-05
1.9759570014709335e-05
1.9759569586381348e-05
1.9759569052623702e-05
1.9759568525274664e-05
1.9759569345837774e-05
1.9759569042111884e-05
1.9759569695684878e-05
1.9759569173384407e-05
1.9759569937399536e-05
1.975956968751665e-05
1.975956904494794e-05
1.9759569515296886e-05
1.9737060976490185e-05
1.9737060976490185e-05
1.973706118206973e-05
1.9737060975328855e-05
1.9737060504739495e-05
1.9737059988830144e-05
1.9737060830152938e-05
1.97370604967974e-05
1.9737061215385697e-05
1.9737060653247294e-05
1.973706139040047e-05
1.9737061217312856e-05
1.9737060600194436e-05
1.9737061004377223e-05
1.972071596096736e-05
1.972071596096736e-05
1.972071602153093e-05
1.9720715920621005e-05
1.9720715486129142e-05
1.9720714987543696e-05
1.9720715819228268e-05
1.972071547662915e-05
1.9720716217085006e-05
1.972071563946283e-05
1.972071636789547e-05
1.97207162340197e-05
1.972071563133221e-05
1.9720715996373025e-05
1.9670299071705704e-05
1.9670299071705704e-05
1.967029886106417e-05
1.967029895931132e-05
1.9670298596698297e-05
1.967029813779964e-05
1.9670298939144353e-05
1.967029858344598e-05
1.967029935776379e-05
1.967029875364808e-05
1.967029946519935e-05
1.9670299406351142e-05
1.967029883499443e-05
1.967029912145101e-05
1.955222529963304e-05
1.955222529963304e-05
1.9552224704637274e-05
1.9552225086651654e-05
1.9552224831279606e-05
1.9552224436347245e-05
1.9552225180805316e-05
1.9552224813251082e-05
1.9552225625130363e-05
1.955222498692898e-05
1.955222566897551e-05
1.9552225717855487e-05
1.955222520028036e-05
1.955222536889839e-05
1.9255386286795185e-05
1.9255386286795185e-05
1.9255385113041478e-05
1.9255385925852285e-05
1.925538584433791e-05
1.9255385562730487e-05
1.9255386190331177e-05
1.9255385821351407e-05
1.9255386664659727e-05
1.9255385983374963e-05
1.925538660508263e-05
1.9255386818969767e-05
1.9255386406512105e-05
1.9255386382888058e-05
1.8618780817087972e-05
1.8618780817087972e-05
1.8618778966663004e-05
1.8618780291841364e-05
1.8618780444305736e-05
1.861878033714017e-05
1.8618780750953035e-05
1.8618780421385756e-05
1.861878123871718e-05
1.8618780527603898e-05
1.8618781038289044e-05
1.8618781451885643e-05
1.861878122303624e-05
1.8618780937948013e-05
1.7547609659854396e-05
1.7547609659854396e-05
1.7547607434259993e-05
1.7547609065945824e-05
1.754760942741326e-05
1.7547609525182747e-05
1.7547609621333062e-05
1.7547609419751726e-05
1.7547610060655747e-05
1.754760938606916e-05
1.754760973043734e-05
1.754761027224388e-05
1.754761030213394e-05
1.7547609777347878e-05
1.6480953893826955e-05
1.6480953893826955e-05
1.6480952216909026e-05
1.6480953482668144e-05
1.648095382942928e-05
1.648095402464298e-05
1.6480953854554215e-05
1.6480953855335068e-05
1.6480954159590576e-05
1.6480953626351762e-05
1.6480953829400193e-05
1.648095424786563e-05
1.6480954475387715e-05
1.648095395347832e-05
1.6017508082631312e-05
1.6017508082631312e-05
1.601750747812378e-05
1.6017507973822757e-05
1.6017508098037862e-05
1.6017508219164817e-05
1.601750801549475e-05
1.601750815233078e-05
1.6017508194691284e-05
1.6017507808006354e-05
1.601750799096488e-05
1.6017508125619034e-05
1.601750835573295e-05
1.6017508071034008e-05
1.595076441086912e-05
1.595076441086912e-05
1.5950764332065797e-05
1.5950764440695106e-05
1.5950764421964063e-05
1.5950764460561322e-05
1.5950764325467837e-05
1.5950764483668218e-05
1.595076446683383e-05
1.595076412935244e-05
1.595076434718583e-05
1.5950764335252765e-05
1.595076449960602e-05
1.5950764371648877e-05
1.5948367676080232e-05
1.5948367676080232e-05
1.5948367669605438e-05
1.5948367723070703e-05
1.5948367677927584e-05
1.59483676959602e-05
1.594836758725409e-05
1.5948367739351737e-05
1.5948367728158996e-05
1.5948367392959507e-05
1.5948367624485663e-05
1.594836759090333e-05
1.594836773283945e-05
1.5948367634516664e-05
1.5947996220903116e-05
1.5947996220903116e-05
1.5947996218903596e-05
1.5947996268557684e-05
1.5947996220377278e-05
1.5947996235218986e-05
1.594799613168212e-05
1.5947996281509326e-05
1.594799627353391e-05
1.5947995937569023e-05
1.5947996171773545e-05
1.5947996136549822e-05
1.5947996274301418e-05
1.594799617949997e-05
1.5945957356211732e-05
1.5945957356211732e-05
1.5945957363882795e-05
1.5945957404959132e-05
1.5945957349018955e-05
1.5945957355319254e-05
1.5945957266007003e-05
1.594595740926873e-05
1.5945957410693887e-05
1.5945957072403497e-05
1.594595731388548e-05
1.594595727488093e-05
1.5945957401142456e-05
1.5945957315424287e-05
1.5940835400547502e-05
1.5940835400547502e-05
1.594083542060982e-05
1.5940835450622467e-05
1.5940835384508327e-05
1.594083537952282e-05
1.594083530911632e-05
1.5940835443540106e-05
1.594083545748843e-05
1.594083511632512e-05
1.5940835367252443e-05
1.5940835323413372e-05
1.594083543433529e-05
1.5940835360621164e-05
1.592527077083621e-05
1.592527077083621e-05
1.59252708123556e-05
1.5925270823176264e-05
1.5925270739394375e-05
1.592527071472804e-05
1.592527067744976e-05
1.5925270796192166e-05
1.5925270831943597e-05
1.5925270486470967e-05
1.592527075332625e-05
1.5925270701266793e-05
1.59252707851001e-05
1.5925270732471364e-05
1.588428422800427e-05
1.588428422800427e-05
1.5884284302469037e-05
1.5884284283763602e-05
1.588428417282467e-05
1.5884284117721624e-05
1.5884284132060577e-05
1.5884284225891475e-05
1.5884284295219164e-05
1.5884283944900188e-05
1.588428423498536e-05
1.5884284170713564e-05
1.58842842118031e-05
1.588428419219604e-05
1.5776247269264925e-05
1.5776247269264925e-05
1.5776247394631598e-05
1.5776247330157544e-05
1.577624717719768e-05
1.5776247074515245e-05
1.5776247170544428e-05
1.5776247223710422e-05
1.5776247345143502e-05
1.577624699201136e-05
1.5776247314735896e-05
1.5776247232677313e-05
1.5776247204724528e-05
1.5776247237822235e-05
1.551192410236655e-05
1.551192410236655e-05
1.5511924298076724e-05
1.551192416996355e-05
1.551192395877359e-05
1.5511923788899412e-05
1.551192400287154e-05
1.5511923994170267e-05
1.5511924188201212e-05
1.5511923843374933e-05
1.551192420272106e-05
1.5511924098903967e-05
1.5511923967716114e-05
1.5511924078039875e-05
1.4938641262192744e-05
1.4938641262192744e-05
1.4938641531734677e-05
1.4938641335801359e-05
1.493864106307407e-05
1.4938640818887078e-05
1.4938641169947222e-05
1.4938641081384276e-05
1.4938641353168692e-05
1.493864104915709e-05
1.4938641424607888e-05
1.4938641305380211e-05
1.4938641045248146e-05
1.4938641248185561e-05
1.399844402195292e-05
1.399844402195292e-05
1.3998444307450234e-05
1.399844409397455e-05
1.3998443806767355e-05
1.3998443535855135e-05
1.3998443953969362e-05
1.3998443806129969e-05
1.3998444099096541e-05
1.3998443894256913e-05
1.3998444210321898e-05
1.3998444108669948e-05
1.3998443762714174e-05
1.3998444018200195e-05
1.3100592274477575e-05
1.3100592274477575e-05
1.3100592453811064e-05
1.3100592331813129e-05
1.3100592130618385e-05
1.3100591944234748e-05
1.3100592243579814e-05
1.3100592122614605e-05
1.3100592312946449e-05
1.3100592238559043e-05
1.3100592399864982e-05
1.3100592364133986e-05
1.3100592082263023e-05
1.310059227268388e-05
1.274369677435089e-05
1.274369677435089e-05
1.2743696812972747e-05
1.274369681553641e-05
1.2743696729701278e-05
1.2743696667606978e-05
1.2743696766535615e-05
1.2743696729457683e-05
1.2743696778726005e-05
1.274369677344913e-05
1.274369680185414e-05
1.2743696829477133e-05
1.2743696699129411e-05
1.2743696765935155e-05
1.270623127291108e-05
1.270623127291108e-05
1.2706231256858474e-05
1.2706231308560044e-05
1.2706231267851127e-05
1.2706231256783186e-05
1.2706231268252648e-05
1.2706231274528049e-05
1.2706231267865723e-05
1.2706231266304157e-05
1.2706231259170512e-05
1.2706231306051695e-05
1.2706231249427247e-05
1.270623125986662e-05
1.2709229731665133e-05
1.2709229731665133e-05
1.2709229710630512e-05
1.270922976696683e-05
1.2709229730434333e-05
1.2709229724600853e-05
1.2709229726053594e-05
1.270922973857416e-05
1.2709229726578409e-05
1.270922972041583e-05
1.270922971348269e-05
1.2709229760970176e-05
1.2709229714238604e-05
1.2709229717759319e-05
1.2709853923561462e-05
1.2709853923561462e-05
1.2709853902936339e-05
1.2709853958928825e-05
1.2709853922068347e-05
1.2709853915946089e-05
1.2709853917731482e-05
1.2709853930285498e-05
1.2709853918673645e-05
1.2709853911707731e-05
1.2709853905582389e-05
1.2709853952740343e-05
1.270985390596087e-05
1.2709853909620525e-05
1.2710164989483258e-05
1.2710164989483258e-05
1.2710164969136793e-05
1.2710165024890619e-05
1.2710164987805172e-05
1.271016498147375e-05
1.2710164983536187e-05
1.2710164996051644e-05
1.2710164984710117e-05
1.2710164977323166e-05
1.2710164971662472e-05
1.271016501861833e-05
1.2710164971733686e-05
1.2710164975528474e-05
1.2710935847972743e-05
1.2710935847972743e-05
1.2710935828365765e-05
1.2710935883482946e-05
1.2710935845799582e-05
1.2710935838919865e-05
1.2710935841719279e-05
1.2710935854112423e-05
1.271093584350148e-05
1.2710935835014471e-05
1.2710935830584507e-05
1.2710935876980003e-05
1.2710935829837651e-05
1.2710935833978292e-05
1.2711895094186288e-05
1.2711895094186288e-05
1.2711895075600912e-05
1.2711895129831625e-05
1.2711895091320647e-05
1.2711895083703444e-05
1.2711895087512318e-05
1.2711895099702889e-05
1.2711895090131243e-05
1.271189508013551e-05
1.271189507742131e-05
1.2711895122977775e-05
1.2711895075550676e-05
1.2711895080127329e-05
1.2713259076195696e-05
1.2713259076195696e-05
1.2713259059365236e-05
1.2713259112054406e-05
1.2713259072117327e-05
1.2713259063287917e-05
1.2713259068806101e-05
1.2713259080558705e-05
1.2713259072853948e-05
1.2713259060293088e-05
1.2713259060570796e-05
1.2713259104508875e-05
1.2713259056788177e-05
1.2713259061999241e-05
1.2714657195141823e-05
1.2714657195141823e-05
1.2714657181042242e-05
1.2714657231284377e-05
1.2714657189116698e-05
1.2714657178541014e-05
1.2714657186655675e-05
1.2714657197496099e-05
1.2714657192905783e-05
1.2714657176420916e-05
1.2714657181469119e-05
1.2714657222434278e-05
1.271465717475855e-05
1.2714657180662888e-05
1.2714964308439922e-05
1.2714964308439922e-05
1.2714964298592318e-05
1.2714964344898874e-05
1.2714964299228569e-05
1.2714964286299238e-05
1.2714964298291008e-05
1.2714964307109953e-05
1.271496430791434e-05
1.2714964285496406e-05
1.2714964298271022e-05
1.2714964333422833e-05
1.2714964287125313e-05
1.2714964293342696e-05
1.2710692538570265e-05
1.2710692538570265e-05
1.2710692534683863e-05
1.2710692575150308e-05
1.2710692524493397e-05
1.2710692509202521e-05
1.2710692526204624e-05
1.271069253064543e-05
1.2710692540414113e-05
1.2710692510131666e-05
1.2710692534505842e-05
1.2710692558464958e-05
1.2710692517459483e-05
1.2710692522147668e-05
1.2694501158751448e-05
1.2694501158751448e-05
1.2694501161259398e-05
1.2694501194636038e-05
1.2694501138435725e-05
1.2694501123012668e-05
1.2694501144300826e-05
1.2694501140094023e-05
1.269450116306369e-05
1.269450112550585e-05
1.2694501164285995e-05
1.269450116845359e-05
1.2694501141722628e-05
1.2694501139733895e-05
1.2659917833147096e-05
1.2659917833147096e-05
1.265991783744972e-05
1.2659917866636399e-05
1.2659917808362068e-05
1.2659917799301865e-05
1.265991781889182e-05
1.2659917801725569e-05
1.2659917837956962e-05
1.2659917801450822e-05
1.2659917849508042e-05
1.2659917827368224e-05
1.2659917827561688e-05
1.2659917810273886e-05
1.2618927163330437e-05
1.2618927163330437e-05
1.2618927159853433e-05
1.261892719327965e-05
1.2618927140716824e-05
1.2618927144576174e-05
1.2618927153167903e-05
1.2618927125526013e-05
1.2618927164748184e-05
1.261892714326084e-05
1.2618927184225066e-05
1.261892714479297e-05
1.2618927173307734e-05
1.2618927137379956e-05
1.2596135591551465e-05
1.2596135591551465e-05
1.2596135577937756e-05
1.2596135619435633e-05
1.2596135574915084e-05
1.2596135588196704e-05
1.2596135585817689e-05
1.2596135556723918e-05
1.2596135588775302e-05
1.2596135583274367e-05
1.2596135608935196e-05
1.2596135571005505e-05
1.2596135609880802e-05
1.2596135565213336e-05
1.259116127056996e-05
1.259116127056996e-05
1.259116125319921e-05
1.259116129820031e-05
1.2591161256781533e-05
1.2591161272066153e-05
1.259116126629597e-05
1.2591161239115655e-05
1.259116126628481e-05
1.2591161265988988e-05
1.2591161284759542e-05
1.2591161252216897e-05
1.259116128959805e-05
1.2591161244816288e-05
1.2590966460610437e-05
1.2590966460610437e-05
1.2590966442880391e-05
1.2590966488317427e-05
1.2590966447219656e-05
1.2590966462400851e-05
1.259096645644001e-05
1.2590966429928912e-05
1.259096645619001e-05
1.2590966456249137e-05
1.2590966474119175e-05
1.259096644304944e-05
1.2590966479230104e-05
1.2590966435057283e-05
1.2590984236154988e-05
1.2590984236154988e-05
1.2590984218377642e-05
1.2590984263897257e-05
1.2590984222848519e-05
1.2590984237941e-05
1.2590984231988973e-05
1.2590984205690721e-05
1.2590984231719071e-05
1.2590984231788375e-05
1.2590984249477854e-05
1.2590984218847437e-05
1.2590984254599227e-05
1.2590984210665649e-05
1.2591018344193974e-05
1.2591018344193974e-05
1.2591018326293901e-05
1.2591018372041529e-05
1.2591018331126434e-05
1.2591018345941587e-05
1.2591018340033348e-05
1.2591018314369219e-05
1.2591018339719468e-05
1.2591018339791235e-05
1.2591018356971649e-05
1.2591018327640607e-05
1.2591018362103828e-05
1.25910183188958e-05
1.259097141519937e-05
1.259097141519937e-05
1.259097139713995e-05
1.2590971443181464e-05
1.2590971402446157e-05
1.259097141689237e-05
1.2590971411044047e-05
1.2590971386226998e-05
1.259097141067529e-05
1.2590971410743741e-05
1.2590971427251443e-05
1.2590971399650876e-05
1.2590971432394262e-05
1.2590971390159331e-05
1.2590628223930823e-05
1.2590628223930823e-05
1.2590628205594965e-05
1.2590628252133415e-05
1.2590628211725403e-05
1.2590628225527871e-05
1.2590628219782554e-05
1.259062819646606e-05
1.2590628219321676e-05
1.2590628219376273e-05
1.2590628234701785e-05
1.2590628210154937e-05
1.2590628239860536e-05
1.2590628199355622e-05
1.2589424487255456e-05
1.2589424487255456e-05
1.2589424468493221e-05
1.2589424515763648e-05
1.2589424475899967e-05
1.2589424488703386e-05
1.2589424483112954e-05
1.2589424462185483e-05
1.258942448251735e-05
1.2589424482531406e-05
1.2589424495997138e-05
1.258942447628251e-05
1.258942450117501e-05
1.2589424463439463e-05
1.2585740601120653e-05
1.2585740601120653e-05
1.2585740581684931e-05
1.258574063001941e-05
1.2585740591120709e-05
1.2585740602330473e-05
1.2585740596973747e-05
1.2585740580017206e-05
1.2585740596184872e-05
1.2585740596084122e-05
1.2585740606515934e-05
1.2585740594757176e-05
1.2585740611709766e-05
1.2585740578616046e-05
1.2575555698693764e-05
1.2575555698693764e-05
1.2575555678253854e-05
1.2575555727930041e-05
1.2575555690749359e-05
1.2575555699541644e-05
1.2575555694504318e-05
1.2575555683992257e-05
1.2575555693479151e-05
1.2575555693072418e-05
1.257555569872514e-05
1.2575555699686135e-05
1.2575555703904956e-05
1.2575555678442256e-05
1.2549173427304755e-05
1.2549173427304755e-05
1.2549173405508043e-05
1.2549173456336362e-05
1.2549173422230706e-05
1.2549173427645057e-05
1.2549173422960818e-05
1.2549173422570048e-05
1.2549173421756412e-05
1.254917342057241e-05
1.2549173419078161e-05
1.2549173439539985e-05
1.2549173424136918e-05
1.2549173410901335e-05
1.248744707251638e-05
1.248744707251638e-05
1.2487447049376407e-05
1.2487447099510004e-05
1.2487447070542307e-05
1.2487447072302655e-05
1.2487447067750002e-05
1.2487447081306525e-05
1.2487447066757127e-05
1.2487447063792937e-05
1.2487447053307441e-05
1.2487447099504269e-05
1.2487447057962775e-05
1.2487447062155437e-05
1.2368556149443714e-05
1.2368556149443714e-05
1.2368556126255621e-05
1.2368556170553718e-05
1.2368556148398384e-05
1.2368556149047094e-05
1.2368556143809022e-05
1.23685561702979e-05
1.2368556144055188e-05
1.236855613782753e-05
1.236855612095523e-05
1.236855618842699e-05
1.2368556124698171e-05
1.2368556146368017e-05
1.2217472975013459e-05
1.2217472975013459e-05
1.2217472954581337e-05
1.2217472986910535e-05
1.221747296949276e-05
1.2217472975377613e-05
1.2217472968278778e-05
1.2217472994810953e-05
1.2217472970929632e-05
1.2217472960978634e-05
1.2217472948573791e-05
1.2217473010161497e-05
1.2217472951074766e-05
1.2217472975834972e-05
1.2130979339222257e-05
1.2130979339222257e-05
1.2130979322600232e-05
1.2130979344795544e-05
1.2130979326612019e-05
1.2130979340818117e-05
1.2130979331908492e-05
1.213097934477897e-05
1.2130979336524656e-05
1.2130979324957586e-05
1.2130979325422363e-05
1.213097935641244e-05
1.2130979327197235e-05
1.2130979337630017e-05
1.2120859607754167e-05
1.2120859607754167e-05
1.212085959278318e-05
1.2120859612352287e-05
1.2120859591823525e-05
1.212085960993327e-05
1.2120859600448672e-05
1.2120859603622413e-05
1.212085960554235e-05
1.2120859594246954e-05
1.2120859602130783e-05
1.2120859613679391e-05
1.2120859603863777e-05
1.2120859602968703e-05
1.2124330908762737e-05
1.2124330908762737e-05
1.2124330893957204e-05
1.2124330913710477e-05
1.2124330892436457e-05
1.2124330911012816e-05
1.2124330901523775e-05
1.2124330902768461e-05
1.2124330906570468e-05
1.212433089554863e-05
1.2124330904642948e-05
1.2124330912676138e-05
1.2124330906440874e-05
1.2124330903113037e-05
1.2125067962996836e-05
1.2125067962996836e-05
1.2125067948172649e-05
1.2125067968034587e-05
1.212506794669706e-05
1.2125067965242505e-05
1.2125067955769406e-05
1.212506795695459e-05
1.212506796079393e-05
1.2125067949812504e-05
1.2125067958905464e-05
1.2125067966881641e-05
1.2125067960716073e-05
1.2125067957287143e-05
     fun: 1.2496032144887572e-05
     jac: array([ 5.23407380e-08, -2.72253828e-08, -7.22840923e-07,  2.42705710e-07,
       -1.08003633e-08,  2.30204250e-07,  6.05157311e-08,  6.47551133e-08,
       -2.61653668e-08,  4.31410854e-08, -1.30311264e-08, -2.49377763e-08])
 message: 'Optimization terminated successfully.'
    nfev: 1204
     nit: 86
    njev: 86
  status: 0
 success: True
       x: array([ 0.36527886, -0.63490517, -0.00725431,  0.12410708, -0.26563145,
        0.58092269,  0.08251389,  0.81373667, -0.47008266, -0.49192335,
        0.30976264, -0.16831479])

========================================================

Final result:
0.3652788649248198
0.3652788649248198
-0.6349051741736076
0.3652788649248198
-0.007254307537955126
0.12410707858735257
-0.2656314533921176
0.5809226880968298
0.08251389111326635
0.08251389111326635
0.8137366733638699
-0.4700826560239989
-0.7008786129606828
-0.7008786129606828
-0.49192335441204493
0.309762636730445
-0.16831479256535017
0.1168251700823167
0.1168251700823167
0.1168251700823167
