31.4793777724
31.4793777724
31.4793756271
31.4793755106
31.4793758094
31.4793720312
31.4793756725
31.4793757527
31.4793756021
31.47937565
31.4793760445
31.4793750383
31.4793741864
31.4793766346
31.4793748483
31.4793768921
31.4793769927
31.4793767269
31.4793773515
31.479377451
31.4793769381
31.4793775529
31.4793781462
31.4793783012
31.4793778405
663980.706029
66378.6036578
6618.42863147
1194.61743532
228.263330718
42.5622767911
22.8808661281
22.8808661281
22.8808662274
22.8808660088
22.8808666592
22.8808680421
22.8808661532
22.8808663559
22.8808657943
22.8808658138
22.8808660915
22.8808650888
22.8808660887
22.8808662927
22.8808648705
22.8808664941
22.880866234
22.8808665711
22.8808665041
22.8808662901
22.8808661312
22.880866613
22.8808667123
22.8808669362
22.8808662397
50467.4130643
6032.87579897
1119.18225164
215.768950827
39.6929258486
16.8633852168
16.8633852168
16.863385917
16.8633858206
16.8633858644
16.8633871374
16.8633861842
16.8633863547
16.8633862332
16.8633862996
16.8633866184
16.8633857904
16.8633884094
16.8633864087
16.8633858204
16.8633863679
16.8633860785
16.8633865373
16.8633859923
16.8633857068
16.8633860407
16.863385893
16.8633856599
16.8633856868
16.8633853004
44188.9716735
4409.89350587
735.123245472
130.221508222
23.6378658382
13.5698567101
13.5698567101
13.5698583488
13.5698583195
13.5698583824
13.5698617629
13.5698584482
13.5698585916
13.5698583733
13.5698584452
13.569858337
13.5698582281
13.5698602172
13.569857914
13.56985849
13.5698576434
13.5698576278
13.5698576918
13.5698572433
13.56985714
13.5698576972
13.569857013
13.5698568299
13.5698566543
13.569856726
4872.08629236
484.828589362
47.7839776246
13.5461454197
13.2684359881
13.2684359881
13.2684377357
13.2684377515
13.2684377381
13.2684412514
13.2684378046
13.2684379071
13.2684377499
13.2684378434
13.2684376459
13.2684376686
13.2684394874
13.2684372487
13.2684379599
13.2684371263
13.2684368691
13.2684372713
13.2684367203
13.2684364649
13.2684368232
13.2684365857
13.2684360494
13.2684358479
13.2684359924
1338.23177571
131.158521226
17.3724071637
12.7604879509
12.7604879509
12.7604899105
12.7604900022
12.7604898503
12.7604936148
12.7604899333
12.7604899702
12.7604899164
12.7604900374
12.7604897558
12.7604898673
12.7604917938
12.7604892541
12.7604900869
12.7604890995
12.7604888143
12.7604892955
12.7604886144
12.7604883913
12.7604887433
12.7604884089
12.7604881756
12.7604880976
12.7604879948
2298.1677561
227.152989798
23.4810875599
12.3449921077
12.3449921077
12.3449940932
12.3449940846
12.344994152
12.3449982947
12.3449941454
12.3449942302
12.3449941128
12.3449940339
12.3449940516
12.3449942303
12.3449963391
12.3449935086
12.3449944942
12.3449933575
12.3449930428
12.3449936125
12.344992814
12.3449925743
12.3449930007
12.3449925914
12.3449921376
12.3449920002
12.3449921123
1551.61896702
153.339679
17.739848533
12.0815064566
12.0815064566
12.08150858
12.0815086307
12.0815085745
12.0815128135
12.0815085978
12.0815086367
12.0815085752
12.081508546
12.0815084398
12.0815087063
12.0815106743
12.0815079372
12.081508888
12.0815077563
12.0815075287
12.0815079924
12.0815072081
12.0815069806
12.0815075838
12.0815069779
12.0815064756
12.081506403
12.0815064595
740.308515843
73.3056443768
13.1569403489
11.9340894344
11.9340894344
11.9340915971
11.9340916056
11.9340915801
11.9340958601
11.9340916614
11.9340917535
11.9340915988
11.9340915377
11.9340914489
11.9340917315
11.9340937412
11.9340909036
11.9340918699
11.9340907214
11.9340904704
11.93409095
11.9340901919
11.9340899453
11.9340904991
11.9340900008
11.9340894226
11.9340893729
11.9340894304
306.783181024
31.7055159337
11.9732573036
11.8531951624
11.8531951624
11.8531973249
11.8531973653
11.8531973055
11.8532015828
11.8531973519
11.8531973846
11.853197328
11.8531973106
11.8531971836
11.8531974478
11.8531994949
11.8531966291
11.8531975481
11.8531964391
11.8531961903
11.8531966601
11.8531959132
11.8531956675
11.8531962124
11.8531957269
11.8531951084
11.8531950614
11.8531951481
304.971182869
30.6934278395
11.695703751
11.695703751
11.6957057228
11.6957056236
11.6957057641
11.6957098388
11.6957058402
11.6957058931
11.6957058561
11.6957058844
11.6957056537
11.6957060197
11.6957077523
11.6957051477
11.6957061011
11.695704968
11.6957047356
11.6957051806
11.6957044501
11.6957042303
11.695704755
11.6957042413
11.6957037259
11.6957037074
11.6957037454
282.599861591
26.8448272103
10.6297915591
10.6297915591
10.6297931567
10.6297930664
10.6297930595
10.6297959605
10.6297932051
10.6297931551
10.6297931721
10.6297931109
10.6297929874
10.6297933741
10.6297945235
10.6297926252
10.629793441
10.6297924598
10.6297922995
10.6297925936
10.6297920241
10.6297919075
10.6297922583
10.6297917755
10.6297915033
10.6297913306
10.6297915521
446.858445303
43.6847635636
10.6581971389
10.3377860816
10.3377860816
10.3377875402
10.3377874564
10.3377874508
10.3377900954
10.3377875693
10.3377874844
10.3377875701
10.3377874937
10.3377873901
10.337787822
10.3377888209
10.3377870307
10.33778792
10.3377868443
10.3377867556
10.3377868996
10.3377865226
10.3377863993
10.3377867432
10.3377863941
10.3377860605
10.3377858789
10.3377860848
340.746147989
36.9285745131
9.7195857688
9.7195857688
9.71958608738
9.71958607522
9.71958595236
9.71958618783
9.71958610872
9.71958602696
9.71958616816
9.71958618869
9.71958598522
9.71958638851
9.71958618887
9.71958580192
9.71958649939
9.71958574925
9.71958578033
9.71958593962
9.71958560715
9.71958564819
9.71958596265
9.7195856467
9.71958559879
9.71958539839
9.71958573555
249.215290772
28.4211144103
8.97108684878
8.97108684878
8.97108606504
8.97108616348
8.97108591559
8.97108390776
8.97108605476
8.97108596776
8.9710862007
8.97108622438
8.97108606395
8.97108650559
8.97108507835
8.97108618532
8.97108657997
8.97108615621
8.97108637138
8.97108608291
8.97108630719
8.97108652218
8.97108641243
8.97108633407
8.97108651634
8.97108644966
8.97108677999
28.4519767237
8.84453413962
8.84453413962
8.84453302698
8.84453312574
8.84453291538
8.8445303731
8.84453300862
8.8445329085
8.8445331342
8.84453314836
8.84453301611
8.8445333807
8.84453170181
8.84453319636
8.84453337885
8.84453326352
8.84453348453
8.84453316039
8.84453355578
8.84453378631
8.84453354347
8.84453357263
8.84453387868
8.84453379986
8.84453408733
18.6089464997
8.1883883556
8.1883883556
8.18838749254
8.18838749386
8.18838747929
8.18838572754
8.18838745562
8.18838734184
8.18838743639
8.18838743173
8.18838740533
8.18838744572
8.18838629622
8.18838760769
8.18838743751
8.18838771817
8.18838782103
8.18838762298
8.18838797584
8.18838809284
8.18838784198
8.18838803676
8.18838824321
8.18838831119
8.18838832734
52.6848048406
8.89024244947
7.75347815827
7.75347815827
7.75347747671
7.75347749853
7.75347754701
7.75347640802
7.75347744353
7.7534773936
7.75347738776
7.75347737369
7.75347740096
7.7534773208
7.75347650809
7.75347759561
7.75347723788
7.75347770703
7.75347774644
7.75347763146
7.75347791413
7.75347796659
7.75347773696
7.75347799996
7.75347816985
7.75347823059
7.75347815694
16.9695973845
7.3577960235
7.3577960235
7.35779594042
7.35779590078
7.35779605558
7.35779620049
7.35779589943
7.35779591379
7.35779579569
7.35779578777
7.35779585848
7.35779562669
7.35779567889
7.35779593542
7.35779555328
7.35779600795
7.35779596755
7.35779602293
7.35779607909
7.35779604341
7.35779591309
7.35779614313
7.35779615272
7.35779624813
7.35779604481
13.4637039578
7.21665644639
7.21665644639
7.21665653392
7.21665649517
7.21665662639
7.21665703959
7.21665651086
7.21665654371
7.2166564311
7.21665642944
7.21665650257
7.21665627866
7.21665658319
7.21665652579
7.21665622917
7.21665658026
7.21665649659
7.21665658609
7.21665658655
7.21665650945
7.21665646855
7.21665661029
7.21665657778
7.21665665206
7.21665646853
7.88609360948
7.07161028247
7.07161028247
7.07161038171
7.07161038556
7.07161036935
7.07161053244
7.07161042598
7.07161043691
7.07161043959
7.07161044538
7.07161048567
7.07161040104
7.07161074229
7.07161044248
7.07161042678
7.07161042622
7.0716104034
7.0716104311
7.07161038345
7.0716103511
7.0716104003
7.07161036156
7.07161032149
7.07161031861
7.07161028707
7.05321004663
7.0195411254
7.0195411254
7.01954120881
7.01954121514
7.01954122376
7.01954142583
7.01954121458
7.01954121556
7.01954120296
7.01954120354
7.01954119411
7.01954120081
7.01954126164
7.01954117113
7.01954121715
7.0195411634
7.01954115984
7.01954116574
7.01954114787
7.01954114129
7.01954116041
7.0195411353
7.01954112717
7.01954111781
7.01954112207
6.99846366282
7.00686259565
7.00686259565
7.00686262655
7.0068626337
7.00686263705
7.00686272303
7.00686263429
7.00686263225
7.00686262638
7.00686262754
7.00686262372
7.00686262268
7.00686264769
7.00686261267
7.00686263173
7.00686261264
7.00686260883
7.00686261433
7.00686260604
7.00686260173
7.00686260783
7.00686260026
7.00686259794
7.00686259302
7.00686259342
7.01541358205
7.00805784378
7.00805784378
7.00805783873
7.008057847
7.00805784411
7.00805784437
7.00805785013
7.00805784653
7.00805784766
7.00805784913
7.00805785126
7.00805784223
7.0080578545
7.00805784613
7.00805784919
7.0080578484
7.00805784659
7.00805784872
7.00805784777
7.00805784523
7.00805784554
7.00805784458
7.0080578469
7.00805784332
7.00805784139
7.01110894315
7.00939071125
7.00939071125
7.00939070251
7.00939071093
7.00939070879
7.00939070434
7.00939071337
7.00939070966
7.00939071014
7.00939071165
7.00939071338
7.00939070412
7.00939071065
7.00939070927
7.00939071158
7.00939071149
7.00939071164
7.00939071027
7.00939071281
7.00939071145
7.00939071072
7.0093907099
7.00939071401
7.00939071049
7.00939070871
7.01018325044
7.00958141277
7.00958141277
7.00958140427
7.00958141266
7.00958141125
7.00958140929
7.00958141465
7.00958141094
7.00958141077
7.00958141223
7.00958141363
7.0095814045
7.00958140917
7.00958140971
7.00958141215
7.00958141183
7.00958141245
7.00958141026
7.00958141377
7.00958141275
7.00958141159
7.0095814109
7.00958141541
7.00958141202
7.00958141023
7.00962056882
7.00959800943
7.00959800943
7.00959800148
7.0095980098
7.00959800852
7.00959800789
7.0095980118
7.00959800804
7.00959800782
7.00959800925
7.00959801064
7.00959800153
7.00959800655
7.0095980067
7.00959800904
7.00959800899
7.00959800925
7.00959800764
7.00959801077
7.00959800956
7.00959800824
7.00959800793
7.00959801219
7.00959800895
7.0095980069
7.00974087883
7.00964451212
     fun: 7.171390499707589
     jac: array([-0.01166606, -0.00865525, -0.01473939, -0.04450202, -0.01128167,
       -0.01086807, -0.00828195, -0.0063172 , -0.00940067, -0.00321054,
       -0.01878303, -0.0089677 ,  0.00196636, -0.01242387, -0.00575739,
       -0.01878446, -0.0091601 , -0.00395781, -0.0020228 , -0.0101189 ,
       -0.00519294, -0.00924706, -0.00164056])
 message: 'Optimization terminated successfully.'
    nfev: 736
     nit: 27
    njev: 27
  status: 0
 success: True
       x: array([ 0.65413301, -0.49538782, -0.49841074,  0.15468846, -0.50792924,
        0.28768532, -0.02889857,  0.13170933, -0.36287217,  0.63773163,
        0.18325521,  0.15090279, -0.4972662 , -0.18916593, -0.11061957,
        0.35143757,  0.01221028, -0.20072574,  0.21562762,  0.23436718,
       -0.4658843 ,  0.28931336, -0.24599217])

========================================================

Final result:
0.654133012927
-0.49538782238
-0.498410738166
0.154688463981
0.154688463981
0.154688463981
-0.507929244749
0.287685320486
-0.0288985700157
0.131709331828
-0.362872172879
0.637731632138
0.183255209903
0.183255209903
0.150902789393
-0.497266203527
-0.189165929176
-0.110619569858
0.351437568866
0.0122102838148
-0.200725741833
0.215627624011
0.234367181433
0.384895435938
-0.465884299483
0.289313359876
-0.245992174866
0.140854371491
0.140854371491
0.140854371491
