17.9527744937
17.9527744937
17.9527731261
17.9527729784
17.952773388
17.952771397
17.9527732172
17.9527733473
17.952773193
17.9527732626
17.9527737013
17.9527725961
17.9527730125
17.9527740557
17.9527723667
17.9527738245
17.9527743143
17.952774832
17.9527750478
17.9527745519
266130.364922
26603.9703133
3992.91752178
692.14791295
119.666417223
22.320042187
14.8596110438
14.8596110438
14.8596111046
14.8596108685
14.8596116784
14.8596133835
14.8596110045
14.8596112468
14.85961062
14.8596105996
14.8596108329
14.8596100497
14.8596107486
14.8596108602
14.8596098518
14.8596107245
14.8596109644
14.8596113904
14.8596116083
14.8596111043
57123.5300215
6043.15332739
1122.22505431
221.036862542
41.4929265456
11.3832636323
11.3832636323
11.383264095
11.3832640183
11.383264099
11.3832650552
11.3832643583
11.3832645825
11.383264345
11.3832642563
11.3832644243
11.3832643375
11.3832657425
11.3832637872
11.3832645181
11.3832635736
11.3832636896
11.3832636673
11.3832636055
11.3832636348
12623.6891908
1257.95654775
178.319018361
26.3916229091
10.3996809237
10.3996809237
10.3996817901
10.3996819597
10.3996817082
10.3996832402
10.3996818065
10.3996817986
10.3996818222
10.3996819034
10.3996815047
10.3996820642
10.3996821589
10.3996810708
10.399682383
10.3996810421
10.3996809763
10.3996806269
10.3996804226
10.399680856
1970.40099166
195.236943254
20.1694228968
10.1691194376
10.1691194376
10.1691203962
10.1691205445
10.1691202717
10.1691218643
10.1691204521
10.1691204878
10.1691204279
10.1691204915
10.1691200775
10.1691206492
10.1691207083
10.169119713
10.1691209319
10.1691198814
10.1691195473
10.1691193082
10.1691191759
10.1691194093
1205.7772778
119.591351807
14.5420220579
10.0508642584
10.0508642584
10.050865178
10.0508652707
10.0508651228
10.0508668267
10.0508652451
10.0508653016
10.0508652137
10.0508651719
10.0508649213
10.05086552
10.050865616
10.0508645686
10.0508658527
10.0508647869
10.050864385
10.0508640211
10.0508638201
10.0508642082
1129.62253507
111.781860012
13.7270499218
9.89102727836
9.89102727836
9.89102828031
9.89102847247
9.89102818009
9.89102992323
9.89102825768
9.89102820547
9.89102827722
9.89102826263
9.89102796407
9.8910286168
9.8910287072
9.891027573
9.89102889122
9.89102774105
9.89102739819
9.89102710007
9.89102694922
9.89102724362
417.35947299
40.982096838
9.93236583748
9.66384557904
9.66384557904
9.66384664931
9.66384680041
9.66384651836
9.66384829934
9.66384665794
9.66384664933
9.66384661497
9.66384653559
9.66384627286
9.66384699227
9.66384701657
9.66384586716
9.6638472141
9.66384602753
9.66384569513
9.66384535514
9.66384522906
9.6638455359
222.19903311
22.6495544474
9.51911778479
9.51911778479
9.51911882873
9.51911890714
9.51911873139
9.5191205628
9.51911885499
9.51911878874
9.51911886763
9.51911885277
9.51911849132
9.51911925671
9.51911921456
9.51911808547
9.51911940097
9.51911825215
9.51911790919
9.51911754009
9.51911745185
9.51911773766
165.450847346
17.2097461779
9.25747707641
9.25747707641
9.25747818558
9.25747828236
9.25747802634
9.25747979742
9.25747816612
9.2574780555
9.25747814478
9.25747813883
9.25747779034
9.25747845738
9.25747852513
9.25747740481
9.25747858636
9.25747760002
9.25747721634
9.25747681867
9.25747663691
9.25747702503
561.558861671
55.1256733785
9.76132756226
9.04938509174
9.04938509174
9.04938618274
9.049386233
9.04938603892
9.04938781094
9.04938617558
9.04938606888
9.04938614741
9.04938611594
9.04938578404
9.04938649291
9.04938649338
9.04938539682
9.04938669789
9.04938556178
9.04938522252
9.04938491382
9.04938469023
9.04938506074
46.2167663267
7.06821117154
7.06821117154
7.06821177996
7.06821186786
7.06821168147
7.06821257155
7.0682117203
7.0682116819
7.06821175213
7.06821176094
7.06821153357
7.0682120119
7.0682118209
7.06821138481
7.0682121186
7.06821148084
7.0682112793
7.06821097874
7.06821092503
7.06821113369
17.274818931
6.26191771187
6.26191771187
6.26191749048
6.26191757823
6.26191746866
6.26191694386
6.26191745674
6.26191744432
6.26191753165
6.26191755667
6.26191753747
6.26191760463
6.26191724119
6.26191768133
6.26191750445
6.26191773114
6.26191769816
6.26191770158
6.26191766548
6.26191771415
60.903401365
7.88026913673
6.0290988595
6.0290988595
6.02909844179
6.02909847062
6.02909841718
6.02909748903
6.02909840697
6.02909835394
6.02909846106
6.02909849117
6.02909853594
6.02909843708
6.0290980848
6.02909876049
6.02909835444
6.02909879359
6.0290988139
6.02909885986
6.02909890946
6.02909885966
11.2507636374
6.10527485487
6.10527485487
6.10527432437
6.10527433986
6.10527434854
6.10527336135
6.10527432822
6.10527429514
6.10527435567
6.1052743731
6.10527447693
6.10527425436
6.10527401862
6.10527470441
6.10527414909
6.10527470087
6.10527480639
6.10527491691
6.10527497297
6.10527486664
7.95709074376
6.03497936711
6.03497936711
6.03497916802
6.03497915569
6.03497921757
6.03497893567
6.03497917122
6.03497918155
6.03497915727
6.03497916161
6.03497922239
6.03497908607
6.03497907503
6.03497928284
6.03497903953
6.03497928791
6.03497933991
6.03497941873
6.03497944852
6.03497937606
7.04075953807
5.95658085839
5.95658085839
5.95658084152
5.95658083686
5.95658088162
5.95658095196
5.95658085983
5.95658087015
5.95658083258
5.95658082641
5.95658085241
5.95658079709
5.95658086745
5.95658083032
5.95658079127
5.95658083537
5.95658085006
5.95658088511
5.95658089387
5.95658086233
5.89151652555
5.91668757574
5.91668757574
5.91668755972
5.91668756743
5.9166875718
5.91668756938
5.91668758081
5.91668757882
5.91668757168
5.9166875727
5.91668757872
5.91668756273
5.91668759734
5.9166875567
5.91668756847
5.91668756954
5.91668757178
5.91668758168
5.91668758166
5.91668757562
5.88270253271
5.89790803459
5.89790803459
5.89790801399
5.89790802825
5.89790801617
5.89790797409
5.89790803192
5.89790802221
5.89790803156
5.89790803527
5.89790803271
5.89790803242
5.89790803358
5.89790801812
5.89790804014
5.89790803685
5.89790803233
5.89790803063
5.8979080289
5.89790803244
5.87693523264
5.88822306292
5.88822306292
5.88822305823
5.88822306966
5.88822306805
5.88822307753
5.88822307128
5.88822306377
5.88822306374
5.88822306622
5.88822306288
5.88822306197
5.88822306415
5.88822304852
5.88822306687
5.88822306813
5.88822306155
5.8882230612
5.88822306201
5.88822306136
5.88093424734
5.88555842933
5.88555842933
5.88555842324
5.88555843404
5.88555843329
5.88555844078
5.88555843679
5.88555843019
5.88555842927
5.88555843131
5.88555842962
5.88555842676
5.88555843241
5.88555841468
5.88555843136
5.88555843333
5.88555842784
5.88555842856
5.88555842958
5.88555842787
5.88310750244
5.88467711307
5.88467711307
5.88467710416
5.88467711493
5.88467711376
5.88467711442
5.8846771184
5.88467711204
5.88467711153
5.88467711354
5.88467711283
5.8846771088
5.88467711574
5.88467709796
5.88467711335
5.88467711596
5.88467711137
5.88467711258
5.88467711357
5.88467711173
5.88468615033
5.88467755611
5.88467755611
5.88467754623
5.88467755711
5.88467755572
5.88467755411
5.88467756055
5.88467755412
5.88467755389
5.88467755598
5.88467755534
5.88467755113
5.88467755763
5.88467754079
5.88467755561
5.88467755874
5.88467755431
5.88467755565
5.88467755659
5.88467755476
5.88464823227
5.88466312282
     fun: 6.294447804978744
     jac: array([ 0.00569117,  0.0015111 ,  0.00120926, -0.00364506,  0.01647043,
        0.02213168,  0.01937842,  0.01532471,  0.02434659,  0.02070218,
        0.0679661 ,  0.00578713,  0.02839369, -0.00383812,  0.00344974,
        0.00071853, -0.0001545 , -0.00044197])
 message: 'Optimization terminated successfully.'
    nfev: 509
     nit: 23
    njev: 23
  status: 0
 success: True
       x: array([ 0.7080546 , -0.54671155, -0.52253886,  0.14440755, -0.55653611,
        0.30386468, -0.01537199,  0.12772813, -0.28153141,  0.54565364,
        0.09209918,  0.37901762, -0.50093974, -0.01436394, -0.45458219,
       -0.34979219,  0.24627163, -0.28947823])

========================================================

Final result:
0.708054596454
-0.546711552945
-0.522538855742
0.144407553507
0.144407553507
0.144407553507
-0.556536111179
0.303864683545
-0.0153719919817
0.127728127185
-0.281531407931
0.545653639515
0.0920991779456
0.0920991779456
0.379017624721
-0.500939735867
-0.0143639353815
-0.454582194887
-0.454582194887
0.110903048828
0.110903048828
0.110903048828
0.110903048828
0.110903048828
0.110903048828
-0.349792192183
0.246271627567
-0.289478225566
0.130999596727
0.130999596727
0.130999596727
