TYR_methyl_charged.filelist
11.4786903807
11.4786903807
11.47869009
11.4786900208
11.4786903247
11.4786915052
11.4786915744
11.4786912904
11.478691247
11.4786912216
11.478691189
11.4786921498
11.4786910338
11.4786919332
11.4786915072
11.4786916728
11.4786911144
11.4786909743
11.4786906376
11.4786904267
114389.381842
11432.5529086
1136.90192238
191.498085515
33.5301291008
9.56635363974
9.56635363974
9.56635329413
9.56635321517
9.56635357303
9.56635344185
9.56635349345
9.56635319163
9.56635316758
9.56635320353
9.56635294275
9.56635271735
9.5663532785
9.56635208671
9.56635299457
9.56635292767
9.56635316366
9.56635323292
9.56635344724
9.56635353289
4118.17707207
519.555895734
99.6445167448
18.6354970171
6.20132849607
6.20132849607
6.20132846832
6.20132859099
6.20132849098
6.20132760679
6.20132748263
6.20132758116
6.20132768103
6.20132751439
6.20132749133
6.20132635282
6.20132769273
6.20132643438
6.20132707479
6.20132689706
6.20132749847
6.20132765884
6.20132811614
6.2013283427
1973.44173709
195.921956584
19.767062602
6.11068536861
6.11068536861
6.11068543429
6.11068556415
6.11068538112
6.11068426021
6.11068411999
6.11068431556
6.11068441659
6.110684388
6.11068417024
6.1106832833
6.1106846216
6.11068288129
6.11068409905
6.11068391773
6.11068454389
6.1106847197
6.1106850652
6.11068526518
587.628195214
57.6158437327
7.67121526215
5.89591788005
5.89591788005
5.89591792587
5.89591799901
5.89591788845
5.89591667584
5.8959165756
5.89591674273
5.89591678047
5.89591685446
5.89591666155
5.89591573866
5.89591708338
5.89591539728
5.8959165084
5.89591631435
5.89591697114
5.89591715015
5.89591754451
5.89591776507
87.8625123976
9.22854456924
5.66413706803
5.66413706803
5.66413711809
5.66413718073
5.66413707766
5.6641358533
5.66413577705
5.66413589994
5.66413592552
5.66413598198
5.66413584373
5.66413475585
5.66413624784
5.66413459314
5.66413568629
5.66413547493
5.66413620244
5.66413640514
5.66413676128
5.66413699099
369.333722141
35.8342259454
5.93555416494
5.41358253992
5.41358253992
5.41358265095
5.41358272088
5.41358256202
5.41358130113
5.41358123453
5.41358135838
5.41358138145
5.41358146288
5.41358128957
5.41358028059
5.41358170687
5.41358000442
5.41358111052
5.41358089902
5.41358161174
5.41358179512
5.41358220864
5.41358245381
39.3529699004
5.59462492045
4.72763072921
4.72763072921
4.72763087458
4.72763090954
4.72763075685
4.72762950521
4.72762945562
4.72762961169
4.72762966207
4.72762970414
4.72762957058
4.72762856541
4.72762994245
4.72762840294
4.72762938913
4.72762922307
4.7276298428
4.72763001035
4.72763040526
4.72763063315
52.9998777928
6.52708481632
4.27216042007
4.27216042007
4.27216057362
4.27216059862
4.27216044877
4.27215934935
4.27215929479
4.27215948224
4.27215955055
4.27215955999
4.27215946234
4.27215861474
4.27215975006
4.27215850968
4.27215926854
4.2721590874
4.27215968974
4.27215982886
4.27216017509
4.27216040045
42.957999334
6.98850998688
3.00905990199
3.00905990199
3.00906010583
3.00906011479
3.00905994075
3.00905974182
3.00905972904
3.00905988914
3.00905991936
3.0090599015
3.00906000736
3.00905991487
3.00905989585
3.00906020851
3.00905990143
3.00905989036
3.00905993295
3.00905996877
3.00905991717
3.00905991607
39.9453773866
4.71601095046
2.79845017262
2.79845017262
2.79845035291
2.7984503718
2.79845020716
2.79845033204
2.7984503201
2.79845046386
2.79845047639
2.7984504559
2.79845061444
2.79845077387
2.79845040226
2.7984511711
2.79845057344
2.79845059246
2.79845046669
2.79845039224
2.79845029661
2.79845023819
16.5553474916
2.93356152881
2.69800843996
2.69800843996
2.6980085891
2.6980086048
2.69800846849
2.69800870294
2.69800869781
2.69800881279
2.69800881611
2.69800879805
2.6980089563
2.69800920809
2.69800871532
2.69800958251
2.69800892253
2.69800899204
2.69800878105
2.69800872325
2.69800857777
2.69800852547
6.42810158002
2.40430219567
2.40430219567
2.40430208744
2.40430201803
2.40430217472
2.40430258573
2.40430264377
2.40430250351
2.40430246685
2.40430250233
2.40430248044
2.40430286224
2.40430242759
2.40430276466
2.40430259213
2.40430264811
2.40430245114
2.40430238987
2.40430228657
2.40430221165
2.52067889865
2.28077716917
2.28077716917
2.28077711185
2.28077712172
2.28077715811
2.2807772765
2.28077727084
2.28077723172
2.28077723365
2.28077722359
2.28077720523
2.2807772816
2.28077720877
2.28077723605
2.28077723852
2.28077724919
2.28077721087
2.28077719778
2.28077718079
2.28077716025
2.3826103586
2.27018189693
2.27018189693
2.27018186488
2.2701818741
2.27018189091
2.27018193894
2.27018192501
2.27018190968
2.27018191255
2.27018190768
2.27018189273
2.27018191915
2.27018190316
2.27018189099
2.27018191085
2.27018191403
2.27018190609
2.27018190059
2.27018189864
2.27018188971
2.29490284004
2.25443903175
2.25443903175
2.2544390163
2.25443902154
2.25443902875
2.25443901818
2.25443901173
2.25443900411
2.25443900564
2.25443901132
2.25443899589
2.25443899282
2.25443901402
2.25443896992
2.25443900537
2.25443900287
2.25443901712
2.25443901735
2.25443902654
2.2544390278
2.22170313694
2.24430858982
2.24430858982
2.24430857844
2.24430858434
2.24430858762
2.24430857914
2.24430857153
2.24430856764
2.24430857062
2.24430857337
2.24430856185
2.24430855857
2.24430857508
2.24430854465
2.24430856817
2.24430856602
2.24430857795
2.24430857828
2.24430858547
2.24430858668
2.24278070357
2.24318531628
2.24318531628
2.24318530817
2.24318531642
2.2431853147
2.24318531957
2.24318531035
2.24318531029
2.24318531538
2.24318531297
2.24318530703
2.24318531157
2.24318531146
2.24318531002
2.2431853117
2.24318531187
2.24318531596
2.24318531449
2.24318531611
2.24318531405
2.24633650315
2.24417866981
2.24417866981
2.24417866173
2.24417866979
2.24417866824
2.24417867603
2.24417866701
2.24417866679
2.24417867153
2.24417866957
2.24417866401
2.24417867174
2.24417866745
2.24417867095
2.24417866953
2.24417867014
2.24417867247
2.24417867058
2.24417867074
2.24417866792
2.24354528213
2.24391128023
2.24391128023
2.24391127197
2.24391127977
2.24391127862
2.24391128721
2.24391127845
2.24391127788
2.24391128226
2.24391128085
2.24391127533
2.24391128415
2.24391127857
2.24391128327
2.24391128118
2.2439112819
2.24391128375
2.24391128169
2.24391128148
2.24391127844
2.24383486802
     fun: 2.428573111821532
     jac: array([ 0.00858423,  0.01419422,  0.00152358, -0.03997633, -0.04572111,
       -0.03264317, -0.03281686, -0.02853677, -0.02836818, -0.05890438,
       -0.02167067, -0.05430141, -0.0355325 , -0.04115197, -0.02057743,
       -0.01155409, -0.0076566 , -0.00250146])
 message: 'Optimization terminated successfully.'
    nfev: 439
     nit: 20
    njev: 20
  status: 0
 success: True
       x: array([ 0.65314179, -0.52760682, -0.50056625, -0.60185935,  0.32745008,
        0.00394547,  0.09382787, -0.28368767,  0.65079905,  0.08469511,
        0.0846818 , -0.6730499 , -0.13619832,  0.14742401, -0.24050459,
        0.14736088,  0.18413454, -0.42585203])

========================================================

Final result:
0.653141785604
-0.527606818997
-0.500566252038
0.125010428477
0.125010428477
0.125010428477
-0.601859353866
0.327450083367
0.00394547140926
0.0938278664611
-0.283687670268
0.650799049631
0.0846951052744
0.0846951052744
0.0846817954931
-0.673049902464
-0.136198321371
-0.136198321371
0.147424008003
-0.240504587697
-0.240504587697
0.147424008003
0.147360879338
0.18413453935
0.147360879338
-0.425852026207
0.307105882461
-0.673049902464
