14.0536342071
14.0536342071
14.0536334045
14.0536331655
14.0536340433
14.0536349174
14.0536351129
14.0536345434
14.0536344811
14.0536346311
14.0536341948
14.0536350744
14.0536347004
14.0536339972
14.053634868
14.0536347481
14.0536349486
14.0536348411
14.0536347783
14.053635136
14.0536348653
14.0536342461
14.0536344124
14.0536342043
117583.334125
11754.5448942
1208.53175093
136.290439672
19.1152743393
13.4107797915
13.4107797915
13.4107790392
13.410778856
13.4107796367
13.4107797941
13.4107799248
13.4107794691
13.4107793918
13.410779421
13.4107793443
13.4107790565
13.4107793878
13.4107791778
13.4107795186
13.4107793916
13.4107795474
13.4107794286
13.4107794338
13.4107797127
13.4107794198
13.4107795553
13.4107796716
13.410779732
23804.6459576
2414.21029706
417.558412263
74.8192070245
14.7510858393
10.5786312078
10.5786312078
10.5786310879
10.5786313005
10.5786311766
10.5786310943
10.5786309488
10.578631134
10.5786313242
10.5786310927
10.578631003
10.5786311337
10.5786308745
10.5786308489
10.5786308391
10.5786308323
10.5786307055
10.5786306573
10.5786309729
10.5786307205
10.5786305717
10.5786311496
10.5786312819
10.5786311872
11252.6177062
1122.7021216
115.013130794
14.8706905192
10.1794128634
10.1794128634
10.1794128479
10.179413144
10.1794128523
10.179412449
10.1794122315
10.1794125748
10.1794127912
10.1794125301
10.1794125197
10.1794122067
10.1794125094
10.1794124136
10.1794125678
10.1794126058
10.1794126184
10.1794126167
10.1794127257
10.179412731
10.1794126662
10.1794126851
10.179412761
10.1794128174
5430.76477443
539.894120047
65.8034064613
11.6754852805
9.51107154919
9.51107154919
9.51107156346
9.51107182351
9.51107154761
9.51107128906
9.51107115794
9.51107133111
9.5110714411
9.51107118454
9.51107141081
9.5110708236
9.51107108512
9.51107153894
9.511071141
9.51107112823
9.51107114568
9.51107113693
9.51107120661
9.51107122437
9.51107118349
9.51107139312
9.51107131948
9.51107151121
1762.2603475
174.261948521
18.3907514976
9.21781840773
9.21781840773
9.21781848143
9.21781865191
9.21781841938
9.21781792152
9.2178178705
9.21781802318
9.2178179562
9.21781808237
9.2178181901
9.21781791922
9.21781797236
9.21781833748
9.21781796973
9.21781802543
9.21781792456
9.21781798888
9.21781811507
9.21781789451
9.21781803824
9.21781822164
9.21781815027
9.21781836728
2115.4462772
210.118773659
21.3794898939
9.07902318584
9.07902318584
9.07902335281
9.07902354268
9.07902321831
9.07902278178
9.07902272911
9.07902285095
9.07902283702
9.0790227986
9.07902300086
9.07902244605
9.07902274037
9.07902303463
9.07902281153
9.07902274909
9.07902273907
9.07902274574
9.07902276153
9.07902269517
9.07902275616
9.07902314579
9.07902322188
9.07902318034
490.592981471
47.8876632136
9.39766038404
8.80845792245
8.80845792245
8.80845813299
8.80845828529
8.80845796388
8.80845749758
8.80845744775
8.808457588
8.80845762307
8.80845752323
8.80845771958
8.8084570907
8.8084575126
8.80845777058
8.80845754773
8.80845754305
8.80845742576
8.80845747033
8.80845757939
8.80845728463
8.80845742698
8.80845782433
8.8084578411
8.80845790234
1087.71204181
107.926313319
12.9346068101
8.70960719382
8.70960719382
8.70960743709
8.70960757122
8.70960724133
8.70960671114
8.70960664918
8.70960684568
8.7096068827
8.70960681397
8.7096069884
8.70960643966
8.70960678642
8.70960705188
8.70960689619
8.70960672066
8.70960676481
8.70960669937
8.70960664628
8.7096066869
8.70960661613
8.70960707848
8.70960706845
8.70960716997
1038.83577925
102.763021253
12.2488888981
8.55505990245
8.55505990245
8.55506015545
8.55506025251
8.55505995157
8.55505940731
8.55505933166
8.55505956451
8.55505962353
8.55505950229
8.55505972301
8.55505911695
8.55505944287
8.55505976944
8.55505945545
8.55505944224
8.55505939478
8.55505943913
8.55505938954
8.55505930725
8.55505943821
8.55505982864
8.55505983645
8.55505988897
293.234570837
29.6000177652
8.6949781854
8.48936210082
8.48936210082
8.48936238818
8.48936247883
8.48936215841
8.48936161746
8.48936155737
8.48936175578
8.48936179091
8.48936169663
8.48936191628
8.48936131267
8.48936163397
8.48936195574
8.48936162892
8.48936164636
8.48936159299
8.48936162002
8.48936162091
8.48936154747
8.48936158982
8.48936202268
8.48936202085
8.48936208668
88.4073943387
11.3960007057
8.40086364714
8.40086364714
8.40086389485
8.40086400149
8.40086369563
8.40086315688
8.4008630452
8.4008633119
8.40086334226
8.40086325047
8.40086350287
8.40086285585
8.40086320461
8.40086354613
8.40086319306
8.40086321452
8.4008631496
8.40086316503
8.40086319511
8.40086310354
8.40086310983
8.40086360338
8.40086358928
8.40086364248
326.429616291
32.7463574197
8.61865567838
8.33324558311
8.33324558311
8.33324584237
8.3332459716
8.33324563542
8.3332451349
8.33324501463
8.33324525626
8.33324527223
8.33324519538
8.33324542698
8.3332448132
8.33324514758
8.33324544561
8.33324513131
8.33324514776
8.33324508557
8.33324511697
8.33324510287
8.33324502493
8.33324508995
8.33324552601
8.33324549611
8.33324557497
38.1022356363
8.36943289075
8.1289081311
8.1289081311
8.1289083864
8.12890848925
8.12890818183
8.12890770148
8.1289076183
8.12890783397
8.12890785909
8.12890778559
8.1289079941
8.12890743302
8.12890774234
8.12890802258
8.12890773178
8.12890772759
8.12890766919
8.12890768811
8.12890770938
8.1289076312
8.12890769641
8.12890807817
8.12890805921
8.12890812237
24.1278363271
8.04013473077
7.99464680032
7.99464680032
7.99464701816
7.99464712564
7.99464684318
7.99464642829
7.99464636023
7.99464654403
7.99464656828
7.99464650787
7.99464667833
7.99464620368
7.994646479
7.99464672184
7.99464644466
7.99464646765
7.99464641447
7.9946464359
7.99464642988
7.99464637009
7.99464642263
7.99464674687
7.99464674872
7.99464678959
22.231723942
7.85162270999
7.836764332
7.836764332
7.83676450589
7.83676457203
7.83676436639
7.83676406793
7.8367640106
7.83676415337
7.83676416522
7.83676412368
7.8367642567
7.83676391152
7.83676409693
7.83676428181
7.83676409039
7.83676409044
7.83676407155
7.83676408016
7.83676407774
7.8367640244
7.83676407292
7.83676430213
7.83676429512
7.83676432599
9.64007353699
7.72654463587
7.72654463587
7.72654467563
7.7265446976
7.72654464225
7.72654457885
7.7265445928
7.72654460808
7.72654460989
7.72654460859
7.72654464208
7.72654457784
7.72654460889
7.72654464149
7.72654461683
7.72654461739
7.72654461566
7.72654462284
7.72654460083
7.72654460357
7.72654461934
7.72654465061
7.72654463385
7.72654463981
22.7275834356
7.84298299155
7.69570729954
7.69570729954
7.69570730523
7.69570729762
7.69570730012
7.69570732335
7.69570733182
7.69570731941
7.69570731471
7.69570732804
7.6957073207
7.69570735384
7.69570733602
7.6957073282
7.69570735103
7.69570734862
7.69570735139
7.69570735708
7.69570733352
7.69570735281
7.69570735872
7.69570731729
7.69570731564
7.6957073031
7.82169249808
7.71148015088
7.71148015088
7.71148013802
7.71148012872
7.71148014779
7.7114801863
7.71148019686
7.71148017536
7.71148017235
7.71148018361
7.711480169
7.71148021681
7.71148018778
7.71148017195
7.71148020308
7.71148020194
7.71148020469
7.71148020548
7.71148019053
7.7114802082
7.711480208
7.71148016476
7.71148016433
7.71148015196
7.72928233229
7.7143806935
7.7143806935
7.71438068209
7.71438068024
7.71438069049
7.71438070895
7.71438071338
7.71438070083
7.71438070266
7.71438070549
7.71438069656
7.71438072021
7.71438070198
7.71438069988
7.7143807145
7.71438071415
7.71438071258
7.71438071282
7.71438070796
7.71438071545
7.71438071327
7.71438069881
7.71438069774
7.71438069303
7.72797367789
7.71473178472
7.71473178472
7.71473177582
7.71473177809
7.71473178211
7.71473178985
7.71473179118
7.71473178436
7.71473178804
7.71473178681
7.71473178222
7.71473179306
7.71473177993
7.71473178487
7.71473179155
7.71473179169
7.71473178741
7.71473178817
7.71473178741
7.71473179009
7.71473178752
7.71473178572
7.71473178534
7.71473178302
7.7145468234
7.71441572
7.71441572
7.71441571325
7.71441571757
7.71441571785
7.71441572119
7.71441572102
7.71441571693
7.7144157217
7.71441571871
7.71441571575
7.71441572239
7.71441571105
7.71441571882
7.71441572224
7.71441572268
7.71441571759
7.71441571835
7.71441571907
7.71441571978
7.71441571772
7.71441571996
7.71441571953
7.71441571817
7.71518541275
7.7147316905
7.7147316905
7.71473168483
7.7147316897
7.71473168855
7.7147316914
7.71473169094
7.71473168766
7.71473169248
7.71473168949
7.7147316866
7.71473169344
7.71473168194
7.71473169006
7.71473169332
7.71473169377
7.71473168869
7.71473168962
7.71473169016
7.71473169073
7.71473168918
7.71473169069
7.71473169027
7.7147316887
7.71538672953
7.7150606672
7.7150606672
7.71506066197
7.71506066695
7.71506066536
7.71506066804
7.71506066755
7.7150606644
7.71506066914
7.71506066631
7.71506066351
7.7150606703
7.71506065896
7.7150606672
7.71506067052
7.71506067089
7.71506066596
7.71506066697
7.7150606672
7.71506066794
7.71506066667
7.71506066751
7.71506066709
7.71506066543
7.71516500248
7.71509015081
     fun: 7.883015398543881
     jac: array([-0.0005511 ,  0.00378716,  0.00061429,  0.02129561,  0.02058071,
        0.02242023,  0.02706224,  0.02619451,  0.01416105,  0.05430919,
        0.02759552,  0.01282454,  0.02653486,  0.02918744,  0.02819687,
        0.02966601,  0.03192258,  0.03049046,  0.03066987,  0.00812089,
        0.00793397,  0.00116813])
 message: 'Optimization terminated successfully.'
    nfev: 634
     nit: 24
    njev: 24
  status: 0
 success: True
       x: array([ 0.55465297, -0.49741838, -0.47015286, -0.40910558,  0.25343945,
        0.03647363,  0.09231244, -0.25504583,  0.52835615,  0.09653586,
        0.32538367, -0.490638  , -0.45470969, -0.26610324,  0.06828844,
       -0.23783215,  0.16635663,  0.14408081,  0.31244117, -0.37764006,
        0.26178658, -0.27719566])

========================================================

Final result:
0.5546529705
-0.497418379676
-0.470152859952
0.137639423043
0.137639423043
0.137639423043
-0.409105584057
0.253439451664
0.0364736287217
0.0923124427839
-0.255045834385
0.528356146208
0.0965358599519
0.0965358599519
0.325383670521
-0.490638002274
-0.454709688233
-0.266103243292
0.0682884399211
-0.237832145664
0.166356626898
0.14408081333
0.312441174913
-0.377640061987
0.26178657992
-0.277195659153
0.128759841421
0.128759841421
0.128759841421
