2.8482995260342577e-05
2.8482995260342577e-05
2.8482991811729634e-05
2.848299079694616e-05
2.8482994558404968e-05
2.8482999122428362e-05
2.848299987650926e-05
2.848299752918593e-05
2.8482997317928487e-05
2.8482998069945097e-05
2.8482995747972086e-05
2.848299788400978e-05
2.8482997841000582e-05
2.8482999215317292e-05
2.8482994842398178e-05
2.848300292178647e-05
2.8483003547246818e-05
2.84830000376773e-05
2.848301031243258e-05
2.8482995752953978e-05
2.8482996543715108e-05
2.8482995312282634e-05
2.6584560985896254e-05
2.6584560985896254e-05
2.6584557590252763e-05
2.658455664688395e-05
2.658456029386683e-05
2.6584563939761356e-05
2.6584564616087918e-05
2.6584562388953957e-05
2.658456214452344e-05
2.65845627242016e-05
2.6584560919481952e-05
2.658456253600111e-05
2.6584562528165015e-05
2.6584563650668296e-05
2.6584560071130405e-05
2.6584565556490886e-05
2.6584566650295918e-05
2.6584564337413922e-05
2.6584571666470714e-05
2.6584561124115033e-05
2.658456184443661e-05
2.658456096564322e-05
2.4471404012152563e-05
2.4471404012152563e-05
2.447140077097268e-05
2.4471400014348505e-05
2.4471403349222844e-05
2.4471404774623277e-05
2.4471405252882667e-05
2.447140334370347e-05
2.4471403030235457e-05
2.447140318422156e-05
2.4471402627385083e-05
2.4471402986152996e-05
2.4471403083994456e-05
2.4471403572045e-05
2.447140192026744e-05
2.4471401241934047e-05
2.4471403362244034e-05
2.447140392427328e-05
2.447140414212696e-05
2.4471403307456818e-05
2.4471403857454907e-05
2.4471403820493768e-05
2.4236999636583636e-05
2.4236999636583636e-05
2.4236996432443273e-05
2.4236995702081044e-05
2.4236998980812433e-05
2.4237000267052024e-05
2.4237000722530748e-05
2.42369988614493e-05
2.423699855524207e-05
2.4236998673302475e-05
2.423699819148336e-05
2.4236998470099748e-05
2.4236998595608974e-05
2.4236999018019737e-05
2.4236997496165694e-05
2.423699654418894e-05
2.4236998620449506e-05
2.4236999342629644e-05
2.4236999128766107e-05
2.423699889367664e-05
2.42369994330218e-05
2.4236999437472198e-05
2.2952943585187825e-05
2.2952943585187825e-05
2.2952940557904744e-05
2.2952939930777443e-05
2.295294296382693e-05
2.295294405591266e-05
2.2952944432328383e-05
2.2952942766548327e-05
2.2952942523342373e-05
2.2952942548887223e-05
2.2952942157251267e-05
2.2952942318062403e-05
2.295294257674825e-05
2.295294279177306e-05
2.2952941491885298e-05
2.2952940666185617e-05
2.2952942194095337e-05
2.2952943048034418e-05
2.295294229806724e-05
2.2952942855313053e-05
2.2952943379821475e-05
2.295294339060701e-05
1.8470435260957113e-05
1.8470435260957113e-05
1.8470433027731807e-05
1.8470432839841756e-05
1.8470434794409685e-05
1.8470435527986896e-05
1.847043558261616e-05
1.847043475278462e-05
1.8470434822632518e-05
1.8470434518633915e-05
1.847043424000159e-05
1.8470434161400497e-05
1.8470435010795012e-05
1.8470434423083282e-05
1.8470433680310526e-05
1.847043494924577e-05
1.847043369030452e-05
1.8470434444853967e-05
1.8470432963896155e-05
1.8470434800328758e-05
1.8470435297179125e-05
1.8470435129892995e-05
1.6399929528106585e-05
1.6399929528106585e-05
1.6399928257332918e-05
1.639992859050237e-05
1.6399929249493803e-05
1.6399929783818507e-05
1.6399929465322105e-05
1.6399929622525175e-05
1.6399930084063962e-05
1.6399929419158446e-05
1.639992914487494e-05
1.6399928909798955e-05
1.639993045368677e-05
1.6399928979260847e-05
1.6399928700076297e-05
1.6399933130635776e-05
1.6399928439946533e-05
1.6399928756605643e-05
1.6399927183099056e-05
1.6399929484862846e-05
1.6399929965260466e-05
1.639992949252769e-05
1.627878784488164e-05
1.627878784488164e-05
1.627878661523301e-05
1.627878696819109e-05
1.6278787574504167e-05
1.627878814730482e-05
1.6278787817963016e-05
1.6278788004559868e-05
1.627878848364649e-05
1.6278787810197953e-05
1.6278787510850387e-05
1.627878729679449e-05
1.627878884762655e-05
1.6278787380278154e-05
1.627878706836149e-05
1.627879167972201e-05
1.6278786927889834e-05
1.6278787161808513e-05
1.627878576813642e-05
1.627878783200718e-05
1.6278788314296943e-05
1.6278787815765297e-05
1.5629673315164385e-05
1.5629673315164385e-05
1.5629672188204016e-05
1.5629672591373183e-05
1.5629673065941603e-05
1.562967369774315e-05
1.5629673346185357e-05
1.562967357755857e-05
1.562967409135369e-05
1.5629673387108185e-05
1.562967305148718e-05
1.5629672873233635e-05
1.5629674364931202e-05
1.5629673021487583e-05
1.5629672617110608e-05
1.5629677241416917e-05
1.5629672761341755e-05
1.5629672836021594e-05
1.5629671875413367e-05
1.5629673339358848e-05
1.562967382009204e-05
1.5629673293600068e-05
1.3283386169545193e-05
1.3283386169545193e-05
1.3283385450795825e-05
1.3283386064582214e-05
1.3283386005142814e-05
1.3283386601625917e-05
1.3283386155239983e-05
1.3283386540116312e-05
1.3283387165375275e-05
1.3283386289684355e-05
1.3283385971300376e-05
1.328338578952832e-05
1.3283386938444645e-05
1.328338618539787e-05
1.3283385585407803e-05
1.3283388984719609e-05
1.3283386330656959e-05
1.3283386132571404e-05
1.3283386160541987e-05
1.3283386196443956e-05
1.3283386645074052e-05
1.328338614745721e-05
1.2052509486210434e-05
1.2052509486210434e-05
1.2052509294009835e-05
1.2052510188827175e-05
1.2052509431573573e-05
1.2052509746507104e-05
1.2052509169584646e-05
1.205250974505176e-05
1.205251049291133e-05
1.2052509356378225e-05
1.2052509199707868e-05
1.2052508884452576e-05
1.205250953253042e-05
1.2052509569577537e-05
1.2052508891814174e-05
1.205250975021627e-05
1.2052509907400221e-05
1.2052509674876484e-05
1.2052510281139579e-05
1.2052509401436595e-05
1.2052509786789943e-05
1.2052509439400044e-05
1.203426345728004e-05
1.203426345728004e-05
1.203426326315313e-05
1.2034264159111987e-05
1.2034263402356193e-05
1.203426364458241e-05
1.2034263066417618e-05
1.203426363840102e-05
1.2034264377965452e-05
1.2034263231765441e-05
1.203426311880907e-05
1.203426276432502e-05
1.2034263396163864e-05
1.2034263434881103e-05
1.2034262816917784e-05
1.2034263389961283e-05
1.2034263665939585e-05
1.2034263533972243e-05
1.20342639122381e-05
1.2034263337523042e-05
1.2034263715439768e-05
1.2034263403217036e-05
1.1978263984419417e-05
1.1978263984419417e-05
1.197826377583651e-05
1.1978264667000926e-05
1.1978263926889268e-05
1.1978263977284416e-05
1.197826340221847e-05
1.1978263955308682e-05
1.1978264664716859e-05
1.1978263503171974e-05
1.197826350905658e-05
1.1978263053520296e-05
1.197826364053223e-05
1.1978263669676277e-05
1.1978263227504819e-05
1.1978263048284545e-05
1.1978263602110557e-05
1.1978263747200074e-05
1.1978263482756883e-05
1.1978263770885e-05
1.1978264126189276e-05
1.1978263911040058e-05
1.190066109624639e-05
1.190066109624639e-05
1.1900660873695983e-05
1.1900661753966418e-05
1.1900661036321584e-05
1.1900660938736646e-05
1.1900660374942637e-05
1.1900660899894e-05
1.1900661574323845e-05
1.1900660414193502e-05
1.1900660518330989e-05
1.190065999028941e-05
1.1900660524700089e-05
1.1900660544416368e-05
1.1900660262735409e-05
1.1900659456567907e-05
1.1900660231893121e-05
1.1900660601171473e-05
1.190065980602031e-05
1.1900660807686429e-05
1.1900661138700779e-05
1.1900661007593468e-05
1.1663025595593888e-05
1.1663025595593888e-05
1.166302534181473e-05
1.1663026181158729e-05
1.166302553067774e-05
1.1663025187391686e-05
1.1663024670942203e-05
1.1663025105435166e-05
1.1663025683981214e-05
1.1663024569015376e-05
1.166302485737193e-05
1.1663024226987453e-05
1.1663024614263368e-05
1.166302461405501e-05
1.1663024678289833e-05
1.1663022676020453e-05
1.1663023849214465e-05
1.166302462368264e-05
1.166302283913812e-05
1.1663025173656532e-05
1.1663025442012905e-05
1.1663025480343953e-05
1.124258749131085e-05
1.124258749131085e-05
1.1242587197479268e-05
1.1242587952203252e-05
1.1242587420694113e-05
1.1242586925084407e-05
1.1242586512204652e-05
1.124258677747675e-05
1.1242587198479051e-05
1.1242586223108902e-05
1.1242586679698063e-05
1.1242586033303397e-05
1.1242586174529673e-05
1.1242586150917646e-05
1.1242586634669495e-05
1.124258349170411e-05
1.1242584988282587e-05
1.1242586099014323e-05
1.1242583423835871e-05
1.1242586963915208e-05
1.1242587135501715e-05
1.124258735637586e-05
1.0653165318187751e-05
1.0653165318187751e-05
1.0653164987185084e-05
1.0653165603334273e-05
1.065316524358308e-05
1.0653164906319607e-05
1.0653164669412417e-05
1.0653164678806335e-05
1.0653164888477295e-05
1.0653164195811159e-05
1.0653164682618028e-05
1.0653164235579668e-05
1.065316404152656e-05
1.0653163999608196e-05
1.065316482925073e-05
1.0653161354222755e-05
1.065316280353792e-05
1.0653163889056019e-05
1.0653161086737697e-05
1.065316481360858e-05
1.0653164864335824e-05
1.0653165191544474e-05
1.0253785610173877e-05
1.0253785610173877e-05
1.0253785276991858e-05
1.0253785785078495e-05
1.02537855374906e-05
1.025378570044043e-05
1.0253785606388274e-05
1.0253785437294195e-05
1.0253785525263503e-05
1.0253785104977842e-05
1.0253785386206418e-05
1.0253785305325405e-05
1.0253784914002604e-05
1.0253784875608613e-05
1.0253785656248109e-05
1.0253783355886099e-05
1.0253784227595482e-05
1.0253784759845069e-05
1.025378310063943e-05
1.0253785304463583e-05
1.0253785295735276e-05
1.0253785527525747e-05
1.01414866941468e-05
1.01414866941468e-05
1.0141486381492172e-05
1.0141486868575282e-05
1.014148662575102e-05
1.0141487169103206e-05
1.0141487106684539e-05
1.0141486920781996e-05
1.0141487017475833e-05
1.0141486691962356e-05
1.014148675732637e-05
1.0141486909306858e-05
1.0141486530321005e-05
1.0141486504991264e-05
1.0141487031326088e-05
1.0141486058015327e-05
1.014148639969057e-05
1.0141486420998486e-05
1.014148593545406e-05
1.0141486563855589e-05
1.0141486569792155e-05
1.0141486648387227e-05
1.0124945375672006e-05
1.0124945375672006e-05
1.0124945074655043e-05
1.0124945571976152e-05
1.0124945309207695e-05
1.0124945945921096e-05
1.0124945871426896e-05
1.0124945713940307e-05
1.0124945838241807e-05
1.0124945511261372e-05
1.0124945504015044e-05
1.0124945705878996e-05
1.012494537386314e-05
1.0124945353091315e-05
1.0124945755794305e-05
1.012494524412263e-05
1.0124945418565739e-05
1.012494528882492e-05
1.0124945190359498e-05
1.0124945295355046e-05
1.0124945320051604e-05
1.0124945339992408e-05
1.0114668822337553e-05
1.0114668822337553e-05
1.011466852793425e-05
1.0114669033026414e-05
1.0114668756895181e-05
1.0114669416108959e-05
1.011466933116733e-05
1.0114669195686273e-05
1.0114669335397458e-05
1.0114669004875584e-05
1.0114668966356356e-05
1.0114669184063353e-05
1.0114668883169794e-05
1.0114668862074706e-05
1.0114669203914742e-05
1.011466889071283e-05
1.0114668990555019e-05
1.0114668811083977e-05
1.0114668873817753e-05
1.011466875771527e-05
1.011466879230903e-05
1.0114668789688036e-05
1.0084749716227383e-05
1.0084749716227383e-05
1.00847494361722e-05
1.0084749954834049e-05
1.0084749652985747e-05
1.0084750322549549e-05
1.0084750216705052e-05
1.0084750130512312e-05
1.0084750293781723e-05
1.0084749969907478e-05
1.0084749872224482e-05
1.0084750121376193e-05
1.0084749884654023e-05
1.0084749855698973e-05
1.0084750084152944e-05
1.0084750134986112e-05
1.008475007830279e-05
1.0084749838679326e-05
1.0084750194195392e-05
1.0084749669119539e-05
1.008474971883661e-05
1.0084749686771042e-05
1.0027539096797267e-05
1.0027539096797267e-05
1.0027538837403993e-05
1.0027539367087906e-05
1.0027539036739912e-05
1.0027539657358765e-05
1.0027539527663071e-05
1.0027539511903306e-05
1.0027539687683873e-05
1.0027539406491735e-05
1.0027539236010401e-05
1.0027539532289656e-05
1.0027539377674815e-05
1.0027539323758222e-05
1.0027539423480024e-05
1.0027539895061047e-05
1.0027539611474172e-05
1.0027539365479057e-05
1.0027540056694537e-05
1.0027539047201196e-05
1.002753910536013e-05
1.0027539066342558e-05
9.934148572805124e-06
9.934148572805124e-06
9.93414833867797e-06
9.934148865476471e-06
9.934148516683526e-06
9.93414896225647e-06
9.934148815717473e-06
9.934148884056596e-06
9.934149034960624e-06
9.934148868456025e-06
9.934148630812646e-06
9.934148989966794e-06
9.934148915629665e-06
9.934148806224094e-06
9.934148811919193e-06
9.934149612652994e-06
9.934149046732291e-06
9.934148937604552e-06
9.934149886006096e-06
9.934148470145254e-06
9.934148513809332e-06
9.934148531051226e-06
9.850789234047162e-06
9.850789234047162e-06
9.850789012205935e-06
9.850789512093503e-06
9.85078917991078e-06
9.8507893635449e-06
9.850789228084762e-06
9.85078933373504e-06
9.85078941042398e-06
9.850789396242726e-06
9.850789159528124e-06
9.850789557614612e-06
9.850789490824331e-06
9.850789316350152e-06
9.850789373865266e-06
9.850790049106188e-06
9.850789339592463e-06
9.850789518250248e-06
9.8507903551846e-06
9.850789028889016e-06
9.850789027371645e-06
9.85078917136027e-06
9.815526047458008e-06
9.815526047458008e-06
9.81552581929307e-06
9.815526288912653e-06
9.815525992429755e-06
9.815526007462271e-06
9.815525899632978e-06
9.815525979464346e-06
9.815525987486896e-06
9.815526060766891e-06
9.815525881441507e-06
9.815526273729772e-06
9.815526148494726e-06
9.815525942678232e-06
9.815526140964391e-06
9.815526388556905e-06
9.815525744872601e-06
9.81552615366753e-06
9.815526639477052e-06
9.815525763606602e-06
9.815525720092635e-06
9.815525969101267e-06
9.806481752839854e-06
9.806481752839854e-06
9.806481516540063e-06
9.806481973182926e-06
9.806481696596192e-06
9.806481676265147e-06
9.806481584360107e-06
9.806481634339228e-06
9.806481617659027e-06
9.806481704336711e-06
9.806481564561782e-06
9.806481940642548e-06
9.806481772210322e-06
9.806481565596431e-06
9.806481844838539e-06
9.806481833636088e-06
9.806481283336085e-06
9.806481760004608e-06
9.806482034829808e-06
9.80648144661937e-06
9.806481388406541e-06
9.806481670211894e-06
9.799518296635694e-06
9.799518296635694e-06
9.799518054686718e-06
9.799518504354343e-06
9.799518239556178e-06
9.79951821374752e-06
9.799518131348595e-06
9.799518159999187e-06
9.799518132375865e-06
9.799518218105596e-06
9.79951810275339e-06
9.799518466274362e-06
9.799518270164502e-06
9.799518068333791e-06
9.799518393332159e-06
9.799518227945588e-06
9.799517749646654e-06
9.799518246452699e-06
9.79951839412172e-06
9.799517983528098e-06
9.799517919712079e-06
9.799518212818011e-06
9.78097380996508e-06
9.78097380996508e-06
9.780973558933314e-06
9.780973996110147e-06
9.780973751588007e-06
9.780973723419118e-06
9.780973657225765e-06
9.78097364868259e-06
9.780973604212765e-06
9.78097368541709e-06
9.780973609901492e-06
9.78097395168492e-06
9.780973708903356e-06
9.78097351991997e-06
9.780973915137003e-06
9.780973496015377e-06
9.780973153592538e-06
9.780973665123138e-06
9.780973598021213e-06
9.780973489725014e-06
9.780973419795642e-06
9.780973725138189e-06
9.738377145202042e-06
9.738377145202042e-06
9.738376883298167e-06
9.73837729987088e-06
9.738377085404133e-06
9.738377056868903e-06
9.73837701422876e-06
9.738376952956402e-06
9.738376885053093e-06
9.73837696090581e-06
9.738376937508772e-06
9.738377249769173e-06
9.738376942521202e-06
9.738376779689885e-06
9.738377258199852e-06
9.738376495065671e-06
9.738376369455806e-06
9.738376869498008e-06
9.73837649701614e-06
9.73837682061679e-06
9.738376748002288e-06
9.738377060312187e-06
9.64292293947364e-06
9.64292293947364e-06
9.642922668501284e-06
9.642923050150891e-06
9.64292287889036e-06
9.642922852261886e-06
9.642922842321153e-06
9.64292271229043e-06
9.642922613196204e-06
9.642922687594578e-06
9.642922722019514e-06
9.64292299933725e-06
9.642922611550734e-06
9.642922501756022e-06
9.642923050394439e-06
9.642921870814249e-06
9.642922088522813e-06
9.642922498127997e-06
9.642921718888007e-06
9.642922621643739e-06
9.642922559606719e-06
9.64292285752724e-06
9.48022262617114e-06
9.48022262617114e-06
9.480222361023035e-06
9.480222697223491e-06
9.480222567617542e-06
9.480222546541309e-06
9.480222565560371e-06
9.480222385168763e-06
9.480222261109972e-06
9.480222348791035e-06
9.480222401207833e-06
9.480222661624933e-06
9.480222223204152e-06
9.480222197953107e-06
9.480222705146302e-06
9.480221296392272e-06
9.480221912766397e-06
9.480222074605084e-06
9.480220974719448e-06
9.480222342920072e-06
9.480222322629218e-06
9.480222553628838e-06
9.30820638093191e-06
9.30820638093191e-06
9.308206148267845e-06
9.308206453228594e-06
9.308206328703273e-06
9.308206315946796e-06
9.30820633290666e-06
9.308206181191122e-06
9.3082060650961e-06
9.308206186596923e-06
9.30820615907145e-06
9.30820645395214e-06
9.308206068311245e-06
9.308206125837027e-06
9.30820639071306e-06
9.308205329417482e-06
9.308206140713411e-06
9.308205923732842e-06
9.30820494091006e-06
9.308206162993395e-06
9.308206216505943e-06
9.308206323837643e-06
9.226089172702858e-06
9.226089172702858e-06
9.226088978151527e-06
9.226089288506142e-06
9.22608912695003e-06
9.226089119591838e-06
9.226089103192058e-06
9.226089043692686e-06
9.226088964749502e-06
9.226089118245931e-06
9.22608896311171e-06
9.226089322548127e-06
9.226089062281866e-06
9.226089143014482e-06
9.226089122107656e-06
9.226088775678894e-06
9.226089430620977e-06
9.226088960390259e-06
9.226088475807868e-06
9.2260890074002e-06
9.226089117457918e-06
9.226089126770496e-06
9.210632376924493e-06
9.210632376924493e-06
9.210632197716667e-06
9.210632523863744e-06
9.210632333472757e-06
9.210632326896222e-06
9.210632287046432e-06
9.210632283632603e-06
9.21063222863245e-06
9.210632392364647e-06
9.210632175290128e-06
9.210632568198766e-06
9.210632379005718e-06
9.210632444703213e-06
9.210632309050674e-06
9.21063234953464e-06
9.21063281525603e-06
9.210632306714683e-06
9.210632140194648e-06
9.210632225288284e-06
9.21063234847053e-06
9.210632333294619e-06
9.207498460762226e-06
9.207498460762226e-06
9.207498284023458e-06
9.207498616688758e-06
9.207498417591796e-06
9.207498410785086e-06
9.207498364241276e-06
9.207498375368182e-06
9.207498326822725e-06
9.207498491220041e-06
9.2074982615821e-06
9.207498661638847e-06
9.207498489954837e-06
9.207498545575718e-06
9.207498392530547e-06
9.207498523724467e-06
9.207498920206408e-06
9.207498426197122e-06
9.20749834588407e-06
9.207498309455104e-06
9.207498432060353e-06
9.207498416947261e-06
9.202139280433474e-06
9.202139280433474e-06
9.202139105779443e-06
9.202139445489314e-06
9.20213923746684e-06
9.202139230446023e-06
9.202139177129336e-06
9.202139202624936e-06
9.202139160491467e-06
9.20213932460205e-06
9.202139084431378e-06
9.202139490268614e-06
9.20213933585052e-06
9.202139378806473e-06
9.202139213660796e-06
9.202139431388362e-06
9.202139750137174e-06
9.202139281079184e-06
9.20213928873101e-06
9.20213912940379e-06
9.202139250757651e-06
9.202139236433353e-06
9.187918580787217e-06
9.187918580787217e-06
9.18791840965277e-06
9.187918759896259e-06
9.187918538197304e-06
9.187918531276293e-06
9.187918467553469e-06
9.18791851529201e-06
9.187918482964566e-06
9.187918645586842e-06
9.18791839161056e-06
9.18791880392112e-06
9.187918676952607e-06
9.187918697745587e-06
9.187918518003786e-06
9.187918869018543e-06
9.187919057675769e-06
9.1879186369802e-06
9.18791878575999e-06
9.187918432931509e-06
9.18791855388082e-06
9.187918537196315e-06
9.153226612976138e-06
9.153226612976138e-06
9.153226447888041e-06
9.153226811239905e-06
9.153226571149805e-06
9.153226565602104e-06
9.153226487728361e-06
9.153226566478896e-06
9.153226547451572e-06
9.153226705764384e-06
9.153226438191945e-06
9.153226853437931e-06
9.153226766865902e-06
9.153226751632582e-06
9.153226559250066e-06
9.153227096747281e-06
9.153227083615856e-06
9.153226749628343e-06
9.153227107167841e-06
9.153226477501592e-06
9.153226602868521e-06
9.153226571964922e-06
9.075169178864532e-06
9.075169178864532e-06
9.07516902384836e-06
9.07516939788642e-06
9.075169138569807e-06
9.075169137903667e-06
9.07516904477244e-06
9.07516915913413e-06
9.075169154380217e-06
9.075169301936679e-06
9.07516903352763e-06
9.075169436045573e-06
9.075169401598028e-06
9.075169331824275e-06
9.075169144556128e-06
9.075169898551877e-06
9.075169600954381e-06
9.075169415985306e-06
9.075170044807132e-06
9.075169078931298e-06
9.075169222843473e-06
9.075169146199024e-06
8.936764237564063e-06
8.936764237564063e-06
8.93676409589874e-06
8.936764462629357e-06
8.936764199799091e-06
8.936764210568703e-06
8.936764113207824e-06
8.936764243907749e-06
8.936764242929765e-06
8.93676436939892e-06
8.936764141679083e-06
8.936764493513115e-06
8.936764499029766e-06
8.936764367718929e-06
8.93676423722922e-06
8.936765097232126e-06
8.936764522800492e-06
8.93676454326008e-06
8.936765384247152e-06
8.93676421326966e-06
8.936764403174466e-06
8.936764223707282e-06
8.782208453975623e-06
8.782208453975623e-06
8.782208321834352e-06
8.782208647620333e-06
8.782208418845996e-06
8.782208446011044e-06
8.78220837221633e-06
8.782208463272968e-06
8.782208439842535e-06
8.782208539875423e-06
8.782208410669243e-06
8.782208670013352e-06
8.78220865576788e-06
8.782208498524183e-06
8.782208491635157e-06
8.782209126409337e-06
8.782208521407005e-06
8.782208701196856e-06
8.782209448361539e-06
8.782208530936876e-06
8.782208789097214e-06
8.782208466383575e-06
8.701912780782714e-06
8.701912780782714e-06
8.701912647175874e-06
8.701912922664848e-06
8.701912746562371e-06
8.701912784219525e-06
8.701912748851327e-06
8.701912764858691e-06
8.701912705140814e-06
8.701912791119958e-06
8.701912756771512e-06
8.701912940951019e-06
8.701912853628446e-06
8.701912728862085e-06
8.701912834529621e-06
8.701913027865306e-06
8.701912691868412e-06
8.701912867082065e-06
8.701913240713378e-06
8.70191291683885e-06
8.70191322035956e-06
8.701912809439528e-06
8.685740870231189e-06
8.685740870231189e-06
8.685740731533212e-06
8.685740985770203e-06
8.685740835602995e-06
8.685740874371916e-06
8.685740858386097e-06
8.685740833873648e-06
8.685740755984717e-06
8.68574084217721e-06
8.685740838966683e-06
8.685741004214874e-06
8.685740869902124e-06
8.685740780743729e-06
8.685740920583415e-06
8.685740872013082e-06
8.685740753670992e-06
8.685740858528197e-06
8.685740987113598e-06
8.685741008755801e-06
8.685741317988514e-06
8.68574090023457e-06
8.683209446028888e-06
8.683209446028888e-06
8.683209305251267e-06
8.683209556440287e-06
8.683209411101618e-06
8.683209448972781e-06
8.683209436625193e-06
8.683209403818739e-06
8.683209322614842e-06
8.68320941056263e-06
8.683209409049047e-06
8.683209575163296e-06
8.683209429824853e-06
8.683209352417219e-06
8.683209493063806e-06
8.683209393807582e-06
8.683209337886794e-06
8.683209411530427e-06
8.683209479292873e-06
8.683209577715335e-06
8.683209883233212e-06
8.68320947446166e-06
8.680078822674392e-06
8.680078822674392e-06
8.680078680153657e-06
8.680078929533899e-06
8.680078787475943e-06
8.680078824311492e-06
8.68007881427506e-06
8.68007877594176e-06
8.680078692782415e-06
8.680078782174266e-06
8.680078780488892e-06
8.680078947922047e-06
8.68007879551109e-06
8.680078727658813e-06
8.680078867135084e-06
8.680078733130885e-06
8.680078725695904e-06
8.680078771946533e-06
8.680078795135687e-06
8.680078946827918e-06
8.680079247534014e-06
8.680078849323587e-06
8.670985957021137e-06
8.670985957021137e-06
8.67098581145023e-06
8.670986057150897e-06
8.670985921350962e-06
8.670985956169581e-06
8.670985950028646e-06
8.67098590231169e-06
8.670985816233668e-06
8.670985907221341e-06
8.670985905814536e-06
8.67098607305882e-06
8.670985910943244e-06
8.670985860309995e-06
8.6709859986031e-06
8.670985803683745e-06
8.670985882497916e-06
8.670985878187738e-06
8.670985823577544e-06
8.670986066306175e-06
8.67098635631891e-06
8.670985980155555e-06
8.648953898724784e-06
8.648953898724784e-06
8.648953748883267e-06
8.648953987405566e-06
8.648953862417782e-06
8.648953894042657e-06
8.648953893495187e-06
8.648953832371926e-06
8.64895374301192e-06
8.648953833615875e-06
8.648953835439847e-06
8.64895399489566e-06
8.648953825123965e-06
8.648953800251085e-06
8.648953940725287e-06
8.648953654322912e-06
8.648953860853262e-06
8.648953779179541e-06
8.648953611301861e-06
8.648953983749097e-06
8.648954253610274e-06
8.648953916169468e-06
8.595144904372548e-06
8.595144904372548e-06
8.595144748929819e-06
8.595144972313862e-06
8.595144867299619e-06
8.595144893765807e-06
8.595144901086088e-06
8.59514482135446e-06
8.595144729744253e-06
8.595144812657779e-06
8.595144826815847e-06
8.595144955272556e-06
8.595144791339635e-06
8.595144804887063e-06
8.595144959098183e-06
8.595144534129756e-06
8.595144928194566e-06
8.59514472709681e-06
8.595144397376255e-06
8.595144948406359e-06
8.595145177884938e-06
8.5951449123188e-06
8.483641595997298e-06
8.483641595997298e-06
8.483641435958488e-06
8.483641630904498e-06
8.483641558491387e-06
8.483641578022935e-06
8.483641593346356e-06
8.483641495357966e-06
8.483641407570963e-06
8.483641464166073e-06
8.483641511060276e-06
8.483641556176035e-06
8.483641441103973e-06
8.483641499199559e-06
8.483641695033973e-06
8.483641103920507e-06
8.48364170832986e-06
8.483641358980539e-06
8.483640858701543e-06
8.483641580839264e-06
8.483641738327353e-06
8.483641590477438e-06
8.311924143369247e-06
8.311924143369247e-06
8.311923985680115e-06
8.311924139559267e-06
8.311924106765667e-06
8.311924120452559e-06
8.311924137126884e-06
8.31192403795515e-06
8.311923967822004e-06
8.3119239685512e-06
8.311924077082346e-06
8.311923964147111e-06
8.31192397666874e-06
8.311924057349482e-06
8.311924337052385e-06
8.311923648294666e-06
8.311924342012304e-06
8.311923893626431e-06
8.311923348600716e-06
8.311924069705897e-06
8.311924129202147e-06
8.31192412503012e-06
8.164544219932533e-06
8.164544219932533e-06
8.16454407517854e-06
8.164544197770579e-06
8.1645441859148e-06
8.164544200293564e-06
8.164544205459178e-06
8.16454413636863e-06
8.16454409461114e-06
8.164544030877917e-06
8.164544203904832e-06
8.164543924463457e-06
8.164544104203508e-06
8.164544150601653e-06
8.164544523239753e-06
8.164543935695105e-06
8.164544433001903e-06
8.164544051145337e-06
8.164543720481606e-06
8.164544135024074e-06
8.164544127387992e-06
8.164544200011873e-06
8.111639505303944e-06
8.111639505303944e-06
8.111639373384514e-06
8.111639493254951e-06
8.111639473511618e-06
8.11163949331516e-06
8.11163948448544e-06
8.111639450196103e-06
8.111639426409537e-06
8.111639334432032e-06
8.11163953107683e-06
8.11163918971433e-06
8.111639456477733e-06
8.111639446224345e-06
8.11163985680877e-06
8.11163946129806e-06
8.11163966593287e-06
8.11163943796734e-06
8.111639384724366e-06
8.111639454239245e-06
8.11163944884214e-06
8.111639493792626e-06
8.104368913723392e-06
8.104368913723392e-06
8.104368786093693e-06
8.104368912617039e-06
8.10436888259162e-06
8.104368905421104e-06
8.104368891454124e-06
8.104368869649874e-06
8.104368848921501e-06
8.10436875751775e-06
8.10436895074016e-06
8.104368617529772e-06
8.104368890934264e-06
8.10436885624905e-06
8.104369264196773e-06
8.104368955711373e-06
8.104369039301734e-06
8.104368884869737e-06
8.104368938741164e-06
8.104368885737817e-06
8.104368899694777e-06
8.104368907619656e-06
8.102660510472966e-06
8.102660510472966e-06
8.102660383774679e-06
8.102660513261617e-06
8.102660479477618e-06
8.102660503140928e-06
8.102660488257797e-06
8.102660468736346e-06
8.10266044778741e-06
8.102660359128809e-06
8.10266054865149e-06
8.102660224625455e-06
8.102660493202366e-06
8.1026604528069e-06
8.102660856045134e-06
8.102660568974979e-06
8.102660625306214e-06
8.102660489532863e-06
8.102660565859371e-06
8.102660489544555e-06
8.102660511724318e-06
8.102660505978762e-06
8.098218197780598e-06
8.098218197780598e-06
8.098218072919105e-06
8.098218206996664e-06
8.098218167092825e-06
8.098218192029078e-06
8.098218176157575e-06
8.098218159470806e-06
8.098218137831579e-06
8.098218054476994e-06
8.098218236839227e-06
8.098217930266314e-06
8.098218188560617e-06
8.098218139594103e-06
8.098218533386466e-06
8.098218279497248e-06
8.098218295309244e-06
8.098218188223336e-06
8.098218297046026e-06
8.098218188009844e-06
8.098218224042057e-06
8.098218195810374e-06
8.087164049127392e-06
8.087164049127392e-06
8.08716392824605e-06
8.08716406806224e-06
8.087164019193102e-06
8.08716404593242e-06
8.087164029395903e-06
8.08716401586694e-06
8.087163993148543e-06
8.087163918265875e-06
8.087164088545332e-06
8.08716381052419e-06
8.087164051649216e-06
8.087163990095662e-06
8.08716436750469e-06
8.087164164142176e-06
8.087164120522711e-06
8.087164055988853e-06
8.087164211750716e-06
8.087164055655568e-06
8.087164112537627e-06
8.087164050820025e-06
8.057997686591919e-06
8.057997686591919e-06
8.057997575436327e-06
8.057997721383151e-06
8.057997658655029e-06
8.05799768805626e-06
8.057997672454158e-06
8.057997661476099e-06
8.057997637111925e-06
8.057997576829423e-06
8.057997724509814e-06
8.057997497722628e-06
8.057997707737535e-06
8.057997626149577e-06
8.057997971942097e-06
8.057997853450696e-06
8.057997715160609e-06
8.05799771908523e-06
8.057997948169982e-06
8.057997718403032e-06
8.05799780884212e-06
8.05799769390997e-06
7.988075615774524e-06
7.988075615774524e-06
7.988075526972802e-06
7.988075673877673e-06
7.988075592686474e-06
7.988075625314281e-06
7.988075616065347e-06
7.988075602466201e-06
7.988075576022315e-06
7.988075539037635e-06
7.988075646416459e-06
7.988075506271483e-06
7.988075663128881e-06
7.988075553210002e-06
7.988075840521489e-06
7.988075853256546e-06
7.988075580830879e-06
7.988075683315625e-06
7.98807601273978e-06
7.988075681554669e-06
7.98807582013862e-06
7.98807563050539e-06
7.840293293845336e-06
7.840293293845336e-06
7.840293251722137e-06
7.84029338018836e-06
7.840293281283293e-06
7.840293316148548e-06
7.84029332669309e-06
7.840293294456638e-06
7.840293266338095e-06
7.840293262009533e-06
7.840293303370248e-06
7.840293295674539e-06
7.840293370142796e-06
7.84029322860053e-06
7.84029341591018e-06
7.840293603420687e-06
7.840293180595254e-06
7.84029339749836e-06
7.840293830510498e-06
7.84029339301078e-06
7.84029358701955e-06
7.84029331547591e-06
7.611006481392546e-06
7.611006481392546e-06
7.61100651285644e-06
7.611006584105565e-06
7.611006485975492e-06
7.611006518164704e-06
7.611006568887194e-06
7.611006489177205e-06
7.611006462107136e-06
7.611006487229696e-06
7.611006449480269e-06
7.611006583866756e-06
7.611006567832016e-06
7.611006414335851e-06
7.61100647443873e-06
7.611006800880127e-06
7.611006319458837e-06
7.611006590952906e-06
7.6110070414710385e-06
7.611006581507597e-06
7.61100680079062e-06
7.611006502091363e-06
7.410652770164834e-06
7.410652770164834e-06
7.410652865751293e-06
7.410652855204126e-06
7.4106527903114634e-06
7.410652813118993e-06
7.410652909010718e-06
7.410652767465483e-06
7.410652745515355e-06
7.41065277130774e-06
7.410652692911529e-06
7.410652875501801e-06
7.410652825212694e-06
7.410652704268713e-06
7.410652688021948e-06
7.410652980666305e-06
7.4106526505649905e-06
7.4106528270282106e-06
7.410653127504576e-06
7.410652812519848e-06
7.410652983414746e-06
7.4106527766648004e-06
7.3385008877700136e-06
7.3385008877700136e-06
7.33850099663747e-06
7.338500939678627e-06
7.338500911713579e-06
7.338500926055343e-06
7.3385010406416136e-06
7.3385008674930545e-06
7.3385008505162255e-06
7.338500853390578e-06
7.338500792619173e-06
7.338500915583152e-06
7.338500899244332e-06
7.338500824642973e-06
7.338500824342225e-06
7.3385009672805745e-06
7.33850085503546e-06
7.338500880410046e-06
7.338500997470798e-06
7.3385008641777065e-06
7.338500960155277e-06
7.338500878994035e-06
7.330385965082489e-06
7.330385965082489e-06
7.3303860645303735e-06
7.330386002480439e-06
7.330385987069802e-06
7.330385998980912e-06
7.3303861123089965e-06
7.3303859374474505e-06
7.330385922030045e-06
7.330385911428639e-06
7.330385871670978e-06
7.33038594733948e-06
7.330385959710204e-06
7.3303859032540476e-06
7.3303859325143255e-06
7.330385997814581e-06
7.330385971324827e-06
7.330385934601818e-06
7.330385985505191e-06
7.3303859187345776e-06
7.330385984245359e-06
7.33038595125399e-06
7.330185071747844e-06
7.330185071747844e-06
7.330185167219985e-06
7.330185107096167e-06
7.3301850928272414e-06
7.330185104590792e-06
7.330185216050343e-06
7.330185043184405e-06
7.330185027926195e-06
7.330185014832241e-06
7.3301849802641335e-06
7.330185045798153e-06
7.330185064455508e-06
7.3301850101191184e-06
7.33018504736994e-06
7.3301850998803925e-06
7.330185083497554e-06
7.330185038966636e-06
7.3301850832539565e-06
7.330185023360919e-06
7.330185085085961e-06
7.330185057515475e-06
7.32995558974739e-06
7.32995558974739e-06
7.329955682777389e-06
7.329955624091194e-06
7.329955610258914e-06
7.329955621946436e-06
7.329955732095898e-06
7.329955560829854e-06
7.329955545710084e-06
7.329955531296685e-06
7.329955499552168e-06
7.329955559820437e-06
7.3299555817097745e-06
7.329955528221728e-06
7.329955569938583e-06
7.329955616261887e-06
7.329955603949007e-06
7.329955556167217e-06
7.329955598135817e-06
7.329955540752829e-06
7.329955600890168e-06
7.329955575414233e-06
7.328802855259769e-06
7.328802855259769e-06
7.32880294251432e-06
7.3288028870759e-06
7.3288028744144186e-06
7.32880288575319e-06
7.328802992587746e-06
7.328802825694846e-06
7.328802811163993e-06
7.328802793551724e-06
7.3288027681679445e-06
7.328802816785256e-06
7.328802845637777e-06
7.328802793998142e-06
7.328802845896346e-06
7.3288028782664474e-06
7.328802874831387e-06
7.3288028200135115e-06
7.328802857105104e-06
7.3288028051287625e-06
7.32880286175106e-06
7.328802840756783e-06
7.325634702340308e-06
7.325634702340308e-06
7.325634780902399e-06
7.325634729837258e-06
7.3256347194235335e-06
7.325634729809542e-06
7.325634831202797e-06
7.32563467215823e-06
7.325634659142588e-06
7.325634636407337e-06
7.3256346200034e-06
7.325634652567662e-06
7.325634690544665e-06
7.325634641537103e-06
7.325634708048709e-06
7.325634720214313e-06
7.32563472942599e-06
7.325634664813564e-06
7.325634695139625e-06
7.325634650901603e-06
7.325634702434975e-06
7.325634687673424e-06
7.316545404755118e-06
7.316545404755118e-06
7.316545467988872e-06
7.3165454233275666e-06
7.316545418113649e-06
7.316545425751036e-06
7.316545516436768e-06
7.316545374354636e-06
7.316545365575072e-06
7.316545333016612e-06
7.316545331002661e-06
7.3165453388637475e-06
7.31654538961076e-06
7.316545344914302e-06
7.316545435466086e-06
7.316545413828539e-06
7.31654544376345e-06
7.316545363714368e-06
7.316545383376192e-06
7.316545351952926e-06
7.316545394943862e-06
7.3165453900137455e-06
7.294772942067027e-06
7.294772942067027e-06
7.294772981515424e-06
7.294772943814975e-06
7.294772949482639e-06
7.294772950427433e-06
7.294773021972775e-06
7.294772913300838e-06
7.294772914647374e-06
7.294772865049329e-06
7.294772882087595e-06
7.294772859790611e-06
7.294772922819516e-06
7.294772884069985e-06
7.294773008003493e-06
7.2947729380326945e-06
7.294772996575297e-06
7.294772896716068e-06
7.294772902676892e-06
7.294772889280299e-06
7.294772919982635e-06
7.294772927695242e-06
7.251374181626694e-06
7.251374181626694e-06
7.25137419036541e-06
7.251374155294075e-06
7.251374181020704e-06
7.251374168139592e-06
7.251374209576497e-06
7.251374159185745e-06
7.251374181195312e-06
7.251374105759395e-06
7.251374140396455e-06
7.251374096623389e-06
7.251374159415829e-06
7.251374126758852e-06
7.251374285412244e-06
7.251374161837089e-06
7.251374249738263e-06
7.251374133150192e-06
7.251374127499073e-06
7.251374133412412e-06
7.2513741503108105e-06
7.251374168768527e-06
7.194145169371218e-06
7.194145169371218e-06
7.194145157452037e-06
7.194145111942492e-06
7.194145162700043e-06
7.1941451305652245e-06
7.194145141384782e-06
7.194145159279486e-06
7.194145209758032e-06
7.194145109575034e-06
7.194145142610723e-06
7.194145117919472e-06
7.194145149649396e-06
7.1941451180461005e-06
7.194145283960717e-06
7.194145141227118e-06
7.194145234326717e-06
7.194145123476687e-06
7.1941451216844475e-06
7.194145132976531e-06
7.194145144545366e-06
7.194145159522126e-06
7.155812933499273e-06
7.155812933499273e-06
7.155812929535297e-06
7.155812863457925e-06
7.155812927815925e-06
7.155812883049068e-06
7.155812884775877e-06
7.155812934959042e-06
7.155813003819754e-06
7.155812898331874e-06
7.155812904910715e-06
7.155812940415453e-06
7.155812921849532e-06
7.1558128837064005e-06
7.155813014395323e-06
7.155812913094228e-06
7.155812974875672e-06
7.155812896048385e-06
7.1558129162813005e-06
7.155812910171826e-06
7.155812931757486e-06
7.155812926503367e-06
7.1456182574026704e-06
7.1456182574026704e-06
7.14561827143427e-06
7.1456181930183536e-06
7.145618255828144e-06
7.145618210362979e-06
7.145618220547405e-06
7.145618262323367e-06
7.14561833196166e-06
7.145618235104788e-06
7.145618219476971e-06
7.145618297246862e-06
7.145618251458818e-06
7.145618207049285e-06
7.145618303130022e-06
7.145618248219873e-06
7.145618279908897e-06
7.145618225932382e-06
7.1456182633037415e-06
7.145618239145993e-06
7.145618272310593e-06
7.1456182512851935e-06
7.144664780270404e-06
7.144664780270404e-06
7.144664801043112e-06
7.144664720487998e-06
7.144664780371279e-06
7.144664736672203e-06
7.14466475211927e-06
7.144664784846768e-06
7.1446648518116575e-06
7.144664759691082e-06
7.14466473847421e-06
7.1446648252734995e-06
7.144664775555536e-06
7.144664729415621e-06
7.144664815786087e-06
7.144664774838877e-06
7.144664798201591e-06
7.1446647500916335e-06
7.144664791517663e-06
7.144664762146555e-06
7.144664798836797e-06
7.1446647740802766e-06
7.14455227552689e-06
7.14455227552689e-06
7.144552297626463e-06
7.1445522169870005e-06
7.144552275976181e-06
7.144552232903643e-06
7.144552249654336e-06
7.144552279819706e-06
7.144552345854709e-06
7.144552254876013e-06
7.144552232924401e-06
7.14455232059801e-06
7.144552270934679e-06
7.14455222453517e-06
7.144552309412207e-06
7.144552270776904e-06
7.144552292884558e-06
7.144552245478479e-06
7.144552287391658e-06
7.144552257203791e-06
7.14455229446927e-06
7.144552269271918e-06
7.144183680823752e-06
7.144183680823752e-06
7.144183705530018e-06
7.144183624866249e-06
7.144183681965854e-06
7.144183640252812e-06
7.14418365962869e-06
7.144183684488753e-06
7.144183748522582e-06
7.144183659892465e-06
7.14418363663643e-06
7.144183725707118e-06
7.144183676434092e-06
7.144183629550554e-06
7.1441837115993055e-06
7.144183677402392e-06
7.1441836971584136e-06
7.144183650993679e-06
7.144183693762747e-06
7.144183662056575e-06
7.144183700376693e-06
7.144183674431704e-06
7.143262119153146e-06
7.143262119153146e-06
7.143262147510047e-06
7.143262066916863e-06
7.143262121272606e-06
7.143262081580781e-06
7.143262104589249e-06
7.143262121924398e-06
7.143262183017488e-06
7.143262097786976e-06
7.143262072779836e-06
7.143262163680644e-06
7.1432621150409335e-06
7.143262067483609e-06
7.143262145517714e-06
7.143262117610517e-06
7.143262134068716e-06
7.14326208962798e-06
7.14326213357635e-06
7.143262099804848e-06
7.143262139497731e-06
7.1432621125839865e-06
7.140623048440815e-06
7.140623048440815e-06
7.140623082883472e-06
7.140623002638043e-06
7.14062305220589e-06
7.140623016157057e-06
7.140623045057755e-06
7.140623049717586e-06
7.14062310559795e-06
7.140623026301468e-06
7.140622998521732e-06
7.140623092276267e-06
7.14062304479354e-06
7.140622996110826e-06
7.140623067237708e-06
7.140623050088444e-06
7.140623060974088e-06
7.140623019441722e-06
7.1406230653541e-06
7.140623028271477e-06
7.1406230699881635e-06
7.140623041625051e-06
7.133744494751529e-06
7.133744494751529e-06
7.133744538448004e-06
7.133744459320556e-06
7.13374450106079e-06
7.133744471256039e-06
7.133744508681113e-06
7.133744493751126e-06
7.133744540908648e-06
7.133744471324433e-06
7.1337444396989055e-06
7.1337445373086004e-06
7.1337444918215505e-06
7.13374444141926e-06
7.133744501469147e-06
7.133744501404322e-06
7.133744503608067e-06
7.1337444666029334e-06
7.133744515507137e-06
7.13374447372667e-06
7.133744517834271e-06
7.1337444876893934e-06
7.116023095167901e-06
7.116023095167901e-06
7.116023152513666e-06
7.116023076603984e-06
7.116023105341416e-06
7.116023086623758e-06
7.116023135460044e-06
7.1160230907976025e-06
7.116023122967747e-06
7.1160230695453095e-06
7.1160230332317975e-06
7.1160231352429366e-06
7.116023093324273e-06
7.116023040362828e-06
7.116023082540514e-06
7.116023109614738e-06
7.116023098454306e-06
7.11602306840946e-06
7.116023121743054e-06
7.116023073930484e-06
7.116023119735027e-06
7.1160230880856545e-06
7.0738304974954e-06
7.0738304974954e-06
7.073830571963338e-06
7.073830504293533e-06
7.073830512815478e-06
7.0738305130351264e-06
7.0738305730714445e-06
7.0738304888684514e-06
7.073830496554476e-06
7.073830468325966e-06
7.073830428769465e-06
7.073830532859924e-06
7.07383049709064e-06
7.07383044085785e-06
7.073830456505798e-06
7.073830522821873e-06
7.073830493400265e-06
7.073830472844614e-06
7.073830531779087e-06
7.073830478803524e-06
7.073830521834101e-06
7.073830491307915e-06
6.987504407192471e-06
6.987504407192471e-06
6.987504494623573e-06
6.987504444926312e-06
6.987504427243876e-06
6.987504455840448e-06
6.987504515662552e-06
6.987504395260719e-06
6.98750436854405e-06
6.987504373124782e-06
6.987504338476146e-06
6.987504434532744e-06
6.9875044080895885e-06
6.987504349209545e-06
6.987504333297281e-06
6.987504443833912e-06
6.987504396408014e-06
6.987504385152996e-06
6.987504448452217e-06
6.9875043982780255e-06
6.98750442552262e-06
6.987504404250497e-06
6.8614614148491e-06
6.8614614148491e-06
6.8614614923670075e-06
6.8614614708653006e-06
6.861461434266293e-06
6.861461491340825e-06
6.861461520255266e-06
6.861461405151266e-06
6.8614613480371e-06
6.861461376618183e-06
6.861461364533063e-06
6.861461432392601e-06
6.86146141551028e-06
6.8614613580454595e-06
6.861461325256245e-06
6.8614614538388516e-06
6.861461405245985e-06
6.861461394442854e-06
6.861461454848414e-06
6.861461426515339e-06
6.861461416917129e-06
6.8614614186039e-06
6.762995899922615e-06
6.762995899922615e-06
6.762995938410104e-06
6.762995940035772e-06
6.762995910589814e-06
6.762995974637499e-06
6.7629959469752295e-06
6.76299589963457e-06
6.762995841667627e-06
6.762995861873894e-06
6.762995883478533e-06
6.762995912281953e-06
6.762995898063116e-06
6.762995847447141e-06
6.762995834149844e-06
6.762995925105316e-06
6.762995903214306e-06
6.762995878339984e-06
6.762995926421609e-06
6.762995933823605e-06
6.762995881669662e-06
6.762995910809772e-06
6.733893380641756e-06
6.733893380641756e-06
6.733893386357325e-06
6.733893392249146e-06
6.733893382883765e-06
6.733893434654356e-06
6.7338933707181504e-06
6.733893388360224e-06
6.7338933501668755e-06
6.733893345604111e-06
6.733893385986806e-06
6.733893394404814e-06
6.7338933763914365e-06
6.733893331746703e-06
6.733893349633177e-06
6.733893390256617e-06
6.733893396181645e-06
6.7338933567602325e-06
6.733893394333154e-06
6.733893423073796e-06
6.7338933528627815e-06
6.7338933942008895e-06
6.732368723060525e-06
6.732368723060525e-06
6.732368720391048e-06
6.732368723475032e-06
6.7323687228692e-06
6.7323687668296735e-06
6.732368696507652e-06
6.7323687328542825e-06
6.732368704994841e-06
6.732368689529436e-06
6.73236873226802e-06
6.7323687386641475e-06
6.732368718128057e-06
6.732368675068452e-06
6.7323687047464386e-06
6.732368727669349e-06
6.732368742099532e-06
6.732368698253907e-06
6.732368733096201e-06
6.732368765065134e-06
6.732368694784633e-06
6.732368736449319e-06
6.732703105431153e-06
6.732703105431153e-06
6.732703102477514e-06
6.732703104554324e-06
6.7327031050922144e-06
6.732703147692715e-06
6.732703077837308e-06
6.73270311530098e-06
6.732703089027605e-06
6.732703072124009e-06
6.7327031143679875e-06
6.732703121443614e-06
6.732703100459248e-06
6.732703057467416e-06
6.732703088436517e-06
6.732703109631056e-06
6.73270312467377e-06
6.732703080514936e-06
6.732703115254364e-06
6.7327031468093655e-06
6.732703077593359e-06
6.732703118613861e-06
6.732838980578903e-06
6.732838980578903e-06
6.732838977664635e-06
6.732838979276278e-06
6.732838980216914e-06
6.732839022274993e-06
6.732838952816191e-06
6.732838990441334e-06
6.732838964770729e-06
6.732838947356445e-06
6.732838989285637e-06
6.732838996764489e-06
6.732838975601918e-06
6.732838932610925e-06
6.732838963991897e-06
6.732838984676786e-06
6.732838999849091e-06
6.732838955626822e-06
6.732838990372868e-06
6.732839021636242e-06
6.732838952983686e-06
6.732838993656582e-06
6.733064621674814e-06
6.733064621674814e-06
6.7330646188981905e-06
6.733064619294362e-06
6.733064621260701e-06
6.733064661901713e-06
6.733064593546814e-06
6.7330646315065715e-06
6.733064607395958e-06
6.7330645886735714e-06
6.733064629753621e-06
6.733064638309489e-06
6.733064616688093e-06
6.7330645736964255e-06
6.733064606114663e-06
6.733064625523668e-06
6.733064641001178e-06
6.733064596634949e-06
6.733064631406522e-06
6.733064661879927e-06
6.7330645947274176e-06
6.733064634473088e-06
6.733057993001684e-06
6.733057993001684e-06
6.733057990411574e-06
6.733057989150415e-06
6.733057992513403e-06
6.733058031178402e-06
6.733057964405133e-06
6.733058002785408e-06
6.733057980831563e-06
6.733057960311937e-06
6.733058000212028e-06
6.7330580102489e-06
6.733057988003914e-06
6.733057945020029e-06
6.73305797885048e-06
6.733057996510033e-06
6.733058012399535e-06
6.733057967849532e-06
6.733058002648361e-06
6.73305803202661e-06
6.733057966952165e-06
6.733058005411705e-06
6.732185048056012e-06
6.732185048056012e-06
6.732185045764796e-06
6.732185041691712e-06
6.732185047429548e-06
6.7321850826138376e-06
6.732185018719717e-06
6.732185057744606e-06
6.732185039542825e-06
6.732185015923473e-06
6.732185053767775e-06
6.732185066344274e-06
6.732185043044529e-06
6.7321850001003475e-06
6.7321850363364254e-06
6.73218505097675e-06
6.732185067566348e-06
6.732185022732537e-06
6.732185057552239e-06
6.732185085031113e-06
6.732185023566599e-06
6.732185059788041e-06
6.728612588043212e-06
6.728612588043212e-06
6.728612586160485e-06
6.7286125777921304e-06
6.72861258717288e-06
6.7286126167042565e-06
6.728612557716988e-06
6.728612597551339e-06
6.728612585325079e-06
6.7286125568370215e-06
6.7286125914015706e-06
6.728612607926404e-06
6.728612583023733e-06
6.72861254020987e-06
6.72861258014812e-06
6.728612590039327e-06
6.728612607703323e-06
6.72861256250797e-06
6.728612597292576e-06
6.728612621763449e-06
6.728612566032247e-06
6.728612598689348e-06
6.71718379482865e-06
6.71718379482865e-06
6.7171837934398776e-06
6.717183778511795e-06
6.717183793497498e-06
6.7171838134918e-06
6.717183763366539e-06
6.71718380396671e-06
6.717183801523319e-06
6.7171837652394995e-06
6.717183794420188e-06
6.717183817160347e-06
6.717183789831764e-06
6.717183747404374e-06
6.717183793070963e-06
6.717183795339765e-06
6.717183814658306e-06
6.717183769104296e-06
6.717183803655006e-06
6.717183823245375e-06
6.717183776859148e-06
6.717183803681292e-06
6.685288007467253e-06
6.685288007467253e-06
6.685288006414013e-06
6.68528798236033e-06
6.68528800525572e-06
6.685288009535208e-06
6.685287975442657e-06
6.685288015834821e-06
6.6852880287797865e-06
6.685287980675446e-06
6.685288001351062e-06
6.6852880332396835e-06
6.685288002596038e-06
6.685287961213816e-06
6.685288015050947e-06
6.685288005715081e-06
6.685288027372588e-06
6.6852879818433955e-06
6.685288015580571e-06
6.685288027605295e-06
6.685287995814174e-06
6.685288013459066e-06
6.605103830727979e-06
6.605103830727979e-06
6.605103829066955e-06
6.605103794761042e-06
6.605103826857147e-06
6.605103806626816e-06
6.60510380092213e-06
6.605103837513809e-06
6.605103872729568e-06
6.605103808613297e-06
6.605103816889918e-06
6.605103860462482e-06
6.605103826261964e-06
6.605103787475595e-06
6.605103851056329e-06
6.605103825880072e-06
6.605103850269599e-06
6.605103806235518e-06
6.605103837691294e-06
6.605103839042418e-06
6.605103828115453e-06
6.605103832481159e-06
6.43526180845836e-06
6.43526180845836e-06
6.435261803509367e-06
6.435261764945966e-06
6.435261801832452e-06
6.4352617502935e-06
6.4352617883609605e-06
6.435261812379711e-06
6.4352618722028845e-06
6.435261793015807e-06
6.435261787376851e-06
6.435261840135625e-06
6.4352618049743886e-06
6.435261771648345e-06
6.435261841014864e-06
6.4352618006201776e-06
6.4352618264656575e-06
6.435261787575259e-06
6.4352618138684446e-06
6.435261804085679e-06
6.435261815593484e-06
6.43526180529278e-06
6.176243853218978e-06
6.176243853218978e-06
6.176243840865774e-06
6.176243817506095e-06
6.176243843401007e-06
6.176243770394407e-06
6.176243853873904e-06
6.1762438534458044e-06
6.17624392226576e-06
6.176243843782081e-06
6.1762438325438045e-06
6.1762438798342934e-06
6.176243851360815e-06
6.176243826176063e-06
6.17624388585238e-06
6.176243845307408e-06
6.176243867980689e-06
6.176243839248434e-06
6.176243857391308e-06
6.176243845101174e-06
6.176243863346042e-06
6.176243847696869e-06
5.962138886189159e-06
5.962138886189159e-06
5.962138865760037e-06
5.962138875648072e-06
5.9621388749142935e-06
5.962138811455365e-06
5.962138908732877e-06
5.962138884238933e-06
5.962138931669961e-06
5.9621388772402325e-06
5.962138877194823e-06
5.962138900939539e-06
5.962138885710766e-06
5.962138866613399e-06
5.962138900447989e-06
5.962138882674795e-06
5.96213889755149e-06
5.962138878941694e-06
5.962138890530557e-06
5.9621388906734195e-06
5.962138886835745e-06
5.962138883958131e-06
5.897546674930068e-06
5.897546674930068e-06
5.897546651376582e-06
5.8975466836545234e-06
5.897546664249059e-06
5.897546623327237e-06
5.897546705516374e-06
5.897546673196591e-06
5.897546694515538e-06
5.897546662704884e-06
5.897546676878664e-06
5.897546681463065e-06
5.897546674760796e-06
5.897546656423041e-06
5.8975466715283015e-06
5.897546675676401e-06
5.897546685057317e-06
5.8975466698176626e-06
5.8975466802051935e-06
5.89754669382819e-06
5.897546664624337e-06
5.8975466773226015e-06
5.8973913060589155e-06
5.8973913060589155e-06
5.89739128256879e-06
5.897391319195657e-06
5.897391295949351e-06
5.89739126406875e-06
5.89739133626844e-06
5.897391304854721e-06
5.897391317711505e-06
5.897391292154248e-06
5.897391311023367e-06
5.897391310929419e-06
5.897391305770413e-06
5.897391286614054e-06
5.897391297696384e-06
5.897391308009114e-06
5.897391316251024e-06
5.8973913006692906e-06
5.897391311752634e-06
5.897391329471694e-06
5.897391292303981e-06
5.897391310045945e-06
5.899434693533161e-06
5.899434693533161e-06
5.8994346702254e-06
5.899434706724512e-06
5.899434683532131e-06
5.899434652666466e-06
5.899434723221844e-06
5.899434692447183e-06
5.8994347046213845e-06
5.899434679392199e-06
5.899434698653009e-06
5.899434698433685e-06
5.899434693199261e-06
5.899434673802651e-06
5.8994346848965e-06
5.89943469555134e-06
5.8994347038066075e-06
5.899434687962612e-06
5.899434699279574e-06
5.89943471728291e-06
5.899434679517509e-06
5.899434697663987e-06
5.899937527688852e-06
5.899937527688852e-06
5.899937504431032e-06
5.89993754082361e-06
5.89993751770879e-06
5.899937486977797e-06
5.899937557239369e-06
5.899937526627078e-06
5.899937538749227e-06
5.899937513510497e-06
5.899937532802078e-06
5.899937532624128e-06
5.89993752734465e-06
5.899937507895751e-06
5.8999375190573275e-06
5.899937529706319e-06
5.899937537983321e-06
5.899937522073602e-06
5.899937533442904e-06
5.899937551457038e-06
5.899937513658033e-06
5.899937531832927e-06
5.901698933812948e-06
5.901698933812948e-06
5.901698910744229e-06
5.901698946720895e-06
5.901698923910495e-06
5.9016988936566156e-06
5.901698962846777e-06
5.901698932840485e-06
5.901698944793134e-06
5.901698919503681e-06
5.901698938888304e-06
5.90169893888124e-06
5.901698933432164e-06
5.90169891379453e-06
5.901698925219339e-06
5.901698935823887e-06
5.901698944183786e-06
5.901698928035414e-06
5.9016989395935476e-06
5.901698957628024e-06
5.901698919741573e-06
5.901698937998219e-06
5.903732590301493e-06
5.903732590301493e-06
5.9037325674834966e-06
5.903732602912392e-06
5.903732580501761e-06
5.903732550869314e-06
5.9037326186634126e-06
5.9037325894455676e-06
5.903732601176111e-06
5.903732575830938e-06
5.903732595319207e-06
5.903732595537175e-06
5.903732589876782e-06
5.903732570004357e-06
5.903732581764243e-06
5.903732592303608e-06
5.903732600766641e-06
5.9037325843227885e-06
5.9037325961147475e-06
5.9037326141590235e-06
5.903732576189676e-06
5.903732594532399e-06
5.90682632819766e-06
5.90682632819766e-06
5.9068263058591565e-06
5.906826340254626e-06
5.906826318594462e-06
5.9068262901302646e-06
5.906826355309153e-06
5.9068263275603456e-06
5.906826338864505e-06
5.906826313449746e-06
5.906826333088691e-06
5.906826333728139e-06
5.906826327701096e-06
5.906826307419872e-06
5.9068263197795365e-06
5.906826330183814e-06
5.906826338824951e-06
5.906826321871224e-06
5.906826334067138e-06
5.906826352088802e-06
5.90682631404067e-06
5.906826332493671e-06
5.910238712452203e-06
5.910238712452203e-06
5.9102386909334e-06
5.910238723596792e-06
5.910238703185287e-06
5.910238676670949e-06
5.9102387375086196e-06
5.910238712178441e-06
5.910238722748802e-06
5.910238697303891e-06
5.91023871708794e-06
5.910238718426062e-06
5.910238711861673e-06
5.9102386909772305e-06
5.910238704263999e-06
5.910238714413336e-06
5.910238723313024e-06
5.9102387056193495e-06
5.910238718403057e-06
5.910238736288167e-06
5.910238698293962e-06
5.910238716806943e-06
5.9121659387327e-06
5.9121659387327e-06
5.912165918723307e-06
5.912165948278357e-06
5.912165930085726e-06
5.912165907051301e-06
5.912165960199134e-06
5.91216593910459e-06
5.912165948311758e-06
5.912165923021172e-06
5.912165942806899e-06
5.912165945380112e-06
5.9121659380373455e-06
5.912165916267772e-06
5.912165931029931e-06
5.9121659406531365e-06
5.912165949920672e-06
5.912165931175102e-06
5.912165944798541e-06
5.91216596220119e-06
5.912165924751654e-06
5.912165943071545e-06
5.906321249999698e-06
5.906321249999698e-06
5.906321232717405e-06
5.906321256836531e-06
5.906321242474329e-06
5.906321225481624e-06
5.906321265410143e-06
5.906321251485085e-06
5.906321258203093e-06
5.9063212336555145e-06
5.906321252856868e-06
5.906321257547552e-06
5.90632124926573e-06
5.906321226396173e-06
5.906321243310982e-06
5.906321251858531e-06
5.906321261551004e-06
5.90632124159228e-06
5.906321256196217e-06
5.906321272215934e-06
5.906321236735549e-06
5.906321254035336e-06
5.878268558466751e-06
5.878268558466751e-06
5.878268545823103e-06
5.878268561065739e-06
5.878268552852369e-06
5.8782685456321464e-06
5.878268564459779e-06
5.87826856173748e-06
5.878268564167738e-06
5.87826854183703e-06
5.878268558838441e-06
5.878268566896642e-06
5.878268557976753e-06
5.8782685342613254e-06
5.878268553784323e-06
5.878268560245283e-06
5.878268570168719e-06
5.878268549557624e-06
5.878268564727322e-06
5.8782685773453116e-06
5.8782685472368106e-06
5.878268561423144e-06
5.809307377823256e-06
5.809307377823256e-06
5.809307371387136e-06
5.809307375423819e-06
5.809307374772021e-06
5.809307379712211e-06
5.809307372821871e-06
5.809307383285433e-06
5.809307379879495e-06
5.809307362250914e-06
5.809307374112341e-06
5.809307386250788e-06
5.809307378223602e-06
5.809307355242712e-06
5.8093073763382635e-06
5.809307379538864e-06
5.809307388875649e-06
5.80930736996119e-06
5.8093073838813545e-06
5.8093073900361365e-06
5.809307370799263e-06
5.809307378309312e-06
5.708870360628005e-06
5.708870360628005e-06
5.708870358565784e-06
5.7088703557488345e-06
5.708870359391817e-06
5.708870371479113e-06
5.708870350370903e-06
5.708870367327827e-06
5.708870359657571e-06
5.708870348030283e-06
5.708870352868561e-06
5.708870367221746e-06
5.7088703625290106e-06
5.7088703429568074e-06
5.708870362189753e-06
5.708870362368323e-06
5.708870369904304e-06
5.708870356165448e-06
5.708870366097114e-06
5.708870364737752e-06
5.7088703588656346e-06
5.708870357784058e-06
5.636455810109035e-06
5.636455810109035e-06
5.63645580753349e-06
5.636455807019397e-06
5.63645580867279e-06
5.636455817877927e-06
5.636455804050504e-06
5.6364558162230365e-06
5.636455808834579e-06
5.63645580036805e-06
5.636455801139841e-06
5.6364558142837825e-06
5.636455813089621e-06
5.636455797274366e-06
5.6364558124546385e-06
5.636455811945689e-06
5.636455817698152e-06
5.6364558090746645e-06
5.63645581500552e-06
5.636455810271968e-06
5.636455811033476e-06
5.6364558053706885e-06
5.617252184591674e-06
5.617252184591674e-06
5.617252180100567e-06
5.617252183612177e-06
5.617252182369386e-06
5.617252187047862e-06
5.6172521832827145e-06
5.61725218986252e-06
5.61725218419226e-06
5.617252175738769e-06
5.617252176244127e-06
5.617252187769325e-06
5.6172521877731495e-06
5.617252173305905e-06
5.617252186382951e-06
5.617252186485313e-06
5.617252191663169e-06
5.617252184683892e-06
5.61725218930753e-06
5.617252184956328e-06
5.617252185469858e-06
5.617252179750053e-06
5.617009234159894e-06
5.617009234159894e-06
5.617009229068458e-06
5.617009233716147e-06
5.617009231690176e-06
5.6170092351212285e-06
5.61700923403937e-06
5.617009239203382e-06
5.617009234089897e-06
5.617009225316804e-06
5.617009226148233e-06
5.617009237245657e-06
5.617009237299136e-06
5.617009222906219e-06
5.617009235681852e-06
5.617009236063086e-06
5.617009241227934e-06
5.617009234284614e-06
5.617009238872889e-06
5.617009234997912e-06
5.6170092347468425e-06
5.6170092294772905e-06
5.617415830146218e-06
5.617415830146218e-06
5.617415825003963e-06
5.6174158297370605e-06
5.617415827655469e-06
5.617415830995609e-06
5.6174158301005155e-06
5.617415835173631e-06
5.617415830108896e-06
5.617415821280847e-06
5.617415822175187e-06
5.617415833243237e-06
5.617415833272816e-06
5.617415818856223e-06
5.617415831637142e-06
5.617415832049495e-06
5.617415837227656e-06
5.617415830246053e-06
5.617415834863597e-06
5.617415831059704e-06
5.617415830684664e-06
5.61741582549361e-06
     fun: 5.939148709490164e-06
     jac: array([ 1.72606747e-08, -1.54197437e-08,  2.47098342e-10, -4.35492780e-08,
       -2.67953624e-08,  3.63385709e-07, -1.10105645e-07, -1.39037809e-07,
       -1.30609976e-07, -2.26998509e-09,  2.75204172e-07, -1.02691104e-07,
        2.32305410e-08, -7.11406756e-08,  4.85368901e-09,  3.57489682e-07,
       -9.13766485e-08,  7.11020789e-08,  2.70017608e-09, -2.92233437e-07])
 message: 'Optimization terminated successfully.'
    nfev: 2552
     nit: 116
    njev: 116
  status: 0
 success: True
       x: array([ 0.55557678, -0.50711984, -0.45228979, -0.42496991,  0.25050142,
       -0.05511356,  0.10067505,  0.11987916,  0.60709398,  0.01281187,
       -0.41615356,  0.0534094 , -0.52379625,  0.1113177 ,  0.01060721,
       -0.2679095 ,  0.07069983, -0.36342488,  0.2448684 , -0.32496553])

========================================================

Final result:
0.5555767800729561
-0.5071198366401494
-0.4522897892905216
0.1346109486192383
0.1346109486192383
0.1346109486192383
-0.42496991113986843
0.25050141676564425
-0.055113558900103124
0.10067505066491961
0.11987916030963802
0.6070939764820746
0.012811865670212672
-0.41615355976529805
0.05340940037818104
-0.5237962525737252
0.11131769926001778
0.11131769926001778
0.11131769926001778
0.010607211672514164
0.010607211672514164
-0.2679095022387417
0.07069983432701016
0.07069983432701016
0.07069983432701016
-0.36342488237966164
0.24486839596828874
-0.3249655304237936
0.1399423023587069
0.1399423023587069
0.1399423023587069
