0.00016402706193127767
0.00016402706193127767
0.00016402702026278436
0.00016402704710658832
0.00016402704326618737
0.0001640270447280626
0.00016402704373168282
0.0001640270370288239
0.00016402702265587804
0.00016402704790966643
0.00016402703573572316
0.0001640270381590594
0.00016402703488877456
0.00016402704738452314
0.00016402705061080685
0.00016402705741154112
0.00016402706709347213
0.00016402706825739514
0.0001640270629079019
0.00013456727103426257
0.00013456727103426257
0.00013456724670369636
0.0001345672619212583
0.00013456725777826438
0.00013456725918619729
0.00013456725789098167
0.00013456725160645883
0.0001345672424244953
0.00013456726095143463
0.0001345672503445076
0.0001345672540215912
0.0001345672518646868
0.000134567260600276
0.00013456726301877295
0.00013456726776692236
0.0001345672764897736
0.00013456727766944482
0.00013456727207577452
0.00010425845924855165
0.00010425845924855165
0.00010425847474344009
0.00010425846327834389
0.00010425845853033189
0.00010425845980549251
0.00010425845787847761
0.00010425845256401735
0.00010425845550824728
0.00010425845834457909
0.00010425845140863677
0.00010425845799781483
0.00010425845844054683
0.00010425845841396471
0.00010425845895873745
0.00010425845890433606
0.00010425846532034305
0.0001042584665044464
0.00010425846042761971
0.0001020210156542073
0.0001020210156542073
0.00010202103227541246
0.00010202102007919024
0.00010202101540613263
0.00010202101666833611
0.00010202101477896888
0.00010202100950247736
0.00010202101299483903
0.00010202101514350389
0.00010202100838633868
0.00010202101508820413
0.0001020210156473593
0.00010202101524569071
0.0001020210157188482
0.00010202101543969617
0.00010202102168389458
0.00010202102283522564
0.00010202101682525693
9.051644941234618e-05
9.051644941234618e-05
9.051646482508322e-05
9.051645356990707e-05
9.051644943002598e-05
9.051645064412888e-05
9.051644908268056e-05
9.051644384152038e-05
9.05164481044437e-05
9.05164493672397e-05
9.051644292680335e-05
9.051644969704163e-05
9.051645041607179e-05
9.051644957131789e-05
9.051644999725227e-05
9.05164493703783e-05
9.051645508663538e-05
9.05164560516942e-05
9.051645051184786e-05
5.549156321180899e-05
5.549156321180899e-05
5.549156844822089e-05
5.549156459866586e-05
5.549156291570521e-05
5.549156392687728e-05
5.5491563898197425e-05
5.5491558731424274e-05
5.549156493807222e-05
5.549156413020652e-05
5.5491558716239074e-05
5.5491565371830394e-05
5.549156648797757e-05
5.5491564727026746e-05
5.54915651666444e-05
5.549156358139831e-05
5.549156720178211e-05
5.549156732117619e-05
5.549156397051374e-05
4.67788778452406e-05
4.67788778452406e-05
4.677887414273911e-05
4.67788767330287e-05
4.677887695234457e-05
4.677887780494522e-05
4.67788789533545e-05
4.6778873874402194e-05
4.677888113973917e-05
4.677887920850122e-05
4.677887456693124e-05
4.677888092422103e-05
4.677888225983777e-05
4.677888007238672e-05
4.677888057637561e-05
4.67788784300626e-05
4.677888048772931e-05
4.677887993655134e-05
4.677887833079913e-05
4.626737505818855e-05
4.626737505818855e-05
4.626737098604803e-05
4.626737383615444e-05
4.626737410861114e-05
4.62673749506169e-05
4.626737611546115e-05
4.626737109526126e-05
4.626737825954208e-05
4.6267376369255365e-05
4.626737182746256e-05
4.626737803709044e-05
4.6267379358542595e-05
4.626737721625036e-05
4.626737772873805e-05
4.6267375621469546e-05
4.626737762397672e-05
4.626737703271372e-05
4.626737552803325e-05
4.3638494716477404e-05
4.3638494716477404e-05
4.363849065018662e-05
4.36384934957356e-05
4.363849376490799e-05
4.3638494569899036e-05
4.363849563681929e-05
4.3638490946100625e-05
4.363849760507201e-05
4.363849583393907e-05
4.363849179309882e-05
4.363849728186968e-05
4.363849853773668e-05
4.3638496554936435e-05
4.363849707170888e-05
4.363849517989808e-05
4.363849707162679e-05
4.363849635966794e-05
4.3638495142929964e-05
3.488573721858386e-05
3.488573721858386e-05
3.488573479979528e-05
3.488573650117051e-05
3.4885736584033516e-05
3.4885737230578264e-05
3.488573773677428e-05
3.4885734567451776e-05
3.488573909242277e-05
3.488573761688289e-05
3.488573588246611e-05
3.488573816677565e-05
3.4885739161616994e-05
3.4885737751024526e-05
3.488573824120028e-05
3.488573727293987e-05
3.4885738736339376e-05
3.4885737528892595e-05
3.48857374724071e-05
3.145073315534745e-05
3.145073315534745e-05
3.145073315012108e-05
3.14507331793045e-05
3.145073300607154e-05
3.1450733477932056e-05
3.145073331981677e-05
3.145073186922074e-05
3.1450734078350934e-05
3.1450732821842636e-05
3.145073369494855e-05
3.145073241650269e-05
3.145073313670561e-05
3.1450732299122585e-05
3.1450732741713936e-05
3.1450732774325815e-05
3.145073376727144e-05
3.1450732018753256e-05
3.145073322245317e-05
3.142204172462152e-05
3.142204172462152e-05
3.1422041821575755e-05
3.14220417807839e-05
3.1422041600134895e-05
3.142204207246287e-05
3.142204190381315e-05
3.142204046547695e-05
3.142204267257248e-05
3.142204140221863e-05
3.142204229122629e-05
3.142204100471188e-05
3.14220417265404e-05
3.1422040880552536e-05
3.142204132067718e-05
3.1422041347468064e-05
3.142204233682088e-05
3.142204058849777e-05
3.1422041791812475e-05
3.1273968683082244e-05
3.1273968683082244e-05
3.127396888149782e-05
3.1273968771507524e-05
3.127396858499393e-05
3.1273969062480167e-05
3.1273968871695435e-05
3.127396745508569e-05
3.1273969631415704e-05
3.1273968377263994e-05
3.127396927788989e-05
3.1273968002099556e-05
3.1273968723244745e-05
3.127396787559687e-05
3.1273968317387153e-05
3.127396831819375e-05
3.1273969295490596e-05
3.127396755160846e-05
3.1273968750451565e-05
3.057056215032229e-05
3.057056215032229e-05
3.0570562443810425e-05
3.0570562269418213e-05
3.057056208098693e-05
3.0570562583854015e-05
3.057056230462916e-05
3.057056098169389e-05
3.057056293840993e-05
3.05705618665691e-05
3.0570562794754024e-05
3.057056156227281e-05
3.057056226434036e-05
3.057056146616098e-05
3.057056193079548e-05
3.057056182859023e-05
3.057056274814327e-05
3.057056102118038e-05
3.057056221533375e-05
2.7964326238513267e-05
2.7964326238513267e-05
2.796432657750796e-05
2.7964326374226095e-05
2.7964326202021102e-05
2.7964326822208696e-05
2.7964326152082835e-05
2.796432525212772e-05
2.7964326119218553e-05
2.796432599548974e-05
2.796432702415429e-05
2.7964325977716803e-05
2.7964326574545203e-05
2.7964326065008417e-05
2.7964326649349315e-05
2.7964326098339882e-05
2.7964326753877348e-05
2.796432510117287e-05
2.79643262895417e-05
2.600626172990008e-05
2.600626172990008e-05
2.6006261932720988e-05
2.60062618264738e-05
2.6006261698906674e-05
2.6006262535544422e-05
2.600626115331382e-05
2.600626103015672e-05
2.60062598426508e-05
2.600626152773059e-05
2.600626272660574e-05
2.6006262015004966e-05
2.6006262406434372e-05
2.6006262464820732e-05
2.60062632762874e-05
2.6006261914771048e-05
2.6006262086547616e-05
2.6006260571607248e-05
2.6006261753874853e-05
2.5954973493438546e-05
2.5954973493438546e-05
2.59549736497542e-05
2.5954973575547213e-05
2.5954973452552337e-05
2.595497429157206e-05
2.5954972902599726e-05
2.5954972789359946e-05
2.5954971568190703e-05
2.595497328528041e-05
2.5954974482987375e-05
2.5954973773250283e-05
2.5954974158571852e-05
2.5954974231836963e-05
2.595497504542224e-05
2.5954973680234922e-05
2.5954973848589703e-05
2.5954972338220464e-05
2.595497351728535e-05
2.5689833883234874e-05
2.5689833883234874e-05
2.5689833976517122e-05
2.5689833946837924e-05
2.56898338346346e-05
2.5689834671823832e-05
2.5689833286773053e-05
2.5689833179188705e-05
2.5689831950031402e-05
2.568983366860159e-05
2.5689834860976945e-05
2.568983414551019e-05
2.5689834519672005e-05
2.5689834606999835e-05
2.5689835410135577e-05
2.568983406691998e-05
2.5689834247576847e-05
2.5689832754298164e-05
2.5689833909566018e-05
2.442603970462851e-05
2.442603970462851e-05
2.4426039701644444e-05
2.4426039745284605e-05
2.442603967291235e-05
2.4426040497143534e-05
2.4426039134423474e-05
2.4426039047456596e-05
2.4426037855132087e-05
2.4426039491637584e-05
2.442604066961137e-05
2.4426039928449784e-05
2.4426040260109597e-05
2.4426040374286016e-05
2.442604111380374e-05
2.4426039877645842e-05
2.4426040124938826e-05
2.4426038716322147e-05
2.442603974532948e-05
1.9543601164288772e-05
1.9543601164288772e-05
1.954360093259205e-05
1.9543601168170013e-05
1.954360126869624e-05
1.9543602029952558e-05
1.9543600767470797e-05
1.9543600779055592e-05
1.9543599813838388e-05
1.9543600994733054e-05
1.9543602119206117e-05
1.9543601265156224e-05
1.9543601407877934e-05
1.9543601610862235e-05
1.9543602042213312e-05
1.9543601296390882e-05
1.9543601855281134e-05
1.954360084565622e-05
1.9543601274051814e-05
1.4888934762913814e-05
1.4888934762913814e-05
1.4888934155766827e-05
1.4888934729351027e-05
1.4888935215219662e-05
1.4888935828404055e-05
1.488893479562991e-05
1.488893503475745e-05
1.4888934623704095e-05
1.4888934716918555e-05
1.4888935726549187e-05
1.4888934621803131e-05
1.4888934337518186e-05
1.4888934721241675e-05
1.488893444012838e-05
1.4888934808288834e-05
1.4888936076496653e-05
1.4888935982323863e-05
1.4888935031372032e-05
1.4860096593079467e-05
1.4860096593079467e-05
1.486009601615185e-05
1.4860096568822922e-05
1.4860097051906964e-05
1.4860097661188867e-05
1.4860096633383724e-05
1.4860096872586518e-05
1.4860096471473628e-05
1.4860096552555129e-05
1.486009756152927e-05
1.4860096459960231e-05
1.486009617502736e-05
1.4860096555496698e-05
1.4860096270758164e-05
1.4860096639994423e-05
1.4860097906196749e-05
1.4860097814635748e-05
1.4860096861488387e-05
1.4716782870050522e-05
1.4716782870050522e-05
1.4716782335236113e-05
1.471678285627042e-05
1.4716783326138245e-05
1.471678391819047e-05
1.4716782916505441e-05
1.4716783149907626e-05
1.4716782766047495e-05
1.4716782836427619e-05
1.4716783835745203e-05
1.471678274995481e-05
1.4716782463173875e-05
1.471678284299562e-05
1.4716782555650634e-05
1.4716782920746498e-05
1.471678416660145e-05
1.4716784072716539e-05
1.4716783134802129e-05
1.4047266931453283e-05
1.4047266931453283e-05
1.4047266479758733e-05
1.404726692957272e-05
1.4047267341369257e-05
1.4047267849129303e-05
1.4047266980461188e-05
1.4047267182196584e-05
1.4047266856692998e-05
1.4047266911501864e-05
1.404726785475506e-05
1.4047266842336924e-05
1.4047266541437675e-05
1.4047266937634177e-05
1.4047266643201526e-05
1.4047266995070234e-05
1.4047268141041038e-05
1.4047268033340217e-05
1.404726717704459e-05
1.1730174956443956e-05
1.1730174956443956e-05
1.1730174759578764e-05
1.1730174968991303e-05
1.1730175122434484e-05
1.1730175244934484e-05
1.1730174989562533e-05
1.1730175043389534e-05
1.1730174958679361e-05
1.1730174978689019e-05
1.1730175656388865e-05
1.173017497546375e-05
1.1730174604649635e-05
1.1730175095444714e-05
1.1730174773713613e-05
1.1730175073325623e-05
1.1730175762901063e-05
1.1730175590472376e-05
1.1730175113265574e-05
1.054674543837624e-05
1.054674543837624e-05
1.054674553026041e-05
1.0546745451602778e-05
1.0546745255209457e-05
1.0546744851159984e-05
1.0546745436612397e-05
1.0546745286619297e-05
1.0546745518750856e-05
1.0546745508637527e-05
1.054674581814258e-05
1.0546745589314654e-05
1.0546745120636728e-05
1.0546745749711367e-05
1.0546745393033914e-05
1.054674562523353e-05
1.0546745690314159e-05
1.0546745428847779e-05
1.0546745473106009e-05
1.0542650710679142e-05
1.0542650710679142e-05
1.0542650790841367e-05
1.0542650720091543e-05
1.054265052407325e-05
1.0542650119773078e-05
1.0542650706213684e-05
1.0542650555629e-05
1.0542650785531597e-05
1.0542650779039334e-05
1.0542651086498075e-05
1.0542650858576724e-05
1.0542650389658154e-05
1.0542651020170315e-05
1.0542650663903868e-05
1.0542650896944279e-05
1.0542650960771787e-05
1.0542650699307587e-05
1.054265074499472e-05
1.0522355566641758e-05
1.0522355566641758e-05
1.0522355633276729e-05
1.0522355572163722e-05
1.0522355378295458e-05
1.0522354977253094e-05
1.0522355559417685e-05
1.0522355408784041e-05
1.0522355634683803e-05
1.0522355632796607e-05
1.0522355936508178e-05
1.0522355710948312e-05
1.0522355243790268e-05
1.0522355872684645e-05
1.0522355516842984e-05
1.0522355751535691e-05
1.0522355814168641e-05
1.0522355554100595e-05
1.0522355600330833e-05
1.0423667300214665e-05
1.0423667300214665e-05
1.0423667350409786e-05
1.0423667302641816e-05
1.042366711663381e-05
1.0423666731895608e-05
1.0423667290468475e-05
1.0423667140895436e-05
1.0423667357367428e-05
1.0423667363641498e-05
1.042366765244339e-05
1.0423667440262154e-05
1.0423666984130356e-05
1.0423667596838915e-05
1.0423667241068355e-05
1.0423667480622948e-05
1.0423667537225796e-05
1.0423667284770803e-05
1.0423667331259718e-05
9.997214730981588e-06
9.997214730981588e-06
9.997214754030081e-06
9.997214735128463e-06
9.997214584032705e-06
9.997214277880002e-06
9.997214720528134e-06
9.997214577359739e-06
9.997214759185417e-06
9.99721478968527e-06
9.997215010295076e-06
9.997214864425547e-06
9.997214463800806e-06
9.997214990132014e-06
9.997214632663724e-06
9.997214892154197e-06
9.99721491940466e-06
9.99721470434494e-06
9.997214749720564e-06
9.106577682890583e-06
9.106577682890583e-06
9.106577647665436e-06
9.106577711174045e-06
9.106577700680417e-06
9.106577717821084e-06
9.106577681266757e-06
9.106577565837954e-06
9.106577616196603e-06
9.106577730711262e-06
9.106577674592817e-06
9.106577803303295e-06
9.106577633604825e-06
9.10657779592515e-06
9.106577429681432e-06
9.10657776731528e-06
9.106577673539579e-06
9.106577613128811e-06
9.106577651445056e-06
9.092339819207137e-06
9.092339819207137e-06
9.092339788747615e-06
9.092339854604923e-06
9.092339861806118e-06
9.092339921176363e-06
9.092339821459814e-06
9.09233971005372e-06
9.092339745800583e-06
9.092339867485018e-06
9.092339776159762e-06
9.092339941033848e-06
9.092339802268804e-06
9.092339914936568e-06
9.09233954747161e-06
9.092339894093475e-06
9.092339784479499e-06
9.092339744556805e-06
9.092339781302585e-06
9.091598196709305e-06
9.091598196709305e-06
9.091598168999637e-06
9.091598233137146e-06
9.091598240677752e-06
9.091598301125248e-06
9.09159819964154e-06
9.091598088501788e-06
9.091598124415893e-06
9.091598245292702e-06
9.0915981533285e-06
9.091598319069534e-06
9.091598181433921e-06
9.091598292288826e-06
9.091597925126246e-06
9.091598271387555e-06
9.091598161398173e-06
9.091598122161879e-06
9.09159815865416e-06
9.087795135196202e-06
9.087795135196202e-06
9.087795111661715e-06
9.087795173018107e-06
9.08779518056285e-06
9.087795241082024e-06
9.087795139067649e-06
9.087795028586618e-06
9.087795065312879e-06
9.087795183724178e-06
9.087795092406715e-06
9.087795257531593e-06
9.087795121368052e-06
9.08779523077785e-06
9.087794865877995e-06
9.087795209575564e-06
9.08779509977805e-06
9.087795061346654e-06
9.087795097121439e-06
9.069317975210257e-06
9.069317975210257e-06
9.069317956540478e-06
9.069318014513873e-06
9.069318021787887e-06
9.069318079833944e-06
9.069317980068736e-06
9.069317872220676e-06
9.06931791073332e-06
9.069318020896361e-06
9.06931793406754e-06
9.069318093138556e-06
9.06931796154631e-06
9.069318069577738e-06
9.06931771667405e-06
9.069318048018034e-06
9.069317940330768e-06
9.069317904335193e-06
9.06931793733949e-06
8.989197492002666e-06
8.989197492002666e-06
8.989197477897722e-06
8.989197532228094e-06
8.98919753866955e-06
8.98919758334489e-06
8.989197497370405e-06
8.98919740164391e-06
8.989197445376378e-06
8.98919752091062e-06
8.989197455631713e-06
8.989197583580964e-06
8.989197472191886e-06
8.989197578225312e-06
8.989197284036761e-06
8.989197556676946e-06
8.989197459828571e-06
8.989197434655777e-06
8.989197455178206e-06
8.817203654150837e-06
8.817203654150837e-06
8.817203638172773e-06
8.817203691458867e-06
8.817203695319713e-06
8.8172036838926e-06
8.81720365700234e-06
8.81720361089101e-06
8.817203672148419e-06
8.817203610255176e-06
8.817203633360283e-06
8.817203631116167e-06
8.817203601957736e-06
8.817203703776749e-06
8.81720365344056e-06
8.817203684355568e-06
8.817203632799188e-06
8.817203651790066e-06
8.817203621600555e-06
8.813464800804468e-06
8.813464800804468e-06
8.813464779401637e-06
8.813464835988899e-06
8.813464839674871e-06
8.813464819064108e-06
8.813464802104986e-06
8.813464763896805e-06
8.813464826902214e-06
8.813464744323808e-06
8.813464781452891e-06
8.813464757905013e-06
8.81346474181602e-06
8.813464843739098e-06
8.813464832964205e-06
8.813464825205578e-06
8.813464781068126e-06
8.813464807075035e-06
8.813464768921173e-06
8.813372869293914e-06
8.813372869293914e-06
8.813372846736153e-06
8.813372904098205e-06
8.813372907826858e-06
8.813372887049743e-06
8.81337287032215e-06
8.81337283221767e-06
8.81337289497127e-06
8.81337281247072e-06
8.813372849754452e-06
8.813372825854617e-06
8.813372809971847e-06
8.81337291193807e-06
8.813372901710468e-06
8.813372893546873e-06
8.8133728495604e-06
8.813372875637673e-06
8.8133728374178e-06
8.812911722726939e-06
8.812911722726939e-06
8.812911698753408e-06
8.812911757051421e-06
8.812911760789825e-06
8.812911739787173e-06
8.81291172337366e-06
8.812911685405822e-06
8.812911747595084e-06
8.81291166562494e-06
8.812911703064284e-06
8.812911678904253e-06
8.812911663475158e-06
8.812911764918095e-06
8.812911754799027e-06
8.812911746768585e-06
8.812911703047038e-06
8.812911729113262e-06
8.812911690873768e-06
8.81064680685859e-06
8.81064680685859e-06
8.810646781472022e-06
8.810646840605713e-06
8.8106468440956e-06
8.810646822160315e-06
8.810646806852968e-06
8.810646769577038e-06
8.810646830062369e-06
8.810646749472057e-06
8.810646787812573e-06
8.810646762936192e-06
8.810646749832016e-06
8.810646847730615e-06
8.810646837284366e-06
8.810646830187968e-06
8.810646787617241e-06
8.810646813607088e-06
8.810646775148979e-06
8.800271324440744e-06
8.800271324440744e-06
8.800271298236222e-06
8.800271357315751e-06
8.800271359257447e-06
8.800271332833138e-06
8.800271322587617e-06
8.80027128881294e-06
8.800271342202922e-06
8.80027126670181e-06
8.800271309786266e-06
8.800271281743817e-06
8.800271280247303e-06
8.800271359801192e-06
8.80027134733725e-06
8.800271344583237e-06
8.800271307562357e-06
8.800271333242494e-06
8.8002712934765e-06
8.768274243657592e-06
8.768274243657592e-06
8.768274220211384e-06
8.768274274688225e-06
8.768274269358889e-06
8.76827422292114e-06
8.768274234963671e-06
8.768274216977895e-06
8.768274239984645e-06
8.768274185404334e-06
8.768274250082703e-06
8.768274208182658e-06
8.768274258821516e-06
8.768274255369125e-06
8.768274233577791e-06
8.768274249858457e-06
8.768274237576447e-06
8.768274261955413e-06
8.768274216072551e-06
8.759505196951552e-06
8.759505196951552e-06
8.759505178478484e-06
8.75950522715617e-06
8.759505215242558e-06
8.75950515108075e-06
8.759505182753474e-06
8.759505178820814e-06
8.75950517541815e-06
8.759505138662583e-06
8.759505222634147e-06
8.75950516856515e-06
8.759505265512828e-06
8.759505188084679e-06
8.759505157919097e-06
8.75950519090902e-06
8.759505200538779e-06
8.759505223792263e-06
8.759505172382313e-06
8.759434219017171e-06
8.759434219017171e-06
8.75943420109308e-06
8.759434249387839e-06
8.759434237419714e-06
8.759434173193083e-06
8.759434204916502e-06
8.759434201050564e-06
8.75943419765275e-06
8.759434160821376e-06
8.759434244892234e-06
8.759434190806193e-06
8.75943428794487e-06
8.759434210148363e-06
8.75943417993306e-06
8.759434212948107e-06
8.759434222665374e-06
8.759434245914192e-06
8.759434194465035e-06
8.759064024864363e-06
8.759064024864363e-06
8.759064007535382e-06
8.759064055424388e-06
8.759064043425328e-06
8.75906397920829e-06
8.759064010905187e-06
8.75906400705226e-06
8.759064003765213e-06
8.759063966800608e-06
8.75906405085917e-06
8.759063996840566e-06
8.75906409394586e-06
8.759064016071251e-06
8.759063985859697e-06
8.759064018804488e-06
8.759064028553037e-06
8.759064051770735e-06
8.759064000323604e-06
8.757216281936582e-06
8.757216281936582e-06
8.757216265224929e-06
8.757216312692984e-06
8.757216300680593e-06
8.757216236529477e-06
8.757216268176086e-06
8.757216264310128e-06
8.75721626113312e-06
8.757216224149751e-06
8.7572163079616e-06
8.757216254204574e-06
8.757216350964651e-06
8.757216273197101e-06
8.757216243119535e-06
8.75721627583381e-06
8.757216285723185e-06
8.7572163087542e-06
8.757216257429674e-06
8.748081211253673e-06
8.748081211253673e-06
8.748081195153076e-06
8.748081242200704e-06
8.748081230260665e-06
8.74808116643155e-06
8.748081197941964e-06
8.748081193949567e-06
8.748081190817044e-06
8.748081154445387e-06
8.748081236860748e-06
8.748081184311039e-06
8.748081279230516e-06
8.748081202410645e-06
8.748081173109831e-06
8.74808120482593e-06
8.748081215432594e-06
8.748081237498592e-06
8.748081186895619e-06
8.704941718943985e-06
8.704941718943985e-06
8.704941703277488e-06
8.704941750006403e-06
8.704941738567116e-06
8.704941676315756e-06
8.704941707276849e-06
8.704941702598708e-06
8.704941699155791e-06
8.70494166653704e-06
8.704941741899873e-06
8.704941695196402e-06
8.704941780927691e-06
8.704941709200779e-06
8.704941683839669e-06
8.704941710797534e-06
8.704941724957049e-06
8.704941742232494e-06
8.704941695298988e-06
8.545583658798928e-06
8.545583658798928e-06
8.54558364245438e-06
8.545583689535833e-06
8.545583680568684e-06
8.545583625623109e-06
8.545583654164448e-06
8.545583646241529e-06
8.545583640806529e-06
8.545583626358527e-06
8.545583668845706e-06
8.54558364913894e-06
8.54558369214818e-06
8.545583644475072e-06
8.545583637496339e-06
8.545583642561688e-06
8.545583673211477e-06
8.545583668240557e-06
8.545583638438414e-06
8.427608385220615e-06
8.427608385220615e-06
8.42760836614484e-06
8.427608414893464e-06
8.427608410337273e-06
8.427608368167955e-06
8.427608392548797e-06
8.427608378911443e-06
8.427608369674625e-06
8.427608387456874e-06
8.42760837233055e-06
8.427608399788193e-06
8.427608367990395e-06
8.427608362649647e-06
8.427608387895515e-06
8.427608354759527e-06
8.42760841426618e-06
8.42760837035907e-06
8.427608370593447e-06
8.4275813428812e-06
8.4275813428812e-06
8.42758132348247e-06
8.427581372450158e-06
8.427581367912325e-06
8.427581325744562e-06
8.427581350139658e-06
8.427581336493144e-06
8.42758132719037e-06
8.427581345068844e-06
8.427581329915117e-06
8.427581357364322e-06
8.427581325543419e-06
8.427581320260438e-06
8.427581345523982e-06
8.427581312404103e-06
8.42758137191483e-06
8.427581328000878e-06
8.427581328252025e-06
8.42745491220078e-06
8.42745491220078e-06
8.427454892464138e-06
8.42745494165865e-06
8.427454937138677e-06
8.42745489497583e-06
8.427454919384312e-06
8.427454905726221e-06
8.427454896358164e-06
8.42745491433352e-06
8.427454899160733e-06
8.427454926591424e-06
8.427454894756643e-06
8.42745488952883e-06
8.427454914806763e-06
8.427454881709938e-06
8.427454941215453e-06
8.427454897307218e-06
8.427454897568433e-06
8.426823014306334e-06
8.426823014306334e-06
8.426822994218715e-06
8.426823043636739e-06
8.426823039131047e-06
8.426822996997309e-06
8.426823021409547e-06
8.426823007726043e-06
8.426822998307001e-06
8.426823016382571e-06
8.426823001203907e-06
8.42682302859506e-06
8.426822996752926e-06
8.426822991581233e-06
8.426823016872449e-06
8.42682298380804e-06
8.426823043277136e-06
8.426822999416338e-06
8.426822999668622e-06
8.423670080466629e-06
8.423670080466629e-06
8.423670060025347e-06
8.42367010960776e-06
8.42367010509503e-06
8.423670063111642e-06
8.423670087476408e-06
8.423670073699952e-06
8.423670064314073e-06
8.423670082488693e-06
8.423670067374073e-06
8.423670094623243e-06
8.423670062809356e-06
8.42367005768783e-06
8.423670082984368e-06
8.423670049994963e-06
8.423670109271827e-06
8.42367006566765e-06
8.423670065813117e-06
8.408070508864142e-06
8.408070508864142e-06
8.408070488125333e-06
8.408070537530337e-06
8.408070532900473e-06
8.408070491671566e-06
8.408070515730457e-06
8.408070501526265e-06
8.408070492607079e-06
8.408070510855087e-06
8.4080704961575e-06
8.40807052275712e-06
8.408070491151873e-06
8.408070486039641e-06
8.408070511298768e-06
8.408070478592133e-06
8.408070536900487e-06
8.408070494595817e-06
8.408070494143573e-06
8.334106691280524e-06
8.334106691280524e-06
8.33410667060997e-06
8.334106718098446e-06
8.334106712806016e-06
8.33410667529719e-06
8.334106697777587e-06
8.334106681504786e-06
8.334106675198655e-06
8.334106693368015e-06
8.334106680826074e-06
8.33410670428832e-06
8.334106673781494e-06
8.334106668463144e-06
8.334106693470983e-06
8.334106662061651e-06
8.334106715590434e-06
8.334106679705141e-06
8.334106676242042e-06
8.053847482236713e-06
8.053847482236713e-06
8.053847463485891e-06
8.053847501030647e-06
8.053847492588212e-06
8.053847472267173e-06
8.05384748738091e-06
8.053847461593609e-06
8.05384746768601e-06
8.053847485031107e-06
8.053847482552736e-06
8.053847491587732e-06
8.053847466229468e-06
8.053847459695629e-06
8.05384748347186e-06
8.053847457955992e-06
8.053847489397198e-06
8.053847483182612e-06
8.053847465742881e-06
7.813669805457146e-06
7.813669805457146e-06
7.813669790705518e-06
7.81366981149934e-06
7.813669797891565e-06
7.81366980549089e-06
7.813669808597189e-06
7.813669767379993e-06
7.813669793790192e-06
7.813669809542062e-06
7.813669823467953e-06
7.813669809104714e-06
7.813669792151846e-06
7.81366978349958e-06
7.813669805234849e-06
7.813669789239155e-06
7.81366978479872e-06
7.813669826785161e-06
7.81366978660749e-06
7.813645445104066e-06
7.813645445104066e-06
7.813645430536888e-06
7.813645451204445e-06
7.813645437586605e-06
7.813645445187224e-06
7.813645448284053e-06
7.813645407073625e-06
7.81364543352044e-06
7.813645449217751e-06
7.813645463156042e-06
7.813645448799825e-06
7.813645431857758e-06
7.813645423175743e-06
7.813645444900846e-06
7.813645428896379e-06
7.813645424454277e-06
7.813645466440392e-06
7.81364542625687e-06
7.813550730842953e-06
7.813550730842953e-06
7.813550716468315e-06
7.813550737004474e-06
7.81355072337841e-06
7.813550730975948e-06
7.813550734062897e-06
7.813550692872515e-06
7.813550719347387e-06
7.813550734981368e-06
7.81355074892885e-06
7.813550734584772e-06
7.813550717660908e-06
7.813550708950345e-06
7.81355073065688e-06
7.813550714651492e-06
7.813550710215267e-06
7.813550752177457e-06
7.81355071200284e-06
7.813078320724404e-06
7.813078320724404e-06
7.813078306547708e-06
7.813078326947192e-06
7.813078313322904e-06
7.813078320902452e-06
7.813078323976036e-06
7.813078282867218e-06
7.813078309325182e-06
7.813078324861883e-06
7.813078338804191e-06
7.813078324490563e-06
7.813078307622207e-06
7.81307829889457e-06
7.813078320541838e-06
7.813078304579093e-06
7.813078300178149e-06
7.813078342009933e-06
7.813078301913694e-06
7.810736159568346e-06
7.810736159568346e-06
7.810736145578478e-06
7.810736165840711e-06
7.810736152270054e-06
7.810736159757171e-06
7.810736162801951e-06
7.81073612208048e-06
7.81073614828947e-06
7.810736163570724e-06
7.810736177433858e-06
7.810736163240232e-06
7.81073614661167e-06
7.81073613793031e-06
7.810736159316885e-06
7.810736143616631e-06
7.810736139397393e-06
7.810736180567748e-06
7.810736140897952e-06
7.799522620673998e-06
7.799522620673998e-06
7.799522606767855e-06
7.799522626923046e-06
7.79952261366414e-06
7.799522620691943e-06
7.799522623634217e-06
7.79952258480459e-06
7.799522609612071e-06
7.799522623872694e-06
7.799522637288991e-06
7.799522623654554e-06
7.79952260817094e-06
7.79952259985588e-06
7.799522619992063e-06
7.799522605639727e-06
7.799522602323583e-06
7.799522640216908e-06
7.799522602689638e-06
7.75471446813632e-06
7.75471446813632e-06
7.754714453744115e-06
7.754714473995392e-06
7.754714462245627e-06
7.754714467119416e-06
7.754714469623115e-06
7.754714439631765e-06
7.75471445769527e-06
7.754714467428204e-06
7.754714478693352e-06
7.754714467642813e-06
7.754714457480376e-06
7.754714451025035e-06
7.754714465343916e-06
7.754714457358418e-06
7.75471445827791e-06
7.754714480812449e-06
7.75471445335776e-06
7.70132144806324e-06
7.70132144806324e-06
7.701321432043003e-06
7.70132145289626e-06
7.701321444431527e-06
7.701321444660962e-06
7.701321446246856e-06
7.701321435289679e-06
7.701321438699137e-06
7.701321438840542e-06
7.701321445430733e-06
7.701321439926068e-06
7.701321441204886e-06
7.70132143885303e-06
7.701321440659778e-06
7.701321446432121e-06
7.701321456484457e-06
7.70132144590962e-06
7.701321440189234e-06
     fun: 8.029262692053093e-06
     jac: array([-9.08687525e-09,  1.26463192e-07, -2.79111305e-07,  7.16012210e-08,
        1.17461127e-07,  1.15902026e-07, -1.17195214e-08, -3.19686251e-08,
       -3.04154355e-08,  1.70207386e-08,  1.91470235e-08, -1.35649998e-07,
        2.48535343e-08,  2.65393624e-07,  1.14388627e-07, -2.92405957e-08,
       -2.80958261e-07])
 message: 'Optimization terminated successfully.'
    nfev: 1254
     nit: 66
    njev: 66
  status: 0
 success: True
       x: array([ 0.3715967 , -0.55275975, -0.21684775,  0.20927003, -0.3000938 ,
        0.74092851,  0.16852659,  0.13712595, -0.49337756, -0.16065284,
        0.12818371, -0.15289297,  0.16325073, -0.08333406, -0.56863099,
        0.32886703, -0.19517748])

========================================================

Final result:
0.37159670276656553
0.37159670276656553
-0.5527597456473978
0.37159670276656553
-0.21684775114078844
0.2092700306767825
-0.30009380473659575
0.7409285124779911
0.1685265911704921
0.1685265911704921
0.1371259458024562
-0.4933775592778595
-0.16065284214753986
-0.16065284214753986
0.12818370727425818
-0.1528929686838107
-0.1528929686838107
0.12818370727425818
0.16325072777651936
-0.0833340571920287
0.16325072777651936
0.1514678899579056
-0.5686309892332228
0.32886703493708375
-0.1951774809336746
0.14498047840993786
0.14498047840993786
0.14498047840993786
