8.60133043851251e-05
8.60133043851251e-05
8.601331537299098e-05
8.601330705230298e-05
8.601330278216321e-05
8.601330373025472e-05
8.601330291941863e-05
8.601329715812217e-05
8.601330075351334e-05
8.601330388054213e-05
8.601329539027666e-05
8.601330408016859e-05
8.601330397110259e-05
8.601330932422142e-05
8.601331083614201e-05
8.601330532406301e-05
8.446830869400092e-05
8.446830869400092e-05
8.446831902512548e-05
8.446831116474625e-05
8.446830698490965e-05
8.446830792851837e-05
8.446830716873655e-05
8.446830141038002e-05
8.44683049728522e-05
8.446830814000439e-05
8.446829967713538e-05
8.446830827016287e-05
8.446830826909171e-05
8.446831357113582e-05
8.446831504984205e-05
8.44683096203694e-05
7.730555377296422e-05
7.730555377296422e-05
7.730556125988042e-05
7.7305555401135e-05
7.730555164456657e-05
7.730555256719647e-05
7.730555202836205e-05
7.730554631891053e-05
7.730554975477085e-05
7.730555302513183e-05
7.730554475696987e-05
7.73055528717186e-05
7.730555330584842e-05
7.730555834907389e-05
7.730555966442596e-05
7.730555463837106e-05
5.281077612236776e-05
5.281077612236776e-05
5.28107721287564e-05
5.281077438830526e-05
5.2810772493712977e-05
5.2810773324117976e-05
5.281077367607274e-05
5.281076833749963e-05
5.281077133669856e-05
5.281077468795405e-05
5.281076756968571e-05
5.2810773471933485e-05
5.2810775508345845e-05
5.281077932685661e-05
5.281077988944757e-05
5.281077671044194e-05
3.93326161254243e-05
3.93326161254243e-05
3.933260002415737e-05
3.93326109287431e-05
3.933261132739187e-05
3.933261204414923e-05
3.933261333261299e-05
3.933260875987216e-05
3.933261145460357e-05
3.93326141719837e-05
3.933260905081313e-05
3.9332612010589744e-05
3.933261540661244e-05
3.9332617545676355e-05
3.933261711306036e-05
3.933261635356558e-05
3.7019454370364324e-05
3.7019454370364324e-05
3.701943922319441e-05
3.701944954173956e-05
3.701945013641731e-05
3.7019450843198073e-05
3.7019452053761624e-05
3.7019447851419624e-05
3.701945074444064e-05
3.7019452691456734e-05
3.701944831272638e-05
3.7019450804016904e-05
3.701945371687474e-05
3.701945554348822e-05
3.7019454958278535e-05
3.701945454941127e-05
3.10174393106262e-05
3.10174393106262e-05
3.1017434240840054e-05
3.1017437858658264e-05
3.101743850229947e-05
3.101743920440963e-05
3.1017439610916725e-05
3.101743702005276e-05
3.101744105416611e-05
3.101743927429676e-05
3.101743792277744e-05
3.1017439206135794e-05
3.101743903976055e-05
3.101743994662151e-05
3.10174389854975e-05
3.1017439385223116e-05
3.0515307605386043e-05
3.0515307605386043e-05
3.0515306183457825e-05
3.0515307298634837e-05
3.0515307655032457e-05
3.0515308369635408e-05
3.0515308484162214e-05
3.0515306141662546e-05
3.0515310424353278e-05
3.051530797005532e-05
3.0515307003672127e-05
3.051530839380159e-05
3.0515307425379636e-05
3.0515308351224872e-05
3.0515307436124005e-05
3.0515307702892698e-05
3.0388924156132728e-05
3.0388924156132728e-05
3.0388924043664073e-05
3.0388924245441625e-05
3.0388924439334755e-05
3.0388925159831747e-05
3.0388925164311325e-05
3.038892286204075e-05
3.0388927174101368e-05
3.0388924621752767e-05
3.038892367625099e-05
3.0388925183499047e-05
3.0388923997742036e-05
3.038892498929271e-05
3.038892412036419e-05
3.038892427133876e-05
3.024718998893822e-05
3.024718998893822e-05
3.024719072680905e-05
3.0247190330781423e-05
3.0247190400883204e-05
3.0247191123488492e-05
3.0247191046807863e-05
3.0247188781657804e-05
3.024719304991369e-05
3.024719049846676e-05
3.0247189563965555e-05
3.0247191128246303e-05
3.0247189838461317e-05
3.0247190875423903e-05
3.024719003634984e-05
3.024719011481029e-05
2.9806467737618615e-05
2.9806467737618615e-05
2.980647009735253e-05
2.9806468555494353e-05
2.9806468367739367e-05
2.9806469087724866e-05
2.9806468827314548e-05
2.980646670189132e-05
2.980647071626537e-05
2.9806468287123074e-05
2.980646744228769e-05
2.9806469000306607e-05
2.9806467589089175e-05
2.980646868310504e-05
2.9806467881095804e-05
2.9806467874858006e-05
2.9003668195632302e-05
2.9003668195632302e-05
2.9003672162721526e-05
2.9003669474533522e-05
2.900366898989873e-05
2.9003669691981452e-05
2.9003669184058935e-05
2.9003667361321505e-05
2.9003670743319356e-05
2.900366869102361e-05
2.900366810790101e-05
2.9003669386874967e-05
2.900366802061074e-05
2.9003669095713273e-05
2.9003668281157378e-05
2.9003668322393934e-05
2.7800714656954754e-05
2.7800714656954754e-05
2.7800719270375426e-05
2.780071609475955e-05
2.780071538901798e-05
2.7800716045579775e-05
2.780071527396189e-05
2.780071398638526e-05
2.7800716160391598e-05
2.7800714897278906e-05
2.7800714855859872e-05
2.7800715337594292e-05
2.780071440046249e-05
2.780071527741698e-05
2.780071433381317e-05
2.780071472482937e-05
2.6890234774757894e-05
2.6890234774757894e-05
2.6890237883873504e-05
2.6890235732669958e-05
2.6890235118806367e-05
2.6890235722003428e-05
2.6890234880476053e-05
2.6890234068677016e-05
2.689023508436757e-05
2.68902346388668e-05
2.6890235152996947e-05
2.6890234641538873e-05
2.6890234413457526e-05
2.6890234959009024e-05
2.689023380032875e-05
2.689023475233234e-05
2.6591467374857478e-05
2.6591467374857478e-05
2.6591468462829082e-05
2.6591467720552606e-05
2.6591467355280442e-05
2.6591467933997367e-05
2.6591467199389632e-05
2.6591466520161213e-05
2.6591467148123004e-05
2.659146702069484e-05
2.6591467744948192e-05
2.6591466742471444e-05
2.6591466959890416e-05
2.6591467294778224e-05
2.6591466000189503e-05
2.6591467298450505e-05
2.6538860582734363e-05
2.6538860582734363e-05
2.6538860860320517e-05
2.6538860688820117e-05
2.6538860445879643e-05
2.653886102341596e-05
2.6538860366154726e-05
2.6538859651842376e-05
2.6538860327772624e-05
2.653886019322656e-05
2.653886090614616e-05
2.6538859859947678e-05
2.6538860162036757e-05
2.6538860455027277e-05
2.6538859134350043e-05
2.6538860496957017e-05
2.6505286821611747e-05
2.6505286821611747e-05
2.6505286738176122e-05
2.6505286822515575e-05
2.6505286640295248e-05
2.650528721979455e-05
2.6505286603766444e-05
2.6505285854588556e-05
2.6505286596117418e-05
2.650528643093806e-05
2.650528711470579e-05
2.6505286091765727e-05
2.650528640271074e-05
2.6505286688887315e-05
2.650528536540037e-05
2.6505286735152892e-05
2.6405911137677637e-05
2.6405911137677637e-05
2.6405910399471246e-05
2.6405910948936762e-05
2.6405910881770258e-05
2.6405911467073124e-05
2.6405910924496175e-05
2.640591010934269e-05
2.6405910975818403e-05
2.6405910757056023e-05
2.64059113742441e-05
2.6405910428972743e-05
2.640591072551205e-05
2.640591100914558e-05
2.640590969009579e-05
2.6405911053061147e-05
2.6180185000558082e-05
2.6180185000558082e-05
2.618018336355935e-05
2.618018455295111e-05
2.6180184650799124e-05
2.6180185247586307e-05
2.618018479538653e-05
2.6180183901812124e-05
2.6180184911097776e-05
2.6180184651973003e-05
2.6180185165050868e-05
2.6180184379320937e-05
2.6180184602666375e-05
2.618018489751659e-05
2.618018360158424e-05
2.6180184923306777e-05
2.56514043180206e-05
2.56514043180206e-05
2.5651401455816153e-05
2.5651403520859344e-05
2.5651403860235953e-05
2.5651404480932623e-05
2.565140412306422e-05
2.5651403159739295e-05
2.5651404276574432e-05
2.5651404056118773e-05
2.565140440141725e-05
2.565140395771273e-05
2.565140395135417e-05
2.5651404296389426e-05
2.5651403073748568e-05
2.5651404262384363e-05
2.4685006528401705e-05
2.4685006528401705e-05
2.4685002636732336e-05
2.4685005445602917e-05
2.46850060283683e-05
2.4685006688960294e-05
2.468500633901808e-05
2.4685005410555486e-05
2.4685006399407627e-05
2.468500644407564e-05
2.4685006586952587e-05
2.468500673350671e-05
2.4685006216608573e-05
2.4685006689341065e-05
2.4685005631023966e-05
2.468500651929666e-05
2.3504800307419928e-05
2.3504800307419928e-05
2.3504796682124965e-05
2.3504799320942684e-05
2.3504799953171125e-05
2.35048006577393e-05
2.350480010807221e-05
2.3504799431533305e-05
2.350479984554167e-05
2.350480046778568e-05
2.3504800493459056e-05
2.35048013269472e-05
2.350480006090279e-05
2.3504800739074487e-05
2.3504799924628544e-05
2.3504800365308897e-05
2.280132935928375e-05
2.280132935928375e-05
2.280132747007386e-05
2.2801328889455452e-05
2.2801329286743195e-05
2.2801330007484133e-05
2.2801329137495173e-05
2.2801328810355826e-05
2.280132849189149e-05
2.280132967290831e-05
2.2801329776898464e-05
2.280133092161799e-05
2.2801329144056053e-05
2.2801329980297563e-05
2.2801329336878685e-05
2.280132946232877e-05
2.2623721171238446e-05
2.2623721171238446e-05
2.262372064063881e-05
2.2623721097097497e-05
2.2623721267485912e-05
2.262372197816241e-05
2.2623720935621887e-05
2.26237207831604e-05
2.262372012557821e-05
2.262372149215152e-05
2.262372172470835e-05
2.262372278565958e-05
2.262372094974354e-05
2.2623721820119077e-05
2.2623721202527782e-05
2.2623721279749533e-05
2.258122842460995e-05
2.258122842460995e-05
2.258122833688559e-05
2.25812284774723e-05
2.2581228564300678e-05
2.2581229264266327e-05
2.258122818591216e-05
2.2581228069726776e-05
2.258122735553493e-05
2.258122872109683e-05
2.258122901341561e-05
2.2581229966911832e-05
2.2581228193815375e-05
2.2581229057444947e-05
2.2581228426160375e-05
2.258122852870814e-05
2.25202356827797e-05
2.25202356827797e-05
2.252023598005439e-05
2.2520235845164678e-05
2.252023585561012e-05
2.2520236538870503e-05
2.252023544308986e-05
2.252023535294866e-05
2.2520234613878158e-05
2.252023594439752e-05
2.252023630101859e-05
2.2520237116304528e-05
2.25202354403172e-05
2.252023629508574e-05
2.2520235647023336e-05
2.2520235781509478e-05
2.2361184435410143e-05
2.2361184435410143e-05
2.2361185330984078e-05
2.2361184767083975e-05
2.2361184656036648e-05
2.236118529755193e-05
2.236118419801226e-05
2.236118415012392e-05
2.236118339799e-05
2.2361184625475716e-05
2.236118510345061e-05
2.236118563987648e-05
2.236118417044229e-05
2.236118501825211e-05
2.2361184349066206e-05
2.2361184526671143e-05
2.2003766527213382e-05
2.2003766527213382e-05
2.2003768193695036e-05
2.2003767075250848e-05
2.200376680321151e-05
2.2003767353244795e-05
2.200376630200697e-05
2.2003766318594446e-05
2.2003765599310595e-05
2.2003766588802496e-05
2.2003767271979878e-05
2.2003767310170635e-05
2.200376622425238e-05
2.2003767084921677e-05
2.2003766406935016e-05
2.2003766612701338e-05
2.131269310957604e-05
2.131269310957604e-05
2.131269547106852e-05
2.1312693848332354e-05
2.1312693420549233e-05
2.131269379287008e-05
2.1312692918687596e-05
2.1312693020477836e-05
2.131269245254005e-05
2.1312692965582633e-05
2.1312693955957912e-05
2.1312693199525114e-05
2.1312692750171804e-05
2.1312693679000375e-05
2.131269304162441e-05
2.131269320008412e-05
2.0424688998370286e-05
2.0424688998370286e-05
2.0424691246061983e-05
2.042468969383493e-05
2.042468926214492e-05
2.0424689399129973e-05
2.0424688866541554e-05
2.0424689029768544e-05
2.0424688773725202e-05
2.0424688639878807e-05
2.042468991798209e-05
2.0424688336227626e-05
2.042468858689183e-05
2.042468966126889e-05
2.0424689152382014e-05
2.0424689116442308e-05
1.9845877031551103e-05
1.9845877031551103e-05
1.9845878130718833e-05
1.984587739173646e-05
1.9845877168298145e-05
1.984587715940549e-05
1.9845876950354175e-05
1.9845877097722682e-05
1.9845877150370303e-05
1.984587660146677e-05
1.9845877931881664e-05
1.9845876079805852e-05
1.9845876611760595e-05
1.9845877832656883e-05
1.9845877481055953e-05
1.984587718827644e-05
1.9693575858743156e-05
1.9693575858743156e-05
1.9693575982311267e-05
1.969357593961168e-05
1.9693575906271598e-05
1.9693575895747536e-05
1.9693575790394543e-05
1.9693575888752443e-05
1.96935760469404e-05
1.9693575484225028e-05
1.969357669997513e-05
1.969357506672658e-05
1.969357546071067e-05
1.9693576731502046e-05
1.9693576450517392e-05
1.9693576034788356e-05
1.9667820164725712e-05
1.9667820164725712e-05
1.9667819993397022e-05
1.9667820162157786e-05
1.966782018846224e-05
1.9667820202283865e-05
1.9667820093826483e-05
1.9667820169292043e-05
1.9667820326401845e-05
1.9667819832612012e-05
1.9667820977973412e-05
1.9667819510034157e-05
1.9667819779687055e-05
1.966782104781199e-05
1.9667820774740606e-05
1.966782034338174e-05
1.9645134864983553e-05
1.9645134864983553e-05
1.9645134536508896e-05
1.964513481794759e-05
1.9645134875623263e-05
1.9645134907384843e-05
1.964513479091514e-05
1.964513485110277e-05
1.964513499908645e-05
1.964513456393091e-05
1.9645135658835564e-05
1.964513431253635e-05
1.9645134489109088e-05
1.9645135747830317e-05
1.9645135475204174e-05
1.964513504355988e-05
1.957716243870835e-05
1.957716243870835e-05
1.957716183138524e-05
1.9577162311937317e-05
1.957716242213128e-05
1.957716248202058e-05
1.9577162358236426e-05
1.9577162387651522e-05
1.9577162517854977e-05
1.9577162200071495e-05
1.957716319146069e-05
1.9577162091851865e-05
1.9577162081320546e-05
1.9577163311243258e-05
1.9577163037806592e-05
1.957716261487714e-05
1.9421193853027312e-05
1.9421193853027312e-05
1.942119287527028e-05
1.9421193618036144e-05
1.942119378965921e-05
1.942119387163262e-05
1.9421193763696673e-05
1.942119374513963e-05
1.9421193855883676e-05
1.942119370911628e-05
1.9421194537064977e-05
1.942119381732806e-05
1.9421193524140827e-05
1.9421194690101645e-05
1.9421194414938747e-05
1.9421194021165124e-05
1.90602697005745e-05
1.90602697005745e-05
1.9060268266516027e-05
1.906026932610996e-05
1.906026955111321e-05
1.9060269617888668e-05
1.9060269599879402e-05
1.9060269504013155e-05
1.9060269604264654e-05
1.906026970280498e-05
1.9060270263162727e-05
1.9060270142552923e-05
1.906026941679217e-05
1.9060270436955192e-05
1.9060270158993182e-05
1.906026984621119e-05
1.841442471044763e-05
1.841442471044763e-05
1.8414423010582552e-05
1.8414424238216575e-05
1.8414424434636292e-05
1.841442437861633e-05
1.8414424602054905e-05
1.8414424412574858e-05
1.8414424543380614e-05
1.8414424876187764e-05
1.8414425103768447e-05
1.841442568168477e-05
1.841442447958663e-05
1.841442523558995e-05
1.8414424954578884e-05
1.8414424809245842e-05
1.7663233667177137e-05
1.7663233667177137e-05
1.766323234775473e-05
1.7663233270869645e-05
1.7663233276963867e-05
1.7663232955116945e-05
1.7663233565665473e-05
1.7663233321992464e-05
1.766323355117829e-05
1.7663233902593752e-05
1.7663233920604624e-05
1.76632348534225e-05
1.766323346384477e-05
1.7663233902999898e-05
1.7663233621150986e-05
1.7663233702216775e-05
1.7252287983757494e-05
1.7252287983757494e-05
1.7252287546959188e-05
1.7252287817212128e-05
1.7252287575441077e-05
1.7252287006745647e-05
1.7252287901694825e-05
1.7252287689932586e-05
1.7252288028174435e-05
1.7252288126649055e-05
1.725228823193403e-05
1.7252288854853716e-05
1.7252287757879225e-05
1.7252288043075774e-05
1.7252287764038018e-05
1.72522879802384e-05
1.7164920205892893e-05
1.7164920205892893e-05
1.716492030074687e-05
1.716492018827803e-05
1.7164919835217415e-05
1.716491919043104e-05
1.71649201362502e-05
1.7164919974656686e-05
1.7164920354957837e-05
1.7164920243494004e-05
1.7164920512448337e-05
1.716492072839552e-05
1.7164919949609533e-05
1.716492025476723e-05
1.7164919978888565e-05
1.716492020033367e-05
1.7151328254734167e-05
1.7151328254734167e-05
1.71513284695751e-05
1.7151328273382353e-05
1.7151327904734624e-05
1.7151327260990065e-05
1.7151328188095866e-05
1.715132804559277e-05
1.7151328429161355e-05
1.715132825655588e-05
1.7151328588504827e-05
1.7151328659995024e-05
1.715132798753832e-05
1.7151328323781552e-05
1.7151328049637997e-05
1.7151328253683193e-05
1.7135775306996878e-05
1.7135775306996878e-05
1.7135775596200895e-05
1.7135775349284164e-05
1.7135774975095765e-05
1.713577433989634e-05
1.713577524234879e-05
1.7135775115051443e-05
1.7135775497449495e-05
1.7135775282131345e-05
1.713577566137914e-05
1.7135775624987547e-05
1.7135775031567283e-05
1.7135775395766446e-05
1.7135775124235936e-05
1.7135775310314323e-05
1.7089687922543052e-05
1.7089687922543052e-05
1.7089688338619812e-05
1.7089688006420927e-05
1.7089687627088955e-05
1.7089687014788244e-05
1.708968786151545e-05
1.7089687763726574e-05
1.70896881396695e-05
1.708968784893264e-05
1.708968831087239e-05
1.708968808092077e-05
1.7089687632146948e-05
1.7089688046946158e-05
1.7089687783903234e-05
1.7089687933693374e-05
1.6980032838908137e-05
1.6980032838908137e-05
1.698003342788505e-05
1.6980032981885774e-05
1.698003260369899e-05
1.698003203839913e-05
1.6980032783324094e-05
1.6980032732528697e-05
1.6980033090208857e-05
1.6980032694181513e-05
1.6980033266449982e-05
1.6980032763698777e-05
1.6980032526950277e-05
1.6980033010486434e-05
1.6980032768870317e-05
1.6980032860281458e-05
1.6720498129447246e-05
1.6720498129447246e-05
1.6720498936132843e-05
1.6720498353097842e-05
1.6720497997382097e-05
1.6720497532014715e-05
1.672049808206369e-05
1.672049810793639e-05
1.6720498417817478e-05
1.6720497883618335e-05
1.672049858637218e-05
1.6720497720285463e-05
1.6720497787553662e-05
1.6720498354890262e-05
1.67204981665333e-05
1.6720498162081697e-05
1.6227797436837353e-05
1.6227797436837353e-05
1.6227798390219942e-05
1.622779773178685e-05
1.6227797448131982e-05
1.6227797160407287e-05
1.622779739863179e-05
1.6227797523524277e-05
1.6227797733958012e-05
1.6227797091746732e-05
1.6227797858972364e-05
1.622779669526839e-05
1.622779706729199e-05
1.6227797683074263e-05
1.6227797601958142e-05
1.6227797472581215e-05
1.5593521781184084e-05
1.5593521781184084e-05
1.5593522582897408e-05
1.5593522064216674e-05
1.5593521913706915e-05
1.5593521844728604e-05
1.5593521746815736e-05
1.559352194210374e-05
1.5593522010035375e-05
1.5593521425162794e-05
1.55935220400346e-05
1.5593520991639093e-05
1.5593521412957408e-05
1.5593521949258006e-05
1.5593522017618593e-05
1.5593521797349017e-05
1.5190818970607732e-05
1.5190818970607732e-05
1.5190819322918334e-05
1.5190819136259946e-05
1.5190819104502286e-05
1.5190819149268404e-05
1.51908189299124e-05
1.5190819104339313e-05
1.5190819075817796e-05
1.5190818733013943e-05
1.519081901023451e-05
1.5190818559043547e-05
1.5190818642517062e-05
1.5190818982316555e-05
1.5190819147829828e-05
1.519081895048775e-05
1.5095137421412405e-05
1.5095137421412405e-05
1.5095137461219233e-05
1.509513749049621e-05
1.509513749109924e-05
1.5095137517644648e-05
1.5095137373095579e-05
1.5095137491232385e-05
1.5095137454964302e-05
1.5095137293639289e-05
1.5095137356777869e-05
1.509513736740183e-05
1.5095137127843843e-05
1.5095137338093472e-05
1.5095137508192943e-05
1.5095137380018704e-05
1.5088163825203161e-05
1.5088163825203161e-05
1.508816380030141e-05
1.5088163870740237e-05
1.5088163866112694e-05
1.5088163865764232e-05
1.5088163774543547e-05
1.5088163871095149e-05
1.5088163847317306e-05
1.5088163726702255e-05
1.5088163750429044e-05
1.5088163867727723e-05
1.5088163540372147e-05
1.5088163725472157e-05
1.50881638815464e-05
1.5088163780346973e-05
1.5087640857909576e-05
1.5087640857909576e-05
1.5087640829967284e-05
1.508764090153494e-05
1.5087640893955351e-05
1.5087640887100012e-05
1.5087640806967435e-05
1.508764090025052e-05
1.5087640880255284e-05
1.5087640762272145e-05
1.5087640785258052e-05
1.5087640910066287e-05
1.5087640573870487e-05
1.5087640758158383e-05
1.5087640910161764e-05
1.5087640813107088e-05
1.5086230908226246e-05
1.5086230908226246e-05
1.5086230877792263e-05
1.5086230949606106e-05
1.5086230937325126e-05
1.5086230920718664e-05
1.5086230856909609e-05
1.5086230945608006e-05
1.508623093140468e-05
1.5086230816206112e-05
1.5086230839511288e-05
1.5086230972556677e-05
1.508623062520972e-05
1.5086230809117967e-05
1.5086230954870123e-05
1.5086230863656796e-05
1.508222690948737e-05
1.508222690948737e-05
1.5082226875529852e-05
1.5082226947471728e-05
1.5082226927800482e-05
1.5082226895975416e-05
1.508222685760096e-05
1.5082226939183271e-05
1.5082226934038283e-05
1.5082226823036186e-05
1.508222684706712e-05
1.5082226992380029e-05
1.5082226628171249e-05
1.5082226811569427e-05
1.5082226947436815e-05
1.508222686532558e-05
1.5070921814935548e-05
1.5070921814935548e-05
1.5070921775297582e-05
1.5070921847394738e-05
1.507092181563164e-05
1.5070921758948377e-05
1.507092176213728e-05
1.5070921832061893e-05
1.5070921841709048e-05
1.5070921737676236e-05
1.5070921762873088e-05
1.5070921927960558e-05
1.5070921536766797e-05
1.5070921719177475e-05
1.5070921838606947e-05
1.5070921771493012e-05
1.5040527174192666e-05
1.5040527174192666e-05
1.5040527125541645e-05
1.5040527197856544e-05
1.5040527146796214e-05
1.5040527050508558e-05
1.5040527119987079e-05
1.5040527171224783e-05
1.5040527204419611e-05
1.504052711187956e-05
1.504052713877297e-05
1.5040527334908965e-05
1.5040526902018368e-05
1.5040527082387718e-05
1.5040527174875844e-05
1.5040527132023905e-05
1.4960592590752995e-05
1.4960592590752995e-05
1.4960592528007266e-05
1.4960592600606548e-05
1.4960592519141001e-05
1.4960592360617195e-05
1.4960592534453837e-05
1.4960592556025009e-05
1.4960592626171488e-05
1.496059255272344e-05
1.4960592581843118e-05
1.49605928256195e-05
1.4960592330558965e-05
1.4960592506487385e-05
1.4960592554677352e-05
1.4960592550917561e-05
1.4759443553688391e-05
1.4759443553688391e-05
1.4759443470237992e-05
1.4759443543111906e-05
1.4759443416398328e-05
1.4759443165684121e-05
1.4759443494594272e-05
1.4759443471437878e-05
1.475944359618509e-05
1.4759443553699463e-05
1.4759443584971867e-05
1.4759443896337486e-05
1.4759443317888643e-05
1.475944348403476e-05
1.4759443461514105e-05
1.475944351816991e-05
1.4294956141760888e-05
1.4294956141760888e-05
1.4294956032578804e-05
1.4294956105421337e-05
1.4294955920953321e-05
1.4294955553667868e-05
1.4294956079924637e-05
1.4294955998187482e-05
1.4294956191624319e-05
1.4294956195225615e-05
1.4294956226257944e-05
1.4294956615379862e-05
1.4294955954001497e-05
1.4294956099490942e-05
1.4294955974390248e-05
1.4294956113926881e-05
1.341441536007731e-05
1.341441536007731e-05
1.3414415232982197e-05
1.3414415304811493e-05
1.3414415076094076e-05
1.3414414622345826e-05
1.3414415298277768e-05
1.341441516779691e-05
1.3414415411265286e-05
1.3414415467183705e-05
1.3414415490294279e-05
1.3414415916938538e-05
1.341441525290359e-05
1.3414415361404743e-05
1.3414415125790846e-05
1.3414415343762002e-05
1.2310893403546654e-05
1.2310893403546654e-05
1.231089329248037e-05
1.2310893361830676e-05
1.2310893158899154e-05
1.231089276437956e-05
1.2310893348358166e-05
1.2310893234301282e-05
1.231089344056066e-05
1.231089351875825e-05
1.231089352247827e-05
1.2310893858836883e-05
1.2310893385242624e-05
1.2310893449639077e-05
1.2310893179391953e-05
1.2310893397989962e-05
1.164657304408278e-05
1.164657304408278e-05
1.1646572980716608e-05
1.1646573047508144e-05
1.1646572940967236e-05
1.1646572748525151e-05
1.1646572999111785e-05
1.1646572972632746e-05
1.1646573057403798e-05
1.1646573103559799e-05
1.1646573087265218e-05
1.1646573235658763e-05
1.1646573061120514e-05
1.1646573104147325e-05
1.1646572920884743e-05
1.1646573040558545e-05
1.1514947123858659e-05
1.1514947123858659e-05
1.1514947091912564e-05
1.1514947157807446e-05
1.1514947117978668e-05
1.1514947062876085e-05
1.1514947084068698e-05
1.151494712161536e-05
1.1514947124602444e-05
1.1514947133539524e-05
1.1514947110238788e-05
1.1514947148043648e-05
1.1514947126633983e-05
1.1514947173585185e-05
1.151494707876446e-05
1.1514947116759439e-05
1.1515637347033376e-05
1.1515637347033376e-05
1.1515637321086726e-05
1.1515637386984192e-05
1.1515637360605424e-05
1.1515637332664228e-05
1.1515637307890039e-05
1.1515637359061105e-05
1.151563734604625e-05
1.1515637344310731e-05
1.1515637321041794e-05
1.1515637340655379e-05
1.1515637338776775e-05
1.1515637390456949e-05
1.1515637319423368e-05
1.1515637338162947e-05
1.1517559434293617e-05
1.1517559434293617e-05
1.1517559408363956e-05
1.1517559474296056e-05
1.1517559448099874e-05
1.1517559420428047e-05
1.1517559395082348e-05
1.1517559446573782e-05
1.1517559433438812e-05
1.1517559430944874e-05
1.1517559407958432e-05
1.1517559428116082e-05
1.1517559424308606e-05
1.1517559476810468e-05
1.1517559407261192e-05
1.1517559425194589e-05
1.151789879437125e-05
1.151789879437125e-05
1.1517898768377478e-05
1.1517898834316379e-05
1.1517898808008215e-05
1.1517898780090917e-05
1.1517898755137504e-05
1.151789880654261e-05
1.1517898793566366e-05
1.1517898791021404e-05
1.1517898768101858e-05
1.151789878858694e-05
1.1517898784118823e-05
1.1517898836748314e-05
1.1517898767275364e-05
1.1517898785238993e-05
1.1519087692515443e-05
1.1519087692515443e-05
1.1519087666262097e-05
1.1519087732221935e-05
1.151908770544895e-05
1.1519087676535363e-05
1.1519087653195106e-05
1.151908770421501e-05
1.1519087691908008e-05
1.1519087689189458e-05
1.1519087666543922e-05
1.1519087688317452e-05
1.1519087681254612e-05
1.1519087734338392e-05
1.1519087665156875e-05
1.1519087683251274e-05
1.152065816805098e-05
1.152065816805098e-05
1.152065814140523e-05
1.1520658207383012e-05
1.1520658179893076e-05
1.1520658149487876e-05
1.1520658128603487e-05
1.15206581789781e-05
1.1520658167745273e-05
1.1520658164769202e-05
1.1520658142578532e-05
1.1520658166269255e-05
1.1520658155269763e-05
1.152065820896718e-05
1.1520658140340178e-05
1.1520658158569163e-05
1.152243250416293e-05
1.152243250416293e-05
1.1522432476924023e-05
1.152243254289413e-05
1.1522432514285769e-05
1.1522432481666313e-05
1.1522432464532137e-05
1.1522432513772573e-05
1.1522432504323143e-05
1.1522432500962081e-05
1.1522432479566759e-05
1.1522432506082847e-05
1.1522432489074876e-05
1.1522432543520154e-05
1.1522432476041504e-05
1.1522432494302588e-05
1.1523616068744499e-05
1.1523616068744499e-05
1.1523616040576795e-05
1.1523616106441421e-05
1.1523616075988474e-05
1.1523616040009669e-05
1.1523616028850447e-05
1.1523616075889151e-05
1.1523616069661097e-05
1.1523616065707425e-05
1.1523616045847306e-05
1.152361607659454e-05
1.1523616050017846e-05
1.1523616105153345e-05
1.1523616040307059e-05
1.152361605815799e-05
1.1521119793090812e-05
1.1521119793090812e-05
1.1521119763588492e-05
1.1521119829052705e-05
1.1521119795701178e-05
1.1521119755183589e-05
1.1521119752881836e-05
1.1521119795622805e-05
1.152111979516547e-05
1.1521119790387649e-05
1.1521119773505323e-05
1.1521119809817126e-05
1.15211197690661e-05
1.1521119823912325e-05
1.1521119765070952e-05
1.1521119781105533e-05
1.150687217740447e-05
1.150687217740447e-05
1.1506872146260128e-05
1.150687221055294e-05
1.1506872172958478e-05
1.1506872127642668e-05
1.1506872136980803e-05
1.1506872171341269e-05
1.1506872181098222e-05
1.1506872175380958e-05
1.1506872164267422e-05
1.1506872206020846e-05
1.1506872146670834e-05
1.1506872197667552e-05
1.1506872152275377e-05
1.1506872162729081e-05
1.1466032555542228e-05
1.1466032555542228e-05
1.1466032523269629e-05
1.1466032584808544e-05
1.1466032542355704e-05
1.1466032495999928e-05
1.1466032515467203e-05
1.1466032535188595e-05
1.1466032560906362e-05
1.1466032554757652e-05
1.1466032553652423e-05
1.1466032595111524e-05
1.146603251965177e-05
1.1466032557971979e-05
1.1466032539224702e-05
1.1466032536235684e-05
1.1390863491906119e-05
1.1390863491906119e-05
1.1390863460915643e-05
1.1390863517840994e-05
1.139086347319016e-05
1.1390863436982475e-05
1.139086345340608e-05
1.1390863454482274e-05
1.1390863497588361e-05
1.1390863492780323e-05
1.1390863504315002e-05
1.1390863530085272e-05
1.1390863459702472e-05
1.1390863472575838e-05
1.1390863492690305e-05
1.1390863466807326e-05
1.1314278130992579e-05
1.1314278130992579e-05
1.1314278104241644e-05
1.1314278157048842e-05
1.1314278116232965e-05
1.1314278100684215e-05
1.1314278094865252e-05
1.1314278085035954e-05
1.1314278134538808e-05
1.1314278132940648e-05
1.1314278151730615e-05
1.1314278148671729e-05
1.1314278114105583e-05
1.1314278100158747e-05
1.131427814932372e-05
1.1314278102642393e-05
1.1278722618856736e-05
1.1278722618856736e-05
1.1278722595581084e-05
1.1278722647364138e-05
1.127872261203679e-05
1.1278722610699084e-05
1.127872258407587e-05
1.1278722576023898e-05
1.1278722619978792e-05
1.1278722620753523e-05
1.1278722638196511e-05
1.1278722616373227e-05
1.1278722615185028e-05
1.1278722591358974e-05
1.1278722643334898e-05
1.1278722591199616e-05
1.127269091148293e-05
1.127269091148293e-05
1.1272690889076404e-05
1.1272690941244841e-05
1.1272690907930424e-05
1.1272690909403142e-05
1.1272690876875669e-05
1.1272690872193662e-05
1.127269091181495e-05
1.1272690913112544e-05
1.1272690928227319e-05
1.1272690903040582e-05
1.1272690911295879e-05
1.127269088830444e-05
1.1272690935249556e-05
1.1272690884916124e-05
1.1272677503434859e-05
1.1272677503434859e-05
1.127267748104813e-05
1.1272677533383967e-05
1.1272677500274452e-05
1.1272677501626622e-05
1.127267746879138e-05
1.1272677464911767e-05
1.1272677503703296e-05
1.1272677504995248e-05
1.1272677519562898e-05
1.1272677494629879e-05
1.1272677503371237e-05
1.1272677481219397e-05
1.1272677526627084e-05
1.1272677477120639e-05
1.1272763468913276e-05
1.1272763468913276e-05
1.127276344651649e-05
1.1272763498919306e-05
1.1272763465859119e-05
1.1272763467094698e-05
1.127276343424992e-05
1.127276343066121e-05
1.1272763469170123e-05
1.1272763470447981e-05
1.1272763484817709e-05
1.1272763460074646e-05
1.1272763468828664e-05
1.1272763447041232e-05
1.1272763491859402e-05
1.1272763442690383e-05
1.1272961237951865e-05
1.1272961237951865e-05
1.127296121552284e-05
1.1272961268112586e-05
1.1272961235186306e-05
1.12729612360769e-05
1.1272961203232639e-05
1.1272961200460828e-05
1.1272961238178824e-05
1.127296123941404e-05
1.1272961253227254e-05
1.1272961229043583e-05
1.127296123779037e-05
1.1272961217044e-05
1.1272961260196014e-05
1.1272961211986906e-05
1.1273068400918913e-05
1.1273068400918913e-05
1.1273068378446507e-05
1.1273068431281987e-05
1.1273068398539623e-05
1.1273068398963856e-05
1.127306836612814e-05
1.127306836445866e-05
1.1273068401105406e-05
1.1273068402282558e-05
1.1273068415342665e-05
1.1273068391920996e-05
1.127306840064765e-05
1.1273068381315034e-05
1.1273068422210884e-05
1.1273068375305826e-05
1.1272810033133153e-05
1.1272810033133153e-05
1.127281001058723e-05
1.1272810063832532e-05
1.1272810031422035e-05
1.1272810031037881e-05
1.1272809998228885e-05
1.1272809998481165e-05
1.1272810033247658e-05
1.1272810034323292e-05
1.1272810046064629e-05
1.1272810023981477e-05
1.1272810032660393e-05
1.1272810015811265e-05
1.1272810052755388e-05
1.1272810008144082e-05
1.1271265890466331e-05
1.1271265890466331e-05
1.1271265867810344e-05
1.1271265921652824e-05
1.1271265889793687e-05
1.1271265888150458e-05
1.1271265855412335e-05
1.1271265858688694e-05
1.127126589046361e-05
1.127126589137895e-05
1.127126590103003e-05
1.1271265881077686e-05
1.1271265889651365e-05
1.1271265876757494e-05
1.1271265907436421e-05
1.1271265866486258e-05
1.1265797724171252e-05
1.1265797724171252e-05
1.1265797701351146e-05
1.126579775603888e-05
1.1265797725151979e-05
1.1265797721497426e-05
1.1265797688949662e-05
1.1265797697139158e-05
1.1265797723967796e-05
1.1265797724621265e-05
1.1265797730836995e-05
1.1265797714410385e-05
1.1265797722734706e-05
1.1265797716390331e-05
1.1265797736768033e-05
1.1265797701901243e-05
1.124961869788922e-05
1.124961869788922e-05
1.1249618674849471e-05
1.1249618730541527e-05
1.1249618701379116e-05
1.1249618694654426e-05
1.1249618662600028e-05
1.1249618678505487e-05
1.1249618697343874e-05
1.124961869758237e-05
1.1249618698301274e-05
1.124961868757675e-05
1.1249618695306914e-05
1.1249618699568039e-05
1.1249618703451538e-05
1.1249618678488005e-05
1.1205974598201821e-05
1.1205974598201821e-05
1.1205974574932256e-05
1.1205974631291463e-05
1.1205974605212393e-05
1.120597459413266e-05
1.1205974563315465e-05
1.1205974590739607e-05
1.1205974597077502e-05
1.1205974596687003e-05
1.1205974588938067e-05
1.1205974587150835e-05
1.1205974593472418e-05
1.1205974614388592e-05
1.1205974592834285e-05
1.120597458355479e-05
1.1100304160286686e-05
1.1100304160286686e-05
1.1100304136975635e-05
1.110030419206272e-05
1.1100304171183065e-05
1.1100304155168705e-05
1.1100304127192011e-05
1.1100304169203083e-05
1.110030415825466e-05
1.1100304157043378e-05
1.1100304137904637e-05
1.1100304148516513e-05
1.1100304151727283e-05
1.1100304195828402e-05
1.1100304139987897e-05
1.1100304152859932e-05
1.0888014074173703e-05
1.0888014074173703e-05
1.0888014051467058e-05
1.0888014100228361e-05
1.0888014086479362e-05
1.088801406830186e-05
1.0888014045662082e-05
1.088801409843413e-05
1.0888014071027954e-05
1.0888014069149503e-05
1.088801403991246e-05
1.0888014062422798e-05
1.0888014059961667e-05
1.0888014126494004e-05
1.0888014040085944e-05
1.0888014075126493e-05
1.0599395001251034e-05
1.0599395001251034e-05
1.059939498009734e-05
1.0599395016458974e-05
1.0599395008183189e-05
1.0599394995927816e-05
1.0599394979758117e-05
1.0599395025566734e-05
1.0599394997466425e-05
1.0599394995830872e-05
1.059939496793656e-05
1.0599394991170937e-05
1.0599394982041455e-05
1.0599395050368159e-05
1.0599394967593687e-05
1.0599395006128214e-05
1.0414248539401401e-05
1.0414248539401401e-05
1.0414248519806602e-05
1.0414248545469977e-05
1.0414248536857285e-05
1.0414248535756973e-05
1.0414248522795188e-05
1.041424854590475e-05
1.0414248535984211e-05
1.0414248535480738e-05
1.0414248521319503e-05
1.0414248531734329e-05
1.0414248519498575e-05
1.0414248564283563e-05
1.0414248522451003e-05
1.0414248540227635e-05
1.0385087638793346e-05
1.0385087638793346e-05
1.0385087619719114e-05
1.0385087642562805e-05
1.038508763132806e-05
1.0385087636195011e-05
1.038508762288981e-05
1.0385087631658824e-05
1.0385087635933007e-05
1.0385087636189822e-05
1.0385087631944701e-05
1.0385087632248737e-05
1.0385087620519777e-05
1.0385087646536533e-05
1.0385087634426101e-05
1.0385087634827985e-05
1.0391793488410238e-05
1.0391793488410238e-05
1.039179346933721e-05
1.0391793492460173e-05
1.0391793480266272e-05
1.0391793485998706e-05
1.039179347215552e-05
1.039179347832339e-05
1.0391793485716063e-05
1.0391793486119812e-05
1.0391793483922218e-05
1.0391793481988517e-05
1.0391793470847118e-05
1.0391793492677793e-05
1.0391793486732469e-05
1.0391793483127688e-05
1.0393585563517161e-05
1.0393585563517161e-05
1.0393585544426851e-05
1.0393585567697713e-05
1.0393585555409968e-05
1.0393585561105884e-05
1.039358554717216e-05
1.0393585553328673e-05
1.039358556083579e-05
1.0393585561241843e-05
1.0393585559099354e-05
1.0393585557081014e-05
1.0393585546034118e-05
1.0393585567701534e-05
1.0393585561926616e-05
1.0393585558145776e-05
     fun: 1.0937704888755149e-05
     jac: array([ 4.48768560e-08, -8.03458988e-08, -3.39386247e-07,  1.26328700e-07,
       -1.76075218e-07,  1.16917249e-07,  6.13397333e-08,  3.52144070e-07,
       -1.27911335e-08, -8.07309561e-08, -1.28795818e-07,  2.57308557e-08,
       -6.56291377e-09, -3.33907337e-08])
 message: 'Optimization terminated successfully.'
    nfev: 1488
     nit: 93
    njev: 93
  status: 0
 success: True
       x: array([ 0.38014837, -0.66212822, -0.12704014,  0.16650418,  0.0175304 ,
        0.63125832,  0.06382161, -0.27766018, -0.47973781,  0.05355363,
        0.83730645, -0.49786689,  0.30223033, -0.17578968])

========================================================

Final result:
0.380148367060757
0.380148367060757
-0.6621282207359234
0.380148367060757
-0.12704014172562228
0.1665041781241383
0.017530400504316448
0.6312583244345703
0.06382161426030468
0.06382161426030468
-0.27766018152866284
-0.47973780945156624
0.053553629151325575
0.053553629151325575
0.8373064485898941
-0.7406142931083379
-0.7406142931083379
-0.49786688541772384
0.30223033145302536
-0.17578967873363224
0.12380874423277692
0.12380874423277692
0.12380874423277692
