0.00024367255969542985
0.00024367255969542985
0.0002436725260457197
0.00024367254731520396
0.00024367254231887018
0.00024367254321789922
0.00024367254649732508
0.00024367253183378722
0.00024367253103490093
0.0002436725533547974
0.00024367252927579497
0.00024367256884208718
0.00024367257107817935
0.0002436725614607914
0.00022333502116494324
0.00022333502116494324
0.0002233349943526062
0.00022333501103266059
0.00022333500591299472
0.00022333500694686362
0.00022333500947494745
0.00022333499572174995
0.0002233349956049324
0.00022333501557182092
0.00022333499330607097
0.00022333503021741566
0.00022333503235224677
0.0002233350229153307
0.00016374383029348213
0.00016374383029348213
0.00016374383279473378
0.00016374382982059965
0.0001637438242589111
0.00016374382587186926
0.00016374382518386744
0.00016374381540728845
0.00016374381829806976
0.00016374382797163943
0.0001637438136490812
0.00016374383886245584
0.0001637438405188899
0.0001637438319637817
0.00014816906606342288
0.00014816906606342288
0.0001481690880560549
0.00014816907204963093
0.0001481690663378979
0.0001481690683373878
0.0001481690655192663
0.00014816905851012784
0.00014816906353745245
0.0001481690660269946
0.00014816905726802907
0.00014816907417782385
0.00014816907544226428
0.00014816906765392876
0.00014370923344122008
0.00014370923344122008
0.0001437092577974435
0.0001437092402527882
0.00014370923468975952
0.00014370923673764083
0.00014370923367073137
0.00014370922714128137
0.00014370923258443495
0.00014370923380975406
0.00014370922605382085
0.00014370924134510975
0.00014370924247575207
0.0001437092349910498
0.00011846975506459105
0.00011846975506459105
0.00011846978159548186
0.0001184697629018926
0.00011846975853139112
0.00011846976063242794
0.00011846975739603657
0.00011846975222477647
0.00011846975903283438
0.00011846975661387398
0.00011846975186423235
0.00011846976178694713
0.00011846976224616738
0.00011846975637986921
7.635396333005993e-05
7.635396333005993e-05
7.63539804919974e-05
7.635396898836317e-05
7.63539683593476e-05
7.635397030083656e-05
7.635396829186702e-05
7.63539649976102e-05
7.635397415782661e-05
7.635396658822822e-05
7.63539664300847e-05
7.635396681845017e-05
7.635396555008531e-05
7.635396399455792e-05
6.837067075901848e-05
6.837067075901848e-05
6.837067658040877e-05
6.837067294187795e-05
6.837067352065052e-05
6.837067523915409e-05
6.837067452683128e-05
6.837067063513488e-05
6.837067952707141e-05
6.837067354228794e-05
6.837067240528675e-05
6.837067342684995e-05
6.837067178493947e-05
6.837067125305531e-05
6.620867365480012e-05
6.620867365480012e-05
6.620867145020484e-05
6.620867325137487e-05
6.620867418329564e-05
6.620867573358752e-05
6.620867590571223e-05
6.620867118987301e-05
6.620867936648015e-05
6.620867571539664e-05
6.620867293629305e-05
6.620867617966285e-05
6.620867451695278e-05
6.620867411523842e-05
6.582203548489023e-05
6.582203548489023e-05
6.582203205076546e-05
6.582203465854191e-05
6.58220355390056e-05
6.582203705460765e-05
6.582203734992123e-05
6.582203246002713e-05
6.582204035383111e-05
6.582203735066909e-05
6.582203416360583e-05
6.58220380462521e-05
6.582203641353204e-05
6.582203595143491e-05
6.459869763919264e-05
6.459869763919264e-05
6.459869200199079e-05
6.459869602911652e-05
6.459869671577219e-05
6.459869814176114e-05
6.459869863113337e-05
6.459869348590264e-05
6.459870053098817e-05
6.459869906714354e-05
6.459869511988671e-05
6.459870022796759e-05
6.459869863046165e-05
6.459869810778231e-05
6.241489787338942e-05
6.241489787338942e-05
6.241489035211718e-05
6.2414895556948e-05
6.241489593731997e-05
6.241489722624344e-05
6.241489782716582e-05
6.241489266344696e-05
6.241489830185193e-05
6.241489879477496e-05
6.241489430094092e-05
6.241490032160667e-05
6.241489866900423e-05
6.241489830808736e-05
5.848903840950237e-05
5.848903840950237e-05
5.848903026410025e-05
5.848903575891142e-05
5.848903564861614e-05
5.8489036714534484e-05
5.8489037194038e-05
5.8489032632454575e-05
5.848903582612335e-05
5.8489038792621664e-05
5.8489034469137846e-05
5.8489040307584766e-05
5.848903837459938e-05
5.8489038723948434e-05
5.47352801003075e-05
5.47352801003075e-05
5.4735274619836234e-05
5.473527823620077e-05
5.473527773296043e-05
5.4735278613093524e-05
5.473527859720418e-05
5.473527536562483e-05
5.473527632757628e-05
5.473528041193298e-05
5.473527762237226e-05
5.473528111820452e-05
5.473527870189306e-05
5.4735280229197144e-05
5.3041588782786024e-05
5.3041588782786024e-05
5.3041587353797925e-05
5.304158825536752e-05
5.304158770274488e-05
5.3041588549832936e-05
5.3041588004170144e-05
5.304158593930749e-05
5.304158629334498e-05
5.304158950633779e-05
5.304158855516101e-05
5.304158917268465e-05
5.304158639201055e-05
5.3041588783368485e-05
5.272287078016472e-05
5.272287078016472e-05
5.2722871205371693e-05
5.272287089711094e-05
5.272287044879107e-05
5.2722871337255835e-05
5.2722870601268426e-05
5.2722868875361214e-05
5.272286959213393e-05
5.272287181116559e-05
5.2722871590323496e-05
5.272287104763789e-05
5.272286818745177e-05
5.2722870757834924e-05
5.26253264723409e-05
5.26253264723409e-05
5.262532737529501e-05
5.2625326763721636e-05
5.262532637515811e-05
5.262532728733996e-05
5.2625326516395016e-05
5.262532483098713e-05
5.262532580263786e-05
5.2625327611267337e-05
5.262532755378454e-05
5.262532675198021e-05
5.262532389595958e-05
5.262532645369484e-05
5.240659925534226e-05
5.240659925534226e-05
5.240660076984133e-05
5.2406599774179526e-05
5.240659947881411e-05
5.240660042417828e-05
5.240659961704316e-05
5.24065979685071e-05
5.240659933733159e-05
5.240660054192962e-05
5.24066006903794e-05
5.240659957514156e-05
5.240659674195564e-05
5.240659924704009e-05
5.1870712131725764e-05
5.1870712131725764e-05
5.187071453173733e-05
5.187071298222159e-05
5.187071283196826e-05
5.1870713818420656e-05
5.187071296730894e-05
5.187071138310269e-05
5.187071334500748e-05
5.187071362635565e-05
5.187071409248048e-05
5.1870712530050576e-05
5.18707097519237e-05
5.1870712143549835e-05
5.052588779085856e-05
5.052588779085856e-05
5.052589149800042e-05
5.052588913404849e-05
5.052588921326956e-05
5.0525890237321084e-05
5.052588933868962e-05
5.0525887894867894e-05
5.052589072295905e-05
5.052588956716755e-05
5.052589056247533e-05
5.052588834354048e-05
5.052588569621731e-05
5.0525887842620774e-05
4.747792042503715e-05
4.747792042503715e-05
4.747792573379939e-05
4.747792237916677e-05
4.747792277585455e-05
4.747792378440982e-05
4.747792287158235e-05
4.747792172306867e-05
4.7477925571476734e-05
4.747792247711683e-05
4.747792428041645e-05
4.7477921262327824e-05
4.7477918901870075e-05
4.7477920551360853e-05
4.1772250254897655e-05
4.1772250254897655e-05
4.177225665605094e-05
4.177225264495294e-05
4.177225335482368e-05
4.177225418639474e-05
4.177225338243214e-05
4.17722527686373e-05
4.177225719812387e-05
4.177225230721067e-05
4.1772255091889383e-05
4.177225154181564e-05
4.17722497173804e-05
4.1772250500731126e-05
3.476064005069235e-05
3.476064005069235e-05
3.476064537375842e-05
3.476064207830734e-05
3.4760642819853336e-05
3.476064323795837e-05
3.4760642745796486e-05
3.476064278119913e-05
3.476064623129983e-05
3.476064143888135e-05
3.4760644773975184e-05
3.476064179497959e-05
3.476064064342347e-05
3.476064042075312e-05
3.0567648924248044e-05
3.0567648924248044e-05
3.05676511203231e-05
3.056764981104946e-05
3.0567650194342276e-05
3.056765018839658e-05
3.056765004873639e-05
3.056765041391553e-05
3.056765155979959e-05
3.056764926138916e-05
3.0567652188005675e-05
3.0567650804852663e-05
3.056765001962848e-05
3.056764933479784e-05
2.9623448826116095e-05
2.9623448826116095e-05
2.962344892173433e-05
2.9623448930794947e-05
2.9623448994096694e-05
2.9623448837726342e-05
2.9623448840192373e-05
2.962344915481633e-05
2.962344884823775e-05
2.9623448609281786e-05
2.9623450909889184e-05
2.9623450588456596e-05
2.9623449772870336e-05
2.9623449207553737e-05
2.9523560255161987e-05
2.9523560255161987e-05
2.9523559894015934e-05
2.9523560185856037e-05
2.9523560160169004e-05
2.9523560001280318e-05
2.952356001467175e-05
2.9523560253807185e-05
2.952355965564751e-05
2.952355995234148e-05
2.952356203294603e-05
2.9523561940434267e-05
2.9523561054280805e-05
2.9523560616576438e-05
2.947236666615636e-05
2.947236666615636e-05
2.9472366184069817e-05
2.947236654944232e-05
2.9472366493768647e-05
2.947236634069469e-05
2.9472366354521672e-05
2.9472366554986595e-05
2.9472365888932527e-05
2.947236634844268e-05
2.9472368345788538e-05
2.947236831395751e-05
2.947236739272159e-05
2.947236701783428e-05
2.929151716713571e-05
2.929151716713571e-05
2.9291516444895317e-05
2.929151695456638e-05
2.9291516831714732e-05
2.9291516688871113e-05
2.929151671131289e-05
2.9291516819638878e-05
2.9291516033109274e-05
2.9291516820108293e-05
2.9291518629459072e-05
2.9291518720051255e-05
2.9291517721958435e-05
2.9291517494454137e-05
2.8886410777058725e-05
2.8886410777058725e-05
2.888640975066436e-05
2.8886410440067517e-05
2.88864102192347e-05
2.888641007817302e-05
2.88864101352192e-05
2.888641010769724e-05
2.8886409196120213e-05
2.888641038429625e-05
2.8886411924139283e-05
2.8886412174892945e-05
2.888641107956767e-05
2.888641106525173e-05
2.787427970356284e-05
2.787427970356284e-05
2.787427826971404e-05
2.7874279191926954e-05
2.7874278806016114e-05
2.78742786345803e-05
2.7874278804213092e-05
2.7874278547101574e-05
2.787427754154832e-05
2.787427922340477e-05
2.7874280322278222e-05
2.787428080176162e-05
2.7874279581378015e-05
2.787427991767751e-05
2.5848087861126852e-05
2.5848087861126852e-05
2.5848086111005263e-05
2.584808719230271e-05
2.5848086586444334e-05
2.584808630176499e-05
2.5848086739478434e-05
2.5848086175427736e-05
2.5848085297063e-05
2.5848087241325072e-05
2.584808778082984e-05
2.5848088476615412e-05
2.5848087174709685e-05
2.584808795879077e-05
2.286073456048068e-05
2.286073456048068e-05
2.28607330043771e-05
2.286073391297185e-05
2.286073312309033e-05
2.2860732596479948e-05
2.286073349739838e-05
2.2860732674260564e-05
2.2860732413578755e-05
2.286073377668438e-05
2.2860733903687393e-05
2.286073460169936e-05
2.2860733404661113e-05
2.2860734524451707e-05
2.0506232073708317e-05
2.0506232073708317e-05
2.050623140982717e-05
2.050623172837987e-05
2.050623095901504e-05
2.050623016658233e-05
2.0506231491458913e-05
2.050623069210713e-05
2.050623138199254e-05
2.0506231214150676e-05
2.0506231494753064e-05
2.0506231836787164e-05
2.0506230974036863e-05
2.0506231979705468e-05
1.9745193550922697e-05
1.9745193550922697e-05
1.9745193687330336e-05
1.974519350870425e-05
1.974519289366028e-05
1.9745191996320502e-05
1.9745193433224308e-05
1.9745192844912868e-05
1.9745194092084003e-05
1.9745192729715953e-05
1.9745193465172947e-05
1.9745193431117106e-05
1.9745192846610586e-05
1.9745193491308145e-05
1.964725586506809e-05
1.964725586506809e-05
1.9647256231877123e-05
1.9647255919035448e-05
1.9647255385957055e-05
1.964725449623496e-05
1.9647255890419226e-05
1.964725541418191e-05
1.9647256741511816e-05
1.964725508417693e-05
1.964725603255663e-05
1.964725587533483e-05
1.9647255366970195e-05
1.9647255838049015e-05
1.9621200945421117e-05
1.9621200945421117e-05
1.9621201348613296e-05
1.962120101763777e-05
1.9621200510049344e-05
1.962119963530695e-05
1.9621200996616483e-05
1.962120055393594e-05
1.9621201868629374e-05
1.9621200180581625e-05
1.9621201183249883e-05
1.9621201002555905e-05
1.9621200507295897e-05
1.962120092973663e-05
1.954878181172272e-05
1.954878181172272e-05
1.9548782263036835e-05
1.9548781912271353e-05
1.9548781454884143e-05
1.9548780620560735e-05
1.9548781901696764e-05
1.954878152138819e-05
1.954878278952285e-05
1.9548781080625203e-05
1.9548782167404623e-05
1.9548781952483114e-05
1.9548781481281552e-05
1.9548781816077193e-05
1.938546392959343e-05
1.938546392959343e-05
1.9385464430120177e-05
1.938546406718853e-05
1.938546369212012e-05
1.9385462940605174e-05
1.9385464068212926e-05
1.9385463782351212e-05
1.9385464950525368e-05
1.938546325628269e-05
1.93854644358418e-05
1.9385464182254274e-05
1.9385463754139594e-05
1.938546396052937e-05
1.9008636207842893e-05
1.9008636207842893e-05
1.9008636738095028e-05
1.9008636392923715e-05
1.9008636163624334e-05
1.900863559189742e-05
1.90086364038654e-05
1.9008636268749176e-05
1.9008637215867723e-05
1.900863564153367e-05
1.9008636890967602e-05
1.9008636603675328e-05
1.900863626143538e-05
1.9008636272234978e-05
1.8356663962194915e-05
1.8356663962194915e-05
1.8356664428634617e-05
1.835666417872258e-05
1.835666414665216e-05
1.835666387852549e-05
1.8356664183862282e-05
1.8356664222483207e-05
1.8356664791083427e-05
1.8356663549158062e-05
1.8356664720257338e-05
1.8356664450593916e-05
1.8356664242539673e-05
1.8356664046823878e-05
1.764506823869865e-05
1.764506823869865e-05
1.764506849212036e-05
1.764506842734189e-05
1.7645068545509863e-05
1.764506860403928e-05
1.764506839770415e-05
1.764506852084662e-05
1.7645068675624135e-05
1.764506795594817e-05
1.7645068793706098e-05
1.764506863744726e-05
1.764506856020425e-05
1.7645068299113636e-05
1.7295390344719506e-05
1.7295390344719506e-05
1.729539037265258e-05
1.7295390460302992e-05
1.7295390570981145e-05
1.729539075016978e-05
1.7295390388825616e-05
1.7295390439086416e-05
1.7295390434218037e-05
1.7295390075082233e-05
1.7295390536207986e-05
1.72953905178716e-05
1.729539047524449e-05
1.7295390349419044e-05
1.723411831321493e-05
1.723411831321493e-05
1.7234118261280486e-05
1.7234118386719235e-05
1.7234118432806756e-05
1.723411857092767e-05
1.7234118298583723e-05
1.723411826266962e-05
1.723411830470591e-05
1.7234118002039907e-05
1.7234118320676493e-05
1.7234118357832976e-05
1.723411828890957e-05
1.723411828699021e-05
1.7230369571014043e-05
1.7230369571014043e-05
1.7230369515536577e-05
1.723036963733865e-05
1.7230369660276947e-05
1.7230369769043946e-05
1.723036954789844e-05
1.7230369488425888e-05
1.7230369566301853e-05
1.7230369243151946e-05
1.7230369552211836e-05
1.7230369593993227e-05
1.723036951135697e-05
1.7230369539754082e-05
1.7229437883305875e-05
1.7229437883305875e-05
1.7229437829518074e-05
1.722943794868496e-05
1.7229437966015065e-05
1.7229438066076815e-05
1.7229437859447404e-05
1.7229437795051006e-05
1.7229437883394807e-05
1.7229437551562474e-05
1.722943786217402e-05
1.722943790351074e-05
1.7229437817215662e-05
1.7229437851442136e-05
1.7225430244348786e-05
1.7225430244348786e-05
1.7225430195821496e-05
1.722543030748974e-05
1.722543031016899e-05
1.7225430386575146e-05
1.7225430219114577e-05
1.7225430142256102e-05
1.722543025800819e-05
1.7225429903754853e-05
1.7225430218474244e-05
1.7225430258077286e-05
1.7225430162467047e-05
1.7225430211118403e-05
1.721641792266664e-05
1.721641792266664e-05
1.721641788142625e-05
1.721641798284397e-05
1.7216417966044197e-05
1.7216418009858246e-05
1.7216417896075226e-05
1.7216417803088326e-05
1.7216417954163784e-05
1.7216417573401064e-05
1.721641789095885e-05
1.721641792794726e-05
1.7216417820797457e-05
1.7216417887705064e-05
1.71918228506605e-05
1.71918228506605e-05
1.7191822821903198e-05
1.7191822905867612e-05
1.7191822856886706e-05
1.719182284400568e-05
1.719182282291804e-05
1.7191822704363495e-05
1.7191822910556173e-05
1.719182249536036e-05
1.7191822810043043e-05
1.7191822842090527e-05
1.7191822718191955e-05
1.7191822812986706e-05
1.71360384628892e-05
1.71360384628892e-05
1.713603845166076e-05
1.7136038511327035e-05
1.7136038419826694e-05
1.7136038325036622e-05
1.713603843628911e-05
1.7136038286596854e-05
1.7136038557565994e-05
1.7136038120093477e-05
1.7136038412198027e-05
1.7136038436220515e-05
1.713603829592063e-05
1.7136038421982016e-05
1.702822140314056e-05
1.702822140314056e-05
1.7028221411023522e-05
1.7028221444680776e-05
1.7028221313032618e-05
1.7028221123527973e-05
1.7028221384225764e-05
1.7028221211693044e-05
1.7028221523837726e-05
1.7028221122993634e-05
1.7028221347136668e-05
1.7028221359872422e-05
1.7028221218309357e-05
1.7028221360047117e-05
1.6891779301404544e-05
1.6891779301404544e-05
1.6891779315200634e-05
1.6891779341902554e-05
1.6891779211891423e-05
1.6891778980823888e-05
1.6891779299449063e-05
1.689177914500023e-05
1.6891779403204768e-05
1.6891779151633527e-05
1.6891779256593597e-05
1.689177926009222e-05
1.6891779155768897e-05
1.6891779260666227e-05
1.6806239361113712e-05
1.6806239361113712e-05
1.680623935892797e-05
1.6806239409141435e-05
1.6806239335390544e-05
1.6806239163746704e-05
1.6806239376261568e-05
1.6806239281499516e-05
1.6806239397668276e-05
1.6806239338063943e-05
1.6806239341460003e-05
1.6806239345126297e-05
1.6806239302584575e-05
1.6806239327095767e-05
1.6786336140005572e-05
1.6786336140005572e-05
1.678633612098421e-05
1.6786336195049744e-05
1.678633616878224e-05
1.6786336070011075e-05
1.6786336160949634e-05
1.6786336107984897e-05
1.6786336130413517e-05
1.678633615742519e-05
1.67863361360948e-05
1.6786336144752687e-05
1.678633613575523e-05
1.678633611052651e-05
1.6784975304640286e-05
1.6784975304640286e-05
1.6784975280859294e-05
1.6784975361529746e-05
1.6784975346912892e-05
1.6784975270292128e-05
1.6784975325382842e-05
1.678497528106235e-05
1.678497528540193e-05
1.6784975319496966e-05
1.67849753035607e-05
1.6784975314354748e-05
1.6784975310092786e-05
1.678497527606222e-05
1.6784960602859234e-05
1.6784960602859234e-05
1.6784960578692378e-05
1.6784960659876383e-05
1.6784960645931208e-05
1.678496057134647e-05
1.6784960623301598e-05
1.6784960579194207e-05
1.6784960583362385e-05
1.6784960615351045e-05
1.6784960601759782e-05
1.678496061283882e-05
1.6784960608229487e-05
1.6784960574295626e-05
1.678492354006815e-05
1.678492354006815e-05
1.6784923515659142e-05
1.678492359715843e-05
1.6784923583561132e-05
1.6784923510322997e-05
1.6784923560244067e-05
1.6784923516139288e-05
1.6784923520551445e-05
1.6784923550487995e-05
1.6784923538888486e-05
1.6784923550177053e-05
1.6784923545150526e-05
1.6784923511498184e-05
1.678474267698939e-05
1.678474267698939e-05
1.678474265210551e-05
1.6784742734218198e-05
1.678474272128752e-05
1.6784742650715847e-05
1.6784742696622217e-05
1.6784742652496805e-05
1.6784742657466527e-05
1.6784742683207577e-05
1.67847426756369e-05
1.678474268734433e-05
1.6784742681452972e-05
1.678474264840489e-05
1.678420473034221e-05
1.678420473034221e-05
1.6784204704752847e-05
1.6784204787767928e-05
1.6784204775827524e-05
1.6784204709247926e-05
1.6784204749157042e-05
1.678420470500569e-05
1.6784204710817868e-05
1.6784204730277345e-05
1.678420472872959e-05
1.678420474106325e-05
1.6784204733873905e-05
1.678420470173921e-05
1.6782593848244623e-05
1.6782593848244623e-05
1.6782593821486225e-05
1.6782593905973384e-05
1.6782593895680026e-05
1.678259383579267e-05
1.6782593865680474e-05
1.6782593821509614e-05
1.678259382872667e-05
1.6782593837706544e-05
1.6782593846197517e-05
1.6782593859577114e-05
1.6782593850217895e-05
1.6782593819620567e-05
1.6778174121938135e-05
1.6778174121938135e-05
1.6778174093334984e-05
1.677817418008433e-05
1.6778174172406387e-05
1.677817412327813e-05
1.677817413713777e-05
1.6778174092999163e-05
1.677817410245136e-05
1.6778174094721977e-05
1.677817411919737e-05
1.677817413424835e-05
1.6778174121418575e-05
1.6778174093306117e-05
1.6766216711025517e-05
1.6766216711025517e-05
1.6766216679505327e-05
1.676621676967121e-05
1.6766216766172573e-05
1.676621673458361e-05
1.6766216722530003e-05
1.676621667860924e-05
1.6766216691643777e-05
1.6766216657036406e-05
1.6766216707166685e-05
1.676621672491583e-05
1.676621670647522e-05
1.6766216682447763e-05
1.6734857632406268e-05
1.6734857632406268e-05
1.6734857596450983e-05
1.673485769138644e-05
1.6734857694357404e-05
1.6734857690827384e-05
1.6734857637871704e-05
1.673485759472368e-05
1.6734857613331462e-05
1.6734857536652547e-05
1.6734857626791364e-05
1.673485764878891e-05
1.6734857621492465e-05
1.673485760408784e-05
1.665540474010326e-05
1.665540474010326e-05
1.6655404697924344e-05
1.665540479841782e-05
1.665540481077555e-05
1.6655404850337617e-05
1.6655404735970232e-05
1.6655404695085764e-05
1.6655404721852612e-05
1.665540458291497e-05
1.665540473187429e-05
1.6655404760223726e-05
1.6655404719631966e-05
1.665540471262104e-05
1.6469232860953214e-05
1.6469232860953214e-05
1.646923281185548e-05
1.6469232915441316e-05
1.6469232939072346e-05
1.6469233036650728e-05
1.646923284309256e-05
1.6469232807931276e-05
1.6469232844688518e-05
1.6469232627777953e-05
1.6469232849410642e-05
1.6469232885882726e-05
1.6469232828149522e-05
1.646923283568502e-05
1.6105400841596575e-05
1.6105400841596575e-05
1.6105400789846375e-05
1.610540088555167e-05
1.610540091596622e-05
1.6105401065485323e-05
1.6105400809493856e-05
1.6105400785945944e-05
1.6105400829235636e-05
1.6105400556701746e-05
1.6105400827586728e-05
1.610540087028991e-05
1.610540079905015e-05
1.6105400820949943e-05
1.5632161375831333e-05
1.5632161375831333e-05
1.5632161333581174e-05
1.563216140266211e-05
1.5632161423673858e-05
1.5632161566840133e-05
1.563216134041344e-05
1.5632161332257167e-05
1.5632161368499948e-05
1.563216113951562e-05
1.5632161363416832e-05
1.5632161402660963e-05
1.5632161337839676e-05
1.5632161361457167e-05
1.5349465437446622e-05
1.5349465437446622e-05
1.5349465412737322e-05
1.534946545134795e-05
1.5349465449923864e-05
1.5349465520138325e-05
1.534946541441779e-05
1.5349465415263415e-05
1.5349465432924123e-05
1.5349465337391624e-05
1.5349465430445366e-05
1.534946545687666e-05
1.5349465418202833e-05
1.534946542687669e-05
1.5308995873462826e-05
1.5308995873462826e-05
1.530899585830523e-05
1.5308995884976413e-05
1.530899587007177e-05
1.5308995885318933e-05
1.530899586178884e-05
1.5308995862701727e-05
1.530899586885711e-05
1.5308995859200137e-05
1.530899587002386e-05
1.530899588787764e-05
1.530899586700204e-05
1.5308995863028133e-05
1.5317437701291203e-05
1.5317437701291203e-05
1.5317437687538362e-05
1.5317437713617084e-05
1.531743769641402e-05
1.531743769976603e-05
1.5317437692439637e-05
1.5317437692153025e-05
1.5317437696269947e-05
1.53174377025445e-05
1.5317437698530058e-05
1.531743771472154e-05
1.531743769735433e-05
1.5317437690392152e-05
1.5319482749152736e-05
1.5319482749152736e-05
1.53194827353311e-05
1.531948276172549e-05
1.531948274455719e-05
1.531948274755257e-05
1.531948274044708e-05
1.5319482739920666e-05
1.5319482744052405e-05
1.5319482750360462e-05
1.531948274639661e-05
1.5319482762569992e-05
1.531948274525126e-05
1.5319482738157015e-05
1.5319626248892357e-05
1.5319626248892357e-05
1.531962623504927e-05
1.531962626148664e-05
1.5319626244344305e-05
1.531962624741035e-05
1.5319626240177374e-05
1.5319626239633375e-05
1.5319626243786585e-05
1.5319626249947435e-05
1.5319626246130718e-05
1.531962626231695e-05
1.5319626244971492e-05
1.5319626237889518e-05
1.5320027988750005e-05
1.5320027988750005e-05
1.5320027974843337e-05
1.5320028001405586e-05
1.5320027984341026e-05
1.532002798762455e-05
1.5320027980005556e-05
1.5320027979409702e-05
1.5320027983628756e-05
1.5320027989346364e-05
1.5320027985972883e-05
1.532002800219497e-05
1.5320027984771637e-05
1.5320027977726712e-05
1.532054626191221e-05
1.532054626191221e-05
1.5320546247922088e-05
1.5320546274647586e-05
1.532054625768576e-05
1.5320546261257178e-05
1.5320546253129954e-05
1.532054625246132e-05
1.5320546256770502e-05
1.5320546261904115e-05
1.532054625911756e-05
1.5320546275379755e-05
1.5320546257861325e-05
1.532054625086152e-05
1.532143109187456e-05
1.532143109187456e-05
1.5321431077738455e-05
1.5321431104748004e-05
1.5321431087967438e-05
1.5321431092047724e-05
1.5321431083028945e-05
1.5321431082219466e-05
1.5321431086696523e-05
1.532143109080382e-05
1.532143108905699e-05
1.532143110536985e-05
1.5321431087705024e-05
1.5321431080774224e-05
1.5322746023856338e-05
1.5322746023856338e-05
1.5322746009494095e-05
1.5322746036939758e-05
1.532274602044397e-05
1.532274602532598e-05
1.5322746014919703e-05
1.5322746013857192e-05
1.532274601862053e-05
1.5322746021125843e-05
1.5322746021023243e-05
1.5322746037364288e-05
1.5322746019524188e-05
1.5322746012674676e-05
1.532469879429611e-05
1.532469879429611e-05
1.5324698779572794e-05
1.5324698807704513e-05
1.532469879167408e-05
1.532469879787193e-05
1.5324698785233136e-05
1.5324698783673975e-05
1.5324698788964177e-05
1.532469878887916e-05
1.532469879149121e-05
1.5324698807743795e-05
1.5324698789760578e-05
1.532469878297283e-05
1.53272877903497e-05
1.53272877903497e-05
1.532728777507674e-05
1.5327287804225663e-05
1.532728778893171e-05
1.5327287797226898e-05
1.5327287781144483e-05
1.532728777858501e-05
1.532728778486116e-05
1.5327287780747485e-05
1.5327287787727443e-05
1.532728780349331e-05
1.5327287785652795e-05
1.5327287778779767e-05
1.532995346982564e-05
1.532995346982564e-05
1.5329953453773136e-05
1.5329953484292347e-05
1.5329953470117786e-05
1.5329953481638884e-05
1.532995346055215e-05
1.5329953455922686e-05
1.5329953464087538e-05
1.532995345403208e-05
1.532995346783492e-05
1.532995348197214e-05
1.5329953465295237e-05
1.532995345782316e-05
1.5330340504896107e-05
1.5330340504896107e-05
1.533034048795403e-05
1.5330340519841122e-05
1.5330340507146497e-05
1.533034052302855e-05
1.533034049590582e-05
1.533034048715261e-05
1.5330340498798964e-05
1.5330340481346548e-05
1.5330340504633713e-05
1.5330340514374043e-05
1.5330340501624933e-05
1.5330340492176247e-05
1.5323015772416632e-05
1.5323015772416632e-05
1.532301575506336e-05
1.5323015787016553e-05
1.532301577559168e-05
1.532301579545454e-05
1.5323015764601324e-05
1.5323015748849015e-05
1.5323015765938867e-05
1.532301574328467e-05
1.5323015775866123e-05
1.5323015776235853e-05
1.5323015772818837e-05
1.5323015758718355e-05
1.530367749442593e-05
1.530367749442593e-05
1.530367747814877e-05
1.5303677507023478e-05
1.5303677495281233e-05
1.530367751480958e-05
1.530367748889368e-05
1.5303677465323056e-05
1.5303677487842603e-05
1.5303677469654142e-05
1.5303677503109613e-05
1.530367749034565e-05
1.530367750107799e-05
1.530367747996909e-05
1.528206140350595e-05
1.528206140350595e-05
1.5282061389416608e-05
1.528206141344067e-05
1.5282061399596697e-05
1.5282061413557332e-05
1.5282061400018696e-05
1.528206137322018e-05
1.5282061397241902e-05
1.5282061392566317e-05
1.528206141558561e-05
1.528206139437234e-05
1.5282061415175507e-05
1.5282061389115983e-05
1.5272501506555812e-05
1.5272501506555812e-05
1.5272501493739373e-05
1.527250151527723e-05
1.5272501499863168e-05
1.527250150941709e-05
1.527250150363896e-05
1.527250147798623e-05
1.5272501500604813e-05
1.5272501504849888e-05
1.5272501518881337e-05
1.527250149711002e-05
1.5272501519308747e-05
1.5272501492589323e-05
1.5271305575219042e-05
1.5271305575219042e-05
1.5271305562611292e-05
1.5271305583825364e-05
1.5271305568067512e-05
1.527130557660622e-05
1.527130557224134e-05
1.5271305547532717e-05
1.5271305569351042e-05
1.527130557532382e-05
1.5271305587151764e-05
1.527130556637984e-05
1.5271305587689932e-05
1.5271305561418717e-05
1.5271365403829847e-05
1.5271365403829847e-05
1.527136539122136e-05
1.5271365412457173e-05
1.5271365396679636e-05
1.527136540514844e-05
1.527136540081464e-05
1.5271365376290404e-05
1.5271365397969216e-05
1.5271365404002083e-05
1.5271365415655908e-05
1.5271365395152422e-05
1.5271365416187015e-05
1.527136539005358e-05
1.5271481480221107e-05
1.5271481480221107e-05
1.5271481467605e-05
1.5271481488883344e-05
1.5271481473088053e-05
1.5271481481480855e-05
1.5271481477152473e-05
1.5271481452877792e-05
1.5271481474368584e-05
1.527148148043926e-05
1.5271481491896806e-05
1.5271481471771052e-05
1.5271481492413584e-05
1.5271481466477533e-05
1.5271652631465925e-05
1.5271652631465925e-05
1.5271652618835895e-05
1.527165264018542e-05
1.5271652624366285e-05
1.527165263263387e-05
1.527165262831291e-05
1.5271652604446496e-05
1.5271652625625166e-05
1.52716526317503e-05
1.52716526428912e-05
1.5271652623393457e-05
1.5271652643382974e-05
1.5271652617779625e-05
1.527186835070419e-05
1.527186835070419e-05
1.5271868338050115e-05
1.5271868359515404e-05
1.527186834366761e-05
1.527186835171938e-05
1.5271868347422077e-05
1.5271868324225704e-05
1.5271868344879213e-05
1.5271868351092054e-05
1.527186836170874e-05
1.5271868343263278e-05
1.5271868362157398e-05
1.527186833712221e-05
1.527205594180374e-05
1.527205594180374e-05
1.527205592910738e-05
1.5272055950760032e-05
1.52720559348914e-05
1.5272055942559405e-05
1.5272055938332913e-05
1.5272055916242484e-05
1.527205593599602e-05
1.5272055942351932e-05
1.527205595208943e-05
1.5272055935435193e-05
1.5272055952461687e-05
1.5272055928420473e-05
1.5271946816844525e-05
1.5271946816844525e-05
1.5271946804072118e-05
1.5271946826023587e-05
1.5271946810187506e-05
1.527194681715413e-05
1.527194681312495e-05
1.5271946792854095e-05
1.527194681104309e-05
1.527194681763048e-05
1.5271946825885697e-05
1.527194681231607e-05
1.5271946826119248e-05
1.5271946803855373e-05
1.5270770056860055e-05
1.5270770056860055e-05
1.527077004394958e-05
1.527077006635692e-05
1.5270770050738467e-05
1.5270770056406974e-05
1.527077005289431e-05
1.5270770035541503e-05
1.527077005101379e-05
1.5270770057962977e-05
1.5270770063752335e-05
1.5270770055469986e-05
1.527077006373106e-05
1.5270770044669144e-05
1.5266755561107372e-05
1.5266755561107372e-05
1.526675554795705e-05
1.526675557097364e-05
1.526675555606786e-05
1.526675555942851e-05
1.5266755557147432e-05
1.5266755544051838e-05
1.5266755555064557e-05
1.5266755562518972e-05
1.5266755564499064e-05
1.5266755564743735e-05
1.526675556402871e-05
1.5266755550478162e-05
1.5257281636661966e-05
1.5257281636661966e-05
1.5257281623163239e-05
1.5257281646717609e-05
1.5257281633482697e-05
1.5257281633391231e-05
1.5257281633533999e-05
1.5257281625078577e-05
1.5257281630108233e-05
1.5257281638062147e-05
1.5257281635411057e-05
1.5257281646790129e-05
1.5257281634276403e-05
1.5257281628633437e-05
1.5242464350594448e-05
1.5242464350594448e-05
1.5242464336788472e-05
1.52424643602504e-05
1.524246434952649e-05
1.5242464346227778e-05
1.5242464349544334e-05
1.5242464342661405e-05
1.5242464343222204e-05
1.5242464351234184e-05
1.5242464345971151e-05
1.5242464365126242e-05
1.5242464344230998e-05
1.5242464345401533e-05
1.5230207411319849e-05
1.5230207411319849e-05
1.5230207397480108e-05
1.5230207420117362e-05
1.5230207411160744e-05
1.5230207407275216e-05
1.5230207412430121e-05
1.5230207402098803e-05
1.5230207403328795e-05
1.5230207410797396e-05
1.5230207407363214e-05
1.5230207424436839e-05
1.5230207405528277e-05
1.5230207407217972e-05
1.5226473878214598e-05
1.5226473878214598e-05
1.5226473864496027e-05
1.5226473886502496e-05
1.5226473877777343e-05
1.5226473874964613e-05
1.5226473880088135e-05
1.5226473866170308e-05
1.522647387011308e-05
1.5226473877108472e-05
1.5226473876437591e-05
1.5226473888039581e-05
1.5226473874818276e-05
1.5226473873632972e-05
1.5226462189181412e-05
1.5226462189181412e-05
1.5226462175517441e-05
1.5226462197384337e-05
1.5226462188498553e-05
1.5226462186210963e-05
1.5226462191055681e-05
1.5226462176164791e-05
1.5226462181124091e-05
1.5226462188003872e-05
1.522646218820246e-05
1.5226462197860052e-05
1.5226462186685364e-05
1.5226462184245094e-05
1.5226578880789952e-05
1.5226578880789952e-05
1.5226578867132462e-05
1.52265788889952e-05
1.522657888006766e-05
1.522657887784592e-05
1.5226578882634854e-05
1.5226578867683698e-05
1.5226578872745914e-05
1.522657887962036e-05
1.5226578879889881e-05
1.5226578889361497e-05
1.5226578878385327e-05
1.5226578875799686e-05
     fun: 1.563970375095832e-05
     jac: array([-7.47695594e-09,  4.93409971e-08, -1.44765409e-07,  2.83635018e-08,
        1.84851388e-07,  4.09454515e-08, -4.78671609e-08, -2.86181603e-08,
       -9.49285095e-09,  1.86553279e-08, -7.54948815e-09, -2.00013801e-08])
 message: 'Optimization terminated successfully.'
    nfev: 1372
     nit: 98
    njev: 98
  status: 0
 success: True
       x: array([ 0.40067539, -0.64976021, -0.19417483,  0.23708891, -0.40122714,
        0.76800747,  0.22844165, -0.08094223, -0.49157327, -0.60978409,
        0.34812265, -0.16301357])

========================================================

Final result:
0.40067539292656723
0.40067539292656723
-0.6497602068990677
0.40067539292656723
-0.19417483222155535
0.23708891228231516
-0.40122713585102154
0.7680074711803676
0.22844164843401135
0.22844164843401135
-0.08094222699872547
-0.49157326901044734
0.15367181187041012
-0.6097840854780644
0.3481226475729145
-0.1630135693483228
0.1415583357511576
0.1415583357511576
0.1415583357511576
