29.1766720176
29.1766720176
29.176671208
29.176671073
29.1766718579
29.1766740408
29.1766741375
29.1766734962
29.1766735109
29.1766732841
29.1766731506
29.1766747613
29.1766727438
29.176674177
29.1766726476
29.1766724284
247969.018511
24782.2503793
2816.39317516
465.458455691
78.1643258779
25.103681414
25.103681414
25.1036805315
25.1036803839
25.1036812369
25.1036810923
25.1036811321
25.1036806201
25.103680597
25.1036808139
25.1036800324
25.1036802681
25.1036809614
25.1036784065
25.1036808926
25.1036812629
29254.1468446
3309.13867444
602.939618085
112.335856053
23.6262248235
18.539735521
18.539735521
18.5397351584
18.5397354688
18.5397354422
18.539734336
18.5397339819
18.5397343127
18.5397344938
18.53973436
18.5397341206
18.5397330036
18.5397347501
18.5397327401
18.5397348291
18.5397351381
5570.26065377
551.987162085
63.4069314156
18.2120032707
17.5736721379
17.5736721379
17.5736720249
17.5736723965
17.5736721099
17.5736706619
17.5736702739
17.5736707688
17.5736709064
17.5736710667
17.5736705048
17.5736700368
17.5736713955
17.5736688474
17.5736713655
17.5736718469
4517.53967442
445.83798621
57.2004963252
16.8118864004
16.8118864004
16.8118862879
16.8118863849
16.8118863843
16.8118847036
16.8118846804
16.8118846521
16.8118843269
16.8118849981
16.8118847899
16.8118835637
16.8118854961
16.8118834248
16.8118855486
16.8118860071
2430.00941191
239.935613831
26.0669702986
16.3342661394
16.3342661394
16.3342662188
16.3342663683
16.3342661652
16.3342644857
16.334264466
16.3342644109
16.3342641975
16.3342646783
16.3342644237
16.33426304
16.3342652776
16.3342628677
16.3342654646
16.3342656999
769.004546732
72.1831496473
16.0539856907
14.7968871657
14.7968871657
14.7968873581
14.7968873483
14.7968872107
14.7968850982
14.7968851291
14.796885223
14.7968850921
14.7968855403
14.7968852973
14.7968837294
14.7968861839
14.7968836253
14.7968863451
14.7968866695
340.052278614
35.2931751709
14.7127123026
14.7127123026
14.7127125695
14.7127125899
14.7127123653
14.7127103325
14.7127103749
14.7127104019
14.712710261
14.712710673
14.7127104664
14.7127088967
14.7127112203
14.7127088008
14.7127112389
14.712711807
222.658053979
20.0457477312
12.7253351317
12.7253351317
12.7253354772
12.7253355287
12.7253352095
12.7253331371
12.7253330921
12.7253332913
12.725333133
12.7253335586
12.7253334469
12.7253317663
12.725334171
12.72533183
12.7253341727
12.7253347114
192.137596544
20.0247027703
12.1897197433
12.1897197433
12.189720109
12.1897201791
12.1897198242
12.1897178219
12.1897177851
12.1897180052
12.1897178497
12.1897182475
12.1897181834
12.1897165844
12.1897187911
12.1897166646
12.1897188622
12.1897192083
64.1777890758
12.3698842766
10.2043921285
10.2043921285
10.2043924802
10.2043926613
10.2043921983
10.2043909332
10.2043910319
10.2043912068
10.2043911697
10.2043913388
10.2043914365
10.2043904424
10.2043916418
10.2043907871
10.2043916695
10.2043918654
135.030492885
21.2193994138
8.56787520694
8.56787520694
8.56787560372
8.5678756709
8.56787528659
8.56787569312
8.56787564576
8.56787589114
8.56787596458
8.56787577491
8.56787610046
8.56787638196
8.56787557217
8.56787707684
8.56787557603
8.56787535131
9.23910615231
7.88326464644
7.88326464644
7.88326460571
7.88326455872
7.8832646427
7.88326507991
7.88326510097
7.88326505037
7.88326510006
7.88326501689
7.88326500604
7.88326545984
7.88326486931
7.88326531149
7.88326486406
7.88326476468
13.6450492175
7.83709137984
7.83709137984
7.83709130744
7.83709126909
7.83709136859
7.83709172472
7.83709174037
7.83709167841
7.83709172079
7.83709166431
7.83709161432
7.83709199257
7.83709156371
7.83709182946
7.83709153453
7.83709146218
9.09325538912
7.75166025759
7.75166025759
7.75166020523
7.75166021473
7.75166024701
7.75166036815
7.75166035098
7.7516603352
7.75166035682
7.75166032709
7.75166031195
7.75166040323
7.75166029809
7.75166039452
7.75166030472
7.75166027999
7.94218941114
7.76542189168
7.76542189168
7.76542186995
7.76542189155
7.76542189027
7.76542194262
7.76542192172
7.76542192156
7.76542193788
7.76542191732
7.76542192258
7.76542194586
7.765421906
7.76542199552
7.76542191559
7.76542190212
7.73452760907
7.74501597692
7.74501597692
7.74501596537
7.74501597318
7.74501597772
7.74501597771
7.74501597024
7.74501595863
7.74501596721
7.74501597101
7.74501595197
7.74501597235
7.74501596954
7.74501595665
7.74501597497
7.74501598063
7.73678783773
7.74034830073
7.74034830073
7.74034828972
7.74034830045
7.74034830139
7.74034830455
7.74034829471
7.74034828852
7.74034830047
7.74034829646
7.74034828522
7.74034829704
7.74034829479
7.74034829786
7.74034830204
7.74034830383
7.73803562956
7.73959958706
7.73959958706
7.73959957631
7.73959958774
7.73959958787
7.73959959408
7.73959958401
7.73959957867
7.73959959084
7.73959958582
7.73959957608
7.73959958945
7.73959958288
7.73959959325
7.73959959045
7.73959959093
7.74029748109
7.7399326983
7.7399326983
7.73993268808
7.73993269933
7.73993269921
7.73993270872
7.73993269914
7.73993269313
7.7399327049
7.73993270049
7.73993269067
7.73993270874
7.73993269614
7.7399327112
7.73993270355
7.73993270339
7.73970597449
7.739836321
7.739836321
7.73983631086
7.739836322
7.73983632193
7.73983633173
7.73983632215
7.73983631616
7.73983632803
7.73983632342
7.73983631362
7.73983633193
7.73983631898
7.73983633439
7.7398363264
7.73983632616
     fun: 8.221098685858145
     jac: array([ 0.00107026,  0.00465918,  0.00013542, -0.00740314, -0.00430012,
       -0.00615144, -0.01037109, -0.00327897, -0.00478435, -0.00336349,
       -0.00178277, -0.00815594, -0.00229931, -0.00107253])
 message: 'Optimization terminated successfully.'
    nfev: 378
     nit: 21
    njev: 21
  status: 0
 success: True
       x: array([ 0.72843142, -0.56700605, -0.57248428, -0.63599425,  0.31939538,
        0.16545223,  0.02498949, -0.29170629,  0.82099365,  0.09027348,
        0.68344817, -0.7631714 , -0.52771884, -0.59314028])

========================================================

Final result:
0.728431416035
-0.567006053857
-0.572484283701
0.137019640508
0.137019640508
0.137019640508
-0.635994254217
0.319395376171
0.165452231914
0.0249894873561
-0.291706292269
0.820993648204
0.0902734829062
0.0902734829062
0.683448172066
-0.763171400008
-0.527718841061
-0.593140281484
0.380076587524
-0.763171400008
