GLH_methyl_neutral.filelist
4.63305443251
4.63305443251
4.63305411564
4.63305396273
4.63305437032
4.63305524235
4.6330553651
4.63305504506
4.63305501513
4.63305509556
4.63305480889
4.63305572203
4.63305519784
4.63305480636
4.63305609767
4.63305512293
4.63305518268
4.63305498331
4.63305491853
4.63305461177
69346.5235319
6931.96740305
753.241364965
134.122033403
24.608190923
4.90787028076
3.54391022121
3.54391022121
3.54390988941
3.54390975758
3.54391015593
3.54391050901
3.54391060804
3.54391030703
3.54391024588
3.54391019251
3.54391028737
3.54391009647
3.54391017595
3.54391032639
3.54391028868
3.54390994713
3.54390993446
3.54390976901
3.54390960224
3.54391023836
7429.70295807
836.891159337
167.603843864
35.42294991
6.82990647426
2.07091500136
2.07091500136
2.07091495385
2.07091493462
2.07091498955
2.07091443145
2.07091440447
2.07091449425
2.0709144566
2.07091443935
2.07091469576
2.07091382161
2.07091446558
2.07091474454
2.07091399089
2.07091442884
2.07091449204
2.07091435004
2.07091432401
2.07091483491
1629.25239735
162.216824928
21.0573644268
3.15803992321
1.91271502157
1.91271502157
1.91271506816
1.91271511483
1.91271502828
1.91271438907
1.91271432425
1.91271449828
1.91271449774
1.91271441438
1.91271472916
1.91271383047
1.91271430579
1.91271480815
1.91271355629
1.91271425467
1.91271423455
1.91271427433
1.91271424021
1.91271485095
313.650110973
31.0313151217
3.287398585
1.86568976082
1.86568976082
1.86568985718
1.86568996312
1.86568977772
1.86568912209
1.86568901883
1.86568923184
1.86568928601
1.86568909649
1.86568943795
1.86568839306
1.86568902205
1.86568946522
1.86568828825
1.86568895372
1.86568893924
1.86568895165
1.86568891403
1.86568960314
361.492519906
35.920328709
3.78870042693
1.84375710236
1.84375710236
1.84375715879
1.84375723201
1.84375711185
1.84375647077
1.84375640242
1.84375654152
1.84375655783
1.84375641667
1.84375674438
1.84375571595
1.84375631962
1.84375674433
1.84375550227
1.84375628191
1.8437562513
1.84375633043
1.84375631755
1.84375694154
186.034211942
18.4181170761
2.39481675317
1.81848884053
1.81848884053
1.81848893551
1.81848900459
1.81848885777
1.8184881639
1.81848810934
1.81848824913
1.81848824496
1.81848815038
1.81848846732
1.81848746439
1.81848805387
1.81848847516
1.81848724841
1.81848799356
1.81848794914
1.81848803615
1.81848800379
1.81848866805
109.984227146
10.9727674126
2.02338772284
1.80816396649
1.80816396649
1.80816406568
1.80816413749
1.80816398474
1.80816329624
1.80816324439
1.80816337505
1.80816336528
1.80816326433
1.80816360594
1.80816255483
1.80816317204
1.80816363756
1.80816235574
1.80816312108
1.80816308417
1.80816316383
1.80816313962
1.8081637878
11.9072767275
1.92122346304
1.74555081255
1.74555081255
1.74555092676
1.74555099778
1.74555083412
1.74555017538
1.74555012636
1.74555024959
1.74555023694
1.74555015131
1.74555046259
1.74554949795
1.74555005406
1.74555047475
1.74554924852
1.74555003183
1.74555004254
1.74555003592
1.74555001355
1.74555065014
60.6970509618
5.36081975444
1.43663818939
1.43663818939
1.43663832738
1.4366383734
1.43663821588
1.4366377657
1.43663770163
1.43663785603
1.43663786181
1.43663781474
1.4366379929
1.43663745234
1.43663776855
1.4366379877
1.43663729571
1.43663779441
1.43663774491
1.43663787666
1.43663786489
1.43663811963
14.5147984675
1.69036021498
1.29746591052
1.29746591052
1.29746605086
1.29746610109
1.29746593806
1.29746562439
1.29746555156
1.2974657008
1.29746571815
1.29746569184
1.29746577752
1.2974654964
1.29746566226
1.29746577568
1.29746535942
1.2974657129
1.29746567531
1.29746579676
1.29746582267
1.29746584587
8.71149353504
1.4282122311
1.21755963951
1.21755963951
1.2175597624
1.2175598063
1.21755966318
1.21755950962
1.21755946511
1.21755957806
1.21755959908
1.21755960022
1.21755960488
1.21755959134
1.2175595898
1.21755958783
1.21755949384
1.21755965246
1.21755963326
1.21755972779
1.21755979185
1.21755964206
7.49097862113
1.32511021983
1.16591118163
1.16591118163
1.16591127212
1.16591130596
1.16591119867
1.1659112198
1.16591120337
1.16591126632
1.16591129482
1.16591131208
1.16591123228
1.16591147504
1.16591132107
1.16591121523
1.1659114181
1.16591139363
1.16591137753
1.16591146702
1.16591150703
1.16591121876
2.09149934483
1.15951863417
1.15951863417
1.15951864009
1.15951866171
1.15951863535
1.15951880788
1.15951879728
1.15951879076
1.15951879779
1.15951882003
1.15951873203
1.15951902972
1.15951882895
1.1595187186
1.15951901842
1.15951885324
1.15951884945
1.15951888985
1.15951889795
1.15951869187
8.26614799721
1.34272775748
1.15161027327
1.15161027327
1.15161027412
1.1516102692
1.15161027326
1.15161045754
1.15161046376
1.15161043628
1.15161044692
1.15161046012
1.15161037307
1.15161066697
1.15161046744
1.15161036435
1.1516106654
1.15161047936
1.15161047896
1.15161050582
1.15161050952
1.15161032941
1.29598106765
1.11746520607
1.11746520607
1.117465173
1.11746516447
1.11746519904
1.11746528773
1.11746529909
1.1174652574
1.11746525616
1.11746524829
1.11746523877
1.11746529504
1.11746524299
1.11746524292
1.11746530158
1.11746521852
1.11746521551
1.11746521044
1.11746519255
1.1174652231
1.15541797596
1.11948964158
1.11948964158
1.11948962928
1.11948962756
1.11948963834
1.11948965984
1.11948966333
1.11948965356
1.11948965498
1.1194896553
1.11948964882
1.11948967419
1.11948965964
1.11948965213
1.11948969192
1.11948965725
1.11948966824
1.11948965635
1.11948965401
1.1194896458
1.1225697603
1.12000565892
1.12000565892
1.12000565245
1.12000565299
1.1200056568
1.12000566733
1.12000566917
1.12000566428
1.1200056671
1.12000566532
1.12000566176
1.12000567819
1.12000566709
1.12000566531
1.12000568612
1.12000566633
1.12000567473
1.12000566919
1.1200056673
1.12000566222
1.11574678376
1.11806766394
1.11806766394
1.11806766086
1.11806766282
1.1180676625
1.11806766448
1.11806766556
1.1180676628
1.11806766625
1.11806766139
1.11806766333
1.11806766609
1.11806765978
1.11806766639
1.11806766451
1.11806765787
1.11806766294
1.11806766327
1.11806765998
1.11806766591
1.11600136248
1.11600136248
1.11600135983
1.11600136121
1.11600136112
1.11600136292
1.11600136405
1.11600136185
1.11600136508
1.11600136165
1.11600136204
1.11600136758
1.1160013618
1.11600136491
1.11600137029
1.11600136126
1.11600136718
1.11600136629
1.1160013638
1.11600136455
1.11701863888
1.11701863888
1.11701863598
1.11701863746
1.11701863747
1.1170186403
1.11701864144
1.11701863896
1.11701864229
1.11701863862
1.11701863891
1.11701864531
1.11701863842
1.11701864183
1.11701864707
1.11701863766
1.11701864346
1.11701864273
1.11701864017
1.11701864112
1.11698399949
     fun: 1.187416666036595
     jac: array([-0.0055737 , -0.01477426, -0.0013029 ,  0.0233566 ,  0.02581149,
        0.02177559,  0.01982798,  0.03278486,  0.01307769,  0.06477322,
        0.05082892,  0.01162075,  0.10970639,  0.06391324,  0.07336253,
        0.05417091,  0.06093352,  0.00493127])
 message: 'Optimization terminated successfully.'
    nfev: 465
     nit: 21
    njev: 21
  status: 0
 success: True
       x: array([ 0.49220894, -0.4611705 , -0.47271264, -0.35551161,  0.2489414 ,
        0.00697522,  0.12044171, -0.1946692 ,  0.55990364,  0.10946832,
       -0.22528127, -0.476544  ,  0.1149751 ,  0.63536474, -0.51343792,
       -0.54902013,  0.41186167, -0.52916208])

========================================================

Final result:
0.49220894395
-0.461170504355
-0.472712636329
0.147224732244
0.147224732244
0.147224732244
-0.355511613921
0.248941401098
0.00697522110364
0.120441707986
-0.194669199707
0.559903635782
0.109468323565
0.109468323565
-0.225281269345
-0.476544003763
0.114975095593
0.114975095593
0.635364742801
-0.513437923867
-0.549020128129
0.411861673387
-0.529162082221
0.41125100048
