0.0001524731530860994
0.0001524731530860994
0.00015247314448185568
0.00015247314176703615
0.00015247315139988078
0.00015247317118237874
0.00015247317346238148
0.00015247316576288454
0.00015247316507331816
0.00015247316575322953
0.000152473160808223
0.00015247318007765003
0.00015247316359376763
0.00015247316025482864
0.00015247317339536965
0.0001524731574053527
0.00014070208851818257
0.00014070208851818257
0.00014070208007333542
0.00014070207752857116
0.0001407020868618984
0.00014070210496364876
0.00014070210705829567
0.0001407020996536656
0.0001407020989009048
0.0001407020993133016
0.00014070209528624014
0.0001407021116481341
0.00014070209699633808
0.0001407020947902999
0.0001407021047180355
0.0001407020923528836
0.00010738956363674617
0.00010738956363674617
0.00010738955592523718
0.00010738955413778913
0.00010738956211834503
0.00010738957290898667
0.00010738957418333805
0.00010738956810790727
0.00010738956709677207
0.0001073895663559945
0.00010738956628019561
0.00010738957010042042
0.00010738956338707158
0.00010738956603437491
0.00010738956218189701
0.000107389565373199
0.00010024423559981923
0.00010024423559981923
0.00010024422839891107
0.00010024422710152271
0.00010024423417766599
0.00010024424050388898
0.00010024424125535688
0.0001002442360646379
0.00010024423492163737
0.00010024423349318527
0.0001002442357646706
0.00010024423209273954
0.00010024423017814029
0.00010024423567189342
0.00010024422371101766
0.00010024423606994633
9.823020492942608e-05
9.823020492942608e-05
9.823019788547118e-05
9.823019670212872e-05
9.82302035371e-05
9.823020910595303e-05
9.82302097441321e-05
9.823020478523536e-05
9.82302036488362e-05
9.823020212221073e-05
9.823020471860134e-05
9.823019996175827e-05
9.82301988065543e-05
9.823020465213614e-05
9.823019165829046e-05
9.823020520144927e-05
8.606947336052601e-05
8.606947336052601e-05
8.606946707236793e-05
8.606946634837504e-05
8.606947211243163e-05
8.606947554220764e-05
8.606947575136252e-05
8.60694718099607e-05
8.606947082072288e-05
8.606946909904415e-05
8.606947228762476e-05
8.606946529319506e-05
8.606946603926944e-05
8.606947229702108e-05
8.606945790576127e-05
8.606947314730544e-05
4.60827881005492e-05
4.60827881005492e-05
4.608278534139292e-05
4.6082786412083955e-05
4.608278753031015e-05
4.608278504348997e-05
4.608278369007674e-05
4.608278403145126e-05
4.608278401131782e-05
4.6082782102159386e-05
4.608278548639937e-05
4.608277591413358e-05
4.608278085746973e-05
4.6082785676952856e-05
4.608277399686488e-05
4.608278686743946e-05
3.7257679077490474e-05
3.7257679077490474e-05
3.725767728218054e-05
3.725767875839866e-05
3.725767869250029e-05
3.7257676553090805e-05
3.725767488778767e-05
3.725767632604234e-05
3.7257676721748956e-05
3.7257675145408986e-05
3.7257677292776685e-05
3.7257670980217676e-05
3.7257674752516176e-05
3.725767746856137e-05
3.725767131470337e-05
3.725767818800622e-05
3.5540838631424154e-05
3.5540838631424154e-05
3.554083710269089e-05
3.554083868759429e-05
3.5540838295776784e-05
3.554083799578079e-05
3.554083626213215e-05
3.5540838075017874e-05
3.554083874991708e-05
3.554083759707498e-05
3.5540838242312613e-05
3.5540836439558826e-05
3.554083780018638e-05
3.55408384012984e-05
3.5540838238288435e-05
3.554083838884266e-05
3.532725260878374e-05
3.532725260878374e-05
3.532725092526172e-05
3.532725239189019e-05
3.532725224389103e-05
3.532725276175191e-05
3.532725114819648e-05
3.532725272092002e-05
3.5327253391253464e-05
3.532725234958722e-05
3.532725263258572e-05
3.532725203513074e-05
3.532725255625486e-05
3.532725276318053e-05
3.532725375258195e-05
3.532725258306024e-05
3.528331430959781e-05
3.528331430959781e-05
3.528331257143924e-05
3.528331400483416e-05
3.528331393441524e-05
3.528331457992392e-05
3.5283312998289275e-05
3.528331449208717e-05
3.5283315146122666e-05
3.528331411491658e-05
3.528331437655408e-05
3.5283313882047484e-05
3.528331428897112e-05
3.528331450250049e-05
3.5283315493336806e-05
3.528331430998313e-05
3.512337519385092e-05
3.512337519385092e-05
3.5123373341073235e-05
3.5123374698538767e-05
3.512337479754874e-05
3.5123375729207935e-05
3.512337422530113e-05
3.5123375530057025e-05
3.5123376140094666e-05
3.51233751384083e-05
3.5123375355944205e-05
3.512337509712488e-05
3.512337521778449e-05
3.512337547127419e-05
3.5123376398309374e-05
3.512337525290042e-05
3.479268698523236e-05
3.479268698523236e-05
3.479268502760956e-05
3.479268629706767e-05
3.479268657085997e-05
3.479268784809086e-05
3.479268644648973e-05
3.479268751396446e-05
3.4792688060531296e-05
3.479268711244636e-05
3.479268726865058e-05
3.479268734746881e-05
3.4792687042156715e-05
3.47926873707563e-05
3.479268814754877e-05
3.479268711919065e-05
3.3994423482083697e-05
3.3994423482083697e-05
3.39944214778458e-05
3.399442264124233e-05
3.399442306416712e-05
3.3994424798724246e-05
3.3994423555062836e-05
3.3994424285459495e-05
3.399442472048611e-05
3.3994423892487694e-05
3.399442394414354e-05
3.39944246166044e-05
3.3994423530126145e-05
3.399442402755698e-05
3.399442441547129e-05
3.3994423726442416e-05
3.2596693367307117e-05
3.2596693367307117e-05
3.2596691570987506e-05
3.259669269395976e-05
3.259669299963631e-05
3.25966950223734e-05
3.259669393682786e-05
3.259669439453846e-05
3.259669468794629e-05
3.2596694062802786e-05
3.259669398808381e-05
3.259669541245941e-05
3.2596693275048966e-05
3.259669405640534e-05
3.2596693712166484e-05
3.25966937101534e-05
3.096523369356293e-05
3.096523369356293e-05
3.096523250854964e-05
3.096523376588609e-05
3.09652334566226e-05
3.096523517472726e-05
3.0965234128423164e-05
3.096523466117884e-05
3.096523485350452e-05
3.0965234460640694e-05
3.09652343072438e-05
3.096523625931359e-05
3.096523327844149e-05
3.0965234379415404e-05
3.096523310644364e-05
3.09652340333652e-05
3.0061953203018825e-05
3.0061953203018825e-05
3.0061952673415743e-05
3.0061954176227602e-05
3.006195309940545e-05
3.0061954022990702e-05
3.0061952847817506e-05
3.0061953813701058e-05
3.0061954024142155e-05
3.0061953734504664e-05
3.0061953615085412e-05
3.006195544792197e-05
3.006195247913807e-05
3.0061953710145287e-05
3.0061951944075625e-05
3.006195342032867e-05
2.9838943799321303e-05
2.9838943799321303e-05
2.9838943528675036e-05
2.9838945169381568e-05
2.9838943745590944e-05
2.9838944157297495e-05
2.9838942861601217e-05
2.983894414298608e-05
2.9838944411901582e-05
2.9838944104275933e-05
2.983894404746642e-05
2.9838945541492686e-05
2.983894297064095e-05
2.9838944158359535e-05
2.9838942417755313e-05
2.9838943917275537e-05
2.977154171129248e-05
2.977154171129248e-05
2.97715414818801e-05
2.977154315848774e-05
2.977154166449887e-05
2.9771541914422092e-05
2.9771540574894198e-05
2.9771541958675078e-05
2.9771542254811305e-05
2.9771541924330636e-05
2.977154189628334e-05
2.977154321554248e-05
2.977154087471118e-05
2.9771542010939443e-05
2.9771540373818347e-05
2.97715417920798e-05
2.9649239470775038e-05
2.9649239470775038e-05
2.964923926719429e-05
2.9649240972641947e-05
2.9649239427730622e-05
2.9649239506528773e-05
2.9649238125949376e-05
2.9649239605278306e-05
2.9649239927712443e-05
2.9649239573905995e-05
2.9649239577711904e-05
2.9649240676912556e-05
2.964923864084487e-05
2.9649239692514948e-05
2.9649238228677965e-05
2.9649239508236225e-05
2.935007328807721e-05
2.935007328807721e-05
2.9350073110206327e-05
2.9350074836958816e-05
2.9350073248829425e-05
2.935007308744464e-05
2.9350071671045138e-05
2.935007324370457e-05
2.9350073586519438e-05
2.935007322037499e-05
2.935007326381971e-05
2.935007401990358e-05
2.935007248584435e-05
2.935007336873604e-05
2.93500722385062e-05
2.935007325879654e-05
2.8674217997481303e-05
2.8674217997481303e-05
2.8674217836266146e-05
2.8674219540699507e-05
2.8674217961877558e-05
2.867421751190781e-05
2.8674216111752338e-05
2.8674217688338554e-05
2.8674218009270904e-05
2.8674217687587733e-05
2.867421776244174e-05
2.867421803830698e-05
2.8674217268498667e-05
2.8674217829387303e-05
2.867421730619812e-05
2.8674217874308984e-05
2.7425986403300277e-05
2.7425986403300277e-05
2.7425986218448292e-05
2.7425987779990634e-05
2.742598636845679e-05
2.7425985735666408e-05
2.7425984506673287e-05
2.7425985792931063e-05
2.7425985973826844e-05
2.7425985842099235e-05
2.742598589232454e-05
2.7425985686609783e-05
2.7425985826207077e-05
2.7425985864952482e-05
2.7425986273836092e-05
2.742598618420122e-05
2.5926961139745607e-05
2.5926961139745607e-05
2.5926960857949516e-05
2.592696211478284e-05
2.5926961098526795e-05
2.592696068762197e-05
2.5926959848766667e-05
2.5926960399429426e-05
2.5926960281440674e-05
2.592696052022768e-05
2.592696043515216e-05
2.592696015566304e-05
2.5926960769541814e-05
2.5926960261541522e-05
2.5926961570360038e-05
2.592696090182379e-05
2.5059543151185092e-05
2.5059543151185092e-05
2.5059542750136807e-05
2.5059543716418102e-05
2.5059543099310463e-05
2.5059543261524652e-05
2.505954280969861e-05
2.5059542589974214e-05
2.5059542187006858e-05
2.5059542757997314e-05
2.505954249572328e-05
2.505954270757223e-05
2.5059542909030258e-05
2.5059542215597147e-05
2.5059543738763635e-05
2.5059543005107524e-05
2.4867543866778826e-05
2.4867543866778826e-05
2.4867543414726596e-05
2.486754428842041e-05
2.4867543809316498e-05
2.4867544338683358e-05
2.4867544017960587e-05
2.4867543517518797e-05
2.4867543024110274e-05
2.4867543689068238e-05
2.4867543346844254e-05
2.4867543999254725e-05
2.4867543630125153e-05
2.4867543050282555e-05
2.4867544312297018e-05
2.4867543806008007e-05
2.4842523899464023e-05
2.4842523899464023e-05
2.4842523442892712e-05
2.4842524318306847e-05
2.484252384121659e-05
2.4842524452585286e-05
2.4842524133280543e-05
2.4842523621096146e-05
2.4842523130009387e-05
2.4842523786082473e-05
2.484252343541444e-05
2.4842524212998832e-05
2.4842523645769463e-05
2.4842523148453486e-05
2.4842524255689316e-05
2.4842523864085917e-05
2.482229332888148e-05
2.482229332888148e-05
2.482229287363398e-05
2.482229375665895e-05
2.4822293270683848e-05
2.4822293918209558e-05
2.4822293591173414e-05
2.4822293089410306e-05
2.482229260695786e-05
2.4822293247785718e-05
2.4822292898398153e-05
2.4822293734208456e-05
2.4822293062169625e-05
2.4822292621076693e-05
2.4822293628938787e-05
2.482229330664262e-05
2.475679976140954e-05
2.475679976140954e-05
2.4756799313809773e-05
2.4756800214724865e-05
2.4756799704236003e-05
2.4756800422019333e-05
2.475680007665926e-05
2.4756799602270916e-05
2.4756799142174992e-05
2.4756799741794322e-05
2.4756799403421942e-05
2.4756800338588932e-05
2.4756799467153836e-05
2.4756799151264367e-05
2.47567999470769e-05
2.4756799765594813e-05
2.4604814321088276e-05
2.4604814321088276e-05
2.4604813894499028e-05
2.4604814822256753e-05
2.4604814267432036e-05
2.4604815086025076e-05
2.4604814714194166e-05
2.4604814281998664e-05
2.4604813860959207e-05
2.4604814382390642e-05
2.460481407727444e-05
2.460481511548938e-05
2.4604813986978685e-05
2.460481387275519e-05
2.460481434586232e-05
2.4604814363566362e-05
2.4229564597423658e-05
2.4229564597423658e-05
2.4229564227779625e-05
2.4229565197956943e-05
2.4229564554273062e-05
2.4229565527929812e-05
2.422956511711901e-05
2.422956475322318e-05
2.422956440800436e-05
2.4229564763738008e-05
2.4229564552804612e-05
2.4229565648577624e-05
2.4229564202568747e-05
2.4229564449551265e-05
2.4229564387146116e-05
2.4229564699266123e-05
2.346860429671574e-05
2.346860429671574e-05
2.3468604051990223e-05
2.3468605074062204e-05
2.3468604277924966e-05
2.3468605433699976e-05
2.3468604981797914e-05
2.3468604705289304e-05
2.3468604485877057e-05
2.3468604540339073e-05
2.3468604541504936e-05
2.3468605466371233e-05
2.346860383211578e-05
2.346860462330732e-05
2.346860384046118e-05
2.346860446927104e-05
2.2328856880300365e-05
2.2328856880300365e-05
2.2328856840369863e-05
2.2328857895551003e-05
2.232885690308267e-05
2.232885815961032e-05
2.2328857696161077e-05
2.2328857484831892e-05
2.2328857420884998e-05
2.2328857059527112e-05
2.2328857415364416e-05
2.2328857688849014e-05
2.2328856380775098e-05
2.2328857754685337e-05
2.2328856357695022e-05
2.232885709431029e-05
2.1394649043811188e-05
2.1394649043811188e-05
2.1394649185146295e-05
2.1394650214766112e-05
2.139464910507611e-05
2.13946502444566e-05
2.1394649829206987e-05
2.1394649594614968e-05
2.1394649615308017e-05
2.1394648967637067e-05
2.139464964475839e-05
2.1394648956366894e-05
2.1394648595928138e-05
2.139465016522594e-05
2.139464881232472e-05
2.139464921691418e-05
2.1065416304198934e-05
2.1065416304198934e-05
2.1065416489912778e-05
2.1065417465466065e-05
2.106541637629169e-05
2.1065417310853807e-05
2.1065416957546414e-05
2.1065416648939866e-05
2.1065416645170922e-05
2.1065415997576714e-05
2.1065416759806152e-05
2.1065415509757165e-05
2.1065415939000225e-05
2.1065417286266416e-05
2.1065416440252913e-05
2.106541640116551e-05
2.1004865544628704e-05
2.1004865544628704e-05
2.100486570996042e-05
2.1004866657531036e-05
2.100486561322263e-05
2.1004866451861415e-05
2.1004866124532596e-05
2.100486577725209e-05
2.100486573602367e-05
2.10048651645982e-05
2.100486589490448e-05
2.1004864554600532e-05
2.1004865216441398e-05
2.1004866379273998e-05
2.1004865828356003e-05
2.1004865605402573e-05
2.0969534177583625e-05
2.0969534177583625e-05
2.0969534323850443e-05
2.0969535255808408e-05
2.0969534242500243e-05
2.0969535035757918e-05
2.096953472050901e-05
2.0969534355468723e-05
2.0969534290631617e-05
2.0969533773387678e-05
2.0969534472453148e-05
2.0969533134114802e-05
2.0969533865715736e-05
2.0969534929511516e-05
2.0969534521192572e-05
2.0969534221342475e-05
2.0866596169812217e-05
2.0866596169812217e-05
2.086659627503583e-05
2.0866597170338556e-05
2.0866596226577956e-05
2.0866596929647862e-05
2.0866596639657222e-05
2.086659624348453e-05
2.0866596129943067e-05
2.0866595728418215e-05
2.086659636078132e-05
2.0866595055320265e-05
2.086659588779294e-05
2.086659676894615e-05
2.086659661708544e-05
2.086659618042551e-05
2.0630641517491615e-05
2.0630641517491615e-05
2.063064155734033e-05
2.0630642381499198e-05
2.0630641560874132e-05
2.0630642118132077e-05
2.0630641872314276e-05
2.0630641435744608e-05
2.0630641244555377e-05
2.0630641033145908e-05
2.0630641561296273e-05
2.063064033952432e-05
2.063064127837545e-05
2.0630641910858422e-05
2.063064210330756e-05
2.063064147610039e-05
2.0070076478295437e-05
2.0070076478295437e-05
2.0070076407911376e-05
2.0070077080880997e-05
2.0070076498224482e-05
2.0070076798993952e-05
2.0070076638420642e-05
2.0070076152959233e-05
2.007007582929292e-05
2.0070075954122084e-05
2.007007631141145e-05
2.0070075293351807e-05
2.007007630295526e-05
2.0070076605682612e-05
2.0070077245294717e-05
2.0070076348973218e-05
1.9015601652441813e-05
1.9015601652441813e-05
1.9015601435860695e-05
1.9015601843517345e-05
1.901560163945096e-05
1.90156015765125e-05
1.9015601551618447e-05
1.9015601040272643e-05
1.90156005374089e-05
1.901560114100625e-05
1.901560128157113e-05
1.901560065972008e-05
1.9015601544720116e-05
1.9015601591492957e-05
1.9015602554584583e-05
1.901560140542626e-05
1.7661210047651617e-05
1.7661210047651617e-05
1.7661209718578477e-05
1.7661209802082807e-05
1.7661210005979748e-05
1.7661209619070998e-05
1.766120974054086e-05
1.766120928107505e-05
1.766120863395366e-05
1.766120966663776e-05
1.7661209658339615e-05
1.766120957357211e-05
1.7661209960878605e-05
1.7661210144032854e-05
1.7661210860486108e-05
1.7661209707963135e-05
1.6800639822304257e-05
1.6800639822304257e-05
1.6800639510175e-05
1.680063942757551e-05
1.6800639778959182e-05
1.6800639361488196e-05
1.680063953607032e-05
1.6800639197096466e-05
1.680063856061795e-05
1.68006396370411e-05
1.6800639682525217e-05
1.680063993212933e-05
1.680063967701218e-05
1.680064043349831e-05
1.6800640303621642e-05
1.680063949279985e-05
1.658726783682341e-05
1.658726783682341e-05
1.6587267601078458e-05
1.658726754663331e-05
1.6587267807610078e-05
1.6587267538841588e-05
1.658726768114269e-05
1.6587267421192435e-05
1.6587266873256616e-05
1.658726775460313e-05
1.6587267928198883e-05
1.658726818334457e-05
1.658726762823793e-05
1.658726881835677e-05
1.6587268072191607e-05
1.6587267566927835e-05
1.6560210794435327e-05
1.6560210794435327e-05
1.6560210593236274e-05
1.6560210580918446e-05
1.6560210772444532e-05
1.656021058128039e-05
1.6560210698674227e-05
1.6560210456492522e-05
1.6560209950746744e-05
1.6560210728400147e-05
1.6560210954399468e-05
1.6560211154475785e-05
1.6560210565269265e-05
1.6560211865023308e-05
1.656021096762879e-05
1.6560210552088826e-05
1.6542533423405302e-05
1.6542533423405302e-05
1.654253323990832e-05
1.6542533252649867e-05
1.6542533405230496e-05
1.654253325432979e-05
1.654253335770024e-05
1.6542533121887502e-05
1.6542532638928764e-05
1.6542533360681455e-05
1.6542533611067373e-05
1.6542533774995678e-05
1.6542533185329037e-05
1.654253452341364e-05
1.654253357325778e-05
1.654253319535397e-05
1.6483836187577538e-05
1.6483836187577538e-05
1.648383604215503e-05
1.648383610630733e-05
1.648383617759512e-05
1.648383611003575e-05
1.6483836183975998e-05
1.64838359613695e-05
1.648383553024632e-05
1.6483836129988032e-05
1.6483836427340134e-05
1.6483836514690122e-05
1.6483835931907426e-05
1.6483837334677382e-05
1.6483836292019916e-05
1.648383599058094e-05
1.634878148670352e-05
1.634878148670352e-05
1.634878139831357e-05
1.634878153040019e-05
1.6348781488863144e-05
1.634878153745552e-05
1.634878157017006e-05
1.634878136825388e-05
1.6348781021039238e-05
1.6348781435682794e-05
1.6348781791375347e-05
1.6348781773260772e-05
1.6348781207384135e-05
1.6348782675960094e-05
1.6348781528591425e-05
1.634878133686756e-05
1.6017874705000657e-05
1.6017874705000657e-05
1.6017874710335484e-05
1.601787493141759e-05
1.6017874726778043e-05
1.6017874945122202e-05
1.601787491725276e-05
1.6017874752070014e-05
1.6017874557683643e-05
1.6017874663026922e-05
1.6017875085993854e-05
1.6017874918482697e-05
1.601787439304835e-05
1.601787589797021e-05
1.601787465566651e-05
1.6017874634190583e-05
1.537403625369463e-05
1.537403625369463e-05
1.537403637879062e-05
1.5374036664408087e-05
1.5374036299806855e-05
1.5374036689303666e-05
1.5374036599588227e-05
1.5374036487388464e-05
1.5374036520562384e-05
1.537403621973556e-05
1.5374036666874756e-05
1.5374036360617983e-05
1.5374035913456456e-05
1.5374037310251384e-05
1.537403611245138e-05
1.5374036287157834e-05
1.4491557124603332e-05
1.4491557124603332e-05
1.4491557336011164e-05
1.4491557569607977e-05
1.4491557186785106e-05
1.4491557607995073e-05
1.4491557504896137e-05
1.4491557443019246e-05
1.4491557704822791e-05
1.4491557089373971e-05
1.4491557430215948e-05
1.4491557128488912e-05
1.4491556790826251e-05
1.4491557800324116e-05
1.449155696640252e-05
1.4491557239819272e-05
1.3876118923054502e-05
1.3876118923054502e-05
1.387611910548152e-05
1.3876119152659594e-05
1.3876118976801561e-05
1.3876119197749284e-05
1.3876119163679816e-05
1.3876119110032266e-05
1.387611942879355e-05
1.3876118873682637e-05
1.3876118994223546e-05
1.3876118907264342e-05
1.3876118642662898e-05
1.3876119142067862e-05
1.3876118872501126e-05
1.3876119024496487e-05
1.3710765209497233e-05
1.3710765209497233e-05
1.3710765312430666e-05
1.3710765215323463e-05
1.371076524557915e-05
1.3710765258575781e-05
1.371076529766521e-05
1.3710765221363674e-05
1.3710765455615633e-05
1.3710765147565345e-05
1.3710765124689494e-05
1.3710765237440996e-05
1.3710764975534836e-05
1.3710765228174706e-05
1.3710765270665192e-05
1.371076524855602e-05
1.3697536906622065e-05
1.3697536906622065e-05
1.3697536977153595e-05
1.3697536846531416e-05
1.3697536935880424e-05
1.3697536887639962e-05
1.3697536948538158e-05
1.3697536859894852e-05
1.3697537043112571e-05
1.36975368413815e-05
1.3697536791805975e-05
1.3697536959116088e-05
1.3697536684705562e-05
1.3697536916133928e-05
1.3697537000675382e-05
1.3697536918581792e-05
1.3697229923643902e-05
1.3697229923643902e-05
1.3697229989862354e-05
1.3697229858048603e-05
1.3697229952042421e-05
1.3697229898690027e-05
1.369722996145132e-05
1.3697229870773622e-05
1.3697230045057957e-05
1.3697229858200144e-05
1.3697229809171013e-05
1.3697229980263728e-05
1.3697229702456848e-05
1.3697229941263742e-05
1.3697230020436307e-05
1.3697229931807753e-05
1.369665834791047e-05
1.369665834791047e-05
1.3696658411051681e-05
1.3696658279068204e-05
1.3696658375705154e-05
1.369665831933586e-05
1.3696658383202105e-05
1.3696658291009552e-05
1.3696658458481844e-05
1.3696658282376765e-05
1.369665823458294e-05
1.3696658407632257e-05
1.3696658127089078e-05
1.3696658373181296e-05
1.36966584463111e-05
1.369665835337576e-05
1.3694228649134702e-05
1.3694228649134702e-05
1.3694228706209151e-05
1.3694228574088779e-05
1.3694228675740458e-05
1.3694228613600035e-05
1.369422867955652e-05
1.3694228584411625e-05
1.3694228738346992e-05
1.3694228583456028e-05
1.3694228538320434e-05
1.3694228714959255e-05
1.3694228429067912e-05
1.3694228689813658e-05
1.3694228750590545e-05
1.369422864942468e-05
1.3687336037677781e-05
1.3687336037677781e-05
1.3687336085618008e-05
1.3687335953447625e-05
1.3687336062492277e-05
1.3687335991790337e-05
1.3687336060781606e-05
1.3687335961316358e-05
1.3687336094823836e-05
1.3687335971836885e-05
1.3687335930837021e-05
1.3687336112571552e-05
1.368733581892001e-05
1.3687336101406365e-05
1.368733614361501e-05
1.3687336030554073e-05
1.3667283773783775e-05
1.3667283773783775e-05
1.3667283806442013e-05
1.3667283674542374e-05
1.3667283795597365e-05
1.366728371085493e-05
1.3667283784645404e-05
1.3667283678288093e-05
1.3667283777534064e-05
1.3667283707815162e-05
1.366728367401434e-05
1.3667283863520954e-05
1.3667283557687606e-05
1.3667283875517522e-05
1.3667283886934344e-05
1.3667283755258078e-05
1.3613602983464624e-05
1.3613602983464624e-05
1.3613602991770495e-05
1.3613602861199912e-05
1.3613603000485719e-05
1.361360289408535e-05
1.361360297481484e-05
1.3613602858335933e-05
1.3613602902774214e-05
1.3613602917659654e-05
1.3613602896034686e-05
1.3613603096008872e-05
1.3613602772819493e-05
1.3613603144306145e-05
1.3613603107387228e-05
1.3613602949332393e-05
1.3474160271459014e-05
1.3474160271459014e-05
1.3474160241501725e-05
1.3474160115314057e-05
1.3474160280923293e-05
1.347416014232364e-05
1.347416023214363e-05
1.3474160101964138e-05
1.347416005974911e-05
1.3474160206850341e-05
1.3474160206154319e-05
1.347416041767293e-05
1.3474160072473705e-05
1.347416052144691e-05
1.3474160410459028e-05
1.3474160219359213e-05
1.3139911058524877e-05
1.3139911058524877e-05
1.313991097403193e-05
1.3139910859838906e-05
1.3139911057151603e-05
1.3139910877244387e-05
1.3139910975481457e-05
1.3139910831292043e-05
1.3139910664227172e-05
1.3139910997974052e-05
1.313991103160846e-05
1.3139911247302903e-05
1.3139910883911068e-05
1.3139911426238129e-05
1.3139911214385361e-05
1.3139910997227672e-05
1.2455939980191594e-05
1.2455939980191594e-05
1.2455939836556712e-05
1.2455939749438086e-05
1.2455939966901508e-05
1.2455939753419913e-05
1.2455939849676463e-05
1.2455939703794215e-05
1.245593939804636e-05
1.2455939929799883e-05
1.2455940011673952e-05
1.2455940201854206e-05
1.2455939850982422e-05
1.245594045273452e-05
1.245594014300774e-05
1.2455939949069569e-05
1.1463593766960928e-05
1.1463593766960928e-05
1.1463593604621715e-05
1.1463593560784377e-05
1.1463593749497473e-05
1.1463593553097143e-05
1.146359362131138e-05
1.1463593508210782e-05
1.1463593150495958e-05
1.1463593733996093e-05
1.1463593858287797e-05
1.1463593966261265e-05
1.1463593698944733e-05
1.1463594216289897e-05
1.146359390401492e-05
1.1463593844446014e-05
1.0700255742403475e-05
1.0700255742403475e-05
1.0700255639077002e-05
1.0700255631227435e-05
1.0700255736096686e-05
1.0700255623465308e-05
1.0700255643907918e-05
1.0700255592948396e-05
1.0700255358916503e-05
1.070025572509716e-05
1.0700255850521886e-05
1.0700255849440937e-05
1.0700255714070379e-05
1.0700255984849197e-05
1.0700255821774418e-05
1.0700255969491474e-05
1.0478097213223054e-05
1.0478097213223054e-05
1.047809718086893e-05
1.0478097180239272e-05
1.0478097220754061e-05
1.047809718010083e-05
1.047809717157026e-05
1.0478097160730704e-05
1.047809708388581e-05
1.0478097199987336e-05
1.0478097298536148e-05
1.0478097243332334e-05
1.0478097183973085e-05
1.0478097265412789e-05
1.0478097252262948e-05
1.0478097517267887e-05
1.0465012612234952e-05
1.0465012612234952e-05
1.0465012603311216e-05
1.0465012598812773e-05
1.0465012624407086e-05
1.0465012602532818e-05
1.0465012589380732e-05
1.0465012585770954e-05
1.0465012562307664e-05
1.0465012597787031e-05
1.0465012682528087e-05
1.046501262285351e-05
1.0465012574251569e-05
1.0465012611777903e-05
1.0465012642994094e-05
1.046501292373161e-05
1.0466897215246256e-05
1.0466897215246256e-05
1.0466897208471498e-05
1.0466897202527602e-05
1.0466897227856689e-05
1.0466897206840467e-05
1.0466897194133217e-05
1.0466897190121757e-05
1.0466897171843705e-05
1.0466897200245038e-05
1.0466897282814286e-05
1.0466897225113271e-05
1.0466897174994566e-05
1.0466897211745685e-05
1.0466897246122296e-05
1.0466897524178303e-05
1.0467774684949809e-05
1.0467774684949809e-05
1.0467774679010681e-05
1.046777467222384e-05
1.046777469773381e-05
1.0467774676836436e-05
1.0467774664535922e-05
1.0467774660069695e-05
1.0467774643928689e-05
1.0467774669625444e-05
1.0467774751047145e-05
1.0467774694800732e-05
1.0467774643443363e-05
1.0467774680744819e-05
1.0467774716094365e-05
1.0467774991865773e-05
1.0468523315262694e-05
1.0468523315262694e-05
1.0468523311163272e-05
1.0468523302460391e-05
1.0468523328429144e-05
1.0468523307773985e-05
1.0468523296453696e-05
1.0468523290838235e-05
1.0468523279587115e-05
1.0468523299223968e-05
1.0468523377813586e-05
1.046852332516957e-05
1.046852327093177e-05
1.0468523309676566e-05
1.0468523347037175e-05
1.0468523616893148e-05
1.0466401975218707e-05
1.0466401975218707e-05
1.0466401973643776e-05
1.0466401962365626e-05
1.0466401988908392e-05
1.046640196869668e-05
1.0466401958766672e-05
1.0466401951412846e-05
1.0466401947263895e-05
1.046640195827314e-05
1.0466402032407397e-05
1.0466401985232801e-05
1.0466401927130061e-05
1.046640196781903e-05
1.0466402007790952e-05
1.0466402268154482e-05
1.0454472721209704e-05
1.0454472721209704e-05
1.0454472723636264e-05
1.0454472708459705e-05
1.0454472735724029e-05
1.0454472716547242e-05
1.0454472708915626e-05
1.0454472698400826e-05
1.0454472706570923e-05
1.0454472703041991e-05
1.0454472768589487e-05
1.04544727314427e-05
1.0454472667536054e-05
1.0454472711099517e-05
1.0454472754835491e-05
1.0454472996532761e-05
1.0416229820244063e-05
1.0416229820244063e-05
1.0416229828036691e-05
1.0416229808124787e-05
1.041622983585169e-05
1.0416229818946756e-05
1.041622981464335e-05
1.041622979882136e-05
1.0416229826320801e-05
1.0416229801010247e-05
1.0416229851009573e-05
1.0416229830894738e-05
1.0416229760072887e-05
1.0416229806924502e-05
1.0416229854718927e-05
1.04162300618189e-05
1.031708367652779e-05
1.031708367652779e-05
1.031708368989589e-05
1.0317083666425296e-05
1.031708369323667e-05
1.0317083681135642e-05
1.0317083680969404e-05
1.0317083656682211e-05
1.0317083712028144e-05
1.0317083657769129e-05
1.0317083680469885e-05
1.0317083687954366e-05
1.0317083612347297e-05
1.0317083661047313e-05
1.0317083710326476e-05
1.0317083855051039e-05
1.0125383741609316e-05
1.0125383741609316e-05
1.012538375585498e-05
1.0125383735987297e-05
1.0125383758385376e-05
1.0125383754511904e-05
1.012538375707299e-05
1.012538372243069e-05
1.0125383805895715e-05
1.01253837277656e-05
1.0125383712095892e-05
1.0125383754203562e-05
1.0125383685181764e-05
1.0125383729377442e-05
1.0125383770536422e-05
1.0125383824634535e-05
9.892585484461175e-06
9.892585484461175e-06
9.892585488709042e-06
9.892585484944987e-06
9.892585499014548e-06
9.892585503975616e-06
9.8925855039663e-06
9.89258546343244e-06
9.89258555239623e-06
9.892585481069082e-06
9.892585434775623e-06
9.892585498105746e-06
9.892585454803045e-06
9.892585484485214e-06
9.89258550347224e-06
9.892585480700732e-06
9.754502755322049e-06
9.754502755322049e-06
9.754502744747905e-06
9.75450275939743e-06
9.754502766719423e-06
9.754502774978421e-06
9.754502768434803e-06
9.754502731001475e-06
9.754502796983581e-06
9.754502761076362e-06
9.754502714075078e-06
9.754502769152444e-06
9.754502754353765e-06
9.754502768808733e-06
9.754502765882446e-06
9.754502735140296e-06
9.72253535400116e-06
9.72253535400116e-06
9.722535336644418e-06
9.722535358272324e-06
9.722535363991172e-06
9.72253537116181e-06
9.72253536090539e-06
9.722535328028935e-06
9.722535375240093e-06
9.722535362258078e-06
9.722535326781479e-06
9.722535367553093e-06
9.722535363246552e-06
9.722535372400505e-06
9.722535362351353e-06
9.72253535605864e-06
9.721228749691786e-06
9.721228749691786e-06
9.721228731576311e-06
9.721228753623747e-06
9.721228759533484e-06
9.721228765935193e-06
9.721228755082482e-06
9.721228723498887e-06
9.72122876655114e-06
9.721228757809278e-06
9.721228726576674e-06
9.72122876312199e-06
9.721228759353364e-06
9.721228768329572e-06
9.721228758207759e-06
9.72122876165373e-06
9.721610521315105e-06
9.721610521315105e-06
9.721610503263805e-06
9.721610525177157e-06
9.721610531171743e-06
9.721610537462635e-06
9.721610526610213e-06
9.721610495131426e-06
9.721610537973279e-06
9.721610529330309e-06
9.721610498544534e-06
9.721610534730969e-06
9.721610530743944e-06
9.72161053984793e-06
9.72161052992953e-06
9.721610534458365e-06
9.721833728828005e-06
9.721833728828005e-06
9.721833710824146e-06
9.721833732652807e-06
9.721833738695217e-06
9.721833744931066e-06
9.721833734085037e-06
9.721833702653043e-06
9.72183374542125e-06
9.721833736784888e-06
9.72183370621056e-06
9.721833742237027e-06
9.721833738114842e-06
9.721833747295866e-06
9.721833737498342e-06
9.721833742541327e-06
9.72238025502431e-06
9.72238025502431e-06
9.722380237146734e-06
9.722380258751637e-06
9.722380264919164e-06
9.722380271015925e-06
9.722380260183653e-06
9.722380228874647e-06
9.722380271455986e-06
9.722380262830141e-06
9.722380232800384e-06
9.722380268416044e-06
9.722380263940747e-06
9.722380273321519e-06
9.722380263839974e-06
9.722380270189841e-06
9.72306498326821e-06
9.72306498326821e-06
9.72306496557203e-06
9.723064986855834e-06
9.723064993201672e-06
9.723064999109542e-06
9.723064988287377e-06
9.723064957159487e-06
9.723064999472503e-06
9.723064990862747e-06
9.723064961602676e-06
9.723064996636486e-06
9.723064991663225e-06
9.723065001322521e-06
9.723064992288659e-06
9.723065000442229e-06
9.724038729587651e-06
9.724038729587651e-06
9.724038712218859e-06
9.724038732923419e-06
9.724038739587913e-06
9.724038745182664e-06
9.724038734353094e-06
9.724038703564873e-06
9.724038745391219e-06
9.724038736815126e-06
9.72403870891518e-06
9.724038742916987e-06
9.724038737068414e-06
9.724038747208923e-06
9.72403873896774e-06
9.724038750192583e-06
9.725048500016077e-06
9.725048500016077e-06
9.725048483202324e-06
9.725048502925427e-06
9.725048510122545e-06
9.725048515254428e-06
9.725048504349425e-06
9.725048474168524e-06
9.725048515163626e-06
9.725048506656199e-06
9.725048480991492e-06
9.725048513287703e-06
9.725048506012443e-06
9.725048516916293e-06
9.725048509981523e-06
9.725048525963319e-06
9.72530485040526e-06
9.72530485040526e-06
9.72530483458564e-06
9.725304852552347e-06
9.725304860684803e-06
9.725304865152812e-06
9.725304853960068e-06
9.725304824943277e-06
9.725304864434542e-06
9.725304856078306e-06
9.725304834245495e-06
9.725304863593706e-06
9.725304853902358e-06
9.72530486604583e-06
9.725304861360055e-06
9.725304884769235e-06
9.722196601151518e-06
9.722196601151518e-06
9.722196587117103e-06
9.722196601933346e-06
9.72219661170223e-06
9.722196615360057e-06
9.722196603297562e-06
9.722196576547759e-06
9.722196613304e-06
9.722196605284437e-06
9.722196589935365e-06
9.722196614237354e-06
9.722196600529442e-06
9.722196614603763e-06
9.722196613746135e-06
9.722196647964428e-06
9.709023563025935e-06
9.709023563025935e-06
9.709023552140293e-06
9.709023561407279e-06
9.70902357396836e-06
9.709023577031454e-06
9.709023562663722e-06
9.709023540298286e-06
9.709023572154712e-06
9.709023564871386e-06
9.709023560091342e-06
9.709023576032826e-06
9.7090235559437e-06
9.70902357277914e-06
9.709023578214298e-06
9.709023625976256e-06
9.673600408248017e-06
9.673600408248017e-06
9.67360040225569e-06
9.673600402913995e-06
9.673600419626517e-06
9.673600423428575e-06
9.673600403941175e-06
9.673600389158412e-06
9.673600413249237e-06
9.673600407393974e-06
9.673600417310104e-06
9.673600421335647e-06
9.673600392731825e-06
9.673600412573094e-06
9.673600426871907e-06
9.67360048467269e-06
9.61009758416876e-06
9.61009758416876e-06
9.610097583427244e-06
9.61009757487422e-06
9.610097595714111e-06
9.610097603208055e-06
9.610097575547776e-06
9.610097570242509e-06
9.61009758573676e-06
9.61009758190877e-06
9.610097604582607e-06
9.610097597697733e-06
9.610097562400319e-06
9.610097583227263e-06
9.610097605441773e-06
9.610097654826433e-06
9.547830431903256e-06
9.547830431903256e-06
9.54783043298168e-06
9.547830421275593e-06
9.547830443054616e-06
9.547830456176945e-06
9.547830421665182e-06
9.54783042165646e-06
9.547830433775273e-06
9.54783043139234e-06
9.54783045397004e-06
9.547830446117314e-06
9.547830412164778e-06
9.54783042997328e-06
9.547830452538291e-06
9.54783047021847e-06
9.521716042528294e-06
9.521716042528294e-06
9.521716041870098e-06
9.521716033250659e-06
9.521716053165284e-06
9.521716069483313e-06
9.52171603359352e-06
9.521716032493818e-06
9.521716047052964e-06
9.521716044753602e-06
9.5217160585249e-06
9.521716057136903e-06
9.521716029119573e-06
9.521716043189476e-06
9.521716060706978e-06
9.521716051931078e-06
9.518346577879693e-06
9.518346577879693e-06
9.518346575932459e-06
9.518346569586446e-06
9.51834658833763e-06
9.518346605073565e-06
9.5183465699673e-06
9.518346567154211e-06
9.518346583701943e-06
9.518346581131064e-06
9.5183465903971e-06
9.518346592542192e-06
9.518346567282904e-06
9.518346580087548e-06
9.5183465949346e-06
9.518346579454164e-06
9.518583963327944e-06
9.518583963327944e-06
9.518583961150636e-06
9.518583955209011e-06
9.51858397376994e-06
9.518583990422236e-06
9.518583955602792e-06
9.51858395241129e-06
9.5185839693273e-06
9.518583966681019e-06
9.51858397530934e-06
9.518583977980865e-06
9.518583953079545e-06
9.518583965780508e-06
9.518583980239245e-06
9.518583964605641e-06
9.518674794867828e-06
9.518674794867828e-06
9.518674792661682e-06
9.51867478677067e-06
9.518674805308965e-06
9.518674821935024e-06
9.518674787166964e-06
9.518674783921447e-06
9.518674800883804e-06
9.518674798225469e-06
9.518674806792604e-06
9.518674809517809e-06
9.518674784646954e-06
9.518674797346973e-06
9.518674811767177e-06
9.518674796214026e-06
9.518994840767467e-06
9.518994840767467e-06
9.518994838457028e-06
9.518994832749219e-06
9.518994851203948e-06
9.518994867729115e-06
9.51899483315623e-06
9.518994829715672e-06
9.51899484684073e-06
9.518994844138172e-06
9.518994852500682e-06
9.518994855406832e-06
9.518994830636216e-06
9.518994843336936e-06
9.518994857627525e-06
9.518994842385095e-06
9.519367818824345e-06
9.519367818824345e-06
9.519367816371998e-06
9.519367810914072e-06
9.519367829250155e-06
9.519367845635867e-06
9.51936781133862e-06
9.519367807638065e-06
9.519367824973286e-06
9.519367822211001e-06
9.519367830319112e-06
9.519367833450771e-06
9.519367808804348e-06
9.519367821506605e-06
9.519367835635533e-06
9.519367820787922e-06
9.519945111155092e-06
9.519945111155092e-06
9.519945108419556e-06
9.519945103461776e-06
9.519945121548293e-06
9.519945137651717e-06
9.519945103928883e-06
9.519945099724133e-06
9.51994511744976e-06
9.519945114569676e-06
9.519945122230263e-06
9.519945125759598e-06
9.519945101331161e-06
9.519945114036721e-06
9.519945127879884e-06
9.51994511373796e-06
9.520608866815395e-06
9.520608866815395e-06
9.520608863567823e-06
9.520608859517539e-06
9.520608877123818e-06
9.520608892708018e-06
9.520608860078923e-06
9.52060885499621e-06
9.520608873361469e-06
9.520608870271647e-06
9.520608877260167e-06
9.520608881389165e-06
9.520608857286874e-06
9.520608869998806e-06
9.52060888340929e-06
9.520608870354272e-06
9.521078124979023e-06
9.521078124979023e-06
9.52107812072049e-06
9.521078118469176e-06
9.52107813506233e-06
9.521078149601639e-06
9.521078119255353e-06
9.521078112514431e-06
9.521078131994471e-06
9.521078128497825e-06
9.52107813446586e-06
9.521078139512035e-06
9.521078115901704e-06
9.52107812862705e-06
9.521078141371057e-06
9.521078130039223e-06
9.520294237179543e-06
9.520294237179543e-06
9.520294230937027e-06
9.520294232231038e-06
9.520294246701439e-06
9.520294259149403e-06
9.520294233538532e-06
9.520294223699307e-06
9.52029424506023e-06
9.520294240780285e-06
9.520294245380472e-06
9.520294251673897e-06
9.52029422871415e-06
9.520294241467617e-06
9.520294253292746e-06
9.520294244466683e-06
9.515705973446589e-06
9.515705973446589e-06
9.515705963472413e-06
9.515705971463573e-06
9.515705981684097e-06
9.51570599012026e-06
9.515705973904562e-06
9.515705958535127e-06
9.515705982848014e-06
9.515705977123493e-06
9.51570598036306e-06
9.515705987947112e-06
9.51570596560981e-06
9.515705978419553e-06
9.51570598925922e-06
9.515705983473785e-06
9.503677124272624e-06
9.503677124272624e-06
9.503677108548372e-06
9.503677126907163e-06
9.503677130145781e-06
9.503677132268752e-06
9.503677131352791e-06
9.503677107963884e-06
9.503677135837287e-06
9.503677127935393e-06
9.503677131122656e-06
9.50367713891561e-06
9.50367711652353e-06
9.503677129425722e-06
9.503677139999732e-06
9.503677136078925e-06
9.48522774121618e-06
9.48522774121618e-06
9.485227720133211e-06
9.485227748222142e-06
9.485227744342002e-06
9.485227740395733e-06
9.485227754900216e-06
9.485227724746017e-06
9.485227754542776e-06
9.485227744680218e-06
9.485227750704353e-06
9.48522775617976e-06
9.485227732305295e-06
9.485227745301748e-06
9.485227757396654e-06
9.485227751231924e-06
9.471026928472145e-06
9.471026928472145e-06
9.471026906217452e-06
9.471026936514083e-06
9.471026930356855e-06
9.47102692486499e-06
9.471026944109088e-06
9.471026913309642e-06
9.471026941884851e-06
9.471026931674269e-06
9.471026941715502e-06
9.471026943726826e-06
9.47102691784337e-06
9.471026930870006e-06
9.471026945379252e-06
9.471026934036762e-06
9.466634361885657e-06
9.466634361885657e-06
9.466634340909875e-06
9.466634368942722e-06
9.466634363959634e-06
9.466634359757247e-06
9.466634376317114e-06
9.46663434773962e-06
9.466634374660047e-06
9.466634364976182e-06
9.466634376813406e-06
9.466634377224773e-06
9.46663435046834e-06
9.466634363479501e-06
9.466634379141452e-06
9.466634364921816e-06
9.466338086637581e-06
9.466338086637581e-06
9.466338066266466e-06
9.466338093213514e-06
9.466338088924644e-06
9.466338085374282e-06
9.466338100400743e-06
9.4663380727127e-06
9.46633809916796e-06
9.466338089717576e-06
9.466338101747246e-06
9.466338101973885e-06
9.466338075130384e-06
9.46633808813242e-06
9.466338103936945e-06
9.466338089262932e-06
9.466385975494422e-06
9.466385975494422e-06
9.466385955222584e-06
9.466385981990402e-06
9.466385977824757e-06
9.466385974384427e-06
9.46638598914119e-06
9.466385961588194e-06
9.46638598798869e-06
9.466385978575606e-06
9.466385990591571e-06
9.466385990827327e-06
9.466385963991907e-06
9.466385976992376e-06
9.466385992792612e-06
9.46638597810622e-06
9.466486441548875e-06
9.466486441548875e-06
9.466486421464316e-06
9.46648644789403e-06
9.466486443962023e-06
9.46648644073017e-06
9.466486454974828e-06
9.466486427674604e-06
9.466486453975765e-06
9.466486444632966e-06
9.466486456612953e-06
9.466486456874716e-06
9.466486430059295e-06
9.466486443056978e-06
9.46648645884308e-06
9.466486444146449e-06
9.466613389969602e-06
9.466613389969602e-06
9.466613370158213e-06
9.466613396094977e-06
9.466613392502397e-06
9.46661338957575e-06
9.466613403073466e-06
9.466613376142484e-06
9.466613402298169e-06
9.466613393058216e-06
9.466613404982236e-06
9.466613405284985e-06
9.46661337849982e-06
9.466613391493852e-06
9.466613407257633e-06
9.466613392548802e-06
9.466770321452344e-06
9.466770321452344e-06
9.466770302105756e-06
9.466770327204992e-06
9.466770324185032e-06
9.46677032178e-06
9.466770334008998e-06
9.466770307708139e-06
9.46677033361325e-06
9.466770324549141e-06
9.466770336372035e-06
9.466770336749639e-06
9.466770310017183e-06
9.466770323006182e-06
9.466770338729475e-06
9.466770324002474e-06
9.4668715380108e-06
9.4668715380108e-06
9.466871519413393e-06
9.466871543165562e-06
9.466871541056149e-06
9.466871539497908e-06
9.466871549687477e-06
9.466871524407364e-06
9.466871549900403e-06
9.46687154112203e-06
9.466871552767335e-06
9.466871553278362e-06
9.466871526633638e-06
9.466871539617502e-06
9.466871555269514e-06
9.46687154051913e-06
9.466650158173295e-06
9.466650158173295e-06
9.466650140813829e-06
9.466650162347487e-06
9.466650161710647e-06
9.466650161567313e-06
9.466650168401112e-06
9.466650144820959e-06
9.466650169611882e-06
9.466650161311562e-06
9.466650172625815e-06
9.466650173390096e-06
9.466650146897633e-06
9.466650159880737e-06
9.46665017539938e-06
9.46665016062552e-06
9.465312354180356e-06
9.465312354180356e-06
9.465312338845212e-06
9.465312356769847e-06
9.465312358459526e-06
9.465312360669843e-06
9.4653123620522e-06
9.465312341285705e-06
9.465312364874499e-06
9.465312357370985e-06
9.465312368048143e-06
9.465312369310097e-06
9.46531234308509e-06
9.46531235608659e-06
9.465312371347442e-06
9.465312356573773e-06
9.46075405806156e-06
9.46075405806156e-06
9.460754045980206e-06
9.460754058150877e-06
9.460754063375812e-06
9.460754069469502e-06
9.460754062179703e-06
9.460754046020613e-06
9.460754067541716e-06
9.460754061356748e-06
9.460754070769788e-06
9.46075407304107e-06
9.4607540472924e-06
9.460754060372751e-06
9.460754075119715e-06
9.460754060443085e-06
9.44813895522698e-06
9.44813895522698e-06
9.448138947990495e-06
9.448138951708099e-06
9.448138961699202e-06
9.448138973819345e-06
9.448138953836813e-06
9.44813894474483e-06
9.448138962857126e-06
9.4481389587276e-06
9.448138965673304e-06
9.448138969957924e-06
9.448138945031453e-06
9.448138958349244e-06
9.448138972088562e-06
9.448138957792115e-06
9.419221483886725e-06
9.419221483886725e-06
9.419221482369267e-06
9.419221476375785e-06
9.419221490832029e-06
9.419221510635381e-06
9.419221476183092e-06
9.419221475915467e-06
9.419221489234223e-06
9.419221487745822e-06
9.419221490414552e-06
9.419221498266091e-06
9.419221474573723e-06
9.419221488451751e-06
9.419221500436125e-06
9.419221487138145e-06
9.370484626473456e-06
9.370484626473456e-06
9.370484627910383e-06
9.370484617498658e-06
9.370484631661338e-06
9.370484656708987e-06
9.370484615930988e-06
9.37048462130173e-06
9.370484630420394e-06
9.370484630777493e-06
9.370484628180956e-06
9.370484640540986e-06
9.370484618076351e-06
9.370484632870833e-06
9.370484642682106e-06
9.370484631130997e-06
9.324653433182779e-06
9.324653433182779e-06
9.324653431097016e-06
9.324653427734552e-06
9.324653434507469e-06
9.324653457097976e-06
9.324653427283202e-06
9.32465342914522e-06
9.324653438140728e-06
9.324653437729477e-06
9.324653432314876e-06
9.324653447234508e-06
9.324653425062861e-06
9.324653440631024e-06
9.324653449263445e-06
9.324653439293935e-06
9.309226427368783e-06
9.309226427368783e-06
9.309226419971451e-06
9.309226426284764e-06
9.309226426057452e-06
9.30922644291152e-06
9.30922642779659e-06
9.309226422647892e-06
9.3092264342038e-06
9.309226431867554e-06
9.309226427071922e-06
9.309226441604134e-06
9.30922641893399e-06
9.309226434669868e-06
9.309226443542413e-06
9.309226433996487e-06
9.309601807034116e-06
9.309601807034116e-06
9.309601797735575e-06
9.309601807385618e-06
9.309601805202844e-06
9.309601819733767e-06
9.309601809637333e-06
9.30960180175074e-06
9.309601814587873e-06
9.309601811460764e-06
9.309601807533312e-06
9.30960182136275e-06
9.309601798389298e-06
9.309601814052526e-06
9.309601823279012e-06
9.30960181362421e-06
9.310327628687198e-06
9.310327628687198e-06
9.310327619214161e-06
9.310327629151186e-06
9.31032762687267e-06
9.310327641149297e-06
9.310327631476464e-06
9.31032762330383e-06
9.310327636314039e-06
9.310327633098847e-06
9.31032762934947e-06
9.310327643028579e-06
9.310327620008299e-06
9.310327635644666e-06
9.310327644944408e-06
9.31032763523998e-06
     fun: 9.854506814122365e-06
     jac: array([ 4.99877615e-08, -8.35825631e-10, -2.14097668e-07,  2.98364284e-08,
       -9.50990398e-09, -8.05448508e-08,  3.56203600e-09,  2.06106620e-07,
       -3.69880127e-09, -5.49068773e-08, -6.56656312e-08,  5.43479928e-09,
        1.02725153e-08,  7.85632892e-09])
 message: 'Optimization terminated successfully.'
    nfev: 1952
     nit: 122
    njev: 122
  status: 0
 success: True
       x: array([ 0.71690197, -0.57599105, -0.58133774, -0.59692316,  0.3189701 ,
        0.23179077,  0.06629397, -0.26486975,  0.62496577,  0.02900709,
        0.86796005, -0.56457917, -0.77781533, -0.5824094 ])

========================================================

Final result:
0.7169019672570137
-0.5759910516586767
-0.5813377392436733
0.1468089412151121
0.1468089412151121
0.1468089412151121
-0.5969231581944617
0.3189700971613967
0.2317907668000205
0.06629396698039604
-0.2648697527568085
0.6249657690789732
0.029007087638330147
0.029007087638330147
0.8679600461305865
-0.5645791709017829
-0.777815329902831
-0.777815329902831
-0.5824093982063014
0.39641731843698325
