53.3385409316
53.3385409316
53.3385406309
53.3385404676
53.3385408738
53.3385428001
53.3385430089
53.3385425054
53.3385425103
53.3385426356
53.3385419574
53.33854441
53.3385426604
53.3385418126
53.33854164
53.3385401742
53.3385408087
210408.487265
21005.9571329
2809.64980296
529.911416484
97.8418231781
36.929509977
36.929509977
36.9295097418
36.9295096836
36.9295099281
36.9295098797
36.9295099481
36.9295097407
36.9295097165
36.9295094667
36.9295098713
36.9295087427
36.9295094891
36.929509694
36.929510205
36.9295090065
36.9295098202
11935.6306666
1378.8457265
231.440868033
43.4791676195
29.4156473547
29.4156473547
29.4156476404
29.4156478728
29.415647403
29.4156463143
29.415646093
29.4156466662
29.4156467951
29.4156465593
29.4156469612
29.4156456862
29.4156465775
29.4156467108
29.4156475115
29.4156468845
29.4156472834
7291.43050334
714.919487859
109.851875878
26.9540317164
26.9540317164
26.9540314993
26.9540313989
26.9540316655
26.9540302791
26.9540302725
26.9540304317
26.9540302533
26.9540302884
26.9540310157
26.9540287273
26.9540303621
26.9540309869
26.9540315824
26.9540322093
26.9540318153
2107.98944786
203.966688928
31.755341086
25.2909809353
25.2909809353
25.2909809509
25.2909809839
25.2909809351
25.290979475
25.2909794298
25.2909795974
25.2909794996
25.2909792615
25.2909802273
25.2909773539
25.2909792704
25.2909802773
25.2909807378
25.2909815508
25.2909810572
2517.50210638
243.954171414
32.3542816852
23.2843991092
23.2843991092
23.2843991609
23.2843991426
23.2843991187
23.2843973215
23.2843973537
23.2843974354
23.2843971856
23.2843972513
23.2843981297
23.2843953254
23.2843971704
23.2843982246
23.2843986796
23.2843996151
23.2843992133
1332.62814307
128.90779251
23.8735399641
22.2330188833
22.2330188833
22.2330188966
22.2330189329
22.2330188818
22.2330169956
22.2330169244
22.233017148
22.2330170229
22.2330169209
22.2330177941
22.2330147481
22.2330170065
22.2330178543
22.2330183748
22.2330194698
22.2330190013
720.44867591
72.250391256
22.2619507467
21.9521102881
21.9521102881
21.9521102789
21.9521103185
21.95211028
21.9521083475
21.9521082454
21.952108543
21.9521084342
21.9521083073
21.9521092349
21.9521061603
21.9521083109
21.9521093765
21.9521097515
21.9521108512
21.9521104015
172.708221351
25.622115471
20.8626512706
20.8626512706
20.8626512568
20.8626512961
20.8626512614
20.8626494774
20.862649338
20.8626496553
20.8626496488
20.8626493955
20.8626502091
20.8626474623
20.8626491883
20.8626501908
20.8626507931
20.8626519016
20.8626513955
709.146067833
70.487890637
14.4655783273
14.4655783273
14.4655787121
14.4655784968
14.4655784087
14.4655779842
14.465577874
14.4655781485
14.4655781757
14.4655782203
14.4655782124
14.4655781549
14.4655782143
14.4655782667
14.4655781089
14.4655788057
14.4655784198
221.820663043
29.2258473739
12.4665419256
12.4665419256
12.4665422326
12.4665422919
12.4665419909
12.4665424101
12.4665422221
12.4665424736
12.4665425263
12.4665426783
12.4665422511
12.4665436018
12.4665426554
12.4665422775
12.4665418736
12.4665423288
12.4665420013
105.474730896
15.8486907194
11.7070036946
11.7070036946
11.7070040068
11.7070040492
11.7070037567
11.7070044149
11.7070043951
11.7070045175
11.7070046536
11.7070047805
11.7070041733
11.7070060579
11.7070047475
11.7070042187
11.7070037251
11.707004009
11.7070037543
39.0872841701
11.0104975704
11.0104975704
11.0104976312
11.0104976215
11.0104975875
11.0104986818
11.0104986358
11.0104985301
11.0104986347
11.0104986767
11.0104980755
11.0104998955
11.0104986503
11.0104981539
11.0104978022
11.0104973366
11.0104975392
27.7078608203
9.55610714656
9.55610714656
9.55610689977
9.55610691638
9.55610709512
9.55610753862
9.55610760592
9.55610735305
9.55610735204
9.55610723688
9.55610727592
9.55610723307
9.5561072418
9.55610722126
9.55610732593
9.55610653213
9.55610706009
10.2963837808
8.46277856142
8.46277856142
8.46277845372
8.46277850819
8.46277853437
8.46277844935
8.46277846972
8.4627784573
8.4627784358
8.46277843716
8.46277852968
8.46277828795
8.4627784552
8.46277850746
8.46277867595
8.46277851414
8.46277857176
8.23346090352
7.86345625778
7.86345625778
7.8634562464
7.86345623821
7.86345625332
7.86345615419
7.86345617223
7.86345615042
7.86345613607
7.86345612808
7.86345620468
7.86345597775
7.86345612381
7.8634562189
7.86345626266
7.86345628221
7.86345628331
7.58341115707
7.73939096858
7.73939096858
7.73939096955
7.7393909664
7.73939096631
7.73939088837
7.73939089204
7.73939089679
7.73939089385
7.73939088634
7.73939093459
7.7393907906
7.7393908874
7.7393909399
7.73939098502
7.73939097999
7.7393909873
7.83297954001
7.7536121617
7.7536121617
7.75361216392
7.75361216397
7.75361215964
7.75361216069
7.75361215755
7.75361216998
7.75361217481
7.75361217847
7.75361217608
7.75361219416
7.75361218065
7.7536121751
7.753612204
7.75361216575
7.75361218003
7.74370572106
7.74760142989
7.74760142989
7.74760142645
7.74760142775
7.747601427
7.74760145341
7.74760145475
7.74760145086
7.74760145331
7.74760145543
7.74760145178
7.74760147895
7.74760145577
7.74760145551
7.74760147207
7.74760142672
7.74760144683
7.7484676319
7.74769449673
7.74769449673
7.74769449463
7.74769449714
7.74769449407
7.7476945169
7.74769451747
7.74769451506
7.74769451831
7.74769451932
7.74769451598
7.74769453938
7.74769451916
7.74769451938
7.7476945376
7.74769448959
7.74769451299
7.7491055565
7.74816099047
7.74816099047
7.74816098788
7.74816098992
7.74816098771
7.74816101016
7.74816101071
7.74816100828
7.74816101192
7.74816101226
7.74816100913
7.74816103134
7.74816101236
7.74816101215
7.74816103127
7.74816098133
7.7481610064
7.74788664401
7.74806352425
7.74806352425
7.74806352102
7.7480635225
7.74806352137
7.74806354499
7.74806354592
7.74806354262
7.74806354609
7.74806354632
7.74806354338
7.74806356537
7.74806354644
7.74806354644
7.74806356534
7.74806351473
7.74806354011
     fun: 9.108138800929204
     jac: array([-0.00710142, -0.01232636, -0.00147963,  0.0027622 ,  0.00378501,
        0.00259817,  0.0040344 ,  0.00612271, -0.00162911,  0.0128119 ,
        0.00760078,  0.00041544, -0.00179374,  0.00808251,  0.00164473])
 message: 'Optimization terminated successfully.'
    nfev: 416
     nit: 22
    njev: 22
  status: 0
 success: True
       x: array([ 0.49025504, -0.46639272, -0.43506234, -0.35764561,  0.25496567,
        0.03584228,  0.14868886, -0.3736927 ,  0.56425815,  0.17741251,
       -0.03906967, -0.47577594, -0.52091629, -0.13421869, -0.11177599])

========================================================

Final result:
0.49025504212
-0.466392717575
-0.4350623409
0.137066672119
0.137066672119
0.137066672119
-0.3576456125
0.254965668692
0.0358422776886
0.148688859875
-0.373692704909
0.564258146899
0.177412507768
0.177412507768
-0.039069673811
-0.475775943221
-0.134218689955
-0.111775985151
0.0819982250351
0.0819982250351
0.0819982250351
-0.520916293886
0.408520259637
