32.7161455453
32.7161455453
32.7161401349
32.716142906
32.7161429639
32.7161431211
32.7161433733
32.7161424391
32.7161410859
32.716143933
32.7161422508
32.7161423873
32.7161444173
32.7161432598
32.7161449313
32.7161443394
32.7161454327
32.7161458497
32.7161460017
32.7161456006
631270.535989
63102.8783694
9902.16403846
2075.14742194
447.915846692
89.5201127321
20.6202192316
20.6202192316
20.6202220382
20.620220636
20.6202204107
20.6202206277
20.62022051
20.6202197213
20.6202218446
20.620220493
20.6202194603
20.6202219452
20.6202201764
20.6202210679
20.6202199001
20.6202207349
20.6202193692
20.6202199194
20.6202201855
20.6202193684
29960.6687747
3388.22134906
564.249443187
95.8603657262
20.7331593283
17.0947607208
17.0947607208
17.0947654525
17.0947630713
17.0947627315
17.0947629007
17.0947624881
17.094762342
17.0947643442
17.0947621043
17.0947623016
17.0947635805
17.0947615865
17.0947623509
17.0947612095
17.0947617227
17.0947608182
17.0947611037
17.0947611678
17.0947607934
15764.5958257
1571.88086528
171.258032074
23.6649456589
16.2976503106
16.2976503106
16.2976548053
16.2976526021
16.2976524651
16.2976526095
16.2976523185
16.2976522573
16.2976544945
16.2976519259
16.2976523568
16.2976535777
16.2976514651
16.2976526072
16.2976510187
16.2976518171
16.2976504534
16.2976504741
16.2976503915
16.2976503374
2342.52955439
231.757950813
25.6419399689
15.9555177747
15.9555177747
15.9555227109
15.9555202475
15.9555199971
15.9555200893
15.9555197373
15.9555198561
15.9555217133
15.9555194415
15.9555199885
15.9555212218
15.95551899
15.9555201819
15.9555185708
15.9555195182
15.9555179356
15.9555179208
15.955517837
15.9555177997
2621.58435886
259.841130571
27.9470996732
15.6719321493
15.6719321493
15.6719371634
15.671934649
15.6719344357
15.671934456
15.671934226
15.6719343646
15.6719364084
15.6719338593
15.6719344953
15.671935601
15.6719334413
15.6719348409
15.6719328778
15.6719336073
15.6719322956
15.6719324013
15.6719323788
15.6719322017
1858.88836784
184.428218785
22.4696802299
15.4995256554
15.4995256554
15.4995307014
15.4995281658
15.4995279783
15.4995279523
15.4995277808
15.4995279714
15.4995300271
15.4995274117
15.4995281005
15.4995292717
15.4995269006
15.4995281175
15.4995264192
15.4995272743
15.4995258086
15.4995259128
15.4995259132
15.4995257115
697.760871407
68.4305079902
15.6587019923
15.1315858804
15.1315858804
15.1315911502
15.1315884695
15.1315882376
15.1315881445
15.1315880616
15.1315882537
15.1315904363
15.1315876251
15.1315882914
15.1315893835
15.1315871649
15.1315884649
15.1315866822
15.131587598
15.1315860421
15.1315860434
15.1315860915
15.1315859153
1995.5705745
198.107488994
23.21269678
14.9696648996
14.9696648996
14.9696701289
14.9696674964
14.96966732
14.9696673069
14.9696670866
14.9696673479
14.9696693741
14.9696667069
14.9696673269
14.9696686149
14.9696661919
14.9696674896
14.9696656643
14.9696664863
14.9696650522
14.9696650193
14.9696651023
14.9696649248
414.146684751
42.7065970872
15.1251897183
14.8929815367
14.8929815367
14.8929867149
14.8929841249
14.8929839867
14.8929840271
14.892983713
14.8929840216
14.8929859802
14.8929833096
14.8929839845
14.8929851451
14.8929828214
14.8929841202
14.8929823158
14.8929831772
14.892981693
14.8929816968
14.8929818046
14.8929815715
222.698232318
24.2675696225
12.9991638782
12.9991638782
12.9991682279
12.9991659251
12.9991658882
12.9991658858
12.9991656667
12.9991660309
12.9991675378
12.9991653126
12.9991660407
12.9991667966
12.9991649028
12.9991659339
12.9991644744
12.9991651039
12.999163998
12.9991639597
12.9991638853
12.9991639005
75.710072244
13.8043749471
9.43763524903
9.43763524903
9.4376359137
9.43763555074
9.43763561776
9.43763551403
9.43763546602
9.43763598892
9.43763568873
9.437635308
9.43763609928
9.43763530106
9.43763526864
9.43763530027
9.43763520206
9.43763509356
9.43763524145
9.43763498073
9.43763479846
9.43763519796
45.6173274587
9.8237438608
9.31775784574
9.31775784574
9.3177582925
9.31775801214
9.31775809788
9.31775801758
9.31775797056
9.31775844603
9.31775809876
9.31775783276
9.3177585921
9.31775775527
9.31775781436
9.31775779812
9.31775777026
9.31775763604
9.3177578325
9.31775755304
9.3177574227
9.31775778676
15.6941967302
8.78568651042
8.78568651042
8.78568578473
8.78568614348
8.78568619372
8.78568616964
8.78568620091
8.78568630571
8.78568589576
8.78568622744
8.78568632631
8.78568595197
8.78568631042
8.78568614614
8.78568637857
8.78568625131
8.78568648779
8.78568641044
8.78568636292
8.78568648978
11.7783910562
8.53673611124
8.53673611124
8.5367353919
8.53673576345
8.5367357804
8.53673578772
8.53673583691
8.53673574963
8.53673555449
8.53673590627
8.536735725
8.53673571785
8.53673598152
8.53673585687
8.53673604551
8.53673599206
8.53673610551
8.53673612492
8.53673614114
8.5367361121
8.61142337804
8.4868572793
8.4868572793
8.48685691133
8.48685710738
8.48685710663
8.4868571164
8.48685714014
8.4868570728
8.48685699646
8.48685717645
8.48685705967
8.48685708917
8.48685721409
8.48685715164
8.48685724377
8.48685722652
8.48685727598
8.48685729865
8.48685731238
8.48685728134
8.61503696228
8.48265275781
8.48265275781
8.48265273279
8.48265275499
8.48265274128
8.48265275013
8.48265274455
8.48265272571
8.48265273482
8.48265274262
8.48265273049
8.48265274261
8.4826527474
8.48265273714
8.48265274877
8.48265274731
8.48265276082
8.48265276678
8.48265276902
8.48265275775
8.47812999139
8.47890176734
8.47890176734
8.47890176654
8.47890177395
8.47890176491
8.47890177108
8.47890176802
8.47890175699
8.47890177203
8.47890176472
8.47890176189
8.47890177608
8.47890176764
8.47890177014
8.47890176521
8.47890177227
8.47890177211
8.47890177314
8.47890177345
8.47890176657
8.46774252212
8.47467834701
8.47467834701
8.47467835015
8.47467835438
8.47467834745
8.47467835258
8.47467835059
8.47467834331
8.47467835784
8.47467834725
8.47467834789
8.4746783613
8.47467835071
8.47467835662
8.47467834723
8.47467835664
8.47467835195
8.47467835095
8.47467835045
8.47467834608
8.47357341372
8.47420432871
8.47420432871
8.47420432843
8.47420433429
8.4742043274
8.47420433223
8.47420432985
8.47420432411
8.47420433435
8.47420432597
8.47420432914
8.47420433668
8.47420432968
8.47420433271
8.47420432687
8.47420433357
8.47420433323
8.47420433147
8.47420433036
8.47420432758
8.47429093266
8.47421275035
8.47421275035
8.4742127474
8.47421275466
8.47421274764
8.47421275241
8.47421274966
8.47421274498
8.47421275225
8.47421274556
8.47421275038
8.47421275387
8.47421274947
8.47421275046
8.47421274707
8.47421275193
8.47421275457
8.47421275235
8.4742127508
8.47421274904
8.47400486349
8.47412725175
     fun: 8.619975686492104
     jac: array([  4.38604355e-02,   1.80274248e-02,   1.16050243e-02,
         1.64448023e-02,   9.14454460e-03,   3.71575356e-04,
         1.67155266e-02,   5.42998314e-03,  -7.12299347e-03,
         1.24247074e-02,  -2.21014023e-04,  -6.54590130e-03,
        -2.01845169e-03,  -5.35726547e-03,   2.14576721e-05,
         1.15901232e-02,   1.57450438e-02,   2.45833397e-03])
 message: 'Optimization terminated successfully.'
    nfev: 469
     nit: 21
    njev: 21
  status: 0
 success: True
       x: array([ 0.3159221 , -0.74585939,  0.03915142,  0.09661192, -0.24647963,
        0.5609691 ,  0.11256119, -0.11030265, -0.49880611,  0.08978192,
       -0.25637891,  0.14092062, -0.0556222 ,  0.14981042, -0.47163073,
       -0.41257244,  0.26553041, -0.27416402])

========================================================

Final result:
0.315922097906
-0.745859387481
0.315922097906
0.0391514177246
0.0966119208254
-0.24647962633
0.560969095935
0.112561185618
0.112561185618
-0.110302647909
-0.498806111778
0.0897819198135
0.0897819198135
-0.256378907978
0.140920616942
0.140920616942
-0.0556221975083
0.149810420851
0.149810420851
-0.471630726017
0.356784896085
0.356784896085
0.356784896085
-0.412572438985
0.265530407279
-0.274164019054
0.14040201692
0.14040201692
0.14040201692
