3.963512195657919e-05
3.963512195657919e-05
3.963512402619775e-05
3.9635123003126316e-05
3.9635126449612604e-05
3.963513728674357e-05
3.9635123741091656e-05
3.963512458169991e-05
3.96351222619471e-05
3.963512166861884e-05
3.963512296527068e-05
3.9635121017003157e-05
3.963512542767996e-05
3.9635121896280256e-05
3.963511989531941e-05
3.9635121538195194e-05
3.963512234261299e-05
3.963512180008686e-05
3.84196403182905e-05
3.84196403182905e-05
3.841964185171502e-05
3.8419640843917116e-05
3.8419644146910087e-05
3.841965356678922e-05
3.841964167894144e-05
3.841964251010865e-05
3.841964034049242e-05
3.841963977465682e-05
3.841964116067529e-05
3.841963909136746e-05
3.841964345141536e-05
3.8419640218757504e-05
3.8419637987891154e-05
3.84196398937116e-05
3.841964067744527e-05
3.84196401604144e-05
3.50509288519747e-05
3.50509288519747e-05
3.505092810457639e-05
3.5050927172814346e-05
3.505092983636006e-05
3.5050933178673716e-05
3.505092841215994e-05
3.5050929194794565e-05
3.5050927684887674e-05
3.5050927242138436e-05
3.5050928995175205e-05
3.505092642954833e-05
3.505093056340355e-05
3.5050928587369376e-05
3.505092541183766e-05
3.505092839569736e-05
3.5050929085134305e-05
3.505092868729037e-05
3.4348953361362345e-05
3.4348953361362345e-05
3.434895139572485e-05
3.43489505215071e-05
3.4348952799139646e-05
3.434895282064595e-05
3.434895196363357e-05
3.4348952707535716e-05
3.434895158212624e-05
3.4348951214562104e-05
3.4348953143399064e-05
3.434895034111581e-05
3.434895433696762e-05
3.434895301128791e-05
3.4348949381885787e-05
3.434895288002019e-05
3.434895350948806e-05
3.434895319164107e-05
3.405960253759898e-05
3.405960253759898e-05
3.4059600328235027e-05
3.405959948642143e-05
3.40596016322221e-05
3.4059600897584465e-05
3.405960095272897e-05
3.4059601673077165e-05
3.4059600664111366e-05
3.405960032329644e-05
3.405960226215405e-05
3.405959944767675e-05
3.405960339396589e-05
3.405960217365623e-05
3.4059598515717775e-05
3.4059602041263156e-05
3.4059602646950755e-05
3.405960236515393e-05
3.236571927964655e-05
3.236571927964655e-05
3.2365716480897905e-05
3.236571583483408e-05
3.2365717355499905e-05
3.236571427830636e-05
3.236571726689278e-05
3.236571784147978e-05
3.236571733553759e-05
3.236571712547283e-05
3.2365718946325236e-05
3.236571630019022e-05
3.23657199996179e-05
3.236571889983126e-05
3.23657155213613e-05
3.236571869126525e-05
3.236571917356744e-05
3.236571909103271e-05
2.958196793074578e-05
2.958196793074578e-05
2.9581965015880753e-05
2.958196479808084e-05
2.9581965180139906e-05
2.9581959939045052e-05
2.9581965913968635e-05
2.9581966165055194e-05
2.9581966491753274e-05
2.958196652747232e-05
2.9581967850582048e-05
2.958196589512934e-05
2.9581969115092774e-05
2.9581967605207526e-05
2.9581965435105246e-05
2.9581967139758734e-05
2.9581967379878226e-05
2.9581967707289677e-05
2.782195487998199e-05
2.782195487998199e-05
2.7821952912445942e-05
2.7821953012857415e-05
2.7821952753075642e-05
2.7821948519090047e-05
2.7821953678756026e-05
2.7821953685445313e-05
2.7821954392337702e-05
2.782195457633425e-05
2.782195531488973e-05
2.7821954157860236e-05
2.7821957060308537e-05
2.782195467120773e-05
2.782195391918193e-05
2.7821953938547888e-05
2.7821954024497812e-05
2.7821954631354588e-05
2.701692206310977e-05
2.701692206310977e-05
2.701692137779274e-05
2.701692161671711e-05
2.7016921253222708e-05
2.7016919668669676e-05
2.701692190162288e-05
2.7016921798586023e-05
2.7016922466224724e-05
2.7016922687687567e-05
2.701692298513794e-05
2.7016922417701276e-05
2.7016925190837144e-05
2.7016921966306082e-05
2.7016922260275853e-05
2.7016921058195808e-05
2.7016921100881678e-05
2.701692180453801e-05
2.6849093771742077e-05
2.6849093771742077e-05
2.6849093572938277e-05
2.6849093797578313e-05
2.6849093574671042e-05
2.6849093302959332e-05
2.6849093984796867e-05
2.6849093890762095e-05
2.6849094411593296e-05
2.6849094612287175e-05
2.684909481478326e-05
2.684909436130739e-05
2.6849097123590237e-05
2.6849093702791254e-05
2.684909418216108e-05
2.684909277732043e-05
2.6849092844207813e-05
2.6849093515450195e-05
2.671326581527005e-05
2.671326581527005e-05
2.6713265879609995e-05
2.671326607991057e-05
2.6713265985919403e-05
2.671326652273502e-05
2.6713266217178415e-05
2.6713266140713658e-05
2.6713266540703076e-05
2.671326672537097e-05
2.671326688178763e-05
2.671326646696682e-05
2.6713269182320483e-05
2.671326575096938e-05
2.6713266258696718e-05
2.6713264839346688e-05
2.671326493404461e-05
2.6713265562614494e-05
2.639145538270032e-05
2.639145538270032e-05
2.6391455810053525e-05
2.6391455980042883e-05
2.639145607938692e-05
2.639145778207934e-05
2.6391456019980673e-05
2.639145596564582e-05
2.639145617952694e-05
2.639145635545529e-05
2.6391456406758936e-05
2.6391456063463767e-05
2.639145856123992e-05
2.6391455305297535e-05
2.6391455804701734e-05
2.639145444338052e-05
2.6391454588322055e-05
2.6391455137483554e-05
2.5781925096648356e-05
2.5781925096648356e-05
2.578192588031239e-05
2.5781926045960623e-05
2.5781926324343202e-05
2.578192921007154e-05
2.5781925910419207e-05
2.578192585948221e-05
2.578192587922571e-05
2.57819260876543e-05
2.5781925917675894e-05
2.5781925716918678e-05
2.5781927627064178e-05
2.5781924963785807e-05
2.5781925397893744e-05
2.5781924210921772e-05
2.5781924422890157e-05
2.578192486299667e-05
2.492907812851844e-05
2.492907812851844e-05
2.492907899522187e-05
2.492907922928468e-05
2.4929079507639365e-05
2.4929082741163498e-05
2.4929078847696606e-05
2.492907874741585e-05
2.4929078703407623e-05
2.4929079025835834e-05
2.4929078500465302e-05
2.492907852420939e-05
2.4929079350854248e-05
2.4929077876498562e-05
2.4929078168337456e-05
2.4929077297928144e-05
2.492907756724596e-05
2.492907790803291e-05
2.4318917363025807e-05
2.4318917363025807e-05
2.4318917829649868e-05
2.4318918192137936e-05
2.4318918192254996e-05
2.4318920217813746e-05
2.4318917645403722e-05
2.4318917452263208e-05
2.431891759557257e-05
2.431891806982606e-05
2.431891725563144e-05
2.431891745865202e-05
2.431891727505114e-05
2.431891698624213e-05
2.4318917131099228e-05
2.4318916548399995e-05
2.431891681590873e-05
2.431891714827484e-05
2.4137922001227075e-05
2.4137922001227075e-05
2.413792202117894e-05
2.413792246665384e-05
2.4137922192131245e-05
2.413792280539189e-05
2.4137921914053496e-05
2.4137921661145433e-05
2.4137922028918753e-05
2.413792258037045e-05
2.4137921706961852e-05
2.413792194418666e-05
2.413792145319256e-05
2.413792157728387e-05
2.4137921667846897e-05
2.413792116955195e-05
2.4137921399700457e-05
2.413792178428861e-05
2.410867188406355e-05
2.410867188406355e-05
2.4108671745934228e-05
2.410867220885039e-05
2.410867184396438e-05
2.4108671943968278e-05
2.4108671689320145e-05
2.4108671424341113e-05
2.4108671873336867e-05
2.4108672434333727e-05
2.410867159024009e-05
2.410867180751186e-05
2.410867136468747e-05
2.4108671461100304e-05
2.4108671552748842e-05
2.4108671042640976e-05
2.410867125401243e-05
2.410867166539279e-05
2.408960388954802e-05
2.408960388954802e-05
2.408960368376352e-05
2.4089604150419443e-05
2.4089603748731334e-05
2.4089603624010042e-05
2.4089603655721017e-05
2.4089603388992016e-05
2.408960387140946e-05
2.408960443164206e-05
2.4089603613159062e-05
2.4089603812976797e-05
2.4089603431758574e-05
2.4089603471669127e-05
2.4089603567874268e-05
2.408960304734058e-05
2.408960325102293e-05
2.40896036708934e-05
2.4031931674511812e-05
2.4031931674511812e-05
2.403193134669812e-05
2.4031931816006297e-05
2.4031931349464673e-05
2.403193081204835e-05
2.4031931377086675e-05
2.403193111227709e-05
2.4031931649120264e-05
2.4031932204259417e-05
2.4031931440237474e-05
2.4031931601341724e-05
2.4031931357572737e-05
2.4031931268932616e-05
2.4031931372635768e-05
2.4031930844969383e-05
2.403193103992204e-05
2.403193145912645e-05
2.3904962885735358e-05
2.3904962885735358e-05
2.390496240336121e-05
2.390496286859024e-05
2.390496232225672e-05
2.3904961247278003e-05
2.390496251954833e-05
2.3904962267599343e-05
2.3904962858678605e-05
2.3904963402082387e-05
2.3904962716436342e-05
2.3904962817819437e-05
2.390496277844877e-05
2.3904962499547488e-05
2.3904962606671182e-05
2.390496210724264e-05
2.390496230480617e-05
2.3904962682570027e-05
2.3625478161477937e-05
2.3625478161477937e-05
2.362547750493333e-05
2.3625477946654684e-05
2.3625477316342936e-05
2.3625475597619276e-05
2.362547774738119e-05
2.3625477536887527e-05
2.3625478150098147e-05
2.362547866736135e-05
2.3625478091693586e-05
2.3625478099796472e-05
2.362547836028724e-05
2.36254778060339e-05
2.3625477899848247e-05
2.3625477532936467e-05
2.362547776975706e-05
2.3625477993422873e-05
2.3184330903843487e-05
2.3184330903843487e-05
2.3184330192423974e-05
2.318433057606618e-05
2.318432993547582e-05
2.3184327912885678e-05
2.3184330553589966e-05
2.3184330428438416e-05
2.3184330943786678e-05
2.318433141817069e-05
2.318433093470893e-05
2.318433084454613e-05
2.3184331382936225e-05
2.318433058161218e-05
2.3184330625273938e-05
2.318433057025828e-05
2.3184330916763582e-05
2.318433080405433e-05
2.2772443623110135e-05
2.2772443623110135e-05
2.2772443122031952e-05
2.277244342680709e-05
2.2772442922474198e-05
2.2772441465079362e-05
2.2772443497341185e-05
2.2772443474959956e-05
2.27724437417203e-05
2.2772444174009186e-05
2.2772443679679962e-05
2.2772443557352206e-05
2.277244411957664e-05
2.2772443313319767e-05
2.277244327672356e-05
2.2772443631129023e-05
2.277244413542825e-05
2.277244360164111e-05
2.2606343587398706e-05
2.2606343587398706e-05
2.2606343389762284e-05
2.2606343650267805e-05
2.260634332110174e-05
2.2606342819871693e-05
2.2606343676619776e-05
2.2606343703103203e-05
2.260634375522957e-05
2.2606344173815983e-05
2.260634358521506e-05
2.260634351215927e-05
2.260634385475562e-05
2.2606343263047696e-05
2.2606343175121316e-05
2.2606343745996775e-05
2.2606344343275322e-05
2.2606343599906858e-05
2.257718667192774e-05
2.257718667192774e-05
2.2577186607001055e-05
2.2577186862396383e-05
2.2577186606684716e-05
2.2577186555932328e-05
2.257718683195031e-05
2.2577186859040784e-05
2.25771868470971e-05
2.257718726856651e-05
2.2577186623156735e-05
2.257718659314e-05
2.2577186783789855e-05
2.2577186334167904e-05
2.2577186239192295e-05
2.2577186822424275e-05
2.257718743094272e-05
2.2577186682253705e-05
2.256758498508826e-05
2.256758498508826e-05
2.2567584954806946e-05
2.256758521154857e-05
2.2567584976111668e-05
2.2567585053743132e-05
2.256758515798562e-05
2.2567585180801005e-05
2.256758515811987e-05
2.2567585580957736e-05
2.2567584918528352e-05
2.2567584906357394e-05
2.256758504161453e-05
2.256758464199035e-05
2.25675845510731e-05
2.256758511435718e-05
2.2567585717782343e-05
2.256758499048242e-05
2.254370272227229e-05
2.254370272227229e-05
2.2543702739647667e-05
2.2543702997591273e-05
2.2543702795475276e-05
2.254370306294168e-05
2.2543702910060965e-05
2.2543702926291993e-05
2.2543702888681186e-05
2.254370330969894e-05
2.254370262689328e-05
2.254370264631566e-05
2.2543702691640668e-05
2.2543702370549482e-05
2.254370229389969e-05
2.2543702809456385e-05
2.2543703399422524e-05
2.2543702718044864e-05
2.248811094948364e-05
2.248811094948364e-05
2.2488111026565104e-05
2.248811128106604e-05
2.2488111135197947e-05
2.2488111666571062e-05
2.2488111154160348e-05
2.2488111165168744e-05
2.2488111101542637e-05
2.2488111508823695e-05
2.2488110811814005e-05
2.248811088370286e-05
2.248811079448778e-05
2.2488110585337503e-05
2.248811054502501e-05
2.2488110968413863e-05
2.248811153196836e-05
2.248811092995737e-05
2.2357562397610446e-05
2.2357562397610446e-05
2.2357562540098765e-05
2.235756277587539e-05
2.2357562732489316e-05
2.235756362352597e-05
2.235756261761017e-05
2.2357562632969155e-05
2.2357562518071873e-05
2.2357562877500712e-05
2.2357562197894422e-05
2.2357562361706047e-05
2.235756206814914e-05
2.2357562015867228e-05
2.235756206592085e-05
2.2357562303966555e-05
2.2357562814082014e-05
2.2357562353549167e-05
2.2113419264628566e-05
2.2113419264628566e-05
2.2113419424984378e-05
2.2113419609295566e-05
2.2113419719845634e-05
2.2113420925820773e-05
2.211341947949027e-05
2.2113419527494033e-05
2.2113419327813012e-05
2.211341957286187e-05
2.2113418999983692e-05
2.211341929458206e-05
2.2113418770939526e-05
2.211341886594804e-05
2.2113419096173404e-05
2.2113419025348934e-05
2.2113419445953197e-05
2.211341919027624e-05
2.1805889342659343e-05
2.1805889342659343e-05
2.1805889391273352e-05
2.1805889487965053e-05
2.18058897483301e-05
2.180589089873524e-05
2.1805889507338174e-05
2.1805889629132486e-05
2.1805889334324156e-05
2.1805889399595153e-05
2.1805889060328726e-05
2.1805889470441432e-05
2.1805888846600514e-05
2.1805888942789847e-05
2.1805889419810773e-05
2.1805888999675943e-05
2.1805889318356067e-05
2.1805889249453145e-05
2.1615794498148178e-05
2.1615794498148178e-05
2.1615794343154976e-05
2.1615794367980343e-05
2.1615794662932468e-05
2.1615795302032623e-05
2.1615794588924913e-05
2.1615794785583655e-05
2.1615794451443053e-05
2.1615794380684834e-05
2.1615794274371313e-05
2.1615794695027878e-05
2.161579421839936e-05
2.161579411907729e-05
2.1615794751713207e-05
2.161579418357931e-05
2.161579445815444e-05
2.1615794415225262e-05
2.1569746730090485e-05
2.1569746730090485e-05
2.1569746456638583e-05
2.1569746465160452e-05
2.1569746711172217e-05
2.1569746934184242e-05
2.156974678277863e-05
2.1569747005660453e-05
2.1569746687488908e-05
2.1569746592726633e-05
2.1569746566619733e-05
2.156974693563767e-05
2.156974664008519e-05
2.1569746369781493e-05
2.156974700814694e-05
2.1569746494908995e-05
2.1569746784552684e-05
2.1569746666064945e-05
2.1563469303063015e-05
2.1563469303063015e-05
2.1563469006900638e-05
2.1563469019885436e-05
2.1563469236230682e-05
2.1563469344866676e-05
2.156346934967195e-05
2.1563469572400844e-05
2.15634692687467e-05
2.156346918513912e-05
2.1563469158782932e-05
2.1563469501121852e-05
2.1563469268162665e-05
2.1563468948316316e-05
2.1563469563355186e-05
2.1563469101401763e-05
2.1563469405523068e-05
2.1563469246429267e-05
2.1558921345213955e-05
2.1558921345213955e-05
2.155892104187345e-05
2.1558921059537636e-05
2.15589212581535e-05
2.1558921316732076e-05
2.1558921390080412e-05
2.1558921610494357e-05
2.15589213162133e-05
2.1558921241971196e-05
2.155892121002526e-05
2.1558921537303212e-05
2.1558921335384676e-05
2.1558920993047678e-05
2.1558921591372727e-05
2.1558921161442893e-05
2.1558921474357108e-05
2.1558921292432072e-05
2.154412130656638e-05
2.154412130656638e-05
2.1544120991029054e-05
2.154412102032228e-05
2.154412118041132e-05
2.1544121140876873e-05
2.1544121347771803e-05
2.1544121561610715e-05
2.1544121288250313e-05
2.154412123403624e-05
2.1544121189555003e-05
2.1544121485336113e-05
2.1544121346878505e-05
2.1544120959647435e-05
2.1544121522121846e-05
2.1544121159879004e-05
2.1544121490468658e-05
2.154412126175486e-05
2.1509406705514468e-05
2.1509406705514468e-05
2.1509406374982916e-05
2.150940642471457e-05
2.150940652463767e-05
2.1509406345872667e-05
2.150940673993752e-05
2.1509406941169937e-05
2.1509406701387506e-05
2.1509406675635164e-05
2.1509406614575588e-05
2.1509406863686836e-05
2.1509406818742966e-05
2.1509406366410743e-05
2.1509406876142072e-05
2.1509406613701944e-05
2.1509406968106164e-05
2.150940667253678e-05
2.141930347072133e-05
2.141930347072133e-05
2.141930312208932e-05
2.1419303213709206e-05
2.1419303205713777e-05
2.1419302808246894e-05
2.141930349001897e-05
2.1419303663300925e-05
2.1419303485842433e-05
2.1419303503727826e-05
2.1419303421295e-05
2.1419303592718157e-05
2.1419303702933285e-05
2.1419303144840698e-05
2.1419303568443884e-05
2.1419303470262973e-05
2.1419303858040643e-05
2.1419303457565916e-05
2.1213102322252845e-05
2.1213102322252845e-05
2.1213101963586657e-05
2.1213102134782028e-05
2.121310195160143e-05
2.1213101267564926e-05
2.1213102310305605e-05
2.121310242640231e-05
2.1213102354748187e-05
2.121310242678346e-05
2.121310232859291e-05
2.1213102387306873e-05
2.1213102721609523e-05
2.121310201610048e-05
2.1213102318947137e-05
2.1213102454390344e-05
2.1213102875456582e-05
2.1213102338165633e-05
2.081005465926902e-05
2.081005465926902e-05
2.0810054326763634e-05
2.081005463291817e-05
2.0810054205514893e-05
2.081005326400384e-05
2.0810054589858556e-05
2.0810054601726575e-05
2.0810054687157183e-05
2.0810054799970987e-05
2.081005471923043e-05
2.0810054648638912e-05
2.081005523768518e-05
2.0810054377027104e-05
2.0810054551141815e-05
2.0810054943653304e-05
2.0810055367690476e-05
2.081005470924921e-05
2.0275789499291584e-05
2.0275789499291584e-05
2.0275789262298067e-05
2.0275789724853035e-05
2.0275789094197792e-05
2.0275788199133818e-05
2.0275789356569337e-05
2.0275789236730452e-05
2.0275789470415356e-05
2.0275789553424348e-05
2.0275789559594766e-05
2.027578943242632e-05
2.0275790127655003e-05
2.0275789230372155e-05
2.0275789370049853e-05
2.0275789850519792e-05
2.0275790197211407e-05
2.027578956576898e-05
1.991482259434269e-05
1.991482259434269e-05
1.991482248258721e-05
1.991482301738041e-05
1.9914822391941238e-05
1.991482194692881e-05
1.991482240947061e-05
1.9914822215243413e-05
1.991482247531887e-05
1.9914822448765226e-05
1.991482257799284e-05
1.9914822540531844e-05
1.9914823049907206e-05
1.991482231372942e-05
1.9914822580043027e-05
1.9914822840241076e-05
1.9914823050659036e-05
1.991482263987448e-05
1.9820932978534653e-05
1.9820932978534653e-05
1.9820932926815234e-05
1.9820933436737173e-05
1.9820932935268596e-05
1.982093287961888e-05
1.9820932797740396e-05
1.9820932611932704e-05
1.9820932809345893e-05
1.9820932698839762e-05
1.982093289102917e-05
1.982093296966306e-05
1.9820933244797694e-05
1.9820932679331184e-05
1.982093308294842e-05
1.982093308773809e-05
1.9820933217189397e-05
1.982093299500148e-05
1.9810749723042598e-05
1.9810749723042598e-05
1.981074967765516e-05
1.9810750161856903e-05
1.9810749720317917e-05
1.981074977227778e-05
1.981074955223583e-05
1.9810749384482706e-05
1.9810749545975975e-05
1.9810749414587666e-05
1.9810749614829887e-05
1.9810749733685157e-05
1.9810749928345004e-05
1.9810749416934825e-05
1.9810749864331942e-05
1.9810749784658878e-05
1.981074989946511e-05
1.9810749729117315e-05
1.9806605604589276e-05
1.9806605604589276e-05
1.9806605558515417e-05
1.9806606031535637e-05
1.9806605611442078e-05
1.9806605690849628e-05
1.980660543865467e-05
1.980660527940111e-05
1.9806605426959827e-05
1.980660529079127e-05
1.9806605490842367e-05
1.980660562173157e-05
1.9806605792148656e-05
1.9806605296368773e-05
1.9806605756160977e-05
1.9806605651691352e-05
1.9806605764346744e-05
1.980660560743671e-05
1.9792064766168505e-05
1.9792064766168505e-05
1.9792064717930257e-05
1.979206516592714e-05
1.9792064791713972e-05
1.979206492538209e-05
1.979206461179223e-05
1.979206447191516e-05
1.979206458827601e-05
1.979206444293428e-05
1.9792064641330855e-05
1.9792064796466505e-05
1.97920649170412e-05
1.9792064453795186e-05
1.9792064938257682e-05
1.9792064783164157e-05
1.979206489162964e-05
1.979206476227776e-05
1.9757776165884345e-05
1.9757776165884345e-05
1.9757776115166767e-05
1.9757776526534162e-05
1.975777621711476e-05
1.9757776424678667e-05
1.9757776029764474e-05
1.9757775918731007e-05
1.9757775988259656e-05
1.9757775830544506e-05
1.9757776025827976e-05
1.9757776213175994e-05
1.9757776264977646e-05
1.9757775848323535e-05
1.9757776365422553e-05
1.975777614080329e-05
1.9757776241909926e-05
1.975777615251499e-05
1.9664742454432946e-05
1.9664742454432946e-05
1.9664742401737054e-05
1.9664742749311132e-05
1.9664742547315434e-05
1.9664742872270616e-05
1.966474235349887e-05
1.9664742293839676e-05
1.966474227851683e-05
1.9664742101312835e-05
1.9664742289962868e-05
1.966474252574735e-05
1.9664742466955115e-05
1.9664742130016315e-05
1.966474269597049e-05
1.9664742360276665e-05
1.9664742444704362e-05
1.9664742425352004e-05
1.9440313805323994e-05
1.9440313805323994e-05
1.9440313755271415e-05
1.9440314002701008e-05
1.944031395650594e-05
1.9440314439346167e-05
1.9440313767739885e-05
1.9440313791433006e-05
1.9440313634963307e-05
1.944031343195581e-05
1.944031360741844e-05
1.944031390104064e-05
1.944031369027155e-05
1.94403134753462e-05
1.944031409907625e-05
1.944031361260142e-05
1.9440313661399995e-05
1.9440313753443233e-05
1.894543763447456e-05
1.894543763447456e-05
1.894543760158886e-05
1.894543770624497e-05
1.894543785234534e-05
1.8945438499009448e-05
1.8945437706064294e-05
1.8945437854849826e-05
1.8945437478699092e-05
1.894543725003814e-05
1.8945437400257397e-05
1.894543773402206e-05
1.894543735685706e-05
1.8945437308673383e-05
1.894543797080266e-05
1.894543732417028e-05
1.894543730014365e-05
1.8945437554422926e-05
1.8109321198484943e-05
1.8109321198484943e-05
1.8109321211099517e-05
1.8109321177644995e-05
1.8109321445404835e-05
1.810932211831034e-05
1.8109321416332435e-05
1.8109321699572308e-05
1.8109321071209637e-05
1.8109320841812874e-05
1.810932095366735e-05
1.8109321234916006e-05
1.810932080532319e-05
1.8109320902868215e-05
1.8109321507241764e-05
1.810932082401218e-05
1.8109320681969635e-05
1.810932110055077e-05
1.7253896202305315e-05
1.7253896202305315e-05
1.7253896281065613e-05
1.7253896230579282e-05
1.7253896378396807e-05
1.725389677716924e-05
1.7253896523338937e-05
1.725389685124222e-05
1.7253896108747534e-05
1.7253895929870727e-05
1.725389600765388e-05
1.7253896090804653e-05
1.7253895882448564e-05
1.7253895965276467e-05
1.7253896363486107e-05
1.725389592401494e-05
1.7253895667633013e-05
1.7253896121843386e-05
1.6867170759874854e-05
1.6867170759874854e-05
1.6867170879404532e-05
1.686717094271402e-05
1.6867170815641084e-05
1.686717083365578e-05
1.6867171070463327e-05
1.6867171323745856e-05
1.6867170681966725e-05
1.6867170569387607e-05
1.6867170640651873e-05
1.6867170518947943e-05
1.6867170648682027e-05
1.6867170569054323e-05
1.6867170757172548e-05
1.686717066941523e-05
1.6867170381068645e-05
1.6867170719667962e-05
1.680779818379723e-05
1.680779818379723e-05
1.680779830780469e-05
1.680779845370462e-05
1.680779818285708e-05
1.6807798038882448e-05
1.680779845145966e-05
1.680779863875366e-05
1.6807798104827666e-05
1.680779801970413e-05
1.6807798098155973e-05
1.680779790675891e-05
1.6807798188074104e-05
1.680779800394263e-05
1.680779812169357e-05
1.6807798186967862e-05
1.6807797916561552e-05
1.6807798164747596e-05
1.680423401280157e-05
1.680423401280157e-05
1.6804234134104584e-05
1.6804234298803236e-05
1.6804234003192715e-05
1.6804233838433138e-05
1.6804234265424683e-05
1.680423443572115e-05
1.6804233931884006e-05
1.6804233850357153e-05
1.6804233931900805e-05
1.680423373572958e-05
1.6804234038454114e-05
1.680423383232931e-05
1.6804233945676064e-05
1.680423403155683e-05
1.68042337710199e-05
1.6804233997500877e-05
1.6800776368176434e-05
1.6800776368176434e-05
1.6800776486950542e-05
1.6800776661730248e-05
1.6800776354684216e-05
1.6800776182106305e-05
1.6800776611166077e-05
1.6800776771432998e-05
1.6800776285926693e-05
1.680077620618885e-05
1.6800776289335987e-05
1.680077609286377e-05
1.6800776404524207e-05
1.680077618682767e-05
1.6800776300314713e-05
1.680077639455327e-05
1.6800776140504366e-05
1.6800776354773232e-05
1.6787150823515204e-05
1.6787150823515204e-05
1.6787150935880273e-05
1.6787151130589495e-05
1.678715080234475e-05
1.678715061577571e-05
1.6787151045318716e-05
1.6787151183822945e-05
1.6787150738703827e-05
1.6787150663681242e-05
1.6787150748895944e-05
1.6787150552718e-05
1.678715088141894e-05
1.6787150640493498e-05
1.678715075566174e-05
1.6787150865996525e-05
1.6787150625296114e-05
1.6787150814140348e-05
1.6752015500696495e-05
1.6752015500696495e-05
1.67520156015319e-05
1.6752015822610124e-05
1.675201546877952e-05
1.6752015265183955e-05
1.6752015689781344e-05
1.6752015794871716e-05
1.675201541291315e-05
1.6752015347473873e-05
1.6752015432437126e-05
1.6752015237368294e-05
1.6752015588839998e-05
1.6752015316042154e-05
1.67520154353815e-05
1.675201556789689e-05
1.675201534538127e-05
1.6752015497499116e-05
1.665729897998055e-05
1.665729897998055e-05
1.665729905682717e-05
1.6657299313383015e-05
1.6657298931814855e-05
1.665729870898555e-05
1.665729911200259e-05
1.6657299159179715e-05
1.6657298889429316e-05
1.665729884639229e-05
1.6657298922554115e-05
1.665729873065551e-05
1.6657299113809815e-05
1.665729879486625e-05
1.6657298924932906e-05
1.6657299090233056e-05
1.665729889347732e-05
1.665729898751696e-05
1.644322730490365e-05
1.644322730490365e-05
1.644322733684975e-05
1.644322762385227e-05
1.6443227237624708e-05
1.6443227008729575e-05
1.6443227350540014e-05
1.6443227310820288e-05
1.6443227215522965e-05
1.6443227219029126e-05
1.6443227263330227e-05
1.644322707890061e-05
1.6443227492332265e-05
1.6443227124403952e-05
1.644322727828201e-05
1.6443227480262856e-05
1.6443227309296387e-05
1.644322732861439e-05
1.6057738819554925e-05
1.6057738819554925e-05
1.605773878133551e-05
1.605773905622258e-05
1.6057738741159478e-05
1.6057738552457752e-05
1.6057738764092702e-05
1.6057738624258414e-05
1.6057738742551936e-05
1.6057738826451054e-05
1.605773879541933e-05
1.6057738625207322e-05
1.6057739037777697e-05
1.6057738655365828e-05
1.6057738852627645e-05
1.605773907097518e-05
1.6057738903088755e-05
1.605773886204236e-05
1.562969994939978e-05
1.562969994939978e-05
1.562969984573455e-05
1.562970002694748e-05
1.562969988650839e-05
1.5629699803831652e-05
1.562969984640346e-05
1.562969966239893e-05
1.5629699898501892e-05
1.5629700067948038e-05
1.562969993141259e-05
1.5629699777994803e-05
1.5629700123265727e-05
1.5629699812990183e-05
1.562970005921462e-05
1.5629700236323206e-05
1.562970001997926e-05
1.5629700000433536e-05
1.5407480813402e-05
1.5407480813402e-05
1.540748069478151e-05
1.540748076002688e-05
1.540748078375124e-05
1.5407480803968233e-05
1.5407480753212505e-05
1.540748061556957e-05
1.5407480785189157e-05
1.540748098629107e-05
1.540748078521477e-05
1.5407480639725994e-05
1.5407480893250104e-05
1.5407480697779714e-05
1.540748096491339e-05
1.5407481067742137e-05
1.5407480781452553e-05
1.5407480856094587e-05
1.5365635147619235e-05
1.5365635147619235e-05
1.536563504364466e-05
1.5365635061896553e-05
1.5365635135836925e-05
1.5365635188846622e-05
1.5365635136617032e-05
1.536563504938161e-05
1.5365635125587105e-05
1.5365635316222027e-05
1.5365635109727165e-05
1.5365634963468367e-05
1.5365635177126813e-05
1.53656350361757e-05
1.5365635299293193e-05
1.5365635364753563e-05
1.5365635047070593e-05
1.5365635181001495e-05
1.5363470348710343e-05
1.5363470348710343e-05
1.5363470251979946e-05
1.5363470265763324e-05
1.5363470339865195e-05
1.5363470393461726e-05
1.5363470351360523e-05
1.5363470277796646e-05
1.5363470326423195e-05
1.5363470509451843e-05
1.5363470308333993e-05
1.5363470160933537e-05
1.5363470369988597e-05
1.5363470236486684e-05
1.5363470495639737e-05
1.5363470555506495e-05
1.5363470234060995e-05
1.5363470379531422e-05
1.5362788881284285e-05
1.5362788881284285e-05
1.5362788787414894e-05
1.5362788800969542e-05
1.536278887310979e-05
1.5362788925638352e-05
1.5362788888422025e-05
1.536278881925881e-05
1.536278885863686e-05
1.536278903842526e-05
1.5362788840133856e-05
1.5362788692297262e-05
1.5362788900699164e-05
1.5362788768549424e-05
1.5362789025903502e-05
1.5362789084633965e-05
1.5362788762778582e-05
1.5362788911261093e-05
1.5359337140098343e-05
1.5359337140098343e-05
1.5359337053547998e-05
1.5359337066911027e-05
1.535933713349115e-05
1.5359337182881937e-05
1.535933715837695e-05
1.5359337099945204e-05
1.535933711650248e-05
1.5359337287809756e-05
1.5359337097082e-05
1.5359336948402475e-05
1.5359337155181357e-05
1.53593370261078e-05
1.5359337278550066e-05
1.535933733471272e-05
1.5359337012481317e-05
1.5359337167958263e-05
1.5350190096822e-05
1.5350190096822e-05
1.53501900205671e-05
1.535019003364107e-05
1.53501900923676e-05
1.5350190137177613e-05
1.5350190130511555e-05
1.5350190086504084e-05
1.535019007199595e-05
1.5350190231044472e-05
1.5350190051333456e-05
1.5350189902148162e-05
1.535019010599573e-05
1.5350189981331052e-05
1.5350190226235646e-05
1.5350190278934435e-05
1.5350189957163508e-05
1.5350190121702182e-05
1.532285009114091e-05
1.532285009114091e-05
1.5322850032937146e-05
1.532285004524615e-05
1.5322850090389154e-05
1.5322850126899164e-05
1.5322850151281045e-05
1.532285013091729e-05
1.5322850064468503e-05
1.5322850201183158e-05
1.532285004169462e-05
1.5322849893424402e-05
1.5322850090256113e-05
1.5322849973752087e-05
1.5322850203804684e-05
1.532285025067955e-05
1.532284993219657e-05
1.532285011076905e-05
1.5252621142347295e-05
1.5252621142347295e-05
1.5252621112483385e-05
1.5252621122916916e-05
1.5252621147246023e-05
1.5252621170103448e-05
1.5252621242644042e-05
1.5252621255395558e-05
1.5252621113543736e-05
1.5252621213142639e-05
1.5252621087604455e-05
1.525262094518356e-05
1.5252621126372767e-05
1.5252621023779287e-05
1.525262122651361e-05
1.5252621264825702e-05
1.5252620957550662e-05
1.5252621153657351e-05
1.508395368242638e-05
1.508395368242638e-05
1.5083953694777868e-05
1.5083953700779812e-05
1.5083953695352158e-05
1.50839536963778e-05
1.5083953839236061e-05
1.508395389164793e-05
1.5083953652304008e-05
1.5083953691658585e-05
1.5083953622008014e-05
1.5083953498960299e-05
1.5083953645661777e-05
1.508395356645277e-05
1.5083953718828805e-05
1.5083953745782091e-05
1.5083953469802846e-05
1.5083953681169535e-05
1.4754797246573754e-05
1.4754797246573754e-05
1.4754797306511254e-05
1.475479730379035e-05
1.4754797267660951e-05
1.4754797240677583e-05
1.4754797459567282e-05
1.4754797534688511e-05
1.475479721918728e-05
1.4754797179356094e-05
1.4754797184795838e-05
1.4754797107840443e-05
1.4754797190212465e-05
1.4754797143425217e-05
1.4754797217045611e-05
1.4754797234370408e-05
1.4754797026888734e-05
1.4754797230749969e-05
1.432033338723259e-05
1.432033338723259e-05
1.432033346714284e-05
1.4320333452618865e-05
1.4320333409807943e-05
1.4320333363641184e-05
1.432033360738193e-05
1.4320333643982275e-05
1.4320333370218861e-05
1.4320333272514195e-05
1.4320333335890755e-05
1.432033333126896e-05
1.4320333331030873e-05
1.4320333311098074e-05
1.4320333303618576e-05
1.4320333323837222e-05
1.4320333217683365e-05
1.4320333364417436e-05
1.4033639119668924e-05
1.4033639119668924e-05
1.4033639167261501e-05
1.4033639145401507e-05
1.4033639133545627e-05
1.4033639094301332e-05
1.4033639274904495e-05
1.4033639217810491e-05
1.4033639115822815e-05
1.4033639031761034e-05
1.4033639087180575e-05
1.4033639137570535e-05
1.4033639090433599e-05
1.403363907006332e-05
1.4033639037803254e-05
1.4033639075855169e-05
1.4033639041414128e-05
1.403363910531666e-05
1.396478067544715e-05
1.396478067544715e-05
1.3964780684182495e-05
1.3964780662249126e-05
1.3964780680945566e-05
1.3964780658000595e-05
1.3964780770273584e-05
1.3964780652136532e-05
1.3964780677525887e-05
1.396478063632557e-05
1.396478065380732e-05
1.3964780713434316e-05
1.3964780669629222e-05
1.396478063451079e-05
1.3964780624049089e-05
1.3964780676091718e-05
1.3964780649935225e-05
1.3964780672211389e-05
1.3962486621470823e-05
1.3962486621470823e-05
1.3962486618434854e-05
1.3962486597668847e-05
1.3962486624712849e-05
1.3962486607784814e-05
1.3962486700385873e-05
1.3962486570753982e-05
1.3962486624001514e-05
1.3962486599366238e-05
1.396248660151755e-05
1.3962486656235065e-05
1.3962486621525665e-05
1.3962486580019264e-05
1.3962486583142264e-05
1.3962486638409002e-05
1.3962486604215204e-05
1.39624866217284e-05
1.3963292091978778e-05
1.3963292091978778e-05
1.3963292087973018e-05
1.3963292067482502e-05
1.3963292095075996e-05
1.3963292078800275e-05
1.3963292169931683e-05
1.3963292040383582e-05
1.3963292094349256e-05
1.3963292071598987e-05
1.396329207193179e-05
1.3963292125117937e-05
1.3963292092337278e-05
1.396329205003072e-05
1.396329205528586e-05
1.3963292110664386e-05
1.3963292074277082e-05
1.3963292092540606e-05
1.396366189903164e-05
1.396366189903164e-05
1.3963661894701076e-05
1.3963661874347263e-05
1.3963661902088603e-05
1.3963661886061594e-05
1.3963661976732785e-05
1.3963661847434532e-05
1.396366190130651e-05
1.3963661879289097e-05
1.3963661878907539e-05
1.396366193135068e-05
1.3963661899452679e-05
1.3963661856832146e-05
1.3963661862997002e-05
1.396366191837355e-05
1.396366188095434e-05
1.3963661899695943e-05
1.3964462869481727e-05
1.3964462869481727e-05
1.39644628642976e-05
1.3964462844340703e-05
1.396446287243401e-05
1.3964462857060368e-05
1.396446294653276e-05
1.3964462817977255e-05
1.3964462871490903e-05
1.3964462851402593e-05
1.3964462849152303e-05
1.3964462899596418e-05
1.3964462870050494e-05
1.3964462826632058e-05
1.3964462835185918e-05
1.3964462890519754e-05
1.3964462850385538e-05
1.3964462870405118e-05
1.396511840940585e-05
1.396511840940585e-05
1.3965118403011272e-05
1.396511838368058e-05
1.3965118412207082e-05
1.396511839773969e-05
1.3965118485517136e-05
1.3965118358081388e-05
1.3965118411030285e-05
1.396511839361938e-05
1.3965118388808621e-05
1.3965118436454108e-05
1.39651184101691e-05
1.3965118365715798e-05
1.3965118377525812e-05
1.3965118432733048e-05
1.3965118388934572e-05
1.3965118410671416e-05
1.3965039144670703e-05
1.3965039144670703e-05
1.3965039136081648e-05
1.3965039118048493e-05
1.396503914719041e-05
1.3965039134309726e-05
1.3965039219024818e-05
1.3965039093772818e-05
1.3965039145580612e-05
1.3965039132860746e-05
1.396503912365361e-05
1.3965039166342486e-05
1.396503914575053e-05
1.3965039099679624e-05
1.3965039117028e-05
1.3965039171835811e-05
1.3965039121911236e-05
1.396503914649013e-05
1.3961840681955977e-05
1.3961840681955977e-05
1.396184066967376e-05
1.396184065421798e-05
1.3961840683983128e-05
1.396184067363557e-05
1.3961840753222038e-05
1.3961840632015641e-05
1.3961840681622558e-05
1.396184067639998e-05
1.3961840660392383e-05
1.3961840695027388e-05
1.3961840683481743e-05
1.3961840635317155e-05
1.3961840661096962e-05
1.396184071482032e-05
1.3961840655846263e-05
1.3961840684545975e-05
1.3948977324522048e-05
1.3948977324522048e-05
1.394897730577903e-05
1.3948977295776717e-05
1.3948977325642523e-05
1.3948977319397282e-05
1.3948977390071774e-05
1.3948977276831477e-05
1.3948977321915707e-05
1.3948977328855302e-05
1.394897730238669e-05
1.3948977323623014e-05
1.3948977326619569e-05
1.3948977276300948e-05
1.3948977314696774e-05
1.3948977365533718e-05
1.3948977293752925e-05
1.3948977328072474e-05
1.3911483286534816e-05
1.3911483286534816e-05
1.3911483257011332e-05
1.3911483258246841e-05
1.391148328604057e-05
1.3911483285895374e-05
1.3911483341835227e-05
1.3911483243898874e-05
1.391148327991444e-05
1.391148330498943e-05
1.3911483264315309e-05
1.3911483264758133e-05
1.3911483289114758e-05
1.3911483238616815e-05
1.3911483293233427e-05
1.3911483337014778e-05
1.3911483250710669e-05
1.3911483290810393e-05
1.382496743334154e-05
1.382496743334154e-05
1.3824967388159183e-05
1.3824967410203644e-05
1.3824967430288174e-05
1.3824967437440225e-05
1.3824967472262661e-05
1.382496740077624e-05
1.3824967420425959e-05
1.3824967467314804e-05
1.3824967412824726e-05
1.3824967386344665e-05
1.3824967435632757e-05
1.3824967392038576e-05
1.3824967460082578e-05
1.3824967488917765e-05
1.3824967395880774e-05
1.3824967436829728e-05
1.3685780058047434e-05
1.3685780058047434e-05
1.3685779998052635e-05
1.3685780048145131e-05
1.3685780052174897e-05
1.3685780063315098e-05
1.3685780078692695e-05
1.36857800400963e-05
1.3685780038310437e-05
1.3685780097391242e-05
1.3685780042543938e-05
1.3685779996712142e-05
1.3685780058220717e-05
1.3685780034515e-05
1.368578009636623e-05
1.3685780102303678e-05
1.3685780029677192e-05
1.3685780057358702e-05
1.3562512644408138e-05
1.3562512644408138e-05
1.3562512582228781e-05
1.3562512650639082e-05
1.3562512637444452e-05
1.3562512644230892e-05
1.3562512657640721e-05
1.3562512637239202e-05
1.3562512622195785e-05
1.3562512668760107e-05
1.3562512635413363e-05
1.3562512597096801e-05
1.3562512641141153e-05
1.3562512643017288e-05
1.356251267191951e-05
1.3562512659627931e-05
1.356251263541683e-05
1.3562512637284232e-05
1.3516548901125847e-05
1.3516548901125847e-05
1.3516548846803015e-05
1.3516548914696873e-05
1.3516548894973687e-05
1.3516548894640417e-05
1.3516548919274454e-05
1.3516548894941668e-05
1.3516548881043529e-05
1.351654890664654e-05
1.3516548895314201e-05
1.3516548877761507e-05
1.3516548895814842e-05
1.3516548910076583e-05
1.3516548909823853e-05
1.351654889463746e-05
1.351654890557875e-05
1.3516548890324784e-05
1.3511691520331044e-05
1.3511691520331044e-05
1.3511691470508332e-05
1.3511691534176056e-05
1.3511691514831064e-05
1.3511691511789231e-05
1.3511691542602117e-05
1.3511691512320362e-05
1.3511691501875766e-05
1.3511691519440317e-05
1.351169151474372e-05
1.3511691506209966e-05
1.3511691514716194e-05
1.351169152979511e-05
1.351169152172191e-05
1.3511691508993352e-05
1.3511691527485287e-05
1.351169150903655e-05
1.3512174616397519e-05
1.3512174616397519e-05
1.3512174567274205e-05
1.3512174629877306e-05
1.3512174611018516e-05
1.3512174607697672e-05
1.3512174639443967e-05
1.3512174607855371e-05
1.3512174598237063e-05
1.3512174614964746e-05
1.3512174610679182e-05
1.3512174603248315e-05
1.351217461082544e-05
1.351217462537993e-05
1.3512174617013127e-05
1.3512174605093308e-05
1.3512174623452832e-05
1.3512174605193728e-05
1.3512345909933806e-05
1.3512345909933806e-05
1.3512345860917688e-05
1.351234592331117e-05
1.3512345904575821e-05
1.3512345901228235e-05
1.3512345933113357e-05
1.351234590128256e-05
1.3512345891823005e-05
1.3512345908470347e-05
1.3512345904176549e-05
1.3512345896879937e-05
1.3512345904378605e-05
1.3512345918778372e-05
1.3512345910472294e-05
1.3512345898724599e-05
1.3512345916914747e-05
1.351234589876303e-05
1.3512924135270731e-05
1.3512924135270731e-05
1.3512924086626667e-05
1.3512924148277532e-05
1.3512924129987492e-05
1.3512924126551447e-05
1.3512924158911975e-05
1.3512924126234265e-05
1.3512924117332227e-05
1.3512924133720374e-05
1.3512924129372439e-05
1.3512924122527327e-05
1.3512924129777658e-05
1.3512924143615662e-05
1.3512924135557682e-05
1.3512924124421181e-05
1.3512924141973913e-05
1.3512924124220912e-05
1.3513551685737532e-05
1.3513551685737532e-05
1.351355163757064e-05
1.351355169827059e-05
1.3513551680552574e-05
1.3513551677000798e-05
1.351355170995879e-05
1.3513551676213818e-05
1.3513551668016388e-05
1.3513551684080473e-05
1.3513551679659476e-05
1.3513551673386732e-05
1.3513551680324468e-05
1.3513551693442895e-05
1.3513551685707116e-05
1.3513551675348498e-05
1.351355169208548e-05
1.3513551674842735e-05
1.3514372433675645e-05
1.3514372433675645e-05
1.351437238637923e-05
1.3514372445354197e-05
1.351437242867625e-05
1.3514372424905014e-05
1.3514372458919893e-05
1.3514372423285026e-05
1.35143724163405e-05
1.3514372431830745e-05
1.3514372427274883e-05
1.3514372422032095e-05
1.3514372428408096e-05
1.3514372440225104e-05
1.3514372433075544e-05
1.3514372424113677e-05
1.3514372439385147e-05
1.3514372423060987e-05
1.3514881394199574e-05
1.3514881394199574e-05
1.3514881348302221e-05
1.3514881404529701e-05
1.3514881389514084e-05
1.3514881385368925e-05
1.3514881421000043e-05
1.3514881382470863e-05
1.3514881377458433e-05
1.3514881392068884e-05
1.3514881387293489e-05
1.3514881383671224e-05
1.3514881389164591e-05
1.3514881398919309e-05
1.3514881392706365e-05
1.351488138593297e-05
1.3514881398907855e-05
1.3514881384028241e-05
1.3513696473207272e-05
1.3513696473207272e-05
1.3513696429703665e-05
1.3513696481294066e-05
1.3513696469098726e-05
1.351369646425975e-05
1.3513696502446217e-05
1.3513696459330043e-05
1.3513696457415235e-05
1.3513696470628583e-05
1.3513696465470693e-05
1.3513696464532296e-05
1.3513696468566935e-05
1.3513696474868224e-05
1.3513696470243192e-05
1.3513696467070262e-05
1.3513696476266231e-05
1.3513696463776734e-05
1.3506652920528898e-05
1.3506652920528898e-05
1.3506652881074145e-05
1.3506652924978421e-05
1.350665291749448e-05
1.3506652911348744e-05
1.3506652953339773e-05
1.3506652903364827e-05
1.3506652906176477e-05
1.350665291729338e-05
1.3506652911471571e-05
1.350665291485397e-05
1.350665291654782e-05
1.3506652917193053e-05
1.3506652915217972e-05
1.3506652917780233e-05
1.350665292095522e-05
1.3506652912307711e-05
1.3482764493523093e-05
1.3482764493523093e-05
1.34827644608961e-05
1.3482764492215707e-05
1.3482764492535565e-05
1.3482764483866925e-05
1.3482764531033134e-05
1.348276447164858e-05
1.3482764481201197e-05
1.3482764489421885e-05
1.3482764482439854e-05
1.348276449258421e-05
1.3482764490634083e-05
1.3482764482185007e-05
1.3482764484592605e-05
1.348276449597598e-05
1.3482764489886312e-05
1.3482764487236601e-05
1.3417980059053758e-05
1.3417980059053758e-05
1.3417980037133445e-05
1.3417980049574793e-05
1.3417980061811109e-05
1.341798004846084e-05
1.3417980100923497e-05
1.3417980031683662e-05
1.3417980049013498e-05
1.3417980054144722e-05
1.3417980045251029e-05
1.3417980064807417e-05
1.3417980057832555e-05
1.3417980036130703e-05
1.3417980045215294e-05
1.3417980068499361e-05
1.3417980049901018e-05
1.3417980055563353e-05
1.3278694551341315e-05
1.3278694551341315e-05
1.327869454276359e-05
1.3278694533473287e-05
1.3278694559887185e-05
1.3278694539182213e-05
1.3278694592336915e-05
1.327869452108637e-05
1.3278694542252924e-05
1.3278694546577793e-05
1.3278694535108364e-05
1.3278694563896512e-05
1.327869455210487e-05
1.327869451600088e-05
1.3278694532996333e-05
1.32786945670613e-05
1.327869453710757e-05
1.3278694550836971e-05
1.3078425455076176e-05
1.3078425455076176e-05
1.3078425454630094e-05
1.3078425435484028e-05
1.3078425469268321e-05
1.3078425441209276e-05
1.3078425483626756e-05
1.3078425430549027e-05
1.3078425442995431e-05
1.307842545257743e-05
1.3078425439172843e-05
1.3078425468870455e-05
1.3078425456872392e-05
1.3078425415982283e-05
1.30784254370249e-05
1.3078425470012045e-05
1.3078425441132123e-05
1.3078425455450404e-05
1.2936468825242508e-05
1.2936468825242508e-05
1.2936468820569158e-05
1.2936468813502738e-05
1.2936468840848048e-05
1.2936468810717095e-05
1.2936468835809618e-05
1.29364688131047e-05
1.2936468807383943e-05
1.2936468826033408e-05
1.2936468812884858e-05
1.2936468832427006e-05
1.2936468826138684e-05
1.2936468795929853e-05
1.2936468813279433e-05
1.2936468831126705e-05
1.2936468818099194e-05
1.293646882322776e-05
1.2904293190277748e-05
1.2904293190277748e-05
1.290429317831028e-05
1.2904293185720776e-05
1.2904293204342027e-05
1.2904293176031324e-05
1.2904293192194756e-05
1.2904293185453336e-05
1.2904293169161416e-05
1.2904293192656568e-05
1.2904293180636236e-05
1.2904293191516994e-05
1.2904293189953327e-05
1.2904293170676348e-05
1.2904293183108024e-05
1.2904293189200706e-05
1.2904293188507008e-05
1.290429318590927e-05
1.29062957800766e-05
1.29062957800766e-05
1.2906295765747564e-05
1.2906295777322402e-05
1.2906295793314968e-05
1.2906295766036726e-05
1.2906295781030773e-05
1.29062957764651e-05
1.2906295758456696e-05
1.2906295782633796e-05
1.2906295771035152e-05
1.2906295779839211e-05
1.290629577938427e-05
1.290629576303094e-05
1.2906295773989825e-05
1.2906295777456579e-05
1.290629577952296e-05
1.2906295775091273e-05
1.2907484347650395e-05
1.2907484347650395e-05
1.2907484333117446e-05
1.2907484344990757e-05
1.2907484360779141e-05
1.290748433364194e-05
1.2907484348736315e-05
1.2907484344008589e-05
1.2907484326051504e-05
1.2907484350183713e-05
1.290748433862814e-05
1.2907484347337804e-05
1.2907484346929477e-05
1.290748433075666e-05
1.2907484341602371e-05
1.2907484344980159e-05
1.2907484347140842e-05
1.2907484342628762e-05
1.2907680990487327e-05
1.2907680990487327e-05
1.2907680975940354e-05
1.2907680987826649e-05
1.2907681003603686e-05
1.2907680976482721e-05
1.2907680991608964e-05
1.2907680986826694e-05
1.2907680968897929e-05
1.2907680993014116e-05
1.2907680981462396e-05
1.2907680990175912e-05
1.2907680989764825e-05
1.2907680973595582e-05
1.2907680984435266e-05
1.2907680987823818e-05
1.2907680989973317e-05
1.2907680985465275e-05
1.2908393654028471e-05
1.2908393654028471e-05
1.290839363943386e-05
1.2908393651360465e-05
1.2908393667099769e-05
1.2908393640037798e-05
1.2908393655285151e-05
1.2908393650295221e-05
1.2908393632475703e-05
1.2908393656530429e-05
1.2908393644992564e-05
1.2908393653723655e-05
1.2908393653300674e-05
1.2908393637139329e-05
1.2908393647959597e-05
1.290839365139254e-05
1.2908393653495925e-05
1.2908393649005995e-05
1.2909661648911012e-05
1.2909661648911012e-05
1.2909661634230554e-05
1.2909661646229065e-05
1.290966166189886e-05
1.2909661634945804e-05
1.290966165041563e-05
1.2909661645044196e-05
1.2909661627426384e-05
1.290966165136711e-05
1.2909661639855374e-05
1.2909661648617186e-05
1.2909661648173558e-05
1.2909661632026132e-05
1.2909661642812026e-05
1.2909661646324753e-05
1.290966164834497e-05
1.2909661643887798e-05
1.2911320063218061e-05
1.2911320063218061e-05
1.291132004842108e-05
1.2911320060516361e-05
1.2911320076088066e-05
1.2911320049287886e-05
1.291132006506573e-05
1.2911320059165954e-05
1.2911320041829625e-05
1.2911320065609974e-05
1.2911320054136231e-05
1.2911320062935975e-05
1.2911320062467068e-05
1.2911320046338937e-05
1.2911320057079515e-05
1.2911320060697701e-05
1.2911320062607631e-05
1.2911320058193638e-05
1.291395288400023e-05
1.291395288400023e-05
1.2913952869006131e-05
1.2913952881262935e-05
1.2913952896658267e-05
1.2913952870130611e-05
1.291395288644593e-05
1.29139528796238e-05
1.2913952862784617e-05
1.2913952886278177e-05
1.2913952874875699e-05
1.2913952883729173e-05
1.2913952883225024e-05
1.291395286713082e-05
1.2913952877798416e-05
1.2913952881586956e-05
1.2913952883317712e-05
1.2913952878973115e-05
1.2917504869095464e-05
1.2917504869095464e-05
1.2917504853801846e-05
1.2917504866298499e-05
1.2917504881398374e-05
1.2917504855321457e-05
1.2917504872496591e-05
1.2917504864197811e-05
1.2917504848169153e-05
1.2917504871186326e-05
1.2917504859910456e-05
1.2917504868818074e-05
1.291750486828021e-05
1.2917504852241033e-05
1.291750486280725e-05
1.2917504866833488e-05
1.2917504868311439e-05
1.2917504864062625e-05
1.2921698423873425e-05
1.2921698423873425e-05
1.2921698408124895e-05
1.292169842097056e-05
1.2921698435547328e-05
1.292169841025414e-05
1.2921698428851971e-05
1.2921698418107026e-05
1.2921698403458676e-05
1.2921698425642204e-05
1.2921698414608363e-05
1.292169842352366e-05
1.292169842298843e-05
1.2921698407042072e-05
1.2921698417480256e-05
1.2921698421810083e-05
1.2921698422956835e-05
1.292169841882737e-05
1.2924268669926652e-05
1.2924268669926652e-05
1.2924268653547037e-05
1.2924268666834921e-05
1.2924268680481665e-05
1.2924268656548185e-05
1.2924268677440592e-05
1.2924268662743228e-05
1.2924268650419917e-05
1.2924268671144426e-05
1.2924268660582983e-05
1.2924268669304039e-05
1.2924268668920338e-05
1.2924268653128303e-05
1.2924268663460064e-05
1.2924268668053452e-05
1.292426866888574e-05
1.2924268664849953e-05
1.2917955971645798e-05
1.2917955971645798e-05
1.2917955954548444e-05
1.2917955968218763e-05
1.2917955980220182e-05
1.291795595861657e-05
1.291795598304129e-05
1.2917955962241823e-05
1.2917955953742078e-05
1.2917955971937399e-05
1.2917955962306085e-05
1.291795597021719e-05
1.2917955970430964e-05
1.2917955954887876e-05
1.2917955965303312e-05
1.291795596974314e-05
1.291795597063463e-05
1.2917955966498795e-05
1.2884976730972902e-05
1.2884976730972902e-05
1.2884976713542663e-05
1.2884976727001996e-05
1.2884976736347112e-05
1.288497671834828e-05
1.2884976747383865e-05
1.2884976718576945e-05
1.2884976715650128e-05
1.2884976729869843e-05
1.2884976721935773e-05
1.2884976727573259e-05
1.288497672943396e-05
1.2884976714242932e-05
1.2884976725356827e-05
1.2884976728264858e-05
1.2884976730526973e-05
1.288497672567908e-05
1.2800117656775747e-05
1.2800117656775747e-05
1.2800117640461262e-05
1.280011765214106e-05
1.2800117658266352e-05
1.2800117644348784e-05
1.2800117676964374e-05
1.2800117641844274e-05
1.280011764456846e-05
1.2800117654167394e-05
1.2800117648650338e-05
1.2800117649755016e-05
1.2800117654867066e-05
1.2800117640011098e-05
1.2800117653007826e-05
1.2800117651697537e-05
1.2800117657966363e-05
1.2800117651242734e-05
1.2677441468047512e-05
1.2677441468047512e-05
1.2677441454731217e-05
1.2677441463051695e-05
1.2677441467458934e-05
1.2677441455262835e-05
1.2677441486610205e-05
1.2677441453489599e-05
1.2677441457481794e-05
1.2677441464929079e-05
1.2677441461270501e-05
1.2677441457146535e-05
1.2677441465978126e-05
1.2677441451155877e-05
1.2677441466796026e-05
1.267744145950007e-05
1.2677441471615946e-05
1.2677441462290093e-05
1.2600917191373428e-05
1.2600917191373428e-05
1.2600917180693381e-05
1.2600917186532677e-05
1.260091719173165e-05
1.260091717797907e-05
1.2600917204594635e-05
1.2600917179531125e-05
1.2600917180016178e-05
1.2600917188980426e-05
1.26009171854164e-05
1.2600917179003466e-05
1.2600917189439327e-05
1.260091717435892e-05
1.260091719152101e-05
1.2600917180738596e-05
1.2600917196361888e-05
1.2600917185557756e-05
1.258841793268871e-05
1.258841793268871e-05
1.2588417922735104e-05
1.258841792805424e-05
1.2588417934266305e-05
1.2588417919024374e-05
1.2588417943085494e-05
1.258841792242005e-05
1.258841792034132e-05
1.258841793090122e-05
1.258841792683151e-05
1.2588417920585271e-05
1.25884179308874e-05
1.2588417915636463e-05
1.2588417932940673e-05
1.2588417921811373e-05
1.2588417937836664e-05
1.2588417926905159e-05
1.2590373029827764e-05
1.2590373029827764e-05
1.2590373019873124e-05
1.2590373025244231e-05
1.2590373031701773e-05
1.259037301613206e-05
1.2590373039806239e-05
1.2590373019814533e-05
1.2590373017241542e-05
1.259037302816575e-05
1.2590373023931383e-05
1.2590373017933056e-05
1.2590373028055967e-05
1.2590373012774345e-05
1.259037302999199e-05
1.2590373019054364e-05
1.2590373034903262e-05
1.259037302405933e-05
1.2590929742502418e-05
1.2590929742502418e-05
1.2590929732530584e-05
1.2590929737922806e-05
1.2590929744396597e-05
1.259092972880785e-05
1.2590929752476578e-05
1.259092973249534e-05
1.2590929729900033e-05
1.2590929740847028e-05
1.2590929736597474e-05
1.2590929730636101e-05
1.2590929740732365e-05
1.259092972544968e-05
1.2590929742649624e-05
1.2590929731751888e-05
1.2590929747562119e-05
1.2590929736735903e-05
1.2591299393227161e-05
1.2591299393227161e-05
1.259129938324216e-05
1.2591299388650388e-05
1.259129939513226e-05
1.2591299379533883e-05
1.2591299403201684e-05
1.2591299383222474e-05
1.2591299380615888e-05
1.2591299391575203e-05
1.2591299387316579e-05
1.2591299381379908e-05
1.2591299391457977e-05
1.259129937617494e-05
1.259129939336243e-05
1.2591299382492728e-05
1.2591299398275659e-05
1.2591299387462184e-05
1.259215189003661e-05
1.259215189003661e-05
1.2592151880017197e-05
1.2592151885468338e-05
1.2592151891965628e-05
1.259215187634703e-05
1.2592151900010047e-05
1.259215188003926e-05
1.2592151877405354e-05
1.2592151888392557e-05
1.259215188411297e-05
1.25921518782375e-05
1.2592151888269227e-05
1.2592151872985695e-05
1.2592151890141283e-05
1.2592151879343169e-05
1.2592151895056253e-05
1.259215188427636e-05
1.2593345994881428e-05
1.2593345994881428e-05
1.2593345984804006e-05
1.2593345990330073e-05
1.2593345996841473e-05
1.2593345981198694e-05
1.2593346004847406e-05
1.2593345984899428e-05
1.2593345982222909e-05
1.2593345993248686e-05
1.2593345988939279e-05
1.259334598316034e-05
1.2593345993116071e-05
1.2593345977832583e-05
1.2593345994935647e-05
1.259334598425488e-05
1.2593345999853176e-05
1.2593345989130701e-05
1.2595299990586748e-05
1.2595299990586748e-05
1.2595299980387589e-05
1.2595299986076718e-05
1.2595299992590872e-05
1.2595299976919797e-05
1.2595300000524138e-05
1.2595299980643923e-05
1.2595299977885587e-05
1.2595299988973238e-05
1.2595299984613776e-05
1.259529997902238e-05
1.2595299988823439e-05
1.2595299973542016e-05
1.2595299990537622e-05
1.2595299980095806e-05
1.259529999545974e-05
1.2595299984859613e-05
1.2598173296114055e-05
1.2598173296114055e-05
1.2598173285664984e-05
1.2598173291701013e-05
1.2598173298165227e-05
1.2598173282482385e-05
1.2598173305966e-05
1.2598173286266072e-05
1.2598173283355467e-05
1.2598173294530746e-05
1.2598173290094377e-05
1.2598173284857013e-05
1.2598173294350372e-05
1.2598173279077268e-05
1.259817329585796e-05
1.2598173285891492e-05
1.2598173300787763e-05
1.2598173290442751e-05
1.260213281167086e-05
1.260213281167086e-05
1.260213280068407e-05
1.2602132807490122e-05
1.2602132813737946e-05
1.2602132798120749e-05
1.2602132821286442e-05
1.2602132802055113e-05
1.2602132798847723e-05
1.2602132810134188e-05
1.2602132805583129e-05
1.2602132801046514e-05
1.260213280989726e-05
1.2602132794650084e-05
1.2602132810979646e-05
1.2602132802006106e-05
1.2602132815922821e-05
1.2602132806134236e-05
1.2606344372109694e-05
1.2606344372109694e-05
1.2606344360013546e-05
1.2606344368450931e-05
1.2606344374055723e-05
1.2606344358738035e-05
1.260634438114293e-05
1.2606344363023915e-05
1.2606344359259889e-05
1.2606344370636217e-05
1.2606344365940133e-05
1.2606344362739299e-05
1.2606344370299405e-05
1.2606344355120068e-05
1.2606344370539149e-05
1.2606344363560263e-05
1.2606344375503992e-05
1.2606344366877124e-05
1.2607589755676965e-05
1.2607589755676965e-05
1.260758974160136e-05
1.2607589753019047e-05
1.260758975715699e-05
1.2607589742640307e-05
1.2607589763517207e-05
1.2607589747619527e-05
1.2607589742952657e-05
1.2607589754262652e-05
1.2607589749456579e-05
1.2607589748460641e-05
1.260758975377473e-05
1.2607589738739908e-05
1.2607589752567309e-05
1.2607589749060144e-05
1.2607589757561297e-05
1.2607589751029583e-05
1.2600574572214881e-05
1.2600574572214881e-05
1.26005745557392e-05
1.2600574570866328e-05
1.2600574572784841e-05
1.2600574559607287e-05
1.2600574578396256e-05
1.2600574565518405e-05
1.2600574559881587e-05
1.2600574570798318e-05
1.2600574566064216e-05
1.260057456749525e-05
1.2600574570164663e-05
1.260057455533737e-05
1.2600574567280318e-05
1.2600574567861879e-05
1.2600574572296415e-05
1.260057456833585e-05
1.2587119266003872e-05
1.2587119266003872e-05
1.2587119248310902e-05
1.2587119265426214e-05
1.2587119265727597e-05
1.258711925363941e-05
1.2587119271107114e-05
1.25871192601248e-05
1.2587119254135141e-05
1.2587119264503643e-05
1.258711926003496e-05
1.2587119262422156e-05
1.2587119263837868e-05
1.258711924915186e-05
1.2587119260189699e-05
1.2587119262710423e-05
1.2587119265202277e-05
1.2587119262580082e-05
1.2578813461441989e-05
1.2578813461441989e-05
1.2578813443967845e-05
1.2578813460837473e-05
1.2578813460915546e-05
1.257881344906048e-05
1.2578813466491411e-05
1.2578813455548994e-05
1.2578813449768204e-05
1.2578813459870514e-05
1.2578813455593507e-05
1.2578813457521478e-05
1.2578813459254218e-05
1.2578813444580499e-05
1.2578813455834014e-05
1.2578813457865465e-05
1.2578813460831874e-05
1.2578813458004943e-05
1.2577303614220452e-05
1.2577303614220452e-05
1.257730359703718e-05
1.2577303613480323e-05
1.2577303613721256e-05
1.2577303601792457e-05
1.25773036194198e-05
1.2577303608189982e-05
1.257730360255676e-05
1.2577303612631442e-05
1.257730360839511e-05
1.2577303609969668e-05
1.257730361204183e-05
1.2577303597350744e-05
1.2577303608843568e-05
1.2577303610350445e-05
1.2577303613835555e-05
1.2577303610704433e-05
     fun: 1.3219580929653244e-05
     jac: array([-4.57791884e-08,  2.32557795e-08, -9.48352863e-09,  6.64419986e-09,
       -3.90309651e-09,  6.74720013e-09, -1.77029733e-08, -1.15434204e-08,
        2.14257511e-07,  1.93140295e-08, -6.22595735e-08, -7.54836265e-08,
       -1.93361984e-08,  1.14761178e-08, -2.02719548e-08,  7.12240080e-08])
 message: 'Optimization terminated successfully.'
    nfev: 2394
     nit: 133
    njev: 133
  status: 0
 success: True
       x: array([ 0.82564945, -0.60563337, -0.62870738,  0.15206627, -0.68733855,
        0.33975674,  0.1796612 ,  0.0712908 , -0.21264104,  0.42237385,
        0.01483048,  0.85211582, -0.48923564, -0.27698654,  0.22464859,
       -0.22133044])

========================================================

Final result:
0.8256494536539412
-0.6056333711993059
-0.6287073841733629
0.1520662747946468
0.1520662747946468
0.1520662747946468
-0.6873385480043326
0.33975673654912897
0.17966120326248902
0.0712908015101721
-0.2126410417581739
0.4223738468099584
0.014830481891236869
0.014830481891236869
0.8521158225328623
-0.4892356418825573
-0.7765758327336167
-0.7765758327336167
-0.2769865367663897
0.2246485909335866
-0.22133044241705263
0.09122279608328525
0.09122279608328525
0.09122279608328525
