GLY_methyl_neutral.filelist
6.34848244495
6.34848244495
6.34848212305
6.34848194335
6.34848238202
6.34848354079
6.34848369787
6.34848334007
6.34848300247
6.34848431088
6.34848301673
6.34848268841
39843.9128412
3979.15542817
638.309337551
138.431435062
29.7160781275
5.10466006974
5.10466006974
5.10466003049
5.10465999107
5.10466005922
5.10465904573
5.10465903478
5.10465913468
5.10465952612
5.1046580122
5.10465961717
5.10465977493
1996.09895623
198.134232242
23.3947457346
5.24691266596
4.81188481035
4.81188481035
4.81188494315
4.81188500311
4.81188483308
4.81188365112
4.81188355785
4.81188385407
4.81188423519
4.81188280823
4.81188428336
4.81188452709
167.173699141
16.1823246156
4.73105674838
4.62267738753
4.62267738753
4.62267754767
4.6226776372
4.62267741687
4.62267623232
4.6226761462
4.62267639148
4.62267678618
4.62267525659
4.62267683682
4.62267709344
22.0404303948
4.7519754855
4.4103619935
4.4103619935
4.41036212573
4.41036222435
4.41036201744
4.41036090444
4.41036080229
4.41036104162
4.41036136239
4.41035998501
4.41036130269
4.41036174343
166.471712564
16.4661816263
2.85105883569
2.85105883569
2.85105896843
2.8510590826
2.85105886226
2.85105877698
2.85105865345
2.85105882007
2.85105885407
2.85105879641
2.8510587724
2.85105895108
58.8545586558
7.68989236097
2.47466979322
2.47466979322
2.47466997593
2.47466998343
2.47466983128
2.47467023544
2.47467020421
2.47467024066
2.47467005062
2.47467080434
2.47466995474
2.47466998174
37.6925565493
4.51089175028
2.36224141002
2.36224141002
2.36224152409
2.36224161102
2.36224143521
2.36224207381
2.3622419767
2.36224202216
2.36224175531
2.36224276435
2.36224165966
2.36224162139
15.2317124322
2.65116395422
2.083548662
2.083548662
2.08354873095
2.08354880591
2.08354867717
2.08354954099
2.08354953122
2.08354947825
2.08354913326
2.08355047066
2.0835490246
2.08354895216
3.78486259741
1.09835088233
1.09835088233
1.0983507672
1.09835070314
1.09835085809
1.09835119085
1.09835127844
1.098351126
1.09835101046
1.09835141086
1.09835105562
1.09835090624
1.58428711006
0.938631883307
0.938631883307
0.938631823531
0.938631799035
0.938631869634
0.93863181622
0.938631864752
0.938631816314
0.938631839538
0.938631744922
0.938631877142
0.938631824827
1.5809649326
0.871405739483
0.871405739483
0.871405756879
0.871405782953
0.871405740882
0.871405515784
0.871405497471
0.871405549406
0.871405623487
0.871405340387
0.871405636383
0.871405694827
0.887679268573
0.842242725728
0.842242725728
0.842242709892
0.842242704671
0.842242721243
0.842242678012
0.842242679598
0.842242676792
0.84224270122
0.84224261284
0.842242711645
0.842242720064
0.859550730093
0.83924255565
0.83924255565
0.83924256883
0.839242578863
0.839242556959
0.839242527014
0.839242520171
0.839242536994
0.83924254238
0.83924252544
0.839242543957
0.839242556999
0.842242250556
0.842242250556
0.842242234187
0.84224223405
0.842242246101
0.842242277253
0.842242284943
0.842242266554
0.842242256665
0.842242284628
0.842242261767
0.842242257252
0.841941360334
0.841675927249
0.841675927249
0.84167591744
0.84167591648
0.841675923975
0.84167594238
0.841675947792
0.841675940534
0.841675933754
0.841675961006
0.841675941756
0.841675932598
0.839237112651
0.840388580621
0.840388580621
0.840388576483
0.8403885767
0.840388578505
0.840388581225
0.84038858507
0.840388581089
0.840388578783
0.840388586694
0.84038858527
0.840388582896
0.840034688971
0.840231731306
0.840231731306
0.840231727729
0.840231729646
0.840231729298
0.840231731806
0.840231734184
0.840231732315
0.840231729682
0.840231739173
0.840231735121
0.840231734452
0.84026680178
0.840237289807
     fun: 0.88942006659473
     jac: array([-0.00858765, -0.01219831, -0.00155576, -0.00750503, -0.010377  ,
       -0.0061109 , -0.01388353, -0.00392399, -0.03010846, -0.00168682])
 message: 'Optimization terminated successfully.'
    nfev: 248
     nit: 18
    njev: 18
  status: 0
 success: True
       x: array([ 0.50322331, -0.46310232, -0.46112457, -0.31375749,  0.24942171,
       -0.17436775,  0.62863256,  0.12169093, -0.50367729, -0.5400796 ])

========================================================

Final result:
0.503223312134
-0.46310231853
-0.461124570799
0.140334525732
0.140334525732
0.140334525732
-0.313757491727
0.249421707973
-0.174367750335
0.628632564602
0.121690934515
0.121690934515
-0.50367729306
-0.540079603254
0.41044599677
