14.1586956837
14.1586956837
14.1586948385
14.1586945963
14.1586955076
14.1586968984
14.1586970652
14.1586966368
14.1586959853
14.1586979263
14.1586957659
14.1586958652
14.158696037
14.1586957044
114127.889178
11407.0106094
1583.86049765
240.182184083
36.4649821119
12.9149913625
12.9149913625
12.9149905885
12.9149904861
12.9149911966
12.914990594
12.9149906037
12.914990512
12.9149904319
12.9149897652
12.9149902959
12.9149907497
12.9149907799
12.9149912183
20561.9351019
2171.0873741
374.682288285
66.631449328
13.5412899989
10.252364573
10.252364573
10.252364602
10.2523649903
10.2523645639
10.2523633378
10.2523629975
10.2523637272
10.2523637126
10.2523632802
10.2523635497
10.252364088
10.2523641918
10.2523644583
9603.18083027
955.66478873
147.310071834
23.6035965438
8.97742704615
8.97742704615
8.97742713734
8.9774274524
8.9774270616
8.97742582194
8.97742575452
8.97742592728
8.97742635367
8.97742460932
8.97742669597
8.97742647324
8.97742628015
8.9774269254
1716.94275357
170.377745696
17.8061897965
8.83220169639
8.83220169639
8.83220181426
8.83220212055
8.83220171851
8.83220045182
8.83220039678
8.83220053257
8.83220098484
8.83219910963
8.83220119145
8.83220127654
8.83220127346
8.83220161307
408.342480686
39.1595540379
8.910905382
8.35878302106
8.35878302106
8.3587833034
8.35878345134
8.35878307936
8.35878163684
8.35878162328
8.35878179585
8.3587822965
8.35878031795
8.35878249652
8.35878256965
8.35878247798
8.35878293303
151.663145459
16.200263708
8.26055486653
8.26055486653
8.26055511211
8.26055529796
8.26055491741
8.2605535194
8.26055338197
8.2605536647
8.26055419698
8.26055216601
8.26055437382
8.26055445833
8.26055432598
8.26055479025
323.129058815
32.9333368479
8.70017728754
8.24747424284
8.24747424284
8.24747450718
8.24747470328
8.24747429872
8.24747292928
8.24747279375
8.24747304472
8.24747355588
8.24747153882
8.24747371542
8.24747382184
8.24747368862
8.24747416312
12.2636791512
7.28840070423
7.28840070423
7.28840090009
7.28840098962
7.28840074405
7.28840019998
7.28840013819
7.28840026721
7.28840051231
7.28839966185
7.28840058671
7.28840056354
7.28840053718
7.28840066782
22.3537047336
7.13757017348
7.13757017348
7.1375702347
7.13757028335
7.13757018446
7.13757031601
7.13757038468
7.1375703465
7.1375703757
7.13757050308
7.13757032782
7.13757032039
7.13757025968
7.13757020851
54.7204322466
8.08780872357
6.98013328566
6.98013328566
6.98013332177
6.98013330632
6.98013329293
6.98013369564
6.98013374768
6.98013367536
6.98013358923
6.98013410297
6.98013356134
6.98013350048
6.98013348731
6.98013333659
7.18630880244
6.9263292785
6.9263292785
6.92632924436
6.92632921123
6.92632927422
6.92632958766
6.92632963364
6.92632956603
6.92632946824
6.92632988372
6.92632943752
6.92632941221
6.92632941243
6.92632930645
6.93492156789
6.85528165092
6.85528165092
6.85528161206
6.85528159938
6.85528164177
6.85528167719
6.85528168956
6.85528167175
6.85528164511
6.85528169868
6.85528163758
6.85528165279
6.85528165101
6.85528164928
6.86349960184
6.84569676494
6.84569676494
6.84569673959
6.84569673662
6.84569676038
6.84569676176
6.84569676723
6.84569676182
6.84569674703
6.84569676168
6.84569674571
6.84569675788
6.84569675677
6.84569676184
6.85108570974
6.84577885447
6.84577885447
6.84577884944
6.84577885561
6.84577885367
6.84577885127
6.84577885218
6.84577885687
6.84577884713
6.8457788591
6.84577885229
6.84577885409
6.84577885383
6.84577885302
6.8473859262
6.84594306593
6.84594306593
6.84594306204
6.84594306814
6.84594306545
6.84594306375
6.84594306486
6.84594306886
6.84594306006
6.84594307068
6.84594306598
6.84594306646
6.8459430659
6.84594306447
6.84510524334
6.84510524334
6.84510523748
6.84510524084
6.84510524251
6.8451052418
6.84510524476
6.8451052446
6.84510523752
6.84510524126
6.84510524408
6.8451052434
6.84510524199
6.84510524182
6.84527757503
6.84527757503
6.84527757029
6.84527757486
6.84527757441
6.84527757311
6.84527757512
6.84527757714
6.84527756928
6.84527757634
6.84527757522
6.84527757544
6.84527757448
6.84527757356
     fun: 6.913128945861063
     jac: array([ 0.0073548 ,  0.00948834,  0.00131857, -0.00348574, -0.00903517,
        0.00332153,  0.00035655,  0.01391232, -0.00696796,  0.00276423,
        0.0061239 ,  0.00032449])
 message: 'Optimization terminated successfully.'
    nfev: 286
     nit: 18
    njev: 18
  status: 0
 success: True
       x: array([ 0.54950026, -0.48587403, -0.50125483, -0.32545505,  0.25674799,
       -0.30124195,  0.59564311,  0.13720041, -0.50623729, -0.3860213 ,
        0.27857637, -0.29274466])

========================================================

Final result:
0.549500261171
-0.48587403364
-0.501254830201
0.14587620089
0.14587620089
0.14587620089
-0.32545505358
0.256747991814
-0.301241954351
0.595643111409
0.137200407831
0.137200407831
-0.506237293465
-0.38602129888
0.278576368834
-0.292744657945
0.135443990167
0.135443990167
0.135443990167
