15.8185989309
15.8185989309
15.818598041
15.8185976083
15.8185987475
15.8186010859
15.818601451
15.8186007383
15.8186000737
15.8186027736
15.818600217
15.8185994293
208434.05432
20832.7006779
3131.84087134
625.38854484
126.923524784
23.8638636189
10.4501703808
10.4501703808
10.4501693421
10.4501689684
10.4501701569
10.4501700365
10.4501702521
10.4501699365
10.4501701331
10.4501693886
10.4501704243
10.4501701587
26276.3194576
2893.16916892
505.470997064
91.793267639
16.4974178923
8.27891227273
8.27891227273
8.27891215579
8.27891235712
8.27891222626
8.27891097148
8.27891072781
8.27891147714
8.27891174466
8.27891100714
8.27891190011
8.2789120153
5735.04142667
571.219625818
82.2984166016
13.0906141708
7.40077157031
7.40077157031
7.40077169333
7.40077195138
7.40077158561
7.40077015203
7.40077008521
7.40077036809
7.40077079069
7.4007691088
7.4007709997
7.40077117824
825.156419589
81.8235806231
10.2166059111
7.31540989412
7.31540989412
7.31541000744
7.31541025889
7.31540990771
7.31540845618
7.31540836264
7.31540866206
7.31540900496
7.31540742073
7.31540904708
7.31540953253
555.12331569
54.1037462525
8.33747886309
7.01704876268
7.01704876268
7.01704896285
7.01704916613
7.01704879597
7.01704718582
7.01704702125
7.01704743027
7.0170479117
7.01704598414
7.01704795286
7.01704846643
230.52970673
22.6798752302
6.92746573948
6.83831691594
6.83831691594
6.83831717924
6.8383173301
6.83831696448
6.83831529225
6.8383150937
6.83831553405
6.83831600573
6.83831404373
6.83831606849
6.83831650436
78.2232982326
9.36005506594
6.69534295911
6.69534295911
6.69534317255
6.69534343987
6.69534299708
6.69534138896
6.69534111292
6.69534159801
6.69534208016
6.69534008868
6.69534210298
6.69534255045
133.913574969
13.8356925486
6.57057956483
6.57057956483
6.57057982805
6.57058003548
6.57057961223
6.57057797391
6.57057783452
6.5705782493
6.57057874307
6.57057681852
6.57057872389
6.57057917361
9.65248629451
5.64352191191
5.64352191191
5.64352214991
5.64352223283
5.64352196201
5.6435219991
5.64352197703
5.64352202318
5.64352197545
5.64352216564
5.64352190537
5.64352197148
5.63788820165
5.55059198823
5.55059198823
5.55059200594
5.55059199699
5.55059199254
5.55059209387
5.55059211427
5.55059207337
5.55059203843
5.55059214421
5.55059202732
5.55059201887
5.69316090057
5.53699299713
5.53699299713
5.5369929695
5.53699294849
5.5369929915
5.53699305621
5.53699307594
5.53699303305
5.53699302012
5.53699305803
5.53699302456
5.53699300943
5.54327830213
5.53771783555
5.53771783555
5.53771782775
5.53771782586
5.53771783232
5.53771785097
5.53771785492
5.53771784941
5.53771784114
5.53771786744
5.53771784796
5.53771784253
5.54805965998
5.53753047804
5.53753047804
5.53753047436
5.53753047662
5.53753047634
5.53753048422
5.53753048523
5.53753048648
5.53753047959
5.5375305017
5.5375304868
5.53753048375
5.5376062905
5.5376062905
5.53760628692
5.53760628891
5.53760628889
5.53760628978
5.53760629209
5.53760628961
5.53760628617
5.53760629095
5.53760629399
5.53760629346
5.53753493019
5.53753493019
5.5375349267
5.53753492881
5.53753492857
5.53753493097
5.53753493269
5.53753493176
5.53753492741
5.537534937
5.53753493492
5.53753493391
     fun: 5.597402871744419
     jac: array([ 0.00078535,  0.00069845,  0.00011015, -0.00960016, -0.01236987,
       -0.00675571, -0.00411171, -0.01326799, -0.00584495, -0.00131124])
 message: 'Optimization terminated successfully.'
    nfev: 225
     nit: 16
    njev: 16
  status: 0
 success: True
       x: array([ 0.50708424, -0.46400563, -0.47097471, -0.32617629,  0.25888339,
       -0.19557395,  0.66999596,  0.13103239, -0.52449301, -0.56120965])

========================================================

Final result:
0.507084240799
-0.464005633107
-0.470974705779
0.142632032695
0.142632032695
0.142632032695
-0.326176285696
0.258883390205
-0.195573948489
0.669995962396
0.131032387563
0.131032387563
-0.524493011549
-0.56120965228
0.416508770287
