0.00023638468187801875
0.00023638468187801875
0.00023638467193364104
0.00023638467054691432
0.00023638467993287963
0.00023638470604455414
0.0002363847069385097
0.00023638469878238744
0.0002363846991386314
0.00023638469403074468
0.00023638469570091034
0.00023638470948768642
0.00023638468593886438
0.00023638470910503887
0.00021966235713571415
0.00021966235713571415
0.00021966234729411713
0.0002196623458897072
0.00021966235520872094
0.00021966237954473855
0.00021966238041932858
0.00021966237245791615
0.00021966237273036862
0.0002196623682410925
0.00021966236917408765
0.00021966238258543815
0.00021966236069434388
0.0002196623806340638
0.00016245342363955484
0.00016245342363955484
0.00016245341430162885
0.00016245341284071456
0.00016245342180214826
0.0001624534380820144
0.00016245343885119436
0.00016245343181667108
0.00016245343172085366
0.00016245343000539838
0.00016245342764731322
0.00016245343930134211
0.00016245342493071777
0.00016245343037136703
0.0001333213645833674
0.0001333213645833674
0.00013332135598870238
0.00013332135450750342
0.00013332136287955344
0.00013332136862254665
0.00013332136921421112
0.00013332136349028067
0.0001333213629396476
0.00013332136477802814
0.00013332135823626627
0.00013332136746983851
0.00013332136293391496
0.00013332134972581435
0.0001309923612803802
0.0001309923612803802
0.0001309923528071224
0.0001309923513797063
0.00013099235959964913
0.0001309923648453841
0.00013099236538821355
0.00013099235982646688
0.00013099235928176308
0.00013099236121222397
0.00013099235459636905
0.00013099236359123982
0.00013099235951776383
0.00013099234575124312
0.00011863312659351952
0.00011863312659351952
0.0001186331186596729
0.00011863311754272809
0.00011863312501693841
0.00011863312959101876
0.00011863312989220034
0.00011863312498539087
0.00011863312456759184
0.00011863312629403271
0.00011863312011396595
0.00011863312824601827
0.00011863312478939816
0.00011863311166642582
7.468916274400117e-05
7.468916274400117e-05
7.468915721956444e-05
7.468915755015211e-05
7.468916163405057e-05
7.468916453752351e-05
7.468916373924421e-05
7.468916169889157e-05
7.468916193375754e-05
7.468916222129198e-05
7.468915864665238e-05
7.468916310013262e-05
7.46891611532132e-05
7.468915360168035e-05
5.0915142151575595e-05
5.0915142151575595e-05
5.091514008149187e-05
5.09151425073319e-05
5.091514171126109e-05
5.091514271449728e-05
5.091514033550833e-05
5.0915142377402467e-05
5.0915143577167045e-05
5.0915141611509584e-05
5.0915142011330466e-05
5.0915141266959525e-05
5.091514101479989e-05
5.091514244339624e-05
5.085616367589292e-05
5.085616367589292e-05
5.085616160903734e-05
5.0856164037134816e-05
5.085616323640081e-05
5.0856164311498444e-05
5.085616193342339e-05
5.085616396965654e-05
5.0856165171901596e-05
5.0856163181962465e-05
5.0856163614933304e-05
5.085616288773023e-05
5.0856162561323895e-05
5.085616413454958e-05
5.0528108973475807e-05
5.0528108973475807e-05
5.052810692321006e-05
5.052810934862936e-05
5.052810853801996e-05
5.0528109720621845e-05
5.0528107353858606e-05
5.0528109367913754e-05
5.052811056358963e-05
5.052810855803623e-05
5.052810902646326e-05
5.052810836191008e-05
5.0528107894303546e-05
5.052810967008258e-05
4.888510081111218e-05
4.888510081111218e-05
4.888509886447661e-05
4.8885101267584965e-05
4.888510039955137e-05
4.8885101711176804e-05
4.8885099401358865e-05
4.888510133985012e-05
4.888510247928894e-05
4.888510054708818e-05
4.8885101013186934e-05
4.888510058964117e-05
4.888509979232107e-05
4.888510181651075e-05
4.21015414727442e-05
4.21015414727442e-05
4.210154005149537e-05
4.210154233376387e-05
4.210154118077064e-05
4.210154248928314e-05
4.210154045285549e-05
4.2101542082584653e-05
4.210154291714736e-05
4.2101541564886844e-05
4.210154174973195e-05
4.2101542362086824e-05
4.210154056565578e-05
4.210154261942915e-05
3.339227745228874e-05
3.339227745228874e-05
3.339227759620643e-05
3.33922795046576e-05
3.339227751503342e-05
3.339227807524908e-05
3.33922768426967e-05
3.3392277625777105e-05
3.3392277523210347e-05
3.339227813976009e-05
3.339227718707174e-05
3.33922806671131e-05
3.339227666038431e-05
3.339227742149904e-05
3.329498426447115e-05
3.329498426447115e-05
3.3294984429591084e-05
3.3294986323545404e-05
3.3294984331756177e-05
3.3294984654014815e-05
3.32949834357744e-05
3.329498421947411e-05
3.329498408862174e-05
3.3294984813387845e-05
3.3294983756239024e-05
3.3294987198538644e-05
3.329498340808579e-05
3.329498372805105e-05
3.301013241577275e-05
3.301013241577275e-05
3.301013260404806e-05
3.301013444798581e-05
3.3010132488354445e-05
3.30101321812522e-05
3.301013100859081e-05
3.30101317743446e-05
3.3010131562927135e-05
3.3010132564417686e-05
3.301013126090374e-05
3.301013450380676e-05
3.301013138565613e-05
3.3010130544069834e-05
3.265459020498759e-05
3.265459020498759e-05
3.2654590383812695e-05
3.265459216430502e-05
3.265459027684499e-05
3.2654589534331606e-05
3.265458842475717e-05
3.265458912287082e-05
3.265458882575094e-05
3.265459003880501e-05
3.265458860073026e-05
3.265459159289203e-05
3.265458905622462e-05
3.265458742260661e-05
3.161659122026799e-05
3.161659122026799e-05
3.161659130441558e-05
3.161659289366795e-05
3.1616591277326895e-05
3.161658986873695e-05
3.161658895931922e-05
3.1616589373341665e-05
3.161658884664346e-05
3.161659045099198e-05
3.161658892223193e-05
3.161659116915031e-05
3.161658989564436e-05
3.161658708769397e-05
3.0129111787149005e-05
3.0129111787149005e-05
3.0129111643969022e-05
3.012911294439285e-05
3.0129111805789398e-05
3.0129110218927534e-05
3.012910962459962e-05
3.0129109506964558e-05
3.012910867067451e-05
3.0129110550057358e-05
3.0129109287304394e-05
3.0129110422400704e-05
3.012911042996116e-05
3.0129107400919195e-05
2.8661670450357208e-05
2.8661670450357208e-05
2.8661669972854198e-05
2.8661670971634e-05
2.8661670410413092e-05
2.866166959412847e-05
2.866166934358617e-05
2.8661668552368924e-05
2.8661667436390104e-05
2.8661669236835913e-05
2.866166871728813e-05
2.8661668706866297e-05
2.866166932902585e-05
2.8661667861938393e-05
2.8076393795194167e-05
2.8076393795194167e-05
2.8076393128501283e-05
2.8076394034347997e-05
2.807639372078506e-05
2.8076394001546734e-05
2.8076393870023748e-05
2.807639276536693e-05
2.807639160352981e-05
2.8076393049134798e-05
2.8076393176091362e-05
2.8076392826449893e-05
2.807639298975839e-05
2.8076393612118444e-05
2.7967922715460613e-05
2.7967922715460613e-05
2.796792202673503e-05
2.7967922963907577e-05
2.796792263633068e-05
2.7967923414814508e-05
2.7967923256235496e-05
2.796792215089298e-05
2.796792104665858e-05
2.7967922276308955e-05
2.796792260586897e-05
2.7967922383949475e-05
2.7967922050011465e-05
2.796792358751966e-05
2.7928290733301367e-05
2.7928290733301367e-05
2.7928290055674375e-05
2.7928291020227903e-05
2.7928290655831063e-05
2.7928291578255865e-05
2.7928291391428128e-05
2.7928290321908154e-05
2.7928289255835942e-05
2.7928290406641955e-05
2.7928290771072717e-05
2.792829065572185e-05
2.792829010885281e-05
2.792829189818653e-05
2.782486804521367e-05
2.782486804521367e-05
2.7824867396670396e-05
2.7824868411305468e-05
2.7824867972466805e-05
2.782486911385441e-05
2.7824868874073303e-05
2.7824867877609598e-05
2.782486688469504e-05
2.7824867900870512e-05
2.782486830448092e-05
2.7824868381781867e-05
2.782486748696318e-05
2.7824869641116196e-05
2.7577822607762696e-05
2.7577822607762696e-05
2.7577822014642007e-05
2.757782310316396e-05
2.7577822544405903e-05
2.757782399835319e-05
2.757782367865801e-05
2.757782279681037e-05
2.757782192570722e-05
2.7577822727592227e-05
2.7577823175772125e-05
2.7577823533126374e-05
2.7577822154107805e-05
2.7577824792937592e-05
2.69539128685688e-05
2.69539128685688e-05
2.6953912389840428e-05
2.695391359032723e-05
2.6953912825329302e-05
2.6953914753663534e-05
2.6953914308485582e-05
2.695391361514382e-05
2.695391296693103e-05
2.6953913391421767e-05
2.6953913885813323e-05
2.69539146572476e-05
2.695391259997308e-05
2.6953915884623304e-05
2.5585491841583093e-05
2.5585491841583093e-05
2.5585491577317392e-05
2.5585492912788422e-05
2.5585491837412594e-05
2.55854943481529e-05
2.5585493740511587e-05
2.558549331154929e-05
2.5585493030099528e-05
2.5585492862208107e-05
2.5585493362085628e-05
2.558549460749209e-05
2.558549186621183e-05
2.5585495720404883e-05
2.3187590504121763e-05
2.3187590504121763e-05
2.3187590573398233e-05
2.3187591993987167e-05
2.318759056294399e-05
2.318759347148588e-05
2.318759273208716e-05
2.318759256675835e-05
2.318759277146255e-05
2.318759187218767e-05
2.3187592246581756e-05
2.3187593727368668e-05
2.3187590896709065e-05
2.3187594575063514e-05
2.060190858916849e-05
2.060190858916849e-05
2.060190896911509e-05
2.0601910295091687e-05
2.0601908709724955e-05
2.0601911283859887e-05
2.060191058950936e-05
2.060191046599131e-05
2.0601911007218927e-05
2.0601909689690917e-05
2.0601909761193274e-05
2.0601910765975795e-05
2.0601909203136493e-05
2.0601911245539754e-05
1.9317034234342566e-05
1.9317034234342566e-05
1.9317034684548658e-05
1.9317035785888574e-05
1.9317034372362017e-05
1.931703605074017e-05
1.931703556154985e-05
1.931703521234795e-05
1.9317035695393647e-05
1.9317034588439075e-05
1.9317034374851657e-05
1.931703446559889e-05
1.9317034758481553e-05
1.931703472023661e-05
1.906725547852865e-05
1.906725547852865e-05
1.9067255856154906e-05
1.9067256827175723e-05
1.9067255604649363e-05
1.9067256751007142e-05
1.906725639602595e-05
1.906725586472385e-05
1.906725617060239e-05
1.906725538735208e-05
1.9067255083134718e-05
1.906725468862286e-05
1.906725584857018e-05
1.9067254922711635e-05
1.9021838111477263e-05
1.9021838111477263e-05
1.902183844568293e-05
1.902183938345025e-05
1.9021838229596295e-05
1.9021839243518552e-05
1.9021838924289384e-05
1.90218383402156e-05
1.9021838572036757e-05
1.9021837912143756e-05
1.90218376024992e-05
1.9021837104253062e-05
1.902183842290677e-05
1.90218373568596e-05
1.895401324375526e-05
1.895401324375526e-05
1.895401352872905e-05
1.8954014432816252e-05
1.8954013352474977e-05
1.8954014244835795e-05
1.8954013958532523e-05
1.8954013329394238e-05
1.8954013485349043e-05
1.8954012952071217e-05
1.8954012643170587e-05
1.895401206417237e-05
1.8954013497875867e-05
1.8954012339773363e-05
1.8772016263912345e-05
1.8772016263912345e-05
1.877201645884816e-05
1.877201729616597e-05
1.877201635485547e-05
1.877201703648035e-05
1.8772016805508627e-05
1.8772016114524844e-05
1.8772016142606077e-05
1.8772015829725957e-05
1.877201552352552e-05
1.877201483119684e-05
1.8772016426404856e-05
1.877201514312774e-05
1.8350159344162457e-05
1.8350159344162457e-05
1.83501593950392e-05
1.8350160109821328e-05
1.8350159405381973e-05
1.835015976100991e-05
1.8350159611017442e-05
1.8350158863900522e-05
1.8350158709835176e-05
1.8350158729690045e-05
1.8350158426816905e-05
1.8350157616894653e-05
1.8350159387685486e-05
1.8350157971145668e-05
1.7476715317658517e-05
1.7476715317658517e-05
1.7476715161078503e-05
1.7476715664259896e-05
1.747671533330444e-05
1.7476715239811832e-05
1.7476715190967053e-05
1.7476714454974982e-05
1.747671408676353e-05
1.747671454399673e-05
1.7476714242719673e-05
1.7476713398143223e-05
1.747671524924682e-05
1.747671377829069e-05
1.6196114404784188e-05
1.6196114404784188e-05
1.6196114057490847e-05
1.6196114297762944e-05
1.6196114373169558e-05
1.6196113905293145e-05
1.6196113919679054e-05
1.6196113371935563e-05
1.6196112900078526e-05
1.619611367872605e-05
1.6196113372488825e-05
1.6196112756286884e-05
1.619611434842445e-05
1.6196113092133523e-05
1.5172888798769956e-05
1.5172888798769956e-05
1.5172888433998637e-05
1.5172888525991569e-05
1.517288875309006e-05
1.5172888320493905e-05
1.517288828676954e-05
1.517288807921345e-05
1.5172887766953646e-05
1.5172888428789437e-05
1.5172888110405519e-05
1.5172887987114466e-05
1.5172888951985483e-05
1.517288819529821e-05
1.4845316407783867e-05
1.4845316407783867e-05
1.4845316162975626e-05
1.4845316289168736e-05
1.4845316381557093e-05
1.4845316257786228e-05
1.4845316127452789e-05
1.48453161423165e-05
1.4845316073719055e-05
1.4845316379033582e-05
1.4845316051446398e-05
1.4845316282648884e-05
1.4845316773355916e-05
1.4845316388231448e-05
1.481028406414742e-05
1.481028406414742e-05
1.481028388817439e-05
1.4810284067499668e-05
1.4810284051717408e-05
1.4810284086191664e-05
1.4810283915084875e-05
1.4810283970122203e-05
1.4810283995547653e-05
1.4810284135927232e-05
1.481028380625482e-05
1.4810284113080561e-05
1.4810284495009184e-05
1.481028419325362e-05
1.4807955568089893e-05
1.4807955568089893e-05
1.4807955404702203e-05
1.4807955597523043e-05
1.4807955558489173e-05
1.480795561954175e-05
1.480795544277256e-05
1.4807955494912123e-05
1.4807955532164903e-05
1.4807955647064821e-05
1.4807955317421143e-05
1.4807955623140358e-05
1.4807956004137086e-05
1.4807955702577802e-05
1.4805097715403614e-05
1.4805097715403614e-05
1.4805097561135946e-05
1.4805097764206215e-05
1.480509770790862e-05
1.4805097787537678e-05
1.480509760713939e-05
1.4805097655223585e-05
1.4805097700023495e-05
1.4805097797410523e-05
1.4805097467928993e-05
1.4805097770055865e-05
1.4805098153696017e-05
1.4805097849690523e-05
1.4795581264458229e-05
1.4795581264458229e-05
1.4795581128343922e-05
1.4795581351217938e-05
1.4795581261161314e-05
1.4795581376894612e-05
1.4795581189789806e-05
1.4795581229247442e-05
1.4795581288780809e-05
1.4795581351746926e-05
1.4795581022811111e-05
1.4795581317171798e-05
1.4795581706143078e-05
1.4795581397358986e-05
1.4771771896107695e-05
1.4771771896107695e-05
1.477177178766254e-05
1.4771772038872802e-05
1.4771771899194824e-05
1.4771772068056156e-05
1.4771771871816537e-05
1.4771771897802109e-05
1.477177197962513e-05
1.4771771990730246e-05
1.4771771663131676e-05
1.477177194565552e-05
1.4771772341005607e-05
1.4771772026681904e-05
1.4707637661792889e-05
1.4707637661792889e-05
1.4707637600112265e-05
1.4707637894366975e-05
1.4707637675626095e-05
1.4707637929415901e-05
1.470763772051017e-05
1.4707637723090029e-05
1.470763784225911e-05
1.4707637767177951e-05
1.470763744313722e-05
1.4707637705946778e-05
1.4707638107196512e-05
1.4707637788307617e-05
1.4547735393274228e-05
1.4547735393274228e-05
1.4547735405658314e-05
1.4547735756087823e-05
1.4547735424017404e-05
1.4547735800296267e-05
1.454773557817918e-05
1.4547735542153774e-05
1.4547735719682942e-05
1.4547735511708465e-05
1.4547735196509854e-05
1.454773542887054e-05
1.4547735827327397e-05
1.4547735513123041e-05
1.4175336667363378e-05
1.4175336667363378e-05
1.4175336788817982e-05
1.4175337192964487e-05
1.4175336722744098e-05
1.41753372503501e-05
1.4175337025333603e-05
1.4175336928751096e-05
1.4175337190321543e-05
1.417533679536053e-05
1.4175336500937458e-05
1.4175336690338364e-05
1.4175337055329694e-05
1.4175336776837607e-05
1.3462059176507974e-05
1.3462059176507974e-05
1.3462059419535042e-05
1.3462059817062652e-05
1.3462059258743362e-05
1.3462059888422979e-05
1.346205969812428e-05
1.3462059525551398e-05
1.3462059876435923e-05
1.3462059293036714e-05
1.3462059039547462e-05
1.3462059185373783e-05
1.3462059445778513e-05
1.3462059273140518e-05
1.2544674886366858e-05
1.2544674886366858e-05
1.2544675176846673e-05
1.2544675424718261e-05
1.2544674977741868e-05
1.2544675499956925e-05
1.2544675407147201e-05
1.2544675186132148e-05
1.2544675562231377e-05
1.2544674949476572e-05
1.2544674751289677e-05
1.2544674889634528e-05
1.2544674960390773e-05
1.2544674975158628e-05
1.1963096876115979e-05
1.1963096876115979e-05
1.1963097078392953e-05
1.1963097091490687e-05
1.196309694582062e-05
1.1963097154022985e-05
1.1963097172755252e-05
1.1963096976281469e-05
1.1963097271862862e-05
1.1963096867819811e-05
1.1963096704002313e-05
1.1963096889471236e-05
1.1963096793672916e-05
1.1963096969613648e-05
1.1829739189853744e-05
1.1829739189853744e-05
1.1829739289851276e-05
1.18297391783977e-05
1.1829739235777534e-05
1.1829739227779326e-05
1.1829739291562745e-05
1.1829739142410351e-05
1.1829739354305941e-05
1.182973914790357e-05
1.1829738984460174e-05
1.1829739214997151e-05
1.1829739075512658e-05
1.182973929164449e-05
1.182279073443426e-05
1.182279073443426e-05
1.1822790803788851e-05
1.182279067578955e-05
1.1822790773422693e-05
1.1822790721454738e-05
1.1822790786879136e-05
1.1822790654562014e-05
1.1822790842738982e-05
1.182279068931205e-05
1.1822790520443505e-05
1.1822790763120994e-05
1.182279063156204e-05
1.1822790839102145e-05
1.1823012746637352e-05
1.1823012746637352e-05
1.1823012812957496e-05
1.1823012686469085e-05
1.1823012784967551e-05
1.1823012731801e-05
1.182301279558751e-05
1.1823012665346218e-05
1.1823012851370635e-05
1.1823012702247791e-05
1.182301253201934e-05
1.1823012775675427e-05
1.1823012648084003e-05
1.1823012851642529e-05
1.1822856112385324e-05
1.1822856112385324e-05
1.1822856175896078e-05
1.182285605172139e-05
1.1822856150114e-05
1.1822856096756734e-05
1.1822856158498433e-05
1.1822856030309501e-05
1.1822856214379346e-05
1.1822856068975832e-05
1.1822855897284487e-05
1.182285614174611e-05
1.182285601874485e-05
1.1822856217703157e-05
1.1821264559108765e-05
1.1821264559108765e-05
1.182126461773634e-05
1.1821264497791505e-05
1.1821264595792643e-05
1.1821264542319075e-05
1.182126460037166e-05
1.182126447581182e-05
1.1821264656442016e-05
1.182126451746521e-05
1.1821264343280352e-05
1.1821264589022573e-05
1.182126447418772e-05
1.18212646649298e-05
1.1815391028866731e-05
1.1815391028866731e-05
1.1815391079813122e-05
1.1815390966613647e-05
1.1815391063905116e-05
1.1815391010357254e-05
1.1815391062514105e-05
1.181539094376289e-05
1.1815391118848164e-05
1.1815390990014194e-05
1.1815390812146043e-05
1.1815391059630282e-05
1.1815390957676763e-05
1.181539113536989e-05
1.1796952246786598e-05
1.1796952246786598e-05
1.1796952285081565e-05
1.1796952183158396e-05
1.1796952279108726e-05
1.1796952225648657e-05
1.1796952267894845e-05
1.1796952158962132e-05
1.1796952324559758e-05
1.1796952212541225e-05
1.1796952029248533e-05
1.1796952278897225e-05
1.1796952198179075e-05
1.179695235412681e-05
1.1744973699440756e-05
1.1744973699440756e-05
1.1744973717409628e-05
1.1744973634018127e-05
1.174497372738335e-05
1.1744973674591462e-05
1.1744973700408618e-05
1.1744973607893684e-05
1.1744973757337396e-05
1.174497367261963e-05
1.1744973482261471e-05
1.1744973733580912e-05
1.1744973687017124e-05
1.1744973807391046e-05
1.160710621605681e-05
1.160710621605681e-05
1.1607106202120163e-05
1.1607106148871754e-05
1.160710623708537e-05
1.1607106186682325e-05
1.1607106185423389e-05
1.1607106120316091e-05
1.1607106242084499e-05
1.1607106200945306e-05
1.1607106003697245e-05
1.1607106253039662e-05
1.1607106260179627e-05
1.1607106323093927e-05
1.1273196676792925e-05
1.1273196676792925e-05
1.1273196617368e-05
1.1273196609723438e-05
1.1273196687865382e-05
1.1273196644208802e-05
1.127319660113701e-05
1.1273196579186154e-05
1.1273196655716244e-05
1.1273196678515446e-05
1.1273196481917452e-05
1.1273196716973579e-05
1.1273196800909389e-05
1.1273196777863991e-05
1.059139714371524e-05
1.059139714371524e-05
1.059139703538715e-05
1.0591397083146469e-05
1.0591397143844853e-05
1.0591397115545145e-05
1.0591397019735051e-05
1.0591397054080159e-05
1.0591397067951116e-05
1.059139716387355e-05
1.0591396993382437e-05
1.0591397185259184e-05
1.0591397352312248e-05
1.0591397227057034e-05
9.613829425503391e-06
9.613829425503391e-06
9.613829302625865e-06
9.613829382425705e-06
9.61382942179337e-06
9.613829417832973e-06
9.613829287337984e-06
9.613829362582711e-06
9.613829323596768e-06
9.613829451971086e-06
9.613829351234709e-06
9.613829462391598e-06
9.613829655529147e-06
9.613829475964702e-06
8.87443307155073e-06
8.87443307155073e-06
8.87443299709808e-06
8.874433049491786e-06
8.874433077645784e-06
8.874433093368143e-06
8.874432981577988e-06
8.874433043696044e-06
8.874433006375723e-06
8.87443308121763e-06
8.874433064025067e-06
8.874433098156744e-06
8.874433211380937e-06
8.87443309084951e-06
8.662163491177339e-06
8.662163491177339e-06
8.662163472275282e-06
8.662163478361818e-06
8.662163509078211e-06
8.662163528481674e-06
8.662163456308197e-06
8.66216348028185e-06
8.66216347757666e-06
8.662163480782813e-06
8.662163500180245e-06
8.662163510825642e-06
8.662163531079113e-06
8.662163501113557e-06
8.651051035721258e-06
8.651051035721258e-06
8.651051034242954e-06
8.651051023276977e-06
8.651051057419737e-06
8.651051074760302e-06
8.651051018108943e-06
8.651051026186324e-06
8.651051039905403e-06
8.651051018899685e-06
8.651051039693651e-06
8.65105105401021e-06
8.651051044878875e-06
8.651051047210213e-06
8.65374428102116e-06
8.65374428102116e-06
8.653744280792857e-06
8.653744268177992e-06
8.653744303007753e-06
8.653744319653988e-06
8.653744264646842e-06
8.653744270914423e-06
8.653744286755942e-06
8.65374426371513e-06
8.65374428290555e-06
8.653744299351603e-06
8.65374428807074e-06
8.653744293380515e-06
8.654107722526754e-06
8.654107722526754e-06
8.654107722226925e-06
8.654107709624655e-06
8.654107744499594e-06
8.654107761075422e-06
8.654107706086434e-06
8.65410771232079e-06
8.65410772822996e-06
8.65410770524319e-06
8.65410772419037e-06
8.654107740882055e-06
8.65410772971224e-06
8.6541077349858e-06
8.654832330439021e-06
8.654832330439021e-06
8.654832329961095e-06
8.654832317420828e-06
8.654832352375718e-06
8.65483236880163e-06
8.65483231384751e-06
8.65483232002526e-06
8.654832336055614e-06
8.654832313211008e-06
8.654832331654695e-06
8.65483234884762e-06
8.65483233794636e-06
8.654832343101413e-06
8.655823368993773e-06
8.655823368993773e-06
8.655823368240629e-06
8.655823355823175e-06
8.655823390871642e-06
8.655823407063593e-06
8.655823352203097e-06
8.65582335827751e-06
8.655823374490185e-06
8.655823351847668e-06
8.655823369566518e-06
8.655823387479725e-06
8.655823376967608e-06
8.65582338194845e-06
8.657361901007028e-06
8.657361901007028e-06
8.657361899742586e-06
8.657361887617738e-06
8.657361922768158e-06
8.657361938514767e-06
8.657361883934256e-06
8.657361889770175e-06
8.657361906317631e-06
8.657361884002764e-06
8.657361900495207e-06
8.657361919625139e-06
8.657361909769345e-06
8.657361914455631e-06
8.659430872144134e-06
8.659430872144134e-06
8.659430869957327e-06
8.659430858511649e-06
8.659430893677184e-06
8.659430908594539e-06
8.659430854768875e-06
8.659430860064545e-06
8.659430877207699e-06
8.659430855371547e-06
8.659430869931828e-06
8.659430890973716e-06
8.659430882145745e-06
8.65943088636941e-06
8.66177985396677e-06
8.66177985396677e-06
8.66177985001907e-06
8.661779840214237e-06
8.661779875024582e-06
8.66177988829995e-06
8.661779836483892e-06
8.661779840497727e-06
8.661779858759358e-06
8.661779837581342e-06
8.6617798490909e-06
8.661779873138711e-06
8.661779865917298e-06
8.661779869414361e-06
8.662908518466473e-06
8.662908518466473e-06
8.66290851114749e-06
8.66290850521728e-06
8.662908538529606e-06
8.662908548536167e-06
8.662908501778327e-06
8.662908502804775e-06
8.662908523167735e-06
8.662908502704876e-06
8.662908509732725e-06
8.662908538163266e-06
8.662908533259973e-06
8.66290853569961e-06
8.658554599627774e-06
8.658554599627774e-06
8.658554586152217e-06
8.65855458873761e-06
8.658554617707904e-06
8.65855462149884e-06
8.658554586356043e-06
8.65855458087956e-06
8.658554605001515e-06
8.658554584774967e-06
8.65855458628624e-06
8.658554620026631e-06
8.658554617869225e-06
8.658554619032774e-06
8.641498544652066e-06
8.641498544652066e-06
8.641498521973022e-06
8.641498539790594e-06
8.641498559478312e-06
8.641498553549978e-06
8.64149853990275e-06
8.641498522884927e-06
8.641498552489737e-06
8.64149853075728e-06
8.641498528658805e-06
8.641498565654624e-06
8.641498565016803e-06
8.641498565411114e-06
8.611178483074707e-06
8.611178483074707e-06
8.611178452212394e-06
8.611178487227737e-06
8.61117849458492e-06
8.611178479390334e-06
8.611178490890458e-06
8.611178460952658e-06
8.611178495233227e-06
8.611178469447008e-06
8.611178470910074e-06
8.611178503963055e-06
8.61117850090118e-06
8.611178502274025e-06
8.585118315598643e-06
8.585118315598643e-06
8.585118283419389e-06
8.585118325734583e-06
8.585118326050608e-06
8.585118308590489e-06
8.585118331622353e-06
8.585118296308704e-06
8.58511833109439e-06
8.585118301288838e-06
8.585118311723115e-06
8.585118335661165e-06
8.585118327526705e-06
8.5851183311191e-06
8.57561585564194e-06
8.57561585564194e-06
8.575615825779407e-06
8.575615866540232e-06
8.575615866648839e-06
8.575615851245924e-06
8.575615872632147e-06
8.575615838565483e-06
8.575615871846382e-06
8.575615840726501e-06
8.575615856293598e-06
8.575615875146236e-06
8.575615864273763e-06
8.575615869097228e-06
8.574535169487926e-06
8.574535169487926e-06
8.574535140633258e-06
8.574535179967758e-06
8.574535180822857e-06
8.574535166443161e-06
8.574535185874744e-06
8.574535152896303e-06
8.574535185563334e-06
8.574535154429312e-06
8.574535170838847e-06
8.574535188882973e-06
8.574535177594423e-06
8.574535182612246e-06
8.574544637940002e-06
8.574544637940002e-06
8.574544609249792e-06
8.574544648294982e-06
8.574544649334727e-06
8.574544635131793e-06
8.574544654151105e-06
8.574544621391533e-06
8.574544653961273e-06
8.57454462286744e-06
8.574544639308896e-06
8.574544657327255e-06
8.574544646029333e-06
8.574544651053236e-06
8.574588443213716e-06
8.574588443213716e-06
8.57458841484624e-06
8.574588453311257e-06
8.574588454726348e-06
8.574588440872992e-06
8.574588459063012e-06
8.574588426742466e-06
8.574588459121234e-06
8.574588428116831e-06
8.574588444596062e-06
8.574588462587626e-06
8.574588451284272e-06
8.574588456314865e-06
8.574621104635188e-06
8.574621104635188e-06
8.574621076732174e-06
8.574621114360983e-06
8.574621116315576e-06
8.574621102966631e-06
8.574621119961793e-06
8.574621088275102e-06
8.57462112037752e-06
8.574621089506141e-06
8.574621106032348e-06
8.574621123989747e-06
8.574621112680319e-06
8.5746211177208e-06
8.574580709748957e-06
8.574580709748957e-06
8.574580682638937e-06
8.574580718841419e-06
8.574580721710075e-06
8.574580709225077e-06
8.574580724184347e-06
8.574580693581832e-06
8.574580725208067e-06
8.57458069457181e-06
8.574580711167325e-06
8.574580729069e-06
8.5745807177492e-06
8.574580722809436e-06
8.574267683002257e-06
8.574267683002257e-06
8.574267657164837e-06
8.574267691082015e-06
8.574267695399247e-06
8.574267684308147e-06
8.57426769601096e-06
8.574267667153404e-06
8.57426769800402e-06
8.574267667765229e-06
8.57426768444537e-06
8.574267702262999e-06
8.57426769092567e-06
8.574267696025277e-06
8.573111690918274e-06
8.573111690918274e-06
8.573111667177986e-06
8.573111697339479e-06
8.573111703995492e-06
8.573111695220185e-06
8.573111701585877e-06
8.573111675616323e-06
8.573111705159385e-06
8.57311167562756e-06
8.573111692378383e-06
8.57311171007139e-06
8.573111698702644e-06
8.57311170388716e-06
8.569607506701143e-06
8.569607506701143e-06
8.569607486372359e-06
8.569607510450158e-06
8.569607520787712e-06
8.569607515827865e-06
8.5696075135854e-06
8.569607492346102e-06
8.569607519686808e-06
8.5696074914379e-06
8.56960750812805e-06
8.569607525653511e-06
8.569607514227372e-06
8.569607519601236e-06
8.559938220660827e-06
8.559938220660827e-06
8.559938205782954e-06
8.559938220205742e-06
8.559938236114721e-06
8.559938237372943e-06
8.559938221563434e-06
8.559938207963341e-06
8.559938231595037e-06
8.55993820573143e-06
8.559938221881185e-06
8.559938239227854e-06
8.559938227694059e-06
8.559938233499675e-06
8.535579701484422e-06
8.535579701484422e-06
8.535579694672004e-06
8.535579694970192e-06
8.53557971835717e-06
8.535579729115508e-06
8.535579693692512e-06
8.535579691595467e-06
8.535579709271228e-06
8.535579687762912e-06
8.535579702021126e-06
8.53557971932218e-06
8.535579707589851e-06
8.535579714352506e-06
8.482356275930066e-06
8.482356275930066e-06
8.482356278596702e-06
8.482356262677482e-06
8.482356293037023e-06
8.482356315671166e-06
8.482356258290176e-06
8.482356270186122e-06
8.48235627975219e-06
8.482356265321444e-06
8.482356274766675e-06
8.482356292533459e-06
8.482356280474623e-06
8.482356289116765e-06
8.395448832189924e-06
8.395448832189924e-06
8.395448839685101e-06
8.39544881638616e-06
8.39544884611653e-06
8.395448876436001e-06
8.395448810386306e-06
8.395448830500937e-06
8.39544883338094e-06
8.395448827065124e-06
8.395448828096396e-06
8.395448847295938e-06
8.395448834856366e-06
8.395448846193294e-06
8.316308512027573e-06
8.316308512027573e-06
8.316308513211397e-06
8.316308502334037e-06
8.316308519718348e-06
8.316308545144996e-06
8.316308498352154e-06
8.31630851115987e-06
8.316308514731584e-06
8.316308512012791e-06
8.316308505262714e-06
8.316308526355015e-06
8.31630851373774e-06
8.316308527024571e-06
8.29080204639653e-06
8.29080204639653e-06
8.290802037909838e-06
8.290802044622657e-06
8.290802049934799e-06
8.29080206518603e-06
8.290802043779403e-06
8.290802043605208e-06
8.29080205242001e-06
8.290802047829353e-06
8.290802038917956e-06
8.29080206095307e-06
8.290802048414578e-06
8.290802061844622e-06
8.291548427976791e-06
8.291548427976791e-06
8.291548415902635e-06
8.2915484289374e-06
8.291548430736442e-06
8.291548441835206e-06
8.291548429265067e-06
8.291548424023133e-06
8.291548435372873e-06
8.291548429046584e-06
8.291548420710028e-06
8.291548442818872e-06
8.291548430359109e-06
8.29154844344113e-06
8.292711252500045e-06
8.292711252500045e-06
8.292711240084251e-06
8.292711253688664e-06
8.29271125530683e-06
8.29271126595002e-06
8.292711254128891e-06
8.292711248364263e-06
8.292711260049326e-06
8.292711253391955e-06
8.29271124532933e-06
8.292711267401242e-06
8.292711254956874e-06
8.292711267941869e-06
     fun: 8.877572716227563e-06
     jac: array([-1.78994242e-08,  2.88275714e-09,  7.28662144e-08,  1.68270162e-08,
       -7.15203896e-10, -9.98926453e-08,  1.88401827e-08,  1.63351274e-07,
        2.64236633e-08, -4.13888301e-08, -3.10658379e-08, -4.08681444e-09])
 message: 'Optimization terminated successfully.'
    nfev: 1302
     nit: 93
    njev: 93
  status: 0
 success: True
       x: array([ 0.77313419, -0.59578301, -0.60064792, -0.65811848,  0.32948173,
        0.12371181,  0.0315925 ,  0.1130624 ,  0.85246537, -0.0043085 ,
       -0.56458616, -0.78301326])

========================================================

Final result:
0.7731341946336265
-0.5957830128718352
-0.6006479234554871
0.1410989138978986
0.1410989138978986
0.1410989138978986
-0.6581184765903527
0.3294817334810903
0.1237118118787831
0.03159250477922106
0.11306240289070364
0.8524653690459135
-0.004308503780764229
-0.004308503780764229
-0.5645861607953804
-0.7830132552453316
0.34703433336221323
-0.7830132552453316
