ARG_methyl_neutral.filelist
4.32823893476
4.32823893476
4.32823893967
4.32823884417
4.32823893379
4.32823924286
4.32823931215
4.32823930549
4.32823927918
4.32823954022
4.32823916833
4.32824022261
4.3282396611
4.32823918766
4.32824033663
4.32823985375
4.32824080837
4.32823998575
4.32823995102
4.3282401181
4.32824139483
4.32824387193
4.32823903375
273493.378608
57045.5477259
11897.3971518
2480.09249653
515.775247557
106.082581237
20.8215696149
4.19564547539
3.02253826896
3.02253826896
3.02253832096
3.02253823819
3.02253827647
3.02253801682
3.02253807367
3.02253812395
3.02253807161
3.02253823471
3.02253820669
3.02253829382
3.02253820935
3.02253828174
3.02253809525
3.02253826056
3.02253825798
3.0225382935
3.0225382572
3.02253832177
3.02253834876
3.02253832736
3.0225382078
3642.22080899
391.573958821
41.8284324116
5.01860981586
2.91121204293
2.91121204293
2.91121204638
2.9112119577
2.91121204125
2.91121198541
2.91121205601
2.91121204094
2.91121200598
2.91121212027
2.91121207019
2.91121227894
2.91121207969
2.91121214206
2.91121209297
2.91121207127
2.91121210643
2.91121204434
2.91121201639
2.91121200404
2.91121186771
2.91121153159
2.91121202803
2103.18402176
280.8911464
37.1518581372
5.20743013456
2.71912588566
2.71912588566
2.71912584625
2.71912579191
2.719125876
2.71912584974
2.71912589647
2.71912584913
2.71912585751
2.71912580821
2.71912588083
2.71912571481
2.71912578079
2.7191259335
2.71912571664
2.71912570026
2.71912543366
2.71912571814
2.71912568247
2.71912573239
2.71912553961
2.71912507715
2.71912586809
672.375407037
69.936110062
7.42763584036
2.65835614577
2.65835614577
2.65835620775
2.65835624535
2.65835615608
2.65835602655
2.65835599954
2.65835607446
2.65835616198
2.6583559957
2.65835609032
2.65835576349
2.65835602048
2.65835608713
2.65835595553
2.65835596743
2.65835576914
2.65835593343
2.65835588349
2.65835591398
2.65835560695
2.65835492292
2.65835613223
416.287995253
41.1193569604
4.54080044876
2.58061867552
2.58061867552
2.58061868932
2.58061871248
2.58061867686
2.58061859613
2.58061858817
2.58061859812
2.58061866695
2.58061850623
2.58061860195
2.58061829361
2.58061846788
2.5806185696
2.58061824898
2.58061844877
2.58061824436
2.58061839616
2.58061833155
2.58061837949
2.58061801488
2.58061721896
2.58061866833
157.581766528
22.3446354247
3.59527499765
2.36007661925
2.36007661925
2.3600766397
2.36007667096
2.36007662259
2.3600764873
2.36007649036
2.36007646475
2.36007651045
2.36007636574
2.36007647663
2.36007606312
2.36007632966
2.36007640769
2.36007606304
2.36007626307
2.36007585943
2.36007625801
2.36007629187
2.36007617756
2.3600756205
2.36007447695
2.36007659675
344.039320373
46.3568354772
6.25795201447
2.23376475273
2.23376475273
2.23376485492
2.23376495127
2.23376477285
2.23376457121
2.23376454667
2.2337645686
2.23376461279
2.23376443801
2.23376463487
2.23376409545
2.23376434551
2.23376463864
2.23376394551
2.23376423977
2.23376371317
2.23376415568
2.23376413558
2.23376409664
2.23376338261
2.23376195913
2.23376470604
371.343398967
36.8399096341
3.97989833729
2.20068635236
2.20068635236
2.20068639698
2.2006864632
2.20068636124
2.20068616147
2.2006861559
2.20068612903
2.20068614289
2.20068599438
2.20068621049
2.20068558051
2.20068593557
2.20068622091
2.20068555121
2.20068583066
2.20068531661
2.20068571935
2.20068568603
2.20068565558
2.20068490221
2.20068340834
2.20068628878
75.9053215565
7.4536507101
2.18969932856
2.14346824943
2.14346824943
2.14346827859
2.14346836197
2.14346825484
2.14346804316
2.14346800806
2.14346802436
2.14346806042
2.14346787182
2.14346811234
2.14346743441
2.14346780045
2.14346813022
2.1434673756
2.14346769385
2.14346714072
2.14346758926
2.14346757978
2.14346750967
2.14346670709
2.14346512998
2.14346818552
71.2737587486
7.29323216945
2.20561729088
2.13689103035
2.13689103035
2.13689105722
2.13689113983
2.13689103524
2.13689081965
2.13689078279
2.13689080309
2.13689084209
2.13689065632
2.13689088327
2.13689022729
2.13689058397
2.13689088478
2.13689016578
2.13689047048
2.13688991257
2.13689035936
2.13689034215
2.13689028468
2.13688948285
2.13688790771
2.13689097036
3.60877931168
1.90845179021
1.90845179021
1.9084518013
1.90845184601
1.90845179302
1.90845171594
1.90845167091
1.90845168521
1.90845169355
1.90845159587
1.90845172694
1.90845136591
1.90845156071
1.90845171434
1.90845134931
1.90845149783
1.90845120314
1.90845144092
1.90845143351
1.90845140005
1.90845098073
1.90845015674
1.90845177899
8.67546122991
1.95384425124
1.84875269804
1.84875269804
1.8487527111
1.84875272881
1.84875270119
1.84875266625
1.84875263164
1.84875263819
1.84875265085
1.8487525735
1.84875265388
1.8487524204
1.8487525516
1.84875264787
1.84875241922
1.84875250804
1.8487523168
1.84875246797
1.84875246852
1.84875243783
1.84875216481
1.84875163818
1.84875267812
3.9898107233
1.73973813692
1.73973813692
1.73973811684
1.73973810762
1.73973813241
1.73973825201
1.73973826142
1.73973824349
1.73973823786
1.7397382795
1.73973820198
1.73973842557
1.73973831065
1.73973818705
1.73973848066
1.73973834448
1.73973855339
1.73973837528
1.73973838615
1.73973839622
1.73973868986
1.73973928172
1.73973817514
2.65489961567
1.7355229174
1.7355229174
1.73552289254
1.73552289456
1.73552291212
1.73552302422
1.73552302439
1.73552301237
1.73552300419
1.73552304763
1.73552297366
1.73552318345
1.73552307555
1.73552296343
1.73552322949
1.73552310747
1.73552329752
1.73552313772
1.73552314413
1.73552315881
1.73552342853
1.73552396488
1.73552294356
1.95308438489
1.69613201859
1.69613201859
1.69613201771
1.69613201155
1.69613201768
1.69613199669
1.69613199929
1.69613200511
1.69613199805
1.69613201692
1.69613201277
1.6961320248
1.69613201513
1.69613201927
1.69613200602
1.69613202015
1.69613202041
1.69613202544
1.69613202446
1.69613202674
1.69613203488
1.69613204257
1.69613201093
1.68703549521
1.68703549521
1.68703549664
1.68703550036
1.68703549505
1.68703550203
1.6870355002
1.6870354986
1.68703550369
1.6870354907
1.68703549533
1.68703548051
1.68703549067
1.68703549372
1.68703548889
1.68703548614
1.68703547666
1.68703548206
1.68703548014
1.68703547944
1.68703546314
1.68703542846
1.68703549673
1.6818971966
1.6818971966
1.68189719883
1.68189720021
1.6818971967
1.6818971919
1.68189719123
1.68189719065
1.68189719177
1.68189718525
1.68189719274
1.68189717195
1.68189718326
1.68189719138
1.6818971707
1.68189717971
1.68189716262
1.68189717675
1.68189717706
1.68189717386
1.68189715083
1.68189710556
1.68189719566
1.67840974631
1.67840974631
1.67840974577
1.67840974303
1.67840974596
1.678409748
1.67840974903
1.67840974923
1.67840974755
1.67840975322
1.67840974862
1.67840976268
1.6784097546
1.67840974959
1.67840976195
1.67840975731
1.67840976904
1.67840975946
1.67840976023
1.67840976079
1.67840977687
1.6784098097
1.67840974771
1.67770012707
1.67770012707
1.6777001266
1.67770012684
1.67770012683
1.67770012834
1.67770012828
1.67770012814
1.67770012869
1.67770012737
1.67770012781
1.67770012746
1.67770012769
1.67770012736
1.67770012888
1.67770012726
1.67770012743
1.67770012724
1.67770012694
1.67770012736
1.67770012709
1.67770012657
1.67770012729
1.67725566613
1.67725566613
1.67725566656
1.6772556673
1.6772556661
1.67725566419
1.67725566397
1.67725566411
1.67725566411
1.67725566325
1.67725566476
1.67725566051
1.67725566279
1.67725566458
1.67725565937
1.67725566227
1.67725565846
1.67725566201
1.67725566198
1.6772556618
1.67725565693
1.67725564747
1.67725566529
1.67681582824
1.67681582824
1.67681582816
1.67681582833
1.67681582818
1.67681582864
1.67681582846
1.67681582843
1.67681582848
1.67681582795
1.6768158283
1.67681582745
1.6768158279
1.67681582849
1.6768158276
1.67681582734
1.67681582643
1.67681582686
1.6768158268
1.6768158266
1.67681582456
1.67681582062
1.67681582822
1.67672816609
1.67672816609
1.67672816631
1.67672816641
1.67672816612
1.67672816545
1.6767281654
1.6767281656
1.67672816552
1.67672816557
1.67672816566
1.67672816502
1.67672816561
1.67672816562
1.67672816482
1.67672816571
1.67672816535
1.67672816581
1.67672816584
1.676728166
1.67672816602
1.67672816615
1.67672816594
1.67664941727
1.67664941727
1.67664941722
1.67664941701
1.67664941728
1.67664941747
1.67664941768
1.67664941754
1.67664941733
1.67664941783
1.67664941748
1.67664941863
1.67664941782
1.67664941755
1.67664941821
1.67664941786
1.67664941847
1.67664941789
1.67664941804
1.67664941778
1.67664941821
1.67664941916
1.67664941736
1.67663412648
1.67663412648
1.67663412655
1.67663412656
1.67663412651
1.67663412615
1.6766341261
1.67663412628
1.6766341263
1.67663412628
1.67663412633
1.67663412604
1.67663412641
1.67663412627
1.67663412628
1.67663412657
1.67663412665
1.67663412678
1.67663412673
1.67663412702
1.67663412781
1.67663412933
1.67663412645
1.67663033064
1.67663033064
1.67663033062
1.67663033061
1.67663033065
1.67663033073
1.67663033076
1.67663033072
1.6766303307
1.67663033074
1.67663033068
1.67663033091
1.67663033073
1.67663033067
1.6766303308
1.67663033072
1.67663033085
1.6766303307
1.67663033072
1.67663033063
1.67663033058
1.67663033046
1.67663033066
1.67662793113
1.67662793113
1.67662793111
1.67662793112
1.67662793113
1.67662793122
1.67662793122
1.67662793118
1.67662793118
1.67662793113
1.67662793117
1.67662793114
1.67662793111
1.6766279312
1.67662793112
1.67662793102
1.6766279309
1.67662793097
1.67662793097
1.6766279309
1.67662793061
1.67662793002
1.67662793113
1.67662488917
1.67662488917
1.67662488916
1.6766248892
1.67662488917
1.67662488924
1.67662488921
1.6766248892
1.67662488922
1.67662488915
1.67662488918
1.67662488912
1.67662488912
1.67662488919
1.67662488909
1.67662488907
1.676624889
1.67662488899
1.67662488897
1.67662488892
1.6766248886
1.67662488796
1.67662488917
     fun: 1.6766248891709314
     jac: array([ -5.67659736e-04,   1.71299279e-03,  -1.39370561e-04,
         4.58994508e-03,   2.93561816e-03,   2.07813084e-03,
         3.39911878e-03,  -1.59901381e-03,   7.53611326e-04,
        -3.44377756e-03,  -3.46747041e-03,   1.27661228e-03,
        -5.73332608e-03,  -6.77318871e-03,  -1.13798678e-02,
        -1.22406632e-02,  -1.34283900e-02,  -1.68756098e-02,
        -3.82928401e-02,  -8.12304914e-02,   3.74019146e-05])
 message: 'Optimization terminated successfully.'
    nfev: 687
     nit: 28
    njev: 28
  status: 0
 success: True
       x: array([ 0.3703883 , -0.44198654, -0.11794856, -0.25919774,  0.2085034 ,
       -0.07628424,  0.13450561, -0.23814465,  0.69609013,  0.14459804,
       -0.4214253 , -0.51145204,  0.21171511, -0.25766223,  0.221657  ,
       -0.51662034,  0.41864567,  0.61201678, -0.73933173,  0.41840819,
       -0.55522943])

========================================================

Final result:
0.370388303999
-0.441986535441
-0.117948563117
0.0631822648531
0.0631822648531
0.0631822648531
-0.259197740003
0.208503401867
-0.0762842448833
0.13450560774
-0.238144652071
0.696090134007
0.144598039524
0.144598039524
-0.421425302751
-0.511452036409
0.211715109276
0.211715109276
-0.257662225272
0.221656995981
0.221656995981
-0.516620336811
0.418645669259
0.612016779741
-0.739331727638
-0.739331727638
0.418408186716
0.418408186716
0.418408186716
0.418408186716
-0.555229430005
0.415344794441
