CYS_charged_methyl.filelist
11.643924417
11.643924417
11.6439233136
11.6439240074
11.6439238356
11.6439238294
11.6439239912
11.6439235156
11.6439235281
11.643924206
11.6439234829
11.6439247704
11.6439248089
11.6439244888
37929.5977564
7107.11669787
1328.90221456
245.820775681
43.6469419333
10.5606557463
10.5606557463
10.5606580526
10.5606564387
10.5606561357
10.5606561977
10.5606559535
10.5606559451
10.5606561199
10.5606557959
10.5606559977
10.5606560169
10.5606559976
10.560655802
7563.9425861
1483.26707626
288.230588509
53.8753714379
10.9230158419
8.04614450494
8.04614450494
8.04614658791
8.04614517934
8.04614509675
8.04614516376
8.04614495231
8.04614508229
8.04614545883
8.04614469313
8.04614527588
8.04614457869
8.04614444246
8.04614452038
956.097162507
110.075352822
13.8881481553
7.6862665161
7.6862665161
7.68626874432
7.68626723238
7.68626712402
7.68626716652
7.68626690253
7.68626720252
7.68626725383
7.68626670636
7.68626744035
7.68626646152
7.68626627146
7.68626650468
325.1379367
51.7248371003
9.45725784615
6.71993711895
6.71993711895
6.71993948412
6.71993790864
6.71993790707
6.7199380675
6.7199375987
6.71993800731
6.71993799314
6.71993738646
6.71993812249
6.71993702662
6.71993693707
6.71993709967
501.752709598
71.0727016853
10.809181849
6.15985380457
6.15985380457
6.15985632322
6.15985463812
6.15985460783
6.15985466766
6.15985433943
6.15985477828
6.15985488247
6.15985402241
6.15985487043
6.15985359083
6.15985350168
6.15985376
89.6148072109
10.7120292658
5.92715642108
5.92715642108
5.92715887068
5.92715723451
5.92715722023
5.9271572432
5.92715695234
5.92715744919
5.92715748709
5.92715664619
5.92715755119
5.9271562279
5.92715616807
5.92715638235
26.0772344179
5.94753388955
5.20309708433
5.20309708433
5.20309897794
5.20309772165
5.20309774488
5.20309774199
5.20309755243
5.2030979659
5.20309799072
5.20309739038
5.20309802519
5.20309685696
5.2030968167
5.20309703818
72.7215074858
14.3467655349
3.5371979394
3.5371979394
3.53719615773
3.53719741009
3.53719765092
3.53719760404
3.5371977924
3.53719779393
3.53719767267
3.53719791489
3.53719772895
3.5371977456
3.53719777035
3.53719789954
3.36729122786
2.48481058772
2.48481058772
2.4848094263
2.4848102072
2.48481021624
2.48481018104
2.48481033455
2.48481014059
2.48481006616
2.48481047383
2.48481005173
2.48481063439
2.48481072634
2.48481059641
4.89681027972
2.23687855628
2.23687855628
2.23687849957
2.23687852306
2.23687844946
2.23687843818
2.23687847023
2.23687836512
2.23687837306
2.2368785007
2.23687833075
2.23687866648
2.23687867333
2.23687857884
3.1113173992
2.12325188164
2.12325188164
2.12325219375
2.12325198093
2.12325194597
2.12325195446
2.12325192667
2.12325191936
2.12325197327
2.12325189132
2.12325196151
2.1232519176
2.1232518875
2.1232518886
2.04756462332
2.04756462332
2.04756502424
2.04756475838
2.04756475376
2.04756476607
2.04756469007
2.04756479543
2.04756472838
2.04756465889
2.04756476411
2.04756457417
2.04756459955
2.04756461298
2.00765695574
2.00765695574
2.0076563044
2.00765675674
2.00765682314
2.0076567939
2.00765690534
2.00765684812
2.00765689073
2.00765694505
2.00765686061
2.00765692211
2.00765691146
2.00765694872
1.95951144536
1.95951144536
1.95951139231
1.95951142582
1.95951141368
1.95951142883
1.95951140809
1.95951139174
1.95951135462
1.95951142558
1.95951138962
1.95951146594
1.95951146839
1.95951144924
1.95817056976
1.94957277536
1.94957277536
1.94957288024
1.94957280656
1.9495727881
1.9495727902
1.94957278311
1.94957277607
1.94957279315
1.94957277267
1.94957277353
1.94957279191
1.94957279642
1.94957277864
1.94435594831
1.94435594831
1.94435596453
1.94435595528
1.94435595883
1.94435595594
1.94435595326
1.94435597514
1.94435595115
1.94435595929
1.9443559807
1.9443559313
1.94435592359
1.94435594477
1.94093833092
1.94093833092
1.94093826905
1.94093831562
1.94093833463
1.94093834064
1.94093834131
1.9409383395
1.94093836188
1.94093833338
1.94093833339
1.94093832604
1.94093832997
1.94093832992
1.93698863518
1.93698863518
1.93698860523
1.93698862382
1.93698861812
1.93698861035
1.93698862617
1.93698861617
1.93698862314
1.9369886247
1.9369886172
1.93698863626
1.93698863717
1.9369886354
1.93663045894
1.93591817058
1.93591817058
1.93591816332
1.93591816745
1.93591816465
1.93591816454
1.93591816735
1.93591815977
1.93591816374
1.93591817035
1.93591815863
1.93591817633
1.93591817899
1.93591817178
1.93562447125
1.93562447125
1.93562448926
1.93562447728
1.93562447729
1.93562447771
1.93562447451
1.93562447981
1.93562447738
1.9356244718
1.93562448096
1.93562446827
1.93562446583
1.93562447067
1.93543910068
1.93543910068
1.93543910023
1.9354391006
1.93543910094
1.93543910101
1.93543910078
1.93543910143
1.93543910063
1.93543910075
1.93543910153
1.93543910074
1.93543910089
1.93543910073
1.93544103468
1.93542769385
1.93542769385
1.93542769259
1.93542769345
1.93542769354
1.9354276936
1.93542769376
1.93542769342
1.93542769361
1.93542769393
1.93542769326
1.93542769369
1.93542769377
1.93542769384
1.93541258437
1.93541258437
1.93541258414
1.93541258426
1.93541258415
1.93541258416
1.93541258429
1.93541258393
1.9354125842
1.93541258435
1.93541258388
1.93541258449
1.93541258451
1.93541258442
1.93540073734
1.93540073734
1.93540073742
1.93540073737
1.93540073735
1.93540073734
1.93540073733
1.93540073735
1.93540073733
1.93540073733
1.93540073735
1.93540073733
1.93540073734
1.93540073735
1.93539911778
1.93539911778
1.93539911786
1.93539911781
1.93539911779
1.93539911778
1.93539911777
1.93539911779
1.93539911779
1.93539911777
1.9353991178
1.93539911779
1.93539911778
1.93539911779
1.9353965475
1.9353965475
1.93539654757
1.93539654752
1.93539654752
1.93539654752
1.93539654751
1.93539654752
1.93539654753
1.9353965475
1.93539654753
1.93539654751
1.9353965475
1.9353965475
     fun: 1.9353965474979213
     jac: array([  4.94012237e-03,   1.68107450e-03,   1.48539245e-03,
         1.44986808e-03,   7.28800893e-04,   1.77706778e-03,
         1.98824704e-03,   7.53998756e-05,   2.38749385e-03,
         5.81428409e-04,   1.34959817e-04,   1.45286322e-04])
 message: 'Optimization terminated successfully.'
    nfev: 409
     nit: 27
    njev: 27
  status: 0
 success: True
       x: array([ 0.65264739, -1.54064722, -0.15022603,  0.32067488, -0.83020126,
        0.81808371,  0.37772779,  0.02117946, -0.49548955, -0.5925522 ,
        0.34362805, -0.22480021])

========================================================

Final result:
0.652647394587
0.652647394587
-1.54064721658
0.652647394587
-0.150226032361
0.320674881562
-0.830201260399
0.818083705797
0.377727787901
0.377727787901
0.0211794606485
-0.495489550381
0.143228252153
-0.592552203861
0.343628049632
-0.224800212192
0.15790812214
0.15790812214
0.15790812214
