SER_neutral_methyl.filelist
8.12182004274
8.12182004274
8.12181915584
8.12181959667
8.12181961724
8.12181968287
8.12181990252
8.12181926053
8.12181999613
8.12181985086
8.12181907139
8.1218203968
8.12182054702
8.12182011548
26132.9474248
4729.67233041
854.137967903
152.508617617
26.2114952882
7.1906982343
7.1906982343
7.19069961079
7.19069891098
7.19069874331
7.19069886075
7.19069866072
7.19069847453
7.19069930368
7.19069831804
7.19069837352
7.19069850197
7.19069858834
7.19069828852
6737.22272706
1487.88253453
326.400832079
69.5304143581
13.3825932629
4.43389234493
4.43389234493
4.43389391576
4.43389315084
4.43389305047
4.43389307451
4.43389280897
4.43389316702
4.43389335298
4.43389250517
4.43389332875
4.43389214367
4.43389197211
4.43389230067
1300.18439059
148.000348492
16.8031646899
4.42679011711
4.23477950147
4.23477950147
4.23478131941
4.23478041271
4.23478022756
4.23478024064
4.23477991676
4.23478033381
4.23478030594
4.23477968797
4.23478049624
4.23477932564
4.23477915422
4.23477946265
420.234459704
41.3572641751
5.32239885132
4.12343939499
4.12343939499
4.12344115235
4.12344030848
4.12344018521
4.12344025973
4.12343983199
4.12344031541
4.12344020972
4.12343960896
4.12344046309
4.1234392343
4.12343909174
4.1234393601
136.708744786
16.2326534843
4.13021989359
3.91254988827
3.91254988827
3.91255172267
3.9125508145
3.91255067608
3.91255067952
3.91255033434
3.91255087128
3.91255072951
3.9125501125
3.91255105248
3.91254971579
3.91254957682
3.91254985232
77.0676827702
8.58158763901
3.78840694954
3.78840694954
3.78840873396
3.78840784934
3.78840773296
3.78840774264
3.78840738656
3.78840794444
3.78840773847
3.78840720202
3.7884080421
3.78840669463
3.78840661165
3.78840689592
13.7595796085
3.47268305075
3.47268305075
3.47268353284
3.47268325974
3.47268327029
3.47268326559
3.47268315584
3.47268339252
3.47268312003
3.47268323472
3.47268355451
3.47268289431
3.47268278609
3.47268301747
28.8418038202
5.30716539947
2.63277890499
2.63277890499
2.6327779364
2.63277838666
2.63277851526
2.63277846332
2.63277860737
2.63277862962
2.63277816462
2.63277887129
2.63277870012
2.6327788
2.63277875325
2.63277888402
7.4360259076
2.419795348
2.419795348
2.41979417596
2.41979479179
2.41979486766
2.41979480503
2.41979501771
2.41979488616
2.41979459141
2.41979527495
2.41979487961
2.4197953568
2.41979536371
2.41979535094
6.23119372527
2.01185018736
2.01185018736
2.01184978971
2.01184999147
2.01184997345
2.01184999478
2.01185008352
2.01184981708
2.01185004578
2.01185009667
2.01184969955
2.01185037934
2.01185051809
2.01185022763
3.30181245839
1.84499904508
1.84499904508
1.84499909059
1.84499907005
1.84499903359
1.84499905844
1.84499906791
1.84499892465
1.84499917669
1.84499899807
1.84499881776
1.84499919297
1.84499926584
1.8449990765
2.50291645074
1.69753341208
1.69753341208
1.69753358983
1.69753351165
1.69753349954
1.6975335031
1.69753347251
1.69753351791
1.69753357013
1.69753340861
1.69753352607
1.69753337818
1.69753335682
1.69753340462
1.71863849185
1.65515146793
1.65515146793
1.65515161407
1.65515153838
1.65515152845
1.65515153372
1.65515150375
1.65515153711
1.65515153806
1.65515148937
1.65515154684
1.6551514576
1.65515144818
1.65515146567
1.64456045112
1.64456045112
1.64456032177
1.64456038747
1.6445603997
1.64456039446
1.64456041773
1.64456040457
1.64456038364
1.64456043749
1.64456040422
1.64456044727
1.64456044686
1.64456045036
1.63713406411
1.63713406411
1.63713403185
1.6371340487
1.63713404767
1.6371340477
1.63713405239
1.63713404281
1.637134039
1.63713406035
1.63713403861
1.63713407132
1.63713407686
1.6371340656
1.63424527058
1.63424527058
1.6342452735
1.63424527137
1.63424527427
1.63424527486
1.63424527725
1.63424527334
1.63424529102
1.63424527077
1.63424527367
1.63424527055
1.63424527059
1.63424527052
1.63418325502
1.63391495267
1.63391495267
1.63391496152
1.63391495667
1.63391495612
1.63391495647
1.63391495474
1.63391495622
1.63391495683
1.63391495345
1.63391495643
1.63391495245
1.63391495192
1.63391495258
1.63387397298
1.63387397298
1.63387397201
1.63387397278
1.63387397294
1.63387397281
1.63387397297
1.63387397324
1.63387397293
1.6338739731
1.63387397329
1.6338739728
1.63387397286
1.63387397291
1.63386512575
1.63386512575
1.63386512466
1.63386512515
1.63386512505
1.633865125
1.63386512529
1.63386512475
1.6338651248
1.63386512554
1.63386512472
1.63386512591
1.6338651259
1.63386512575
1.63386066976
1.63386066976
1.63386066997
1.63386066981
1.63386066992
1.63386067
1.6338606698
1.63386066999
1.63386066982
1.63386066975
1.63386066993
1.6338606698
1.6338606699
1.63386066975
1.63385617912
1.63385617912
1.63385617999
1.6338561795
1.63385617944
1.63385617943
1.63385617932
1.6338561795
1.63385617952
1.63385617919
1.63385617952
1.63385617906
1.63385617899
1.6338561791
1.63385495752
1.63385495752
1.63385495732
1.63385495746
1.63385495754
1.63385495763
1.63385495752
1.63385495753
1.63385495752
1.63385495752
1.63385495753
1.63385495755
1.63385495757
1.63385495752
     fun: 1.633854957515514
     jac: array([-0.01325122, -0.00373007,  0.0016457 ,  0.00781654,  0.00061259,
        0.00112829,  0.00015947,  0.0003057 ,  0.00090449,  0.00233613,
        0.00341845,  0.00048304])
 message: 'Optimization terminated successfully.'
    nfev: 353
     nit: 23
    njev: 23
  status: 0
 success: True
       x: array([ 0.29089725, -0.77630598,  0.24006863, -0.00596072,  0.38451748,
        0.42766937, -0.07504818, -0.60998987, -0.46570481, -0.38590488,
        0.27686836, -0.30034394])

========================================================

Final result:
0.290897252368
-0.776305977266
0.290897252368
0.240068630316
-0.00596071699519
0.384517478092
0.427669371724
-0.075048178026
-0.075048178026
-0.609989872381
-0.465704809811
0.374007747636
-0.385904882423
0.276868355482
-0.300343942948
0.136460156629
0.136460156629
0.136460156629
