ALA_neutral_methyl.filelist
4.03311549309
4.03311549309
4.03311646048
4.03311600236
4.03311599487
4.03311612987
4.03311615613
4.03311563399
4.0331176022
4.03311586944
4.03311597618
4.03311557028
44125.1675589
9299.43714953
1958.71074627
411.406760833
85.2984810731
16.7642509188
3.52678443688
3.52678443688
3.52678334146
3.52678396853
3.52678402158
3.52678406945
3.52678387684
3.52678418464
3.52678265586
3.52678432709
3.52678413094
3.52678441449
952.775959084
94.9205627874
9.67779553021
3.45838675352
3.45838675352
3.45838610316
3.45838645472
3.45838633737
3.45838631384
3.45838611895
3.45838649012
3.45838469568
3.45838660866
3.45838638214
3.45838672308
1205.6020971
119.833249489
11.9740599284
3.43900475784
3.34994371785
3.34994371785
3.34994289049
3.3499433205
3.34994323531
3.34994315372
3.34994309239
3.34994343085
3.34994174194
3.34994348522
3.34994322056
3.34994366864
239.829218938
33.0628461682
5.04391709376
3.09001894466
3.09001894466
3.09001800679
3.09001852785
3.0900184884
3.09001845932
3.09001826024
3.09001875133
3.09001672968
3.09001860714
3.09001841044
3.09001887342
232.290782387
28.6692289868
4.23792874498
2.91463234601
2.91463234601
2.91463135781
2.91463187871
2.91463182366
2.91463172593
2.91463161558
2.91463214012
2.91463000911
2.91463203137
2.91463186063
2.91463228131
9.80701638383
2.77510133873
2.77510133873
2.77510059262
2.77510091594
2.77510092585
2.77510087294
2.77510077954
2.77510116937
2.77509954812
2.77510106319
2.77510095905
2.77510128115
5.0886683505
1.98910068578
1.98910068578
1.98910073517
1.98910066118
1.98910069914
1.98910067714
1.98910072569
1.98910074309
1.98910082772
1.98910065841
1.98910067175
1.98910068108
7.09402788491
1.88427534554
1.88427534554
1.8842759204
1.8842756176
1.8842756411
1.88427566216
1.88427578081
1.88427549702
1.88427675174
1.88427546647
1.88427562059
1.88427537008
1.61868456741
1.61868456741
1.61868442761
1.61868452824
1.61868450251
1.6186845181
1.61868445926
1.6186845101
1.61868421816
1.61868458727
1.61868452894
1.61868457184
1.52438614478
1.52438614478
1.5243860669
1.52438609648
1.5243860981
1.52438608716
1.52438608416
1.52438613381
1.52438595401
1.52438609666
1.52438608841
1.52438613471
1.507982176
1.507982176
1.50798224131
1.50798220804
1.50798221195
1.50798221768
1.50798222737
1.50798219282
1.50798234351
1.50798220207
1.50798221652
1.50798218158
1.5028898033
1.5028898033
1.50288980747
1.502889807
1.50288980436
1.50288980443
1.50288980369
1.50288980268
1.50288980566
1.50288980353
1.50288980186
1.50288980335
1.50175628355
1.50175628355
1.5017562679
1.50175627608
1.50175627752
1.50175627821
1.50175627456
1.50175628037
1.50175625538
1.50175628267
1.50175628129
1.50175628342
1.50130822325
1.50130822325
1.50130822711
1.50130822414
1.50130822312
1.50130822136
1.501308223
1.50130822361
1.50130822288
1.50130822082
1.50130822017
1.50130822272
1.50106649638
1.50106649638
1.50106649632
1.50106649649
1.50106649729
1.50106649738
1.50106649763
1.50106649715
1.50106650054
1.50106649597
1.50106649675
1.50106649627
1.50099638733
1.50099638733
1.50099639105
1.50099638875
1.50099638775
1.50099638744
1.50099638779
1.50099638695
1.50099638873
1.50099638861
1.50099638845
1.50099638758
1.50098870615
1.50098870615
1.50098870369
1.50098870526
1.50098870597
1.50098870629
1.50098870602
1.50098870634
1.50098870578
1.50098870577
1.50098870577
1.50098870606
1.5009839659
1.5009839659
1.50098396585
1.5009839659
1.50098396591
1.50098396593
1.50098396585
1.50098396595
1.50098396573
1.50098396583
1.50098396589
1.50098396587
1.5009826946
1.5009826946
1.50098269468
1.5009826946
1.50098269457
1.50098269451
1.50098269463
1.50098269454
1.50098269474
1.50098269461
1.50098269456
1.50098269459
1.50098141621
1.50098141621
1.5009814169
1.50098141651
1.50098141631
1.5009814163
1.50098141617
1.50098141622
1.50098141602
1.50098141635
1.50098141637
1.50098141624
     fun: 1.5009814162077877
     jac: array([ 0.04642966,  0.019976  ,  0.00666051,  0.00621644, -0.00223181,
        0.00076577, -0.01287545,  0.00983338,  0.0109728 ,  0.00203182])
 message: 'Optimization terminated successfully.'
    nfev: 274
     nit: 21
    njev: 21
  status: 0
 success: True
       x: array([ 0.29533146, -0.83138703,  0.41111506, -0.04501627, -0.051222  ,
        0.38100028,  0.00245952, -0.39517342,  0.28532553, -0.34920629])

========================================================

Final result:
0.295331456274
-0.831387031471
0.295331456274
0.411115060589
-0.045016267982
-0.0512219960775
0.381000276239
0.00245952415254
0.00245952415254
0.00245952415254
-0.462531526305
-0.395173422175
0.285325530564
-0.349206292048
0.15301806122
0.15301806122
0.15301806122
