LYD_methyl_charged.filelist
11.9605406829
11.9605406829
11.9605403505
11.9605402791
11.9605406191
11.9605417804
11.9605418507
11.9605415291
11.9605414939
11.9605413968
11.960541444
11.9605421085
11.9605412655
11.9605421554
11.9605418801
11.9605410939
11.9605414882
11.9605409421
11.9605412442
11.9605407551
90690.8510651
17350.3233745
3316.35470877
630.962992829
117.426842514
21.0834233717
9.43917803295
9.43917803295
9.43917765514
9.43917756577
9.43917796015
9.43917818542
9.43917824968
9.43917790958
9.43917788375
9.43917788826
9.43917767335
9.43917769549
9.43917792993
9.43917716406
9.43917786
9.43917793518
9.43917780317
9.43917798982
9.43917796708
9.43917801757
5017.77182767
1110.289319
242.815263646
50.519024431
9.59156656237
5.68001781026
5.68001781026
5.68001769951
5.68001779995
5.68001778915
5.6800173142
5.68001720998
5.68001723973
5.68001731567
5.68001718894
5.6800171216
5.68001647728
5.68001726609
5.68001635952
5.68001669637
5.68001739628
5.68001697794
5.68001754515
5.68001723759
5.68001773997
2571.52409434
326.230335802
40.887523536
6.82754183095
5.33943866978
5.33943866978
5.339438636
5.33943875074
5.33943866335
5.33943796899
5.33943784353
5.33943795739
5.33943804318
5.33943799895
5.33943779728
5.33943726607
5.33943812864
5.33943682221
5.33943755976
5.33943831084
5.33943797983
5.33943846507
5.33943825366
5.33943861725
704.440403842
92.4528125751
12.3403898017
5.03720396973
5.03720396973
5.03720393096
5.03720396548
5.03720396191
5.03720306592
5.03720299925
5.03720308786
5.03720307259
5.03720321334
5.03720302209
5.03720245679
5.03720334619
5.03720203869
5.037202719
5.03720349965
5.03720300917
5.03720368957
5.03720338939
5.03720389378
153.336503218
15.1889844955
4.96800457564
4.96800457564
4.96800461555
4.96800468813
4.96800458371
4.96800366225
4.96800358189
4.96800369124
4.96800371948
4.96800378653
4.96800359856
4.96800291983
4.96800399021
4.96800257012
4.96800349692
4.96800408612
4.96800354335
4.96800426006
4.9680038904
4.96800449229
307.478748311
35.7059033496
5.8529570433
4.72761618633
4.72761618633
4.72761626277
4.72761631016
4.72761620204
4.72761521176
4.72761516943
4.72761524158
4.72761523617
4.72761536283
4.72761516858
4.72761450222
4.72761554026
4.72761411394
4.72761492109
4.72761569723
4.72761521976
4.72761584748
4.72761541983
4.72761610047
433.008757611
42.8338660684
5.85140931942
4.66003748193
4.66003748193
4.66003756883
4.6600376144
4.6600374998
4.66003649537
4.66003645812
4.6600365251
4.6600365187
4.66003663325
4.66003646696
4.6600357265
4.66003682658
4.6600354264
4.66003621772
4.66003697458
4.66003643787
4.66003717152
4.66003682834
4.66003739689
112.544526901
11.226189649
4.56499465941
4.56499465941
4.56499480616
4.56499485478
4.5649946887
4.56499368295
4.56499364473
4.56499374696
4.56499377511
4.56499387271
4.56499365496
4.56499307948
4.56499401261
4.56499260326
4.56499338707
4.56499413904
4.56499356991
4.56499434111
4.56499399392
4.56499456755
168.399450863
20.6085367235
4.68224909268
4.308872763
4.308872763
4.3088729167
4.30887293022
4.30887279248
4.30887175872
4.30887172889
4.3088718658
4.30887191775
4.30887197998
4.30887180343
4.30887116847
4.30887213454
4.3088708226
4.30887153211
4.30887227099
4.30887175127
4.3088724532
4.3088721036
4.30887267533
8.55657660547
3.0502833815
3.0502833815
3.05028359252
3.0502836406
3.05028342265
3.05028345265
3.05028342255
3.05028359541
3.05028362001
3.05028359799
3.05028372693
3.05028386077
3.05028354481
3.05028417083
3.0502837032
3.05028351312
3.05028366998
3.05028345139
3.05028352788
3.05028339531
4.79031050011
2.72816153042
2.72816153042
2.72816160675
2.72816159359
2.7281615456
2.72816179809
2.72816181687
2.72816184659
2.72816184388
2.72816183996
2.7281619229
2.72816219439
2.72816177768
2.72816237142
2.72816202422
2.72816173158
2.72816195107
2.72816166036
2.72816179668
2.72816160036
11.680914435
2.74022851603
2.4648648654
2.4648648654
2.46486480286
2.4648647393
2.46486485387
2.46486521874
2.46486527476
2.4648651704
2.46486514343
2.46486516212
2.46486517704
2.46486549383
2.46486511129
2.46486549157
2.46486536349
2.46486506669
2.46486528499
2.46486500003
2.46486516834
2.46486490614
2.36181641388
2.36181641388
2.36181637251
2.36181644554
2.36181640665
2.36181618508
2.36181612072
2.36181616365
2.36181620146
2.36181612207
2.36181614389
2.36181577808
2.36181615712
2.36181583847
2.36181589719
2.36181621049
2.3618160005
2.36181627676
2.36181610911
2.36181637986
2.05710635777
2.05710635777
2.05710636357
2.05710635239
2.05710635988
2.05710619633
2.05710618758
2.05710618814
2.05710618394
2.05710622275
2.05710615721
2.05710608684
2.05710625914
2.05710593664
2.0571061792
2.05710627738
2.05710618492
2.05710630845
2.05710625801
2.05710633945
2.65145439059
2.01324697216
2.01324697216
2.01324697413
2.01324696043
2.01324697296
2.01324689115
2.01324690732
2.01324689005
2.01324688319
2.01324692243
2.01324687105
2.01324688098
2.01324694204
2.0132467598
2.01324692599
2.01324694774
2.01324691588
2.01324695917
2.01324695128
2.01324696364
2.02661586563
1.98356977175
1.98356977175
1.98356977368
1.9835697676
1.98356977262
1.98356983848
1.98356984449
1.98356983814
1.9835698377
1.98356983229
1.9835698498
1.98356989857
1.98356981739
1.98356993553
1.98356985962
1.98356981082
1.98356985279
1.98356979557
1.98356982367
1.98356977657
1.96550692265
1.96550692265
1.96550691899
1.96550692162
1.96550692236
1.96550693149
1.96550692889
1.96550693002
1.96550693066
1.96550692965
1.96550693075
1.96550693469
1.96550692986
1.96550693724
1.96550693883
1.96550692902
1.96550693257
1.9655069269
1.96550693028
1.96550692574
1.95619320013
1.95619320013
1.95619319997
1.95619320228
1.95619320044
1.95619317702
1.95619317548
1.95619317527
1.95619317782
1.95619317262
1.95619317371
1.95619314116
1.95619317344
1.95619314653
1.95619314362
1.9561931794
1.95619315641
1.95619318548
1.95619316648
1.95619319645
1.94901779554
1.94901779554
1.94901780154
1.94901780464
1.94901779685
1.94901778144
1.9490177776
1.94901778758
1.94901778856
1.94901779154
1.94901778786
1.94901778712
1.94901779511
1.94901777999
1.94901779653
1.94901779613
1.94901779685
1.94901779654
1.94901779984
1.94901779477
1.94769757799
1.94769757799
1.94769757451
1.94769757307
1.94769757749
1.947697587
1.94769758894
1.94769758374
1.94769758186
1.94769758237
1.94769758364
1.94769758648
1.94769758074
1.9476975898
1.94769758456
1.94769757822
1.94769757735
1.94769757717
1.94769757539
1.94769757851
1.94712496481
1.94712496481
1.94712496444
1.94712496366
1.94712496487
1.9471249616
1.94712496231
1.94712496132
1.94712496197
1.94712496164
1.94712495956
1.94712495845
1.94712496143
1.9471249532
1.94712495641
1.947124964
1.94712496445
1.94712496486
1.94712496573
1.94712496518
1.94654136755
1.94654136755
1.94654136855
1.94654136903
1.94654136784
1.94654136619
1.94654136564
1.94654136752
1.94654136817
1.94654136692
1.94654136878
1.94654136579
1.94654136664
1.94654137081
1.94654136565
1.94654136692
1.94654136637
1.94654136706
1.94654136688
1.94654136684
1.94620814623
1.94620814623
1.94620814763
1.94620814863
1.94620814656
1.9462081468
1.94620814614
1.94620814739
1.94620814762
1.94620814776
1.94620814726
1.94620814962
1.94620814755
1.94620814817
1.94620814856
1.94620814782
1.94620815016
1.94620814724
1.94620814826
1.94620814631
1.94616199678
1.94616199678
1.94616199586
1.94616199479
1.94616199661
1.94616199538
1.94616199589
1.94616199547
1.94616199511
1.94616199565
1.94616199591
1.9461619943
1.94616199607
1.94616199534
1.94616199607
1.9461619956
1.94616199364
1.94616199638
1.94616199602
1.94616199673
1.94610079619
1.94610079619
1.94610079582
1.94610079573
1.94610079613
1.94610079635
1.94610079641
1.94610079613
1.94610079616
1.94610079595
1.94610079603
1.94610079548
1.94610079603
1.94610079584
1.94610079611
1.94610079588
1.94610079551
1.94610079601
1.94610079559
1.94610079617
1.94606149977
1.94606149977
1.94606149986
1.94606149999
1.94606149981
1.94606150011
1.94606150018
1.94606149993
1.94606149969
1.94606150005
1.94606149993
1.94606150068
1.94606149966
1.94606150005
1.94606149914
1.94606149984
1.94606150014
1.94606149983
1.9460614998
1.94606149978
1.94604716694
1.94604716694
1.94604716726
1.9460471678
1.946047167
1.9460471678
1.94604716743
1.94604716774
1.94604716831
1.94604716738
1.94604716724
1.94604716734
1.94604716762
1.94604716728
1.94604716852
1.94604716756
1.94604716841
1.94604716716
1.94604716719
1.94604716703
1.94603898763
1.94603898763
1.94603898764
1.94603898766
1.94603898763
1.94603898765
1.94603898767
1.94603898762
1.94603898757
1.94603898767
1.94603898764
1.94603898779
1.94603898758
1.94603898765
1.9460389874
1.94603898767
1.94603898781
1.94603898761
1.94603898754
1.94603898762
     fun: 1.946038987631623
     jac: array([  4.67807055e-04,   1.90412998e-03,  -9.70363617e-05,
         1.51689351e-03,   2.33766437e-03,  -5.22911549e-04,
        -4.26863134e-03,   2.46506929e-03,   5.67406416e-04,
         1.05354041e-02,  -3.43085825e-03,   9.12204385e-04,
        -1.52432024e-02,   2.28939950e-03,   1.19002610e-02,
        -1.54033303e-03,  -6.07053936e-03,  -6.61298633e-04])
 message: 'Optimization terminated successfully.'
    nfev: 617
     nit: 29
    njev: 29
  status: 0
 success: True
       x: array([ 0.77203117, -0.55918655, -0.90033858, -0.86717403,  0.29528888,
        0.96552091, -0.3134985 ,  0.15911941,  0.67026959, -0.19430222,
        0.92624938, -0.78722435, -0.30673603, -0.21866078, -0.01218309,
        0.30647628, -0.04289932, -0.77626534])

========================================================

Final result:
0.772031167116
-0.559186551138
-0.900338578674
0.229164654232
0.229164654232
0.229164654232
-0.867174029706
0.295288877196
0.96552091499
-0.313498502493
0.15911941378
0.670269587919
-0.194302220329
-0.194302220329
0.926249384854
-0.787224347051
-0.306736032817
-0.306736032817
-0.218660779013
-0.012183089173
-0.012183089173
0.3064762843
-0.0428993175082
-0.0428993175082
-0.776265337345
0.269682099637
0.269682099637
-0.787224347051
