LYD_methyl_neutral.filelist
5.68992734742
5.68992734742
5.68992701834
5.68992685773
5.68992728325
5.68992821699
5.68992835611
5.68992800503
5.68992795713
5.68992808048
5.6899277524
5.68992884937
5.68992810532
5.68992773987
5.68992887366
5.68992811737
5.68992889008
5.68992812318
5.68992893572
5.6899280854
5.68992879233
5.68992754465
131087.428975
24794.8253764
4688.47117284
885.15414923
165.769744453
29.9857434295
6.05956516221
4.51506790381
4.51506790381
4.51506754602
4.51506739216
4.51506783405
4.51506836781
4.51506849952
4.51506813304
4.51506805189
4.51506806004
4.51506806026
4.51506825788
4.51506793338
4.51506808457
4.51506796938
4.51506780387
4.51506768739
4.51506769402
4.51506751675
4.51506756197
4.51506710906
4.51506797157
13036.4236196
2842.24765601
618.317863649
133.178870003
27.4785751405
5.2124656215
2.85878711495
2.85878711495
2.85878685334
2.85878675261
2.85878706293
2.85878695437
2.85878701033
2.85878683009
2.85878674911
2.85878671613
2.85878694079
2.85878629178
2.8587866434
2.85878696769
2.85878616112
2.85878660566
2.8587860449
2.85878664181
2.85878621013
2.85878663631
2.85878614245
2.85878702141
3287.81615746
586.858014106
104.125082695
17.9792670221
3.41515202454
2.37570539262
2.37570539262
2.37570536469
2.37570539259
2.37570538558
2.3757049184
2.37570487007
2.37570495595
2.37570495868
2.37570483906
2.37570513625
2.37570428254
2.37570473168
2.37570517931
2.37570403775
2.37570468863
2.37570399934
2.37570462782
2.37570387598
2.37570457048
2.37570366103
2.3757052555
473.334509378
46.9360537575
4.82829893484
2.32880375832
2.32880375832
2.32880376034
2.32880381891
2.32880375741
2.32880328483
2.32880322004
2.32880332139
2.32880335065
2.32880316916
2.32880349803
2.32880253934
2.32880307783
2.3288035333
2.32880242305
2.32880297339
2.32880214173
2.32880293452
2.328802103
2.32880292516
2.32880204551
2.32880362443
209.144449746
20.6597158816
2.83573766098
2.29019781293
2.29019781293
2.29019782439
2.29019785879
2.29019781404
2.29019729087
2.29019725324
2.29019732924
2.29019732135
2.29019721719
2.29019751616
2.29019662307
2.29019710887
2.29019753952
2.29019641289
2.2901970105
2.29019617608
2.2901969579
2.29019607536
2.29019696106
2.2901960683
2.29019766709
189.18442031
18.7356504474
2.73774747256
2.26277488066
2.26277488066
2.26277490791
2.26277494787
2.2627748852
2.26277435003
2.26277431682
2.26277438093
2.26277436946
2.26277426127
2.26277457066
2.26277362346
2.26277417287
2.26277458944
2.26277349618
2.26277406352
2.26277319229
2.26277402947
2.26277319144
2.2627739978
2.26277306125
2.26277473038
229.447158699
22.8135032261
3.02757450727
2.24711893994
2.24711893994
2.24711897948
2.2471190301
2.2471189472
2.24711842374
2.24711839001
2.24711844708
2.24711843649
2.24711831345
2.24711864078
2.24711766916
2.24711821177
2.24711866978
2.24711749185
2.24711812024
2.24711726819
2.24711807635
2.24711720433
2.24711806255
2.24711714096
2.24711878988
29.7149272774
3.52740985473
2.23304891411
2.23304891411
2.23304894883
2.23304898935
2.23304892035
2.23304839343
2.23304836543
2.23304841723
2.2330483983
2.23304828735
2.23304861982
2.23304762655
2.23304821019
2.23304866437
2.23304753269
2.23304811871
2.23304730161
2.23304805965
2.23304718003
2.23304805237
2.23304715077
2.23304875817
65.0341606715
6.61494781567
2.19733096307
2.19733096307
2.19733104303
2.19733105976
2.19733097792
2.19733046832
2.19733045412
2.19733053363
2.19733049287
2.19733045508
2.19733075636
2.19732996073
2.19733036598
2.1973308737
2.1973297759
2.19733028711
2.19732956265
2.19733027891
2.19732961994
2.19733025248
2.19732956635
2.19733081665
186.076269616
21.013365102
2.95362337754
2.09976769276
2.09976769276
2.09976778309
2.09976780481
2.09976770967
2.09976726309
2.09976723656
2.0997673304
2.09976732602
2.09976725834
2.09976749481
2.09976682201
2.09976719668
2.09976753952
2.09976670713
2.09976714467
2.099766571
2.09976713372
2.09976659517
2.09976710732
2.09976659448
2.09976759252
9.78893304882
2.15292181946
1.85120274572
1.85120274572
1.85120285462
1.85120290289
1.85120276733
1.85120255114
1.8512024908
1.85120261425
1.85120262182
1.85120261978
1.8512026773
1.85120249942
1.85120262647
1.85120270721
1.85120251457
1.85120264042
1.85120252967
1.85120266665
1.85120260327
1.85120267843
1.85120269054
1.85120269339
13.0016440634
2.13206166763
1.7748489461
1.7748489461
1.77484907261
1.77484909482
1.77484897082
1.77484883802
1.77484880058
1.77484891342
1.77484893297
1.77484894792
1.77484893887
1.77484895646
1.77484897937
1.77484895533
1.77484901973
1.77484901704
1.77484908902
1.77484905594
1.77484917319
1.77484909058
1.77484928088
1.77484893748
3.06557074593
1.67835289102
1.67835289102
1.67835295647
1.67835298887
1.67835290338
1.67835296888
1.67835296217
1.67835301239
1.67835303164
1.67835307235
1.67835297494
1.67835326682
1.67835311618
1.67835297121
1.67835334938
1.67835316109
1.67835344536
1.67835318733
1.67835348951
1.67835320954
1.6783535657
1.67835293695
5.49873873899
1.6777593135
1.65518856045
1.65518856045
1.65518861683
1.65518863194
1.65518857099
1.65518866045
1.6551886664
1.65518869554
1.6551887203
1.65518875292
1.65518864531
1.65518895875
1.65518879181
1.65518864529
1.65518903116
1.6551888317
1.65518911817
1.65518885028
1.65518914602
1.65518886507
1.65518920382
1.65518859631
2.76304964507
1.55739897717
1.55739897717
1.55739892231
1.55739890103
1.55739896672
1.5573991389
1.55739916131
1.55739908996
1.55739908317
1.55739909191
1.55739904437
1.55739922035
1.55739907609
1.55739902976
1.55739918167
1.55739905869
1.55739915157
1.55739902075
1.55739906315
1.55739899221
1.55739897142
1.55739901502
1.52693062544
1.52693062544
1.52693060264
1.5269305998
1.52693062067
1.5269305488
1.52693054231
1.52693054718
1.52693054457
1.52693053732
1.52693056618
1.52693042677
1.52693055534
1.52693055628
1.52693048227
1.52693058316
1.52693052965
1.52693062059
1.52693061552
1.52693065593
1.52693069573
1.52693059986
1.48918515918
1.48918515918
1.48918518277
1.48918519186
1.48918516369
1.48918511999
1.48918511271
1.48918513458
1.48918513997
1.48918513146
1.4891851484
1.48918510621
1.4891851228
1.48918515661
1.48918508705
1.48918511585
1.48918507065
1.48918510597
1.48918505125
1.48918509892
1.48918503714
1.48918515122
1.48090605071
1.48090605071
1.4809060454
1.48090604115
1.48090604973
1.48090607267
1.48090607683
1.48090606712
1.48090606474
1.48090607075
1.48090606166
1.48090609182
1.48090607161
1.48090606047
1.4809060941
1.48090607287
1.48090609288
1.4809060734
1.48090609738
1.48090607266
1.48090609803
1.48090605586
1.47508569307
1.47508569307
1.47508568367
1.47508568062
1.47508569127
1.47508571529
1.47508571792
1.47508570854
1.47508570776
1.47508571082
1.47508570071
1.47508572794
1.47508571274
1.47508569757
1.47508573293
1.47508571563
1.47508573869
1.47508571595
1.47508573897
1.47508571671
1.47508573855
1.47508569846
1.47306598268
1.47306598268
1.47306598318
1.4730659847
1.47306598284
1.47306596952
1.47306596797
1.47306597133
1.47306597169
1.47306596884
1.47306597585
1.47306595335
1.47306596813
1.47306597449
1.47306595312
1.47306596818
1.47306595386
1.47306596855
1.47306595398
1.47306596984
1.47306595521
1.4730659788
1.47205828036
1.47205828036
1.47205827972
1.47205827841
1.4720582803
1.47205828161
1.47205828266
1.47205828084
1.47205827982
1.4720582814
1.47205828082
1.47205828222
1.47205828166
1.47205828175
1.47205828329
1.4720582815
1.47205828174
1.472058283
1.4720582863
1.4720582836
1.47205828897
1.47205828047
1.4718606651
1.4718606651
1.47186066544
1.47186066587
1.47186066521
1.47186066619
1.47186066584
1.47186066639
1.47186066685
1.47186066675
1.47186066576
1.47186066832
1.47186066669
1.47186066553
1.47186066819
1.4718606669
1.47186066928
1.47186066637
1.47186066754
1.47186066608
1.4718606665
1.47186066556
1.47177009712
1.47177009712
1.47177009721
1.47177009744
1.47177009717
1.47177009681
1.47177009666
1.4717700969
1.47177009708
1.47177009685
1.471770097
1.47177009643
1.47177009662
1.47177009688
1.47177009615
1.4717700965
1.47177009607
1.4717700962
1.47177009517
1.47177009609
1.47177009461
1.47177009707
1.47164407223
1.47164407223
1.47164407232
1.47164407242
1.47164407226
1.47164407134
1.4716440712
1.47164407148
1.47164407154
1.47164407136
1.4716440718
1.47164407041
1.47164407129
1.4716440717
1.47164407028
1.47164407135
1.47164407057
1.47164407137
1.47164407044
1.47164407134
1.47164407036
1.47164407198
1.47163069894
1.47163069894
1.47163069891
1.47163069891
1.47163069894
1.47163069876
1.47163069879
1.47163069872
1.4716306987
1.47163069865
1.47163069884
1.47163069833
1.47163069861
1.47163069886
1.47163069835
1.47163069849
1.47163069795
1.47163069855
1.47163069808
1.47163069858
1.47163069822
1.47163069887
1.47162473971
1.47162473971
1.47162473967
1.47162473962
1.4716247397
1.47162473983
1.47162473987
1.47162473979
1.47162473977
1.47162473983
1.47162473977
1.47162473999
1.47162473984
1.47162473979
1.47162473996
1.47162473987
1.47162474006
1.4716247399
1.47162474009
1.47162473985
1.47162474004
1.47162473974
1.47162284834
1.47162284834
1.47162284834
1.47162284833
1.47162284834
1.47162284852
1.47162284853
1.47162284849
1.4716228485
1.47162284852
1.47162284843
1.47162284869
1.47162284855
1.47162284843
1.47162284878
1.47162284852
1.47162284867
1.47162284854
1.47162284873
1.47162284857
1.47162284883
1.47162284839
     fun: 1.4716228483434237
     jac: array([-0.00035219, -0.00063165, -0.00010431,  0.01209795,  0.01268452,
        0.00989896,  0.01053633,  0.01158352,  0.00564374,  0.02324447,
        0.01355353,  0.00594985,  0.02904147,  0.01197663,  0.0219859 ,
        0.01349461,  0.02624872,  0.01521021,  0.03284195,  0.00327137])
 message: 'Optimization terminated successfully.'
    nfev: 661
     nit: 28
    njev: 28
  status: 0
 success: True
       x: array([ 0.49952501, -0.47022532, -0.45744381, -0.46447971,  0.22985268,
        0.40460902, -0.03418537, -0.11709965,  0.49196274, -0.00487781,
        0.57659491, -0.49402727, -0.14222284, -0.41143022,  0.09485417,
        0.21472287,  0.01134416, -0.73742064,  0.27913928, -0.56055441])

========================================================

Final result:
0.499525011275
-0.47022531788
-0.45744380587
0.142714704158
0.142714704158
0.142714704158
-0.464479709953
0.229852677874
0.404609017502
-0.0341853701338
-0.117099650072
0.491962739159
-0.00487780827942
-0.00487780827942
0.576594907525
-0.494027271455
-0.142222836867
-0.142222836867
-0.411430223759
0.0948541704472
0.0948541704472
0.214722866543
0.0113441557673
0.0113441557673
-0.737420635204
0.279139280577
0.279139280577
-0.560554413161
0.424981141844
