HIE_neutral_methyl.filelist
7.38083490798
7.38083490798
7.38083282775
7.38083387603
7.38083389683
7.3808339883
7.38083406769
7.38083361931
7.38083315352
7.38083432706
7.38083345733
7.38083441709
7.38083451459
7.38083464141
7.38083472244
7.38083452066
7.38083475585
7.38083514994
7.38083527226
7.38083495723
93478.0607306
20352.9828343
4429.23134414
961.677615422
206.62986545
42.4482407467
8.08992567505
4.69553783653
4.69553783653
4.69553807347
4.69553794908
4.69553785048
4.69553794985
4.69553793084
4.69553752095
4.69553807272
4.69553794236
4.69553734188
4.69553798737
4.69553790504
4.6955379554
4.69553788961
4.69553789119
4.69553797619
4.69553817222
4.69553831507
4.6955379055
5216.54811998
1141.98992561
248.587731998
52.7685213174
10.2296957434
3.02536555033
3.02536555033
3.02536698777
3.0253663176
3.02536629557
3.0253663569
3.02536620261
3.02536629562
3.02536694679
3.0253659969
3.02536633677
3.02536592145
3.02536587387
3.02536575208
3.02536569356
3.02536590937
3.02536567746
3.02536549483
3.02536542587
3.02536553704
643.481398675
63.8825185838
6.55699984277
2.97758589427
2.97758589427
2.97758762595
2.97758678492
2.97758667475
2.97758670577
2.97758651919
2.97758668302
2.97758718394
2.97758632411
2.97758673663
2.97758628991
2.97758618084
2.9775861306
2.97758603644
2.97758618059
2.97758608793
2.97758583243
2.97758575377
2.97758587962
434.082697953
42.8560519102
4.78863445263
2.89223737588
2.89223737588
2.89223913723
2.89223826791
2.89223817827
2.89223814684
2.89223809135
2.89223822568
2.89223890545
2.89223788411
2.89223832434
2.89223788642
2.89223769173
2.89223770182
2.89223755154
2.89223765407
2.89223767741
2.89223729218
2.89223718699
2.89223735717
524.762637292
51.9490277106
5.37908777693
2.82026813307
2.82026813307
2.82027007894
2.82026910226
2.82026898184
2.82026891668
2.82026888787
2.82026904595
2.82026976301
2.82026864626
2.82026916342
2.82026857352
2.82026848593
2.82026837206
2.82026829408
2.82026850167
2.82026828634
2.82026808219
2.82026798242
2.82026812211
274.497196645
27.0936553676
3.53348307778
2.76613524122
2.76613524122
2.76613721116
2.76613624036
2.76613614808
2.76613611621
2.76613601861
2.76613623241
2.7661368856
2.766135783
2.76613634539
2.76613572942
2.76613560781
2.76613551948
2.76613541814
2.7661356106
2.76613544086
2.76613520546
2.76613512496
2.76613523411
55.5281572385
5.85821252864
2.69101292336
2.69101292336
2.69101495403
2.69101394356
2.6910138495
2.69101379561
2.6910137209
2.69101396262
2.69101459727
2.69101349593
2.691014019
2.69101343825
2.69101332437
2.69101321329
2.69101311648
2.69101333579
2.69101311238
2.69101282095
2.6910127798
2.69101290228
58.9626199435
6.10112811159
2.66351311852
2.66351311852
2.66351510657
2.66351411862
2.66351403844
2.66351398981
2.66351390842
2.66351415813
2.66351479356
2.6635136646
2.66351419578
2.66351361446
2.663513472
2.66351338736
2.66351329005
2.66351345023
2.6635132851
2.66351301102
2.66351298643
2.6635130966
19.6156550568
3.51680961302
2.28141584332
2.28141584332
2.28141734349
2.2814165627
2.28141653724
2.28141650095
2.28141643301
2.28141667069
2.28141708595
2.28141625148
2.28141674875
2.2814161944
2.28141611741
2.28141603938
2.28141597919
2.28141609575
2.28141595498
2.2814157184
2.28141566984
2.28141581761
8.07114884726
2.0801718424
2.0801718424
2.08017105273
2.08017145593
2.08017151268
2.08017146633
2.08017152098
2.08017163484
2.08017116836
2.08017158373
2.08017163
2.08017157126
2.0801716756
2.08017169676
2.08017175522
2.08017168559
2.08017175885
2.08017173963
2.08017172409
2.08017182245
30.9020482876
3.40907280119
2.02166189319
2.02166189319
2.02166081279
2.02166136658
2.02166143001
2.02166139158
2.02166145739
2.02166153271
2.02166096587
2.02166156736
2.02166154189
2.02166158024
2.02166167385
2.02166170744
2.02166178105
2.02166167152
2.02166175028
2.02166180582
2.02166177253
2.02166187615
4.21365378213
1.90108310545
1.90108310545
1.901081903
1.90108250084
1.90108256344
1.90108255079
1.90108261706
1.90108259998
1.90108207382
1.90108274292
1.90108259633
1.90108278831
1.9010828567
1.9010829119
1.90108297406
1.90108287482
1.90108297586
1.90108306759
1.90108308432
1.90108309801
4.31279203531
1.76764493484
1.76764493484
1.76764429484
1.76764461673
1.76764461799
1.76764463475
1.76764467442
1.76764454791
1.76764438759
1.76764476194
1.76764451755
1.76764478682
1.76764481925
1.767644862
1.76764488542
1.76764480527
1.76764489511
1.76764500029
1.76764505879
1.7676449482
3.30921379431
1.67601804979
1.67601804979
1.67601813976
1.67601808411
1.67601805423
1.67601808461
1.67601808238
1.67601795461
1.67601812686
1.67601809262
1.67601790493
1.67601811034
1.67601807841
1.6760180949
1.67601807063
1.67601806781
1.67601809739
1.67601816387
1.67601820864
1.67601807348
1.68247693702
1.60829182057
1.60829182057
1.60829207384
1.60829195008
1.60829193949
1.60829195051
1.60829192666
1.60829193265
1.60829204608
1.60829189782
1.6082919414
1.60829188996
1.60829187584
1.60829185791
1.60829184542
1.60829187692
1.60829184248
1.60829182132
1.60829181192
1.60829182047
1.58390677193
1.58390677193
1.58390672591
1.58390674672
1.58390674843
1.58390673948
1.58390674864
1.58390676492
1.58390672388
1.58390675335
1.58390676542
1.58390675532
1.58390675842
1.58390676313
1.58390676535
1.5839067558
1.58390676629
1.58390676157
1.58390676079
1.58390677009
1.57373336435
1.57373336435
1.57373330102
1.5737333339
1.57373333885
1.57373333931
1.57373334026
1.57373334378
1.57373331379
1.57373334606
1.57373334455
1.57373334563
1.57373335295
1.57373335335
1.57373335752
1.57373335416
1.57373335599
1.57373335879
1.57373335742
1.57373336328
1.57048219969
1.57048219969
1.57048223501
1.57048221665
1.57048221276
1.57048221185
1.57048221189
1.57048221011
1.57048222589
1.57048220918
1.57048221053
1.57048221013
1.57048220534
1.57048220615
1.570482203
1.57048220428
1.57048220435
1.57048220238
1.57048220321
1.5704822003
1.56988609989
1.56988609989
1.56988610196
1.56988610107
1.56988610182
1.56988610244
1.56988610152
1.56988610143
1.56988610347
1.56988610125
1.56988610125
1.56988610052
1.56988610101
1.56988610022
1.5698861002
1.56988610124
1.56988609981
1.56988610002
1.56988610006
1.56988609997
1.56968488585
1.56968488585
1.56968487701
1.56968488165
1.56968488244
1.56968488279
1.56968488251
1.56968488229
1.56968487894
1.56968488338
1.56968488219
1.56968488328
1.56968488437
1.5696848844
1.56968488498
1.5696848847
1.56968488485
1.56968488559
1.56968488535
1.56968488583
1.56954012887
1.56954012887
1.5695401272
1.56954012792
1.56954012785
1.56954012727
1.5695401279
1.56954012834
1.56954012699
1.5695401282
1.56954012845
1.56954012845
1.5695401283
1.56954012856
1.56954012863
1.56954012813
1.56954012876
1.56954012859
1.56954012868
1.56954012884
1.56948727701
1.56948727701
1.56948727679
1.56948727687
1.5694872769
1.56948727691
1.5694872768
1.56948727695
1.56948727664
1.56948727686
1.56948727693
1.56948727689
1.56948727692
1.56948727691
1.56948727702
1.56948727689
1.56948727695
1.56948727694
1.56948727696
1.569487277
1.56945515082
1.56945515082
1.56945515168
1.56945515124
1.56945515102
1.56945515095
1.56945515101
1.56945515093
1.56945515129
1.56945515099
1.56945515099
1.56945515104
1.56945515087
1.56945515098
1.5694551509
1.56945515086
1.56945515106
1.5694551509
1.56945515081
1.56945515083
1.56944374425
1.56944374425
1.56944374454
1.56944374444
1.56944374453
1.56944374469
1.5694437445
1.56944374449
1.5694437448
1.56944374446
1.56944374443
1.56944374436
1.56944374441
1.56944374427
1.56944374432
1.56944374449
1.56944374416
1.56944374429
1.56944374436
1.56944374425
1.5694360539
1.5694360539
1.56943605401
1.56943605393
1.56943605391
1.56943605393
1.5694360539
1.56943605389
1.56943605391
1.56943605393
1.56943605392
1.56943605391
1.56943605388
1.56943605394
1.5694360539
1.56943605388
1.56943605396
1.5694360539
1.56943605386
1.56943605389
1.56943222784
1.56943222784
1.56943222749
1.56943222771
1.5694322278
1.56943222784
1.56943222782
1.56943222782
1.56943222783
1.56943222783
1.56943222777
1.56943222776
1.56943222786
1.56943222776
1.56943222781
1.56943222792
1.56943222771
1.56943222784
1.56943222789
1.56943222783
1.56943161779
     fun: 1.5694316177919958
     jac: array([-0.0230069 , -0.00863944, -0.00253692,  0.00010081, -0.00075763,
       -0.00099188, -0.00014059, -0.0006354 , -0.00449722, -0.00480771,
        0.00152379, -0.00478426, -0.0014194 ,  0.00540154, -0.00826605,
        0.00036681,  0.0034475 , -0.00025187])
 message: 'Optimization terminated successfully.'
    nfev: 578
     nit: 27
    njev: 27
  status: 0
 success: True
       x: array([ 0.30178779, -0.84280002,  0.36318108, -0.03913709,  0.09430431,
        0.39306482, -0.03842682,  0.35753531, -0.46879188, -0.46210016,
       -0.45256566, -0.04660671, -0.10156992,  0.21013069,  0.17692651,
       -0.34682885,  0.2591042 , -0.37578917])

========================================================

Final result:
0.301787793075
-0.842800021281
0.301787793075
0.36318107699
-0.039137090975
0.0943043114742
0.393064824483
-0.03842681581
-0.03842681581
0.357535309461
-0.468791876072
-0.462100164498
-0.452565660133
-0.0466067139265
-0.101569919587
0.210130690818
0.176926507395
0.291706771323
-0.346828854146
0.259104200663
-0.375789172277
0.154504608587
0.154504608587
0.154504608587
