HIS_methyl_methyl.filelist
15.9428531982
15.9428531982
15.9428531973
15.942853155
15.9428531973
15.9428520881
15.9428521087
15.9428521077
15.9428521234
15.9428523207
15.9428518928
15.9428513895
15.9428525981
15.9428518073
15.9428527134
15.9428527814
15.9428526284
15.9428529517
15.9428530106
15.9428527685
15.9428530703
15.942853404
15.942853467
15.9428532397
73347.8276932
16913.368194
3894.83225359
891.698660635
199.095261872
40.1856569136
8.98642202488
8.98642202488
8.98642197252
8.98642188732
8.98642201422
8.98642245739
8.98642254775
8.9864224225
8.98642239479
8.98642259776
8.98642224192
8.98642335875
8.98642250595
8.98642221851
8.9864225617
8.98642232592
8.98642270243
8.98642239529
8.98642222287
8.98642225586
8.98642239196
8.98642226061
8.98642230421
8.98642207398
4418.85618416
898.528781811
180.361798571
34.3776972468
7.74610342418
7.74610342418
7.7461034218
7.74610340373
7.74610342373
7.74610447117
7.74610451915
7.74610445023
7.74610442586
7.74610432823
7.74610458448
7.7461053491
7.74610404866
7.7461047335
7.74610387629
7.74610389878
7.74610392179
7.7461036321
7.74610362118
7.74610396058
7.74610346948
7.74610331748
7.74610321699
7.74610340277
659.419277834
65.2234705877
9.30479586532
7.63798280223
7.63798280223
7.63798280911
7.63798280586
7.63798280362
7.63798387746
7.6379839129
7.63798385951
7.63798384523
7.63798370927
7.63798401224
7.6379847048
7.6379834394
7.63798416637
7.63798331443
7.63798326051
7.63798339001
7.63798307165
7.63798301245
7.6379832839
7.63798294363
7.63798267075
7.63798256445
7.63798277561
101.774705915
11.4241890681
7.45989445017
7.45989445017
7.45989444006
7.45989446464
7.45989444849
7.45989559511
7.45989560943
7.45989555233
7.45989557596
7.45989535476
7.45989567018
7.45989632166
7.45989507508
7.45989576681
7.45989494441
7.45989489455
7.45989501904
7.45989469869
7.45989464925
7.45989491511
7.45989456167
7.45989435973
7.45989430467
7.45989443231
288.480593829
33.0100264002
7.62138743227
7.11448197921
7.11448197921
7.11448201622
7.11448205451
7.11448198649
7.11448306011
7.11448305185
7.11448306667
7.11448307952
7.11448290609
7.11448321805
7.11448393727
7.11448260816
7.11448329343
7.11448247781
7.11448241089
7.11448256185
7.11448222092
7.1144821708
7.11448241604
7.11448207693
7.11448182579
7.11448177385
7.11448194798
406.132612484
39.9323941324
7.45389817265
6.96912811848
6.96912811848
6.96912807353
6.96912806486
6.96912810975
6.96912923004
6.96912925384
6.96912919137
6.96912916536
6.96912902752
6.96912935085
6.9691300368
6.96912873197
6.96912942289
6.96912861056
6.96912853327
6.96912869735
6.96912835953
6.96912830457
6.96912853124
6.96912822387
6.96912794241
6.96912788847
6.96912808243
178.315186806
25.9561591164
6.77414228456
6.30380268412
6.30380268412
6.30380265516
6.30380268437
6.30380267798
6.30380370398
6.30380368583
6.30380369541
6.3038036913
6.30380351745
6.30380387345
6.3038043991
6.30380327302
6.30380388888
6.30380314852
6.30380312124
6.30380321863
6.303802917
6.30380287712
6.30380316425
6.30380278424
6.30380249034
6.30380248537
6.30380264459
113.456172219
19.1504578194
5.57350223082
5.57350223082
5.57350222832
5.57350226523
5.57350223011
5.57350275746
5.57350275315
5.57350275442
5.57350268255
5.57350263513
5.57350295788
5.5735030699
5.57350248344
5.57350299031
5.57350241899
5.57350239577
5.57350245545
5.57350231238
5.57350229671
5.57350240074
5.57350225879
5.5735021396
5.57350216444
5.57350221496
73.3597024633
13.2960120879
4.40463125255
4.40463125255
4.40463127602
4.40463137741
4.40463125883
4.40463108705
4.40463103756
4.40463104011
4.40463097704
4.4046309791
4.40463112619
4.4046306363
4.40463102227
4.40463107559
4.40463103109
4.40463108818
4.4046309903
4.40463111891
4.40463116129
4.4046311026
4.40463116568
4.40463115463
4.40463117751
4.40463123269
89.3950631112
13.6418348761
4.09587745628
4.09587745628
4.09587743756
4.09587753059
4.09587745225
4.09587676084
4.09587665404
4.09587678069
4.09587679446
4.09587676198
4.0958768037
4.09587593509
4.09587692721
4.09587676331
4.09587699386
4.09587707522
4.09587692731
4.0958771803
4.09587726057
4.09587708045
4.09587726576
4.09587742706
4.09587744324
4.0958774501
23.9832144167
4.60217108646
3.72260114085
3.72260114085
3.72260116024
3.72260119996
3.72260114381
3.72260023786
3.72260017042
3.72260028125
3.72260030444
3.72260028839
3.72260028819
3.72259928328
3.72260050391
3.72260020724
3.72260058775
3.72260068552
3.72260049222
3.72260082749
3.72260091572
3.72260068264
3.72260094046
3.72260111402
3.72260116621
3.72260113501
16.8500331208
3.80955375298
3.40911811324
3.40911811324
3.40911814264
3.40911816529
3.40911811835
3.40911725746
3.40911721845
3.40911728973
3.40911730272
3.40911731654
3.40911727832
3.40911637182
3.40911753904
3.40911720584
3.40911763786
3.40911769841
3.4091175874
3.40911781997
3.40911790799
3.40911768543
3.40911787814
3.40911810687
3.40911815534
3.40911811153
56.6348838413
10.7555368331
2.70070917506
2.70070917506
2.70070915712
2.70070912823
2.7007091712
2.70070896594
2.70070897625
2.70070895966
2.70070896875
2.70070907116
2.7007088347
2.70070897649
2.70070915898
2.70070879456
2.70070920381
2.70070915631
2.70070917155
2.70070924031
2.70070920674
2.70070908587
2.70070924967
2.70070928079
2.70070930163
2.70070919599
19.9002324744
3.44342788645
2.43708118892
2.43708118892
2.43708117541
2.43708111244
2.43708118567
2.43708118966
2.43708123682
2.43708118016
2.43708119104
2.4370813002
2.43708103644
2.43708147429
2.4370813214
2.43708101279
2.43708135908
2.43708127676
2.43708138504
2.43708133122
2.43708126477
2.4370812375
2.43708134058
2.43708131308
2.43708132488
2.43708121352
2.64240800813
1.95844440145
1.95844440145
1.95844441174
1.95844438593
1.95844440272
1.958444654
1.95844468521
1.95844465437
1.95844466112
1.95844463223
1.95844466801
1.95844489083
1.95844456521
1.95844471078
1.95844451609
1.95844453018
1.95844451817
1.95844445522
1.95844445688
1.95844454577
1.9584444063
1.95844438088
1.95844435057
1.95844439682
2.37688513688
1.83649872942
1.83649872942
1.83649872979
1.83649872417
1.8364987289
1.83649885822
1.83649886383
1.83649885665
1.8364988501
1.83649884622
1.83649887106
1.83649897888
1.83649880961
1.83649887358
1.83649880342
1.83649878189
1.83649882537
1.83649877015
1.83649875461
1.8364987841
1.83649876249
1.83649872542
1.83649872697
1.83649872871
1.89735880886
1.82200190311
1.82200190311
1.82200190212
1.82200190488
1.82200190222
1.82200192358
1.82200192647
1.82200192377
1.82200192142
1.82200192106
1.82200192803
1.82200193986
1.82200191186
1.82200193181
1.82200191004
1.82200190944
1.82200191553
1.82200190488
1.82200190424
1.82200191542
1.8220019057
1.82200189921
1.82200190024
1.82200190213
1.86046658074
1.81454050811
1.81454050811
1.81454050973
1.81454051218
1.81454050792
1.81454048019
1.81454047733
1.81454048044
1.81454048066
1.81454047846
1.81454048133
1.81454044066
1.814540483
1.81454048396
1.81454048126
1.81454049307
1.81454047578
1.81454048984
1.81454049817
1.81454049935
1.81454049202
1.81454050438
1.81454049892
1.81454050712
1.80731954769
1.80731954769
1.80731954743
1.80731954718
1.80731954714
1.80731952312
1.80731951912
1.8073195261
1.80731952955
1.80731953013
1.80731952077
1.80731950574
1.8073195388
1.80731951157
1.80731954784
1.8073195359
1.8073195467
1.80731955252
1.80731954766
1.80731952224
1.80731955493
1.80731955101
1.80731956082
1.80731954824
1.79729363104
1.79729363104
1.79729362731
1.79729362427
1.79729362995
1.79729361971
1.79729362579
1.79729362066
1.79729361569
1.79729363213
1.79729361748
1.79729363567
1.7972936368
1.79729361396
1.79729363709
1.7972936367
1.79729363379
1.79729363735
1.79729363623
1.79729363334
1.7972936353
1.79729364146
1.79729364235
1.79729363325
1.80794645906
1.7873086657
1.7873086657
1.78730866433
1.78730866179
1.78730866539
1.78730867193
1.78730867599
1.7873086676
1.78730866175
1.78730867471
1.78730866445
1.78730868833
1.78730867343
1.78730867106
1.78730866773
1.78730867657
1.78730866442
1.78730866629
1.78730866939
1.78730868273
1.78730866339
1.78730867108
1.78730866571
1.78730866679
1.79158854107
1.78407354122
1.78407354122
1.78407354164
1.78407354351
1.78407354128
1.78407355004
1.7840735498
1.78407354802
1.78407354948
1.78407354722
1.7840735457
1.78407355377
1.78407354432
1.78407354678
1.78407354404
1.78407354368
1.78407354545
1.78407354261
1.78407354188
1.78407354491
1.78407354332
1.78407354126
1.78407353766
1.78407354116
1.78296527156
1.78296527156
1.78296527143
1.78296526769
1.78296527145
1.78296525631
1.78296525705
1.78296525983
1.78296525994
1.78296526029
1.78296526454
1.78296524718
1.78296526221
1.78296526545
1.78296526022
1.78296526732
1.7829652573
1.78296526289
1.78296526753
1.78296527091
1.78296526186
1.78296526856
1.7829652695
1.78296527101
1.78174066328
1.78174066328
1.78174066442
1.78174066619
1.78174066358
1.78174066587
1.78174066522
1.78174066457
1.78174066517
1.78174066286
1.78174066513
1.78174066053
1.78174066315
1.78174066451
1.78174066547
1.78174066158
1.78174066625
1.78174066561
1.78174066352
1.78174065835
1.78174066657
1.78174066443
1.78174066591
1.78174066359
1.78130618403
1.78130618403
1.78130618259
1.78130618298
1.7813061838
1.78130619032
1.78130618956
1.78130618957
1.78130618852
1.78130619234
1.78130618882
1.78130620386
1.78130618999
1.78130618699
1.78130618868
1.78130618862
1.78130618905
1.78130618625
1.78130618601
1.78130618867
1.78130618444
1.78130618161
1.78130618133
1.7813061835
1.78047793438
1.78047793438
1.780477933
1.78047793289
1.78047793412
1.78047793637
1.78047793611
1.78047793604
1.78047793784
1.78047793624
1.78047793398
1.78047793754
1.78047793625
1.78047793445
1.7804779373
1.78047793595
1.78047793842
1.78047793708
1.78047793549
1.78047793626
1.78047793841
1.78047793666
1.78047793588
1.78047793487
1.77974469835
1.77974469835
1.77974470091
1.77974469958
1.7797446989
1.77974469091
1.77974469259
1.77974469198
1.77974469163
1.77974469353
1.77974469229
1.77974468964
1.77974469343
1.77974469331
1.7797446927
1.77974469477
1.77974469186
1.77974469406
1.77974469583
1.77974469536
1.77974469407
1.77974469954
1.77974469919
1.77974469866
1.77943398632
1.77943398632
1.77943398562
1.77943398627
1.77943398629
1.77943398871
1.77943398838
1.7794339875
1.7794339877
1.77943398303
1.77943399062
1.77943397473
1.77943398504
1.77943398995
1.77943398614
1.77943398571
1.77943398621
1.77943398706
1.77943398653
1.77943398571
1.77943398762
1.77943398288
1.77943398389
1.77943398566
1.77904169737
1.77904169737
1.77904169709
1.77904169828
1.77904169739
1.77904169889
1.77904169758
1.77904169934
1.77904170009
1.77904169936
1.77904169899
1.77904170186
1.77904169862
1.7790416995
1.7790416979
1.77904169803
1.77904169784
1.77904169739
1.77904169762
1.77904169786
1.77904169655
1.77904169888
1.77904169897
1.77904169774
1.77890882772
1.77890882772
1.77890882742
1.77890882596
1.77890882773
1.77890882604
1.77890882724
1.77890882589
1.77890882473
1.77890882768
1.77890882563
1.77890882879
1.77890882768
1.77890882603
1.77890882843
1.77890882708
1.77890882895
1.77890882881
1.77890882783
1.77890882643
1.77890882984
1.77890882717
1.77890882636
1.77890882762
1.77883515203
1.77883515203
1.77883515311
1.77883515369
1.7788351523
1.77883515123
1.77883515112
1.77883515122
1.77883515227
1.77883515119
1.77883514977
1.77883515006
1.77883515134
1.77883514791
1.77883515009
1.77883515247
1.7788351494
1.77883515022
1.77883515163
1.778835154
1.77883514935
1.7788351533
1.7788351547
1.77883515232
1.77869701208
1.77869701208
1.77869701244
1.77869701323
1.77869701219
1.7786970131
1.77869701251
1.77869701339
1.77869701365
1.77869701228
1.77869701454
1.77869701155
1.77869701231
1.77869701512
1.77869701208
1.77869701238
1.77869701221
1.77869701169
1.77869701209
1.77869701263
1.778697011
1.77869701124
1.77869701097
1.77869701194
1.77863309121
1.77863309121
1.77863308973
1.77863308928
1.77863309095
1.77863309258
1.77863309284
1.77863309171
1.77863309137
1.77863309112
1.77863309185
1.77863309073
1.77863309097
1.77863309191
1.77863309084
1.77863309095
1.77863309056
1.77863309106
1.77863309112
1.77863309084
1.77863309117
1.77863309122
1.7786330913
1.77863309123
1.77864813825
1.77861048401
1.77861048401
1.77861048425
1.77861048434
1.77861048407
1.77861048363
1.77861048348
1.77861048392
1.77861048393
1.77861048411
1.77861048402
1.77861048436
1.77861048411
1.77861048407
1.77861048429
1.77861048396
1.77861048423
1.77861048446
1.77861048415
1.77861048373
1.77861048484
1.77861048387
1.77861048384
1.77861048399
1.77860507174
1.77860507174
1.7786050715
1.77860507123
1.7786050717
1.77860507166
1.77860507193
1.77860507145
1.7786050713
1.77860507169
1.77860507116
1.77860507178
1.77860507173
1.77860507118
1.77860507186
1.77860507168
1.77860507207
1.77860507165
1.77860507169
1.77860507167
1.77860507152
1.77860507198
1.77860507193
1.77860507179
1.77859954412
1.77859954412
1.77859954414
1.77859954416
1.77859954413
1.77859954417
1.77859954418
1.77859954417
1.77859954418
1.77859954412
1.77859954418
1.7785995441
1.7785995441
1.77859954417
1.77859954406
1.77859954414
1.77859954403
1.77859954403
1.77859954411
1.7785995442
1.778599544
1.77859954411
1.77859954411
1.77859954413
1.77859750771
1.77859750771
1.77859750776
1.77859750781
1.77859750773
1.77859750771
1.77859750766
1.77859750775
1.77859750778
1.77859750771
1.77859750777
1.77859750768
1.77859750771
1.77859750776
1.7785975077
1.77859750772
1.77859750766
1.77859750771
1.77859750772
1.77859750773
1.77859750773
1.77859750769
1.77859750771
1.77859750771
1.77859526817
1.77859526817
1.77859526821
1.77859526826
1.77859526818
1.77859526817
1.77859526813
1.77859526821
1.77859526824
1.77859526818
1.77859526826
1.77859526818
1.77859526818
1.77859526826
1.77859526816
1.77859526818
1.77859526813
1.77859526819
1.77859526818
1.77859526818
1.77859526822
1.77859526813
1.77859526814
1.77859526817
     fun: 1.7785952681707407
     jac: array([ 0.00292094,  0.00591195,  0.00063504,  0.000227  , -0.00275643,
        0.00293817,  0.0044564 ,  0.00085412,  0.00565971,  0.00062421,
        0.00042872,  0.00565565, -0.0003995 ,  0.00067277, -0.00275391,
        0.00141665,  0.00071478,  0.00049323,  0.00338182, -0.00240266,
       -0.00197494, -0.00033048])
 message: 'Optimization terminated successfully.'
    nfev: 981
     nit: 39
    njev: 39
  status: 0
 success: True
       x: array([ 0.35895671, -0.43706851, -0.16129386, -0.20353231,  0.18693334,
       -0.00169339,  0.17201704, -1.16722754,  0.6369324 ,  0.41973325,
        0.28536756, -0.48413989, -0.19690312,  0.00255857,  0.35803973,
        0.06454523, -0.32787016,  0.18880441,  0.22583961, -0.44915822,
        0.28517008, -0.28296918])

========================================================

Final result:
0.358956714439
-0.437068514096
-0.161293860055
0.0798018865705
0.0798018865705
0.0798018865705
-0.203532309324
0.186933338783
-0.00169338883881
0.172017044949
-1.16722753561
0.636932396244
0.419733250949
0.419733250949
0.285367558038
-0.484139888465
-0.196903121377
0.00255856851202
0.358039729647
0.0645452341492
-0.327870161285
0.188804405045
0.22583961336
0.420862014277
-0.449158217534
0.285170084645
-0.282969176458
0.148985769782
0.148985769782
0.148985769782
