ASN_methyl_charged.filelist
11.0709394652
11.0709394652
11.0709391083
11.0709390529
11.0709393968
11.0709402238
11.0709402762
11.0709399499
11.0709399434
11.0709398281
11.0709397903
11.0709402466
11.0709396171
11.0709400228
11.0709395446
11.0709395109
28031.4000422
4744.74805108
800.822908115
133.14682914
21.9425572515
9.59208976393
9.59208976393
9.5920894298
9.59208936384
9.59208969969
9.59208983261
9.59208987079
9.59208958009
9.59208956286
9.59208963108
9.59208927996
9.59208955056
9.59208960419
9.59208860976
9.59208948708
9.59208972327
6482.27378048
1464.26861702
327.73833835
70.5139646158
13.3537207836
5.38409690326
5.38409690326
5.38409691246
5.38409706902
5.38409690529
5.38409643765
5.38409627356
5.38409644744
5.38409653767
5.38409650184
5.38409629178
5.38409606673
5.38409660499
5.38409559006
5.38409650938
5.3840968223
729.312907093
114.284443288
17.5172248171
5.03806019703
5.03806019703
5.03806019607
5.03806021587
5.0380601959
5.03805944949
5.03805937672
5.03805953283
5.03805946704
5.03805972835
5.03805953535
5.03805925887
5.03805993588
5.03805889137
5.0380599306
5.03806012913
316.146624845
30.9969901105
5.40952019613
4.91261167357
4.91261167357
4.91261174085
4.91261178885
4.91261168587
4.91261089298
4.91261080236
4.91261100571
4.91261096856
4.91261123046
4.91261096639
4.91261079634
4.91261145419
4.9126102486
4.91261148242
4.91261161823
339.766564434
41.8868136227
6.40995020386
4.63332012257
4.63332012257
4.63332021656
4.63332025184
4.63332014088
4.63331932696
4.63331927075
4.63331941637
4.63331937266
4.63331959521
4.63331940458
4.63331899762
4.63331988371
4.63331869489
4.63331995453
4.63332006
419.648380582
41.2699457582
5.58016474747
4.51435233383
4.51435233383
4.51435247276
4.51435249786
4.51435236117
4.51435148818
4.51435144963
4.51435159534
4.51435152355
4.5143518107
4.5143516039
4.51435128014
4.51435205019
4.51435089665
4.51435205987
4.51435225886
51.0883269771
7.21914849628
4.23473238396
4.23473238396
4.23473255833
4.23473253941
4.23473241691
4.23473150046
4.2347314796
4.23473166975
4.23473165284
4.23473187005
4.23473168844
4.23473133291
4.23473211374
4.23473102485
4.23473213663
4.23473231191
6.81742902953
2.6292773707
2.6292773707
2.62927754136
2.62927755832
2.6292774042
2.62927744668
2.62927745017
2.6292775667
2.62927759069
2.62927751805
2.62927773205
2.62927764669
2.6292774992
2.62927820996
2.62927757648
2.6292774064
3.70499794195
2.22349284613
2.22349284613
2.22349283542
2.22349278658
2.22349284537
2.22349309935
2.22349315164
2.22349306107
2.22349306632
2.22349301567
2.22349307345
2.22349319787
2.22349295083
2.22349330622
2.22349295904
2.22349288165
2.80241760298
2.08502270654
2.08502270654
2.08502265998
2.08502264713
2.08502269854
2.08502284039
2.08502286675
2.08502279337
2.08502280224
2.0850227707
2.08502276648
2.08502285253
2.08502272551
2.08502279637
2.08502272359
2.08502271088
2.75520368738
1.99018086543
1.99018086543
1.99018084471
1.99018087308
1.99018086246
1.99018088126
1.99018085052
1.99018086434
1.99018087782
1.99018085526
1.99018085216
1.99018084501
1.99018084689
1.99018081966
1.99018082948
1.99018086371
1.90629600106
1.90629600106
1.90629598257
1.90629596037
1.90629599778
1.90629585193
1.90629586703
1.90629585017
1.9062958269
1.90629590463
1.90629583462
1.90629581152
1.90629595347
1.90629566633
1.90629595771
1.90629598938
1.93456326082
1.86751023159
1.86751023159
1.86751024312
1.86751022784
1.86751023443
1.86751014468
1.86751014608
1.86751015173
1.86751014232
1.86751017871
1.86751015061
1.86751012509
1.86751020578
1.8675100727
1.86751021516
1.86751022252
2.21941080317
1.85012482197
1.85012482197
1.85012484246
1.85012484542
1.85012482637
1.85012479262
1.85012479261
1.85012480705
1.85012481082
1.85012481122
1.850124817
1.85012479541
1.8501248195
1.85012481698
1.85012482368
1.85012482021
1.84329422265
1.84329422265
1.84329420593
1.84329420679
1.84329421982
1.84329428776
1.84329428701
1.84329427593
1.84329427597
1.84329426326
1.84329427951
1.84329430632
1.84329424349
1.84329434033
1.84329424075
1.84329422791
1.83527075639
1.83527075639
1.83527074651
1.83527074432
1.83527075486
1.83527076369
1.83527076452
1.83527075419
1.83527075352
1.83527075521
1.83527074505
1.83527075438
1.83527075357
1.835270725
1.83527075026
1.83527075584
1.83137326675
1.83137326675
1.83137327301
1.83137327562
1.83137326815
1.8313732525
1.83137325027
1.83137325616
1.83137325959
1.83137325726
1.83137325472
1.83137324595
1.8313732594
1.8313732419
1.83137325774
1.83137326469
1.83068977745
1.83068977745
1.83068977841
1.8306897766
1.83068977772
1.83068977554
1.83068977719
1.83068977875
1.83068977465
1.8306897809
1.8306897853
1.83068978409
1.8306897827
1.83068979692
1.83068978758
1.83068977905
1.829643723
1.829643723
1.82964372214
1.82964372205
1.82964372291
1.82964372623
1.82964372672
1.82964372525
1.82964372483
1.82964372486
1.82964372449
1.8296437262
1.82964372448
1.82964372595
1.82964372526
1.82964372356
1.82930072224
1.82930072224
1.82930072088
1.82930071993
1.82930072202
1.82930072229
1.82930072267
1.8293007221
1.82930072207
1.82930072213
1.82930072176
1.82930072285
1.82930072064
1.82930072133
1.82930071877
1.82930072186
1.82915293483
1.82915293483
1.82915293628
1.82915293823
1.82915293516
1.82915293518
1.8291529339
1.82915293507
1.82915293651
1.82915293428
1.82915293378
1.82915293283
1.82915293487
1.82915293193
1.82915293542
1.8291529348
1.82909125709
1.82909125709
1.82909125691
1.82909125674
1.82909125708
1.82909125711
1.82909125728
1.82909125695
1.82909125679
1.82909125687
1.82909125704
1.82909125668
1.82909125686
1.82909125707
1.82909125667
1.82909125702
1.82908780675
1.82908780675
1.82908780685
1.82908780686
1.82908780678
1.82908780659
1.8290878065
1.82908780682
1.82908780697
1.829087807
1.82908780663
1.82908780745
1.82908780698
1.82908780639
1.82908780705
1.82908780682
1.82908214314
1.82908214314
1.82908214317
1.82908214322
1.82908214316
1.82908214311
1.82908214305
1.82908214322
1.82908214324
1.82908214323
1.82908214328
1.82908214334
1.82908214328
1.82908214345
1.8290821434
1.82908214317
1.82907884527
1.82907884527
1.82907884532
1.82907884534
1.82907884528
1.82907884525
1.82907884526
1.82907884526
1.82907884519
1.8290788453
1.82907884533
1.82907884538
1.82907884526
1.82907884543
1.82907884524
1.82907884527
     fun: 1.8290788452671487
     jac: array([  3.60006094e-03,   4.86606359e-03,   8.97690654e-04,
        -9.05349851e-04,  -1.63212419e-04,  -4.41893935e-04,
        -5.35474718e-03,   1.91622972e-03,   4.04906273e-03,
         7.53225386e-03,  -3.42875719e-04,   1.07598454e-02,
        -2.01211870e-03,  -7.52061605e-05])
 message: 'Optimization terminated successfully.'
    nfev: 446
     nit: 26
    njev: 26
  status: 0
 success: True
       x: array([ 0.74863347, -0.54162188, -0.90669294, -0.83320599,  0.29639731,
        1.01102934, -0.27884684, -0.28379495,  0.6187646 , -0.00560307,
        0.83372526, -0.75421177, -0.58184266, -1.14860537])

========================================================

Final result:
0.748633465628
-0.54162187768
-0.906692942817
0.233227118289
0.233227118289
0.233227118289
-0.833205991093
0.296397310218
1.01102934295
-0.278846839025
-0.283794946204
0.618764598217
-0.00560306698905
-0.00560306698905
0.833725262469
-0.754211768405
-0.581842657336
-1.1486053714
0.443004480996
0.443004480996
-0.754211768405
