CYX_methyl_charged.filelist
25.5702273767
25.5702273767
25.5702271748
25.5702270747
25.5702273379
25.5702277646
25.570227838
25.5702276104
25.5702275304
25.5702277223
25.5702274342
25.5702281119
25.5702277789
25.570226914
25.5702272984
11040.0048979
2186.07520749
426.555050001
78.8921682012
20.8745399665
20.8745399665
20.8745398978
20.8745398635
20.8745399536
20.8745397227
20.8745397606
20.8745396926
20.8745396104
20.8745395837
20.8745398988
20.8745391389
20.8745395596
20.8745395224
20.8745398932
2523.75528673
499.455996088
94.5610020033
19.9089452318
15.4995780461
15.4995780461
15.499578275
15.4995784244
15.4995780908
15.4995775862
15.4995774712
15.499577752
15.4995778127
15.4995776414
15.4995779747
15.4995771506
15.4995776563
15.4995778215
15.4995780095
1441.38699413
273.857208141
49.5965709906
13.1117928223
13.1117928223
13.111792905
13.1117930214
13.1117928382
13.11179239
13.1117922981
13.111792477
13.1117925427
13.1117922471
13.1117927361
13.1117915097
13.11179225
13.1117930882
13.1117928692
320.832735268
31.9686608275
12.8485224814
12.8485224814
12.8485225857
12.848522657
12.8485225012
12.8485219499
12.8485218916
12.8485220765
12.848522087
12.8485219237
12.8485223801
12.8485213037
12.8485218526
12.8485227628
12.8485225306
89.7230058355
15.1245855437
12.1380586143
12.1380586143
12.1380587493
12.1380588513
12.1380586409
12.1380581567
12.1380580961
12.1380582586
12.1380582959
12.1380580735
12.1380585254
12.1380575089
12.1380578991
12.1380588892
12.1380586626
136.033637447
24.4652176324
9.54692423627
9.54692423627
9.54692444724
9.54692448607
9.54692427882
9.54692395521
9.54692397877
9.54692402316
9.54692401189
9.54692396173
9.54692418003
9.54692365197
9.54692395733
9.54692455324
9.54692429052
113.684542025
21.4267886259
6.8877687554
6.8877687554
6.88776892262
6.88776890621
6.88776878727
6.88776885222
6.88776886437
6.8877689291
6.88776902081
6.88776901523
6.88776879285
6.88776932652
6.88776902881
6.88776904424
6.88776880343
24.8004614761
6.07535527903
6.07535527903
6.07535524642
6.075355274
6.07535527403
6.07535575432
6.07535573888
6.07535566799
6.07535567187
6.07535585222
6.07535537522
6.07535652949
6.07535590161
6.07535531981
6.07535528532
9.65512571844
4.09066522309
4.09066522309
4.09066503349
4.09066494114
4.0906651868
4.09066555958
4.09066562919
4.09066541512
4.0906653452
4.09066550681
4.09066527009
4.09066584975
4.09066551886
4.09066489644
4.09066516875
6.95463020739
2.997812228
2.997812228
2.9978121745
2.99781218635
2.99781221732
2.99781212037
2.99781209115
2.99781212512
2.99781213023
2.99781207258
2.99781220444
2.99781188249
2.99781207342
2.99781208495
2.99781220592
3.40637912811
2.67307987108
2.67307987108
2.67307985525
2.67307983403
2.67307986837
2.67307976348
2.67307978555
2.67307975452
2.67307973736
2.67307970452
2.67307984369
2.67307951987
2.67307968344
2.67307987278
2.67307987327
2.83248465514
2.56162876664
2.56162876664
2.56162882754
2.5616288506
2.56162877878
2.5616287219
2.56162870361
2.56162875476
2.56162878296
2.56162875854
2.56162876594
2.5616287509
2.56162876911
2.56162880255
2.56162877384
2.54545136618
2.48749247121
2.48749247121
2.48749244732
2.48749244678
2.4874924668
2.48749254069
2.48749253511
2.48749252353
2.48749253597
2.48749254124
2.48749248609
2.48749262344
2.48749254721
2.48749253305
2.48749248243
2.35537536104
2.35537536104
2.35537533094
2.35537531466
2.35537535621
2.35537547286
2.35537550131
2.35537541944
2.35537538036
2.3553754623
2.35537537629
2.35537560359
2.35537544808
2.3553752615
2.35537534368
2.2693694624
2.2693694624
2.2693694351
2.26936940271
2.26936945663
2.26936949154
2.26936950658
2.26936948495
2.26936949226
2.26936948557
2.26936946688
2.26936947494
2.26936953642
2.26936943862
2.26936945679
2.32608969683
2.22406787189
2.22406787189
2.22406787426
2.22406787075
2.22406787204
2.22406784639
2.22406784153
2.22406786214
2.22406787543
2.22406785532
2.22406786923
2.2240678382
2.22406784288
2.22406788001
2.22406787186
2.2584813173
2.20815460448
2.20815460448
2.20815460961
2.20815461889
2.20815460553
2.20815458734
2.20815457825
2.20815459377
2.20815460062
2.20815458525
2.20815460207
2.20815455209
2.2081545957
2.20815462515
2.20815460687
2.20091871232
2.20091871232
2.2009187104
2.20091870251
2.20091871215
2.20091872015
2.20091872849
2.20091871531
2.20091870631
2.20091872684
2.20091871332
2.20091875477
2.2009187174
2.20091869994
2.20091870961
2.19647816983
2.19647816983
2.19647816885
2.19647817589
2.19647816987
2.19647819004
2.19647818775
2.19647818145
2.19647818861
2.19647817192
2.1964781729
2.19647817123
2.19647816382
2.19647816385
2.19647816834
2.20055472973
2.19119566354
2.19119566354
2.19119566469
2.19119566996
2.19119566383
2.19119566029
2.19119565518
2.19119566178
2.19119566605
2.19119565704
2.19119566311
2.19119564381
2.19119566141
2.19119566873
2.19119566395
2.18831482461
2.18831482461
2.1883148248
2.18831482623
2.18831482468
2.1883148214
2.18831482091
2.18831482272
2.18831482332
2.18831482218
2.18831482428
2.18831481795
2.18831482406
2.1883148273
2.18831482483
2.19571378512
2.18781199112
2.18781199112
2.18781199171
2.18781199151
2.18781199132
2.18781198976
2.18781198892
2.18781199006
2.1878119899
2.18781198997
2.18781199097
2.18781198815
2.18781199086
2.18781199269
2.18781199126
2.18760288757
2.18760288757
2.1876028875
2.1876028874
2.18760288758
2.18760288778
2.18760288823
2.18760288782
2.1876028877
2.1876028885
2.18760288726
2.18760289013
2.18760288812
2.18760288691
2.1876028875
2.18747614755
2.18747614755
2.18747614724
2.18747614734
2.18747614753
2.18747614794
2.18747614802
2.18747614785
2.18747614785
2.18747614766
2.18747614781
2.18747614782
2.18747614753
2.18747614685
2.18747614746
2.1874222673
2.1874222673
2.18742226739
2.18742226735
2.18742226736
2.18742226717
2.18742226713
2.18742226719
2.18742226718
2.18742226713
2.18742226727
2.18742226688
2.18742226721
2.18742226765
2.18742226735
2.18741253861
2.18741253861
2.1874125386
2.1874125386
2.18741253864
2.1874125386
2.18741253861
2.18741253861
2.1874125386
2.18741253863
2.1874125386
2.18741253868
2.18741253863
2.18741253858
2.18741253861
2.18740083542
2.18740083542
2.18740083536
2.18740083537
2.18740083543
2.1874008355
2.18740083554
2.18740083549
2.18740083548
2.18740083553
2.18740083543
2.18740083572
2.18740083548
2.18740083521
2.18740083539
2.18739077012
2.18739077012
2.18739077006
2.18739077008
2.18739077012
2.1873907702
2.18739077023
2.18739077019
2.18739077019
2.18739077023
2.18739077014
2.18739077041
2.18739077018
2.1873907699
2.18739077009
2.18738901921
2.18738901921
2.18738901919
2.18738901919
2.1873890192
2.18738901923
2.18738901924
2.18738901923
2.18738901923
2.18738901924
2.18738901921
2.18738901929
2.18738901922
2.18738901914
2.1873890192
     fun: 2.187389019205252
     jac: array([-0.00117913, -0.0008812 , -0.00024092,  0.00181162,  0.00259271,
        0.00148556,  0.00145498,  0.00239173,  0.00040171,  0.00564757,
        0.00109509, -0.00405085, -0.00042987])
 message: 'Optimization terminated successfully.'
    nfev: 479
     nit: 30
    njev: 30
  status: 0
 success: True
       x: array([ 0.70303409, -0.55159696, -0.71204296, -1.10212811,  0.2950656 ,
        2.05019222, -0.61227987,  0.36370075,  0.30673141, -0.24577576,
       -0.38668698, -0.08752987, -0.13294983])

========================================================

Final result:
0.703034093368
-0.551596963531
-0.712042959192
0.186868609785
0.186868609785
0.186868609785
-1.10212810687
0.295065598071
2.05019222368
-0.612279874151
0.363700750051
0.306731406422
-0.245775758834
-0.245775758834
-0.386686980567
-0.711521749485
-0.0875298683726
-0.132949828369
0.0734932322471
0.0734932322471
0.0734932322471
-0.711521749485
