PRO_charged_methyl.filelist
9.03526705967
9.03526705967
9.03526783918
9.03526739975
9.03526746675
9.03526719107
9.03526798472
9.0352673644
9.0352671907
9.03526722015
9.03526696654
9.03526771708
9.03526720446
9.03526743375
9.03526740021
9.03526713725
30300.6751008
4245.83184301
593.48466209
81.8645935012
12.8211517828
8.32721944535
8.32721944535
8.32721956831
8.327219442
8.32721939083
8.32721931249
8.32721938353
8.32721927988
8.32721924972
8.32721933455
8.32721923078
8.32721906129
8.3272189957
8.32721969729
8.32721957261
8.32721949838
4804.80158216
738.6522294
112.231299049
17.1740407694
7.52210854663
7.52210854663
7.52210811775
7.52210836653
7.52210839877
7.52210843592
7.52210818036
7.52210853263
7.52210857737
7.52210845425
7.5221083409
7.52210857369
7.52210873152
7.52210878334
7.52210867113
7.52210859683
1312.72780439
288.470124006
61.2369435202
11.6541854004
4.54410098771
4.54410098771
4.54410012113
4.54410059934
4.54410059155
4.54410073356
4.5441000782
4.54410076054
4.54410087895
4.54410070358
4.54410077769
4.54410056486
4.54410094664
4.54410083586
4.54410060673
4.54410095434
916.22587387
118.884673621
15.3240758077
4.42828660463
4.42828660463
4.42828585308
4.42828625666
4.42828608708
4.42828650186
4.42828532805
4.42828628916
4.4282865415
4.42828662397
4.42828652562
4.42828593581
4.42828667341
4.4282864972
4.4282863672
4.42828658107
501.293931185
77.0337268429
11.6783182657
4.05410800029
4.05410800029
4.05410687519
4.05410752186
4.0541074497
4.05410782301
4.05410676085
4.05410759956
4.05410788857
4.05410787211
4.05410796317
4.05410709951
4.05410801751
4.05410778022
4.05410772734
4.05410795486
196.010914827
24.2801935552
4.50563747581
3.81822332162
3.81822332162
3.81822209908
3.81822280207
3.81822271599
3.81822313832
3.81822193062
3.81822290777
3.81822317122
3.81822321676
3.8182233027
3.81822244328
3.81822322082
3.8182230585
3.81822301882
3.81822326688
165.076558531
18.9082282267
3.98976286384
3.64035322524
3.64035322524
3.64035198875
3.6403526887
3.64035258725
3.6403530143
3.64035175927
3.6403527825
3.64035307327
3.64035303006
3.64035322561
3.64035227329
3.6403531586
3.64035293231
3.64035290356
3.64035316513
3.84479735058
1.9283740684
1.9283740684
1.92837407989
1.92837408169
1.92837406132
1.92837410595
1.92837405776
1.92837404342
1.92837406254
1.92837409194
1.92837418834
1.92837400068
1.92837403692
1.92837387559
1.92837397621
1.92837402703
7.4593830849
1.8096152233
1.8096152233
1.80961591629
1.80961553129
1.80961557054
1.80961536609
1.80961602922
1.80961544874
1.80961529265
1.80961533002
1.80961533115
1.80961570423
1.80961521619
1.80961532333
1.80961537387
1.80961524426
2.99581688509
1.54822622529
1.54822622529
1.54822661634
1.54822639283
1.54822642382
1.54822627053
1.54822668719
1.54822636222
1.54822625433
1.54822624951
1.54822620289
1.54822653585
1.5482262023
1.54822640667
1.54822642382
1.54822626324
1.82645477911
1.32019793598
1.32019793598
1.32019798864
1.32019796171
1.32019797168
1.32019793662
1.32019801325
1.3201979793
1.32019796143
1.32019794166
1.32019788991
1.32019804212
1.32019799247
1.32019798609
1.32019794432
1.32019794528
1.33973368544
1.26102754887
1.26102754887
1.26102734026
1.26102745414
1.26102742744
1.26102749646
1.26102728348
1.26102744432
1.26102749461
1.26102750682
1.26102752355
1.26102731903
1.26102747507
1.26102753003
1.26102751871
1.26102754464
1.25351018871
1.23186780526
1.23186780526
1.2318678049
1.23186782133
1.23186784014
1.23186783952
1.23186786794
1.23186787122
1.231867867
1.23186783877
1.23186783181
1.23186796152
1.23186794447
1.23186779402
1.23186781736
1.23186780226
1.28397958043
1.21640188561
1.21640188561
1.21640193965
1.21640190331
1.2164018923
1.21640188207
1.21640191046
1.2164018689
1.21640185973
1.21640187561
1.21640189587
1.21640184378
1.21640181462
1.21640184977
1.2164018518
1.21640187744
1.20332301583
1.20332301583
1.2033230664
1.20332304329
1.20332305172
1.20332304214
1.2033230952
1.20332304835
1.20332304245
1.20332304921
1.2033230289
1.20332307933
1.20332306795
1.20332304751
1.20332305714
1.20332302257
1.19768420181
1.19768420181
1.19768413058
1.19768416846
1.19768416804
1.19768417677
1.19768412336
1.19768418323
1.19768418574
1.19768416904
1.1976841871
1.19768417175
1.1976841784
1.19768419021
1.19768417752
1.1976841993
1.19692999106
1.19467476248
1.19467476248
1.19467475045
1.19467475561
1.19467475251
1.19467475626
1.19467473964
1.19467475433
1.19467475632
1.19467475578
1.19467475786
1.19467474513
1.19467475203
1.19467475732
1.1946747556
1.19467476123
1.19353628488
1.19353628488
1.19353628948
1.19353628765
1.19353629029
1.19353628589
1.1935362996
1.19353628769
1.1935362851
1.19353628489
1.1935362862
1.19353628984
1.19353628384
1.19353628369
1.19353628392
1.19353628455
1.19329189527
1.19329189527
1.19329190954
1.19329190091
1.19329189608
1.1932919016
1.19329189335
1.19329189705
1.1932918989
1.19329190513
1.19329189922
1.19329189781
1.19329190242
1.19329190008
1.1932919018
1.19329189627
1.19294454048
1.19294454048
1.19294453866
1.1929445398
1.19294454097
1.19294453969
1.19294454228
1.19294454095
1.19294454101
1.19294453871
1.19294453929
1.19294454123
1.19294454243
1.19294454199
1.19294454245
1.19294454082
1.19287693451
1.19287693451
1.19287693377
1.19287693426
1.19287693415
1.19287693474
1.19287693345
1.19287693454
1.19287693398
1.1928769358
1.19287693435
1.19287693524
1.19287693253
1.19287693405
1.19287693389
1.19287693439
1.19287516862
1.19285645259
1.19285645259
1.19285645187
1.19285645222
1.19285645211
1.1928564523
1.19285645162
1.19285645212
1.19285645221
1.19285645207
1.19285645264
1.19285645162
1.19285645188
1.19285645172
1.19285645141
1.1928564524
1.19284397088
1.19284397088
1.1928439712
1.19284397101
1.19284397098
1.19284397097
1.19284397111
1.19284397093
1.19284397097
1.19284397087
1.19284397096
1.19284397094
1.19284397111
1.192843971
1.19284397104
1.1928439709
1.19284013762
1.19284013762
1.19284013769
1.19284013765
1.19284013767
1.19284013765
1.19284013772
1.19284013766
1.19284013769
1.19284013762
1.19284013762
1.19284013769
1.19284013781
1.19284013772
1.19284013775
1.19284013763
     fun: 1.19284013761551
     jac: array([ 0.00521159,  0.00229703,  0.00332659,  0.00236963,  0.00674364,
        0.00289053,  0.00474127,  0.00060654,  0.00030506,  0.00481245,
        0.01274657,  0.00719407,  0.00935295,  0.00123061])
 message: 'Optimization terminated successfully.'
    nfev: 434
     nit: 25
    njev: 25
  status: 0
 success: True
       x: array([ 0.49454599, -0.93480841,  0.22598072,  0.03667993,  0.06945376,
       -0.03809966,  0.05365629,  0.14640584,  0.64334618,  0.06150683,
        0.05105252, -0.61418934,  0.34534965, -0.14198311])

========================================================

Final result:
0.494545988481
0.494545988481
-0.934808407872
0.225980723444
0.0366799303622
0.0694537608103
0.0694537608103
-0.038099660864
0.0536562937811
0.14640584258
0.643346182809
0.0615068268693
0.0615068268693
0.0510525232733
0.0510525232733
-0.486279103108
-0.614189342971
0.34534965335
-0.141983109535
0.136940933052
0.136940933052
0.136940933052
