MET_charged_methyl.filelist
10.4458365546
10.4458365546
10.4458349458
10.4458359972
10.4458359085
10.4458359337
10.4458360702
10.4458356191
10.4458355855
10.445836219
10.4458355926
10.4458358396
10.445836462
10.445836538
10.4458368767
10.4458369111
10.4458366204
63658.743428
11072.4762548
1923.60786132
332.001048933
55.7023076317
11.2988018458
8.83419171554
8.83419171554
8.83419234435
8.83419186974
8.83419164757
8.83419167
8.83419168798
8.83419135706
8.83419164284
8.83419174042
8.83419134956
8.83419174522
8.83419183084
8.83419173539
8.83419206951
8.83419209419
8.83419178804
6051.29460909
1266.5690997
262.649774306
52.3137523371
10.0444294016
6.10204073926
6.10204073926
6.10204154908
6.10204099919
6.10204095274
6.10204094811
6.10204100093
6.10204086935
6.10204131987
6.1020409682
6.10204104112
6.10204113521
6.10204102396
6.10204078841
6.10204086518
6.10204074038
6.10204076505
1679.5292255
234.07006413
32.0926953606
6.54459457481
5.62141180918
5.62141180918
5.62141300727
5.62141218782
5.6214120996
5.62141209644
5.62141204123
5.62141209017
5.62141228795
5.62141196357
5.62141231449
5.62141203123
5.62141200386
5.62141184325
5.62141184845
5.6214116698
5.62141181686
780.669028625
128.438250393
20.548247185
5.31309353501
5.31309353501
5.3130950337
5.31309403951
5.31309404894
5.31309417149
5.31309386815
5.31309408095
5.31309402057
5.31309393276
5.31309422254
5.31309449818
5.31309373605
5.31309357105
5.31309349524
5.31309337982
5.31309352574
762.661919327
116.910180295
17.564902086
5.01505286271
5.01505286271
5.01505470705
5.01505349416
5.01505354989
5.01505364961
5.01505338424
5.01505363349
5.01505389534
5.01505323858
5.01505369423
5.01505369614
5.01505291931
5.01505287474
5.01505277019
5.01505272779
5.01505284322
280.05296905
30.1383026115
5.47251136689
4.81763500534
4.81763500534
4.81763700639
4.81763567942
4.81763569783
4.8176357276
4.81763555561
4.81763581969
4.81763610435
4.81763542015
4.81763588527
4.81763593961
4.81763507863
4.81763502019
4.81763483513
4.81763477446
4.81763496942
145.859880691
17.3462274134
4.76791592093
4.57165873195
4.57165873195
4.57166084464
4.57165944986
4.57165949496
4.57165953587
4.57165931882
4.57165965823
4.57165988873
4.5716591737
4.57165968021
4.57165968526
4.57165887765
4.57165875918
4.57165853384
4.57165851593
4.5716586908
37.5125301065
5.29471542191
4.46596972587
4.46596972587
4.46597178159
4.46597042297
4.46597046354
4.46597047468
4.46597029598
4.46597065147
4.46597085311
4.46597015481
4.46597069617
4.46597066501
4.46596984338
4.46596974837
4.46596955114
4.465969536
4.46596969046
13.7428906414
2.96796327947
2.96796327947
2.96796138537
2.96796266651
2.96796272842
2.96796267076
2.96796281808
2.96796276591
2.9679623649
2.96796290271
2.96796270025
2.96796247076
2.9679630783
2.96796324579
2.96796322992
2.9679632484
2.96796326964
3.18065354063
2.40611039949
2.40611039949
2.40610948048
2.40611008814
2.40611005711
2.40611001739
2.40611012338
2.40611000447
2.40610984593
2.40611018646
2.40610996793
2.40610992962
2.40611031808
2.40611038663
2.40611043754
2.4061104936
2.40611040682
4.47688787559
2.14801897946
2.14801897946
2.14801958991
2.14801916953
2.14801910426
2.14801909856
2.14801909103
2.14801905423
2.14801920063
2.14801908239
2.14801905183
2.14801918
2.14801906612
2.1480189962
2.14801905171
2.14801905331
2.14801899424
2.31283223977
2.06599796119
2.06599796119
2.06599820422
2.06599804933
2.06599806475
2.06599807694
2.06599805228
2.06599807085
2.06599814735
2.0659980373
2.06599810186
2.06599811634
2.06599800098
2.0659979699
2.06599795188
2.06599793202
2.06599795888
1.96106425984
1.96106425984
1.96106429685
1.96106427206
1.96106426419
1.96106427188
1.96106423455
1.9610642743
1.96106419277
1.96106423184
1.96106425175
1.96106421555
1.96106420169
1.96106425141
1.96106424002
1.96106425508
1.96106425535
1.95334512115
1.91186788892
1.91186788892
1.91186753619
1.91186777737
1.91186779718
1.91186778545
1.91186781848
1.91186781184
1.9118677579
1.91186783127
1.91186780681
1.91186776238
1.91186786201
1.91186788514
1.91186786937
1.91186787069
1.91186788468
1.88851999359
1.88851999359
1.88852001521
1.88851999939
1.88851999275
1.88852000022
1.88851998841
1.88851998372
1.88851997932
1.88851999247
1.88851998726
1.8885199936
1.88851999338
1.88851999398
1.88852000539
1.88852000498
1.88851999574
1.88135030194
1.88135030194
1.88135042685
1.88135034251
1.88135033782
1.88135033439
1.88135033756
1.88135033984
1.8813503808
1.88135032961
1.88135033751
1.88135035782
1.88135031829
1.88135030491
1.88135030053
1.88135030277
1.88135030149
1.87527879187
1.87527879187
1.87527879149
1.87527879248
1.87527879509
1.87527879491
1.87527879243
1.87527880113
1.87527879169
1.87527879315
1.87527880285
1.8752787937
1.87527879299
1.87527879186
1.87527878702
1.8752787827
1.8752787908
1.87368895403
1.87368895403
1.87368890882
1.87368893953
1.8736889417
1.87368894234
1.8736889462
1.87368893816
1.87368894101
1.87368894738
1.87368893568
1.87368893971
1.87368894858
1.87368895282
1.87368895725
1.8736889597
1.8736889546
1.87286613873
1.87286613873
1.87286615857
1.87286614449
1.87286614134
1.87286613995
1.87286613955
1.87286614231
1.87286613905
1.87286613952
1.87286614378
1.87286613937
1.87286614033
1.87286613878
1.87286613653
1.87286613677
1.87286613819
1.87210488549
1.87210488549
1.87210489941
1.87210488996
1.87210488937
1.87210489017
1.87210488797
1.87210488913
1.87210488915
1.87210488847
1.8721048891
1.87210489232
1.87210488761
1.87210488576
1.87210488628
1.87210488671
1.87210488562
1.87204610754
1.87204610754
1.87204610912
1.87204610787
1.87204610698
1.87204610596
1.87204610736
1.87204610718
1.87204610889
1.87204610554
1.87204610826
1.87204610215
1.8720461057
1.87204610721
1.87204610681
1.87204610531
1.87204610736
1.87198351374
1.87198351374
1.8719835081
1.87198351203
1.87198351258
1.87198351272
1.87198351293
1.87198351244
1.87198351182
1.87198351369
1.87198351201
1.8719835142
1.87198351385
1.87198351376
1.87198351375
1.87198351408
1.87198351372
1.8719691961
1.8719691961
1.8719691967
1.87196919634
1.87196919649
1.87196919661
1.8719691963
1.87196919657
1.87196919658
1.87196919607
1.87196919652
1.87196919587
1.87196919616
1.8719691961
1.87196919632
1.87196919653
1.87196919613
1.8719638244
1.8719638244
1.87196382623
1.87196382493
1.87196382462
1.87196382448
1.87196382458
1.87196382455
1.87196382471
1.87196382464
1.87196382472
1.87196382505
1.87196382447
1.8719638244
1.87196382426
1.87196382401
1.87196382435
1.87195811813
1.87195811813
1.87195811847
1.87195811822
1.87195811815
1.87195811811
1.87195811815
1.87195811812
1.87195811821
1.87195811811
1.87195811816
1.87195811806
1.87195811811
1.87195811812
1.87195811806
1.87195811796
1.8719581181
1.87195617121
1.87195617121
1.87195617105
1.87195617115
1.87195617115
1.87195617109
1.87195617119
1.87195617119
1.87195617118
1.87195617119
1.87195617125
1.87195617121
1.87195617114
1.8719561712
1.87195617125
1.87195617124
1.87195617121
1.87195584086
     fun: 1.8719558408577337
     jac: array([-0.0104879 , -0.00390525, -0.00381701, -0.00805862, -0.00154348,
       -0.00111955, -0.0020559 , -0.00110124,  0.00229675,  0.00023535,
       -0.00494416, -0.00057612,  0.00242695,  0.00201537,  0.00017397])
 message: 'Optimization terminated successfully.'
    nfev: 494
     nit: 27
    njev: 27
  status: 0
 success: True
       x: array([ 0.59438663, -1.31328042, -0.3904653 ,  0.34079281, -0.01954975,
        0.8385092 ,  0.19059174, -1.23931287, -0.50597111,  0.45314188,
        0.24728247, -1.15394473, -0.56741883,  0.31959105, -0.13925593])

========================================================

Final result:
0.594386633991
0.594386633991
-1.31328041948
0.594386633991
-0.390465296879
0.34079280541
-0.0195497546321
0.838509197071
0.190591744742
0.190591744742
-1.2393128708
-0.505971111004
0.453141878081
0.453141878081
0.247282468764
-1.15394472677
0.375104186899
0.375104186899
0.375104186899
-0.567418829459
0.319591054221
-0.139255927807
0.129027901015
0.129027901015
0.129027901015
