GLY_neutral_methyl.filelist
4.35316408259
4.35316408259
4.35316487228
4.35316451887
4.35316455018
4.35316418272
4.35316530878
4.35316446023
4.3531645402
4.35316415994
21437.424522
4059.95654376
767.832091721
144.180220208
26.2269397645
5.06456802439
3.44949127677
3.44949127677
3.44949085487
3.44949113461
3.44949128224
3.44949115833
3.44949150573
3.44949141767
3.4494913247
3.44949130577
2751.18859931
429.268227948
66.3875374942
10.0814397622
3.18856335834
3.18856335834
3.18856343075
3.18856335666
3.18856319123
3.18856312149
3.18856295583
3.1885633962
3.18856318605
3.18856336544
360.925578741
65.053775216
11.2819184579
2.87839948581
2.87839948581
2.87839912796
2.8783993185
2.87839924263
2.87839938735
2.87839885917
2.87839911725
2.87839895387
2.8783994057
364.337550649
54.874603765
8.1499154793
2.67126269336
2.67126269336
2.67126212607
2.67126242513
2.67126233368
2.67126261076
2.67126171874
2.67126236687
2.67126229499
2.67126262552
16.7691924382
2.99118969664
2.53974359107
2.53974359107
2.53974300851
2.53974326921
2.53974321125
2.53974349997
2.53974259168
2.53974325218
2.53974318152
2.53974352094
4.24533728998
2.13938900148
2.13938900148
2.13938872156
2.13938883987
2.13938881382
2.13938899071
2.13938848179
2.13938885479
2.13938878317
2.13938897307
8.92369384293
2.03071065012
1.72561655676
1.72561655676
1.72561677286
1.7256166517
1.72561666273
1.72561661877
1.72561681124
1.72561664589
1.72561668714
1.72561657662
1.66464364592
1.66464364592
1.66464348693
1.66464357694
1.66464358756
1.66464360068
1.66464353673
1.66464361861
1.66464358777
1.66464364026
1.63721374871
1.63721374871
1.63721380531
1.63721377631
1.63721376024
1.63721375773
1.6372137645
1.63721374307
1.63721375137
1.63721374772
1.6324381387
1.6324381387
1.63243811048
1.63243812443
1.632438135
1.6324381391
1.63243813715
1.63243814453
1.63243814396
1.63243814048
1.6298170227
1.6298170227
1.62981703004
1.62981702563
1.62981702504
1.6298170228
1.62981702861
1.62981702555
1.62981702494
1.62981702358
1.62933292359
1.62933292359
1.62933291798
1.62933292172
1.629332923
1.62933292409
1.6293329225
1.62933292193
1.62933292313
1.62933292344
1.62901212913
1.62901212913
1.62901213113
1.62901212982
1.62901212809
1.62901212835
1.62901212514
1.6290121278
1.62901212738
1.62901212895
1.62880023951
1.62880023951
1.62880024071
1.62880024025
1.62880024016
1.62880023975
1.62880024083
1.62880023906
1.62880023901
1.62880023942
1.62877713589
1.62877713589
1.62877713614
1.62877713579
1.62877713533
1.62877713551
1.62877713425
1.62877713617
1.62877713612
1.62877713595
1.62877362313
1.62877362313
1.62877362288
1.62877362302
1.62877362313
1.62877362317
1.6287736232
1.628773623
1.62877362296
1.6287736231
     fun: 1.6287736231291943
     jac: array([-0.01668015, -0.00718343, -0.00010376,  0.00242284,  0.00451709,
       -0.00886256, -0.0115864 , -0.0020196 ])
 message: 'Optimization terminated successfully.'
    nfev: 191
     nit: 17
    njev: 17
  status: 0
 success: True
       x: array([ 0.29618396, -0.77981399,  0.22920367,  0.44654845, -0.00467768,
       -0.36388964,  0.29692065, -0.55650114])

========================================================

Final result:
0.29618395578
-0.779813993783
0.29618395578
0.229203672733
0.446548447059
-0.00467767974924
-0.00467767974924
-0.47895067807
-0.363889638163
0.296920649464
-0.556501142931
0.20782337721
0.20782337721
0.20782337721
