LEU_charged_methyl.filelist
8.631571434
8.631571434
8.63157073505
8.63157117192
8.6315710527
8.63157111864
8.63157117713
8.63157071482
8.63157089262
8.63157132165
8.63157067046
8.6315712978
8.63157138782
8.63157182658
8.63157188552
8.63157151412
25147.5550031
4053.63480218
651.742024348
103.340724233
16.5017097982
7.64096536182
7.64096536182
7.64096668566
7.64096573455
7.64096546162
7.64096548998
7.64096542844
7.64096519302
7.6409654833
7.64096539598
7.64096520404
7.64096541349
7.64096537416
7.6409657157
7.64096573339
7.64096543424
8491.55952137
1782.15531019
371.877780831
75.6011393516
14.2298101453
5.31755277913
5.31755277913
5.31755369459
5.31755307273
5.31755302013
5.31755298599
5.31755301816
5.31755302987
5.31755338401
5.31755284061
5.31755327965
5.31755278647
5.31755280206
5.31755282422
5.31755264278
5.31755278816
896.675184511
126.00585973
17.4954079477
5.10754221106
5.10754221106
5.10754331679
5.10754256983
5.10754252062
5.107542558
5.10754235255
5.10754261447
5.10754240883
5.10754229477
5.10754286921
5.10754235573
5.10754224376
5.10754210413
5.10754188869
5.10754218734
283.248841079
51.5811125667
9.13169487518
4.12283306111
4.12283306111
4.12283444046
4.12283353006
4.12283355121
4.12283357868
4.12283335396
4.12283374616
4.12283359713
4.1228332193
4.12283389156
4.12283330887
4.12283312407
4.12283279535
4.12283265969
4.12283300476
133.679680401
15.3357486101
4.10493478831
3.93244784184
3.93244784184
3.93244931382
3.93244833268
3.93244831938
3.93244827722
3.93244814592
3.93244855724
3.93244842757
3.93244800046
3.93244871131
3.9324480866
3.93244790529
3.9324475042
3.93244734983
3.93244777039
237.808187378
23.2434530208
4.21533482107
3.81738793728
3.81738793728
3.81738941517
3.81738843794
3.81738845548
3.81738844267
3.81738824612
3.81738871793
3.81738852763
3.81738807556
3.81738885297
3.81738812046
3.81738799172
3.81738760852
3.81738748405
3.8173878684
74.9223759594
7.81376656582
3.76264611391
3.76264611391
3.76264755374
3.76264660066
3.76264661581
3.76264656916
3.76264642205
3.76264690181
3.76264669821
3.76264627287
3.76264705365
3.76264635743
3.7626461766
3.76264580749
3.76264569067
3.76264605053
7.43574516123
2.26730434197
2.26730434197
2.26730370799
2.26730415922
2.26730425385
2.26730422255
2.26730428605
2.26730434599
2.26730423264
2.26730431747
2.26730425055
2.2673043228
2.26730433036
2.26730424917
2.26730428617
2.26730432346
4.9876297461
2.00706497529
2.00706497529
2.00706409134
2.00706469577
2.00706473719
2.00706472722
2.00706483041
2.0070646847
2.00706469081
2.00706490268
2.00706457169
2.007064883
2.00706494419
2.00706501288
2.00706513545
2.00706498262
2.45952311909
1.70435412841
1.70435412841
1.70435421936
1.70435414439
1.70435407109
1.70435407057
1.70435409923
1.70435396868
1.70435407797
1.70435410304
1.70435393745
1.70435408648
1.70435411634
1.70435425779
1.70435429737
1.70435415452
1.76269117173
1.56809482292
1.56809482292
1.56809464221
1.56809477167
1.56809479113
1.56809480335
1.56809480602
1.56809478055
1.56809479081
1.56809480703
1.56809483622
1.56809479652
1.56809481573
1.5680948239
1.56809478372
1.5680948221
1.55716757289
1.47737908378
1.47737908378
1.47737956466
1.47737924005
1.47737921448
1.4773792186
1.47737916037
1.47737924126
1.47737921525
1.47737912733
1.47737925689
1.47737915658
1.47737910173
1.47737904734
1.47737902884
1.47737907558
1.45968771444
1.42548296063
1.42548296063
1.42548294631
1.42548295954
1.42548297078
1.42548296139
1.42548297227
1.42548299455
1.42548298937
1.42548296313
1.42548300063
1.42548295933
1.42548296282
1.42548294194
1.42548292799
1.42548295669
1.40445674154
1.40445674154
1.40445664597
1.40445671012
1.4044567104
1.40445672285
1.4044567129
1.40445669278
1.40445666711
1.40445673314
1.40445667911
1.40445673731
1.40445673933
1.40445675425
1.40445676724
1.40445674381
1.3956520664
1.3956520664
1.39565213027
1.39565208622
1.39565208023
1.39565206705
1.39565209412
1.3956520808
1.39565214737
1.39565207082
1.39565208594
1.39565205948
1.39565206859
1.3956520694
1.39565207583
1.39565206702
1.38761166208
1.38761166208
1.38761169444
1.38761167117
1.38761166357
1.38761166321
1.387611656
1.38761166813
1.3876116408
1.38761166096
1.38761167312
1.38761166499
1.38761166149
1.38761166067
1.38761165427
1.38761166181
1.38610609288
1.38610609288
1.38610604144
1.38610607813
1.38610608643
1.38610609367
1.3861060911
1.3861060806
1.38610609199
1.38610609184
1.38610607328
1.38610609097
1.38610609246
1.38610609829
1.38610610045
1.38610609403
1.38343460374
1.38343460374
1.38343460028
1.3834346029
1.38343460365
1.38343460266
1.38343460512
1.38343460539
1.38343460771
1.38343460426
1.38343460561
1.38343460409
1.38343460407
1.38343460051
1.38343460161
1.38343460309
1.38281372021
1.38281372021
1.38281372729
1.38281372245
1.38281372152
1.38281372183
1.38281372071
1.38281372188
1.38281372078
1.38281372033
1.38281372237
1.38281372016
1.38281372022
1.38281372103
1.38281372115
1.38281372044
1.38257697761
1.38257697761
1.38257697783
1.38257697742
1.382576976
1.38257697502
1.38257697683
1.38257697558
1.38257697612
1.38257697762
1.3825769757
1.38257697815
1.38257697756
1.38257697686
1.38257697572
1.38257697749
1.38249736294
1.38249736294
1.38249735906
1.3824973621
1.38249736374
1.38249736519
1.38249736273
1.38249736401
1.38249736199
1.38249736271
1.38249736358
1.38249736219
1.38249736277
1.382497364
1.38249736481
1.38249736324
1.38241672818
1.38241672818
1.38241672873
1.3824167284
1.38241672842
1.38241672855
1.38241672829
1.38241672831
1.38241672841
1.38241672825
1.38241672831
1.38241672816
1.38241672818
1.38241672849
1.38241672854
1.38241672829
1.38238881844
1.38238881844
1.38238881848
1.38238881843
1.38238881828
1.38238881811
1.38238881842
1.38238881825
1.3823888185
1.38238881843
1.38238881824
1.3823888184
1.38238881844
1.3823888182
1.38238881814
1.38238881841
1.38237993739
1.38237993739
1.38237993773
1.38237993745
1.38237993723
1.38237993695
1.38237993743
1.38237993721
1.38237993751
1.38237993753
1.38237993737
1.38237993779
1.38237993747
1.38237993739
1.38237993728
1.38237993741
1.38237890781
1.38237890781
1.38237890818
1.38237890795
1.38237890802
1.38237890822
1.38237890786
1.382378908
1.38237890792
1.38237890766
1.38237890787
1.38237890738
1.38237890776
1.38237890769
1.38237890772
1.38237890779
1.38237672645
1.38237672645
1.38237672626
1.38237672639
1.38237672644
1.38237672648
1.38237672642
1.38237672646
1.38237672638
1.38237672642
1.38237672643
1.38237672639
1.38237672644
1.38237672643
1.38237672646
1.38237672645
     fun: 1.382376726448682
     jac: array([-0.01283377, -0.00360653, -0.00039551,  0.0018319 , -0.00174947,
        0.00053848, -0.00433491, -0.00224714, -0.00158119, -0.00360706,
       -0.00051773, -0.00116858,  0.00067498,  0.00013325])
 message: 'Optimization terminated successfully.'
    nfev: 462
     nit: 27
    njev: 27
  status: 0
 success: True
       x: array([ 0.6279036 , -1.447781  , -0.14013776,  0.29555241, -1.03447798,
        0.78092191,  0.36039891,  0.5319951 , -0.48661323, -0.06336543,
       -0.13992884, -0.58683883,  0.32975507, -0.1496799 ])

========================================================

Final result:
0.62790359593
0.62790359593
-1.44778100491
0.62790359593
-0.1401377609
0.295552408299
-1.03447798069
0.780921911814
0.36039891436
0.36039891436
0.531995103335
-0.486613232917
-0.0633654300058
-0.139928839277
-0.139928839277
0.0398758413363
0.0398758413363
0.0398758413363
0.0398758413363
0.0398758413363
0.0398758413363
-0.586838825243
0.329755068684
-0.149679899929
0.135587885496
0.135587885496
0.135587885496
