ILE_methyl_neutral.filelist
5.84055936039
5.84055936039
5.8405590041
5.84055884342
5.84055929109
5.84056031809
5.84056045946
5.84056008952
5.84056001922
5.84056018692
5.84055982745
5.84056023125
5.84056011404
5.84056029924
5.84055984812
5.84056157211
5.84056128243
5.84056035022
5.84056236868
5.84055956378
155470.70202
33018.3346172
7010.62334819
1486.83872772
313.66165233
64.597192055
12.2837735988
4.02707935147
4.02707935147
4.02707895514
4.02707880798
4.02707927429
4.0270796084
4.02707972896
4.0270793514
4.02707923785
4.02707919041
4.02707939725
4.02707924209
4.02707907494
4.02707908507
4.02707949143
4.02707844038
4.02707886914
4.02707892017
4.02707793736
4.02707932621
7392.49904602
1612.85808902
350.674661195
75.0709494762
15.081336908
3.17104045889
3.17104045889
3.17104057031
3.17104064426
3.17104047881
3.17103958517
3.17103948516
3.17103973192
3.17103973659
3.17103963857
3.1710400076
3.17103958499
3.17103977872
3.17103947906
3.17104002811
3.171038523
3.17103836515
3.1710395149
3.17103765769
3.17104023608
1269.50402783
136.534717584
14.6142833416
3.25960093345
3.0487112464
3.0487112464
3.0487114143
3.04871153746
3.04871127762
3.04871033861
3.04871020606
3.04871050034
3.04871054731
3.04871036539
3.04871077627
3.04871029536
3.04871044291
3.04871025031
3.04871078695
3.04870889332
3.0487091805
3.04871025088
3.04870826468
3.04871102151
1467.2980045
146.380376027
14.5709191165
3.19508923478
3.01929574424
3.01929574424
3.01929594091
3.01929608271
3.01929578102
3.01929482515
3.01929468045
3.01929500419
3.01929506545
3.0192948667
3.01929528095
3.01929479236
3.01929497372
3.01929472523
3.01929529281
3.01929351196
3.01929363581
3.01929469449
3.01929257618
3.01929552457
156.08235485
15.4202080722
3.14911021788
2.97291287253
2.97291287253
2.97291308314
2.97291320267
2.97291291216
2.97291191357
2.97291179431
2.97291209763
2.97291212766
2.97291199104
2.97291238951
2.97291195986
2.97291208219
2.97291183783
2.9729124086
2.97291056812
2.97291072724
2.97291180215
2.97290963894
2.97291263966
69.248197269
7.17262701989
2.95612191048
2.95612191048
2.95612214162
2.9561222867
2.95612195472
2.95612100324
2.95612087931
2.95612116849
2.95612121571
2.95612104008
2.95612143499
2.95612101766
2.95612112306
2.95612086273
2.95612142275
2.95611960783
2.95611970438
2.95612084877
2.95611872077
2.95612170115
108.211386196
10.7568104765
2.96722529315
2.91123909003
2.91123909003
2.91123931537
2.91123944715
2.91123913328
2.91123818138
2.91123807061
2.91123833398
2.91123837165
2.91123821013
2.911238593
2.91123816139
2.9112383072
2.91123805884
2.91123855884
2.91123681252
2.91123694612
2.91123803166
2.91123589982
2.91123888068
112.439794973
11.0811453151
2.92322421909
2.85056398794
2.85056398794
2.85056423755
2.85056436128
2.85056403617
2.85056308874
2.85056299299
2.85056324313
2.85056326417
2.85056311769
2.85056352678
2.85056306516
2.85056321602
2.85056296885
2.85056354521
2.85056174382
2.85056186464
2.85056294928
2.8505608629
2.85056377009
29.6434908963
5.45422638925
2.13510207822
2.13510207822
2.13510232278
2.13510233809
2.13510212413
2.13510152666
2.13510149262
2.13510168709
2.13510174937
2.13510163321
2.13510183179
2.13510160428
2.13510168449
2.13510156724
2.13510180409
2.13510093602
2.13510101855
2.13510156365
2.13510053596
2.135102013
29.4062413421
5.60941976338
1.56550171577
1.56550171577
1.56550184451
1.5655018205
1.56550174203
1.56550204613
1.56550204883
1.56550206448
1.56550211457
1.56550215955
1.56550190953
1.56550217064
1.56550212917
1.56550227659
1.56550187546
1.56550293521
1.56550290476
1.56550231167
1.56550353357
1.56550181542
11.4732896754
1.88860042936
1.47638917376
1.47638917376
1.47638926528
1.47638925108
1.47638919282
1.47638961512
1.47638962715
1.47638961322
1.47638964697
1.4763897239
1.47638943722
1.47638974072
1.4763896823
1.47638986193
1.47638939092
1.47639066961
1.47639063082
1.47638989847
1.47639137981
1.47638932987
4.35044658578
1.29657287069
1.29657287069
1.29657280029
1.29657276393
1.29657285585
1.29657338696
1.29657348088
1.29657332531
1.29657333665
1.29657341013
1.29657314895
1.29657343899
1.29657334332
1.29657351934
1.29657314807
1.29657424529
1.29657425173
1.29657352254
1.29657483202
1.29657300249
2.73647207156
1.00312901669
1.00312901669
1.00312879677
1.00312875039
1.00312897338
1.00312915587
1.00312920856
1.00312903176
1.00312897028
1.00312897392
1.00312905024
1.0031290015
1.00312892932
1.00312892985
1.00312909754
1.00312872691
1.00312886921
1.00312886228
1.00312850699
1.00312899924
1.05926373387
0.842221563598
0.842221563598
0.842221554271
0.842221588822
0.842221560921
0.842221365239
0.842221333154
0.842221393689
0.842221386978
0.842221380962
0.842221459412
0.842221366911
0.842221430519
0.842221338723
0.84222146136
0.842221204317
0.842221065086
0.842221372409
0.842221018028
0.842221511307
0.969725323051
0.774251996516
0.774251996516
0.774252027345
0.77425203555
0.774252002302
0.774251865579
0.774251850646
0.774251882861
0.774251886822
0.774251854255
0.774251928388
0.774251849906
0.774251858591
0.774251827474
0.774251927176
0.774251588094
0.774251652984
0.7742518138
0.774251438754
0.774251970613
0.778828563125
0.760354620774
0.760354620774
0.760354632069
0.760354630195
0.760354622862
0.760354625298
0.760354620396
0.760354632744
0.760354635132
0.760354644591
0.760354626581
0.760354642519
0.760354652184
0.760354649691
0.760354623059
0.760354722866
0.760354674476
0.76035466258
0.760354754997
0.760354623762
0.75943194242
0.75731797447
0.75731797447
0.7573179815
0.757317987184
0.757317975747
0.757317980587
0.757317978968
0.757317981555
0.757317985238
0.757317981991
0.757317977373
0.757317981456
0.757317977168
0.75731798558
0.757317975759
0.757317980775
0.757318001033
0.757317984455
0.757318002638
0.757317976906
0.756331275652
0.756331275652
0.756331260788
0.756331249868
0.756331272525
0.756331278733
0.756331288074
0.756331275016
0.756331268897
0.756331275843
0.756331278613
0.756331277009
0.756331278282
0.756331270758
0.756331281676
0.756331286885
0.756331262531
0.756331270035
0.756331257332
0.756331276422
0.754301703753
0.754301703753
0.75430169294
0.754301690335
0.754301701714
0.754301708014
0.754301708461
0.754301701856
0.754301699143
0.754301698026
0.754301703163
0.75430169874
0.754301695736
0.754301695544
0.754301705954
0.754301678437
0.7543016877
0.754301692678
0.754301668174
0.754301701541
0.754556757645
0.753954139234
0.753954139234
0.753954137556
0.753954138769
0.753954139012
0.753954139041
0.753954138153
0.753954137051
0.75395413635
0.753954135089
0.75395413798
0.753954135477
0.753954133803
0.753954134153
0.753954138342
0.753954122264
0.753954129836
0.753954132248
0.753954116832
0.753954137518
0.75407497702
0.753828112005
0.753828112005
0.753828112895
0.753828113599
0.753828112229
0.753828112585
0.753828112338
0.753828112845
0.753828113073
0.753828113229
0.753828112313
0.753828113223
0.753828113207
0.753828113672
0.753828112155
0.753828115771
0.753828115525
0.753828113914
0.753828117928
0.753828112286
0.753801984611
0.753801984611
0.753801984976
0.753801985413
0.753801984707
0.753801984346
0.753801983806
0.753801984827
0.753801985627
0.753801984453
0.753801984584
0.753801984165
0.753801983904
0.753801985008
0.753801984261
0.753801982151
0.753801985629
0.753801985244
0.753801986693
0.753801984791
0.753812415049
0.753792272804
0.753792272804
0.753792272854
0.753792272556
0.753792272837
0.753792272127
0.753792272303
0.753792272267
0.753792272114
0.753792272297
0.753792272515
0.753792272328
0.753792272547
0.753792272019
0.753792272566
0.753792272236
0.753792271004
0.753792272
0.753792270379
0.753792272658
0.753786017431
0.753786017431
0.753786017218
0.753786017039
0.753786017402
0.753786017678
0.753786017828
0.753786017562
0.753786017399
0.753786017586
0.753786017591
0.753786017568
0.753786017598
0.753786017623
0.753786017665
0.753786017939
0.75378601786
0.753786017607
0.753786017965
0.753786017492
0.753785466565
     fun: 0.7537854665652423
     jac: array([-0.01426363, -0.02632855, -0.00196034,  0.01659309,  0.02664489,
        0.00882393, -0.00211152,  0.01037578,  0.01072597,  0.00923052,
        0.01118932,  0.01290669,  0.01571646,  0.03410983,  0.02882084,
        0.01184996,  0.0358362 ,  0.00410379])
 message: 'Optimization terminated successfully.'
    nfev: 547
     nit: 25
    njev: 25
  status: 0
 success: True
       x: array([ 0.50104586, -0.48297183, -0.38511788, -0.43772447,  0.23287176,
        0.19385872,  0.02385723,  0.15945643,  0.5753466 , -0.06146738,
       -0.1114508 ,  0.31239762, -0.5162444 ,  0.01824574, -0.09007427,
       -0.20378541,  0.03692129, -0.57435519])

========================================================

Final result:
0.501045855055
-0.482971833244
-0.385117876055
0.122347951415
0.122347951415
0.122347951415
-0.437724469813
0.232871756951
0.193858715006
0.0238572342645
0.15945642872
0.575346599871
-0.0614673766891
-0.111450795351
0.312397622876
-0.516244399473
0.0182457443951
0.0182457443951
0.0182457443951
-0.0900742672195
-0.0900742672195
-0.203785405657
0.0369212893336
0.0369212893336
0.0369212893336
-0.574355191045
0.421886713593
