TRP_methyl_methyl.filelist
5.78647831487
5.78647831487
5.78647806257
5.7864779542
5.78647826551
5.78647775623
5.78647784109
5.78647760897
5.78647758533
5.78647770904
5.78647737912
5.78647708966
5.78647781852
5.78647727331
5.78647786468
5.78647791001
5.78647784012
5.78647796657
5.78647801063
5.78647792845
5.78647800599
5.78647814568
5.78647807242
5.7864778412
5.78647822071
5.78647818752
5.78647810728
5.78647853356
5.78647861854
5.78647835966
61564.7905479
10819.3320668
1900.09161607
332.436954803
57.0770937364
9.79853801165
4.8808301914
4.8808301914
4.88082988554
4.8808297601
4.88083013194
4.88083052918
4.88083063878
4.88083032721
4.88083028573
4.88083039112
4.88083009593
4.88083064759
4.88083037336
4.88083000262
4.88083043058
4.88083029745
4.88083050726
4.88083038354
4.88083030742
4.88083023654
4.88083040451
4.88083025886
4.88083020102
4.88083022858
4.88083026759
4.88083021202
4.88083017419
4.88083043369
4.88083051656
4.88083024141
4973.82731064
1112.45425862
247.293893585
53.5186357705
10.4779102778
2.94542564021
2.94542564021
2.94542557451
2.94542561015
2.94542562764
2.94542641681
2.94542640303
2.9454263575
2.94542637241
2.94542627276
2.9454263604
2.94542702303
2.94542603911
2.9454264003
2.9454259084
2.9454259263
2.94542595935
2.94542569594
2.9454257209
2.94542600567
2.94542555052
2.94542560565
2.94542589713
2.94542616571
2.94542546445
2.94542570184
2.94542597643
2.94542563034
2.94542559453
2.9454256376
4366.08709679
685.488760865
107.086565056
16.3691918056
3.2496199602
2.61777504256
2.61777504256
2.61777507691
2.61777516588
2.61777504931
2.61777586463
2.61777580571
2.61777587366
2.6177759162
2.61777578129
2.61777592395
2.61777659222
2.61777559964
2.61777598758
2.61777556201
2.61777544682
2.61777565776
2.61777538281
2.6177753128
2.61777543651
2.61777531899
2.61777516144
2.61777529281
2.61777555561
2.61777507428
2.61777514933
2.61777530404
2.61777496617
2.61777490295
2.61777502579
260.811370197
25.7293751441
3.30201574798
2.56351538943
2.56351538943
2.56351542821
2.56351549773
2.56351539689
2.56351619691
2.56351615255
2.56351621815
2.56351623885
2.5635161575
2.56351628059
2.56351701903
2.56351597794
2.56351635864
2.56351591866
2.56351584415
2.56351598811
2.56351575074
2.56351569551
2.563515856
2.56351568211
2.56351553532
2.56351569908
2.56351599613
2.56351543603
2.5635155239
2.56351571886
2.56351530415
2.56351523109
2.56351537094
278.27194253
27.4708332495
3.38100077981
2.51021464816
2.51021464816
2.51021465681
2.51021471189
2.51021464986
2.5102155263
2.51021549647
2.51021552034
2.51021552281
2.5102154184
2.51021561922
2.51021625587
2.51021523617
2.5102157246
2.51021517757
2.5102151014
2.51021523979
2.51021501951
2.51021496477
2.51021509945
2.5102149553
2.5102148118
2.51021493736
2.51021523179
2.51021472841
2.51021478288
2.51021493622
2.51021453843
2.51021444899
2.51021462489
316.253132445
31.2121077159
3.57209027457
2.44691382656
2.44691382656
2.44691389663
2.44691398169
2.44691384028
2.44691470976
2.44691466569
2.44691473114
2.44691475646
2.44691463599
2.44691481761
2.44691552463
2.44691444537
2.4469149067
2.44691437196
2.44691430756
2.44691442408
2.44691420544
2.44691416061
2.44691430128
2.44691412463
2.44691400204
2.44691412369
2.44691443666
2.44691391152
2.44691396935
2.44691410488
2.4469137668
2.4469137054
2.44691381432
137.398192001
13.4947669751
2.56095154779
2.39366090509
2.39366090509
2.39366098084
2.39366104164
2.39366091976
2.39366177823
2.39366175501
2.39366180887
2.39366180381
2.39366173693
2.39366192449
2.39366266436
2.39366154491
2.3936620281
2.39366147895
2.39366139268
2.3936615479
2.39366129199
2.39366123801
2.39366137787
2.39366120175
2.39366106617
2.39366119917
2.39366150758
2.39366095687
2.39366104306
2.39366117878
2.39366081658
2.39366074578
2.39366088701
144.415929294
14.3204391876
2.60909405099
2.36773259985
2.36773259985
2.36773267714
2.36773275029
2.36773261483
2.3677334925
2.36773346036
2.36773351853
2.36773352809
2.36773342205
2.36773363346
2.36773431136
2.36773324268
2.36773372209
2.3677331825
2.36773309661
2.36773325391
2.36773299696
2.36773293941
2.36773308919
2.36773290872
2.36773275935
2.36773291495
2.36773321957
2.36773263584
2.36773274421
2.36773290614
2.36773251372
2.36773245737
2.36773258232
48.3579514103
4.93628951597
2.31852051395
2.31852051395
2.31852060031
2.31852066728
2.31852053069
2.31852137694
2.31852133983
2.31852141089
2.31852141959
2.31852131888
2.31852153166
2.31852219709
2.31852113725
2.31852156682
2.31852106797
2.31852099867
2.31852111878
2.31852089872
2.31852084881
2.31852098572
2.31852081529
2.31852067807
2.3185208084
2.31852111203
2.31852056529
2.31852065405
2.31852078289
2.31852038216
2.31852035439
2.31852048652
17.7293665904
2.92188416226
2.15483156286
2.15483156286
2.15483165533
2.15483169378
2.15483157985
2.15483225293
2.15483221617
2.15483232168
2.15483234262
2.15483223809
2.15483245392
2.15483297922
2.1548320753
2.15483249455
2.15483202162
2.15483195831
2.15483206123
2.15483189563
2.15483183742
2.15483195408
2.15483185726
2.15483169311
2.15483180753
2.15483207271
2.15483160774
2.15483167254
2.15483180076
2.15483144887
2.15483143095
2.15483153968
36.0613049593
6.16638540922
1.86719827648
1.86719827648
1.86719842814
1.86719840785
1.86719830607
1.86719825954
1.86719826722
1.8671983241
1.86719834639
1.8671983068
1.86719838252
1.86719832266
1.86719830922
1.86719842639
1.86719830695
1.86719831355
1.86719828767
1.86719832148
1.86719831848
1.86719830742
1.86719832754
1.86719830939
1.86719829889
1.86719830352
1.8671983086
1.86719829506
1.86719828898
1.86719819915
1.86719815056
1.86719826007
29.4750750302
3.90094586998
1.76244491293
1.76244491293
1.76244502497
1.76244501379
1.76244493415
1.76244462234
1.76244459438
1.76244470665
1.76244473923
1.76244470869
1.76244475989
1.7624444489
1.76244478039
1.76244477625
1.76244479497
1.76244482897
1.76244475723
1.76244484917
1.76244487485
1.76244481765
1.76244485046
1.76244491557
1.76244485039
1.7624447671
1.7624449426
1.7624449009
1.76244482177
1.76244484881
1.76244481996
1.76244489951
32.8099763545
3.91963639298
1.69290363375
1.69290363375
1.69290373963
1.6929037454
1.69290365454
1.69290316058
1.6929031339
1.69290322158
1.69290322112
1.69290324395
1.69290327036
1.69290279099
1.69290334971
1.69290326102
1.69290338594
1.69290342883
1.69290333992
1.69290349079
1.69290351372
1.69290342774
1.6929035388
1.69290359615
1.69290350035
1.69290336293
1.69290366412
1.69290358309
1.6929034879
1.69290358357
1.69290357067
1.6929036236
6.4650183349
1.69914680286
1.64742836343
1.64742836343
1.64742844759
1.64742845839
1.64742837991
1.64742786963
1.64742784223
1.64742792065
1.6474279225
1.64742795047
1.64742795018
1.64742747197
1.64742806593
1.64742794739
1.64742810295
1.64742815089
1.64742804283
1.64742821992
1.64742824218
1.64742814158
1.64742827371
1.64742832112
1.64742822051
1.64742806106
1.64742837824
1.64742831044
1.64742820139
1.64742833016
1.6474283125
1.64742835658
8.75968973138
1.76900650365
1.53301688926
1.53301688926
1.53301692476
1.53301691653
1.53301689545
1.53301640914
1.53301641575
1.53301644002
1.53301643734
1.53301648271
1.53301643956
1.53301601802
1.53301659694
1.53301642089
1.53301664677
1.53301667356
1.53301660643
1.53301675718
1.53301677262
1.53301665902
1.53301681375
1.53301685578
1.53301674391
1.5330165725
1.53301692402
1.53301683852
1.53301672882
1.53301688336
1.53301690395
1.53301688795
9.18861680921
1.64112852197
1.5065119938
1.5065119938
1.50651201511
1.50651200273
1.50651199718
1.50651155737
1.50651157019
1.506511579
1.50651157821
1.50651162118
1.50651156614
1.50651119526
1.50651172795
1.50651155199
1.50651177739
1.50651179781
1.50651174519
1.50651187886
1.50651188714
1.50651178539
1.50651193572
1.50651196151
1.50651185356
1.50651171638
1.5065120251
1.50651194319
1.50651182989
1.5065119987
1.50651201751
1.50651199462
3.2275885781
1.40196135926
1.40196135926
1.40196128966
1.40196126291
1.40196134549
1.40196146812
1.40196148915
1.40196142195
1.40196140801
1.401961436
1.40196138009
1.40196152533
1.40196143109
1.4019613574
1.40196144638
1.40196140707
1.40196146419
1.40196143138
1.40196140694
1.40196138814
1.4019614351
1.40196138623
1.40196137228
1.40196138734
1.40196138585
1.40196137004
1.40196136403
1.40196141498
1.40196143388
1.40196137096
1.49483315135
1.37663572874
1.37663572874
1.3766356965
1.37663569345
1.37663572223
1.37663581393
1.3766358159
1.37663579216
1.37663578915
1.37663578926
1.3766357794
1.37663586535
1.37663576545
1.37663577444
1.37663575589
1.37663575348
1.37663576536
1.37663573372
1.37663573422
1.37663576119
1.37663572089
1.37663572354
1.37663575266
1.37663577379
1.37663570807
1.37663573446
1.37663575909
1.37663574766
1.37663575147
1.37663573266
1.54362439617
1.36732204282
1.36732204282
1.36732203324
1.36732204049
1.36732204064
1.36732209054
1.36732208607
1.36732208432
1.36732208671
1.36732207761
1.36732208578
1.36732212211
1.36732205717
1.36732208894
1.36732204201
1.36732205148
1.36732204184
1.36732202433
1.36732203197
1.36732206427
1.36732200781
1.36732202681
1.36732206009
1.36732207856
1.36732201415
1.36732204184
1.36732207341
1.36732204259
1.36732204074
1.36732204268
1.36615914151
1.35694085108
1.35694085108
1.3569408593
1.35694086208
1.35694085238
1.35694086627
1.35694086497
1.35694087058
1.35694087309
1.3569408697
1.35694087666
1.35694088713
1.35694086902
1.35694087898
1.35694087207
1.35694086547
1.35694087395
1.35694087158
1.3569408665
1.35694086141
1.35694087416
1.35694086229
1.35694085615
1.35694086137
1.35694086315
1.35694085599
1.35694085174
1.35694084498
1.35694084231
1.35694084977
1.35543947827
1.35543947827
1.35543948241
1.35543947803
1.35543947894
1.35543945139
1.35543945057
1.3554394512
1.35543945135
1.35543945414
1.35543945064
1.35543942664
1.35543945959
1.35543945189
1.35543946089
1.35543946475
1.35543945771
1.35543946677
1.35543946925
1.35543946555
1.35543946861
1.35543947448
1.35543947009
1.35543946201
1.35543947672
1.35543947473
1.35543946997
1.35543947688
1.35543947962
1.35543947792
1.353282731
1.353282731
1.35328272356
1.35328271743
1.35328272946
1.35328263999
1.35328264524
1.35328263713
1.35328263575
1.35328264311
1.3532826316
1.35328255138
1.35328265232
1.35328262519
1.35328264467
1.35328267113
1.35328263335
1.35328265529
1.35328267408
1.35328268538
1.35328265124
1.35328269458
1.35328270597
1.35328267989
1.35328269566
1.35328271236
1.35328271768
1.35328273986
1.35328274228
1.35328273297
1.34535725715
1.34535725715
1.34535725566
1.34535725826
1.34535725682
1.34535726331
1.34535726215
1.34535726297
1.34535726359
1.34535726367
1.34535726276
1.34535726881
1.34535726465
1.34535726189
1.34535726755
1.34535726233
1.34535727022
1.34535726741
1.34535726409
1.34535725907
1.34535727038
1.34535726258
1.34535725736
1.34535725782
1.34535726422
1.34535725884
1.34535725528
1.34535725786
1.34535725732
1.34535725735
1.34348339397
1.34348339397
1.34348339483
1.34348339474
1.34348339414
1.34348340182
1.34348340202
1.34348340193
1.34348340181
1.34348340188
1.34348340312
1.34348341001
1.34348340035
1.34348340352
1.34348340049
1.34348339908
1.34348340077
1.34348339992
1.34348339903
1.34348339815
1.34348339953
1.34348339733
1.34348339634
1.34348339951
1.34348339621
1.34348339578
1.34348339573
1.34348339306
1.34348339302
1.34348339384
1.3434353686
1.34230393877
1.34230393877
1.34230393998
1.34230393818
1.34230393906
1.34230395117
1.3423039521
1.34230395078
1.34230395033
1.34230395022
1.34230395193
1.34230396274
1.34230394704
1.34230395307
1.34230394503
1.34230394547
1.3423039449
1.34230394261
1.34230394269
1.34230394595
1.34230394102
1.34230394026
1.34230394349
1.34230394806
1.34230393823
1.34230394067
1.34230394337
1.34230393768
1.342303938
1.34230393861
1.34140207154
1.34140207154
1.34140207212
1.34140207264
1.34140207175
1.34140206616
1.34140206527
1.34140206662
1.3414020673
1.34140206691
1.34140206596
1.3414020609
1.34140206792
1.3414020661
1.34140206902
1.34140206845
1.34140206935
1.34140206999
1.34140206975
1.34140206818
1.34140207073
1.34140207063
1.34140206946
1.34140206727
1.34140207171
1.34140207059
1.34140206953
1.34140207139
1.34140207118
1.34140207156
1.34091347234
1.34091347234
1.34091347178
1.34091347203
1.34091347232
1.34091347033
1.34091347041
1.34091347031
1.34091346992
1.34091347067
1.34091347036
1.34091346855
1.34091347075
1.34091347014
1.34091347058
1.34091347134
1.34091347017
1.34091347103
1.34091347151
1.34091347159
1.34091347085
1.34091347186
1.34091347199
1.3409134715
1.34091347209
1.34091347213
1.34091347192
1.34091347254
1.34091347262
1.34091347246
1.33994959602
1.33994959602
1.33994959495
1.33994959494
1.33994959587
1.33994959683
1.33994959758
1.33994959657
1.33994959617
1.33994959666
1.33994959655
1.33994959755
1.33994959601
1.33994959585
1.3399495956
1.33994959611
1.33994959548
1.33994959533
1.3399495956
1.3399495964
1.33994959493
1.33994959541
1.33994959635
1.33994959666
1.33994959503
1.33994959596
1.33994959657
1.33994959669
1.33994959689
1.33994959621
1.33946182741
1.33946182741
1.33946182666
1.33946182651
1.33946182729
1.33946182764
1.33946182815
1.33946182735
1.33946182674
1.33946182759
1.33946182756
1.33946182808
1.33946182735
1.33946182755
1.33946182672
1.33946182786
1.33946182609
1.33946182679
1.33946182741
1.33946182826
1.3394618263
1.33946182749
1.33946182802
1.33946182855
1.3394618273
1.33946182771
1.33946182805
1.33946182773
1.33946182761
1.33946182749
1.33937731282
1.33937731282
1.33937731288
1.33937731299
1.33937731284
1.33937731332
1.33937731328
1.33937731339
1.3393773135
1.33937731324
1.33937731343
1.33937731366
1.33937731306
1.33937731313
1.33937731326
1.33937731289
1.33937731348
1.33937731302
1.33937731278
1.33937731271
1.33937731306
1.33937731265
1.33937731263
1.33937731264
1.33937731254
1.33937731273
1.33937731266
1.3393773128
1.33937731305
1.33937731281
1.33933277378
1.33933277378
1.33933277393
1.33933277386
1.33933277382
1.33933277373
1.33933277366
1.33933277376
1.33933277387
1.33933277379
1.33933277366
1.33933277375
1.33933277382
1.33933277386
1.33933277398
1.33933277385
1.339332774
1.33933277402
1.3393327739
1.33933277381
1.33933277417
1.33933277391
1.33933277379
1.33933277379
1.339332774
1.33933277384
1.33933277388
1.33933277371
1.33933277359
1.33933277375
1.3392891063
1.3392891063
1.3392891066
1.33928910666
1.33928910636
1.33928910603
1.33928910581
1.3392891061
1.33928910625
1.33928910605
1.33928910605
1.33928910564
1.33928910618
1.33928910621
1.33928910639
1.33928910617
1.33928910646
1.3392891064
1.33928910632
1.33928910603
1.3392891065
1.33928910638
1.33928910606
1.3392891059
1.33928910652
1.33928910627
1.339289106
1.33928910615
1.3392891061
1.33928910626
1.339265294
1.339265294
1.33926529406
1.339265294
1.33926529401
1.33926529367
1.33926529361
1.33926529374
1.33926529378
1.33926529381
1.3392652937
1.3392652936
1.33926529389
1.33926529381
1.33926529397
1.33926529395
1.33926529393
1.33926529405
1.33926529404
1.339265294
1.33926529419
1.33926529404
1.33926529404
1.33926529401
1.33926529411
1.33926529402
1.33926529412
1.33926529391
1.33926529385
1.33926529397
1.33925870332
1.33925870332
1.33925870334
1.33925870338
1.33925870332
1.33925870342
1.33925870342
1.33925870338
1.33925870338
1.33925870332
1.33925870336
1.33925870329
1.33925870331
1.33925870338
1.33925870332
1.33925870328
1.33925870332
1.33925870327
1.33925870332
1.33925870325
1.33925870324
1.33925870332
1.33925870324
1.3392587032
1.33925870334
1.3392587033
1.33925870317
1.33925870337
1.33925870336
1.33925870333
1.33925202662
1.33925202662
1.33925202654
1.33925202655
1.3392520266
1.33925202672
1.33925202678
1.33925202671
1.33925202665
1.33925202672
1.33925202676
1.33925202687
1.33925202667
1.33925202665
1.33925202662
1.33925202666
1.33925202659
1.33925202654
1.33925202662
1.3392520267
1.33925202648
1.33925202656
1.33925202667
1.33925202672
1.3392520265
1.33925202662
1.33925202666
1.33925202665
1.3392520267
1.33925202663
1.33923918503
1.33923918503
1.33923918485
1.33923918486
1.33923918499
1.33923918534
1.33923918547
1.33923918528
1.3392391852
1.33923918523
1.33923918535
1.33923918552
1.33923918512
1.33923918521
1.33923918502
1.3392391851
1.33923918498
1.33923918493
1.33923918501
1.33923918513
1.33923918485
1.33923918495
1.33923918508
1.33923918517
1.33923918488
1.33923918503
1.33923918506
1.33923918514
1.33923918522
1.33923918506
1.33922712499
1.33922712499
1.33922712487
1.33922712487
1.33922712497
1.33922712517
1.33922712528
1.33922712517
1.33922712507
1.33922712523
1.33922712522
1.33922712561
1.33922712515
1.33922712504
1.33922712504
1.33922712514
1.33922712503
1.33922712495
1.33922712501
1.33922712521
1.33922712483
1.33922712491
1.33922712515
1.33922712527
1.33922712477
1.33922712502
1.33922712518
1.33922712503
1.33922712512
1.33922712501
1.33922242297
1.33922242297
1.33922242287
1.33922242287
1.33922242295
1.33922242309
1.33922242312
1.33922242306
1.33922242305
1.33922242298
1.3392224231
1.33922242299
1.33922242295
1.33922242308
1.33922242292
1.33922242294
1.33922242291
1.33922242294
1.33922242295
1.33922242295
1.33922242295
1.33922242295
1.33922242293
1.33922242296
1.33922242297
1.33922242296
1.33922242293
1.339222423
1.33922242302
1.33922242298
1.33922112966
1.33922112966
1.33922112971
1.3392211297
1.33922112967
1.33922112961
1.33922112962
1.33922112963
1.33922112963
1.33922112969
1.33922112961
1.33922112975
1.3392211297
1.3392211296
1.33922112969
1.33922112969
1.33922112971
1.33922112968
1.33922112968
1.33922112971
1.33922112966
1.33922112965
1.3392211297
1.33922112971
1.33922112963
1.33922112968
1.33922112972
1.33922112966
1.33922112966
1.33922112966
1.33922023723
     fun: 1.3392202372268456
     jac: array([ 0.00307031,  0.00299819,  0.00051622, -0.0030667 , -0.00298975,
       -0.00184633, -0.00195764,  0.0019947 , -0.00351085,  0.00635141,
        0.00272985, -0.00400342,  0.00222781,  0.0022715 ,  0.00308564,
        0.00125724,  0.00123791,  0.00311017, -0.00017576, -0.00044975,
        0.00252281,  0.00335608, -0.00202049,  0.00134426,  0.00378899,
       -0.00027514, -0.00028016,  0.00010581])
 message: 'Optimization terminated successfully.'
    nfev: 1253
     nit: 40
    njev: 40
  status: 0
 success: True
       x: array([ 0.49638996, -0.48761872, -0.33858174, -0.51907962,  0.24200697,
        0.55836177, -0.03112831, -0.64623807,  0.37021721,  0.16674185,
        0.19838327, -0.45326701, -0.28024892,  0.16758794,  0.20408552,
       -0.40486962,  0.10872391, -0.25489085,  0.37979104, -0.23574445,
       -0.22258898,  0.15722426,  0.15196145, -0.12470191,  0.16292691,
       -0.36174256,  0.26111208, -0.37136453])

========================================================

Final result:
0.496389956655
-0.487618723454
-0.338581743268
0.109936836689
0.109936836689
0.109936836689
-0.519079617088
0.242006972496
0.558361769485
-0.0311283103885
-0.64623807362
0.370217212514
0.166741849074
0.166741849074
0.198383270343
-0.453267014801
-0.280248922576
0.167587935044
0.2040855169
-0.404869615766
0.1087239051
-0.254890852309
0.379791037886
-0.235744454536
-0.222588975916
0.157224260115
0.151961453104
-0.124701913288
0.162926908841
0.138003810314
-0.361742555464
0.261112082234
-0.371364527762
0.157331666997
0.157331666997
0.157331666997
