SER_methyl_methyl.filelist
7.26505652099
7.26505652099
7.26505633057
7.26505624079
7.26505648377
7.26505646167
7.26505652985
7.2650563391
7.26505633825
7.26505652504
7.26505601976
7.2650567441
7.26505641061
7.26505590066
7.26505684554
7.26505694818
7.26505658765
7925.34241815
1584.77292806
315.001826703
60.9165921706
11.2527108368
5.41900103942
5.41900103942
5.41900084834
5.41900084303
5.41900100244
5.41900167135
5.41900167575
5.4190015199
5.41900157102
5.41900145127
5.41900135365
5.41900207589
5.41900112496
5.4190013439
5.41900119011
5.41900120503
5.41900106952
12929.5013269
2906.76997764
651.781287135
144.46756753
30.4805773557
5.72518392514
3.11631441887
3.11631441887
3.11631440719
3.11631448651
3.11631441666
3.11631486125
3.11631479587
3.11631485541
3.11631488421
3.11631473756
3.1163149469
3.11631517224
3.11631449168
3.11631510015
3.11631423621
3.11631407215
3.11631437862
894.540101813
126.274890331
17.5289029774
3.42989919619
2.86168480817
2.86168480817
2.86168477419
2.86168489184
2.86168480189
2.86168538209
2.86168529829
2.86168533676
2.86168540752
2.86168510516
2.8616854376
2.86168538018
2.86168493608
2.86168558702
2.86168464323
2.86168449136
2.861684772
285.67785406
28.104864345
3.62631686698
2.78341783978
2.78341783978
2.78341791228
2.78341809023
2.78341785401
2.78341837763
2.78341824886
2.78341839888
2.78341852136
2.78341816311
2.78341850206
2.78341847632
2.78341797602
2.78341862661
2.78341770055
2.78341758249
2.78341780942
451.483757957
63.8012654896
8.91111245857
2.66098267994
2.66098267994
2.6609827082
2.6609827664
2.66098268462
2.66098318544
2.66098316481
2.66098320459
2.6609831971
2.66098297689
2.6609834663
2.66098323322
2.66098283873
2.66098366673
2.66098246486
2.66098233413
2.66098263625
79.0706129397
8.28802728488
2.62114042396
2.62114042396
2.62114047941
2.62114054047
2.62114043407
2.62114091947
2.62114089107
2.62114094778
2.62114094606
2.6211407111
2.62114121761
2.62114092438
2.62114060659
2.62114132158
2.62114011693
2.62114003954
2.62114036017
6.860081102
2.22522052414
2.22522052414
2.22522061595
2.22522061229
2.22522054091
2.22522054676
2.22522051783
2.22522063652
2.22522064834
2.22522054893
2.22522079799
2.22522043679
2.22522065131
2.2252208888
2.22522033471
2.22522026199
2.22522048465
49.2543589426
6.75923276447
2.12209280496
2.12209280496
2.12209295572
2.12209295383
2.12209283581
2.12209262062
2.12209263139
2.12209265696
2.12209260127
2.1220926616
2.12209275194
2.12209239544
2.1220928313
2.12209281725
2.12209270383
2.12209262834
2.12209278431
59.5825789663
7.98244387178
2.09150821053
1.9668427992
1.9668427992
1.96684292563
1.9668429292
1.96684282487
1.96684244672
1.96684242661
1.96684250484
1.96684245028
1.96684255159
1.96684258595
1.96684217958
1.96684275929
1.96684259012
1.96684273107
1.96684269984
1.96684278599
9.41551913338
2.04669740367
1.82051290022
1.82051290022
1.8205130335
1.82051299273
1.82051292644
1.82051244047
1.820512461
1.82051250822
1.82051247349
1.82051259517
1.82051253567
1.82051218099
1.82051281343
1.82051251998
1.82051288635
1.82051288301
1.82051289801
8.27045111492
1.84941837056
1.605085559
1.605085559
1.60508561969
1.60508560205
1.60508557021
1.60508509757
1.60508513213
1.6050851361
1.60508511169
1.60508526178
1.60508507904
1.60508489281
1.60508546273
1.60508502676
1.60508563709
1.60508568758
1.60508557569
3.29857596187
1.41479100206
1.41479100206
1.41479095151
1.4147909294
1.4147909919
1.41479101643
1.4147910273
1.41479097186
1.41479098973
1.41479100213
1.41479086181
1.41479104257
1.4147909821
1.41479079334
1.41479114276
1.41479120573
1.41479103168
1.48147783916
1.34120544641
1.34120544641
1.34120542255
1.34120542172
1.34120544111
1.34120548123
1.3412054778
1.34120547108
1.34120547703
1.34120547481
1.34120544995
1.34120553904
1.34120543593
1.34120544431
1.34120546292
1.34120546961
1.34120544961
1.38579653123
1.33125419825
1.33125419825
1.33125418478
1.33125418697
1.33125419497
1.33125422528
1.3312542256
1.33125422248
1.3312542259
1.33125421896
1.33125421887
1.33125425787
1.33125419666
1.33125421555
1.33125420251
1.33125419996
1.33125419911
1.39879005601
1.32263393371
1.32263393371
1.32263393291
1.32263393427
1.32263393307
1.32263395595
1.32263395552
1.32263395469
1.32263395595
1.32263394411
1.32263396053
1.32263395107
1.32263394277
1.32263396314
1.32263392851
1.32263392821
1.32263393261
1.31932063472
1.31932063472
1.3193206405
1.31932063982
1.31932063552
1.31932061458
1.31932061433
1.31932061832
1.31932061592
1.31932062439
1.3193206188
1.31932061508
1.31932063066
1.31932062075
1.31932063214
1.31932062879
1.3193206341
1.31602304183
1.31602304183
1.31602304354
1.3160230431
1.31602304199
1.31602302556
1.31602302628
1.31602302666
1.31602302529
1.31602303054
1.31602302564
1.31602301724
1.31602303677
1.31602302392
1.3160230434
1.31602304439
1.31602304211
1.31545901582
1.31545901582
1.31545901628
1.31545901592
1.31545901583
1.3154590163
1.31545901618
1.31545901713
1.31545901752
1.31545901842
1.31545901606
1.31545902313
1.31545901641
1.3154590163
1.31545901631
1.31545901615
1.31545901584
1.31532007516
1.31532007516
1.31532007448
1.31532007458
1.31532007498
1.31532007754
1.31532007748
1.31532007683
1.31532007675
1.31532007596
1.3153200769
1.31532007623
1.3153200756
1.31532007723
1.315320075
1.31532007458
1.31532007508
1.31525370689
1.31525370689
1.31525370725
1.31525370739
1.31525370692
1.3152537064
1.3152537064
1.3152537067
1.31525370659
1.31525370651
1.31525370724
1.31525370577
1.31525370668
1.31525370692
1.31525370668
1.31525370709
1.31525370682
1.31519977695
1.31519977695
1.31519977658
1.31519977653
1.31519977687
1.31519977644
1.31519977657
1.31519977625
1.31519977624
1.315199776
1.31519977619
1.3151997743
1.31519977679
1.3151997761
1.31519977702
1.31519977713
1.31519977695
1.31518989104
1.31518989104
1.31518989124
1.31518989133
1.31518989109
1.31518989109
1.31518989108
1.31518989114
1.31518989103
1.31518989114
1.31518989124
1.31518989141
1.315189891
1.31518989124
1.31518989101
1.31518989101
1.31518989103
1.31518669747
1.31518669747
1.3151866975
1.31518669748
1.31518669749
1.31518669745
1.31518669742
1.31518669753
1.31518669753
1.31518669756
1.31518669752
1.31518669773
1.31518669749
1.31518669751
1.31518669744
1.31518669744
1.31518669746
1.31518341985
1.31518341985
1.31518341979
1.31518341974
1.31518341985
1.31518341986
1.31518341988
1.31518341988
1.31518341993
1.31518341991
1.31518341976
1.31518342
1.3151834199
1.31518341981
1.31518341991
1.31518341988
1.31518341986
1.31518168421
1.31518168421
1.31518168412
1.31518168408
1.31518168419
1.31518168423
1.31518168423
1.31518168422
1.31518168424
1.31518168422
1.31518168416
1.31518168422
1.31518168424
1.31518168414
1.31518168418
1.31518168418
1.3151816842
     fun: 1.3151816842099375
     jac: array([-0.00607012, -0.00888449, -0.00122334,  0.00143452,  0.00113498,
        0.00040206,  0.00186379,  0.00080825, -0.00313884,  0.00046322,
        0.00194901, -0.00480276, -0.00193807, -0.00203353, -0.00050785])
 message: 'Optimization terminated successfully.'
    nfev: 479
     nit: 26
    njev: 26
  status: 0
 success: True
       x: array([ 0.48565452, -0.49148689, -0.22534129, -0.35300517,  0.23624925,
       -0.11163514,  0.11841857,  0.23377848,  0.53960654, -0.0063563 ,
       -0.55175213, -0.4734107 , -0.39037544,  0.28022425, -0.28647289])

========================================================

Final result:
0.485654517722
-0.491486894816
-0.225341286089
0.0770578877273
0.0770578877273
0.0770578877273
-0.353005173288
0.236249252399
-0.111635141678
0.118418565459
0.233778483555
0.539606541811
-0.00635629689333
-0.00635629689333
-0.551752125592
-0.473410702889
0.37446289401
-0.390375440871
0.28022424667
-0.286472888057
0.132208027419
0.132208027419
0.132208027419
