THR_neutral_methyl.filelist
7.9823556909
7.9823556909
7.98235463917
7.98235519204
7.98235524362
7.98235532168
7.98235552094
7.98235491744
7.9823555681
7.9823557275
7.98235550298
7.98235473538
7.98235594868
7.98235601163
7.98235615691
7.98235575691
24839.7078466
4962.24410116
989.202142955
195.159169687
36.8700744981
7.71420952675
5.95455043576
5.95455043576
5.95455094791
5.95455072196
5.95455065402
5.95455081098
5.95455067256
5.95455034664
5.95455072061
5.95455086244
5.95455044447
5.95455019388
5.95455185512
5.95455074697
5.95455087665
5.95455049948
20335.3741918
4231.67704273
878.916474697
180.91826813
35.8114892483
6.87001777822
4.17229234945
4.17229234945
4.17229336537
4.17229283964
4.17229265118
4.17229274
4.17229253398
4.17229244339
4.17229263135
4.17229240806
4.17229242595
4.17229237304
4.17229243441
4.17229256452
4.17229261863
4.1722923934
4640.35071114
828.619833206
147.052365133
25.3809413403
4.87651722094
3.46603413881
3.46603413881
3.46603513866
3.46603466249
3.46603460228
3.46603468239
3.46603444958
3.46603459496
3.46603461513
3.46603430264
3.46603424692
3.46603465566
3.46603452716
3.46603410185
3.46603402986
3.46603412979
734.595123187
111.688389573
16.6252544612
3.60163860195
3.11077402648
3.11077402648
3.11077540986
3.11077470894
3.11077453619
3.1107745476
3.11077431469
3.11077456941
3.11077436771
3.11077419997
3.11077416765
3.11077467899
3.11077447011
3.11077391854
3.11077379121
3.11077400198
383.882424004
47.8598844031
6.23479648576
2.94586491708
2.94586491708
2.94586636187
2.94586566389
2.94586554467
2.94586563215
2.94586522897
2.94586562134
2.94586522229
2.94586508528
2.94586510542
2.94586572263
2.94586532234
2.94586483434
2.94586473734
2.94586489898
109.300251714
11.6469009003
2.96193105024
2.83454758703
2.83454758703
2.83454911673
2.83454835616
2.83454822484
2.8345482577
2.8345479182
2.83454835043
2.83454793966
2.83454775716
2.83454778491
2.83454847703
2.83454798537
2.83454750146
2.83454741093
2.8345475695
55.317445558
5.65175418706
2.7663927193
2.7663927193
2.76639423894
2.76639348092
2.76639336451
2.766393398
2.76639305027
2.76639351024
2.76639305876
2.76639287872
2.76639293767
2.76639356737
2.76639307944
2.76639256799
2.766392526
2.76639268775
11.0511900363
2.68096488446
2.40333646518
2.40333646518
2.40333754453
2.40333697441
2.40333691838
2.40333693356
2.40333669024
2.40333706189
2.40333667925
2.40333652825
2.40333666979
2.40333717064
2.40333654566
2.40333630716
2.40333623433
2.40333643196
22.0694646306
3.89391952542
1.97087604495
1.97087604495
1.97087606745
1.97087601926
1.97087606077
1.97087601393
1.97087600022
1.97087623278
1.97087598151
1.97087591059
1.97087606806
1.97087630387
1.97087558292
1.9708758697
1.97087580693
1.970876009
10.1801417631
2.09729832299
1.83195702149
1.83195702149
1.83195664571
1.83195682579
1.83195688067
1.83195680831
1.83195689484
1.83195702931
1.83195686521
1.83195684373
1.83195700896
1.83195708568
1.83195645729
1.8319568692
1.83195681151
1.83195699036
2.55724090066
1.66069800953
1.66069800953
1.66069765755
1.66069783338
1.66069787474
1.66069785469
1.66069793355
1.66069789459
1.66069790651
1.66069799076
1.66069797262
1.66069790133
1.66069800015
1.6606979821
1.66069800049
1.66069800367
2.76920783057
1.59705954093
1.59705954093
1.59705939521
1.59705946839
1.59705948191
1.59705949021
1.59705952543
1.59705944267
1.59705951384
1.59705959929
1.59705951768
1.59705940766
1.59705977434
1.59705959466
1.59705962046
1.59705955235
1.63111469701
1.54506660566
1.54506660566
1.54506654357
1.54506657364
1.54506655895
1.54506656342
1.54506657938
1.54506652038
1.54506659735
1.54506657023
1.54506658845
1.5450665023
1.54506649539
1.54506665019
1.54506666255
1.5450666149
1.51676031793
1.51676031793
1.51676049897
1.51676042009
1.51676042308
1.51676043625
1.51676038439
1.51676045173
1.51676038802
1.51676038571
1.51676034608
1.51676047309
1.51676052407
1.51676027888
1.51676025863
1.51676030952
1.50254671404
1.50254671404
1.50254673242
1.50254671493
1.50254670421
1.50254669713
1.50254669886
1.50254670706
1.50254668784
1.50254668711
1.50254671831
1.5025467062
1.5025466246
1.50254671539
1.50254671996
1.50254671437
1.49987252452
1.49987252452
1.49987245866
1.4998724937
1.49987250443
1.49987250471
1.49987251741
1.49987250416
1.4998725256
1.49987251967
1.49987251552
1.49987250401
1.49987251146
1.49987252379
1.49987252279
1.49987252435
1.49891723526
1.49891723526
1.49891725262
1.49891724461
1.49891724092
1.49891724188
1.49891723826
1.49891723897
1.49891723595
1.49891724056
1.4989172365
1.49891723815
1.4989172529
1.49891723711
1.49891723713
1.49891723561
1.49873068693
1.49873068693
1.49873069162
1.49873068902
1.49873068916
1.49873068945
1.4987306883
1.49873069007
1.49873068853
1.4987306871
1.49873068822
1.4987306903
1.49873068655
1.49873068652
1.49873068682
1.49873068684
1.49867666965
1.49867666965
1.49867666648
1.49867666788
1.49867666804
1.49867666773
1.49867666862
1.49867666832
1.49867666861
1.4986766685
1.49867666915
1.49867666852
1.49867666604
1.49867666922
1.49867666894
1.49867666955
1.49865574485
1.49865574485
1.49865574324
1.49865574421
1.49865574438
1.49865574449
1.49865574465
1.49865574423
1.49865574475
1.49865574487
1.49865574456
1.49865574403
1.498655745
1.4986557451
1.49865574524
1.49865574491
1.49865110484
1.49865110484
1.49865110532
1.49865110504
1.49865110489
1.49865110483
1.49865110491
1.49865110478
1.49865110489
1.49865110503
1.49865110487
1.49865110485
1.49865110546
1.49865110481
1.4986511047
1.49865110484
1.49864970382
1.49864970382
1.49864970403
1.49864970393
1.49864970394
1.49864970397
1.49864970384
1.49864970398
1.49864970381
1.49864970381
1.49864970386
1.49864970399
1.49864970372
1.49864970381
1.49864970382
1.49864970382
1.49864862931
1.49864862931
1.49864862931
1.49864862932
1.49864862935
1.49864862935
1.49864862932
1.49864862942
1.49864862934
1.49864862926
1.49864862933
1.49864862939
1.49864862909
1.4986486293
1.49864862935
1.49864862932
1.49864805642
     fun: 1.4986480564191818
     jac: array([ -5.20348549e-05,   7.88867474e-05,   2.53239274e-03,
         2.35483050e-03,   2.05889344e-04,   6.87630475e-03,
         1.76230073e-03,  -3.55632603e-03,   1.27100945e-03,
         5.37113845e-03,  -1.50849074e-02,  -6.77660108e-04,
         2.66045332e-03,   8.15540552e-05])
 message: 'Optimization terminated successfully.'
    nfev: 423
     nit: 24
    njev: 24
  status: 0
 success: True
       x: array([ 0.28870096, -0.79121836,  0.28133772, -0.0437126 ,  0.60603965,
        0.41139866, -0.16711797, -0.10344327, -0.68314335, -0.4679085 ,
        0.0022344 , -0.36622026,  0.26817553, -0.31549714])

========================================================

Final result:
0.288700957176
-0.791218358187
0.288700957176
0.28133772238
-0.0437126045941
0.606039645124
0.41139865943
-0.167117967835
-0.10344326719
-0.683143352777
-0.46790850266
0.00223440394131
0.00223440394131
0.00223440394131
0.373662900134
-0.366220260477
0.26817552708
-0.315497138124
0.137847290507
0.137847290507
0.137847290507
