GLN_methyl_neutral.filelist
5.6428493114
5.6428493114
5.64284899893
5.64284883947
5.64284925033
5.64285013924
5.64285027438
5.64284994213
5.64284989711
5.64285002089
5.64284969756
5.64285072744
5.64285010261
5.64284968653
5.64285099167
5.64285004681
5.64284993015
5.64285013917
5.64285102953
5.64284949934
93402.3195798
18428.884417
3634.66472965
715.388839298
139.395955399
26.0452118859
5.48437399143
4.27879126387
4.27879126387
4.27879092329
4.27879076844
4.27879119726
4.27879160005
4.27879172782
4.27879138633
4.27879130257
4.27879130165
4.27879135266
4.27879132977
4.27879123259
4.27879138266
4.27879130439
4.27879101432
4.27879084455
4.27879103125
4.27879080342
4.27879129702
7676.71944997
1618.0018255
339.802961564
70.1948911145
13.6003826484
3.28193217602
3.28193217602
3.28193219724
3.28193220946
3.28193217856
3.28193160747
3.2819315645
3.28193168604
3.28193167283
3.28193162918
3.28193186825
3.28193101055
3.28193167337
3.28193188778
3.28193122372
3.28193165059
3.28193147179
3.28193185813
3.28193169118
3.28193202117
2586.60472019
411.181829837
64.7835976807
9.99005215869
3.03314416691
3.03314416691
3.03314442077
3.03314455115
3.03314421458
3.03314340082
3.03314327452
3.03314362918
3.03314368416
3.03314359698
3.03314385661
3.03314307177
3.03314350716
3.03314391022
3.03314281637
3.03314345871
3.03314342558
3.03314345853
3.03314273771
3.03314399833
464.191185921
50.7804592041
5.93079507253
2.92099467464
2.92099467464
2.92099489021
2.92099501596
2.92099471512
2.92099389417
2.92099377292
2.92099408521
2.92099413515
2.92099401905
2.92099431467
2.92099339127
2.92099391913
2.92099433755
2.92099307235
2.92099394691
2.9209940048
2.9209939056
2.92099309358
2.92099449801
221.330163015
22.031026118
3.46488531559
2.90297327861
2.90297327861
2.90297350793
2.90297364988
2.90297332191
2.90297249964
2.90297236779
2.90297269006
2.90297275546
2.90297260529
2.90297291614
2.90297192702
2.90297253123
2.90297293419
2.90297172488
2.90297254095
2.90297259014
2.90297249347
2.90297165992
2.90297310309
81.1105585932
8.17904738219
2.88274026772
2.88274026772
2.88274052183
2.88274064306
2.88274031669
2.88273948403
2.88273939461
2.88273965509
2.88273966523
2.88273959392
2.88273990715
2.88273894174
2.88273950927
2.88273995794
2.88273867919
2.8827395251
2.88273957635
2.88273948061
2.88273864732
2.88274007519
42.3707138364
4.86307628384
2.86540562497
2.86540562497
2.86540588951
2.86540602726
2.86540567631
2.8654048757
2.86540477981
2.86540503661
2.8654050641
2.86540496244
2.86540526413
2.86540432076
2.86540486684
2.8654052823
2.86540403016
2.86540488014
2.86540491833
2.86540485101
2.86540404341
2.86540545015
70.9182824128
7.15112235314
2.82686151952
2.82686151952
2.82686175074
2.82686184028
2.82686156433
2.82686078269
2.82686072021
2.82686093071
2.82686092362
2.82686092046
2.82686112383
2.82686036904
2.82686085094
2.82686107948
2.82686013183
2.8268608513
2.82686089987
2.82686079516
2.82686001545
2.82686135894
97.9013414849
19.844992681
3.74708144822
1.90879132699
1.90879132699
1.90879142245
1.90879143014
1.90879134628
1.90879122468
1.90879120532
1.9087912598
1.90879124897
1.90879129673
1.90879127067
1.90879129817
1.90879130049
1.90879120793
1.9087912562
1.90879133106
1.90879141019
1.90879128919
1.90879122118
1.90879135027
18.4017773048
2.70898127309
1.79367471615
1.79367471615
1.79367476566
1.79367475849
1.79367472695
1.79367478559
1.79367477325
1.79367477847
1.79367477391
1.79367483087
1.79367472284
1.79367497491
1.79367485208
1.79367466942
1.79367498077
1.79367488687
1.79367496361
1.79367484981
1.79367495574
1.79367473733
5.65565864306
1.71513631498
1.71513631498
1.71513625639
1.71513620512
1.71513630323
1.7151366525
1.71513672081
1.71513660005
1.71513660267
1.71513665872
1.7151364738
1.71513701239
1.71513670667
1.71513642817
1.71513710974
1.71513673617
1.71513676395
1.71513672077
1.71513709273
1.71513641594
5.87533795214
1.7198591234
1.69184802424
1.69184802424
1.69184794586
1.6918479176
1.69184800882
1.69184836737
1.69184842028
1.69184830383
1.69184829819
1.6918483567
1.69184818379
1.69184869772
1.6918484022
1.69184814083
1.69184879319
1.6918484264
1.69184844772
1.69184841406
1.69184877215
1.69184812391
2.64898518799
1.5334365197
1.5334365197
1.53343644354
1.5334364207
1.53343650426
1.5334365875
1.53343661235
1.53343654673
1.53343654189
1.53343651175
1.53343654897
1.5334364896
1.53343649951
1.53343657121
1.53343650261
1.53343645363
1.53343642072
1.53343647052
1.5334364343
1.53343652252
2.16920181665
1.50250781035
1.50250781035
1.5025077673
1.50250775385
1.50250780164
1.50250780675
1.50250780748
1.5025077854
1.50250778236
1.50250774844
1.50250780866
1.50250767274
1.50250773578
1.50250783538
1.50250767277
1.50250770317
1.50250766105
1.50250772442
1.50250764326
1.50250779496
1.58250425086
1.46147057762
1.46147057762
1.46147060594
1.46147062324
1.46147058277
1.4614705114
1.4614704915
1.46147053676
1.461470546
1.4614705362
1.46147055692
1.46147049328
1.46147054136
1.46147056965
1.46147049867
1.46147055315
1.46147054866
1.46147057387
1.46147058287
1.46147055956
1.44992975454
1.44992975454
1.44992975107
1.44992974568
1.44992975395
1.44992975345
1.44992975988
1.44992974074
1.4499297318
1.44992973725
1.44992974121
1.44992973074
1.44992972183
1.44992972883
1.44992968536
1.44992970687
1.44992972281
1.44992967614
1.44992957556
1.44992975545
1.43954961496
1.43954961496
1.43954960868
1.43954960404
1.43954961355
1.43954964414
1.43954964736
1.43954963987
1.43954964001
1.43954964509
1.43954962915
1.4395496723
1.43954965583
1.4395496255
1.43954969884
1.43954966064
1.43954965865
1.43954966817
1.43954972827
1.43954962394
1.43669788856
1.43669788856
1.43669789329
1.43669789706
1.43669788925
1.43669787743
1.43669787533
1.43669788243
1.43669788496
1.43669788118
1.43669788658
1.43669787555
1.43669787886
1.43669789103
1.43669786596
1.4366978784
1.43669787808
1.4366978778
1.43669786606
1.43669788491
1.4340510641
1.4340510641
1.4340510666
1.43405106856
1.43405106445
1.4340510503
1.43405104871
1.4340510525
1.43405105274
1.43405105033
1.43405105732
1.43405103694
1.43405104882
1.43405105884
1.43405103212
1.43405104789
1.43405104707
1.43405104806
1.43405103208
1.43405105986
1.43251185567
1.43251185567
1.43251185677
1.43251185718
1.43251185585
1.43251186147
1.43251186073
1.43251186215
1.43251186299
1.43251186281
1.4325118607
1.43251187181
1.43251186129
1.43251186189
1.43251186651
1.43251186048
1.43251186195
1.43251185793
1.43251185849
1.43251185773
1.43238109365
1.43238109365
1.43238109237
1.43238109157
1.43238109338
1.43238109241
1.4323810934
1.4323810913
1.43238109047
1.4323810911
1.43238109125
1.43238108764
1.43238109231
1.43238108981
1.4323810915
1.43238109315
1.43238109265
1.43238109424
1.43238109559
1.43238109304
1.4322931811
1.4322931811
1.43229318096
1.43229318089
1.43229318104
1.43229318053
1.43229318059
1.43229318045
1.43229318032
1.4322931803
1.43229318056
1.43229317942
1.43229318043
1.43229318048
1.43229317996
1.43229318039
1.43229318012
1.43229318061
1.43229318033
1.43229318093
1.4322757455
1.4322757455
1.43227574586
1.43227574607
1.43227574555
1.43227574543
1.43227574518
1.4322757458
1.43227574593
1.43227574574
1.43227574593
1.43227574619
1.43227574557
1.43227574613
1.43227574549
1.43227574561
1.43227574577
1.43227574547
1.43227574538
1.43227574551
1.43225409379
1.43225409379
1.43225409394
1.43225409403
1.43225409381
1.4322540944
1.43225409428
1.43225409454
1.43225409464
1.43225409455
1.43225409439
1.43225409549
1.43225409431
1.43225409467
1.43225409464
1.43225409426
1.43225409452
1.43225409396
1.43225409388
1.43225409399
1.43224695172
1.43224695172
1.43224695182
1.43224695184
1.43224695174
1.43224695174
1.43224695172
1.43224695183
1.43224695184
1.43224695189
1.43224695177
1.43224695209
1.43224695188
1.43224695177
1.43224695213
1.43224695171
1.43224695161
1.43224695171
1.43224695168
1.43224695177
1.43224328254
1.43224328254
1.43224328238
1.43224328232
1.43224328251
1.43224328239
1.43224328246
1.43224328228
1.4322432822
1.43224328218
1.43224328233
1.43224328169
1.43224328224
1.4322432823
1.43224328184
1.43224328241
1.43224328248
1.4322432825
1.43224328252
1.43224328246
1.43224181464
1.43224181464
1.43224181461
1.43224181459
1.43224181463
1.43224181457
1.4322418146
1.43224181454
1.43224181451
1.43224181456
1.43224181453
1.43224181444
1.43224181462
1.43224181446
1.43224181465
1.43224181461
1.43224181455
1.43224181467
1.43224181474
1.43224181461
     fun: 1.4322418146357205
     jac: array([-0.00152318, -0.00312935, -0.00013894, -0.00472441, -0.00221455,
       -0.00623274, -0.00822856, -0.00522844, -0.00691666, -0.01308632,
       -0.00109573, -0.01169927,  0.0010848 , -0.00173786, -0.00553574,
        0.00222151,  0.0066911 , -0.00176553])
 message: 'Optimization terminated successfully.'
    nfev: 599
     nit: 28
    njev: 28
  status: 0
 success: True
       x: array([ 0.46318861, -0.46206028, -0.31334866, -0.41937903,  0.23527915,
        0.21391921,  0.01923296,  0.19547331,  0.53917213, -0.01839022,
       -0.48390226, -0.4951596 ,  0.12595637,  0.88786197, -0.56387639,
       -1.112213  ,  0.45162554, -0.54960349])

========================================================

Final result:
0.46318860932
-0.462060281478
-0.313348658289
0.104073443483
0.104073443483
0.104073443483
-0.419379031031
0.235279150364
0.213919212835
0.0192329580792
0.195473314364
0.539172130559
-0.0183902153197
-0.0183902153197
-0.483902264114
-0.495159604669
0.12595636701
0.12595636701
0.887861974358
-0.563876391338
-1.11221300222
0.451625542816
0.451625542816
-0.549603494337
0.414811658138
