GLH_neutral_methyl.filelist
7.83309206076
7.83309206076
7.83309024971
7.83309117554
7.83309120272
7.83309127868
7.83309143082
7.83309089485
7.83309079036
7.83309166721
7.83309074087
7.83309129755
7.83309188966
7.8330920404
7.83309190303
7.8330923472
7.83309246241
7.83309211904
76669.9810383
15502.0113005
3132.25693231
630.792684806
125.046375273
23.4017363883
6.22263671409
6.22263671409
6.22263798937
6.22263734704
6.22263720286
6.22263730808
6.22263716796
6.22263692846
6.22263752308
6.2226372705
6.2226367918
6.22263804023
6.2226370845
6.22263712488
6.22263685967
6.22263698563
6.22263709773
6.22263676946
6201.11701704
1314.38486572
276.820749111
56.6553110458
10.6856365618
4.22651065344
4.22651065344
4.22651290125
4.22651177793
4.2265116219
4.22651167916
4.22651142296
4.22651158178
4.22651219446
4.22651123182
4.22651161105
4.2265118722
4.22651094585
4.22651082219
4.22651085733
4.22651067003
4.22651063365
4.22651065597
1360.25097786
135.181461375
13.2580762073
4.18057187744
4.18057187744
4.18057390699
4.18057292267
4.18057287058
4.18057292898
4.18057268909
4.18057293136
4.18057346327
4.18057257028
4.18057302729
4.18057339569
4.18057226666
4.18057218967
4.18057210009
4.18057176277
4.18057166276
4.18057185232
463.634455314
45.8240099895
5.6211785581
4.10383866375
4.10383866375
4.10384086525
4.10383977858
4.10383967367
4.10383971317
4.1038394484
4.103839747
4.10384014566
4.10383935422
4.10383984975
4.10384019315
4.10383905709
4.10383899967
4.10383887459
4.10383853626
4.10383843116
4.10383863597
193.956079231
22.5332202846
4.40439238359
3.90467924168
3.90467924168
3.90468154784
3.90468038953
3.90468028131
3.90468025622
3.9046800864
3.90468040483
3.90468088959
3.90467996177
3.90468053081
3.90468082036
3.90467964363
3.90467955981
3.90467947416
3.90467911967
3.90467902209
3.90467921634
174.250729957
17.2489345867
3.99364048123
3.84615351393
3.84615351393
3.84615581194
3.84615467256
3.84615458935
3.84615460174
3.8461543589
3.8461547238
3.84615513695
3.84615423354
3.84615483479
3.84615509428
3.84615391051
3.84615382162
3.84615374465
3.84615340483
3.84615333
3.84615349173
69.1651171239
7.76841373267
3.7196254087
3.7196254087
3.7196276638
3.71962653592
3.71962645675
3.71962644359
3.71962623593
3.71962661874
3.71962701256
3.71962609839
3.71962665352
3.71962690583
3.71962579502
3.71962571416
3.71962563588
3.71962522352
3.71962519681
3.71962537023
18.619196395
3.89223970149
3.12572832587
3.12572832587
3.12573001783
3.12572914858
3.12572911077
3.12572908749
3.12572893339
3.1257292868
3.12572950173
3.12572881601
3.1257293304
3.12572941662
3.12572853992
3.12572835765
3.12572852383
3.12572811037
3.12572807494
3.12572828091
253.89987411
44.870680114
7.65988744441
2.65506985916
2.65506985916
2.65507038853
2.65507007071
2.65507011974
2.65507008699
2.65507003582
2.65507030282
2.65507024221
2.65506991877
2.65507039519
2.65506991062
2.6550698871
2.6550698228
2.65506993446
2.65506967821
2.65506961509
2.65506982229
21.6314333428
3.78140745008
2.27426323327
2.27426323327
2.27426278646
2.2742629711
2.27426305653
2.27426299921
2.27426305139
2.27426323972
2.27426293821
2.27426295846
2.27426331357
2.27426256101
2.2742630409
2.27426301674
2.2742631564
2.2742630632
2.27426300744
2.27426319898
13.7439854549
2.58279961882
2.08313063229
2.08313063229
2.08312969919
2.08313015696
2.08313023849
2.08313016979
2.0831302746
2.08313039382
2.08312999338
2.08313021591
2.08313044619
2.08312964662
2.08313036996
2.08313034935
2.08313053434
2.08313049819
2.08313044924
2.08313060563
3.56282225937
1.72320850028
1.72320850028
1.72320757268
1.72320803178
1.72320806141
1.72320805447
1.72320815157
1.72320801789
1.7232078202
1.72320821807
1.72320799274
1.72320789691
1.72320834878
1.72320838862
1.72320840651
1.72320855255
1.72320860668
1.72320851118
3.33234494561
1.62401552555
1.62401552555
1.6240151082
1.62401531703
1.62401531195
1.62401532867
1.62401536896
1.62401522749
1.62401520351
1.62401544539
1.62401516726
1.62401538926
1.62401549855
1.62401553862
1.62401548443
1.62401563409
1.62401567282
1.6240155485
1.78925920393
1.53825911717
1.53825911717
1.53825920159
1.53825917295
1.53825915557
1.53825917094
1.53825915276
1.53825912578
1.53825918836
1.53825915753
1.5382591192
1.53825921629
1.53825914288
1.53825914729
1.53825912261
1.53825914361
1.53825914018
1.53825912252
1.50258707075
1.50258707075
1.50258726801
1.50258715947
1.50258715736
1.50258714857
1.50258713727
1.50258718739
1.5025871977
1.50258712881
1.50258719202
1.50258719852
1.50258710383
1.50258709005
1.50258709616
1.50258704289
1.50258704452
1.50258706521
1.48563736725
1.48563736725
1.4856372883
1.48563732735
1.48563733572
1.48563733797
1.48563733917
1.48563733881
1.48563732064
1.48563733069
1.48563734642
1.48563727871
1.48563734308
1.48563734095
1.48563735809
1.48563736154
1.48563735503
1.48563736609
1.4843294701
1.4843294701
1.48432947584
1.48432947508
1.48432947048
1.48432946659
1.48432947145
1.48432946962
1.48432946929
1.48432947825
1.48432946656
1.48432949194
1.48432947743
1.48432948331
1.48432946853
1.48432947294
1.48432947627
1.48432947079
1.4825930864
1.4825930864
1.48259309399
1.48259309035
1.48259308948
1.48259309095
1.48259308931
1.48259308612
1.48259309149
1.48259309086
1.48259308354
1.48259309796
1.48259308821
1.48259308703
1.48259308866
1.48259308931
1.48259309129
1.48259308704
1.48300603027
1.48232382565
1.48232382565
1.48232383385
1.48232382952
1.48232382952
1.48232383073
1.48232382871
1.48232382822
1.48232383189
1.48232382833
1.48232382789
1.48232383128
1.48232382677
1.48232382498
1.48232382725
1.48232382638
1.48232382644
1.48232382583
1.48220473783
1.48220473783
1.48220472999
1.48220473368
1.48220473447
1.48220473337
1.48220473476
1.48220473639
1.48220473238
1.48220473472
1.48220473793
1.48220473005
1.48220473656
1.48220473865
1.48220473629
1.48220473629
1.48220473513
1.48220473756
1.48205086025
1.48205086025
1.48205085624
1.48205085838
1.4820508585
1.48205085792
1.48205085862
1.48205085921
1.48205085751
1.48205085839
1.48205085911
1.48205085576
1.48205085888
1.48205085892
1.48205085939
1.48205085972
1.48205085992
1.48205086017
1.48195619852
1.48195619852
1.48195620014
1.48195619948
1.48195619918
1.48195619945
1.4819561992
1.48195619845
1.48195619915
1.48195620033
1.48195619848
1.48195620313
1.4819561999
1.48195620002
1.48195619902
1.48195619894
1.48195619884
1.4819561986
1.48192691636
1.48192691636
1.48192692062
1.48192691842
1.48192691802
1.48192691826
1.48192691781
1.4819269175
1.48192691966
1.48192691702
1.48192691682
1.48192691733
1.48192691653
1.48192691594
1.48192691678
1.4819269172
1.48192691787
1.48192691653
1.48191884474
1.48191884474
1.48191884261
1.48191884375
1.48191884404
1.48191884407
1.48191884409
1.48191884441
1.4819188433
1.48191884426
1.48191884451
1.48191884391
1.48191884428
1.48191884415
1.48191884452
1.48191884416
1.48191884396
1.48191884461
1.4819142867
1.4819142867
1.48191428641
1.48191428653
1.48191428646
1.48191428637
1.48191428652
1.48191428649
1.48191428634
1.4819142866
1.48191428663
1.48191428645
1.48191428668
1.48191428677
1.48191428667
1.48191428671
1.48191428661
1.4819142867
1.48191323722
1.48191323722
1.48191323717
1.48191323724
1.48191323732
1.48191323742
1.48191323731
1.4819132373
1.48191323737
1.48191323735
1.48191323723
1.48191323747
1.48191323736
1.48191323747
1.48191323725
1.48191323724
1.48191323729
1.48191323722
1.481912399
     fun: 1.4819123990035978
     jac: array([-0.00349648,  0.00093724,  0.00636853,  0.01313545,  0.00587822,
        0.00497015,  0.00990561,  0.00822021,  0.0005303 ,  0.01620734,
        0.00913827,  0.01623654,  0.00149241,  0.00105825,  0.00461712,
       -0.00016935])
 message: 'Optimization terminated successfully.'
    nfev: 525
     nit: 27
    njev: 27
  status: 0
 success: True
       x: array([ 0.28960617, -0.79870859,  0.28033272, -0.02953242,  0.26464202,
        0.42641282, -0.07697711, -0.00309963, -0.48428153,  0.01065858,
        0.57196891, -0.52438555, -0.57344797, -0.34459952,  0.25405982,
       -0.37428475])

========================================================

Final result:
0.289606167253
-0.798708586682
0.289606167253
0.280332718826
-0.0295324242173
0.264642018055
0.426412821283
-0.0769771098653
-0.0769771098653
-0.00309963286502
-0.484281534941
0.0106585777751
0.0106585777751
0.571968911745
-0.524385547075
-0.573447970263
0.423523955807
-0.344599515336
0.254059819282
-0.374284747571
0.154941481209
0.154941481209
0.154941481209
