HID_methyl_neutral.filelist
5.90277905653
5.90277905653
5.90277878483
5.90277863132
5.90277900323
5.90277989456
5.9027800177
5.90277973521
5.90277967675
5.90277987509
5.90277949028
5.90278071182
5.90277998883
5.90277951734
5.90278003613
5.90278008351
5.90277998729
5.90278017271
5.90278021776
5.90278007078
5.9027802379
5.90277924182
85578.055445
19111.5217937
4266.1874955
950.480180326
209.942345102
44.6710045686
8.47104313139
3.48949476916
3.48949476916
3.48949445519
3.48949427523
3.48949470721
3.48949490804
3.48949503808
3.48949473812
3.48949461991
3.48949466132
3.48949479682
3.48949454805
3.48949460542
3.48949490599
3.48949455345
3.48949464344
3.4894944974
3.48949461099
3.48949468532
3.48949465906
3.48949461072
3.48949472545
4090.67982545
809.935861073
159.466469639
30.5931352522
5.61634616563
2.6391030463
2.6391030463
2.6391030409
2.6391030165
2.63910304353
2.63910259051
2.63910258088
2.63910264728
2.63910262358
2.63910256932
2.63910283591
2.63910205884
2.63910254958
2.63910293523
2.63910253142
2.639102604
2.63910247287
2.63910263067
2.63910270195
2.6391025974
2.63910266274
2.63910289589
2196.32909164
271.187068771
33.1971516315
4.44252064572
2.49781261801
2.49781261801
2.49781267599
2.49781269059
2.49781262775
2.49781215437
2.49781212532
2.49781223782
2.49781223907
2.49781215075
2.49781242805
2.49781173262
2.49781201364
2.49781253209
2.49781194324
2.4978119864
2.49781192718
2.49781192523
2.49781197815
2.49781199145
2.49781189309
2.49781247944
496.975374388
58.1621487754
6.88713785961
2.41837727246
2.41837727246
2.41837730878
2.41837735738
2.41837727845
2.41837679863
2.41837674972
2.4183768365
2.41837688396
2.41837667282
2.41837698894
2.4183760507
2.41837655305
2.41837698294
2.41837656888
2.41837646521
2.41837663087
2.41837651489
2.41837648174
2.41837641211
2.41837652115
2.41837714735
450.794732085
44.6745382917
4.64055462514
2.36792750214
2.36792750214
2.36792755304
2.36792760669
2.36792751098
2.36792698095
2.36792693111
2.36792702496
2.36792707572
2.36792686914
2.36792717175
2.36792621403
2.36792675497
2.36792712696
2.36792670644
2.36792672521
2.36792672544
2.3679266568
2.3679266993
2.36792674071
2.36792660837
2.36792737436
189.375962061
18.5706386198
2.75127222019
2.29962492156
2.29962492156
2.29962498209
2.29962500988
2.29962493226
2.29962432497
2.29962430285
2.29962437713
2.29962438295
2.29962425319
2.29962456364
2.29962358658
2.29962413425
2.2996245502
2.2996241064
2.29962407645
2.29962416273
2.29962402053
2.29962403428
2.29962408363
2.29962396893
2.29962476318
236.827092603
23.4550619083
3.02327194304
2.26933858224
2.26933858224
2.26933866415
2.26933871974
2.26933859737
2.26933799876
2.26933796299
2.26933804753
2.26933807246
2.26933788346
2.26933824405
2.26933715107
2.26933777215
2.26933825254
2.26933774072
2.26933772498
2.26933779415
2.26933765598
2.26933767701
2.26933774412
2.26933759968
2.26933842395
36.9215308598
4.85973544618
2.14462057873
2.14462057873
2.14462068926
2.14462076647
2.14462060016
2.1446199551
2.14461991408
2.14461999879
2.14462000302
2.14461984421
2.14462020681
2.14461909449
2.14461972043
2.14462019476
2.14461967528
2.1446196605
2.14461970061
2.14461960405
2.14461958579
2.1446196853
2.14461958865
2.14462041746
44.391101247
4.85191757115
2.08109507393
2.08109507393
2.08109516047
2.08109525125
2.08109508971
2.08109443017
2.08109434926
2.08109450549
2.08109454113
2.08109435073
2.08109471348
2.08109359631
2.08109424157
2.08109470146
2.081094198
2.08109417394
2.08109422751
2.08109410487
2.08109406878
2.08109420506
2.08109407927
2.08109492135
21.5618427986
3.11636771929
1.95245849942
1.95245849942
1.95245861401
1.95245870593
1.95245852125
1.95245789939
1.95245782146
1.95245797226
1.95245800191
1.95245784031
1.9524581634
1.95245714742
1.95245775608
1.95245814596
1.95245771255
1.9524576835
1.95245771905
1.95245762322
1.95245759544
1.95245767547
1.95245756911
1.95245836054
8.59898031373
1.9500203078
1.68880369946
1.68880369946
1.68880385582
1.68880389806
1.68880372928
1.68880331864
1.6888032684
1.68880340842
1.68880346769
1.6888033513
1.68880349835
1.68880298294
1.68880331603
1.68880347274
1.68880330025
1.68880326338
1.68880331059
1.68880323363
1.68880318955
1.6888032634
1.68880321006
1.68880361772
19.2052865574
3.076221762
1.49547081462
1.49547081462
1.49547094246
1.49547102255
1.49547083985
1.495470792
1.49547071542
1.49547085034
1.4954708991
1.49547089019
1.49547081593
1.49547097106
1.49547091753
1.49547077027
1.4954709399
1.49547089867
1.49547095957
1.49547090968
1.49547087627
1.49547089359
1.49547090734
1.49547083388
6.39988670793
1.51586571769
1.46428205155
1.46428205155
1.46428217067
1.46428223402
1.4642820747
1.46428206703
1.46428201279
1.46428212628
1.46428217028
1.46428217504
1.46428208599
1.46428230619
1.46428220798
1.46428203502
1.46428223249
1.46428219435
1.46428225142
1.46428220867
1.46428217878
1.46428218963
1.46428220923
1.46428210249
4.81479131368
1.42955885972
1.42955885972
1.42955884774
1.42955886487
1.42955885647
1.42955905948
1.42955908125
1.42955905317
1.42955906496
1.42955911673
1.42955897422
1.42955938479
1.42955915658
1.4295589679
1.42955917295
1.42955916359
1.42955916912
1.42955917766
1.42955916727
1.4295591602
1.4295591828
1.42955890903
1.97139957603
1.33540013977
1.33540013977
1.33540004353
1.33539999029
1.33540012057
1.33540033116
1.33540038192
1.33540026891
1.33540023614
1.33540028915
1.33540023185
1.3354004465
1.33540029789
1.33540025821
1.33540029229
1.33540031263
1.33540027707
1.33540030725
1.33540032257
1.33540031704
1.3354003083
1.33540016233
1.29303064774
1.29303064774
1.29303069843
1.29303072377
1.29303065706
1.29303051228
1.29303048427
1.29303054983
1.29303057049
1.29303053539
1.2930305835
1.29303041482
1.2930305335
1.29303057707
1.29303054045
1.29303053558
1.29303054315
1.29303054973
1.29303055257
1.29303053061
1.29303055951
1.293030625
1.26591347143
1.26591347143
1.26591347482
1.26591347694
1.26591347194
1.26591345628
1.26591345367
1.26591345351
1.26591345417
1.26591344653
1.26591346102
1.26591342383
1.26591343626
1.26591345491
1.26591343146
1.26591342696
1.26591343613
1.26591341661
1.26591341193
1.26591342971
1.26591340997
1.26591346989
1.25997208024
1.25997208024
1.25997206847
1.25997205994
1.25997207773
1.2599721203
1.25997212709
1.25997211185
1.25997210814
1.25997212153
1.25997210108
1.25997216283
1.25997212948
1.25997210711
1.25997213116
1.25997213507
1.25997212685
1.25997213803
1.25997214016
1.25997213476
1.25997214012
1.25997208753
1.25602989276
1.25602989276
1.25602989115
1.25602988954
1.25602989228
1.25602990228
1.25602990397
1.25602990357
1.25602990401
1.2560299088
1.25602990122
1.2560299237
1.25602991479
1.2560299031
1.25602991763
1.2560299205
1.25602991484
1.25602992674
1.25602992988
1.25602991867
1.25602993077
1.25602989311
1.25324818803
1.25324818803
1.25324818973
1.25324819271
1.25324818834
1.25324817517
1.2532481733
1.25324817506
1.25324817663
1.25324816965
1.25324817898
1.2532481522
1.25324816226
1.25324817599
1.25324816002
1.25324815754
1.25324816379
1.25324815363
1.25324815179
1.25324815837
1.25324815079
1.25324818608
1.25222396096
1.25222396096
1.2522239627
1.25222396311
1.25222396129
1.2522239549
1.25222395403
1.25222395596
1.25222395584
1.25222395584
1.25222395813
1.25222394934
1.25222395643
1.25222395838
1.25222395631
1.25222395686
1.25222395586
1.25222395691
1.25222395659
1.25222395699
1.25222395689
1.25222395971
1.2516687733
1.2516687733
1.25166877254
1.25166877172
1.25166877317
1.25166878061
1.25166878125
1.25166878011
1.25166878024
1.25166878217
1.25166877757
1.25166879096
1.25166878327
1.25166877796
1.2516687838
1.25166878392
1.25166878345
1.25166878492
1.25166878505
1.25166878347
1.25166878524
1.25166877488
1.25125994874
1.25125994874
1.25125994747
1.25125994669
1.25125994853
1.25125995222
1.25125995304
1.25125995169
1.25125995103
1.25125995298
1.25125995075
1.25125995663
1.25125995429
1.25125995141
1.25125995476
1.25125995549
1.25125995403
1.25125995622
1.25125995678
1.25125995556
1.25125995691
1.25125994913
1.25102445525
1.25102445525
1.25102445545
1.25102445549
1.25102445533
1.25102445581
1.2510244557
1.25102445603
1.25102445625
1.25102445614
1.2510244558
1.25102445708
1.25102445582
1.2510244559
1.25102445589
1.2510244556
1.25102445581
1.25102445564
1.25102445568
1.25102445538
1.25102445564
1.25102445544
1.25089022682
1.25089022682
1.25089022682
1.25089022693
1.25089022686
1.25089022557
1.25089022555
1.25089022547
1.25089022544
1.25089022508
1.25089022579
1.25089022316
1.25089022477
1.25089022539
1.25089022483
1.25089022473
1.250890225
1.25089022445
1.25089022449
1.25089022493
1.25089022445
1.25089022658
1.25081342704
1.25081342704
1.25081342733
1.25081342766
1.25081342712
1.25081342556
1.25081342531
1.25081342576
1.25081342582
1.25081342531
1.2508134264
1.25081342382
1.2508134246
1.25081342655
1.25081342437
1.25081342422
1.25081342447
1.2508134238
1.25081342368
1.25081342422
1.25081342359
1.25081342675
1.2507913779
1.2507913779
1.25079137787
1.25079137784
1.25079137791
1.25079137776
1.25079137775
1.25079137766
1.25079137776
1.25079137757
1.25079137756
1.25079137706
1.25079137774
1.25079137721
1.25079137788
1.25079137783
1.25079137794
1.25079137792
1.2507913779
1.25079137779
1.25079137793
1.25079137792
1.25078526978
1.25078526978
1.25078526982
1.2507852698
1.2507852698
1.25078526992
1.25078526996
1.25078526995
1.25078526988
1.25078527007
1.25078526996
1.25078527048
1.25078527007
1.25078527011
1.25078527002
1.25078527011
1.25078527
1.25078527005
1.25078527006
1.25078527016
1.25078527005
1.25078526978
1.2507837357
1.2507837357
1.25078373562
1.25078373562
1.25078373569
1.25078373585
1.25078373585
1.25078373582
1.25078373583
1.25078373582
1.25078373578
1.2507837359
1.25078373587
1.25078373579
1.2507837359
1.25078373588
1.25078373588
1.25078373596
1.25078373595
1.25078373583
1.25078373599
1.25078373573
     fun: 1.2507837356966913
     jac: array([-0.00524977, -0.00487673, -0.00056501,  0.01049252,  0.00996122,
        0.00828931,  0.00927295,  0.0081927 ,  0.00562149,  0.01379964,
        0.01179381,  0.00631049,  0.01376015,  0.01226853,  0.01216583,
        0.01783843,  0.01692334,  0.00889793,  0.01961009,  0.00214729])
 message: 'Optimization terminated successfully.'
    nfev: 702
     nit: 30
    njev: 30
  status: 0
 success: True
       x: array([ 0.43554414, -0.45069532, -0.3115333 , -0.48124255,  0.23391014,
        0.57265547, -0.0515992 , -0.37870866,  0.44526588,  0.10505303,
        0.15529248, -0.47671807, -0.3683877 ,  0.04926782,  0.32389452,
        0.15965844, -0.52673004,  0.11732168,  0.13537902, -0.54588072])

========================================================

Final result:
0.435544138341
-0.450695323115
-0.311533300246
0.10889482834
0.10889482834
0.10889482834
-0.481242548289
0.233910140226
0.57265546943
-0.0515991986813
-0.378708658512
0.445265878243
0.105053031536
0.105053031536
0.155292484458
-0.476718069416
-0.368387702433
0.0492678176124
0.323894519674
0.159658442502
-0.526730043134
0.11732167826
0.135379022967
-0.545880723952
0.426515427973
