ASH_methyl_methyl.filelist
6.92053352458
6.92053352458
6.92053335387
6.92053322156
6.92053349104
6.92053304839
6.92053315045
6.92053295167
6.92053293494
6.92053317814
6.92053263868
6.92053293212
6.9205332733
6.92053251514
6.92053319442
6.92053346215
6.92053384665
6.92053394907
6.92053359077
29253.7636363
5488.28236351
1027.97947767
190.936617512
34.2282954746
7.11306241236
5.53162351287
5.53162351287
5.53162328733
5.53162317516
5.53162346907
5.53162378459
5.53162388138
5.53162362513
5.53162363259
5.53162372688
5.53162333749
5.53162410307
5.53162360043
5.53162323851
5.5316234918
5.53162362186
5.53162381654
5.53162391058
5.53162357547
6039.68904408
1408.12858159
326.454553136
73.8841461428
15.1466481946
3.05842161293
3.05842161293
3.05842172292
3.05842183941
3.05842163397
3.05842215758
3.05842206527
3.05842223446
3.058422331
3.05842209171
3.05842234961
3.05842259287
3.05842190676
3.05842249155
3.05842190936
3.05842174431
3.05842143788
3.05842130286
3.05842157527
530.291350539
52.6300332886
5.64062859797
3.01530507634
3.01530507634
3.0153051132
3.01530520188
3.01530508325
3.01530570488
3.01530563705
3.0153057295
3.01530580655
3.01530553429
3.01530586676
3.01530596116
3.01530537009
3.01530601436
3.01530540569
3.01530518633
3.0153048779
3.01530473928
3.0153050339
135.5670597
15.0514831971
3.15147709399
2.88643178023
2.88643178023
2.88643187724
2.88643201155
2.88643179904
2.8864324558
2.88643236767
2.88643249826
2.88643260505
2.88643226462
2.88643264601
2.8864326838
2.88643210951
2.88643276916
2.8864321812
2.88643188821
2.88643161775
2.88643151948
2.88643174622
438.660762414
43.3448166459
4.7162591483
2.80872138928
2.80872138928
2.80872147714
2.80872157225
2.80872140632
2.80872206037
2.80872201137
2.80872210072
2.80872213342
2.80872190252
2.80872231032
2.80872239988
2.80872171578
2.80872246965
2.80872174357
2.80872152142
2.8087211774
2.80872105575
2.8087213455
50.3667249737
5.26030638295
2.74963562366
2.74963562366
2.7496357098
2.74963580841
2.74963564034
2.74963629623
2.74963623484
2.74963634141
2.74963637435
2.74963614103
2.7496365582
2.74963663033
2.74963596814
2.74963665522
2.74963602003
2.74963575437
2.74963536339
2.7496352784
2.7496355694
46.8602145637
5.00476115854
2.70498776578
2.70498776578
2.70498784262
2.70498796156
2.70498778071
2.70498843384
2.70498835056
2.70498847407
2.7049885137
2.70498825852
2.7049886932
2.70498872675
2.70498806705
2.70498876831
2.70498807516
2.70498789456
2.70498750849
2.70498744162
2.70498771239
37.9388553584
5.37605162419
2.51189767292
2.51189767292
2.5118976975
2.5118977888
2.51189767626
2.51189814133
2.51189803797
2.51189822198
2.51189826096
2.5118980533
2.51189844045
2.51189839839
2.51189792574
2.51189851665
2.51189796535
2.51189776454
2.51189747662
2.51189743252
2.51189763326
66.2853572726
12.7478260442
2.56008924582
1.83200719119
1.83200719119
1.83200720449
1.83200727118
1.83200719427
1.83200720726
1.83200711709
1.83200723219
1.83200720836
1.83200717822
1.83200734992
1.83200711437
1.83200720137
1.83200736525
1.83200724222
1.8320071729
1.83200710337
1.83200708846
1.83200717412
26.1258366072
3.60762087818
1.71324288318
1.71324288318
1.71324291495
1.71324289398
1.71324288916
1.71324268004
1.71324265164
1.71324272545
1.71324270786
1.71324272072
1.713242804
1.71324250572
1.7132427957
1.71324278137
1.71324283097
1.71324282107
1.71324284046
1.71324286606
1.7132428756
4.44403236542
1.61873424017
1.61873424017
1.61873421054
1.6187341845
1.61873423359
1.61873393512
1.61873396007
1.61873394339
1.61873391868
1.61873400267
1.61873392904
1.61873373345
1.61873410685
1.61873387819
1.61873410599
1.61873419318
1.61873428785
1.61873434844
1.61873425085
8.80755736955
1.6905082865
1.58744129021
1.58744129021
1.58744125089
1.58744122361
1.58744128171
1.58744099512
1.58744102791
1.58744099494
1.58744096933
1.58744105959
1.58744096567
1.58744081236
1.58744115186
1.58744091004
1.58744115515
1.58744122623
1.58744135189
1.58744141582
1.58744130376
2.13047135509
1.47647173343
1.47647173343
1.47647168589
1.47647165449
1.4764717243
1.47647174342
1.47647177553
1.47647170227
1.4764716939
1.47647173502
1.47647163765
1.47647176512
1.47647172874
1.47647160474
1.4764717044
1.47647174778
1.47647180829
1.47647183953
1.47647174911
1.5557056822
1.44412998221
1.44412998221
1.44412998747
1.44412998486
1.44412998327
1.4441299524
1.44412995932
1.44412994936
1.44412995338
1.44412996277
1.44412993175
1.4441299494
1.44412996855
1.44412993528
1.44412996307
1.44412997949
1.44412999095
1.44412998565
1.44412998382
1.44666327923
1.43723539243
1.43723539243
1.43723539479
1.43723539644
1.43723539287
1.43723540017
1.43723540184
1.4372354004
1.43723540341
1.43723539933
1.43723540169
1.43723540802
1.43723539652
1.43723540244
1.43723539609
1.43723539458
1.43723539172
1.43723538595
1.43723539237
1.50235388095
1.43434741465
1.43434741465
1.43434741416
1.43434741605
1.43434741451
1.43434744189
1.43434743989
1.43434744099
1.43434744308
1.43434743424
1.43434744751
1.43434745421
1.43434742722
1.43434744938
1.43434742826
1.43434741931
1.43434740947
1.43434740916
1.4343474137
1.43069527867
1.43069527867
1.43069527979
1.43069528076
1.43069527888
1.43069527244
1.43069526939
1.43069527339
1.4306952731
1.43069527383
1.43069527679
1.43069526797
1.43069527611
1.43069527678
1.43069527698
1.43069527655
1.43069527658
1.43069527634
1.43069527835
1.42762726037
1.42762726037
1.42762726037
1.42762725944
1.42762726035
1.42762725032
1.427627251
1.42762725007
1.42762724929
1.42762725153
1.42762724986
1.42762724093
1.42762725494
1.42762724853
1.42762725636
1.42762725798
1.42762726146
1.42762726273
1.42762726067
1.42828025889
1.42733672949
1.42733672949
1.4273367298
1.42733672942
1.42733672953
1.42733672385
1.42733672422
1.42733672413
1.4273367238
1.42733672499
1.42733672433
1.4273367191
1.42733672696
1.42733672374
1.42733672726
1.42733672815
1.42733672972
1.42733673028
1.4273367296
1.42716730098
1.42716730098
1.42716730092
1.42716730103
1.42716730095
1.42716730097
1.42716730059
1.42716730131
1.42716730151
1.42716730207
1.42716730099
1.42716730377
1.42716730126
1.42716730116
1.42716730068
1.42716730143
1.42716730108
1.4271673008
1.42716730104
1.42697823152
1.42697823152
1.42697823117
1.42697823158
1.42697823147
1.42697823813
1.426978238
1.42697823728
1.42697823761
1.42697823621
1.42697823717
1.42697824116
1.4269782342
1.42697823777
1.42697823425
1.42697823265
1.42697823132
1.42697823075
1.4269782315
1.42678241837
1.42678241837
1.42678241839
1.42678241863
1.4267824184
1.42678242331
1.42678242321
1.42678242322
1.42678242359
1.42678242264
1.42678242327
1.42678242775
1.4267824207
1.42678242372
1.42678242036
1.42678241964
1.42678241798
1.42678241764
1.42678241829
1.42674417001
1.42674417001
1.42674416965
1.42674416967
1.42674416997
1.4267441714
1.4267441714
1.42674417108
1.42674417118
1.42674417067
1.42674417104
1.42674417116
1.42674417047
1.42674417119
1.42674417065
1.4267441701
1.42674417003
1.42674416992
1.42674417002
1.42673951272
1.42673951272
1.42673951305
1.42673951313
1.42673951281
1.42673951231
1.42673951229
1.42673951246
1.42673951239
1.42673951264
1.42673951252
1.42673951271
1.42673951264
1.42673951244
1.42673951253
1.42673951276
1.42673951268
1.42673951274
1.42673951272
1.42673627412
1.42673627412
1.42673627415
1.42673627408
1.42673627414
1.42673627332
1.42673627334
1.42673627341
1.42673627336
1.42673627358
1.42673627342
1.42673627301
1.42673627378
1.42673627335
1.42673627375
1.42673627399
1.42673627412
1.42673627417
1.42673627412
1.42673346672
1.42673346672
1.42673346668
1.42673346665
1.42673346672
1.42673346624
1.42673346623
1.42673346627
1.42673346629
1.42673346633
1.42673346624
1.42673346583
1.42673346651
1.42673346621
1.42673346656
1.4267334666
1.42673346681
1.42673346684
1.42673346674
1.42673281905
     fun: 1.4267328190484518
     jac: array([-0.00294198, -0.00470941, -0.00031014, -0.03250004, -0.0331362 ,
       -0.03017552, -0.0287693 , -0.02663384, -0.03254536, -0.05987625,
       -0.01424423, -0.03413095, -0.01109821, -0.00824942,  0.0056549 ,
        0.00771818,  0.0012615 ])
 message: 'Optimization terminated successfully.'
    nfev: 553
     nit: 27
    njev: 27
  status: 0
 success: True
       x: array([ 0.49204265, -0.46239071, -0.46197886, -0.42434183,  0.21582266,
        0.36263635, -0.02593685, -0.26354036,  0.43308457,  0.0954675 ,
        0.58292315, -0.46802977, -0.47178552, -0.53513561, -0.36708299,
        0.27512222, -0.40702282])

========================================================

Final result:
0.492042654254
-0.462390705489
-0.461978862389
0.144108971208
0.144108971208
0.144108971208
-0.424341827529
0.215822656455
0.362636349604
-0.02593684931
-0.263540357311
0.433084566101
0.0954674971899
0.0954674971899
0.582923148588
-0.468029769567
-0.471785524645
-0.535135605594
0.403368218828
-0.367082990101
0.275122217964
-0.407022823928
0.166327865355
0.166327865355
0.166327865355
