GLH_methyl_methyl.filelist
7.30827733646
7.30827733646
7.3082771508
7.30827702926
7.30827729996
7.30827671277
7.30827680406
7.30827660794
7.30827659557
7.30827679391
7.3082763197
7.30827624176
7.30827698681
7.30827618332
7.30827664261
7.30827718852
7.3082773309
7.3082771962
7.30827762084
7.30827773021
7.30827739479
45873.762861
9034.60897605
1777.42230966
347.818219639
66.3921859117
12.1336641525
5.57598730213
5.57598730213
5.57598703436
5.57598692055
5.57598725007
5.5759876247
5.57598772009
5.57598743762
5.57598744104
5.57598748102
5.57598717811
5.57598760167
5.57598760372
5.57598706256
5.57598804886
5.57598753725
5.57598762192
5.57598736888
5.5759875648
5.57598766907
5.57598735617
6619.00406771
1515.30147428
345.095682941
76.8383244557
15.6133135986
3.35862151933
3.35862151933
3.35862146868
3.35862152773
3.35862150975
3.35862237788
3.35862234508
3.35862232435
3.35862234736
3.35862214382
3.35862242595
3.35862281308
3.35862191158
3.35862254743
3.35862228331
3.35862169877
3.35862158255
3.35862167549
3.35862139853
3.35862129863
3.35862149399
1203.62278521
119.714893785
11.7398939458
3.34820763665
3.26953182702
3.26953182702
3.26953185205
3.26953195134
3.26953183204
3.2695326547
3.26953258621
3.26953265415
3.26953270598
3.2695324749
3.26953277392
3.26953313575
3.26953228803
3.26953290416
3.26953277306
3.26953206258
3.26953197087
3.26953199465
3.26953168042
3.26953156942
3.26953179609
129.721817044
12.7885278179
3.28947000203
3.20370724689
3.20370724689
3.20370724242
3.20370731195
3.20370724609
3.20370809651
3.2037080511
3.20370808127
3.20370809546
3.20370789874
3.20370824096
3.20370855147
3.20370772494
3.20370839274
3.20370824754
3.2037074859
3.20370738371
3.20370741913
3.20370705421
3.20370692542
3.20370720643
248.668022526
24.4111834609
3.65241319792
3.1203110817
3.1203110817
3.12031111712
3.12031120374
3.12031108867
3.1203119468
3.12031189846
3.12031194738
3.12031197092
3.12031176318
3.12031210863
3.12031245664
3.12031157199
3.12031224164
3.12031211182
3.12031130488
3.1203111582
3.12031126783
3.1203109197
3.12031082131
3.12031104825
82.2314601594
8.18443547849
3.07090986017
3.07090986017
3.07090990482
3.07091000193
3.07090986913
3.07091074902
3.07091069916
3.07091073819
3.0709107564
3.07091051631
3.07091092777
3.07091115149
3.07091033486
3.07091103073
3.07091084125
3.0709101042
3.0709100176
3.07091002796
3.07090968688
3.0709096232
3.07090982496
155.883701594
15.5470791723
3.26972775785
3.04759946064
3.04759946064
3.047599512
3.04759959248
3.0475994708
3.0476003205
3.04760028275
3.0476003213
3.04760031952
3.04760013026
3.04760051933
3.04760081069
3.04759993697
3.04760062099
3.04760043298
3.04759970949
3.04759962334
3.04759963394
3.04759927631
3.04759921209
3.04759942316
39.4078361715
5.03881275658
2.91016015377
2.91016015377
2.91016019571
2.91016027836
2.91016016159
2.91016094392
2.91016087789
2.91016096287
2.91016098878
2.91016076303
2.91016115506
2.91016136295
2.91016058548
2.91016118076
2.91016104206
2.91016036839
2.91016027066
2.91016031523
2.91015992877
2.91015991149
2.91016010715
33.7965162525
6.09318618784
2.28479597139
2.28479597139
2.28479604071
2.2847960386
2.2847959824
2.28479610781
2.28479606076
2.28479622366
2.2847962675
2.28479614059
2.28479637901
2.28479630462
2.28479606771
2.2847964401
2.28479614812
2.28479601641
2.28479597359
2.28479602945
2.28479587174
2.28479585959
2.2847959521
123.969164714
20.5832745625
3.52218087882
1.96178338186
1.96178338186
1.96178352199
1.9617834913
1.96178340804
1.96178313806
1.96178313044
1.9617832443
1.96178326496
1.96178324324
1.96178333275
1.96178310443
1.96178324475
1.96178334778
1.96178307092
1.96178330052
1.96178328536
1.96178336565
1.96178329836
1.96178329003
1.96178336502
24.7796447242
3.67700152561
1.79734951558
1.79734951558
1.79734962742
1.79734962881
1.79734953654
1.79734899532
1.79734895683
1.79734909985
1.79734909663
1.79734915912
1.79734916146
1.79734880736
1.79734921645
1.79734913695
1.79734887576
1.79734934196
1.79734936533
1.79734942237
1.7973494787
1.79734948957
1.79734950881
2.95892239009
1.59854695716
1.59854695716
1.59854699663
1.59854696935
1.59854696329
1.59854649406
1.59854651444
1.59854654808
1.59854654981
1.59854663545
1.59854651968
1.59854630548
1.5985467312
1.59854647672
1.59854650958
1.59854683698
1.59854688932
1.59854686024
1.5985469899
1.59854704081
1.59854696399
9.623131324
1.72198661388
1.55103714078
1.55103714078
1.55103715188
1.5510371331
1.55103714164
1.55103674815
1.55103676734
1.55103677776
1.55103677421
1.55103686134
1.55103673221
1.5510365699
1.55103696016
1.55103668596
1.55103678756
1.55103705816
1.55103709894
1.55103707955
1.55103718963
1.55103724139
1.55103715092
3.46587985517
1.45079248865
1.45079248865
1.4507924333
1.45079240376
1.45079247805
1.4507925597
1.45079258317
1.45079250584
1.45079249908
1.45079252537
1.45079243645
1.4507925508
1.4507925649
1.45079240298
1.4507926881
1.45079254793
1.45079256716
1.45079249786
1.45079255757
1.45079257715
1.45079250296
1.56308948029
1.40030114627
1.40030114627
1.4003011259
1.4003011309
1.40030114236
1.40030122269
1.40030122722
1.40030119466
1.40030119102
1.40030118686
1.40030118025
1.40030123961
1.40030116701
1.40030118773
1.40030118607
1.40030115456
1.40030114844
1.40030115075
1.400301153
1.40030113921
1.40030114758
1.37928549898
1.37928549898
1.37928551362
1.37928551657
1.37928550127
1.379285526
1.37928551536
1.37928554182
1.37928554762
1.37928552892
1.37928556538
1.37928555131
1.3792855278
1.37928556947
1.37928556503
1.3792855176
1.37928551409
1.37928551183
1.37928547965
1.37928548652
1.37928549519
1.40380016019
1.3725089738
1.3725089738
1.37250898529
1.37250898735
1.37250897544
1.37250897934
1.37250897463
1.37250899575
1.37250900096
1.37250898811
1.37250901553
1.37250899667
1.37250898946
1.37250901501
1.37250901082
1.37250898497
1.37250898264
1.37250898219
1.37250896163
1.37250896528
1.37250897156
1.37328956652
1.36239263153
1.36239263153
1.36239263348
1.36239263102
1.36239263164
1.3623925945
1.36239259571
1.36239259713
1.36239259689
1.36239260344
1.36239259509
1.36239258004
1.36239260352
1.36239259603
1.36239256837
1.36239261495
1.36239261463
1.36239262412
1.36239263381
1.36239263251
1.36239263208
1.36068049123
1.36068049123
1.36068049137
1.36068049421
1.36068049116
1.36068050173
1.36068050175
1.36068049888
1.3606804983
1.36068049776
1.36068049809
1.36068050206
1.36068049979
1.36068049636
1.36068051307
1.36068049651
1.36068049869
1.36068049244
1.36068049048
1.3606804907
1.36068049112
1.36015044506
1.36015044506
1.36015044343
1.36015044429
1.36015044463
1.36015046236
1.36015046179
1.36015046119
1.36015046143
1.36015045814
1.36015046292
1.36015047079
1.36015045501
1.36015046397
1.36015046544
1.36015045077
1.36015044821
1.36015044787
1.36015044352
1.36015044298
1.36015044481
1.35998551619
1.3596903589
1.3596903589
1.35969035694
1.35969035552
1.3596903584
1.35969036107
1.35969036133
1.35969036089
1.35969036119
1.35969036078
1.35969036057
1.35969036342
1.35969035897
1.35969036127
1.35969035776
1.35969035869
1.35969035767
1.35969035947
1.35969036004
1.35969036001
1.35969035921
1.35950730703
1.35950730703
1.35950730901
1.3595073095
1.35950730735
1.35950730224
1.359507302
1.359507303
1.35950730298
1.3595073037
1.35950730331
1.35950729968
1.35950730497
1.3595073032
1.35950730321
1.35950730608
1.35950730681
1.35950730627
1.35950730637
1.35950730619
1.35950730694
1.35939204608
1.35939204608
1.35939204615
1.35939204624
1.35939204604
1.35939204508
1.35939204517
1.3593920449
1.35939204472
1.3593920452
1.3593920448
1.35939204414
1.35939204545
1.35939204427
1.359392045
1.35939204566
1.35939204589
1.35939204581
1.35939204602
1.35939204635
1.3593920461
1.35927252057
1.35927252057
1.35927252014
1.35927252019
1.35927252049
1.35927252244
1.3592725223
1.35927252242
1.35927252281
1.35927252225
1.35927252219
1.35927252372
1.35927252225
1.35927252279
1.35927252435
1.35927252172
1.35927252197
1.35927252099
1.35927252107
1.3592725207
1.35927252069
1.35925964008
1.35925964008
1.35925963945
1.35925963906
1.35925963998
1.35925964091
1.35925964126
1.3592596404
1.35925964007
1.3592596403
1.35925964043
1.3592596409
1.35925963963
1.35925963996
1.35925963874
1.35925963954
1.35925963899
1.35925964013
1.35925964004
1.35925964046
1.35925964008
1.35924999664
1.35924999664
1.35924999664
1.35924999668
1.35924999666
1.35924999649
1.35924999644
1.35924999651
1.35924999654
1.35924999656
1.35924999651
1.3592499965
1.35924999655
1.35924999641
1.35924999643
1.35924999659
1.35924999659
1.35924999661
1.35924999661
1.35924999667
1.35924999664
1.359247141
1.359247141
1.35924714105
1.35924714107
1.35924714102
1.35924714095
1.35924714097
1.35924714096
1.35924714096
1.35924714096
1.359247141
1.35924714083
1.35924714104
1.35924714115
1.35924714116
1.35924714105
1.35924714111
1.35924714099
1.35924714103
1.35924714094
1.35924714101
1.35924222052
1.35924222052
1.35924222085
1.35924222099
1.35924222059
1.35924222027
1.35924222015
1.35924222047
1.35924222062
1.3592422205
1.35924222046
1.35924222033
1.35924222072
1.35924222063
1.35924222108
1.35924222075
1.35924222093
1.35924222054
1.35924222049
1.35924222032
1.35924222051
1.35924023519
1.35924023519
1.35924023526
1.35924023528
1.3592402352
1.35924023502
1.359240235
1.35924023506
1.35924023506
1.35924023507
1.35924023511
1.35924023488
1.35924023518
1.35924023523
1.35924023524
1.35924023521
1.35924023528
1.35924023516
1.35924023518
1.35924023509
1.35924023519
     fun: 1.359240235189187
     jac: array([ 0.00445531,  0.00633591,  0.00085384, -0.01157345, -0.01274501,
       -0.00854869, -0.00865494, -0.00778298, -0.00550787, -0.02053376,
       -0.00061773,  0.00274061,  0.00308135,  0.00173198,  0.00625928,
       -0.00203232, -0.00042883, -0.00667794, -0.00012164])
 message: 'Optimization terminated successfully.'
    nfev: 673
     nit: 30
    njev: 30
  status: 0
 success: True
       x: array([ 0.47706214, -0.4797523 , -0.2974507 , -0.444135  ,  0.23688718,
        0.19766751,  0.02923985, -0.00938827,  0.4682041 ,  0.00495399,
        0.09921113, -0.48437275, -0.00137874,  0.57018587, -0.52185311,
       -0.57329258, -0.3349753 ,  0.24678165, -0.39824513])

========================================================

Final result:
0.477062143277
-0.479752295239
-0.297450704504
0.100046952156
0.100046952156
0.100046952156
-0.444134999696
0.236887181076
0.197667514294
0.0292398513792
-0.00938827430763
0.468204103709
0.00495399210501
0.00495399210501
0.0992111300084
-0.484372752242
-0.00137874371379
-0.00137874371379
0.570185869825
-0.521853114592
-0.573292576548
0.42449557031
-0.334975303444
0.24678165153
-0.398245128279
0.162146260064
0.162146260064
0.162146260064
