ILE_neutral_methyl.filelist
7.28253199471
7.28253199471
7.28253047311
7.28253127037
7.28253128603
7.28253139358
7.28253146787
7.28253096883
7.28253139461
7.28253150095
7.28253171011
7.28253077942
7.28253054145
7.2825314354
7.28253193791
7.28253228583
7.28253242409
7.28253205406
59254.1614858
12714.6557103
2726.14258429
582.380931721
122.36173679
24.0680665915
5.52766722936
5.52766722936
5.52766844493
5.52766784882
5.52766772589
5.52766785656
5.52766759684
5.52766754387
5.52766750139
5.52766769531
5.52766749991
5.52766740018
5.52766870639
5.52766786092
5.52766728306
5.52766743039
5.527667547
5.52766727083
3873.23882853
764.221306804
149.395633996
28.0724769454
5.68987532281
4.17983714579
4.17983714579
4.17983902744
4.17983809549
4.17983794503
4.17983801886
4.1798376793
4.17983796217
4.17983762626
4.17983767434
4.17983749944
4.17983797036
4.17983873207
4.17983793712
4.17983721545
4.17983709787
4.17983706845
4.17983713472
3000.35341113
299.332100211
29.4858235008
4.64784958586
4.1002030765
4.1002030765
4.10020478959
4.10020395477
4.10020386491
4.10020393277
4.10020363384
4.10020392261
4.1002035845
4.10020369512
4.10020341645
4.10020395042
4.1002049817
4.100203804
4.10020314356
4.10020298171
4.10020293526
4.1002030558
293.143735082
31.9684507136
4.91866758371
3.93323396563
3.93323396563
3.93323580629
3.93323488267
3.93323476835
3.93323476786
3.93323458222
3.93323484403
3.93323460083
3.93323461092
3.93323435086
3.93323491457
3.93323592561
3.93323479932
3.93323404188
3.93323388083
3.93323381518
3.93323394757
199.641521856
19.6163233387
4.05495134658
3.84972407255
3.84972407255
3.84972596628
3.84972501696
3.84972490611
3.84972491159
3.8497246983
3.84972499792
3.84972472769
3.84972472845
3.84972442992
3.84972507319
3.84972606425
3.84972480618
3.8497241428
3.84972401501
3.84972396363
3.84972406098
266.398355031
26.2497705494
4.24645980529
3.77908865244
3.77908865244
3.77909050744
3.77908958753
3.77908950692
3.77908953001
3.77908928376
3.77908962154
3.77908928248
3.77908931103
3.77908904399
3.77908970131
3.77909065015
3.7790894965
3.77908872963
3.77908859035
3.77908854695
3.77908864031
171.446738203
16.8439235776
3.84717787919
3.69645376324
3.69645376324
3.69645568311
3.6964547097
3.69645459917
3.69645458283
3.69645437646
3.69645473425
3.69645435434
3.69645442529
3.69645414405
3.6964548159
3.69645578855
3.69645458522
3.69645383839
3.69645367641
3.69645362822
3.69645374603
60.9022969243
7.58295669955
3.52772339967
3.52772339967
3.52772520024
3.52772428437
3.52772421308
3.52772419465
3.52772400332
3.52772437798
3.52772401992
3.5277240225
3.52772376129
3.52772437894
3.52772528397
3.52772416535
3.52772347086
3.52772324744
3.52772326388
3.52772336876
17.941917166
3.56082126988
2.46710381729
2.46710381729
2.46710475869
2.46710422738
2.46710424968
2.46710420369
2.46710413988
2.467104449
2.46710419424
2.46710411226
2.4671039885
2.467104543
2.46710468262
2.46710415977
2.46710385023
2.46710361613
2.46710356296
2.46710377601
14.5117026252
2.82303000094
1.96735359667
1.96735359667
1.96735350267
1.9673535293
1.96735358863
1.96735349444
1.9673535885
1.96735378886
1.96735366633
1.96735352681
1.96735355484
1.96735388715
1.96735334015
1.96735347378
1.96735358687
1.96735339317
1.96735331224
1.96735355504
2.51042027287
1.60080673582
1.60080673582
1.60080608261
1.60080640581
1.60080645321
1.60080642814
1.60080653743
1.60080645761
1.60080655937
1.60080652678
1.60080660229
1.60080647833
1.60080610259
1.60080644605
1.60080670813
1.60080672573
1.60080673533
1.6008067336
3.00402961786
1.51665430675
1.51665430675
1.51665382586
1.51665406768
1.5166540882
1.51665409764
1.51665415105
1.51665403545
1.51665414506
1.51665416427
1.51665421432
1.51665400249
1.51665389169
1.51665412009
1.51665428739
1.51665437718
1.51665439094
1.51665432176
1.56653247926
1.43445522721
1.43445522721
1.43445526421
1.43445525803
1.43445523624
1.434455254
1.43445522415
1.43445520577
1.43445521171
1.43445522528
1.43445523191
1.4344551928
1.43445522499
1.43445525017
1.43445522753
1.43445525375
1.43445525335
1.43445523251
1.40237969352
1.40237969352
1.40237983037
1.40237975343
1.40237975817
1.402379754
1.40237975313
1.40237977222
1.40237975823
1.40237976555
1.40237972675
1.40237977014
1.40237992028
1.40237976069
1.40237970028
1.40237968819
1.40237970091
1.40237969271
1.39507177435
1.39507177435
1.39507173704
1.39507175492
1.39507175464
1.39507175522
1.39507175001
1.39507175874
1.39507174881
1.39507173561
1.39507176001
1.39507176981
1.39507164849
1.39507174484
1.39507177165
1.39507176094
1.39507174816
1.39507177139
1.39166611472
1.39166611472
1.39166607522
1.39166609875
1.39166610006
1.39166609701
1.39166610777
1.39166609791
1.39166610951
1.39166611107
1.3916661094
1.39166609491
1.3916661071
1.39166610223
1.39166611375
1.39166611957
1.39166612151
1.39166611583
1.3901040801
1.3901040801
1.39010410167
1.39010408979
1.39010408831
1.39010409057
1.39010408568
1.39010408596
1.39010408365
1.39010408647
1.39010408429
1.39010408314
1.3901041008
1.39010409042
1.39010408098
1.39010408318
1.39010408616
1.39010408078
1.38963662567
1.38963662567
1.38963662627
1.38963662566
1.38963662674
1.38963662604
1.38963662744
1.3896366281
1.38963662846
1.38963662752
1.38963662606
1.38963663033
1.38963663198
1.38963662591
1.38963662581
1.38963662373
1.38963662183
1.38963662529
1.38933549006
1.38933549006
1.38933548292
1.38933548689
1.38933548628
1.38933548555
1.38933548539
1.38933548743
1.3893354851
1.38933548261
1.38933548739
1.38933548736
1.389335466
1.38933548473
1.38933548957
1.38933548859
1.38933548842
1.38933548978
1.38901982554
1.38901982554
1.38901981495
1.38901982083
1.38901982141
1.389019821
1.38901982269
1.38901982128
1.38901982284
1.38901982281
1.38901982358
1.38901982155
1.38901981751
1.38901982111
1.38901982516
1.38901982519
1.38901982464
1.38901982547
1.38897516469
1.38897516469
1.38897516762
1.38897516597
1.38897516554
1.38897516523
1.38897516536
1.3889751656
1.38897516592
1.38897516469
1.38897516513
1.38897516612
1.38897516416
1.38897516569
1.38897516476
1.38897516519
1.38897516496
1.38897516481
1.38897656153
1.38896885451
1.38896885451
1.38896885576
1.38896885508
1.38896885515
1.3889688551
1.388968855
1.38896885538
1.38896885505
1.38896885507
1.38896885477
1.38896885546
1.3889688562
1.38896885501
1.38896885456
1.38896885431
1.38896885427
1.38896885448
1.38896718718
1.38896718718
1.38896718699
1.38896718707
1.38896718704
1.38896718704
1.38896718708
1.38896718693
1.38896718706
1.38896718707
1.38896718715
1.38896718686
1.38896718685
1.38896718716
1.38896718717
1.38896718722
1.38896718727
1.38896718719
     fun: 1.3889671871770457
     jac: array([-0.01251161, -0.00717488, -0.0092933 , -0.0090238 , -0.00671908,
       -0.01688252, -0.0078335 , -0.00703891, -0.00189358, -0.02098083,
       -0.02170154, -0.00125435, -0.00054164,  0.00314605,  0.00628129,
        0.00104333])
 message: 'Optimization terminated successfully.'
    nfev: 469
     nit: 24
    njev: 24
  status: 0
 success: True
       x: array([ 0.29971482, -0.79391727,  0.12960681,  0.02031519,  0.18866144,
        0.44729045, -0.05553972, -0.14160875,  0.2330271 , -0.47515905,
        0.02230378, -0.06746376, -0.18751276, -0.34003392,  0.25053107,
       -0.3488609 ])

========================================================

Final result:
0.299714824263
-0.793917265426
0.299714824263
0.129606811165
0.02031518765
0.188661440937
0.447290448815
-0.0555397209415
-0.141608752259
0.233027102592
-0.475159053268
0.0223037796681
0.0223037796681
0.0223037796681
-0.0674637613934
-0.0674637613934
-0.18751276206
0.0344743660176
0.0344743660176
0.0344743660176
-0.340033918164
0.250531073843
-0.348860898061
0.14612124746
0.14612124746
0.14612124746
