LYD_neutral_methyl.filelist
7.71623921397
7.71623921397
7.71623700002
7.71623813069
7.71623814957
7.7162382294
7.7162383391
7.71623786848
7.71623742902
7.71623857045
7.71623772034
7.71623794672
7.71623878031
7.71623835446
7.71623898069
7.7162387561
7.71623914989
7.7162394634
7.71623957204
7.71623926456
118292.928811
25255.2754622
5389.68576453
1147.9543039
242.299801295
49.1647714646
9.3360143803
5.14501613039
5.14501613039
5.14501631563
5.14501622912
5.14501612556
5.14501622431
5.14501619126
5.14501580656
5.14501624113
5.14501626571
5.14501563133
5.14501644672
5.1450162793
5.1450164506
5.14501625645
5.14501643414
5.14501617141
5.14501644791
5.14501658956
5.14501619544
6148.3009178
1324.44566842
283.797356131
59.3802540207
11.4245484646
3.45739959367
3.45739959367
3.45740127683
3.45740045572
3.45740033582
3.45740040563
3.45740017171
3.45740028861
3.45740076299
3.45739999609
3.45740029166
3.45740039204
3.45739984
3.45740007375
3.45739970107
3.45739976916
3.45739963694
3.4573995999
3.45739957602
3.45739959368
2119.13512653
218.827694351
22.4401658108
3.83060109289
3.33767956978
3.33767956978
3.33768117278
3.33768040867
3.33768035906
3.3376804214
3.33768023121
3.33768036534
3.33768093251
3.33768005512
3.33768040749
3.3376805252
3.3376799095
3.3376802552
3.33767975398
3.33767993043
3.33767963489
3.33767950971
3.33767945014
3.33767955593
423.934071161
41.8209704661
4.81510784061
3.24808831766
3.24808831766
3.24809014984
3.2480892492
3.24808914334
3.24808916754
3.24808898497
3.24808917221
3.24808964656
3.24808884038
3.24808923727
3.24808939398
3.24808866651
3.24808897811
3.24808854026
3.24808880294
3.2480883881
3.24808823155
3.24808815377
3.24808829832
400.940400222
39.5044178727
4.6975933106
3.15135275997
3.15135275997
3.1513547339
3.15135374336
3.1513536207
3.15135359354
3.15135348805
3.15135367418
3.15135425278
3.15135331256
3.15135376243
3.15135385401
3.15135316275
3.15135359458
3.15135297132
3.15135316202
3.15135283567
3.15135267977
3.15135259651
3.15135274254
265.936839684
26.1421847866
3.68395646613
3.07252245642
3.07252245642
3.07252447826
3.07252347209
3.07252337485
3.07252336188
3.07252322547
3.07252345083
3.07252401647
3.07252305316
3.07252354389
3.07252367224
3.07252286104
3.07252326013
3.07252267375
3.0725228796
3.07252253136
3.07252239855
3.07252233275
3.07252244452
145.534257401
14.5011259029
3.21904690318
3.04454794238
3.04454794238
3.04454999615
3.04454897227
3.04454887464
3.0445488579
3.0445487199
3.04454896019
3.04454953282
3.04454852589
3.04454904773
3.04454910285
3.04454835096
3.04454875918
3.04454817545
3.0445484167
3.04454801898
3.04454788664
3.04454782972
3.04454793122
72.9305614489
7.32106698146
2.99084242832
2.99084242832
2.99084445891
2.99084345039
2.99084337182
2.99084337211
2.99084318867
2.99084348305
2.99084394606
2.99084301739
2.99084350576
2.99084361512
2.99084284605
2.99084328187
2.99084264942
2.99084285575
2.99084250184
2.99084231832
2.99084230844
2.99084240564
131.869284282
13.1989973167
3.1215538636
2.96924673955
2.96924673955
2.96924876762
2.96924775156
2.969247669
2.96924764615
2.96924750838
2.96924778359
2.96924829748
2.96924732816
2.96924779859
2.96924792699
2.96924714578
2.9692475547
2.96924695857
2.9692471714
2.96924680938
2.96924661747
2.96924661205
2.96924671429
16.0059924543
3.23324180147
2.59233276343
2.59233276343
2.59233421977
2.59233346132
2.59233343615
2.59233342586
2.5923333128
2.59233355425
2.59233387534
2.59233317673
2.59233360656
2.59233359579
2.59233304613
2.59233333638
2.59233290579
2.59233305094
2.592332785
2.59233264433
2.59233261042
2.59233273891
11.3304247856
2.57321356121
2.22159459921
2.22159459921
2.2215948713
2.22159471009
2.22159474479
2.22159472091
2.22159470446
2.22159486271
2.22159481649
2.22159466114
2.22159490441
2.22159472366
2.22159463373
2.22159466746
2.2215946075
2.2215946005
2.22159461633
2.22159448808
2.22159445078
2.22159457672
10.4078647873
2.29678362359
2.10163778858
2.10163778858
2.1016375372
2.10163766033
2.1016377019
2.10163767028
2.10163769987
2.10163780187
2.10163761485
2.10163770132
2.10163783296
2.10163761435
2.101637719
2.10163765113
2.10163773698
2.10163768205
2.10163776757
2.10163769822
2.10163766325
2.10163777046
2.81499854084
1.99700300888
1.99700300888
1.99700255508
1.99700277869
1.99700281004
1.99700279889
1.99700284604
1.99700283142
1.99700268395
1.99700288192
1.99700284407
1.99700276126
1.99700292361
1.99700284102
1.99700296104
1.99700292138
1.99700299289
1.99700298556
1.99700299577
1.99700300407
2.37315702044
1.91502542155
1.91502542155
1.91502521777
1.91502531683
1.91502531574
1.91502532452
1.91502535132
1.9150252698
1.91502528362
1.91502538438
1.91502524172
1.9150253597
1.91502540986
1.91502540207
1.91502542619
1.91502544956
1.91502542268
1.91502547956
1.91502550373
1.91502543384
1.86711647496
1.86711647496
1.86711656349
1.86711652989
1.8671165143
1.86711652594
1.86711648993
1.86711651143
1.86711650569
1.86711646492
1.86711652388
1.86711644775
1.86711645382
1.86711642312
1.86711645058
1.86711640881
1.86711647207
1.86711646482
1.86711644751
1.86711647261
1.83350636069
1.83350636069
1.83350643946
1.83350639896
1.8335063985
1.83350639492
1.83350639541
1.83350640686
1.83350642983
1.8335063915
1.8335064086
1.83350642416
1.83350638673
1.83350641232
1.83350637669
1.83350639529
1.83350636447
1.83350635381
1.83350635329
1.83350635944
1.82678500552
1.82678500552
1.82678497165
1.82678498732
1.82678498895
1.82678498943
1.82678499202
1.82678498722
1.82678497819
1.82678499469
1.82678498499
1.82678498443
1.82678499861
1.82678498974
1.82678500115
1.82678499697
1.82678500383
1.82678500868
1.82678501082
1.82678500633
1.82064576641
1.82064576641
1.82064572304
1.82064574539
1.82064574638
1.82064574739
1.82064574993
1.82064574238
1.82064573353
1.82064575322
1.82064574144
1.82064574038
1.8206457575
1.82064574774
1.82064576153
1.82064575699
1.82064576555
1.82064576986
1.82064577035
1.82064576721
1.81909354002
1.81909354002
1.81909353755
1.81909353846
1.8190935378
1.81909353842
1.819093537
1.81909353619
1.81909353376
1.81909353651
1.81909353525
1.81909353295
1.81909353655
1.8190935327
1.81909353714
1.81909353344
1.81909353902
1.81909354179
1.81909354275
1.81909354047
1.81885107403
1.81885107403
1.81885107176
1.81885107307
1.81885107381
1.81885107353
1.81885107412
1.81885107413
1.81885107434
1.81885107424
1.81885107471
1.81885107452
1.81885107449
1.81885107508
1.8188510746
1.81885107558
1.8188510743
1.81885107319
1.81885107256
1.81885107392
1.81868085922
1.81868085922
1.8186808643
1.81868086181
1.81868086181
1.81868086125
1.81868086164
1.81868086248
1.81868086399
1.81868086153
1.81868086282
1.81868086407
1.81868086122
1.81868086345
1.81868086061
1.8186808622
1.81868085972
1.81868085848
1.81868085828
1.81868085912
1.8185934544
1.8185934544
1.81859345653
1.81859345551
1.81859345587
1.81859345586
1.81859345591
1.81859345628
1.81859345755
1.81859345571
1.81859345652
1.81859345702
1.81859345554
1.81859345677
1.81859345526
1.81859345634
1.81859345454
1.81859345385
1.81859345361
1.81859345431
1.81858080478
1.81858080478
1.81858080526
1.81858080497
1.81858080475
1.81858080466
1.81858080469
1.81858080476
1.81858080451
1.81858080472
1.81858080471
1.81858080472
1.8185808047
1.81858080461
1.81858080472
1.81858080451
1.81858080479
1.81858080487
1.81858080493
1.81858080482
1.81857308268
1.81857308268
1.81857308181
1.81857308225
1.81857308216
1.81857308223
1.81857308217
1.81857308201
1.81857308163
1.8185730822
1.81857308188
1.81857308173
1.81857308227
1.81857308185
1.81857308239
1.81857308196
1.81857308261
1.8185730829
1.81857308303
1.81857308274
1.81856734589
1.81856734589
1.81856734509
1.81856734546
1.81856734537
1.8185673454
1.8185673454
1.81856734523
1.81856734487
1.81856734546
1.81856734522
1.81856734504
1.81856734552
1.81856734511
1.81856734566
1.81856734541
1.81856734582
1.81856734601
1.81856734601
1.81856734592
1.81856634989
     fun: 1.8185663498915634
     jac: array([-0.05394495, -0.02891828, -0.03490721, -0.03302298, -0.03274366,
       -0.04421076, -0.06837173, -0.02888496, -0.04514742, -0.05733046,
       -0.02485611, -0.05263887, -0.01575224, -0.03245232, -0.00478393,
        0.00819148,  0.00796692,  0.00198376])
 message: 'Optimization terminated successfully.'
    nfev: 562
     nit: 26
    njev: 26
  status: 0
 success: True
       x: array([ 0.29527042, -0.82732318,  0.3366072 , -0.03926149,  0.02595737,
        0.41137679, -0.0470499 ,  0.53023914, -0.48391448, -0.13246676,
       -0.48786554,  0.11420674,  0.25314928,  0.00459072, -0.7470306 ,
       -0.32287287,  0.24921969, -0.43145459])

========================================================

Final result:
0.295270420718
-0.827323176478
0.295270420718
0.336607201156
-0.039261487042
0.0259573689239
0.411376790441
-0.0470498953385
-0.0470498953385
0.530239135446
-0.483914483515
-0.132466758371
-0.132466758371
-0.487865540771
0.114206743292
0.114206743292
0.253149278555
0.00459071851961
0.00459071851961
-0.747030601773
0.279481528708
0.279481528708
-0.322872871375
0.249219686328
-0.431454594654
0.1683692599
0.1683692599
0.1683692599
