HIE_methyl_charged.filelist
11.4721507235
11.4721507235
11.4721503849
11.4721503095
11.4721506584
11.4721517152
11.472151785
11.4721514643
11.4721514182
11.4721513703
11.4721513551
11.4721520735
11.4721512022
11.47215192
11.4721512075
11.4721510256
11.4721510364
11.4721508962
11.472150984
11.4721510044
64093.1412189
11830.3042044
2180.91785371
399.422971853
71.0279501224
13.5946365358
9.3012317548
9.3012317548
9.30123136616
9.3012312831
9.30123167985
9.30123201914
9.30123208122
9.30123174
9.30123171198
9.30123172098
9.3012314987
9.30123165219
9.30123174566
9.30123108963
9.30123180635
9.30123172429
9.30123181964
9.30123176403
9.30123168835
9.3012318696
5695.44934444
1290.92401344
289.654957042
62.2360135786
11.7002426117
5.13714747101
5.13714747101
5.13714735214
5.13714747908
5.13714744835
5.13714709416
5.13714697117
5.13714701038
5.13714710921
5.1371469103
5.13714689549
5.1371461812
5.13714703935
5.13714625318
5.13714705346
5.13714718875
5.13714721536
5.13714731715
5.13714722097
5.1371472757
1917.45262041
274.657513771
38.73838108
6.54898328101
4.70130395768
4.70130395768
4.70130394677
4.70130409079
4.70130395564
4.70130332959
4.70130318234
4.70130333805
4.70130343121
4.7013033769
4.70130318973
4.70130271006
4.7013035306
4.7013023316
4.70130357001
4.70130367256
4.70130373473
4.70130381311
4.70130369029
4.70130381117
642.952910742
71.4939067222
8.60773575511
4.51411135949
4.51411135949
4.51411130795
4.51411137462
4.51411134923
4.51411060744
4.51411051606
4.51411062019
4.51411062618
4.51411069463
4.51411056735
4.51410996423
4.51411085904
4.51410975226
4.51411089335
4.51411102305
4.51411108388
4.5141111847
4.51411104402
4.51411116656
113.062218384
16.5199165405
4.36922127305
4.07782970717
4.07782970717
4.07782975308
4.07782983066
4.0778297167
4.07782882221
4.07782875139
4.07782884912
4.07782885801
4.07782892021
4.07782880791
4.07782801908
4.07782914327
4.07782789709
4.07782921474
4.07782932852
4.07782943161
4.077829523
4.07782934296
4.07782953579
433.604242347
42.9833248866
5.48049380854
4.0299663109
4.0299663109
4.02996636612
4.02996643631
4.02996632231
4.02996541396
4.02996535249
4.02996544184
4.02996544696
4.02996552694
4.02996539151
4.02996465103
4.02996573426
4.02996445468
4.02996575467
4.02996594885
4.02996596631
4.02996611161
4.02996600304
4.02996603028
90.6288129948
11.0619707774
3.88643312437
3.88643312437
3.88643323915
3.88643328199
3.8864331468
3.88643219282
3.88643214468
3.88643226851
3.88643230365
3.88643234911
3.8864322302
3.88643150201
3.88643252896
3.88643133026
3.88643258334
3.88643269246
3.88643277983
3.88643290126
3.88643267963
3.88643284761
104.866612683
11.0831406142
3.80802508305
3.80802508305
3.8080252053
3.80802521665
3.80802510543
3.80802413962
3.80802409351
3.80802426875
3.80802434266
3.80802434144
3.80802424725
3.80802350168
3.80802453974
3.80802342053
3.80802458031
3.80802472321
3.80802476752
3.80802489239
3.80802474787
3.80802482106
12.6075248145
3.46871125358
3.46871125358
3.46871143003
3.46871141998
3.46871128748
3.46871096551
3.46871096311
3.46871109252
3.46871112734
3.46871111965
3.46871116382
3.46871101288
3.46871111898
3.4687111366
3.46871107343
3.46871118776
3.46871117284
3.46871121144
3.46871122759
3.46871123927
37.7367930217
6.3986040345
2.9420126763
2.9420126763
2.94201286061
2.94201286246
2.9420127124
2.94201298213
2.94201299124
2.94201310024
2.9420130946
2.94201309591
2.94201325522
2.94201361052
2.94201297185
2.94201394314
2.94201290607
2.94201289548
2.94201282173
2.94201278491
2.94201289557
2.94201277646
4.45506328747
2.51216671497
2.51216671497
2.51216676971
2.51216672693
2.51216672613
2.51216715824
2.51216721132
2.5121671787
2.51216714399
2.51216718191
2.5121672571
2.51216775091
2.51216705205
2.51216784798
2.51216704133
2.51216694345
2.51216690634
2.51216682641
2.51216695219
2.51216687229
5.8802722202
2.23722798159
2.23722798159
2.23722785843
2.23722779252
2.23722795874
2.23722818108
2.2372282427
2.2372280768
2.23722803813
2.23722809989
2.23722800781
2.23722824349
2.23722808957
2.23722797531
2.23722810965
2.23722804729
2.23722807284
2.2372280292
2.23722801581
2.2372280653
2.49461863067
2.07220475616
2.07220475616
2.0722047014
2.0722047202
2.07220474634
2.07220476531
2.0722047508
2.07220472199
2.07220473263
2.07220470098
2.0722046975
2.07220461743
2.07220472028
2.07220460943
2.07220472859
2.07220473141
2.07220473269
2.072204742
2.07220472644
2.07220472646
1.98419302796
1.98419302796
1.98419306925
1.98419306262
1.98419303627
1.98419288987
1.98419288117
1.98419292121
1.98419292662
1.9841929502
1.98419293108
1.98419288134
1.98419296802
1.9841928491
1.98419297284
1.98419298786
1.98419299805
1.98419300644
1.98419299019
1.98419301437
2.00387528536
1.94783661289
1.94783661289
1.94783665066
1.94783665381
1.94783662019
1.9478365237
1.94783652796
1.94783655734
1.94783656476
1.94783657525
1.94783657516
1.94783654675
1.94783658145
1.94783655367
1.9478365797
1.94783659377
1.94783659579
1.94783660118
1.94783659778
1.94783660686
2.00659053208
1.89198430891
1.89198430891
1.89198433162
1.89198434163
1.89198431382
1.89198437651
1.89198437244
1.89198438556
1.89198439309
1.89198436438
1.8919844119
1.89198442013
1.8919843449
1.89198452491
1.89198433143
1.89198433832
1.89198431996
1.89198431944
1.89198434513
1.89198431225
1.87100139083
1.87100139083
1.87100136126
1.87100136208
1.87100138531
1.87100144101
1.87100144201
1.87100142232
1.87100141735
1.87100142337
1.87100140968
1.87100145901
1.87100141839
1.87100142144
1.87100142334
1.87100140611
1.87100140879
1.87100140016
1.87100140067
1.87100140038
1.85999478575
1.85999478575
1.85999478501
1.85999478199
1.85999478581
1.85999474345
1.85999474533
1.8599947432
1.85999474272
1.85999474891
1.85999473769
1.85999470731
1.85999475988
1.85999468448
1.85999476407
1.85999476723
1.85999477417
1.85999477709
1.85999476678
1.85999477906
1.85860394356
1.85860394356
1.85860394651
1.85860394832
1.85860394432
1.85860396311
1.85860396167
1.85860396407
1.85860396651
1.85860395804
1.85860396825
1.8586039721
1.85860395215
1.85860399687
1.85860394755
1.85860395078
1.85860394586
1.8586039462
1.85860395278
1.85860394429
1.85756690686
1.85756690686
1.85756690922
1.85756690986
1.85756690747
1.85756691126
1.85756691066
1.85756691353
1.85756691269
1.85756691556
1.85756691549
1.85756692689
1.85756691337
1.8575669252
1.85756691313
1.85756691111
1.85756691061
1.85756690908
1.8575669107
1.8575669094
1.85723442702
1.85723442702
1.85723442437
1.8572344234
1.85723442664
1.85723442267
1.85723442381
1.85723442042
1.8572344202
1.85723442013
1.85723441872
1.85723441089
1.85723442223
1.85723440931
1.85723442371
1.85723442343
1.85723442496
1.85723442537
1.85723442316
1.85723442553
1.85691863206
1.85691863206
1.85691863071
1.85691863052
1.85691863189
1.85691862852
1.85691862858
1.85691862767
1.85691862793
1.85691862815
1.85691862597
1.85691862346
1.85691862909
1.85691861861
1.85691862944
1.8569186301
1.85691863061
1.85691863111
1.85691863013
1.85691863132
1.85661603936
1.85661603936
1.85661604093
1.85661604118
1.8566160397
1.85661604087
1.85661604066
1.85661604205
1.85661604175
1.85661604193
1.85661604392
1.85661604481
1.85661604107
1.85661604982
1.85661604069
1.8566160407
1.85661604006
1.85661604005
1.85661604053
1.85661603977
1.85645368769
1.85645368769
1.85645368876
1.8564536893
1.85645368789
1.85645368922
1.85645368869
1.85645369
1.85645369048
1.85645369017
1.85645368999
1.85645369328
1.85645368929
1.85645369227
1.85645368892
1.856453689
1.8564536883
1.85645368826
1.85645368915
1.85645368818
1.85635502497
1.85635502497
1.85635502399
1.85635502355
1.85635502474
1.85635502496
1.85635502518
1.85635502457
1.85635502408
1.85635502469
1.85635502483
1.85635502454
1.85635502457
1.8563550248
1.85635502442
1.85635502475
1.85635502472
1.85635502484
1.85635502482
1.856355025
1.85634145939
1.85634145939
1.85634146007
1.85634146059
1.8563414595
1.85634145893
1.85634145859
1.85634145908
1.8563414597
1.85634145908
1.85634145841
1.85634145847
1.85634145935
1.85634145699
1.85634145953
1.85634145933
1.85634145949
1.85634145942
1.85634145923
1.85634145939
1.8563282527
1.8563282527
1.85632825274
1.8563282527
1.85632825269
1.85632825279
1.85632825281
1.85632825279
1.85632825284
1.85632825281
1.85632825279
1.8563282529
1.85632825275
1.85632825286
1.85632825274
1.85632825273
1.85632825266
1.85632825269
1.85632825278
1.85632825257
1.85632163914
1.85632163914
1.856321639
1.85632163892
1.8563216391
1.85632163919
1.85632163926
1.8563216391
1.85632163896
1.85632163912
1.85632163926
1.85632163905
1.85632163911
1.85632163946
1.85632163917
1.85632163911
1.85632163922
1.85632163915
1.85632163909
1.85632163933
1.85631284137
1.85631284137
1.85631284105
1.85631284079
1.85631284131
1.85631284142
1.85631284158
1.85631284136
1.8563128411
1.85631284139
1.85631284165
1.85631284149
1.85631284128
1.85631284211
1.85631284114
1.85631284133
1.85631284119
1.85631284131
1.85631284137
1.85631284115
1.85631015486
1.85631015486
1.8563101548
1.85631015477
1.85631015485
1.85631015494
1.85631015497
1.85631015491
1.85631015482
1.8563101549
1.85631015501
1.85631015494
1.8563101549
1.85631015523
1.85631015494
1.85631015488
1.85631015496
1.85631015489
1.85631015487
1.85631015505
     fun: 1.856310154863044
     jac: array([-0.00421244, -0.00632267, -0.00073053,  0.00537997,  0.00737467,
        0.00325207, -0.00275396,  0.00263456,  0.00996484,  0.00526838,
        0.00222844,  0.02440089,  0.00523035,  0.00100529,  0.00667322,
        0.00183702,  0.00058997,  0.01227854])
 message: 'Optimization terminated successfully.'
    nfev: 656
     nit: 31
    njev: 31
  status: 0
 success: True
       x: array([ 0.74461036, -0.55779882, -0.78408039, -0.90817501,  0.30297287,
        1.17219457, -0.3478101 ,  0.0131081 ,  0.57420957, -0.11810002,
        0.51572955, -0.75913229, -0.47637932, -0.53139688, -0.13518512,
       -0.11517   ,  0.21612214,  0.1858759 ])

========================================================

Final result:
0.744610355666
-0.557798818745
-0.784080391582
0.19908961822
0.19908961822
0.19908961822
-0.908175005108
0.302972866757
1.17219457284
-0.347810099708
0.0131081049837
0.574209568805
-0.118100020701
-0.118100020701
0.515729547642
-0.759132289831
-0.476379323215
-0.531396879676
-0.135185115831
-0.115169996158
0.2161221431
0.185875899703
0.288368336931
-0.759132289831
