GLN_neutral_methyl.filelist
8.77749383043
8.77749383043
8.77749188801
8.77749287986
8.77749288545
8.77749296145
8.77749306219
8.777492606
8.77749222587
8.77749332814
8.77749246348
8.7774929175
8.77749347752
8.777493375
8.77749373468
8.7774940818
8.77749418873
8.77749388136
83691.8991321
18320.9029697
4007.94266294
874.139298464
188.067480215
38.2187743696
7.61024892266
7.61024892266
7.61025104171
7.61024995655
7.61024976897
7.61024981393
7.61024964765
7.61024961958
7.6102503792
7.61024951732
7.61024954085
7.61025022565
7.61024921509
7.61024915813
7.61024900746
7.61024909786
7.61024917325
7.61024895896
3410.72386712
607.44334294
106.633934845
18.1213903681
6.47259528662
6.47259528662
6.47259744595
6.47259637891
6.47259634203
6.47259634554
6.47259618946
6.47259646114
6.47259718404
6.47259591712
6.47259656015
6.47259654875
6.47259562735
6.47259561254
6.47259538415
6.47259515242
6.47259506451
6.47259525846
684.190993654
67.4930001714
8.38416558164
6.32995541466
6.32995541466
6.32995779136
6.32995659734
6.32995649878
6.32995648646
6.32995629479
6.32995662452
6.3299572408
6.32995600761
6.3299567265
6.32995657387
6.32995574277
6.32995574179
6.32995550818
6.32995527459
6.32995518362
6.32995538531
578.054181426
57.0070927583
7.68330651705
6.20381826042
6.20381826042
6.20382061888
6.20381943364
6.20381934971
6.20381932686
6.20381917338
6.20381947832
6.20382016402
6.20381889705
6.20381958562
6.20381949243
6.20381866416
6.20381872829
6.2038183754
6.20381812104
6.20381802757
6.2038182313
150.838496848
15.3646651311
6.14014912483
6.14014912483
6.14015145425
6.14015029061
6.14015021919
6.14015021178
6.14014999923
6.1401503843
6.1401508771
6.14014978013
6.14015050633
6.14015046327
6.14014951111
6.14014953848
6.14014923517
6.14014897077
6.14014887711
6.14014909308
229.129659964
22.4190513414
6.13523070924
5.95697143802
5.95697143802
5.95697375961
5.95697259293
5.95697253055
5.95697249964
5.95697232772
5.95697271629
5.95697325952
5.9569720747
5.95697283856
5.95697270306
5.95697181911
5.95697185456
5.9569715467
5.95697131788
5.95697124771
5.95697141452
91.8296918736
9.9579091287
5.79480786822
5.79480786822
5.79481015449
5.79480897801
5.79480888681
5.79480878191
5.79480872758
5.79480909731
5.79480964708
5.79480849338
5.79480920584
5.79480913096
5.79480822943
5.79480824624
5.79480797133
5.79480769035
5.79480762259
5.7948078324
158.524885827
21.1813732997
5.68590261654
5.37491533525
5.37491533525
5.37491740539
5.37491635501
5.37491631058
5.37491625539
5.37491612737
5.37491652694
5.37491695656
5.37491590059
5.37491654113
5.37491645661
5.37491567597
5.37491571262
5.37491543221
5.37491512533
5.37491512847
5.37491529269
38.3693025336
7.2478233281
2.95363690229
2.95363690229
2.9536369219
2.9536368624
2.95363694465
2.95363689461
2.95363692305
2.95363712522
2.95363696102
2.95363688154
2.95363715086
2.95363680007
2.95363692873
2.95363699494
2.95363690865
2.95363672165
2.95363671361
2.95363686565
14.7899291987
3.09135231211
2.48255823905
2.48255823905
2.48255732765
2.48255778142
2.48255786339
2.48255780899
2.48255791017
2.48255798704
2.4825575832
2.48255796375
2.48255797405
2.48255762026
2.48255812108
2.48255818228
2.48255820639
2.48255811555
2.48255811949
2.48255821424
3.693446153
2.03425253416
2.03425253416
2.03425172388
2.03425212684
2.03425214365
2.03425215778
2.03425221258
2.03425207877
2.03425187672
2.03425230432
2.0342520469
2.03425206804
2.0342524089
2.03425240487
2.03425250517
2.03425259077
2.0342526324
2.03425254558
3.41945431759
1.92837744196
1.92837744196
1.92837713833
1.92837729427
1.92837728265
1.92837730546
1.92837731433
1.92837721196
1.9283771813
1.92837735989
1.92837718541
1.92837729779
1.92837738022
1.92837737391
1.92837742476
1.92837752046
1.92837753017
1.92837745821
2.2217124479
1.86220370908
1.86220370908
1.86220379645
1.86220376365
1.862203752
1.86220376066
1.86220374611
1.86220374049
1.86220378896
1.86220374035
1.86220374609
1.8622037799
1.86220371973
1.86220370712
1.86220371631
1.86220372461
1.86220370944
1.86220371231
2.13903415533
1.84035465188
1.84035465188
1.84035481848
1.84035474459
1.84035473182
1.84035473493
1.84035471866
1.84035473452
1.84035479198
1.840354702
1.8403547474
1.84035475909
1.84035467328
1.84035467216
1.84035465872
1.84035464686
1.84035463965
1.84035465071
1.86966186476
1.80159103417
1.80159103417
1.80159119619
1.80159110713
1.80159109811
1.80159109452
1.80159108582
1.8015911067
1.80159113884
1.80159107523
1.80159109979
1.80159111697
1.80159105955
1.80159106454
1.80159104188
1.80159102974
1.80159103942
1.80159103342
1.79915667713
1.79080987064
1.79080987064
1.79080984342
1.79080985591
1.79080986824
1.79080986845
1.79080986858
1.79080988258
1.79080987112
1.79080986536
1.79080989309
1.79080985316
1.79080986794
1.79080986959
1.79080986983
1.79080985328
1.79080984475
1.79080986703
1.7861115979
1.7861115979
1.78611155536
1.78611157855
1.78611157027
1.78611156821
1.78611157347
1.78611156035
1.7861115451
1.78611158402
1.7861115525
1.78611157012
1.78611159104
1.78611159116
1.78611159577
1.78611161038
1.78611161694
1.78611160055
1.78064625511
1.78064625511
1.78064624428
1.78064625099
1.78064625136
1.78064625315
1.7806462531
1.78064624723
1.78064625242
1.78064625466
1.78064624346
1.78064625413
1.78064625333
1.78064625132
1.78064625438
1.7806462586
1.78064626119
1.78064625583
1.77889480781
1.77889480781
1.77889484318
1.77889482236
1.77889481889
1.7788948174
1.7788948133
1.77889482284
1.77889481597
1.77889481262
1.77889483366
1.77889481672
1.77889481198
1.77889481487
1.77889480882
1.77889480558
1.77889479714
1.77889480734
1.77665988322
1.77665988322
1.7766598782
1.77665988117
1.776659887
1.77665988695
1.77665988844
1.77665989163
1.7766598975
1.77665988519
1.77665989259
1.77665988595
1.77665988362
1.77665988323
1.77665988333
1.77665987744
1.77665987633
1.776659882
1.77620626286
1.77620626286
1.77620626642
1.77620626494
1.7762062648
1.77620626661
1.77620626295
1.77620626366
1.77620626205
1.77620626278
1.77620626223
1.7762062628
1.77620626238
1.77620626183
1.77620626273
1.77620626245
1.77620626315
1.77620626272
1.77626770614
1.7761204572
1.7761204572
1.77612045822
1.77612045765
1.77612045738
1.77612045749
1.77612045756
1.7761204563
1.77612045808
1.77612045783
1.77612045614
1.77612045884
1.77612045745
1.7761204572
1.77612045728
1.77612045838
1.77612045869
1.77612045742
1.77606938259
1.77606938259
1.77606938238
1.77606938239
1.77606938214
1.77606938169
1.77606938207
1.77606938227
1.77606938161
1.77606938217
1.77606938242
1.77606938168
1.77606938238
1.77606938243
1.77606938253
1.77606938256
1.77606938244
1.77606938257
1.77604357911
1.77604357911
1.77604357736
1.77604357843
1.77604357894
1.77604357907
1.77604357899
1.77604357919
1.77604357874
1.77604357928
1.7760435793
1.77604357947
1.77604357963
1.77604358018
1.77604357927
1.77604357896
1.77604357889
1.77604357907
1.77604324012
1.7760317193
1.7760317193
1.77603171932
1.77603171924
1.77603171914
1.77603171893
1.7760317191
1.77603171934
1.77603171894
1.77603171899
1.77603171942
1.77603171859
1.77603171909
1.77603171904
1.77603171924
1.77603171912
1.77603171906
1.77603171925
1.77602738933
1.77602738933
1.7760273892
1.77602738926
1.77602738923
1.77602738917
1.77602738926
1.77602738928
1.77602738916
1.77602738929
1.77602738927
1.77602738927
1.77602738932
1.77602738932
1.77602738933
1.77602738924
1.77602738922
1.7760273893
1.7760269589
     fun: 1.776026958896198
     jac: array([-0.00860614, -0.00483459, -0.00676051, -0.01060912, -0.00511774,
       -0.00381565, -0.01126325, -0.00274216, -0.0045093 , -0.0040668 ,
       -0.00112416, -0.00061059, -0.00041007, -0.0059849 , -0.00763647,
       -0.00205381])
 message: 'Optimization terminated successfully.'
    nfev: 525
     nit: 27
    njev: 27
  status: 0
 success: True
       x: array([ 0.28856324, -0.81053484,  0.33876784, -0.04493969,  0.30290557,
        0.41511578, -0.06582428, -0.50052969, -0.48508321,  0.12448475,
        0.8220773 , -0.54819926, -1.04263879, -0.34368514,  0.25068782,
       -0.33443173])

========================================================

Final result:
0.288563238787
-0.81053484198
0.288563238787
0.338767842968
-0.0449396924805
0.302905565097
0.415115779291
-0.0658242779097
-0.0658242779097
-0.50052968612
-0.485083214829
0.124484745348
0.124484745348
0.822077302922
-0.548199255943
-1.04263878913
0.429305788876
0.429305788876
-0.343685142726
0.250687822789
-0.334431734383
0.14247635144
0.14247635144
0.14247635144
