ALA_methyl_charged.filelist
12.181509695
12.181509695
12.1815093218
12.1815092574
12.1815096232
12.1815104272
12.1815104712
12.181510136
12.1815101342
12.181510156
12.1815098024
12.1815110877
25995.5177552
5335.06482374
1091.57816478
220.146224923
41.9707315807
9.96923778392
9.96923778392
9.96923746126
9.96923747295
9.96923772189
9.96923780423
9.96923781316
9.96923758534
9.96923758382
9.96923723593
9.96923772916
9.96923588138
5099.74854708
1049.51924986
213.328332225
41.2129613776
8.85060207474
8.85060207474
8.85060237658
8.85060262137
8.85060213295
8.85060147159
8.85060126746
8.85060172632
8.85060184911
8.8506015905
8.85060198717
8.85060052501
582.688071274
57.1247058843
9.62206778381
8.62368015246
8.62368015246
8.62368042469
8.62368060664
8.62368020468
8.6236794754
8.62367931855
8.62367973475
8.62367978738
8.62367965162
8.62368004781
8.62367859321
85.689652148
12.6197369626
8.07137597968
8.07137597968
8.0713763251
8.07137649745
8.07137604756
8.07137530976
8.07137519989
8.07137554497
8.07137556886
8.07137545897
8.07137586748
8.07137435983
43.4014246423
8.75736865476
6.717440464
6.717440464
6.71744082141
6.71744089458
6.71744053243
6.7174397721
6.71743971858
6.71744005091
6.71744010991
6.71743997999
6.71744035267
6.71743895878
17.7300132779
3.22208866317
3.22208866317
3.22208857888
3.22208834256
3.2220886473
3.22208899857
3.22208918053
3.2220889016
3.2220888108
3.22208909999
3.2220887155
3.22209011415
2.59816520364
2.59816520364
2.59816503231
2.59816518843
2.59816517107
2.59816527992
2.59816518385
2.59816519396
2.59816525911
2.59816501872
2.59816521145
2.59816452247
3.08988950594
1.90175772024
1.90175772024
1.90175775976
1.90175791663
1.90175773022
1.90175756179
1.9017573957
1.90175759045
1.90175765597
1.90175745161
1.90175769725
1.90175681759
6.92096389733
1.65013301326
1.65013301326
1.65013328099
1.65013330093
1.65013306557
1.65013266207
1.65013266778
1.65013285229
1.65013285711
1.65013294255
1.65013296893
1.65013286689
2.17085814601
1.39885617775
1.39885617775
1.39885622718
1.39885612006
1.39885618835
1.39885614519
1.39885622578
1.398856162
1.39885612525
1.39885623124
1.39885616876
1.39885638588
1.64173963769
1.24827716327
1.24827716327
1.24827715397
1.24827712424
1.24827716278
1.24827730644
1.24827732188
1.24827728778
1.24827728045
1.24827737568
1.24827719564
1.24827786351
1.77230882051
1.2030337047
1.2030337047
1.20303364452
1.2030336339
1.20303369426
1.20303375957
1.20303377195
1.2030337148
1.20303370882
1.20303369259
1.20303370875
1.2030336508
1.18309543863
1.18309543863
1.18309546613
1.18309549405
1.18309544443
1.18309541193
1.18309537598
1.18309544126
1.18309548238
1.18309542263
1.18309543959
1.1830953743
1.27336753158
1.1719450888
1.1719450888
1.17194512766
1.17194514641
1.17194509707
1.17194503923
1.17194501803
1.1719450666
1.17194507514
1.1719450691
1.17194508366
1.17194503047
1.16483902549
1.16483902549
1.16483902552
1.16483902411
1.16483902585
1.1648390351
1.16483904246
1.16483903353
1.16483903323
1.16483903669
1.16483902737
1.1648390598
1.16620171485
1.16370103744
1.16370103744
1.16370102628
1.16370101725
1.16370103549
1.16370104203
1.16370105099
1.16370103881
1.16370103212
1.16370104566
1.16370103722
1.16370106562
1.16401527947
1.16194561684
1.16194561684
1.16194561089
1.16194560894
1.161945616
1.16194562581
1.16194562593
1.16194561945
1.16194561794
1.16194561669
1.16194561731
1.16194561349
1.1616745237
1.1616745237
1.1616745236
1.16167452167
1.16167452377
1.16167451283
1.16167451163
1.16167451706
1.16167451497
1.16167451851
1.16167452343
1.16167450923
1.16229093803
1.16078085535
1.16078085535
1.16078086157
1.1607808652
1.16078085651
1.16078084316
1.16078083984
1.16078084957
1.16078085118
1.16078085007
1.16078085423
1.16078083993
1.16055162165
1.16055162165
1.16055162074
1.16055162008
1.16055162147
1.1605516237
1.16055162425
1.1605516226
1.16055162237
1.16055162252
1.1605516218
1.16055162408
1.16054074776
1.16054074776
1.16054074773
1.16054074774
1.16054074774
1.16054074783
1.16054074782
1.16054074779
1.1605407478
1.16054074781
1.16054074777
1.16054074786
1.1605395776
1.1605395776
1.16053957765
1.16053957768
1.1605395776
1.16053957749
1.16053957747
1.16053957755
1.16053957756
1.16053957756
1.16053957759
1.16053957746
1.16053856729
1.16053856729
1.16053856732
1.16053856734
1.1605385673
1.16053856723
1.16053856721
1.16053856726
1.16053856727
1.16053856727
1.16053856729
1.16053856723
     fun: 1.1605385672909232
     jac: array([ 0.00176911,  0.00307918,  0.00029589, -0.00399156, -0.00509895,
       -0.00177819, -0.0012895 , -0.00139269, -0.00024034, -0.00386827])
 message: 'Optimization terminated successfully.'
    nfev: 314
     nit: 24
    njev: 24
  status: 0
 success: True
       x: array([ 0.81520179, -0.58477926, -0.9074604 , -0.75457234,  0.30884567,
        0.67418593, -0.14822695, -0.52198181,  0.73633781,  0.09131627])

========================================================

Final result:
0.815201791154
-0.584779261685
-0.907460397701
0.225679289411
0.225679289411
0.225679289411
-0.754572340882
0.308845674245
0.674185929321
-0.148226952903
-0.521981808049
0.73633781199
0.0913162732905
0.0913162732905
0.0913162732905
-0.784268566797
-0.784268566797
