ASN_charged_methyl.filelist
11.3563363373
11.3563363373
11.3563350708
11.3563358823
11.3563357478
11.3563357455
11.3563359234
11.3563354422
11.3563355838
11.3563359848
11.3563354277
11.3563358154
11.3563362425
11.3563366778
11.3563366991
11.3563364065
49348.0431616
8276.16601107
1385.64497573
229.814767902
37.0444111865
10.4331317577
10.4331317577
10.4331338327
10.4331323765
10.4331320855
10.4331321146
10.4331320047
10.433131848
10.433132326
10.4331318047
10.4331318399
10.433131679
10.4331317793
10.4331320594
10.433132081
10.4331318191
6886.65593089
1405.14960848
283.93561648
55.0333777785
10.9005693672
7.52770052532
7.52770052532
7.52770255224
7.52770118379
7.52770110999
7.52770115352
7.52770102377
7.52770107528
7.52770165808
7.52770073624
7.52770123988
7.52770064418
7.52770059175
7.52770059928
7.52770047693
7.52770054011
1626.22409884
241.98128518
35.295663992
7.77004230758
6.80527836502
6.80527836502
6.80528072022
6.80527912635
6.80527902653
6.80527909465
6.80527882354
6.80527905655
6.80527926607
6.80527863179
6.80527924114
6.80527864429
6.80527844857
6.8052783528
6.80527820352
6.80527836176
516.16009223
65.8581201713
9.73096150986
6.38238986693
6.38238986693
6.38239228327
6.38239066068
6.38239060874
6.38239072298
6.38239041835
6.38239060357
6.38239093455
6.38239026818
6.38239072214
6.38239038552
6.38238998737
6.38238988988
6.38238980117
6.3823898711
449.60377977
72.4261768376
11.7601648986
5.60065983374
5.60065983374
5.60066255639
5.60066072005
5.60066062959
5.60066060616
5.60066046299
5.60066075177
5.60066110196
5.60066027252
5.60066085031
5.60066038379
5.60065996486
5.60065965214
5.60065955312
5.60065979513
355.84353217
46.3278489589
7.32995925483
5.22801944297
5.22801944297
5.22802224437
5.2280203716
5.22802034255
5.22802037349
5.22802010553
5.22802051499
5.2280207503
5.2280198863
5.2280205562
5.22801998448
5.22801957485
5.22801923882
5.22801920472
5.22801940069
40.1043885985
6.04287279901
5.07287584134
5.07287584134
5.07287852524
5.07287672982
5.07287670003
5.07287669118
5.0728764799
5.07287690476
5.07287710059
5.0728762796
5.07287697232
5.07287638836
5.07287597132
5.07287566288
5.07287563153
5.07287580547
23.1658543058
4.50588891393
3.07954158169
3.07954158169
3.07954132762
3.07954153499
3.0795416708
3.07954164413
3.0795416346
3.07954186574
3.07954162798
3.0795416861
3.07954187327
3.07954181355
3.07954160736
3.07954137652
3.07954135549
3.07954154042
5.67132924434
2.57220284509
2.57220284509
2.5722017387
2.57220249534
2.57220255441
2.57220253149
2.57220261272
2.57220257567
2.57220232841
2.57220273549
2.57220253415
2.57220275256
2.57220282144
2.57220280784
2.57220286844
2.57220283752
4.30417963575
2.34188734023
2.34188734023
2.34188677489
2.34188714741
2.34188711282
2.34188710405
2.34188715817
2.34188703655
2.34188697293
2.341887201
2.34188697552
2.34188716636
2.34188730173
2.34188743418
2.34188748175
2.34188735968
2.42234495932
2.1838708496
2.1838708496
2.18387065294
2.18387078905
2.18387079237
2.18387080011
2.1838708231
2.18387075428
2.18387082464
2.18387080502
2.18387078289
2.18387077019
2.18387083921
2.18387088588
2.18387086224
2.1838708567
2.14952529586
2.14952529586
2.14952633675
2.1495256261
2.14952555136
2.14952555126
2.14952546464
2.14952557118
2.14952558735
2.14952543367
2.14952554727
2.14952548492
2.14952533708
2.1495252698
2.14952528288
2.14952529031
2.08763245011
2.08763245011
2.08763233485
2.08763242244
2.08763245882
2.08763245396
2.08763246754
2.08763249675
2.08763249867
2.08763245557
2.08763250984
2.08763246867
2.08763244377
2.08763240774
2.08763241437
2.08763244154
2.78544366902
2.05303619756
2.05303619756
2.05303573911
2.05303606206
2.05303612493
2.05303611909
2.05303616137
2.05303616146
2.05303614745
2.05303616557
2.0530361774
2.0530361545
2.05303618432
2.05303616671
2.05303615649
2.0530361916
2.02637093666
2.02637093666
2.02637087593
2.02637091125
2.02637088583
2.02637089853
2.02637088313
2.02637085316
2.02637080237
2.02637091362
2.02637085611
2.02637092001
2.02637093171
2.02637096323
2.02637095822
2.02637094185
2.0107854917
2.0107854917
2.01078572203
2.01078556436
2.01078554476
2.01078553788
2.01078554606
2.01078553701
2.01078562275
2.01078551242
2.01078552452
2.01078549631
2.01078549926
2.01078550288
2.01078551424
2.0107854941
1.99896030938
1.99896030938
1.99896030429
1.99896031142
1.99896032436
1.99896032623
1.99896031521
1.99896034727
1.99896031364
1.998960316
1.99896035247
1.99896032313
1.99896031022
1.99896029173
1.99896028674
1.99896030604
1.99232934531
1.99232934531
1.99232925733
1.9923293177
1.99232932298
1.99232932333
1.99232933338
1.99232932024
1.99232932163
1.99232934246
1.99232932026
1.99232934792
1.99232934409
1.99232934453
1.99232934282
1.9923293452
1.99001265498
1.99001265498
1.99001268923
1.99001266382
1.99001265282
1.99001265318
1.99001264937
1.99001264702
1.99001264366
1.99001264453
1.99001264775
1.99001263378
1.99001265299
1.99001266226
1.99001266372
1.99001265655
1.98702804157
1.98702804157
1.98702807259
1.98702805135
1.98702804899
1.98702805166
1.98702804716
1.98702804539
1.98702805252
1.98702804522
1.98702804301
1.98702804558
1.9870280429
1.98702804754
1.98702805042
1.98702804293
1.98713898196
1.98660094377
1.98660094377
1.98660095316
1.98660094645
1.98660094467
1.98660094308
1.98660094518
1.98660094506
1.98660094745
1.98660094426
1.98660094497
1.98660094394
1.98660094398
1.98660094236
1.98660094162
1.98660094356
1.9864145577
1.9864145577
1.98641454739
1.9864145546
1.98641455607
1.98641455661
1.98641455658
1.98641455615
1.98641455532
1.9864145573
1.98641455608
1.98641455765
1.98641455752
1.9864145575
1.98641455776
1.98641455775
1.98636617096
1.98636617096
1.98636617009
1.98636617066
1.98636617075
1.98636617057
1.98636617083
1.98636617089
1.9863661706
1.98636617101
1.98636617118
1.98636617121
1.98636617096
1.98636617114
1.98636617106
1.98636617108
1.98631456877
1.98631456877
1.98631457879
1.98631457189
1.98631457097
1.98631457113
1.98631456998
1.98631457079
1.986314571
1.9863145692
1.98631457041
1.9863145689
1.98631456893
1.98631456855
1.9863145685
1.98631456875
1.98628031209
1.98628031209
1.98628031652
1.98628031338
1.98628031262
1.98628031211
1.98628031246
1.98628031269
1.98628031294
1.98628031213
1.98628031296
1.98628031183
1.98628031213
1.98628031219
1.986280312
1.98628031212
1.98627159723
1.98627159723
1.98627159778
1.98627159739
1.98627159727
1.98627159719
1.98627159726
1.98627159727
1.98627159733
1.98627159722
1.98627159734
1.98627159718
1.98627159723
1.98627159728
1.98627159723
1.98627159724
1.98627084386
     fun: 1.9862708438583823
     jac: array([ 0.03729461,  0.01094963,  0.00292319, -0.00284307,  0.00224757,
        0.00276347,  0.00673948, -0.00044847,  0.00714447, -0.00358158,
       -0.00012827,  0.00336857,  0.00016767,  0.00089535])
 message: 'Optimization terminated successfully.'
    nfev: 465
     nit: 27
    njev: 27
  status: 0
 success: True
       x: array([ 0.65401994, -1.57290304,  0.00772226,  0.25869703, -0.99182781,
        0.78283598,  0.3602621 ,  0.9351828 , -0.49584149, -0.49854269,
       -0.99495992, -0.53229302,  0.33189976, -0.42367731])

========================================================

Final result:
0.654019941064
0.654019941064
-1.57290304363
0.654019941064
0.00772226153816
0.258697030544
-0.991827812855
0.782835980087
0.360262099284
0.360262099284
0.93518279614
-0.495841486798
-0.498542689984
-0.994959918817
0.443526431007
0.443526431007
-0.532293021629
0.331899757221
-0.423677310894
0.208023525101
0.208023525101
0.208023525101
