GLU_methyl_charged.filelist
19.467193716
19.467193716
19.4671933754
19.4671933263
19.4671936509
19.4671946515
19.4671947068
19.467194389
19.4671943562
19.4671941835
19.4671943664
19.4671946071
19.4671940374
19.4671950078
19.467194427
19.4671937942
43948.1215929
8945.53251525
1815.56924643
363.438720879
68.9292621042
16.2466668337
16.2466668337
16.246666524
16.2466664387
16.246666774
16.2466665823
16.2466666334
16.2466663655
16.2466663445
16.2466664437
16.2466660854
16.2466659988
16.2466665951
16.2466651497
16.246666354
16.2466667672
4219.18836465
855.589516665
169.461967823
31.4514495625
11.9087521953
11.9087521953
11.9087522412
11.9087523418
11.9087522043
11.9087514384
11.9087513255
11.9087514842
11.9087515573
11.9087515897
11.9087513346
11.9087509294
11.9087517766
11.9087503661
11.9087512921
11.9087520803
747.812180486
82.3842440222
13.6563096731
11.4094948888
11.4094948888
11.4094949746
11.409495053
11.4094949053
11.4094940279
11.4094939292
11.4094941145
11.4094941673
11.4094943047
11.409493949
11.4094937187
11.4094945032
11.4094928906
11.4094940739
11.4094947838
361.281690264
36.0491461889
11.3587715862
11.22222063
11.22222063
11.2222206928
11.222220733
11.222220642
11.222219736
11.222219667
11.2222198208
11.2222198264
11.2222200299
11.2222197021
11.2222194552
11.2222202126
11.2222186879
11.2222197239
11.2222205165
189.277442627
21.1658125155
10.8627002356
10.8627002356
10.8627003222
10.8627003578
10.8627002525
10.8626993365
10.8626992778
10.8626994232
10.8626994259
10.8626996074
10.8626993369
10.8626989226
10.8626998742
10.8626983775
10.8626995352
10.8627001368
311.730584445
46.5814366929
10.8857725146
9.73163556509
9.73163556509
9.73163574734
9.73163577871
9.73163560165
9.73163470314
9.7316346836
9.73163478894
9.73163478241
9.73163498045
9.73163469884
9.73163438788
9.73163519122
9.73163377243
9.73163479041
9.73163546279
73.4312232352
13.446644112
7.79363608371
7.79363608371
7.79363631637
7.79363629181
7.79363612796
7.79363533162
7.79363532785
7.79363550906
7.79363556032
7.79363565927
7.79363548368
7.79363523608
7.79363580959
7.79363488291
7.79363551847
7.79363600685
26.161761622
5.99035815377
5.99035815377
5.9903583028
5.99035833747
5.99035818346
5.99035862873
5.99035862573
5.99035871322
5.99035869904
5.99035861522
5.990358935
5.99035913536
5.99035844727
5.99035987471
5.9903587777
5.99035822796
4.66755657059
4.66755657059
4.66755629806
4.66755618637
4.66755651809
4.6675567765
4.6675568611
4.66755658781
4.66755656373
4.66755657866
4.66755643751
4.6675565812
4.66755657985
4.6675562081
4.66755659959
4.66755657665
4.31957526728
4.31957526728
4.31957542265
4.31957554576
4.31957529811
4.31957481075
4.31957469526
4.3195749269
4.31957498796
4.31957496929
4.31957493931
4.31957464216
4.31957506423
4.3195746054
4.31957483217
4.3195752174
3.5900981191
3.5900981191
3.59009817999
3.59009814828
3.59009813183
3.5900982107
3.59009825006
3.59009823729
3.59009820831
3.59009824631
3.59009830691
3.59009841249
3.59009821136
3.59009854188
3.59009833243
3.59009814379
3.38902365444
3.38902365444
3.38902356849
3.38902356987
3.38902363826
3.389023827
3.38902381912
3.38902377233
3.38902379637
3.38902371694
3.3890237482
3.38902377045
3.38902368023
3.38902382259
3.38902369838
3.38902366219
3.23648395329
3.23648395329
3.23648393277
3.23648392162
3.23648395006
3.23648380753
3.23648381454
3.23648379228
3.23648378038
3.23648383913
3.23648375243
3.23648372523
3.23648389158
3.23648352034
3.23648383867
3.2364839399
3.14579509569
3.14579509569
3.1457951654
3.14579518541
3.14579510983
3.14579504917
3.14579503373
3.14579509032
3.14579510469
3.14579508546
3.14579512467
3.14579507858
3.14579508086
3.14579517568
3.14579505758
3.14579509183
3.08820048629
3.08820048629
3.0882004846
3.08820048565
3.08820048625
3.08820054187
3.08820054413
3.08820054814
3.08820054377
3.08820054503
3.0882005671
3.08820061312
3.08820053075
3.08820065969
3.08820058817
3.08820049749
3.101583545
3.07024572992
3.07024572992
3.07024571377
3.07024570514
3.0702457273
3.07024577622
3.07024578209
3.0702457626
3.07024575586
3.07024575804
3.07024576324
3.07024578925
3.07024575037
3.07024579697
3.07024577521
3.07024573525
3.0815740777
3.06541470392
3.06541470392
3.06541469235
3.06541468784
3.06541470205
3.06541471963
3.0654147256
3.0654147107
3.06541470912
3.06541470864
3.06541470603
3.06541471362
3.06541470671
3.06541470498
3.0654147088
3.06541470462
3.06499354458
3.06301808408
3.06301808408
3.06301808314
3.06301808283
3.06301808421
3.06301807592
3.06301807478
3.06301807687
3.06301807876
3.0630180787
3.063018074
3.06301807306
3.06301808112
3.06301806193
3.06301807756
3.06301808322
3.06225738352
3.06225738352
3.06225738707
3.06225739088
3.06225738457
3.06225738276
3.06225738088
3.0622573834
3.06225738252
3.06225738163
3.06225738733
3.06225737855
3.06225738197
3.06225739343
3.0622573791
3.06225738291
3.06071722607
3.06071722607
3.06071723018
3.06071723127
3.06071722713
3.06071722566
3.06071722548
3.06071722734
3.06071722722
3.06071722766
3.06071722885
3.06071723013
3.06071722693
3.06071723265
3.06071722682
3.06071722622
3.05922310263
3.05922310263
3.05922309952
3.05922309519
3.05922310208
3.05922310156
3.05922310389
3.05922310182
3.0592231008
3.05922310173
3.05922310377
3.05922309943
3.05922310332
3.05922310677
3.05922310564
3.05922310253
3.05888861477
3.05888861477
3.05888861577
3.05888861691
3.05888861494
3.0588886158
3.05888861471
3.05888861613
3.05888861892
3.05888861805
3.05888861022
3.05888862412
3.05888861599
3.05888860163
3.05888861626
3.05888861522
3.05821843129
3.05821843129
3.05821843136
3.058218431
3.05821843132
3.05821843141
3.05821843163
3.05821843176
3.05821843162
3.05821843193
3.05821843205
3.05821843279
3.05821843174
3.05821843302
3.05821843212
3.05821843162
3.05827512199
3.05816827872
3.05816827872
3.05816827881
3.05816827859
3.05816827876
3.0581682786
3.05816827878
3.05816827872
3.05816827861
3.05816827877
3.05816827882
3.0581682788
3.05816827885
3.05816827904
3.05816827914
3.05816827876
3.05815913466
3.05815913466
3.05815913459
3.05815913452
3.05815913466
3.05815913458
3.05815913463
3.0581591346
3.0581591345
3.05815913465
3.05815913461
3.05815913477
3.05815913453
3.0581591346
3.0581591343
3.05815913463
3.05815524048
3.05815524048
3.05815524053
3.05815524099
3.0581552405
3.0581552409
3.05815524057
3.05815524081
3.05815524117
3.05815524045
3.05815524049
3.05815523992
3.05815524074
3.05815524029
3.05815524144
3.05815524056
3.058144453
3.058144453
3.05814445294
3.05814445315
3.058144453
3.05814445306
3.05814445292
3.05814445298
3.058144453
3.05814445291
3.0581444529
3.0581444528
3.05814445284
3.05814445274
3.0581444526
3.05814445296
3.05813711053
3.05813711053
3.05813711045
3.05813711047
3.05813711052
3.05813711046
3.05813711046
3.05813711043
3.05813711033
3.05813711047
3.05813711047
3.05813711055
3.05813711033
3.05813711044
3.05813710995
3.05813711048
3.05813443545
3.05813443545
3.05813443543
3.0581344354
3.05813443545
3.0581344354
3.05813443543
3.0581344354
3.05813443536
3.05813443544
3.05813443544
3.05813443549
3.05813443539
3.05813443544
3.05813443527
3.05813443543
     fun: 3.0581344354491384
     jac: array([-0.00122631, -0.00312334, -0.0001882 , -0.00304344, -0.00154492,
       -0.00308985, -0.00601205, -0.00057399, -0.00083449,  0.00257173,
       -0.00399804, -0.00075766, -0.01217064, -0.00107843])
 message: 'Optimization terminated successfully.'
    nfev: 507
     nit: 30
    njev: 30
  status: 0
 success: True
       x: array([ 0.92408909, -0.61885755, -1.08606386, -1.1121983 ,  0.34501523,
        1.30775365, -0.47637127,  1.071136  ,  0.54053624, -0.51207434,
        0.79594449, -0.80801139, -0.40129808,  0.64306181])

========================================================

Final result:
0.924089092738
-0.618857549659
-1.08606385918
0.2602774387
0.2602774387
0.2602774387
-1.11219830158
0.345015225657
1.30775364949
-0.476371269018
1.07113599929
0.540536241554
-0.512074337103
-0.512074337103
0.795944487851
-0.808011386865
-0.401298078419
-0.401298078419
0.643061806654
-0.836055117561
-0.836055117561
-0.808011386865
