ARG_neutral_methyl.filelist
12.770402673
12.770402673
12.7704002132
12.7704014588
12.7704015126
12.7704015545
12.7704017357
12.7704012853
12.7704008071
12.7704019411
12.7704011861
12.7704011928
12.7704021739
12.7704017031
12.7704023578
12.7704023285
12.7704025525
12.7704026123
12.770402885
12.7704029592
12.7704027161
122608.07907
28000.3200176
6390.3652115
1454.31448675
326.911732974
69.7329443617
12.9660135319
6.90817648157
6.90817648157
6.90817654903
6.90817650747
6.90817642142
6.90817650217
6.9081765258
6.90817610119
6.90817657472
6.90817661644
6.90817596829
6.90817678523
6.90817665885
6.90817689209
6.90817662056
6.90817661658
6.90817655935
6.9081765414
6.90817682772
6.9081769466
6.90817655292
6727.05166809
1442.77251282
307.428074064
63.6352571697
12.0639923307
4.57754009841
4.57754009841
4.57754189757
4.57754098272
4.57754081976
4.57754087723
4.57754069606
4.57754068876
4.57754131016
4.57754054876
4.57754069934
4.57754100574
4.57754038787
4.57754062442
4.57754029686
4.57754027992
4.57754020265
4.5775401772
4.57754024493
4.57754024078
4.5775401283
2499.07215481
303.168708912
36.3890256702
5.70184791916
4.3353881623
4.3353881623
4.33538995439
4.33538906611
4.33538898771
4.3353890451
4.3353888897
4.33538892741
4.33538964832
4.33538874746
4.33538898801
4.33538933727
4.33538859452
4.33538901362
4.33538845866
4.33538844838
4.33538830961
4.33538826716
4.3353882214
4.33538817073
4.33538817384
393.064714068
38.6913089458
5.18834408837
4.23273515619
4.23273515619
4.23273713555
4.2327361423
4.23273602243
4.23273606802
4.23273588551
4.23273597357
4.23273658489
4.23273578709
4.23273604232
4.23273646894
4.23273561726
4.23273605802
4.23273547387
4.23273546735
4.23273531244
4.23273526617
4.23273519324
4.23273513258
4.23273516294
182.657623933
22.3115432427
4.50977247758
3.99604932902
3.99604932902
3.99605158451
3.99605042893
3.99605027834
3.9960502611
3.9960501511
3.99605027069
3.99605099494
3.99604999495
3.996050343
3.99605064372
3.99604985895
3.99605042967
3.99604967176
3.9960496497
3.99604949204
3.99604943982
3.9960493472
3.99604929385
3.99604933258
430.804637941
55.3580371149
7.49612309351
3.75786394401
3.75786394401
3.75786640092
3.75786515585
3.75786504096
3.75786503757
3.75786487839
3.75786508363
3.75786580755
3.75786472351
3.75786512152
3.75786554835
3.75786450024
3.75786502646
3.7578643208
3.75786433824
3.75786411196
3.75786405021
3.7578639582
3.75786396103
3.75786394791
61.7839915334
6.51309094138
3.66298034019
3.66298034019
3.66298277917
3.66298156118
3.66298146865
3.66298151308
3.66298126802
3.66298151083
3.66298216647
3.6629811082
3.66298150293
3.66298190905
3.66298089791
3.66298145797
3.66298069088
3.66298068683
3.66298049082
3.66298043154
3.66298032328
3.66298035028
3.66298033715
158.500504805
15.559931026
3.71230106622
3.57867764308
3.57867764308
3.57868007729
3.578678852
3.57867874839
3.57867876711
3.57867856843
3.57867879334
3.57867948316
3.57867840346
3.57867877643
3.57867919679
3.57867818749
3.5786787068
3.578678011
3.57867804597
3.57867779656
3.57867773231
3.5786775873
3.57867760773
3.5786776314
59.1866812536
8.32825133978
3.33409017225
3.33409017225
3.33409214735
3.33409113972
3.33409105606
3.33409103462
3.33409093162
3.33409112243
3.33409169697
3.33409079821
3.3340911666
3.33409147947
3.33409058189
3.33409099393
3.3340903676
3.33409033766
3.33409023061
3.33409018905
3.33409008535
3.33409005095
3.33409015387
263.055489184
34.5896097104
5.07568618369
3.10989304703
3.10989304703
3.10989467969
3.10989385325
3.10989380353
3.1098938047
3.10989366449
3.10989389256
3.10989427393
3.10989353716
3.10989398604
3.1098940486
3.10989337258
3.10989369106
3.10989322599
3.10989326086
3.10989308665
3.10989304285
3.10989297006
3.10989290275
3.10989303123
28.8580420982
5.17049332572
2.47723769322
2.47723769322
2.47723777313
2.47723772683
2.47723778201
2.47723773725
2.47723771726
2.47723797641
2.47723773752
2.47723766006
2.47723806926
2.47723761443
2.47723761808
2.47723751959
2.47723760933
2.47723760169
2.47723763653
2.47723764537
2.47723748201
2.47723740051
2.4772376496
3.74486850588
2.17656514125
2.17656514125
2.17656456684
2.17656488475
2.17656492501
2.1765648838
2.17656493959
2.17656502013
2.17656473527
2.17656496259
2.17656504646
2.1765647722
2.17656500053
2.17656486488
2.17656503201
2.17656503219
2.17656507919
2.17656509387
2.17656503741
2.17656500034
2.1765651199
7.06749203193
2.08382654569
2.08382654569
2.08382577112
2.0838261453
2.0838261859
2.08382619659
2.08382627976
2.08382611772
2.08382601186
2.08382637102
2.08382606782
2.08382619602
2.08382646279
2.08382641473
2.08382650332
2.0838265116
2.0838265275
2.08382653557
2.08382661204
2.08382666504
2.08382655934
2.04455115719
1.93626188937
1.93626188937
1.93626177301
1.93626182436
1.93626181835
1.93626183326
1.93626183681
1.93626177191
1.93626178649
1.93626185186
1.93626174572
1.93626181135
1.9362618699
1.93626184702
1.93626188926
1.93626188957
1.93626189584
1.93626189972
1.93626194442
1.93626195928
1.93626190088
2.24982654665
1.91057408044
1.91057408044
1.91057407243
1.91057407505
1.91057406495
1.91057407529
1.91057406803
1.91057403891
1.91057405704
1.91057406768
1.91057403392
1.9105740518
1.91057407056
1.91057405281
1.91057408148
1.91057407985
1.9105740855
1.91057408861
1.91057410519
1.91057411555
1.91057408541
1.92887689828
1.89229216928
1.89229216928
1.89229224981
1.89229220966
1.89229220673
1.89229220716
1.89229220332
1.8922922085
1.89229223699
1.89229220043
1.89229220935
1.89229223312
1.89229219398
1.89229222034
1.89229218443
1.89229218402
1.89229217486
1.89229217318
1.89229216866
1.89229216868
1.89229216917
1.88761920731
1.88761920731
1.88761918121
1.88761919457
1.88761919443
1.88761919362
1.88761919332
1.88761919828
1.8876191798
1.88761919214
1.88761919971
1.88761917509
1.88761919248
1.88761917427
1.88761919664
1.88761919651
1.88761920141
1.88761920375
1.88761920325
1.88761920101
1.88761920648
1.88309950924
1.88309950924
1.88309945843
1.88309948498
1.88309948891
1.88309948813
1.8830994914
1.88309949264
1.88309947392
1.88309949416
1.88309949406
1.88309947758
1.88309949858
1.88309948778
1.88309950289
1.88309950292
1.88309950654
1.88309950798
1.88309950518
1.88309950296
1.88309950843
1.88207595958
1.88207595958
1.88207597227
1.88207596475
1.88207596095
1.88207596097
1.88207595999
1.88207595734
1.88207596065
1.88207595939
1.88207595423
1.88207595957
1.88207595793
1.88207595555
1.88207595765
1.88207595755
1.88207595834
1.88207595838
1.88207596394
1.8820759669
1.88207596052
1.88172818028
1.88172818028
1.8817281806
1.88172818072
1.88172818169
1.8817281822
1.88172818179
1.88172818193
1.88172818371
1.88172818188
1.88172818284
1.88172818348
1.88172818168
1.88172818321
1.88172818137
1.88172818159
1.88172818083
1.88172818058
1.8817281796
1.88172817872
1.88172818014
1.88163660109
1.88163660109
1.88163660154
1.8816366013
1.88163660133
1.88163660097
1.88163660106
1.8816366021
1.88163660105
1.88163660125
1.88163660234
1.88163660118
1.88163660146
1.88163660202
1.88163660147
1.88163660135
1.88163660143
1.8816366014
1.88163660055
1.88163660047
1.881636601
1.88153360932
1.88153360932
1.88153360693
1.88153360818
1.88153360817
1.88153360801
1.88153360828
1.88153360822
1.88153360734
1.88153360856
1.88153360783
1.88153360768
1.88153360874
1.8815336082
1.88153360888
1.88153360877
1.88153360916
1.88153360925
1.88153360937
1.88153360971
1.88153360934
1.88146024307
1.88146024307
1.88146024396
1.88146024332
1.88146024283
1.88146024261
1.88146024267
1.88146024264
1.88146024209
1.88146024276
1.88146024266
1.88146024236
1.88146024283
1.88146024259
1.88146024289
1.88146024294
1.88146024296
1.88146024298
1.88146024332
1.88146024333
1.88146024312
1.88144972579
1.88144972579
1.88144972537
1.88144972567
1.88144972597
1.88144972608
1.88144972603
1.88144972598
1.8814497264
1.88144972588
1.88144972579
1.88144972589
1.88144972573
1.88144972558
1.88144972571
1.88144972568
1.88144972576
1.88144972577
1.8814497258
1.88144972599
1.88144972579
1.88144309475
1.88144309475
1.88144309441
1.88144309463
1.88144309471
1.88144309475
1.88144309476
1.88144309467
1.88144309473
1.88144309483
1.88144309466
1.88144309496
1.88144309478
1.88144309481
1.88144309475
1.88144309472
1.88144309475
1.88144309476
1.88144309467
1.88144309462
1.88144309473
1.88144155032
1.88144155032
1.88144155039
1.88144155035
1.88144155038
1.88144155037
1.88144155041
1.8814415504
1.88144155057
1.88144155034
1.88144155049
1.88144155027
1.88144155038
1.88144155049
1.8814415504
1.88144155045
1.88144155035
1.88144155033
1.88144155037
1.88144155032
1.88144155033
     fun: 1.8814415503192656
     jac: array([ 0.00465329,  0.00217897,  0.00425644,  0.00357749,  0.00587128,
        0.00554268,  0.01668835,  0.00128303,  0.01112689, -0.00350179,
        0.00424318,  0.01145311,  0.00549291,  0.00878464,  0.00184441,
        0.00082724,  0.00326039,  0.00029549,  0.00051919])
 message: 'Optimization terminated successfully.'
    nfev: 609
     nit: 27
    njev: 27
  status: 0
 success: True
       x: array([ 0.29664629, -0.72924254,  0.15956736,  0.0497332 , -0.20054272,
        0.53187281,  0.11515065, -0.45805493, -0.4938672 ,  0.22296895,
       -0.34531186,  0.2432718 , -0.47377953,  0.41013056,  0.59590286,
       -0.73459461, -0.38968763,  0.26488273, -0.34678983])

========================================================

Final result:
0.296646287811
-0.729242538383
0.296646287811
0.159567362273
0.0497332003363
-0.200542720648
0.531872811903
0.115150645766
0.115150645766
-0.458054925947
-0.493867195333
0.222968953988
0.222968953988
-0.345311859368
0.243271796027
0.243271796027
-0.473779528561
0.410130559804
0.595902864525
-0.734594608733
-0.734594608733
0.416676454921
0.416676454921
0.416676454921
0.416676454921
-0.389687630862
0.264882731509
-0.346789834745
0.157198244699
0.157198244699
0.157198244699
