THR_methyl_methyl.filelist
6.68593054953
6.68593054953
6.68593035513
6.6859302823
6.68593051125
6.68593039909
6.68593045165
6.68593029273
6.68593030458
6.68593047409
6.6859299807
6.68593048192
6.68593066214
6.68593043913
6.6859298491
6.68593102393
6.68593086628
6.68593098011
6.68593061465
9113.06238713
2031.69194699
450.875717796
98.0520285756
19.6678180782
4.46017757507
4.46017757507
4.46017738286
4.46017742362
4.46017753766
4.46017832385
4.46017829386
4.46017818118
4.46017823289
4.46017796125
4.46017817899
4.4601780525
4.460177856
4.46017775404
4.46017824912
4.46017834479
4.46017757555
4.46017753275
4.46017757494
14386.4917396
2114.83830634
310.118432547
44.8649725855
6.98526099616
4.06127204756
4.06127204756
4.06127186913
4.0612718774
4.06127201299
4.06127255502
4.06127256318
4.06127242416
4.06127241722
4.06127224362
4.06127247838
4.06127236361
4.06127198874
4.06127217497
4.06127258184
4.0612716872
4.06127198694
4.06127190687
4.06127203493
2962.6845468
461.831021133
71.304172807
10.8475288052
3.71709155415
3.71709155415
3.71709166153
3.71709179476
3.71709157486
3.71709188554
3.71709178468
3.71709195742
3.71709201307
3.71709180556
3.71709212512
3.71709196805
3.71709160749
3.71709165506
3.717092273
3.71709157219
3.71709134482
3.71709120743
3.71709151
400.861516516
49.6564517403
6.60594599902
3.51432122071
3.51432122071
3.514321277
3.51432137004
3.51432123183
3.51432159632
3.51432152909
3.51432162533
3.51432163191
3.51432143192
3.51432185626
3.5143214993
3.51432126762
3.51432133714
3.51432204761
3.51432124606
3.51432091843
3.51432072988
3.51432115677
420.708654716
41.521624624
4.86348293903
3.43085732325
3.43085732325
3.43085742451
3.43085756537
3.43085734331
3.43085773348
3.43085763913
3.43085777028
3.43085782362
3.43085753319
3.43085798481
3.43085756254
3.43085735741
3.43085745982
3.43085814695
3.43085730117
3.43085706335
3.43085690741
3.4308572685
90.3104910499
10.4567115679
3.34997654874
3.34997654874
3.34997666477
3.34997674418
3.34997657063
3.34997689491
3.34997684724
3.34997697032
3.34997696972
3.34997676244
3.34997726386
3.34997682398
3.34997657309
3.34997668844
3.34997745322
3.34997648624
3.34997629632
3.34997616646
3.3499764975
44.6990156675
5.2310985387
3.24317612497
3.24317612497
3.24317624983
3.24317632298
3.24317614857
3.24317646465
3.24317641758
3.24317654415
3.24317654079
3.24317633668
3.24317684336
3.24317639313
3.24317614135
3.24317627607
3.24317696521
3.24317603508
3.24317582401
3.24317573821
3.24317606325
9.80109599452
2.54057735849
2.54057735849
2.54057753852
2.54057748655
2.54057739483
2.54057723737
2.54057731529
2.54057726832
2.54057721208
2.5405772939
2.54057733551
2.54057728033
2.54057724935
2.54057738944
2.54057740531
2.54057700118
2.54057728468
2.54057722177
2.54057734321
94.7808555212
15.1122634501
2.91004891084
2.21598996287
2.21598996287
2.21599009992
2.21599001555
2.21598998971
2.21598962519
2.21598968249
2.21598968912
2.21598966379
2.21598978463
2.21598968505
2.21598972502
2.21598979891
2.21598994161
2.21598969216
2.21598948471
2.21598995577
2.2159899384
2.21598996117
34.1899581631
4.98303898751
2.0410733418
2.0410733418
2.04107344894
2.04107338224
2.04107336396
2.04107287631
2.04107292656
2.04107290021
2.04107283508
2.04107305957
2.04107284533
2.04107298935
2.04107314144
2.04107322283
2.04107277422
2.04107280059
2.04107340385
2.04107343448
2.04107335509
3.55581914555
1.66136408845
1.66136408845
1.66136410104
1.66136404742
1.66136408992
1.66136368533
1.66136375532
1.66136369311
1.66136367512
1.66136385135
1.66136356707
1.66136378317
1.66136397124
1.66136396169
1.66136347641
1.66136382473
1.66136420353
1.66136428706
1.66136411188
5.99306797561
1.58976365507
1.58976365507
1.58976355261
1.5897635913
1.58976363447
1.58976364691
1.58976362632
1.58976360752
1.58976361278
1.58976364431
1.58976351991
1.58976361834
1.58976370226
1.58976366068
1.58976346635
1.58976384181
1.58976374145
1.58976379295
1.58976367274
8.33359618323
1.7066090013
1.44472249757
1.44472249757
1.44472237094
1.44472241035
1.4447224721
1.44472269582
1.44472264846
1.44472264605
1.44472268044
1.44472260234
1.44472259363
1.44472260983
1.4447226255
1.44472253732
1.44472256031
1.44472290162
1.44472255497
1.44472258336
1.44472250945
1.35808098294
1.35808098294
1.35808107358
1.35808107624
1.35808100027
1.35808093416
1.35808093107
1.35808098368
1.35808096602
1.35808096712
1.35808108195
1.35808100311
1.35808089063
1.35808098193
1.35808115469
1.35808065137
1.35808087535
1.3580808296
1.35808096056
1.60445024543
1.30231668683
1.30231668683
1.30231676596
1.30231676127
1.30231670186
1.30231662898
1.30231664514
1.3023166704
1.30231665393
1.30231666405
1.30231674534
1.30231668409
1.30231661487
1.3023166833
1.30231678886
1.30231643647
1.30231661536
1.30231657238
1.30231667223
1.48577113154
1.24485308699
1.24485308699
1.24485309767
1.24485308388
1.24485308895
1.24485310072
1.24485311275
1.2448530923
1.2448530915
1.24485309019
1.24485308496
1.24485308144
1.24485310219
1.24485309164
1.24485308236
1.24485314291
1.2448530945
1.24485309664
1.24485308854
1.25121309065
1.23234301254
1.23234301254
1.23234300844
1.23234300618
1.2323430114
1.23234299608
1.23234299683
1.23234299508
1.23234299576
1.23234300183
1.23234298764
1.23234300153
1.23234300531
1.23234300672
1.23234298128
1.23234299448
1.23234302057
1.23234302401
1.23234301421
1.22906924022
1.22906924022
1.2290692388
1.22906924287
1.22906923966
1.22906925884
1.22906925624
1.2290692583
1.22906926042
1.22906925186
1.22906926227
1.22906925045
1.22906925542
1.22906924563
1.22906926416
1.22906928913
1.22906923707
1.22906923666
1.22906923956
1.22767638275
1.22767638275
1.22767638085
1.22767637926
1.22767638232
1.22767638447
1.22767638654
1.22767638135
1.2276763794
1.22767638102
1.22767638158
1.22767638628
1.22767636998
1.22767638382
1.22767638432
1.22767633615
1.2276763819
1.22767638017
1.22767638255
1.22709005921
1.22709005921
1.2270900642
1.22709006492
1.2270900601
1.22709005087
1.22709004847
1.22709005526
1.22709005659
1.22709005784
1.2270900565
1.2270900567
1.22709006224
1.22709005675
1.22709005624
1.22709007126
1.22709005767
1.22709005729
1.22709005888
1.2267321412
1.2267321412
1.22673213863
1.2267321377
1.22673214062
1.22673214316
1.22673214435
1.22673214127
1.22673214061
1.22673214028
1.22673214155
1.22673213811
1.22673214061
1.22673214162
1.22673214083
1.22673213959
1.22673214183
1.22673214268
1.22673214135
1.22664789651
1.22664789651
1.22664789787
1.22664789941
1.22664789673
1.22664789872
1.22664789802
1.22664789914
1.22664790026
1.22664789959
1.22664789803
1.22664790162
1.22664789986
1.22664789706
1.22664789804
1.22664790666
1.22664789712
1.22664789697
1.22664789663
1.22648951743
1.22648951743
1.22648951745
1.22648951737
1.22648951742
1.22648951778
1.22648951769
1.22648951769
1.22648951769
1.22648951776
1.22648951785
1.22648951835
1.22648951705
1.22648951768
1.22648951847
1.22648951563
1.22648951709
1.22648951649
1.22648951737
1.22641469225
1.22641469225
1.22641469266
1.2264146928
1.22641469234
1.22641469164
1.22641469147
1.22641469185
1.22641469204
1.22641469176
1.22641469205
1.22641469159
1.22641469151
1.2264146921
1.22641469143
1.22641468971
1.22641469241
1.22641469307
1.22641469231
1.22639500086
1.22639500086
1.22639499967
1.22639499876
1.22639500067
1.22639500039
1.22639500108
1.22639499971
1.2263949989
1.22639499994
1.22639499996
1.22639499928
1.22639500053
1.22639500051
1.22639500073
1.2263950002
1.22639500034
1.22639499952
1.22639500076
1.22637319409
1.22637319409
1.22637319408
1.2263731941
1.22637319412
1.22637319424
1.22637319417
1.22637319431
1.22637319445
1.22637319417
1.22637319432
1.22637319411
1.22637319411
1.22637319428
1.22637319436
1.22637319406
1.2263731942
1.22637319422
1.22637319413
1.22636207216
1.22636207216
1.22636207244
1.22636207268
1.22636207224
1.22636207227
1.2263620721
1.22636207238
1.2263620725
1.22636207236
1.22636207238
1.22636207259
1.22636207228
1.22636207218
1.22636207206
1.22636207241
1.22636207211
1.22636207235
1.22636207216
1.2263536283
1.2263536283
1.22635362869
1.226353629
1.22635362838
1.22635362827
1.22635362813
1.22635362843
1.2263536287
1.22635362848
1.22635362821
1.22635362869
1.22635362849
1.22635362824
1.22635362815
1.22635362886
1.22635362879
1.22635362897
1.22635362841
1.22635224295
1.22635224295
1.22635224288
1.22635224283
1.22635224293
1.22635224305
1.22635224305
1.22635224307
1.22635224306
1.22635224306
1.22635224314
1.22635224305
1.22635224305
1.22635224305
1.22635224299
1.22635224327
1.22635224262
1.22635224267
1.22635224288
1.2263509638
1.2263509638
1.22635096379
1.22635096379
1.2263509638
1.22635096383
1.22635096382
1.2263509638
1.22635096377
1.2263509638
1.22635096382
1.2263509638
1.22635096378
1.22635096379
1.22635096383
1.22635096377
1.22635096378
1.22635096376
1.22635096379
     fun: 1.2263509637960903
     jac: array([ -6.55874610e-04,  -3.78727913e-04,   7.10338354e-05,
         1.99271739e-03,   1.62552297e-03,   2.43172050e-04,
        -1.63176656e-03,   7.78138638e-05,   1.58107281e-03,
         3.68565321e-04,  -7.57962465e-04,  -1.74358487e-04,
         2.44210660e-03,  -1.95524096e-03,  -8.14229250e-04,
        -2.48125196e-03,  -1.50009990e-04])
 message: 'Optimization terminated successfully.'
    nfev: 626
     nit: 31
    njev: 31
  status: 0
 success: True
       x: array([ 0.5025576 , -0.49991291, -0.28324001, -0.42923992,  0.22943686,
        0.16887078,  0.02341376,  0.42849127,  0.45896712, -0.08206514,
       -0.25492042, -0.63085674, -0.4694391 ,  0.05856752, -0.36761129,
        0.27073264, -0.33973444])

========================================================

Final result:
0.502557603275
-0.499912910888
-0.283240008877
0.0935317721633
0.0935317721633
0.0935317721633
-0.429239918046
0.229436856041
0.168870779933
0.0234137607754
0.428491270784
0.458967117796
-0.0820651356318
-0.254920415286
-0.630856737326
-0.469439096744
0.0585675178739
0.0585675178739
0.0585675178739
0.381638964083
-0.367611289836
0.270732637942
-0.339734436016
0.14553769597
0.14553769597
0.14553769597
