CYS_methyl_charged.filelist
10.3402005264
10.3402005264
10.3402001292
10.3402000745
10.3402004499
10.3402012266
10.3402012759
10.3402009243
10.3402009257
10.340200754
10.3402007622
10.3402008863
10.3402007053
10.3402009061
18660.5244475
3185.07652758
541.492736291
90.2663017646
15.5690855731
8.85198962537
8.85198962537
8.85198927232
8.85198921527
8.85198955708
8.85198975011
8.85198977731
8.85198948958
8.85198948998
8.85198949789
8.85198919141
8.85198928666
8.85198963862
8.85198857346
7749.1304814
1769.19073901
401.073833127
88.1905675353
17.2686565093
4.86601595836
4.86601595836
4.86601607922
4.86601628742
4.8660159814
4.86601553766
4.86601533135
4.86601563705
4.86601579102
4.86601567681
4.86601549573
4.86601526987
4.86601592797
4.86601495108
1107.16455532
171.759123653
26.0743369894
5.27988606114
4.33606931252
4.33606931252
4.33606943471
4.33606956012
4.33606933525
4.33606867602
4.3360685268
4.33606882584
4.33606887163
4.33606898193
4.33606877965
4.33606863887
4.33606918576
4.33606823021
198.904360974
19.8386049025
4.44418305685
4.19766066699
4.19766066699
4.19766085756
4.19766100749
4.19766070349
4.19766000879
4.19765985312
4.19766017505
4.19766023424
4.19766036458
4.19766008921
4.19766010691
4.19766051263
4.19765946884
372.49734532
46.0035114496
6.42273132182
3.96252210616
3.96252210616
3.96252234179
3.96252247441
3.96252215238
3.96252140235
3.96252128749
3.96252155634
3.96252157628
3.96252173469
3.96252152294
3.96252136383
3.96252194575
3.96252093233
40.2686327661
6.33454163634
3.58259728408
3.58259728408
3.58259757162
3.5825976507
3.58259733888
3.58259650907
3.58259641816
3.58259673191
3.58259679281
3.58259691296
3.58259671763
3.58259655873
3.58259709512
3.58259616068
7.60203351572
2.67604527876
2.67604527876
2.67604545474
2.67604540074
2.67604531218
2.67604509398
2.67604513829
2.67604522256
2.67604520115
2.67604529025
2.67604532379
2.67604532616
2.6760453276
2.67604546121
67.6619580247
10.9033117646
2.60267247805
2.31293001381
2.31293001381
2.31293009538
2.31293002094
2.31293002969
2.31293016832
2.31293024567
2.31293021973
2.31293016567
2.31293019936
2.31293038095
2.31293045199
2.31293006514
2.3129308693
2.56306421043
1.95392466746
1.95392466746
1.95392458327
1.95392449005
1.95392465133
1.95392477983
1.95392486931
1.95392471312
1.95392465959
1.95392472275
1.95392471156
1.95392481497
1.95392467228
1.95392475226
2.38729199226
1.8502612653
1.8502612653
1.85026123689
1.85026123236
1.85026126044
1.85026136316
1.85026136079
1.85026133327
1.85026133752
1.8502613051
1.85026133256
1.8502613385
1.85026128433
1.85026139006
2.13156052805
1.83583367632
1.83583367632
1.83583366029
1.83583367463
1.83583367349
1.83583374286
1.83583373658
1.83583372984
1.83583374155
1.83583370556
1.83583373336
1.83583372631
1.83583369141
1.83583378601
1.84065266596
1.81901563166
1.81901563166
1.8190156297
1.81901563176
1.81901563149
1.8190156002
1.81901559641
1.81901559864
1.81901559856
1.81901561072
1.8190155936
1.81901559363
1.81901561797
1.81901555302
1.80267385269
1.80267385269
1.80267387707
1.80267387833
1.80267385753
1.80267379619
1.80267379377
1.80267381331
1.80267381635
1.8026738293
1.80267381588
1.80267380662
1.80267384621
1.80267377808
1.7888386515
1.7888386515
1.78883865253
1.78883865053
1.78883865174
1.78883867813
1.78883867975
1.78883867684
1.78883868123
1.7888386683
1.78883867839
1.78883867731
1.78883866869
1.78883870997
1.78723687523
1.78723687523
1.78723687101
1.78723686714
1.78723687451
1.78723686652
1.78723686986
1.78723686614
1.78723685733
1.78723687262
1.7872368717
1.78723687908
1.78723686425
1.78723686932
1.78472334337
1.78472334337
1.784723345
1.7847233465
1.78472334376
1.78472334083
1.78472333993
1.78472334074
1.78472334271
1.78472334068
1.78472333816
1.78472333646
1.7847233419
1.78472333104
1.78456639031
1.78456639031
1.78456638827
1.78456638729
1.78456638995
1.78456639248
1.78456639275
1.78456639237
1.7845663915
1.78456639242
1.78456639372
1.78456639401
1.78456639257
1.78456639827
1.78433545075
1.78433545075
1.78433545072
1.78433545066
1.78433545079
1.784335452
1.78433545211
1.78433545198
1.78433545171
1.7843354519
1.78433545256
1.78433545302
1.78433545132
1.78433545484
1.78425213053
1.78425213053
1.78425213049
1.78425213038
1.78425213055
1.78425212986
1.78425212985
1.78425212999
1.7842521302
1.78425212997
1.78425212991
1.78425212923
1.78425213011
1.78425212921
1.78423952134
1.78423952134
1.78423952175
1.78423952213
1.78423952145
1.78423952152
1.78423952145
1.78423952132
1.78423952131
1.78423952141
1.7842395209
1.78423952173
1.78423952124
1.78423952017
1.78423031232
1.78423031232
1.78423031237
1.78423031238
1.78423031235
1.78423031238
1.78423031239
1.7842303124
1.78423031237
1.78423031234
1.78423031248
1.78423031238
1.78423031233
1.78423031271
1.78422729246
1.78422729246
1.7842272924
1.78422729235
1.78422729246
1.78422729239
1.78422729238
1.78422729244
1.78422729247
1.78422729246
1.78422729243
1.78422729249
1.78422729246
1.7842272924
1.78422438608
1.78422438608
1.78422438588
1.78422438576
1.78422438605
1.78422438604
1.7842243861
1.784224386
1.78422438592
1.78422438594
1.78422438614
1.78422438562
1.78422438617
1.78422438629
1.7842238281
     fun: 1.7842238280981928
     jac: array([-0.01373251, -0.02193367, -0.00259653, -0.00292102,  0.001068  ,
       -0.00569344, -0.0110096 , -0.00952409,  0.00354056, -0.03113575,
        0.00586273,  0.01345678])
 message: 'Optimization terminated successfully.'
    nfev: 367
     nit: 24
    njev: 24
  status: 0
 success: True
       x: array([ 0.68271734, -0.54410751, -0.58866256, -0.7415887 ,  0.30814657,
        0.67161451, -0.13879746, -0.32057187,  0.72241965,  0.08699918,
       -0.2960062 , -0.75468356])

========================================================

Final result:
0.682717338166
-0.544107510911
-0.588662560386
0.15001757771
0.15001757771
0.15001757771
-0.74158869871
0.308146568104
0.67161450759
-0.138797455759
-0.320571865524
0.72241965037
0.0869991777068
0.0869991777068
-0.296006201417
-0.754683555507
0.130152250946
-0.754683555507
