MET_neutral_methyl.filelist
9.05753918807
9.05753918807
9.05753747441
9.05753835683
9.05753840903
9.05753848308
9.05753862562
9.05753814353
9.05753806233
9.05753883943
9.05753799966
9.05753846156
9.05753914374
9.05753917971
9.05753942792
9.05753953193
9.05753923687
61205.4010031
12701.5288058
2633.32002566
543.439380233
109.794512116
20.678873336
6.57490693341
6.57490693341
6.57490774736
6.57490733249
6.57490720601
6.57490727727
6.57490722467
6.57490694566
6.57490749411
6.57490727505
6.57490680532
6.57490763506
6.57490731293
6.57490699902
6.57490720021
6.57490731062
6.57490698823
4519.41585655
936.974037736
192.460219535
37.9723160121
7.33624155139
4.6210229565
4.6210229565
4.6210244366
4.62102370263
4.62102359937
4.6210236304
4.62102348707
4.62102356664
4.62102403454
4.62102336179
4.62102358298
4.62102366946
4.62102337736
4.62102302979
4.6210229597
4.62102292238
4.62102295632
601.287601602
92.8218500076
14.0577736919
4.29720742684
4.29720742684
4.29720937541
4.29720839522
4.29720821302
4.29720823239
4.29720796658
4.29720824881
4.29720835291
4.29720793935
4.29720832188
4.29720855898
4.29720774714
4.29720748359
4.2972073561
4.29720727593
4.29720741105
638.291708311
86.5618519844
11.7311832952
4.07146782516
4.07146782516
4.07146985496
4.0714688329
4.07146870689
4.07146867706
4.07146852805
4.07146879874
4.0714692082
4.07146839188
4.07146890242
4.07146906736
4.07146805585
4.071467867
4.07146774538
4.07146766456
4.07146780864
484.698219339
48.2700888699
6.01147007722
4.05159776538
4.05159776538
4.05159988888
4.05159881122
4.05159865525
4.05159862283
4.05159845859
4.05159873492
4.05159913203
4.05159830118
4.05159883065
4.05159893074
4.05159796288
4.0515978016
4.05159770733
4.05159763614
4.05159775352
68.3230295991
7.24837633516
3.97092203796
3.97092203796
3.97092408707
3.97092306842
3.97092296205
3.97092297614
3.97092272807
3.97092306773
3.97092337025
3.97092257219
3.97092313581
3.97092319703
3.97092224032
3.97092207516
3.97092198919
3.97092195814
3.97092202884
166.945210128
17.4910162988
4.05102420391
3.8266491269
3.8266491269
3.82665119589
3.82665014279
3.82665001941
3.82664997179
3.8266498105
3.82665016407
3.82665046355
3.8266496567
3.82665022314
3.82665026747
3.82664934425
3.82664916657
3.82664903749
3.82664901822
3.82664910965
28.4325026019
4.81159703392
3.51808854462
3.51808854462
3.51809032144
3.51808941841
3.51808933702
3.51808932143
3.51808913646
3.51808947637
3.51808970236
3.51808898247
3.51808946269
3.51808949747
3.51808867529
3.51808856938
3.51808837621
3.51808838824
3.51808850965
75.8045929259
14.2731319518
3.16461087893
3.16461087893
3.16461029896
3.16461053964
3.16461065834
3.16461064427
3.16461067048
3.16461079383
3.16461048841
3.1646106485
3.16461091244
3.16461037637
3.16461068429
3.16461084657
3.16461075478
3.16461068276
3.16461085367
10.140014323
2.8447585303
2.8447585303
2.84475675306
2.84475767638
2.8447578167
2.84475778757
2.84475793135
2.84475790392
2.84475737866
2.84475799451
2.84475793889
2.84475737886
2.84475819105
2.84475847272
2.84475843901
2.84475838833
2.84475851185
2.78859043971
1.96042905272
1.96042905272
1.96042816739
1.9604286301
1.96042865239
1.96042866592
1.96042875831
1.96042855606
1.96042848291
1.96042884659
1.96042847766
1.96042862473
1.96042897359
1.9604290402
1.96042913532
1.9604292078
1.9604290696
3.29672768753
1.79172491952
1.79172491952
1.79172494191
1.79172493459
1.79172490807
1.79172491989
1.79172492763
1.79172484423
1.79172494003
1.79172495687
1.79172477708
1.79172500249
1.79172497486
1.79172493055
1.79172499421
1.79172502447
1.79172493541
2.40811676574
1.70984690066
1.70984690066
1.70984726662
1.70984708654
1.70984705598
1.70984705924
1.70984702244
1.70984705726
1.70984714284
1.70984700361
1.70984706128
1.70984711318
1.70984696656
1.70984691352
1.70984689726
1.70984689167
1.70984689996
1.65998403057
1.65998403057
1.65998396839
1.6599839885
1.65998400265
1.65998400221
1.65998400424
1.65998401661
1.65998398122
1.65998400913
1.65998402674
1.65998399354
1.65998399773
1.65998402573
1.65998402414
1.65998402373
1.6599840295
1.61695641033
1.61695641033
1.61695624122
1.6169563285
1.61695634441
1.61695634232
1.61695635463
1.6169563549
1.61695630933
1.61695635696
1.61695636141
1.61695628289
1.61695638486
1.61695640602
1.61695639516
1.61695638822
1.6169564072
1.59713097446
1.59713097446
1.59713100942
1.59713099559
1.5971309832
1.59713098415
1.59713098224
1.59713096705
1.59713098089
1.5971309961
1.59713095739
1.59713103553
1.59713097758
1.59713097457
1.59713099246
1.59713100247
1.59713097817
1.58585282016
1.58585282016
1.58585288867
1.58585285264
1.58585284981
1.58585285112
1.58585284768
1.58585284457
1.58585288003
1.58585283989
1.58585283994
1.58585284949
1.58585284326
1.58585282362
1.58585282362
1.58585282704
1.5858528208
1.58052456673
1.58052456673
1.58052454482
1.58052455652
1.58052455976
1.58052455814
1.58052455687
1.58052456798
1.580524546
1.58052455659
1.58052457487
1.58052454375
1.58052455965
1.58052456529
1.58052455674
1.58052454799
1.58052456457
1.57897568816
1.57897568816
1.57897567531
1.57897568204
1.57897568443
1.5789756836
1.57897568632
1.57897568569
1.57897568776
1.57897568439
1.57897568557
1.57897567907
1.57897568454
1.57897568746
1.57897568856
1.57897568981
1.57897568821
1.57883485755
1.57883485755
1.57883486073
1.57883485846
1.57883485628
1.57883485737
1.57883485541
1.578834853
1.57883484994
1.57883485919
1.5788348517
1.57883486361
1.57883485994
1.5788348579
1.5788348589
1.5788348599
1.57883485771
1.57857448377
1.57857448377
1.5785744885
1.5785744861
1.57857448564
1.57857448574
1.57857448534
1.57857448507
1.57857448682
1.57857448538
1.57857448512
1.57857448751
1.5785744849
1.57857448393
1.57857448418
1.57857448394
1.57857448379
1.57850044477
1.57850044477
1.57850044649
1.57850044568
1.57850044572
1.57850044553
1.57850044524
1.57850044635
1.57850044581
1.5785004448
1.57850044617
1.5785004446
1.57850044473
1.57850044475
1.57850044446
1.57850044467
1.57850044467
1.57846926827
1.57846926827
1.57846926391
1.57846926619
1.57846926691
1.57846926676
1.57846926784
1.57846926699
1.57846926841
1.57846926738
1.57846926749
1.57846926606
1.57846926739
1.57846926813
1.57846926819
1.57846926778
1.57846926823
1.57845389352
1.57845389352
1.57845389385
1.57845389371
1.57845389369
1.57845389372
1.57845389359
1.57845389375
1.57845389361
1.57845389354
1.57845389379
1.57845389349
1.57845389356
1.57845389354
1.57845389363
1.57845389363
1.57845389353
1.57845037163
1.57845037163
1.57845037213
1.57845037185
1.57845037176
1.5784503717
1.57845037171
1.57845037182
1.57845037171
1.57845037176
1.57845037168
1.57845037195
1.57845037169
1.57845037165
1.57845037143
1.57845037149
1.57845037157
1.57844593397
1.57844593397
1.57844593396
1.57844593395
1.57844593386
1.57844593394
1.57844593378
1.57844593374
1.57844593341
1.57844593395
1.57844593365
1.57844593403
1.57844593402
1.57844593398
1.57844593401
1.57844593409
1.57844593397
1.57844474121
1.57844474121
1.57844474135
1.57844474125
1.5784447412
1.57844474115
1.57844474124
1.57844474119
1.57844474124
1.57844474129
1.5784447412
1.57844474141
1.5784447413
1.57844474122
1.57844474119
1.57844474118
1.57844474121
     fun: 1.578444741212868
     jac: array([ 0.00892457,  0.00256717, -0.00085576, -0.00427312,  0.00152898,
       -0.00149077,  0.00192872,  0.00518869, -0.00089461,  0.01312248,
        0.00562227,  0.00080271, -0.00127247, -0.00226913, -0.00037229])
 message: 'Optimization terminated successfully.'
    nfev: 509
     nit: 28
    njev: 28
  status: 0
 success: True
       x: array([ 0.29053901, -0.82509493,  0.28034764, -0.05945944,  0.83941173,
        0.41492436, -0.20606162, -0.78231174, -0.48684269,  0.23185216,
        0.01835561, -0.94509942, -0.33534659,  0.24522681, -0.33471204])

========================================================

Final result:
0.290539013588
-0.825094928089
0.290539013588
0.280347644314
-0.0594594362402
0.839411725669
0.414924360904
-0.20606161542
-0.20606161542
-0.782311740357
-0.486842693669
0.231852160068
0.231852160068
0.0183556118631
-0.945099417041
0.304369918725
0.304369918725
0.304369918725
-0.335346588866
0.245226813236
-0.334712041325
0.141610605652
0.141610605652
0.141610605652
