HID_charged_methyl.filelist
12.3025935922
12.3025935922
12.3025915015
12.3025928608
12.3025927221
12.3025927618
12.3025928059
12.3025924471
12.3025918891
12.3025930471
12.3025923962
12.3025932228
12.3025931486
12.3025932061
12.3025934271
12.30259339
12.3025930656
12.3025938778
12.3025939227
12.3025936499
96985.1903843
19044.6757867
3736.55690214
729.974074452
139.730046492
25.3757289644
9.52541346137
9.52541346137
9.52541500686
9.52541390097
9.52541360198
9.52541363049
9.52541354376
9.52541333102
9.52541358093
9.52541353856
9.52541331328
9.52541350587
9.5254135596
9.52541348814
9.52541349963
9.5254135432
9.52541358533
9.52541380218
9.52541383356
9.52541353093
7776.0858967
1619.64802152
334.717621031
66.8162792389
12.6017576355
6.64758596257
6.64758596257
6.64758787193
6.64758657903
6.64758649579
6.64758649495
6.64758654587
6.64758636785
6.64758726724
6.64758640858
6.64758650437
6.64758623601
6.64758641362
6.64758620048
6.6475861273
6.64758625011
6.64758652528
6.64758615499
6.64758606487
6.64758600211
2699.90576711
381.939069478
53.2479015593
8.75189946469
6.10502072358
6.10502072358
6.10502309717
6.10502149094
6.10502139243
6.10502138254
6.10502133371
6.10502137751
6.10502204368
6.10502114631
6.10502158758
6.1050210066
6.1050210817
6.10502101614
6.10502086059
6.10502091861
6.10502114733
6.10502078637
6.10502062621
6.10502073626
286.116352364
41.8087969054
7.44039601195
5.52398360962
5.52398360962
5.52398630752
5.52398450495
5.52398448251
5.52398457214
5.52398432922
5.52398449641
5.52398508736
5.52398413519
5.52398463666
5.52398393991
5.52398411167
5.52398391405
5.5239837929
5.52398391045
5.52398423079
5.52398363729
5.52398353666
5.52398361518
616.184717926
86.0783210414
12.1901512095
5.13117342627
5.13117342627
5.13117641503
5.13117442536
5.13117442756
5.13117449261
5.13117431592
5.13117445071
5.1311753408
5.13117403182
5.13117451543
5.13117388023
5.13117386916
5.13117396276
5.13117360885
5.1311736145
5.13117392545
5.13117342335
5.13117338086
5.13117342563
639.557730729
77.3533001563
9.89231379532
4.87762895289
4.87762895289
4.87763219251
4.8776300267
4.87762999424
4.87762997531
4.87762989873
4.87763008608
4.87763099256
4.87762961429
4.87763014651
4.87762940414
4.87762950874
4.87762942928
4.87762916402
4.87762923847
4.87762961667
4.87762882805
4.8776287687
4.87762892662
88.7591713919
9.93378548415
4.71885603485
4.71885603485
4.71885926036
4.71885710745
4.71885709287
4.71885704366
4.71885699422
4.71885723931
4.71885811335
4.71885669566
4.71885730755
4.7188564738
4.71885658739
4.71885648914
4.7188562383
4.71885631129
4.71885669885
4.71885593344
4.71885590445
4.71885601507
41.0588045421
5.86481829988
4.54846097203
4.54846097203
4.54846400222
4.54846198075
4.54846197061
4.5484619098
4.54846187889
4.54846213226
4.5484629133
4.54846162252
4.54846221053
4.54846143693
4.54846151438
4.54846148482
4.54846118482
4.54846124592
4.54846161764
4.54846086176
4.54846082883
4.5484609505
53.352514112
10.1338294136
3.20181591334
3.20181591334
3.20181573705
3.20181589677
3.20181605084
3.20181602827
3.20181605119
3.20181623085
3.20181621152
3.20181601746
3.20181625258
3.20181598895
3.20181596937
3.20181598634
3.20181592773
3.20181587812
3.20181598332
3.20181570983
3.20181568119
3.20181587172
24.1238115305
3.99646573926
2.97898558013
2.97898558013
2.97898474544
2.97898534861
2.97898551972
2.97898550011
2.97898553531
2.97898569444
2.97898548695
2.97898555469
2.97898569313
2.97898557273
2.97898552595
2.97898555895
2.97898557291
2.97898553709
2.97898547896
2.97898537426
2.97898536056
2.97898553805
21.9314809431
3.82197239509
2.66683113276
2.66683113276
2.66682946842
2.66683062324
2.666830788
2.66683077935
2.66683081711
2.66683092172
2.66683046203
2.66683089653
2.66683089386
2.66683098317
2.66683091057
2.66683100149
2.66683104677
2.66683099981
2.66683087183
2.66683095565
2.66683096313
2.66683109629
4.56367680239
2.1992110977
2.1992110977
2.19921020538
2.19921079171
2.1992107447
2.19921075281
2.19921074021
2.19921068593
2.19921029089
2.19921084773
2.19921062261
2.19921093162
2.199210882
2.19921092351
2.19921101807
2.19921098759
2.19921083827
2.19921114059
2.19921120071
2.19921110577
2.82401726412
2.05803055653
2.05803055653
2.05803027228
2.05803045469
2.05803041355
2.05803041286
2.05803042658
2.05803035479
2.05803027201
2.0580304677
2.05803033218
2.05803049317
2.0580304913
2.0580304856
2.05803053202
2.05803053866
2.05803048186
2.0580306267
2.05803063056
2.05803057067
2.74720942791
1.9997078448
1.9997078448
1.9997078027
1.99970783188
1.99970782381
1.99970782295
1.99970784598
1.99970779062
1.9997078601
1.99970784561
1.99970781181
1.99970784167
1.99970785513
1.99970783813
1.99970784852
1.99970786549
1.99970786095
1.99970787625
1.99970786705
1.99970785075
1.96528620056
1.96528620056
1.96528705694
1.96528648358
1.96528646635
1.96528647156
1.96528639487
1.96528651374
1.9652865872
1.96528632789
1.96528650394
1.96528629558
1.96528628628
1.96528631199
1.96528623358
1.96528622406
1.96528629821
1.96528615644
1.96528616104
1.96528619142
1.8956589562
1.8956589562
1.8956587371
1.89565889287
1.8956589261
1.89565891463
1.8956589594
1.89565894285
1.89565897858
1.8956589671
1.89565894889
1.89565895964
1.89565897337
1.89565894917
1.89565896009
1.895658961
1.89565898123
1.89565893938
1.89565893271
1.89565895265
1.8785357231
1.8785357231
1.87853556908
1.87853567028
1.87853566129
1.87853566796
1.87853565597
1.87853565151
1.87853557432
1.87853566873
1.87853566035
1.87853568897
1.87853567192
1.87853569335
1.87853570579
1.87853570002
1.87853565691
1.87853572949
1.87853572203
1.87853572409
1.86809464239
1.86809464239
1.86809471074
1.86809466447
1.86809465953
1.86809466187
1.86809466359
1.8680946486
1.86809468893
1.86809466027
1.86809463488
1.86809465272
1.8680946657
1.86809465031
1.86809465061
1.86809466036
1.86809467292
1.86809465571
1.86809466925
1.86809464503
1.86595070436
1.86595070436
1.86595075882
1.86595072277
1.86595072241
1.86595071539
1.86595072037
1.86595073713
1.86595073833
1.8659507141
1.86595074766
1.8659507125
1.86595070703
1.86595071407
1.86595070492
1.86595069754
1.86595070639
1.86595069109
1.86595068085
1.86595070157
1.86111341359
1.86111341359
1.86111339418
1.86111340855
1.86111341279
1.86111341693
1.86111341167
1.86111341459
1.86111340744
1.86111341225
1.86111341468
1.86111341264
1.86111341266
1.86111341189
1.86111341315
1.86111341245
1.8611134122
1.86111341155
1.86111341062
1.86111341309
1.85966660713
1.85966660713
1.859666606
1.85966660534
1.85966659918
1.85966659348
1.85966660383
1.85966659754
1.85966660318
1.85966660344
1.85966659672
1.85966660535
1.85966660345
1.859666607
1.85966660623
1.85966660662
1.85966660191
1.85966660922
1.85966661067
1.85966660754
1.85749228661
1.85749228661
1.85749228864
1.8574922868
1.85749228482
1.85749228634
1.85749228502
1.85749228129
1.85749228183
1.85749228619
1.8574922792
1.85749228551
1.85749228889
1.85749228454
1.85749228729
1.85749229016
1.85749229044
1.85749229102
1.85749229356
1.85749228753
1.85669469943
1.85669469943
1.85669468569
1.85669469538
1.8566946977
1.8566946997
1.85669469893
1.85669469621
1.85669469939
1.85669469806
1.85669469419
1.85669469947
1.85669469559
1.85669470098
1.85669469846
1.856694696
1.85669469363
1.85669469935
1.85669470015
1.85669469945
1.85637476932
1.85637476932
1.8563747698
1.85637476973
1.85637477124
1.85637477122
1.85637476968
1.85637477434
1.85637476798
1.85637477046
1.85637477608
1.85637476884
1.85637477243
1.85637476691
1.85637477019
1.85637477228
1.85637477398
1.85637476685
1.85637476552
1.85637476891
1.85606479716
1.85606479716
1.85606480306
1.85606479893
1.85606479849
1.85606479834
1.85606479802
1.85606479873
1.85606479819
1.85606479793
1.85606479954
1.85606479777
1.85606479782
1.85606479802
1.85606479735
1.85606479715
1.8560647983
1.85606479759
1.85606479724
1.85606479732
1.85586123905
1.85586123905
1.85586124256
1.85586123996
1.85586123899
1.85586123837
1.85586123955
1.8558612383
1.85586124069
1.85586123899
1.8558612379
1.85586123868
1.85586123895
1.85586123836
1.85586123889
1.85586123888
1.85586123892
1.85586123883
1.85586123881
1.85586123903
1.85579495062
1.85579495062
1.85579494778
1.85579494973
1.85579494997
1.85579494992
1.8557949505
1.85579494952
1.8557949509
1.85579495023
1.85579494924
1.85579495142
1.85579494899
1.85579495284
1.85579495042
1.85579494915
1.85579494785
1.85579495161
1.85579495215
1.85579495086
1.85574650176
1.85574650176
1.85574650148
1.85574650165
1.85574650157
1.85574650156
1.8557465016
1.85574650138
1.85574650143
1.85574650162
1.85574650136
1.8557465018
1.85574650161
1.85574650199
1.85574650169
1.85574650154
1.85574650161
1.85574650187
1.85574650189
1.8557465018
1.85572982189
1.85572982189
1.85572982241
1.85572982206
1.8557298221
1.85572982214
1.85572982196
1.85572982215
1.85572982197
1.85572982192
1.85572982217
1.85572982168
1.85572982217
1.85572982131
1.85572982191
1.85572982216
1.85572982231
1.85572982188
1.85572982189
1.85572982191
1.85572205741
1.85572205741
1.85572205745
1.85572205744
1.85572205747
1.85572205748
1.85572205739
1.85572205763
1.85572205715
1.85572205758
1.85572205767
1.85572205744
1.85572205789
1.8557220572
1.85572205758
1.85572205793
1.85572205807
1.85572205695
1.85572205676
1.85572205732
1.85571810387
1.85571810387
1.85571810341
1.85571810374
1.85571810382
1.85571810385
1.8557181038
1.8557181039
1.85571810373
1.85571810379
1.85571810392
1.85571810376
1.85571810382
1.8557181037
1.85571810381
1.85571810383
1.85571810388
1.85571810385
1.85571810385
1.85571810387
1.85571688406
1.85571688406
1.85571688431
1.85571688414
1.8557168841
1.85571688411
1.85571688411
1.85571688408
1.85571688418
1.85571688408
1.85571688408
1.85571688409
1.85571688403
1.8557168841
1.85571688405
1.85571688403
1.85571688401
1.85571688414
1.85571688416
1.85571688408
     fun: 1.8557168840609406
     jac: array([ 0.0168837 ,  0.00513878,  0.00292626,  0.00300893,  0.00308804,
        0.00123811,  0.00795351,  0.00131769,  0.00126499,  0.00183903,
       -0.00180237,  0.00237155, -0.0004622 , -0.00230598, -0.0035933 ,
        0.00515416,  0.0067389 ,  0.00142959])
 message: 'Optimization terminated successfully.'
    nfev: 697
     nit: 33
    njev: 33
  status: 0
 success: True
       x: array([ 0.6082829 , -1.36976157, -0.22155759,  0.33087738, -0.89201474,
        0.81516963,  0.38012131,  0.14988945, -0.49504188, -0.34905474,
        0.13752603,  0.33439287,  0.23466131, -0.50558663,  0.11012557,
       -0.57045652,  0.326437  , -0.21972023])

========================================================

Final result:
0.608282897513
0.608282897513
-1.36976157019
0.608282897513
-0.221557588224
0.330877380788
-0.892014735178
0.815169627402
0.380121310624
0.380121310624
0.149889452699
-0.495041882241
-0.34905473916
0.137526027557
0.334392873132
0.234661314052
-0.505586627586
0.110125566672
0.135283586496
-0.570456519776
0.326437001717
-0.219720233692
0.154579917251
0.154579917251
0.154579917251
