LEU_methyl_charged.filelist
9.93051671164
9.93051671164
9.9305162866
9.93051618221
9.93051662983
9.93051729999
9.93051739254
9.93051698686
9.93051692691
9.9305168911
9.9305168368
9.93051705564
9.93051681193
9.930516869
9.93051687658
9.93051675224
12850.2847573
2331.96851274
420.947149299
74.1173030221
13.4853240547
8.15859274569
8.15859274569
8.15859241697
8.15859236444
8.1585926821
8.15859278764
8.15859281165
8.15859255241
8.15859256602
8.15859258168
8.15859225497
8.1585923548
8.15859269083
8.15859157071
8.15859271198
8.1585927246
10511.0095977
2353.37545181
524.36291939
114.371325552
22.9208684271
5.28156171483
5.28156171483
5.28156189317
5.28156215342
5.28156174942
5.28156140619
5.28156116473
5.28156154144
5.28156173235
5.28156146395
5.28156151984
5.28156108489
5.28156156006
5.28156131099
5.2815614574
5.28156165291
918.733565821
131.932952553
18.6555363819
5.1103521074
5.1103521074
5.11035235456
5.11035249553
5.11035215487
5.11035154286
5.11035139358
5.11035177341
5.11035182343
5.11035191124
5.11035182839
5.11035179617
5.11035194836
5.11035158509
5.11035179312
5.11035204377
277.021258573
29.3533740211
5.4989058074
4.9174692232
4.9174692232
4.91746948691
4.91746962029
4.91746927401
4.91746861729
4.91746847676
4.91746885291
4.9174688873
4.91746898773
4.91746893875
4.91746878661
4.91746908434
4.91746871305
4.91746899661
4.91746916847
189.772944646
18.7343846347
4.93846094965
4.82197207355
4.82197207355
4.82197238515
4.8219725427
4.8219721342
4.82197147496
4.82197132843
4.82197171322
4.82197176486
4.8219718509
4.82197176958
4.82197166894
4.82197194073
4.82197150428
4.82197185364
4.82197202092
41.3820092482
6.9493718946
4.26970163221
4.26970163221
4.26970199833
4.26970209853
4.26970170301
4.26970099292
4.26970090128
4.26970125134
4.26970130246
4.26970138792
4.26970132904
4.26970118282
4.26970147638
4.26970109411
4.2697013654
4.26970156988
39.28858378
6.13310930128
3.93184641443
3.93184641443
3.93184675841
3.93184682998
3.93184647948
3.93184579389
3.93184569943
3.9318460769
3.9318461621
3.93184620144
3.93184614492
3.93184601542
3.93184628657
3.9318459422
3.93184620204
3.93184636437
13.0256931095
2.62982742578
2.62982742578
2.62982726215
2.6298271169
2.6298273943
2.62982794522
2.62982810153
2.62982778955
2.62982770727
2.6298276989
2.62982783406
2.62982797866
2.62982759287
2.62982829019
2.62982771976
2.62982749406
1.82913566896
1.82913566896
1.8291356174
1.82913564012
1.82913565975
1.82913543935
1.82913537818
1.82913540316
1.82913545487
1.82913545819
1.82913525291
1.82913520813
1.82913556944
1.82913471493
1.8291355443
1.82913563135
2.51752657646
1.62010148171
1.62010148171
1.62010152902
1.62010161754
1.6201014909
1.62010128056
1.62010120548
1.62010133783
1.62010139299
1.6201013625
1.62010131721
1.62010123531
1.62010140187
1.62010111873
1.62010134812
1.62010145085
2.3642964507
1.48058506804
1.48058506804
1.48058515431
1.48058519686
1.48058508558
1.48058504037
1.4805849915
1.48058510059
1.48058511137
1.48058509259
1.48058517825
1.48058514129
1.48058505736
1.48058533436
1.4805850274
1.48058506553
2.03306286037
1.38328683501
1.38328683501
1.38328685471
1.38328682941
1.38328683908
1.38328685801
1.38328689136
1.38328686488
1.38328684537
1.38328687476
1.38328690087
1.38328693535
1.38328685622
1.38328699747
1.38328687389
1.38328684514
1.30790579048
1.30790579048
1.30790572931
1.30790572909
1.3079057792
1.30790598697
1.30790599357
1.30790593641
1.3079059469
1.30790586746
1.30790594393
1.307905919
1.30790583187
1.30790609588
1.30790585499
1.30790580826
1.30321555289
1.25876209654
1.25876209654
1.25876206601
1.25876205763
1.2587620912
1.25876210701
1.25876211024
1.2587620862
1.25876208235
1.25876209124
1.25876206603
1.2587620859
1.25876209678
1.25876201886
1.25876209806
1.2587620976
1.25350801809
1.25350801809
1.25350806046
1.25350808187
1.25350802665
1.25350796452
1.25350794691
1.25350798824
1.25350801313
1.25350798024
1.25350798798
1.25350792002
1.25350800141
1.25350795918
1.25350799623
1.25350801169
1.24629322875
1.24629322875
1.24629323516
1.2462932298
1.24629323015
1.24629323506
1.24629324222
1.24629324634
1.24629323366
1.24629325554
1.246293268
1.24629330357
1.24629323632
1.24629332299
1.24629323117
1.24629323155
1.24167519572
1.24167519572
1.24167518898
1.24167518777
1.24167519479
1.24167520396
1.24167520619
1.2416751957
1.24167519159
1.24167519491
1.24167519387
1.24167519094
1.24167519848
1.24167519036
1.24167520441
1.24167519679
1.24258118517
1.24094442419
1.24094442419
1.2409444197
1.24094441783
1.24094442357
1.24094442476
1.24094442537
1.24094442094
1.24094442118
1.24094442171
1.24094441601
1.24094441842
1.24094442331
1.24094440421
1.24094442329
1.2409444238
1.24050461605
1.24050461605
1.24050461802
1.2405046194
1.24050461657
1.24050461302
1.24050461158
1.24050461543
1.24050461686
1.24050461494
1.24050461673
1.24050461229
1.24050461614
1.24050461829
1.24050461698
1.24050461603
1.24043972263
1.24043972263
1.24043972667
1.240439728
1.24043972351
1.24043972425
1.2404397248
1.24043972615
1.24043972582
1.24043972592
1.24043972887
1.24043973204
1.2404397218
1.24043973723
1.24043971803
1.24043972214
1.24010311226
1.24010311226
1.24010311265
1.24010311226
1.24010311237
1.24010311251
1.2401031129
1.24010311295
1.24010311247
1.24010311324
1.2401031138
1.24010311501
1.24010311234
1.24010311598
1.2401031119
1.24010311225
1.24006954629
1.24006954629
1.24006954642
1.24006954703
1.24006954633
1.24006954684
1.24006954642
1.24006954669
1.24006954722
1.24006954647
1.24006954594
1.24006954643
1.24006954639
1.2400695452
1.24006954648
1.24006954633
1.24008682845
1.24005966954
1.24005966954
1.2400596693
1.2400596694
1.24005966949
1.24005966942
1.24005966929
1.24005966932
1.24005966948
1.24005966922
1.24005966909
1.24005966852
1.24005966952
1.24005966845
1.24005966976
1.24005966955
1.24005604038
1.24005604038
1.24005604033
1.24005604027
1.24005604037
1.24005604037
1.24005604039
1.24005604034
1.24005604031
1.24005604036
1.24005604035
1.24005604028
1.24005604039
1.24005604032
1.24005604044
1.2400560404
1.2400538823
1.2400538823
1.24005388242
1.24005388238
1.24005388232
1.24005388227
1.24005388233
1.24005388232
1.24005388225
1.2400538824
1.24005388239
1.24005388263
1.24005388229
1.2400538825
1.24005388222
1.2400538823
1.24005411598
1.24005341697
     fun: 1.2400534169703827
     jac: array([  7.85733759e-03,   5.46547771e-03,   1.55647099e-03,
        -1.92900002e-03,   2.23311782e-03,   1.32785738e-03,
        -3.44486535e-03,   6.87205791e-03,   5.81818819e-03,
         2.21951604e-02,  -5.79819083e-04,   1.37102902e-02,
        -5.50581515e-03,   2.59280205e-06])
 message: 'Optimization terminated successfully.'
    nfev: 448
     nit: 26
    njev: 26
  status: 0
 success: True
       x: array([ 0.74348582, -0.57022864, -0.72416383, -0.87947672,  0.302486  ,
        0.96780735, -0.278161  ,  0.06909012,  0.69455768, -0.13654856,
        0.72644215, -0.79710268, -0.15846449, -0.73316771])

========================================================

Final result:
0.743485816727
-0.570228637959
-0.724163829549
0.18363555026
0.18363555026
0.18363555026
-0.879476716073
0.302485995743
0.967807345518
-0.278161001246
0.0690901188172
0.694557678248
-0.136548559887
-0.136548559887
0.726442151479
-0.797102680034
-0.158464491748
-0.733167705868
-0.733167705868
0.14822613514
0.14822613514
0.14822613514
0.14822613514
0.14822613514
0.14822613514
-0.797102680034
