LEU_methyl_neutral.filelist
5.81688997122
5.81688997122
5.81688963429
5.81688946385
5.81688990547
5.81689093481
5.8168910856
5.81689072338
5.81689066044
5.81689084894
5.81689043973
5.8168917842
5.81689089406
5.8168904357
5.81689089547
5.81689186606
5.81689569359
5.8168901912
291788.911317
60702.8222274
12626.778324
2624.85483593
544.029388097
111.19227681
21.4900591072
4.83893285147
4.83893285147
4.8389325334
4.83893240917
4.83893278945
4.83893283839
4.83893294605
4.83893262688
4.83893249807
4.8389324608
4.83893275172
4.83893213659
4.83893220752
4.83893283305
4.83893226326
4.83893124583
4.83892779463
4.83893276979
8002.87643266
1645.27485281
336.918728817
67.7410622053
12.7679529174
3.64861985786
3.64861985786
3.64861988115
3.64861994267
3.64861986078
3.6486190004
3.6486189153
3.64861906754
3.64861906016
3.64861888612
3.64861936712
3.64861787013
3.6486187649
3.64861939401
3.64861877017
3.64861756066
3.64861287861
3.64861961624
703.102266751
72.1252642455
7.80767550961
3.54177405721
3.54177405721
3.5417742041
3.54177433541
3.54177408465
3.54177316051
3.541773039
3.54177328366
3.54177331272
3.54177309068
3.54177360187
3.54177211493
3.54177291143
3.54177366023
3.54177287731
3.54177164673
3.54176673597
3.54177382233
163.688398509
16.0155169745
3.61752684759
3.44883454895
3.44883454895
3.44883471345
3.44883484842
3.44883458021
3.44883363586
3.44883352443
3.4488337486
3.44883377124
3.44883354775
3.44883406865
3.44883250911
3.44883339769
3.44883411285
3.44883341609
3.44883208416
3.4488270313
3.44883430923
114.850540507
11.7179312334
3.53714677981
3.4350952973
3.4350952973
3.43509546614
3.43509558514
3.43509532935
3.43509436063
3.43509426275
3.43509448079
3.43509448566
3.43509430551
3.43509480695
3.43509330223
3.43509414617
3.43509485197
3.43509415752
3.43509283278
3.43508778045
3.43509505173
21.6602652031
4.02424591044
3.08021881483
3.08021881483
3.08021901747
3.08021913534
3.08021885443
3.08021800635
3.08021792539
3.08021809359
3.08021812356
3.08021792476
3.08021833456
3.08021702289
3.08021777381
3.08021829178
3.08021773967
3.08021664374
3.08021223708
3.08021861916
260.121439433
40.8809799436
6.41969020224
2.74829351935
2.74829351935
2.74829375962
2.74829380291
2.74829356651
2.74829284199
2.74829282032
2.74829293512
2.7482929171
2.74829282556
2.74829318573
2.7482921077
2.74829274998
2.74829327447
2.74829273908
2.74829194069
2.74828875524
2.7482933213
95.364991052
18.5126454234
3.49855446705
2.01100591189
2.01100591189
2.01100617303
2.01100616168
2.01100596202
2.01100555567
2.01100553557
2.01100569192
2.01100574421
2.01100568793
2.01100577297
2.01100542673
2.01100572731
2.01100579136
2.01100571958
2.01100560744
2.01100504442
2.01100584711
28.0717447692
4.97870024519
1.6452306426
1.6452306426
1.64523084184
1.64523085905
1.64523068289
1.64523084656
1.64523081764
1.64523091393
1.64523095306
1.6452310475
1.64523079213
1.64523142472
1.64523121936
1.64523076244
1.64523120243
1.64523200629
1.6452348907
1.64523071683
4.45677123256
1.45138027062
1.45138027062
1.45138032028
1.45138030217
1.45138027974
1.45138072917
1.45138078623
1.45138074252
1.45138075706
1.45138089644
1.45138056578
1.45138151689
1.45138105289
1.45138051069
1.45138104962
1.45138201235
1.45138563257
1.45138046503
16.7593105242
2.58524656976
1.31211527967
1.31211527967
1.31211523579
1.31211519363
1.31211526979
1.31211586277
1.31211595228
1.3121158311
1.31211584933
1.31211598439
1.31211560819
1.31211669764
1.31211611455
1.31211557161
1.3121161224
1.31211708591
1.31212080205
1.31211545364
3.63698065859
1.05405733146
1.05405733146
1.05405705352
1.054056962
1.05405727661
1.05405773408
1.05405780031
1.05405758014
1.05405752829
1.05405756903
1.05405749934
1.05405785597
1.05405748861
1.05405749487
1.05405753078
1.05405752182
1.05405780429
1.05405741621
1.21846465004
0.81233776989
0.81233776989
0.812337685992
0.81233771713
0.812337752081
0.812337564913
0.812337523693
0.812337557694
0.812337560392
0.812337486968
0.812337640661
0.812337205477
0.812337410658
0.812337642946
0.812337415264
0.812336985922
0.812335362041
0.812337705099
1.02167103985
0.692834459555
0.692834459555
0.692834496528
0.692834506907
0.692834466636
0.692834261486
0.692834255856
0.692834262449
0.692834252572
0.692834209566
0.692834342746
0.692833962361
0.69283415009
0.692834367554
0.692834153092
0.692833790067
0.692832407901
0.692834388478
0.761869318246
0.656139968585
0.656139968585
0.656140025453
0.656140038912
0.656139979199
0.656139884172
0.656139861697
0.656139923135
0.656139942521
0.656139932748
0.656139937036
0.65613988099
0.656139959505
0.656139935591
0.656139952642
0.656139992227
0.656140065082
0.656139952135
0.652026938164
0.640340806284
0.640340806284
0.640340821579
0.640340832168
0.640340809247
0.640340836666
0.640340837214
0.640340838225
0.640340841779
0.640340850234
0.640340825122
0.640340894303
0.640340859046
0.640340818145
0.640340856112
0.640340925412
0.640341171521
0.640340820294
0.639825529039
0.634567188766
0.634567188766
0.634567166035
0.634567150459
0.634567184235
0.634567225743
0.63456723855
0.634567212455
0.634567204769
0.634567217452
0.634567206011
0.634567246165
0.634567219707
0.634567208732
0.634567222508
0.634567248946
0.634567366435
0.634567195092
0.636450608708
0.631640617989
0.631640617989
0.631640609867
0.631640605706
0.631640616402
0.631640632107
0.631640633238
0.631640628239
0.631640629462
0.631640626281
0.631640625857
0.631640637025
0.631640618621
0.631640628054
0.631640620461
0.631640607426
0.631640577181
0.63164062141
0.631366376723
0.629705771904
0.629705771904
0.629705769243
0.629705771044
0.629705771547
0.629705768347
0.629705765544
0.62970576633
0.629705766828
0.629705765088
0.629705766248
0.629705757431
0.629705764083
0.629705761316
0.629705763968
0.629705754924
0.629705721075
0.629705770592
0.630146563557
0.629159981267
0.629159981267
0.629159982079
0.629159983666
0.629159981507
0.629159975103
0.629159973578
0.629159976503
0.629159976067
0.629159976435
0.629159980041
0.629159970929
0.62915997647
0.629159983774
0.629159975544
0.629159972944
0.629159958481
0.629159979034
0.628926493267
0.628926493267
0.628926500343
0.628926501094
0.628926494614
0.628926485825
0.628926488059
0.628926489966
0.628926492375
0.628926489654
0.62892649094
0.628926485279
0.628926489948
0.628926488434
0.628926490962
0.628926485448
0.628926469357
0.628926494144
0.628726620519
0.628726620519
0.628726616756
0.628726613632
0.628726619843
0.628726630756
0.628726632144
0.628726626751
0.628726626262
0.628726628476
0.628726620872
0.628726636898
0.62872662991
0.628726617081
0.628726628772
0.628726642225
0.62872668737
0.62872662247
0.629147930458
0.628505750342
0.628505750342
0.628505748665
0.6285057477
0.62850575009
0.628505757068
0.6285057568
0.628505754973
0.628505753823
0.62850575573
0.628505753419
0.62850576186
0.628505755939
0.628505754862
0.628505755663
0.628505762048
0.628505785462
0.628505750382
0.628468776974
0.628364567846
0.628364567846
0.62836456716
0.628364567155
0.628364567727
0.628364566731
0.628364566507
0.628364566551
0.628364566278
0.628364566295
0.628364567072
0.628364564464
0.628364566467
0.628364567026
0.628364566854
0.628364564731
0.628364558186
0.628364567647
0.628381632499
0.628359553354
0.628359553354
0.628359553202
0.628359553409
0.628359553337
0.628359553061
0.628359552785
0.628359553167
0.628359553298
0.628359553076
0.628359553262
0.628359552976
0.628359552782
0.6283595532
0.62835955234
0.628359552523
0.628359551098
0.628359553406
0.628362194662
0.628357147595
0.628357147595
0.628357147535
0.628357147554
0.628357147594
0.628357147698
0.628357147714
0.628357147691
0.628357147727
0.628357147728
0.628357147631
0.628357147844
0.628357147792
0.628357147658
0.628357147827
0.628357148006
0.628357148836
0.628357147556
0.628356362574
     fun: 0.6283563625738048
     jac: array([-0.00407121, -0.00280278, -0.00010265,  0.00685748,  0.00797916,
        0.00644801,  0.00885252,  0.00889907,  0.00240817,  0.0166783 ,
        0.0131765 ,  0.00422676,  0.01557714,  0.02753279,  0.0832321 ,
       -0.00266258])
 message: 'Optimization terminated successfully.'
    nfev: 534
     nit: 27
    njev: 27
  status: 0
 success: True
       x: array([ 0.48408768, -0.47760406, -0.35160117, -0.48751674,  0.24606742,
        0.47159875, -0.03113027, -0.37098461,  0.50760708,  0.06024757,
        0.66446953, -0.50239182, -0.13980689, -0.43587589,  0.08930135,
       -0.57194456])

========================================================

Final result:
0.48408767785
-0.477604055002
-0.351601173603
0.115039183585
0.115039183585
0.115039183585
-0.487516737796
0.246067418266
0.47159874691
-0.031130270182
-0.370984614577
0.507607078025
0.0602475689341
0.0602475689341
0.664469527174
-0.502391816887
-0.139806894881
-0.435875885691
-0.435875885691
0.0893013511271
0.0893013511271
0.0893013511271
0.0893013511271
0.0893013511271
0.0893013511271
-0.571944556667
0.429480647366
