HIS_neutral_methyl.filelist
15.3406243711
15.3406243711
15.3406220985
15.3406232284
15.3406232508
15.3406232964
15.3406234628
15.3406229954
15.3406224875
15.3406237571
15.3406228835
15.3406238815
15.3406239452
15.3406237933
15.3406241272
15.340624183
15.340623928
15.3406242503
15.3406246136
15.3406246973
15.3406244201
103761.548836
23416.040186
5279.45662195
1185.47142062
261.465284405
53.5740275178
10.8882132423
10.8882132423
10.8882151507
10.8882141448
10.8882139892
10.888213995
10.8882140208
10.8882137729
10.8882149329
10.8882138641
10.8882137091
10.8882138913
10.8882136403
10.8882140482
10.8882136676
10.8882134841
10.8882135695
10.8882136304
10.8882135234
10.888213599
10.8882133011
4227.11247155
822.359154857
157.400893204
28.5842156428
8.72899327165
8.72899327165
8.72899592759
8.72899458143
8.72899447101
8.72899444104
8.7289943259
8.72899454392
8.7289955041
8.72899401599
8.72899466303
8.72899386101
8.72899381193
8.72899394223
8.72899357616
8.72899351612
8.72899384327
8.72899341783
8.72899322861
8.72899314074
8.72899326326
769.034760344
76.1980660507
10.7308690393
8.62869297109
8.62869297109
8.62869559745
8.62869427405
8.62869418754
8.62869415864
8.62869404086
8.62869428836
8.62869522748
8.62869373807
8.62869442226
8.62869362837
8.62869350292
8.62869374144
8.62869334039
8.62869323191
8.62869349745
8.62869321364
8.62869289304
8.62869279067
8.62869295535
241.622136551
24.625373654
8.64074969165
8.54896132384
8.54896132384
8.54896405229
8.54896267453
8.5489625564
8.54896253793
8.54896236458
8.54896265208
8.54896348593
8.54896206702
8.54896277125
8.54896196994
8.54896183033
8.54896208644
8.54896168988
8.54896157601
8.54896181388
8.5489615725
8.54896125477
8.54896116691
8.54896131007
294.042971534
33.3787694089
8.56795454338
8.16440946273
8.16440946273
8.16441207742
8.1644107823
8.16441072988
8.1644107486
8.16441053702
8.1644108446
8.1644117113
8.16441021462
8.16441092206
8.16441010161
8.16440996877
8.16441022383
8.16440980268
8.16440970474
8.16440995289
8.16440966217
8.16440939766
8.16440935567
8.16440945051
253.916659306
31.5898316208
8.13600652581
7.68648209453
7.68648209453
7.68648473101
7.68648339573
7.68648330598
7.68648323872
7.68648314984
7.68648345942
7.68648433735
7.68648282134
7.68648352357
7.68648271708
7.68648256994
7.68648285005
7.6864824181
7.68648232065
7.68648254414
7.68648228
7.68648196592
7.68648192852
7.68648206902
173.617592823
22.4202086949
7.38249639579
7.38249639579
7.38249862119
7.38249751038
7.38249746161
7.38249742529
7.38249728356
7.38249764013
7.38249821237
7.38249704785
7.38249763709
7.3824969407
7.38249688384
7.38249703766
7.3824966904
7.38249662158
7.38249693276
7.38249656755
7.38249623566
7.38249625988
7.38249636381
58.7543939312
10.9180789923
5.43607425618
5.43607425618
5.43607523425
5.43607474927
5.43607476361
5.43607469205
5.43607464216
5.43607499494
5.43607504266
5.43607450819
5.4360750314
5.43607442424
5.43607446273
5.43607441712
5.43607436811
5.43607434342
5.43607452111
5.43607437247
5.43607412263
5.43607414874
5.43607423129
178.758829165
35.1274852476
6.67739299081
3.88441982264
3.88441982264
3.88441898556
3.88441942921
3.8844195415
3.88441952593
3.88441947857
3.88441974681
3.88441905412
3.88441952812
3.88441973367
3.8844195064
3.88441964994
3.884419434
3.88441963214
3.88441970752
3.88441973298
3.88441970197
3.88441960079
3.88441962104
3.88441977716
53.7728319992
6.58584056675
3.72886826838
3.72886826838
3.72886716114
3.72886773686
3.72886785202
3.72886781915
3.72886781145
3.72886806175
3.72886725453
3.72886790657
3.72886808736
3.72886790524
3.72886804676
3.72886784291
3.72886803181
3.72886812792
3.72886812209
3.72886807603
3.72886808809
3.72886809472
3.72886823216
35.7236886278
5.79949765916
3.32720606218
3.32720606218
3.32720447945
3.32720530611
3.3272054231
3.32720540025
3.32720542445
3.32720558457
3.32720466687
3.32720558953
3.32720556242
3.32720560166
3.32720575472
3.32720547247
3.3272057945
3.32720590116
3.32720577485
3.3272058477
3.32720590081
3.32720592729
3.32720602929
11.1496989297
2.63240399049
2.63240399049
2.63240268867
2.63240334787
2.63240333362
2.63240336101
2.63240347902
2.63240313613
2.63240295527
2.63240363832
2.63240306946
2.63240375235
2.63240370785
2.63240374746
2.63240387628
2.63240387501
2.63240365735
2.6324039619
2.63240416839
2.6324041928
2.63240402602
5.22796316352
2.33684640655
2.33684640655
2.33684584162
2.33684608362
2.33684607382
2.33684611831
2.33684618336
2.33684589117
2.33684597227
2.33684626544
2.33684586719
2.33684633611
2.33684627778
2.33684634743
2.33684637855
2.33684636492
2.33684622547
2.33684640401
2.33684655535
2.33684656742
2.33684643557
5.47620886224
1.95363979643
1.95363979643
1.95364061064
1.95364020557
1.95364017427
1.95364018531
1.9536401194
1.95364019031
1.95364046686
1.95364002812
1.95364024485
1.95363996545
1.95363997057
1.95363998108
1.95363986441
1.9536398704
1.95363998079
1.9536397777
1.95363975541
1.95363969387
1.953639787
2.34161332339
1.79971939327
1.79971939327
1.79972004248
1.79971971316
1.79971969461
1.79971968583
1.79971965451
1.79971972997
1.79971993436
1.79971958596
1.7997197377
1.79971955819
1.79971953105
1.79971958259
1.7997194886
1.79971946242
1.79971953224
1.79971945682
1.79971937377
1.79971938023
1.79971938935
1.85754026267
1.75074734415
1.75074734415
1.75074742213
1.75074738233
1.75074738752
1.75074738113
1.75074737286
1.75074741918
1.75074740114
1.75074735755
1.75074743364
1.75074733957
1.75074736042
1.75074732994
1.75074733785
1.75074734693
1.75074737333
1.75074733399
1.75074732058
1.75074730774
1.7507473392
1.85768597492
1.742298221
1.742298221
1.74229819324
1.74229820995
1.74229821537
1.74229821469
1.74229820918
1.74229823187
1.74229819183
1.74229820794
1.74229823961
1.74229820139
1.74229821535
1.74229819473
1.74229820667
1.74229821514
1.74229822313
1.74229820695
1.74229820186
1.74229819901
1.74229821671
1.7790216028
1.73818621809
1.73818621809
1.73818618525
1.73818620335
1.73818620595
1.73818620799
1.738186206
1.73818620845
1.73818618912
1.73818620986
1.7381862025
1.73818621333
1.73818621137
1.73818621497
1.73818621501
1.73818621551
1.73818621121
1.73818621665
1.73818621405
1.73818621747
1.73818621696
1.73806721312
1.73602509264
1.73602509264
1.73602507854
1.73602508483
1.73602508154
1.73602508045
1.73602508745
1.7360250755
1.73602508342
1.73602508952
1.73602507484
1.73602509152
1.73602508935
1.73602509107
1.73602509353
1.73602509246
1.73602508765
1.73602509597
1.73602510173
1.73602510269
1.7360250943
1.73222608974
1.73222608974
1.73222609565
1.73222609205
1.73222609128
1.73222609355
1.73222609297
1.73222608672
1.73222609681
1.732226092
1.73222608766
1.73222609357
1.73222608968
1.73222609492
1.73222609285
1.73222609084
1.73222608757
1.7322260939
1.73222609493
1.7322260941
1.73222609062
1.73206916033
1.73026629123
1.73026629123
1.7302662975
1.73026629164
1.7302662878
1.73026628372
1.73026629191
1.73026628536
1.73026629477
1.73026629162
1.73026628572
1.73026628729
1.73026629463
1.73026628468
1.73026628654
1.73026629108
1.73026629874
1.7302662825
1.73026629115
1.73026628984
1.73026629107
1.73109078209
1.72922567974
1.72922567974
1.72922567984
1.7292256802
1.72922568046
1.72922568012
1.72922567985
1.72922568159
1.72922567898
1.72922567993
1.72922568262
1.7292256797
1.72922568009
1.72922567928
1.72922567958
1.72922567988
1.72922567977
1.72922567876
1.72922567877
1.72922567784
1.72922567953
1.7290543727
1.7290543727
1.72905437729
1.72905437507
1.72905437526
1.72905437576
1.72905437501
1.72905437459
1.72905437797
1.72905437347
1.72905437358
1.72905437276
1.72905437329
1.72905437293
1.7290543723
1.72905437251
1.7290543738
1.72905437213
1.72905437328
1.72905437413
1.72905437282
1.72896077572
1.72896077572
1.72896077533
1.72896077495
1.72896077482
1.7289607746
1.72896077516
1.72896077454
1.72896077364
1.72896077626
1.72896077486
1.72896077933
1.72896077539
1.7289607812
1.72896077995
1.72896077671
1.72896077426
1.72896078298
1.7289607747
1.72896077423
1.72896077548
1.7287345449
1.7287345449
1.72873453573
1.72873454003
1.72873454069
1.72873454117
1.72873454122
1.72873454032
1.72873453686
1.72873454247
1.72873454013
1.72873454273
1.72873454341
1.72873454224
1.72873454346
1.72873454411
1.72873454337
1.72873454326
1.72873454609
1.72873454692
1.72873454517
1.72869080095
1.72869080095
1.72869080282
1.72869080182
1.72869080147
1.72869080047
1.72869080194
1.72869080224
1.7286908038
1.72869080124
1.72869080255
1.72869080133
1.72869080061
1.72869080148
1.72869080111
1.72869080086
1.72869079985
1.7286908011
1.72869079981
1.72869079925
1.72869080073
1.72871190467
1.72866654703
1.72866654703
1.72866654951
1.72866654854
1.72866654825
1.72866654826
1.72866654801
1.72866654836
1.72866654913
1.72866654757
1.72866654824
1.72866654719
1.72866654753
1.72866654699
1.72866654705
1.72866654715
1.72866654766
1.72866654689
1.72866654669
1.72866654649
1.72866654697
1.72864629051
1.72864629051
1.72864629077
1.72864629062
1.72864629071
1.72864629079
1.7286462908
1.72864629072
1.7286462911
1.72864629077
1.72864629088
1.72864629084
1.72864629077
1.72864629105
1.72864629066
1.7286462906
1.72864629088
1.72864629061
1.72864629072
1.72864629069
1.72864629057
1.72863812832
1.72863812832
1.72863812846
1.72863812823
1.7286381279
1.72863812807
1.72863812755
1.72863812767
1.72863812631
1.7286381278
1.72863812745
1.72863812795
1.72863812797
1.72863812784
1.72863812821
1.72863812819
1.72863812791
1.72863812837
1.72863812856
1.72863812881
1.72863812838
1.72864070642
1.72863313891
1.72863313891
1.72863313714
1.72863313804
1.72863313834
1.72863313851
1.72863313853
1.72863313827
1.72863313813
1.72863313871
1.72863313812
1.72863313872
1.72863313883
1.72863313855
1.72863313891
1.72863313891
1.7286331388
1.728633139
1.72863313889
1.72863313904
1.72863313892
1.72863093989
1.72863093989
1.7286309409
1.72863094039
1.72863094022
1.72863094011
1.72863094011
1.72863094027
1.72863094034
1.72863094
1.72863094037
1.72863093997
1.72863093993
1.72863094006
1.72863093985
1.72863093988
1.72863093996
1.72863093977
1.72863093991
1.72863093981
1.7286309399
1.72862939736
1.72862939736
1.72862939743
1.7286293974
1.72862939739
1.72862939738
1.72862939739
1.72862939739
1.72862939741
1.72862939738
1.7286293974
1.72862939737
1.72862939736
1.72862939738
1.72862939736
1.72862939736
1.72862939737
1.72862939736
1.72862939736
1.72862939735
1.72862939737
     fun: 1.728629397362616
     jac: array([ 0.0042675 ,  0.00220208,  0.00169516,  0.00096381,  0.00167391,
        0.0021096 ,  0.00350487,  0.00094786,  0.00266311,  0.00054637,
        0.00014377,  0.00117941,  0.00010166,  0.00014816,  0.00031607,
       -0.00023392, -0.00048989, -0.00098726,  0.00038926])
 message: 'Optimization terminated successfully.'
    nfev: 738
     nit: 33
    njev: 33
  status: 0
 success: True
       x: array([ 0.30885203, -0.72402653,  0.20746199,  0.07764105, -0.61203263,
        0.54577751,  0.2515083 ,  0.0816411 , -0.4778341 , -0.2171687 ,
        0.04103094,  0.36775012,  0.11874567, -0.33341599,  0.18249173,
        0.2078678 , -0.49075903,  0.29619791, -0.18775425])

========================================================

Final result:
0.308852034128
-0.724026526342
0.308852034128
0.207461994412
0.0776410542401
-0.612032634904
0.545777511614
0.251508301367
0.251508301367
0.081641100015
-0.47783409852
-0.21716869889
0.0410309352764
0.367750119288
0.118745672527
-0.333415989744
0.182491731243
0.207867802194
0.4133493566
-0.490759025407
0.296197912569
-0.187754245338
0.127438452725
0.127438452725
0.127438452725
