PRO_methyl_charged.filelist
15.3601786192
15.3601786192
15.3601781884
15.3601779967
15.3601785351
15.3601793256
15.3601795404
15.3601790391
15.360180688
15.3601794285
15.3601790879
15.360179023
15.3601787222
15.3601803947
15.3601793582
59587.2908148
13604.1418258
3100.93741486
701.90226916
154.148917647
30.1875822305
8.51186685342
8.51186685342
8.51186654029
8.51186661067
8.51186679137
8.51186691071
8.51186677623
8.51186673662
8.51186681592
8.51186646215
8.5118664549
8.51186674365
8.51186682295
8.51186588145
8.51186587035
7260.64977598
1439.17743491
283.094450492
53.8281972944
10.2721267636
6.40339626711
6.40339626711
6.40339623423
6.40339643108
6.40339625892
6.40339599655
6.40339572043
6.40339607123
6.40339504708
6.4033956222
6.40339584517
6.40339617491
6.40339622127
6.40339477991
6.40339542668
699.604678758
110.072680224
17.0230609199
5.81964699628
5.81964699628
5.81964706372
5.81964724042
5.81964700853
5.81964641766
5.81964621946
5.81964653609
5.81964534476
5.81964616524
5.81964640623
5.81964647482
5.81964688358
5.81964514859
5.81964590704
397.480459314
42.0367671105
6.72041953714
5.60105898127
5.60105898127
5.60105913608
5.60105937664
5.60105901116
5.60105839625
5.60105815878
5.60105852659
5.6010572127
5.6010581
5.60105834053
5.60105851251
5.60105887087
5.6010570296
5.6010577515
162.320887034
17.463983931
5.50872844755
5.50872844755
5.50872863331
5.50872885602
5.50872848323
5.50872782565
5.50872760378
5.50872798061
5.50872666806
5.50872752116
5.50872783265
5.50872794205
5.50872833752
5.50872633089
5.50872734707
23.3053589085
5.18623890607
4.3106174011
4.3106174011
4.31061769534
4.31061782299
4.31061745718
4.31061674526
4.31061658033
4.31061698078
4.31061564199
4.31061658891
4.31061689443
4.31061699628
4.31061728712
4.31061557642
4.31061654208
33.1135575918
6.1943863259
3.0899001215
3.0899001215
3.08990047877
3.08990052757
3.08990019344
3.08989972449
3.08989963959
3.0898999328
3.089898985
3.08989980302
3.08990000962
3.08989993532
3.08990006748
3.08989944749
3.08990008731
12.0894150244
2.80722006964
2.80722006964
2.80722017346
2.80722007171
2.80722008985
2.80722029839
2.80722050283
2.80722036136
2.80722092784
2.80722073564
2.80722060231
2.8072204022
2.80722013952
2.80722163832
2.80722120697
3.77170419696
1.97478580011
1.97478580011
1.97478562411
1.97478548142
1.97478576746
1.97478629132
1.97478646177
1.97478612883
1.97478724337
1.974786456
1.97478619717
1.97478614598
1.97478587645
1.97478728305
1.97478646507
2.63074086688
1.50916532253
1.50916532253
1.50916519967
1.50916520254
1.50916530006
1.50916543617
1.50916541578
1.50916535663
1.50916553813
1.50916534768
1.50916530648
1.50916535342
1.50916533405
1.50916536325
1.50916523856
1.53769722732
1.41045801567
1.41045801567
1.41045800634
1.41045801692
1.41045801502
1.41045795857
1.41045793562
1.41045794491
1.41045787418
1.41045788203
1.41045789845
1.41045793332
1.41045799764
1.41045770567
1.41045777034
1.38448771933
1.38448771933
1.38448782872
1.38448784665
1.38448774124
1.38448765891
1.38448764286
1.38448775213
1.38448747767
1.38448775856
1.38448781716
1.38448779247
1.38448772932
1.38448783731
1.38448799973
1.30868590986
1.30868590986
1.30868591779
1.30868590665
1.30868591224
1.3086859156
1.30868595798
1.30868591117
1.30868602386
1.30868598002
1.30868595681
1.30868587753
1.3086859118
1.30868607935
1.30868602349
1.37416226336
1.28270001748
1.28270001748
1.28270000063
1.28269999217
1.28270001459
1.28270004121
1.28270005441
1.28270002435
1.28270011422
1.28270003577
1.28270001624
1.2827000221
1.28270001809
1.28270005589
1.28269999716
1.27772475382
1.27772475382
1.27772475142
1.27772474689
1.27772475386
1.27772473813
1.27772473415
1.27772473655
1.27772471285
1.2777247323
1.27772473753
1.27772472554
1.27772474956
1.27772470724
1.27772472484
1.27676134645
1.27482959678
1.27482959678
1.27482960458
1.27482961359
1.27482959865
1.2748295858
1.27482957413
1.27482959044
1.27482954371
1.2748295743
1.27482958527
1.27482959267
1.27482959589
1.27482954515
1.27482957704
1.2752311974
1.27365927935
1.27365927935
1.27365928056
1.27365928197
1.27365927973
1.27365927314
1.27365927142
1.27365927768
1.27365926058
1.27365927517
1.27365927931
1.27365927889
1.27365927887
1.27365927126
1.27365928254
1.27279468712
1.27279468712
1.2727946859
1.27279468312
1.27279468708
1.27279469857
1.27279470286
1.27279469584
1.27279472162
1.27279470331
1.27279469746
1.27279469738
1.27279468919
1.2727947236
1.27279470447
1.27218592912
1.27218592912
1.27218592801
1.27218592748
1.27218592904
1.27218593183
1.27218593288
1.27218593025
1.27218593844
1.2721859316
1.2721859298
1.27218593023
1.2721859293
1.27218593423
1.27218592887
1.27200936296
1.27200936296
1.27200936297
1.27200936332
1.27200936301
1.27200936184
1.27200936166
1.27200936223
1.27200936011
1.27200936184
1.27200936222
1.27200936219
1.27200936299
1.27200936038
1.2720093618
1.27195259113
1.27195259113
1.27195259162
1.27195259165
1.27195259125
1.27195258971
1.27195258907
1.27195259029
1.27195258615
1.2719525896
1.27195259065
1.27195259016
1.27195259084
1.2719525875
1.27195259108
1.27190937501
1.27190937501
1.27190937549
1.27190937596
1.27190937513
1.2719093743
1.27190937382
1.27190937441
1.27190937221
1.27190937392
1.271909374
1.27190937453
1.27190937482
1.27190937277
1.27190937277
1.27194250573
1.27189906032
1.27189906032
1.27189906002
1.27189905991
1.27189906027
1.27189906025
1.27189906033
1.27189906012
1.27189906059
1.27189906007
1.27189906014
1.27189905992
1.27189906028
1.27189905954
1.27189906006
1.2718942813
1.2718942813
1.2718942813
1.27189428132
1.2718942813
1.27189428134
1.27189428136
1.27189428134
1.27189428142
1.27189428136
1.27189428131
1.27189428135
1.27189428131
1.27189428145
1.27189428128
     fun: 1.2718942812982885
     jac: array([ 0.00039572,  0.00151032,  0.00024727,  0.00292768,  0.00387037,
        0.00270416,  0.0083459 ,  0.00412178,  0.00053364,  0.0036791 ,
        0.00078134,  0.01015188, -0.00127746])
 message: 'Optimization terminated successfully.'
    nfev: 406
     nit: 25
    njev: 25
  status: 0
 success: True
       x: array([ 0.90297429, -0.62875694, -0.93034231, -0.42678856, -0.07580905,
        0.33241531,  0.03134523,  0.23828478,  0.53401551, -0.18769504,
        0.72908382, -0.12258331, -0.20421806])

========================================================

Final result:
0.90297428839
-0.628756940605
-0.930342313391
0.218708321869
0.218708321869
0.218708321869
-0.426788562476
-0.0758090476668
0.332415309111
0.0313452320405
0.0313452320405
0.23828477518
0.534015514809
-0.187695041114
0.729083818649
-0.122583312791
-0.122583312791
-0.204218057246
-0.204218057246
-0.77629724525
-0.77629724525
