SER_methyl_neutral.filelist
7.154610118
7.154610118
7.15460981876
7.1546096994
7.15461005979
7.15461098626
7.15461108532
7.15461077819
7.1546107484
7.15461082562
7.15461053314
7.15461175689
7.15461058698
7.15461055345
7.15461058762
7.1546103004
44728.0522777
9096.70907287
1848.12481817
373.555204108
73.7396845177
13.6598987131
5.26454633391
5.26454633391
5.26454608648
5.2645460237
5.26454628502
5.26454635895
5.26454639526
5.26454621368
5.26454617628
5.26454604276
5.26454628249
5.26454591827
5.26454569095
5.26454635254
5.2645455369
5.2645462775
4728.92599801
1025.2688737
220.730997117
46.0700528575
8.74971174812
3.38977964533
3.38977964533
3.38977976885
3.38977983813
3.38977966687
3.38977888899
3.38977879852
3.38977906475
3.38977908585
3.38977904387
3.38977927169
3.38977863462
3.38977878399
3.38977926567
3.38977875004
3.38977947786
1623.84058151
298.774208104
54.2332686171
9.44611749038
2.87945109643
2.87945109643
2.87945118609
2.87945124311
2.87945111166
2.87945011063
2.87945004468
2.87945025464
2.87945023774
2.8794501321
2.87945058457
2.87944903114
2.87945019892
2.87945061163
2.87945015305
2.8794508478
495.887586793
49.2718259148
5.34147976315
2.84889736048
2.84889736048
2.84889751129
2.84889762864
2.84889738791
2.84889638552
2.8488962785
2.84889654621
2.84889658357
2.84889637443
2.8488968667
2.84889523291
2.84889642386
2.84889689008
2.84889634648
2.84889712525
61.1390203027
6.2361712679
2.79913631884
2.79913631884
2.79913650843
2.79913661001
2.79913635485
2.79913533921
2.79913527281
2.7991354784
2.79913547158
2.79913532806
2.79913580803
2.79913419427
2.79913538249
2.79913583595
2.79913531336
2.79913606969
22.4993121238
3.45438325314
2.66896654305
2.66896654305
2.66896672415
2.66896682249
2.66896657727
2.66896562891
2.66896555612
2.66896575853
2.66896579051
2.66896561438
2.66896601142
2.66896452801
2.66896569193
2.66896594161
2.66896560601
2.66896633478
205.572738546
33.2696951979
5.36486400823
2.34620526361
2.34620526361
2.34620548928
2.3462055116
2.34620530598
2.34620449077
2.3462044602
2.34620466163
2.34620468062
2.34620459271
2.34620488918
2.34620376332
2.34620473585
2.34620490873
2.34620463101
2.34620508911
27.4807588187
5.0052377799
1.81243163583
1.81243163583
1.81243180064
1.8124318594
1.81243166896
1.812431486
1.81243141694
1.81243157276
1.81243157519
1.81243164626
1.81243157828
1.81243153987
1.81243186631
1.81243155017
1.81243188017
1.81243161579
16.6811769444
2.7693230083
1.59854786375
1.59854786375
1.59854801217
1.59854801167
1.59854789336
1.59854802703
1.59854800955
1.59854809125
1.59854810388
1.59854822409
1.59854799287
1.59854850354
1.59854844958
1.59854793639
1.59854854403
1.59854796206
12.0439170359
1.97464919354
1.4978961572
1.4978961572
1.49789626963
1.49789625257
1.49789617971
1.49789646566
1.49789646654
1.49789649862
1.49789652489
1.49789664287
1.49789634232
1.49789706659
1.49789685017
1.49789630292
1.49789695808
1.49789624812
10.0922505257
1.83790870045
1.31938310376
1.31938310376
1.31938310435
1.31938308846
1.31938310362
1.31938360928
1.31938365738
1.31938358158
1.3193835951
1.31938370992
1.31938338686
1.31938429293
1.31938385494
1.31938335355
1.31938392685
1.31938325161
3.83905449245
1.17467227294
1.17467227294
1.17467210683
1.17467204126
1.17467224099
1.1746726853
1.17467272519
1.17467254107
1.17467252254
1.17467249011
1.1746724503
1.17467277101
1.1746723774
1.17467247373
1.17467233726
1.17467234087
1.29278997815
1.0470266861
1.0470266861
1.04702664356
1.04702663758
1.04702667681
1.04702668437
1.04702668488
1.04702666929
1.04702666766
1.04702664911
1.04702667936
1.04702668054
1.04702655217
1.04702668698
1.04702655195
1.04702667867
1.04018121265
1.00159921482
1.00159921482
1.00159920557
1.00159920445
1.0015992123
1.00159915349
1.00159915727
1.00159914857
1.00159914473
1.00159911967
1.00159917717
1.00159900601
1.00159912373
1.00159918572
1.00159910675
1.00159919381
1.00145692206
0.993575320487
0.993575320487
0.993575336949
0.993575342472
0.993575323147
0.993575297947
0.993575292404
0.993575310874
0.993575313521
0.993575318387
0.993575312283
0.993575322142
0.993575321787
0.993575308466
0.993575323087
0.993575318526
0.988254375312
0.988254375312
0.988254373317
0.988254373011
0.988254374657
0.988254402827
0.988254403333
0.988254400629
0.988254399479
0.98825440883
0.988254391014
0.988254439962
0.988254420345
0.988254390157
0.988254430789
0.988254383361
0.987709368136
0.986366598268
0.986366598268
0.98636659665
0.986366594552
0.986366597781
0.986366615311
0.986366617883
0.986366612781
0.986366613072
0.986366614234
0.986366607449
0.986366629368
0.986366616762
0.986366605918
0.986366618428
0.986366602587
0.987517040364
0.985968371038
0.985968371038
0.985968370164
0.985968368613
0.985968370717
0.985968379065
0.985968380613
0.98596837751
0.98596837807
0.985968377408
0.985968374647
0.985968384378
0.985968376289
0.985968374574
0.985968375135
0.985968373015
0.985871487923
0.985871487923
0.985871486816
0.985871487963
0.985871487641
0.985871481093
0.985871479571
0.985871481476
0.985871480281
0.985871480721
0.985871484561
0.98587147288
0.985871480622
0.985871485574
0.985871480499
0.9858714855
0.985735933631
0.985735933631
0.98573593478
0.985735935505
0.985735933806
0.985735930323
0.985735929759
0.985735931079
0.985735931211
0.985735930912
0.985735931889
0.985735928034
0.985735930792
0.98573593147
0.985735931078
0.985735933078
0.9857076496
0.9857076496
0.985707649038
0.985707648095
0.985707649452
0.985707650486
0.985707651073
0.985707650652
0.985707650506
0.985707651173
0.985707650442
0.985707652801
0.985707651463
0.985707650977
0.985707651551
0.985707649781
0.985696389135
0.985696389135
0.985696389159
0.985696389449
0.985696389155
0.98569639085
0.985696390895
0.985696390338
0.985696390522
0.985696390027
0.985696389694
0.985696391019
0.985696389696
0.985696389474
0.9856963894
0.985696389477
0.985691805527
0.985691805527
0.985691805602
0.98569180559
0.985691805546
0.985691805174
0.985691805136
0.985691805264
0.985691805266
0.985691805274
0.985691805306
0.985691804999
0.985691805322
0.985691805151
0.985691805386
0.985691805533
0.985691194948
     fun: 0.9856911949475967
     jac: array([ 0.00505406,  0.00423068,  0.00125344, -0.02368075, -0.0262389 ,
       -0.01762563, -0.01754853, -0.01700828, -0.01486209, -0.03546107,
       -0.01377212, -0.02522072, -0.00945447,  0.00038853])
 message: 'Optimization terminated successfully.'
    nfev: 424
     nit: 24
    njev: 24
  status: 0
 success: True
       x: array([ 0.46699368, -0.47457728, -0.24171981, -0.32654663,  0.23537155,
       -0.08567745,  0.12054493,  0.31375146,  0.56980089, -0.0228085 ,
       -0.56704761, -0.47599868,  0.37540721, -0.51772165])

========================================================

Final result:
0.466993682925
-0.47457727855
-0.241719809219
0.083101134948
0.083101134948
0.083101134948
-0.326546634091
0.235371547795
-0.0856774529209
0.120544926426
0.313751455494
0.569800886228
-0.0228084994313
-0.0228084994313
-0.567047607088
-0.475998682415
0.375407214273
-0.517721646442
0.403732991604
