MET_methyl_methyl.filelist
7.66787526957
7.66787526957
7.66787507899
7.66787497078
7.66787523223
7.66787484788
7.66787492778
7.66787474133
7.66787471621
7.66787492523
7.66787447193
7.66787461156
7.66787506359
7.66787435139
7.66787482221
7.66787528778
7.66787527212
7.66787553409
7.66787562786
7.66787532391
27240.2898893
4973.34045073
906.215618164
163.442757866
28.3779937552
7.01737082425
7.01737082425
7.01737059032
7.01737050085
7.01737077917
7.01737149883
7.01737158663
7.01737132385
7.01737128493
7.01737132489
7.017371181
7.017371862
7.01737127844
7.01737112821
7.01737173928
7.01737121846
7.01737089245
7.0173709833
7.01737103534
7.01737085749
4545.37375799
962.753209237
201.937891272
40.6060675365
7.7988153059
4.73244113506
4.73244113506
4.73244108772
4.73244112413
4.73244112642
4.7324419311
4.73244191644
4.73244187602
4.73244187308
4.73244175612
4.73244194695
4.73244241194
4.73244159636
4.73244201999
4.7324419743
4.7324415474
4.73244120699
4.73244104935
4.73244098359
4.73244111718
544.930721733
75.7298720242
10.6536798098
4.40564824067
4.40564824067
4.40564825776
4.40564835628
4.40564824451
4.40564906831
4.40564900363
4.40564904401
4.4056490999
4.40564885471
4.40564913817
4.40564937296
4.40564880281
4.4056492154
4.40564943831
4.4056486337
4.40564830969
4.40564812937
4.40564806382
4.40564821723
630.613782406
81.8945074268
10.7680135733
4.17600896992
4.17600896992
4.17600891
4.17600895514
4.17600895884
4.17600990469
4.17600989053
4.17600982638
4.17600982579
4.17600960263
4.17600997302
4.17601018232
4.17600946011
4.17601009179
4.17601002171
4.1760091792
4.17600900785
4.17600882175
4.17600873284
4.17600893938
492.097947229
48.6480966667
5.80585124872
4.09709886096
4.09709886096
4.09709886581
4.09709892896
4.09709886238
4.09709975407
4.09709972993
4.09709971978
4.09709972834
4.09709952941
4.09709986556
4.09710018368
4.09709936731
4.0970999745
4.09709994225
4.09709906418
4.09709889798
4.09709872669
4.09709865051
4.09709883352
51.0297822458
5.92295537973
4.017008288
4.017008288
4.01700828636
4.01700830748
4.01700828783
4.01700912267
4.01700912582
4.01700910244
4.01700906613
4.01700894764
4.01700929032
4.0170096074
4.01700880156
4.01700941482
4.0170093925
4.01700850438
4.01700832714
4.01700809861
4.01700800613
4.01700824907
207.697606416
25.785805801
4.58447829527
3.78199104974
3.78199104974
3.78199108118
3.78199111975
3.78199105572
3.78199185876
3.78199184859
3.78199185609
3.78199184104
3.78199166893
3.78199206199
3.78199226726
3.78199151892
3.7819921343
3.78199204647
3.78199124782
3.78199108587
3.78199087169
3.78199084103
3.78199101399
20.4976640488
4.11626886142
3.10494158804
3.10494158804
3.10494169135
3.10494173504
3.10494160865
3.10494210712
3.10494208549
3.10494212662
3.10494213117
3.10494197425
3.10494229651
3.10494234015
3.10494185762
3.10494228911
3.10494217181
3.10494164822
3.10494160049
3.10494133832
3.10494132601
3.10494153558
131.434416234
24.9374015933
4.59198881295
2.37064172269
2.37064172269
2.37064192042
2.37064193933
2.37064176061
2.37064161118
2.37064158639
2.37064172715
2.37064175866
2.37064166127
2.37064187904
2.37064157981
2.37064162835
2.37064194128
2.37064153666
2.37064158293
2.37064170056
2.37064154583
2.37064149268
2.37064168592
28.3206685122
4.07328977871
2.20287020092
2.20287020092
2.20287036378
2.20287041769
2.20287023149
2.20286987952
2.20286979676
2.20287002224
2.20287007004
2.20286998566
2.20287015799
2.20286975197
2.20286998074
2.2028701672
2.20286975288
2.20286998389
2.20287016532
2.20287002802
2.20287000273
2.20287016479
47.3262953083
5.47248400333
2.12951804475
2.12951804475
2.12951821918
2.1295182938
2.12951807887
2.12951761444
2.12951754806
2.12951772241
2.12951772678
2.12951772241
2.12951783766
2.12951738938
2.12951774822
2.12951784599
2.12951743508
2.12951780119
2.12951800468
2.12951791364
2.1295178848
2.12951801776
4.05020301632
1.71722876406
1.71722876406
1.71722876962
1.71722874858
1.71722876426
1.71722830658
1.71722832984
1.71722832305
1.71722831987
1.71722842398
1.71722824372
1.71722809878
1.71722850825
1.71722818547
1.71722824482
1.7172286172
1.71722874025
1.71722884046
1.71722889704
1.71722877984
2.37620923657
1.58061385749
1.58061385749
1.5806138175
1.58061378144
1.58061384965
1.58061368911
1.58061370512
1.58061366369
1.58061365363
1.58061372557
1.58061358679
1.58061361169
1.58061377225
1.58061354343
1.58061368009
1.58061383615
1.58061385532
1.58061395255
1.58061397881
1.58061387768
2.11417109245
1.49484588906
1.49484588906
1.49484585822
1.49484586024
1.49484588267
1.49484593709
1.49484593715
1.4948459201
1.49484592099
1.49484592092
1.49484590295
1.49484596099
1.49484591876
1.49484591541
1.49484593593
1.49484593414
1.49484589834
1.49484591457
1.49484590643
1.49484589454
1.47199754473
1.47199754473
1.47199755287
1.47199754773
1.47199754605
1.47199764026
1.47199764439
1.47199763728
1.4719976355
1.47199761284
1.47199766061
1.47199767373
1.47199760501
1.4719976516
1.47199769539
1.47199754244
1.47199754548
1.47199751592
1.47199752541
1.47199753892
1.43915712449
1.43915712449
1.43915715013
1.43915715551
1.43915712915
1.43915708998
1.43915708615
1.4391571068
1.43915711069
1.43915710423
1.43915712335
1.43915709093
1.4391570975
1.4391571245
1.43915705343
1.4391571116
1.43915712275
1.43915710205
1.43915709441
1.43915711989
1.46236851651
1.429170658
1.429170658
1.42917067322
1.42917067734
1.42917066073
1.42917061186
1.42917060426
1.42917062181
1.42917062549
1.42917062429
1.42917062586
1.42917059435
1.42917062608
1.42917063391
1.42917057976
1.42917064603
1.42917065617
1.42917065033
1.42917064451
1.4291706564
1.43654993662
1.42033072661
1.42033072661
1.42033071905
1.42033072089
1.42033072484
1.42033070534
1.42033070479
1.42033070365
1.42033070488
1.42033070748
1.42033069643
1.4203306863
1.42033071754
1.42033070102
1.42033070979
1.42033072245
1.4203307259
1.42033073998
1.42033073743
1.42033072949
1.41161837967
1.41161837967
1.41161836824
1.411618364
1.41161837731
1.41161840554
1.41161841037
1.41161839766
1.41161839275
1.41161840101
1.41161839131
1.41161843012
1.41161839561
1.4116183833
1.41161840548
1.4116183953
1.41161838197
1.41161838483
1.4116183919
1.41161838074
1.40682127116
1.40682127116
1.40682127467
1.40682127587
1.40682127179
1.40682127997
1.40682127835
1.40682128012
1.40682128348
1.40682127429
1.40682128071
1.40682127051
1.40682127837
1.40682128194
1.40682129222
1.40682127107
1.40682127065
1.40682126803
1.40682126607
1.4068212704
1.40483491986
1.40483491986
1.40483492154
1.40483491964
1.40483492008
1.40483491616
1.40483491742
1.40483491888
1.40483491606
1.4048349197
1.40483492417
1.40483492349
1.40483491579
1.40483492768
1.40483490959
1.40483491377
1.40483491853
1.40483491827
1.40483491686
1.40483491955
1.40408613214
1.40408613214
1.40408613213
1.4040861348
1.4040861321
1.40408612623
1.40408612433
1.40408612627
1.40408612753
1.40408612729
1.4040861235
1.4040861215
1.40408613016
1.40408611951
1.40408612788
1.40408613491
1.40408613259
1.40408613283
1.40408613515
1.40408613219
1.40363169196
1.40363169196
1.40363169015
1.40363168902
1.40363169158
1.40363169332
1.40363169446
1.40363169185
1.40363169127
1.40363169207
1.40363169059
1.4036316933
1.40363169114
1.40363169091
1.40363168984
1.40363169119
1.40363169179
1.40363169263
1.40363169218
1.40363169203
1.40355460041
1.40355460041
1.40355460261
1.4035546028
1.40355460079
1.40355460115
1.40355460076
1.40355460303
1.40355460342
1.40355460262
1.40355460458
1.40355460426
1.40355460318
1.4035546054
1.40355460683
1.40355460264
1.40355460074
1.4035546004
1.40355460045
1.40355460039
1.40340796022
1.40340796022
1.40340796054
1.40340796081
1.40340796027
1.40340796042
1.40340796004
1.40340796078
1.4034079607
1.40340796019
1.40340796162
1.40340796001
1.40340795999
1.4034079619
1.40340796
1.40340795942
1.40340796007
1.40340795958
1.40340795935
1.40340796006
1.40335515072
1.40335515072
1.40335515063
1.40335515039
1.4033551507
1.40335515024
1.40335515056
1.40335515016
1.40335514997
1.40335515063
1.40335514968
1.40335515097
1.40335515056
1.40335514974
1.40335515033
1.4033551506
1.40335515072
1.4033551509
1.40335515078
1.40335515073
1.40333632406
1.40333632406
1.40333632327
1.40333632312
1.4033363239
1.40333632465
1.40333632481
1.40333632405
1.40333632403
1.40333632359
1.40333632375
1.40333632281
1.40333632355
1.40333632356
1.4033363228
1.40333632384
1.40333632405
1.4033363243
1.40333632448
1.40333632409
1.40331691577
1.40331691577
1.40331691597
1.40331691624
1.40331691581
1.40331691566
1.40331691538
1.40331691589
1.40331691592
1.40331691587
1.40331691602
1.40331691593
1.40331691588
1.40331691592
1.403316916
1.40331691576
1.40331691579
1.40331691554
1.40331691552
1.40331691571
1.40330163507
1.40330163507
1.4033016353
1.40330163538
1.40330163512
1.40330163491
1.40330163482
1.40330163511
1.4033016351
1.40330163518
1.40330163522
1.40330163526
1.40330163529
1.40330163523
1.40330163557
1.40330163527
1.40330163512
1.40330163497
1.40330163496
1.40330163505
1.40329683177
1.40329683177
1.40329683192
1.40329683205
1.4032968318
1.40329683185
1.40329683175
1.40329683193
1.40329683208
1.40329683188
1.40329683183
1.40329683199
1.40329683182
1.40329683175
1.40329683184
1.40329683179
1.40329683178
1.40329683195
1.40329683206
1.40329683181
1.40329723132
1.40329648064
     fun: 1.4032964806402606
     jac: array([ 0.00979763,  0.01871787,  0.00204547,  0.00509953, -0.00144906,
        0.01022682,  0.02079263,  0.00690836,  0.00379233,  0.01433577,
        0.00311807, -0.001616  ,  0.00445454,  0.0009799 ,  0.00017068,
        0.012034  ,  0.01899821,  0.00260414])
 message: 'Optimization terminated successfully.'
    nfev: 660
     nit: 31
    njev: 31
  status: 0
 success: True
       x: array([ 0.4711043 , -0.48463865, -0.2281886 , -0.46813276,  0.24227672,
        0.15493123,  0.02101937,  0.56943138,  0.46927975, -0.12376468,
       -0.677761  , -0.48878304,  0.21619142,  0.02995184, -0.99021302,
       -0.32808456,  0.23934367, -0.35441355])

========================================================

Final result:
0.471104295996
-0.484638651105
-0.228188599619
0.0805743182423
0.0805743182423
0.0805743182423
-0.468132758819
0.242276716311
0.154931228676
0.0210193654824
0.569431381824
0.469279745443
-0.123764677236
-0.123764677236
-0.677760996201
-0.488783042123
0.216191421153
0.216191421153
0.0299518445709
-0.990213023013
0.317715350004
0.317715350004
0.317715350004
-0.328084556327
0.239343666162
-0.354413546704
0.147718145623
0.147718145623
0.147718145623
