LYS_methyl_methyl.filelist
13.2890884694
13.2890884694
13.289088436
13.2890883713
13.2890884622
13.2890873093
13.2890873532
13.2890873156
13.2890873312
13.2890875211
13.2890870926
13.2890865542
13.2890877441
13.2890870034
13.2890870267
13.2890879573
13.2890874364
13.289088183
13.2890879096
13.2890884119
13.2890886859
13.2890887549
13.2890885135
93542.7162248
21903.3289615
5124.25600455
1194.34963799
273.980953043
58.7771183065
10.5662025396
10.5662025396
10.5662024344
10.5662023776
10.566202519
10.5662035878
10.5662036583
10.5662034975
10.5662034911
10.5662034698
10.5662034259
10.5662044777
10.566203332
10.5662034148
10.5662041591
10.5662031377
10.5662037376
10.5662029323
10.5662033823
10.5662026195
10.5662026577
10.5662026946
10.5662025648
2962.92120399
462.768132701
70.8611693688
12.8647621242
9.39611275366
9.39611275366
9.39611270293
9.39611269649
9.39611274387
9.39611399791
9.39611402834
9.39611393636
9.39611393475
9.39611381075
9.39611399343
9.39611493868
9.39611358813
9.39611405968
9.39611443634
9.39611334051
9.39611391728
9.39611309787
9.39611344738
9.39611282351
9.39611273081
9.39611270056
9.39611274963
612.474322986
60.5682083196
10.3476918758
9.26919172033
9.26919172033
9.26919170825
9.26919171892
9.26919171797
9.26919293387
9.26919294728
9.26919290278
9.26919290718
9.26919278134
9.26919298239
9.26919390471
9.26919257434
9.26919306241
9.26919344301
9.2691923411
9.26919295851
9.26919210461
9.26919251992
9.26919179846
9.26919166633
9.26919162039
9.26919170965
196.855330094
20.4179969544
9.16535134751
9.16535134751
9.16535126117
9.16535124455
9.1653513308
9.16535261312
9.16535264532
9.16535253173
9.16535251403
9.16535237915
9.16535262073
9.16535344052
9.16535218575
9.16535270118
9.16535303943
9.16535196718
9.1653525956
9.16535173001
9.16535214178
9.16535142526
9.16535126937
9.16535121914
9.16535133168
180.275450426
18.4058194555
8.9478456931
8.9478456931
8.94784566098
8.94784569263
8.94784568707
8.94784691773
8.94784691448
8.94784686244
8.94784688263
8.9478466991
8.94784693748
8.94784772764
8.94784650433
8.9478469767
8.94784729833
8.94784632837
8.94784704697
8.94784603212
8.94784633
8.9478457618
8.94784563762
8.94784562346
8.94784568217
268.992042798
39.5928338128
9.06518387551
8.06223609849
8.06223609849
8.06223608965
8.06223616614
8.06223609734
8.0622372943
8.06223725888
8.06223723345
8.0622372734
8.06223701717
8.06223732546
8.062237889
8.06223686574
8.0622372876
8.06223768223
8.06223664496
8.06223718599
8.06223642625
8.06223676695
8.06223616497
8.06223601566
8.06223606316
8.06223608206
736.330150421
94.8287530464
13.3034165575
7.56005350511
7.56005350511
7.56005348961
7.56005351714
7.56005350255
7.5600545617
7.56005456288
7.56005451628
7.56005447025
7.56005437887
7.5600546633
7.56005530057
7.56005418033
7.56005461502
7.56005482652
7.56005401747
7.56005456943
7.56005379749
7.5600540828
7.56005356462
7.56005335183
7.56005339896
7.56005347424
118.650559094
17.7444160872
6.90935840966
6.90935840966
6.90935839843
6.90935840685
6.90935840692
6.90935912585
6.90935912482
6.9093591278
6.90935905449
6.90935903644
6.90935931969
6.90935965772
6.90935895298
6.90935931747
6.90935955943
6.90935878224
6.90935917644
6.90935857234
6.9093586646
6.90935844256
6.90935824157
6.90935826497
6.90935837611
337.939839215
56.6158820701
9.91684490104
5.88983191902
5.88983191902
5.88983192608
5.88983196805
5.88983191923
5.88983230902
5.88983227408
5.88983234666
5.88983229187
5.88983224983
5.8898325577
5.88983256695
5.88983217552
5.88983259166
5.88983243095
5.88983210152
5.8898323085
5.88983199139
5.88983202014
5.88983193396
5.88983181983
5.8898318455
5.88983190131
129.763608969
24.9097882935
5.33331477991
5.33331477991
5.33331487009
5.333314966
5.33331479777
5.33331393045
5.33331383156
5.33331400338
5.33331400348
5.33331401864
5.33331407918
5.33331318402
5.33331413784
5.33331408319
5.33331348411
5.33331428106
5.33331377414
5.33331443638
5.33331402492
5.33331471074
5.33331463233
5.33331458191
5.33331474812
12.1175856478
4.72492107182
4.72492107182
4.72492121813
4.72492121603
4.72492110034
4.72492017122
4.7249201747
4.72492024752
4.72492024158
4.72492029177
4.72492029606
4.72491944756
4.72492042237
4.72492031318
4.72491976076
4.72492057591
4.72492006883
4.7249207451
4.72492036969
4.72492100613
4.72492098058
4.72492095047
4.72492105216
46.881896202
7.4651494343
4.2521531094
4.2521531094
4.25215320864
4.25215316652
4.25215312708
4.25215225968
4.25215225435
4.2521523683
4.25215241186
4.25215241388
4.25215238781
4.25215166316
4.25215252801
4.25215236403
4.25215193078
4.25215266991
4.25215221535
4.25215283014
4.25215252201
4.25215305354
4.2521530358
4.25215304741
4.25215309311
33.3772237737
6.3198080623
2.69504447914
2.69504447914
2.69504446048
2.69504435984
2.69504447404
2.6950442587
2.69504433135
2.69504426752
2.6950442932
2.6950443492
2.6950441548
2.69504424657
2.69504438455
2.69504413187
2.69504427806
2.69504443261
2.69504436792
2.69504449924
2.69504458112
2.69504448467
2.69504462537
2.69504467155
2.69504450969
3.02230850704
2.20668594748
2.20668594748
2.20668592176
2.20668589773
2.2066859418
2.20668627178
2.20668629398
2.20668625314
2.20668626306
2.20668622841
2.20668624285
2.2066865285
2.20668617325
2.20668625077
2.20668639499
2.20668612106
2.20668629703
2.20668605694
2.20668617865
2.2066859709
2.20668597358
2.20668597995
2.20668595312
2.35126696009
2.1037927564
2.1037927564
2.10379274024
2.10379274242
2.10379275289
2.10379281451
2.10379281492
2.10379280355
2.10379279767
2.10379281022
2.10379279284
2.10379286791
2.10379280932
2.10379278203
2.1037928686
2.10379279892
2.10379283711
2.10379278759
2.10379282835
2.10379276393
2.10379277206
2.10379278154
2.10379275973
2.12096183646
2.08524953924
2.08524953924
2.08524954107
2.08524954653
2.08524953926
2.08524954067
2.08524953628
2.08524954038
2.08524953923
2.08524953631
2.08524954716
2.08524953277
2.08524953155
2.08524955556
2.08524951985
2.08524953291
2.08524952523
2.08524953054
2.08524951717
2.08524953851
2.08524953285
2.08524952417
2.08524953791
2.07693250882
2.07693250882
2.07693251999
2.07693252092
2.07693251054
2.07693247878
2.07693247927
2.07693248529
2.07693248993
2.076932483
2.07693248961
2.07693244659
2.07693249281
2.07693247977
2.07693248154
2.07693249803
2.07693248611
2.07693250108
2.07693249337
2.07693250794
2.07693249612
2.07693250506
2.07693250606
2.06848034265
2.06848034265
2.06848034184
2.06848032826
2.0684803423
2.06848031619
2.06848031964
2.06848031751
2.06848031486
2.0684803271
2.06848031348
2.06848031512
2.06848033174
2.06848030544
2.06848032461
2.0684803335
2.06848032086
2.06848033895
2.06848033979
2.06848034216
2.0684803496
2.06848035283
2.06848034421
2.09162288433
2.06136981011
2.06136981011
2.06136980372
2.06136979535
2.0613698086
2.06136978695
2.06136979118
2.06136978662
2.06136978492
2.0613697968
2.06136977964
2.0613697907
2.06136979682
2.06136978183
2.06136978271
2.06136980019
2.06136978853
2.06136980575
2.06136980559
2.06136980934
2.06136982204
2.06136982115
2.06136981266
2.05715796693
2.05715796693
2.05715797154
2.05715798142
2.0571579678
2.05715798562
2.05715797967
2.05715798281
2.05715798876
2.05715797415
2.05715798146
2.05715797478
2.05715797423
2.05715798139
2.05715798071
2.05715797711
2.05715799133
2.05715797436
2.05715798499
2.05715796855
2.05715796868
2.05715796779
2.05715796731
2.05634582249
2.05411737359
2.05411737359
2.05411737582
2.05411738023
2.05411737395
2.05411739672
2.05411739575
2.05411739488
2.05411739398
2.05411738926
2.05411740078
2.05411740328
2.05411738533
2.05411740196
2.05411739865
2.05411738048
2.05411738706
2.05411737523
2.05411737486
2.054117374
2.05411736575
2.05411736463
2.05411737197
2.05176310948
2.05176310948
2.05176310816
2.05176310632
2.05176310905
2.05176309935
2.05176309898
2.05176310256
2.05176310242
2.0517631056
2.05176310453
2.05176310222
2.05176310698
2.05176310595
2.05176310388
2.05176310995
2.05176311369
2.05176310793
2.05176310442
2.05176310917
2.05176310681
2.05176310609
2.05176310893
2.05198171205
2.05087221614
2.05087221614
2.05087221468
2.05087221331
2.05087221577
2.05087220681
2.05087220704
2.05087220751
2.05087220861
2.05087220925
2.0508722058
2.05087220263
2.05087220988
2.05087220425
2.05087220418
2.05087221024
2.05087220215
2.05087221343
2.05087221195
2.05087221555
2.05087221835
2.0508722201
2.05087221664
2.05052040059
2.05052040059
2.05052040102
2.05052039851
2.05052040071
2.05052039892
2.05052040178
2.05052039769
2.05052039493
2.05052040092
2.05052039722
2.05052040332
2.05052040078
2.05052039886
2.05052040013
2.05052040183
2.05052040415
2.05052040147
2.05052040235
2.05052040069
2.05052040126
2.05052039981
2.05052040077
2.05020293041
2.05020293041
2.05020293083
2.05020293255
2.05020293051
2.05020293557
2.05020293448
2.05020293535
2.05020293646
2.05020293334
2.0502029361
2.05020293448
2.05020293325
2.05020293602
2.05020293704
2.05020293191
2.05020293331
2.05020293071
2.05020293
2.0502029304
2.05020293048
2.05020293047
2.05020293048
2.05018824966
2.05010204636
2.05010204636
2.05010204647
2.05010204758
2.0501020464
2.05010205013
2.05010204887
2.05010205004
2.05010205074
2.05010204865
2.05010205092
2.05010205014
2.05010204787
2.05010205066
2.05010204926
2.05010204729
2.05010204793
2.05010204715
2.05010204807
2.05010204647
2.05010204513
2.05010204533
2.05010204614
2.04995800085
2.04995800085
2.04995800044
2.04995799962
2.04995800077
2.04995799675
2.04995799739
2.04995799694
2.0499579967
2.04995799853
2.04995799634
2.04995799722
2.04995799833
2.04995799555
2.04995799477
2.04995799962
2.04995799875
2.04995800047
2.04995800046
2.04995800076
2.04995800083
2.04995800091
2.04995800087
2.04991228282
2.04991228282
2.04991228281
2.04991228115
2.04991228282
2.04991227553
2.04991227658
2.04991227548
2.04991227552
2.04991227742
2.04991227351
2.04991227164
2.04991227955
2.04991227395
2.04991227768
2.04991227984
2.04991227619
2.04991228103
2.04991227918
2.04991228247
2.04991228552
2.04991228619
2.0499122834
2.04969178398
2.04969178398
2.04969178401
2.04969178348
2.049691784
2.04969178351
2.04969178397
2.04969178359
2.04969178296
2.04969178393
2.0496917843
2.04969178404
2.04969178398
2.04969178502
2.04969178396
2.049691784
2.04969178366
2.04969178469
2.04969178627
2.04969178415
2.04969178391
2.04969178365
2.049691784
2.0497540333
2.04965517191
2.04965517191
2.04965517192
2.04965517191
2.04965517194
2.04965517244
2.04965517247
2.04965517232
2.04965517221
2.04965517243
2.04965517233
2.04965517326
2.04965517203
2.04965517224
2.04965517169
2.04965517219
2.04965517293
2.04965517185
2.04965517146
2.04965517193
2.04965517191
2.04965517196
2.04965517193
2.04964404707
2.04964404707
2.04964404703
2.0496440472
2.04964404708
2.04964404749
2.0496440473
2.04964404747
2.04964404768
2.04964404724
2.04964404749
2.04964404691
2.04964404766
2.0496440476
2.04964404891
2.04964404716
2.0496440467
2.0496440475
2.04964404842
2.04964404719
2.04964404649
2.04964404611
2.04964404695
2.0496204733
2.0496204733
2.04962047328
2.04962047337
2.04962047331
2.04962047303
2.04962047297
2.04962047312
2.04962047324
2.04962047301
2.04962047315
2.04962047263
2.04962047306
2.04962047304
2.04962047282
2.04962047308
2.04962047289
2.04962047315
2.04962047299
2.0496204733
2.04962047339
2.04962047353
2.04962047333
2.04960636711
2.04960636711
2.04960636719
2.04960636725
2.04960636714
2.049606367
2.04960636697
2.04960636708
2.04960636712
2.04960636708
2.04960636708
2.04960636709
2.04960636703
2.04960636704
2.04960636685
2.04960636707
2.04960636715
2.049606367
2.0496063668
2.04960636711
2.04960636723
2.04960636732
2.04960636715
2.04959617857
2.04959617857
2.04959617785
2.04959617751
2.04959617843
2.04959617901
2.04959617928
2.0495961785
2.04959617826
2.04959617836
2.0495961784
2.04959617804
2.04959617839
2.04959617838
2.04959617822
2.0495961784
2.04959617823
2.0495961784
2.04959617818
2.04959617853
2.0495961786
2.04959617863
2.04959617858
2.04960663443
2.04959296517
2.04959296517
2.04959296513
2.04959296508
2.04959296517
2.04959296524
2.04959296527
2.04959296518
2.04959296514
2.0495929652
2.04959296516
2.04959296524
2.04959296519
2.04959296517
2.04959296518
2.04959296519
2.04959296523
2.04959296516
2.04959296514
2.04959296517
2.04959296518
2.04959296517
2.04959296518
2.0495922131
     fun: 2.0495922131007838
     jac: array([-0.00314799, -0.00610411, -0.00039226,  0.00429502,  0.00660223,
        0.00065371, -0.00221008,  0.00187579, -0.00114143,  0.00458586,
        0.00094923, -0.00032276,  0.00062793,  0.0013954 ,  0.00368938,
       -0.00071216, -0.00224814, -0.00058934,  0.00033769, -0.00036284,
        0.00014874])
 message: 'Optimization terminated successfully.'
    nfev: 873
     nit: 36
    njev: 36
  status: 0
 success: True
       x: array([ 0.41607291, -0.46114306, -0.22639506, -0.3229319 ,  0.19322042,
        0.20248477,  0.05648006, -0.57824939,  0.53964593,  0.21948436,
       -0.22413724, -0.48763573,  0.18554578, -0.79678752,  0.32245081,
        0.11843814,  0.155857  , -0.79683816, -0.37906811,  0.2593358 ,
       -0.37422387])

========================================================

Final result:
0.41607290841
-0.461143061039
-0.226395055991
0.0904884028732
0.0904884028732
0.0904884028732
-0.322931896329
0.193220423176
0.202484772048
0.0564800639262
-0.578249394801
0.539645929976
0.219484364973
0.219484364973
-0.224137241873
-0.487635731322
0.185545784623
0.185545784623
-0.796787521128
0.322450811058
0.322450811058
0.118438138177
0.155857003338
0.155857003338
-0.796838164091
0.443211564752
0.443211564752
0.443211564752
-0.37906810893
0.259335804094
-0.374223868669
0.164652057835
0.164652057835
0.164652057835
