ASN_neutral_methyl.filelist
9.08109500815
9.08109500815
9.08109350155
9.08109423082
9.08109423784
9.08109426134
9.08109450599
9.08109393668
9.081094124
9.08109461233
9.08109381677
9.08109445213
9.08109490051
9.08109530543
9.08109540228
9.08109506901
51808.4443045
10891.6288573
2287.14055045
477.718005353
97.3878402904
18.389017909
6.35667291167
6.35667291167
6.35667379611
6.35667331472
6.35667314534
6.35667321059
6.35667315958
6.3566728524
6.35667357033
6.35667294392
6.3566727139
6.35667279182
6.35667292618
6.3566732244
6.35667334767
6.35667297609
5217.24594719
1123.37696316
240.030954222
49.5782351012
9.36598348459
4.14562333879
4.14562333879
4.1456247132
4.14562406155
4.14562403263
4.14562411257
4.14562391048
4.14562403262
4.14562461862
4.14562359129
4.14562407623
4.14562349514
4.14562341533
4.14562329808
4.14562324718
4.14562332911
1689.95328993
228.623691282
30.5030909942
5.12583412198
3.84766830101
3.84766830101
3.84767010137
3.84766922387
3.84766909697
3.84766917834
3.84766885683
3.84766910906
3.84766941806
3.8476686001
3.84766914744
3.84766857877
3.84766839053
3.84766823845
3.84766818758
3.84766828659
396.884531983
40.1357944862
5.17943307516
3.72048718832
3.72048718832
3.72048902324
3.72048813411
3.72048803269
3.72048811869
3.72048780951
3.72048804704
3.72048842337
3.72048758818
3.72048808132
3.72048764708
3.72048730678
3.72048714252
3.72048710495
3.72048717778
278.842211846
27.3632932043
4.19521169548
3.62357271816
3.62357271816
3.62357466995
3.62357369785
3.62357355944
3.62357357027
3.62357335591
3.62357361542
3.62357401852
3.62357310987
3.62357368745
3.62357314526
3.62357283474
3.62357264524
3.62357258499
3.62357270237
161.241273046
15.7828900385
3.68440269492
3.5297916328
3.5297916328
3.52979359528
3.52979263294
3.52979251614
3.52979254601
3.52979227929
3.5297926018
3.52979293262
3.52979202595
3.52979266811
3.52979205899
3.52979174904
3.52979158119
3.52979154745
3.52979162256
55.3973254998
6.53880351276
3.39709442447
3.39709442447
3.39709634479
3.39709540373
3.39709529927
3.39709531569
3.39709506128
3.39709541704
3.39709569724
3.39709481776
3.39709540537
3.39709486201
3.3970945399
3.39709429232
3.39709430884
3.39709439725
14.1876922065
3.11276777669
3.11276777669
3.11276760769
3.11276765406
3.11276776393
3.11276775829
3.11276773149
3.11276792297
3.11276761197
3.11276779918
3.11276800739
3.1127678969
3.11276777762
3.11276761439
3.11276754162
3.11276774325
8.78750432998
2.72871853364
2.72871853364
2.72871716569
2.7287178773
2.7287180052
2.72871795104
2.72871809718
2.72871813465
2.72871756347
2.72871833529
2.7287181938
2.72871841946
2.72871847456
2.72871840854
2.72871833143
2.72871850827
3.57042321911
2.13319759068
2.13319759068
2.13319654023
2.13319706903
2.13319710887
2.13319707535
2.13319722161
2.13319709467
2.13319680236
2.13319740384
2.13319709629
2.13319740752
2.13319754719
2.13319760322
2.13319763104
2.1331975932
6.0510200794
1.92394245793
1.92394245793
1.92394264945
1.92394254153
1.92394244863
1.92394245204
1.92394247042
1.9239423228
1.9239425324
1.92394242789
1.92394223504
1.9239423906
1.92394244968
1.92394261642
1.92394268948
1.92394249131
2.00874505831
1.77974268313
1.77974268313
1.77974305075
1.77974286916
1.77974283508
1.77974285103
1.77974281258
1.77974280616
1.77974297838
1.77974273778
1.77974278205
1.77974270513
1.77974270379
1.77974272033
1.77974272707
1.77974269096
2.73455027073
1.74025280182
1.74025280182
1.74025308861
1.74025295422
1.74025294569
1.74025296179
1.7402529175
1.74025295253
1.74025305661
1.7402528549
1.7402529644
1.74025284734
1.74025281717
1.74025278405
1.74025277756
1.74025279784
1.76444036351
1.69896458932
1.69896458932
1.69896461238
1.69896459712
1.69896460008
1.69896460147
1.69896459307
1.69896461321
1.69896458766
1.698964597
1.69896462021
1.69896460856
1.69896459188
1.69896457577
1.69896457164
1.69896458653
1.68729742658
1.68729742658
1.68729732967
1.68729738246
1.6872973916
1.68729738966
1.68729740287
1.6872973963
1.68729738004
1.68729741191
1.68729739918
1.68729740887
1.68729742304
1.68729742164
1.68729741827
1.6872974256
1.68424669227
1.68424669227
1.68424672292
1.68424670591
1.68424669891
1.68424669975
1.684246696
1.68424669393
1.68424669686
1.68424669551
1.68424669055
1.68424669597
1.68424669326
1.68424669801
1.68424670124
1.6842466935
1.6835230203
1.6835230203
1.68352302154
1.68352302057
1.68352302193
1.68352302205
1.68352302341
1.68352302218
1.68352302887
1.68352302065
1.68352302195
1.6835230194
1.68352302015
1.68352302088
1.68352302101
1.68352302048
1.68315860746
1.68315860746
1.68315860283
1.68315860597
1.68315860702
1.68315860705
1.6831586064
1.68315860916
1.68315860396
1.6831586072
1.68315861052
1.68315860827
1.68315860726
1.68315860466
1.68315860299
1.68315860691
1.68299953537
1.68299953537
1.68299953066
1.68299953317
1.68299953393
1.68299953372
1.68299953463
1.68299953429
1.68299953396
1.68299953497
1.68299953476
1.68299953497
1.68299953533
1.68299953482
1.68299953477
1.68299953528
1.68296030934
1.68296030934
1.68296030967
1.68296030942
1.68296030923
1.68296030928
1.68296030912
1.68296030889
1.68296030885
1.68296030901
1.68296030867
1.68296030881
1.68296030928
1.68296030964
1.68296030978
1.68296030943
1.68294492987
1.68294492987
1.68294493206
1.68294493089
1.68294493064
1.68294493057
1.68294493054
1.68294493047
1.68294493121
1.68294493043
1.68294493032
1.68294493068
1.68294493004
1.68294493019
1.68294493028
1.68294492996
1.68293943651
1.68293943651
1.6829394367
1.68293943657
1.68293943649
1.68293943656
1.68293943637
1.68293943646
1.68293943622
1.68293943629
1.68293943642
1.6829394361
1.68293943644
1.68293943649
1.68293943652
1.68293943651
1.68293777305
1.68293777305
1.68293777287
1.68293777297
1.682937773
1.68293777302
1.68293777301
1.68293777298
1.68293777298
1.68293777305
1.68293777298
1.68293777306
1.68293777305
1.68293777305
1.68293777305
1.68293777306
1.6829368879
     fun: 1.682936887895278
     jac: array([ -1.25631392e-02,  -5.69918752e-03,  -3.91049683e-03,
        -2.07440555e-03,  -2.72323191e-03,  -4.83965874e-03,
        -4.95362282e-03,  -4.69535589e-04,  -4.69055772e-03,
         3.12641263e-04,  -3.80292535e-04,  -6.34342432e-05,
        -3.88413668e-04,   6.24045730e-04])
 message: 'Optimization terminated successfully.'
    nfev: 418
     nit: 24
    njev: 24
  status: 0
 success: True
       x: array([ 0.30092318, -0.82381038,  0.41071167, -0.03284236, -0.30608745,
        0.42065404,  0.07047715,  0.7674706 , -0.47386413, -0.52747879,
       -1.05334035, -0.36843428,  0.27197016, -0.36348539])

========================================================

Final result:
0.300923179726
-0.823810381059
0.300923179726
0.410711670766
-0.0328423614198
-0.306087445421
0.420654044049
0.0704771530614
0.0704771530614
0.767470600897
-0.473864133796
-0.527478786681
-1.0533403518
0.437893239444
0.437893239444
-0.368434281881
0.271970164464
-0.363485394756
0.153316504058
0.153316504058
0.153316504058
