ASN_methyl_methyl.filelist
7.44561980303
7.44561980303
7.44561961978
7.44561950413
7.44561976733
7.44561936927
7.44561946343
7.44561925612
7.44561922489
7.44561945894
7.4456189697
7.44561923561
7.44561949313
7.44561886825
7.44561933042
7.44561971975
7.44562009256
7.44562017827
7.44561986249
25275.0543449
4955.77561487
969.782495753
187.929370755
34.9584535246
7.32641942246
5.68572213589
5.68572213589
5.68572189808
5.68572180177
5.6857220899
5.68572242282
5.68572251288
5.68572225021
5.68572224527
5.68572230362
5.68572201468
5.68572263575
5.68572212149
5.68572193044
5.68572196971
5.685722137
5.68572238381
5.6857224636
5.68572218699
5157.42373205
1168.69914342
263.026714286
57.4664656532
11.2330178809
3.23032756958
3.23032756958
3.23032764861
3.2303277484
3.2303275847
3.2303280137
3.23032793883
3.2303280648
3.23032815571
3.23032796404
3.23032811475
3.23032844281
3.23032773494
3.23032820201
3.23032765784
3.23032762102
3.23032746967
3.2303273808
3.23032754744
951.876156325
120.152522142
14.9958215332
3.33398586345
3.03831459139
3.03831459139
3.03831459843
3.03831467217
3.03831459247
3.03831516404
3.03831510948
3.03831516795
3.03831525719
3.0383149922
3.03831524559
3.03831537903
3.03831482388
3.03831533845
3.03831483148
3.03831466159
3.03831445502
3.03831436024
3.03831456163
351.660355231
34.6631092701
4.13601833569
2.95796737978
2.95796737978
2.95796744076
2.95796753456
2.95796739117
2.95796793885
2.9579678708
2.9579679813
2.95796809122
2.9579678283
2.95796804657
2.95796826287
2.95796768386
2.95796812498
2.95796774714
2.95796747067
2.95796727423
2.95796719862
2.95796735671
271.451190338
26.6600742522
3.6351724452
2.87187054132
2.87187054132
2.87187058487
2.87187063519
2.87187054924
2.87187109976
2.87187107049
2.87187113905
2.87187118079
2.87187101474
2.8718712642
2.87187150946
2.87187085096
2.87187138749
2.87187090216
2.87187063419
2.87187038478
2.87187027759
2.87187050803
242.010859447
25.2190107104
3.58323867114
2.76850879079
2.76850879079
2.76850887146
2.76850895586
2.7685088063
2.76850940391
2.76850936451
2.76850944057
2.76850949368
2.76850927049
2.76850958765
2.76850974563
2.76850909787
2.76850969727
2.76850914461
2.76850888203
2.76850865557
2.76850857701
2.7685087629
47.1732399286
4.93965810443
2.70016083501
2.70016083501
2.70016091659
2.70016100856
2.70016085083
2.70016145338
2.70016139979
2.70016149057
2.70016153679
2.70016131627
2.70016165212
2.70016178814
2.70016114699
2.70016169825
2.70016120044
2.70016092737
2.70016064345
2.70016060158
2.70016079507
22.6073416367
3.27585909164
2.60807173362
2.60807173362
2.60807179097
2.60807188076
2.60807174389
2.60807228471
2.60807220813
2.60807234741
2.60807240141
2.60807217824
2.60807252341
2.60807260649
2.60807202438
2.60807256815
2.60807207801
2.60807181951
2.60807155726
2.60807152928
2.60807169745
25.867023264
4.64180048739
2.05917660601
2.05917660601
2.05917666391
2.05917674503
2.05917661801
2.05917669342
2.05917660954
2.05917672362
2.0591767158
2.05917666315
2.05917683222
2.05917666783
2.05917668184
2.05917686448
2.05917676138
2.05917662545
2.05917649982
2.05917645787
2.05917658445
24.599181566
3.27619052721
1.95671207788
1.95671207788
1.9567121585
1.95671217051
1.95671209381
1.9567119977
1.95671196199
1.95671205087
1.95671204762
1.95671202386
1.95671214244
1.95671190905
1.95671208752
1.95671215552
1.95671216607
1.95671207755
1.95671199083
1.95671196927
1.95671206041
4.06918489229
1.8262830766
1.8262830766
1.8262830815
1.82628306915
1.82628307729
1.82628282942
1.82628284033
1.82628284224
1.82628281707
1.82628288515
1.82628284952
1.82628264511
1.82628299603
1.82628283336
1.82628302633
1.8262830588
1.82628307821
1.82628310123
1.8262830773
2.03190733855
1.73142273192
1.73142273192
1.73142268057
1.73142264967
1.73142272185
1.73142266605
1.73142269892
1.73142263338
1.73142261349
1.7314226636
1.73142259553
1.73142259927
1.73142268827
1.7314225633
1.73142268918
1.73142272109
1.73142278708
1.73142281822
1.7314227438
1.98631299559
1.69501986277
1.69501986277
1.69501983249
1.69501980985
1.69501985708
1.69501986744
1.69501988108
1.69501984094
1.69501983413
1.69501985574
1.69501980911
1.69501986305
1.69501984849
1.69501979467
1.69501983149
1.69501986268
1.69501990035
1.69501991699
1.69501987072
1.84066965266
1.66979773129
1.66979773129
1.66979774015
1.6697977453
1.66979773299
1.66979772829
1.66979772535
1.66979773365
1.66979774273
1.66979773753
1.6697977283
1.66979775494
1.66979772312
1.66979773577
1.6697977102
1.66979773071
1.6697977311
1.66979772443
1.66979773112
1.65962645059
1.65962645059
1.65962645533
1.65962646081
1.6596264516
1.65962648533
1.65962648168
1.65962648886
1.65962649157
1.65962647696
1.65962650409
1.65962649672
1.65962647225
1.65962650391
1.65962647893
1.65962645801
1.65962644041
1.65962642937
1.65962644871
1.76801768565
1.65029659368
1.65029659368
1.65029659263
1.65029659549
1.6502965936
1.65029664302
1.65029663976
1.65029664101
1.65029664044
1.65029662508
1.65029665771
1.65029664545
1.65029662283
1.65029665826
1.65029663939
1.65029660147
1.65029658028
1.65029657754
1.65029659111
1.64438525656
1.64438525656
1.64438525953
1.64438526034
1.64438525722
1.6443852348
1.64438523337
1.64438523645
1.64438523622
1.64438524333
1.64438523365
1.64438523275
1.64438524485
1.6443852331
1.64438523985
1.64438525294
1.64438525966
1.64438526017
1.64438525727
1.64278016752
1.64278016752
1.6427801661
1.64278016487
1.64278016729
1.64278016583
1.64278016713
1.64278016468
1.64278016541
1.64278016589
1.64278016306
1.64278016348
1.64278016636
1.64278016312
1.64278016588
1.64278016717
1.64278016875
1.64278016931
1.64278016783
1.64076226757
1.64076226757
1.64076226598
1.6407622654
1.6407622673
1.64076228005
1.6407622811
1.64076227875
1.64076227928
1.64076227608
1.6407622804
1.64076228314
1.64076227412
1.64076228057
1.64076227616
1.64076226949
1.6407622662
1.64076226648
1.64076226736
1.63939104977
1.63939104977
1.63939104756
1.63939104697
1.63939104937
1.63939105832
1.63939105891
1.63939105681
1.63939105728
1.63939105392
1.63939105754
1.63939105562
1.63939105409
1.63939105786
1.63939105664
1.63939105104
1.63939104862
1.63939104818
1.63939104957
1.63925484675
1.63925484675
1.63925484738
1.6392548475
1.63925484689
1.63925484865
1.63925484879
1.6392548491
1.63925484891
1.63925484904
1.63925484971
1.63925485194
1.63925484807
1.63925484969
1.63925484804
1.63925484717
1.63925484645
1.6392548467
1.63925484674
1.63922211562
1.63922211562
1.63922211558
1.63922211565
1.63922211564
1.63922211508
1.63922211498
1.63922211509
1.63922211507
1.63922211513
1.639222115
1.6392221146
1.63922211519
1.63922211496
1.63922211505
1.6392221155
1.63922211565
1.63922211566
1.63922211566
1.63920870909
1.63920870909
1.63920870909
1.63920870909
1.6392087091
1.63920870809
1.63920870804
1.63920870811
1.6392087081
1.63920870833
1.63920870787
1.63920870755
1.63920870858
1.63920870789
1.63920870852
1.63920870894
1.63920870924
1.63920870919
1.63920870914
1.63919163364
1.63919163364
1.63919163352
1.63919163349
1.63919163362
1.63919163322
1.63919163321
1.63919163314
1.63919163315
1.63919163313
1.63919163307
1.63919163257
1.63919163323
1.63919163303
1.63919163308
1.63919163351
1.63919163365
1.63919163367
1.63919163365
1.63918982971
1.63918982971
1.63918982977
1.63918982977
1.63918982973
1.63918982952
1.63918982951
1.63918982956
1.63918982958
1.63918982966
1.63918982949
1.63918982964
1.63918982973
1.63918982951
1.63918982979
1.63918982972
1.63918982979
1.63918982977
1.63918982973
     fun: 1.6391898297147165
     jac: array([ 0.00352266,  0.00365038,  0.00074546, -0.01303522, -0.0135386 ,
       -0.01058698, -0.00923684, -0.00392769, -0.01514788, -0.00519638,
        0.00117315, -0.01396978,  0.00472315,  0.00019722,  0.00491463,
        0.00364122,  0.00126757])
 message: 'Optimization terminated successfully.'
    nfev: 531
     nit: 26
    njev: 26
  status: 0
 success: True
       x: array([ 0.51166819, -0.46595744, -0.52631275, -0.42330465,  0.21272871,
        0.387578  , -0.02608373, -0.50405993,  0.4305567 ,  0.13444276,
        0.82273193, -0.46409665, -0.52676796, -1.06033524, -0.36554533,
        0.279664  , -0.42424368])

========================================================

Final result:
0.511668185447
-0.465957444521
-0.526312749991
0.160200669688
0.160200669688
0.160200669688
-0.423304649128
0.212728714227
0.387578003372
-0.0260837332958
-0.504059926946
0.430556703613
0.134442759697
0.134442759697
0.822731934521
-0.464096651553
-0.526767962929
-1.06033523687
0.441083642798
0.441083642798
-0.365545326545
0.279663998301
-0.424243679162
0.170041669135
0.170041669135
0.170041669135
