ASP_neutral_methyl.filelist
5.50904624131
5.50904624131
5.50904698082
5.50904666131
5.50904658863
5.50904672993
5.50904648166
5.50904643266
5.50904678557
5.50904629203
5.50904624021
5.50904633168
5.5090464423
5.50904625855
16246.1556595
2411.88621743
357.109396761
52.1209785187
8.27866524934
4.99908477757
4.99908477757
4.99908449153
4.99908471173
4.99908475108
4.99908490874
4.99908476454
4.99908457499
4.99908477248
4.99908476238
4.9990843562
4.99908486103
4.99908498996
4.99908479332
2537.86478015
423.658105602
69.8087949815
11.3093125784
4.38943747207
4.38943747207
4.38943709942
4.38943736292
4.38943745611
4.38943753113
4.3894374054
4.38943753128
4.38943728948
4.38943743977
4.38943747103
4.38943725067
4.38943722948
4.38943742369
912.300661545
136.154803387
19.9146505407
4.48316090659
3.96408524503
3.96408524503
3.96408501319
3.96408514656
3.96408511234
3.96408508404
3.96408508555
3.96408516528
3.96408484818
3.96408518808
3.96408511843
3.96408506224
3.96408503836
3.96408520496
1028.79212233
133.946761187
17.2290691251
4.02974442674
3.70680474893
3.70680474893
3.70680431642
3.70680454644
3.70680456795
3.70680447922
3.70680464459
3.706804657
3.70680456768
3.706804706
3.70680467977
3.70680456743
3.7068045069
3.70680470988
522.940045272
62.105613169
7.70556242613
3.53954131082
3.53954131082
3.53954080258
3.53954108564
3.53954113581
3.53954109729
3.53954114527
3.53954125436
3.53954092842
3.53954125171
3.53954131241
3.53954120287
3.5395411517
3.53954128871
15.3232142016
3.60207779477
3.3678740222
3.3678740222
3.36787351943
3.36787378053
3.36787383601
3.36787381676
3.3678738558
3.36787392355
3.36787364072
3.3678739652
3.36787403106
3.36787393288
3.36787383947
3.36787400304
24.6112169811
4.06446078904
3.17262575714
3.17262575714
3.17262529844
3.17262550584
3.17262557604
3.1726255451
3.17262560241
3.172625683
3.17262540294
3.17262570805
3.17262575606
3.1726256575
3.17262561559
3.17262573652
6.69616873384
2.82946863911
2.82946863911
2.82946850518
2.82946856483
2.82946856532
2.82946853378
2.82946859047
2.82946859862
2.82946852961
2.8294686386
2.82946864853
2.82946862815
2.82946860593
2.82946863673
2.90445873965
2.69391393707
2.69391393707
2.69391403312
2.69391397443
2.69391395725
2.69391395201
2.69391396094
2.69391395164
2.69391400204
2.69391394952
2.69391394833
2.69391397304
2.69391396671
2.69391394465
3.3062541804
2.62917346265
2.62917346265
2.62917363536
2.62917354633
2.62917352111
2.62917353495
2.6291735142
2.62917349136
2.62917359211
2.62917347777
2.62917347523
2.6291735006
2.62917352002
2.62917347017
2.54904677644
2.54904677644
2.54904668434
2.54904674005
2.54904675577
2.5490467696
2.54904675441
2.54904676309
2.54904672695
2.54904676916
2.54904674966
2.54904675134
2.54904675254
2.5490467707
2.49459226245
2.49459226245
2.49459225088
2.4945922557
2.49459225549
2.49459225011
2.49459225257
2.49459226655
2.4945922398
2.49459225863
2.49459227132
2.49459224977
2.49459224362
2.49459225962
2.48690826452
2.48690826452
2.48690822544
2.48690824738
2.48690825476
2.48690826
2.48690825961
2.48690824816
2.48690825593
2.48690826408
2.48690824379
2.48690827019
2.48690827413
2.48690826554
2.48482293548
2.48482293548
2.48482295497
2.48482294475
2.48482294292
2.48482294191
2.48482293967
2.48482294394
2.48482294446
2.48482293681
2.48482294493
2.48482293382
2.48482293291
2.48482293497
2.48385813191
2.48385813191
2.48385813732
2.48385813363
2.48385813164
2.48385812949
2.48385813138
2.48385813162
2.48385813143
2.48385813167
2.48385813249
2.48385813278
2.48385813244
2.48385813198
2.48276890446
2.48276890446
2.48276890404
2.48276890393
2.48276890394
2.48276890304
2.48276890387
2.48276890517
2.48276890344
2.48276890413
2.48276890641
2.48276890387
2.48276890302
2.48276890425
2.48251883489
2.48251883489
2.48251883508
2.48251883476
2.48251883397
2.48251883362
2.48251883414
2.48251883354
2.48251883307
2.48251883466
2.48251883312
2.48251883522
2.48251883547
2.48251883489
2.48248968156
2.48248968156
2.48248968103
2.48248968142
2.48248968177
2.48248968193
2.48248968185
2.48248968193
2.48248968226
2.48248968162
2.48248968206
2.48248968151
2.48248968142
2.48248968149
2.48246179134
2.48246179134
2.48246179107
2.48246179136
2.48246179181
2.48246179212
2.48246179175
2.48246179199
2.48246179221
2.48246179146
2.48246179214
2.48246179119
2.48246179108
2.48246179127
2.48242235976
2.48242235976
2.48242235979
2.48242235987
2.4824223601
2.48242236022
2.48242236008
2.48242236018
2.48242236052
2.48242235986
2.48242236022
2.48242235966
2.48242235962
2.48242235973
2.48242048337
2.48242048337
2.48242048346
2.48242048343
2.48242048346
2.48242048352
2.4824204834
2.48242048346
2.4824204834
2.48242048339
2.48242048347
2.48242048337
2.48242048336
2.48242048337
     fun: 2.482420483374516
     jac: array([ 0.0056777 ,  0.0034909 ,  0.00573668,  0.00995475,  0.00195119,
        0.00575638,  0.00175959,  0.00082606,  0.00631264, -0.00047287,
       -0.00084814, -0.00012219])
 message: 'Optimization terminated successfully.'
    nfev: 335
     nit: 22
    njev: 22
  status: 0
 success: True
       x: array([ 0.28142476, -0.97290809,  0.75218919, -0.22796064,  0.6938448 ,
        0.15697839, -0.30519862,  0.60757126, -0.43644678, -0.35530199,
        0.25998416, -0.0735114 ])

========================================================

Final result:
0.28142475713
-0.972908085434
0.28142475713
0.75218919216
-0.227960640107
0.693844801087
0.156978385406
-0.305198617263
-0.305198617263
0.607571256024
-0.436446783977
-0.762860202446
-0.762860202446
-0.355301988801
0.259984162905
-0.0735113984073
0.056276408101
0.056276408101
0.056276408101
