ARG_charged_methyl.filelist
14.2768817236
14.2768817236
14.276878651
14.2768806937
14.2768806668
14.2768806754
14.2768808516
14.2768804376
14.2768799816
14.276881021
14.2768804272
14.2768802964
14.2768812235
14.2768807352
14.2768813981
14.2768813615
14.2768815974
14.2768816582
14.2768819706
14.2768819889
14.276881774
146474.792791
31087.4261876
6593.77272903
1394.45310027
290.918312554
57.3980352529
12.1536167384
12.1536167384
12.1536198996
12.1536177284
12.1536174787
12.1536175041
12.1536173875
12.1536172916
12.1536180191
12.1536173097
12.1536173078
12.1536179164
12.1536171742
12.153617621
12.1536170267
12.1536170272
12.1536168692
12.1536168225
12.1536170053
12.1536170175
12.1536167933
3756.21046005
644.590460105
108.460553404
18.7103629313
10.3521499762
10.3521499762
10.3521532958
10.3521510588
10.3521509649
10.3521509795
10.3521508781
10.3521509444
10.3521518179
10.3521507363
10.3521510776
10.3521515051
10.3521505722
10.3521511993
10.352150371
10.3521503782
10.3521501524
10.3521500873
10.3521500558
10.3521499692
10.3521499928
2008.03497094
199.146261258
20.6348499306
10.1596405806
10.1596405806
10.1596441749
10.1596417455
10.1596416152
10.1596416248
10.1596414593
10.159641641
10.1596423521
10.1596412832
10.1596417976
10.1596419987
10.1596410788
10.1596415567
10.1596409063
10.1596409073
10.1596407261
10.1596406733
10.159640608
10.1596404969
10.1596405864
330.103927277
37.7917817629
10.1165824814
9.69321168747
9.69321168747
9.69321540352
9.69321289632
9.69321277815
9.69321282399
9.69321257625
9.69321281337
9.69321339198
9.69321247063
9.69321294546
9.69321334415
9.6932122327
9.69321273372
9.69321205801
9.69321207773
9.69321185182
9.69321179108
9.69321167915
9.69321157912
9.6932116854
416.61522017
63.566007136
11.6420965766
8.63089459705
8.63089459705
8.63089864161
8.63089592299
8.63089583286
8.63089589443
8.63089560449
8.63089589774
8.63089658185
8.63089541834
8.63089593733
8.63089625308
8.63089520377
8.63089581401
8.63089499292
8.6308950008
8.63089476922
8.63089470312
8.63089452224
8.63089448398
8.63089458107
230.280706862
24.2279680836
8.45343049561
8.45343049561
8.4534344543
8.4534317894
8.45343168704
8.45343167327
8.45343151915
8.45343177599
8.45343255287
8.45343133678
8.45343178958
8.45343223686
8.45343106317
8.45343155611
8.45343089426
8.45343094351
8.4534306649
8.45343059681
8.45343038418
8.45343037044
8.45343047226
153.804157915
17.5866551902
8.15956189304
8.15956189304
8.15956574449
8.15956314433
8.15956301793
8.15956293745
8.1595628603
8.15956316488
8.15956382821
8.15956270199
8.15956319975
8.15956355828
8.15956246961
8.15956303873
8.15956225387
8.15956225583
8.1595620432
8.15956198049
8.15956174338
8.1595617214
8.1595618624
229.116137376
25.0713931059
8.00820234079
8.00820234079
8.00820573062
8.00820345777
8.00820341098
8.00820338295
8.00820323211
8.00820357427
8.00820410926
8.00820307677
8.00820358079
8.00820386266
8.00820284025
8.00820330178
8.00820266252
8.00820268654
8.00820246865
8.00820241041
8.00820226998
8.00820231562
8.00820232824
104.005489862
13.6890278795
7.5983175632
7.5983175632
7.59832055315
7.59831854599
7.59831849574
7.59831843856
7.59831833637
7.59831867842
7.59831910216
7.59831819242
7.59831870529
7.59831883378
7.59831801952
7.5983184204
7.59831792934
7.59831804445
7.59831770676
7.59831763842
7.59831746679
7.59831748944
7.59831754537
180.631340194
35.7998581969
7.19938934173
5.1795592371
5.1795592371
5.17955969227
5.17955941158
5.17955949855
5.17955947174
5.17955943903
5.1795596719
5.17955963748
5.17955938885
5.17955967804
5.17955953068
5.17955934009
5.17955942621
5.17955932152
5.17955942126
5.17955923008
5.17955919888
5.1795590741
5.17955908008
5.17955920455
39.6260405616
7.24427750309
4.13964042927
4.13964042927
4.13963867435
4.13963989096
4.13964006758
4.13964003921
4.13964009975
4.13964023536
4.13963976909
4.13964013728
4.13964020361
4.13963980581
4.13964022344
4.13964000692
4.1396403216
4.13964036673
4.13964037119
4.13964038539
4.13964023905
4.13964026123
4.13964039086
5.32045626181
2.90236344072
2.90236344072
2.90236143967
2.90236278881
2.90236283613
2.90236284353
2.90236292359
2.90236277528
2.90236239787
2.90236301379
2.90236273291
2.9023625535
2.90236314377
2.90236286852
2.90236323727
2.90236321808
2.9023633515
2.90236338672
2.90236346373
2.90236348444
2.90236344474
3.15999414129
2.54923746612
2.54923746612
2.54923719155
2.54923737853
2.54923738336
2.54923738558
2.54923740499
2.54923735743
2.54923734549
2.54923741734
2.54923737199
2.54923736144
2.54923743113
2.54923739751
2.54923743729
2.54923741048
2.54923746227
2.5492374722
2.5492374828
2.54923746122
2.54923746916
2.59688236479
2.46009297567
2.46009297567
2.46009331729
2.4600930833
2.46009305063
2.46009305098
2.46009303747
2.46009302577
2.46009308837
2.46009303123
2.46009302019
2.46009308892
2.46009301359
2.46009304635
2.46009300054
2.46009299676
2.46009298773
2.46009298567
2.46009299923
2.46009301661
2.4600929802
2.55593825478
2.40117062971
2.40117062971
2.40117109003
2.40117077811
2.40117075171
2.40117074704
2.40117072968
2.40117074975
2.40117082273
2.40117071452
2.40117073961
2.40117080074
2.40117068971
2.40117074636
2.40117067028
2.40117068253
2.4011706415
2.40117063382
2.40117064511
2.40117065062
2.40117063297
2.43655111874
2.35138826823
2.35138826823
2.35138837728
2.35138831075
2.35138832996
2.35138832527
2.35138832527
2.35138835942
2.35138838863
2.35138831144
2.35138838391
2.35138835102
2.35138829845
2.35138832804
2.35138828803
2.35138830033
2.35138827047
2.35138826602
2.35138823834
2.35138822159
2.35138826201
2.34369546995
2.31512118738
2.31512118738
2.31512116786
2.31512118376
2.31512119175
2.31512119217
2.31512118721
2.31512120466
2.31512118414
2.31512118761
2.31512120014
2.31512119036
2.31512118453
2.31512117832
2.31512118732
2.31512118884
2.31512118781
2.31512118906
2.31512117232
2.31512117527
2.31512118417
2.31241071483
2.31241071483
2.31241067463
2.31241069986
2.31241069176
2.31241068744
2.31241070316
2.31241068009
2.31241070114
2.31241070186
2.31241068489
2.31241067993
2.31241071311
2.31241072032
2.31241071354
2.31241071322
2.31241071382
2.31241071424
2.31241073388
2.31241073261
2.31241071869
2.30822492248
2.30822492248
2.30822495463
2.30822493221
2.30822492605
2.30822493322
2.30822491986
2.30822491882
2.30822490848
2.30822492551
2.30822491806
2.30822493809
2.30822491829
2.30822490934
2.3082249179
2.30822491633
2.30822491944
2.30822492015
2.30822492404
2.30822492179
2.30822492253
2.30629330393
2.30629330393
2.3062933041
2.30629330654
2.30629331478
2.30629331323
2.30629331581
2.30629332435
2.30629333281
2.30629331055
2.30629332014
2.30629331317
2.30629331031
2.30629331828
2.30629330828
2.3062933065
2.30629330638
2.3062933061
2.30629329417
2.30629329774
2.3062933019
2.30369802079
2.30369802079
2.30369800723
2.30369801622
2.30369801483
2.30369801295
2.30369801246
2.30369801965
2.30369800039
2.30369801549
2.30369802312
2.30369801208
2.30369801574
2.30369800731
2.30369802077
2.30369802336
2.30369802111
2.30369802141
2.3036980191
2.30369801728
2.30369802043
2.30375805296
2.3023255087
2.3023255087
2.30232550566
2.30232550735
2.30232550495
2.30232550579
2.30232550577
2.30232550183
2.30232550257
2.30232550706
2.30232550236
2.30232550566
2.30232550784
2.30232550743
2.30232550836
2.30232550876
2.30232550827
2.30232550834
2.30232551202
2.30232551146
2.3023255093
2.30137656731
2.30137656731
2.30137656908
2.30137656769
2.30137656621
2.30137656627
2.30137656622
2.30137656552
2.30137656552
2.30137656574
2.30137656559
2.30137656398
2.30137656522
2.30137656336
2.30137656453
2.30137656297
2.30137656595
2.30137656642
2.30137656824
2.30137656816
2.30137656746
2.30185080336
2.30095311417
2.30095311417
2.30095311495
2.30095311482
2.30095311602
2.30095311716
2.30095311667
2.30095311545
2.30095311885
2.30095311769
2.30095311455
2.30095312161
2.30095311779
2.30095312183
2.30095311733
2.30095311825
2.30095311561
2.30095311503
2.30095311407
2.30095311449
2.30095311412
2.30077251859
2.30077251859
2.3007725225
2.30077251973
2.30077251918
2.30077251889
2.30077251853
2.30077251999
2.30077251938
2.30077251667
2.30077252017
2.30077251316
2.3007725166
2.30077251374
2.30077251761
2.30077251806
2.30077251825
2.30077251836
2.30077251757
2.3007725172
2.30077251838
2.30079229994
2.30069673171
2.30069673171
2.30069673063
2.30069673126
2.30069673106
2.30069673063
2.30069673105
2.30069673162
2.30069673047
2.30069673088
2.3006967318
2.30069672984
2.30069673069
2.30069672965
2.30069673041
2.30069672982
2.3006967312
2.30069673135
2.30069673159
2.30069673162
2.3006967317
2.30060417287
2.30060417287
2.30060417239
2.30060417274
2.30060417286
2.30060417297
2.30060417293
2.30060417291
2.30060417278
2.30060417328
2.30060417291
2.30060417384
2.3006041732
2.30060417368
2.30060417287
2.30060417271
2.30060417292
2.30060417286
2.30060417302
2.3006041731
2.3006041729
2.30052737274
2.30052737274
2.30052737212
2.30052737254
2.3005273725
2.30052737235
2.30052737291
2.30052737234
2.30052737301
2.30052737339
2.30052737229
2.3005273744
2.30052737332
2.30052737383
2.30052737332
2.30052737358
2.30052737301
2.30052737288
2.30052737271
2.30052737269
2.30052737274
2.30053831624
2.30051358121
2.30051358121
2.30051358137
2.30051358135
2.3005135816
2.30051358205
2.30051358144
2.30051358142
2.30051358143
2.30051358166
2.30051358134
2.30051358217
2.30051358177
2.30051358258
2.30051358158
2.30051358158
2.30051358138
2.3005135813
2.30051358146
2.30051358155
2.30051358126
2.3005048924
2.3005048924
2.30050489226
2.30050489236
2.30050489234
2.3005048923
2.30050489239
2.3005048923
2.30050489244
2.3005048924
2.30050489229
2.30050489245
2.30050489236
2.30050489223
2.30050489244
2.30050489251
2.30050489242
2.3005048924
2.30050489241
2.30050489242
2.30050489241
2.30050385476
2.30050385476
2.30050385516
2.30050385488
2.3005038548
2.30050385472
2.30050385478
2.30050385485
2.30050385481
2.30050385477
2.30050385489
2.30050385472
2.30050385483
2.300503855
2.30050385476
2.30050385471
2.30050385477
2.30050385476
2.30050385463
2.30050385457
2.30050385474
2.30050267681
2.30050267681
2.30050267657
2.30050267674
2.3005026768
2.30050267687
2.30050267674
2.30050267681
2.30050267666
2.30050267671
2.30050267679
2.30050267657
2.3005026767
2.30050267658
2.30050267669
2.30050267665
2.30050267676
2.30050267678
2.30050267688
2.30050267693
2.30050267683
2.30050183674
     fun: 2.300501836741542
     jac: array([-0.01636779, -0.00452089, -0.00081274,  0.00406823, -0.00470731,
       -0.00023565, -0.00983343, -0.006942  , -0.00120005, -0.01612848,
       -0.00753736, -0.01561397, -0.00794581, -0.01084381, -0.00326827,
       -0.00220504,  0.00466853,  0.00779644,  0.00136089])
 message: 'Optimization terminated successfully.'
    nfev: 736
     nit: 33
    njev: 33
  status: 0
 success: True
       x: array([ 0.57848839, -1.19191809, -0.37932481,  0.38093749, -0.75714901,
        0.914445  ,  0.41404415, -0.97802485, -0.51826234,  0.45629123,
       -0.4046536 ,  0.32661539, -0.55830455,  0.46755926,  0.66342724,
       -0.72666838, -0.60191013,  0.33783678, -0.2452941 ])

========================================================

Final result:
0.578488386406
0.578488386406
-1.19191808959
0.578488386406
-0.379324808321
0.380937487191
-0.757149011969
0.914445000228
0.414044151405
0.414044151405
-0.978024852301
-0.518262344837
0.456291228422
0.456291228422
-0.404653603094
0.326615389795
0.326615389795
-0.558304546892
0.4675592553
0.663427236703
-0.726668384796
-0.726668384796
0.421309587177
0.421309587177
0.421309587177
0.421309587177
-0.601910130666
0.33783677522
-0.245294104565
0.169789153337
0.169789153337
0.169789153337
