CYS_methyl_methyl.filelist
7.97872862448
7.97872862448
7.97872844813
7.97872833974
7.97872858959
7.9787281317
7.9787282137
7.97872803429
7.97872801288
7.97872824626
7.97872773747
7.97872787077
7.9787284784
7.97872761603
7.97872892229
7.97872902129
7.97872868543
23691.0045174
5137.02877813
1111.50343861
238.161167824
48.9225339131
9.28894781353
5.12404835284
5.12404835284
5.12404805363
5.12404796335
5.12404829451
5.12404870603
5.12404879419
5.12404848587
5.12404850041
5.12404846204
5.12404823768
5.12404855369
5.12404845627
5.12404816862
5.1240486212
5.1240487016
5.1240484082
5011.5856603
1107.30674696
243.095687404
51.8855273759
10.0251061105
3.17109351938
3.17109351938
3.17109352997
3.17109361121
3.17109352092
3.17109403751
3.17109399193
3.17109402579
3.17109411769
3.1710938722
3.17109403843
3.17109418019
3.1710937628
3.17109412822
3.17109347215
3.17109340552
3.17109350827
450.024127343
44.5254567697
4.95124490003
3.1062645257
3.1062645257
3.10626447396
3.10626449819
3.10626451506
3.1062650716
3.10626506926
3.10626502995
3.10626505902
3.10626487782
3.10626509795
3.10626518922
3.10626476388
3.10626523544
3.10626440936
3.10626429761
3.10626450024
176.187601228
26.293307872
4.35417040755
2.79473448159
2.79473448159
2.79473449032
2.7947345338
2.79473448271
2.79473510458
2.7947351042
2.79473509347
2.79473510585
2.79473493157
2.794735226
2.79473541952
2.79473467779
2.79473537351
2.79473436942
2.79473427622
2.79473445858
358.190875647
35.3852773308
4.04863584078
2.73126544704
2.73126544704
2.73126545338
2.73126552294
2.73126544787
2.7312661332
2.73126611386
2.73126610821
2.73126614182
2.73126588385
2.73126625972
2.73126628662
2.73126567677
2.73126639405
2.73126532094
2.73126524044
2.73126542134
66.2638006393
6.67295149002
2.68953080829
2.68953080829
2.68953081342
2.68953089167
2.68953080896
2.68953150071
2.68953146188
2.68953147982
2.68953151866
2.68953125522
2.68953163283
2.68953168531
2.68953101913
2.68953170294
2.68953062136
2.68953056836
2.68953076916
10.4852732425
2.61850401534
2.3910468518
2.3910468518
2.39104687213
2.3910469129
2.39104685377
2.39104732239
2.39104726698
2.39104738057
2.39104743111
2.39104720197
2.39104755956
2.39104753013
2.39104702499
2.39104760544
2.39104666884
2.39104664835
2.3910468141
83.3963468108
14.7330966202
2.8229321111
1.94963681279
1.94963681279
1.94963695284
1.94963695427
1.94963683921
1.94963691876
1.94963689906
1.94963700989
1.94963701313
1.94963694084
1.94963717322
1.94963706112
1.94963686989
1.94963719735
1.94963663492
1.94963660807
1.94963677609
37.1783563325
4.63107665285
1.86383862813
1.86383862813
1.86383875058
1.86383878534
1.86383865141
1.86383856501
1.86383850088
1.86383866108
1.86383867371
1.86383863508
1.86383878502
1.86383865519
1.86383858075
1.86383882741
1.86383849216
1.86383843047
1.86383859989
13.6157307132
2.15418105447
1.79647417384
1.79647417384
1.79647428374
1.79647433193
1.79647419479
1.79647403472
1.79647396703
1.79647412623
1.79647411389
1.79647413122
1.79647424468
1.796474099
1.79647411859
1.79647426228
1.79647405147
1.79647401305
1.79647414865
5.01796667436
1.6985044298
1.6985044298
1.69850445591
1.69850444828
1.69850443317
1.69850414473
1.69850415868
1.69850418967
1.69850417684
1.69850426444
1.69850418726
1.69850411192
1.6985043164
1.69850417174
1.69850442824
1.69850445364
1.69850442915
2.29779580569
1.59223640976
1.59223640976
1.59223635032
1.59223631081
1.59223639732
1.59223630503
1.59223633869
1.59223626899
1.59223625328
1.59223631512
1.59223620343
1.592236225
1.59223635247
1.59223616482
1.59223649147
1.59223652802
1.59223642677
1.59590234464
1.53363637356
1.53363637356
1.53363636359
1.5336363599
1.53363637101
1.53363636384
1.53363636745
1.5336363522
1.53363635462
1.53363636135
1.53363632541
1.5336363431
1.53363637544
1.53363632528
1.53363639616
1.5336364014
1.53363637788
1.62099193732
1.52674105958
1.52674105958
1.52674105731
1.52674105979
1.52674105846
1.52674105816
1.52674106066
1.52674105517
1.5267410581
1.52674105857
1.52674104329
1.52674105247
1.52674106556
1.52674104414
1.52674107009
1.52674106737
1.52674106151
1.52309907244
1.52309907244
1.52309907181
1.52309906991
1.52309907185
1.52309911732
1.52309911443
1.52309911804
1.52309911235
1.52309910312
1.52309914149
1.52309913792
1.52309907742
1.52309914385
1.52309905218
1.52309905222
1.52309906832
1.51379067485
1.51379067485
1.51379068067
1.51379068181
1.51379067555
1.51379067079
1.51379066781
1.51379067568
1.51379067616
1.5137906747
1.51379068094
1.51379067332
1.51379067425
1.51379068091
1.51379066902
1.51379066821
1.51379067357
1.5113313166
1.5113313166
1.51133131605
1.51133131622
1.51133131621
1.51133131688
1.51133131803
1.51133131605
1.51133131523
1.5113313168
1.5113313149
1.51133131761
1.51133131652
1.51133131624
1.51133131748
1.51133131625
1.51133131671
1.51043611837
1.51043611837
1.51043611898
1.51043611964
1.51043611833
1.510436114
1.51043611328
1.51043611487
1.51043611638
1.51043611538
1.51043611264
1.51043611137
1.51043611859
1.51043611142
1.51043612019
1.51043612103
1.5104361187
1.5100848034
1.5100848034
1.51008480311
1.51008480252
1.51008480327
1.51008480232
1.51008480291
1.51008480203
1.51008480139
1.51008480244
1.51008480167
1.51008480214
1.51008480291
1.51008480204
1.51008480362
1.51008480328
1.51008480342
1.50975971123
1.50975971123
1.50975971061
1.50975971073
1.50975971111
1.50975971487
1.50975971488
1.50975971433
1.50975971412
1.50975971326
1.50975971479
1.50975971598
1.50975971152
1.50975971472
1.50975971109
1.5097597115
1.5097597112
1.50964295071
1.50964295071
1.50964294992
1.50964294902
1.50964295059
1.50964295162
1.5096429522
1.50964295128
1.50964295027
1.50964295118
1.50964295221
1.50964295201
1.50964295061
1.50964295286
1.50964294968
1.50964294915
1.50964295049
1.50961706041
1.50961706041
1.50961706105
1.50961706149
1.50961706057
1.50961706047
1.50961706022
1.50961706072
1.50961706097
1.50961706064
1.50961706054
1.509617061
1.50961706032
1.50961706033
1.50961706072
1.50961706093
1.50961706047
1.50960193823
1.50960193823
1.50960193826
1.50960193846
1.50960193825
1.50960193806
1.50960193792
1.50960193814
1.50960193835
1.50960193808
1.50960193789
1.50960193769
1.50960193833
1.50960193774
1.50960193839
1.5096019385
1.50960193825
1.50958371278
1.50958371278
1.50958371266
1.50958371256
1.50958371276
1.50958371201
1.50958371205
1.5095837121
1.50958371214
1.50958371231
1.50958371187
1.50958371166
1.50958371281
1.50958371188
1.50958371291
1.50958371286
1.5095837128
1.50957495401
1.50957495401
1.50957495384
1.50957495379
1.50957495397
1.50957495379
1.50957495382
1.50957495372
1.50957495372
1.50957495371
1.50957495363
1.50957495319
1.50957495408
1.50957495362
1.50957495395
1.50957495389
1.50957495399
1.50957396548
     fun: 1.5095739654811542
     jac: array([-0.01153515, -0.01489338, -0.00242196, -0.01452188, -0.01254466,
       -0.01975843, -0.01974431, -0.01992111, -0.02552813, -0.05522698,
        0.00464283, -0.0263698 , -0.00422335, -0.00800036, -0.00120454])
 message: 'Optimization terminated successfully.'
    nfev: 478
     nit: 26
    njev: 26
  status: 0
 success: True
       x: array([ 0.44142825, -0.47792905, -0.11351415, -0.27876339,  0.23553585,
       -0.2008419 ,  0.21035463, -0.65209259,  0.5989416 ,  0.26614759,
       -0.14280841, -0.4651207 , -0.41741404,  0.28783117, -0.24056083])

========================================================

Final result:
0.441428246663
-0.477929054221
-0.113514148764
0.0500049854409
0.0500049854409
0.0500049854409
-0.278763392203
0.23553584656
-0.200841896544
0.210354628681
-0.6520925858
0.598941604775
0.26614758656
0.26614758656
-0.142808410277
-0.465120696435
0.162499728125
-0.41741403978
0.287831165853
-0.240560834688
0.123381236205
0.123381236205
0.123381236205
