CYD_neutral_methyl.filelist
4.89188845502
4.89188845502
4.89188927572
4.89188893194
4.89188892679
4.89188908377
4.89188891916
4.89188872366
4.89188927289
4.89188907169
4.89188856342
4.89188873983
4.89188847588
22448.5119672
4170.3782311
773.585221148
142.373258567
25.3353168563
5.17134184868
3.94420154976
3.94420154976
3.94420138675
3.94420156761
3.9442016503
3.94420179942
3.94420153917
3.94420167216
3.94420137767
3.94420164943
3.94420142264
3.94420147679
3.94420152134
1220.13688798
238.169969966
45.5678091663
8.27086770111
3.06109977418
3.06109977418
3.06109964699
3.0610997097
3.06109961612
3.06109953007
3.06109955903
3.0610997197
3.06109936359
3.06109948297
3.06109961501
3.06109954835
3.06109973973
1169.30191359
116.373643296
11.4364651208
3.06856898501
2.98896546106
2.98896546106
2.98896511667
2.98896529937
2.98896527598
2.98896518633
2.9889652888
2.98896538974
2.98896518359
2.98896521566
2.98896530718
2.98896523801
2.98896542812
494.507382863
48.9578233825
5.20366196791
2.92330863084
2.92330863084
2.92330829339
2.92330847676
2.92330844042
2.92330838305
2.923308405
2.92330854181
2.92330821981
2.92330831955
2.92330856106
2.92330850455
2.92330861632
75.0207271825
7.79477854038
2.94441537205
2.90848618214
2.90848618214
2.90848584717
2.90848602151
2.90848598122
2.90848591256
2.90848595705
2.90848608247
2.90848575137
2.90848591393
2.90848611126
2.90848604718
2.90848616735
24.4793960396
3.47128686979
2.8243742699
2.8243742699
2.82437392916
2.82437409436
2.82437406582
2.82437402179
2.82437404138
2.8243741454
2.82437384637
2.8243739752
2.82437420579
2.82437411521
2.82437425577
20.3907107866
3.16828359058
2.77226046821
2.77226046821
2.77226014233
2.77226028372
2.77226026952
2.77226021881
2.77226024778
2.77226036733
2.77226006013
2.77226018437
2.772260397
2.77226033441
2.77226045317
3.25258027626
2.65133501884
2.65133501884
2.65133490044
2.65133494809
2.65133493868
2.65133491477
2.65133493497
2.65133498265
2.65133487318
2.65133490842
2.6513350109
2.65133496759
2.65133501729
3.54329481459
2.54727278534
2.54727278534
2.54727292958
2.54727285683
2.54727285375
2.54727287334
2.54727287481
2.54727281622
2.54727296637
2.54727289468
2.54727282844
2.54727285526
2.54727279388
2.46798136551
2.46798136551
2.46798137742
2.46798137873
2.46798138689
2.4679814048
2.46798138746
2.46798138213
2.46798139871
2.46798140239
2.46798136432
2.46798137427
2.46798136479
2.4212223312
2.4212223312
2.42122234719
2.42122233494
2.42122232288
2.42122231057
2.42122232566
2.42122232556
2.42122232581
2.42122231519
2.42122232865
2.42122232369
2.42122233055
2.41555230796
2.41555230796
2.41555229145
2.41555230095
2.4155523042
2.4155523065
2.41555230318
2.41555230681
2.41555229516
2.41555230339
2.41555230598
2.41555230507
2.41555230745
2.41336381456
2.41336381456
2.41336381046
2.4133638134
2.41336381549
2.41336381788
2.41336381511
2.41336381559
2.41336381348
2.41336381659
2.41336381429
2.41336381498
2.41336381442
2.41283249173
2.41283249173
2.41283249072
2.4128324914
2.41283249187
2.41283249229
2.41283249181
2.41283249185
2.41283249167
2.4128324921
2.41283249183
2.41283249195
2.41283249172
2.41282294739
2.41282294739
2.41282294756
2.41282294747
2.41282294746
2.41282294746
2.41282294744
2.41282294743
2.41282294749
2.41282294747
2.41282294741
2.41282294742
2.41282294736
2.41281369253
2.41281369253
2.41281369313
2.41281369273
2.41281369245
2.41281369218
2.41281369249
2.41281369246
2.4128136926
2.41281369231
2.4128136925
2.41281369242
2.4128136925
2.41280442024
2.41280442024
2.41280442095
2.41280442046
2.41280442012
2.41280441978
2.41280442016
2.41280442014
2.41280442026
2.41280441993
2.41280442019
2.41280442008
2.41280442022
2.4128011304
2.4128011304
2.4128011307
2.41280113049
2.41280113034
2.41280113018
2.41280113036
2.41280113035
2.4128011304
2.41280113025
2.41280113037
2.41280113032
2.41280113039
     fun: 2.4128011304002013
     jac: array([ 0.01989827,  0.00602973, -0.00418606, -0.01447189, -0.00283197,
       -0.00343326,  0.00028458, -0.00993198, -0.00171688, -0.00508949,
       -0.00037727])
 message: 'Optimization terminated successfully.'
    nfev: 273
     nit: 19
    njev: 19
  status: 0
 success: True
       x: array([ 0.28545853, -1.00025686,  1.01619887, -0.2490292 , -0.16958191,
        0.12001789,  0.01112613, -0.8877278 , -0.33917577,  0.2536692 ,
       -0.11886992])

========================================================

Final result:
0.285458527469
-1.00025686423
0.285458527469
1.01619887364
-0.24902920238
-0.16958191302
0.120017893407
0.011126129397
0.011126129397
-0.88772779606
-0.422790305082
-0.339175773689
0.253669200085
-0.118869917698
0.0681254971007
0.0681254971007
0.0681254971007
