LYS_methyl_neutral.filelist
5.30265850414
5.30265850414
5.30265849521
5.30265841761
5.3026585007
5.3026588829
5.30265893282
5.3026589298
5.30265893687
5.30265914105
5.3026587542
5.30265977077
5.30265935232
5.3026587445
5.30266022159
5.30265953509
5.30266051929
5.30265977897
5.30266109308
5.30265999216
5.30266312689
5.30265862176
241793.14491
54144.05049
12122.6544292
2712.55077629
605.296856646
133.440773742
27.9388060944
5.27876096092
3.10101758528
3.10101758528
3.10101763108
3.10101756698
3.10101759149
3.10101721601
3.10101724736
3.10101732118
3.10101729138
3.10101737473
3.10101743428
3.10101716128
3.10101742379
3.10101749284
3.10101729308
3.10101743588
3.10101717161
3.10101759722
3.10101764393
3.10101773291
3.10101812715
3.10101748827
11024.3467119
1908.93508991
329.87500504
56.3858923823
9.33571960049
2.76932142299
2.76932142299
2.76932138689
2.76932129022
2.7693214135
2.7693213235
2.76932140622
2.7693213465
2.76932131451
2.76932135137
2.76932141152
2.76932134986
2.76932125105
2.76932149699
2.76932111644
2.76932109695
2.76932069364
2.76932103401
2.76932067686
2.76932092375
2.76931983684
2.7693213876
862.498009878
115.054778878
15.1283590246
3.00068206771
2.57725472163
2.57725472163
2.57725476078
2.5772547291
2.57725472682
2.57725452468
2.57725455754
2.5772545868
2.57725460789
2.57725455299
2.5772546634
2.57725444112
2.57725443189
2.57725472581
2.57725413051
2.57725432322
2.57725394142
2.57725417831
2.57725360828
2.57725405927
2.57725263965
2.57725467779
663.183183992
65.8925055633
6.61110836685
2.54171416013
2.54171416013
2.54171410333
2.54171405921
2.54171414714
2.54171405867
2.54171410559
2.54171403398
2.54171405754
2.5417139245
2.5417140887
2.54171368102
2.54171381731
2.5417141187
2.54171349079
2.541713687
2.54171320116
2.54171356197
2.54171295508
2.54171343938
2.54171190047
2.54171412675
149.385174712
14.8087087207
2.75008554418
2.51307671277
2.51307671277
2.51307667339
2.5130766376
2.51307670339
2.51307658497
2.5130766299
2.51307656398
2.51307658312
2.51307646134
2.51307662097
2.51307620608
2.51307635635
2.51307663919
2.51307601534
2.51307622872
2.51307572183
2.51307612171
2.51307556288
2.51307595888
2.51307432228
2.51307667508
269.168192843
26.5997566782
3.31750194664
2.46755749518
2.46755749518
2.46755745852
2.4675574283
2.46755748696
2.46755738395
2.46755743985
2.46755734198
2.46755733981
2.46755724092
2.46755740086
2.46755701791
2.46755709277
2.46755741533
2.46755667153
2.46755696785
2.46755642984
2.46755684799
2.46755620549
2.46755671197
2.46755503736
2.46755745817
216.512342814
21.4183674284
3.00161170116
2.43318792976
2.43318792976
2.43318791487
2.43318790871
2.43318792611
2.43318780931
2.43318785277
2.43318776697
2.43318777023
2.43318765376
2.43318782936
2.43318737897
2.43318753411
2.43318784396
2.43318716266
2.43318737954
2.4331868008
2.43318725257
2.43318657336
2.43318711795
2.43318538769
2.43318788882
175.087226518
17.3914172478
2.80896706236
2.41271491116
2.41271491116
2.41271486975
2.41271484388
2.41271490238
2.41271477607
2.41271483432
2.41271472214
2.41271469441
2.41271462397
2.41271480034
2.41271434895
2.41271450465
2.41271482796
2.41271411186
2.41271436471
2.41271381103
2.41271422338
2.41271352559
2.41271408386
2.41271231872
2.41271485712
104.832755557
10.4194302764
2.47767522948
2.38341270169
2.38341270169
2.38341266474
2.38341266436
2.38341269386
2.38341257323
2.38341260921
2.38341252308
2.38341250376
2.38341240495
2.38341261593
2.3834121123
2.38341227827
2.38341267441
2.38341186271
2.38341213928
2.38341156474
2.38341200682
2.38341131238
2.38341186229
2.3834100689
2.38341264377
97.2547680048
9.61290400601
2.40268658977
2.34174546255
2.34174546255
2.34174540517
2.34174541964
2.34174545065
2.34174532777
2.34174534147
2.34174527795
2.34174526662
2.34174516391
2.34174535735
2.34174487474
2.34174503463
2.34174538268
2.34174461629
2.34174489052
2.34174430535
2.34174475366
2.34174404058
2.34174461131
2.3417427958
2.34174541207
3.80899073302
2.05200940527
2.05200940527
2.05200939166
2.05200938846
2.052009403
2.05200939859
2.05200938514
2.05200935893
2.05200935247
2.05200929972
2.05200938066
2.05200919517
2.05200924157
2.05200937725
2.05200907525
2.05200918499
2.05200897475
2.0520091061
2.05200879878
2.05200903299
2.05200822715
2.05200940558
5.54082382476
2.00931094173
2.00931094173
2.00931093663
2.00931094291
2.00931094124
2.00931101467
2.0093109917
2.00931098153
2.00931099175
2.00931096517
2.0093109506
2.00931098557
2.00931095285
2.00931095052
2.00931095687
2.00931095024
2.00931097627
2.00931091561
2.00931088187
2.00931089034
2.00931076277
2.00931092617
7.31985637825
1.99553460612
1.91631199715
1.91631199715
1.91631199776
1.91631201523
1.9163119972
1.91631212914
1.91631211542
1.91631211577
1.91631212986
1.91631214023
1.91631205776
1.91631227588
1.91631217332
1.91631204043
1.91631233855
1.91631222104
1.91631246844
1.91631223039
1.91631245707
1.9163122515
1.91631277087
1.91631202251
1.86152225948
1.86152225948
1.86152227371
1.86152226995
1.86152226143
1.86152215079
1.86152214984
1.8615221718
1.8615221645
1.86152216986
1.86152221041
1.86152207986
1.86152216733
1.86152221965
1.86152207885
1.86152216222
1.86152204489
1.86152217955
1.86152210413
1.86152219727
1.86152208253
1.8615222321
1.83804750649
1.83804750649
1.83804750043
1.83804749502
1.83804750474
1.83804752291
1.83804752893
1.83804751965
1.83804751912
1.8380475204
1.83804751649
1.83804753695
1.83804751633
1.83804751822
1.83804752859
1.83804751015
1.83804751095
1.83804750388
1.83804750375
1.83804749706
1.83804746998
1.838047514
1.82857311654
1.82857311654
1.82857311557
1.82857311786
1.82857311606
1.82857313117
1.82857313002
1.82857312752
1.82857312956
1.82857312631
1.82857312293
1.82857313535
1.8285731258
1.82857311967
1.8285731341
1.82857312802
1.82857314335
1.82857312264
1.82857312814
1.8285731205
1.8285731248
1.8285731204
1.82111841995
1.82111841995
1.82111842241
1.8211184254
1.82111842029
1.82111842233
1.8211184189
1.82111842216
1.82111842347
1.82111842385
1.82111841979
1.82111842618
1.82111842749
1.82111841828
1.82111843425
1.82111843362
1.82111844939
1.82111843638
1.82111845277
1.82111844149
1.8211184879
1.82111841937
1.8180301111
1.8180301111
1.81803011059
1.81803010981
1.81803011094
1.81803011027
1.81803011087
1.81803011025
1.81803010998
1.81803011038
1.8180301112
1.81803011016
1.81803010945
1.81803011149
1.81803010854
1.81803010807
1.81803010455
1.81803010773
1.81803010511
1.81803010685
1.81803009832
1.81803011023
1.81736299307
1.81736299307
1.81736299353
1.81736299389
1.81736299312
1.81736299072
1.81736299042
1.8173629909
1.81736299116
1.81736299052
1.81736299168
1.81736298749
1.81736299028
1.81736299164
1.81736298738
1.81736299039
1.81736298797
1.81736299035
1.81736298752
1.81736299054
1.81736298607
1.81736299255
1.81716307104
1.81716307104
1.81716307096
1.8171630708
1.817163071
1.81716307157
1.81716307161
1.81716307146
1.81716307139
1.81716307191
1.81716307134
1.81716307266
1.81716307204
1.81716307145
1.81716307307
1.81716307208
1.81716307289
1.81716307241
1.81716307388
1.81716307249
1.81716307568
1.81716307121
1.81702700395
1.81702700395
1.8170270039
1.81702700389
1.81702700393
1.81702700457
1.81702700459
1.81702700446
1.81702700458
1.81702700462
1.81702700429
1.81702700512
1.81702700461
1.81702700423
1.81702700515
1.81702700467
1.81702700542
1.81702700457
1.81702700504
1.81702700445
1.8170270054
1.81702700419
1.81693766008
1.81693766008
1.81693765994
1.81693765987
1.81693766006
1.81693766079
1.81693766087
1.81693766065
1.81693766062
1.81693766082
1.81693766048
1.81693766157
1.81693766083
1.81693766045
1.81693766156
1.81693766077
1.81693766142
1.81693766078
1.81693766144
1.81693766066
1.81693766163
1.81693766027
1.81690850246
1.81690850246
1.81690850245
1.81690850245
1.81690850247
1.81690850259
1.81690850258
1.81690850257
1.81690850262
1.81690850258
1.81690850254
1.81690850269
1.81690850257
1.81690850252
1.81690850266
1.81690850256
1.81690850274
1.81690850253
1.81690850253
1.81690850251
1.81690850249
1.8169085025
1.81689742981
1.81689742981
1.81689742981
1.81689742982
1.81689742982
1.81689742972
1.81689742971
1.81689742971
1.81689742971
1.8168974297
1.81689742975
1.81689742959
1.81689742968
1.81689742975
1.81689742958
1.81689742966
1.81689742954
1.81689742969
1.81689742957
1.81689742971
1.81689742945
1.81689742978
1.81688906431
1.81688906431
1.81688906434
1.81688906436
1.81688906432
1.81688906411
1.81688906409
1.81688906414
1.81688906415
1.81688906412
1.8168890642
1.81688906391
1.81688906411
1.81688906421
1.81688906393
1.81688906411
1.81688906395
1.81688906414
1.81688906397
1.81688906419
1.81688906396
1.81688906425
1.81688514298
1.81688514298
1.81688514299
1.81688514299
1.81688514298
1.81688514286
1.81688514286
1.81688514287
1.81688514286
1.81688514286
1.81688514291
1.81688514273
1.81688514285
1.81688514291
1.81688514274
1.81688514285
1.81688514271
1.81688514287
1.81688514279
1.8168851429
1.81688514275
1.81688514294
1.81688415316
     fun: 1.8168841531632842
     jac: array([ 0.00070482,  0.00121889,  0.00051612, -0.00754285, -0.00788365,
       -0.00715686, -0.00786224, -0.00794502, -0.00478193, -0.01643875,
       -0.00827561, -0.0042367 , -0.01585491, -0.00876942, -0.01772064,
       -0.00718115, -0.01228169, -0.00538412, -0.01508078, -0.00232187])
 message: 'Optimization terminated successfully.'
    nfev: 637
     nit: 27
    njev: 27
  status: 0
 success: True
       x: array([ 0.38333531, -0.44660468, -0.17228581, -0.31257409,  0.20315503,
        0.18186913,  0.06402424, -0.43407044,  0.62204099,  0.18385416,
       -0.2329399 , -0.50024026,  0.17767659, -0.74552806,  0.30958811,
        0.05550737,  0.17117422, -0.7659046 ,  0.43826489, -0.5585851 ])

========================================================

Final result:
0.383335306983
-0.446604676893
-0.172285810476
0.0785183934619
0.0785183934619
0.0785183934619
-0.312574087316
0.203155034594
0.181869127688
0.0640242443779
-0.434070439663
0.622040988132
0.183854155875
0.183854155875
-0.232939903536
-0.500240255683
0.177676591404
0.177676591404
-0.745528061439
0.30958811298
0.30958811298
0.0555073719776
0.171174220744
0.171174220744
-0.765904602663
0.43826488743
0.43826488743
0.43826488743
-0.558585098647
0.42386485788
