SER_charged_methyl.filelist
11.1378400243
11.1378400243
11.1378396562
11.1378398649
11.1378397087
11.1378397105
11.1378399143
11.137839349
11.1378399611
11.1378398814
11.1378393278
11.1378404297
11.1378404628
11.137840107
18538.4192835
2706.33509737
393.251361667
56.0963524068
11.7817650777
10.1442912664
10.1442912664
10.1442924754
10.1442916104
10.1442913649
10.1442913945
10.1442914093
10.1442910423
10.1442917067
10.1442912468
10.1442910709
10.1442916383
10.144291632
10.1442913419
12744.6655725
2760.22909462
594.803393039
125.312543538
24.3042243186
6.82573697358
6.82573697358
6.82573730715
6.82573709735
6.82573713517
6.82573711682
6.825737151
6.82573719901
6.82573747653
6.82573697793
6.8257374981
6.8257368971
6.8257366456
6.82573695683
1416.53596047
204.172441439
28.9095762721
6.85773173716
6.22977405468
6.22977405468
6.22977463373
6.22977424604
6.22977422782
6.22977420854
6.22977414229
6.22977434619
6.22977421313
6.22977409269
6.22977467382
6.22977392398
6.22977363931
6.22977402675
845.553361302
121.128894473
17.2274365659
5.84190506204
5.84190506204
5.84190556765
5.8419052751
5.84190543816
5.84190561095
5.84190524802
5.84190555614
5.84190536755
5.8419051778
5.84190575404
5.84190495906
5.8419047984
5.8419050403
319.101264405
57.0876008565
10.0350109547
4.7799920325
4.7799920325
4.77999282764
4.77999234401
4.7799925155
4.77999262286
4.77999228134
4.77999277484
4.77999244758
4.77999219608
4.77999289653
4.77999166948
4.77999153394
4.77999195606
130.158961285
14.4334295667
4.6814789944
4.6814789944
4.68147980447
4.68147930783
4.68147947658
4.68147951461
4.6814792397
4.68147982181
4.6814793935
4.68147916732
4.68147996378
4.6814786639
4.68147856722
4.68147892718
4.6749834683
2.28884772989
2.28884772989
2.28884760833
2.288847702
2.28884774063
2.28884771675
2.2888476568
2.2888478781
2.28884744818
2.28884776711
2.2888477541
2.28884759631
2.28884768584
2.28884770296
7.54219286895
2.16640631099
2.16640631099
2.16640614974
2.16640624973
2.16640621073
2.16640617308
2.16640623909
2.1664061752
2.16640608273
2.16640637167
2.16640609582
2.16640631249
2.16640641201
2.16640631056
20.0578856116
3.35425089939
1.89606403809
1.89606403809
1.89606389733
1.89606396845
1.89606386219
1.89606382431
1.89606395748
1.89606370623
1.89606390154
1.89606400236
1.89606363716
1.89606415921
1.89606425589
1.89606406142
4.11320210945
1.75551459002
1.75551459002
1.75551444886
1.75551452752
1.75551444612
1.75551441544
1.75551454945
1.75551429652
1.75551458247
1.75551454633
1.75551427411
1.75551473908
1.75551473942
1.75551461975
2.07165751313
1.55635571395
1.55635571395
1.55635543469
1.55635563384
1.55635566633
1.55635567843
1.55635569732
1.55635565004
1.5563557109
1.55635568821
1.55635570655
1.55635573253
1.55635568197
1.55635571695
1.6810685712
1.49828765625
1.49828765625
1.49828819632
1.49828783467
1.49828781317
1.49828783223
1.4982877538
1.49828782454
1.49828786401
1.49828769212
1.49828785444
1.49828765149
1.49828762369
1.49828765455
1.59349438913
1.45108537085
1.45108537085
1.45108530517
1.45108535497
1.45108537005
1.45108536009
1.45108536634
1.4510854025
1.45108536318
1.45108536394
1.45108539259
1.45108533671
1.45108534017
1.45108536341
1.44238155036
1.44238155036
1.44238157816
1.44238155586
1.44238153901
1.44238156426
1.44238151301
1.44238151618
1.44238142045
1.44238156045
1.44238149715
1.44238158575
1.44238160704
1.44238155734
1.43715788025
1.42492962045
1.42492962045
1.42492964565
1.42492962688
1.42492961936
1.42492962396
1.42492962104
1.42492960735
1.42492961647
1.42492962783
1.42492960756
1.42492963085
1.42492963647
1.42492962221
1.41963530199
1.41963530199
1.41963529168
1.41963529863
1.41963529729
1.41963529235
1.41963530027
1.41963530257
1.41963530395
1.41963529624
1.41963530508
1.41963529873
1.41963529315
1.41963530114
1.41791365423
1.41791365423
1.41791363454
1.41791365014
1.41791365857
1.41791366478
1.41791365986
1.41791365773
1.4179136711
1.41791365412
1.41791365199
1.41791365516
1.41791365912
1.41791365427
1.41836928819
1.41673807368
1.41673807368
1.41673808
1.41673807587
1.41673807574
1.4167380756
1.41673807471
1.41673807758
1.41673807349
1.41673807668
1.41673807882
1.41673806984
1.41673806972
1.41673807278
1.41622236624
1.41622236624
1.41622236703
1.41622236633
1.41622236573
1.41622236554
1.41622236638
1.4162223648
1.41622236684
1.41622236653
1.41622236504
1.41622236926
1.41622237074
1.41622236689
1.41635212129
1.41613935227
1.41613935227
1.41613935313
1.4161393524
1.41613935179
1.41613935216
1.41613935205
1.41613935054
1.41613935194
1.41613935211
1.41613935009
1.41613935318
1.41613935361
1.41613935246
1.41612851205
1.41612851205
1.41612851167
1.416128512
1.41612851229
1.41612851222
1.41612851215
1.41612851276
1.41612851217
1.41612851219
1.41612851292
1.41612851171
1.41612851153
1.416128512
1.41612587325
1.41612587325
1.4161258732
1.41612587324
1.41612587326
1.41612587325
1.41612587325
1.41612587332
1.41612587326
1.41612587324
1.41612587334
1.41612587319
1.41612587317
1.41612587325
1.41612481985
1.41612481985
1.41612481991
1.41612481986
1.4161248198
1.41612481981
1.41612481982
1.41612481973
1.41612481982
1.41612481982
1.4161248197
1.4161248199
1.41612481992
1.41612481986
1.41612399337
     fun: 1.4161239933734808
     jac: array([ 0.00419271,  0.00069042, -0.00314234, -0.00256623, -0.00152247,
       -0.00796147, -0.0017567 , -0.00179543, -0.00969738,  0.0035374 ,
        0.00524695,  0.00120799])
 message: 'Optimization terminated successfully.'
    nfev: 370
     nit: 24
    njev: 24
  status: 0
 success: True
       x: array([ 0.57981518, -1.28470506, -0.1756262 ,  0.26040934,  0.11848001,
        0.78847003,  0.08033412, -0.50307057, -0.51031428, -0.6117204 ,
        0.33617214, -0.09801297])

========================================================

Final result:
0.579815180865
0.579815180865
-1.28470505614
0.579815180865
-0.175626197745
0.260409336659
0.11848000833
0.788470033958
0.080334123469
0.080334123469
-0.503070565916
-0.510314278631
0.406242929951
-0.611720400749
0.336172143359
-0.0980129747021
0.124520410697
0.124520410697
0.124520410697
