TRP_methyl_charged.filelist
10.8374444933
10.8374444933
10.8374441902
10.837444123
10.8374444352
10.8374455501
10.8374456136
10.8374453201
10.83744528
10.8374452477
10.8374452019
10.8374460786
10.8374450755
10.8374458354
10.8374450381
10.8374449205
10.8374451272
10.8374448619
10.8374447896
10.8374448929
10.8374447998
10.8374446304
10.8374447387
10.8374449992
10.83744454
10.8374446066
10.8374447258
88612.8960366
16243.8657157
2975.15710627
542.426950741
96.7378909552
17.1521536855
8.85801048098
8.85801048098
8.85801013959
8.85801006676
8.85801041515
8.8580106593
8.85801071333
8.85801041562
8.85801038815
8.85801039987
8.85801020746
8.85801033845
8.85801035684
8.85800979846
8.85801031206
8.85801037059
8.85801030511
8.85801028408
8.85801033299
8.85801042571
8.85801024032
8.85801036429
8.85801046127
8.85801044985
8.85801034247
8.85801043632
8.85801051833
4498.03230459
1011.29781255
224.613920371
47.3667830593
8.89199859896
5.03932439008
5.03932439008
5.03932427967
5.03932438349
5.03932436893
5.03932388718
5.03932378233
5.0393238104
5.039323898
5.03932375201
5.03932367286
5.03932297441
5.03932387978
5.0393228664
5.0393239505
5.03932398172
5.03932392061
5.03932409272
5.03932411829
5.03932398715
5.03932417302
5.03932426462
5.03932413363
5.03932389071
5.03932437705
5.03932427085
5.03932415632
2646.72649736
333.210197119
41.4759825388
6.47076193459
4.74444884266
4.74444884266
4.74444880892
4.74444894016
4.74444883624
4.74444819791
4.7444480702
4.7444481853
4.74444827661
4.74444813627
4.74444810458
4.74444733454
4.74444821705
4.74444731484
4.74444819613
4.74444836283
4.74444811462
4.74444831586
4.74444842915
4.74444846005
4.74444832611
4.74444860142
4.74444862844
4.74444841465
4.74444866262
4.74444870069
4.7444487173
1455.33637827
163.349146697
18.2899754777
4.74942434368
4.53927370633
4.53927370633
4.53927370167
4.53927380927
4.53927370526
4.53927290859
4.53927279206
4.53927293215
4.53927299906
4.53927297984
4.53927282684
4.53927220454
4.53927309155
4.53927187944
4.53927308868
4.53927324544
4.53927300364
4.53927323007
4.53927333021
4.53927333187
4.53927326057
4.53927349873
4.53927349793
4.53927327656
4.53927357008
4.53927357715
4.53927357649
717.543493793
70.8953786719
7.76100428404
4.40984610308
4.40984610308
4.40984606063
4.40984611436
4.40984609447
4.40984523698
4.40984516193
4.40984525581
4.40984526335
4.40984530739
4.40984522838
4.40984446249
4.40984542549
4.40984434011
4.40984543471
4.40984558012
4.40984535142
4.40984558899
4.409845688
4.40984565086
4.40984562926
4.40984587814
4.4098458329
4.40984557433
4.40984597206
4.40984594958
4.40984589845
90.8295368014
13.0937296157
4.14851597029
4.14851597029
4.14851606007
4.14851612462
4.14851598868
4.14851500494
4.14851496521
4.14851503384
4.14851503572
4.14851508808
4.14851501659
4.14851411853
4.14851525528
4.14851406041
4.14851528209
4.14851542542
4.14851520184
4.14851543683
4.14851554233
4.14851548676
4.14851545876
4.14851572888
4.14851568749
4.14851537566
4.14851579227
4.14851581428
4.14851574243
68.3275136308
7.5390239631
4.02277938157
4.02277938157
4.02277948439
4.02277953343
4.02277940233
4.02277840699
4.02277837605
4.02277844667
4.02277845412
4.02277849407
4.02277843979
4.02277751282
4.0227786658
4.02277750469
4.02277866858
4.02277886419
4.02277853899
4.02277886407
4.02277899191
4.02277892971
4.02277889374
4.02277919221
4.02277911387
4.02277882614
4.02277927953
4.02277924859
4.02277914371
146.15660274
15.8194821398
4.04078784208
3.8641849511
3.8641849511
3.86418509381
3.86418514063
3.86418497922
3.86418396343
3.8641839277
3.86418403554
3.86418406466
3.86418409531
3.8641840201
3.86418317028
3.86418424658
3.86418309141
3.86418425172
3.86418442001
3.8641841357
3.86418442757
3.86418454831
3.86418446135
3.86418444933
3.86418474911
3.86418463815
3.86418434811
3.86418484282
3.86418479994
3.8641846444
236.275329662
26.0146839325
4.38752169475
3.70240323931
3.70240323931
3.70240338185
3.70240340635
3.70240326657
3.70240224145
3.70240221051
3.70240233764
3.70240238068
3.70240238649
3.70240234219
3.70240143959
3.70240255573
3.702401465
3.70240257629
3.70240273297
3.70240247165
3.70240275243
3.70240285666
3.70240278554
3.70240278565
3.70240303785
3.70240296683
3.70240267847
3.70240310903
3.70240309974
3.70240299696
17.0345176586
3.80137218639
3.36078643438
3.36078643438
3.36078660957
3.36078662326
3.36078646832
3.36078566525
3.36078565639
3.36078576419
3.36078579253
3.36078580548
3.36078579593
3.36078512476
3.36078591587
3.36078519608
3.36078594394
3.36078604197
3.36078587767
3.36078609089
3.36078614782
3.36078608927
3.36078615506
3.36078629182
3.3607862314
3.36078602516
3.36078637874
3.36078632604
3.36078628
43.1997456517
7.43508837258
2.81064935033
2.81064935033
2.81064950931
2.81064952202
2.81064938075
2.81064936151
2.81064935507
2.81064947327
2.81064948756
2.81064948581
2.81064957547
2.81064962676
2.81064948849
2.81064988197
2.81064950391
2.81064946347
2.81064952551
2.81064948016
2.81064946558
2.81064943594
2.81064946103
2.8106494417
2.81064940553
2.81064943002
2.8106494518
2.81064939909
2.81064938132
31.3384658671
4.38930022652
2.64691175719
2.64691175719
2.64691190125
2.64691191595
2.64691178499
2.64691202863
2.64691202385
2.64691212695
2.64691212616
2.64691213101
2.64691224544
2.64691253965
2.64691208948
2.64691282154
2.64691209618
2.64691202138
2.64691212536
2.64691204166
2.64691198677
2.64691197682
2.64691203288
2.64691189687
2.64691188422
2.64691200717
2.64691186802
2.64691184004
2.64691183723
3.2008780967
2.30593438608
2.30593438608
2.30593435898
2.30593430635
2.30593438071
2.30593470059
2.30593474328
2.30593468517
2.3059346594
2.30593470031
2.30593470249
2.30593507799
2.30593463144
2.30593503174
2.30593460586
2.30593457576
2.30593463213
2.30593453322
2.30593451197
2.30593457377
2.30593450015
2.30593444449
2.30593450199
2.30593462531
2.30593440225
2.30593443834
2.30593449129
6.15028360483
2.29657733698
2.29657733698
2.29657729936
2.29657725577
2.29657732965
2.29657760159
2.29657763484
2.29657757866
2.29657755893
2.29657759031
2.29657758412
2.29657789541
2.29657753397
2.29657783286
2.2965775103
2.29657748892
2.2965775196
2.29657745578
2.29657744116
2.29657748042
2.29657742805
2.29657738326
2.29657743552
2.29657750232
2.29657734043
2.29657738264
2.2965774357
3.55030193649
2.17923665536
2.17923665536
2.17923662912
2.17923664785
2.1792366505
2.17923666796
2.17923665034
2.17923664843
2.17923666618
2.1792366316
2.17923663322
2.17923658923
2.17923664146
2.17923659117
2.17923665612
2.1792366394
2.17923665657
2.17923666641
2.17923665436
2.17923662818
2.17923668095
2.17923665665
2.17923663683
2.17923661381
2.1792366687
2.17923664868
2.17923663722
2.16690042702
2.13706887093
2.13706887093
2.13706886596
2.13706887817
2.13706887031
2.1370688128
2.13706880026
2.13706880383
2.13706881298
2.13706879952
2.13706879737
2.13706871735
2.13706881158
2.13706871366
2.13706881819
2.13706882592
2.13706881447
2.13706883416
2.13706883932
2.13706882938
2.13706884314
2.13706885541
2.13706884725
2.13706881653
2.13706886096
2.13706886051
2.13706884721
2.2334215794
2.10002927067
2.10002927067
2.10002927869
2.10002927354
2.10002927248
2.10002916885
2.10002917404
2.10002916863
2.10002916378
2.10002918349
2.10002916977
2.10002909958
2.10002919411
2.10002906904
2.10002918556
2.10002921525
2.10002917053
2.10002919699
2.10002921754
2.10002923153
2.10002918888
2.10002923743
2.10002924906
2.1000292304
2.10002923779
2.10002925394
2.10002925925
2.05860926157
2.05860926157
2.05860927221
2.0586092676
2.05860926352
2.05860927819
2.0586092862
2.05860928799
2.05860928996
2.05860929189
2.0586092976
2.05860932645
2.05860928922
2.0586093412
2.05860929129
2.05860928278
2.05860929919
2.05860928484
2.05860927996
2.0586092798
2.05860928707
2.05860927539
2.05860926942
2.05860928498
2.05860927882
2.05860926792
2.05860926255
2.08583844936
2.04350412636
2.04350412636
2.0435041351
2.04350412901
2.0435041282
2.04350418513
2.04350418467
2.04350418986
2.0435041918
2.04350418779
2.04350419878
2.04350425298
2.04350418021
2.04350427753
2.04350418358
2.04350416642
2.04350419511
2.04350417199
2.04350416142
2.04350415911
2.04350417398
2.04350414927
2.04350414272
2.04350416708
2.04350415008
2.04350413778
2.04350413535
2.03978545223
2.026144698
2.026144698
2.02614469386
2.02614469423
2.02614469729
2.02614474356
2.02614474406
2.02614474119
2.02614474091
2.02614473854
2.02614474331
2.0261447833
2.02614472997
2.02614478957
2.02614472787
2.02614472192
2.02614473254
2.02614471859
2.02614471557
2.02614472042
2.02614471547
2.02614470675
2.02614471185
2.02614472767
2.02614470011
2.02614470486
2.02614471216
2.02238271909
2.02238271909
2.02238271825
2.02238271857
2.02238271908
2.02238267618
2.02238267571
2.02238267431
2.02238267207
2.02238267892
2.02238267134
2.02238263624
2.0223826861
2.02238262019
2.02238268339
2.02238269472
2.02238267601
2.02238269053
2.02238269792
2.0223826982
2.02238269235
2.02238270594
2.02238270764
2.02238269171
2.02238270713
2.02238271192
2.02238271064
2.01639366112
2.01639366112
2.01639366072
2.01639366076
2.0163936611
2.01639364514
2.01639364466
2.01639364459
2.0163936462
2.0163936445
2.01639364208
2.01639362416
2.01639364877
2.0163936217
2.01639365139
2.01639365116
2.01639364999
2.01639365605
2.01639365631
2.0163936496
2.01639365957
2.01639365979
2.01639365345
2.01639364565
2.01639366321
2.01639365842
2.01639365283
2.01559164086
2.01559164086
2.01559164265
2.01559164432
2.01559164126
2.01559164921
2.01559164822
2.01559165083
2.01559165078
2.01559165029
2.01559165343
2.01559166162
2.0155916469
2.01559166726
2.01559164452
2.0155916457
2.01559164506
2.0155916409
2.01559164213
2.01559164795
2.01559163815
2.0155916402
2.01559164631
2.01559165113
2.01559163754
2.01559164221
2.01559164813
2.01507894327
2.01507894327
2.01507894234
2.01507894173
2.01507894314
2.01507894898
2.01507894965
2.01507894823
2.01507894751
2.01507894851
2.01507894819
2.01507895399
2.01507894803
2.01507895312
2.01507894874
2.01507894684
2.01507894953
2.0150789478
2.01507894683
2.01507894591
2.01507894794
2.01507894539
2.0150789446
2.01507894618
2.01507894522
2.0150789443
2.01507894348
2.01477054923
2.01477054923
2.01477054917
2.01477054889
2.01477054924
2.01477054588
2.01477054585
2.01477054592
2.0147705465
2.01477054574
2.01477054531
2.01477054161
2.01477054603
2.0147705412
2.01477054615
2.01477054675
2.01477054544
2.01477054699
2.0147705475
2.01477054697
2.0147705475
2.01477054824
2.01477054774
2.01477054654
2.0147705489
2.01477054842
2.01477054769
2.01424831707
2.01424831707
2.01424831706
2.01424831654
2.01424831707
2.01424830898
2.01424830915
2.01424830892
2.01424830921
2.01424830945
2.01424830779
2.01424830061
2.01424831123
2.01424829793
2.01424831245
2.01424831252
2.01424831182
2.01424831448
2.01424831458
2.0142483121
2.01424831595
2.01424831609
2.01424831381
2.01424831037
2.01424831773
2.01424831577
2.01424831366
2.01380940898
2.01380940898
2.01380940885
2.01380940896
2.01380940894
2.0138094065
2.01380940629
2.01380940628
2.01380940672
2.0138094057
2.01380940597
2.01380940162
2.01380940602
2.01380940291
2.01380940582
2.01380940692
2.01380940495
2.01380940657
2.01380940727
2.01380940702
2.01380940662
2.01380940809
2.01380940755
2.01380940644
2.01380940852
2.01380940837
2.01380940743
2.01368394355
2.01368394355
2.01368394376
2.01368394354
2.01368394357
2.01368394169
2.01368394178
2.01368394202
2.01368394185
2.01368394283
2.01368394178
2.01368394242
2.01368394306
2.01368393976
2.01368394351
2.01368394323
2.01368394364
2.01368394368
2.01368394341
2.01368394317
2.01368394409
2.01368394344
2.01368394331
2.01368394303
2.01368394359
2.01368394348
2.01368394363
2.01354073119
2.01354073119
2.01354073123
2.0135407313
2.01354073118
2.01354073351
2.01354073364
2.01354073345
2.01354073312
2.01354073342
2.0135407339
2.01354073589
2.013540733
2.01354073682
2.01354073321
2.01354073259
2.01354073373
2.01354073251
2.01354073216
2.01354073252
2.01354073236
2.01354073165
2.01354073208
2.01354073286
2.01354073135
2.01354073167
2.01354073239
2.01321586535
2.01321586535
2.0132158655
2.01321586596
2.01321586537
2.01321587161
2.01321587141
2.01321587188
2.01321587163
2.01321587192
2.01321587257
2.01321587947
2.01321587068
2.01321588012
2.01321587023
2.01321586958
2.01321587082
2.01321586854
2.01321586825
2.01321586955
2.01321586753
2.01321586688
2.013215868
2.01321587074
2.01321586586
2.01321586674
2.0132158679
2.0129830522
2.0129830522
2.01298305192
2.01298305212
2.01298305215
2.0129830592
2.01298305945
2.01298305873
2.01298305833
2.01298305757
2.01298305997
2.01298306313
2.01298305631
2.01298306849
2.01298305602
2.01298305513
2.01298305685
2.01298305438
2.01298305398
2.01298305522
2.01298305363
2.01298305283
2.01298305416
2.01298305624
2.01298305188
2.01298305303
2.01298305437
2.01288618118
2.01288618118
2.01288618123
2.01288618146
2.01288618118
2.01288618268
2.01288618254
2.01288618269
2.01288618272
2.01288618271
2.01288618261
2.01288618451
2.01288618249
2.01288618399
2.01288618224
2.0128861823
2.01288618218
2.01288618197
2.01288618206
2.01288618236
2.0128861817
2.01288618179
2.01288618194
2.01288618265
2.01288618169
2.01288618166
2.01288618182
2.01286308242
2.01286308242
2.01286308238
2.01286308229
2.0128630824
2.01286308185
2.01286308186
2.01286308192
2.01286308192
2.0128630819
2.01286308201
2.01286308135
2.01286308202
2.01286308165
2.01286308208
2.01286308201
2.01286308209
2.0128630821
2.01286308213
2.01286308196
2.0128630821
2.01286308218
2.01286308206
2.0128630818
2.01286308221
2.01286308226
2.01286308201
2.01285052142
2.01285052142
2.01285052147
2.01285052142
2.01285052142
2.01285052065
2.01285052068
2.01285052061
2.01285052066
2.0128505206
2.01285052046
2.01285051971
2.01285052079
2.01285051942
2.01285052085
2.01285052093
2.01285052078
2.0128505211
2.01285052111
2.012850521
2.0128505213
2.01285052122
2.01285052116
2.01285052088
2.01285052134
2.01285052128
2.01285052126
2.01282403397
2.01282403397
2.01282403396
2.01282403386
2.01282403397
2.01282403274
2.01282403281
2.01282403267
2.01282403265
2.01282403276
2.01282403247
2.01282403149
2.01282403299
2.01282403086
2.01282403308
2.01282403323
2.01282403296
2.01282403347
2.01282403352
2.01282403331
2.01282403376
2.01282403375
2.01282403356
2.01282403313
2.01282403402
2.01282403377
2.01282403368
2.01274784911
2.01274784911
2.01274784934
2.01274784943
2.01274784916
2.0127478479
2.01274784785
2.01274784787
2.01274784806
2.01274784805
2.01274784734
2.01274784688
2.01274784836
2.01274784523
2.01274784846
2.01274784866
2.01274784838
2.01274784887
2.01274784888
2.0127478488
2.01274784915
2.012747849
2.012747849
2.01274784864
2.01274784916
2.01274784902
2.01274784924
2.01268804553
2.01268804553
2.01268804534
2.01268804513
2.01268804551
2.01268804474
2.01268804491
2.01268804463
2.01268804435
2.01268804484
2.01268804471
2.01268804425
2.01268804485
2.01268804394
2.01268804483
2.01268804508
2.0126880447
2.01268804526
2.01268804531
2.01268804518
2.01268804556
2.01268804556
2.01268804527
2.01268804513
2.01268804595
2.01268804543
2.0126880454
2.01264965425
2.01264965425
2.01264965442
2.01264965458
2.01264965431
2.01264965434
2.01264965425
2.01264965433
2.01264965448
2.01264965441
2.01264965405
2.01264965452
2.0126496544
2.01264965365
2.0126496544
2.01264965439
2.01264965449
2.01264965436
2.01264965434
2.01264965443
2.01264965429
2.01264965428
2.01264965437
2.0126496544
2.01264965421
2.01264965431
2.01264965445
2.0126291907
2.0126291907
2.01262919064
2.01262919064
2.01262919071
2.01262919097
2.01262919097
2.01262919098
2.01262919097
2.01262919097
2.0126291911
2.01262919116
2.01262919093
2.01262919157
2.01262919089
2.01262919088
2.01262919091
2.01262919086
2.01262919083
2.01262919093
2.01262919079
2.01262919077
2.01262919084
2.01262919096
2.0126291907
2.01262919079
2.01262919085
2.01260521842
2.01260521842
2.01260521839
2.01260521838
2.01260521843
2.0126052189
2.01260521891
2.01260521892
2.01260521887
2.01260521888
2.01260521912
2.01260521935
2.01260521871
2.01260521993
2.01260521865
2.01260521852
2.01260521871
2.0126052185
2.01260521845
2.01260521846
2.01260521837
2.01260521842
2.01260521835
2.01260521849
2.01260521838
2.01260521843
2.01260521823
2.01255954265
2.01255954265
2.01255954241
2.01255954226
2.01255954261
2.01255954291
2.01255954296
2.01255954293
2.01255954284
2.01255954278
2.01255954333
2.01255954274
2.01255954276
2.01255954429
2.01255954272
2.01255954266
2.01255954268
2.01255954265
2.01255954263
2.01255954266
2.01255954255
2.01255954261
2.01255954263
2.01255954268
2.01255954252
2.01255954268
2.01255954252
2.01249198674
2.01249198674
2.01249198666
2.01249198657
2.01249198672
2.01249198703
2.01249198707
2.01249198708
2.01249198698
2.01249198698
2.01249198742
2.01249198722
2.01249198682
2.01249198833
2.01249198679
2.01249198659
2.01249198679
2.01249198664
2.01249198659
2.01249198646
2.01249198655
2.01249198662
2.01249198642
2.01249198645
2.01249198663
2.01249198665
2.01249198619
2.01243509905
2.01243509905
2.01243509889
2.01243509876
2.01243509899
2.01243509895
2.012435099
2.01243509896
2.0124350989
2.01243509887
2.01243509918
2.01243509856
2.0124350989
2.01243509946
2.0124350989
2.01243509888
2.01243509883
2.01243509891
2.01243509892
2.01243509887
2.01243509889
2.01243509896
2.01243509892
2.01243509885
2.01243509896
2.01243509901
2.01243509884
2.01241505972
2.01241505972
2.01241505974
2.01241505974
2.0124150597
2.01241505969
2.01241505969
2.0124150597
2.01241505969
2.01241505972
2.01241505972
2.01241505971
2.01241505969
2.01241505972
2.01241505969
2.01241505965
2.01241505971
2.01241505968
2.01241505967
2.01241505962
2.01241505969
2.01241505968
2.01241505964
2.01241505961
2.0124150597
2.01241505969
2.01241505961
2.01240900175
2.01240900175
2.01240900178
2.01240900177
2.01240900174
2.0124090017
2.0124090017
2.01240900169
2.0124090017
2.01240900171
2.01240900166
2.01240900164
2.01240900172
2.01240900152
2.01240900171
2.01240900175
2.0124090017
2.01240900175
2.01240900177
2.01240900176
2.01240900176
2.01240900177
2.01240900177
2.01240900176
2.01240900179
2.01240900176
2.01240900178
2.01240313839
2.01240313839
2.0124031384
2.01240313843
2.01240313838
2.0124031384
2.01240313838
2.01240313838
2.0124031384
2.01240313843
2.0124031383
2.01240313845
2.01240313843
2.01240313817
2.01240313844
2.01240313845
2.01240313848
2.01240313844
2.01240313844
2.01240313848
2.01240313845
2.0124031384
2.01240313848
2.01240313849
2.01240313839
2.01240313842
2.01240313855
2.01239684125
2.01239684125
2.01239684132
2.01239684134
2.01239684126
2.01239684129
2.01239684128
2.01239684128
2.01239684131
2.01239684131
2.01239684123
2.01239684136
2.01239684131
2.01239684114
2.01239684128
2.01239684134
2.01239684127
2.01239684132
2.01239684134
2.01239684136
2.01239684132
2.01239684132
2.01239684133
2.01239684138
2.01239684133
2.01239684129
2.01239684135
2.01239342919
2.01239342919
2.01239342917
2.01239342918
2.01239342918
2.01239342921
2.01239342921
2.0123934292
2.01239342921
2.01239342922
2.01239342917
2.01239342924
2.01239342922
2.01239342914
2.01239342922
2.01239342923
2.01239342925
2.01239342922
2.01239342921
2.01239342925
2.01239342921
2.01239342919
2.01239342925
2.01239342926
2.01239342917
2.0123934292
2.01239342928
2.01239279428
     fun: 2.012392794276983
     jac: array([-0.00105941, -0.00025842, -0.00013497,  0.00194076,  0.00134844,
        0.00109336,  0.00145581,  0.00199467, -0.00103316,  0.00393775,
        0.00230044, -0.00283086,  0.00253606,  0.00285468,  0.00405103,
        0.00196448,  0.00174543,  0.00425196,  0.00169966,  0.00043634,
        0.00403169,  0.00487089, -0.00093818,  0.00107753,  0.00664914])
 message: 'Optimization terminated successfully.'
    nfev: 1369
     nit: 49
    njev: 49
  status: 0
 success: True
       x: array([ 0.69789495, -0.55606315, -0.59819999, -0.95206996,  0.3193475 ,
        1.27912939, -0.34866021, -0.10829395,  0.51660738, -0.09691396,
        0.30350935, -0.73680618, -0.55286834,  0.26050447,  0.24633754,
       -0.16002575, -0.25466626, -0.39568221,  0.32748658,  0.03351767,
       -0.03717183,  0.18183463,  0.07964441, -0.32290415,  0.11260629])

========================================================

Final result:
0.697894951689
-0.5560631539
-0.598199994938
0.152122732383
0.152122732383
0.152122732383
-0.952069964443
0.319347500564
1.27912939128
-0.348660206025
-0.108293952397
0.516607376452
-0.0969139641539
-0.0969139641539
0.303509345496
-0.736806176409
-0.552868343623
0.260504471539
0.246337539088
-0.160025746634
-0.254666261838
-0.395682212537
0.327486577761
0.0335176659694
-0.037171827016
0.181834631529
0.0796444099213
-0.322904153433
0.112606291969
0.139257747499
-0.736806176409
