LEU_neutral_methyl.filelist
7.03660258248
7.03660258248
7.03660121912
7.03660192264
7.03660195097
7.03660206139
7.03660213754
7.03660163561
7.03660165194
7.03660237348
7.03660145779
7.03660230346
7.03660249889
7.03660287799
7.03660301206
7.03660264276
37025.9602785
8236.03969497
1829.83309989
404.371569281
87.2787010292
17.2121105117
4.45634350358
4.45634350358
4.45634479613
4.45634410169
4.45634381121
4.45634384831
4.45634369112
4.45634356177
4.456343876
4.45634357394
4.45634343235
4.45634357249
4.45634353135
4.4563437759
4.45634387749
4.45634355971
5052.98132119
1020.44058096
204.895531845
40.0708342935
7.40893498221
3.2853151399
3.2853151399
3.28531665188
3.28531589291
3.2853157311
3.28531571924
3.28531556498
3.2853157539
3.28531608057
3.28531528107
3.28531580522
3.28531524233
3.28531519619
3.28531509429
3.28531502923
3.2853151297
581.962545842
61.6062079721
6.88780634462
3.17883155006
3.17883155006
3.17883324489
3.17883239136
3.17883218413
3.17883216817
3.17883194409
3.178832242
3.17883232264
3.17883172761
3.17883232094
3.17883178296
3.17883162185
3.1788314517
3.17883135897
3.1788315284
224.987077167
22.9426235047
3.64044618191
3.07038703845
3.07038703845
3.07038881132
3.07038789919
3.07038767938
3.07038760242
3.07038748113
3.07038776093
3.0703879481
3.0703872525
3.07038786839
3.07038734081
3.07038712503
3.07038694897
3.07038684892
3.07038701939
184.328414822
18.151783998
3.26593597052
3.01329376042
3.01329376042
3.01329553185
3.01329463625
3.01329444243
3.01329439701
3.01329420969
3.01329454231
3.01329466327
3.01329397373
3.01329464331
3.01329405543
3.01329384613
3.01329369296
3.01329361599
3.01329374673
72.4918557789
8.17831176034
2.9300749903
2.9300749903
2.93007678317
2.93007584866
2.93007564889
2.93007554896
2.93007542887
2.93007580648
2.93007589629
2.93007517652
2.93007588897
2.93007521996
2.93007506481
2.93007486122
2.93007480741
2.93007496415
35.2107273167
4.47627386689
2.81189652317
2.81189652317
2.81189821065
2.81189733175
2.81189717073
2.81189708607
2.81189695681
2.81189733924
2.81189740991
2.81189671984
2.81189735677
2.81189678513
2.81189660241
2.81189634352
2.81189633492
2.81189648608
30.5908077297
5.39845244643
2.27485646476
2.27485646476
2.27485737638
2.27485685588
2.27485684913
2.27485679865
2.27485673544
2.27485702941
2.27485702853
2.27485658564
2.27485713471
2.27485662719
2.27485651416
2.27485627761
2.27485621611
2.27485642606
11.7575927063
2.37802863864
1.74975746812
1.74975746812
1.74975708268
1.74975727609
1.74975742645
1.74975739132
1.74975745698
1.74975761599
1.74975746148
1.74975746575
1.74975769761
1.74975748083
1.74975746852
1.74975727635
1.74975720534
1.74975742888
2.7892199381
1.51080369016
1.51080369016
1.51080297397
1.51080334704
1.5108034651
1.51080347186
1.5108035484
1.51080350933
1.51080340012
1.510803631
1.51080354229
1.51080363324
1.51080366783
1.51080362831
1.51080363952
1.51080367693
3.24708376894
1.37198738404
1.37198738404
1.37198701651
1.3719872026
1.3719872004
1.37198723244
1.3719872534
1.37198710244
1.37198710418
1.37198732928
1.37198703908
1.37198732822
1.37198736323
1.37198750307
1.37198754964
1.371987409
1.31553735041
1.31553735041
1.3155376691
1.31553752518
1.31553749313
1.31553748349
1.31553745098
1.31553752651
1.31553757348
1.31553738086
1.31553755706
1.3155373694
1.31553736363
1.31553729965
1.31553726275
1.31553733959
1.25642318106
1.25642318106
1.25642333035
1.25642324138
1.25642322878
1.2564232194
1.25642321205
1.25642324584
1.25642323798
1.25642319986
1.25642325064
1.25642321493
1.25642318958
1.25642316935
1.25642317399
1.2564231789
1.24554896156
1.24554896156
1.2455487886
1.24554888182
1.24554890529
1.24554891458
1.24554892628
1.24554889799
1.24554889373
1.24554894272
1.24554889565
1.24554893304
1.24554895458
1.24554896692
1.24554896549
1.24554896278
1.24061084288
1.24061084288
1.24061084761
1.24061084626
1.24061084025
1.24061083865
1.24061083961
1.24061083738
1.24061083311
1.24061084297
1.24061083453
1.24061084592
1.24061084321
1.24061084713
1.24061084933
1.24061084391
1.23996227841
1.23996227841
1.2399623116
1.23996229337
1.2399622922
1.23996229305
1.23996228899
1.23996229292
1.23996230234
1.23996228136
1.23996229427
1.2399622793
1.23996227967
1.23996227682
1.23996227624
1.23996227817
1.23943613315
1.23943613315
1.23943613374
1.23943613325
1.23943613376
1.23943613341
1.2394361334
1.23943613516
1.23943613304
1.2394361335
1.23943613628
1.23943613413
1.23943613332
1.23943613144
1.2394361304
1.23943613288
1.23936132794
1.23936132794
1.23936132435
1.23936132635
1.23936132672
1.2393613266
1.23936132756
1.23936132634
1.2393613277
1.23936132749
1.23936132541
1.23936132696
1.23936132774
1.23936132881
1.23936132982
1.2393613282
1.23930062603
1.23930062603
1.23930062438
1.23930062534
1.23930062468
1.23930062508
1.23930062473
1.23930062333
1.23930062269
1.23930062565
1.23930062283
1.23930062591
1.23930062584
1.23930062717
1.23930062751
1.23930062629
1.2392663061
1.2392663061
1.23926630605
1.23926630608
1.2392663061
1.23926630591
1.23926630621
1.2392663063
1.23926630649
1.23926630613
1.23926630657
1.23926630609
1.23926630608
1.239266306
1.23926630573
1.23926630609
1.23926227592
1.23926227592
1.23926227586
1.23926227596
1.23926227605
1.23926227625
1.23926227587
1.23926227613
1.23926227564
1.23926227592
1.23926227593
1.23926227595
1.23926227591
1.2392622757
1.23926227582
1.23926227587
1.23926112471
1.23926112471
1.2392611249
1.23926112473
1.23926112464
1.23926112458
1.23926112475
1.23926112456
1.23926112491
1.23926112473
1.23926112466
1.23926112472
1.23926112472
1.23926112485
1.23926112483
1.23926112474
1.23926037953
     fun: 1.239260379533459
     jac: array([ 0.01289614,  0.00168891, -0.00406273, -0.00851406,  0.00332862,
       -0.00969999,  0.01374465,  0.00143854, -0.00321345,  0.00067642,
        0.00073709,  0.00985952,  0.0086067 ,  0.00229174])
 message: 'Optimization terminated successfully.'
    nfev: 399
     nit: 23
    njev: 23
  status: 0
 success: True
       x: array([ 0.30090878, -0.82123807,  0.30817823, -0.00294851, -0.23714928,
        0.41351404,  0.04421712,  0.53892297, -0.47138774, -0.06695697,
       -0.55570841, -0.35255882,  0.26395876, -0.39535505])

========================================================

Final result:
0.300908777567
-0.821238069337
0.300908777567
0.308178233664
-0.00294851110401
-0.237149279732
0.413514041454
0.0442171160301
0.0442171160301
0.538922967664
-0.471387744448
-0.0669569680457
-0.555708407879
-0.555708407879
0.126705059741
0.126705059741
0.126705059741
0.126705059741
0.126705059741
0.126705059741
-0.352558815066
0.263958755684
-0.395355050493
0.161318369959
0.161318369959
0.161318369959
