PHE_methyl_methyl.filelist
6.12366981515
6.12366981515
6.12366957031
6.12366945995
6.12366976723
6.12366914559
6.12366922998
6.12366900222
6.12366897861
6.12366912502
6.12366875336
6.12366838876
6.12366930219
6.12366865131
6.12366896625
6.12366883372
6.12366932993
6.1236694811
6.12366966581
6.12367004595
6.12367012598
6.12366986221
67498.1627104
13341.3324785
2635.37553371
518.992693938
100.708972846
18.5346734773
5.00057017911
5.00057017911
5.00056989337
5.00056976628
5.0005701235
5.00057082715
5.00057094765
5.0005706349
5.00057057075
5.00057068671
5.00057045595
5.00057131701
5.00057056687
5.00057040103
5.00057084913
5.00057098635
5.00057058194
5.00057051649
5.00057029762
5.00057038909
5.00057044781
5.00057022286
4024.27692757
876.334206414
189.346539847
39.5331585107
7.48700528296
3.17064859648
3.17064859648
3.17064854095
3.1706485603
3.17064858576
3.17064964743
3.17064965423
3.17064959242
3.17064958285
3.17064950205
3.17064963728
3.17065053735
3.17064924244
3.17064970752
3.17064966721
3.1706498883
3.1706492006
3.1706490655
3.17064877279
3.17064855595
3.17064850079
3.17064858786
707.137657402
70.291261315
7.23935933211
3.1349208113
3.1349208113
3.1349208275
3.13492087129
3.13492081426
3.13492178468
3.13492177226
3.13492178529
3.13492179399
3.13492174359
3.13492181739
3.1349228241
3.13492150244
3.13492187599
3.13492198348
3.13492221814
3.13492149873
3.13492136535
3.13492101383
3.13492078685
3.13492074231
3.134920806
145.750006653
14.2551577851
3.20468365644
3.05136694256
3.05136694256
3.05136693323
3.05136695267
3.05136694037
3.05136794486
3.05136795113
3.05136793414
3.05136791809
3.05136787686
3.05136800589
3.05136893446
3.05136765139
3.05136809424
3.05136816322
3.05136840086
3.05136767838
3.05136754931
3.05136716124
3.05136687771
3.05136681197
3.05136692895
208.252335615
25.4267243461
3.91761615167
2.88235948934
2.88235948934
2.88235953189
2.88235957446
2.88235949734
2.88236053987
2.88236053919
2.88236054806
2.8823605443
2.88236047131
2.88236063855
2.88236157291
2.88236023349
2.88236071787
2.88236075524
2.88236098681
2.882360236
2.88236005753
2.88235971478
2.88235946276
2.88235943
2.88235948487
173.421864291
17.2285420239
3.15876150617
2.85607186711
2.85607186711
2.85607191031
2.85607193025
2.85607187516
2.85607289433
2.85607290909
2.85607291128
2.85607288018
2.85607286498
2.856073019
2.85607401227
2.85607261731
2.85607310674
2.85607313288
2.85607336022
2.85607260463
2.85607241337
2.85607209032
2.85607181451
2.85607177097
2.8560718572
74.6912906216
7.52040957585
2.79898982505
2.79898982505
2.79898988152
2.79898992678
2.79898983596
2.79899083867
2.79899082433
2.79899085402
2.79899084907
2.79899077427
2.79899096053
2.79899183261
2.79899054785
2.79899096394
2.79899104811
2.7989912466
2.79899054777
2.7989903512
2.79899004741
2.79898971677
2.79898972054
2.79898980285
15.2908479052
3.06588860451
2.3503243498
2.3503243498
2.3503244472
2.35032447775
2.35032436747
2.35032504782
2.35032500666
2.35032513114
2.3503251534
2.35032504846
2.35032527906
2.35032582152
2.35032486906
2.35032527803
2.35032522227
2.35032534536
2.35032487947
2.350324764
2.35032451352
2.35032422035
2.35032423515
2.35032432367
61.8258592941
10.9074521106
2.34625515184
1.90464041603
1.90464041603
1.90464061905
1.90464065442
1.90464045552
1.90464068742
1.90464065559
1.90464078535
1.90464080974
1.90464071212
1.9046409343
1.90464101879
1.9046406301
1.90464096293
1.90464077057
1.90464080605
1.90464063572
1.90464058657
1.90464048576
1.90464025915
1.90464022665
1.90464038371
56.401809887
7.59806956609
1.89670131413
1.76261777038
1.76261777038
1.76261796702
1.76261801899
1.76261780813
1.76261782544
1.76261775483
1.76261795363
1.76261800658
1.76261788014
1.76261810307
1.76261795988
1.76261785043
1.76261813551
1.76261789669
1.76261789669
1.76261784115
1.76261779352
1.76261779543
1.7626176056
1.76261756286
1.76261773626
17.7501444214
2.60747140798
1.64877097226
1.64877097226
1.64877115598
1.64877124169
1.64877100793
1.64877083758
1.648770747
1.64877095366
1.64877098466
1.64877089243
1.64877110739
1.6487707625
1.64877090518
1.64877111945
1.64877084986
1.64877081119
1.64877089823
1.64877090254
1.64877095153
1.64877081114
1.64877078159
1.64877093919
4.93024858671
1.5342633195
1.5342633195
1.53426337408
1.53426341596
1.5342633295
1.53426290885
1.53426287446
1.53426295146
1.53426297512
1.53426296186
1.53426296864
1.53426253573
1.53426306264
1.53426299329
1.53426287697
1.53426272291
1.53426308027
1.5342631007
1.53426325842
1.534263285
1.53426326832
1.53426331177
26.080206308
3.17664799291
1.46907483883
1.46907483883
1.46907485112
1.4690748486
1.46907483989
1.46907432477
1.46907433613
1.46907434798
1.46907436117
1.46907438229
1.46907432881
1.46907385893
1.4690745002
1.46907432587
1.46907426869
1.46907414864
1.46907451128
1.46907457913
1.46907474273
1.46907483985
1.46907486653
1.46907483847
2.63044161837
1.35086119669
1.35086119669
1.35086111431
1.35086105939
1.35086118026
1.35086088489
1.35086092541
1.35086083449
1.35086081665
1.35086089193
1.35086075107
1.35086056278
1.35086097692
1.35086072348
1.35086083289
1.35086076071
1.35086098933
1.35086103823
1.35086113453
1.35086129133
1.35086131461
1.35086121636
1.36340914181
1.25142170933
1.25142170933
1.25142167741
1.25142167207
1.25142170287
1.25142173309
1.25142173945
1.25142170864
1.2514217057
1.25142171726
1.25142168267
1.25142173369
1.25142171204
1.25142168689
1.25142171522
1.2514217271
1.25142170768
1.25142171038
1.25142170646
1.25142173501
1.25142173042
1.25142171449
1.24974941835
1.23471557623
1.23471557623
1.23471556962
1.23471556877
1.23471557452
1.23471561696
1.23471562078
1.23471561331
1.23471561281
1.23471561367
1.23471561469
1.23471565667
1.2347156045
1.23471561037
1.23471562622
1.23471563659
1.23471560558
1.23471559972
1.23471558431
1.23471558034
1.23471558092
1.23471557719
1.28554150762
1.23014049458
1.23014049458
1.23014049728
1.2301404952
1.23014049478
1.23014052858
1.23014052772
1.23014052895
1.23014052888
1.23014052758
1.23014053545
1.2301405637
1.23014051996
1.23014053223
1.23014053949
1.23014054619
1.23014052236
1.23014051629
1.23014050279
1.23014049124
1.23014049526
1.23014049399
1.22104098693
1.22104098693
1.22104100191
1.22104100726
1.22104098967
1.22104095852
1.22104095299
1.2210409664
1.22104097108
1.22104096357
1.22104097533
1.22104093496
1.22104096636
1.22104098008
1.22104095031
1.22104094262
1.2210409645
1.22104096916
1.22104098013
1.22104097542
1.22104097013
1.22104098454
1.21310942432
1.21310942432
1.21310942806
1.21310943236
1.21310942504
1.2131094068
1.21310940489
1.21310940887
1.21310941044
1.21310940961
1.21310941051
1.21310938948
1.21310941512
1.21310941239
1.21310940911
1.21310940389
1.21310941611
1.21310941575
1.21310942251
1.21310942135
1.21310942073
1.21310942378
1.2113570945
1.2113570945
1.21135708988
1.21135708745
1.21135709367
1.21135709257
1.21135709344
1.21135709121
1.21135709103
1.21135709241
1.21135708911
1.21135709144
1.21135709064
1.21135708738
1.21135708683
1.21135708713
1.21135708989
1.21135709161
1.21135709355
1.21135709735
1.21135709867
1.21135709523
1.21019355403
1.21019355403
1.21019355106
1.21019354728
1.21019355358
1.21019356842
1.21019357033
1.21019356627
1.21019356533
1.21019356682
1.21019356492
1.21019358245
1.210193562
1.21019356421
1.21019356575
1.2101935697
1.21019355905
1.21019356137
1.21019355483
1.21019355651
1.21019355628
1.21019355468
1.20756328786
1.20756328786
1.20756329038
1.20756329053
1.20756328853
1.20756329698
1.20756329818
1.2075632957
1.20756329464
1.20756329612
1.20756329562
1.20756330347
1.20756329615
1.20756329647
1.20756330374
1.2075633072
1.20756329791
1.20756329583
1.20756329095
1.20756328808
1.20756328673
1.20756328799
1.20599546787
1.20599546787
1.2059954668
1.20599546826
1.20599546773
1.20599546771
1.20599546664
1.20599546785
1.20599546817
1.20599546755
1.20599546825
1.20599546615
1.20599546781
1.20599546773
1.20599546767
1.20599546649
1.20599546759
1.2059954656
1.20599546807
1.20599546743
1.20599546853
1.20599546783
1.20530629401
1.20530629401
1.20530629414
1.20530629416
1.20530629411
1.20530629058
1.20530629055
1.20530629132
1.2053062914
1.20530629213
1.20530629107
1.20530628992
1.20530629284
1.20530629136
1.20530629301
1.20530629267
1.20530629435
1.20530629526
1.20530629415
1.20530629409
1.20530629407
1.20530629405
1.20510917468
1.20510917468
1.20510917437
1.20510917411
1.20510917473
1.20510917718
1.20510917761
1.2051091762
1.2051091759
1.20510917509
1.2051091762
1.20510917558
1.20510917387
1.20510917579
1.20510917239
1.20510917208
1.20510917206
1.20510917128
1.20510917382
1.20510917472
1.20510917492
1.20510917471
1.20485946966
1.20485946966
1.20485946994
1.20485946986
1.20485946977
1.20485946984
1.20485946968
1.20485947009
1.20485947011
1.20485947
1.20485947016
1.2048594705
1.20485946961
1.20485947012
1.20485946952
1.2048594696
1.20485946918
1.20485946934
1.2048594694
1.20485946945
1.2048594692
1.20485946962
1.20462727511
1.20462727511
1.20462727505
1.20462727488
1.2046272751
1.20462727567
1.20462727584
1.20462727569
1.20462727563
1.20462727561
1.20462727578
1.20462727601
1.20462727565
1.20462727629
1.20462727644
1.20462727668
1.20462727623
1.20462727686
1.20462727542
1.20462727523
1.20462727493
1.20462727513
1.2045883917
1.2045883917
1.20458839231
1.20458839242
1.20458839179
1.20458839006
1.20458838985
1.20458839065
1.20458839075
1.20458839153
1.2045883903
1.2045883919
1.20458839169
1.2045883898
1.20458839182
1.20458839176
1.20458839177
1.20458839181
1.20458839177
1.20458839162
1.20458839181
1.20458839166
1.20456002859
1.20456002859
1.20456002822
1.2045600282
1.20456002849
1.20456002878
1.20456002872
1.20456002859
1.20456002859
1.20456002818
1.20456002883
1.20456002745
1.20456002825
1.20456002899
1.20456002801
1.20456002792
1.20456002813
1.20456002804
1.20456002852
1.20456002845
1.20456002835
1.20456002855
1.20451354986
1.20451354986
1.20451354947
1.20451354957
1.20451354976
1.20451355107
1.20451355114
1.20451355059
1.2045135506
1.20451354988
1.20451355077
1.20451354954
1.20451354974
1.20451355098
1.20451354955
1.20451354944
1.20451354949
1.20451354926
1.20451354983
1.20451355008
1.20451355012
1.2045135499
1.20425173575
1.20425173575
1.20425173374
1.20425173309
1.20425173538
1.20425174083
1.20425174195
1.20425173862
1.20425173769
1.20425173667
1.20425173939
1.20425173689
1.20425173586
1.20425174009
1.20425173537
1.20425173509
1.20425173511
1.20425173454
1.20425173566
1.2042517353
1.2042517351
1.20425173568
1.20412008115
1.20412008115
1.2041200818
1.20412008285
1.2041200813
1.20412008392
1.20412008371
1.20412008347
1.20412008433
1.20412008208
1.20412008303
1.20412008256
1.2041200815
1.20412008312
1.2041200813
1.20412008134
1.20412008077
1.20412008009
1.20412008108
1.20412008344
1.20412008423
1.20412008169
1.20405195469
1.20405195469
1.20405195421
1.20405195406
1.20405195462
1.20405195613
1.20405195647
1.2040519555
1.20405195518
1.20405195508
1.20405195568
1.20405195542
1.20405195482
1.2040519558
1.20405195473
1.20405195464
1.20405195463
1.20405195449
1.20405195469
1.20405195456
1.20405195454
1.2040519547
1.20403736631
1.20403736631
1.20403736621
1.20403736612
1.2040373663
1.2040373664
1.20403736646
1.20403736633
1.20403736627
1.20403736633
1.20403736637
1.20403736637
1.20403736633
1.20403736639
1.20403736635
1.20403736634
1.20403736634
1.20403736635
1.20403736633
1.20403736618
1.20403736615
1.20403736631
1.20403006196
1.20403006196
1.20403006211
1.20403006212
1.20403006199
1.20403006134
1.20403006124
1.20403006157
1.20403006162
1.20403006178
1.20403006154
1.2040300617
1.2040300619
1.2040300615
1.20403006194
1.20403006196
1.20403006199
1.20403006208
1.20403006197
1.2040300619
1.20403006187
1.20403006196
1.20402364001
1.20402364001
1.20402364022
1.20402364029
1.20402364005
1.20402363933
1.20402363916
1.2040236396
1.20402363976
1.2040236398
1.20402363951
1.20402363963
1.20402363995
1.20402363942
1.20402364001
1.20402364004
1.20402364007
1.20402364017
1.20402364002
1.20402364003
1.20402364004
1.20402364002
1.20402135377
1.20402135377
1.20402135388
1.20402135387
1.20402135379
1.20402135341
1.20402135338
1.20402135357
1.20402135356
1.20402135375
1.20402135359
1.20402135383
1.20402135377
1.20402135363
1.2040213538
1.20402135382
1.20402135378
1.20402135379
1.20402135377
1.20402135376
1.20402135372
1.20402135376
1.20402118726
     fun: 1.2040211872574282
     jac: array([  7.82208145e-03,   6.76669180e-03,   1.38530135e-03,
        -2.39115208e-02,  -2.58942842e-02,  -1.31530762e-02,
        -1.40030980e-02,  -1.25543773e-03,  -1.18945241e-02,
         4.58709896e-03,   5.63696027e-04,  -9.34603810e-03,
         2.15232372e-03,   3.95394862e-03,   1.18285418e-03,
         1.94634497e-03,   7.27027655e-05,  -3.12879682e-04,
        -3.23343277e-03,  -5.70863485e-05])
 message: 'Optimization terminated successfully.'
    nfev: 879
     nit: 38
    njev: 38
  status: 0
 success: True
       x: array([ 0.48951714, -0.48463225, -0.34945511, -0.52932088,  0.23882845,
        0.61017897, -0.04731919, -0.67543116,  0.37481355,  0.15698558,
        0.51984093, -0.46391501, -0.36161817,  0.162522  , -0.07308098,
        0.13905369, -0.23003376, -0.35195471,  0.26085257, -0.41972658])

========================================================

Final result:
0.489517139205
-0.484632252084
-0.349455112495
0.114856741791
0.114856741791
0.114856741791
-0.529320882859
0.238828451008
0.610178972232
-0.0473191875967
-0.675431158583
0.374813546121
0.156985575235
0.156985575235
0.519840929414
-0.463915012222
-0.361618168721
-0.361618168721
0.162522002856
-0.0730809794219
-0.0730809794219
0.162522002856
0.139053687264
-0.230033762926
0.139053687264
0.154633870987
-0.351954709589
0.260852570746
-0.419726584923
0.170276241255
0.170276241255
0.170276241255
