GLY_charged_methyl.filelist
8.49663395498
8.49663395498
8.49663439851
8.49663406386
8.49663390453
8.49663372909
8.49663387794
8.49663423527
8.49663409088
8.49663401294
6657.25848587
663.870785187
65.6756267907
9.9024940568
8.22894016759
8.22894016759
8.22893981402
8.2289400335
8.22893996448
8.22893988292
8.22893978154
8.22894035341
8.22894016326
8.22894020646
3559.7454583
613.922624407
104.310823834
17.3834263063
7.07001087048
7.07001087048
7.07001052898
7.07001080556
7.07001098558
7.07001077209
7.07001138747
7.07001110595
7.07001104439
7.07001091839
1940.00713564
381.414277669
73.3305292974
13.3774188278
5.39828826656
5.39828826656
5.39828792923
5.39828819152
5.39828831821
5.3982881938
5.39828856927
5.39828815859
5.39828800579
5.39828823971
379.769320352
80.5738852274
15.873610469
3.82278893735
3.82278893735
3.82278817287
3.82278875436
3.82278902653
3.82278913579
3.8227892254
3.82278866402
3.82278876644
3.82278887932
2.22394087421
2.22394087421
2.22394167567
2.22394106538
2.2239407643
2.22394080802
2.22394040798
2.22394097543
2.2239409661
2.22394089683
2.0438739287
1.55627171214
1.55627171214
1.5562718307
1.55627174282
1.55627169504
1.55627163529
1.55627169176
1.55627183725
1.55627183309
1.556271738
6.65292292298
1.58095114232
1.49529761158
1.49529761158
1.49529763565
1.49529762075
1.49529761176
1.49529756088
1.49529764377
1.49529772416
1.49529769336
1.49529763513
2.59341656859
1.42061525404
1.42061525404
1.42061521604
1.42061524901
1.42061526501
1.42061525903
1.42061529692
1.42061521841
1.42061521026
1.42061524561
1.41382344869
1.41382344869
1.41382325613
1.41382339755
1.4138234451
1.41382347754
1.41382344972
1.41382345367
1.41382349246
1.41382345043
1.39505533931
1.39505533931
1.39505559418
1.39505540795
1.39505534446
1.39505533025
1.39505531839
1.3950553685
1.3950553582
1.39505534544
1.38658439948
1.38658439948
1.38658416947
1.3865843261
1.38658433804
1.38658436576
1.38658426857
1.38658436549
1.3865843366
1.38658439244
1.41082780635
1.38206756613
1.38206756613
1.38206747645
1.38206754186
1.38206756213
1.38206756253
1.38206757439
1.38206755704
1.38206755398
1.38206756414
1.37917911276
1.37917911276
1.37917913153
1.37917911818
1.37917911447
1.37917911575
1.37917911326
1.37917911412
1.37917911661
1.37917911315
1.37867355115
1.37867355115
1.37867356176
1.37867355432
1.37867355266
1.37867355185
1.37867355407
1.3786735528
1.37867355343
1.37867355157
1.37849909042
1.37849909042
1.37849908863
1.37849908994
1.37849909033
1.37849909029
1.37849909058
1.37849909014
1.37849909001
1.37849909042
1.37847996372
1.37847996372
1.37847996294
1.3784799635
1.37847996365
1.3784799636
1.37847996368
1.37847996366
1.37847996358
1.37847996375
1.37846290047
1.37846290047
1.37846290052
1.37846290047
1.37846290041
1.37846290046
1.37846290022
1.37846290046
1.37846290046
1.37846290048
1.37846129135
1.37846129135
1.37846129145
1.37846129137
1.37846129134
1.37846129135
1.37846129127
1.37846129136
1.37846129137
1.37846129135
     fun: 1.378461291347418
     jac: array([ 0.00699522,  0.00159556, -0.00073054,  0.00029038, -0.00493571,
        0.00107555,  0.00175014,  0.00032866])
 message: 'Optimization terminated successfully.'
    nfev: 210
     nit: 19
    njev: 19
  status: 0
 success: True
       x: array([ 0.46004987, -0.86336053,  0.040837  ,  0.69678955,  0.12716669,
       -0.61129069,  0.36070159, -0.31932998])

========================================================

Final result:
0.460049873064
0.460049873064
-0.863360530183
0.460049873064
0.0408370002379
0.696789551548
0.127166687393
0.127166687393
-0.508749015579
-0.611290690699
0.360701591052
-0.319329976814
0.189973025487
0.189973025487
0.189973025487
