GLN_charged_methyl.filelist
11.481408427
11.481408427
11.4814063111
11.4814076966
11.4814075955
11.4814076324
11.4814077184
11.4814073172
11.4814069363
11.4814079278
11.4814072756
11.4814074814
11.4814080683
11.4814079569
11.4814083281
11.4814087317
11.4814087765
11.481408489
94172.9166557
18331.7724724
3565.53983201
690.608613417
131.118199651
23.6831167971
8.97626606344
8.97626606344
8.97626754767
8.97626648616
8.9762662033
8.976266234
8.97626614402
8.97626594306
8.97626616916
8.97626614701
8.97626592636
8.97626631
8.97626602806
8.97626591697
8.97626605687
8.97626639775
8.97626643379
8.97626613188
7499.59090356
1534.32298875
311.492755181
61.1106284813
11.5420490793
6.45689411382
6.45689411382
6.45689590034
6.45689468886
6.45689460607
6.45689461547
6.45689461231
6.45689450573
6.45689519434
6.45689449796
6.45689464996
6.45689492448
6.45689430699
6.45689427024
6.45689417279
6.45689428121
6.45689419209
6.4568941484
1829.84925273
245.188387423
32.3808814243
6.80878491604
6.00283497354
6.00283497354
6.00283713698
6.00283567024
6.00283557131
6.00283557259
6.00283548392
6.00283556975
6.00283604758
6.00283532176
6.00283577634
6.00283567771
6.00283513043
6.00283507711
6.00283502258
6.00283502257
6.00283486994
6.00283498349
527.941228507
79.9142654434
12.2115863997
5.42620309431
5.42620309431
5.42620567219
5.42620393477
5.42620385479
5.42620389999
5.42620371896
5.42620386394
5.42620433436
5.42620359274
5.42620402853
5.42620410005
5.42620344005
5.42620352284
5.42620319675
5.42620309494
5.4262029613
5.42620309365
291.890316976
43.5024216237
7.3261016333
4.88190353687
4.88190353687
4.88190651904
4.8819045178
4.8819044588
4.88190448071
4.88190432714
4.88190451034
4.88190520749
4.88190407444
4.88190460047
4.88190451542
4.88190393684
4.88190406453
4.88190365516
4.88190348396
4.88190341115
4.88190352555
705.168857487
81.745439771
9.96157125587
4.67421050195
4.67421050195
4.67421364043
4.67421154102
4.6742115048
4.67421153175
4.67421133399
4.67421160858
4.67421219259
4.67421112834
4.67421166304
4.67421176678
4.67421088665
4.67421092864
4.67421061621
4.67421036759
4.67421031888
4.67421047364
100.799651818
10.3271894525
4.60339009499
4.60339009499
4.60339324506
4.60339112841
4.60339105715
4.60339099992
4.6033909259
4.60339120119
4.6033918087
4.603390725
4.60339127766
4.60339136134
4.60339049738
4.60339055945
4.6033902139
4.6033899364
4.60338987772
4.60339006219
140.704470066
14.0516472026
4.57604596147
4.52524874509
4.52524874509
4.52525184811
4.52524976871
4.52524972169
4.52524968243
4.52524957073
4.52524988118
4.52525043598
4.52524936873
4.52524995651
4.52524999535
4.52524914341
4.52524920604
4.52524886294
4.52524861394
4.52524857502
4.52524871875
11.4848497306
3.02854107588
3.02854107588
3.02853982081
3.02854070393
3.0285408725
3.02854084176
3.02854091702
3.02854102694
3.02854078164
3.02854093534
3.02854101809
3.02854074036
3.02854103092
3.02854110747
3.02854105951
3.02854088206
3.02854086091
3.02854103623
3.7139605833
2.48566197134
2.48566197134
2.48566055477
2.48566151886
2.48566158255
2.48566157278
2.48566162979
2.48566160044
2.48566126641
2.48566170451
2.48566154849
2.48566140306
2.48566182241
2.48566181441
2.48566193691
2.48566192292
2.48566197153
2.48566196107
4.3144912238
2.23255419709
2.23255419709
2.23255402327
2.23255412611
2.23255406317
2.2325540678
2.23255406175
2.2325539877
2.23255389561
2.23255409675
2.23255393624
2.23255401209
2.23255410295
2.23255407278
2.23255417085
2.23255428838
2.23255433281
2.2325542157
2.44081868654
2.11420982056
2.11420982056
2.11420999196
2.11420987519
2.11420985449
2.11420985877
2.11420985981
2.11420981761
2.11420990226
2.11420985812
2.11420983321
2.11420990565
2.11420983172
2.11420981694
2.11420982855
2.11420987113
2.1142098586
2.11420983078
2.29638551287
2.06577602662
2.06577602662
2.06577630608
2.06577611949
2.06577610892
2.06577611321
2.06577610435
2.06577609552
2.06577618673
2.06577608936
2.06577612767
2.065776157
2.06577605987
2.06577606529
2.06577603743
2.06577603439
2.06577602467
2.0657760277
2.23949445911
1.98211001486
1.98211001486
1.98211042424
1.98211014999
1.98211013864
1.98211013569
1.9821101031
1.9821101686
1.9821101851
1.98211007807
1.9821101718
1.98211013071
1.9821100627
1.98211008023
1.98211002964
1.98210997426
1.9821099667
1.98211000617
1.98488973798
1.95017927011
1.95017927011
1.9501791591
1.95017923978
1.95017926233
1.95017925808
1.95017927283
1.95017927976
1.95017928654
1.95017927096
1.95017928234
1.95017926547
1.950179276
1.95017928399
1.95017927142
1.95017924946
1.95017924627
1.95017926574
1.94430540479
1.94430540479
1.9443053803
1.9443053948
1.94430538589
1.94430539003
1.94430537971
1.94430538002
1.94430534533
1.94430538774
1.94430538366
1.94430537247
1.94430539227
1.94430538719
1.94430540117
1.94430541112
1.94430540796
1.94430540587
1.94122009487
1.94122009487
1.94122016548
1.94122011675
1.94122010887
1.94122010889
1.94122010947
1.94122010113
1.94122012753
1.94122010648
1.94122009357
1.94122011879
1.94122010089
1.94122009955
1.94122009653
1.94122010483
1.94122011242
1.9412200968
1.93847002258
1.93847002258
1.93847002433
1.93847002434
1.93847002767
1.93847002596
1.93847002913
1.93847003247
1.93847003937
1.93847002671
1.9384700337
1.9384700302
1.93847002409
1.93847002442
1.93847002273
1.93847001849
1.93847001701
1.93847002167
1.93678910131
1.93678910131
1.93678906683
1.93678909103
1.93678909516
1.93678909628
1.9367890976
1.9367890958
1.93678909412
1.93678910021
1.93678909597
1.93678909845
1.93678910328
1.93678910713
1.93678910183
1.93678910002
1.93678909928
1.93678910097
1.93649815701
1.93649815701
1.93649816554
1.93649815907
1.93649815671
1.93649815531
1.936498154
1.93649815948
1.9364981509
1.93649815129
1.93649816178
1.93649814419
1.9364981502
1.9364981449
1.9364981554
1.93649815423
1.93649815286
1.93649815643
1.93585665996
1.93585665996
1.93585666446
1.93585666124
1.93585666069
1.93585666079
1.93585666037
1.93585666051
1.93585665981
1.93585666122
1.93585666047
1.9358566636
1.93585666033
1.9358566601
1.93585666008
1.93585666047
1.93585666052
1.93585666005
1.93582512419
1.93582512419
1.93582512109
1.93582512325
1.93582512369
1.93582512404
1.93582512418
1.93582512328
1.93582512512
1.93582512336
1.93582512308
1.935825121
1.93582512447
1.93582512557
1.93582512428
1.93582512441
1.93582512439
1.93582512422
1.93578305576
1.93578305576
1.93578305291
1.93578305487
1.93578305518
1.93578305519
1.93578305539
1.93578305527
1.93578305512
1.93578305545
1.9357830552
1.93578305492
1.93578305566
1.93578305571
1.93578305576
1.93578305552
1.93578305559
1.9357830557
1.93576911676
1.93576911676
1.93576911774
1.93576911705
1.93576911695
1.93576911687
1.93576911687
1.93576911701
1.93576911686
1.93576911692
1.93576911708
1.93576911718
1.93576911678
1.9357691167
1.93576911676
1.93576911683
1.93576911683
1.93576911677
1.93576678741
1.93576678741
1.9357667875
1.93576678743
1.93576678743
1.93576678747
1.93576678738
1.93576678739
1.93576678726
1.93576678748
1.93576678735
1.9357667877
1.93576678734
1.9357667872
1.93576678738
1.93576678732
1.93576678731
1.93576678739
1.93576607995
     fun: 1.9357660799519678
     jac: array([ 0.00582787,  0.00163038,  0.00153725,  0.00412279, -0.00171407,
       -0.0010305 , -0.01015225,  0.00461109, -0.00368917,  0.01965562,
       -0.0046221 , -0.0140193 , -0.00174896, -0.00576815, -0.00696287,
       -0.00161992])
 message: 'Optimization terminated successfully.'
    nfev: 505
     nit: 26
    njev: 26
  status: 0
 success: True
       x: array([ 0.56531762, -1.20268634, -0.34423528,  0.33874129, -0.39604816,
        0.82713739,  0.27440768, -0.87195545, -0.49866385,  0.30626029,
        1.02446805, -0.53938196, -1.15717516, -0.55951513,  0.3221046 ,
       -0.19974412])

========================================================

Final result:
0.565317624331
0.565317624331
-1.20268634169
0.565317624331
-0.344235282819
0.338741292927
-0.396048156301
0.827137385296
0.274407680044
0.274407680044
-0.871955450779
-0.498663846788
0.306260294042
0.306260294042
1.02446805103
-0.539381961521
-1.1571751613
0.481255325389
0.481255325389
-0.559515128098
0.322104602803
-0.199744116909
0.145718214068
0.145718214068
0.145718214068
