ILE_methyl_methyl.filelist
5.94268104125
5.94268104125
5.94268076171
5.94268065091
5.94268098673
5.94268075753
5.94268084403
5.94268058634
5.94268056294
5.94268071758
5.94268029926
5.94268071422
5.94268068574
5.94268088247
5.94268017398
5.94267995617
5.94268075113
5.94268100961
5.94268132588
5.9426814187
5.94268109973
29770.5987827
5560.23575902
1037.05127345
192.040725916
34.4541917392
6.73549518578
4.7694710819
4.7694710819
4.76947076581
4.76947067339
4.7694710202
4.76947133905
4.76947141575
4.76947114105
4.76947111989
4.76947116715
4.76947092872
4.76947115936
4.76947120775
4.76947116348
4.76947083459
4.76947149598
4.76947129106
4.76947109826
4.76947130687
4.76947138318
4.76947112847
4751.36344299
1098.26736481
252.294818172
56.4373486741
11.346602126
2.59105625466
2.59105625466
2.59105630467
2.59105644946
2.59105626453
2.59105668077
2.59105656732
2.59105671266
2.59105678197
2.59105656718
2.59105681631
2.59105652171
2.5910566823
2.59105637319
2.59105688699
2.59105762485
2.59105642928
2.59105627695
2.59105609191
2.59105600876
2.59105621982
1091.97150214
108.778031637
10.7318521219
2.6177175027
2.54267335991
2.54267335991
2.54267339292
2.54267353424
2.54267336671
2.54267387234
2.54267376737
2.54267388045
2.54267394604
2.54267370316
2.54267399531
2.54267366475
2.54267375775
2.54267352981
2.54267408204
2.5426745956
2.54267368407
2.54267339243
2.5426731847
2.54267309129
2.54267332249
662.569576941
65.7576627623
6.51227774073
2.49251033219
2.49251033219
2.49251045577
2.49251060015
2.49251035623
2.49251072911
2.4925106229
2.49251080907
2.49251087131
2.49251070291
2.49251093093
2.4925106716
2.49251079769
2.49251054868
2.49251102516
2.49251180009
2.4925107899
2.49251037451
2.49251015867
2.49251006516
2.49251029523
282.984547961
27.9237656898
3.3505544405
2.43537743391
2.43537743391
2.43537754083
2.43537764135
2.43537745461
2.43537784251
2.43537777655
2.43537791751
2.43537792819
2.43537783346
2.43537808121
2.43537785716
2.43537791681
2.43537763869
2.43537821855
2.43537894437
2.43537783086
2.43537747369
2.43537723444
2.43537711444
2.43537739205
256.119508351
25.3162757177
3.19184814453
2.39322406666
2.39322406666
2.39322421525
2.39322434886
2.39322409546
2.39322449718
2.39322441436
2.39322458726
2.39322462832
2.39322448336
2.39322474236
2.39322450936
2.39322455853
2.39322427346
2.39322486222
2.39322559707
2.39322445746
2.39322410656
2.39322391304
2.3932238272
2.39322403495
121.753923274
12.5427572448
2.51541155772
2.30958228916
2.30958228916
2.30958243526
2.30958255291
2.30958231701
2.30958272395
2.30958264632
2.30958282336
2.30958285443
2.30958269927
2.30958302192
2.30958268146
2.30958279766
2.30958250474
2.30958314585
2.30958388771
2.30958271491
2.30958233095
2.30958210384
2.30958202283
2.30958225119
44.4215744016
4.56598552713
2.25803734483
2.25803734483
2.25803750868
2.25803761922
2.25803737626
2.25803778053
2.2580377066
2.25803788367
2.25803791016
2.25803776256
2.2580380886
2.25803776313
2.25803784847
2.25803755899
2.25803815279
2.25803891932
2.25803776027
2.25803738629
2.25803711491
2.25803707206
2.25803729711
8.32397196878
2.08597510521
2.08597510521
2.08597524677
2.08597521041
2.08597513159
2.08597515152
2.08597514767
2.08597525362
2.08597530597
2.08597521437
2.08597533656
2.08597522333
2.08597522108
2.08597515622
2.08597539995
2.08597546058
2.08597520425
2.08597511472
2.08597500998
2.08597496328
2.08597508544
22.5479745552
3.49652453826
1.88959518511
1.88959518511
1.88959532664
1.88959527203
1.88959521333
1.8895951002
1.88959513655
1.88959514065
1.88959514299
1.88959514181
1.88959517673
1.88959514641
1.88959512315
1.88959516005
1.8895952259
1.88959498709
1.88959514266
1.88959517907
1.88959515166
1.88959510114
1.88959517853
51.8155986442
7.59446767222
1.86616296129
1.7049655319
1.7049655319
1.70496561328
1.70496554962
1.70496554819
1.7049652846
1.70496530202
1.70496531941
1.70496531289
1.7049653578
1.70496532632
1.70496537578
1.70496529943
1.70496543722
1.70496532693
1.70496479206
1.70496535452
1.70496551192
1.70496554666
1.70496552815
1.70496553578
3.91849619645
1.49982501596
1.49982501596
1.49982498667
1.4998249036
1.49982500928
1.49982465283
1.4998247318
1.49982463371
1.49982461268
1.49982472289
1.49982454959
1.49982474193
1.49982463778
1.49982486749
1.4998245208
1.49982382155
1.49982474621
1.49982498543
1.49982511275
1.49982516012
1.49982503622
1.76229458116
1.23953291394
1.23953291394
1.2395328033
1.23953276158
1.23953289208
1.23953292173
1.2395329626
1.23953284965
1.23953282323
1.2395328762
1.2395327813
1.23953288257
1.23953286111
1.23953290997
1.23953273958
1.23953274794
1.2395329359
1.23953291244
1.23953300178
1.23953304715
1.23953293263
1.37099606055
1.16102201497
1.16102201497
1.16102200487
1.16102203417
1.16102201279
1.16102200234
1.16102198598
1.16102199955
1.16102200172
1.16102199793
1.16102200039
1.16102199329
1.16102200481
1.16102199629
1.161021994
1.16102199189
1.1610219725
1.16102201058
1.16102200917
1.16102201
1.16102201383
1.14639997856
1.14639997856
1.14640001024
1.14640000352
1.14639998468
1.14640005281
1.14640004205
1.1464000679
1.14640007556
1.14640005044
1.14640009196
1.1464000529
1.14640005857
1.14640001958
1.14640011393
1.14640022604
1.14640006457
1.14639998709
1.14639994919
1.14639993911
1.14639997256
1.21404335605
1.12833098492
1.12833098492
1.12833100492
1.12833099386
1.12833098866
1.12833105719
1.12833105913
1.12833106855
1.1283310738
1.12833105384
1.12833108863
1.12833105685
1.12833105999
1.12833102699
1.12833110161
1.12833121681
1.12833107512
1.12833099378
1.12833096836
1.12833095709
1.1283309818
1.12626468699
1.10790056961
1.10790056961
1.1079005713
1.10790057102
1.10790056988
1.10790055791
1.10790055827
1.10790055761
1.10790055734
1.10790055946
1.10790055637
1.10790055811
1.10790055812
1.10790056233
1.10790055539
1.10790053589
1.10790055377
1.10790056846
1.10790057084
1.10790057032
1.10790057004
1.10588626746
1.10588626746
1.10588626612
1.10588626666
1.10588626709
1.10588626923
1.10588626945
1.10588626957
1.10588626946
1.1058862704
1.10588626987
1.10588627113
1.10588626868
1.10588627004
1.10588627006
1.10588627135
1.10588627463
1.10588626824
1.10588626745
1.10588626807
1.10588626762
1.10264332383
1.10264332383
1.10264332006
1.10264332124
1.10264332309
1.10264333535
1.10264333435
1.10264333431
1.10264333504
1.10264333236
1.10264333451
1.10264333188
1.1026433347
1.10264332806
1.10264333409
1.10264335899
1.10264333181
1.10264332477
1.10264332328
1.10264332456
1.10264332382
1.10177272217
1.10177272217
1.10177272341
1.10177272337
1.10177272252
1.10177272237
1.1017727229
1.10177272264
1.10177272155
1.1017727237
1.10177272308
1.10177272525
1.10177272111
1.10177272562
1.10177272434
1.10177271711
1.10177273233
1.10177272283
1.10177272203
1.10177272131
1.10177272221
1.10156995216
1.10156995216
1.101569952
1.10156995179
1.10156995219
1.10156995052
1.10156995038
1.10156995102
1.10156995145
1.10156995086
1.1015699511
1.1015699507
1.10156995145
1.10156995049
1.10156995073
1.10156995056
1.10156994738
1.10156995179
1.10156995207
1.10156995253
1.1015699522
1.10149559885
1.10149559885
1.10149559862
1.10149559874
1.10149559886
1.10149559949
1.10149559941
1.10149559918
1.10149559936
1.10149559887
1.10149559892
1.10149559848
1.1014955993
1.10149559871
1.10149559875
1.1014956006
1.10149559829
1.10149559881
1.1014955989
1.10149559888
1.1014955989
1.1014486253
1.1014486253
1.10144862538
1.10144862537
1.10144862535
1.10144862561
1.10144862569
1.10144862553
1.10144862527
1.10144862564
1.1014486257
1.10144862583
1.10144862559
1.10144862551
1.10144862581
1.10144862616
1.10144862573
1.10144862533
1.10144862533
1.10144862523
1.10144862533
1.10143506764
1.10143506764
1.10143506762
1.10143506771
1.10143506765
1.10143506758
1.1014350675
1.10143506749
1.10143506767
1.10143506745
1.10143506723
1.10143506722
1.10143506719
1.1014350679
1.10143506716
1.10143506609
1.10143506869
1.10143506769
1.10143506767
1.10143506763
1.10143506765
1.10143158306
1.10143158306
1.10143158312
1.10143158308
1.10143158307
1.10143158311
1.10143158321
1.10143158311
1.101431583
1.1014315832
1.1014315832
1.1014315833
1.10143158327
1.10143158302
1.1014315833
1.10143158372
1.10143158283
1.10143158305
1.10143158305
1.10143158301
1.10143158306
1.10143022298
1.10143022298
1.10143022296
1.10143022297
1.10143022298
1.10143022302
1.10143022299
1.10143022303
1.10143022303
1.10143022301
1.10143022309
1.10143022301
1.10143022303
1.10143022296
1.10143022307
1.10143022314
1.10143022289
1.10143022297
1.10143022297
1.101430223
1.10143022298
1.10142962392
     fun: 1.1014296239226569
     jac: array([ -9.01207328e-04,  -6.08921051e-04,  -7.29262829e-05,
         2.78599560e-03,   1.08315051e-03,   3.80124152e-03,
         3.79526615e-03,   2.46740878e-03,   7.89415836e-03,
         2.53200531e-03,   3.64553928e-03,  -1.42706931e-03,
         6.13802671e-03,   1.07371211e-02,  -6.15151227e-03,
        -4.64066863e-04,  -6.94647431e-04,   1.64626539e-03,
         2.99960375e-05])
 message: 'Optimization terminated successfully.'
    nfev: 608
     nit: 27
    njev: 27
  status: 0
 success: True
       x: array([ 0.53235296, -0.50705745, -0.39515793, -0.46195048,  0.23424735,
        0.17721805,  0.03675748,  0.01550004,  0.46793587, -0.02541573,
       -0.06353864,  0.40916771, -0.48709477,  0.01069387, -0.11165476,
       -0.22946496, -0.30232234,  0.2375446 , -0.46672323])

========================================================

Final result:
0.532352962605
-0.507057445778
-0.395157929462
0.123287470878
0.123287470878
0.123287470878
-0.46195047668
0.234247349669
0.177218048309
0.0367574815915
0.0155000418563
0.467935874964
-0.0254157345803
-0.0635386357829
0.40916771424
-0.487094770984
0.0106938700434
0.0106938700434
0.0106938700434
-0.111654763313
-0.111654763313
-0.229464962679
0.0392886621909
0.0392886621909
0.0392886621909
-0.30232234427
0.237544598064
-0.466723231576
0.177166992594
0.177166992594
0.177166992594
