PHE_neutral_methyl.filelist
7.76608843374
7.76608843374
7.76608611424
7.76608728572
7.76608731206
7.766087399
7.76608746215
7.76608706737
7.7660864053
7.76608772018
7.76608693222
7.76608725347
7.76608705397
7.76608776109
7.76608795572
7.76608822919
7.76608863904
7.76608873624
7.7660884753
124281.104963
28157.3961291
6376.91340706
1441.72253241
323.495439281
70.2487443862
13.5622773059
4.39290013258
4.39290013258
4.39290068695
4.39290040084
4.39290030446
4.39290039607
4.39290036966
4.39290000156
4.39290067943
4.39290033244
4.39289983866
4.39290049579
4.39290057088
4.39290036419
4.39290034133
4.39290020035
4.39290045747
4.39290059048
4.3929001995
4631.82801546
964.216449184
199.503722607
40.157211278
7.51876095737
3.08848025621
3.08848025621
3.08848202974
3.08848116551
3.08848108703
3.08848114484
3.08848098783
3.08848102938
3.08848181983
3.08848076465
3.08848103151
3.08848108399
3.08848125505
3.08848071067
3.08848060251
3.08848038746
3.08848029468
3.08848026969
3.08848026303
798.960722742
79.3793919159
7.95489906216
3.0451707998
3.0451707998
3.04517242758
3.04517164702
3.04517164316
3.04517168275
3.04517161356
3.04517162578
3.04517256673
3.0451713998
3.0451716605
3.04517181516
3.04517201661
3.04517139649
3.04517128854
3.04517097491
3.04517078954
3.04517073859
3.04517079651
597.734345143
59.3615781125
6.28328354271
2.96140606651
2.96140606651
2.96140804297
2.96140706005
2.96140696615
2.96140696591
2.96140688491
2.96140695846
2.96140778757
2.96140669158
2.9614070166
2.96140715186
2.96140736226
2.96140673266
2.96140663659
2.96140626384
2.96140605154
2.9614059856
2.96140606222
207.991118869
24.7469897943
3.77327224646
2.80880216235
2.80880216235
2.80880435013
2.80880324475
2.80880314259
2.80880308012
2.8088030943
2.80880317559
2.80880416804
2.80880285831
2.80880326975
2.80880334194
2.80880356587
2.80880285676
2.80880271127
2.80880236911
2.80880216355
2.80880209333
2.80880216262
222.946243472
21.9729830656
3.23012680128
2.75487540373
2.75487540373
2.75487762519
2.7548765215
2.75487644329
2.75487641977
2.75487635369
2.75487649034
2.7548774118
2.75487612246
2.7548765724
2.75487662941
2.75487685817
2.75487613103
2.75487597584
2.75487562151
2.75487541852
2.75487537079
2.75487540738
65.4841088551
7.02125790761
2.68476933644
2.68476933644
2.68477160765
2.68477047121
2.68477039175
2.68477034701
2.68477030467
2.68477046613
2.68477138202
2.68477007347
2.68477047739
2.68477058509
2.68477079557
2.68477007264
2.68476987958
2.68476956115
2.68476926944
2.68476926412
2.68476932268
10.1648954694
2.49754729347
2.49754729347
2.49754818301
2.49754769953
2.49754772514
2.4975476773
2.49754766738
2.49754787926
2.49754809003
2.49754754913
2.49754791268
2.49754771572
2.49754776493
2.49754756693
2.49754755298
2.49754737745
2.49754715379
2.49754715286
2.49754726519
46.4472960005
6.76099959278
2.32291878369
2.32291878369
2.32291889949
2.32291879229
2.32291885937
2.3229188348
2.32291882077
2.32291900997
2.32291884442
2.32291879823
2.32291910766
2.32291879509
2.32291878225
2.32291878675
2.32291876532
2.32291878776
2.32291862268
2.32291856106
2.32291875037
10.491895143
2.34909691164
2.03008682357
2.03008682357
2.03008611193
2.03008644678
2.03008653168
2.03008649186
2.03008650967
2.03008670782
2.03008614179
2.03008656304
2.03008678312
2.03008637174
2.03008631782
2.03008653965
2.03008660835
2.03008673354
2.03008663971
2.03008657964
2.030086786
28.2171380041
3.36030804896
1.95726546291
1.95726546291
1.9572645028
1.95726497977
1.95726505976
1.95726502264
1.95726504897
1.95726522185
1.95726456374
1.95726513901
1.9572653044
1.9572648973
1.9572647687
1.95726512595
1.95726518115
1.95726536478
1.9572652941
1.9572652153
1.95726542836
3.13533915536
1.54293227315
1.54293227315
1.54293128492
1.54293178898
1.54293181112
1.54293181737
1.54293185363
1.54293179737
1.54293138169
1.54293196347
1.54293180145
1.54293175276
1.54293165262
1.54293196815
1.54293202824
1.54293218217
1.54293227708
1.54293230273
1.54293227374
3.48179144217
1.44548511625
1.44548511625
1.44548479385
1.44548496069
1.44548494246
1.44548496352
1.44548498068
1.44548486241
1.44548483848
1.44548502869
1.44548480471
1.4454849785
1.44548495373
1.44548503773
1.44548505389
1.44548509182
1.44548522098
1.44548525577
1.44548513845
1.42402548797
1.37033897342
1.37033897342
1.37033916898
1.3703390801
1.37033906557
1.37033907217
1.37033905701
1.37033905873
1.3703391536
1.37033903419
1.37033905501
1.3703390762
1.37033909849
1.37033903146
1.37033901887
1.37033898977
1.37033897938
1.37033897278
1.37033897463
1.34946321913
1.34946321913
1.34946327087
1.34946323368
1.34946323754
1.34946323239
1.3494632396
1.34946325073
1.3494632634
1.34946323659
1.34946325494
1.34946324968
1.3494632497
1.34946324021
1.34946323831
1.3494632256
1.34946321118
1.34946321684
1.3494632177
1.33525162294
1.33525162294
1.33525153119
1.33525157625
1.33525158232
1.3352515824
1.33525158278
1.33525158993
1.33525153823
1.33525159058
1.3352515942
1.33525156863
1.33525156115
1.33525159203
1.33525159617
1.33525161466
1.33525161398
1.3352516124
1.33525162122
1.34570732687
1.32910871384
1.32910871384
1.32910864776
1.32910868494
1.32910868756
1.32910868946
1.32910868544
1.32910869211
1.32910865276
1.32910869051
1.32910869646
1.32910867258
1.32910866752
1.32910868691
1.32910869114
1.3291087055
1.32910870552
1.3291087003
1.32910871216
1.32690059265
1.32690059265
1.326900626
1.32690060906
1.32690060604
1.32690060503
1.32690060711
1.32690060323
1.32690062449
1.32690060489
1.32690060131
1.32690061425
1.32690061735
1.32690060683
1.32690060488
1.32690059714
1.32690059659
1.32690059859
1.32690059359
1.32637373037
1.32637373037
1.3263737357
1.32637373267
1.3263737331
1.32637373419
1.32637373227
1.32637373256
1.32637373455
1.3263737316
1.32637373205
1.32637373168
1.32637373198
1.32637373056
1.32637373007
1.32637373046
1.32637373107
1.32637373141
1.32637373061
1.32613435844
1.32613435844
1.32613435002
1.32613435407
1.32613435473
1.32613435401
1.32613435486
1.32613435602
1.32613435086
1.32613435606
1.32613435693
1.32613435445
1.32613435394
1.32613435618
1.32613435693
1.32613435778
1.3261343569
1.32613435609
1.32613435819
1.32589422134
1.32589422134
1.32589421248
1.32589421724
1.32589421747
1.32589421724
1.32589421742
1.32589421781
1.32589421314
1.32589421823
1.32589421794
1.32589421586
1.32589421488
1.32589421801
1.32589421856
1.32589422036
1.32589422083
1.3258942209
1.32589422126
1.32582382045
1.32582382045
1.32582381894
1.3258238197
1.32582381982
1.32582381978
1.32582382006
1.32582381959
1.32582381964
1.32582382049
1.3258238199
1.32582382092
1.32582382108
1.32582382104
1.32582382114
1.3258238206
1.32582382035
1.32582381998
1.32582382042
1.32579890888
1.32579890888
1.32579891189
1.32579891031
1.32579891011
1.32579890991
1.32579890993
1.32579891024
1.32579891123
1.32579890956
1.32579891012
1.32579890991
1.32579891009
1.32579890937
1.32579890913
1.32579890898
1.32579890898
1.32579890908
1.3257989089
1.3257769303
1.3257769303
1.32577693148
1.32577693091
1.32577693097
1.32577693114
1.32577693081
1.32577693091
1.32577693145
1.32577693059
1.32577693065
1.32577693067
1.32577693064
1.32577693048
1.32577693043
1.32577693033
1.32577693045
1.32577693071
1.32577693032
1.32576398997
1.32576398997
1.32576399188
1.32576399082
1.32576399055
1.32576399048
1.32576399046
1.32576399048
1.32576399103
1.32576399028
1.32576399054
1.32576399032
1.32576399039
1.32576399003
1.32576398978
1.32576398999
1.32576399016
1.32576399018
1.32576399
1.32576047118
1.32576047118
1.32576047021
1.32576047076
1.32576047094
1.32576047103
1.325760471
1.325760471
1.32576047078
1.32576047108
1.32576047094
1.32576047103
1.32576047104
1.32576047116
1.32576047128
1.32576047117
1.32576047108
1.32576047109
1.32576047115
1.32575623723
1.32575623723
1.32575623579
1.32575623657
1.32575623669
1.32575623675
1.32575623675
1.32575623672
1.32575623616
1.32575623693
1.32575623671
1.32575623679
1.32575623673
1.3257562371
1.32575623729
1.32575623719
1.32575623711
1.32575623707
1.3257562372
1.32573981386
1.32573981386
1.32573981147
1.32573981279
1.32573981312
1.32573981309
1.32573981344
1.3257398132
1.32573981303
1.32573981366
1.32573981331
1.32573981366
1.32573981362
1.32573981387
1.32573981391
1.32573981386
1.32573981366
1.32573981357
1.32573981383
1.32573481532
1.32573481532
1.32573481501
1.32573481511
1.32573481482
1.32573481476
1.32573481468
1.32573481474
1.32573481377
1.32573481486
1.32573481478
1.32573481463
1.32573481454
1.32573481503
1.32573481525
1.32573481521
1.32573481531
1.32573481524
1.32573481533
1.32572954396
1.32572954396
1.32572954439
1.32572954412
1.32572954396
1.32572954391
1.32572954391
1.32572954392
1.32572954383
1.32572954389
1.32572954397
1.32572954381
1.32572954376
1.32572954387
1.32572954389
1.32572954392
1.32572954401
1.32572954396
1.32572954399
1.32571977839
1.32571977839
1.32571978051
1.32571977943
1.32571977942
1.32571977955
1.32571977926
1.32571977942
1.32571978022
1.32571977896
1.32571977926
1.32571977922
1.32571977934
1.32571977873
1.32571977845
1.32571977848
1.32571977852
1.32571977871
1.32571977844
1.32571242298
1.32571242298
1.32571242446
1.32571242367
1.3257124238
1.32571242379
1.32571242394
1.32571242382
1.32571242531
1.32571242355
1.32571242381
1.32571242372
1.32571242385
1.3257124232
1.32571242296
1.32571242303
1.32571242313
1.32571242319
1.32571242302
1.32570822223
1.32570822223
1.32570822338
1.32570822283
1.32570822289
1.32570822299
1.32570822278
1.32570822292
1.32570822338
1.32570822263
1.32570822282
1.32570822282
1.32570822287
1.3257082225
1.32570822229
1.32570822232
1.32570822227
1.32570822237
1.32570822224
1.3257074183
     fun: 1.32570741829751
     jac: array([ 0.07749595,  0.04025593,  0.04430497,  0.05157574,  0.03734025,
        0.04665741,  0.07760879,  0.02685876,  0.03969438,  0.0402105 ,
        0.04315612,  0.01868984,  0.00416532,  0.00614376,  0.00277583,
        0.00981888,  0.0007913 ])
 message: 'Optimization terminated successfully.'
    nfev: 684
     nit: 34
    njev: 34
  status: 0
 success: True
       x: array([ 0.2996785 , -0.86480427,  0.50079248, -0.08160406,  0.03272855,
        0.36907798, -0.03037098,  0.1017556 , -0.46517829, -0.14543016,
        0.12958297, -0.25409458,  0.16275393, -0.0345962 , -0.35181003,
        0.26320074, -0.39947875])

========================================================

Final result:
0.299678500152
-0.86480427361
0.299678500152
0.500792482957
-0.0816040587822
0.0327285543156
0.369077976882
-0.030370982653
-0.030370982653
0.101755595842
-0.465178294501
-0.145430163631
-0.145430163631
0.129582971854
-0.254094579121
-0.254094579121
0.129582971854
0.162753925367
-0.0345961969439
0.162753925367
0.117588869903
-0.35181003458
0.263200743155
-0.399478750494
0.162696013973
0.162696013973
0.162696013973
