HIS_methyl_neutral.filelist
5.68817241458
5.68817241458
5.68817242666
5.6881723171
5.68817241501
5.68817275039
5.68817282509
5.6881728095
5.68817276977
5.68817309196
5.68817264087
5.68817379952
5.68817331793
5.68817262668
5.68817345913
5.68817341179
5.68817343619
5.68817362319
5.68817359342
5.68817336149
5.68817374839
5.68817368139
5.68817252442
85577.0417181
18248.9556925
3889.85316822
827.485925586
174.409863251
35.3119913661
6.72131219352
3.80225859653
3.80225859653
3.80225869082
3.80225857184
3.80225861202
3.8022581524
3.80225822865
3.80225829676
3.80225821514
3.80225846499
3.80225840752
3.80225836375
3.80225857522
3.80225844104
3.80225866847
3.80225859542
3.80225866922
3.80225874567
3.8022586896
3.80225854538
3.80225882849
3.80225869949
3.80225848982
6060.10721224
1126.61745105
208.5515572
37.8131068719
6.68577844608
3.07857470421
3.07857470421
3.0785747097
3.07857454299
3.07857470265
3.07857441167
3.07857455295
3.07857447407
3.07857437043
3.07857457011
3.07857459288
3.07857457595
3.07857446227
3.07857467659
3.07857442406
3.07857436333
3.07857446654
3.07857430791
3.07857424718
3.07857435678
3.07857426001
3.07857411389
3.07857461825
1877.73925755
308.907851935
50.2570888943
8.00369822033
2.75444758332
2.75444758332
2.75444760418
2.75444754572
2.75444758535
2.75444726324
2.75444732919
2.75444728493
2.75444730824
2.75444714972
2.75444741685
2.75444666761
2.75444707131
2.75444746886
2.75444696502
2.75444707461
2.75444691779
2.75444691391
2.754446961
2.75444713988
2.75444683621
2.75444690098
2.75444749615
526.426979343
52.2463602206
5.46805935592
2.711839911
2.711839911
2.71183998347
2.71183997483
2.71183992328
2.71183957787
2.71183960877
2.71183961955
2.71183968279
2.71183945929
2.71183974304
2.71183895222
2.71183936531
2.71183977966
2.71183930846
2.711839308
2.71183931351
2.71183922742
2.71183920652
2.71183932229
2.71183917532
2.71183910888
2.71183983279
143.236488975
17.1502756962
3.05749792461
2.56866499266
2.56866499266
2.56866506111
2.56866507284
2.56866500454
2.56866462236
2.56866463781
2.56866465377
2.56866471814
2.56866449393
2.56866476272
2.56866396933
2.56866436567
2.56866473921
2.5686642726
2.56866431037
2.56866426066
2.56866418387
2.56866420059
2.5686643299
2.56866410057
2.5686641283
2.56866491391
289.733970966
28.5919904918
3.44358690915
2.5107213498
2.5107213498
2.51072134496
2.51072133212
2.51072134766
2.51072101107
2.51072104655
2.5107209918
2.51072102436
2.51072080168
2.51072111965
2.51072020948
2.51072066996
2.51072112129
2.51072060941
2.51072059104
2.51072061835
2.51072052416
2.51072051265
2.51072057565
2.51072046422
2.51072044561
2.51072125653
423.78295216
41.9074953515
4.47228382467
2.4425063662
2.4425063662
2.44250642298
2.44250645595
2.44250637618
2.442505962
2.44250596378
2.4425059854
2.44250601811
2.44250579909
2.44250615807
2.44250520913
2.44250564481
2.44250622468
2.44250555181
2.44250557448
2.44250554868
2.44250545654
2.44250547852
2.44250557692
2.44250536764
2.44250542666
2.44250624927
96.6981432266
10.5267012128
2.48427954058
2.34413076895
2.34413076895
2.34413079702
2.34413085615
2.34413077339
2.34413035539
2.34413033327
2.34413036429
2.3441304001
2.34413016238
2.3441305355
2.34412951811
2.34413000926
2.34413058352
2.34412991507
2.34412993702
2.34412993277
2.3441297903
2.34412980748
2.34412996244
2.34412968472
2.34412972925
2.34413064702
31.8967130531
3.59973698002
2.30055431345
2.30055431345
2.30055434021
2.30055440985
2.300554318
2.30055391437
2.30055388662
2.30055391298
2.30055393993
2.30055371124
2.30055408322
2.30055308015
2.30055354958
2.30055412944
2.30055344796
2.30055348018
2.30055344891
2.30055334261
2.30055334805
2.30055351291
2.3005532668
2.30055326135
2.30055419346
8.55320128367
2.21721887063
2.04963840085
2.04963840085
2.04963843276
2.04963847864
2.04963840691
2.04963814706
2.04963813383
2.04963812879
2.04963814196
2.04963795993
2.04963825361
2.04963750093
2.04963781924
2.04963827493
2.04963774344
2.04963777026
2.04963777329
2.04963765047
2.04963766449
2.04963781992
2.04963759416
2.04963762169
2.04963834393
36.3286497477
4.59146650347
1.95247105367
1.95247105367
1.95247103294
1.95247107189
1.95247104865
1.95247092095
1.95247085891
1.95247092228
1.95247097553
1.95247078536
1.95247098707
1.95247050262
1.95247067213
1.95247099177
1.95247061095
1.95247063745
1.95247062479
1.95247055244
1.95247056398
1.95247067545
1.95247052188
1.95247054058
1.95247103884
38.8881203904
5.61741053493
1.82980690334
1.82980690334
1.82980688207
1.82980690741
1.82980690018
1.82980708392
1.82980702912
1.82980702587
1.82980704663
1.82980698626
1.82980697088
1.8298070558
1.82980696727
1.82980695996
1.8298069459
1.82980696489
1.82980693591
1.8298069355
1.82980695124
1.82980696871
1.82980691411
1.82980695037
1.82980692908
4.16816353392
1.73311342013
1.73311342013
1.73311337613
1.73311340953
1.73311341158
1.73311371347
1.7331136847
1.73311366793
1.73311367487
1.73311370033
1.73311356991
1.73311397087
1.7331137447
1.7331135345
1.73311375697
1.73311376528
1.73311373554
1.73311378768
1.73311379981
1.73311374839
1.73311379001
1.73311382143
1.73311351236
9.68943436997
1.83064982207
1.6863752527
1.6863752527
1.68637520895
1.68637523655
1.68637524382
1.68637555944
1.68637554194
1.68637552065
1.68637553099
1.6863755725
1.68637540729
1.68637588861
1.68637562603
1.68637537605
1.68637565201
1.68637565569
1.68637564039
1.68637569381
1.68637570362
1.68637564612
1.68637571387
1.6863757412
1.68637533506
1.73618022288
1.56759525273
1.56759525273
1.56759525733
1.56759524928
1.56759525259
1.56759524041
1.56759524343
1.56759525527
1.56759524014
1.56759529646
1.56759525104
1.56759534125
1.56759533009
1.56759524386
1.56759535506
1.56759534114
1.56759535471
1.56759537922
1.56759537191
1.56759532963
1.56759540022
1.5675953859
1.56759525277
1.56073833011
1.54556534052
1.54556534052
1.54556533919
1.54556533349
1.54556533934
1.54556534524
1.54556535247
1.54556534617
1.54556534457
1.5455653499
1.54556534507
1.54556536081
1.54556534648
1.5455653482
1.54556534455
1.54556534469
1.54556534552
1.54556534121
1.54556534065
1.54556534621
1.54556533919
1.54556533656
1.54556534243
1.5373781132
1.5373781132
1.53737811627
1.53737812086
1.53737811321
1.53737809664
1.5373780928
1.53737809682
1.53737810033
1.53737808626
1.53737810301
1.53737805339
1.53737808067
1.53737810249
1.53737807747
1.53737807997
1.53737807711
1.53737807568
1.53737807768
1.53737808165
1.53737807373
1.53737807781
1.53737810813
1.52741621489
1.52741621489
1.52741621586
1.52741621888
1.5274162149
1.52741620773
1.52741620179
1.52741620587
1.52741620644
1.52741620145
1.52741620848
1.52741618664
1.52741619745
1.52741620862
1.52741619679
1.52741619614
1.52741619787
1.52741619523
1.52741619531
1.52741619621
1.52741619486
1.52741619555
1.52741621184
1.52423624637
1.52423624637
1.5242362447
1.52423624355
1.52423624616
1.52423625176
1.52423625257
1.52423624975
1.52423625016
1.52423624804
1.52423625031
1.52423625041
1.52423624522
1.52423624971
1.52423624277
1.52423624422
1.52423624242
1.52423623986
1.52423624024
1.52423624521
1.52423623755
1.52423623795
1.52423624706
1.5225332604
1.5225332604
1.52253326228
1.52253326466
1.52253326079
1.52253325771
1.52253325619
1.52253325854
1.52253326098
1.52253325762
1.52253325849
1.52253325111
1.52253326112
1.52253325732
1.52253326276
1.52253326398
1.52253326104
1.5225332664
1.52253326745
1.52253326336
1.52253326797
1.52253327043
1.52253326041
1.52192033633
1.52192033633
1.52192033566
1.52192033477
1.52192033621
1.52192033605
1.52192033674
1.52192033577
1.52192033448
1.52192033783
1.52192033621
1.52192034146
1.52192033621
1.52192033685
1.52192033642
1.52192033487
1.52192033759
1.52192033493
1.52192033393
1.52192033438
1.52192033473
1.52192033293
1.52192033609
1.5213677753
1.5213677753
1.52136777452
1.52136777326
1.52136777518
1.52136777733
1.52136777803
1.52136777681
1.52136777609
1.52136777807
1.52136777666
1.52136778184
1.52136777724
1.52136777724
1.52136777703
1.52136777677
1.52136777756
1.52136777613
1.5213677757
1.52136777708
1.52136777587
1.52136777484
1.52136777563
1.52076308084
1.52076308084
1.52076308063
1.52076308039
1.52076308089
1.5207630811
1.5207630814
1.52076308096
1.52076308072
1.52076308118
1.52076308104
1.52076308223
1.52076308015
1.52076308094
1.5207630797
1.52076307925
1.52076308006
1.52076307887
1.52076307857
1.52076307902
1.5207630783
1.52076307789
1.52076308082
1.52065792725
1.52065792725
1.52065792711
1.52065792708
1.5206579273
1.52065792754
1.52065792755
1.52065792745
1.5206579275
1.52065792726
1.52065792749
1.52065792678
1.52065792748
1.52065792763
1.52065792733
1.52065792777
1.52065792723
1.5206579276
1.52065792776
1.52065792811
1.52065792761
1.52065792785
1.52065792729
1.52053368159
1.52053368159
1.52053368193
1.52053368222
1.52053368171
1.52053368151
1.52053368119
1.52053368169
1.52053368212
1.52053368146
1.52053368147
1.5205336805
1.52053368225
1.52053368131
1.5205336825
1.52053368287
1.52053368224
1.5205336833
1.52053368352
1.52053368302
1.52053368368
1.52053368407
1.5205336817
1.5204714317
1.5204714317
1.52047143168
1.52047143188
1.52047143171
1.52047143133
1.52047143118
1.52047143135
1.52047143141
1.52047143112
1.52047143147
1.52047143004
1.52047143156
1.5204714316
1.52047143166
1.520471432
1.52047143142
1.52047143209
1.52047143232
1.52047143214
1.52047143227
1.52047143268
1.52047143157
1.52046222222
1.52046222222
1.52046222238
1.52046222246
1.52046222226
1.52046222222
1.52046222215
1.52046222231
1.52046222241
1.52046222233
1.5204622222
1.52046222239
1.52046222239
1.52046222208
1.52046222252
1.52046222241
1.52046222254
1.52046222256
1.52046222251
1.52046222236
1.52046222266
1.52046222253
1.52046222229
1.52045965451
1.52045965451
1.52045965446
1.5204596544
1.52045965451
1.52045965455
1.52045965459
1.52045965453
1.52045965447
1.52045965455
1.52045965453
1.52045965465
1.52045965448
1.52045965455
1.52045965444
1.52045965444
1.52045965442
1.52045965437
1.52045965439
1.52045965444
1.52045965433
1.52045965437
1.5204596545
1.52045806411
1.52045806411
1.52045806404
1.52045806399
1.5204580641
1.52045806414
1.52045806419
1.52045806411
1.52045806404
1.52045806413
1.52045806415
1.52045806424
1.52045806402
1.52045806421
1.52045806398
1.52045806395
1.52045806401
1.52045806387
1.52045806385
1.52045806394
1.52045806381
1.52045806376
1.52045806409
1.52045729135
     fun: 1.5204572913518943
     jac: array([ -4.76846099e-03,  -7.99115002e-03,  -8.21277499e-04,
         2.06398964e-03,   5.44853508e-03,  -5.01573086e-05,
        -4.80037928e-03,   1.18559599e-03,   2.68101692e-03,
         8.16035271e-03,  -6.14368916e-03,   6.17530942e-03,
        -8.83372128e-03,  -1.11830682e-02,  -6.98451698e-03,
        -1.64236873e-02,  -1.77787840e-02,  -1.14880651e-02,
        -2.02985853e-02,  -2.38297880e-02,  -1.71256065e-03])
 message: 'Optimization terminated successfully.'
    nfev: 735
     nit: 30
    njev: 30
  status: 0
 success: True
       x: array([ 0.31082387, -0.41655478, -0.08489574, -0.22117972,  0.19826444,
        0.05280434,  0.15257236, -0.90388595,  0.65892545,  0.34946351,
        0.21024862, -0.48393645, -0.16402492, -0.03135933,  0.35065219,
        0.02611902, -0.27671399,  0.20153689,  0.23737071,  0.41168395,
       -0.54632732])

========================================================

Final result:
0.310823870839
-0.416554777941
-0.0848957422962
0.063542216466
0.063542216466
0.063542216466
-0.221179724329
0.198264442045
0.0528043350446
0.152572361359
-0.903885952532
0.658925447411
0.349463512473
0.349463512473
0.21024862216
-0.483936446629
-0.164024918421
-0.0313593329953
0.350652189466
0.0261190245399
-0.276713986294
0.201536886093
0.237370705611
0.411683954428
-0.546327320086
0.428322688183
