HIS_methyl_charged.filelist
27.9300053888
27.9300053888
27.9300052966
27.9300052746
27.9300053712
27.9300066079
27.9300066591
27.9300065527
27.9300065112
27.9300063277
27.930006784
27.930007331
27.9300060199
27.9300083332
27.9300058891
27.9300058249
27.9300059741
27.9300056387
27.9300055826
27.9300058375
27.9300055094
110957.260109
26467.8998474
6303.99464835
1491.80453848
343.573470338
70.6398424418
13.0698120834
13.0698120834
13.0698119647
13.0698119612
13.0698120604
13.069811558
13.0698115539
13.0698114867
13.0698114977
13.0698113263
13.0698115619
13.0698103691
13.0698114478
13.0698111031
13.0698113842
13.0698116774
13.0698112023
13.0698116066
13.0698118246
13.0698117553
13.0698116157
5877.2888993
1139.5346508
217.824605552
39.6046580618
10.8342890625
10.8342890625
10.8342890103
10.8342890086
10.8342890521
10.8342879413
10.8342879063
10.8342879042
10.8342879349
10.8342880322
10.8342876901
10.8342868862
10.8342883169
10.8342861897
10.8342884531
10.8342885136
10.8342883576
10.8342887356
10.8342888095
10.8342884737
10.8342888799
741.794814259
73.2285929098
12.0081057979
10.6637548971
10.6637548971
10.6637549203
10.6637549517
10.6637549012
10.6637536877
10.663753625
10.6637537041
10.6637537546
10.6637538504
10.6637535023
10.6637526996
10.6637541378
10.6637519865
10.6637542484
10.6637543559
10.6637541337
10.6637545338
10.6637546361
10.6637543403
10.6637546599
121.883910858
15.6788326571
10.2423931746
10.2423931746
10.2423931653
10.2423931593
10.242393172
10.2423919514
10.2423919173
10.2423919583
10.2423919784
10.242392126
10.24239177
10.2423909645
10.242392442
10.2423902555
10.2423925411
10.2423926891
10.2423924146
10.2423928283
10.2423929379
10.2423927138
10.2423929494
208.12782113
21.6739523328
9.97472342691
9.97472342691
9.97472348002
9.97472353033
9.97472343679
9.97472225814
9.97472218887
9.97472228568
9.97472234871
9.97472238935
9.97472212478
9.97472117236
9.97472272949
9.97472073101
9.97472289884
9.97472294037
9.97472281676
9.97472318654
9.97472322228
9.97472291934
9.97472335784
370.194564596
63.4543840801
11.9965032244
8.33609493929
8.33609493929
8.33609502818
8.33609511921
8.33609495756
8.33609412759
8.33609406887
8.33609409111
8.33609419417
8.33609415655
8.3360938321
8.33609320925
8.33609443444
8.33609256768
8.33609453631
8.33609462481
8.33609446134
8.33609474386
8.33609479916
8.33609465334
8.33609484246
678.576341791
128.962429184
23.3084229667
6.81729195205
6.81729195205
6.81729212661
6.81729210398
6.81729198792
6.81729167412
6.81729175225
6.81729167518
6.81729159583
6.81729183154
6.81729162051
6.81729175792
6.81729191875
6.81729126832
6.81729201949
6.81729190532
6.8172920683
6.8172920424
6.81729196957
6.81729185349
6.81729210181
153.054235092
28.1198073204
6.29881685111
6.29881685111
6.29881697025
6.29881695927
6.29881687353
6.29881758676
6.29881760571
6.29881766916
6.29881768729
6.29881772484
6.29881768044
6.29881875417
6.2988175552
6.29881852738
6.29881756405
6.29881732763
6.29881772176
6.29881731939
6.2988171306
6.29881727855
6.29881726992
10.5223685907
4.99525008733
4.99525008733
4.99525012374
4.99525019469
4.99525009483
4.99525095468
4.99525091933
4.99525097333
4.99525094671
4.99525097287
4.99525103838
4.99525199875
4.99525077284
4.99525203242
4.99525074903
4.99525055917
4.99525091378
4.99525047834
4.9952503376
4.99525054403
4.99525038415
54.1793836728
9.16652691686
4.24657711963
4.24657711963
4.24657711109
4.24657719141
4.24657711909
4.24657789128
4.2465778492
4.24657787114
4.24657782892
4.24657782437
4.24657796231
4.24657864461
4.24657762353
4.2465788623
4.24657754432
4.24657748411
4.24657759204
4.24657739636
4.2465773039
4.24657750233
4.24657737355
82.0523312819
15.9939569064
3.52936526218
3.52936526218
3.52936514045
3.52936512679
3.52936523883
3.52936527821
3.5293652945
3.52936520592
3.52936518124
3.52936503493
3.52936534123
3.52936472231
3.52936498904
3.52936551293
3.52936486951
3.52936510786
3.5293647762
3.5293649324
3.52936510897
3.52936521524
3.52936487824
10.1690661886
3.26828181201
3.26828181201
3.26828168637
3.26828168943
3.26828178819
3.2682815661
3.26828155895
3.26828149038
3.26828146761
3.26828137908
3.26828156601
3.26828082941
3.26828143453
3.26828137035
3.26828135016
3.26828157154
3.26828119513
3.26828147624
3.26828165125
3.26828159789
3.26828142187
9.13703566302
2.46668779167
2.46668779167
2.46668778605
2.46668778712
2.4666877902
2.46668704348
2.46668701086
2.46668704913
2.46668707087
2.46668719851
2.46668687944
2.46668656455
2.46668739779
2.46668585212
2.46668753409
2.46668747847
2.46668750431
2.46668770238
2.46668767978
2.46668740534
2.46668782716
3.32091682336
1.96788142013
1.96788142013
1.96788149922
1.96788149581
1.96788143536
1.96788128098
1.96788128073
1.96788132046
1.96788134849
1.96788140546
1.96788124428
1.9678814035
1.96788146252
1.96788101493
1.96788152542
1.96788144026
1.96788155031
1.9678815329
1.96788146547
1.96788139932
1.96788157369
2.11078360989
1.77146393814
1.77146393814
1.77146394199
1.77146393595
1.77146393885
1.7714640839
1.77146409131
1.77146408832
1.77146408257
1.77146410638
1.77146409106
1.77146431339
1.77146406587
1.77146424294
1.77146407114
1.77146401509
1.77146410858
1.77146402139
1.77146398407
1.7714639983
1.77146401236
1.9069196203
1.74835782146
1.74835782146
1.74835783196
1.74835783792
1.74835782362
1.74835787892
1.74835787368
1.74835788264
1.74835788623
1.74835787481
1.74835789809
1.74835792775
1.74835786219
1.74835798288
1.74835785393
1.74835785628
1.74835786013
1.74835783881
1.74835783642
1.7483578661
1.74835783091
1.76779224963
1.73972230515
1.73972230515
1.73972230501
1.73972230752
1.73972230518
1.73972232259
1.73972232704
1.73972231845
1.73972232204
1.73972230895
1.73972232542
1.73972230599
1.73972230417
1.73972234884
1.73972229525
1.73972230876
1.7397222902
1.73972229573
1.73972230333
1.73972231627
1.73972229131
1.76240219604
1.73286242696
1.73286242696
1.73286242003
1.7328624115
1.73286242577
1.73286241177
1.73286241616
1.73286240345
1.73286240179
1.73286240246
1.73286240392
1.73286237447
1.73286240274
1.73286238017
1.73286239971
1.73286240805
1.73286239236
1.7328624084
1.73286241603
1.73286240662
1.73286240876
1.72793112534
1.72793112534
1.72793111784
1.72793112191
1.72793112358
1.72793100965
1.72793099894
1.72793102378
1.72793102204
1.72793104495
1.72793102495
1.72793095766
1.72793107175
1.72793092424
1.72793108876
1.7279310834
1.72793108494
1.72793110931
1.72793110941
1.72793107412
1.72793112093
1.71882018841
1.71882018841
1.71882017896
1.71882019662
1.71882018695
1.71882018239
1.71882017051
1.7188201615
1.71882017155
1.71882016352
1.71882012005
1.71882012934
1.71882017495
1.71882002335
1.71882018667
1.71882017664
1.7188201929
1.71882019003
1.71882018538
1.71882017316
1.71882019532
1.72092431222
1.70574378818
1.70574378818
1.70574379221
1.7057437918
1.70574378921
1.70574380527
1.70574380839
1.70574379918
1.70574379781
1.70574380009
1.70574379131
1.70574381507
1.70574379479
1.70574378983
1.7057437935
1.70574379279
1.70574379521
1.70574379183
1.70574378996
1.70574379456
1.70574379364
1.70506679144
1.70294619079
1.70294619079
1.70294618766
1.70294618624
1.70294619026
1.70294621291
1.70294621393
1.70294620957
1.7029462129
1.70294620278
1.70294620728
1.70294621072
1.70294619918
1.70294622264
1.70294619876
1.70294619656
1.70294620033
1.70294619604
1.70294619398
1.70294619627
1.70294619548
1.7036057368
1.70159667385
1.70159667385
1.70159667665
1.70159667706
1.70159667444
1.70159667153
1.70159667112
1.70159667463
1.70159667467
1.70159667581
1.70159667643
1.70159667832
1.70159667433
1.70159668013
1.70159667044
1.70159667583
1.70159666838
1.70159666899
1.70159667319
1.70159667773
1.70159666417
1.70170594688
1.70075822972
1.70075822972
1.70075822762
1.70075822598
1.70075822936
1.70075822355
1.70075822504
1.70075822408
1.70075821995
1.70075822539
1.70075822913
1.70075821962
1.70075822705
1.70075823212
1.70075823019
1.70075822644
1.70075823103
1.70075823148
1.70075822943
1.7007582237
1.70075823333
1.69951206465
1.69951206465
1.69951206647
1.69951206892
1.69951206496
1.69951204653
1.69951204262
1.69951205219
1.6995120544
1.69951205554
1.69951205193
1.69951204716
1.69951205719
1.69951203953
1.69951205823
1.69951205967
1.69951205616
1.69951206282
1.69951206239
1.69951206037
1.69951206756
1.69808681419
1.69808681419
1.69808681056
1.69808680705
1.6980868135
1.69808681109
1.69808681363
1.69808680958
1.69808680784
1.69808681179
1.69808680804
1.69808681018
1.69808681272
1.69808680057
1.69808681259
1.6980868144
1.69808681296
1.69808681219
1.69808681346
1.69808681644
1.69808681157
1.69980271122
1.69785703124
1.69785703124
1.69785703213
1.69785703215
1.69785703146
1.69785703068
1.69785703094
1.69785703078
1.69785703109
1.69785703041
1.69785703071
1.69785702903
1.69785703076
1.69785702989
1.69785703192
1.69785703064
1.69785703313
1.69785703116
1.69785703091
1.69785703032
1.69785703102
1.69785974472
1.69773728696
1.69773728696
1.69773728652
1.69773728642
1.69773728693
1.69773728984
1.69773729013
1.69773728907
1.69773728882
1.69773728874
1.69773728899
1.69773729054
1.69773728834
1.69773729108
1.69773728802
1.69773728823
1.69773728774
1.69773728744
1.69773728754
1.69773728815
1.69773728688
1.69763325601
1.69763325601
1.69763325605
1.69763325637
1.69763325605
1.6976332565
1.69763325622
1.69763325657
1.69763325663
1.69763325643
1.6976332568
1.69763325695
1.69763325615
1.69763325761
1.69763325604
1.69763325615
1.69763325566
1.69763325616
1.69763325609
1.69763325599
1.69763325638
1.69758271034
1.69758271034
1.69758271076
1.69758271085
1.69758271042
1.69758270775
1.69758270748
1.69758270833
1.69758270871
1.69758270868
1.69758270815
1.69758270697
1.697582709
1.69758270629
1.69758270941
1.69758270924
1.69758270955
1.6975827098
1.69758270981
1.69758270918
1.69758271015
1.69754630614
1.69754630614
1.69754630621
1.6975463063
1.69754630617
1.69754630585
1.69754630576
1.69754630597
1.69754630599
1.69754630599
1.69754630603
1.69754630588
1.69754630602
1.69754630581
1.69754630601
1.69754630602
1.69754630595
1.69754630617
1.6975463061
1.69754630599
1.69754630632
1.69754070888
1.69754070888
1.69754070887
1.69754070888
1.69754070889
1.69754070889
1.69754070889
1.6975407089
1.69754070889
1.69754070889
1.69754070891
1.69754070891
1.69754070888
1.69754070893
1.69754070887
1.69754070888
1.69754070887
1.69754070888
1.69754070888
1.69754070888
1.69754070889
     fun: 1.6975407088788053
     jac: array([ -3.21418047e-04,   3.10659409e-04,   6.57662749e-04,
         1.02542341e-03,   5.69313765e-04,   1.15653872e-03,
         1.08456612e-03,   6.65456057e-04,   1.88258290e-03,
         1.94618106e-03,   2.16200948e-04,   3.48147750e-03,
        -5.68851829e-04,   7.36713409e-05,  -8.48889351e-04,
         4.00885940e-04,  -2.48223543e-04,  -1.49339437e-04,
         5.35279512e-04])
 message: 'Optimization terminated successfully.'
    nfev: 736
     nit: 33
    njev: 33
  status: 0
 success: True
       x: array([ 0.56060377, -0.49258325, -0.54598942, -0.62311209,  0.26096568,
        0.71911765, -0.11995001, -0.95793463,  0.75900945,  0.27367193,
        0.27102241, -0.73704814, -0.14765433, -0.04349071,  0.33489126,
       -0.02840866, -0.33968961,  0.19221964,  0.23195501])

========================================================

Final result:
0.560603772849
-0.492583249071
-0.545989415625
0.159322963949
0.159322963949
0.159322963949
-0.623112091232
0.260965681849
0.719117654809
-0.119950010076
-0.957934630749
0.759009450276
0.273671927681
0.273671927681
0.271022411055
-0.737048139255
-0.147654334149
-0.0434907051549
0.334891261918
-0.0284086634543
-0.339689609098
0.192219640991
0.231955009848
0.417811356315
-0.737048139255
