TYR_neutral_methyl.filelist
7.09660629215
7.09660629215
7.09660395475
7.09660517106
7.09660517652
7.09660525634
7.09660533451
7.09660491574
7.09660432456
7.09660555223
7.09660477248
7.09660501738
7.09660485498
7.09660542611
7.09660558385
7.09660596322
7.09660615589
7.09660651086
7.09660661795
7.09660633649
145841.903742
30888.9661703
6540.15537663
1382.70760249
290.315682577
59.1049930301
11.1215218863
4.82783337087
4.82783337087
4.8278336305
4.82783353264
4.82783346322
4.82783355196
4.8278335666
4.82783316142
4.82783384089
4.82783355384
4.82783300274
4.82783371178
4.82783376551
4.82783359893
4.82783356282
4.82783344104
4.82783334735
4.82783367582
4.82783380634
4.8278334334
4918.55000441
1028.38450023
213.669322524
43.1541102312
8.09265148234
3.36434036825
3.36434036825
3.36434203504
3.36434121824
3.36434110243
3.36434116182
3.36434099425
3.36434101021
3.36434168258
3.36434080912
3.36434099563
3.36434108335
3.36434121479
3.36434075956
3.36434064061
3.36434048209
3.36434032665
3.36434042607
3.36434041764
3.36434037861
2635.87371931
333.034734973
41.699254904
5.67898132922
3.17229044214
3.17229044214
3.17229202088
3.17229127406
3.17229126491
3.17229131842
3.17229121084
3.17229124994
3.17229207411
3.17229103054
3.1722912908
3.17229145421
3.17229160863
3.17229109242
3.17229097122
3.17229066247
3.17229045944
3.17229039968
3.17229034128
3.17229043152
589.304297799
61.1515996897
6.7046237973
3.07552619693
3.07552619693
3.07552811441
3.07552717135
3.07552708416
3.07552711624
3.07552697123
3.07552707292
3.07552777063
3.07552682433
3.0755271249
3.07552731894
3.07552746663
3.07552698492
3.07552688305
3.07552648085
3.07552626053
3.07552615818
3.07552609417
3.07552618701
270.494046676
34.176080063
4.81232019806
2.89232818464
2.89232818464
2.89233038275
2.89232926787
2.89232916377
2.89232910557
2.89232910084
2.8923292047
2.892330119
2.89232890333
2.89232931003
2.89232943954
2.89232960037
2.89232904368
2.89232890435
2.89232849871
2.89232826922
2.89232814571
2.89232806079
2.8923281757
229.07763258
22.4986933412
3.31382195817
2.81853068357
2.81853068357
2.81853294627
2.8185318117
2.81853173886
2.81853171994
2.81853163547
2.81853179819
2.81853266555
2.81853143211
2.81853189673
2.81853199171
2.81853215613
2.81853158418
2.81853143499
2.81853101727
2.81853078538
2.81853066692
2.81853060465
2.8185306801
51.1316177997
5.80430242014
2.72269346458
2.72269346458
2.72269580458
2.72269461651
2.72269455023
2.72269451212
2.72269444234
2.72269464583
2.7226954968
2.72269423533
2.72269468099
2.7226948104
2.72269498691
2.72269438184
2.72269421301
2.72269380516
2.72269357227
2.72269337966
2.72269336335
2.72269344696
9.39533832731
2.57709967233
2.57709967233
2.57710095394
2.57710026041
2.57710025354
2.57710022282
2.57710017795
2.57710036515
2.57710070777
2.57710006739
2.57710046891
2.57710037606
2.57710055453
2.57710011435
2.57710004
2.57709982151
2.57709971677
2.57709959633
2.57709952928
2.57709965713
70.9179700321
8.60990494476
2.52509413648
2.52509413648
2.52509479197
2.52509441174
2.52509444003
2.52509443371
2.52509438376
2.52509453747
2.52509464523
2.52509431312
2.52509461515
2.52509444031
2.52509450227
2.52509435134
2.52509431582
2.52509423346
2.52509423907
2.5250940343
2.52509395877
2.52509411524
24.5256875818
3.81266580328
2.31158545328
2.31158545328
2.31158541237
2.3115853788
2.31158543615
2.3115854199
2.31158540294
2.31158555746
2.31158533157
2.31158540239
2.31158562161
2.31158535732
2.31158533481
2.31158539702
2.31158540935
2.31158544119
2.31158547753
2.31158533955
2.31158527166
2.31158543019
9.10244185994
2.2569993346
2.05648257617
2.05648257617
2.05648166865
2.05648210771
2.05648216778
2.05648214503
2.05648216696
2.05648227314
2.05648170149
2.05648224624
2.05648232349
2.05648199458
2.05648190733
2.05648219022
2.05648225018
2.05648244677
2.05648257787
2.05648247338
2.05648241038
2.05648255533
11.7001072244
2.17011675392
2.01829534219
2.01829534219
2.01829438182
2.01829484874
2.01829491013
2.0182948872
2.01829491371
2.0182950106
2.01829443639
2.01829498767
2.01829504688
2.0182947221
2.01829465143
2.01829493163
2.01829503003
2.01829519805
2.01829533772
2.01829524357
2.01829519869
2.01829532223
8.2527740491
1.9942927798
1.80406878935
1.80406878935
1.80406785443
1.80406832033
1.80406836156
1.80406836172
1.80406840146
1.8040683749
1.80406797818
1.8040684848
1.80406838441
1.80406826346
1.80406818664
1.80406844655
1.8040685127
1.80406866938
1.80406877069
1.80406876658
1.80406878099
1.80406878448
3.18254183379
1.69821363301
1.69821363301
1.69821336541
1.69821350864
1.69821350988
1.69821352035
1.69821354734
1.69821346574
1.69821346683
1.6982135761
1.69821342434
1.6982135424
1.69821352339
1.69821357942
1.69821359436
1.69821361254
1.69821362305
1.69821369239
1.69821372374
1.69821364559
1.6938249496
1.66357392564
1.66357392564
1.66357398396
1.66357396044
1.66357394929
1.66357395263
1.66357394301
1.66357394626
1.66357396138
1.66357393587
1.66357394212
1.66357394078
1.66357394338
1.66357392957
1.66357392585
1.66357392395
1.66357391653
1.6635739279
1.66357392858
1.66357392599
1.64948854384
1.64948854384
1.64948862645
1.64948858152
1.64948858266
1.64948858163
1.64948858322
1.64948858939
1.64948862685
1.64948857713
1.64948859604
1.64948860521
1.64948861371
1.64948858904
1.64948858345
1.6494885618
1.64948855486
1.64948853878
1.64948853527
1.64948854278
1.64195116981
1.64195116981
1.64195114204
1.64195115369
1.64195115575
1.64195115616
1.64195115513
1.64195115989
1.64195113878
1.64195115671
1.64195116243
1.64195114691
1.64195114488
1.64195115457
1.64195115544
1.64195116516
1.64195116975
1.64195116596
1.64195116429
1.64195116905
1.64442559566
1.63895809332
1.63895809332
1.63895805857
1.63895807561
1.63895807614
1.63895807691
1.63895807449
1.6389580785
1.63895805262
1.63895807683
1.63895807933
1.6389580624
1.63895805782
1.63895806992
1.63895807253
1.63895808445
1.63895809004
1.63895809028
1.63895808946
1.6389580927
1.63829885437
1.63829885437
1.63829885688
1.63829885654
1.63829885715
1.63829885627
1.63829885916
1.63829885715
1.63829886477
1.6382988596
1.63829885754
1.63829886524
1.63829886631
1.638298864
1.6382988641
1.63829885843
1.63829885607
1.63829885415
1.63829885392
1.63829885436
1.6380130578
1.6380130578
1.63801306553
1.63801306148
1.63801306069
1.63801306091
1.63801306042
1.6380130598
1.63801306332
1.63801305955
1.63801305917
1.63801306057
1.63801306133
1.63801305905
1.63801305854
1.63801305827
1.6380130577
1.63801305909
1.63801305968
1.6380130581
1.63789734008
1.63789734008
1.63789733773
1.63789733884
1.63789733905
1.63789733931
1.63789733888
1.63789733926
1.63789733734
1.63789733896
1.63789733927
1.63789733795
1.63789733754
1.63789733835
1.63789733856
1.63789733949
1.63789733977
1.63789733977
1.63789733962
1.63789734004
1.63774323207
1.63774323207
1.63774322723
1.63774322952
1.63774322965
1.63774322953
1.63774322947
1.63774323022
1.63774322641
1.63774322981
1.63774323053
1.63774322803
1.63774322727
1.6377432291
1.63774322949
1.63774323101
1.63774323177
1.63774323144
1.63774323116
1.63774323195
1.63764169104
1.63764169104
1.63764168753
1.63764168941
1.63764168995
1.63764169016
1.63764168997
1.63764169014
1.63764168873
1.63764169015
1.63764169025
1.63764168973
1.6376416894
1.63764169016
1.6376416904
1.63764169071
1.63764169095
1.63764169056
1.63764169039
1.63764169094
1.63754722635
1.63754722635
1.63754722753
1.63754722687
1.63754722669
1.63754722635
1.63754722673
1.63754722669
1.63754722718
1.63754722665
1.63754722681
1.63754722721
1.63754722715
1.63754722707
1.63754722704
1.63754722663
1.63754722652
1.63754722639
1.63754722636
1.63754722635
1.63732101577
1.63732101577
1.63732102036
1.63732101823
1.63732101813
1.63732101792
1.63732101839
1.63732101767
1.63732102158
1.63732101796
1.63732101752
1.63732102011
1.63732102079
1.63732101892
1.63732101854
1.63732101692
1.63732101623
1.63732101634
1.6373210166
1.63732101586
1.63702138778
1.63702138778
1.63702139723
1.63702139237
1.63702139137
1.63702139075
1.63702139148
1.63702139057
1.63702139582
1.63702139094
1.63702139035
1.63702139384
1.63702139466
1.6370213923
1.63702139179
1.63702138949
1.6370213884
1.63702138892
1.63702138929
1.63702138796
1.63680766946
1.63680766946
1.63680767414
1.63680767191
1.63680767184
1.63680767161
1.63680767209
1.63680767157
1.63680767549
1.63680767161
1.63680767143
1.63680767334
1.63680767405
1.63680767206
1.63680767159
1.63680767043
1.63680766978
1.63680767002
1.63680767029
1.63680766952
1.63671898694
1.63671898694
1.6367189883
1.63671898752
1.63671898706
1.63671898708
1.63671898679
1.63671898674
1.6367189865
1.636718987
1.63671898662
1.63671898717
1.63671898716
1.63671898728
1.63671898741
1.63671898712
1.63671898702
1.63671898722
1.63671898726
1.63671898693
1.63666506156
1.63666506156
1.63666505947
1.63666506052
1.63666506089
1.6366650609
1.63666506096
1.63666506124
1.63666506058
1.63666506099
1.63666506138
1.6366650603
1.63666506008
1.63666506045
1.63666506048
1.63666506116
1.63666506136
1.63666506123
1.63666506108
1.63666506145
1.63660293539
1.63660293539
1.636602931
1.63660293324
1.6366029336
1.63660293391
1.63660293336
1.63660293394
1.63660293095
1.63660293376
1.63660293401
1.63660293237
1.63660293192
1.63660293319
1.63660293352
1.6366029346
1.63660293512
1.63660293489
1.63660293473
1.63660293527
1.63654632595
1.63654632595
1.63654632284
1.63654632438
1.6365463247
1.63654632474
1.63654632477
1.63654632499
1.63654632358
1.63654632491
1.63654632518
1.63654632392
1.63654632356
1.6365463244
1.63654632457
1.63654632538
1.63654632572
1.63654632553
1.63654632531
1.63654632587
1.63653079401
1.63653079401
1.63653079314
1.63653079361
1.63653079372
1.63653079386
1.63653079356
1.63653079383
1.63653079292
1.63653079368
1.63653079378
1.63653079343
1.63653079335
1.63653079361
1.63653079368
1.63653079387
1.63653079397
1.63653079389
1.63653079393
1.636530794
1.63652857367
1.63652857367
1.63652857357
1.6365285736
1.63652857358
1.63652857352
1.63652857365
1.63652857353
1.63652857372
1.63652857364
1.63652857358
1.63652857362
1.63652857362
1.63652857362
1.63652857363
1.63652857365
1.63652857366
1.63652857367
1.63652857363
1.63652857368
1.63652777113
     fun: 1.6365277711332968
     jac: array([-0.00658059, -0.0041095 , -0.00601263, -0.00970811, -0.00095595,
       -0.00889692,  0.00373714, -0.00141574, -0.00600059, -0.0032171 ,
       -0.00338   , -0.0029816 , -0.0024185 , -0.00127679, -0.00050099,
        0.00055137, -0.00268057,  0.00070071])
 message: 'Optimization terminated successfully.'
    nfev: 722
     nit: 34
    njev: 34
  status: 0
 success: True
       x: array([ 0.30580905, -0.85592312,  0.45211889, -0.04663393, -0.24722294,
        0.38613181,  0.04555196,  0.42109227, -0.46638331, -0.43122453,
        0.18553656, -0.05555806,  0.14599044,  0.02830364, -0.38929177,
       -0.35146444,  0.25414278, -0.32987117])

========================================================

Final result:
0.305809048254
-0.85592311788
0.305809048254
0.452118894436
-0.0466339250828
-0.247222941984
0.386131810267
0.0455519588342
0.0455519588342
0.421092271989
-0.466383313921
-0.431224530493
-0.431224530493
0.185536564074
-0.0555580583582
-0.0555580583582
0.185536564074
0.145990442049
0.0283036417347
0.145990442049
-0.389291770055
0.325597601777
-0.351464436456
0.254142783538
-0.329871165432
0.142397606117
0.142397606117
0.142397606117
