THR_charged_methyl.filelist
10.3773711853
10.3773711853
10.3773709171
10.3773710533
10.3773708762
10.3773708987
10.3773710308
10.3773705187
10.3773709855
10.3773711738
10.3773710701
10.3773704787
10.3773712525
10.3773715907
10.3773716383
10.377371268
15731.1493655
2539.72676453
408.051787025
64.1306842857
12.1178934528
9.11805816661
9.11805816661
9.11805955927
9.1180585716
9.11805832674
9.11805839726
9.11805829478
9.11805802423
9.11805824606
9.11805842386
9.11805819551
9.11805804462
9.11805903001
9.11805852211
9.11805852027
9.11805823881
18912.2693368
4066.32183941
871.617033868
184.230480485
36.7532284439
7.656004991
7.656004991
7.65600527936
7.65600508775
7.65600508698
7.65600503799
7.65600500693
7.65600525264
7.65600512012
7.65600476468
7.65600502545
7.6560055526
7.65600413451
7.65600482924
7.65600457924
7.65600495774
4199.61292262
418.466691557
40.9641020323
8.01335926423
7.45711616334
7.45711616334
7.45711624397
7.45711621084
7.45711628885
7.45711626045
7.45711623346
7.45711647658
7.45711636436
7.45711605316
7.45711619268
7.45711678838
7.4571157013
7.45711596626
7.45711570524
7.4571161227
275.618230848
44.589751828
8.57853423698
6.45563700983
6.45563700983
6.45563725754
6.45563712995
6.45563727181
6.45563733108
6.45563710289
6.45563750894
6.45563714586
6.45563690236
6.45563710163
6.45563773427
6.45563654057
6.45563673287
6.45563652743
6.45563695228
310.942026287
40.7376128021
7.38823042919
6.01382243568
6.01382243568
6.01382282345
6.01382259021
6.01382268512
6.01382265341
6.01382252469
6.01382299522
6.0138225513
6.01382234688
6.01382253128
6.01382322371
6.0138220411
6.01382203636
6.01382181358
6.01382235252
393.697389789
46.6674778999
7.37442983194
5.70634684806
5.70634684806
5.70634727377
5.70634702419
5.70634715764
5.70634712859
5.70634699781
5.70634749344
5.70634710006
5.70634676884
5.70634695977
5.7063476769
5.70634644458
5.70634645516
5.70634629173
5.70634676711
42.598595404
6.66958384228
5.49288251175
5.49288251175
5.49288292805
5.49288268296
5.4928828122
5.49288276105
5.49288264613
5.4928831756
5.49288271581
5.49288244027
5.49288262385
5.49288337514
5.49288214678
5.49288215513
5.49288200455
5.49288243943
25.8707229216
4.6977029647
4.6977029647
4.6977025383
4.69770282351
4.69770281605
4.6977028516
4.69770289627
4.69770265946
4.69770280812
4.6977031121
4.69770287089
4.6977023714
4.69770356131
4.69770312885
4.69770334113
4.69770299848
14.2642434781
4.38782872755
4.38782872755
4.3878283026
4.38782858088
4.38782855672
4.38782858117
4.38782867001
4.38782835754
4.38782855944
4.38782886969
4.38782872123
4.38782811179
4.38782930122
4.3878289182
4.38782913242
4.38782876636
7.40306533144
2.09013817241
2.09013817241
2.0901383651
2.09013822376
2.09013816658
2.09013813718
2.09013818751
2.09013812178
2.09013819952
2.0901381484
2.09013822608
2.09013821656
2.09013807237
2.09013821004
2.09013820003
2.09013817929
4.80602280521
1.8774154602
1.8774154602
1.87741567627
1.87741553182
1.87741551949
1.87741548606
1.87741548984
1.87741557498
1.87741553096
1.87741539352
1.87741551225
1.87741569512
1.87741518991
1.87741542307
1.87741531152
1.87741545268
2.75393475303
1.6511170954
1.6511170954
1.6511170412
1.65111709133
1.65111713184
1.65111713578
1.65111709713
1.65111719623
1.65111711573
1.65111705584
1.65111708678
1.65111723513
1.65111694442
1.65111702098
1.6511169697
1.65111707968
1.68083446539
1.57177876436
1.57177876436
1.57177889527
1.57177880713
1.57177879153
1.57177879028
1.57177877988
1.57177878072
1.5717787763
1.57177879975
1.57177875833
1.57177875335
1.57177888357
1.57177878211
1.57177879307
1.57177876773
1.56556918002
1.53116582043
1.53116582043
1.53116548507
1.53116571574
1.53116573695
1.53116573442
1.53116577165
1.53116571948
1.53116576292
1.53116578879
1.53116579783
1.5311656905
1.53116573808
1.53116583177
1.53116585646
1.53116582231
1.57578852902
1.50724032503
1.50724032503
1.50724042588
1.50724035862
1.50724035504
1.50724036559
1.50724034531
1.50724034411
1.50724033526
1.50724035608
1.50724034004
1.5072403411
1.50724042687
1.50724032862
1.50724034031
1.50724032513
1.51739004998
1.49897204598
1.49897204598
1.49897204293
1.49897204212
1.49897202968
1.49897201994
1.498972038
1.49897202286
1.49897204302
1.49897203366
1.49897204226
1.49897203043
1.4989720067
1.49897205396
1.49897205608
1.49897204722
1.49733363023
1.49385083557
1.49385083557
1.49385083232
1.49385083488
1.49385083621
1.49385083741
1.49385083676
1.49385083574
1.49385083782
1.49385083691
1.4938508359
1.49385083711
1.49385084063
1.49385083785
1.49385083648
1.49385083574
1.49352371724
1.49352371724
1.49352373757
1.49352372273
1.49352371762
1.49352371395
1.49352371402
1.49352372197
1.49352371134
1.49352370897
1.49352371918
1.49352372
1.49352368947
1.4935237097
1.49352370917
1.4935237154
1.49244806342
1.49244806342
1.49244805207
1.4924480604
1.49244806347
1.49244806348
1.49244806496
1.49244806518
1.49244806591
1.49244806807
1.49244806144
1.49244806407
1.49244807971
1.49244806003
1.49244806077
1.49244806258
1.49271274617
1.49224724201
1.49224724201
1.49224723721
1.49224724065
1.4922472416
1.49224724357
1.4922472412
1.4922472403
1.49224724041
1.49224724175
1.49224724076
1.49224723866
1.49224724156
1.49224724402
1.49224724569
1.49224724233
1.49209569101
1.49209569101
1.49209569288
1.49209569145
1.49209569092
1.49209568995
1.4920956916
1.49209569089
1.49209569178
1.49209569179
1.49209569168
1.49209569255
1.49209569352
1.49209569112
1.49209568957
1.49209569099
1.49202329789
1.49202329789
1.49202329956
1.4920232985
1.4920232989
1.49202329897
1.49202329873
1.49202329916
1.49202329965
1.49202329763
1.49202329842
1.49202329896
1.49202329627
1.49202329799
1.49202329837
1.49202329789
1.49205868663
1.49200200684
1.49200200684
1.49200200694
1.49200200682
1.49200200671
1.49200200675
1.49200200656
1.49200200663
1.49200200629
1.49200200652
1.49200200676
1.49200200646
1.49200200579
1.49200200688
1.49200200702
1.49200200683
1.49199114461
1.49199114461
1.49199114454
1.49199114456
1.49199114455
1.49199114459
1.4919911445
1.49199114444
1.49199114443
1.49199114452
1.49199114456
1.49199114435
1.49199114432
1.49199114463
1.49199114468
1.49199114461
1.49198615301
1.49198615301
1.49198615314
1.49198615306
1.49198615315
1.49198615297
1.49198615307
1.49198615349
1.49198615302
1.49198615314
1.49198615308
1.49198615367
1.49198615344
1.49198615294
1.49198615292
1.491986153
1.49198541793
1.49198323892
1.49198323892
1.49198323878
1.49198323888
1.49198323895
1.49198323894
1.491983239
1.49198323892
1.49198323912
1.49198323905
1.49198323892
1.49198323896
1.49198323937
1.4919832389
1.49198323885
1.49198323892
1.4919814165
1.4919814165
1.49198141642
1.49198141648
1.49198141651
1.49198141652
1.49198141654
1.49198141647
1.4919814166
1.49198141656
1.4919814165
1.49198141648
1.4919814167
1.4919814165
1.49198141648
1.4919814165
1.49198075161
     fun: 1.4919807516057337
     jac: array([ -5.58561087e-03,  -1.64702535e-03,   3.40029597e-04,
         9.00283456e-04,   2.25692987e-03,  -2.32753158e-03,
         6.31991029e-03,   3.86460125e-03,  -3.54215503e-04,
        -1.85595453e-03,   1.32447630e-02,  -1.68517232e-04,
        -1.93382800e-03,   5.69075346e-05])
 message: 'Optimization terminated successfully.'
    nfev: 487
     nit: 28
    njev: 28
  status: 0
 success: True
       x: array([ 0.53695315, -1.05746496, -0.57525096,  0.38035981,  0.15857819,
        0.88467558,  0.13594717, -0.45867656, -0.48189367, -0.51089168,
        0.16797187, -0.5811205 ,  0.32651092, -0.10504057])

========================================================

Final result:
0.536953152234
0.536953152234
-1.05746495514
0.536953152234
-0.575250961196
0.380359814965
0.158578189149
0.884675579422
0.135947166376
-0.4586765628
-0.481893668389
-0.510891679902
0.167971874926
0.167971874926
0.167971874926
0.409841996035
-0.581120498736
0.326510915365
-0.10504056993
0.119883384434
0.119883384434
0.119883384434
