HID_neutral_methyl.filelist
8.19387596193
8.19387596193
8.19387385219
8.19387492218
8.19387495384
8.19387503763
8.19387511878
8.19387470627
8.19387419245
8.19387538813
8.19387457973
8.19387554209
8.19387554361
8.19387547826
8.19387579805
8.19387581115
8.19387548284
8.19387616869
8.19387625697
8.19387600352
90022.3125817
20046.4292237
4461.44197916
990.37355089
217.35041483
45.4301711064
8.58823666131
4.88086511149
4.88086511149
4.88086526467
4.8808651893
4.88086511202
4.88086521081
4.88086518544
4.88086481535
4.88086529895
4.88086520934
4.88086468029
4.88086511756
4.88086531995
4.88086502371
4.88086517874
4.88086532457
4.8808653969
4.88086541061
4.88086551478
4.88086517272
4968.99714585
1041.59869479
216.970778553
43.9349473743
8.24801238354
3.38618163929
3.38618163929
3.38618282227
3.3861822584
3.38618219335
3.38618225657
3.38618210352
3.38618213638
3.38618264195
3.38618193204
3.38618217475
3.38618181576
3.38618188637
3.38618180258
3.38618173496
3.38618180417
3.38618191719
3.38618165837
3.38618160004
3.38618164196
482.227899996
47.6021058513
5.34240050377
3.28994685331
3.28994685331
3.2899479563
3.28994744129
3.28994744209
3.28994747709
3.28994741542
3.2899474354
3.28994809774
3.28994724188
3.28994751255
3.28994708323
3.28994722652
3.28994705071
3.28994699297
3.28994711096
3.28994730024
3.28994681958
3.28994673073
3.28994684512
804.345807043
106.992593047
14.0468342484
3.32882849219
3.06291704506
3.06291704506
3.06291860842
3.06291782793
3.06291773296
3.06291770606
3.06291766649
3.06291774631
3.06291838033
3.06291748782
3.06291784777
3.06291734012
3.06291745539
3.06291734358
3.06291720826
3.06291731786
3.0629175325
3.0629170127
3.06291691613
3.06291703752
342.861097943
33.7524478959
4.15973898409
2.97376170811
2.97376170811
2.97376331744
2.97376252712
2.97376246814
2.97376246435
2.97376240171
2.97376248672
2.9737632103
2.97376219109
2.9737625759
2.97376206584
2.97376209928
2.97376212295
2.97376187364
2.97376193252
2.97376215429
2.97376171358
2.97376164617
2.97376170926
351.283074949
34.6580265619
4.07544026109
2.90131432269
2.90131432269
2.90131601739
2.90131519978
2.90131515347
2.90131517809
2.90131502823
2.90131520577
2.90131580161
2.90131482483
2.90131528713
2.90131466507
2.90131477424
2.9013146846
2.90131449827
2.90131459692
2.90131486719
2.90131431597
2.90131426564
2.90131432181
209.33907307
21.6476519034
3.37328680824
2.79865774628
2.79865774628
2.7986595805
2.79865867515
2.7986586115
2.79865858393
2.79865851121
2.7986586893
2.79865939369
2.79865826862
2.79865876368
2.79865808757
2.79865820018
2.7986581005
2.7986579114
2.79865799704
2.79865830135
2.79865771739
2.79865767688
2.79865774111
62.5580077595
6.29957418928
2.74040175178
2.74040175178
2.7404036087
2.74040269576
2.74040264194
2.74040263477
2.74040252541
2.74040272167
2.74040339456
2.7404022911
2.74040273528
2.7404021205
2.74040221351
2.74040215031
2.74040192275
2.74040199214
2.740402318
2.74040166033
2.74040164875
2.74040173268
20.1272602063
3.58547523472
2.37862096196
2.37862096196
2.3786226771
2.37862181466
2.37862178154
2.37862176759
2.37862167264
2.37862188951
2.37862245636
2.37862146857
2.37862195612
2.37862131417
2.37862136871
2.37862132404
2.37862111924
2.37862114276
2.37862143733
2.3786208582
2.37862081086
2.37862094042
8.36091828615
2.20691810013
2.20691810013
2.20691810584
2.20691808852
2.20691813048
2.20691807947
2.20691809857
2.20691828496
2.20691808386
2.20691808835
2.20691828005
2.206918123
2.20691804089
2.20691814205
2.2069181083
2.2069180872
2.20691796558
2.20691795759
2.20691796287
2.20691807154
39.14822179
5.26427715437
2.0805231002
2.0805231002
2.08052234927
2.08052270911
2.08052277632
2.08052273324
2.08052278132
2.08052290987
2.08052241331
2.08052284995
2.08052293151
2.08052296591
2.08052283154
2.08052301759
2.08052300617
2.08052292858
2.08052276617
2.08052297107
2.08052294262
2.08052307402
4.52979177494
1.96754000895
1.96754000895
1.96753901313
1.96753953095
1.96753956616
1.96753952325
1.96753959715
1.96753964675
1.96753912116
1.9675397114
1.96753964548
1.96753983351
1.96753971216
1.96753985516
1.96753990357
1.9675398226
1.96753963828
1.96753993226
1.96753992384
1.96753999348
4.38196048184
1.77987563819
1.77987563819
1.77987498076
1.77987530459
1.77987530684
1.77987531634
1.77987536543
1.7798752471
1.77987505982
1.779875459
1.77987522247
1.77987551241
1.77987550259
1.7798754951
1.77987558315
1.77987557327
1.77987548728
1.7798756905
1.77987574967
1.77987564853
3.33115360883
1.68025801588
1.68025801588
1.68025794322
1.68025797338
1.68025794631
1.68025797319
1.68025798523
1.6802578461
1.68025795897
1.68025801681
1.68025779665
1.68025799577
1.68025805872
1.68025795963
1.68025802358
1.68025805959
1.68025808623
1.68025813367
1.68025817529
1.68025804029
1.69031418328
1.6058511024
1.6058511024
1.60585127563
1.6058511939
1.6058511824
1.60585119604
1.60585117433
1.60585116756
1.60585125921
1.60585115111
1.6058511752
1.60585112991
1.6058511469
1.60585112449
1.60585111643
1.60585112807
1.60585115802
1.60585111397
1.60585110408
1.60585110454
1.58292030061
1.58292030061
1.58292031234
1.58292030306
1.58292030649
1.58292029703
1.58292030556
1.58292032795
1.58292030919
1.58292030635
1.58292032736
1.58292030983
1.5829203026
1.58292031566
1.58292030312
1.58292030051
1.58292030166
1.58292028501
1.58292028624
1.58292029757
1.57222261284
1.57222261284
1.57222256178
1.57222258767
1.57222259038
1.57222259079
1.57222259035
1.57222259526
1.57222256498
1.57222259471
1.57222259574
1.57222260154
1.57222259324
1.57222260249
1.57222260593
1.57222260069
1.57222258725
1.57222260735
1.57222260631
1.57222261171
1.5700724194
1.5700724194
1.57007244414
1.57007243217
1.57007243019
1.57007243002
1.57007243115
1.57007242796
1.57007244515
1.57007242933
1.57007242943
1.57007242562
1.57007243062
1.57007242545
1.57007242331
1.5700724265
1.57007243439
1.57007242164
1.5700724212
1.57007241987
1.56952577277
1.56952577277
1.56952577785
1.56952577532
1.56952577488
1.56952577574
1.56952577396
1.56952577409
1.56952577527
1.56952577328
1.56952577338
1.56952577282
1.5695257728
1.56952577271
1.56952577277
1.56952577238
1.56952577258
1.5695257736
1.56952577412
1.56952577296
1.56943477238
1.56943477238
1.56943476573
1.56943476906
1.5694347696
1.56943476942
1.56943477015
1.56943476987
1.56943476796
1.56943477088
1.56943477014
1.56943477126
1.56943477118
1.56943477115
1.56943477201
1.56943477196
1.56943477084
1.56943477195
1.56943477154
1.56943477231
1.56938727622
1.56938727622
1.56938727532
1.56938727574
1.5693872756
1.56938727541
1.56938727541
1.56938727584
1.56938727438
1.56938727566
1.56938727576
1.56938727602
1.5693872755
1.56938727635
1.56938727599
1.56938727569
1.56938727538
1.56938727609
1.56938727625
1.56938727621
1.5693721893
1.5693721893
1.56937218968
1.5693721895
1.56937218973
1.56937218964
1.56937218988
1.56937218986
1.56937219067
1.56937218984
1.56937218994
1.56937218959
1.5693721899
1.56937218946
1.5693721895
1.56937218972
1.5693721901
1.56937218912
1.56937218908
1.56937218927
1.56936240977
1.56936240977
1.56936241074
1.56936241022
1.56936241009
1.5693624101
1.56936241001
1.56936240992
1.56936241031
1.56936240996
1.56936240997
1.5693624099
1.56936240994
1.56936240986
1.56936240984
1.56936240992
1.56936240996
1.56936240991
1.56936240985
1.5693624098
1.56935548335
1.56935548335
1.56935548325
1.56935548337
1.56935548346
1.56935548359
1.56935548344
1.56935548337
1.56935548362
1.56935548338
1.56935548332
1.56935548332
1.56935548339
1.56935548326
1.56935548332
1.56935548334
1.56935548343
1.56935548341
1.56935548344
1.56935548336
1.56935341596
1.56935341596
1.56935341627
1.56935341608
1.56935341598
1.56935341596
1.56935341592
1.56935341593
1.56935341587
1.56935341593
1.56935341595
1.56935341595
1.56935341592
1.56935341594
1.56935341595
1.56935341592
1.56935341587
1.56935341598
1.56935341596
1.56935341596
1.56935230275
1.56935230275
1.56935230258
1.56935230266
1.56935230267
1.56935230266
1.56935230267
1.56935230269
1.56935230258
1.56935230269
1.56935230269
1.56935230274
1.56935230269
1.56935230277
1.56935230274
1.56935230272
1.56935230266
1.56935230276
1.56935230277
1.56935230275
     fun: 1.5693523027499932
     jac: array([ -1.12411827e-02,  -5.90230525e-03,  -5.31449914e-03,
        -5.88648021e-03,  -5.53947687e-03,  -3.93125415e-03,
        -1.17175132e-02,  -3.86805832e-03,  -4.34970856e-03,
        -7.33062625e-04,  -3.69746983e-03,   1.21617317e-03,
        -6.89193606e-04,  -1.78679824e-03,  -5.82250953e-03,
         3.65212560e-04,   1.12302601e-03,  -9.93162394e-05])
 message: 'Optimization terminated successfully.'
    nfev: 579
     nit: 27
    njev: 27
  status: 0
 success: True
       x: array([ 0.30612432, -0.85871427,  0.47448868, -0.05950443, -0.11720142,
        0.39537945,  0.02832042,  0.06869148, -0.46944902, -0.40063425,
        0.09237738,  0.33603228,  0.20467053, -0.55856476,  0.1036238 ,
       -0.38207292,  0.27011686, -0.32744575])

========================================================

Final result:
0.306124322881
-0.858714271043
0.306124322881
0.474488683225
-0.0595044318849
-0.117201423555
0.395379445267
0.0283204153288
0.0283204153288
0.0686914773239
-0.469449015424
-0.400634247625
0.0923773824458
0.336032282986
0.204670534892
-0.558564764047
0.103623799651
0.11991507137
-0.382072921338
0.27011685713
-0.32744574561
0.146467269939
0.146467269939
0.146467269939
