HIE_charged_methyl.filelist
10.9246404817
10.9246404817
10.9246386062
10.9246398166
10.9246396594
10.9246397076
10.9246397285
10.9246393723
10.9246388497
10.9246399516
10.9246392984
10.9246400156
10.9246401294
10.9246402132
10.9246403064
10.9246401471
10.9246402981
10.9246407939
10.9246408643
10.9246405451
94163.4669091
17358.2502505
3197.25852871
586.37557605
105.313729007
18.5760471114
8.90446349645
8.90446349645
8.90446476147
8.90446384478
8.90446355315
8.90446358646
8.90446351251
8.90446326638
8.9044634843
8.90446352273
8.90446321731
8.90446353876
8.90446352146
8.9044635276
8.90446351255
8.90446352746
8.90446352859
8.90446385644
8.90446391504
8.9044635699
8286.00436241
1788.38630101
383.37822786
79.7477314323
15.1374485146
5.80463737693
5.80463737693
5.80463902816
5.80463791974
5.80463788403
5.80463788052
5.80463796974
5.80463776894
5.80463872165
5.80463783062
5.80463791177
5.80463781481
5.80463769252
5.80463764535
5.80463754103
5.8046376945
5.80463759106
5.80463755312
5.80463746195
5.80463741299
2531.37513617
361.113931929
50.7943216242
8.11632078424
5.32094507864
5.32094507864
5.3209471947
5.32094577288
5.32094572146
5.32094571222
5.32094568329
5.32094572901
5.3209463858
5.32094551254
5.32094594777
5.32094546565
5.32094538745
5.32094529905
5.32094522554
5.32094540698
5.32094523032
5.3209451114
5.32094494576
5.32094508482
264.755699481
36.7373695347
6.43095922087
4.88963227249
4.88963227249
4.88963465527
4.88963306932
4.88963306865
4.88963311255
4.8896329762
4.88963310366
4.88963374663
4.88963279885
4.88963326685
4.88963284192
4.88963258868
4.88963264954
4.88963246551
4.8896325243
4.88963263494
4.88963226043
4.88963213635
4.88963226946
843.114884245
116.277730682
15.875868488
4.70280581642
4.70280581642
4.70280841007
4.70280669937
4.70280675817
4.70280681659
4.70280666112
4.70280682486
4.70280764562
4.70280638644
4.70280688917
4.70280626888
4.7028062227
4.70280602781
4.70280598551
4.70280625966
4.70280588364
4.7028057505
4.70280570382
4.70280580268
335.339031098
33.5312403447
5.34155064026
4.55038554161
4.55038554161
4.55038827397
4.55038646279
4.55038648976
4.55038647749
4.55038642748
4.55038658947
4.55038748391
4.55038614397
4.55038665511
4.55038604121
4.5503859588
4.55038579178
4.55038572474
4.550385979
4.55038565848
4.550385412
4.55038535303
4.55038551443
104.614108367
10.5027077481
4.45761825996
4.45761825996
4.45762097367
4.45761917886
4.45761922241
4.45761920439
4.45761914365
4.45761936034
4.4576201635
4.45761888631
4.45761941503
4.45761877578
4.45761872482
4.45761852947
4.45761846574
4.45761877604
4.45761839313
4.45761813114
4.45761810251
4.45761823383
59.8266812821
6.80320624182
4.37974099245
4.37974099245
4.37974362311
4.37974188372
4.37974192943
4.37974188894
4.37974185715
4.37974208934
4.37974287245
4.37974159096
4.37974215661
4.37974148819
4.37974141762
4.37974124622
4.37974118085
4.37974144584
4.37974111545
4.37974088272
4.37974086087
4.37974097111
16.3902236839
3.66023788076
3.66023788076
3.66023623468
3.66023736259
3.66023747066
3.66023746434
3.66023749218
3.66023756064
3.66023702938
3.66023761508
3.6602375322
3.66023763271
3.66023769349
3.66023775575
3.66023780768
3.66023763895
3.6602377826
3.66023775008
3.66023773647
3.66023785395
14.8061661085
3.6766292492
3.45366364263
3.45366364263
3.45366167558
3.45366301582
3.45366311828
3.45366311408
3.45366314214
3.45366319338
3.45366256235
3.45366327733
3.45366315153
3.45366329954
3.45366339033
3.4536634781
3.45366353402
3.45366335865
3.45366356434
3.45366352246
3.45366352144
3.45366361794
22.0876530259
4.08673118644
3.08075573359
3.08075573359
3.08075347787
3.08075500196
3.08075506965
3.08075506738
3.08075509849
3.08075510305
3.08075435005
3.08075527702
3.0807550474
3.08075535651
3.08075540308
3.08075552505
3.08075558059
3.08075538015
3.08075561465
3.08075565181
3.08075567326
3.08075571644
4.67562208541
2.52501362693
2.52501362693
2.52501347082
2.52501355788
2.52501347792
2.52501347618
2.52501346438
2.52501341103
2.52501325318
2.52501351027
2.52501337746
2.52501354252
2.52501354059
2.52501358847
2.52501359082
2.52501352984
2.52501362381
2.52501368698
2.52501373404
2.52501363866
3.51343150611
2.4269644419
2.4269644419
2.42696471763
2.42696452427
2.42696447336
2.42696446696
2.42696446807
2.42696443129
2.42696449459
2.42696445915
2.42696441907
2.42696447018
2.42696445272
2.42696445895
2.42696444611
2.42696445706
2.42696446678
2.42696449981
2.42696450617
2.42696445369
2.5913690714
2.36912378252
2.36912378252
2.36912387547
2.36912382063
2.36912383616
2.36912383307
2.36912385165
2.36912383495
2.36912394569
2.36912382935
2.36912385858
2.36912382444
2.36912381861
2.36912380216
2.36912379557
2.36912382787
2.36912379501
2.36912378356
2.36912377181
2.36912378251
2.30197687496
2.30197687496
2.30197704618
2.30197693626
2.30197694334
2.30197694875
2.30197691286
2.30197697279
2.30197693769
2.30197690005
2.30197696641
2.3019768861
2.30197689459
2.30197687878
2.30197688395
2.30197688749
2.30197686303
2.30197684024
2.30197683868
2.30197686771
2.24272454004
2.24272454004
2.2427243264
2.24272447252
2.24272448264
2.24272447823
2.24272450046
2.24272448271
2.24272445983
2.24272451601
2.24272448138
2.24272452082
2.24272452257
2.24272453459
2.2427245351
2.2427245141
2.24272453942
2.24272453837
2.24272453733
2.24272453961
2.23127097878
2.23127097878
2.23127105554
2.23127100277
2.23127099546
2.23127100045
2.23127098186
2.23127099862
2.23127097882
2.23127097485
2.23127100145
2.23127097235
2.23127097739
2.23127097075
2.23127097376
2.23127098605
2.23127097036
2.23127097492
2.23127097484
2.23127097784
2.22197665445
2.22197665445
2.22197668861
2.22197666571
2.22197666407
2.22197666513
2.22197666612
2.22197666193
2.22197667956
2.2219766633
2.22197665984
2.22197666418
2.22197666003
2.22197666079
2.22197665744
2.22197665939
2.2219766597
2.2219766581
2.22197666043
2.22197665516
2.21881421687
2.21881421687
2.21881418572
2.21881420656
2.21881420588
2.21881420421
2.21881420887
2.21881420726
2.21881419989
2.21881421101
2.2188142105
2.21881421012
2.21881421375
2.21881421318
2.21881421515
2.21881421365
2.2188142131
2.21881421645
2.2188142128
2.21881421676
2.21439401726
2.21439401726
2.21439395388
2.21439399735
2.21439400167
2.21439400196
2.2143940063
2.21439400182
2.21439399463
2.21439401033
2.21439399933
2.21439401256
2.21439401193
2.21439401616
2.21439401599
2.21439400908
2.21439401867
2.2143940168
2.21439401765
2.21439401721
2.21215697493
2.21215697493
2.21215697839
2.21215697577
2.21215697479
2.21215697297
2.21215697618
2.21215697542
2.21215697764
2.21215697611
2.21215697663
2.21215697569
2.21215697629
2.212156975
2.21215697579
2.21215697591
2.21215697427
2.21215697455
2.21215697347
2.21215697493
2.21122863655
2.21122863655
2.21122863926
2.21122863743
2.21122863775
2.2112286391
2.21122863656
2.21122863738
2.21122863563
2.21122863599
2.21122863746
2.21122863604
2.21122863611
2.21122863593
2.21122863634
2.21122863621
2.21122863637
2.21122863697
2.21122863698
2.21122863671
2.21057410308
2.21057410308
2.21057411217
2.21057410591
2.21057410549
2.21057410505
2.21057410469
2.21057410623
2.21057410606
2.21057410367
2.21057410582
2.21057410342
2.21057410363
2.21057410285
2.21057410305
2.21057410471
2.21057410291
2.21057410185
2.21057410238
2.2105741029
2.21022733292
2.21022733292
2.21022733861
2.21022733476
2.21022733474
2.21022733569
2.21022733389
2.21022733405
2.21022733427
2.21022733351
2.21022733406
2.21022733376
2.21022733295
2.21022733338
2.210227333
2.21022733293
2.21022733327
2.21022733373
2.21022733397
2.21022733314
2.21003673156
2.21003673156
2.21003673067
2.21003673126
2.21003673136
2.21003673128
2.21003673163
2.2100367311
2.21003673177
2.21003673157
2.21003673104
2.21003673131
2.21003673157
2.21003673152
2.21003673155
2.21003673172
2.21003673144
2.21003673175
2.21003673177
2.21003673164
2.20991343668
2.20991343668
2.20991343223
2.20991343525
2.20991343548
2.20991343509
2.20991343592
2.20991343574
2.20991343507
2.20991343641
2.2099134359
2.2099134368
2.20991343633
2.20991343706
2.20991343672
2.20991343591
2.20991343723
2.20991343645
2.20991343625
2.20991343666
2.20988935419
2.20988935419
2.2098893518
2.2098893534
2.20988935342
2.20988935333
2.20988935379
2.2098893532
2.20988935365
2.20988935381
2.20988935305
2.20988935335
2.20988935418
2.2098893535
2.209889354
2.20988935443
2.20988935319
2.20988935432
2.20988935437
2.20988935423
2.2098828064
2.2098828064
2.20988280773
2.20988280683
2.20988280679
2.20988280677
2.20988280669
2.20988280689
2.20988280696
2.20988280665
2.20988280698
2.20988280679
2.20988280652
2.20988280676
2.20988280653
2.20988280639
2.20988280692
2.20988280631
2.20988280626
2.2098828064
2.20987996849
2.20987996849
2.20987996868
2.20987996856
2.20987996857
2.2098799686
2.20987996849
2.20987996861
2.20987996844
2.20987996849
2.20987996862
2.20987996857
2.20987996847
2.20987996854
2.20987996848
2.20987996844
2.20987996855
2.20987996848
2.2098799685
2.2098799685
2.2098771349
2.2098771349
2.20987713486
2.20987713488
2.20987713488
2.20987713493
2.20987713484
2.20987713483
2.20987713478
2.20987713484
2.20987713479
2.20987713482
2.20987713487
2.20987713479
2.20987713485
2.20987713491
2.20987713474
2.20987713491
2.20987713494
2.20987713491
2.20987570788
2.20987570788
2.20987570773
2.20987570783
2.20987570785
2.20987570788
2.20987570784
2.20987570783
2.2098757078
2.20987570782
2.2098757078
2.20987570776
2.20987570786
2.20987570775
2.20987570783
2.20987570793
2.20987570769
2.20987570796
2.20987570801
2.2098757079
     fun: 2.209875707878385
     jac: array([ -9.70339775e-03,  -2.93681026e-03,  -1.99475884e-03,
         7.90059566e-05,  -2.82338262e-03,  -3.49429250e-03,
        -5.32907248e-03,  -3.89429927e-03,  -5.22869825e-03,
        -8.20565224e-03,  -9.74863768e-04,  -8.76268744e-03,
        -2.99954414e-03,   3.15836072e-03,  -1.28732920e-02,
         5.22124767e-03,   8.75696540e-03,   1.34330988e-03])
 message: 'Optimization terminated successfully.'
    nfev: 676
     nit: 32
    njev: 32
  status: 0
 success: True
       x: array([  6.76822957e-01,  -1.60808942e+00,  -2.90377822e-01,
         3.76228994e-01,  -9.42337903e-01,   8.20259257e-01,
         3.83781145e-01,   6.12754381e-01,  -4.92168237e-01,
        -4.68367595e-01,  -4.87854049e-01,   1.27514714e-03,
        -5.65263664e-02,   2.41424591e-01,   1.90235834e-01,
        -5.28304675e-01,   3.09731569e-01,  -2.88304197e-01])

========================================================

Final result:
0.676822957348
0.676822957348
-1.60808941943
0.676822957348
-0.290377822088
0.376228993612
-0.942337902965
0.820259256829
0.383781144792
0.383781144792
0.612754381217
-0.492168236669
-0.468367595479
-0.487854049209
0.00127514714104
-0.0565263663969
0.241424590536
0.190235834465
0.305512026809
-0.528304674899
0.309731568861
-0.288304196986
0.168959101008
0.168959101008
0.168959101008
