ILE_methyl_charged.filelist
9.98292824809
9.98292824809
9.98292785545
9.98292779325
9.98292817253
9.98292887552
9.98292893065
9.98292859031
9.98292856404
9.98292846909
9.9829284499
9.98292847335
9.982928378
9.98292843738
9.98292856105
9.98292857551
9.98292871931
9.98292828545
20561.2664768
3198.93940066
495.867412902
75.4818506859
13.0660841199
8.90694691741
8.90694691741
8.90694654018
8.90694647755
8.9069468448
8.90694709149
8.90694713328
8.90694681604
8.9069468003
8.90694680413
8.90694655881
8.90694680218
8.90694670121
8.90694690022
8.90694602916
8.90694619651
8.90694694655
8.90694691351
10226.1286624
2216.97187095
477.988246234
100.552985272
19.3902322997
5.87995477342
5.87995477342
5.8799547699
5.8799549019
5.8799547726
5.8799545141
5.87995437463
5.87995453717
5.87995463168
5.87995460416
5.87995437149
5.87995452834
5.87995481158
5.87995456689
5.87995384958
5.87995504339
5.87995421295
5.87995473112
4546.07759651
760.082896689
125.95111307
20.2814268491
5.46831939323
5.46831939323
5.46831955243
5.46831976938
5.46831942475
5.46831905369
5.46831886013
5.46831916288
5.4683192916
5.46831911174
5.46831917267
5.46831903296
5.46831914062
5.46831914237
5.46831895881
5.46831865444
5.46831877547
5.46831934125
844.925539183
120.108893934
16.8858706998
5.19795952133
5.19795952133
5.19795976729
5.19795992451
5.19795956921
5.19795894395
5.19795878723
5.19795914185
5.19795920595
5.19795923181
5.1979591902
5.19795917486
5.19795928941
5.19795934556
5.19795889572
5.19795886501
5.19795915743
5.19795948563
377.32502154
37.2813869616
5.88122125528
5.12127721206
5.12127721206
5.12127743941
5.12127755895
5.12127725629
5.1212766086
5.12127648321
5.12127680378
5.12127682528
5.12127691758
5.12127688512
5.12127689774
5.12127697747
5.12127700365
5.12127661757
5.12127654855
5.12127674264
5.12127716967
143.088058029
14.1203350144
5.03623177076
5.03623177076
5.03623208275
5.03623222962
5.03623183227
5.03623118225
5.03623106352
5.03623138278
5.0362314225
5.0362315145
5.03623141841
5.03623155512
5.03623154039
5.03623157022
5.03623109936
5.03623109224
5.03623129752
5.03623172954
86.2359409686
11.8238643558
4.72445003964
4.72445003964
4.7244503898
4.72445049172
4.72445010875
4.7244494334
4.72444936499
4.72444962636
4.7244496505
4.72444973974
4.72444969007
4.72444970724
4.72444981409
4.72444982622
4.72444939827
4.72444941411
4.7244495567
4.72444999594
44.8690145826
7.00725362956
4.32790779705
4.32790779705
4.32790814629
4.32790820179
4.32790786425
4.32790717525
4.32790712008
4.32790741175
4.32790747394
4.3279075247
4.32790747134
4.32790750812
4.32790759038
4.32790759297
4.32790720864
4.32790722321
4.32790732518
4.32790775543
7.3616370697
2.22740934235
2.22740934235
2.22740931352
2.22740919748
2.22740933645
2.22740962308
2.22740973002
2.22740959573
2.22740955737
2.22740954742
2.22740968337
2.22740959557
2.22740950009
2.22740948695
2.22741010862
2.2274097844
2.22740968488
2.22740936991
2.4322135572
1.67811900646
1.67811900646
1.67811883491
1.67811876196
1.67811897374
1.67811919686
1.67811924897
1.67811907947
1.67811905843
1.67811905853
1.67811902322
1.67811908172
1.67811902271
1.67811905228
1.67811899529
1.67811903376
1.67811913223
1.67811901411
1.95054093062
1.45109947246
1.45109947246
1.45109946164
1.45109951927
1.45109947118
1.45109956283
1.45109952353
1.45109956221
1.45109958542
1.45109953495
1.45109957758
1.45109952248
1.45109957521
1.45109949398
1.45109967447
1.45109981363
1.45109950816
1.45109947533
1.90915953375
1.32816510014
1.32816510014
1.32816516026
1.32816520935
1.32816511352
1.32816494354
1.32816488463
1.32816496714
1.32816498635
1.32816499148
1.32816495798
1.32816497864
1.32816500226
1.32816503048
1.32816479378
1.32816481481
1.3281649552
1.32816508566
1.97754985304
1.23655355133
1.23655355133
1.23655360002
1.23655362991
1.23655356137
1.23655325907
1.23655324336
1.2365532867
1.23655329993
1.2365533497
1.23655324279
1.23655334274
1.23655333705
1.23655343323
1.23655289997
1.23655289904
1.23655330825
1.23655352789
1.73494538844
1.15566630503
1.15566630503
1.15566633989
1.15566634983
1.15566631213
1.15566623787
1.15566622799
1.15566626434
1.15566627459
1.15566628216
1.15566626445
1.15566627466
1.15566630793
1.15566627813
1.15566622342
1.15566633292
1.15566622887
1.15566630076
1.17540415954
1.14440687945
1.14440687945
1.1444068821
1.14440688462
1.14440688051
1.14440689672
1.14440689734
1.14440689564
1.14440689474
1.14440688893
1.14440690741
1.14440688937
1.14440687384
1.14440689241
1.14440694355
1.14440685146
1.1444069136
1.14440688299
1.13140256884
1.13140256884
1.13140254467
1.13140252831
1.13140256459
1.13140259995
1.13140261273
1.13140258145
1.13140257338
1.13140258453
1.13140257393
1.13140258975
1.13140258631
1.13140257847
1.13140257261
1.13140262328
1.13140259034
1.13140257089
1.12418228049
1.12418228049
1.12418227475
1.12418228018
1.12418227952
1.12418229155
1.12418228299
1.12418229204
1.12418230482
1.12418227877
1.12418229183
1.12418227365
1.12418227282
1.1241822776
1.12418230289
1.12418225334
1.12418227356
1.12418227991
1.12902654358
1.11963020131
1.11963020131
1.11963020787
1.11963021478
1.1196302028
1.11963019621
1.11963019047
1.11963020152
1.11963020454
1.1196302005
1.11963020474
1.11963019876
1.11963020034
1.11963020143
1.11963020982
1.11963019797
1.11963020262
1.1196302014
1.11910841853
1.11910841853
1.11910841889
1.11910841911
1.11910841881
1.11910842238
1.11910842401
1.11910841955
1.11910841839
1.11910841586
1.11910842154
1.11910841523
1.11910841392
1.11910841484
1.11910842579
1.11910840302
1.11910840847
1.11910841776
1.11951827568
1.11872046469
1.11872046469
1.11872046247
1.11872045925
1.11872046437
1.11872046517
1.11872046796
1.1187204632
1.11872046168
1.11872046389
1.11872046194
1.11872046452
1.11872046311
1.11872046437
1.11872045876
1.11872045924
1.11872046436
1.11872046463
1.11853733011
1.11853733011
1.11853732957
1.11853732967
1.11853733009
1.11853733054
1.11853733046
1.11853733047
1.11853733023
1.11853733094
1.11853733006
1.11853733167
1.11853733131
1.11853733007
1.11853732983
1.11853733388
1.11853732949
1.1185373301
1.11853602029
1.11849911452
1.11849911452
1.11849911492
1.11849911558
1.11849911466
1.1184991144
1.1184991137
1.11849911507
1.11849911559
1.11849911493
1.11849911511
1.1184991139
1.11849911584
1.11849911532
1.11849911554
1.11849911915
1.11849911701
1.11849911469
1.11843849569
1.11843849569
1.1184384968
1.11843849706
1.11843849592
1.11843849472
1.11843849448
1.1184384956
1.11843849575
1.11843849571
1.11843849621
1.11843849611
1.11843849542
1.11843849566
1.11843849715
1.11843849466
1.11843849554
1.1184384957
1.11844155463
1.11843067339
1.11843067339
1.11843067368
1.11843067391
1.11843067346
1.11843067298
1.11843067275
1.11843067316
1.1184306733
1.11843067311
1.11843067322
1.11843067299
1.11843067304
1.11843067333
1.1184306732
1.11843067231
1.11843067336
1.1184306734
1.1184297555
1.11842705129
1.11842705129
1.11842705106
1.11842705106
1.11842705125
1.11842705125
1.11842705124
1.11842705111
1.1184270511
1.11842705111
1.11842705094
1.11842705114
1.11842705106
1.11842705118
1.11842705044
1.11842705058
1.11842705101
1.11842705128
1.11842496324
1.11842496324
1.11842496319
1.11842496314
1.11842496324
1.11842496354
1.11842496363
1.11842496348
1.11842496344
1.11842496343
1.11842496351
1.11842496342
1.11842496349
1.11842496334
1.11842496378
1.11842496406
1.11842496341
1.11842496327
1.11842438231
     fun: 1.1184243823064828
     jac: array([-0.00358175, -0.00731418, -0.00059663,  0.0198852 ,  0.02554153,
        0.01594166,  0.01322702,  0.01229118,  0.0175204 ,  0.01192315,
        0.01679544,  0.006117  ,  0.03622253,  0.05481182,  0.0113432 ,
        0.00145808])
 message: 'Optimization terminated successfully.'
    nfev: 525
     nit: 27
    njev: 27
  status: 0
 success: True
       x: array([ 0.76099736, -0.57555274, -0.78056765, -0.92541439,  0.30305879,
        1.05883422, -0.3423842 ,  0.43822073,  0.70233045, -0.26899006,
       -0.21576709,  0.43179414, -0.81156077, -0.00710088, -0.18000036,
       -0.19747464])

========================================================

Final result:
0.760997361864
-0.575552743688
-0.780567653295
0.19837434504
0.19837434504
0.19837434504
-0.925414391994
0.303058794431
1.05883421952
-0.342384196718
0.438220734791
0.702330445804
-0.26899006164
-0.215767092412
0.431794144724
-0.811560769076
-0.00710087540133
-0.00710087540133
-0.00710087540133
-0.180000363335
-0.180000363335
-0.19747463731
0.00673897727796
0.00673897727796
0.00673897727796
-0.811560769076
