CYX_charged_methyl.filelist
16.1913428227
16.1913428227
16.1913431242
16.1913428864
16.191342744
16.1913427811
16.1913426411
16.1913426645
16.191342467
16.1913425074
16.1913430369
16.1913429443
16.1913428679
16.1913426833
16.1913428003
3984.54466419
685.611065895
115.245717835
20.9524582379
13.7389009099
13.7389009099
13.7389006439
13.7389008317
13.7389008719
13.7389009222
13.73890095
13.7389007624
13.7389010914
13.7389008755
13.738901132
13.7389010465
13.7389009566
13.7389006852
13.738900873
2137.99506181
349.561348194
55.6221964691
13.3792157407
11.9574107047
11.9574107047
11.9574114956
11.9574109608
11.9574109268
11.9574109945
11.9574110499
11.9574106701
11.9574114729
11.9574110604
11.9574110228
11.9574110038
11.9574107699
11.9574105863
11.9574106849
12708.3418682
2503.21617281
490.026880419
93.2490731792
17.2412826718
9.08103199676
9.08103199676
9.08103199125
9.08103200556
9.08103203798
9.08103205866
9.08103218291
9.08103189669
9.08103238349
9.08103232606
9.08103207255
9.08103194354
9.08103201029
9.0810320718
9.08103200952
357.728534556
61.0510548225
11.3305429445
7.62053656979
7.62053656979
7.62053648296
7.62053657925
7.62053671701
7.62053682788
7.62053681599
7.62053659609
7.62053707616
7.62053690956
7.62053655768
7.62053650065
7.62053656452
7.6205365928
7.62053657482
268.316736613
42.5341254994
8.44003789556
6.66224110249
6.66224110249
6.66224100437
6.66224110253
6.662241221
6.66224121101
6.66224140279
6.66224115728
6.6622418008
6.66224145761
6.66224102355
6.66224098836
6.66224108389
6.66224114233
6.66224110966
341.976838771
40.0488218325
7.35494523167
6.33157828411
6.33157828411
6.33157813944
6.33157827678
6.33157842884
6.33157843917
6.33157859787
6.33157837494
6.33157895203
6.33157873261
6.33157823512
6.33157825031
6.33157827244
6.33157838712
6.33157830197
75.8904263213
9.16266423046
6.25923071118
6.25923071118
6.25923057678
6.25923070532
6.25923085001
6.2592308488
6.25923101993
6.25923080491
6.2592313448
6.25923119445
6.25923064233
6.25923065473
6.25923069527
6.25923074888
6.25923071802
17.5546396353
4.80895952534
4.80895952534
4.80895952315
4.80895951154
4.80895946133
4.80895943111
4.80895935318
4.80895955157
4.80895912749
4.80895931135
4.80895941356
4.80895945582
4.808959502
4.80895957507
4.80895953536
4.53318028671
4.53318028671
4.53318023462
4.5331802715
4.533180281
4.53318027642
4.53318029689
4.53318026409
4.53318034739
4.53318025591
4.53318039375
4.53318037841
4.53318030997
4.53318018678
4.53318027145
4.39770279978
4.39770279978
4.39770290166
4.39770284103
4.39770286554
4.397702882
4.39770293838
4.39770278369
4.39770308499
4.39770300188
4.3977028273
4.39770282763
4.39770280378
4.3977028267
4.3977028053
4.23556361058
4.23556361058
4.23556363498
4.23556361161
4.23556358221
4.23556357129
4.23556351544
4.23556362849
4.23556337023
4.23556352309
4.23556352121
4.23556349851
4.23556359136
4.23556369575
4.23556362634
4.09006506386
4.09006506386
4.09006485732
4.09006500318
4.09006503806
4.09006503112
4.09006503818
4.09006506746
4.09006504618
4.09006498459
4.09006507148
4.09006509929
4.09006506594
4.09006498034
4.0900650513
3.95753604579
3.95753604579
3.95753628755
3.9575361187
3.957536089
3.9575360864
3.9575361007
3.957536042
3.95753615087
3.95753612058
3.95753610008
3.95753610031
3.95753605652
3.95753605996
3.95753604911
3.91011906205
3.91011906205
3.91011883131
3.91011899271
3.91011902277
3.9101190233
3.91011902462
3.9101190433
3.9101189834
3.91011903435
3.91011901914
3.91011899568
3.91011905257
3.91011907144
3.91011906479
3.86553769066
3.86553769066
3.86553776415
3.86553771438
3.86553771323
3.86553771551
3.8655377006
3.86553771384
3.86553770925
3.86553768875
3.86553768196
3.8655376982
3.86553768848
3.86553769008
3.8655376915
3.82605760432
3.82605760432
3.82605762456
3.82605760757
3.82605759735
3.82605758715
3.82605759299
3.82605760017
3.82605758212
3.82605758792
3.82605761335
3.82605761563
3.82605760608
3.8260576012
3.82605760442
3.79686258819
3.79686258819
3.79686260799
3.79686259449
3.79686259672
3.79686260119
3.79686260049
3.79686258641
3.79686261499
3.79686260203
3.79686260248
3.79686260242
3.79686259087
3.79686258111
3.79686258733
3.78710316797
3.78710316797
3.78710315741
3.78710316335
3.78710316289
3.78710315866
3.78710316574
3.78710316519
3.78710316427
3.78710316866
3.78710316377
3.78710316106
3.78710316683
3.78710317309
3.78710316885
3.78322329014
3.78322329014
3.78322328346
3.78322328731
3.78322328839
3.7832232897
3.78322328569
3.78322329022
3.78322327979
3.78322328574
3.78322328797
3.78322328765
3.78322328946
3.78322329078
3.78322329027
3.77548455609
3.77548455609
3.77548456332
3.77548455882
3.77548456202
3.77548456653
3.77548455962
3.7754845609
3.77548456417
3.77548455561
3.77548455782
3.77548456108
3.77548455629
3.77548455026
3.77548455505
3.77107617017
3.77107617017
3.77107617838
3.77107617307
3.77107617404
3.77107617811
3.77107617017
3.77107617294
3.77107616819
3.77107616871
3.77107617185
3.77107617431
3.7710761704
3.7710761678
3.77107616961
3.77026542501
3.77026542501
3.77026542591
3.77026542542
3.77026542578
3.77026542593
3.77026542587
3.77026542552
3.77026542735
3.77026542477
3.77026542538
3.77026542555
3.770265425
3.77026542378
3.77026542463
3.76996185108
3.76996185108
3.76996184984
3.76996185067
3.76996185059
3.76996184989
3.7699618512
3.76996185062
3.76996185132
3.76996185177
3.76996185096
3.76996185065
3.76996185097
3.76996185178
3.76996185105
3.76962124553
3.76962124553
3.76962124306
3.76962124455
3.76962124386
3.76962124248
3.76962124462
3.76962124423
3.76962124372
3.76962124549
3.76962124481
3.76962124383
3.76962124532
3.76962124698
3.76962124569
3.76941550761
3.76941550761
3.76941550559
3.76941550692
3.76941550676
3.76941550603
3.76941550734
3.769415507
3.76941550694
3.76941550842
3.76941550729
3.7694155069
3.76941550751
3.76941550881
3.7694155078
3.76936285612
3.76936285612
3.769362856
3.76936285603
3.76936285577
3.76936285558
3.76936285573
3.76936285584
3.76936285546
3.76936285571
3.76936285592
3.76936285571
3.76936285604
3.76936285622
3.76936285615
3.76934218874
3.76934218874
3.76934218905
3.76934218889
3.76934218898
3.76934218918
3.76934218884
3.76934218893
3.769342189
3.76934218879
3.76934218886
3.76934218899
3.76934218874
3.76934218857
3.76934218873
3.76931963065
3.76931963065
3.76931963133
3.76931963094
3.76931963114
3.76931963151
3.76931963093
3.76931963103
3.76931963129
3.76931963071
3.76931963088
3.76931963115
3.76931963068
3.76931963022
3.76931963058
3.76929587911
3.76929587911
3.76929587968
3.76929587935
3.76929587954
3.76929587985
3.76929587938
3.76929587944
3.76929587969
3.76929587917
3.76929587932
3.76929587955
3.76929587914
3.76929587876
3.76929587905
3.76928996292
3.76928996292
3.76928996312
3.76928996301
3.76928996307
3.76928996318
3.76928996303
3.76928996304
3.76928996314
3.76928996296
3.76928996299
3.76928996307
3.76928996293
3.76928996278
3.7692899629
3.76928909517
     fun: 3.7692890951696825
     jac: array([ 0.01341781,  0.00573301,  0.01007149,  0.0172644 ,  0.00738671,
        0.00777054,  0.01469189,  0.0024519 ,  0.00469938,  0.01018798,
        0.00072733, -0.00936779, -0.00148019])
 message: 'Optimization terminated successfully.'
    nfev: 491
     nit: 31
    njev: 31
  status: 0
 success: True
       x: array([ 0.33917296,  0.00484793, -2.09540657,  0.79548407, -0.47673142,
        1.29859443,  0.40255567,  0.21647471, -0.5614315 ,  0.30083604,
        0.05837209, -0.0524969 , -0.82964632])

========================================================

Final result:
0.339172959305
0.339172959305
0.00484793461509
0.339172959305
-2.09540657314
0.795484070805
-0.47673142088
1.29859443346
0.40255567393
0.40255567393
0.216474710851
-0.565893381484
-0.0524968984688
-0.82964631846
0.294047738976
0.294047738976
0.294047738976
-0.561431496745
0.300836038928
0.0583720918588
0.0674077886527
0.0674077886527
0.0674077886527
