PHE_methyl_neutral.filelist
5.40586637266
5.40586637266
5.40586604245
5.40586587276
5.40586630815
5.40586724349
5.40586738859
5.40586704006
5.40586696194
5.40586714509
5.40586680714
5.40586795579
5.40586719421
5.40586684256
5.405868076
5.40586805175
5.40586819618
5.40586826766
5.4058673138
5.40586737021
5.40586655636
136655.257093
28476.0892589
5932.29189063
1234.32384632
255.324053429
51.4299841294
9.63198537421
3.81161951579
3.81161951579
3.81161915753
3.81161897606
3.8116194457
3.81161980408
3.81161995288
3.8116195822
3.81161944619
3.81161949789
3.81161960973
3.81161954758
3.81161933152
3.81161971487
3.81161902532
3.81161913063
3.81161882592
3.81161878145
3.81161912947
3.81161908587
3.81161950963
8480.46853727
1764.51065446
366.070684655
74.9185952868
14.5124429545
3.2146846192
3.2146846192
3.21468459967
3.21468459797
3.21468461382
3.21468397457
3.21468394033
3.21468401504
3.21468398991
3.21468387267
3.21468425634
3.2146830058
3.21468390214
3.21468431852
3.21468325959
3.21468319724
3.21468347406
3.21468359039
3.21468411045
3.21468422738
3.21468441374
2786.08669536
435.883147845
67.6351929007
10.2792621862
3.00775870022
3.00775870022
3.00775895398
3.00775908568
3.00775874785
3.007757833
3.00775770629
3.00775804659
3.0077581027
3.00775795723
3.00775831096
3.00775721658
3.00775787176
3.00775836047
3.00775699673
3.00775705204
3.00775692943
3.00775693726
3.00775780213
3.00775780167
3.00775849659
216.572384106
21.2829833668
3.3235685368
2.93887647482
2.93887647482
2.93887672915
2.93887689032
2.93887652283
2.93887562344
2.93887547866
2.93887581851
2.93887590703
2.93887568845
2.93887605823
2.93887486833
2.93887561105
2.9388760577
2.93887470585
2.93887476934
2.93887462646
2.93887463008
2.93887553008
2.93887551535
2.93887628532
134.406724528
13.2907582821
3.01019318592
2.89300853373
2.89300853373
2.89300878374
2.89300891831
2.89300858092
2.89300763688
2.89300751527
2.8930078324
2.89300788993
2.89300773831
2.89300807963
2.89300693286
2.89300766211
2.89300806573
2.89300674375
2.89300680856
2.89300664688
2.89300663594
2.89300756435
2.89300753725
2.89300833132
146.665205299
14.3486267156
2.99251133332
2.81662607112
2.81662607112
2.8166263523
2.81662650023
2.81662612496
2.81662517227
2.81662505368
2.81662536228
2.8166254144
2.81662524841
2.81662563057
2.81662439763
2.81662517796
2.8166256498
2.81662423349
2.81662428063
2.81662413714
2.81662410253
2.81662508244
2.81662505315
2.8166258587
28.756129238
3.62287762096
2.74151872885
2.74151872885
2.74151900079
2.74151915255
2.74151878092
2.74151784984
2.74151771864
2.74151803981
2.74151810293
2.74151793122
2.74151828875
2.74151711445
2.74151785686
2.74151828087
2.74151691708
2.7415169223
2.74151683733
2.7415167718
2.74151777859
2.74151776505
2.74151853152
74.5424061361
8.7332114633
2.68313129333
2.68313129333
2.68313150253
2.68313162868
2.68313133215
2.68313050613
2.6831303656
2.68313070164
2.68313078127
2.68313060128
2.68313093414
2.68312985319
2.68313057469
2.68313095721
2.68312980753
2.68312980493
2.68312969986
2.68312961001
2.68313046538
2.68313039055
2.68313112119
32.2700386675
5.96656075285
2.02327558868
2.02327558868
2.02327574132
2.02327577406
2.02327561772
2.02327531564
2.02327525966
2.02327541264
2.02327545933
2.02327539639
2.02327548034
2.02327517782
2.02327541451
2.02327545169
2.02327523098
2.02327516826
2.0232752088
2.02327519216
2.02327536609
2.02327527876
2.02327557143
37.6952822497
6.94334327434
1.72286511638
1.72286511638
1.72286509523
1.72286502786
1.722865113
1.72286561902
1.72286564917
1.72286556941
1.72286558977
1.72286566668
1.72286538233
1.72286620829
1.72286576657
1.72286531705
1.72286647165
1.72286642676
1.72286652536
1.72286650251
1.72286582895
1.72286582406
1.72286528259
12.7180615724
2.05048336705
1.64066679179
1.64066679179
1.64066673201
1.64066668643
1.64066678145
1.64066738917
1.64066740859
1.64066730706
1.6406673179
1.64066741689
1.64066708925
1.64066803791
1.64066752328
1.64066702797
1.64066831248
1.64066825232
1.6406683763
1.6406683597
1.64066759097
1.6406675807
1.6406669548
4.78602658434
1.41601293261
1.41601293261
1.41601279123
1.41601276753
1.41601290442
1.41601347536
1.41601355543
1.41601337655
1.41601335023
1.41601346206
1.41601321219
1.41601400704
1.41601351985
1.4160131688
1.41601414252
1.41601411434
1.41601418661
1.41601418418
1.41601356838
1.41601357529
1.41601310621
12.07002872
1.95120198394
1.29536359798
1.29536359798
1.29536346006
1.29536341089
1.29536356974
1.29536405785
1.29536416239
1.29536396606
1.29536394822
1.29536403227
1.29536382225
1.29536448651
1.29536406301
1.29536380805
1.29536454961
1.29536453261
1.29536457965
1.29536457927
1.29536409584
1.29536410359
1.29536371346
4.76027595535
1.15695684611
1.15695684611
1.15695679366
1.15695679664
1.15695683546
1.15695655857
1.1569565591
1.15695653206
1.15695647959
1.15695644307
1.15695667556
1.15695606471
1.15695633211
1.15695673333
1.15695575591
1.1569558229
1.15695567787
1.15695568739
1.15695625322
1.1569562672
1.15695673154
0.985948565571
0.985948565571
0.985948725602
0.985948798247
0.98594859571
0.985948378806
0.985948301355
0.985948497398
0.985948571846
0.985948531292
0.985948503995
0.985948457233
0.985948611621
0.985948479467
0.985948722114
0.98594866912
0.985948825485
0.985948854822
0.985948714237
0.985948734424
0.985948545034
1.02625922514
0.898932030809
0.898932030809
0.898932060471
0.898932055728
0.898932036198
0.898932075305
0.898932068741
0.89893208749
0.8989321095
0.898932104813
0.898932060025
0.898932172925
0.898932125166
0.898932043829
0.898932223314
0.89893220869
0.898932212266
0.898932190985
0.898932113328
0.898932089684
0.898932052963
0.895985102206
0.86441315016
0.86441315016
0.864413135079
0.864413124461
0.86441314691
0.864413214656
0.864413224529
0.864413200714
0.86441319781
0.864413212514
0.864413181554
0.864413273501
0.864413224459
0.864413177861
0.864413312287
0.864413304163
0.864413338256
0.864413349052
0.864413250885
0.864413262388
0.864413167125
0.864984260448
0.858706008303
0.858706008303
0.858706001969
0.858706003225
0.858706006743
0.858706006013
0.85870600782
0.858706001146
0.858705999296
0.858705998391
0.858706006548
0.858705992844
0.858705988221
0.858706008292
0.858705958728
0.858705966551
0.858705939528
0.85870593303
0.858705969572
0.858705965017
0.858706006492
0.856634175255
0.856634175255
0.856634177029
0.856634180302
0.856634175496
0.856634124299
0.856634119685
0.856634126536
0.8566341255
0.856634113532
0.856634146587
0.856634052884
0.856634098577
0.856634152787
0.856634011698
0.856634019664
0.856633993035
0.856633982146
0.856634079212
0.856634067133
0.856634159054
0.853634686348
0.853634686348
0.853634692559
0.853634687027
0.853634687726
0.85363465651
0.85363465487
0.853634660624
0.853634659598
0.853634657952
0.853634669739
0.853634618489
0.853634668715
0.853634671439
0.85363466266
0.853634648562
0.853634695578
0.853634715505
0.85363469939
0.85363471424
0.853634675796
0.849504087358
0.849504087358
0.84950409554
0.849504101856
0.849504089034
0.849504119851
0.849504117994
0.849504124453
0.849504129958
0.849504136322
0.849504109406
0.84950419289
0.849504135331
0.849504105199
0.849504180656
0.849504189591
0.849504168561
0.849504163256
0.849504125441
0.849504122749
0.849504100302
0.847755055254
0.847755055254
0.847755042672
0.847755041041
0.847755052788
0.847755054031
0.847755056423
0.847755047167
0.847755044366
0.847755042124
0.847755050322
0.847755021104
0.847755046324
0.847755050057
0.847755039721
0.847755033546
0.847755045135
0.847755042376
0.847755051605
0.847755050955
0.847755053367
0.846791491113
0.846791491113
0.846791496144
0.846791495092
0.846791492149
0.846791480027
0.846791480015
0.846791482329
0.846791481342
0.846791481672
0.846791487126
0.846791477078
0.84679147395
0.84679148999
0.846791451944
0.84679145527
0.846791445283
0.846791446749
0.846791465936
0.846791463018
0.846791488103
0.845926379301
0.845926379301
0.845926381276
0.845926381287
0.845926379783
0.845926377105
0.845926375961
0.845926378072
0.845926379259
0.845926378042
0.845926377666
0.845926375028
0.845926379315
0.845926376711
0.845926380932
0.845926381836
0.84592638308
0.845926384018
0.845926382195
0.845926384498
0.845926378199
0.845536009933
0.845536009933
0.845536008907
0.845536009516
0.845536009768
0.84553601547
0.845536015567
0.845536015467
0.845536015526
0.845536017554
0.845536013537
0.845536024684
0.845536019246
0.845536013927
0.845536029392
0.845536027707
0.845536030946
0.845536030465
0.845536020917
0.845536021285
0.845536011983
0.845416734585
0.845416734585
0.845416734332
0.845416735494
0.84541673457
0.845416735773
0.845416736087
0.845416735478
0.845416735619
0.845416735275
0.845416735239
0.845416735798
0.845416734933
0.845416733386
0.845416735229
0.845416735169
0.845416734391
0.845416734337
0.845416733744
0.845416732159
0.845416735578
0.845130927863
0.845130927863
0.845130927095
0.845130926032
0.845130927749
0.845130923385
0.845130923859
0.845130922157
0.845130921645
0.845130919779
0.845130923974
0.845130911394
0.845130917745
0.845130924093
0.845130906634
0.84513090808
0.84513090442
0.84513090421
0.845130915462
0.845130914672
0.845130926021
0.845058825131
0.845058825131
0.845058825436
0.845058824677
0.845058825207
0.845058824564
0.845058824453
0.845058825712
0.845058825091
0.845058826977
0.845058826606
0.845058829848
0.845058826747
0.845058828831
0.845058828112
0.845058827214
0.845058828776
0.845058828292
0.845058827526
0.845058828397
0.845058824533
0.845024683266
0.845024683266
0.845024683818
0.845024685106
0.845024683395
0.845024686244
0.845024685757
0.845024686276
0.845024687206
0.84502468682
0.845024684309
0.845024689594
0.845024688223
0.8450246826
0.845024694366
0.845024694096
0.845024695542
0.84502469639
0.84502468945
0.845024689626
0.845024684762
0.844980296433
0.844980296433
0.844980296385
0.844980296285
0.844980296433
0.844980296203
0.84498029643
0.844980296073
0.844980295941
0.844980295968
0.844980296178
0.844980295489
0.844980295849
0.844980296098
0.844980295259
0.844980295393
0.844980294979
0.844980294889
0.844980295611
0.844980295464
0.844980296387
0.844975359478
0.844975359478
0.844975359189
0.844975359292
0.844975359425
0.84497535986
0.844975359616
0.844975359785
0.844975360034
0.844975359535
0.84497535962
0.844975359468
0.844975359463
0.844975359531
0.844975359472
0.844975359408
0.844975359513
0.844975359557
0.844975359525
0.844975359562
0.844975359571
0.844971770645
0.844971770645
0.844971770891
0.844971770764
0.844971770694
0.844971770331
0.844971770378
0.844971770503
0.844971770208
0.844971770893
0.844971770716
0.844971771399
0.844971770936
0.8449717711
0.844971771234
0.844971771097
0.844971771337
0.844971771328
0.844971771076
0.844971771153
0.844971770417
0.844968417943
0.844968417943
0.844968418065
0.844968418052
0.844968417962
0.844968417794
0.844968417814
0.844968417899
0.844968417922
0.844968417911
0.844968417967
0.844968417891
0.844968417915
0.844968418027
0.844968417898
0.844968417877
0.844968417926
0.844968417929
0.84496841799
0.844968418036
0.844968417956
0.844965150903
0.844965150903
0.844965150697
0.844965150693
0.844965150857
0.844965151072
0.844965151085
0.844965150957
0.84496515104
0.844965150856
0.844965150832
0.844965150747
0.844965150835
0.844965150624
0.84496515078
0.844965150865
0.844965150659
0.844965150691
0.844965150737
0.844965150629
0.844965150983
0.844957168653
0.844957168653
0.844957168423
0.844957168829
0.844957168606
0.844957169346
0.844957169132
0.844957168947
0.844957169374
0.844957168239
0.844957168642
0.844957167362
0.844957168176
0.844957168214
0.844957167698
0.844957167772
0.844957167567
0.844957167583
0.844957168049
0.844957167905
0.844957168891
0.844946062932
0.844946062932
0.844946062105
0.844946062009
0.844946062755
0.844946063237
0.844946063256
0.844946062907
0.844946063146
0.844946062697
0.844946062446
0.844946062306
0.844946062641
0.844946061481
0.8449460624
0.844946062774
0.844946062028
0.844946062191
0.844946062235
0.844946061881
0.844946063257
0.844937481297
0.844937481297
0.844937480993
0.844937481128
0.844937481231
0.844937481818
0.844937481759
0.844937481557
0.844937481785
0.844937481213
0.844937481308
0.844937480863
0.844937481204
0.844937481035
0.844937481153
0.844937481291
0.844937481023
0.844937481098
0.844937481054
0.84493748089
0.844937481439
0.844936073957
0.844936073957
0.844936074045
0.844936074118
0.844936073973
0.844936073851
0.844936073802
0.844936073831
0.844936073827
0.844936073838
0.844936073791
0.844936073796
0.844936073759
0.844936073608
0.844936073458
0.844936073311
0.844936073499
0.844936073365
0.844936073809
0.844936073906
0.844936073974
0.844935828301
     fun: 0.8449358283010892
     jac: array([ 0.00589722,  0.01083418,  0.00106201, -0.00707778, -0.01040381,
       -0.0084616 , -0.0086884 , -0.00797189, -0.01112021, -0.01075879,
       -0.01324487, -0.02340949, -0.0334903 , -0.04330763, -0.0307333 ,
       -0.03973897, -0.00994609, -0.00342914,  0.00116709])
 message: 'Optimization terminated successfully.'
    nfev: 862
     nit: 39
    njev: 39
  status: 0
 success: True
       x: array([ 0.45977765, -0.46588563, -0.31320354, -0.49991172,  0.24165805,
        0.56781218, -0.03664037, -0.434696  ,  0.44781058,  0.10928553,
        0.27447694, -0.48111846, -0.19718378,  0.1336921 , -0.19505699,
        0.15812432, -0.10821324,  0.13538507, -0.55147365])

========================================================

Final result:
0.459777648946
-0.4658856332
-0.31320354349
0.106437175915
0.106437175915
0.106437175915
-0.499911716037
0.241658052545
0.567812184724
-0.036640370432
-0.434695999679
0.447810578543
0.109285529256
0.109285529256
0.274476939742
-0.4811184638
-0.197183782025
-0.197183782025
0.133692097123
-0.195056989677
-0.195056989677
0.133692097123
0.158124317124
-0.10821324179
0.158124317124
0.135385068613
-0.551473653195
0.427188277163
