CYD_charged_methyl.filelist
32.9551238597
32.9551238597
32.9551231912
32.955123701
32.955123977
32.9551239908
32.9551242896
32.9551239001
32.9551246976
32.9551246304
32.9551238912
32.9551239386
32.9551238665
10361.1594456
2386.94440337
539.258002297
112.342589675
21.4683378744
21.4683378744
21.4683377417
21.4683377897
21.468337621
21.4683376007
21.46833739
21.4683377421
21.4683365815
21.4683376403
21.4683377581
21.468337642
21.4683378497
7926.58561622
788.759727532
77.5596731323
21.4690033247
20.9612503289
20.9612503289
20.9612508169
20.9612504348
20.9612501991
20.9612501894
20.9612499626
20.961250248
20.9612492668
20.9612502135
20.9612502876
20.9612502095
20.9612503195
1438.52788266
268.400783004
47.8158723858
16.8822507066
16.8822507066
16.8822511594
16.8822507835
16.8822504677
16.8822504279
16.8822501471
16.8822505618
16.882249482
16.8822499828
16.882250664
16.8822505413
16.8822506971
149.91043963
21.3878695359
16.2269976809
16.2269976809
16.2269981221
16.2269977683
16.2269975045
16.2269975433
16.2269971229
16.2269975982
16.2269964328
16.2269969382
16.226997616
16.2269975319
16.2269976665
175.732685302
26.8292976735
14.8147327748
14.8147327748
14.8147332695
14.8147328772
14.8147326031
14.8147325524
14.8147322994
14.8147327354
14.8147317506
14.8147321061
14.814732567
14.8147324776
14.8147327297
260.101704088
51.0829516796
11.5564508571
11.5564508571
11.556451171
11.5564509583
11.5564509396
11.5564508598
11.5564509211
11.5564510268
11.5564510984
11.5564507345
11.5564508567
11.5564510412
11.5564508597
92.7701487675
17.0800171072
8.83016546425
8.83016546425
8.83016567748
8.83016557124
8.83016571457
8.83016570105
8.83016590482
8.83016565307
8.8301666019
8.83016571047
8.83016554166
8.83016571826
8.83016548157
8.30576181526
4.03726979595
4.03726979595
4.03726944207
4.03726973333
4.03726995325
4.03727000626
4.03727019568
4.03726984194
4.03727067341
4.03727031349
4.03726983943
4.03726986201
4.0372698039
7.9215730115
3.06758050553
3.06758050553
3.06758046125
3.06758048716
3.06758045589
3.06758049114
3.06758044076
3.06758040688
3.06758032782
3.06758048748
3.06758052394
3.06758042492
3.0675805074
3.87266338306
2.75041656654
2.75041656654
2.75041646641
2.75041652832
2.75041649133
2.75041648443
2.75041643079
2.75041653345
2.75041620802
2.75041649247
2.75041652381
2.75041649144
2.75041655706
3.19867166745
2.66072049534
2.66072049534
2.66072059836
2.66072052347
2.6607204814
2.66072047163
2.66072044948
2.66072048913
2.66072040016
2.66072041501
2.66072050012
2.66072050292
2.66072049587
2.66774630208
2.62389199114
2.62389199114
2.6238919926
2.62389199452
2.62389199086
2.62389198786
2.62389198437
2.62389199906
2.62389199016
2.6238919555
2.62389199123
2.62389198675
2.62389199085
2.95987753998
2.58916022783
2.58916022783
2.5891601606
2.58916021612
2.58916024839
2.58916025395
2.58916027693
2.58916024377
2.58916033655
2.58916028624
2.58916021941
2.58916023197
2.58916022557
2.56579212831
2.56579212831
2.56579226775
2.56579217456
2.56579217047
2.5657921615
2.56579221303
2.56579213735
2.56579229963
2.56579225292
2.56579218584
2.56579220151
2.56579214029
2.62174260306
2.52635440263
2.52635440263
2.52635433994
2.52635438226
2.52635438325
2.52635438152
2.5263543876
2.52635438549
2.52635437586
2.52635439131
2.52635441262
2.52635440251
2.52635440463
2.60603078193
2.52185795618
2.52185795618
2.52185801701
2.52185797402
2.52185796261
2.52185796541
2.52185796015
2.52185795423
2.52185796109
2.52185796616
2.52185796691
2.5218579636
2.52185795814
2.51394250634
2.51394250634
2.51394248729
2.51394250033
2.51394249974
2.51394249484
2.51394250103
2.51394250697
2.51394249961
2.51394249819
2.51394249524
2.51394249464
2.51394250384
2.52050924252
2.51242665115
2.51242665115
2.51242663187
2.51242664654
2.51242665172
2.51242665681
2.51242664655
2.51242665624
2.51242664144
2.51242664317
2.51242664661
2.51242665133
2.51242665008
2.50794393528
2.50794393528
2.50794392729
2.50794393319
2.50794393499
2.50794393644
2.50794393483
2.50794393571
2.50794393496
2.50794393315
2.50794393375
2.50794393402
2.50794393488
2.50756189701
2.50756189701
2.50756189735
2.50756189705
2.50756189691
2.5075618969
2.50756189709
2.50756189706
2.50756189684
2.50756189719
2.50756189712
2.50756189715
2.507561897
2.50747580151
2.50747580151
2.50747580284
2.50747580184
2.50747580152
2.5074758014
2.50747580174
2.50747580142
2.50747580176
2.50747580191
2.50747580183
2.50747580173
2.50747580155
2.50741866364
2.50741866364
2.50741866419
2.50741866378
2.50741866366
2.50741866359
2.50741866371
2.50741866359
2.50741866373
2.50741866379
2.50741866376
2.50741866371
2.50741866365
2.50741715483
2.50741715483
2.50741715491
2.50741715485
2.50741715483
2.50741715482
2.50741715484
2.50741715482
2.50741715485
2.50741715485
2.50741715485
2.50741715484
2.50741715482
     fun: 2.507417154825951
     jac: array([ 0.00591016,  0.00148243,  0.00054461, -0.000361  ,  0.00077301,
       -0.00061721,  0.00158384,  0.00150123,  0.00139475,  0.00074983,
       -0.00025791])
 message: 'Optimization terminated successfully.'
    nfev: 340
     nit: 24
    njev: 24
  status: 0
 success: True
       x: array([ 0.68757645, -1.83915695,  0.1203565 ,  0.20694919, -0.74662758,
        0.63490243,  0.30030248, -0.55951192, -0.45796158,  0.26297878,
       -0.02633798])

========================================================

Final result:
0.687576445322
0.687576445322
-1.83915694923
0.687576445322
0.120356496464
0.206949191983
-0.746627575275
0.634902429419
0.300302479236
0.300302479236
-0.559511915584
-0.480245972216
-0.457961582115
0.262978779699
-0.0263379769133
0.0737735931099
0.0737735931099
0.0737735931099
