PRO_methyl_neutral.filelist
8.48630130694
8.48630130694
8.48630092273
8.48630069266
8.48630123138
8.48630229054
8.48630255136
8.48630206567
8.48630400863
8.486302511
8.48630220004
8.48630203104
8.48630174688
8.48630389498
8.48630297303
8.48630167956
8.48630154618
118118.848487
27940.7075281
6606.39408109
1559.13437982
365.077081249
82.6830614323
16.35749455
3.85325169987
3.85325169987
3.85325134532
3.85325131075
3.85325162854
3.85325153563
3.85325152522
3.85325138288
3.85325153092
3.8532512561
3.85325123528
3.85325129364
3.85325150317
3.85325065768
3.85325067355
3.85325149505
3.85325162705
6756.51705064
1263.35873712
235.311040311
43.0034141532
7.58366373107
3.12030467858
3.12030467858
3.12030464651
3.12030476532
3.1203046691
3.12030404913
3.12030387866
3.12030416953
3.12030300333
3.12030382527
3.1203040627
3.12030418776
3.12030438459
3.12030279186
3.1203035471
3.120304396
3.12030455451
603.883673217
85.6898016274
11.9681112269
3.07083853359
2.85983835922
2.85983835922
2.85983843081
2.85983862513
2.85983837079
2.85983758928
2.85983738512
2.85983771928
2.85983631185
2.85983732938
2.85983754523
2.85983776422
2.85983797491
2.85983613362
2.85983677235
2.85983798462
2.85983818817
246.740367081
24.2639064435
3.36649990452
2.78911376359
2.78911376359
2.78911385917
2.78911404255
2.78911377998
2.78911291359
2.78911273369
2.78911305245
2.78911162422
2.78911267664
2.78911291331
2.78911304052
2.78911336471
2.78911140534
2.78911214472
2.7891134253
2.78911356107
140.123594241
13.8724781387
2.90957512916
2.75115893483
2.75115893483
2.75115904814
2.75115925869
2.75115895483
2.75115810957
2.75115789706
2.75115824877
2.75115677678
2.75115781075
2.75115807116
2.75115825963
2.75115856286
2.75115646535
2.75115728008
2.75115863308
2.75115874427
234.252216359
23.01493637
3.2433021936
2.67866510617
2.67866510617
2.67866523992
2.67866543839
2.67866513033
2.67866422843
2.67866403277
2.67866437439
2.67866288113
2.67866395858
2.67866422412
2.67866437841
2.67866467565
2.67866259081
2.67866343619
2.67866468425
2.67866492037
46.9780412035
7.87460680612
2.36455929821
2.36455929821
2.3645595187
2.36455967918
2.36455934209
2.36455843815
2.36455819135
2.36455858305
2.3645569298
2.36455816032
2.36455843403
2.36455859736
2.36455886757
2.36455682481
2.36455765743
2.36455894077
2.36455903943
10.7301989982
2.28408640116
1.80877463079
1.80877463079
1.80877492111
1.80877505632
1.8087746906
1.80877403203
1.80877382181
1.80877417007
1.80877281993
1.8087738787
1.80877409459
1.80877418195
1.80877436532
1.80877302551
1.80877365068
1.80877441366
1.80877449091
24.2666123786
4.03742046235
1.55859092322
1.55859092322
1.55859125765
1.55859128329
1.55859099017
1.55859066386
1.55859060108
1.55859083169
1.5585901301
1.55859074706
1.55859085815
1.5585909084
1.55859086733
1.55859059382
1.5585908747
1.55859091451
1.55859087892
18.734875616
2.99462073823
1.37869434149
1.37869434149
1.37869463048
1.37869465734
1.37869440058
1.37869446208
1.37869447041
1.37869457409
1.37869446616
1.3786946721
1.37869468119
1.37869464669
1.37869448027
1.3786951265
1.37869509128
1.37869449567
1.37869437833
1.75913907491
0.922674221523
0.922674221523
0.92267414639
0.922674046949
0.922674208794
0.922674742578
0.922674888396
0.922674642226
0.922675646154
0.922674906756
0.92267472888
0.92267462719
0.922674469867
0.922675722841
0.92267517709
0.9226744377
0.922674356113
1.06463567158
0.770475332055
0.770475332055
0.770475250677
0.7704752302
0.770475316263
0.770475465581
0.7704755013
0.770475440367
0.770475704485
0.770475495154
0.770475460984
0.770475439371
0.770475398934
0.770475683922
0.770475588776
0.770475380924
0.770475374515
0.769799897999
0.726072115897
0.726072115897
0.726072077598
0.726072082293
0.726072109311
0.726072045866
0.726072031804
0.726072014825
0.726071977353
0.726071975689
0.726071974116
0.72607199518
0.726072053195
0.726071804358
0.726071810368
0.726072058102
0.726072081937
0.714482367902
0.714482367902
0.714482474465
0.714482499384
0.714482389124
0.714482249428
0.714482202094
0.714482334016
0.714481952665
0.71448227641
0.714482357673
0.714482363958
0.714482354405
0.714482181448
0.714482413855
0.714482362387
0.714482366711
0.687502824834
0.687502824834
0.687502841159
0.687502848803
0.68750282818
0.687502832976
0.687502840154
0.687502835925
0.687502856117
0.68750284791
0.687502834319
0.687502845747
0.687502828711
0.687502883993
0.687502832248
0.687502830686
0.687502819501
0.690366821853
0.683271770067
0.683271770067
0.683271753167
0.683271745715
0.683271767028
0.683271798102
0.683271807596
0.683271784668
0.683271858918
0.683271798086
0.683271786152
0.683271778747
0.683271777972
0.683271826603
0.683271794813
0.683271777125
0.683271771785
0.683543609316
0.682177377103
0.682177377103
0.682177369
0.682177368709
0.682177375769
0.682177384664
0.682177386714
0.682177377312
0.682177402192
0.682177380722
0.68217737359
0.682177374959
0.682177376776
0.682177385096
0.68217736266
0.682177375121
0.682177378269
0.681919412061
0.681919412061
0.681919420007
0.681919419975
0.681919413679
0.681919399137
0.681919396359
0.681919407611
0.681919375293
0.681919401788
0.681919410785
0.681919409785
0.68191941032
0.68191938909
0.681919417547
0.681919412679
0.681919410253
0.68153646665
0.68153646665
0.681536468846
0.681536470213
0.681536467196
0.681536465518
0.681536463558
0.681536467067
0.681536457673
0.681536465778
0.68153646737
0.681536468409
0.681536466437
0.681536465316
0.681536469251
0.681536465504
0.681536466824
0.681543626622
0.681476929008
0.681476929008
0.681476929263
0.681476929436
0.681476929132
0.681476928052
0.681476928237
0.681476927977
0.681476927858
0.681476928026
0.681476928209
0.681476926982
0.681476929032
0.681476926665
0.681476927743
0.681476929873
0.681476928783
0.681458816505
0.681458816505
0.681458814417
0.681458813347
0.681458816096
0.681458819367
0.681458819951
0.681458818114
0.681458824546
0.68145881879
0.681458816952
0.681458819123
0.681458816425
0.681458821555
0.681458815304
0.681458814963
0.681458817297
0.68143181121
0.68143181121
0.681431811283
0.681431811563
0.681431811217
0.681431810938
0.681431810819
0.681431810974
0.681431810213
0.681431811009
0.681431811096
0.681431810749
0.68143181117
0.681431810854
0.681431811211
0.681431811373
0.681431810998
0.681428241335
0.681428241335
0.681428241608
0.681428241828
0.68142824139
0.681428241262
0.681428241098
0.681428241362
0.681428240812
0.68142824102
0.681428241205
0.681428241486
0.681428241362
0.681428240487
0.681428241141
0.681428241201
0.681428241461
0.681429546
0.681427236611
0.681427236611
0.681427236631
0.681427236535
0.681427236618
0.681427236672
0.681427236741
0.681427236687
0.681427236922
0.681427236758
0.681427236721
0.681427236669
0.681427236657
0.681427236915
0.681427236844
0.681427236675
0.681427236641
     fun: 0.6814272366114327
     jac: array([ 0.00130004, -0.0051038 ,  0.00043923,  0.00403209,  0.00867262,
        0.00508953,  0.02082734,  0.00981984,  0.00733566,  0.00388284,
        0.00306153,  0.02037525,  0.01561944,  0.0042583 ,  0.00197964])
 message: 'Optimization terminated successfully.'
    nfev: 465
     nit: 25
    njev: 25
  status: 0
 success: True
       x: array([ 0.64085127, -0.52865724, -0.71078548, -0.22787746,  0.05995233,
        0.09874055,  0.0062483 ,  0.14803823,  0.11505863,  0.01966589,
        0.51820473, -0.03796078, -0.02419189, -0.48813617, -0.55768896])

========================================================

Final result:
0.640851265953
-0.528657240564
-0.710785482749
0.199530485787
0.199530485787
0.199530485787
-0.227877458477
0.0599523290773
0.0987405533324
0.00624829501394
0.00624829501394
0.148038233513
0.115058629712
0.01966588818
0.518204727807
-0.0379607847633
-0.0379607847633
-0.0241918850159
-0.0241918850159
-0.488136168302
-0.5576889555
0.425850970188
