TYR_methyl_neutral.filelist
5.73739519133
5.73739519133
5.73739487162
5.73739470627
5.73739512901
5.7373959942
5.7373961417
5.73739578916
5.73739570657
5.73739587142
5.73739558488
5.7373966424
5.73739582631
5.7373956205
5.73739642084
5.73739648105
5.73739631445
5.73739629112
5.73739571944
5.73739565734
5.73739571625
5.73739535859
98901.7686298
17721.8699633
3174.20955853
567.245442309
100.167087547
17.0508907777
5.02266976368
5.02266976368
5.02266949475
5.02266935701
5.02266971115
5.02266988268
5.02267000114
5.0226697081
5.0226695963
5.02266960593
5.02266977419
5.0226695509
5.02266937268
5.02266986066
5.02266877568
5.02266894981
5.02266837314
5.02266823317
5.02266896733
5.02266878257
5.0226688069
5.02266973023
12379.1711872
2614.70439981
550.833537291
114.64582779
22.6821015908
4.61960348255
3.42037272259
3.42037272259
3.42037253196
3.42037243864
3.42037268444
3.42037233246
3.42037238816
3.42037224088
3.42037214966
3.42037207277
3.42037244967
3.42037137654
3.42037197564
3.42037252883
3.42037116678
3.42037121425
3.42037107766
3.42037106404
3.4203718808
3.42037185073
3.42037194349
3.42037255428
2964.02089132
517.180122699
89.5285300539
15.0187931198
3.38032897548
2.88431176584
2.88431176584
2.8843118079
2.88431183129
2.8843117725
2.88431108045
2.88431104302
2.88431114907
2.88431113118
2.88431100926
2.88431140807
2.88431024597
2.8843108841
2.88431148099
2.88430990758
2.8843099947
2.8843097265
2.88430967861
2.88431069775
2.88431061057
2.88431067198
2.88431156316
221.54410459
21.7270093195
3.29371847592
2.80432758782
2.80432758782
2.8043276482
2.80432771915
2.80432759855
2.80432693539
2.80432686839
2.80432698712
2.80432701418
2.80432678879
2.80432722298
2.80432593834
2.80432666927
2.80432725875
2.80432566148
2.80432573755
2.80432549688
2.80432544952
2.80432649955
2.80432642039
2.80432647135
2.80432740305
202.746981784
20.8960718763
3.25633475199
2.70597005116
2.70597005116
2.70597011855
2.70597017007
2.7059700635
2.70596933646
2.70596928966
2.70596938805
2.70596938526
2.70596922913
2.70596962438
2.70596838405
2.70596911032
2.70596962056
2.70596807477
2.70596813374
2.70596791495
2.70596785481
2.70596894481
2.7059688677
2.70596888663
2.70596985526
157.16720068
15.4279741885
2.85139332641
2.644801202
2.644801202
2.64480129663
2.64480135271
2.64480121991
2.64480046864
2.64480042536
2.64480052738
2.64480051312
2.64480036192
2.64480079387
2.64479949468
2.6448002442
2.64480083726
2.64479919123
2.64479923229
2.64479904957
2.644798985
2.64480009674
2.6448000341
2.64480002681
2.64480099136
49.8536430932
5.27235041712
2.6131560891
2.6131560891
2.61315617359
2.61315622798
2.61315610476
2.61315535591
2.61315531036
2.61315541682
2.6131554099
2.61315524658
2.61315568228
2.61315434998
2.61315515575
2.61315572454
2.61315414949
2.61315420324
2.61315400531
2.61315394605
2.61315500688
2.61315492017
2.61315487332
2.61315588112
74.0711863825
9.1686654466
2.56990858381
2.46344379307
2.46344379307
2.46344388491
2.46344394472
2.46344380974
2.46344306739
2.46344300297
2.46344315525
2.46344317182
2.46344299789
2.46344340411
2.46344215372
2.46344291395
2.46344342866
2.46344196667
2.46344201106
2.46344185178
2.4634417816
2.4634428046
2.46344277054
2.46344270747
2.46344360868
29.1434090723
4.45806704934
2.23334790038
2.23334790038
2.23334805103
2.23334810416
2.23334792932
2.23334730182
2.23334726922
2.23334738343
2.23334738758
2.23334727321
2.23334758239
2.23334659683
2.2333472336
2.23334758984
2.23334655675
2.2333466339
2.23334650436
2.23334650051
2.23334719441
2.23334720964
2.23334717697
2.23334776149
37.7141776695
6.70746721791
1.89026935317
1.89026935317
1.89026951468
1.8902695939
1.89026938451
1.89026924245
1.89026915017
1.89026934656
1.89026941559
1.89026938945
1.89026932577
1.89026938531
1.89026948757
1.89026927482
1.89026973604
1.89026967901
1.89026995008
1.89027008229
1.8902696957
1.89026980436
1.89026974573
1.89026936465
37.0842138374
4.3229365204
1.82206617065
1.82206617065
1.82206633888
1.82206642072
1.82206620381
1.82206617636
1.8220660854
1.82206627216
1.82206634227
1.82206635183
1.82206620602
1.82206647832
1.82206650097
1.82206614826
1.82206695966
1.82206685265
1.82206719939
1.82206728457
1.82206674182
1.82206684614
1.82206682397
1.8220662102
3.17057722183
1.63366163319
1.63366163319
1.63366174893
1.63366176525
1.63366165484
1.63366178856
1.63366178089
1.6336618601
1.6336619239
1.63366195289
1.63366175715
1.63366225773
1.63366205799
1.63366170947
1.63366256954
1.63366249177
1.63366272896
1.63366278047
1.63366221714
1.6336622763
1.63366225866
1.63366172226
13.0778618926
2.11868308692
1.51569103189
1.51569103189
1.51569107098
1.51569109983
1.51569103878
1.51569128844
1.51569129502
1.51569131031
1.51569134907
1.51569140034
1.51569119207
1.51569178413
1.51569146232
1.51569116232
1.51569194127
1.51569190425
1.51569202108
1.51569204278
1.51569154501
1.51569157811
1.51569155192
1.51569112026
3.78389615027
1.44575131281
1.44575131281
1.44575127195
1.44575126393
1.4457513046
1.44575152545
1.44575155106
1.44575149254
1.44575147686
1.44575152776
1.44575144065
1.44575178194
1.44575151029
1.44575142608
1.4457516822
1.44575169324
1.4457516287
1.44575159996
1.44575145691
1.44575142596
1.44575141955
1.44575139867
9.32536737981
1.60438228904
1.39277171026
1.39277171026
1.39277164576
1.39277160592
1.39277169769
1.39277188484
1.39277192085
1.39277183035
1.39277180407
1.39277183813
1.39277179984
1.39277201183
1.3927717856
1.39277180624
1.39277180673
1.39277184314
1.39277169977
1.39277165085
1.39277167947
1.39277162884
1.39277162426
1.39277175591
1.46086318122
1.33817227333
1.33817227333
1.33817222737
1.33817220557
1.33817226391
1.33817227122
1.33817228899
1.33817224439
1.33817222588
1.33817222786
1.33817226345
1.33817218152
1.33817221313
1.33817227348
1.33817214109
1.33817214564
1.33817212233
1.33817211379
1.33817219392
1.33817218547
1.33817220534
1.33817226611
1.32461209147
1.32461209147
1.32461213968
1.3246121652
1.32461210063
1.32461203502
1.32461201321
1.32461206252
1.32461208069
1.32461206572
1.32461207006
1.32461204423
1.32461206208
1.32461206558
1.32461203033
1.32461203868
1.32461201738
1.32461201397
1.32461204988
1.32461204288
1.32461202508
1.32461208189
1.31122359297
1.31122359297
1.31122359141
1.31122358946
1.31122359248
1.31122361045
1.31122361061
1.31122360751
1.31122360976
1.3112236127
1.31122360013
1.31122362613
1.31122362524
1.31122359683
1.31122367042
1.31122366077
1.31122369605
1.31122370714
1.3112236513
1.31122366582
1.3112236646
1.31122359615
1.30566559887
1.30566559887
1.30566559002
1.30566558519
1.30566559692
1.30566560603
1.30566561034
1.30566560181
1.30566559947
1.30566560243
1.30566560279
1.30566560741
1.30566560003
1.30566560566
1.30566559961
1.30566560032
1.30566559644
1.30566559408
1.30566559689
1.30566559295
1.30566560043
1.30566560004
1.30303548017
1.30303548017
1.30303547559
1.30303547417
1.30303547918
1.30303546555
1.30303546816
1.30303546314
1.30303546048
1.30303545763
1.30303547227
1.3030354366
1.30303544882
1.30303547454
1.30303540698
1.30303541149
1.30303538786
1.30303538135
1.30303542944
1.30303542157
1.30303542322
1.30303547593
1.29988342473
1.29988342473
1.29988342452
1.29988342535
1.29988342488
1.29988342482
1.29988342403
1.29988342237
1.29988342192
1.29988342021
1.29988342181
1.29988341186
1.29988342238
1.29988341902
1.29988342311
1.29988342183
1.29988343019
1.29988343217
1.29988343016
1.29988343448
1.29988342912
1.29988342463
1.29812482078
1.29812482078
1.29812482243
1.29812482251
1.29812482114
1.29812482466
1.29812482377
1.29812482647
1.29812482728
1.29812482981
1.29812482438
1.29812483926
1.29812483117
1.29812482523
1.29812484313
1.29812484277
1.29812484569
1.29812484789
1.29812483383
1.29812483472
1.29812483634
1.29812482189
1.29752900847
1.29752900847
1.29752900853
1.29752900883
1.29752900851
1.29752900697
1.29752900724
1.29752900693
1.29752900727
1.29752900631
1.29752900767
1.2975290039
1.29752900503
1.29752900725
1.29752900018
1.29752900039
1.29752899741
1.29752899588
1.29752900234
1.29752900034
1.29752900053
1.29752900818
1.29693950969
1.29693950969
1.29693950856
1.29693950819
1.2969395095
1.29693950713
1.29693950796
1.29693950612
1.29693950548
1.29693950474
1.29693950766
1.29693949948
1.29693950299
1.29693950792
1.29693949476
1.29693949544
1.29693949158
1.29693948985
1.29693950005
1.29693949874
1.29693949813
1.29693950908
1.29646159699
1.29646159699
1.2964615971
1.29646159715
1.29646159706
1.29646159589
1.29646159563
1.29646159632
1.29646159588
1.29646159646
1.29646159702
1.29646159615
1.29646159604
1.29646159722
1.29646159569
1.29646159628
1.29646159573
1.29646159634
1.29646159629
1.29646159686
1.2964615971
1.29646159659
1.29621018074
1.29621018074
1.29621018064
1.29621018091
1.29621018076
1.29621018203
1.29621018177
1.29621018171
1.29621018204
1.29621018159
1.29621018086
1.29621018183
1.29621018199
1.29621018033
1.29621018411
1.29621018328
1.2962101852
1.29621018556
1.29621018315
1.2962101835
1.29621018336
1.29621018103
1.29592911052
1.29592911052
1.2959291105
1.29592911006
1.29592911052
1.29592911072
1.29592911118
1.29592911078
1.29592911065
1.29592911114
1.29592911058
1.29592911169
1.2959291113
1.29592911098
1.2959291124
1.29592911198
1.29592911254
1.29592911217
1.29592911168
1.29592911184
1.2959291115
1.29592911064
1.29564408702
1.29564408702
1.29564408671
1.29564408687
1.29564408695
1.29564408799
1.29564408804
1.29564408743
1.2956440877
1.29564408691
1.29564408692
1.29564408651
1.29564408684
1.29564408665
1.29564408664
1.29564408654
1.29564408638
1.29564408636
1.2956440867
1.29564408647
1.29564408658
1.29564408736
1.29555938553
1.29555938553
1.2955593855
1.29555938515
1.2955593855
1.29555938493
1.29555938515
1.29555938516
1.29555938484
1.29555938557
1.29555938543
1.29555938599
1.29555938566
1.29555938581
1.29555938573
1.29555938544
1.2955593856
1.29555938535
1.29555938567
1.2955593855
1.29555938516
1.29555938531
1.29549413861
1.29549413861
1.29549413887
1.29549413902
1.29549413865
1.29549413857
1.29549413846
1.29549413876
1.29549413893
1.29549413859
1.29549413879
1.29549413862
1.29549413863
1.29549413874
1.29549413874
1.29549413893
1.29549413864
1.29549413877
1.29549413872
1.29549413878
1.29549413901
1.29549413866
1.29534692949
1.29534692949
1.29534692971
1.29534692995
1.29534692952
1.29534692921
1.29534692898
1.29534692935
1.29534692931
1.2953469292
1.29534692953
1.29534692917
1.29534692907
1.29534692926
1.29534692878
1.29534692926
1.29534692865
1.2953469292
1.29534692905
1.29534692909
1.29534692948
1.29534692938
1.29501418644
1.29501418644
1.29501418683
1.29501418778
1.29501418652
1.29501418665
1.29501418569
1.2950141869
1.29501418755
1.29501418602
1.29501418695
1.29501418532
1.29501418592
1.29501418644
1.29501418571
1.29501418634
1.29501418592
1.29501418673
1.29501418622
1.29501418661
1.29501418731
1.29501418653
1.29475681674
1.29475681674
1.29475681703
1.29475681711
1.2947568168
1.29475681635
1.29475681635
1.29475681633
1.29475681596
1.29475681654
1.29475681643
1.29475681679
1.29475681634
1.29475681572
1.29475681617
1.29475681694
1.29475681611
1.29475681696
1.29475681626
1.29475681631
1.294756817
1.29475681657
1.29466668272
1.29466668272
1.2946666827
1.29466668331
1.29466668272
1.2946666831
1.29466668244
1.29466668318
1.29466668375
1.29466668242
1.29466668325
1.29466668167
1.29466668236
1.2946666834
1.29466668206
1.29466668209
1.29466668224
1.29466668243
1.29466668253
1.29466668271
1.29466668268
1.29466668281
1.29464967307
1.29464967307
1.29464967308
1.29464967299
1.29464967307
1.29464967298
1.29464967306
1.29464967298
1.2946496729
1.29464967316
1.2946496729
1.29464967336
1.29464967318
1.2946496727
1.29464967328
1.2946496733
1.29464967327
1.29464967324
1.29464967317
1.29464967318
1.29464967328
1.29464967308
1.29464868803
     fun: 1.2946486880286683
     jac: array([  5.03525138e-04,  -5.61551750e-03,  -4.44054604e-05,
        -6.27350807e-03,  -9.27582383e-04,  -6.14663959e-03,
        -1.17329955e-02,   6.07229769e-03,  -1.13642663e-02,
         1.95093006e-02,   7.07100332e-03,  -2.46033818e-02,
         1.42398030e-02,   1.54248178e-02,   1.32480264e-02,
         1.14954859e-02,   6.66294992e-03,   7.36880302e-03,
         1.37869418e-02,   7.52165914e-04])
 message: 'Optimization terminated successfully.'
    nfev: 837
     nit: 36
    njev: 36
  status: 0
 success: True
       x: array([ 0.46471837, -0.46540525, -0.33661054, -0.50661253,  0.23448125,
        0.60322366, -0.05087293, -0.44736462,  0.43831206,  0.10579934,
        0.44349507, -0.47841948, -0.43033108,  0.17829017, -0.01815192,
        0.14270246, -0.02105461, -0.36629035,  0.31815417, -0.54672541])

========================================================

Final result:
0.464718365366
-0.465405253772
-0.336610536365
0.112432474924
0.112432474924
0.112432474924
-0.506612532261
0.234481250478
0.603223663476
-0.0508729294037
-0.447364623682
0.438312060655
0.105799340209
0.105799340209
0.443495072317
-0.478419482543
-0.43033107641
-0.43033107641
0.178290174675
-0.0181519182437
-0.0181519182437
0.178290174675
0.142702460802
-0.0210546088799
0.142702460802
-0.366290352056
0.318154170734
-0.546725413543
0.423055762642
