LYS_methyl_charged.filelist
6.29686401825
6.29686401825
6.29686367354
6.29686358656
6.29686395146
6.29686434255
6.29686440663
6.29686408822
6.29686408398
6.29686406288
6.29686384616
6.29686406351
6.29686409035
6.29686352941
6.29686423223
6.29686402559
6.29686395753
6.29686406062
6.29686415454
6.29686402731
5055.85085975
1137.16971241
253.800144526
54.7739580569
10.5182417191
3.62167535637
3.62167535637
3.62167529487
3.62167541146
3.62167534416
3.62167532433
3.6216752162
3.6216752908
3.62167538507
3.62167516949
3.62167526435
3.62167491747
3.62167513677
3.62167517456
3.62167490222
3.62167513623
3.62167487705
3.62167519055
3.62167498033
3.62167532324
17393.7427748
1738.74800656
173.281010062
17.0685713919
3.70236358807
3.55341296265
3.55341296265
3.55341291248
3.5534130402
3.55341295268
3.55341316868
3.55341305624
3.55341314203
3.55341323762
3.5534129908
3.55341315191
3.55341296435
3.55341291405
3.55341336787
3.55341284879
3.5534128709
3.55341274558
3.55341287432
3.55341274526
3.55341294518
4969.15939104
711.113508729
101.204839471
14.167794034
3.52423522103
3.25437590023
3.25437590023
3.25437596027
3.25437611884
3.25437591129
3.25437586726
3.25437571899
3.25437593083
3.25437604366
3.25437586979
3.25437592196
3.25437581664
3.25437583937
3.25437595765
3.25437574057
3.25437586819
3.25437585546
3.25437587182
3.25437583237
3.25437589537
606.475918033
74.6934050031
9.25019900877
3.13894821549
3.13894821549
3.13894822416
3.13894827343
3.13894821613
3.13894808795
3.13894802388
3.13894816258
3.13894813977
3.1389481707
3.1389482903
3.13894817055
3.13894812243
3.13894847459
3.13894796751
3.13894816633
3.13894815285
3.13894816172
3.13894807777
3.1389482056
306.809496578
30.2513565438
3.91316434073
3.07137997716
3.07137997716
3.0713800248
3.07138009117
3.07137998556
3.07137983452
3.07137976181
3.07137992161
3.07137991106
3.07137991929
3.07138005514
3.07137986627
3.07137991338
3.07138024832
3.07137985101
3.07137991472
3.07137984894
3.07137991777
3.07137983121
3.07137996599
257.26320875
25.3122693878
3.56356373428
3.00052156936
3.00052156936
3.00052164996
3.00052171556
3.00052158461
3.00052142749
3.00052136912
3.00052151383
3.00052149398
3.00052153171
3.00052163571
3.00052153436
3.00052149833
3.0005218093
3.000521395
3.00052151644
3.00052150425
3.00052147559
3.00052130214
3.00052155107
364.773039387
36.0257051778
4.21023467045
2.93395460981
2.93395460981
2.93395471413
2.93395478013
2.93395463021
2.93395447169
2.93395442709
2.93395454983
2.93395451925
2.93395455365
2.93395469124
2.93395452918
2.93395451996
2.93395489388
2.93395439098
2.93395454765
2.93395450547
2.93395454806
2.93395445539
2.93395459824
51.88695245
5.57921326729
2.90215383664
2.90215383664
2.90215393518
2.90215399191
2.90215385568
2.90215370093
2.90215365981
2.90215377895
2.90215376257
2.90215376075
2.90215392486
2.9021536826
2.90215374926
2.9021541395
2.90215362635
2.90215379603
2.90215380677
2.90215377246
2.90215365674
2.90215382447
106.864246417
10.4578503471
2.89837259862
2.82121016691
2.82121016691
2.82121029007
2.82121031879
2.82121019016
2.82121000227
2.82120997631
2.8212101101
2.82121010822
2.82121010608
2.82121025269
2.82121006191
2.82121008099
2.82121046604
2.82120995688
2.82121011699
2.82121010155
2.82121010461
2.82121000112
2.82121015517
2.96861292463
2.22773519306
2.22773519306
2.22773522236
2.22773519086
2.22773519919
2.2277351933
2.2277352155
2.22773520508
2.22773518757
2.22773523614
2.22773522139
2.22773529662
2.22773524492
2.22773526095
2.22773530264
2.22773525091
2.22773532301
2.22773523293
2.22773528183
2.2277352024
2.29830597972
2.17739475154
2.17739475154
2.17739475997
2.17739475301
2.17739475328
2.17739474972
2.17739476816
2.17739475517
2.17739475363
2.17739476851
2.17739475927
2.17739479225
2.1773947733
2.17739476386
2.17739480058
2.17739477539
2.17739480306
2.1773947685
2.17739479059
2.17739475607
2.29950463355
2.1338072022
2.1338072022
2.13380719786
2.13380720823
2.13380720177
2.13380720175
2.13380719126
2.13380719391
2.13380720741
2.13380718205
2.1338071881
2.1338071557
2.13380717957
2.13380716252
2.13380715917
2.13380717883
2.13380714739
2.13380718544
2.13380716639
2.13380719978
2.09365307257
2.09365307257
2.0936530467
2.09365304702
2.09365306775
2.09365309509
2.09365309312
2.09365307594
2.09365307934
2.09365307296
2.09365306001
2.09365307074
2.09365307219
2.09365303836
2.09365307549
2.0936530685
2.09365305632
2.09365307183
2.09365307452
2.09365307316
2.06480277803
2.06480277803
2.06480279319
2.06480279985
2.06480278105
2.06480276191
2.06480275563
2.06480277746
2.06480277432
2.06480278166
2.06480279522
2.06480278879
2.06480277921
2.06480282279
2.0648027733
2.06480278446
2.06480279617
2.06480277938
2.06480277815
2.06480277848
2.05605152599
2.05605152599
2.05605152514
2.05605152237
2.05605152595
2.05605152652
2.05605152952
2.05605152397
2.0560515241
2.05605152392
2.05605152129
2.05605151941
2.05605152507
2.05605151546
2.0560515249
2.05605152426
2.05605152014
2.05605152447
2.05605152326
2.05605152577
2.05284691097
2.05284691097
2.05284690779
2.0528469065
2.05284691046
2.05284691565
2.05284691668
2.052846913
2.05284691333
2.05284691333
2.05284691001
2.05284691499
2.05284691333
2.05284690723
2.05284691618
2.05284691254
2.05284691287
2.05284691231
2.0528469153
2.05284691129
2.05095625009
2.05095625009
2.05095624924
2.05095624938
2.05095625001
2.05095624942
2.05095624933
2.05095624872
2.05095624879
2.0509562487
2.05095624836
2.05095624689
2.05095624877
2.05095624642
2.05095624779
2.05095624874
2.05095624725
2.05095624896
2.05095624827
2.05095624982
2.05031494824
2.05031494824
2.05031494841
2.0503149488
2.05031494833
2.05031494952
2.0503149491
2.05031494985
2.05031495003
2.05031494982
2.05031495012
2.05031495156
2.05031494932
2.05031495202
2.0503149503
2.05031494923
2.05031495069
2.05031494885
2.05031495
2.05031494832
2.04996104189
2.04996104189
2.04996104235
2.04996104253
2.04996104202
2.04996103966
2.04996103949
2.04996104013
2.04996103996
2.04996104041
2.04996104063
2.04996103894
2.04996104059
2.04996103962
2.04996103926
2.04996104094
2.0499610403
2.0499610412
2.04996104034
2.04996104174
2.04990236302
2.04990236302
2.04990236324
2.04990236339
2.04990236309
2.04990236436
2.04990236427
2.0499023645
2.04990236461
2.0499023643
2.04990236473
2.04990236557
2.04990236397
2.04990236658
2.04990236486
2.04990236375
2.04990236462
2.0499023635
2.04990236394
2.04990236312
2.0498802606
2.0498802606
2.04988026049
2.04988026039
2.04988026061
2.04988026011
2.04988026018
2.04988026005
2.04988026004
2.04988026022
2.04988025987
2.04988025978
2.04988026032
2.04988025901
2.04988026005
2.04988026041
2.04988026023
2.04988026057
2.04988026053
2.04988026061
2.04985533256
2.04985533256
2.04985533229
2.04985533216
2.04985533252
2.04985533255
2.04985533268
2.0498553323
2.04985533226
2.04985533233
2.04985533211
2.04985533198
2.04985533239
2.04985533158
2.04985533233
2.04985533234
2.04985533199
2.04985533245
2.04985533228
2.04985533255
2.04983582455
2.04983582455
2.0498358244
2.04983582431
2.04983582452
2.04983582408
2.04983582414
2.04983582395
2.04983582396
2.04983582406
2.04983582369
2.04983582351
2.04983582419
2.04983582269
2.04983582386
2.04983582429
2.04983582396
2.04983582444
2.04983582434
2.04983582454
2.04983221723
2.04983221723
2.04983221713
2.04983221709
2.04983221721
2.04983221734
2.04983221739
2.04983221727
2.04983221723
2.04983221725
2.04983221727
2.04983221725
2.04983221724
2.04983221732
2.04983221731
2.0498322172
2.04983221712
2.0498322172
2.04983221715
2.04983221722
     fun: 2.049832217229931
     jac: array([-0.00647989, -0.00965142, -0.00141311,  0.00767955,  0.01078394,
        0.00262874, -0.00025457,  0.00140715,  0.00267851,  0.00130662,
        0.00095326,  0.00584128,  0.00507757, -0.00201762, -0.00768319,
       -0.00216371, -0.00545421, -0.00039634])
 message: 'Optimization terminated successfully.'
    nfev: 535
     nit: 25
    njev: 25
  status: 0
 success: True
       x: array([ 0.64160635, -0.52429826, -0.65393838, -0.73643638,  0.26079796,
        0.86721295, -0.24816556, -0.19568584,  0.76786783,  0.0040241 ,
        0.05281823, -0.78338689,  0.03828748, -0.62939432,  0.23413201,
        0.10930334,  0.13252418, -0.76857175])

========================================================

Final result:
0.641606347852
-0.524298263602
-0.653938383724
0.178876766491
0.178876766491
0.178876766491
-0.736436377152
0.260797955004
0.86721295048
-0.248165555694
-0.195685844658
0.76786783248
0.0040240984216
0.0040240984216
0.0528182340962
-0.783386885248
0.0382874770092
0.0382874770092
-0.629394322335
0.234132008568
0.234132008568
0.109303342622
0.132524184859
0.132524184859
-0.768571752183
0.423030590041
0.423030590041
0.423030590041
-0.783386885248
