charges/LYS_charged_methyl.filelist
106.163061287
106.163061287
106.163061157
106.163061108
106.163061262
106.163062212
106.163062317
106.163062205
106.163062164
106.163061976
106.163062512
106.163062699
106.163061707
106.163063921
106.163062071
106.163061525
106.163061764
106.16306135
106.163061325
106.163061292
95471.8600375
9477.3696854
1452.91561417
260.867048976
75.0241114483
75.0241114483
75.0241114026
75.0241113955
75.0241114388
75.0241110098
75.0241110451
75.02411106
75.0241110382
75.0241109586
75.0241112778
75.0241104501
75.0241108953
75.0241112411
75.0241102478
75.0241109775
75.0241105102
75.0241110611
75.024110536
75.024111373
10593.6547648
1004.73020335
172.299131668
44.1604268112
44.1604268112
44.1604269466
44.1604269922
44.1604268367
44.1604255051
44.1604254194
44.1604256121
44.1604256253
44.1604258042
44.1604255178
44.160424796
44.1604259993
44.1604241684
44.1604251088
44.1604263007
44.1604258536
44.1604265154
44.1604262022
44.1604267779
890.30948364
87.6304604036
42.1570268202
42.1570268202
42.1570268879
42.1570269251
42.1570268332
42.1570255916
42.1570255036
42.1570256092
42.1570256299
42.1570257722
42.1570254321
42.1570246646
42.1570260155
42.1570239422
42.1570252176
42.1570262508
42.157025666
42.1570265046
42.1570261912
42.1570267839
219.946162853
43.1345112867
38.3302987954
38.3302987954
38.3302989775
38.3302990854
38.3302988309
38.3302976583
38.3302975175
38.330297715
38.3302977956
38.3302978803
38.3302974831
38.3302969216
38.3302980991
38.3302960321
38.3302974177
38.3302982966
38.3302978135
38.3302984642
38.3302980638
38.3302987528
615.269657839
109.140165088
22.3234873451
22.3234873451
22.3234874955
22.3234875654
22.3234873758
22.3234876987
22.3234876311
22.3234876791
22.323487727
22.3234877364
22.3234875074
22.3234881155
22.3234878002
22.3234875712
22.3234883801
22.3234876846
22.3234879417
22.3234876759
22.3234881523
22.3234874383
816.910776984
79.9597469338
22.2756921471
21.7030682024
21.7030682024
21.7030682899
21.7030683151
21.703068221
21.7030686697
21.7030686349
21.7030686117
21.7030686245
21.7030686894
21.7030684252
21.7030692052
21.7030687153
21.7030685407
21.7030693158
21.7030686095
21.7030689857
21.7030685383
21.7030689746
21.7030682962
186.364198074
26.1645470822
20.7309776504
20.7309776504
20.7309777141
20.730977754
20.7309776639
20.7309781918
20.7309781419
20.7309781433
20.7309781863
20.7309781617
20.7309779928
20.7309786318
20.7309782246
20.7309782503
20.730978926
20.7309781074
20.7309785554
20.7309779927
20.730978405
20.7309777445
202.285649015
29.7371946837
16.8045356118
16.8045356118
16.804535578
16.8045355947
16.8045356046
16.8045363703
16.804536328
16.8045363643
16.8045364301
16.8045363111
16.80453631
16.8045370181
16.804536238
16.8045369774
16.8045369446
16.8045360523
16.8045364499
16.8045359178
16.8045362634
16.8045357006
128.135758926
22.3037054726
13.5392118108
13.5392118108
13.5392117196
13.5392117296
13.5392117935
13.5392126761
13.5392126928
13.5392126175
13.5392126506
13.5392124412
13.5392126939
13.5392130605
13.5392122775
13.5392136289
13.5392127493
13.5392121155
13.539212406
13.5392119718
13.5392120925
13.5392118687
272.683018046
27.4598507945
13.136586303
13.136586303
13.1365862073
13.1365861684
13.1365862845
13.1365870614
13.1365871179
13.1365870252
13.1365869974
13.1365868908
13.1365871721
13.1365874911
13.1365867395
13.1365881404
13.1365872049
13.1365865567
13.1365867786
13.1365864134
13.136586457
13.1365863517
27.9822582509
10.2521463017
10.2521463017
10.2521462182
10.2521461714
10.2521462845
10.2521461988
10.2521462272
10.2521462177
10.2521461868
10.2521461958
10.2521463224
10.2521461082
10.2521461501
10.2521464194
10.2521459339
10.2521462008
10.2521461393
10.2521461957
10.2521460021
10.2521463172
9.67733210689
9.23883825252
9.23883825252
9.23883823904
9.23883825318
9.23883825009
9.23883810526
9.23883808355
9.23883809962
9.23883808612
9.23883810767
9.23883811279
9.23883796167
9.23883811647
9.23883799116
9.23883796371
9.23883815353
9.23883805746
9.238838183
9.23883806731
9.23883827943
12.7154424426
8.91794163418
8.91794163418
8.91794164649
8.91794164745
8.91794163668
8.91794151121
8.91794150107
8.91794151189
8.91794150901
8.91794152335
8.91794151026
8.91794140888
8.9179415369
8.91794139877
8.9179414327
8.91794156473
8.91794149052
8.91794159505
8.91794152591
8.91794166811
8.52786761372
8.69206255484
8.69206255484
8.69206256032
8.69206256073
8.69206255599
8.69206251848
8.69206251049
8.69206252069
8.69206251434
8.69206252895
8.69206252903
8.69206250654
8.69206252961
8.69206252126
8.69206249469
8.6920625474
8.69206253978
8.69206256184
8.69206255154
8.69206259703
8.82497111278
8.71838397884
8.71838397884
8.7183839756
8.71838397653
8.71838397828
8.71838398446
8.71838397442
8.71838398068
8.71838397902
8.71838398081
8.71838398379
8.7183839831
8.71838397715
8.7183840036
8.71838397211
8.71838398223
8.71838398288
8.7183839868
8.7183839709
8.71838402096
8.81908861705
8.75391076863
8.75391076863
8.75391076626
8.75391076781
8.75391076823
8.75391077913
8.75391076938
8.75391077678
8.75391077518
8.75391077589
8.75391078252
8.75391078442
8.75391077005
8.75391081261
8.75391076695
8.75391077454
8.7539107783
8.75391077783
8.75391076281
8.75391081112
8.74104280681
8.74878747303
8.74878747303
8.7487874693
8.74878747037
8.74878747237
8.74878748604
8.74878747683
8.74878748291
8.74878748076
8.74878748094
8.7487874898
8.74878748977
8.74878747455
8.74878752352
8.7487874717
8.74878747839
8.74878748084
8.74878748213
8.74878746737
8.74878751542
8.7396452352
8.74531433146
8.74531433146
8.74531432786
8.74531432907
8.74531433082
8.74531434434
8.74531433511
8.74531434141
8.74531433926
8.74531433945
8.74531434854
8.74531434856
8.74531433282
8.74531438271
8.74531432949
8.74531433683
8.74531433971
8.74531434016
8.74531432452
8.74531437373
8.74927822165
8.74699707078
8.74699707078
8.74699706692
8.74699706799
8.7469970701
8.74699708354
8.74699707436
8.74699708056
8.74699707827
8.74699707869
8.74699708776
8.74699708776
8.74699707209
8.74699712185
8.74699706862
8.74699707623
8.74699707931
8.74699707953
8.74699706393
8.74699711308
8.74623784446
8.74666888356
     fun: 11.700218473944783
     jac: array([ 0.0005312 , -0.00165105,  0.00075722,  0.00702655,  0.00930524,
        0.00481653,  0.00352573,  0.00371408,  0.00540459,  0.0074265 ,
        0.00249994,  0.01198125,  0.00442374,  0.00199044,  0.0051893 ,
       -0.00047612, -0.00313127,  0.00017607])
 message: 'Optimization terminated successfully.'
    nfev: 435
     nit: 20
    njev: 20
  status: 0
 success: True
       x: array([ 0.52693144, -0.42144697, -0.51174907, -0.55910605,  0.40861366,
       -0.15543014,  0.16869092, -0.26327927,  0.17430654,  0.12009306,
       -0.04531631, -0.44249515,  0.023703  ,  0.23129886, -0.03550703,
        0.15223725,  0.04446163, -0.82450195])

========================================================

Final result:
0.526931441526
-0.421446967653
-0.511749067089
0.135421531072
0.135421531072
0.135421531072
-0.559106053339
0.408613664249
-0.155430138674
0.168690920706
-0.263279266146
0.174306537249
0.120093061414
0.120093061414
-0.0453163054269
-0.442495149954
0.02370299846
0.02370299846
0.231298863784
-0.0355070316226
-0.0355070316226
0.152237248895
0.0444616251488
0.0444616251488
-0.82450195472
0.430658492176
0.430658492176
0.430658492176
-0.442495149954
