charges/PRO_methyl_charged.filelist
48.730663644
48.730663644
48.730663744
48.7306636878
48.7306636453
48.7306637119
48.7306636517
48.7306636051
48.7306636575
48.7306636658
48.7306638479
48.7306635073
48.7306636707
48.7306633726
48.7306634829
48.7306635891
1509.64835965
136.981472727
42.0354185769
42.0354185769
42.0354188595
42.0354188158
42.0354190094
42.0354188991
42.035419447
42.0354191746
42.0354191005
42.0354188374
42.0354188479
42.0354199325
42.0354197036
42.0354185539
42.0354187794
42.0354185733
21160.3748057
2096.03651536
192.570797837
36.6685959939
36.6685959939
36.6685950033
36.6685956359
36.6685957693
36.6685959114
36.6685954743
36.6685960008
36.6685961092
36.6685958338
36.6685960559
36.66859609
36.6685964287
36.6685958687
36.6685960078
36.6685959706
4670.26515018
447.494975097
46.5505033825
29.2537432944
29.2537432944
29.2537425835
29.2537430415
29.2537431901
29.2537431971
29.2537431058
29.2537433029
29.2537433105
29.2537431184
29.2537433196
29.2537433851
29.2537434057
29.2537432679
29.2537434092
29.2537432919
1039.275731
97.6422036669
27.4069591727
27.4069591727
27.4069586674
27.4069589902
27.4069589768
27.4069592119
27.4069586516
27.4069591553
27.4069592533
27.4069592834
27.4069592468
27.4069591941
27.4069594245
27.4069592948
27.4069594745
27.4069592012
427.021345337
32.7473450067
19.7721287763
19.7721287763
19.7721282952
19.7721285869
19.7721285787
19.7721287495
19.7721282266
19.7721287928
19.7721288311
19.7721287861
19.7721287525
19.7721289321
19.7721289623
19.7721289294
19.7721290075
19.7721288097
361.991273628
31.5180502725
16.7988111563
16.7988111563
16.7988107048
16.7988109769
16.7988109872
16.7988111086
16.7988107285
16.798811135
16.7988112247
16.7988110989
16.7988111078
16.7988111531
16.7988114305
16.7988113941
16.7988114807
16.7988112085
235.456393612
21.4699855593
12.2469106963
12.2469106963
12.2469103329
12.2469105558
12.2469105648
12.2469106693
12.246910362
12.2469106815
12.2469107197
12.246910763
12.2469105833
12.2469107195
12.2469107982
12.2469109756
12.2469109922
12.2469107545
57.6903246369
12.7800716533
12.7800716533
12.7800725638
12.7800719758
12.7800718828
12.7800716755
12.7800722511
12.7800716003
12.7800714796
12.7800716436
12.7800716664
12.7800714454
12.7800710942
12.7800715553
12.780071437
12.7800716308
11.6453390785
11.6453390785
11.6453388676
11.6453390725
11.6453391882
11.645339246
11.645339264
11.6453393501
11.6453393953
11.645339225
11.6453392762
11.6453396992
11.6453398393
11.6453389539
11.6453390913
11.6453390532
9.21705240744
9.21705240744
9.21705236585
9.21705234813
9.21705222347
9.21705236216
9.21705201992
9.21705214928
9.2170522058
9.21705238639
9.21705248834
9.2170518135
9.21705193429
9.2170523448
9.21705246257
9.21705239671
6.76208191783
6.76208191783
6.76208242556
6.76208215723
6.76208223734
6.76208203154
6.76208260213
6.76208224788
6.76208211736
6.76208192724
6.76208199021
6.7620826799
6.76208228411
6.76208194239
6.76208192146
6.76208192239
7.48136406932
5.95148850495
5.95148850495
5.95148859451
5.95148855884
5.95148858562
5.95148855831
5.95148867544
5.95148860875
5.95148861286
5.95148850402
5.95148858935
5.95148873063
5.95148875608
5.95148839011
5.95148839874
5.95148848029
8.53424747424
5.91800503983
5.91800503983
5.9180052278
5.91800514004
5.91800515419
5.91800514198
5.91800529078
5.91800514695
5.91800513687
5.91800513047
5.91800516656
5.91800526223
5.91800521984
5.91800499108
5.91800506145
5.91800502986
5.747921013
5.7280266766
5.7280266766
5.72802674941
5.72802671924
5.72802672204
5.72802673377
5.72802677379
5.7280267277
5.72802672938
5.72802671813
5.72802677575
5.72802678881
5.72802677547
5.72802661766
5.72802668284
5.72802666449
5.61091732923
5.67435700914
5.67435700914
5.67435708275
5.67435704707
5.674357036
5.67435706079
5.67435706482
5.67435703589
5.67435704692
5.67435705005
5.67435710447
5.67435706251
5.67435707821
5.67435695267
5.6743570133
5.6743569976
5.6096568692
5.65395797287
5.65395797287
5.65395806984
5.65395802249
5.65395801728
5.65395802999
5.65395806869
5.65395801496
5.65395801907
5.65395801703
5.65395806862
5.65395806012
5.65395805584
5.65395791988
5.65395798126
5.65395796199
5.63078426012
5.64537622691
5.64537622691
5.64537631165
5.6453762707
5.64537626719
5.64537627754
5.64537631573
5.64537626466
5.64537626777
5.64537626155
5.64537631905
5.64537630604
5.64537629942
5.64537616979
5.64537622718
5.64537621516
5.64388533746
5.64439269382
5.64439269382
5.64439278258
5.64439273982
5.6443927362
5.64439274728
5.64439278482
5.64439273635
5.64439273929
5.64439273173
5.64439278701
5.64439278441
5.64439277657
5.64439263787
5.64439269536
5.64439268228
5.64336486524
5.64403858766
5.64403858766
5.64403867598
5.64403863349
5.64403863006
5.64403864093
5.64403867891
5.64403863012
5.64403863327
5.64403862501
5.64403868081
5.64403867792
5.64403867106
5.64403853179
5.64403858934
5.64403857615
5.64382641551
     fun: 13.581068872049391
     jac: array([  8.10253620e-03,   3.68702412e-03,   4.49740887e-03,
         6.87122345e-04,   9.44721699e-03,   4.17709351e-03,
         6.75439835e-04,  -1.28114223e-03,   5.18560410e-05,
         1.09149218e-02,  -8.89778137e-04,   7.49087334e-03,
         9.64415073e-03,   1.89077854e-03])
 message: 'Optimization terminated successfully.'
    nfev: 346
     nit: 20
    njev: 20
  status: 0
 success: True
       x: array([ 0.33605764, -0.25150373, -0.09337437, -0.36049164,  0.1511534 ,
       -0.20450287, -0.31349094,  0.4114994 , -1.23587871,  0.17141886,
        0.26758782,  1.19940831, -0.12660567, -0.31219453])

========================================================

Final result:
0.336057639747
0.336057639747
-0.251503728547
-0.0933743703522
-0.36049164254
0.15115340474
0.15115340474
-0.204502869256
-0.313490939868
0.411499403229
-1.23587870826
0.17141886474
0.17141886474
0.267587823124
0.267587823124
0.195307390893
1.19940830514
-0.126605666572
-0.312194527503
0.0797972963129
0.0797972963129
0.0797972963129
