charges/TYR_neutral_methyl.filelist
5.53041188934
5.53041188934
5.53041160344
5.53041144505
5.53041183386
5.53041226662
5.53041240655
5.53041207876
5.53041196565
5.53041205296
5.53041205001
5.53041236051
5.5304118365
5.53041212404
5.53041158607
5.53041175587
5.53041119265
5.53041105329
5.53041144198
5.53041126009
5.53041127982
5.53041193255
30797.3432689
3077.31465685
441.707489782
69.7034385558
11.1487872187
4.87375584138
4.87375584138
4.87375552616
4.873755353
4.87375577997
4.87375660482
4.87375674655
4.87375640451
4.87375630997
4.87375649542
4.87375621407
4.87375724597
4.87375645044
4.87375625185
4.87375702036
4.87375707455
4.87375692617
4.87375690671
4.873756356
4.87375630528
4.87375637613
4.87375599685
39125.1684317
3909.04964545
547.420240122
109.838467259
22.1249443311
4.30072856707
4.30072856707
4.30072850786
4.3007284719
4.30072855422
4.30072828841
4.30072828221
4.3007283025
4.3007282843
4.30072827704
4.30072838202
4.30072781173
4.30072848581
4.30072838211
4.3007286253
4.30072844185
4.30072909849
4.30072929592
4.30072895536
4.3007291877
4.30072933454
4.30072847239
2079.36985637
206.377201477
28.0053385823
5.04995816039
3.91795605399
3.91795605399
3.91795617219
3.91795622848
3.9179560753
3.91795566859
3.91795558934
3.917955801
3.91795584905
3.91795582442
3.91795587035
3.9179554449
3.91795604426
3.91795585348
3.91795625847
3.91795608685
3.91795671039
3.91795690066
3.91795649347
3.91795670213
3.91795682626
3.91795596947
214.002407029
21.1354258611
4.12526883271
3.85763691473
3.85763691473
3.85763703772
3.85763712564
3.85763693718
3.85763657654
3.85763647762
3.85763669297
3.85763677479
3.85763667299
3.85763674137
3.85763624214
3.8576369038
3.85763670394
3.85763712765
3.85763694999
3.85763759549
3.85763779136
3.85763736886
3.85763758025
3.85763769612
3.85763684678
119.399386537
11.7335467719
3.79660686669
3.79660686669
3.79660698705
3.7966070498
3.79660688916
3.79660651232
3.79660644268
3.79660661396
3.79660666147
3.79660664459
3.79660663995
3.79660626322
3.79660688368
3.7966065418
3.79660713246
3.79660693833
3.79660759606
3.79660777333
3.79660734318
3.79660753958
3.79660759344
3.79660680299
140.450746271
13.8878857619
3.7858594786
3.72506780358
3.72506780358
3.72506794596
3.72506801271
3.72506783066
3.72506745126
3.72506738591
3.72506755691
3.72506759571
3.72506758686
3.72506759903
3.72506721675
3.72506782031
3.72506753369
3.72506806246
3.72506784901
3.72506854297
3.72506871337
3.72506829703
3.72506851463
3.72506855441
3.72506773366
43.848596846
5.15298652599
3.6387049834
3.6387049834
3.63870511751
3.63870517675
3.63870500859
3.63870462352
3.63870456304
3.63870473457
3.63870476847
3.63870476008
3.63870479611
3.63870436773
3.63870500653
3.63870476431
3.63870526478
3.6387050685
3.63870572589
3.63870589355
3.63870546467
3.63870565439
3.63870565261
3.63870490584
81.2479682956
7.96774845709
3.22822692457
3.22822692457
3.22822703771
3.22822711048
3.22822694498
3.22822661307
3.2282265235
3.22822674062
3.2282268134
3.22822676114
3.22822676968
3.22822646974
3.22822695055
3.22822669715
3.22822715304
3.22822700105
3.228227519
3.22822761525
3.22822733041
3.22822753509
3.22822748489
3.22822689562
46.228265178
6.56630601493
2.56357715654
2.56357715654
2.5635773169
2.5635773776
2.56357718769
2.56357697722
2.56357694934
2.56357706093
2.56357709484
2.56357707937
2.56357708013
2.5635769526
2.56357716172
2.56357703136
2.56357726428
2.56357728199
2.56357740208
2.56357746512
2.56357732375
2.56357745033
2.56357739762
2.56357716191
64.0065254798
9.39558444027
2.16619151077
2.16619151077
2.16619158846
2.1661916577
2.16619152602
2.166191643
2.16619159067
2.16619166839
2.16619171683
2.16619166433
2.16619163073
2.16619194198
2.16619149925
2.16619163563
2.16619134115
2.16619149511
2.16619102582
2.16619093585
2.16619118384
2.16619105249
2.16619090712
2.16619157296
32.1236806238
3.42778229211
2.09922632845
2.09922632845
2.09922640482
2.09922646925
2.09922634375
2.09922649264
2.09922645047
2.0992265061
2.0992265481
2.09922650261
2.09922646547
2.09922680439
2.09922633101
2.09922647911
2.09922615747
2.09922630786
2.099225782
2.09922562592
2.09922596094
2.09922578975
2.09922566603
2.09922639355
4.81290212954
1.93843669519
1.93843669519
1.93843674555
1.93843673002
1.93843670415
1.93843683276
1.93843686789
1.93843685074
1.93843688662
1.93843684347
1.93843682205
1.93843710169
1.93843668876
1.93843684008
1.93843653507
1.93843666454
1.93843622418
1.93843610084
1.93843637872
1.93843622324
1.938436145
1.93843677138
14.4584659106
2.09989060689
1.64133739059
1.64133739059
1.64133736109
1.64133734881
1.64133738368
1.64133753458
1.64133758404
1.64133751057
1.64133751864
1.64133750197
1.64133748281
1.64133769144
1.64133738637
1.64133752116
1.64133728231
1.64133738205
1.64133706764
1.64133698061
1.64133717392
1.64133706398
1.64133703409
1.64133742119
8.84409622389
1.72114347802
1.51407017721
1.51407017721
1.51407011302
1.51407009684
1.51407016356
1.5140702857
1.51407033508
1.51407024851
1.51407022856
1.51407024054
1.5140702436
1.51407034656
1.51407017513
1.51407026715
1.51407011935
1.51407016834
1.51407000717
1.51406996084
1.51407006138
1.51406998995
1.5140700099
1.51407021617
9.59119249003
1.59620940893
1.39900197616
1.39900197616
1.39900190612
1.39900185416
1.39900196165
1.39900203619
1.39900208295
1.3990019935
1.39900196823
1.3990019876
1.39900199301
1.39900199834
1.3990019812
1.39900201606
1.3990019899
1.3990019866
1.39900199944
1.39900200077
1.39900198828
1.39900197521
1.39900203083
1.39900197687
1.46274392837
1.33600796513
1.33600796513
1.33600793827
1.33600792187
1.33600795882
1.33600795296
1.33600797421
1.33600794375
1.33600793715
1.33600794511
1.33600795042
1.33600791145
1.33600796201
1.33600795692
1.33600797804
1.33600795656
1.33600801837
1.33600803068
1.33600800076
1.33600800995
1.33600804468
1.33600795695
1.51204231718
1.31421162484
1.31421162484
1.31421163211
1.31421163919
1.3142116254
1.31421158928
1.31421158486
1.31421159822
1.31421160449
1.31421160189
1.31421160389
1.31421157023
1.31421161585
1.31421160121
1.31421162443
1.3142116112
1.31421165645
1.31421166141
1.31421164858
1.3142116561
1.31421166451
1.31421161828
1.30793180927
1.30606156742
1.30606156742
1.30606156215
1.306061563
1.30606156564
1.30606157068
1.3060615712
1.30606156784
1.30606156991
1.3060615702
1.30606156678
1.30606157159
1.30606157334
1.30606156911
1.30606158758
1.30606158575
1.30606160007
1.30606160211
1.30606158682
1.30606158968
1.30606159484
1.30606156861
1.30314616532
1.30455099348
1.30455099348
1.30455098968
1.30455099052
1.304550992
1.3045509932
1.30455099397
1.30455099096
1.30455099296
1.30455099218
1.30455099182
1.3045509917
1.30455099137
1.30455099442
1.3045509939
1.304550995
1.30455099896
1.30455099879
1.30455099715
1.30455099593
1.30455100082
1.30455099366
1.30559992854
1.30486177976
1.30486177976
1.3048617778
1.30486177915
1.30486177863
1.30486177856
1.30486177901
1.30486177747
1.30486178028
1.30486177899
1.30486177813
1.30486178015
1.30486177696
1.30486178068
1.30486177735
1.30486177915
1.30486177943
1.30486177795
1.30486177962
1.30486177633
1.3048617806
1.30486178026
1.30491692745
1.30487195583
1.30487195583
1.3048719534
1.30487195449
1.3048719546
1.30487195685
1.3048719576
1.30487195553
1.30487195846
1.30487195726
1.30487195552
1.30487196063
1.30487195541
1.30487195805
1.30487195826
1.30487195986
1.30487196056
1.30487195892
1.30487195834
1.30487195517
1.30487195924
1.304871957
1.30498721836
1.30491617019
1.30491617019
1.30491616765
1.30491616867
1.30491616894
1.30491617068
1.30491617155
1.30491616929
1.30491617214
1.3049161708
1.30491616956
1.30491617333
1.30491616872
1.30491617221
1.30491617034
1.30491617211
1.30491617232
1.30491617054
1.30491617134
1.3049161681
1.30491617215
1.30491617119
     fun: 1.3412353526065874
     jac: array([ 0.0032846 ,  0.00389166,  0.0007486 , -0.01335625, -0.01671244,
       -0.01070102, -0.00866953, -0.01438256, -0.00655288, -0.03137706,
       -0.01417115, -0.00723167, -0.02904417, -0.03202839, -0.028363  ,
       -0.03109324, -0.01326388, -0.01172219, -0.01640549, -0.00248531])
 message: 'Optimization terminated successfully.'
    nfev: 552
     nit: 23
    njev: 23
  status: 0
 success: True
       x: array([ 0.48155478, -0.45042212, -0.47771565, -0.3629658 ,  0.24783823,
        0.00772834,  0.13111398, -0.27781948,  0.55034348,  0.12006144,
        0.0461079 , -0.46625228, -0.13236491,  0.13688741, -0.22460423,
        0.16245523,  0.19789254, -0.40345073,  0.32105319, -0.51842201])

========================================================

Final result:
0.481554779862
-0.450422123035
-0.477715654399
0.148860999191
0.148860999191
0.148860999191
-0.362965796563
0.247838233093
0.0077283433182
0.131113983282
-0.277819478003
0.550343477686
0.120061443942
0.120061443942
0.0461079032934
-0.466252279576
-0.132364914392
-0.132364914392
0.136887409165
-0.224604229753
-0.224604229753
0.136887409165
0.162455229635
0.197892538273
0.162455229635
-0.403450733019
0.321053192364
-0.518422006948
0.401962745607
