charges/CYX_methyl_charged.filelist
47.1913163504
47.1913163504
47.1913161349
47.1913162877
47.1913163331
47.1913163487
47.191316189
47.1913165032
47.1913159391
47.1913161691
47.1913160712
47.1913161387
47.1913162938
47.1913164821
47.1913163728
6996.75702385
688.976923516
72.4256749803
45.2356965647
45.2356965647
45.2356969793
45.2356967093
45.2356967345
45.2356967689
45.2356966402
45.2356967999
45.2356966445
45.2356966458
45.2356963915
45.2356965194
45.2356965296
45.2356966832
45.2356965846
3021.77191661
286.301197
48.8918109848
40.1996070359
40.1996070359
40.1996068449
40.1996070114
40.199607178
40.1996071859
40.1996072239
40.199607264
40.1996074424
40.1996072374
40.1996068681
40.1996070292
40.1996070028
40.1996070051
40.1996070316
2145.46288809
189.121833645
28.7341663075
28.7341663075
28.73416691
28.7341664814
28.7341663789
28.7341662329
28.7341664435
28.7341664058
28.7341666961
28.734166325
28.7341664212
28.7341665655
28.7341663339
28.7341661342
28.7341662789
318.167578558
29.7457733368
23.0659172016
23.0659172016
23.0659179234
23.0659174198
23.0659173337
23.0659172333
23.0659174066
23.065917297
23.0659176562
23.065917413
23.0659174333
23.0659176087
23.0659172526
23.065917136
23.0659171907
390.922715605
30.6470198922
17.6378197667
17.6378197667
17.6378207036
17.6378200421
17.6378198913
17.6378197241
17.6378200622
17.6378197946
17.6378204366
17.6378201192
17.6378199977
17.637820084
17.6378198156
17.6378196215
17.6378197419
410.562880625
34.6917249034
14.3100973829
14.3100973829
14.3100984224
14.3100977031
14.3100975851
14.3100975224
14.3100977238
14.3100974046
14.310098197
14.3100976584
14.3100977163
14.3100977992
14.3100974523
14.3100972147
14.3100973547
47.9198542442
10.126172147
10.126172147
10.1261720935
10.1261721489
10.1261722183
10.1261723508
10.1261721608
10.1261721635
10.1261720286
10.1261723276
10.1261721281
10.1261720785
10.1261721411
10.126172039
10.1261721278
297.079038185
33.2547425124
9.86521142146
9.86521142146
9.86521106703
9.86521132707
9.86521141751
9.86521154109
9.86521135012
9.8652114078
9.86521118386
9.86521142674
9.86521129898
9.8652112066
9.86521139373
9.86521159842
9.86521145111
12.4757496358
12.4757496358
12.4757500721
12.4757497812
12.4757497826
12.4757497387
12.4757497807
12.4757498367
12.4757499815
12.4757496862
12.4757495536
12.4757496927
12.4757496201
12.4757495849
12.4757496281
8.2374798185
8.2374798185
8.23747941147
8.23747967564
8.23747966509
8.23747955981
8.23747962932
8.23747983752
8.23747944017
8.23747959127
8.23747971905
8.23747974958
8.23747980048
8.23747981492
8.23747981863
8.80466724548
6.75963348124
6.75963348124
6.75963349242
6.75963348089
6.75963347169
6.75963342472
6.75963346017
6.75963353584
6.75963339752
6.75963350958
6.75963344193
6.7596334972
6.75963347421
6.75963353574
6.75963349049
7.51165966762
6.54613555145
6.54613555145
6.54613562034
6.54613557795
6.54613559481
6.54613557365
6.54613560094
6.54613563024
6.54613565034
6.54613560585
6.5461355027
6.5461355413
6.54613554172
6.54613554818
6.54613555133
6.91339560224
6.57106869806
6.57106869806
6.57106879192
6.5710687299
6.57106873402
6.57106871814
6.57106871555
6.57106877619
6.57106872543
6.57106870255
6.57106863867
6.57106868032
6.57106868605
6.57106870568
6.57106869976
6.83379192529
6.63111705896
6.63111705896
6.63111715779
6.63111709454
6.63111710741
6.6311170931
6.631117096
6.63111714698
6.63111712621
6.63111709046
6.63111700637
6.63111705909
6.63111704846
6.63111706716
6.63111706078
6.67686267821
6.64185516011
6.64185516011
6.64185528112
6.64185520216
6.64185521106
6.64185519505
6.64185519966
6.6418552493
6.64185523175
6.64185519488
6.64185510832
6.64185516094
6.64185514976
6.64185516901
6.64185516202
6.6418704918
6.64166445156
6.64166445156
6.64166456946
6.64166449263
6.64166450182
6.64166448494
6.64166449158
6.64166454037
6.64166452499
6.64166448677
6.64166439908
6.6416644516
6.64166444107
6.64166445902
6.64166445324
6.63906750562
6.63906750562
6.63906762519
6.63906754722
6.63906755627
6.63906753947
6.63906754614
6.63906759443
6.63906758013
6.63906754126
6.63906745377
6.63906750641
6.63906749526
6.63906751296
6.63906750728
6.6395999401
6.6395999401
6.63960005873
6.63959998139
6.63959999049
6.63959997365
6.63959998032
6.63960002884
6.63960001387
6.63959997562
6.63959988794
6.63959994046
6.63959992967
6.63959994751
6.63959994177
     fun: 13.839165463794298
     jac: array([ -2.86936760e-03,  -9.69648361e-04,  -1.18827820e-03,
        -1.24275684e-03,  -1.18231773e-03,  -1.24895573e-03,
        -4.51099873e-03,   2.79116631e-03,  -5.33342361e-04,
        -1.71852112e-03,  -8.61883163e-05,  -3.45110893e-04,
        -3.68595123e-04])
 message: 'Optimization terminated successfully.'
    nfev: 308
     nit: 19
    njev: 19
  status: 0
 success: True
       x: array([ 0.3463289 , -0.37262538, -0.40201986,  0.42115146, -0.35728913,
       -1.22596658,  0.27096457,  0.16491444,  1.01237355, -0.08036083,
        0.17221033, -0.13793008, -0.48614508])

========================================================

Final result:
0.346328898085
0.346328898085
-0.372625379201
0.346328898085
-0.402019855934
0.421151463687
-0.357289126443
-1.22596658008
0.270964572314
0.270964572314
0.164914435631
0.190919203459
-0.137930076303
-0.486145075016
0.20802505044
0.20802505044
0.20802505044
1.01237354705
-0.0803608338288
0.172210332923
-0.0347410153803
-0.0347410153803
-0.0347410153803
