workdir/charges/HID.filelist
6.00997736364
6.00997736364
6.0099771682
6.00997705578
6.00997732521
6.00997671892
6.00997679325
6.00997660898
6.0099765853
6.00997676653
6.00997636226
6.00997613893
6.00997695594
6.00997626946
6.00997705945
6.00997707566
6.00997700772
6.00997725042
6.009977276
6.00997703687
6.0099775913
6.00997765672
6.00997740954
47271.4180712
4723.61810776
579.492285105
104.389508638
18.9088315081
4.95952837878
4.95952837878
4.95952815601
4.95952803163
4.95952833552
4.95952897779
4.95952908169
4.95952882905
4.95952877541
4.95952889557
4.95952867108
4.95952955451
4.95952877408
4.95952864343
4.95952860505
4.95952880118
4.95952855152
4.95952853092
4.95952867171
4.95952890848
4.95952855812
4.9595285884
4.95952841558
3843.83619064
472.928555659
88.9246515972
16.8100380896
3.96125781129
3.96125781129
3.96125788817
3.96125794866
3.96125782622
3.96125854674
3.96125851127
3.96125858644
3.96125860536
3.96125845817
3.96125873986
3.96125920007
3.96125821919
3.96125886944
3.96125809552
3.96125810651
3.96125813278
3.96125793075
3.96125795638
3.96125813367
3.96125763349
3.96125752191
3.96125777337
386.051882184
38.3041172446
5.132028942
3.92229257562
3.92229257562
3.9222927038
3.92229279463
3.92229260043
3.92229328435
3.92229322598
3.9222933571
3.92229340087
3.92229323806
3.92229350244
3.92229399285
3.92229301078
3.92229361937
3.92229287028
3.92229292171
3.92229289302
3.92229271175
3.9222927636
3.92229297021
3.92229241263
3.92229231363
3.9222925409
181.28758772
17.7078783642
3.97191007895
3.81189865516
3.81189865516
3.81189876528
3.81189886513
3.81189867646
3.81189943475
3.81189937623
3.81189948487
3.81189954346
3.81189931677
3.81189963299
3.81190002812
3.81189909539
3.81189973918
3.81189897525
3.81189899258
3.81189902573
3.81189879421
3.811898828
3.8118990362
3.81189850881
3.81189843096
3.81189862444
288.101465832
28.3136015421
4.25756832195
3.72222722627
3.72222722627
3.72222734292
3.72222741432
3.7222272487
3.72222797121
3.72222793477
3.7222280389
3.72222805707
3.72222791184
3.7222282215
3.72222867508
3.72222769104
3.72222835284
3.72222757292
3.72222758299
3.72222763639
3.72222737445
3.72222740446
3.7222276324
3.72222704617
3.72222694688
3.72222718849
80.9468265754
7.9533951259
3.57149585642
3.57149585642
3.57149599003
3.57149606409
3.57149588227
3.57149661779
3.57149658493
3.57149668712
3.57149669334
3.57149654776
3.57149689453
3.57149732451
3.57149630844
3.57149699738
3.57149616515
3.57149620647
3.57149620299
3.57149598192
3.57149600678
3.57149627854
3.57149567962
3.57149561563
3.57149582051
45.479215142
5.16651654961
3.48175499148
3.48175499148
3.4817551388
3.48175522806
3.48175502005
3.48175573334
3.48175568236
3.48175580998
3.48175582799
3.48175568854
3.4817559917
3.48175648914
3.48175543978
3.48175604906
3.48175532374
3.48175529528
3.48175539586
3.48175510743
3.48175508636
3.48175534057
3.48175482035
3.48175478338
3.48175495676
355.377800689
34.9792575982
4.37014897789
3.38830175105
3.38830175105
3.38830187239
3.3883019591
3.38830177453
3.38830249461
3.38830243747
3.38830255897
3.38830257529
3.38830241662
3.38830275427
3.38830315076
3.38830219338
3.38830279332
3.38830206038
3.38830208889
3.38830210026
3.38830187358
3.38830188474
3.38830215751
3.38830152865
3.38830149227
3.38830170532
38.0181320265
4.32803922039
2.71889528028
2.71889528028
2.71889537365
2.71889546386
2.71889529761
2.7188958297
2.71889575279
2.71889590747
2.71889593205
2.71889579367
2.71889608481
2.71889634444
2.71889563563
2.71889614105
2.71889553163
2.71889553468
2.71889553961
2.71889538079
2.71889536317
2.71889556028
2.71889511931
2.71889508113
2.71889524753
59.9245904647
6.39491821083
2.506204778
2.506204778
2.50620490318
2.50620498069
2.50620480327
2.50620518699
2.50620515646
2.5062052127
2.50620520502
2.50620513292
2.50620533865
2.50620550413
2.50620503405
2.50620539279
2.50620496379
2.50620495345
2.5062049611
2.50620485227
2.50620482523
2.50620495858
2.50620464689
2.5062045968
2.50620475061
26.8020013529
4.49494802974
2.02536562948
2.02536562948
2.025365704
2.0253656982
2.02536564373
2.02536544586
2.0253654515
2.02536547889
2.02536550592
2.02536547971
2.0253654846
2.02536527929
2.02536553723
2.02536548949
2.02536557729
2.02536553431
2.02536557776
2.02536558527
2.02536552566
2.02536553265
2.02536561054
2.02536559713
2.02536562459
33.8962794634
4.09117364131
1.91466606332
1.91466606332
1.91466610071
1.91466608679
1.91466607033
1.91466563751
1.91466564221
1.91466565028
1.91466564968
1.91466568844
1.91466562998
1.9146652397
1.91466581664
1.91466556931
1.91466590771
1.91466585042
1.91466589615
1.91466598932
1.9146659502
1.91466580133
1.91466608229
1.91466612576
1.91466606727
13.4763622194
2.14137240208
1.88379080262
1.88379080262
1.88379081631
1.88379082342
1.88379080504
1.88379035848
1.88379034934
1.88379035584
1.8837903511
1.88379040099
1.88379031861
1.88378992578
1.88379053584
1.88379026546
1.88379063211
1.88379057692
1.88379062541
1.88379071825
1.88379067692
1.88379053827
1.88379083787
1.88379087331
1.88379080964
2.6523805077
1.73540054153
1.73540054153
1.73540050708
1.73540049535
1.73540053377
1.73540032849
1.73540035627
1.73540031263
1.73540031082
1.73540035504
1.73540026081
1.73540014535
1.73540042085
1.73540023645
1.73540045943
1.73540045181
1.73540044614
1.7354005083
1.73540050695
1.73540043919
1.73540058752
1.73540061967
1.73540055022
3.55212339768
1.67420582253
1.67420582253
1.67420578137
1.67420575673
1.67420581392
1.67420584597
1.6742058629
1.67420582051
1.67420581497
1.67420583939
1.67420578594
1.67420587453
1.6742058337
1.67420578234
1.67420582492
1.67420584692
1.67420581852
1.67420583081
1.67420585688
1.67420585843
1.6742058608
1.67420586144
1.67420582976
1.67996224816
1.65284873245
1.65284873245
1.65284873035
1.65284873133
1.65284873135
1.65284873928
1.65284873736
1.65284873869
1.65284874321
1.65284873704
1.65284873909
1.65284874796
1.65284872721
1.65284874737
1.65284873009
1.65284872709
1.65284873439
1.65284873032
1.65284873821
1.65284872916
1.65284872928
1.65284872416
1.65284873107
1.67992799279
1.64787907117
1.64787907117
1.64787907143
1.64787907561
1.6478790705
1.64787907894
1.64787907784
1.64787908097
1.64787908565
1.64787907822
1.64787908517
1.64787909031
1.64787906889
1.64787909043
1.64787907134
1.64787906766
1.64787907553
1.64787906967
1.6478790758
1.64787907008
1.64787906678
1.64787906101
1.64787906961
1.64064141133
1.64037253672
1.64037253672
1.64037253433
1.64037253626
1.64037253557
1.640372553
1.64037255361
1.64037255193
1.64037255469
1.64037255174
1.6403725529
1.64037257179
1.64037254404
1.64037255512
1.640372543
1.64037254349
1.64037254444
1.64037253885
1.64037254537
1.64037254859
1.64037253624
1.64037253556
1.64037253601
1.63965445102
1.63979769833
1.63979769833
1.63979769592
1.63979769729
1.63979769717
1.6397976999
1.63979770095
1.63979769877
1.63979770183
1.63979769991
1.63979769808
1.63979770462
1.63979769595
1.63979770072
1.63979769804
1.63979769629
1.63979769884
1.63979769733
1.63979770224
1.63979769913
1.63979769841
1.63979769694
1.63979769769
1.63979885908
1.6397866285
1.6397866285
1.63978662633
1.63978662763
1.63978662739
1.63978662786
1.63978662904
1.63978662684
1.63978663002
1.63978662818
1.63978662584
1.63978663061
1.63978662488
1.63978662823
1.63978662742
1.63978662553
1.63978662838
1.63978662711
1.63978663199
1.6397866283
1.63978662891
1.63978662772
1.63978662794
1.63997594113
1.63986047997
1.63986047997
1.63986047776
1.639860479
1.63986047885
1.63986047898
1.63986048024
1.63986047795
1.63986048111
1.63986047937
1.63986047686
1.63986048149
1.63986047617
1.63986047908
1.63986047879
1.63986047692
1.63986047976
1.63986047854
1.63986048343
1.63986047976
1.63986048051
1.6398604795
1.63986047943
     fun: 1.7027878776752232
     jac: array([  4.62415814e-03,   5.23108244e-03,   9.81315970e-04,
         4.92620468e-03,   4.75783646e-03,   6.12653792e-03,
         7.50987232e-03,   4.21623886e-03,   7.32937455e-03,
         8.03518295e-03,   3.04044783e-03,   9.24289227e-03,
         2.56223977e-03,   2.34642625e-03,   3.58541310e-03,
         6.26295805e-04,  -6.31809235e-05,   3.86343896e-03,
        -7.01814890e-04,  -2.79657543e-03,  -2.43902206e-04])
 message: 'Optimization terminated successfully.'
    nfev: 549
     nit: 22
    njev: 22
  status: 0
 success: True
       x: array([ 0.47302152, -0.44847915, -0.47731412, -0.36832338,  0.24217476,
       -0.00279368,  0.10872454, -0.28183657,  0.49726206,  0.11008908,
        0.13128397, -0.4492341 , -0.2323359 , -0.03532453,  0.27655396,
        0.05078431, -0.46651824,  0.14910571, -0.39416794,  0.28100579,
       -0.31183741])

========================================================

Final result:
0.473021521107
-0.448479152252
-0.477314121571
0.150923917572
0.150923917572
0.150923917572
-0.368323382513
0.242174764998
-0.00279368332924
0.108724543671
-0.281836566846
0.497262055975
0.110089078435
0.110089078435
0.131283972425
-0.449234102721
-0.23233589783
-0.0353245267421
0.276553964335
0.0507843138632
-0.466518243552
0.149105713971
0.160298917425
-0.394167936391
0.281005789033
-0.311837414136
0.141666520498
0.141666520498
0.141666520498
