charges/ALA_neutral_methyl.filelist
4.48017306386
4.48017306386
4.48017262155
4.48017242117
4.48017297765
4.48017400849
4.48017417113
4.48017372154
4.48017361573
4.48017377266
4.48017349741
4.48017522609
4.4801735493
4.48017323284
58966.2158466
5893.81974477
714.453697011
133.502485468
25.5692912199
4.94620329493
3.22091041004
3.22091041004
3.22090992242
3.22090973074
3.22091031429
3.22091069098
3.22091084091
3.22091040647
3.22091027752
3.2209102448
3.2209104542
3.22090979401
3.22091055886
3.22091037579
7335.26777219
886.080791482
183.373001099
40.1542446079
8.06524397245
1.76260494614
1.76260494614
1.7626050279
1.76260513215
1.76260495812
1.76260407235
1.76260395267
1.76260426016
1.76260432568
1.76260416069
1.76260451393
1.76260251301
1.7626045089
1.76260476144
403.726986635
40.0353895215
4.0105141077
1.72269727318
1.72269727318
1.72269743021
1.72269761551
1.72269730056
1.72269643597
1.72269627551
1.72269661758
1.7226967489
1.72269642316
1.72269686693
1.72269457817
1.72269687134
1.72269710181
248.90905168
24.4985078524
2.84017070108
1.65132500008
1.65132500008
1.65132521053
1.65132536489
1.65132503898
1.65132405267
1.65132394539
1.65132423512
1.65132429638
1.65132408092
1.65132453744
1.65132212796
1.65132457528
1.65132478278
109.631755439
10.9296489713
1.88436145452
1.64216096519
1.64216096519
1.64216117437
1.64216133463
1.64216100392
1.64216002485
1.64215991257
1.64216019932
1.64216027096
1.64216004095
1.64216048201
1.64215807483
1.64216048447
1.64216075623
8.60984877176
1.63247999419
1.4755207763
1.4755207763
1.47552103728
1.47552113937
1.47552082511
1.47551985434
1.47551975781
1.4755200553
1.4755201415
1.47551991432
1.47552032236
1.47551808397
1.47552032342
1.47552058568
15.4168407066
2.03417145248
1.15871327946
1.15871327946
1.15871355092
1.15871366724
1.15871333248
1.15871261833
1.15871247143
1.15871277733
1.15871284862
1.15871270396
1.15871295008
1.15871150336
1.15871293503
1.15871312509
19.1349697802
2.51248445837
1.02750856379
1.02750856379
1.02750880538
1.02750890169
1.02750861119
1.02750821927
1.02750811976
1.02750835039
1.02750839142
1.02750835412
1.02750843768
1.02750794681
1.02750837843
1.0275085636
17.5159873042
2.51575106048
0.871990441685
0.871990441685
0.871990601745
0.871990626415
0.871990473227
0.871990761468
0.871990756514
0.871990805462
0.871990837476
0.871990956732
0.871990651403
0.871992100042
0.871990596851
0.871990565849
1.1800133265
0.76816898412
0.76816898412
0.768168908879
0.768168840057
0.768168969711
0.768169409589
0.768169473601
0.768169305284
0.768169268091
0.768169363891
0.768169185712
0.768170167471
0.768169193954
0.768169077929
0.979914042163
0.703132659917
0.703132659917
0.703132559947
0.703132514516
0.703132639628
0.70313283735
0.703132882861
0.703132761813
0.703132733286
0.70313276081
0.703132734374
0.703132962236
0.703132748478
0.703132684577
0.954278649402
0.695774933698
0.695774933698
0.695774901241
0.695774899096
0.695774925806
0.695774963894
0.695774969446
0.695774952771
0.695774956281
0.695774960123
0.695774946458
0.695775017066
0.695774952642
0.69577494173
0.693143630406
0.693143630406
0.693143647257
0.693143653203
0.693143632665
0.693143582465
0.693143580455
0.693143583352
0.693143590612
0.69314357205
0.693143603064
0.693143447111
0.693143609083
0.693143619079
0.688775495775
0.688775495775
0.68877549367
0.688775496233
0.688775494152
0.688775499868
0.688775497592
0.688775498163
0.688775504172
0.688775505326
0.688775497737
0.688775529452
0.688775498655
0.688775500089
0.691513510209
0.690167360291
0.690167360291
0.690167356289
0.690167358733
0.690167358279
0.690167366361
0.690167366607
0.690167362461
0.690167368156
0.690167367088
0.690167362707
0.690167383771
0.6901673655
0.690167364346
0.689870938755
0.689870938755
0.689870935154
0.689870936794
0.689870936832
0.689870939341
0.689870940163
0.68987093533
0.689870940665
0.689870938304
0.689870937666
0.689870939186
0.689870941099
0.689870940823
0.690181215801
0.690181215801
0.690181212416
0.690181214603
0.69018121392
0.690181216955
0.69018121714
0.690181213082
0.690181218706
0.690181216099
0.690181215192
0.690181218595
0.690181218453
0.690181218127
0.690041541734
     fun: 0.7305208657753621
     jac: array([  1.50345266e-03,   3.17975879e-03,   9.69767570e-05,
        -3.99227142e-02,  -5.20674959e-02,  -4.09850106e-02,
        -3.61867622e-02,  -5.84256202e-02,  -2.51008123e-02,
        -1.82553694e-01,  -2.23418251e-02,  -1.61460042e-02])
 message: 'Optimization terminated successfully.'
    nfev: 285
     nit: 18
    njev: 18
  status: 0
 success: True
       x: array([ 0.50419546, -0.47069201, -0.46267109, -0.37607762,  0.25366477,
        0.07571662,  0.11171283, -0.42931886,  0.5628707 ,  0.13796666,
       -0.48551997, -0.54265453])

========================================================

Final result:
0.504195460262
-0.470692009291
-0.462671094705
0.143055881245
0.143055881245
0.143055881245
-0.37607761706
0.253664769956
0.0757166151094
0.11171282758
-0.429318858027
0.562870695849
0.137966656986
0.137966656986
0.137966656986
-0.4855199736
-0.54265453417
0.415706103405
