workdir/charges/LEU.filelist
6.55460056487
6.55460056487
6.55460035103
6.55460024906
6.55460052298
6.55460026262
6.55460033032
6.55460013326
6.55460013713
6.55460028689
6.55459982943
6.55459999825
6.55460044698
6.55459967923
6.55460043005
6.55460051789
6.55460086339
6.55460098055
6.55460062617
16497.6184362
1645.44302482
310.19919812
61.9301275485
11.6019590663
4.49271370919
4.49271370919
4.49271334053
4.49271320066
4.49271363797
4.49271420238
4.49271432972
4.49271393479
4.49271386214
4.49271390712
4.49271377195
4.49271416784
4.49271379024
4.49271371209
4.49271380512
4.49271374172
4.49271387616
4.49271393642
4.49271374391
5578.92002122
657.867909091
131.064604525
26.9675291103
5.03010882369
2.63145739363
2.63145739363
2.63145726258
2.63145729009
2.63145736837
2.63145801468
2.63145801568
2.63145790482
2.63145789112
2.63145775539
2.6314579688
2.63145819651
2.63145749945
2.63145802225
2.63145744599
2.63145743535
2.63145729153
2.63145724605
2.63145737147
376.20810569
36.9279148914
4.68031319066
2.4926413697
2.4926413697
2.49264120455
2.49264118954
2.49264133777
2.49264202893
2.492642065
2.49264190288
2.4926418363
2.49264174046
2.49264203793
2.49264215064
2.49264152544
2.49264215608
2.49264156184
2.49264143237
2.49264117984
2.49264107674
2.49264132868
324.388933657
31.8951344561
3.75430659884
2.39275461203
2.39275461203
2.39275451123
2.3927545239
2.39275459286
2.39275529436
2.39275532826
2.39275518999
2.39275513287
2.39275502502
2.3927553299
2.39275548643
2.39275479433
2.39275544719
2.3927548481
2.39275468488
2.39275446818
2.392754386
2.39275458158
67.6726366218
6.84753532261
2.38314820152
2.36338970396
2.36338970396
2.3633896065
2.36338959323
2.36338968518
2.36339034916
2.36339039953
2.3633902634
2.3633901804
2.36339013289
2.36339042413
2.36339065061
2.36338988301
2.36339055695
2.3633899187
2.36338977546
2.36338954935
2.36338945595
2.36338967141
167.729605059
16.4128812008
2.57161189999
2.29189648774
2.29189648774
2.2918963891
2.29189638968
2.29189646813
2.29189714276
2.29189717399
2.29189706951
2.29189701082
2.29189689864
2.29189725155
2.29189736006
2.29189665939
2.29189737333
2.29189669553
2.29189655616
2.29189633588
2.29189626813
2.29189645659
46.0182699166
4.52755201568
2.18709924833
2.18709924833
2.18709920444
2.18709920084
2.18709923982
2.18709985921
2.18709989332
2.18709980153
2.18709973701
2.18709964033
2.18709999473
2.18710007935
2.18709941488
2.18710004916
2.18709945584
2.1870993149
2.18709903948
2.18709900977
2.18709920562
20.2013106958
2.92959282936
1.8588720945
1.8588720945
1.85887217414
1.85887216658
1.8588721104
1.8588724789
1.85887252046
1.85887247964
1.85887244265
1.85887235829
1.85887265605
1.85887265098
1.85887219604
1.85887276698
1.85887221047
1.85887213472
1.85887191519
1.8588718437
1.85887205693
55.028554766
6.40708464978
1.71703644012
1.71703644012
1.71703660641
1.71703664628
1.71703647122
1.71703640204
1.71703633485
1.71703653805
1.71703659361
1.71703649221
1.71703666242
1.7170365257
1.71703646482
1.71703671055
1.71703648095
1.71703645147
1.7170362834
1.71703622767
1.71703640647
19.1611343094
2.57441375277
1.58013199944
1.58013199944
1.58013221482
1.5801323051
1.58013204047
1.58013175255
1.58013164637
1.58013191665
1.58013196864
1.58013191729
1.58013202978
1.58013180012
1.58013196361
1.58013204944
1.58013196557
1.58013198589
1.58013187109
1.58013182828
1.58013197205
3.50473437794
1.46391551796
1.46391551796
1.4639156762
1.46391573861
1.46391554675
1.46391512189
1.46391507245
1.46391526365
1.46391532289
1.46391532669
1.46391527843
1.46391509109
1.4639154388
1.46391527155
1.46391544052
1.46391548641
1.46391548682
1.46391549835
1.46391551015
2.56216119869
1.27266475668
1.27266475668
1.27266472621
1.27266469324
1.27266474975
1.27266456984
1.27266459242
1.27266455849
1.2726645615
1.27266462627
1.27266447513
1.27266447875
1.27266470794
1.27266443392
1.27266472487
1.27266473735
1.27266485413
1.27266489553
1.27266477619
1.28548837919
1.20929293847
1.20929293847
1.20929290617
1.2092929046
1.20929293137
1.20929293016
1.20929294133
1.20929291072
1.2092929104
1.2092929228
1.20929288374
1.20929291018
1.20929292426
1.20929287322
1.20929292427
1.20929293272
1.20929296986
1.20929297775
1.20929294409
1.45913588299
1.20580799884
1.20580799884
1.20580797298
1.2058079739
1.20580799305
1.20580800908
1.205808014
1.20580799071
1.20580799026
1.2058079961
1.20580797229
1.20580799733
1.20580798952
1.20580797005
1.20580798935
1.20580799504
1.20580801622
1.20580802299
1.20580800146
1.21202219394
1.20416722666
1.20416722666
1.20416721493
1.2041672166
1.20416722361
1.20416723843
1.20416724172
1.20416723051
1.20416723006
1.20416723136
1.20416722776
1.20416723749
1.2041672237
1.20416722945
1.20416723023
1.20416722544
1.20416722875
1.20416723002
1.20416722617
1.19423736285
1.20110303547
1.20110303547
1.20110302834
1.20110303046
1.20110303329
1.20110304251
1.20110304466
1.20110303809
1.2011030385
1.20110303889
1.20110303793
1.20110304288
1.20110303234
1.20110304011
1.20110303933
1.20110303429
1.20110303483
1.20110303547
1.20110303441
1.19907377519
1.20000707146
1.20000707146
1.20000706708
1.20000707079
1.20000706981
1.20000707261
1.20000707306
1.20000707045
1.20000707259
1.20000707197
1.2000070697
1.20000707291
1.20000706632
1.20000707141
1.20000707155
1.20000706946
1.200007071
1.20000707162
1.20000707043
1.2004884528
1.2004884528
1.20048844865
1.20048845267
1.20048845119
1.20048845186
1.20048845209
1.20048845008
1.20048845238
1.20048845204
1.20048844911
1.20048845141
1.20048844721
1.20048845072
1.20048845253
1.20048845063
1.20048845251
1.20048845308
1.2004884518
1.20020660317
1.20020660317
1.20020659889
1.20020660276
1.20020660153
1.20020660285
1.20020660325
1.20020660093
1.2002066031
1.2002066028
1.20020660003
1.20020660265
1.20020659777
1.20020660161
1.20020660315
1.20020660107
1.20020660289
1.20020660354
1.20020660217
     fun: 1.2585190690346006
     jac: array([-0.00011633,  0.0004575 , -0.00023249, -0.00471717, -0.00363231,
       -0.00383517, -0.00598533, -0.0018297 , -0.00234123, -0.00568013,
        0.0014362 , -0.00297625,  0.00465834,  0.00039873, -0.00041515,
        0.00061607,  0.0002189 ])
 message: 'Optimization terminated successfully.'
    nfev: 417
     nit: 20
    njev: 20
  status: 0
 success: True
       x: array([ 0.52696858, -0.48998653, -0.47122921, -0.38923834,  0.23986687,
       -0.00792786,  0.13335045, -0.28996377,  0.490408  ,  0.11527214,
        0.06242802, -0.46277849,  0.09687058, -0.43071969, -0.35393687,
        0.25271801, -0.29889133])

========================================================

Final result:
0.526968580677
-0.489986530075
-0.471229207041
0.144749052146
0.144749052146
0.144749052146
-0.389238343929
0.239866868444
-0.00792786279416
0.133350445812
-0.289963766082
0.490408002963
0.115272138611
0.115272138611
0.0624280249493
-0.462778488034
0.096870580264
-0.430719693429
-0.430719693429
0.126313274674
0.126313274674
0.126313274674
0.126313274674
0.126313274674
0.126313274674
-0.353936867667
0.252718014778
-0.298891330741
0.13337006121
0.13337006121
0.13337006121
