workdir/charges/ILE.filelist
5.72834653177
5.72834653177
5.72834625193
5.72834614136
5.7283464772
5.72834630129
5.72834637645
5.72834612249
5.72834609963
5.72834624407
5.72834583579
5.72834623518
5.7283462077
5.72834641053
5.72834570597
5.72834553749
5.72834634043
5.72834650766
5.72834681406
5.72834690931
5.72834659005
26979.7434731
2695.07571551
388.098938892
65.9842985371
11.2630660706
4.77856710553
4.77856710553
4.77856680131
4.77856671432
4.77856704599
4.77856748197
4.77856754801
4.77856728776
4.77856726842
4.77856728706
4.77856710411
4.77856727353
4.77856733387
4.7785672581
4.77856701485
4.77856783198
4.77856748018
4.77856713625
4.77856729844
4.77856737133
4.77856714593
4707.94788947
560.972957996
113.865019109
23.6514622458
4.33212997059
2.5109808798
2.5109808798
2.51098082946
2.51098091259
2.51098086938
2.51098136914
2.5109813045
2.51098135042
2.51098139522
2.51098124404
2.51098138993
2.51098119965
2.51098139858
2.51098104755
2.51098140783
2.51098255564
2.51098117797
2.51098091236
2.51098078451
2.5109807448
2.51098085867
2196.93518145
219.145313681
21.489698036
3.03252856651
2.43237123361
2.43237123361
2.43237115854
2.43237124211
2.43237121872
2.43237185496
2.43237179893
2.43237180208
2.43237184514
2.43237163928
2.43237186515
2.43237160441
2.43237171004
2.43237145949
2.43237190722
2.43237271979
2.43237169692
2.43237127759
2.43237110953
2.43237105575
2.43237120645
470.111181802
46.4326447839
5.16867119287
2.33991589109
2.33991589109
2.33991592604
2.33991603348
2.3399158975
2.33991643435
2.33991636693
2.33991645269
2.33991650724
2.33991634017
2.33991652094
2.33991631865
2.33991642095
2.33991618094
2.33991657276
2.33991754375
2.33991653451
2.33991594819
2.33991578741
2.3399157382
2.33991586824
402.780867093
39.8300582044
4.14169904842
2.27354706507
2.27354706507
2.2735470778
2.27354712739
2.27354706715
2.27354761248
2.27354759834
2.27354762681
2.27354761481
2.27354754581
2.27354774914
2.27354759132
2.27354761755
2.27354733712
2.27354786056
2.27354877748
2.27354762488
2.27354711839
2.27354692971
2.2735468415
2.27354703594
218.556260046
21.5625735527
2.82535985028
2.22813002433
2.22813002433
2.22813006865
2.22813014991
2.22813003247
2.22813059888
2.22813056858
2.22813062464
2.22813064234
2.2281305163
2.22813074336
2.22813055824
2.22813058483
2.228130288
2.22813084136
2.22813175771
2.22813054788
2.22813007565
2.22812993084
2.22812987419
2.22813000471
148.587850053
14.5258897573
2.40322764061
2.15983884277
2.15983884277
2.1598388855
2.15983895174
2.15983885024
2.15983940864
2.15983938331
2.15983944567
2.15983945348
2.15983932343
2.15983960396
2.15983932218
2.15983941526
2.15983911599
2.1598397142
2.15984063043
2.15983940742
2.15983889617
2.15983871874
2.15983865641
2.15983881716
44.6741617059
4.46872382141
2.08943778832
2.08943778832
2.08943786283
2.08943792259
2.08943780219
2.08943834244
2.08943831993
2.0894383914
2.08943839158
2.08943827158
2.08943856788
2.08943828851
2.08943835182
2.08943805373
2.08943861669
2.08943953971
2.08943832497
2.08943784008
2.08943761309
2.08943759206
2.08943775247
8.46704258447
1.89589429989
1.89589429989
1.89589443958
1.89589443402
1.89589432574
1.89589438105
1.8958943601
1.89589450593
1.89589456564
1.89589445249
1.89589462046
1.89589446954
1.89589446737
1.89589436174
1.89589468986
1.89589481561
1.89589440437
1.89589431124
1.89589417207
1.89589411901
1.89589427236
33.6918313079
3.68527082616
1.77341158881
1.77341158881
1.7734117751
1.77341177019
1.7734116253
1.77341154415
1.77341154616
1.77341164067
1.77341167244
1.7734116129
1.77341173167
1.77341161929
1.77341161509
1.77341157711
1.77341181387
1.77341167068
1.77341154335
1.77341158511
1.77341148241
1.7734114082
1.77341156559
30.1989726176
3.56325287096
1.61546255696
1.61546255696
1.61546272301
1.61546274662
1.61546258941
1.61546225907
1.61546221317
1.61546236562
1.61546238733
1.61546238129
1.6154624403
1.61546239387
1.61546234077
1.61546242623
1.61546248042
1.61546187734
1.61546226356
1.61546252913
1.61546247757
1.61546242485
1.61546253979
3.71848475674
1.49854196597
1.49854196597
1.49854204624
1.49854204545
1.49854198067
1.49854154356
1.49854155488
1.49854160311
1.4985416159
1.498541665
1.49854159104
1.4985416744
1.49854159395
1.4985417819
1.49854160468
1.49854079805
1.49854158696
1.49854192754
1.49854196712
1.49854196943
1.49854196514
2.31586219462
1.29562395912
1.29562395912
1.2956238827
1.29562383623
1.29562394378
1.29562383479
1.29562387651
1.29562378014
1.29562376036
1.29562382287
1.29562370468
1.29562382969
1.29562377645
1.29562390368
1.29562367037
1.29562337992
1.29562388637
1.29562394647
1.29562405347
1.29562409301
1.29562397876
1.34590234469
1.23250192267
1.23250192267
1.23250189423
1.23250190178
1.23250191657
1.23250193009
1.23250193182
1.23250191143
1.23250190931
1.23250191473
1.23250189516
1.23250191258
1.23250192172
1.23250191643
1.23250188714
1.23250192827
1.23250192037
1.23250191967
1.2325019368
1.23250194466
1.23250192517
1.23036348664
1.22605895071
1.22605895071
1.2260589398
1.22605894354
1.22605894803
1.22605896257
1.22605896233
1.2260589552
1.22605895635
1.22605895455
1.22605895057
1.22605895682
1.22605895653
1.22605895138
1.22605895207
1.22605897264
1.22605896328
1.22605894907
1.22605895291
1.22605895641
1.22605895068
1.26832809868
1.22401409116
1.22401409116
1.22401408438
1.22401408779
1.22401408927
1.22401410105
1.22401410215
1.22401409765
1.22401409977
1.22401409628
1.22401409673
1.22401409966
1.2240140968
1.2240140926
1.22401409878
1.22401411151
1.22401410532
1.22401408967
1.22401409154
1.22401409228
1.22401409078
1.21730158807
1.22071329156
1.22071329156
1.22071328657
1.22071329043
1.22071329002
1.22071329511
1.22071329543
1.22071329278
1.22071329525
1.22071329203
1.22071329193
1.2207132946
1.22071329325
1.22071328929
1.22071329382
1.22071330057
1.22071329668
1.22071328935
1.22071329129
1.22071329173
1.22071329104
1.22205341746
1.22135742158
1.22135742158
1.2213574172
1.22135742136
1.22135742017
1.22135742177
1.22135742182
1.22135741973
1.22135742227
1.22135741947
1.22135741866
1.22135742184
1.22135742063
1.22135741752
1.22135742043
1.22135742262
1.22135742268
1.221357419
1.22135742129
1.22135742163
1.22135742105
1.2213261586
     fun: 1.2785742530761646
     jac: array([ 0.00119294,  0.00272262,  0.00018442,  0.01821353,  0.0133208 ,
        0.02048406,  0.02461481,  0.01529145,  0.02288757,  0.00881341,
        0.03317569,  0.00132242,  0.02000971,  0.11315012, -0.0066143 ,
       -0.00038318, -0.00589417, -0.00801446, -0.00090274])
 message: 'Optimization terminated successfully.'
    nfev: 440
     nit: 19
    njev: 19
  status: 0
 success: True
       x: array([ 0.53316952, -0.49298179, -0.47721877, -0.39380657,  0.23925104,
       -0.01763232,  0.12210282, -0.05117971,  0.49285844,  0.0918949 ,
       -0.42221483, -0.15873668, -0.45839739,  0.12991662,  0.09365651,
       -0.37812853, -0.35750342,  0.25999362, -0.31373575])

========================================================

Final result:
0.533169522586
-0.492981785923
-0.477218774688
0.145677012675
0.145677012675
0.145677012675
-0.393806566423
0.239251044696
-0.0176323151904
0.122102817538
-0.0511797126747
0.492858437999
0.0918949006005
-0.422214831326
-0.15873668404
-0.458397386564
0.129916618058
0.129916618058
0.129916618058
0.093656514995
0.093656514995
-0.378128531994
0.118975314405
0.118975314405
0.118975314405
-0.357503420444
0.259993615999
-0.313735750589
0.137081851678
0.137081851678
0.137081851678
