charges/CYS_methyl_charged.filelist
94.4527738142
94.4527738142
94.4527761066
94.4527745718
94.4527745641
94.4527745762
94.4527742644
94.4527748597
94.4527746399
94.4527740589
94.4527749085
94.4527734692
94.4527734029
94.4527737444
64307.1786424
6368.59709352
681.230373969
113.158238579
64.1246101845
64.1246101845
64.1246097607
64.1246100868
64.1246102937
64.1246102504
64.1246102242
64.1246106295
64.1246102172
64.1246102353
64.1246106347
64.1246097533
64.1246097345
64.1246100973
6072.33480681
674.907875514
111.839266805
40.3350530107
40.3350530107
40.335051664
40.3350525798
40.3350526593
40.3350526134
40.3350527162
40.3350527299
40.3350523258
40.3350529345
40.3350524992
40.3350528698
40.3350530347
40.3350529828
1308.32957097
124.207002508
38.8615206044
38.8615206044
38.8615187152
38.861520021
38.8615202138
38.8615201949
38.8615204008
38.8615202061
38.8615202779
38.8615204794
38.8615199382
38.8615205937
38.8615208332
38.8615206039
400.757684526
43.9052983502
32.7788684659
32.7788684659
32.778866247
32.7788677499
32.7788678514
32.778867702
32.778868151
32.7788678324
32.778867995
32.7788682244
32.7788676478
32.7788684699
32.7788686434
32.7788684679
493.65096208
37.4554437458
24.6089752197
24.6089752197
24.6089723517
24.6089742994
24.6089744452
24.6089743658
24.6089747729
24.6089743349
24.6089744296
24.6089749666
24.6089741647
24.6089753854
24.6089755817
24.6089752551
148.335595064
21.1647881484
18.8517444271
18.8517444271
18.8517417802
18.8517435734
18.8517436725
18.8517436601
18.8517439982
18.8517434312
18.8517436632
18.8517441996
18.851743244
18.8517446142
18.8517447568
18.8517444641
143.891410761
22.0606225894
9.8251236134
9.8251236134
9.82512343146
9.82512352719
9.82512339059
9.82512343749
9.82512350132
9.82512306964
9.82512342375
9.82512354909
9.82512295729
9.82512394947
9.82512402732
9.82512368009
52.4192477708
10.5757456282
7.67220324656
7.67220324656
7.67220385758
7.67220342766
7.67220332045
7.67220335607
7.67220331434
7.67220316996
7.67220333003
7.67220337814
7.6722031882
7.6722033762
7.67220334967
7.67220327078
74.2577649528
10.791235443
6.60564309768
6.60564309768
6.60564417424
6.6056434441
6.60564338263
6.60564344743
6.60564326963
6.60564335836
6.60564339026
6.60564321559
6.60564343629
6.60564308641
6.60564299382
6.605643093
18.674479036
7.5215905158
7.5215905158
7.52159173398
7.521590907
7.52159084851
7.52159083726
7.52159071138
7.52159094505
7.52159084887
7.52159064405
7.52159084697
7.52159041146
7.52159048767
7.52159049464
7.20254639536
6.73727141127
6.73727141127
6.73727145991
6.73727143396
6.73727146773
6.73727141331
6.73727145712
6.73727158236
6.73727150411
6.73727143692
6.73727151216
6.73727128389
6.73727134821
6.73727138544
6.25342881609
6.34203178829
6.34203178829
6.34203164565
6.34203175025
6.34203178974
6.34203177977
6.34203178124
6.3420318441
6.34203174399
6.34203181211
6.34203175236
6.34203170964
6.34203178367
6.34203177189
6.0686555577
6.13369287232
6.13369287232
6.13369285788
6.13369287136
6.13369288578
6.13369286514
6.133692889
6.13369292012
6.13369290267
6.13369288748
6.13369284331
6.13369281873
6.13369287944
6.13369286086
6.04859886726
6.0971934846
6.0971934846
6.09719350764
6.09719349458
6.09719350301
6.09719348116
6.09719350028
6.09719353984
6.09719350595
6.09719350339
6.09719347024
6.09719343372
6.0971934906
6.09719347371
6.09224012182
6.0930756494
6.0930756494
6.09307570617
6.0930756713
6.09307568251
6.09307566484
6.09307567588
6.09307572001
6.09307569244
6.09307567465
6.09307565126
6.09307559742
6.09307565346
6.09307563827
6.09941116117
6.09367276379
6.09367276379
6.09367283537
6.09367279006
6.09367279887
6.09367278022
6.09367279086
6.09367283723
6.0936728069
6.0936727898
6.09367276956
6.0936727087
6.09367276258
6.09367275199
6.09279825678
6.09325737222
6.09325737222
6.09325744885
6.09325740013
6.09325740881
6.09325739025
6.09325740022
6.09325744753
6.09325741723
6.09325739847
6.09325738012
6.09325731699
6.09325737087
6.09325736039
6.09308104631
6.09321049154
6.09321049154
6.0932105691
6.09321051974
6.09321052837
6.09321050983
6.09321051964
6.09321056714
6.09321053673
6.0932105178
6.09321049967
6.09321043634
6.09321049015
6.09321047972
6.09311789569
6.09316659481
6.09316659481
6.09316667279
6.09316662315
6.09316663174
6.09316661321
6.09316662299
6.09316667052
6.09316664022
6.09316662099
6.09316660305
6.0931665396
6.09316659341
6.09316658299
     fun: 12.936065356519672
     jac: array([ 0.00250566,  0.00080597,  0.00048912,  0.00135791, -0.00020492,
       -0.00041246, -0.00117421,  0.00046086, -0.00130248,  0.00071454,
        0.00131655,  0.00014412])
 message: 'Optimization terminated successfully.'
    nfev: 311
     nit: 20
    njev: 20
  status: 0
 success: True
       x: array([ 0.34545386, -0.39580671, -0.40489808,  0.47585397, -0.39728457,
       -1.24514344,  0.28951967, -0.04795182,  0.23973878,  1.08046685,
       -0.05488689, -0.31362743])

========================================================

Final result:
0.345453858969
0.345453858969
-0.395806706385
0.345453858969
-0.404898079065
0.475853970797
-0.397284569039
-1.24514343928
0.289519668571
0.289519668571
-0.0479518203771
0.239738779026
0.160090950275
1.08046685155
-0.0548868898582
-0.313627432665
0.0960158236589
0.0960158236589
0.0960158236589
