charges/GLH_methyl_charged.filelist
11.8277854111
11.8277854111
11.8277834404
11.8277847351
11.8277846246
11.8277846374
11.8277847954
11.8277843147
11.8277841479
11.8277849914
11.827784254
11.8277845677
11.8277852089
11.8277853289
11.8277852485
11.827785742
11.8277857753
11.8277854769
89558.8198255
8949.84816035
888.998576782
144.144498846
24.3659904737
9.8549024095
9.8549024095
9.8549037131
9.85490278676
9.85490251422
9.85490254771
9.85490249627
9.85490221998
9.85490247254
9.85490260806
9.85490218969
9.85490292302
9.85490255854
9.85490260971
9.85490244645
9.85490273758
9.85490272533
9.85490247435
6171.53677825
751.017285698
146.234054206
28.2990029134
6.71489613067
6.71489613067
6.71489805655
6.71489677365
6.71489677982
6.71489678126
6.71489672469
6.71489684906
6.71489737091
6.71489660207
6.71489708982
6.7148971322
6.71489638367
6.71489629073
6.71489630598
6.71489607138
6.71489589793
6.71489611733
1162.80249629
115.330314545
12.2957046572
6.60649922831
6.60649922831
6.60650139474
6.60649994048
6.60649990343
6.60649990054
6.60649978798
6.6065000062
6.60650039288
6.60649961506
6.60650026302
6.60650001159
6.60649941107
6.6064992948
6.60649938338
6.60649912979
6.60649893019
6.60649920679
528.178149047
51.3258532799
7.84040045368
6.27030794929
6.27030794929
6.27031022642
6.27030870912
6.27030871598
6.27030876859
6.27030853385
6.27030885151
6.27030907039
6.27030842283
6.2703090908
6.27030896627
6.27030820176
6.27030812518
6.2703081101
6.2703077982
6.27030760645
6.27030791702
456.578150294
43.7609361265
7.15256718681
5.74067875204
5.74067875204
5.74068129517
5.74067961108
5.74067966142
5.74067974501
5.74067945858
5.74067980798
5.74068016515
5.74067926467
5.74067996699
5.74067981028
5.74067900357
5.74067887567
5.74067894441
5.74067861266
5.74067850313
5.74067872317
423.336591971
41.0755263075
6.3765217734
5.45300181072
5.45300181072
5.45300454108
5.45300272315
5.45300274027
5.4530027529
5.45300255749
5.45300293732
5.45300331758
5.45300236496
5.453003086
5.45300296015
5.45300209602
5.45300197913
5.45300201545
5.45300158018
5.45300146146
5.453001763
54.5088800112
6.85771922808
5.31625182054
5.31625182054
5.31625450889
5.31625271755
5.31625273358
5.31625272071
5.31625255248
5.31625296192
5.31625329184
5.31625236921
5.31625311948
5.3162529725
5.31625209043
5.31625195604
5.31625202396
5.31625160817
5.31625151318
5.31625177742
25.0933440829
5.16190781887
4.2931416071
4.2931416071
4.29314330347
4.29314217821
4.29314221397
4.2931421781
4.29314208777
4.29314242991
4.29314259446
4.29314194002
4.29314254492
4.29314223819
4.29314182755
4.29314184548
4.29314172002
4.29314146124
4.2931414221
4.29314157851
300.930458357
42.5759214723
7.30673313199
2.96179204821
2.96179204821
2.96179128694
2.96179181461
2.96179189368
2.96179186523
2.9617919008
2.96179199223
2.96179176857
2.96179189223
2.96179192767
2.96179167958
2.96179196383
2.96179200569
2.96179199018
2.96179197227
2.96179202973
2.96179203345
5.47692214025
2.79770013566
2.79770013566
2.7976993463
2.7976998837
2.79769991668
2.79769989823
2.79769994187
2.79769993633
2.79769974496
2.79769996798
2.79769987647
2.79769975393
2.79770005662
2.79770009409
2.79770009466
2.79770011516
2.79770019447
2.79770013122
10.4718627676
2.78630667649
2.70003774168
2.70003774168
2.70003716048
2.70003755223
2.70003755131
2.70003754101
2.70003757812
2.7000375283
2.70003740327
2.70003761171
2.70003747994
2.70003746391
2.70003767455
2.70003772166
2.70003768514
2.70003775519
2.70003782658
2.70003774358
6.52545412513
2.6026002351
2.6026002351
2.60260029715
2.60260024762
2.6026001898
2.60260019081
2.60260020065
2.60260011371
2.60260014208
2.60260023615
2.60260009259
2.60260025831
2.60260023977
2.60260024872
2.60260023673
2.60260031172
2.60260030991
2.60260024936
2.69576216974
2.56240875214
2.56240875214
2.5624086296
2.56240871501
2.56240871139
2.56240871329
2.56240872749
2.56240868299
2.56240870533
2.56240873487
2.5624087069
2.56240872025
2.56240873612
2.56240873048
2.56240875185
2.56240877268
2.56240874928
2.56240875496
2.55406794916
2.54335015582
2.54335015582
2.54335027649
2.54335019854
2.54335019095
2.54335019429
2.54335018224
2.54335018231
2.5433502019
2.5433501781
2.54335019726
2.54335020521
2.54335016424
2.54335016243
2.5433501641
2.54335016111
2.54335014979
2.54335015573
2.53765872049
2.53765872049
2.53765864284
2.53765869867
2.53765869825
2.53765869311
2.53765870598
2.53765869084
2.53765869311
2.53765870704
2.53765870065
2.53765869035
2.53765871106
2.53765871871
2.53765871554
2.53765872683
2.53765872309
2.53765872073
2.53800728119
2.53800728119
2.53800726398
2.53800727916
2.53800727672
2.53800727727
2.53800727637
2.53800726794
2.53800726747
2.53800727688
2.53800727795
2.53800727262
2.53800727522
2.53800727831
2.53800727948
2.53800728653
2.53800728052
2.53800728116
2.54165338166
2.53910021302
2.53910021302
2.53910020848
2.53910021508
2.53910021212
2.53910021268
2.53910021135
2.53910020329
2.53910020572
2.53910021133
2.53910021364
2.53910021019
2.53910020842
2.53910021132
2.53910021243
2.53910021856
2.53910021227
2.53910021303
2.53853037558
2.53879095633
2.53879095633
2.53879095569
2.53879095962
2.53879095644
2.53879095611
2.53879095646
2.53879094781
2.5387909535
2.53879095604
2.53879095865
2.53879095617
2.53879095287
2.53879095593
2.53879095629
2.5387909621
2.53879095574
2.53879095639
2.53867606728
2.53867606728
2.53867606057
2.53867606856
2.53867606549
2.53867606492
2.53867606579
2.538676057
2.53867606128
2.53867606559
2.5386760679
2.53867606401
2.53867606316
2.53867606675
2.53867606667
2.53867607302
2.53867606667
2.53867606734
2.53872157861
     fun: 2.682522888790528
     jac: array([-0.07520089, -0.02638292, -0.02934724, -0.03310847, -0.03029829,
       -0.02449247, -0.0639683 , -0.02552637, -0.01714492, -0.05750486,
       -0.01019925,  0.00355646, -0.01113009, -0.0016523 , -0.00722197,
        0.00038302])
 message: 'Optimization terminated successfully.'
    nfev: 397
     nit: 20
    njev: 20
  status: 0
 success: True
       x: array([ 0.32855897, -0.45150118, -0.07167505,  0.19864705, -0.30202463,
        0.68089771,  0.18282261, -0.33473504, -0.46105309,  0.1722991 ,
        0.58871625, -0.44490971, -0.53762071, -0.55503606,  0.32970653,
       -0.30008763])

========================================================

Final result:
0.328558969753
0.328558969753
-0.451501175208
0.328558969753
-0.0716750541856
0.198647050678
-0.302024626977
0.680897707493
0.182822612388
0.182822612388
-0.334735036824
-0.461053085858
0.172299098155
0.172299098155
0.588716249257
-0.444909709019
-0.537620706953
0.439338057253
-0.555036059746
0.329706525549
-0.300087625777
0.175139053325
0.175139053325
0.175139053325
