charges/PRO_charged_methyl.filelist
16.9463999002
16.9463999002
16.9463995413
16.9463993818
16.9463998319
16.9464006164
16.9464007759
16.9464003267
16.9464018267
16.9464006773
16.946400412
16.9464002897
16.9463999967
16.9464015676
16.9464008028
52805.4220762
5267.28776242
831.932567437
172.476214091
33.2960629012
8.59050740249
8.59050740249
8.5905071046
8.5905071907
8.59050734402
8.59050750047
8.59050735947
8.59050732851
8.5905074385
8.59050702676
8.59050704415
8.59050736444
8.59050738419
8.59050642647
8.59050651038
6843.35099679
739.159599813
127.636167324
22.3862034493
7.00113140689
7.00113140689
7.00113150149
7.0011317309
7.00113142349
7.00113115635
7.00113084398
7.00113129782
7.00113009927
7.00113078866
7.00113110854
7.00113146242
7.00113138694
7.00112992919
7.00113090053
1546.95549886
152.152844653
20.2998445498
6.51869793045
6.51869793045
6.5186980234
6.51869818604
6.51869794708
6.51869735309
6.51869717138
6.5186975395
6.51869627477
6.51869719166
6.51869742426
6.51869754935
6.51869784487
6.51869632215
6.51869700373
330.16835145
32.1402841612
6.6870514735
6.30372741409
6.30372741409
6.30372758142
6.30372779705
6.30372744561
6.30372683437
6.30372662224
6.30372702336
6.30372567489
6.30372663567
6.30372686181
6.30372706501
6.30372732953
6.30372572587
6.30372635889
111.503696138
11.0694294189
5.97788059862
5.97788059862
5.97788080043
5.97788100073
5.97788063663
5.97787995042
5.97787976512
5.97788016474
5.97787880668
5.97787976573
5.97788003028
5.97788018247
5.97788050228
5.97787875947
5.97787955958
23.4856658898
4.9003785957
4.9003785957
4.90037883607
4.90037886543
4.90037863941
4.90037807974
4.90037802218
4.90037832619
4.90037735311
4.90037810787
4.90037828166
4.9003784057
4.90037851686
4.90037756514
4.90037805044
29.0467960151
4.99569070554
3.36076809916
3.36076809916
3.36076833712
3.36076824418
3.36076814587
3.36076795003
3.36076801797
3.36076809127
3.36076784933
3.36076821246
3.36076823213
3.3607681107
3.36076808109
3.36076843811
3.36076846567
15.0463613837
3.38389465654
2.93189880627
2.93189880627
2.93189894013
2.93189883465
2.93189883214
2.93189887489
2.93189903737
2.93189895145
2.93189925234
2.93189923452
2.93189915107
2.93189896015
2.93189882963
2.93189984866
2.93189957494
6.75239517482
2.12804327042
2.12804327042
2.12804310311
2.12804304619
2.12804324064
2.1280436311
2.12804370643
2.12804344891
2.12804424481
2.12804362511
2.12804346965
2.12804341111
2.12804331068
2.12804402965
2.12804358468
2.37875432525
1.94379961516
1.94379961516
1.94379956412
1.94379959779
1.94379960667
1.94379969305
1.94379967456
1.94379965425
1.94379972566
1.94379966555
1.94379966126
1.94379965312
1.9437996253
1.94379971744
1.94379971825
1.93239776602
1.86071175119
1.86071175119
1.86071171666
1.86071174224
1.86071174528
1.86071174105
1.86071172895
1.86071172455
1.8607117161
1.8607117006
1.86071170128
1.86071172896
1.86071174194
1.86071163579
1.86071164415
1.84681360428
1.84552352531
1.84552352531
1.84552351488
1.84552353116
1.84552352418
1.84552352773
1.8455235195
1.84552352307
1.84552350812
1.84552351679
1.84552352208
1.8455235338
1.84552352075
1.84552350724
1.84552352848
1.83189905999
1.84093938007
1.84093938007
1.84093936985
1.84093938439
1.84093937903
1.84093937984
1.84093937496
1.84093937489
1.84093936513
1.84093937443
1.84093937649
1.84093938215
1.84093937511
1.84093937135
1.84093938222
1.84260760933
1.84169210962
1.84169210962
1.84169209756
1.8416921109
1.84169210824
1.84169211319
1.84169211022
1.84169210593
1.84169210819
1.84169210856
1.84169210775
1.84169211227
1.8416921049
1.84169211114
1.84169211342
1.8389193152
1.84067999832
1.84067999832
1.84067998573
1.84067999892
1.84067999684
1.84068000387
1.84068000078
1.84067999607
1.84068000088
1.84067999858
1.84067999767
1.84068000288
1.84067999396
1.84068000218
1.84068000435
1.8405786279
1.84063936244
     fun: 2.0915440716502425
     jac: array([ 0.01326907,  0.01991209,  0.00157663, -0.00552556, -0.00707406,
        0.0033536 , -0.01962665, -0.00071678,  0.00468618,  0.01058468,
        0.00133359, -0.00094625,  0.01543954])
 message: 'Optimization terminated successfully.'
    nfev: 271
     nit: 16
    njev: 16
  status: 0
 success: True
       x: array([ 0.76467412, -0.60094038, -0.51693478, -0.33994221, -0.21335221,
        0.0079877 ,  0.13326185, -0.2439371 , -0.21395769,  0.03788162,
        0.66473974,  0.10730699,  0.09395401])

========================================================

Final result:
0.76467412383
-0.600940378862
-0.516934778549
0.11773367786
0.11773367786
0.11773367786
-0.339942210506
-0.213352211891
0.00798770026034
0.133261848145
0.133261848145
-0.243937102513
-0.213957688835
0.0378816236047
0.664739740364
0.107306991231
0.107306991231
0.093954011156
0.093954011156
-0.684232775774
-0.684232775774
