workdir/charges/LYD.filelist
6.88650997145
6.88650997145
6.88650973615
6.88650961336
6.88650992565
6.88650939388
6.88650948288
6.88650924612
6.88650923092
6.88650937777
6.88650897173
6.88650875818
6.88650953673
6.88650883214
6.88650912656
6.88650966711
6.88650936777
6.88650979223
6.88650959813
6.88650992371
6.88651023473
6.88651034335
6.88651002556
59929.3896344
5989.3561208
775.001508687
132.781121405
22.8141782481
6.08905355776
6.08905355776
6.08905327483
6.08905315487
6.08905350301
6.08905427733
6.08905438339
6.08905407274
6.08905404545
6.08905406951
6.0890538854
6.08905461152
6.08905401874
6.08905378557
6.08905451276
6.08905392195
6.0890543123
6.08905378143
6.08905402768
6.08905362893
6.08905375927
6.08905385473
6.08905360001
4707.68975184
583.837959617
114.709587081
22.6751009924
4.69848337361
4.69848337361
4.69848345579
4.69848356534
4.69848338945
4.69848423223
4.69848415602
4.69848427357
4.69848431553
4.69848408582
4.69848446265
4.69848482511
4.69848386933
4.69848457278
4.69848433413
4.69848370296
4.6984840481
4.69848351507
4.69848359861
4.69848342851
4.6984831474
4.69848305127
4.69848332588
1152.37694275
114.521441334
11.5915714765
4.63664538646
4.63664538646
4.63664554251
4.63664567535
4.63664541648
4.63664615481
4.63664605684
4.63664625399
4.63664630914
4.63664610768
4.63664644602
4.63664685939
4.6366459268
4.63664655967
4.63664644436
4.63664578334
4.63664620141
4.63664560871
4.63664582963
4.63664546136
4.63664515615
4.63664505275
4.63664533761
158.179228603
15.9346750813
4.69734003504
4.5956565129
4.5956565129
4.59565665084
4.59565676701
4.59565653941
4.59565729467
4.59565721096
4.59565738295
4.59565741939
4.59565723362
4.59565759171
4.59565798034
4.59565705639
4.59565772029
4.59565759462
4.59565689374
4.59565726155
4.59565674611
4.59565700789
4.59565658636
4.5956562687
4.59565615501
4.5956564612
186.259477389
18.3622603624
4.60775984029
4.50464555578
4.50464555578
4.50464571621
4.50464582115
4.50464558664
4.50464631221
4.50464624437
4.50464641662
4.50464643207
4.50464629822
4.5046466371
4.50464710624
4.50464609891
4.50464677965
4.50464661157
4.50464594614
4.50464634577
4.50464577872
4.50464600827
4.50464562836
4.50464533352
4.50464522001
4.50464550917
205.764606132
20.4200051091
4.64848101597
4.4478814477
4.4478814477
4.44788162129
4.44788174601
4.44788148113
4.4478822192
4.44788214018
4.44788232271
4.44788235919
4.44788217648
4.44788253987
4.44788293285
4.44788200039
4.44788267604
4.44788254965
4.44788183488
4.44788222088
4.44788166884
4.4478818966
4.44788151944
4.44788124597
4.44788114754
4.44788140573
145.862963823
14.6385339657
4.46349210923
4.39489213981
4.39489213981
4.39489229467
4.39489240484
4.39489216962
4.39489291015
4.39489284243
4.39489300295
4.39489302092
4.39489285377
4.39489323801
4.39489359314
4.39489267836
4.39489338302
4.39489319455
4.39489253952
4.394892964
4.39489236585
4.39489259446
4.39489221393
4.39489191739
4.39489181111
4.39489209359
63.3486083371
7.0206440676
4.05032616889
4.05032616889
4.05032634783
4.05032645539
4.05032620395
4.05032687353
4.05032681034
4.05032695852
4.05032696435
4.05032682043
4.05032718408
4.05032750674
4.05032664446
4.05032722927
4.05032709088
4.05032651443
4.05032686709
4.05032637557
4.05032660603
4.05032622785
4.05032593337
4.0503258994
4.05032612093
133.334321057
12.9319827525
3.97152268678
3.97152268678
3.97152283086
3.97152288453
3.97152271456
3.97152322594
3.97152318597
3.97152331897
3.97152329112
3.97152323439
3.97152354752
3.97152379454
3.97152313733
3.97152358222
3.97152363103
3.9715229892
3.97152329779
3.97152282991
3.9715229435
3.97152273008
3.97152241905
3.97152238152
3.97152263165
121.263526837
15.4383439733
3.54089299219
3.54089299219
3.54089300063
3.54089297719
3.540892991
3.54089289996
3.54089285245
3.54089301239
3.54089304715
3.54089299856
3.5408931084
3.54089299784
3.54089299404
3.54089306965
3.54089300171
3.54089299013
3.54089298635
3.54089299021
3.54089300973
3.54089296614
3.54089293611
3.54089299114
3.54089298228
82.2352157676
11.6990410883
3.08030464432
3.08030464432
3.08030461288
3.08030451042
3.08030463771
3.08030395969
3.08030401402
3.08030396059
3.08030395414
3.08030407138
3.08030385819
3.08030347342
3.08030421337
3.08030380849
3.08030380687
3.08030433136
3.08030400968
3.0803044665
3.08030431717
3.08030454979
3.08030476735
3.08030480874
3.08030466982
16.6421489551
3.27176420836
2.89549892797
2.89549892797
2.89549885147
2.89549876812
2.89549891264
2.89549812874
2.89549816833
2.89549810224
2.89549807547
2.89549823537
2.89549797536
2.89549751408
2.89549840615
2.89549789465
2.8954979115
2.89549855017
2.89549815908
2.89549871766
2.89549852502
2.89549884647
2.89549908463
2.89549915008
2.89549896086
7.26564959678
2.65959989137
2.65959989137
2.65959984313
2.6595997312
2.65959988113
2.6595992661
2.65959934925
2.65959925421
2.65959925146
2.6595993605
2.65959913766
2.65959880658
2.65959949137
2.65959907511
2.65959911314
2.65959960448
2.65959930453
2.6595997366
2.65959958005
2.65959986494
2.65960001921
2.65960008345
2.6595999177
11.108791405
2.38725018613
2.38725018613
2.38725015692
2.38725021555
2.38725017996
2.38725059617
2.38725060487
2.38725056029
2.38725056749
2.38725051259
2.38725056801
2.38725085936
2.38725043764
2.38725060166
2.38725068866
2.38725037437
2.38725057661
2.38725029201
2.38725039801
2.38725022653
2.38725015656
2.38725014488
2.3872501788
3.80990307541
2.20526403827
2.20526403827
2.20526404387
2.20526410408
2.20526403965
2.20526457206
2.20526454806
2.20526454537
2.20526455356
2.20526447002
2.20526458918
2.20526492701
2.20526436605
2.20526463315
2.20526468942
2.20526428025
2.20526453702
2.20526417365
2.20526430298
2.20526409665
2.20526397682
2.20526393485
2.20526402467
2.12804635271
1.86594841233
1.86594841233
1.86594843748
1.8659484566
1.86594841683
1.86594840077
1.86594838184
1.86594841936
1.86594842716
1.86594841008
1.86594844629
1.86594841077
1.86594840091
1.86594845961
1.86594839367
1.86594840175
1.86594839331
1.8659484023
1.86594839129
1.86594841376
1.86594838172
1.86594836813
1.86594840551
1.87880237326
1.84834118274
1.84834118274
1.84834118132
1.84834118366
1.84834118209
1.84834119909
1.84834119692
1.84834119951
1.84834120235
1.8483411976
1.84834120458
1.84834121689
1.84834119269
1.84834120419
1.84834121093
1.84834119127
1.8483412031
1.84834118714
1.84834119614
1.84834118662
1.84834118017
1.84834117792
1.84834118189
1.86335072035
1.8458799268
1.8458799268
1.84587992219
1.84587992218
1.84587992552
1.84587994319
1.84587994262
1.84587994006
1.8458799425
1.84587993949
1.84587994034
1.84587995653
1.84587993569
1.84587994017
1.84587995314
1.84587993489
1.84587994645
1.84587993107
1.84587994016
1.84587993044
1.84587992751
1.84587992812
1.84587992658
1.84810546258
1.84566491189
1.84566491189
1.8456649088
1.84566491109
1.8456649109
1.84566490973
1.84566491013
1.84566490741
1.84566491081
1.84566490795
1.84566490633
1.84566490742
1.84566490634
1.8456649075
1.84566490857
1.8456649089
1.84566490924
1.84566490884
1.84566490912
1.84566491343
1.84566491244
1.8456649117
1.84566491157
1.84883956552
1.8471536394
1.8471536394
1.84715363605
1.84715363829
1.84715363834
1.84715363907
1.8471536397
1.84715363708
1.84715364026
1.84715363784
1.84715363645
1.84715363992
1.84715363615
1.84715363743
1.84715364096
1.84715363826
1.84715364039
1.8471536378
1.84715364013
1.84715364129
1.84715363985
1.84715363967
1.84715363907
1.8466470789
1.84693419041
1.84693419041
1.84693418704
1.84693418937
1.84693418934
1.84693419068
1.84693419123
1.84693418877
1.84693419199
1.8469341894
1.84693418832
1.84693419202
1.84693418756
1.84693418928
1.84693419275
1.84693418953
1.84693419195
1.84693418892
1.84693419131
1.84693419234
1.84693419066
1.84693419053
1.84693419004
     fun: 1.8936228511549742
     jac: array([  1.54717267e-03,   1.98021531e-04,   3.47033143e-04,
        -1.32363290e-02,  -1.24641955e-02,  -1.18148327e-02,
        -1.23815238e-02,  -9.37961042e-03,  -1.18034780e-02,
        -1.91039890e-02,  -6.80080056e-03,  -1.21799707e-02,
        -1.30975693e-02,  -4.70942259e-03,  -1.04400516e-02,
        -2.12681293e-03,  -3.92775238e-03,  -3.08111310e-04,
         4.40657139e-04,   9.03397799e-04,  -9.23871994e-06])
 message: 'Optimization terminated successfully.'
    nfev: 549
     nit: 22
    njev: 22
  status: 0
 success: True
       x: array([ 0.50226027, -0.46395742, -0.48549575, -0.38275579,  0.24136316,
       -0.00334702,  0.10727882, -0.23607336,  0.48034892,  0.10711559,
       -0.1705268 , -0.45147095,  0.10267607, -0.2376911 ,  0.11729856,
       -0.10089243,  0.10546528, -0.68124933, -0.36584408,  0.266531  ,
       -0.31493897])

========================================================

Final result:
0.502260271349
-0.463957422588
-0.485495754257
0.149064301832
0.149064301832
0.149064301832
-0.382755788685
0.241363163864
-0.00334702431674
0.107278818933
-0.236073362461
0.480348919786
0.107115588749
0.107115588749
-0.170526801887
-0.451470953867
0.102676071917
0.102676071917
-0.237691096838
0.117298555523
0.117298555523
-0.100892429718
0.105465279213
0.105465279213
-0.681249325226
0.284952444805
0.284952444805
-0.365844080491
0.266530998166
-0.314938969237
0.138084017187
0.138084017187
0.138084017187
