workdir/charges/SER.filelist
6.95363191279
6.95363191279
6.95363173914
6.95363164404
6.95363187889
6.95363173078
6.95363178762
6.95363161699
6.95363160417
6.95363183622
6.95363129247
6.95363194845
6.95363177989
6.95363117054
6.95363224334
6.9536323423
6.95363198029
11817.7991123
1177.99273064
185.582686162
32.3450937304
6.86867592529
5.52503020044
5.52503020044
5.52502998439
5.52502994173
5.52503015841
5.52503064224
5.52503066232
5.52503047338
5.52503050724
5.52503048922
5.52503022843
5.52503099008
5.52503023236
5.52503017279
5.52503043887
5.52503049121
5.52503024829
8175.75182777
813.312144504
157.316437643
32.7983688946
5.9966185699
2.83515470552
2.83515470552
2.83515464023
2.83515469109
2.83515469249
2.83515516191
2.83515511685
2.83515512036
2.83515514818
2.83515501935
2.83515515937
2.83515546466
2.83515476739
2.83515528892
2.83515457052
2.83515442561
2.83515467357
862.952225334
85.298184407
11.323691106
2.79906134776
2.59096896286
2.59096896286
2.59096891165
2.59096902547
2.59096895262
2.59096954702
2.5909694689
2.59096949182
2.59096958817
2.59096927405
2.59096953393
2.59096959018
2.59096908284
2.59096964608
2.59096885508
2.59096873852
2.59096893731
145.125438825
15.0879392636
2.81973537398
2.31372239894
2.31372239894
2.31372237738
2.31372245993
2.31372239406
2.31372300572
2.31372296976
2.3137229798
2.31372302515
2.31372274352
2.31372313472
2.31372308634
2.31372254883
2.31372330404
2.313722252
2.31372212706
2.31372236695
200.515955301
19.8482744991
2.81035445069
2.28380893497
2.28380893497
2.28380898222
2.28380910406
2.28380894338
2.28380951732
2.28380944889
2.28380953301
2.28380961084
2.28380930068
2.28380968281
2.28380968099
2.28380908872
2.28380982117
2.28380878925
2.28380868937
2.28380890343
307.484660716
30.2749533602
3.30506496265
2.19998045707
2.19998045707
2.19998046875
2.19998056233
2.19998045873
2.19998108074
2.19998103259
2.19998106988
2.19998112049
2.19998081686
2.19998124727
2.19998115299
2.1999806357
2.19998135445
2.19998023626
2.19998014772
2.19998040986
9.72618835948
2.16534034638
2.0164136334
2.0164136334
2.01641363626
2.01641371197
2.01641363212
2.01641410533
2.01641403236
2.01641414765
2.01641421686
2.0164139233
2.01641432983
2.01641415821
2.01641380534
2.01641442427
2.01641341812
2.01641334474
2.01641358772
75.1749881957
7.12315125432
1.82192417332
1.82192417332
1.82192428621
1.82192431675
1.82192419605
1.82192425775
1.82192423777
1.82192428726
1.8219242818
1.82192420235
1.82192440271
1.82192413299
1.82192426401
1.82192450843
1.82192403446
1.82192393094
1.82192414308
23.8796034545
2.98841710626
1.68255427775
1.68255427775
1.68255439035
1.68255442621
1.68255430047
1.68255414961
1.68255411231
1.68255419091
1.68255415514
1.68255416331
1.68255430662
1.68255394911
1.68255427708
1.68255434743
1.68255416697
1.68255410935
1.68255425478
11.8047795662
1.94688603088
1.59859446848
1.59859446848
1.59859459748
1.59859458547
1.59859449372
1.59859417759
1.59859418618
1.59859424336
1.59859421662
1.59859426881
1.59859432115
1.59859396849
1.59859442485
1.59859434176
1.59859439884
1.59859436979
1.59859445402
7.38656958818
1.63605558754
1.53035037122
1.53035037122
1.53035046318
1.53035046554
1.53035038868
1.53035002322
1.53035004276
1.53035007972
1.53035004706
1.5303501429
1.53035011648
1.53034982389
1.53035031728
1.53035011352
1.53035035018
1.53035035466
1.53035036692
2.41132487175
1.38402569111
1.38402569111
1.38402567369
1.38402564782
1.38402568709
1.38402562348
1.38402564448
1.38402560233
1.38402559572
1.38402564021
1.38402554255
1.38402559176
1.38402567479
1.38402549018
1.38402578283
1.38402583614
1.38402571039
1.48977393968
1.34467822453
1.34467822453
1.3446782075
1.34467820043
1.34467822025
1.34467820343
1.34467820757
1.3446781959
1.34467819551
1.34467821518
1.34467816993
1.34467822754
1.34467820765
1.34467816078
1.3446782471
1.34467826097
1.34467822839
1.65543619693
1.34206590688
1.34206590688
1.3420658919
1.34206588918
1.34206590298
1.34206588918
1.34206589352
1.34206588598
1.34206588636
1.34206590075
1.34206586882
1.34206591498
1.34206589158
1.34206586193
1.34206592172
1.34206592564
1.34206590914
1.33786723523
1.33786723523
1.33786723486
1.33786724345
1.33786723427
1.33786725982
1.33786725939
1.33786725897
1.33786726544
1.33786724374
1.33786726423
1.33786724654
1.33786724263
1.33786727126
1.33786723169
1.33786722894
1.33786723373
1.33622649807
1.33622649807
1.33622649574
1.33622649792
1.33622649672
1.33622649193
1.33622649363
1.33622649292
1.33622649364
1.3362264948
1.33622649164
1.33622649708
1.33622649388
1.33622649477
1.33622649706
1.33622649429
1.33622649705
1.33706423265
1.33706423265
1.33706422817
1.33706423135
1.33706423088
1.33706423022
1.33706423157
1.33706422965
1.33706423222
1.33706422994
1.33706422584
1.33706423213
1.3370642284
1.33706422725
1.33706423544
1.33706423456
1.33706423242
1.33666335463
1.33666335463
1.33666335082
1.33666335397
1.33666335298
1.33666335369
1.3366633552
1.33666335345
1.3366633557
1.33666335304
1.33666335103
1.33666335609
1.3366633513
1.33666335327
1.336663356
1.33666335464
1.33666335412
1.33663112321
1.33663112321
1.33663111977
1.33663112266
1.33663112164
1.33663112097
1.33663112251
1.33663112105
1.33663112293
1.33663112125
1.3366311189
1.33663112417
1.3366311197
1.33663112137
1.33663112398
1.33663112223
1.33663112256
1.33667034881
1.33667034881
1.33667034516
1.33667034822
1.3366703472
1.33667034691
1.33667034837
1.33667034681
1.33667034893
1.33667034679
1.33667034434
1.33667034949
1.33667034527
1.3366703466
1.33667035001
1.33667034847
1.33667034826
     fun: 1.3804337232184325
     jac: array([  3.97264957e-05,   1.70230865e-03,  -5.97536564e-06,
        -3.86749208e-03,  -5.90568781e-03,  -4.46040928e-03,
        -2.25307047e-03,  -4.47160006e-03,  -8.02244246e-03,
        -1.14902854e-02,  -1.11985207e-03,  -9.62041318e-03,
         1.89505517e-03,   1.93032622e-03,   3.72037292e-04])
 message: 'Optimization terminated successfully.'
    nfev: 393
     nit: 21
    njev: 21
  status: 0
 success: True
       x: array([ 0.51116497, -0.4760556 , -0.46866102, -0.36413761,  0.2452435 ,
       -0.03717464,  0.11788552, -0.0389854 ,  0.51369638,  0.07046433,
       -0.50162714, -0.45869735, -0.39461467,  0.28681964, -0.30715552])

========================================================

Final result:
0.511164972953
-0.476055601181
-0.468661016438
0.144517214889
0.144517214889
0.144517214889
-0.364137609078
0.245243503782
-0.0371746383815
0.117885517187
-0.0389854025857
0.513696384668
0.0704643250121
0.0704643250121
-0.501627141195
-0.458697350481
0.38286808606
-0.394614668476
0.286819644849
-0.30715551609
0.138316846572
0.138316846572
0.138316846572
