workdir/charges/THR.filelist
6.54939961486
6.54939961486
6.5493994443
6.5493993852
6.54939958111
6.54939947393
6.54939950156
6.54939937819
6.54939940031
6.54939955877
6.54939906571
6.54939956082
6.54939975952
6.54939951669
6.5493989316
6.54940019475
6.54939993249
6.54940004541
6.54939967995
8819.46265058
1153.44545324
237.129252726
50.4216028603
9.52148204326
3.54307166153
3.54307166153
3.54307138594
3.5430713572
3.54307160736
3.54307216008
3.54307218135
3.54307198031
3.54307200239
3.54307188224
3.54307186065
3.54307196978
3.54307180137
3.54307175966
3.54307187039
3.543072025
3.54307177417
3.54307178152
3.54307168379
12145.5233487
1213.2237354
125.933440387
17.2853701434
3.69209668337
3.21873538324
3.21873538324
3.21873512496
3.21873506415
3.21873533261
3.21873561186
3.21873567038
3.21873545246
3.21873542438
3.21873541285
3.2187353676
3.21873552786
3.21873521533
3.21873541569
3.21873539771
3.21873473561
3.2187354546
3.21873543552
3.21873539685
5359.73731875
534.335947445
86.1085919034
14.5948584351
3.18345972719
2.64998593945
2.64998593945
2.64998590191
2.64998595714
2.64998593134
2.64998613818
2.64998610111
2.64998613518
2.64998616389
2.64998607468
2.64998617051
2.6499862523
2.64998588007
2.64998597789
2.64998626262
2.64998562046
2.6499858568
2.6499857687
2.64998592031
541.809674496
59.4532711803
8.50482358977
2.48084843367
2.48084843367
2.48084832123
2.48084831421
2.48084841184
2.48084872399
2.48084874706
2.48084865064
2.48084859952
2.48084849938
2.48084881092
2.48084850617
2.48084834815
2.48084850672
2.48084898757
2.48084807248
2.48084817674
2.48084799276
2.48084837735
526.942180679
52.1650539138
5.33653046109
2.40591992989
2.40591992989
2.40591988649
2.40591995086
2.40591992169
2.40592027506
2.40592026102
2.40592021695
2.40592023483
2.40591999944
2.40592035815
2.40591996112
2.40591982102
2.40592003288
2.40592049505
2.40591947768
2.40591973201
2.40591959598
2.40591988684
117.311508853
11.2685592727
2.45039099139
2.27937360367
2.27937360367
2.27937357413
2.27937360737
2.2793735978
2.27937393731
2.27937395107
2.27937390071
2.27937388104
2.27937368815
2.2793741072
2.2793736779
2.27937348564
2.27937371502
2.27937427848
2.27937310551
2.27937339449
2.27937325761
2.27937355946
47.025760933
4.75873825318
2.22024999386
2.22024999386
2.22024997785
2.22025000884
2.22024999063
2.22025033024
2.22025033952
2.22025030218
2.22025027803
2.22025008481
2.22025052567
2.22025007278
2.22024987133
2.22025012137
2.22025063114
2.22024947492
2.22024972892
2.22024963548
2.22024993833
4.91910178724
1.67777883378
1.67777883378
1.67777895294
1.6777789349
1.67777885661
1.677778775
1.67777877837
1.67777885317
1.67777885997
1.67777880132
1.67777897626
1.67777876181
1.67777872711
1.67777888831
1.67777904156
1.677778465
1.67777868532
1.67777861739
1.67777880208
31.5410775566
3.71461379555
1.54784679762
1.54784679762
1.54784696856
1.5478469803
1.54784683187
1.54784660668
1.54784659156
1.54784667477
1.54784664379
1.54784670207
1.54784675747
1.54784667357
1.54784670967
1.54784676904
1.54784677262
1.54784654144
1.54784671002
1.5478466712
1.54784677924
42.4430656851
4.24643944715
1.53362647432
1.53362647432
1.53362661744
1.53362664202
1.53362650203
1.53362621964
1.53362616689
1.5336263196
1.53362631245
1.53362635988
1.53362639658
1.53362632294
1.53362639658
1.53362641827
1.53362637751
1.53362626943
1.53362640525
1.53362639852
1.53362646032
6.67292692648
1.56021103549
1.44982949994
1.44982949994
1.44982964845
1.44982966366
1.44982952785
1.44982916243
1.44982914268
1.4498292756
1.44982928167
1.44982936771
1.44982929764
1.44982933267
1.44982945506
1.44982941506
1.44982925883
1.44982942994
1.44982948597
1.44982951323
1.44982949713
3.85916575641
1.40740440881
1.40740440881
1.40740448072
1.40740451745
1.40740442176
1.40740417165
1.4074041486
1.40740423885
1.40740423778
1.40740432519
1.40740422312
1.40740430011
1.40740440451
1.40740436566
1.40740418521
1.40740445586
1.40740443851
1.4074044725
1.40740441485
4.46306232103
1.33317270609
1.33317270609
1.33317260539
1.33317258903
1.33317268566
1.33317285909
1.33317286931
1.33317279506
1.33317280462
1.33317278663
1.33317272144
1.33317281668
1.33317280474
1.33317272869
1.33317269221
1.3331730182
1.3331728064
1.33317283653
1.33317272672
1.43966456091
1.28792254803
1.28792254803
1.28792246992
1.28792245886
1.28792253203
1.28792267452
1.28792267953
1.28792262002
1.28792262561
1.28792260508
1.28792257092
1.28792263017
1.287922602
1.28792256681
1.28792256885
1.28792271052
1.28792260083
1.28792262127
1.28792255828
1.88507764081
1.24756010952
1.24756010952
1.24756009289
1.24756009875
1.24756010549
1.24756012603
1.24756013181
1.24756011647
1.24756011509
1.24756010496
1.24756012379
1.24756011419
1.24756008282
1.24756010952
1.24756013824
1.24756001623
1.24756009316
1.24756007675
1.24756010522
1.23628780205
1.23628780205
1.23628781627
1.23628782209
1.23628780396
1.23628779869
1.23628779457
1.23628780976
1.23628781784
1.23628780977
1.23628781128
1.23628780492
1.23628782831
1.23628780501
1.23628780779
1.23628789757
1.23628780372
1.23628780938
1.23628780188
1.23514592271
1.23514592271
1.23514591706
1.23514591665
1.2351459208
1.23514590522
1.2351459092
1.23514590407
1.23514590376
1.23514591012
1.23514589924
1.23514591518
1.23514590796
1.23514591688
1.23514589897
1.2351458797
1.23514592778
1.2351459282
1.23514592313
1.23636613756
1.23531783834
1.23531783834
1.23531783358
1.23531783696
1.23531783659
1.23531783725
1.23531783859
1.2353178361
1.23531783833
1.2353178363
1.23531783385
1.23531784082
1.2353178364
1.23531783655
1.2353178357
1.23531783556
1.23531783953
1.23531783788
1.23531783791
1.23508658469
1.23508658469
1.23508658039
1.23508658349
1.23508658303
1.235086585
1.2350865866
1.23508658398
1.23508658634
1.23508658319
1.2350865825
1.23508658638
1.23508658377
1.23508658387
1.23508658415
1.23508658536
1.23508658561
1.23508658453
1.23508658422
1.23504159139
1.23504159139
1.23504158799
1.23504159145
1.2350415899
1.23504159057
1.23504159169
1.23504159029
1.23504159294
1.23504159013
1.23504158867
1.23504159392
1.23504159109
1.23504159022
1.23504159034
1.23504159418
1.23504159225
1.23504159102
1.2350415909
1.23509345473
     fun: 1.2743106034981162
     jac: array([ 0.03047536,  0.03861104,  0.00555612, -0.02211531, -0.0341557 ,
        0.00183119,  0.01121655,  0.01258123,  0.00438075,  0.02369522,
        0.02247834, -0.00248733,  0.00490063,  0.07427876, -0.00534599,
       -0.00660262, -0.00090897])
 message: 'Optimization terminated successfully.'
    nfev: 438
     nit: 21
    njev: 21
  status: 0
 success: True
       x: array([ 0.51737903, -0.48095305, -0.470154  , -0.36857094,  0.24636624,
       -0.02760852,  0.11212943,  0.13881769,  0.5002078 ,  0.04677792,
       -0.44125358, -0.54465505, -0.45281897,  0.13325241, -0.38648755,
        0.28380187, -0.31066256])

========================================================

Final result:
0.517379033142
-0.480953047546
-0.470154000848
0.144576005084
0.144576005084
0.144576005084
-0.36857094498
0.246366235806
-0.0276085236298
0.112129426938
0.138817685256
0.500207803886
0.0467779186576
-0.441253582793
-0.544655053924
-0.452818974584
0.133252406142
0.133252406142
0.133252406142
0.390850790941
-0.386487552783
0.283801868259
-0.310662555197
0.137782746574
0.137782746574
0.137782746574
