workdir/charges/ASN.filelist
8.52906347645
8.52906347645
8.52906333042
8.52906322425
8.52906344804
8.52906283826
8.52906291157
8.52906275146
8.52906272178
8.5290629619
8.52906248505
8.52906250475
8.52906308854
8.52906239175
8.52906295053
8.52906337459
8.52906374016
8.52906381195
8.52906353005
33943.15208
3388.31346202
565.596573686
114.627339107
22.232485602
5.68280661344
5.68280661344
5.68280636411
5.6828062852
5.68280656538
5.68280723294
5.68280730539
5.68280703575
5.68280704978
5.68280697824
5.68280686078
5.68280746349
5.68280674184
5.68280679135
5.6828066318
5.68280665822
5.6828068026
5.68280686785
5.68280665228
3796.61887165
472.377625808
88.0058712978
16.3760112961
4.3448862497
4.3448862497
4.34488633434
4.34488644214
4.34488626586
4.34488694819
4.34488687227
4.34488699204
4.3448870836
4.34488680837
4.34488711421
4.3448874174
4.34488654653
4.34488719806
4.34488652291
4.34488633542
4.3448860881
4.34488600537
4.34488621479
539.003920608
53.1346028542
6.11033963807
4.22106321839
4.22106321839
4.22106324875
4.22106333
4.2210632239
4.22106399119
4.2210639374
4.22106400424
4.22106408935
4.22106377598
4.22106414684
4.22106431327
4.22106356846
4.22106423439
4.2210636159
4.22106331855
4.22106303116
4.22106294581
4.22106317816
270.195550074
26.6737404583
4.59710483634
4.15524932734
4.15524932734
4.15524939149
4.15524948139
4.15524933933
4.15525008283
4.15525002368
4.15525012136
4.15525021397
4.15524991903
4.15525025276
4.15525050338
4.15524972058
4.15525033138
4.15524979676
4.15524943998
4.15524916476
4.15524909195
4.1552492925
185.89960498
18.3252603012
4.21486624134
4.07762066567
4.07762066567
4.07762071274
4.07762077012
4.0776206744
4.07762141786
4.07762138821
4.07762144894
4.07762148902
4.07762126852
4.07762162137
4.07762189385
4.07762105139
4.07762173385
4.07762110917
4.07762077625
4.07762047231
4.07762037596
4.07762062458
214.178767257
20.9680428602
4.17824760082
3.97313413364
3.97313413364
3.97313420647
3.97313429124
3.97313414765
3.97313491877
3.97313487956
3.97313494609
3.97313499843
3.9731347322
3.97313512653
3.97313532918
3.97313451619
3.97313522457
3.97313457569
3.97313424254
3.97313396773
3.973133898
3.97313409921
38.9287975216
4.94633683874
3.76835086936
3.76835086936
3.76835094126
3.76835103656
3.7683508834
3.76835163975
3.76835158316
3.76835166068
3.76835169639
3.76835145126
3.76835185123
3.76835202863
3.76835124515
3.76835188086
3.76835130957
3.7683509767
3.76835065097
3.76835062089
3.76835082441
34.7730970413
5.16667845371
3.30958302151
3.30958302151
3.30958305357
3.30958314518
3.30958302608
3.3095835808
3.30958348381
3.30958365301
3.30958369916
3.30958347554
3.30958385755
3.30958391173
3.30958332208
3.30958388109
3.30958338604
3.30958310556
3.30958283822
3.30958283423
3.30958298501
74.0125308425
11.2954661626
2.41600813518
2.41600813518
2.41600821482
2.41600824948
2.41600815076
2.41600766389
2.41600761913
2.41600772057
2.41600767846
2.41600780159
2.41600775916
2.41600740637
2.41600798046
2.41600777461
2.41600805611
2.41600808375
2.41600810136
2.41600807953
2.41600812801
15.216837963
2.65676274259
2.33475785792
2.33475785792
2.3347579526
2.33475793805
2.3347578761
2.33475729578
2.33475728921
2.33475737213
2.33475733635
2.3347574718
2.33475740324
2.33475702184
2.33475766984
2.33475739803
2.33475773594
2.33475779908
2.33475783345
2.33475783232
2.33475785295
7.00235814035
2.18432902445
2.18432902445
2.18432902408
2.18432902222
2.18432902367
2.18432852172
2.18432853473
2.18432854248
2.18432850236
2.18432865987
2.1843285052
2.18432825192
2.184328836
2.1843284856
2.18432883315
2.18432898213
2.18432906987
2.1843290963
2.18432903347
3.81844826639
1.83320344495
1.83320344495
1.8332033492
1.83320331368
1.83320342589
1.83320348182
1.83320352674
1.83320341839
1.83320341245
1.83320344275
1.83320333759
1.83320347082
1.83320341883
1.83320330309
1.83320337798
1.83320344603
1.83320353883
1.83320357188
1.83320346382
2.18341928145
1.77154781573
1.77154781573
1.77154777006
1.77154774963
1.77154780661
1.77154789785
1.7715479136
1.77154786089
1.77154786699
1.77154786071
1.77154781929
1.77154792602
1.77154782603
1.77154781095
1.77154779359
1.77154782788
1.77154785686
1.77154787034
1.77154782343
2.36969377616
1.73996649461
1.73996649461
1.73996649979
1.73996650989
1.73996649511
1.73996655498
1.73996655565
1.7399665603
1.73996657656
1.73996654596
1.73996656668
1.73996660363
1.73996651843
1.73996657763
1.73996650991
1.73996650694
1.73996648205
1.73996647229
1.73996649108
1.72432042943
1.71974811499
1.71974811499
1.71974811548
1.71974811859
1.7197481147
1.71974813634
1.71974813713
1.71974813795
1.71974814363
1.71974813285
1.71974814382
1.71974815077
1.71974812532
1.71974814563
1.71974812666
1.71974812256
1.71974811048
1.71974810493
1.71974811341
1.80885815971
1.7165397812
1.7165397812
1.71653977989
1.71653978189
1.71653978055
1.71653979334
1.71653979485
1.71653979357
1.71653979785
1.71653979122
1.71653979695
1.71653980093
1.71653978706
1.71653979907
1.71653979016
1.71653978696
1.71653977809
1.71653977634
1.7165397799
1.71555309612
1.7157824794
1.7157824794
1.71578247871
1.71578248074
1.71578247887
1.71578247794
1.71578247922
1.71578247849
1.71578248295
1.71578247974
1.71578247845
1.71578248082
1.71578247765
1.71578248063
1.71578247758
1.71578248309
1.71578247914
1.71578247684
1.71578247865
1.71652858957
1.71652858957
1.71652858674
1.71652858753
1.71652858863
1.71652858789
1.71652859046
1.71652858695
1.71652859069
1.71652858877
1.71652858558
1.71652858832
1.71652858776
1.71652858707
1.71652858794
1.71652859344
1.71652859103
1.71652858957
1.71652858918
1.71596170046
1.71596170046
1.71596169808
1.71596169926
1.71596169961
1.71596169962
1.71596170174
1.71596169903
1.71596170295
1.71596170066
1.71596169803
1.71596170163
1.71596169884
1.71596169941
1.71596169862
1.71596170433
1.71596170156
1.71596170017
1.71596170001
1.71621731643
     fun: 1.767183806587059
     jac: array([-0.0038771 , -0.00259556, -0.00102632,  0.01596534,  0.01472744,
        0.01502734,  0.01182251,  0.01670785,  0.01635103,  0.03995451,
        0.00590408,  0.00599115, -0.004473  ,  0.00076987,  0.00281724,
        0.01400764,  0.00133717])
 message: 'Optimization terminated successfully.'
    nfev: 417
     nit: 20
    njev: 20
  status: 0
 success: True
       x: array([ 0.47742571, -0.4442918 , -0.48611159, -0.34963776,  0.23357797,
       -0.00138937,  0.09548251, -0.32927966,  0.49893213,  0.13167887,
        0.47051398, -0.44949364, -0.41948632, -0.66544772, -0.39539034,
        0.28856981, -0.31086814])

========================================================

Final result:
0.477425706566
-0.444291797992
-0.486111593552
0.150992561659
0.150992561659
0.150992561659
-0.349637761048
0.233577968562
-0.00138937413816
0.0954825054069
-0.329279657794
0.498932133628
0.131678869337
0.131678869337
0.470513984713
-0.449493642212
-0.419486316917
-0.665447718029
0.326435069577
0.326435069577
-0.395390339507
0.28856981222
-0.310868139461
0.139229555583
0.139229555583
0.139229555583
