charges/GLU_neutral_methyl.filelist
11.2885879593
11.2885879593
11.2885875809
11.288587463
11.288587887
11.2885887836
11.2885888941
11.2885885133
11.2885884777
11.2885884799
11.2885882964
11.2885889818
11.2885884702
11.2885882714
11.2885890361
11.2885883802
11.2885887572
11.288588127
54418.033576
5436.50424386
545.264362887
84.6869788632
14.9637179521
9.62892156512
9.62892156512
9.62892121361
9.62892114338
9.62892149795
9.62892194128
9.62892199916
9.62892167309
9.62892161511
9.62892150108
9.62892163865
9.62892140247
9.62892137815
9.62892164741
9.62892124261
9.62892117456
9.62892067485
9.62892160039
8356.23445657
878.1642858
175.393731525
35.573425219
6.62208464112
6.62208464112
6.62208475808
6.62208486771
6.62208466294
6.62208398171
6.62208385522
6.62208411026
6.62208412426
6.62208407791
6.62208428591
6.62208343961
6.62208415624
6.62208425628
6.62208367058
6.62208426074
6.62208396955
6.6220844854
1039.23433345
102.560884934
11.3255063047
6.40254226655
6.40254226655
6.40254249713
6.40254266156
6.40254231043
6.40254154819
6.40254138317
6.40254174392
6.40254179189
6.40254171692
6.40254193816
6.4025411435
6.40254173225
6.40254193936
6.4025411723
6.40254180331
6.40254140744
6.40254211005
143.85673909
14.8760053597
6.34005010158
6.34005010158
6.34005031793
6.34005042803
6.34005014277
6.34004933773
6.34004921897
6.34004953181
6.34004951929
6.34004956341
6.34004974909
6.34004905786
6.34004955982
6.34004976487
6.3400489757
6.34004963438
6.34004923549
6.34004992554
164.566076055
16.4055176864
6.2199626472
6.2199626472
6.21996290959
6.21996302664
6.21996269781
6.21996188895
6.21996178011
6.2199620809
6.21996207617
6.21996209523
6.21996229924
6.2199615163
6.21996215086
6.21996232193
6.21996169897
6.21996215987
6.21996169699
6.21996247073
286.298610055
27.8834170525
6.21528200913
6.02456468904
6.02456468904
6.02456496746
6.02456508279
6.02456474332
6.0245639573
6.02456386309
6.02456412959
6.02456411408
6.02456413085
6.02456435191
6.02456355727
6.02456416198
6.02456438402
6.02456363256
6.02456421441
6.02456379355
6.02456451456
70.2970912283
7.95005182835
5.62509115119
5.62509115119
5.62509143489
5.62509153176
5.62509120627
5.62509045404
5.62509037222
5.62509062623
5.62509064411
5.62509063587
5.62509078892
5.62509011772
5.62509065539
5.6250907313
5.6250901579
5.6250906931
5.62509027858
5.62509101758
180.318265507
16.4463818015
5.03942800368
5.03942800368
5.03942824589
5.03942825371
5.03942804904
5.03942739823
5.03942735696
5.03942759514
5.03942762954
5.03942759983
5.03942776855
5.0394271856
5.03942761764
5.03942781832
5.03942723424
5.03942764872
5.03942733154
5.03942788366
19.4337197007
3.86053575697
3.86053575697
3.86053563199
3.86053554791
3.86053573335
3.86053635486
3.86053645021
3.86053624494
3.86053624746
3.86053628183
3.86053607786
3.86053685701
3.86053625017
3.86053609511
3.86053675205
3.86053620727
3.86053662824
3.86053590169
3.62829557352
3.62829557352
3.62829552933
3.62829554595
3.62829556529
3.62829554234
3.62829551695
3.62829551393
3.62829549186
3.62829548226
3.62829555009
3.62829538527
3.62829546846
3.62829552406
3.62829537969
3.62829544645
3.62829534545
3.62829560537
19.9652187707
3.67715196523
3.45411227246
3.45411227246
3.4541122499
3.45411227721
3.45411226852
3.45411214658
3.45411210404
3.45411213233
3.45411212099
3.45411209358
3.45411218344
3.45411190084
3.45411208325
3.45411216797
3.45411191123
3.4541120679
3.45411189831
3.45411224709
3.49502048628
3.18059449499
3.18059449499
3.18059450973
3.18059455845
3.18059449773
3.18059428938
3.18059424671
3.18059431337
3.1805943099
3.18059429137
3.18059438024
3.18059407288
3.18059429773
3.18059436846
3.1805941121
3.18059430653
3.1805941511
3.18059445372
3.17130997241
2.97223818253
2.97223818253
2.97223820375
2.97223822395
2.97223818698
2.97223810065
2.97223807262
2.97223811713
2.97223811867
2.97223811968
2.9722381412
2.97223805646
2.97223813043
2.97223813799
2.97223808885
2.97223814382
2.97223813142
2.97223816569
3.28880734593
2.95312376056
2.95312376056
2.95312376403
2.95312377138
2.95312376145
2.95312375853
2.95312375213
2.95312376058
2.9531237642
2.9531237659
2.95312376187
2.95312377815
2.95312376775
2.95312376372
2.95312378726
2.95312376872
2.95312379835
2.95312376083
2.94175196615
2.94645240323
2.94645240323
2.94645239799
2.94645240421
2.94645240246
2.94645240334
2.94645239719
2.94645239831
2.94645240008
2.94645239619
2.94645240192
2.94645239506
2.94645239218
2.9464524039
2.94645239327
2.94645238691
2.94645238765
2.94645240299
2.94820227164
2.94709488518
2.94709488518
2.9470948772
2.9470948828
2.94709488387
2.94709489431
2.94709488855
2.94709488806
2.94709488984
2.9470948876
2.94709488846
2.94709489557
2.94709488578
2.94709488877
2.94709489841
2.94709488301
2.94709489948
2.94709488828
2.94793222493
2.94793222493
2.94793221848
2.94793222442
2.94793222393
2.94793223228
2.94793222629
2.9479322267
2.94793222817
2.9479322263
2.94793222812
2.94793223385
2.94793222372
2.94793222893
2.94793223468
2.94793221987
2.94793223278
2.94793222809
2.94747178071
2.94747178071
2.94747177365
2.94747177936
2.94747177959
2.94747178848
2.9474717826
2.94747178264
2.94747178424
2.94747178216
2.94747178371
2.94747178943
2.94747177998
2.94747178424
2.94747179134
2.9474717767
2.94747179104
2.9474717838
2.94753895495
2.94750541045
     fun: 3.1307684556081363
     jac: array([  9.80526209e-04,  -2.65580416e-03,   2.20358372e-04,
        -6.58395886e-03,  -4.77612019e-03,  -6.37906790e-03,
        -6.62347674e-03,  -7.29900599e-03,  -5.17380238e-03,
        -1.77518427e-02,  -5.14808297e-03,  -6.46445155e-03,
        -1.13090575e-02,  -2.36976147e-03,  -1.98060274e-03,
         6.70552254e-05])
 message: 'Optimization terminated successfully.'
    nfev: 375
     nit: 19
    njev: 19
  status: 0
 success: True
       x: array([ 0.60590989, -0.51415871, -0.50608417, -0.50033031,  0.31799537,
       -0.01596326,  0.14590582, -0.21809682,  0.51390614,  0.10240372,
       -0.23996954, -0.4780369 ,  0.05761749,  0.71861278, -0.72006916,
       -0.50618466])

========================================================

Final result:
0.605909892237
-0.514158711876
-0.506084165458
0.138110995032
0.138110995032
0.138110995032
-0.500330313611
0.31799537087
-0.0159632629863
0.145905822938
-0.218096817703
0.513906144848
0.102403722869
0.102403722869
-0.239969537733
-0.478036899591
0.0576174907274
0.0576174907274
0.718612778684
-0.720069155357
-0.720069155357
-0.506184657168
0.382257254975
