charges/GLU_methyl_charged.filelist
10.5809732541
10.5809732541
10.5809750717
10.5809738221
10.5809735583
10.5809735865
10.5809734323
10.5809733985
10.5809735228
10.5809734114
10.5809733641
10.5809736302
10.5809732867
10.5809734457
10.5809734394
10.5809732918
41680.3819452
4163.72176998
476.723270491
69.6246272025
12.6647447766
9.42624848035
9.42624848035
9.42624856528
9.42624849091
9.42624832096
9.42624834888
9.42624833286
9.42624810736
9.42624812274
9.42624841908
9.42624804702
9.42624838957
9.42624846448
9.42624870913
9.42624873957
9.4262485257
5088.59430037
510.946238868
81.954232577
14.1918752864
7.86427791223
7.86427791223
7.86427746309
7.86427779576
7.86427782567
7.86427784228
7.86427787557
7.86427777376
7.86427785887
7.86427789424
7.86427782185
7.86427788296
7.86427790841
7.86427795344
7.86427791969
7.86427791932
539.630740938
53.6290137863
8.95946679047
7.80066764193
7.80066764193
7.80066721598
7.8006675301
7.80066754666
7.80066755033
7.80066757928
7.80066751986
7.80066753473
7.80066758594
7.80066758236
7.80066751044
7.80066762817
7.80066765035
7.80066759931
7.80066764215
109.352878141
12.2077373971
7.64858481795
7.64858481795
7.64858434203
7.64858469232
7.64858472058
7.64858472936
7.648584731
7.6485847204
7.64858460564
7.64858479151
7.64858475923
7.64858479768
7.64858481128
7.64858478988
7.64858475834
7.64858481091
337.480948119
33.0943805734
7.66205256858
7.46663189284
7.46663189284
7.46663137881
7.46663175644
7.4666317928
7.46663178226
7.466631822
7.46663180284
7.46663175408
7.46663184584
7.46663180574
7.46663179534
7.46663188069
7.4666318692
7.46663187813
7.4666318875
16.0388485534
7.32815099461
7.32815099461
7.32815053689
7.32815086609
7.32815087017
7.32815081052
7.32815093627
7.3281508852
7.3281509041
7.32815096104
7.32815089496
7.32815093184
7.32815098638
7.3281509345
7.32815092467
7.32815098119
83.2582575088
7.96242372379
6.71180894153
6.71180894153
6.71180853309
6.7118088337
6.71180886
6.7118088472
6.71180889428
6.71180886296
6.71180885985
6.71180890841
6.71180886076
6.7118088727
6.71180893258
6.71180889201
6.71180888539
6.71180893016
49.3709947738
7.4710924387
6.59156497927
6.59156497927
6.59156459046
6.59156487579
6.59156489692
6.59156487094
6.59156493349
6.59156491038
6.59156490138
6.59156494863
6.59156492629
6.59156491689
6.5915649709
6.59156494407
6.59156493583
6.59156497119
6.61442583387
6.61442583387
6.61442608722
6.61442593365
6.61442589594
6.61442589464
6.61442587105
6.61442588138
6.61442589663
6.61442585819
6.61442588264
6.6144258871
6.61442583738
6.61442584878
6.61442584503
6.61442583612
6.60073134367
6.60073134367
6.60073133365
6.60073136027
6.60073134626
6.60073134313
6.60073134324
6.60073133433
6.60073133863
6.60073134222
6.60073134112
6.60073134259
6.6007313404
6.60073134881
6.60073134829
6.60073134387
6.61912738876
6.59626249265
6.59626249265
6.59626242203
6.59626249032
6.59626248195
6.59626247712
6.59626248384
6.59626247256
6.59626247285
6.59626248562
6.59626247874
6.5962624793
6.59626248868
6.59626249564
6.59626249294
6.59626249244
6.58947124012
6.59301226062
6.59301226062
6.59301220821
6.59301226415
6.5930122544
6.59301224926
6.59301225501
6.59301224551
6.59301224691
6.5930122558
6.5930122522
6.59301225173
6.59301225751
6.59301226273
6.59301226005
6.59301226023
6.58904410094
6.59050315367
6.59050315367
6.59050314224
6.59050317018
6.59050315722
6.59050315184
6.59050315464
6.59050314887
6.5905031523
6.59050315333
6.59050315511
6.59050315443
6.59050315151
6.59050315604
6.59050315251
6.59050315334
6.59004383599
6.59004383599
6.59004382455
6.59004385241
6.59004383905
6.59004383386
6.59004383642
6.59004383013
6.59004383336
6.59004383532
6.59004383604
6.59004383606
6.59004383376
6.59004383911
6.59004383579
6.59004383581
6.59011142883
6.59011142883
6.59011141695
6.59011144513
6.5901114319
6.59011142669
6.59011142931
6.59011142309
6.59011142635
6.59011142819
6.59011142907
6.59011142895
6.5901114266
6.5901114318
6.59011142845
6.59011142862
6.59017535498
     fun: 7.011782503840804
     jac: array([-0.01451361, -0.00540441, -0.00725847, -0.00595528, -0.00612998,
       -0.0119583 , -0.01416743, -0.00376803, -0.01440006, -0.00863612,
       -0.0009973 ,  0.00545561,  0.00742644,  0.00195736])
 message: 'Optimization terminated successfully.'
    nfev: 282
     nit: 16
    njev: 16
  status: 0
 success: True
       x: array([ 0.44692279, -0.89127744, -0.17393886,  0.24674822, -0.30625582,
        0.58780182,  0.17865591, -0.37772303, -0.43389109,  0.13851823,
        0.56153805, -0.48299139,  0.31227567, -0.30594075])

========================================================

Final result:
0.446922793766
0.446922793766
-0.891277442339
0.446922793766
-0.173938864031
0.246748224504
-0.306255820348
0.58780182391
0.178655911364
0.178655911364
-0.377723026841
-0.433891094934
0.138518234366
0.138518234366
0.561538047339
-0.594059260007
-0.594059260007
-0.482991386578
0.312275674982
-0.305940747181
0.158885486259
0.158885486259
0.158885486259
