charges/TYR_methyl_charged.filelist
11.1398277787
11.1398277787
11.139826073
11.1398271662
11.1398269614
11.1398269782
11.1398270086
11.139826694
11.1398261397
11.1398271714
11.1398266469
11.1398267161
11.1398265954
11.1398270266
11.1398271413
11.1398274865
11.1398276372
11.1398280659
11.1398280923
11.1398278358
125690.005046
12563.7988152
1251.21048375
187.816549292
30.1199290922
9.84392859832
9.84392859832
9.84393066357
9.84392922236
9.84392893029
9.84392893351
9.84392888974
9.84392869123
9.84392918206
9.84392883313
9.84392868029
9.843929006
9.84392907828
9.84392884136
9.84392877708
9.84392867102
9.84392857107
9.84392890116
9.84392890003
9.84392865885
7558.75886725
749.774777931
133.285661791
24.2449041378
7.36882238155
7.36882238155
7.36882406651
7.36882295179
7.3688229758
7.36882295791
7.3688231355
7.36882285702
7.36882407167
7.36882302962
7.36882294406
7.36882355932
7.36882372823
7.36882320917
7.36882309464
7.3688226795
7.36882245355
7.36882254749
7.36882251411
7.36882241463
3922.2420111
389.046574319
57.6046322903
9.93041483881
6.43836085524
6.43836085524
6.43836312493
6.43836162356
6.43836166968
6.43836163375
6.43836172725
6.43836171008
6.43836276763
6.4383615518
6.43836190625
6.43836207662
6.43836226364
6.43836166658
6.43836152642
6.43836114071
6.43836091385
6.43836083266
6.438360701
6.43836084949
452.14056623
43.9164785343
7.13063771052
6.14651428546
6.14651428546
6.14651667532
6.14651510024
6.14651517132
6.1465151876
6.1465151703
6.14651522177
6.1465161596
6.1465150238
6.14651539961
6.14651561739
6.14651579787
6.14651522894
6.14651510324
6.14651463179
6.14651439032
6.14651425023
6.14651413239
6.1465142772
325.687072401
31.1243147509
6.32229689436
5.74269495159
5.74269495159
5.74269747681
5.74269582658
5.74269595915
5.74269601278
5.7426959463
5.74269601824
5.74269708216
5.74269574725
5.74269614014
5.74269634936
5.74269653502
5.74269590958
5.74269574904
5.74269530453
5.74269506415
5.74269492227
5.74269486074
5.74269494538
318.170508888
30.4229292491
5.83385668504
5.35936197846
5.35936197846
5.35936468835
5.35936290927
5.35936302085
5.35936301311
5.35936303429
5.35936312295
5.35936425516
5.3593628277
5.3593632291
5.35936347605
5.35936365313
5.35936303264
5.35936286847
5.35936237762
5.35936213006
5.35936186723
5.35936180273
5.35936195526
58.2173366953
6.72982352031
5.11848894543
5.11848894543
5.11849162394
5.1184898664
5.11848998521
5.11848995687
5.11848999065
5.11849012841
5.11849119001
5.11848978966
5.11849021986
5.11849044103
5.11849064575
5.11848998181
5.11848982181
5.11848932786
5.11848907138
5.11848882594
5.11848879545
5.11848892152
12.7682479975
3.6356375632
3.6356375632
3.63563774467
3.63563765026
3.63563775027
3.63563777892
3.6356377057
3.63563784974
3.63563783224
3.63563768453
3.63563781469
3.63563777255
3.63563781526
3.63563767966
3.63563760286
3.63563760877
3.63563758517
3.63563737316
3.63563735259
3.63563752339
132.922397244
14.3721397609
3.4879920812
3.24447523369
3.24447523369
3.24447453554
3.24447502258
3.24447510629
3.24447511185
3.2444750558
3.24447522587
3.24447482474
3.24447508502
3.24447520602
3.2444749596
3.24447492085
3.24447503763
3.24447502246
3.24447517752
3.24447526001
3.24447507554
3.24447506111
3.24447520124
41.0294645706
4.53797546457
3.11199183122
3.11199183122
3.11199073466
3.11199148572
3.11199156055
3.11199157596
3.11199150097
3.11199166532
3.11199109862
3.11199154735
3.11199161491
3.11199132187
3.11199127251
3.11199146966
3.11199152675
3.11199169958
3.11199180468
3.11199166582
3.11199166464
3.11199179698
14.5948026133
3.18610958626
3.01603111379
3.01603111379
3.01602992927
3.01603073445
3.01603078903
3.01603080205
3.01603073365
3.01603087699
3.01603026669
3.01603080155
3.01603082552
3.01603054951
3.01603045339
3.01603071841
3.0160307525
3.01603097163
3.01603106247
3.01603097079
3.01603098021
3.01603108407
10.0090632066
2.85633616567
2.85633616567
2.85633549094
2.85633593363
2.85633588471
2.85633589405
2.85633585615
2.85633584791
2.85633548675
2.85633590265
2.85633582901
2.85633569995
2.85633565965
2.85633583764
2.85633588628
2.85633604584
2.85633613288
2.85633616322
2.85633621185
2.85633616385
5.10097762749
2.65286252296
2.65286252296
2.6528627056
2.65286256825
2.65286248236
2.65286247463
2.65286248883
2.65286239794
2.65286245219
2.65286249098
2.65286239696
2.65286246912
2.65286247546
2.652862484
2.65286249824
2.65286250574
2.652862509
2.65286263078
2.65286264766
2.652862544
2.66179774382
2.55329348523
2.55329348523
2.5532933649
2.55329344986
2.55329345256
2.55329344763
2.55329348183
2.55329342626
2.55329349521
2.55329348264
2.5532934592
2.55329348531
2.55329349207
2.55329348908
2.55329349879
2.55329348497
2.55329347827
2.55329351794
2.55329351083
2.55329349092
2.56414698341
2.52018221773
2.52018221773
2.52018234121
2.52018226193
2.52018225742
2.52018225745
2.52018225305
2.52018225225
2.52018229123
2.52018224196
2.52018227181
2.5201822594
2.52018226897
2.52018224441
2.52018223835
2.52018222663
2.52018221305
2.52018222133
2.52018221172
2.52018221751
2.50323637271
2.51124649834
2.51124649834
2.5112465697
2.51124652519
2.51124652051
2.51124652078
2.51124651814
2.51124651288
2.51124653846
2.51124651171
2.51124652556
2.51124652117
2.51124652739
2.51124651182
2.51124650721
2.51124650243
2.51124649305
2.51124650264
2.51124649714
2.51124649827
2.51173387038
2.51036877232
2.51036877232
2.51036877067
2.51036877535
2.51036877281
2.51036877274
2.51036877423
2.51036876363
2.51036877608
2.51036877213
2.51036877395
2.51036877216
2.51036877571
2.51036877074
2.51036876863
2.51036877106
2.51036876552
2.5103687773
2.51036877349
2.51036877239
2.51023064657
2.51023064657
2.51023062523
2.51023064266
2.51023063869
2.51023063828
2.51023063806
2.51023063081
2.51023062738
2.51023063699
2.51023064272
2.51023062913
2.51023063101
2.51023063223
2.51023063192
2.51023064049
2.51023063831
2.51023064997
2.51023064518
2.51023064631
2.5104189543
2.5104189543
2.5104189409
2.51041895325
2.51041895008
2.51041895017
2.51041895011
2.51041894148
2.51041894446
2.51041894867
2.51041895214
2.51041894429
2.5104189467
2.51041894587
2.51041894503
2.5104189506
2.51041894715
2.51041895863
2.51041895505
2.51041895424
2.51028873041
2.51028873041
2.51028871968
2.51028873019
2.51028872679
2.5102887265
2.51028872716
2.51028871821
2.5102887228
2.5102887255
2.51028872919
2.51028872156
2.5102887243
2.51028872244
2.51028872128
2.51028872675
2.51028872295
2.51028873457
2.5102887305
2.51028873031
2.51035118405
2.51035118405
2.51035117109
2.51035118311
2.51035117978
2.51035117971
2.51035117988
2.5103511712
2.51035117429
2.51035117842
2.51035118214
2.51035117396
2.51035117649
2.51035117534
2.51035117438
2.51035118016
2.51035117663
2.51035118829
2.51035118432
2.51035118397
     fun: 2.6632812652019346
     jac: array([-0.01968595, -0.00628477, -0.00560251, -0.00159135, -0.00859961,
       -0.00745434, -0.02195507, -0.00552386, -0.00693136, -0.00900081,
       -0.00986534, -0.00560385, -0.00434384, -0.002083  , -0.00107151,
        0.00259927,  0.00149918,  0.00056982])
 message: 'Optimization terminated successfully.'
    nfev: 478
     nit: 22
    njev: 22
  status: 0
 success: True
       x: array([ 0.32102678, -0.45462624, -0.06341974,  0.18900965, -0.29459686,
        0.68192031,  0.17218103, -0.00826048, -0.48011288, -0.13333835,
        0.12768956, -0.19943664,  0.17696497,  0.21710505, -0.37032334,
       -0.49982117,  0.29192447, -0.29954392])

========================================================

Final result:
0.321026779084
0.321026779084
-0.454626242474
0.321026779084
-0.0634197441217
0.18900965474
-0.294596859766
0.681920312054
0.172181034844
0.172181034844
-0.00826047560097
-0.480112883203
-0.133338354979
-0.133338354979
0.127689561099
-0.199436638771
-0.199436638771
0.127689561099
0.176964973131
0.217105051022
0.176964973131
-0.370323339238
0.332103038686
-0.499821169764
0.291924466671
-0.299543918432
0.169146873842
0.169146873842
0.169146873842
