charges/ASN_methyl_charged.filelist
103.021846439
103.021846439
103.021849281
103.021847374
103.021847338
103.02184733
103.02184705
103.021847619
103.021847621
103.02184682
103.021847653
103.021846886
103.021846553
103.021846119
103.021846072
103.021846374
90132.0715454
8940.35520885
1234.76139195
218.257772831
64.6966075492
64.6966075492
64.6966063183
64.6966071863
64.6966074119
64.6966073588
64.6966073967
64.6966077235
64.6966071962
64.6966074626
64.6966077474
64.6966074694
64.6966075201
64.6966071417
64.69660712
64.6966074668
5243.74093219
608.191417737
101.142969513
46.2723321887
46.2723321887
46.2723300453
46.2723314976
46.2723315982
46.2723315612
46.2723316667
46.2723316699
46.2723310488
46.2723318772
46.2723315015
46.2723318515
46.2723321001
46.2723320463
46.2723321702
46.2723321603
1688.11806419
161.181327692
45.1438994891
45.1438994891
45.1438967972
45.1438986465
45.1438988704
45.1438988544
45.1438990911
45.1438988624
45.1438987591
45.1438992254
45.1438986661
45.1438991666
45.1438994058
45.1438994653
45.143899647
45.1438994856
237.504642393
37.9641373242
37.9641373242
37.9641347033
37.9641364516
37.9641364602
37.9641362289
37.964136833
37.9641364037
37.9641365096
37.9641369614
37.9641364097
37.9641368297
37.9641372152
37.9641373604
37.9641373576
37.9641373313
635.387568226
53.5699951725
31.476806565
31.476806565
31.476803687
31.4768056129
31.4768056481
31.47680549
31.4768060008
31.4768055328
31.4768055145
31.4768062414
31.4768055463
31.4768062113
31.4768064654
31.4768067143
31.4768067348
31.4768065955
348.602337403
37.9205413934
25.2842049734
25.2842049734
25.2842022356
25.2842040677
25.284204084
25.28420399
25.2842043995
25.2842038984
25.2842039278
25.2842045642
25.2842039363
25.2842044289
25.2842048552
25.2842052263
25.2842052304
25.2842050248
257.664198361
38.958653893
18.4939828731
18.4939828731
18.4939817174
18.4939824728
18.49398237
18.4939823928
18.4939825608
18.493982042
18.4939822914
18.4939826762
18.4939820069
18.4939826265
18.4939828203
18.493983143
18.4939831137
18.493982925
216.051295469
42.3959507932
14.7135419003
14.7135419003
14.7135442699
14.7135426379
14.7135423835
14.7135424772
14.7135422164
14.7135421749
14.7135424771
14.7135421148
14.7135421069
14.7135421523
14.7135419773
14.7135422037
14.7135422598
14.7135419618
35.1212703242
11.7189507719
11.7189507719
11.7189523392
11.7189513135
11.7189513771
11.7189515486
11.7189510989
11.7189514867
11.7189512927
11.7189510117
11.71895146
11.7189510824
11.7189508537
11.7189506238
11.7189506323
11.7189507413
19.124626857
10.0401028154
10.0401028154
10.0401032399
10.0401029685
10.0401030049
10.0401030036
10.0401029225
10.0401031195
10.0401030007
10.0401028816
10.0401029706
10.0401028896
10.0401028413
10.0401026446
10.0401027523
10.0401027809
8.39119469068
8.03332709028
8.03332709028
8.03332696955
8.03332706113
8.03332710294
8.03332702366
8.03332711579
8.03332723649
8.03332715658
8.03332710734
8.0333271826
8.03332710955
8.03332709786
8.03332692561
8.0333269687
8.03332705705
8.28648819339
7.34300710274
7.34300710274
7.34300666549
7.34300696772
7.34300699742
7.34300695901
7.3430070271
7.34300704206
7.34300694787
7.3430070601
7.34300696327
7.34300705167
7.34300709591
7.34300704636
7.34300711724
7.34300709143
7.03683539784
7.08884318994
7.08884318994
7.08884312041
7.08884317206
7.0888431751
7.08884314357
7.08884318526
7.08884320603
7.08884318825
7.08884318112
7.08884313503
7.08884316799
7.08884319295
7.08884313959
7.08884319193
7.0888431795
7.08864318049
7.06559579824
7.06559579824
7.06559582973
7.06559581299
7.0655958124
7.06559578726
7.06559580659
7.06559584797
7.06559580766
7.06559580762
7.06559578163
7.0655958065
7.06559580773
7.06559574459
7.06559579543
7.06559578711
7.04867308543
7.05545266551
7.05545266551
7.05545269316
7.05545268071
7.05545268731
7.055452668
7.0554526785
7.05545272437
7.05545268366
7.05545267785
7.05545265726
7.05545267801
7.05545267551
7.05545261313
7.05545266575
7.0554526547
7.06920442969
7.05811101847
7.05811101847
7.05811104628
7.0581110337
7.05811104006
7.05811102086
7.05811103001
7.05811107815
7.05811103353
7.05811102825
7.05811101176
7.05811102606
7.05811102794
7.05811096408
7.0581110157
7.05811100724
7.06675962087
7.06134322322
7.06134322322
7.06134325141
7.06134323869
7.06134324545
7.06134322684
7.0613432354
7.06134328308
7.06134323958
7.06134323361
7.06134321601
7.06134323175
7.06134323285
7.0613431684
7.06134322035
7.06134321189
7.06527287837
7.06229134868
7.06229134868
7.06229137853
7.06229136465
7.06229137116
7.06229135259
7.06229136086
7.06229140874
7.06229136481
7.06229135915
7.06229134142
7.0622913574
7.06229135834
7.0622912939
7.06229134587
7.06229133736
7.0635149405
7.06275598925
7.06275598925
7.06275602098
7.06275600581
7.06275601219
7.06275599363
7.0627560018
7.06275604974
7.0627560062
7.06275599987
7.06275598235
7.06275599807
7.06275599896
7.06275593457
7.06275598665
7.06275597795
     fun: 13.354147289417531
     jac: array([ -2.38602161e-02,  -7.61687756e-03,  -6.26969337e-03,
        -6.32810593e-03,  -4.98080254e-03,  -6.41226768e-03,
        -1.06751919e-02,  -2.57980824e-03,  -8.16071033e-03,
        -2.81167030e-03,  -5.48601151e-04,   7.71522522e-04,
         3.05020809e-03,   8.45193863e-05])
 message: 'Optimization terminated successfully.'
    nfev: 349
     nit: 20
    njev: 20
  status: 0
 success: True
       x: array([ 0.36699034, -0.49796184, -0.43163171,  0.46014847, -0.36452933,
       -1.2338456 ,  0.26071193,  0.4486485 ,  0.24893794, -0.36499623,
       -0.43421495,  1.05841504, -0.01590708, -0.33244677])

========================================================

Final result:
0.366990340706
0.366990340706
-0.497961839766
0.366990340706
-0.431631707434
0.460148467832
-0.364529331072
-1.23384560357
0.260711929556
0.260711929556
0.448648500884
0.248937939646
-0.364996226864
-0.434214948153
0.273524933633
0.273524933633
1.05841504128
-0.0159070837226
-0.33244676618
0.0966462695408
0.0966462695408
0.0966462695408
