charges/HID_charged_methyl.filelist
76.0117321064
76.0117321064
76.0117324298
76.0117324443
76.0117321672
76.0117318575
76.0117318424
76.0117321386
76.0117321562
76.0117322603
76.0117322908
76.0117324925
76.0117322819
76.0117325644
76.0117321427
76.0117324166
76.0117320176
76.0117321991
76.0117323724
76.0117325381
13140.4237907
1288.39041019
147.152759504
69.832442769
69.832442769
69.8324430867
69.8324430976
69.8324428288
69.8324419675
69.8324419362
69.8324422299
69.8324422466
69.832442396
69.832442315
69.8324420265
69.8324425575
69.8324419128
69.8324425561
69.8324427242
69.8324424378
69.832442732
69.8324428403
69.832442766
14212.91837
1368.9879046
227.402958527
43.5372933668
43.5372933668
43.5372931897
43.5372929556
43.5372933319
43.5372931693
43.5372933638
43.537293094
43.5372929596
43.5372930429
43.5372932767
43.5372926838
43.5372930463
43.537293319
43.5372932025
43.5372929456
43.5372932896
43.5372932282
43.5372930747
43.5372927962
2392.71203413
224.354344627
44.0765135807
38.5618967277
38.5618967277
38.561896498
38.5618962492
38.561896683
38.5618965958
38.5618967885
38.5618964357
38.5618963051
38.5618964368
38.5618964578
38.5618961411
38.5618964436
38.5618962245
38.5618965986
38.5618963366
38.5618966924
38.5618966049
38.5618964519
38.56189619
831.855897652
80.0664483553
36.3872124646
36.3872124646
36.3872122897
36.3872121395
36.3872124309
36.3872124039
36.3872125328
36.3872122365
36.3872122088
36.387212122
36.3872122182
36.387211682
36.3872121355
36.3872119826
36.3872123191
36.3872120162
36.3872124348
36.3872123247
36.3872121464
36.3872118514
100.07404046
28.3883381855
28.3883381855
28.3883378858
28.3883377434
28.3883381269
28.3883382639
28.3883383708
28.3883380488
28.3883380494
28.3883378788
28.3883379959
28.3883373711
28.3883379719
28.3883377946
28.3883380325
28.388338041
28.3883380185
28.3883381304
28.3883381449
28.3883380262
1244.30888468
104.59078366
16.0920429165
16.0920429165
16.0920427313
16.0920427389
16.0920428779
16.0920430817
16.0920430293
16.092043001
16.092043119
16.0920429195
16.0920428315
16.0920428284
16.0920429441
16.092042653
16.0920429992
16.092042912
16.092043075
16.0920429325
16.0920428894
16.0920429055
213.636024347
25.0934883422
12.1171867163
12.1171867163
12.1171866485
12.1171867545
12.1171867014
12.1171870731
12.1171869561
12.1171870113
12.117187158
12.1171869702
12.1171867682
12.1171872122
12.1171869302
12.117186676
12.1171868488
12.1171869494
12.1171868317
12.1171867918
12.1171868475
12.1171870327
163.810819874
21.7423447082
11.1199915887
11.1199915887
11.1199916597
11.1199917979
11.1199916014
11.119991902
11.1199917842
11.1199918823
11.1199920007
11.1199919008
11.1199916634
11.1199922098
11.1199919024
11.1199916095
11.1199918164
11.1199919515
11.1199918109
11.1199917323
11.1199918366
11.1199920563
50.9339542827
14.6487081
14.6487081
14.6487083923
14.6487084039
14.6487081539
14.6487079292
14.6487078947
14.6487081673
14.6487082486
14.6487082749
14.6487081944
14.6487085362
14.6487082671
14.6487083104
14.6487081559
14.6487083418
14.648708051
14.6487081879
14.6487083207
14.6487083967
33.3018298053
12.4742431932
12.4742431932
12.4742434526
12.4742433904
12.4742432415
12.474243046
12.4742430977
12.4742432328
12.4742432316
12.4742433264
12.4742433411
12.4742435624
12.4742432824
12.4742435679
12.4742432116
12.474243306
12.4742431677
12.4742432118
12.4742432551
12.4742433654
31.071423022
10.3562921316
10.3562921316
10.3562922534
10.3562921445
10.3562921546
10.3562920252
10.3562921382
10.3562920761
10.3562919971
10.3562921211
10.3562922064
10.3562921895
10.356292068
10.3562923809
10.3562920819
10.3562920223
10.3562920817
10.3562920942
10.3562920645
10.3562919651
15.1742221053
9.24818222939
9.24818222939
9.24818224611
9.24818211508
9.24818223167
9.24818225757
9.24818237803
9.24818221207
9.24818218595
9.24818219289
9.24818222353
9.24818214407
9.24818218631
9.24818225111
9.24818220188
9.24818218344
9.24818220262
9.24818221874
9.24818222348
9.24818215732
7.37246331226
7.34796885448
7.34796885448
7.34796887122
7.34796876904
7.34796885569
7.34796868854
7.34796876838
7.34796867583
7.34796867783
7.34796866583
7.34796867702
7.34796842271
7.34796871941
7.34796852628
7.34796877658
7.34796873722
7.34796878264
7.3479688197
7.3479688128
7.34796870159
10.0871276577
6.91329576819
6.91329576819
6.91329577661
6.91329567399
6.91329576737
6.91329581708
6.91329589849
6.91329582169
6.91329582637
6.9132957987
6.9132958543
6.9132958125
6.91329578969
6.91329598468
6.91329580173
6.91329577874
6.91329581938
6.91329578345
6.91329578821
6.91329576527
6.74730853822
6.61112651742
6.61112651742
6.61112657622
6.61112650131
6.61112652624
6.61112649103
6.61112654347
6.61112652278
6.61112654287
6.61112654007
6.61112651731
6.61112657143
6.61112653636
6.61112653653
6.61112653906
6.61112653674
6.61112654225
6.61112653117
6.61112654543
6.61112653273
6.36744530437
6.50831738351
6.50831738351
6.50831744793
6.50831738026
6.5083173935
6.50831736388
6.50831741344
6.50831739782
6.5083174201
6.50831740579
6.50831740177
6.50831742895
6.50831740389
6.50831744481
6.50831739857
6.5083174126
6.5083173911
6.50831739811
6.50831741952
6.50831741485
6.42380030044
6.47711534498
6.47711534498
6.47711540809
6.47711533904
6.47711535475
6.47711531948
6.47711537076
6.47711535225
6.47711537035
6.47711536114
6.47711536005
6.47711537932
6.47711535911
6.47711540231
6.47711535508
6.47711536901
6.47711534848
6.47711535696
6.47711537875
6.47711537153
6.44692213185
6.46610133559
6.46610133559
6.46610139837
6.4661013279
6.46610134533
6.4661013068
6.46610135969
6.46610133832
6.46610135347
6.46610134995
6.46610134636
6.46610136903
6.466101347
6.46610138459
6.46610134555
6.46610135294
6.46610134104
6.4661013456
6.46610136281
6.46610135223
6.49162159421
6.47316643434
6.47316643434
6.47316649864
6.47316642918
6.47316644438
6.47316640465
6.47316645701
6.47316643657
6.47316645254
6.47316644742
6.47316644459
6.47316646472
6.47316644443
6.47316648229
6.47316644365
6.4731664499
6.47316643952
6.47316644382
6.47316646044
6.47316644843
6.48812205096
6.47845419608
6.47845419608
6.4784542603
6.47845419042
6.47845420611
6.47845416552
6.47845421816
6.47845419722
6.47845421279
6.47845420855
6.47845420507
6.47845422535
6.47845420591
6.47845424142
6.47845420482
6.47845421199
6.47845420003
6.47845420565
6.4784542229
6.47845421066
6.47868933573
6.47857717155
6.47857717155
6.47857723573
6.47857716589
6.47857718157
6.4785771407
6.47857719333
6.4785771723
6.47857718793
6.47857718359
6.47857717995
6.47857719983
6.47857718108
6.47857721561
6.47857718005
6.47857718726
6.47857717522
6.47857718102
6.47857719826
6.47857718594
6.47846246919
6.47853539359
     fun: 13.4623617639386
     jac: array([-0.00210047, -0.0031991 , -0.0001905 ,  0.01349485,  0.01583219,
        0.01319826,  0.01246488,  0.01220691,  0.01500583,  0.02697027,
        0.00821769,  0.030334  ,  0.00632167,  0.00607097,  0.00696242,
        0.00337255,  0.00385189,  0.00601399])
 message: 'Optimization terminated successfully.'
    nfev: 473
     nit: 22
    njev: 22
  status: 0
 success: True
       x: array([-1.33933667,  0.08534197, -0.44813743,  1.01182714, -0.11632177,
        0.2413573 , -0.04285378, -0.3361105 ,  0.53923467,  0.01810937,
        0.08238624, -0.62893032, -0.06831521,  0.12219702,  0.23829144,
       -0.32177774, -0.39338787,  0.02338507])

========================================================

Final result:
-1.33933667224
0.0853419714197
-0.448137425036
0.234044041951
0.234044041951
0.234044041951
1.0118271376
-0.116321770859
0.241357299034
-0.0428537750879
-0.336110498061
0.539234670471
0.0181093702279
0.0181093702279
0.0823862422538
-0.628930323665
-0.068315212471
0.122197020932
0.238291436758
-0.32177774421
-0.393387866863
0.023385069357
0.24172989802
-0.628930323665
