workdir/charges/TRP.filelist
5.60768975676
5.60768975676
5.60768950884
5.60768939765
5.60768970828
5.60768922478
5.60768930403
5.60768907787
5.60768905191
5.60768918317
5.60768884635
5.60768860314
5.60768928739
5.6076887376
5.60768933314
5.60768937259
5.60768931157
5.60768942955
5.60768946932
5.60768938795
5.60768946751
5.60768959719
5.60768952464
5.60768930399
5.60768967004
5.60768963543
5.60768955698
5.60768997741
5.60769006175
5.60768980196
58720.6598999
5869.43173133
590.042151778
93.0485132257
15.090311504
4.94460342277
4.94460342277
4.94460313278
4.94460300902
4.94460336653
4.94460398044
4.94460408226
4.94460378182
4.94460373656
4.94460383759
4.94460356794
4.94460432921
4.94460378435
4.94460348175
4.94460383891
4.94460366676
4.94460393707
4.94460375294
4.94460364918
4.9446035888
4.9446037655
4.94460355223
4.94460350442
4.94460360477
4.94460354095
4.94460348416
4.94460346241
4.9446036505
4.94460372744
4.94460346988
4639.64069902
600.879761777
119.090375655
23.9451943089
4.60881983738
3.06200111962
3.06200111962
3.06200099274
3.06200098174
3.06200109501
3.06200204516
3.06200206626
3.06200194606
3.06200193935
3.06200188903
3.0620019065
3.06200279139
3.06200165972
3.06200191515
3.06200156641
3.06200150807
3.06200164915
3.0620013442
3.06200131823
3.06200154042
3.06200122484
3.06200116672
3.06200139706
3.06200169122
3.06200103647
3.0620012126
3.06200144024
3.06200115241
3.06200114525
3.06200112571
4675.55841536
466.221462082
68.5348703411
10.5932352106
2.86301017151
2.86301017151
2.86301023183
2.86301031291
2.86301018298
2.86301102235
2.86301096621
2.86301105293
2.86301109379
2.86301098876
2.86301110115
2.86301184057
2.8630108818
2.86301114576
2.86301095741
2.86301068826
2.86301110133
2.863010826
2.86301064729
2.86301056759
2.86301086035
2.86301046188
2.86301039046
2.86301062643
2.86301044208
2.86301032221
2.8630103152
2.86301008395
2.8630100329
2.86301015183
229.339495749
22.5455599688
3.25883705265
2.79444534064
2.79444534064
2.79444540555
2.79444547488
2.79444535292
2.79444618601
2.79444613967
2.79444622549
2.79444625267
2.79444617875
2.79444628494
2.79444706043
2.79444607678
2.79444634346
2.79444613128
2.79444590548
2.79444624708
2.7944460146
2.79444585163
2.79444580838
2.79444604556
2.79444565881
2.79444561968
2.79444588766
2.79444562759
2.79444551964
2.79444555385
2.79444525117
2.79444519225
2.79444532066
286.513107114
28.2905355134
3.59262792046
2.74062132761
2.74062132761
2.74062136528
2.74062142438
2.74062133469
2.74062223794
2.74062220487
2.74062225228
2.74062226731
2.74062216328
2.74062234302
2.74062301585
2.74062205807
2.74062242643
2.74062211417
2.74062188418
2.74062222572
2.7406220043
2.74062184164
2.74062177305
2.74062203805
2.74062165664
2.74062158133
2.74062184331
2.74062163996
2.74062150308
2.74062149588
2.74062122111
2.74062115013
2.74062130436
314.051013324
31.0056469009
3.71655513749
2.68076633565
2.68076633565
2.68076643028
2.68076651181
2.68076635386
2.68076723359
2.6807671904
2.68076727691
2.68076730627
2.68076720528
2.68076735865
2.68076811263
2.68076708989
2.68076743333
2.68076713229
2.68076691078
2.68076723767
2.68076701048
2.68076685695
2.68076679587
2.68076702694
2.68076666724
2.68076659168
2.6807668687
2.68076664233
2.68076651416
2.68076649183
2.68076627109
2.68076621942
2.68076632171
126.907163433
12.5325814813
2.75226569795
2.63667055807
2.63667055807
2.63667065078
2.63667070737
2.63667057585
2.63667144038
2.63667141746
2.63667148876
2.63667148808
2.63667143854
2.63667159685
2.6366723701
2.6366713243
2.63667168959
2.63667137169
2.63667113709
2.63667148836
2.63667123574
2.63667107648
2.63667101897
2.63667124502
2.6366708766
2.63667081563
2.63667108848
2.63667083509
2.63667073347
2.63667071808
2.63667046599
2.63667039933
2.63667053838
135.261949946
13.4155355852
2.77414681209
2.60557482262
2.60557482262
2.60557492115
2.60557499433
2.60557484154
2.60557572254
2.6055756884
2.60557576755
2.60557578487
2.60557569202
2.60557587203
2.60557658492
2.6055755885
2.60557594799
2.60557564114
2.60557540549
2.60557576183
2.60557550337
2.60557534139
2.60557529351
2.60557551172
2.6055751341
2.60557509542
2.60557536229
2.60557507748
2.60557500102
2.60557500833
2.6055747373
2.60557468784
2.60557480459
50.1416113757
5.10384462198
2.53108663276
2.53108663276
2.53108674079
2.53108680829
2.53108665366
2.53108749625
2.53108745774
2.5310875456
2.53108755646
2.53108747435
2.53108765951
2.53108834644
2.53108736722
2.53108768747
2.53108740071
2.53108719808
2.53108749244
2.53108727827
2.53108713507
2.53108708764
2.53108728149
2.53108693961
2.53108688798
2.53108715428
2.53108688683
2.53108680591
2.5310867861
2.53108650149
2.53108647571
2.53108660533
18.9346207475
2.9575168376
2.30123216393
2.30123216393
2.30123227647
2.30123232251
2.30123218475
2.30123282358
2.30123277933
2.30123291149
2.30123293606
2.30123284164
2.30123304621
2.30123354807
2.30123274014
2.30123307438
2.30123276495
2.30123260531
2.30123283173
2.30123268073
2.30123255403
2.30123252891
2.30123271059
2.30123239597
2.30123237074
2.30123259953
2.30123235819
2.30123229416
2.30123230742
2.30123203999
2.30123202608
2.30123213868
39.6476900903
5.35844508861
1.8030738246
1.8030738246
1.80307400355
1.80307401435
1.80307385939
1.80307375685
1.80307374683
1.80307384854
1.80307387453
1.80307381364
1.80307394909
1.80307378853
1.80307380073
1.80307399875
1.8030737776
1.80307381882
1.80307374658
1.80307379333
1.80307381106
1.80307384146
1.80307379119
1.80307381694
1.80307384645
1.80307385357
1.80307381222
1.80307382863
1.80307386251
1.8030737076
1.80307365806
1.80307379958
37.488492422
3.97552326726
1.71559571195
1.71559571195
1.71559585007
1.71559587563
1.7155957379
1.71559539156
1.71559534417
1.71559550079
1.71559554246
1.71559547515
1.71559559711
1.71559519584
1.71559550562
1.71559563419
1.71559546409
1.71559557518
1.71559539987
1.71559550065
1.71559557663
1.71559562096
1.7155954615
1.71559563339
1.71559566883
1.71559560581
1.71559562914
1.71559567956
1.71559568563
1.71559560354
1.71559556216
1.71559568879
27.2360281431
2.8413703633
1.64279566669
1.64279566669
1.6427957918
1.64279583744
1.64279569058
1.64279519205
1.64279513933
1.64279527831
1.6427952933
1.64279526456
1.64279537185
1.64279481993
1.64279531022
1.64279539306
1.64279526454
1.64279541339
1.64279518234
1.6427953345
1.64279542875
1.6427954874
1.64279531405
1.64279552432
1.64279557135
1.64279547278
1.64279553811
1.64279559513
1.64279561332
1.64279556923
1.64279553881
1.64279564619
4.84301713897
1.61874127055
1.61874127055
1.61874131665
1.61874134379
1.61874127856
1.61874076588
1.61874074619
1.6187408108
1.6187408226
1.61874082513
1.61874083755
1.6187403423
1.61874088831
1.61874085354
1.6187408533
1.61874099617
1.61874075611
1.61874094214
1.61874103275
1.61874104891
1.61874093098
1.61874112651
1.61874115674
1.61874099337
1.61874112819
1.61874119745
1.61874119686
1.61874123905
1.61874122634
1.61874126321
13.6215639606
1.87028572289
1.5538092162
1.5538092162
1.55380922523
1.55380922551
1.55380921663
1.55380871962
1.55380873183
1.55380874534
1.5538087502
1.55380877213
1.55380874533
1.55380829549
1.55380883829
1.55380874105
1.55380881927
1.55380893908
1.55380874542
1.55380890275
1.5538089826
1.55380898922
1.55380889694
1.55380908138
1.55380909223
1.5538089414
1.55380909986
1.553809141
1.55380912746
1.55380921345
1.55380923094
1.553809215
5.33752927514
1.54752473971
1.5163768433
1.5163768433
1.51637682633
1.5163768152
1.51637683887
1.51637644017
1.51637645962
1.51637644407
1.5163764496
1.51637647466
1.51637641581
1.51637608042
1.51637653514
1.51637641762
1.51637652501
1.51637661854
1.51637646254
1.51637659927
1.51637665673
1.51637665518
1.51637660155
1.51637673257
1.51637673218
1.51637661916
1.51637674381
1.516376778
1.51637674873
1.51637686886
1.51637687682
1.51637684765
10.1146080821
1.62813409023
1.44344232185
1.44344232185
1.44344225851
1.44344222558
1.44344230878
1.44344213201
1.44344215981
1.4434420972
1.44344208562
1.44344213098
1.44344204506
1.44344193278
1.44344217088
1.44344202219
1.44344218171
1.44344220726
1.44344215653
1.44344222253
1.44344224076
1.4434422119
1.44344222761
1.44344227811
1.44344225638
1.44344217992
1.44344229003
1.4434422902
1.44344226195
1.44344238442
1.44344240741
1.44344233435
1.5231935567
1.38963592079
1.38963592079
1.38963588667
1.38963588254
1.38963591344
1.38963593751
1.38963594541
1.38963591717
1.38963591554
1.38963592506
1.38963589443
1.38963593659
1.38963592142
1.38963589047
1.38963592596
1.38963591799
1.38963593027
1.38963592248
1.38963591879
1.38963591751
1.38963591979
1.38963591799
1.38963591987
1.38963591528
1.38963591527
1.38963592009
1.38963591901
1.38963594397
1.38963595078
1.38963592484
1.54499351549
1.38844130278
1.38844130278
1.38844128223
1.38844128555
1.38844129805
1.38844132758
1.38844133087
1.38844131649
1.38844131785
1.3884413195
1.38844130491
1.38844134221
1.38844131305
1.38844130454
1.38844131584
1.38844130705
1.38844131863
1.38844131006
1.38844130558
1.38844130696
1.38844130426
1.38844130198
1.38844130574
1.3884413102
1.38844129955
1.38844130264
1.38844130818
1.38844131339
1.38844131524
1.38844130422
1.44077789556
1.38784186605
1.38784186605
1.38784185496
1.38784186006
1.38784186318
1.38784188188
1.38784188238
1.38784187657
1.38784187894
1.38784187754
1.38784187158
1.38784189361
1.38784187165
1.38784187232
1.38784187507
1.38784186797
1.38784187751
1.38784187203
1.38784186837
1.38784186874
1.38784186747
1.38784186653
1.38784186836
1.38784187209
1.38784186402
1.38784186668
1.38784186936
1.38784187
1.38784186966
1.38784186613
1.38004170747
1.38245451578
1.38245451578
1.38245451118
1.3824545142
1.3824545142
1.38245452349
1.3824545238
1.38245452137
1.38245452331
1.38245452283
1.38245451982
1.38245453169
1.38245452084
1.38245452102
1.38245452608
1.38245451849
1.38245452698
1.38245452661
1.3824545217
1.38245451736
1.38245452504
1.38245452031
1.38245451651
1.38245451888
1.38245452074
1.38245451714
1.38245451495
1.3824545166
1.38245451706
1.38245451526
1.38164719895
1.38145978489
1.38145978489
1.3814597808
1.38145978369
1.38145978341
1.38145979059
1.3814597914
1.38145978902
1.38145979093
1.38145979045
1.38145978811
1.38145979771
1.38145978867
1.38145978884
1.38145979356
1.38145978678
1.38145979412
1.3814597943
1.38145978985
1.38145978602
1.38145979275
1.38145978882
1.38145978543
1.38145978737
1.38145978933
1.38145978603
1.38145978391
1.38145978569
1.38145978566
1.38145978438
1.38051843446
1.38094692623
1.38094692623
1.38094692239
1.38094692523
1.3809469248
1.38094692784
1.38094692844
1.38094692634
1.38094692846
1.38094692741
1.38094692561
1.38094693067
1.38094692479
1.38094692664
1.38094692777
1.3809469241
1.38094692731
1.38094692809
1.3809469259
1.38094692545
1.38094692491
1.38094692612
1.38094692622
1.38094692739
1.38094692568
1.38094692595
1.38094692652
1.38094692663
1.3809469263
1.38094692563
1.38103744523
1.38103744523
1.38103744159
1.38103744474
1.38103744384
1.38103744348
1.3810374438
1.38103744223
1.38103744451
1.38103744347
1.3810374414
1.38103744338
1.38103744158
1.38103744251
1.38103744481
1.38103744142
1.38103744406
1.38103744579
1.38103744381
1.38103744275
1.38103744287
1.38103744465
1.38103744419
1.3810374441
1.38103744459
1.38103744452
1.38103744448
1.38103744557
1.3810374451
1.38103744461
1.38093372131
1.38093372131
1.38093371757
1.38093372062
1.3809337199
1.38093372066
1.38093372109
1.38093371932
1.3809337215
1.38093372052
1.38093371857
1.38093372154
1.3809337184
1.38093371966
1.38093372147
1.38093371811
1.38093372073
1.38093372226
1.38093372028
1.38093371948
1.38093371922
1.38093372091
1.38093372068
1.38093372102
1.38093372067
1.38093372079
1.38093372095
1.38093372167
1.38093372127
1.3809337207
     fun: 1.4246743441852647
     jac: array([  1.32024288e-05,   1.44611299e-03,  -9.11056995e-05,
        -4.79373336e-03,  -5.56090474e-03,  -4.02119756e-03,
        -4.86934185e-03,  -3.50917876e-03,  -2.32015550e-03,
        -7.93392956e-03,  -1.95409358e-03,  -1.47353113e-03,
        -3.52920592e-03,   4.22105193e-04,  -5.71194291e-03,
        -1.43834949e-03,   7.88286328e-04,   4.67166305e-04,
        -1.65794790e-03,   1.18859112e-03,   3.31178308e-04,
        -6.02483749e-04,   4.79549170e-04,   6.59406185e-04,
        -3.84584069e-04,  -9.36105847e-04,  -1.02639198e-03,
        -2.35289335e-05])
 message: 'Optimization terminated successfully.'
    nfev: 832
     nit: 26
    njev: 26
  status: 0
 success: True
       x: array([ 0.51312424, -0.4730591 , -0.47619805, -0.3851053 ,  0.24853728,
       -0.01458747,  0.12619966, -0.2778739 ,  0.47714512,  0.11344002,
       -0.00147196, -0.44176179, -0.12825107,  0.04611836,  0.15018619,
       -0.3225869 ,  0.09127541, -0.12419777,  0.33269173, -0.20282066,
       -0.18585425,  0.12710617,  0.14631333, -0.1736325 ,  0.13492224,
       -0.37256223,  0.26743296, -0.30748055])

========================================================

Final result:
0.513124243369
-0.473059103272
-0.476198053001
0.145377637635
0.145377637635
0.145377637635
-0.385105304317
0.248537281503
-0.0145874658542
0.126199656476
-0.277873900862
0.477145115587
0.113440015464
0.113440015464
-0.00147195769512
-0.441761791376
-0.128251069781
0.0461183606753
0.150186191876
-0.322586896898
0.0912754098121
-0.12419776544
0.332691732062
-0.202820658607
-0.185854247267
0.127106166137
0.146313329601
-0.173632502946
0.134922237767
0.150768048619
-0.372562226046
0.267432961178
-0.307480552932
0.137536605933
0.137536605933
0.137536605933
