charges/LYD_methyl_charged.filelist
11.9904565218
11.9904565218
11.990454064
11.9904556794
11.9904555546
11.9904555819
11.9904556755
11.9904552684
11.9904547427
11.9904558956
11.9904552124
11.9904553176
11.9904560552
11.9904555733
11.9904562401
11.9904559299
11.9904564377
11.9904568171
11.9904568449
11.9904565803
136767.612218
13669.8966689
1598.66110804
284.518751277
51.5448212446
11.272020085
9.24895383291
9.24895383291
9.24895457233
9.24895402119
9.24895374767
9.24895377713
9.24895373825
9.24895345517
9.24895355418
9.24895382711
9.24895341871
9.2489538958
9.24895381206
9.24895377277
9.24895381863
9.24895379557
9.24895383334
9.24895416694
9.24895416703
9.2489538992
7272.8035117
799.263468661
152.063714806
29.1980293672
6.79088668301
6.79088668301
6.79088799078
6.79088713771
6.79088721337
6.79088721409
6.79088730179
6.79088718863
6.79088803776
6.79088722441
6.79088734449
6.79088773457
6.79088718087
6.79088778325
6.79088698236
6.79088729746
6.79088678496
6.79088673956
6.79088665492
6.79088669379
3753.9029161
373.151218311
46.4595299051
8.05917893742
6.2958323654
6.2958323654
6.29583422396
6.29583299757
6.29583305477
6.29583304361
6.29583305404
6.29583313067
6.2958338496
6.29583290774
6.29583335602
6.2958334077
6.29583281293
6.2958333313
6.29583261234
6.29583284467
6.29583245472
6.29583230528
6.29583215587
6.29583235217
404.411969617
39.4875381928
6.78540554828
6.0943191037
6.0943191037
6.09432109093
6.0943197827
6.09431985596
6.09431986917
6.09431982183
6.09431994648
6.09432060687
6.09431969712
6.0943201604
6.09432029259
6.09431956478
6.09432003204
6.09431941307
6.09431978694
6.09431920052
6.09431902343
6.09431888341
6.09431908644
403.089881385
38.6949294435
6.70171900129
5.6633899385
5.6633899385
5.66339223173
5.66339072932
5.66339084269
5.66339089123
5.66339078174
5.6633909434
5.66339173434
5.66339057786
5.66339108945
5.66339115075
5.66339045659
5.66339102295
5.6633902605
5.66339061935
5.66339004347
5.66338986371
5.66338978922
5.66338992316
342.248539166
32.9241982904
5.94530782612
5.32854541202
5.32854541202
5.32854797817
5.32854628802
5.32854637981
5.32854638704
5.32854631489
5.32854652604
5.32854731251
5.32854612485
5.32854664771
5.32854679117
5.32854599135
5.32854663358
5.32854576159
5.32854613696
5.32854552847
5.32854524491
5.32854516775
5.32854537745
142.423272251
14.4670420038
5.29496090825
5.29496090825
5.29496345198
5.29496177645
5.29496186938
5.29496184569
5.29496183389
5.29496202496
5.29496287876
5.29496163879
5.29496213327
5.29496235615
5.29496145585
5.29496202195
5.29496123602
5.2949615865
5.29496101752
5.29496075841
5.29496071248
5.29496087787
108.706272142
11.1285577456
5.18766500998
5.18766500998
5.18766752724
5.18766586214
5.18766593094
5.1876658582
5.18766590389
5.18766612485
5.18766693311
5.18766569776
5.18766625142
5.18766633689
5.18766555137
5.18766612492
5.18766535068
5.1876657384
5.18766511811
5.18766486362
5.18766482444
5.18766498108
172.176275225
17.0983464927
5.15507970735
5.09310911385
5.09310911385
5.09311156411
5.09310994807
5.09311003518
5.09310998991
5.0931099803
5.09311023514
5.09311094205
5.09310980085
5.09311035815
5.09311046255
5.09310964896
5.09311022309
5.09310943418
5.093109777
5.0931092193
5.09310898327
5.09310895971
5.09310908859
39.4912127945
6.16014442058
3.08043352688
3.08043352688
3.08043406835
3.08043372156
3.08043378364
3.08043374721
3.08043372993
3.08043394604
3.08043395359
3.08043365542
3.08043395556
3.08043376802
3.08043360347
3.08043366773
3.08043356977
3.08043363351
3.08043351623
3.08043339369
3.0804333962
3.08043350053
14.3980562968
3.09799985784
2.82760822654
2.82760822654
2.82760801459
2.82760816538
2.82760820169
2.82760817538
2.82760815757
2.82760831625
2.82760807243
2.82760813778
2.82760829234
2.82760804246
2.8276081313
2.82760800527
2.82760816882
2.82760810812
2.82760821322
2.82760812134
2.82760815153
2.8276082054
4.56673535196
2.66711021256
2.66711021256
2.66710995087
2.66711012456
2.66711010689
2.66711010256
2.66711008345
2.66711011867
2.66710992111
2.66711009815
2.66711010028
2.66710999106
2.66711010714
2.66710998083
2.667110146
2.66711008
2.66711018368
2.6671101849
2.66711022463
2.66711020603
4.71643924217
2.56548738944
2.56548738944
2.56548732737
2.56548736239
2.56548731626
2.56548732348
2.56548731348
2.56548726246
2.56548721009
2.56548733867
2.56548724483
2.56548730085
2.56548734829
2.56548730307
2.56548736241
2.5654873331
2.56548738118
2.56548743914
2.56548744115
2.56548739832
2.62425254205
2.54537079793
2.54537079793
2.54537058486
2.54537073086
2.54537073076
2.54537073546
2.54537074729
2.54537070408
2.54537069326
2.5453707608
2.54537071587
2.54537072387
2.54537077618
2.54537075908
2.54537078356
2.54537076773
2.54537079602
2.54537081706
2.5453708092
2.54537080062
2.54909464241
2.53976498523
2.53976498523
2.53976504057
2.53976500553
2.53976499768
2.53976499981
2.53976499775
2.53976498461
2.5397650069
2.53976499525
2.53976499829
2.53976500661
2.53976499276
2.53976499979
2.53976498897
2.53976499339
2.53976498926
2.53976499475
2.53976498783
2.53976498607
2.53462825448
2.53462825448
2.53462822861
2.53462824934
2.53462824893
2.53462824847
2.53462825182
2.53462824327
2.53462824643
2.53462825182
2.53462825186
2.53462824916
2.53462825377
2.53462825367
2.53462825321
2.53462825314
2.53462825554
2.53462825722
2.53462825529
2.53462825404
2.53563283861
2.53563283861
2.53563283432
2.53563283995
2.53563283646
2.5356328371
2.53563283667
2.53563282946
2.53563283085
2.5356328355
2.53563284138
2.53563283294
2.53563283561
2.53563283149
2.53563283564
2.53563283315
2.53563283952
2.53563284197
2.53563283663
2.53563283825
2.53629820123
2.53629820123
2.53629820622
2.53629820569
2.53629820213
2.53629820297
2.53629820366
2.53629819319
2.53629820285
2.53629820276
2.53629820376
2.5362982049
2.53629820294
2.53629820449
2.53629820153
2.53629820288
2.53629820337
2.53629820692
2.53629820312
2.53629820135
2.53575265104
2.53575265104
2.53575265003
2.53575265353
2.53575265021
2.53575265071
2.5357526514
2.53575264241
2.53575264836
2.53575265048
2.53575265339
2.53575265046
2.53575265082
2.53575265026
2.53575264991
2.53575264951
2.53575265262
2.53575265542
2.53575265112
2.53575265089
2.53583535155
2.53578612764
     fun: 2.657193244576138
     jac: array([  6.23854995e-03,   1.34947896e-03,  -5.55068254e-04,
        -6.42767549e-03,   3.00535560e-03,   3.25328112e-03,
         8.91011953e-03,   3.90332937e-03,   3.58015299e-03,
         8.40365887e-03,   5.84691763e-03,   1.83483064e-02,
         2.66432762e-05,  -3.61004472e-03,   9.27805901e-04,
        -4.70322371e-03,  -5.44062257e-03,  -1.01670623e-03])
 message: 'Optimization terminated successfully.'
    nfev: 440
     nit: 20
    njev: 20
  status: 0
 success: True
       x: array([ 0.31906016, -0.43710185, -0.04776636,  0.18329055, -0.30511857,
        0.67888796,  0.17155625, -0.26686675, -0.47420295,  0.14747205,
       -0.27714033,  0.14862206, -0.13264101,  0.12968033, -0.68437081,
       -0.51637761,  0.30160822, -0.29797698])

========================================================

Final result:
0.319060157862
0.319060157862
-0.43710185358
0.319060157862
-0.0477663619849
0.183290549008
-0.305118570653
0.678887960726
0.171556247639
0.171556247639
-0.266866746358
-0.474202950167
0.147472046005
0.147472046005
-0.27714032969
0.148622061656
0.148622061656
-0.132641007142
0.129680331799
0.129680331799
-0.684370813846
0.305594137952
0.305594137952
-0.516377606317
0.301608222527
-0.297976978213
0.170915454001
0.170915454001
0.170915454001
