charges/ASP_methyl_charged.filelist
13.9693610405
13.9693610405
13.9693629359
13.969361671
13.969361432
13.9693615206
13.9693612084
13.9693612774
13.9693613011
13.9693610784
13.9693612287
13.9693611972
13.9693612098
13.9693610721
35817.8936263
3574.51035885
473.086233017
79.228464911
15.4843835088
11.3757909844
11.3757909844
11.3757910376
11.3757910252
11.375790943
11.3757910674
11.3757908621
11.3757907463
11.3757906259
11.3757909565
11.3757906486
11.3757911625
11.3757912418
11.3757910204
4006.53554732
395.904989575
57.8922132298
11.9930957594
10.00418547
10.00418547
10.0041851315
10.0041854149
10.0041854741
10.0041855651
10.0041854532
10.0041853966
10.0041854156
10.0041854729
10.0041853956
10.0041854944
10.0041855032
10.0041854741
615.864369818
59.9410906805
10.7367212184
9.63683585445
9.63683585445
9.63683550319
9.63683577668
9.63683578859
9.63683580529
9.63683578624
9.63683575578
9.63683568437
9.63683584259
9.63683578913
9.63683581268
9.63683578799
9.63683584472
448.650241646
44.593278234
10.0100219272
9.52937075282
9.52937075282
9.52937037354
9.52937066356
9.52937066815
9.52937066017
9.52937071365
9.52937061056
9.52937068547
9.52937074939
9.52937063653
9.52937074635
9.52937073509
9.52937075059
146.239597025
15.6520433589
9.27420533506
9.27420533506
9.27420488633
9.27420522385
9.27420524804
9.27420522868
9.27420527515
9.27420524096
9.27420520682
9.27420532549
9.27420528031
9.27420534247
9.27420535548
9.27420533709
35.082135742
8.76879276488
8.76879276488
8.76879225434
8.76879262768
8.7687926763
8.76879265139
8.76879270725
8.76879269843
8.76879264703
8.76879275253
8.76879264538
8.76879270453
8.76879276697
8.76879275337
23.9008570139
8.08930613179
8.08930613179
8.08930563593
8.08930598198
8.08930604016
8.08930602809
8.0893060784
8.08930605245
8.089306032
8.0893061179
8.0893060486
8.0893060953
8.08930610729
8.08930612477
8.19856654152
8.19856654152
8.19856687392
8.19856666642
8.19856662204
8.19856661124
8.19856658754
8.19856660492
8.19856663232
8.19856655587
8.19856662252
8.19856654921
8.19856653789
8.19856654326
8.31693896296
8.22214506761
8.22214506761
8.22214530498
8.22214516151
8.22214512686
8.22214512013
8.22214509885
8.22214510538
8.22214512842
8.22214507545
8.22214512293
8.22214507482
8.2221450717
8.22214506922
8.24396240339
8.19082834529
8.19082834529
8.19082840984
8.19082838453
8.19082836787
8.19082836146
8.19082835336
8.19082834937
8.19082835853
8.19082834794
8.19082835899
8.19082835023
8.19082834871
8.19082834654
8.15244297057
8.16689987041
8.16689987041
8.16689986016
8.16689988485
8.16689987693
8.1668998712
8.16689986906
8.16689985958
8.1668998647
8.16689987114
8.16689986891
8.16689987131
8.16689987388
8.16689987082
8.14134876081
8.14134876081
8.14134875003
8.14134877478
8.14134876856
8.14134876126
8.14134876153
8.14134875462
8.14134876104
8.14134876182
8.14134876429
8.14134875816
8.14134875995
8.1413487605
8.14838452676
8.14838452676
8.14838452372
8.14838454317
8.14838453574
8.14838452875
8.14838452786
8.14838452082
8.14838452727
8.14838452789
8.14838453044
8.1483845252
8.14838452705
8.14838452667
8.15054915978
8.15054915978
8.15054915234
8.15054917484
8.15054916753
8.1505491609
8.15054915989
8.15054915206
8.15054915796
8.15054916071
8.1505491615
8.15054915882
8.15054916092
8.15054915981
8.14944343015
8.14944343015
8.14944342374
8.14944344553
8.14944343829
8.14944343149
8.14944343062
8.1494434231
8.14944342924
8.14944343115
8.14944343264
8.14944342885
8.14944343084
8.14944343011
8.14929864412
8.14936847329
     fun: 8.55853306637779
     jac: array([-0.01468635, -0.00409281, -0.00310636, -0.00220418, -0.00058258,
       -0.00267482, -0.00311756, -0.00048935, -0.00235462, -0.00048506,
       -0.00029778,  0.00056267])
 message: 'Optimization terminated successfully.'
    nfev: 248
     nit: 16
    njev: 16
  status: 0
 success: True
       x: array([ 0.4144649 , -0.81388424, -0.29506147,  0.20267816, -0.37358264,
        0.66842223,  0.18225741,  0.47929704, -0.49467056, -0.34750624,
        0.23877339, -0.32914139])

========================================================

Final result:
0.414464896977
0.414464896977
-0.813884237459
0.414464896977
-0.29506146525
0.202678156941
-0.373582639644
0.668422230206
0.1822574079
0.1822574079
0.479297037278
-0.494670564286
-0.490554012258
-0.490554012258
-0.347506243016
0.238773389273
-0.329141387845
0.145958080529
0.145958080529
0.145958080529
