charges/THR_neutral_methyl.filelist
6.35452922385
6.35452922385
6.35452896456
6.35452888214
6.35452917287
6.3545300726
6.35453011702
6.35452991184
6.35452990981
6.35452998944
6.35452965658
6.35453002403
6.35453016755
6.35452984301
6.35452966864
6.3545321856
6.35452985441
6.35452942077
90606.57161
9056.46762622
1000.92262758
189.700452545
37.2265026507
7.10603084819
4.32438386758
4.32438386758
4.32438357363
4.3243834987
4.32438380915
4.32438408866
4.32438411555
4.32438393078
4.32438389968
4.32438379987
4.32438393998
4.32438388948
4.32438382694
4.32438354978
4.32438401883
4.32438377117
4.32438340473
4.32438386967
4015.40707288
501.630961278
98.3308657581
19.5547364222
3.83579872671
3.83579872671
3.83579901176
3.83579911706
3.83579877982
3.83579783591
3.8357977233
3.83579811374
3.83579814443
3.83579817675
3.83579833153
3.83579836849
3.83579811491
3.83579804342
3.83579831173
3.83579684727
3.83579808244
3.83579855971
1731.6921276
172.061951491
20.1981013878
4.07436347679
3.61869750229
3.61869750229
3.61869775175
3.61869782812
3.61869754887
3.61869662321
3.61869655307
3.61869686797
3.61869686791
3.61869692007
3.61869710036
3.61869710384
3.61869674061
3.61869689927
3.6186970865
3.61869508597
3.6186969457
3.61869732988
535.193150778
52.4939780465
6.72917728857
3.4035502453
3.4035502453
3.4035505414
3.40355067918
3.40355030153
3.40354930104
3.40354919593
3.40354953658
3.40354959069
3.40354949262
3.40354977803
3.40354955802
3.40354935614
3.40354950132
3.40354973048
3.40354747984
3.40354950356
3.40355005653
200.916101041
20.0202513892
3.74744620034
3.38049061012
3.38049061012
3.38049089025
3.38049100008
3.38049066331
3.38048963871
3.38048955466
3.38048986802
3.38048989162
3.38048984051
3.38049012893
3.38048989508
3.38048971436
3.38048986787
3.38049009809
3.38048783274
3.38048988184
3.38049040436
133.863653798
13.5009909184
3.50899714521
3.36326490159
3.36326490159
3.36326520277
3.36326532105
3.36326495898
3.36326393
3.36326384358
3.36326416722
3.36326419251
3.36326413232
3.3632644416
3.36326419233
3.36326400069
3.36326415201
3.36326443972
3.36326210467
3.36326416134
3.36326469137
19.6444223007
3.59781237098
3.055568878
3.055568878
3.05556919342
3.05556928159
3.05556893949
3.05556801005
3.05556797621
3.05556819441
3.0555681808
3.05556817428
3.05556843735
3.05556823983
3.05556804651
3.05556820064
3.0555684098
3.05556629161
3.05556819582
3.05556869419
60.8336084441
9.01951739702
2.08900491793
2.08900491793
2.08900501369
2.08900493566
2.08900493624
2.08900480214
2.089004863
2.08900485624
2.08900486437
2.08900484867
2.08900488659
2.0890047715
2.08900479605
2.08900500349
2.08900486688
2.0890045183
2.08900494146
2.08900494887
43.1282218087
6.26813605134
1.78619626928
1.78619626928
1.7861961528
1.78619607192
1.78619624891
1.78619686814
1.78619693261
1.78619670636
1.78619667232
1.78619671923
1.786196541
1.78619657831
1.78619674126
1.78619690594
1.78619654097
1.78619770454
1.78619689514
1.78619638896
8.47541517228
1.86141375767
1.6651603133
1.6651603133
1.6651601525
1.6651600602
1.66516028377
1.66516103873
1.6651611316
1.66516085105
1.66516081332
1.66516086586
1.66516066135
1.66516072155
1.66516091303
1.66516103093
1.66516065288
1.66516214761
1.66516105674
1.66516048868
11.2928525364
1.83731352877
1.54281167267
1.54281167267
1.54281150397
1.54281139766
1.54281164079
1.54281240769
1.54281252493
1.54281222549
1.54281220691
1.54281224389
1.54281201795
1.54281211002
1.54281229786
1.54281238671
1.54281202888
1.54281359038
1.5428124023
1.54281181981
8.20772022351
1.55791814178
1.26500040901
1.26500040901
1.26500023064
1.26500019514
1.2650003739
1.26500095205
1.26500103528
1.26500081028
1.26500078834
1.26500081778
1.26500066686
1.26500074326
1.26500086853
1.26500088074
1.2650006841
1.26500182943
1.26500085933
1.26500052215
8.66506886504
1.53739829938
1.0244147946
1.0244147946
1.02441469314
1.02441469482
1.02441477354
1.02441492669
1.0244149327
1.02441487382
1.02441487
1.02441485333
1.0244148501
1.02441488211
1.02441488534
1.02441477542
1.02441487756
1.02441509584
1.02441476255
1.02441480367
1.11116653329
0.957062408341
0.957062408341
0.957062427205
0.957062456251
0.957062410712
0.957062371373
0.95706236053
0.957062398446
0.957062409605
0.957062419795
0.957062397435
0.957062444852
0.957062430474
0.957062403385
0.957062391897
0.957062486986
0.957062430478
0.957062404649
0.985773032961
0.934994670932
0.934994670932
0.934994676677
0.934994683956
0.934994671004
0.934994606905
0.934994606899
0.93499461646
0.934994619213
0.9349946049
0.934994637366
0.934994616174
0.934994594399
0.934994599935
0.934994641271
0.934994438938
0.934994594087
0.934994658349
0.932882455907
0.929890354497
0.929890354497
0.929890356755
0.929890359796
0.929890353981
0.929890328434
0.929890327876
0.929890335155
0.929890338157
0.929890331877
0.929890343405
0.929890342078
0.929890332001
0.929890325985
0.929890345379
0.929890292377
0.92989032369
0.929890351724
0.934574328478
0.92998667478
0.92998667478
0.92998667535
0.929986678075
0.929986673982
0.929986668731
0.929986668296
0.929986672506
0.929986675644
0.929986673167
0.929986673252
0.929986680815
0.929986675723
0.929986671525
0.929986674748
0.929986684626
0.929986673067
0.929986676699
0.92969583193
0.929674924262
0.929674924262
0.929674921809
0.929674924195
0.929674922914
0.929674922978
0.929674923911
0.929674923285
0.929674925479
0.929674921663
0.929674923755
0.929674926985
0.929674922185
0.929674923011
0.929674925499
0.929674923558
0.92967492389
0.929674926017
0.929737483928
0.929696695402
0.929696695402
0.929696692577
0.929696694584
0.92969669398
0.929696696301
0.929696697968
0.929696696154
0.929696698185
0.929696694734
0.929696696036
0.929696699701
0.929696696102
0.929696695903
0.929696697883
0.929696703653
0.92969669653
0.929696697751
0.929817035897
0.929735897341
     fun: 0.9706186704855886
     jac: array([ 0.02932999,  0.03283486,  0.00596276, -0.03172228, -0.03268436,
       -0.02474491, -0.02830957, -0.01983861, -0.01776222, -0.02431185,
       -0.00920448, -0.02010559, -0.02212419, -0.02111639, -0.01226184,
       -0.00724823])
 message: 'Optimization terminated successfully.'
    nfev: 405
     nit: 20
    njev: 20
  status: 0
 success: True
       x: array([ 0.50239474, -0.47031334, -0.47172253, -0.34112278,  0.24407867,
       -0.02240533,  0.12700352,  0.17415112,  0.54564462,  0.04287718,
       -0.42063794, -0.53440936, -0.46604079,  0.12679403,  0.38204092,
       -0.51272929])

========================================================

Final result:
0.502394742193
-0.470313337964
-0.471722527553
0.146547041108
0.146547041108
0.146547041108
-0.341122783364
0.244078674989
-0.0224053278662
0.127003518672
0.174151118771
0.545644617591
0.0428771750565
-0.420637936762
-0.534409364769
-0.466040785941
0.126794028199
0.126794028199
0.126794028199
0.382040919221
-0.512729287401
0.401167377206
