charges/ASH_neutral_methyl.filelist
4.22222532825
4.22222532825
4.22222498395
4.22222480515
4.22222526094
4.22222609615
4.22222623506
4.22222587538
4.22222582303
4.22222590003
4.22222567755
4.22222660025
4.22222574058
4.22222569862
4.22222565096
4.22222571378
4.22222559247
4.22222548537
38842.5813265
3882.02410032
468.308833302
80.216241956
13.8710125509
3.70110194773
3.70110194773
3.70110167644
3.70110156047
3.70110189414
3.70110176676
3.70110186117
3.70110161932
3.70110155738
3.70110141197
3.70110176762
3.70110090001
3.70110115698
3.70110182799
3.70110113381
3.70110096192
3.70110078608
3.70110184258
7277.49863705
895.734144145
175.87875953
36.0315648457
6.82954596863
2.40849655639
2.40849655639
2.40849659812
2.40849659082
2.40849656186
2.40849572354
2.40849570458
2.40849585581
2.40849585837
2.40849574919
2.40849613281
2.4084948688
2.4084957376
2.40849617565
2.40849580645
2.40849565535
2.40849565106
2.40849634226
661.710830538
65.7113237689
6.50268613766
2.3679291402
2.3679291402
2.36792930649
2.36792940736
2.36792917026
2.36792831939
2.36792822843
2.36792849555
2.36792858911
2.36792833323
2.36792875021
2.36792744275
2.36792827906
2.36792878313
2.36792836233
2.36792813948
2.36792810403
2.36792894924
275.421890531
27.1218968641
3.20492484553
2.29769765006
2.29769765006
2.29769780241
2.29769790987
2.29769767808
2.2976968516
2.29769677029
2.29769698657
2.29769707934
2.29769678503
2.29769723404
2.2976957734
2.29769678118
2.29769723923
2.29769689147
2.29769665699
2.29769666545
2.29769746051
332.083628663
32.8813511866
3.65439188241
2.25479560626
2.25479560626
2.25479579446
2.25479590229
2.25479564182
2.25479476493
2.25479469619
2.25479490554
2.25479496024
2.25479474203
2.25479517174
2.25479378554
2.25479470236
2.25479518883
2.25479475403
2.25479462194
2.2547946071
2.25479539972
58.9271116481
5.94657814009
2.22956580084
2.22956580084
2.2295660058
2.22956610901
2.22956584008
2.22956495518
2.2295649029
2.22956509451
2.22956511994
2.2295649421
2.22956538381
2.22956398017
2.22956492949
2.22956543992
2.22956503041
2.22956480853
2.22956480236
2.22956558238
60.7767047498
6.14461907129
2.21099945036
2.21099945036
2.21099964452
2.21099976223
2.21099948765
2.21099863195
2.21099856226
2.21099875868
2.2109987923
2.21099862494
2.21099900111
2.21099770875
2.21099861473
2.21099897994
2.21099872738
2.2109984782
2.21099846493
2.21099925565
66.4374797999
6.40943294395
2.13723909971
2.13723909971
2.13723925251
2.13723942758
2.13723912892
2.13723836078
2.1372382302
2.13723847606
2.1372384998
2.13723834656
2.13723871897
2.1372375001
2.1372383496
2.13723873128
2.13723843208
2.13723826166
2.13723827045
2.13723892056
8.41172633735
1.65717791673
1.65717791673
1.65717806705
1.65717809802
1.6571779467
1.65717789879
1.6571778302
1.65717797256
1.65717798525
1.65717804466
1.65717795342
1.65717815343
1.65717815986
1.65717791008
1.65717818058
1.65717823066
1.65717833382
1.65717797851
16.4225336569
2.21145936751
1.54502400836
1.54502400836
1.54502413706
1.5450241562
1.54502403445
1.54502417484
1.54502410551
1.54502422062
1.54502423899
1.54502433715
1.54502412377
1.54502466096
1.54502447381
1.54502409093
1.54502447545
1.54502458229
1.54502468441
1.54502407279
9.80629792964
1.7524946897
1.42361377406
1.42361377406
1.42361384379
1.42361385198
1.42361378785
1.42361415268
1.42361413725
1.42361417482
1.42361418674
1.42361433503
1.42361401403
1.4236149162
1.42361447768
1.42361396826
1.42361445269
1.4236146247
1.42361470772
1.42361391437
6.87058822183
1.48945301133
1.37029934128
1.37029934128
1.37029937923
1.37029937838
1.37029934874
1.37029975259
1.37029975243
1.37029975507
1.37029976417
1.37029990388
1.37029958842
1.37030050387
1.37030001663
1.37029954947
1.37029999864
1.37030014315
1.37030025061
1.3702994766
4.27772543169
1.24506227413
1.24506227413
1.24506215318
1.24506209538
1.24506225051
1.2450624934
1.24506254233
1.24506239534
1.24506237316
1.24506237239
1.24506235008
1.2450625102
1.24506229359
1.24506236688
1.24506226758
1.24506228521
1.24506221492
1.24506230463
1.45051704245
1.16002315066
1.16002315066
1.16002306401
1.16002303249
1.16002313315
1.16002316118
1.16002319722
1.16002310406
1.16002309234
1.16002305083
1.16002312504
1.16002296531
1.16002297337
1.16002314812
1.1600229597
1.16002292738
1.16002286191
1.16002312762
1.23257988326
1.11675284817
1.11675284817
1.11675285074
1.11675285653
1.11675284779
1.11675276567
1.11675276611
1.11675277797
1.11675278736
1.11675276402
1.11675280598
1.11675267734
1.11675275464
1.11675281455
1.11675276684
1.11675274601
1.11675273425
1.11675282393
1.12273456607
1.10443112859
1.10443112859
1.10443113479
1.10443114042
1.10443112906
1.10443109447
1.10443109323
1.10443110197
1.10443110987
1.10443110059
1.10443111153
1.10443107267
1.10443110137
1.1044311164
1.10443110887
1.10443110208
1.10443110142
1.10443112224
1.09812794169
1.09757326745
1.09757326745
1.09757326781
1.09757326996
1.09757326692
1.09757325897
1.09757326014
1.09757325923
1.09757326415
1.09757325878
1.0975732629
1.09757325294
1.09757325729
1.097573265
1.09757326169
1.09757325928
1.09757325831
1.09757326732
1.09751244303
1.09751244303
1.09751244062
1.09751243943
1.09751244195
1.09751244518
1.09751244779
1.09751244436
1.09751244897
1.09751244698
1.09751244423
1.09751245552
1.09751244597
1.09751244696
1.097512449
1.09751245022
1.09751244869
1.09751244486
1.09782549161
1.09782549161
1.09782548969
1.09782548994
1.09782549064
1.09782549252
1.09782549469
1.09782549105
1.09782549569
1.09782549222
1.09782549156
1.09782549683
1.09782549063
1.09782549394
1.09782549397
1.09782549408
1.09782549226
1.0978254931
1.09763529774
1.09763529774
1.0976352959
1.09763529598
1.09763529678
1.09763529709
1.09763529929
1.09763529602
1.09763530056
1.09763529721
1.09763529709
1.09763530069
1.09763529561
1.09763529954
1.09763529903
1.09763529894
1.09763529727
1.09763529902
1.09770650188
     fun: 1.1346019133541576
     jac: array([  5.66124916e-04,   1.46007538e-03,   5.17070293e-05,
        -4.02706414e-02,  -3.99911404e-02,  -3.46568525e-02,
        -3.95708084e-02,  -3.97874266e-02,  -1.90824568e-02,
        -8.18381459e-02,  -4.44695503e-02,  -1.85223818e-02,
        -4.23184037e-02,  -5.00545353e-02,  -4.87456769e-02,
        -6.05529547e-03])
 message: 'Optimization terminated successfully.'
    nfev: 416
     nit: 21
    njev: 21
  status: 0
 success: True
       x: array([ 0.46573876, -0.43952619, -0.48224128, -0.32743706,  0.23572353,
        0.02630727,  0.10869514, -0.28739213,  0.5509397 ,  0.133047  ,
        0.59517814, -0.46702291, -0.46213157, -0.52933546,  0.40060402,
       -0.51681794])

========================================================

Final result:
0.465738756811
-0.439526189944
-0.482241280506
0.152009571213
0.152009571213
0.152009571213
-0.327437059448
0.235723531345
0.0263072696515
0.108695138264
-0.287392131535
0.550939703978
0.133047001271
0.133047001271
0.595178135036
-0.46702291454
-0.462131565609
-0.529335455419
0.400604024185
-0.516817938714
0.406595260264
