workdir/charges/ARG.filelist
13.8386923908
13.8386923908
13.8386924147
13.838692391
13.8386923953
13.8386912347
13.838691228
13.838691255
13.8386912615
13.8386914572
13.8386910647
13.8386905239
13.8386916511
13.8386910022
13.8386908941
13.8386918693
13.8386913589
13.8386920642
13.8386920383
13.8386922632
13.8386923252
13.8386925843
13.8386926182
13.8386924295
90576.4506199
9046.64780207
1612.59651481
351.771770471
75.6312237302
13.6719338082
6.49145087987
6.49145087987
6.49145082786
6.4914507663
6.49145086977
6.4914508222
6.49145086576
6.49145076605
6.49145078578
6.49145092371
6.49145050789
6.49145100516
6.49145101945
6.49145042881
6.49145119012
6.49145106951
6.49145131513
6.49145103704
6.49145104666
6.49145096517
6.49145094424
6.49145117646
6.49145125132
6.49145094035
6358.35885685
820.29493512
158.332438788
30.988356697
6.16197758967
4.37831056783
4.37831056783
4.37831046281
4.37831039726
4.37831054742
4.37831123794
4.37831131228
4.37831114124
4.37831114921
4.37831112756
4.37831103235
4.37831174074
4.3783110353
4.37831105425
4.37831152882
4.37831090328
4.3783112046
4.37831081128
4.37831081581
4.37831069139
4.37831065723
4.37831070582
4.37831071494
4.37831059549
1350.12589061
133.86989075
14.9053035061
4.30641022778
4.16788175671
4.16788175671
4.16788173905
4.16788171781
4.16788175312
4.16788243931
4.16788247722
4.16788240846
4.16788243735
4.1678823921
4.16788234983
4.16788306856
4.16788231446
4.16788240226
4.16788290062
4.16788219549
4.1678826379
4.16788206687
4.16788207048
4.1678819102
4.1678818646
4.16788183201
4.16788180976
4.16788177105
238.95955152
23.4814306894
4.36206839591
4.07955868105
4.07955868105
4.07955860905
4.0795585705
4.07955866685
4.07955943892
4.07955948791
4.07955937353
4.0795593918
4.07955932636
4.07955932516
4.07955997829
4.07955926516
4.07955937946
4.0795598877
4.07955915162
4.07955964562
4.07955900292
4.07955899703
4.07955883895
4.07955879111
4.0795587354
4.07955871087
4.07955869103
151.754407957
14.512225187
3.97936556955
3.97936556955
3.9793655505
3.97936559329
3.97936556563
3.97936645188
3.9793664432
3.97936641243
3.97936649444
3.97936629998
3.97936636477
3.97936704336
3.97936616669
3.9793663209
3.97936673598
3.97936606945
3.97936663555
3.97936588675
3.97936587241
3.97936571475
3.97936566385
3.97936564309
3.97936571196
3.9793655855
275.237205157
26.5416611443
4.22422823537
3.7347252371
3.7347252371
3.73472520318
3.73472522173
3.73472523017
3.73472618012
3.73472618661
3.73472614272
3.73472618665
3.7347260392
3.73472613742
3.73472686265
3.73472590391
3.73472607965
3.73472656828
3.73472576811
3.73472632413
3.73472560196
3.73472563455
3.73472539565
3.73472533337
3.73472525387
3.73472532614
3.73472524159
110.659739327
11.0659111119
3.69489196549
3.69489196549
3.69489193397
3.69489193694
3.69489195897
3.69489288138
3.69489290255
3.69489285192
3.69489286995
3.69489277077
3.69489286605
3.69489361932
3.69489262844
3.69489281969
3.69489328674
3.69489248777
3.69489307396
3.69489226373
3.69489223191
3.69489209084
3.69489203912
3.69489197389
3.69489203872
3.69489196838
92.7944245686
9.26089244877
3.61758803802
3.61758803802
3.61758803364
3.61758807374
3.61758803682
3.61758893328
3.61758893282
3.61758890722
3.61758895645
3.61758878346
3.61758892372
3.61758950274
3.61758869339
3.6175888886
3.61758941269
3.61758851231
3.61758900228
3.61758831117
3.61758829342
3.6175881484
3.61758809933
3.61758807556
3.61758814878
3.61758804741
273.695237453
26.6388275393
3.99879894558
3.45974759175
3.45974759175
3.45974758411
3.45974760501
3.45974758995
3.45974843548
3.45974845929
3.45974841043
3.45974842328
3.4597483053
3.45974845911
3.45974902745
3.45974818832
3.45974847195
3.45974880076
3.45974804415
3.45974852773
3.45974786212
3.4597478641
3.45974769722
3.45974764693
3.45974762918
3.45974767257
3.45974760126
49.1440203715
6.94189873297
2.87671253985
2.87671253985
2.87671256315
2.87671263021
2.8767125449
2.87671302862
2.87671300846
2.87671300269
2.87671301186
2.87671288975
2.87671307609
2.87671322559
2.87671279865
2.87671312011
2.87671306252
2.87671269701
2.87671285193
2.87671260277
2.87671260349
2.87671254265
2.87671252411
2.87671245493
2.87671242458
2.87671252183
54.3873898617
6.26083591237
2.73898607295
2.73898607295
2.7389860765
2.73898614217
2.73898607248
2.73898626607
2.73898620889
2.73898630061
2.73898632774
2.73898619092
2.73898642156
2.73898628188
2.73898612019
2.73898647981
2.73898616263
2.73898605452
2.73898601162
2.73898602376
2.7389860121
2.7389860333
2.73898603705
2.73898595325
2.73898591308
2.73898604817
36.9649811333
4.04195400856
2.65335697965
2.65335697965
2.65335701706
2.65335706947
2.65335698626
2.65335701915
2.65335698374
2.6533570569
2.65335705865
2.65335695684
2.65335720204
2.65335690123
2.65335690365
2.6533572483
2.65335681812
2.65335686332
2.65335671064
2.65335687199
2.65335684407
2.65335692558
2.6533569439
2.65335682897
2.65335679435
2.65335694866
4.16977345657
2.45611823338
2.45611823338
2.45611828025
2.45611827526
2.45611824155
2.45611807647
2.45611808159
2.45611812541
2.45611813807
2.45611809254
2.45611819843
2.45611792561
2.45611809108
2.45611823295
2.45611794261
2.45611809754
2.4561179427
2.45611812789
2.45611812213
2.45611817694
2.45611819322
2.45611814493
2.45611811883
2.45611821445
13.6544764623
2.67941870209
2.28857510464
2.28857510464
2.28857512133
2.28857511935
2.28857510707
2.28857482343
2.28857482308
2.28857484751
2.28857484242
2.28857488527
2.2885748455
2.2885746533
2.28857493493
2.28857485295
2.28857476479
2.28857498444
2.2885748628
2.28857503212
2.28857503345
2.28857507288
2.28857508718
2.2885750952
2.28857508574
2.28857510168
2.43501948511
2.24465273937
2.24465273937
2.24465274595
2.24465273338
2.24465274013
2.24465259586
2.24465259762
2.24465260403
2.2446526006
2.24465263009
2.24465259208
2.24465251662
2.24465265747
2.24465259457
2.24465257479
2.24465268451
2.24465262705
2.24465271094
2.2446527111
2.24465272943
2.24465273718
2.24465274697
2.24465273873
2.24465274011
2.4759453661
2.23747900959
2.23747900959
2.23747900549
2.23747899896
2.23747900818
2.23747899086
2.23747899889
2.23747899035
2.23747899208
2.23747899729
2.23747898099
2.23747898598
2.23747899823
2.23747898691
2.2374789842
2.23747900121
2.2374789864
2.23747900916
2.23747900535
2.23747901331
2.23747901701
2.23747901622
2.23747901339
2.23747901017
2.23041147595
2.23233188653
2.23233188653
2.23233188602
2.2323318848
2.23233188583
2.23233188344
2.2323318868
2.23233188422
2.23233188726
2.23233188732
2.23233187826
2.23233188681
2.23233188773
2.23233188298
2.23233188712
2.23233188903
2.23233188846
2.23233189098
2.23233188592
2.23233189157
2.23233189402
2.23233189016
2.23233188946
2.23233188656
2.23061575941
2.2309863203
2.2309863203
2.23098632009
2.23098632018
2.23098631967
2.23098631983
2.23098632283
2.23098632103
2.23098632408
2.23098632333
2.23098631624
2.23098632465
2.23098632362
2.23098632031
2.23098632539
2.23098632441
2.23098632591
2.23098632531
2.23098632031
2.23098632528
2.23098632754
2.23098632347
2.23098632235
2.23098632026
2.22915985888
2.23035146028
2.23035146028
2.23035145981
2.23035145995
2.2303514596
2.2303514605
2.23035146336
2.2303514614
2.23035146411
2.23035146336
2.23035145709
2.23035146474
2.23035146338
2.23035146159
2.23035146503
2.23035146373
2.23035146423
2.23035146472
2.23035146001
2.23035146482
2.23035146713
2.23035146284
2.23035146154
2.23035146011
2.23000314028
2.23017292858
2.23017292858
2.23017292776
2.23017292775
2.23017292783
2.23017292808
2.23017293106
2.23017292875
2.23017293117
2.23017293057
2.23017292482
2.23017293098
2.23017293031
2.23017292981
2.23017293052
2.23017293046
2.2301729288
2.23017293207
2.23017292745
2.23017293267
2.23017293512
2.23017293067
2.23017292888
2.23017292831
2.23025126082
     fun: 2.3140930709989007
     jac: array([-0.00845188, -0.01138726, -0.00155213,  0.03451812,  0.03920656,
        0.02564648,  0.02131104,  0.02647012,  0.02030802,  0.05664012,
        0.02323204,  0.01813871,  0.05028594,  0.01572043,  0.02931604,
        0.01226172,  0.01440817,  0.00599295,  0.00338975,  0.00746703,
        0.01052842,  0.00193033])
 message: 'Optimization terminated successfully.'
    nfev: 550
     nit: 21
    njev: 21
  status: 0
 success: True
       x: array([ 0.43212496, -0.44201316, -0.47742783, -0.32096052,  0.23035675,
       -0.02198162,  0.12380601, -0.29625129,  0.56815396,  0.14074339,
       -0.28976845, -0.47804349,  0.16380404, -0.19420673,  0.18576538,
       -0.37655223,  0.37725506,  0.30305819, -0.54377507, -0.41299203,
        0.27385629, -0.30860044])

========================================================

Final result:
0.432124961418
-0.44201316398
-0.477427827866
0.162438676809
0.162438676809
0.162438676809
-0.320960517507
0.230356754106
-0.0219816159818
0.123806008911
-0.296251289788
0.568153964565
0.140743394482
0.140743394482
-0.289768449282
-0.478043490459
0.163804042922
0.163804042922
-0.194206728219
0.185765377769
0.185765377769
-0.376552232085
0.377255058244
0.303058191209
-0.543775069743
-0.543775069743
0.370514713857
0.370514713857
0.370514713857
0.370514713857
-0.412992027135
0.273856290963
-0.308600442515
0.149245392896
0.149245392896
0.149245392896
