workdir/charges/CYD.filelist
10.8360374173
10.8360374173
10.8360370305
10.8360369588
10.8360373431
10.8360380427
10.8360381097
10.836037784
10.8360377754
10.8360377273
10.8360375841
10.8360379375
10.8360378138
10.8360375741
10.8360376777
10.8360374493
14362.2857191
1429.69923063
208.711192925
36.88077118
8.95930567148
8.95930567148
8.95930545576
8.95930547227
8.95930563019
8.95930556063
8.95930553092
8.95930539242
8.9593053523
8.95930511218
8.95930556561
8.95930440251
8.95930505769
8.95930546586
8.95930534882
8.95930562686
4181.4976499
471.345362683
86.0023626879
15.6731041074
6.34568052118
6.34568052118
6.34568067656
6.34568085786
6.34568055094
6.34568005653
6.34567989009
6.34568015967
6.34568020753
6.34567996315
6.3456804179
6.34567934821
6.34567985676
6.34568021617
6.3456800971
6.34568045636
620.396869017
60.4688885065
8.33000617208
5.99760235861
5.99760235861
5.99760248799
5.99760259493
5.99760238299
5.99760178177
5.99760166886
5.99760189687
5.99760186617
5.99760178724
5.99760219034
5.9976012257
5.99760167007
5.99760203028
5.9976018754
5.99760228894
306.847277412
29.651948911
6.06461202399
5.73466166544
5.73466166544
5.73466183478
5.7346619646
5.73466169765
5.73466106614
5.7346609449
5.73466119016
5.73466118362
5.7346610613
5.73466147426
5.73466046051
5.7346609337
5.734661411
5.73466126162
5.73466161186
80.0842533253
8.45196402611
5.47147817242
5.47147817242
5.47147838345
5.47147849829
5.47147821315
5.47147755719
5.47147746415
5.47147768677
5.47147766583
5.47147757924
5.47147797527
5.47147694063
5.47147754596
5.47147789182
5.47147773479
5.47147811302
129.813192287
12.5921343641
5.23087163854
5.23087163854
5.23087188936
5.2308719926
5.23087168788
5.23087106699
5.23087099178
5.23087117062
5.23087113551
5.23087106811
5.23087144103
5.23087053953
5.23087091115
5.23087136912
5.23087120095
5.2308715811
59.4373853195
7.09293872872
4.47592485668
4.47592485668
4.47592512956
4.47592517391
4.47592490871
4.47592427795
4.47592422576
4.47592444787
4.47592446671
4.4759243844
4.47592467645
4.4759239556
4.47592425664
4.47592462692
4.47592448691
4.4759248075
22.0301035135
4.36490030348
3.14147127369
3.14147127369
3.14147151317
3.1414715009
3.14147131927
3.14147104139
3.14147104044
3.14147119808
3.14147119592
3.14147129268
3.14147127878
3.14147140655
3.14147124501
3.14147123856
3.14147127219
3.14147126786
52.5533338059
6.73724387591
2.88486064076
2.88486064076
2.88486080933
2.88486079738
2.88486067312
2.88486062328
2.88486063956
2.88486074043
2.88486077321
2.88486090727
2.88486065962
2.88486128224
2.88486090983
2.88486074724
2.88486076965
2.88486066245
4.06426450025
2.43231299566
2.43231299566
2.43231293823
2.43231289306
2.43231298396
2.43231317998
2.43231324404
2.43231315432
2.43231316233
2.4323132358
2.43231304542
2.43231349679
2.4323132783
2.4323131116
2.43231317409
2.43231301908
5.48046432298
2.33401113926
2.33401113926
2.33401102884
2.33401098475
2.33401111804
2.33401132178
2.33401135341
2.33401124828
2.33401124114
2.33401126023
2.3340111846
2.33401136116
2.33401129927
2.334011219
2.33401124146
2.33401115511
2.56683791156
2.25316772148
2.25316772148
2.25316768109
2.25316769736
2.25316771375
2.25316778213
2.2531677649
2.25316775563
2.25316776266
2.25316774576
2.25316774638
2.2531677553
2.25316775603
2.25316772469
2.2531677333
2.25316772113
2.4698244621
2.24701131996
2.24701131996
2.24701129084
2.24701131068
2.24701131425
2.2470113506
2.24701133807
2.2470113341
2.24701133985
2.2470113243
2.24701133712
2.24701131806
2.24701132874
2.24701131644
2.24701131573
2.24701131825
2.23777931066
2.22538592431
2.22538592431
2.22538590845
2.22538591639
2.22538592118
2.22538592373
2.22538591972
2.22538591196
2.22538591143
2.22538590635
2.2253859237
2.22538588486
2.22538590406
2.22538591579
2.2253859092
2.22538592153
2.22310511174
2.22299759092
2.22299759092
2.22299758263
2.22299759237
2.2229975892
2.22299759809
2.22299759282
2.22299759277
2.2229975973
2.22299759265
2.22299759863
2.22299759286
2.22299759248
2.22299758712
2.22299758785
2.2229975892
2.22341536376
2.22315034133
2.22315034133
2.22315033209
2.223150341
2.22315033942
2.22315034969
2.22315034537
2.22315034403
2.22315034743
2.22315034601
2.22315034892
2.22315035046
2.22315034609
2.22315033889
2.22315033996
2.2231503399
2.22311977681
2.22311977681
2.22311976718
2.22311977625
2.22311977483
2.22311978656
2.22311978237
2.22311978043
2.22311978425
2.22311978215
2.22311978447
2.22311978683
2.22311978255
2.22311977514
2.22311977631
2.22311977553
2.2231215667
2.2231215667
2.22312155694
2.22312156574
2.2231215647
2.22312157598
2.22312157186
2.22312156998
2.22312157356
2.22312157188
2.22312157432
2.2231215766
2.22312157218
2.22312156464
2.22312156575
2.22312156534
2.22312231851
2.22312176234
     fun: 2.3718035883842354
     jac: array([-0.00858384, -0.01533896, -0.00160414, -0.00097725,  0.00282994,
       -0.0012472 , -0.00373939,  0.00285739, -0.00168523,  0.00768802,
        0.0027293 , -0.00509325, -0.00694838, -0.00124273])
 message: 'Optimization terminated successfully.'
    nfev: 337
     nit: 19
    njev: 19
  status: 0
 success: True
       x: array([ 0.66994172, -0.55044702, -0.49527243, -0.49930753,  0.27733804,
        0.00752943,  0.10516194, -0.3257539 ,  0.33670873,  0.13218885,
       -0.77114122, -0.31917429,  0.27640857, -0.30489378])

========================================================

Final result:
0.669941724305
-0.550447022258
-0.495272425804
0.125259241252
0.125259241252
0.125259241252
-0.499307526885
0.277338042107
0.00752943339979
0.105161937545
-0.325753897402
0.336708728761
0.132188849498
0.132188849498
-0.771141217424
-0.394913199099
-0.319174290012
0.276408568651
-0.304893783662
0.115886501675
0.115886501675
0.115886501675
