charges/ASH_methyl_neutral.filelist
9.31105455395
9.31105455395
9.31105261548
9.3110535823
9.31105363106
9.3110536735
9.31105391091
9.31105333525
9.31105331751
9.3110541364
9.31105319296
9.31105409827
9.31105439802
9.31105484572
9.31105495527
9.31105461366
71761.0875527
7169.66178281
912.967405894
178.313822978
34.983379786
7.35745006687
7.35745006687
7.35745199747
7.35745100002
7.35745080241
7.35745089108
7.35745071133
7.35745054984
7.35745147998
7.3574504354
7.35745043843
7.35745034993
7.35745028507
7.35745034353
7.35745045051
7.35745012406
4213.51976515
520.713041701
93.4227995496
16.77463122
5.70585780066
5.70585780066
5.70586007392
5.70585895717
5.70585888081
5.70585894161
5.70585865376
5.7058589581
5.70585958027
5.70585830958
5.70585904734
5.70585826339
5.70585805254
5.70585768832
5.70585760545
5.70585777592
901.406849623
89.4421059644
9.82149414194
5.62861874933
5.62861874933
5.62862121088
5.62861998279
5.62861984225
5.62861989175
5.62861955815
5.62861992162
5.62862037725
5.62861924429
5.62862000544
5.62861923347
5.62861897152
5.62861863427
5.6286185558
5.6286187241
99.0692064797
10.0778236608
5.42037180401
5.42037180401
5.42037430379
5.4203730422
5.42037289166
5.42037287264
5.42037263588
5.42037302274
5.42037350201
5.42037231852
5.42037314114
5.42037230873
5.42037203847
5.42037169728
5.42037161939
5.4203717818
128.647609641
13.2038684032
5.36812305248
5.36812305248
5.36812545641
5.36812426911
5.36812416313
5.36812420247
5.36812386978
5.36812429853
5.36812467081
5.36812358513
5.3681243787
5.36812362841
5.36812326662
5.36812296694
5.36812293233
5.36812303561
107.851414819
10.3710580556
5.0360113615
5.0360113615
5.03601361457
5.03601250905
5.03601240239
5.03601240263
5.0360121189
5.03601258125
5.03601288088
5.0360118183
5.03601259366
5.03601179899
5.03601157052
5.03601121041
5.03601122295
5.03601133211
76.9608221897
9.30850306208
4.64282569034
4.64282569034
4.64282762196
4.64282666312
4.6428265736
4.64282654684
4.64282634909
4.64282674628
4.64282699025
4.64282613564
4.64282671
4.64282619817
4.64282586022
4.64282546482
4.64282549113
4.64282564469
106.120083073
15.3175734181
3.06556038719
3.06556038719
3.06555934977
3.0655598443
3.06555999122
3.06555994524
3.06556003467
3.0655601712
3.06555960782
3.06556018674
3.06556021712
3.06556026007
3.06556024881
3.06556018832
3.06556015213
3.06556034636
13.2338518318
3.09588195587
3.09588195587
3.0958799109
3.09588097062
3.09588110399
3.09588103483
3.09588126591
3.09588119302
3.09588049043
3.09588156047
3.09588119573
3.09588160276
3.0958817767
3.09588184667
3.09588182001
3.09588193321
12.9648199202
3.05655982518
2.87889910382
2.87889910382
2.87889707054
2.87889813317
2.87889824575
2.87889817926
2.87889841539
2.87889829947
2.87889766726
2.87889869154
2.87889828961
2.87889874737
2.87889888448
2.87889903287
2.87889901507
2.87889908911
9.28733440537
2.19455908927
2.19455908927
2.1945593593
2.19455921018
2.19455911364
2.19455916121
2.19455915744
2.19455890381
2.19455929115
2.19455910977
2.19455885505
2.19455906017
2.19455913381
2.19455930075
2.19455938578
2.19455913185
4.31452976154
2.00476049289
2.00476049289
2.00476128613
2.00476087566
2.00476076812
2.00476081967
2.00476074655
2.00476060454
2.00476107341
2.00476062486
2.00476055664
2.00476057621
2.00476058356
2.0047606842
2.00476071993
2.00476053194
2.69428705119
1.74110247293
1.74110247293
1.74110312238
1.74110281251
1.74110278338
1.741102802
1.74110270858
1.7411028152
1.74110296115
1.74110261205
1.74110285247
1.74110260778
1.74110253498
1.74110243987
1.74110240709
1.74110246537
1.84469449869
1.66174866622
1.66174866622
1.66174872376
1.66174870125
1.66174869764
1.66174869594
1.66174868426
1.66174871939
1.66174870201
1.66174867678
1.66174872276
1.66174868686
1.66174866769
1.66174864668
1.66174863972
1.66174866192
1.65631498309
1.65331508673
1.65331508673
1.6533150834
1.65331509081
1.65331508959
1.65331509118
1.65331508665
1.65331509892
1.65331508865
1.65331508574
1.6533151039
1.65331508995
1.65331508469
1.65331507741
1.65331507065
1.65331508437
1.67112035602
1.65666079266
1.65666079266
1.6566607642
1.6566607843
1.65666078272
1.6566607867
1.65666078442
1.65666078395
1.65666078046
1.65666078521
1.65666079017
1.65666078791
1.65666079034
1.65666079007
1.65666078459
1.6566607916
1.65757061309
1.65657736274
1.65657736274
1.65657735425
1.65657736371
1.65657735826
1.65657736154
1.65657735884
1.65657735713
1.65657735926
1.65657735832
1.65657736008
1.65657736111
1.65657736173
1.65657736364
1.65657736233
1.65657736245
1.65668263336
1.6566208915
1.6566208915
1.6566208838
1.65662089282
1.65662088745
1.65662089092
1.65662088821
1.65662088595
1.65662088963
1.65662088736
1.6566208886
1.65662089001
1.65662089065
1.65662089246
1.65662089127
1.65662089122
1.65659073477
1.65660568641
     fun: 1.7147689179522283
     jac: array([-0.07053746, -0.03106421, -0.02083471, -0.02302673, -0.01457553,
       -0.01126781, -0.02968493, -0.00757308, -0.01277937, -0.00635804,
       -0.00295626, -0.01957542, -0.01833943, -0.0042586 ])
 message: 'Optimization terminated successfully.'
    nfev: 339
     nit: 19
    njev: 19
  status: 0
 success: True
       x: array([ 0.31034324, -0.73512242,  0.01072177,  0.09799559, -0.27992028,
        0.51453427,  0.12749648,  0.58391391, -0.46986335, -0.46430371,
       -0.53293758, -0.39131436,  0.2840989 , -0.31595148])

========================================================

Final result:
0.310343244498
-0.735122424772
0.310343244498
0.0107217681268
0.0979955903376
-0.279920277572
0.514534269631
0.127496480038
0.127496480038
0.583913914331
-0.469863345674
-0.464303708696
-0.532937580509
0.399302345726
-0.391314359265
0.284098899817
-0.315951480211
0.141055646553
0.141055646553
0.141055646553
