charges/LYD_methyl_neutral.filelist
11.1051930649
11.1051930649
11.105190335
11.1051917374
11.1051918032
11.1051918741
11.1051919964
11.1051915829
11.1051908834
11.1051922443
11.1051914658
11.105191426
11.1051924952
11.1051919457
11.1051927246
11.1051923505
11.1051929713
11.1051932476
11.1051933256
11.1051931015
144466.428416
14437.7476447
2046.88773307
435.339622293
95.5742587964
18.3812754076
5.11259481912
5.11259481912
5.11259532826
5.11259509108
5.11259499052
5.1125951065
5.11259501498
5.11259469033
5.11259519041
5.1125950598
5.11259451335
5.11259533771
5.11259505397
5.11259534707
5.11259496281
5.11259511288
5.11259487295
5.11259511798
5.11259526185
5.11259488056
5394.14983765
661.20810749
121.468233791
22.6567582849
4.80124003206
3.78946478928
3.78946478928
3.78946659622
3.78946571082
3.78946558229
3.78946567876
3.78946543747
3.78946546081
3.78946607826
3.78946530433
3.78946539596
3.78946583259
3.78946515939
3.78946555799
3.78946497212
3.78946511721
3.78946485902
3.78946488114
3.78946492202
3.78946480721
1964.94204071
195.664678762
19.0554688195
3.93241320672
3.66599127207
3.66599127207
3.6659930386
3.66599218656
3.66599211713
3.66599220301
3.66599200845
3.66599204098
3.66599276379
3.66599187534
3.66599200956
3.66599248737
3.66599173538
3.66599223554
3.66599153939
3.66599181208
3.66599136419
3.66599130796
3.66599131734
3.66599127802
481.980287303
47.6346800665
5.40985138278
3.58482712535
3.58482712535
3.58482913091
3.58482813386
3.58482800355
3.58482804885
3.5848278776
3.58482793351
3.58482862529
3.58482775973
3.58482791486
3.58482843806
3.58482758944
3.58482803807
3.58482743313
3.58482780442
3.58482722153
3.58482715608
3.58482715714
3.58482713037
348.729414803
34.2861900579
4.40043677308
3.48348798972
3.48348798972
3.4834901347
3.48348904819
3.48348890191
3.48348889187
3.48348881085
3.4834888535
3.48348968296
3.48348865389
3.48348885945
3.48348931982
3.48348849934
3.48348904078
3.4834882952
3.48348862423
3.48348809041
3.48348802914
3.48348802269
3.48348799724
285.50256394
28.0971744493
4.01745277847
3.40585965205
3.40585965205
3.40586184745
3.40586074364
3.40586061724
3.40586062634
3.40586050068
3.40586058852
3.40586136597
3.40586036402
3.40586060328
3.40586111991
3.40586017298
3.40586070352
3.40585996162
3.40586029217
3.40585975394
3.40585970803
3.40585971201
3.40585966364
127.668898058
12.7465034203
3.45082801079
3.36589761764
3.36589761764
3.36589983421
3.36589872328
3.36589860323
3.36589862206
3.36589846983
3.36589858465
3.36589934041
3.36589831588
3.36589859397
3.36589903036
3.36589814475
3.36589869191
3.36589794094
3.36589829965
3.36589772166
3.36589768142
3.36589769674
3.36589763133
58.7685482876
5.83183037239
3.18715318583
3.18715318583
3.18715533571
3.18715425218
3.18715414854
3.18715413797
3.18715402739
3.18715417275
3.18715490038
3.18715386834
3.18715411604
3.18715457657
3.18715368083
3.18715417634
3.18715348752
3.18715382562
3.18715327736
3.18715317817
3.18715324225
3.18715318547
101.581086645
10.1037849393
3.1611784205
3.12896588596
3.12896588596
3.12896800645
3.12896693462
3.12896682546
3.12896681505
3.12896668675
3.12896686327
3.12896748767
3.12896655208
3.12896681254
3.12896724602
3.12896638737
3.12896691813
3.12896617819
3.12896648744
3.1289659769
3.12896585061
3.12896590446
3.1289658796
71.9019161283
7.3065826654
2.46968769149
2.46968769149
2.46968868341
2.46968815562
2.46968814993
2.46968812105
2.46968807444
2.46968826401
2.46968848231
2.46968797008
2.46968833145
2.46968825437
2.46968787207
2.46968803918
2.46968779337
2.46968792482
2.46968769358
2.46968758023
2.46968753559
2.46968766845
12.7332816985
2.58407805571
2.28207148988
2.28207148988
2.28207171545
2.28207158498
2.28207161638
2.2820715675
2.2820715768
2.28207176642
2.28207168464
2.28207151658
2.28207184989
2.28207153948
2.2820714794
2.28207144292
2.28207148048
2.28207147758
2.28207148606
2.28207133869
2.28207127272
2.28207145851
5.40348919207
2.24271350767
2.24271350767
2.24271330985
2.24271341869
2.24271344528
2.2427133969
2.24271343493
2.24271356335
2.24271337697
2.24271341455
2.24271363045
2.24271331765
2.24271341638
2.24271330662
2.24271344879
2.24271340193
2.24271347186
2.24271338759
2.24271332989
2.24271348263
3.00046285356
2.07517215498
2.07517215498
2.0751717236
2.07517194914
2.07517196369
2.07517195869
2.07517199656
2.07517196158
2.07517184028
2.07517202904
2.07517197158
2.07517190982
2.075172068
2.07517198378
2.0751721054
2.07517206484
2.07517213604
2.07517215186
2.07517215812
2.07517215381
2.79803869784
2.04545551834
2.04545551834
2.04545518437
2.04545536117
2.0454553673
2.04545537001
2.04545539594
2.04545534763
2.04545527481
2.04545542694
2.04545533818
2.04545534479
2.04545546037
2.04545540943
2.04545548597
2.04545546154
2.04545550734
2.0454555413
2.0454555483
2.04545552282
2.07022065316
2.04301575026
2.04301575026
2.04301572181
2.04301574478
2.04301573711
2.04301574321
2.04301573684
2.04301572812
2.04301572611
2.04301573751
2.04301572659
2.04301573316
2.04301574239
2.04301573894
2.04301574273
2.04301573694
2.0430157508
2.04301575625
2.04301575754
2.04301575107
2.03537231304
2.03537231304
2.03537232829
2.03537232563
2.03537232063
2.0353723216
2.0353723204
2.0353723211
2.03537233299
2.03537231738
2.03537232376
2.03537233054
2.03537231791
2.03537232568
2.03537231549
2.03537232398
2.03537231565
2.03537231144
2.03537231122
2.03537231236
2.03924916107
2.03924916107
2.03924915109
2.03924916184
2.03924915689
2.03924915963
2.03924915666
2.03924915512
2.03924915642
2.0392491552
2.03924915693
2.03924915787
2.03924915792
2.03924915807
2.03924915752
2.0392491581
2.039249162
2.03924916101
2.03924916101
2.03924916068
2.03714139531
2.03714139531
2.03714138784
2.03714139786
2.03714139235
2.03714139553
2.03714139159
2.03714139
2.03714139186
2.03714138983
2.03714139179
2.03714139271
2.03714139233
2.03714139265
2.03714139162
2.03714139156
2.03714139635
2.0371413955
2.03714139524
2.03714139496
2.03794851007
2.03794851007
2.037948506
2.037948514
2.0379485087
2.03794851119
2.0379485085
2.03794850692
2.03794851131
2.03794850677
2.03794850878
2.03794851204
2.03794850903
2.03794851124
2.03794850809
2.03794851063
2.03794851154
2.03794851005
2.03794850997
2.03794850969
2.03769883407
2.03769883407
2.03769882924
2.03769883758
2.0376988323
2.03769883496
2.03769883187
2.03769883051
2.03769883392
2.03769883007
2.03769883236
2.03769883458
2.03769883235
2.03769883389
2.03769883148
2.03769883311
2.03769883535
2.03769883401
2.03769883393
2.03769883368
2.03782686084
     fun: 2.108966292460687
     jac: array([ 0.0094735 ,  0.00173405,  0.00280926,  0.00352702, -0.00184923,
        0.00521713, -0.00515589, -0.00414345,  0.00492266, -0.00963959,
       -0.00685751, -0.01254228, -0.00669259, -0.01752806, -0.00267786,
       -0.00212684, -0.00064588,  0.00044549])
 message: 'Optimization terminated successfully.'
    nfev: 461
     nit: 21
    njev: 21
  status: 0
 success: True
       x: array([ 0.30615801, -0.74323808, -0.01421386,  0.10764203, -0.21725248,
        0.48676392,  0.10429596, -0.16133593, -0.46388372,  0.09986307,
       -0.23981972,  0.11455415, -0.09515148,  0.10325529, -0.69060612,
       -0.35993143,  0.26709578, -0.32018016])

========================================================

Final result:
0.306158005817
-0.743238081913
0.306158005817
-0.0142138589257
0.107642030289
-0.217252475416
0.486763920946
0.104295956126
0.104295956126
-0.161335931207
-0.463883717291
0.0998630669219
0.0998630669219
-0.239819717232
0.11455415176
0.11455415176
-0.0951514807363
0.103255292796
0.103255292796
-0.690606119032
0.287421241837
0.287421241837
-0.359931426373
0.267095782713
-0.320180162085
0.137671935248
0.137671935248
0.137671935248
