charges/SER_methyl_neutral.filelist
7.8210830761
7.8210830761
7.8210821487
7.82108262897
7.82108264508
7.82108271783
7.82108292249
7.8210822804
7.82108297699
7.82108289342
7.82108208442
7.82108343654
7.82108359079
7.82108315023
26994.300915
2695.37760782
359.697514867
60.6761498913
10.8716220509
6.39328329871
6.39328329871
6.39328391507
6.39328361724
6.3932834957
6.39328361558
6.39328353957
6.3932831449
6.39328400225
6.39328329501
6.39328299053
6.39328364572
6.39328376691
6.39328336933
7560.84118035
852.845776658
172.804640547
36.2366507396
6.64124895234
3.32190450623
3.32190450623
3.32190563693
3.32190510053
3.32190500599
3.32190505683
3.32190487491
3.32190497888
3.32190538712
3.32190458335
3.32190506877
3.32190443079
3.32190430142
3.32190448632
1449.67623233
143.974019117
16.9804700575
3.50206461648
3.11973256269
3.11973256269
3.11973401786
3.11973329139
3.11973310035
3.11973313941
3.11973288129
3.11973306939
3.11973321842
3.11973267411
3.11973316738
3.11973250862
3.11973237473
3.11973254747
558.068755138
55.0207382579
6.4068720506
2.98265680959
2.98265680959
2.98265819667
2.9826575529
2.98265746637
2.98265759732
2.98265717424
2.9826574927
2.9826575089
2.98265696733
2.98265757853
2.98265676861
2.98265667472
2.98265679869
221.602606305
21.3554408271
3.48515380828
2.77498607419
2.77498607419
2.7749876305
2.77498687263
2.77498675286
2.77498679294
2.77498646652
2.77498686048
2.7749868453
2.77498624649
2.77498700512
2.77498600896
2.77498589952
2.77498605964
88.1245688531
8.48241374521
2.68799533362
2.68799533362
2.6879969024
2.68799614026
2.68799603934
2.68799607855
2.68799573258
2.68799618533
2.68799607023
2.68799555421
2.68799624022
2.687995154
2.68799510494
2.68799529569
12.095992918
2.62322110757
2.47813295812
2.47813295812
2.47813431109
2.47813362946
2.47813356591
2.47813360447
2.47813329874
2.47813370809
2.47813355152
2.47813318574
2.47813381128
2.47813277786
2.47813270052
2.47813291934
16.7658721625
2.82692897995
2.01992268518
2.01992268518
2.01992305011
2.0199228466
2.01992287338
2.01992286337
2.01992274373
2.0199230487
2.01992270494
2.01992276184
2.01992311386
2.0199224999
2.01992244217
2.01992264678
10.8932835559
2.1284089807
1.86486415795
1.86486415795
1.86486392629
1.86486404297
1.86486409054
1.8648640503
1.86486406185
1.86486423031
1.8648638647
1.86486417334
1.86486427772
1.86486401872
1.86486397568
1.86486412939
3.15605807441
1.77631718662
1.77631718662
1.77631690076
1.7763170364
1.77631706211
1.77631704569
1.7763170868
1.776317092
1.7763169413
1.77631716906
1.77631710024
1.77631716177
1.7763171884
1.77631718157
3.07381460913
1.72458353964
1.72458353964
1.72458340747
1.72458346488
1.72458346153
1.72458346352
1.72458349373
1.72458342063
1.72458345152
1.72458352261
1.72458338687
1.72458360529
1.72458364515
1.72458355359
1.74852618503
1.7056242559
1.7056242559
1.70562418993
1.70562422631
1.70562422505
1.70562422671
1.70562424331
1.70562420661
1.70562425153
1.7056242385
1.70562420374
1.70562427268
1.70562427362
1.70562425886
1.70343564667
1.70343564667
1.70343568651
1.70343567098
1.70343566316
1.70343566748
1.70343565191
1.70343566307
1.70343565633
1.70343564964
1.70343566485
1.70343564704
1.70343564648
1.70343564633
1.70193936963
1.70193936963
1.70193936122
1.70193936885
1.70193936647
1.70193936769
1.70193936658
1.70193936544
1.70193936926
1.70193936552
1.70193936828
1.70193936911
1.70193936701
1.70193936907
1.70266765679
1.70266765679
1.7026676474
1.70266765569
1.70266765244
1.70266765444
1.70266765266
1.70266764933
1.70266765413
1.70266765192
1.70266765123
1.70266765879
1.7026676573
1.70266765674
1.7023746667
1.7023746667
1.70237466168
1.70237466786
1.70237466432
1.70237466639
1.70237466368
1.70237466161
1.70237466596
1.70237466257
1.70237466353
1.70237466835
1.70237466698
1.70237466659
1.70232687916
1.70232687916
1.70232687347
1.70232687992
1.7023268767
1.70232687853
1.70232687628
1.70232687445
1.70232687893
1.70232687508
1.70232687663
1.70232688023
1.70232687867
1.70232687893
1.70237234812
     fun: 1.745493110078648
     jac: array([ 0.00947128,  0.0037667 ,  0.01067297,  0.00428054,  0.01286948,
        0.02400623,  0.03219345,  0.00558291,  0.03037392, -0.0158211 ,
       -0.01949079, -0.00382061])
 message: 'Optimization terminated successfully.'
    nfev: 284
     nit: 18
    njev: 18
  status: 0
 success: True
       x: array([ 0.30636655, -0.72178049, -0.02656804,  0.10547183, -0.02333922,
        0.50217533,  0.06913082, -0.50128027, -0.4600052 , -0.39430565,
        0.28952082, -0.31470973])

========================================================

Final result:
0.306366554276
-0.721780491741
0.306366554276
-0.026568038502
0.10547183063
-0.0233392170405
0.502175330282
0.0691308194264
0.0691308194264
-0.501280267252
-0.460005195241
0.374331301459
-0.394305646479
0.289520817139
-0.314709728429
0.139831519256
0.139831519256
0.139831519256
