charges/GLU_charged_methyl.filelist
164.941505236
164.941505236
164.941505147
164.941505166
164.94150522
164.941506228
164.941506263
164.941506186
164.941506175
164.941505919
164.941506455
164.941506575
164.941505688
164.941507855
164.941506209
164.941505347
70955.7289562
6949.00266226
1033.92798786
153.391883052
26.742603832
26.742603832
26.7426037134
26.7426036964
26.7426038087
26.7426040012
26.742604027
26.7426040022
26.7426039464
26.7426038237
26.742604294
26.7426036391
26.7426038888
26.7426049491
26.742604049
26.7426038353
6176.60443578
707.018783281
130.204370962
24.0125341498
16.0830898702
16.0830898702
16.0830898084
16.0830897841
16.0830898579
16.0830893015
16.0830892859
16.0830893194
16.0830892739
16.0830893912
16.08308934
16.0830887598
16.0830896699
16.083088825
16.0830896013
16.0830898061
1129.70594447
108.626788393
17.4066869145
14.9548850964
14.9548850964
14.9548850651
14.9548850499
14.9548850899
14.954884401
14.9548843783
14.9548844406
14.9548843887
14.9548845416
14.9548844618
14.954883902
14.9548847648
14.9548838395
14.9548844539
14.9548849983
214.346740294
30.1772472217
13.1431424388
13.1431424388
13.1431424354
13.143142537
13.1431424389
13.1431419431
13.1431418401
13.143141898
13.1431419678
13.1431419014
13.1431417515
13.1431412044
13.1431421218
13.1431409729
13.1431418337
13.1431423425
475.970139102
70.9358200676
13.8875831495
9.44229867504
9.44229867504
9.44229861217
9.44229863742
9.44229866438
9.44229837166
9.44229833074
9.44229825615
9.44229826742
9.44229838199
9.4422979918
9.44229812604
9.44229846199
9.44229715062
9.44229822345
9.44229860281
1213.33780071
119.502167273
14.4786217099
9.14439452586
9.14439452586
9.14439460833
9.14439469998
9.14439454299
9.14439416971
9.14439407476
9.14439414353
9.14439421081
9.14439427685
9.14439388105
9.14439407346
9.1443943524
9.14439307503
9.14439416893
9.14439446405
18.7932866466
6.7155974725
6.7155974725
6.71559752286
6.71559755228
6.71559748108
6.71559724494
6.71559717283
6.71559727983
6.71559739977
6.71559737006
6.71559705868
6.71559733506
6.71559736794
6.71559652686
6.71559722774
6.71559743255
99.3489658494
7.66322195044
5.11013531792
5.11013531792
5.11013540498
5.11013540659
5.11013533492
5.11013523062
5.11013521746
5.11013523326
5.11013529831
5.11013530893
5.11013507703
5.11013539445
5.11013526167
5.11013476974
5.11013516071
5.11013529255
31.9194377222
5.17663330328
4.48860607138
4.48860607138
4.48860610112
4.48860614261
4.48860607775
4.48860625232
4.48860622022
4.48860623687
4.48860627489
4.48860625057
4.48860617449
4.48860653524
4.48860613235
4.48860626729
4.48860615609
4.48860607739
6.51763387474
4.1034220373
4.1034220373
4.10342202557
4.10342201616
4.10342203534
4.10342216751
4.10342217623
4.10342216895
4.10342216
4.10342215221
4.10342223199
4.10342228109
4.10342212707
4.10342249643
4.1034222762
4.10342204535
4.22078274734
4.01964542848
4.01964542848
4.01964541738
4.01964542981
4.01964542694
4.01964544321
4.01964543134
4.01964543231
4.01964542905
4.01964542951
4.0196454575
4.01964543088
4.01964543761
4.01964552851
4.01964549006
4.01964541545
4.40514618285
4.10126370418
4.10126370418
4.10126368763
4.10126370212
4.10126370159
4.10126375584
4.10126374353
4.10126373883
4.10126374066
4.10126372818
4.1012637583
4.10126375912
4.10126371942
4.10126385065
4.10126376999
4.1012636908
4.16840391221
4.11561491839
4.11561491839
4.11561490195
4.11561491375
4.11561491579
4.11561495391
4.11561494112
4.11561493798
4.11561493947
4.11561493742
4.11561494812
4.11561496622
4.11561493447
4.11561501023
4.11561499041
4.11561490529
4.11276099589
4.11405511184
4.11405511184
4.11405509776
4.1140551109
4.11405510966
4.11405514212
4.11405512827
4.1140551285
4.11405513202
4.11405512829
4.1140551377
4.11405515462
4.11405512551
4.1140551953
4.11405517786
4.11405509818
4.10427289845
4.11197156362
4.11197156362
4.11197155001
4.11197156314
4.11197156154
4.11197159372
4.11197157938
4.11197158017
4.11197158408
4.1119715798
4.11197158904
4.11197160581
4.11197157694
4.11197164604
4.11197162866
4.11197154989
4.1017631126
4.10701078546
4.10701078546
4.10701077161
4.10701078469
4.10701078333
4.10701081586
4.10701080167
4.10701080188
4.10701080588
4.10701080157
4.10701081012
4.10701082756
4.1070107987
4.10701086596
4.10701085026
4.10701077173
4.10751177626
4.1072039518
4.1072039518
4.10720393797
4.10720395095
4.10720394968
4.10720398197
4.10720396788
4.107203968
4.10720397186
4.10720396784
4.10720397628
4.10720399397
4.10720396484
4.107204032
4.107204016
4.10720393803
     fun: 7.949104576816158
     jac: array([-0.00351155, -0.00713682, -0.0009501 , -0.00725192, -0.00559008,
       -0.00615895, -0.00731945, -0.00449812, -0.00571418, -0.00921953,
       -0.00374544, -0.01081401, -0.00893474, -0.00139737])
 message: 'Optimization terminated successfully.'
    nfev: 320
     nit: 18
    njev: 18
  status: 0
 success: True
       x: array([ 0.79331888, -0.5969474 , -0.52026469, -0.70499117,  0.37053151,
        0.01089415,  0.1148957 , -0.16072421,  0.29838383,  0.07576855,
       -0.14327796, -0.57121998,  0.0442158 ,  0.41906957])

========================================================

Final result:
0.793318876388
-0.596947398823
-0.520264691077
0.107964404504
0.107964404504
0.107964404504
-0.704991167299
0.37053150785
0.0108941537612
0.114895696331
-0.160724206878
0.298383828069
0.0757685465835
0.0757685465835
-0.14327796369
-0.571219977001
0.0442157966834
0.0442157966834
0.419069566765
-0.651155073721
-0.651155073721
-0.571219977001
