charges/CYD_neutral_methyl.filelist
14.1320055703
14.1320055703
14.1320051573
14.1320050316
14.1320054916
14.1320065603
14.1320066875
14.1320062787
14.1320062394
14.1320063079
14.1320059954
14.1320070178
14.1320063782
14.1320059546
14.1320057752
41934.3540622
4183.46659319
589.194822802
114.457358735
21.2266795157
8.78140385009
8.78140385009
8.781403454
8.78140339035
8.78140377422
8.7814040792
8.78140411925
8.78140379452
8.78140372496
8.78140358611
8.78140380597
8.78140318577
8.78140358417
8.78140379919
8.78140383098
4919.30624485
618.697517981
123.050136489
24.0805983492
5.46365159976
5.46365159976
5.46365177708
5.46365199342
5.46365163347
5.46365083244
5.46365063272
5.46365096246
5.46365104751
5.46365079116
5.46365117582
5.46364992688
5.4636507065
5.46365113342
5.46365143062
404.81085186
39.7520792276
6.05089905176
5.32915937416
5.32915937416
5.32915954131
5.32915970895
5.3291594057
5.32915851728
5.32915835046
5.32915865946
5.32915868546
5.32915853993
5.32915892011
5.32915768529
5.32915845548
5.32915892096
5.32915916551
185.526067149
18.367459853
5.3116757846
5.22646175335
5.22646175335
5.22646195822
5.2264621413
5.22646179248
5.22646089249
5.22646071883
5.22646103805
5.22646106737
5.2264608883
5.22646132755
5.22645998382
5.22646080288
5.22646137795
5.22646153435
108.966849372
10.6084604218
4.96328852898
4.96328852898
4.96328877487
4.96328893145
4.96328857641
4.96328763377
4.96328749798
4.96328778152
4.96328779976
4.96328766124
4.96328805532
4.96328670038
4.96328768304
4.96328805215
4.96328831716
162.409367141
15.5938098904
4.79134061363
4.79134061363
4.79134089748
4.7913410282
4.79134066887
4.79133976037
4.79133964626
4.7913398876
4.79133988899
4.79133976752
4.79134015559
4.79133894757
4.79133961474
4.7913401463
4.79134042534
74.6375987998
7.82360147289
4.28797864294
4.28797864294
4.28797893481
4.28797901101
4.28797869792
4.2879777786
4.28797768032
4.28797797161
4.28797801923
4.28797787049
4.28797822666
4.28797710844
4.28797775273
4.28797822797
4.28797847945
19.237471334
3.77553204489
3.77553204489
3.77553209417
3.77553201158
3.77553205471
3.77553256315
3.77553265643
3.77553259783
3.77553261147
3.77553282464
3.77553238916
3.7755337168
3.77553287932
3.77553241516
3.77553216189
16.9520012723
3.81807555877
3.57209348865
3.57209348865
3.57209349461
3.57209340699
3.57209349005
3.5720940967
3.57209419813
3.57209410921
3.57209410197
3.57209434494
3.57209389222
3.57209531166
3.57209441395
3.57209390214
3.57209366497
5.41126136773
2.26058198999
2.26058198999
2.26058175898
2.26058166301
2.26058194532
2.26058236019
2.26058244696
2.26058221049
2.26058215503
2.26058220366
2.26058214672
2.2605823802
2.26058225228
2.26058217016
2.26058205501
3.34898086063
2.0274700756
2.0274700756
2.02747001679
2.02747002815
2.02747006442
2.02747007086
2.02747004353
2.02747002916
2.02747002402
2.02746998678
2.02747005216
2.02746987024
2.02746998864
2.02747004483
2.02747007631
3.34243164659
2.00112282882
2.00112282882
2.0011228065
2.00112284329
2.00112282423
2.00112276428
2.00112273838
2.00112275541
2.00112276333
2.00112272226
2.00112278619
2.00112259833
2.00112271648
2.00112277674
2.00112282205
1.96783966163
1.94988577682
1.94988577682
1.94988578132
1.94988579574
1.94988577765
1.94988575138
1.94988574195
1.94988575191
1.94988575577
1.94988575254
1.94988576388
1.94988573175
1.9498857488
1.9498857641
1.94988577253
1.94812918534
1.94812918534
1.94812917341
1.94812918338
1.94812918294
1.94812921195
1.94812920482
1.94812920567
1.94812921473
1.94812920905
1.94812919987
1.94812923302
1.94812921244
1.94812919697
1.94812919429
1.94904163848
1.94904163848
1.94904162533
1.94904163109
1.94904163591
1.94904165247
1.94904164889
1.9490416423
1.94904164353
1.9490416449
1.94904164417
1.94904165246
1.94904164653
1.94904164554
1.94904164237
1.94750151028
1.94824253327
1.94824253327
1.94824252219
1.94824252873
1.94824253111
1.94824254136
1.94824253726
1.94824253215
1.94824253328
1.94824253393
1.94824253607
1.94824253581
1.94824253469
1.94824253713
1.94824253567
1.948278671
1.948278671
1.94827866343
1.94827867339
1.94827866949
1.94827867769
1.94827867073
1.94827867182
1.94827867711
1.94827867321
1.94827867391
1.94827867641
1.94827867375
1.94827867309
1.94827867423
1.94805231359
1.94805231359
1.94805230414
1.94805231242
1.94805231172
1.94805232215
1.94805231659
1.94805231492
1.94805231824
1.94805231718
1.94805231741
1.94805232214
1.9480523181
1.94805231753
1.94805231675
1.94813123434
1.94808964157
1.94808964157
1.94808963201
1.94808964027
1.94808963968
1.94808965036
1.94808964484
1.94808964287
1.94808964626
1.9480896448
1.94808964533
1.94808964921
1.94808964568
1.94808964534
1.9480896448
     fun: 2.074982719345668
     jac: array([-0.00889826, -0.01477596, -0.00178796,  0.02163905,  0.02740407,
        0.01423705,  0.00820708,  0.01665062,  0.0107812 ,  0.03363439,
        0.01950338,  0.01163474,  0.00469029])
 message: 'Optimization terminated successfully.'
    nfev: 330
     nit: 20
    njev: 20
  status: 0
 success: True
       x: array([ 0.66699773, -0.55130955, -0.49805621, -0.51323749,  0.29595619,
        0.02837318,  0.12580596, -0.31490396,  0.50714808,  0.12689516,
       -0.77304228, -0.47842492, -0.49866497])

========================================================

Final result:
0.666997725486
-0.551309553954
-0.498056208649
0.127456012372
0.127456012372
0.127456012372
-0.513237494086
0.295956188003
0.0283731761087
0.125805957445
-0.314903955463
0.507148084671
0.126895159926
0.126895159926
-0.773042276568
-0.478424917039
-0.498664968905
0.367199885981
