charges/ASN_neutral_methyl.filelist
5.04137338391
5.04137338391
5.04137304218
5.04137286009
5.04137331741
5.04137413035
5.04137427114
5.04137391017
5.0413738269
5.04137397606
5.04137371444
5.04137467843
5.04137388102
5.04137372597
5.04137369957
5.04137401848
5.04137473752
5.04137353416
56855.3290683
5682.99353874
618.59614089
102.266462809
17.2336496269
4.5423864641
4.5423864641
4.54238616853
4.54238602804
4.54238640631
4.54238634111
4.54238645326
4.54238616638
4.54238607491
4.54238598701
4.54238629681
4.54238555119
4.54238574016
4.54238634402
4.54238560478
4.54238568925
4.54238486237
4.54238637099
5759.45872358
677.782844173
126.385977605
24.1634734434
4.73974904633
3.24563608779
3.24563608779
3.2456360568
3.24563603167
3.2456360803
3.24563542591
3.24563542686
3.24563546664
3.24563543854
3.24563533088
3.24563571432
3.24563455544
3.24563521157
3.24563576206
3.24563509846
3.24563525076
3.24563443623
3.24563589273
2089.27370627
207.650037089
29.3678013555
4.75447021396
2.91071364854
2.91071364854
2.91071375676
2.91071383949
2.9107136679
2.91071293618
2.9107128596
2.91071305362
2.91071313297
2.91071286461
2.91071329088
2.91071205371
2.91071270432
2.91071332741
2.9107126731
2.91071260112
2.91071146619
2.91071347118
660.197408725
65.3182930334
7.20261640252
2.81402400028
2.81402400028
2.81402405982
2.81402410772
2.81402401011
2.81402325981
2.81402321069
2.81402335056
2.81402342498
2.81402313554
2.8140235902
2.81402213514
2.81402310267
2.81402359566
2.81402320415
2.81402294864
2.81402177077
2.81402381277
265.682624515
26.1921724321
3.45421786463
2.75420517912
2.75420517912
2.75420526032
2.75420528888
2.75420519331
2.75420437499
2.75420434562
2.75420448234
2.75420451352
2.7542043179
2.75420474684
2.75420336958
2.75420426868
2.75420476977
2.75420436762
2.75420410074
2.7542028828
2.75420497054
125.415467222
12.2756707321
2.78579487822
2.68312269969
2.68312269969
2.68312281322
2.68312286487
2.68312272103
2.68312190594
2.68312188006
2.68312199499
2.68312201839
2.68312181079
2.68312226622
2.68312081766
2.68312176682
2.68312229486
2.68312186463
2.68312160827
2.68312038614
2.68312248722
35.2559826383
4.06083059492
2.64109944649
2.64109944649
2.64109955477
2.64109962735
2.64109946697
2.64109867655
2.64109863152
2.64109875375
2.64109878635
2.64109857787
2.641098989
2.64109761476
2.64109852983
2.64109895602
2.6410986217
2.64109837564
2.64109717724
2.64109925486
89.1649952121
8.52483253126
2.54969259712
2.54969259712
2.54969267605
2.54969280739
2.54969261162
2.54969191567
2.54969181143
2.54969199683
2.54969200617
2.54969184677
2.54969224292
2.5496910012
2.5496918306
2.54969227177
2.54969193535
2.54969169265
2.54969067902
2.54969242806
11.8157973784
2.17931921283
2.17931921283
2.17931938639
2.17931942131
2.17931924654
2.17931921003
2.17931916239
2.17931931786
2.17931935685
2.1793193907
2.17931929644
2.17931955979
2.1793194887
2.17931926524
2.17931957206
2.17931951568
2.17931986124
2.17931929773
20.4789025402
2.78295517359
2.03184742807
2.03184742807
2.0318475988
2.03184764237
2.03184746166
2.03184760126
2.03184753526
2.03184769052
2.03184773862
2.03184781228
2.03184759109
2.03184820423
2.03184793457
2.03184756994
2.0318480083
2.03184799547
2.0318486285
2.03184751609
6.59313708997
1.93874554711
1.93874554711
1.93874562701
1.93874565704
1.9387455622
1.93874599321
1.93874599492
1.93874603556
1.93874606775
1.93874621039
1.93874585185
1.9387469103
1.93874633363
1.93874582028
1.93874633226
1.93874643633
1.93874737999
1.9387457137
2.24323971411
1.50918787787
1.50918787787
1.50918778971
1.50918775394
1.50918786049
1.50918813711
1.50918818442
1.50918806507
1.50918804594
1.50918809227
1.50918798998
1.50918834387
1.50918806119
1.5091879941
1.50918802113
1.50918808054
1.50918826952
1.50918793065
1.5458168106
1.42575391469
1.42575391469
1.42575388282
1.42575387457
1.42575390796
1.42575392998
1.4257539452
1.42575391222
1.42575390829
1.42575390878
1.42575391214
1.42575390813
1.42575389264
1.42575391651
1.42575387496
1.42575390342
1.42575387775
1.42575390737
1.48254901411
1.41497497817
1.41497497817
1.41497497436
1.41497497518
1.41497497687
1.41497495109
1.41497495126
1.41497495191
1.41497495606
1.41497494957
1.41497495985
1.41497491775
1.41497494715
1.41497496528
1.41497494151
1.41497495624
1.4149749206
1.41497496812
1.5018806641
1.41180090372
1.41180090372
1.41180090155
1.41180090482
1.41180090269
1.41180087809
1.41180087938
1.41180088068
1.41180088621
1.41180087861
1.41180088796
1.41180085119
1.41180087589
1.41180089287
1.41180087546
1.41180088317
1.41180085136
1.41180089592
1.40952157194
1.4057339564
1.4057339564
1.40573395319
1.40573395366
1.40573395529
1.40573395049
1.40573395251
1.40573394895
1.40573395312
1.40573394719
1.40573395183
1.40573393788
1.40573394253
1.40573395465
1.40573394503
1.40573394523
1.40573391975
1.40573395561
1.40371189219
1.40371189219
1.40371189024
1.40371188969
1.40371189133
1.40371189428
1.40371189675
1.40371189374
1.40371189688
1.40371189781
1.40371189305
1.40371190483
1.4037118969
1.40371189546
1.40371189606
1.40371190709
1.40371191352
1.40371189382
1.40471007579
1.40471007579
1.40471007417
1.4047100748
1.40471007499
1.40471007636
1.40471007815
1.40471007592
1.40471008036
1.40471007787
1.40471007575
1.40471008053
1.40471007592
1.40471007814
1.40471007719
1.40471008238
1.40471007742
1.40471007708
1.404556631
1.404556631
1.40455662856
1.40455662864
1.40455663005
1.40455663038
1.40455663261
1.40455662937
1.40455663311
1.40455663091
1.40455662994
1.40455663152
1.4045566284
1.4045566325
1.40455662928
1.40455663491
1.40455662738
1.40455663179
1.40468052788
1.40468052788
1.40468052576
1.404680526
1.40468052699
1.40468052783
1.40468052989
1.40468052706
1.40468053105
1.40468052884
1.40468052729
1.4046805305
1.40468052659
1.40468052977
1.4046805275
1.40468053331
1.40468052744
1.40468052891
     fun: 1.4592154969106081
     jac: array([-0.00054558, -0.00156593, -0.00010824,  0.00104588,  0.00101815,
        0.00118327,  0.00139566,  0.00154257,  0.00069624,  0.00423066,
        0.00116257,  0.00035682, -0.00118044,  0.00554144,  0.01328781,
        0.00066823])
 message: 'Optimization terminated successfully.'
    nfev: 414
     nit: 21
    njev: 21
  status: 0
 success: True
       x: array([ 0.47235106, -0.44143548, -0.48622717, -0.32920623,  0.23625315,
        0.01293382,  0.11258644, -0.32830253,  0.55557215,  0.13486802,
        0.49424067, -0.46822652, -0.42737888, -0.68303312,  0.33219723,
       -0.51009018])

========================================================

Final result:
0.47235106406
-0.441435484466
-0.486227172958
0.151770531121
0.151770531121
0.151770531121
-0.329206229347
0.23625314859
0.0129338153581
0.112586437509
-0.32830252798
0.555572149317
0.134868018205
0.134868018205
0.494240673765
-0.468226521819
-0.427378878286
-0.683033118256
0.332197231867
0.332197231867
-0.510090176381
0.400520727387
