charges/HIE_charged_methyl.filelist
64.9804563253
64.9804563253
64.9804566955
64.9804567147
64.980456395
64.9804557473
64.9804557188
64.9804560542
64.9804560761
64.9804562125
64.9804561884
64.9804561824
64.9804562595
64.9804561298
64.9804562743
64.980456288
64.9804563039
64.9804563111
64.980456291
64.9804563199
16864.1943576
1668.32929825
170.514769741
62.2083418596
62.2083418596
62.2083421645
62.2083421517
62.2083419168
62.2083419308
62.2083419488
62.2083422028
62.2083422007
62.2083422882
62.2083424153
62.2083428622
62.2083421812
62.2083430994
62.2083421561
62.2083420835
62.2083420403
62.2083419742
62.2083420805
62.2083419966
8256.99963222
778.756730139
127.207506893
33.1457326882
33.1457326882
33.1457325306
33.1457322493
33.1457326564
33.1457331304
33.1457333672
33.1457330874
33.1457329331
33.1457330793
33.1457332884
33.1457335479
33.1457329688
33.1457340328
33.1457329507
33.1457328754
33.1457328483
33.1457327848
33.1457328689
33.1457328165
1525.80709994
152.391232848
31.9924568738
28.6830817385
28.6830817385
28.6830815832
28.683081348
28.6830817077
28.6830823744
28.6830825739
28.6830822631
28.6830821747
28.6830822403
28.6830823006
28.6830828142
28.6830821142
28.6830829081
28.6830820999
28.6830819939
28.6830819609
28.6830818727
28.6830819868
28.6830819155
1215.12348722
117.819450618
28.5472050035
27.6300048181
27.6300048181
27.6300046689
27.6300044671
27.6300047887
27.6300055067
27.6300056918
27.6300053889
27.6300053396
27.6300052811
27.6300054525
27.630005759
27.6300051493
27.6300061489
27.6300051087
27.6300050528
27.630004981
27.6300049285
27.6300050662
27.6300049213
141.559115723
24.8304077538
23.846609075
23.846609075
23.8466088979
23.8466087257
23.8466090403
23.8466097688
23.846609926
23.8466096287
23.8466096025
23.8466094876
23.8466096666
23.846609874
23.8466093805
23.8466103032
23.8466094546
23.8466092132
23.8466093457
23.8466091866
23.846609117
23.8466093729
934.014684494
81.8022144646
18.3810461128
18.3810461128
18.3810458753
18.3810457118
18.3810460662
18.381046753
18.3810468856
18.381046586
18.3810465487
18.381046496
18.3810465569
18.381046948
18.3810463186
18.3810470032
18.3810462546
18.3810462162
18.3810461487
18.3810461445
18.381046191
18.3810460797
281.945903396
19.9136209353
13.0172676501
13.0172676501
13.0172673425
13.017267221
13.0172675894
13.0172681956
13.017268279
13.0172679897
13.0172679912
13.0172678775
13.0172678886
13.0172681013
13.0172677672
13.0172680858
13.0172676896
13.0172677389
13.0172676339
13.0172676679
13.0172677643
13.017267574
121.165147345
14.4612603417
9.29956360036
9.29956360036
9.29956339981
9.29956336975
9.29956356204
9.29956388595
9.29956392319
9.29956364805
9.29956364599
9.29956357308
9.29956347325
9.29956351803
9.29956353143
9.29956326039
9.29956345758
9.2995635717
9.29956346913
9.29956355493
9.29956360888
9.29956342299
75.9315782918
14.5796404435
7.09960604135
7.09960604135
7.09960615162
7.0996062671
7.0996060611
7.09960569295
7.09960558154
7.09960569454
7.09960583599
7.09960570368
7.09960547797
7.09960530195
7.09960578475
7.09960479531
7.09960575174
7.09960589835
7.0996058251
7.0996059444
7.09960594171
7.09960579241
26.9668715301
7.14455041684
7.14455041684
7.14455061694
7.14455067329
7.14455045384
7.14455013307
7.14455008245
7.14455024111
7.1445503015
7.14455028044
7.14455023311
7.14455015163
7.14455030662
7.14455005622
7.14455027287
7.14455038908
7.14455036469
7.14455039581
7.14455045458
7.14455043273
32.4030599946
7.71216184209
6.573988262
6.573988262
6.57398842949
6.57398841065
6.57398829239
6.57398806672
6.57398808709
6.57398817946
6.57398816966
6.57398823024
6.57398827438
6.57398820729
6.57398826225
6.57398836078
6.57398826622
6.57398829722
6.57398829759
6.57398828691
6.57398833076
6.57398833253
13.6755393793
7.27739766276
7.27739766276
7.27739775859
7.27739765278
7.27739767912
7.27739735013
7.27739742552
7.27739740665
7.27739740087
7.27739745676
7.27739743069
7.27739723301
7.27739752312
7.27739723577
7.27739755646
7.27739757196
7.27739762927
7.27739763138
7.27739757038
7.27739768561
9.87270298205
6.87231397432
6.87231397432
6.87231407781
6.8723139932
6.87231399206
6.87231400098
6.87231406957
6.87231405324
6.87231407424
6.87231406481
6.87231407289
6.87231417441
6.87231404278
6.87231420579
6.87231405371
6.87231401799
6.87231403331
6.87231400471
6.87231400945
6.87231403891
5.61431110567
6.10468869373
6.10468869373
6.10468874881
6.10468865831
6.10468870174
6.10468869227
6.10468876061
6.10468873045
6.10468873936
6.1046887371
6.10468876096
6.10468879366
6.10468871868
6.1046888694
6.10468872359
6.10468870553
6.10468870923
6.10468870223
6.10468869804
6.10468870406
5.71718410573
5.9007219834
5.9007219834
5.90072203404
5.90072195498
5.90072199063
5.90072198009
5.9007220388
5.90072200629
5.90072201935
5.90072201742
5.9007220132
5.90072205787
5.90072201062
5.90072206991
5.90072201597
5.90072200334
5.9007220061
5.90072199848
5.90072199763
5.90072200137
5.76783273514
5.84931292505
5.84931292505
5.84931297934
5.84931290602
5.84931293303
5.8493129062
5.84931296133
5.84931293082
5.84931294629
5.84931294002
5.84931293416
5.84931295618
5.84931293805
5.849312968
5.84931294387
5.84931293767
5.84931293795
5.84931293458
5.8493129379
5.84931293505
5.77399328543
5.8207879057
5.8207879057
5.82078796719
5.82078789845
5.82078791512
5.82078787528
5.82078792753
5.82078790375
5.82078792019
5.82078791231
5.8207879106
5.82078792001
5.82078791038
5.82078794216
5.82078791321
5.82078791309
5.82078791103
5.8207879118
5.82078791391
5.82078790808
5.79955699422
5.81315508278
5.81315508278
5.81315514563
5.81315507669
5.81315509245
5.8131550469
5.81315509875
5.81315507685
5.81315509244
5.81315508909
5.81315508258
5.81315509891
5.81315508761
5.81315510826
5.81315509176
5.81315508969
5.81315508998
5.81315508923
5.81315508968
5.8131550886
5.81748085527
5.81488584732
5.81488584732
5.81488591053
5.81488584181
5.81488585705
5.81488581099
5.81488586252
5.8148858417
5.81488585787
5.81488585322
5.81488584823
5.8148858619
5.81488585197
5.81488587546
5.81488585583
5.81488585459
5.81488585457
5.8148858539
5.81488585516
5.81488585363
5.81613956039
5.81550578602
5.81550578602
5.81550584914
5.81550578033
5.81550579573
5.81550575013
5.81550580178
5.8155057808
5.81550579687
5.81550579231
5.81550578744
5.81550580147
5.81550579094
5.81550581527
5.81550579474
5.81550579351
5.81550579342
5.8155057927
5.81550579413
5.81550579246
5.81563292003
5.81554239364
     fun: 12.082757218847505
     jac: array([-0.00143313,  0.0004499 , -0.00076818, -0.01543093, -0.01654422,
       -0.01301801, -0.00998056, -0.01204026, -0.01570439, -0.02501059,
       -0.00955629, -0.03228974, -0.0108732 , -0.00530243, -0.00815356,
       -0.00359249, -0.00349212, -0.00971591])
 message: 'Optimization terminated successfully.'
    nfev: 456
     nit: 21
    njev: 21
  status: 0
 success: True
       x: array([-1.31165317,  0.07337214, -0.44600591,  0.98786577, -0.1078119 ,
        0.24833042, -0.05551778, -0.3328461 ,  0.58583811,  0.03603935,
        0.07915759, -0.65838221, -0.28094678, -0.07250863, -0.34473997,
        0.1026876 ,  0.05068064,  0.23056921])

========================================================

Final result:
-1.31165317219
0.0733721364367
-0.446005909281
0.228095648345
0.228095648345
0.228095648345
0.987865774317
-0.107811895933
0.248330422551
-0.0555177838396
-0.332846098664
0.585838114785
0.0360393467201
0.0360393467201
0.0791575932248
-0.658382209814
-0.280946776072
-0.0725086333033
-0.344739970709
0.102687603237
0.0506806359031
0.230569211498
0.153927529192
-0.658382209814
