charges/ASN_charged_methyl.filelist
80.834922377
80.834922377
80.8349227401
80.8349227617
80.8349224455
80.8349214051
80.8349213486
80.8349216799
80.8349216892
80.8349219456
80.83492168
80.8349215853
80.8349221259
80.8349209774
80.8349221056
80.8349223205
44647.6321819
4416.47633484
632.864807071
110.414297267
60.0720226195
60.0720226195
60.0720229821
60.072022995
60.0720226876
60.0720223044
60.0720222953
60.0720226147
60.0720226472
60.0720227234
60.0720227944
60.0720229311
60.0720226987
60.0720230733
60.0720227112
60.0720226501
4345.66830542
532.978270773
89.4419312603
35.3340005118
35.3340005118
35.3340004982
35.3340002748
35.3340005076
35.3340008232
35.3340010196
35.3340008827
35.3340008094
35.334000859
35.3340010926
35.3340012859
35.3340007254
35.3340018121
35.3340007343
35.3340005764
1113.38983642
111.838461538
32.6399490685
32.6399490685
32.6399491097
32.6399490216
32.639949076
32.6399497058
32.6399498064
32.6399496995
32.6399497913
32.6399495429
32.6399497242
32.6399499972
32.6399493993
32.6399504045
32.6399494699
32.6399491618
500.566849285
52.4443821776
31.4284388082
31.4284388082
31.4284388279
31.4284387535
31.4284388116
31.4284394763
31.4284395797
31.4284394601
31.4284395607
31.4284392282
31.4284395458
31.4284395761
31.4284390811
31.428440345
31.4284391282
31.4284388774
343.17023027
35.3959697525
28.0340711044
28.0340711044
28.0340710852
28.0340710209
28.0340711007
28.0340718418
28.0340719373
28.0340717817
28.0340718612
28.0340715782
28.0340718249
28.0340720802
28.0340713196
28.0340725848
28.034071248
28.0340711622
400.893109248
24.8280085022
17.912841594
17.912841594
17.9128414083
17.9128413359
17.9128415578
17.912842524
17.9128426184
17.9128423715
17.9128424406
17.9128421077
17.9128423954
17.9128425773
17.9128418836
17.9128432267
17.9128418756
17.9128416727
86.1289019778
13.1439367691
13.1439367691
13.143936671
13.1439366267
13.1439367528
13.1439368122
13.1439368845
13.1439365696
13.1439364521
13.1439365758
13.1439364657
13.1439363218
13.1439366563
13.1439361144
13.1439366499
13.1439367438
103.586127695
16.477386112
10.6679247251
10.6679247251
10.6679246648
10.6679246217
10.667924714
10.6679242113
10.6679242265
10.6679240642
10.6679239803
10.6679241943
10.6679238855
10.6679235926
10.6679244161
10.6679229503
10.6679244013
10.6679246507
24.2061301533
7.47977311472
7.47977311472
7.47977335911
7.47977339447
7.4797731594
7.47977254391
7.4797724937
7.47977273374
7.47977272397
7.47977289651
7.47977278858
7.47977270121
7.47977303068
7.47977249936
7.47977307611
7.47977310339
21.9981594267
8.67641714431
8.67641714431
8.67641723778
8.67641710706
8.67641715925
8.67641701323
8.6764170959
8.6764171233
8.67641716001
8.67641716075
8.67641716285
8.67641720879
8.67641714698
8.67641721914
8.67641712848
8.67641715546
7.28346647209
7.28346647209
7.28346659848
7.28346660771
7.28346649482
7.2834665523
7.28346655442
7.28346658709
7.28346667565
7.28346653893
7.28346655647
7.28346657166
7.28346651964
7.2834666348
7.28346649991
7.28346650497
6.58681929866
6.36646126527
6.36646126527
6.36646131975
6.36646128663
6.36646127427
6.36646140262
6.36646144423
6.36646138203
6.36646141586
6.36646133865
6.36646136591
6.36646138491
6.36646131637
6.36646147228
6.36646131529
6.36646129212
6.7217239012
6.27724027684
6.27724027684
6.27724031182
6.2772402251
6.2772402815
6.27724026696
6.27724033359
6.27724027349
6.27724026756
6.27724028561
6.27724029035
6.27724029996
6.27724027733
6.27724033057
6.27724025431
6.27724029212
6.70931651672
6.26082220832
6.26082220832
6.26082227004
6.26082219537
6.26082221792
6.26082215932
6.26082221488
6.26082218647
6.26082220324
6.26082220155
6.26082218754
6.26082219423
6.26082220501
6.26082218291
6.26082219428
6.26082222009
6.23237947178
6.24804821076
6.24804821076
6.24804827393
6.24804820022
6.24804822063
6.24804816807
6.24804822209
6.24804819774
6.2480482158
6.24804820991
6.24804820295
6.24804820678
6.24804821287
6.24804821366
6.24804820513
6.24804822381
6.22403782882
6.24066378155
6.24066378155
6.24066384566
6.24066377287
6.24066379157
6.24066373966
6.24066379378
6.24066377064
6.24066378833
6.2406637835
6.24066377715
6.24066378474
6.2406637851
6.24066379201
6.24066377706
6.24066379509
6.23801432713
6.23960753574
6.23960753574
6.23960760116
6.23960752894
6.23960754603
6.23960749255
6.23960754615
6.23960752376
6.23960754136
6.23960753726
6.23960752992
6.2396075385
6.2396075389
6.23960754313
6.23960753061
6.23960754922
6.2360757445
6.23851626886
6.23851626886
6.23851633432
6.23851626224
6.23851627916
6.23851622521
6.23851627878
6.23851625644
6.23851627404
6.23851626979
6.23851626275
6.23851627001
6.23851627189
6.23851627575
6.23851626386
6.23851628229
6.23475624456
6.23690447679
6.23690447679
6.23690454216
6.23690447018
6.23690448707
6.2369044332
6.23690448667
6.23690446435
6.23690448201
6.23690447772
6.23690447049
6.23690447794
6.23690447983
6.2369044832
6.23690447178
6.23690449024
     fun: 13.02342064529325
     jac: array([ 0.00071478, -0.00011587,  0.00064933, -0.00812292, -0.00832868,
       -0.00586843, -0.00648499, -0.00254536, -0.0061425 , -0.0042727 ,
       -0.00011826, -0.01277459,  0.00143528, -0.0003022 ])
 message: 'Optimization terminated successfully.'
    nfev: 348
     nit: 20
    njev: 20
  status: 0
 success: True
       x: array([-1.37340616,  0.11715902, -0.45384841,  1.02620395, -0.13843725,
        0.26178264, -0.07106122, -0.40935848,  0.62129133,  0.0590487 ,
        0.26790251, -0.654776  , -0.44449497, -0.23631955])

========================================================

Final result:
-1.3734061594
0.117159017342
-0.453848409083
0.236698517049
0.236698517049
0.236698517049
1.02620395066
-0.13843725018
0.261782637631
-0.0710612225633
-0.409358478679
0.62129132806
0.059048697989
0.059048697989
0.267902509334
-0.654775996639
-0.444494967877
-0.236319550964
0.156972820939
0.156972820939
-0.654775996639
