charges/LYS_neutral_methyl.filelist
4.93133907271
4.93133907271
4.93133915321
4.93133913306
4.93133908712
4.93133921573
4.93133920017
4.9313392956
4.93133930595
4.93133946411
4.93133920116
4.93133981698
4.93133967695
4.93133919967
4.93134031077
4.93133984855
4.93134055061
4.93134011439
4.93134120402
4.93134034663
4.93134305888
4.93133913721
193418.17081
19338.8496449
1930.9206308
343.154112453
65.6997223208
12.0587510005
3.79861012644
3.79861012644
3.79861020872
3.79861018572
3.79861014083
3.79860950003
3.79860951302
3.79860961826
3.79860959661
3.7986095852
3.79860982621
3.79860900226
3.79860960506
3.7986098818
3.79860912133
3.79860957938
3.7986089121
3.79860971053
3.79860932843
3.79860981786
3.79860927523
3.79860996626
12910.1477718
1288.95089099
208.111111385
37.1934666663
6.59579919487
3.04066110715
3.04066110715
3.04066110997
3.0406610324
3.04066110622
3.04066072552
3.04066080004
3.04066077237
3.04066073489
3.04066071641
3.04066093564
3.04066035672
3.04066061119
3.04066101918
3.04066016379
3.04066043988
3.0406596735
3.04066039251
3.04065971366
3.0406602926
3.04065858646
3.04066100127
761.053994902
75.2847601424
8.71210628235
2.9396834386
2.9396834386
2.93968346466
2.93968342598
2.93968344222
2.9396830292
2.93968307823
2.9396830873
2.93968308827
2.93968300417
2.93968324193
2.93968262075
2.93968284468
2.93968329224
2.93968219353
2.93968276407
2.93968215105
2.93968258978
2.93968165591
2.93968252103
2.9396806349
2.93968333792
487.837765648
48.4005309189
5.23463053731
2.89653403365
2.89653403365
2.89653402036
2.89653399006
2.89653402981
2.89653367819
2.89653372131
2.89653369508
2.89653371724
2.89653356091
2.8965338289
2.89653308203
2.89653342924
2.89653385224
2.89653280059
2.89653333342
2.89653267001
2.89653317921
2.89653227412
2.89653308164
2.89653110484
2.89653394205
100.446366074
10.0908475582
2.93030874037
2.86788404148
2.86788404148
2.86788406778
2.86788406394
2.86788404557
2.86788366647
2.86788369342
2.86788369972
2.86788373301
2.86788357118
2.86788382955
2.86788310579
2.86788343078
2.8678838423
2.86788278607
2.86788333834
2.86788266995
2.86788319183
2.86788231218
2.8678830718
2.86788104238
2.86788395086
294.08977158
29.1597048553
3.79093510985
2.83581797241
2.83581797241
2.83581796543
2.83581795142
2.83581797041
2.83581764591
2.83581768873
2.83581764345
2.8358176584
2.83581750766
2.83581776472
2.83581706322
2.83581734071
2.83581777101
2.83581666035
2.83581724164
2.83581653837
2.83581709871
2.83581618295
2.83581700232
2.83581498966
2.83581788559
167.176387973
16.4016078823
2.96795506561
2.76956809666
2.76956809666
2.76956808641
2.76956807486
2.76956809437
2.7695677569
2.76956780067
2.76956774201
2.76956773189
2.76956762208
2.76956786749
2.76956716279
2.76956747759
2.76956786945
2.76956683172
2.76956737128
2.76956668189
2.76956720795
2.76956626677
2.76956710243
2.76956503515
2.76956799753
130.42723169
12.9770419584
2.88921396638
2.74130548604
2.74130548604
2.74130548329
2.74130549349
2.74130548524
2.74130515915
2.74130518798
2.74130514694
2.7413051456
2.74130500901
2.74130528395
2.74130453491
2.74130486439
2.74130531748
2.74130421865
2.74130475505
2.74130405816
2.74130459157
2.74130364216
2.74130448985
2.74130242156
2.74130538223
116.992667332
11.7435840039
2.85983519768
2.72453783483
2.72453783483
2.72453780959
2.72453780802
2.72453782952
2.72453750429
2.72453753838
2.72453748768
2.72453747173
2.72453735928
2.72453763129
2.72453689952
2.72453720715
2.72453767125
2.72453653857
2.72453711273
2.72453643305
2.72453695425
2.72453603188
2.72453683829
2.72453475817
2.72453772644
95.8121417052
9.56458412161
2.73805787966
2.68853627972
2.68853627972
2.68853624548
2.68853626272
2.68853627234
2.68853595914
2.68853596755
2.68853594867
2.68853595252
2.68853581729
2.68853607692
2.68853536629
2.6885356683
2.68853609613
2.68853502585
2.68853556361
2.68853488316
2.68853540293
2.68853447735
2.68853529535
2.68853324595
2.68853618211
5.17027665628
2.30952654132
2.30952654132
2.30952651871
2.30952652646
2.30952653667
2.30952648917
2.30952649696
2.30952646876
2.30952646066
2.30952641675
2.30952650861
2.30952630075
2.30952635225
2.30952649537
2.30952614376
2.30952631215
2.30952611189
2.30952622531
2.30952588419
2.30952616494
2.3095253643
2.30952655805
17.4414716572
2.50807012483
2.14619677072
2.14619677072
2.14619675584
2.14619675187
2.14619676786
2.14619687067
2.14619686398
2.14619684068
2.14619684385
2.14619683363
2.14619681215
2.146196903
2.14619681489
2.1461968012
2.14619684657
2.146196811
2.14619687429
2.14619676701
2.14619675148
2.14619673531
2.14619663652
2.14619679984
3.51710667079
2.12050948549
2.12050948549
2.12050947072
2.12050947901
2.1205094821
2.12050962319
2.1205096251
2.12050960365
2.12050961036
2.12050962296
2.12050955572
2.12050976293
2.12050963386
2.12050954441
2.12050977617
2.12050965092
2.12050982939
2.12050964183
2.12050979578
2.12050963531
2.12050992518
2.12050953011
2.18889059265
2.11517626435
2.11517626435
2.11517626403
2.11517626675
2.11517626362
2.11517630975
2.11517630862
2.11517630619
2.11517631054
2.11517632079
2.11517628634
2.1151763733
2.1151763352
2.11517628674
2.11517640537
2.11517634925
2.11517642967
2.1151763602
2.11517645841
2.11517637049
2.11517658495
2.11517628155
2.10628640885
2.10321843106
2.10321843106
2.10321843355
2.10321843337
2.10321843084
2.10321842759
2.10321842941
2.10321842985
2.10321843307
2.10321843524
2.10321842828
2.10321843541
2.10321844061
2.10321843252
2.10321845006
2.10321844534
2.10321845136
2.10321845195
2.10321847425
2.10321845919
2.10321851545
2.10321843268
2.10521679454
2.10521679454
2.10521679427
2.10521679083
2.10521679379
2.10521679435
2.10521679911
2.10521679395
2.10521679764
2.10521679551
2.10521679245
2.10521679612
2.10521679195
2.10521679823
2.1052167874
2.10521679021
2.10521678193
2.10521678438
2.10521677272
2.10521678184
2.10521674947
2.10521679609
2.10439816678
2.10439816678
2.10439816754
2.10439816563
2.10439816625
2.10439816526
2.10439816853
2.10439816556
2.10439816911
2.1043981681
2.10439816407
2.10439816749
2.10439816772
2.10439816884
2.10439816702
2.10439816868
2.10439816548
2.1043981671
2.10439816662
2.10439816819
2.10439816661
2.10439816841
2.10289095196
2.10378037308
2.10378037308
2.10378037397
2.10378037216
2.10378037257
2.10378037098
2.10378037415
2.10378037142
2.10378037493
2.10378037403
2.10378037011
2.10378037293
2.10378037394
2.10378037489
2.10378037329
2.10378037503
2.10378037166
2.10378037395
2.1037803742
2.1037803754
2.10378037591
2.10378037458
2.10385164759
2.10385164759
2.1038516484
2.10385164643
2.10385164706
2.10385164576
2.10385164906
2.10385164618
2.10385164967
2.10385164884
2.10385164482
2.10385164817
2.1038516486
2.10385164972
2.10385164817
2.10385164949
2.10385164603
2.10385164823
2.10385164829
2.10385164945
2.10385164887
2.10385164913
     fun: 2.145525090845106
     jac: array([ -5.68509102e-04,  -2.29904056e-03,  -5.69522381e-05,
         3.33932042e-03,   4.55346704e-03,   3.61442566e-03,
         2.70202756e-03,   5.55723906e-03,   3.16363573e-03,
         1.20311677e-02,   5.75247407e-03,   4.69869375e-03,
         1.31019652e-02,   3.62393260e-03,   4.70036268e-03,
         4.37656045e-03,   1.05786622e-02,   2.87407637e-03,
         8.13174248e-03,   8.80300999e-04])
 message: 'Optimization terminated successfully.'
    nfev: 482
     nit: 20
    njev: 20
  status: 0
 success: True
       x: array([ 0.39802241, -0.42041405, -0.47542819, -0.30949386,  0.23467365,
        0.01080104,  0.12423623, -0.29547389,  0.60790493,  0.14976321,
       -0.28606975, -0.4766254 ,  0.15817458, -0.32923122,  0.18972478,
       -0.16639027,  0.18811771, -0.37210966,  0.33523411, -0.54395514])

========================================================

Final result:
0.398022407036
-0.420414049869
-0.475428190229
0.165939944354
0.165939944354
0.165939944354
-0.309493859574
0.234673649125
0.010801039705
0.124236233949
-0.295473891761
0.607904925563
0.149763207222
0.149763207222
-0.286069754647
-0.476625399731
0.158174583701
0.158174583701
-0.3292312163
0.189724782832
0.189724782832
-0.166390265585
0.18811770742
0.18811770742
-0.372109659464
0.335234107171
0.335234107171
0.335234107171
-0.543955139822
0.424470454678
