charges/HIE_methyl_neutral.filelist
7.63268321301
7.63268321301
7.63268100573
7.63268212705
7.63268219377
7.63268228931
7.63268239023
7.63268193246
7.63268151638
7.63268264422
7.63268177158
7.63268272833
7.63268282922
7.63268294677
7.63268303098
7.63268283752
7.63268305509
7.63268343855
7.63268355943
7.63268325894
94406.3713162
9435.27576509
1130.99879703
222.282694433
44.9983420563
8.4834397759
4.77026746155
4.77026746155
4.77026752667
4.77026751017
4.77026747853
4.77026758621
4.77026759649
4.7702671703
4.77026781465
4.7702675958
4.77026699254
4.77026763373
4.77026755032
4.77026759011
4.77026752258
4.77026753849
4.77026760398
4.77026777238
4.77026791436
4.77026752562
5068.86691873
667.579820386
132.198920743
26.6761592696
5.06680218716
3.01543225853
3.01543225853
3.01543358416
3.0154329639
3.01543290442
3.01543299067
3.01543281836
3.01543281409
3.01543345013
3.01543264363
3.01543278092
3.01543258738
3.01543253353
3.01543244
3.01543238189
3.01543256015
3.01543238119
3.01543229869
3.01543229503
3.01543226493
568.270397941
56.2135317188
5.88381961935
2.92572635553
2.92572635553
2.92572775305
2.92572708556
2.92572703661
2.92572706736
2.92572699268
2.92572699491
2.92572773105
2.92572682038
2.92572701085
2.92572684339
2.92572664058
2.92572667894
2.92572652176
2.92572659865
2.92572667358
2.92572634151
2.92572629833
2.9257263505
524.85139985
51.8635957485
5.51013877431
2.828779834
2.828779834
2.82878162703
2.82878071983
2.82878055814
2.82878052457
2.82878048251
2.82878051135
2.82878121875
2.82878029888
2.82878055017
2.82878030725
2.82878012311
2.82878013711
2.82877999544
2.82878008896
2.82878011676
2.82877986032
2.82877981393
2.82877983795
726.798400217
72.1652454357
7.19404994884
2.77791415727
2.77791415727
2.77791588444
2.77791501964
2.77791492293
2.77791485749
2.77791490917
2.77791492897
2.77791582366
2.77791468468
2.77791501339
2.77791462334
2.77791452275
2.77791441937
2.77791432859
2.77791453824
2.777914339
2.77791417505
2.77791410969
2.77791416017
315.790332712
31.1750794902
3.74960728546
2.71709252499
2.71709252499
2.71709432467
2.71709343736
2.71709335445
2.71709332285
2.71709329127
2.71709337769
2.71709417865
2.71709307426
2.71709345868
2.71709303344
2.71709289902
2.7170928236
2.71709270994
2.71709290089
2.71709275206
2.71709256489
2.7170925201
2.7170925333
42.9676315253
4.41963598433
2.59982287275
2.59982287275
2.59982475496
2.59982382559
2.59982373935
2.59982368762
2.59982366796
2.5998237963
2.59982457782
2.5998234496
2.59982382613
2.59982340846
2.59982326496
2.5998231778
2.59982306674
2.59982325947
2.59982308077
2.59982285197
2.59982284391
2.5998228691
22.1770205325
2.95481532938
2.47644644062
2.47644644062
2.47644824362
2.47644734749
2.47644727864
2.4764472301
2.47644720395
2.47644734983
2.47644809688
2.47644696755
2.47644739108
2.47644693024
2.47644676834
2.47644671054
2.47644660465
2.47644672805
2.47644661858
2.47644641827
2.47644640635
2.47644643689
115.34572191
10.7494990049
2.28641101227
2.21389961858
2.21389961858
2.21390126082
2.21390041943
2.21390037131
2.21390032756
2.21390029067
2.21390046499
2.21390105397
2.21390009388
2.21390053872
2.21390004026
2.21389994214
2.213899861
2.21389977924
2.21389992866
2.21389977758
2.21389955553
2.2138995149
2.21389960569
6.83343821783
1.96000656655
1.96000656655
1.96000612015
1.96000635403
1.96000637472
1.96000632295
1.96000633829
1.96000651446
1.9600060615
1.96000637731
1.96000657091
1.9600063719
1.9600064421
1.96000644058
1.96000649479
1.96000645369
1.96000646059
1.96000642995
1.96000636435
1.9600065384
9.06089223818
2.04284056784
1.94085878941
1.94085878941
1.94085827646
1.94085854156
1.94085856442
1.94085852144
1.94085853516
1.94085868858
1.94085822422
1.94085858937
1.94085875634
1.9408585958
1.94085865384
1.94085865634
1.94085871307
1.94085865871
1.94085866325
1.94085866283
1.9408585904
1.94085876289
7.16337215005
1.91301258386
1.91301258386
1.91301183753
1.91301221301
1.91301224084
1.91301222922
1.91301225573
1.91301227926
1.91301188132
1.91301233204
1.91301230109
1.91301235851
1.91301241422
1.91301244634
1.91301249281
1.91301243257
1.91301249257
1.91301252281
1.91301253687
1.91301257065
3.44608634037
1.81196422198
1.81196422198
1.81196367524
1.81196395671
1.81196396381
1.81196397963
1.8119640072
1.81196391224
1.81196377454
1.81196407356
1.81196388355
1.81196409281
1.81196412472
1.81196416066
1.81196418105
1.81196411644
1.81196419329
1.81196426355
1.81196431057
1.81196423016
4.21283692281
1.77516483179
1.77516483179
1.77516455111
1.7751646905
1.77516469267
1.77516472143
1.77516473839
1.77516461054
1.77516465173
1.77516477388
1.7751645565
1.77516480351
1.7751647925
1.77516482504
1.77516481755
1.77516479216
1.77516484978
1.77516491795
1.7751649692
1.77516484947
1.78656649257
1.73222266423
1.73222266423
1.73222278061
1.73222273003
1.73222272009
1.7322227319
1.73222271743
1.73222270148
1.73222278447
1.73222269942
1.73222269654
1.73222270151
1.73222269097
1.73222268447
1.7322226762
1.73222269463
1.73222268029
1.73222267842
1.73222268151
1.73222266661
1.7169276262
1.7169276262
1.7169276059
1.71692762098
1.71692761599
1.71692761176
1.71692761747
1.71692762146
1.7169276122
1.71692761768
1.71692762701
1.71692762378
1.71692762115
1.71692762369
1.71692762354
1.71692761948
1.7169276249
1.71692762273
1.71692761965
1.71692762515
1.723990384
1.72006782274
1.72006782274
1.72006778931
1.72006781165
1.72006780752
1.72006780647
1.72006780844
1.7200678099
1.72006779673
1.72006780933
1.72006781359
1.7200678153
1.72006781512
1.72006781716
1.72006781867
1.720067815
1.72006781854
1.72006782027
1.72006781838
1.72006782185
1.72068684153
1.71983851731
1.71983851731
1.71983850527
1.71983851775
1.71983851301
1.71983851558
1.71983851252
1.71983851114
1.71983851138
1.7198385105
1.71983851302
1.719838515
1.7198385148
1.71983851447
1.71983851522
1.71983851598
1.7198385152
1.7198385171
1.71983851624
1.71983851683
1.72041498243
1.72041498243
1.72041497865
1.72041498675
1.72041498141
1.72041498334
1.72041498157
1.72041497909
1.72041498545
1.72041497872
1.72041498109
1.72041498362
1.72041498177
1.72041498189
1.72041498149
1.72041498255
1.72041498246
1.72041498323
1.72041498253
1.72041498216
1.72006148294
1.72006148294
1.72006147705
1.72006148628
1.72006148113
1.72006148327
1.72006148103
1.72006147898
1.72006148351
1.72006147838
1.7200614809
1.72006148312
1.72006148179
1.7200614817
1.72006148167
1.72006148269
1.72006148226
1.72006148342
1.72006148269
1.72006148261
1.72012067117
1.72009195258
     fun: 1.7870755625445658
     jac: array([ 0.03923728,  0.01871885,  0.01685838,  0.01366033,  0.01763004,
        0.01601045,  0.03857796,  0.01361655,  0.01630548,  0.01409964,
        0.00792627,  0.00847177,  0.00498049,  0.00690733,  0.0067766 ,
        0.00278206,  0.00403009,  0.00158364])
 message: 'Optimization terminated successfully.'
    nfev: 461
     nit: 21
    njev: 21
  status: 0
 success: True
       x: array([ 0.31309153, -0.74869634, -0.01999649,  0.11146624, -0.25263112,
        0.4919012 ,  0.11662928,  0.16715142, -0.45956065, -0.38883377,
       -0.14323281,  0.02885242, -0.24348212,  0.13493396,  0.15149771,
       -0.37237   ,  0.27481639, -0.31712124])

========================================================

Final result:
0.31309152814
-0.74869633701
0.31309152814
-0.0199964869386
0.111466239915
-0.25263111855
0.491901202202
0.116629284348
0.116629284348
0.167151424439
-0.459560646051
-0.3888337745
-0.143232809348
0.0288524235119
-0.243482120782
0.134933964588
0.15149770718
0.311188706366
-0.372370001682
0.274816387647
-0.317121239551
0.138224951195
0.138224951195
0.138224951195
