charges/GLU_methyl_neutral.filelist
4.97278510578
4.97278510578
4.97278545056
4.97278531933
4.97278523833
4.97278535079
4.97278516607
4.97278507907
4.97278512292
4.97278523381
4.97278488481
4.97278549727
4.97278512479
4.97278519893
4.97278531862
4.97278512484
8171.62582625
815.894209776
80.4470900717
9.41728112077
4.78025313928
4.78025313928
4.78025260306
4.78025292172
4.78025292215
4.78025302546
4.7802529502
4.78025276539
4.78025268923
4.78025307874
4.78025257103
4.78025310346
4.78025311262
4.7802532058
4.78025332487
4.78025315266
6483.07168392
646.332263391
91.6057428721
13.8084507189
4.39336603975
4.39336603975
4.39336579263
4.39336599414
4.3933660726
4.39336610196
4.3933660563
4.3933661569
4.39336612249
4.39336598693
4.39336612412
4.39336588242
4.39336601189
4.39336584992
4.39336582534
4.39336599899
573.68026489
56.3012875157
7.03883562333
4.18389536517
4.18389536517
4.18389531744
4.18389537404
4.18389534888
4.18389530308
4.18389533546
4.18389541851
4.18389538361
4.18389523523
4.1838954046
4.18389499285
4.18389531742
4.18389521619
4.18389518434
4.18389533296
699.875443059
68.7085047092
8.50952165691
3.90988473333
3.90988473333
3.90988452252
3.90988464659
3.90988466186
3.90988454932
3.90988473169
3.90988478002
3.90988483786
3.90988466889
3.90988485337
3.90988455167
3.90988470247
3.90988458731
3.90988451702
3.90988470203
291.740345688
28.699876112
4.37190833023
3.82537642339
3.82537642339
3.82537619329
3.82537633891
3.8253763704
3.82537629142
3.82537640011
3.82537650084
3.82537645192
3.82537634368
3.82537659441
3.8253762089
3.82537638814
3.82537630423
3.82537622954
3.82537639802
117.506029532
12.0342244761
3.89374719837
3.80795071501
3.80795071501
3.8079504686
3.80795062396
3.8079506643
3.80795059064
3.80795070657
3.80795078284
3.80795079674
3.8079506311
3.80795087261
3.80795047521
3.80795067894
3.80795061856
3.80795055116
3.80795069455
42.8939772399
4.67454440125
3.55789349176
3.55789349176
3.55789325143
3.55789338051
3.55789342705
3.55789337073
3.55789347093
3.55789352473
3.55789353938
3.55789340631
3.55789365779
3.55789325483
3.55789345769
3.55789339046
3.55789328408
3.55789346866
23.558943408
3.54886102254
3.35291785342
3.35291785342
3.35291761502
3.35291773055
3.35291778612
3.35291772056
3.35291782926
3.35291790476
3.35291789054
3.35291776799
3.35291800569
3.35291761658
3.35291782157
3.35291774107
3.35291767489
3.35291782924
4.22067231428
3.01893874464
3.01893874464
3.01893857757
3.01893866629
3.01893869393
3.01893864612
3.018938722
3.01893877255
3.01893875796
3.01893868409
3.01893884015
3.01893858068
3.01893872551
3.01893868115
3.01893862542
3.01893873069
3.52435474656
2.92394460284
2.92394460284
2.9239446016
2.92394460637
2.92394459664
2.9239445949
2.92394459723
2.92394459762
2.92394459854
2.9239445958
2.92394460729
2.9239446022
2.92394459423
2.92394460613
2.92394460855
2.92394460279
3.27161730348
2.93388305335
2.93388305335
2.93388306515
2.93388306269
2.93388305213
2.93388305504
2.93388304942
2.93388304842
2.93388304833
2.93388305093
2.93388304665
2.93388306758
2.93388304477
2.93388306331
2.93388306651
2.9338830548
2.96932179267
2.96932179267
2.96932177308
2.96932179307
2.96932178821
2.96932179262
2.96932178651
2.96932178967
2.96932178769
2.96932178381
2.96932178412
2.96932178864
2.9693217822
2.96932178651
2.96932178873
2.96932179067
2.95424241487
2.95424241487
2.95424239997
2.95424241599
2.95424241023
2.95424241177
2.95424240949
2.95424241302
2.95424241247
2.95424240613
2.95424241091
2.9542424105
2.9542424042
2.95424241015
2.95424241045
2.95424241318
2.95281555307
2.95281555307
2.95281554852
2.95281555779
2.95281554988
2.95281555192
2.95281554835
2.95281555014
2.95281555008
2.95281554668
2.952815548
2.95281555565
2.9528155432
2.95281555341
2.95281555485
2.95281555246
2.9539009907
2.9539009907
2.95390098044
2.95390099342
2.95390098673
2.95390098905
2.95390098544
2.95390098789
2.95390098725
2.95390098322
2.95390098534
2.95390099023
2.9539009805
2.95390098877
2.95390098999
2.9539009896
2.95398075694
     fun: 3.1408854040171876
     jac: array([ -3.48415375e-02,  -1.42096877e-02,  -7.35318661e-03,
         1.92049146e-03,  -6.14014268e-03,  -7.73805380e-03,
        -1.57712996e-02,  -3.75157595e-03,  -1.30732954e-02,
        -6.60836697e-03,  -2.65240669e-05,  -2.70733237e-03,
         1.61707401e-04,  -5.77151775e-04])
 message: 'Optimization terminated successfully.'
    nfev: 284
     nit: 16
    njev: 16
  status: 0
 success: True
       x: array([ 0.31887982, -0.80409008, -0.02018401,  0.10933636, -0.19077651,
        0.39088267,  0.08952091, -0.21069803, -0.43601858,  0.04147768,
        0.72389923, -0.32446229,  0.27163882, -0.31260216])

========================================================

Final result:
0.318879819261
-0.804090079467
0.318879819261
-0.020184010655
0.109336363252
-0.190776512143
0.390882666765
0.089520913491
0.089520913491
-0.210698029794
-0.436018575147
0.0414776775587
0.0414776775587
0.723899231613
-0.731053937522
-0.731053937522
-0.324462294855
0.271638819792
-0.312602157021
0.121808544028
0.121808544028
0.121808544028
