charges/THR_methyl_charged.filelist
96.7700187308
96.7700187308
96.7700209262
96.7700194661
96.7700194868
96.7700195236
96.7700191748
96.7700197701
96.7700191907
96.7700191095
96.7700189668
96.7700198303
96.7700198197
96.7700183854
96.7700183004
96.7700186603
67318.330201
6668.40903797
631.417813868
104.331427271
66.0219473516
66.0219473516
66.0219471287
66.0219473145
66.0219474989
66.0219474462
66.0219474012
66.0219478499
66.0219474558
66.021947263
66.021947396
66.0219478666
66.0219469867
66.0219469156
66.0219468828
66.0219472635
7668.77306175
914.629746434
157.763626838
45.2171538648
45.2171538648
45.2171521067
45.2171533276
45.2171535418
45.2171535177
45.2171537173
45.2171535849
45.2171537013
45.2171538724
45.2171537412
45.2171533469
45.2171540057
45.2171537482
45.2171539352
45.2171538423
6805.50157085
665.515653073
80.1476064416
41.4561262733
41.4561262733
41.4561246496
41.4561257482
41.4561258236
41.4561257654
41.4561259847
41.4561258019
41.4561259268
41.456126042
41.4561261417
41.4561255168
41.4561256225
41.4561262467
41.4561264682
41.4561262693
264.003388429
37.79325396
34.1126561162
34.1126561162
34.1126539367
34.1126554152
34.1126555335
34.1126554639
34.112655795
34.1126554626
34.1126558544
34.1126558024
34.1126559322
34.1126552007
34.1126551802
34.1126562289
34.1126564862
34.1126561418
542.976010436
47.4714328449
28.9895713315
28.9895713315
28.9895689342
28.9895705356
28.9895705639
28.9895703903
28.9895709061
28.9895704835
28.9895709294
28.989570974
28.9895710946
28.9895703075
28.9895703109
28.9895714335
28.9895716133
28.9895713539
359.410766327
30.041336037
22.0942338022
22.0942338022
22.0942311205
22.09423292
22.0942329743
22.0942328994
22.0942332958
22.0942327991
22.0942332371
22.0942333906
22.0942335434
22.0942326217
22.0942326364
22.0942340156
22.0942341925
22.0942338468
143.801348041
20.0527564144
14.4101775185
14.4101775185
14.4101757861
14.4101769348
14.4101768913
14.4101768833
14.4101771607
14.4101765936
14.4101771541
14.410177218
14.4101773269
14.4101764393
14.4101766599
14.4101777507
14.4101778442
14.4101775637
255.778371982
41.1275974184
9.56533660873
9.56533660873
9.56533818974
9.56533708144
9.56533683083
9.56533688539
9.56533672651
9.56533662598
9.56533664632
9.56533674164
9.56533671843
9.5653366839
9.56533701515
9.56533686665
9.56533682095
9.56533665928
23.9084133946
8.13003632907
8.13003632907
8.13003745601
8.13003670656
8.13003672189
8.13003675913
8.13003652994
8.13003688678
8.13003653947
8.13003639191
8.13003649713
8.1300370248
8.13003641766
8.13003609507
8.13003595798
8.13003627921
23.657046455
8.11851084902
8.11851084902
8.1185120344
8.11851125985
8.11851132257
8.11851137233
8.118511164
8.11851146759
8.1185111867
8.11851120406
8.11851096739
8.11851140108
8.11851194308
8.11851064976
8.11851066602
8.11851080786
19.0933191623
8.07536255451
8.07536255451
8.07536296809
8.07536269854
8.07536273183
8.07536270963
8.07536268802
8.07536282574
8.07536268201
8.07536271995
8.07536263575
8.07536268251
8.07536307602
8.07536243334
8.07536255654
8.07536253028
9.60792818077
6.9316400452
6.9316400452
6.93163984837
6.93163998095
6.93164000029
6.93163992512
6.93164001578
6.93164010274
6.93164003302
6.93163997616
6.93164004919
6.93163998546
6.93163980851
6.93163994774
6.93164005913
6.93164002618
6.99448469208
6.04247893371
6.04247893371
6.04247839406
6.04247876485
6.04247881998
6.04247877397
6.04247888099
6.04247886979
6.04247888343
6.0424789074
6.0424789057
6.04247877233
6.04247887443
6.0424788735
6.04247896332
6.0424789215
6.03093853867
5.74863046446
5.74863046446
5.74863036445
5.74863043218
5.74863043925
5.74863042113
5.74863044657
5.74863046152
5.74863043717
5.74863044132
5.74863047033
5.74863036891
5.74863039046
5.74863042117
5.74863049136
5.74863045507
5.69320495102
5.67182604669
5.67182604669
5.67182606861
5.67182605466
5.67182606075
5.67182603854
5.67182606306
5.67182609305
5.67182606851
5.6718260582
5.67182606336
5.67182602247
5.67182607708
5.67182600091
5.67182605912
5.6718260368
5.69812442179
5.6692636324
5.6692636324
5.66926370414
5.66926365651
5.6692636608
5.66926363956
5.6692636538
5.66926369949
5.66926365014
5.66926365334
5.66926365404
5.66926363252
5.66926369429
5.6692635799
5.66926363291
5.66926362113
5.69255057041
5.67417426705
5.67417426705
5.67417434231
5.67417429348
5.67417430247
5.6741742856
5.67417429296
5.67417434171
5.67417429015
5.67417429215
5.67417429044
5.6741742736
5.67417434112
5.67417421377
5.67417426855
5.67417425562
5.6965614854
5.68101960187
5.68101960187
5.68101968311
5.68101963038
5.68101963965
5.68101962268
5.68101963005
5.68101967941
5.68101962802
5.68101962979
5.68101962599
5.68101961087
5.68101968488
5.68101954622
5.68101960021
5.68101958994
5.68235416979
5.68128248616
5.68128248616
5.68128256841
5.68128251496
5.68128252402
5.68128250696
5.68128251439
5.68128256377
5.68128251227
5.68128251421
5.68128251033
5.68128249532
5.68128256963
5.68128243037
5.68128248433
5.6812824742
5.68186514528
     fun: 12.695731036128146
     jac: array([-0.1351043 , -0.04217935, -0.02871406, -0.03169298, -0.01782513,
       -0.0217545 , -0.01687348, -0.01538503, -0.01252949, -0.01809108,
       -0.04353523, -0.01340795, -0.01669931, -0.00184059])
 message: 'Optimization terminated successfully.'
    nfev: 352
     nit: 20
    njev: 20
  status: 0
 success: True
       x: array([ 0.33863126, -0.36652859, -0.39708169,  0.43750637,  0.08246961,
       -1.26778113,  0.19354397, -0.45689549, -0.43713749,  0.23879745,
        0.18012094,  1.09334634, -0.05801585, -0.31413498])

========================================================

Final result:
0.338631256551
0.338631256551
-0.366528585418
0.338631256551
-0.397081693478
0.43750636763
0.0824696144139
-1.26778112634
0.193543968047
-0.456895490487
-0.437137493674
0.238797454731
0.180120941945
0.180120941945
0.180120941945
0.416850389088
1.09334634347
-0.0580158471291
-0.314134981375
0.0929348283434
0.0929348283434
0.0929348283434
