workdir/charges/PRO.filelist
9.91606372359
9.91606372359
9.91606336441
9.91606312721
9.91606365463
9.91606437959
9.91606463507
9.91606414539
9.91606574982
9.91606459321
9.91606429181
9.91606409482
9.91606387094
9.91606564999
9.91606475341
9.91606402307
9.91606413306
9.9160637822
63255.9558032
6317.77988666
805.043394323
165.216734574
33.6855724998
6.2320373479
6.2320373479
6.23203717179
6.23203722225
6.23203731294
6.23203695067
6.23203681679
6.23203689515
6.23203635951
6.23203659366
6.23203669154
6.23203683629
6.23203710159
6.23203562275
6.2320359589
6.23203716322
6.23203700471
6.23203731216
4803.58853604
477.824743005
69.1759516303
10.8849928735
5.56282904448
5.56282904448
5.56282909814
5.56282924605
5.56282905307
5.5628284661
5.56282824118
5.56282859828
5.56282732816
5.56282819098
5.56282845381
5.56282862928
5.56282880991
5.56282712179
5.56282794824
5.56282886872
5.56282871494
5.56282901061
471.33798761
45.5578562326
7.04789814215
5.16241016423
5.16241016423
5.16241030798
5.16241051385
5.16241019104
5.16240951407
5.16240927611
5.16240965591
5.16240826569
5.16240922783
5.16240947345
5.16240968816
5.16240991442
5.16240808839
5.16240882876
5.16240989174
5.16240970618
5.16241011073
164.245517577
16.4071564511
5.13869173922
5.08207922886
5.08207922886
5.0820793813
5.082079612
5.0820792573
5.08207860581
5.08207833862
5.08207874983
5.08207732641
5.08207826336
5.08207853294
5.08207880573
5.0820790116
5.08207705836
5.08207787476
5.08207896586
5.08207881153
5.08207917753
204.567436148
20.1009938969
5.08738138994
4.96592101219
4.96592101219
4.96592117565
4.96592138333
4.96592104258
4.96592034398
4.96592010529
4.96592050189
4.96591909012
4.96592003926
4.96592031769
4.96592051026
4.96592079797
4.9659188259
4.96591969212
4.96592071257
4.96592055813
4.96592095384
36.501184791
5.58833792745
4.50816106315
4.50816106315
4.50816127666
4.50816147476
4.50816110336
4.50816039857
4.50816019904
4.50816056468
4.50815923625
4.50816015523
4.50816040592
4.50816056378
4.50816084709
4.50815904182
4.50815981471
4.50816084793
4.50816073295
4.50816102223
135.513438361
12.8260020099
3.27464267724
3.27464267724
3.27464288061
3.27464299705
3.2746427168
3.27464232324
3.27464215563
3.274642466
3.27464148043
3.27464220695
3.27464237794
3.27464247476
3.27464266517
3.27464165552
3.27464213122
3.2746424705
3.27464249571
3.27464263671
58.3434258168
7.91576741114
2.61192113981
2.61192113981
2.61192139481
2.61192139892
2.61192119044
2.61192108049
2.61192104171
2.61192119505
2.61192082232
2.61192116615
2.61192123655
2.61192124795
2.61192119705
2.6119212224
2.61192140338
2.61192109578
2.61192114773
2.6119211302
19.6907395166
3.47101783565
2.34584104375
2.34584104375
2.34584122936
2.3458412283
2.34584108178
2.34584124618
2.34584128631
2.34584130302
2.345841434
2.34584145163
2.34584142245
2.34584133144
2.34584121233
2.3458419881
2.34584186358
2.34584112169
2.34584122376
2.34584105859
12.7149168043
2.56005913074
2.2032045983
2.2032045983
2.20320473776
2.20320469671
2.203204626
2.20320486708
2.20320497337
2.20320491879
2.20320530237
2.20320513524
2.2032050604
2.20320496352
2.20320479028
2.20320583525
2.2032055717
2.20320470591
2.20320484715
2.2032046188
4.48034021196
1.59528633019
1.59528633019
1.59528616959
1.59528609303
1.59528629978
1.59528654749
1.59528664107
1.59528644034
1.59528705954
1.59528658476
1.59528647104
1.59528641889
1.59528635126
1.59528688185
1.59528655709
1.59528642213
1.59528642642
1.59528634795
1.64300758381
1.48090224288
1.48090224288
1.48090221859
1.48090223875
1.48090223829
1.48090222665
1.48090222557
1.48090222896
1.48090221458
1.48090222324
1.48090223109
1.48090224051
1.48090222417
1.48090219835
1.48090223148
1.48090225492
1.48090223479
1.48090224512
1.46326372152
1.43892464413
1.43892464413
1.43892462398
1.43892463574
1.43892464063
1.4389246249
1.43892462262
1.43892461994
1.43892461251
1.43892460903
1.43892460927
1.4389246179
1.43892463522
1.43892456667
1.43892457005
1.43892463513
1.43892462734
1.43892464227
1.46144678306
1.43445584748
1.43445584748
1.43445583131
1.43445584064
1.4344558448
1.4344558376
1.43445583601
1.43445583336
1.43445583283
1.4344558278
1.43445582761
1.43445583361
1.43445584269
1.43445580454
1.43445580611
1.43445584165
1.4344558395
1.43445584616
1.432451485
1.4311768741
1.4311768741
1.43117686647
1.43117687416
1.43117687309
1.43117687015
1.43117686942
1.4311768715
1.43117686658
1.43117687064
1.43117687282
1.43117687671
1.43117687329
1.43117686805
1.43117687652
1.4311768752
1.43117687374
1.43117687412
1.43118950332
1.43104491966
1.43104491966
1.43104491292
1.4310449209
1.43104491884
1.43104491664
1.43104491696
1.43104491711
1.43104491729
1.43104491748
1.43104491816
1.4310449218
1.43104491894
1.43104491668
1.43104492043
1.4310449202
1.4310449184
1.43104491956
1.43112049394
1.43112049394
1.43112048566
1.43112049258
1.43112049283
1.43112049421
1.43112049579
1.43112049365
1.43112050166
1.43112049617
1.43112049558
1.43112049776
1.43112049437
1.43112050057
1.43112050073
1.43112049631
1.43112049545
1.43112049421
1.43107180891
1.43107180891
1.43107180045
1.43107180748
1.43107180776
1.43107180892
1.4310718102
1.43107180815
1.43107181542
1.43107181038
1.43107180962
1.43107181248
1.43107180897
1.43107181402
1.43107181339
1.43107181039
1.431071809
1.431071809
1.43101867694
1.43101867694
1.43101866911
1.43101867633
1.43101867591
1.43101867569
1.43101867674
1.43101867543
1.43101868033
1.43101867691
1.43101867681
1.43101867979
1.43101867665
1.43101867854
1.43101868013
1.43101867836
1.43101867695
1.43101867702
1.4310813991
1.4310813991
1.43108139111
1.43108139829
1.43108139804
1.43108139845
1.43108139965
1.43108139805
1.43108140397
1.43108139997
1.43108139961
1.43108140236
1.43108139906
1.43108140281
1.4310814035
1.43108140073
1.43108139943
1.43108139922
     fun: 1.5147144116862008
     jac: array([ 0.00384329,  0.00541876,  0.00081301, -0.00141712, -0.00099462,
        0.00077085, -0.00426337,  0.00363465,  0.00363015,  0.00066045,
        0.00052515,  0.01022452,  0.01008937,  0.00291407,  0.00359173,
        0.00051585])
 message: 'Optimization terminated successfully.'
    nfev: 412
     nit: 21
    njev: 21
  status: 0
 success: True
       x: array([ 0.6340387 , -0.52136266, -0.51806811, -0.14714658, -0.14032377,
        0.01809299,  0.10694228, -0.25791569, -0.24933519,  0.06977431,
        0.4494455 ,  0.1322342 ,  0.1168209 , -0.39410921,  0.29624422,
       -0.33065082])

========================================================

Final result:
0.634038703768
-0.521362662334
-0.518068111393
0.135130689986
0.135130689986
0.135130689986
-0.147146579487
-0.140323769482
0.0180929907334
0.106942283478
0.106942283478
-0.257915685557
-0.249335192689
0.0697743138076
0.449445498076
0.132234202163
0.132234202163
0.116820898307
0.116820898307
-0.454586343297
-0.394109208337
0.296244218646
-0.330650816473
0.142838602055
0.142838602055
0.142838602055
