charges/GLN_methyl_charged.filelist
13.2824391745
13.2824391745
13.2824370821
13.2824384549
13.2824383321
13.2824383583
13.2824384431
13.2824380534
13.2824376117
13.2824386749
13.2824379914
13.2824382447
13.2824388118
13.2824386928
13.2824390736
13.2824394632
13.2824394897
13.2824392317
95526.1062421
9544.96403866
1198.50220144
214.358584207
38.4275116532
10.8489587047
10.8489587047
10.8489609104
10.8489593702
10.8489590522
10.8489590702
10.8489589412
10.8489588372
10.8489590947
10.8489589211
10.8489588246
10.8489592306
10.8489587544
10.8489586583
10.8489587272
10.848958966
10.8489589369
10.8489587564
6769.95263131
715.617449629
129.017326853
23.4368300415
7.99958726672
7.99958726672
7.99958964553
7.999588049
7.99958799727
7.99958799129
7.99958798004
7.99958797222
7.99958879223
7.99958782031
7.99958810963
7.99958841821
7.99958758105
7.99958758229
7.99958736232
7.99958733871
7.99958724903
7.9995872807
1825.14748832
180.379494944
20.9172263572
7.69618727335
7.69618727335
7.6961899732
7.6961881569
7.69618809145
7.69618807168
7.69618796655
7.69618819739
7.69618873316
7.69618774061
7.69618841148
7.69618818402
7.6961875298
7.69618752299
7.69618735598
7.69618718185
7.69618701284
7.69618725362
322.118455706
30.7841816413
7.62718381339
7.26441746281
7.26441746281
7.26442032631
7.26441840715
7.26441836591
7.26441838997
7.26441820303
7.26441847249
7.26441898194
7.2644179876
7.2644186548
7.26441847474
7.26441780928
7.26441787953
7.2644175697
7.26441736533
7.2644172196
7.26441744194
149.282524721
14.3679077486
6.59286408866
6.59286408866
6.59286716768
6.59286510601
6.59286507409
6.5928650444
6.59286492407
6.59286524752
6.59286584214
6.59286466266
6.59286533789
6.59286518948
6.59286444956
6.59286450398
6.59286420102
6.59286389614
6.5928638211
6.59286404906
112.010939403
12.2558703849
6.53620113308
6.53620113308
6.53620415196
6.5362021352
6.53620212375
6.53620211442
6.53620194781
6.5362023133
6.53620280231
6.53620171858
6.53620240452
6.53620230347
6.53620147142
6.53620148864
6.53620123852
6.5362009398
6.53620087597
6.53620109367
154.169763148
15.4364846055
6.39651926412
6.39651926412
6.39652205856
6.39652019444
6.39652020031
6.39652017759
6.39652004216
6.39652040175
6.39652089988
6.39651978044
6.39652049117
6.39652023519
6.39651958568
6.39651963361
6.39651936543
6.39651914191
6.39651912831
6.39651924063
199.395983996
19.3149354895
6.23968622655
6.23968622655
6.23968856477
6.23968699183
6.23968695003
6.23968682199
6.2396868628
6.23968718529
6.23968756169
6.23968669203
6.23968731401
6.23968713547
6.23968654025
6.23968661625
6.23968632041
6.23968606432
6.23968601791
6.23968619475
81.0227627091
12.2638136005
4.01972458016
4.01972458016
4.01972342467
4.01972422306
4.01972434031
4.01972427414
4.01972441328
4.01972446244
4.01972426902
4.01972446005
4.01972447086
4.01972430989
4.01972455365
4.01972463623
4.01972456497
4.01972447524
4.01972449875
4.01972455949
6.50673255334
3.663926186
3.663926186
3.66392471108
3.66392571361
3.66392578073
3.66392575163
3.66392585685
3.66392579678
3.66392550907
3.66392595601
3.66392577175
3.66392570716
3.66392607933
3.66392609512
3.66392616236
3.66392616542
3.66392621528
3.66392618156
5.37733065774
3.32663654186
3.32663654186
3.32663619483
3.32663642284
3.32663638382
3.32663639738
3.3266363898
3.32663631241
3.32663619831
3.32663644047
3.32663628063
3.32663635154
3.32663646628
3.3266364469
3.32663652499
3.32663660645
3.32663662372
3.32663655388
3.45347506109
3.27347038744
3.27347038744
3.27347031692
3.27347036774
3.273470363
3.27347037084
3.27347036739
3.27347033517
3.27347034162
3.27347037378
3.27347034204
3.27347035915
3.27347037157
3.2734703608
3.27347038972
3.27347041073
3.27347039982
3.27347039115
3.44485563653
3.26812039177
3.26812039177
3.26812037046
3.2681203887
3.26812038546
3.26812039157
3.26812038816
3.26812036386
3.26812038119
3.26812038918
3.26812037704
3.26812038458
3.26812038356
3.26812037726
3.26812039552
3.26812040617
3.26812039781
3.26812039363
3.26402413896
3.26008384487
3.26008384487
3.2600839069
3.2600838681
3.26008385981
3.26008385955
3.26008385562
3.26008384963
3.26008386076
3.2600838532
3.26008385976
3.26008385812
3.26008384604
3.26008384488
3.26008385121
3.26008385177
3.26008384537
3.26008384534
3.25382978397
3.25382978397
3.25382975208
3.25382977783
3.253829778
3.25382977615
3.25382978132
3.25382977006
3.25382977593
3.2538297829
3.25382978046
3.25382977823
3.2538297806
3.2538297814
3.25382978833
3.25382978911
3.25382978372
3.25382978412
3.25678400997
3.25678400997
3.25678400587
3.25678401245
3.25678400975
3.25678400881
3.25678400994
3.25678400122
3.25678400568
3.2567840103
3.25678401173
3.25678400661
3.25678400722
3.25678400745
3.25678401479
3.25678401516
3.25678400901
3.25678401011
3.25576748119
3.2563203505
3.2563203505
3.25632035049
3.25632035428
3.25632035133
3.25632035029
3.25632035162
3.25632034257
3.25632034861
3.25632035188
3.25632035288
3.25632034948
3.25632034833
3.25632034846
3.25632035549
3.25632035607
3.25632035018
3.25632035072
3.25624143581
     fun: 3.42361046961499
     jac: array([ 0.0779984 ,  0.02476025,  0.01739451,  0.02152818,  0.00745338,
        0.01492828,  0.00981849,  0.0045023 ,  0.01454905,  0.00620627,
        0.00404108,  0.00391343,  0.0021764 , -0.00063121, -0.00236091,
       -0.00040975])
 message: 'Optimization terminated successfully.'
    nfev: 356
     nit: 18
    njev: 18
  status: 0
 success: True
       x: array([ 0.3303007 , -0.45942997, -0.08433963,  0.20237441, -0.31936139,
        0.67392867,  0.19019309, -0.37932022, -0.45626263,  0.17396227,
        0.49352092, -0.40735941, -0.68253925, -0.54737537,  0.32587661,
       -0.3040232 ])

========================================================

Final result:
0.330300702265
0.330300702265
-0.459429973503
0.330300702265
-0.0843396272114
0.20237440601
-0.319361388249
0.673928666819
0.190193090144
0.190193090144
-0.379320222178
-0.456262630607
0.173962270068
0.173962270068
0.493520918153
-0.407359412335
-0.682539245852
0.349787840867
0.349787840867
-0.547375372307
0.325876610233
-0.304023203068
0.175173988381
0.175173988381
0.175173988381
