charges/CYD_charged_methyl.filelist
21.7402556231
21.7402556231
21.7402552561
21.7402552123
21.7402555542
21.7402562828
21.7402563272
21.7402559846
21.7402559476
21.7402560104
21.7402557076
21.7402563539
21.7402560987
14759.8227986
1461.79028546
240.740069386
43.2636341714
15.0768148355
15.0768148355
15.0768144794
15.0768144792
15.0768147686
15.076814996
15.0768150206
15.0768147307
15.0768146895
15.0768144777
15.0768148039
15.0768139856
15.0768144116
4972.15671044
562.939936384
104.000002603
18.9755310934
9.76069597078
9.76069597078
9.7606959827
9.76069617796
9.76069597422
9.76069576161
9.76069561465
9.76069574519
9.76069582583
9.76069548183
9.76069591411
9.76069489473
9.76069536167
953.871563894
92.6429335837
13.3230646334
9.09676984094
9.09676984094
9.09676982487
9.09676993272
9.09676983849
9.09676946946
9.0967693792
9.09676949264
9.09676948051
9.09676931193
9.09676975409
9.0967687504
9.09676918966
74.2246292422
9.9263273722
7.86855508564
7.86855508564
7.86855516434
7.86855525204
7.8685551014
7.86855461576
7.86855455091
7.86855469189
7.86855468582
7.86855451655
7.86855498821
7.86855382525
7.86855452695
293.750640189
26.9125181242
7.04921651676
7.04921651676
7.04921670757
7.04921676882
7.04921655439
7.04921599831
7.04921596652
7.04921609899
7.04921609511
7.04921593737
7.04921640957
7.04921540148
7.04921572772
65.5694805356
8.48020300387
6.40311179744
6.40311179744
6.40311200095
6.40311203779
6.40311183569
6.40311123994
6.40311119604
6.40311141094
6.40311146207
6.40311126814
6.40311169689
6.40311078037
6.40311107419
26.7317228883
5.37576879113
5.37576879113
5.37576898102
5.37576898666
5.37576882752
5.37576891598
5.37576889371
5.37576903892
5.37576905896
5.37576931837
5.37576885407
5.37576998202
5.37576942658
4.5216687944
4.5216687944
4.52166845696
4.52166835184
4.52166873053
4.52166905918
4.52166913139
4.52166883258
4.52166877787
4.52166874717
4.52166879855
4.52166861141
4.52166879473
4.29726348803
4.29726348803
4.29726357642
4.29726373737
4.29726350512
4.29726330377
4.29726320753
4.29726335999
4.29726342924
4.29726326578
4.29726345177
4.29726303987
4.29726318945
4.70904416726
3.81881326214
3.81881326214
3.81881341104
3.81881353416
3.81881329177
3.8188130971
3.81881298299
3.81881317436
3.81881322979
3.81881314846
3.81881323748
3.81881306984
3.81881309478
4.49018060337
3.21218962939
3.21218962939
3.21218967223
3.21218969117
3.21218963848
3.21218959451
3.21218957313
3.21218961399
3.21218961511
3.2121896582
3.21218962368
3.21218973004
3.21218966527
3.19904504136
3.15088825343
3.15088825343
3.15088824492
3.15088826184
3.15088825264
3.15088828544
3.15088826316
3.15088826595
3.15088827837
3.15088827836
3.15088825279
3.15088831743
3.15088829046
3.11503463991
3.13482786935
3.13482786935
3.13482785489
3.13482787278
3.13482786743
3.13482789019
3.13482786837
3.13482786928
3.13482787949
3.13482787385
3.13482786637
3.13482789024
3.13482788132
3.1519413329
3.14153931834
3.14153931834
3.14153929965
3.141539315
3.14153931558
3.1415393339
3.14153931527
3.14153931164
3.14153931869
3.14153931504
3.14153931341
3.14153932368
3.1415393213
3.14150880546
3.14144513588
3.14144513588
3.14144511852
3.14144513574
3.14144513337
3.14144515228
3.14144513289
3.14144513039
3.14144513903
3.1414451328
3.14144513126
3.14144514087
3.14144513905
3.14071222436
3.14113517161
3.14113517161
3.14113515421
3.14113517145
3.14113516909
3.14113518798
3.14113516855
3.14113516624
3.14113517483
3.1411351689
3.14113516702
3.14113517755
3.14113517508
     fun: 3.8166040403683814
     jac: array([-0.0016495 , -0.00334707, -0.00015047,  0.0022091 ,  0.00390467,
        0.00104967,  0.00025702,  0.00249508,  0.0003022 ,  0.00587392,
        0.00183761])
 message: 'Optimization terminated successfully.'
    nfev: 246
     nit: 17
    njev: 17
  status: 0
 success: True
       x: array([ 0.88424578, -0.65833315, -0.52797886, -0.82092206,  0.41034476,
        0.1322046 ,  0.07310328, -0.19494129,  0.66664182,  0.06711134,
       -0.94955321])

========================================================

Final result:
0.884245784802
-0.65833315339
-0.527978858159
0.100688742249
0.100688742249
0.100688742249
-0.820922062273
0.410344759197
0.132204604099
0.0731032837847
-0.194941289245
0.666641815293
0.0671113418111
0.0671113418111
-0.949553213912
-0.725550290282
-0.725550290282
