charges/ILE_methyl_charged.filelist
10.9547172245
10.9547172245
10.9547164
10.9547169114
10.9547167245
10.9547167478
10.9547168406
10.9547163882
10.9547168127
10.9547167494
10.9547170637
10.9547163358
10.9547157374
10.9547169724
10.9547171921
10.9547175951
10.9547176353
10.9547172984
48260.3504355
4820.61551678
626.53234982
103.443001446
17.7792082398
9.169656777
9.169656777
9.16965810763
9.16965715828
9.16965687426
9.16965690756
9.16965683657
9.16965659615
9.16965680086
9.1696567741
9.16965689088
9.16965658169
9.16965672614
9.1696571091
9.16965679962
9.16965711904
9.16965712472
9.16965684527
12645.3286757
1259.33674449
216.133365386
38.725579282
8.55313647326
7.10594866773
7.10594866773
7.10594929133
7.10594886007
7.10594877921
7.10594881166
7.10594884106
7.10594858536
7.10594879955
7.10594901424
7.1059487704
7.10594861392
7.10594984056
7.10594887957
7.10594868862
7.10594892318
7.10594892538
7.10594871889
5676.22116315
564.100510442
100.306454946
18.1444849679
5.48243052594
5.48243052594
5.48243185129
5.48243095999
5.48243093163
5.48243089399
5.48243086261
5.48243104415
5.48243087974
5.48243093726
5.48243069531
5.48243131068
5.48243181494
5.4824308434
5.48243055966
5.48243040145
5.48243019426
5.4824304983
437.835047179
42.4644500585
6.62206649054
5.17384292354
5.17384292354
5.17384426418
5.1738433833
5.17384343735
5.1738434803
5.17384332247
5.17384355581
5.17384331745
5.17384338322
5.17384315584
5.17384378367
5.17384434501
5.17384340516
5.17384296959
5.17384280687
5.17384264934
5.17384289812
421.904583463
40.9567492133
6.19785686756
4.88900867907
4.88900867907
4.8890101623
4.88900918987
4.88900925834
4.88900931937
4.88900910473
4.88900940529
4.88900911758
4.88900918996
4.88900885484
4.88900959391
4.88901027013
4.88900895091
4.8890087135
4.88900853333
4.88900840178
4.88900864813
416.525705065
40.0326375338
5.97332207943
4.42959723064
4.42959723064
4.42959886325
4.42959779158
4.42959786562
4.42959786928
4.42959773571
4.42959807305
4.42959776737
4.42959783026
4.42959747535
4.42959822134
4.4295990955
4.42959767525
4.42959727932
4.42959696832
4.42959685215
4.42959717575
73.1248913125
7.5603434259
4.27291545351
4.27291545351
4.27291708496
4.27291601373
4.27291609265
4.27291607989
4.27291594203
4.27291634633
4.27291592969
4.2729160627
4.27291569553
4.27291649647
4.27291736603
4.272915901
4.27291550157
4.2729151897
4.27291509449
4.27291539941
61.2834229581
6.84838843339
4.20241359762
4.20241359762
4.20241516389
4.20241413606
4.20241421759
4.20241417466
4.2024140996
4.20241447943
4.20241414389
4.20241419379
4.20241383624
4.20241464138
4.20241545082
4.20241402309
4.20241364501
4.20241335975
4.2024132754
4.20241354944
27.3482441513
4.24442014438
2.45985543226
2.45985543226
2.45985525535
2.45985540649
2.45985554734
2.45985551242
2.4598555294
2.45985573952
2.45985556661
2.45985555812
2.45985544254
2.45985575667
2.45985582661
2.45985540057
2.45985543334
2.45985524716
2.45985522826
2.45985539491
8.20239090352
2.29829818518
2.29829818518
2.29829731537
2.29829791036
2.29829795743
2.29829794765
2.29829800546
2.29829795088
2.29829801885
2.29829795391
2.29829807631
2.29829789252
2.29829745206
2.29829796185
2.29829816241
2.29829816185
2.29829825657
2.29829817951
3.04744748119
2.04733067057
2.04733067057
2.04733054512
2.0473306184
2.0473305512
2.04733055852
2.04733056604
2.04733044844
2.04733055383
2.047330514
2.04733063675
2.04733037812
2.04733016288
2.04733064026
2.04733066274
2.0473307735
2.0473308369
2.04733069016
2.2324078591
1.95087887172
1.95087887172
1.95087859401
1.95087878185
1.95087877297
1.95087877541
1.95087880479
1.9508787187
1.95087879454
1.9508788119
1.95087883278
1.95087872968
1.95087869829
1.95087879761
1.95087886295
1.95087891448
1.95087891415
1.95087887853
1.97655359271
1.93039386694
1.93039386694
1.93039396483
1.93039389959
1.93039388142
1.93039388316
1.93039387272
1.93039386289
1.93039386853
1.93039386164
1.93039387265
1.93039388391
1.93039384245
1.93039388758
1.93039386701
1.9303938767
1.93039386585
1.93039386714
1.92590221543
1.92436506363
1.92436506363
1.92436510066
1.92436507928
1.92436507547
1.92436507633
1.92436507419
1.92436506279
1.9243650705
1.92436507707
1.92436506749
1.9243650749
1.92436510567
1.92436507456
1.92436506336
1.92436507055
1.92436506801
1.92436506344
1.92123266597
1.92245853364
1.92245853364
1.92245853523
1.92245853761
1.92245853458
1.92245853317
1.92245853493
1.92245852429
1.92245853238
1.92245853423
1.92245853211
1.92245853722
1.92245853445
1.92245853359
1.92245853228
1.92245853738
1.92245853296
1.9224585328
1.92226212486
1.92226212486
1.9222621197
1.92226212689
1.92226212505
1.92226212488
1.92226212514
1.92226211429
1.92226212246
1.92226212392
1.92226212278
1.92226212637
1.92226212064
1.92226212372
1.92226212338
1.92226212906
1.92226212591
1.92226212412
1.92252916488
1.92252916488
1.92252916228
1.92252916755
1.92252916487
1.9225291637
1.92252916532
1.92252915444
1.92252916284
1.92252916425
1.92252916282
1.92252916683
1.92252916173
1.9225291637
1.92252916341
1.92252916856
1.92252916503
1.92252916403
1.9224204762
1.9224204762
1.9224204741
1.92242047906
1.92242047651
1.92242047557
1.92242047682
1.92242046597
1.92242047422
1.92242047578
1.92242047435
1.92242047839
1.9224204737
1.92242047559
1.92242047477
1.92242048013
1.92242047648
1.9224204754
     fun: 2.072787091040298
     jac: array([ 0.02287254,  0.00726786,  0.00543627,  0.00563106,  0.00448042,
        0.00511727,  0.00230291,  0.00569591,  0.00604451,  0.00732902,
        0.01825255,  0.01762807,  0.00114146,  0.00320387, -0.00141534,
        0.00039878])
 message: 'Optimization terminated successfully.'
    nfev: 377
     nit: 19
    njev: 19
  status: 0
 success: True
       x: array([ 0.32312729, -0.44887115, -0.09581929,  0.18637443, -0.15593584,
        0.71765815,  0.16996572, -0.45193994, -0.23019214, -0.4929826 ,
        0.16680048,  0.14433769, -0.41647975, -0.49489208,  0.28784517,
       -0.28191528])

========================================================

Final result:
0.323127290892
0.323127290892
-0.448871152898
0.323127290892
-0.0958192896053
0.186374426876
-0.155935838553
0.717658151752
0.169965717236
-0.451939936084
-0.230192142343
-0.492982598456
0.166800483392
0.166800483392
0.166800483392
0.14433768726
0.14433768726
-0.416479746481
0.153254570394
0.153254570394
0.153254570394
-0.494892078473
0.287845173333
-0.281915280957
0.162987395366
0.162987395366
0.162987395366
