workdir/charges/ASH.filelist
7.6577933428
7.6577933428
7.65779320507
7.6577930789
7.65779331577
7.6577926465
7.65779273147
7.65779257494
7.65779255565
7.65779280892
7.65779228522
7.65779231996
7.65779298925
7.65779216498
7.65779294561
7.65779321592
7.65779363712
7.65779372787
7.65779340289
40081.7300159
4003.11922983
551.379994455
105.781844779
19.9509561023
5.4990842944
5.4990842944
5.49908405937
5.4990839657
5.49908424899
5.49908489559
5.49908497215
5.4990847118
5.49908473256
5.49908472382
5.49908447138
5.49908529629
5.49908452562
5.4990843911
5.49908443421
5.49908445858
5.49908455113
5.49908463143
5.49908434709
4474.62987563
565.800241201
110.570485412
21.7730276153
4.48165236332
4.48165236332
4.4816524838
4.48165260766
4.48165238637
4.48165308059
4.48165299136
4.4816531554
4.48165323897
4.48165295734
4.48165333904
4.48165355987
4.48165273564
4.48165347895
4.48165274739
4.48165252114
4.48165212654
4.48165199998
4.48165231258
287.914370265
28.6447991453
5.0258265616
4.44841604117
4.44841604117
4.44841612121
4.44841622844
4.4484160564
4.44841679998
4.44841672624
4.44841684677
4.4484169179
4.44841662135
4.44841704423
4.44841718171
4.44841641129
4.44841718877
4.44841644
4.44841618685
4.44841579122
4.44841566232
4.44841598779
111.852380392
11.0037330137
4.32321597474
4.32321597474
4.32321611916
4.32321626853
4.32321600269
4.32321674749
4.32321666096
4.32321681294
4.32321690034
4.32321656509
4.32321702081
4.32321711397
4.32321636458
4.32321713972
4.32321641751
4.32321611745
4.3232157865
4.3232157095
4.32321593596
313.95746005
31.0421000111
4.90723906903
4.26343009076
4.26343009076
4.2634302235
4.2634303457
4.26343011651
4.26343085018
4.26343078725
4.26343091244
4.26343095462
4.26343069348
4.26343114958
4.26343129022
4.26343047367
4.263431291
4.2634304958
4.26343024806
4.26342987743
4.26342978276
4.26343004685
51.584079852
5.77990515649
4.09621491788
4.09621491788
4.09621504818
4.09621517139
4.09621494318
4.09621566613
4.09621559403
4.09621572872
4.09621576519
4.09621551359
4.09621596823
4.096216088
4.09621531834
4.09621604852
4.0962153756
4.09621506856
4.09621466654
4.09621460867
4.0962148663
68.4413672908
7.29777342578
3.90391502711
3.90391502711
3.90391513952
3.90391529125
3.90391504905
3.90391574738
3.90391564325
3.90391579292
3.90391583195
3.90391556412
3.90391602597
3.90391608597
3.90391534947
3.90391605776
3.90391534235
3.90391516909
3.90391477364
3.90391474906
3.90391497565
60.9130554818
9.51598003096
3.12846359339
3.12846359339
3.12846358746
3.12846367528
3.12846358967
3.12846379969
3.12846367582
3.12846389732
3.12846392769
3.12846378876
3.12846408236
3.12846395453
3.12846372267
3.1284640963
3.12846375081
3.12846362672
3.1284634668
3.12846348402
3.12846356944
130.678214377
21.0995819398
3.81169482734
2.17910937412
2.17910937412
2.17910933562
2.17910935626
2.1791093655
2.1791089681
2.17910889914
2.17910900316
2.17910895989
2.17910905372
2.1791090525
2.17910869221
2.17910917725
2.17910900972
2.17910920656
2.17910925774
2.17910936683
2.17910940756
2.17910937406
19.9526914634
2.75451803895
2.06466924746
2.06466924746
2.06466921637
2.06466917833
2.0646692399
2.06466871263
2.06466868892
2.06466876261
2.0646687247
2.06466884274
2.06466879057
2.0646683924
2.06466899839
2.06466872211
2.06466901621
2.06466912171
2.06466926031
2.06466932545
2.0646692517
4.73696221756
1.79993796156
1.79993796156
1.79993788056
1.79993786256
1.79993794448
1.79993754575
1.79993757933
1.79993753405
1.79993750031
1.79993763706
1.79993747005
1.7999372993
1.79993776246
1.79993741488
1.79993775004
1.79993789421
1.79993804187
1.7999380945
1.79993797808
13.5888306408
2.0881047767
1.70363447072
1.70363447072
1.70363439714
1.70363435999
1.70363445533
1.70363414334
1.70363420142
1.70363411929
1.70363409399
1.70363421419
1.70363403566
1.70363396961
1.70363429981
1.70363398315
1.70363429621
1.70363439297
1.70363456186
1.70363460802
1.70363448914
7.49818656538
1.6628097707
1.55153740637
1.55153740637
1.55153735284
1.55153730919
1.55153739603
1.55153730784
1.55153736307
1.55153725167
1.55153723827
1.55153731422
1.55153715019
1.55153724984
1.5515373401
1.55153712609
1.5515373214
1.55153739526
1.55153749792
1.55153751227
1.55153742402
1.58029322326
1.46306695532
1.46306695532
1.46306697808
1.46306698391
1.46306695946
1.46306693093
1.4630669426
1.4630669367
1.46306694615
1.46306693949
1.46306693478
1.46306692255
1.46306694514
1.46306695064
1.46306695011
1.46306695127
1.46306694586
1.46306692891
1.46306695221
1.48469332415
1.44754240792
1.44754240792
1.44754240437
1.44754240563
1.44754240681
1.44754245149
1.4475424567
1.44754244755
1.44754245498
1.44754244101
1.44754244685
1.44754248134
1.44754242563
1.4475424496
1.44754242644
1.44754241851
1.4475424092
1.4475424066
1.4475424075
1.45038751355
1.44500956644
1.44500956644
1.4450095629
1.44500956377
1.44500956532
1.44500959601
1.44500959941
1.44500959266
1.44500959915
1.44500958888
1.44500959111
1.44500961754
1.44500957781
1.44500959465
1.44500957871
1.44500957337
1.44500956727
1.44500956657
1.44500956591
1.44942472279
1.44256049585
1.44256049585
1.44256049397
1.44256049503
1.44256049505
1.44256049921
1.44256050104
1.44256049832
1.44256050313
1.44256049872
1.44256049746
1.44256050567
1.44256049545
1.44256049981
1.44256049733
1.44256049642
1.44256049684
1.44256049449
1.44256049537
1.44628856376
1.4431446887
1.4431446887
1.44314468711
1.44314468822
1.44314468796
1.44314468758
1.44314468936
1.44314468691
1.44314469136
1.44314468778
1.44314468627
1.44314469037
1.44314468591
1.44314468844
1.44314468839
1.4431446882
1.44314468956
1.44314468746
1.44314468821
1.44305871358
1.44308658523
1.44308658523
1.4430865832
1.4430865842
1.44308658441
1.44308658346
1.44308658566
1.44308658246
1.44308658657
1.44308658335
1.44308658189
1.44308658465
1.44308658197
1.44308658356
1.44308658442
1.44308658459
1.44308658634
1.44308658483
1.4430865848
1.44320815197
1.44314047931
1.44314047931
1.44314047719
1.44314047819
1.44314047846
1.44314047673
1.44314047888
1.44314047593
1.44314048012
1.44314047711
1.44314047522
1.4431404782
1.44314047582
1.44314047687
1.44314047815
1.44314047867
1.44314048048
1.44314047897
1.44314047889
     fun: 1.4812456232798907
     jac: array([ 0.00259429,  0.00298016,  0.00074358, -0.00062361, -0.00203221,
        0.00152548,  0.00183213,  0.00177716,  0.00377515,  0.00427611,
        0.00091133,  0.00349472, -0.00026275,  0.00141445, -0.00355467,
       -0.00392251, -0.00085273])
 message: 'Optimization terminated successfully.'
    nfev: 439
     nit: 21
    njev: 21
  status: 0
 success: True
       x: array([ 0.47283855, -0.4430686 , -0.48461885, -0.34738888,  0.23391812,
        0.0065643 ,  0.09494331, -0.29751915,  0.49929512,  0.13366842,
        0.57407579, -0.45214602, -0.45446348, -0.52596967, -0.39552416,
        0.28501022, -0.31055026])

========================================================

Final result:
0.472838549464
-0.443068600335
-0.484618850911
0.151616300594
0.151616300594
0.151616300594
-0.347388875829
0.233918120554
0.00656429903569
0.0949433140905
-0.297519146956
0.499295124868
0.133668418828
0.133668418828
0.574075793463
-0.452146021803
-0.454463476666
-0.525969674824
0.40135370641
-0.395524163782
0.285010217167
-0.310550255449
0.140354734021
0.140354734021
0.140354734021
