charges/GLN_neutral_methyl.filelist
4.90930673228
4.90930673228
4.90930640791
4.90930623936
4.90930666906
4.90930745495
4.90930758363
4.90930724512
4.90930717898
4.90930729586
4.90930704759
4.90930785437
4.90930735173
4.90930704214
4.90930805146
4.90930729218
4.90930715063
4.90930741596
4.90930817847
4.90930688608
75164.0295348
7514.01390029
749.022480741
120.200754547
19.9129073222
4.69844697491
4.12895595891
4.12895595891
4.12895561284
4.1289554441
4.12895589138
4.12895625231
4.12895638736
4.12895603844
4.12895594305
4.12895595753
4.12895601931
4.12895594508
4.12895589209
4.12895604734
4.12895590236
4.12895571314
4.1289555337
4.12895578018
4.12895563875
4.12895598116
6529.20821186
703.995492958
132.93293259
26.1020276309
4.93280895243
2.81994370225
2.81994370225
2.8199435985
2.81994354061
2.8199436807
2.81994341281
2.81994343692
2.81994340328
2.81994336202
2.81994334972
2.81994351947
2.81994295102
2.81994336182
2.81994354521
2.81994308158
2.81994329023
2.81994308013
2.81994349464
2.81994342573
2.81994360922
3900.27092803
388.589450445
63.9547827652
10.8612352013
2.61776276158
2.61776276158
2.61776296491
2.6177630644
2.61776279944
2.61776224977
2.61776216564
2.61776243914
2.61776249796
2.61776242279
2.61776259547
2.61776217763
2.61776228152
2.61776265817
2.61776178941
2.61776214899
2.61776212266
2.61776205996
2.61776127062
2.61776266144
603.424412176
59.5246732883
7.55779847356
2.49471038544
2.49471038544
2.49471055045
2.49471065162
2.49471041603
2.4947098199
2.49470973487
2.49470997276
2.49471003435
2.49470991097
2.49471013485
2.49470949266
2.4947097772
2.49471014974
2.49470907563
2.49470977225
2.49470989298
2.49470961835
2.49470871908
2.49471026825
223.235561603
22.1970471216
3.14786798235
2.47751809978
2.47751809978
2.47751827867
2.47751839746
2.47751813321
2.477517539
2.47751744264
2.47751768965
2.47751776757
2.47751760581
2.47751784925
2.47751713144
2.47751749956
2.47751786254
2.47751684121
2.4775174742
2.47751758108
2.47751731853
2.47751640316
2.47751798304
98.8365529239
9.81364368785
2.50882752526
2.442136209
2.442136209
2.44213640796
2.4421365211
2.44213624686
2.44213563618
2.44213555927
2.44213578099
2.44213583204
2.44213570669
2.44213595914
2.44213523923
2.44213559037
2.44213599565
2.44213489987
2.44213557357
2.44213568442
2.44213542135
2.44213450224
2.44213607992
60.8125399127
6.37702415889
2.46760879122
2.43375891749
2.43375891749
2.43375911569
2.43375922343
2.43375895532
2.43375834056
2.43375826906
2.43375848155
2.4337585264
2.43375841818
2.4337586518
2.43375795862
2.43375830593
2.43375866874
2.43375762862
2.4337582844
2.43375839367
2.43375812936
2.43375720689
2.4337587908
58.0577433868
6.07636772839
2.44301062974
2.42061904384
2.42061904384
2.42061924976
2.42061937435
2.42061908335
2.42061849382
2.42061841266
2.4206186289
2.42061868951
2.42061855067
2.42061878494
2.42061809409
2.42061842865
2.42061878708
2.42061773824
2.4206184099
2.42061851218
2.42061826807
2.42061736948
2.42061892854
25.0417273224
2.79055061014
2.00355438449
2.00355438449
2.00355451815
2.00355464406
2.00355441044
2.00355404794
2.00355394859
2.00355413297
2.00355415887
2.00355409737
2.00355423647
2.00355383695
2.00355403534
2.00355423586
2.00355364001
2.00355403976
2.00355414174
2.00355394265
2.00355342749
2.00355432169
21.8490426941
2.66190005601
1.72816474824
1.72816474824
1.72816486307
1.72816490172
1.72816477068
1.72816462092
1.72816457664
1.72816468076
1.72816471131
1.72816468335
1.72816470579
1.72816463143
1.72816467472
1.72816469686
1.72816457847
1.72816470284
1.72816478986
1.72816465834
1.72816454314
1.7281647369
7.79306807745
1.71967644427
1.6026095481
1.6026095481
1.60260959194
1.60260961512
1.60260955692
1.60260963451
1.60260960662
1.60260963903
1.60260965704
1.60260967068
1.60260959273
1.60260979649
1.60260970399
1.60260958521
1.60260985325
1.60260974984
1.60260979785
1.60260974965
1.60260994253
1.6026095598
12.9749804138
1.87285960089
1.5741878224
1.5741878224
1.57418784492
1.57418785591
1.57418782681
1.57418795631
1.5741879498
1.5741879529
1.57418796273
1.57418799031
1.57418789888
1.57418815794
1.57418803438
1.57418788212
1.57418824464
1.57418808213
1.57418811573
1.57418809462
1.57418836185
1.57418786769
1.789943935
1.55890285608
1.55890285608
1.55890284196
1.55890284023
1.55890285302
1.55890294951
1.55890296101
1.55890293132
1.55890293193
1.55890294571
1.55890289992
1.55890303467
1.55890296544
1.55890289569
1.55890308229
1.55890297659
1.55890299019
1.55890298951
1.55890312373
1.55890288214
2.03858560912
1.55398474204
1.55398474204
1.55398471737
1.55398470497
1.55398473699
1.55398479039
1.55398480126
1.55398476737
1.55398476176
1.55398476501
1.55398475703
1.55398478799
1.55398476819
1.5539847592
1.55398480234
1.55398476037
1.55398475605
1.553984771
1.55398479258
1.55398475247
1.56567519941
1.55146549377
1.55146549377
1.55146548324
1.55146547852
1.55146549132
1.55146549923
1.55146550422
1.55146549216
1.55146549179
1.55146548979
1.55146549336
1.55146548805
1.55146548991
1.55146549617
1.55146549085
1.55146548344
1.55146547901
1.55146549427
1.55146548634
1.55146549513
1.56154853771
1.55358662291
1.55358662291
1.5535866201
1.55358661961
1.55358662191
1.55358662294
1.55358662429
1.553586622
1.55358662485
1.55358662292
1.55358662234
1.55358662644
1.55358662445
1.55358662518
1.55358662873
1.55358662228
1.55358662132
1.55358663217
1.55358663197
1.55358662466
1.55316742197
1.55316742197
1.55316741929
1.55316742034
1.55316742101
1.55316742407
1.55316742517
1.55316742223
1.5531674253
1.55316742207
1.55316742228
1.55316742681
1.55316742103
1.55316742485
1.55316742142
1.5531674182
1.55316742148
1.55316742239
1.55316740922
1.55316742418
1.55287161804
1.55287161804
1.55287161584
1.55287161673
1.55287161717
1.55287161864
1.55287161947
1.5528716174
1.55287162037
1.5528716179
1.55287161765
1.55287162159
1.55287161861
1.55287162014
1.55287162118
1.55287161669
1.55287161825
1.55287162397
1.55287161876
1.55287161994
1.55309980538
     fun: 1.6090895059353045
     jac: array([ 0.00780787,  0.0199734 ,  0.00174561, -0.03119065, -0.03929645,
       -0.02870944, -0.03186604, -0.0316495 , -0.01932858, -0.07207382,
       -0.0226831 , -0.02278931, -0.04396014, -0.01210639, -0.01177377,
       -0.00113416,  0.01050137, -0.00792129])
 message: 'Optimization terminated successfully.'
    nfev: 423
     nit: 19
    njev: 19
  status: 0
 success: True
       x: array([ 0.47826689, -0.44721812, -0.48623778, -0.35712612,  0.25263861,
        0.002703  ,  0.12543422, -0.23254208,  0.5558908 ,  0.12733303,
       -0.30556833, -0.47034835,  0.13055962,  0.51243365, -0.44985592,
       -0.68509829,  0.32728472, -0.52608802])

========================================================

Final result:
0.478266892537
-0.447218121102
-0.48623778096
0.151729669842
0.151729669842
0.151729669842
-0.357126124468
0.252638613914
0.00270299599941
0.125434222411
-0.232542078893
0.555890798803
0.127333033278
0.127333033278
-0.305568333
-0.470348346738
0.130559621236
0.130559621236
0.512433650382
-0.449855922341
-0.685098293296
0.327284715554
0.327284715554
-0.526088019337
0.407172096426
