charges/HIE_methyl_charged.filelist
11.1827510207
11.1827510207
11.1827496401
11.1827505179
11.1827503159
11.1827503476
11.1827503592
11.1827500363
11.1827495725
11.1827505578
11.1827499691
11.18275064
11.1827507011
11.1827508117
11.1827508717
11.1827506988
11.1827508992
11.1827513289
11.1827513757
11.1827510823
76776.7643676
7672.61275969
762.252187864
115.736390363
18.9833887609
9.69241669735
9.69241669735
9.69241796662
9.69241705602
9.69241675424
9.69241676844
9.69241670807
9.69241649693
9.69241666801
9.69241672004
9.69241646515
9.69241677198
9.69241670179
9.69241676176
9.69241671746
9.69241667938
9.69241678374
9.69241701585
9.69241703072
9.69241676114
8076.68111927
856.593152706
163.053537623
31.4383091941
7.13308266276
7.13308266276
7.13308365233
7.13308302156
7.13308312995
7.13308309163
7.13308328185
7.13308312752
7.133084124
7.13308312224
7.13308328091
7.1330830652
7.13308298886
7.13308288927
7.13308281662
7.13308300755
7.13308281075
7.13308269946
7.13308261419
7.13308266964
2120.42176293
209.955602043
25.0957093348
6.99906980945
6.70416409544
6.70416409544
6.7041653591
6.70416454365
6.70416464519
6.70416460329
6.70416470307
6.70416474185
6.70416548203
6.70416452679
6.70416495387
6.70416446092
6.70416440234
6.70416429203
6.70416423471
6.70416442474
6.70416421153
6.70416400959
6.70416386491
6.70416407696
248.33351908
24.1767610481
6.65388682825
6.48409338936
6.48409338936
6.48409469294
6.48409386221
6.48409400795
6.48409402038
6.48409402598
6.48409410639
6.48409480327
6.48409385525
6.48409427739
6.4840938323
6.48409369934
6.48409365702
6.48409355049
6.48409368674
6.48409360341
6.4840933045
6.48409319832
6.48409337149
385.453893045
37.54056839
6.82177592198
6.25893598491
6.25893598491
6.25893736758
6.25893648933
6.25893665345
6.25893668079
6.2589366595
6.25893675543
6.25893748925
6.2589364575
6.25893688513
6.25893636533
6.25893633094
6.25893617544
6.2589361339
6.25893636754
6.25893606786
6.25893589194
6.25893581611
6.25893596568
377.239720834
36.600731899
6.5283549042
5.99813380347
5.99813380347
5.99813528281
5.99813433518
5.99813447944
5.99813445527
5.99813451105
5.9981346113
5.99813539696
5.99813430256
5.99813472097
5.99813423873
5.9981341467
5.9981340427
5.99813396502
5.9981341538
5.99813395546
5.99813364275
5.99813356715
5.99813377012
56.5332444451
7.23756159179
5.81713590029
5.81713590029
5.81713736032
5.81713642414
5.81713656566
5.81713651823
5.81713659289
5.81713673003
5.81713744992
5.81713639756
5.81713683846
5.81713633083
5.81713625522
5.81713614054
5.81713606698
5.81713627517
5.81713605398
5.81713574836
5.8171356972
5.81713586967
31.1841940848
6.05310890423
5.47197171587
5.47197171587
5.47197296648
5.47197216681
5.47197229535
5.47197223819
5.47197231667
5.47197246204
5.47197308603
5.47197211763
5.47197256419
5.47197206989
5.47197196554
5.47197190121
5.47197183459
5.47197193974
5.47197182604
5.47197159917
5.47197156746
5.47197169319
124.567807778
14.627108531
4.06737522034
4.06737522034
4.06737486282
4.06737510982
4.06737511647
4.06737511968
4.06737507028
4.06737516111
4.06737484969
4.06737511885
4.06737512589
4.06737512463
4.06737515084
4.06737516099
4.06737519322
4.06737512156
4.0673751473
4.06737516042
4.06737516291
4.06737520786
24.8116979278
4.32797829701
3.96132879802
3.96132879802
3.9613282862
3.96132863303
3.96132862569
3.96132863302
3.96132857233
3.96132865531
3.96132826802
3.96132862641
3.96132860771
3.96132863082
3.96132868478
3.96132870896
3.96132874671
3.96132867199
3.96132873667
3.9613287508
3.96132876431
3.9613287881
10.8616992255
3.9158940553
3.9158940553
3.91589345185
3.91589385378
3.91589381891
3.91589382987
3.91589377092
3.91589381255
3.91589339401
3.91589384424
3.91589376446
3.91589388805
3.91589390596
3.91589394801
3.91589398107
3.91589390443
3.91589397398
3.91589403968
3.91589407181
3.9158940515
4.04195842698
3.73069785276
3.73069785276
3.73069782758
3.73069784551
3.73069781492
3.73069781628
3.73069780855
3.73069778382
3.73069774774
3.73069781777
3.73069778646
3.73069783327
3.73069782922
3.73069783943
3.73069784259
3.7306978276
3.73069784374
3.73069787459
3.73069788673
3.73069785631
4.56243229456
3.71055175625
3.71055175625
3.71055180582
3.71055177605
3.71055175495
3.71055175267
3.71055175597
3.71055172947
3.7105517546
3.71055175258
3.71055173587
3.71055176482
3.71055175455
3.71055175798
3.71055175513
3.7105517572
3.71055175939
3.71055178152
3.71055177969
3.71055176064
3.6986579587
3.69666382701
3.69666382701
3.69666376658
3.69666381493
3.696663815
3.69666381305
3.69666381934
3.69666380566
3.69666381281
3.69666381684
3.69666381779
3.69666382365
3.69666382222
3.69666382157
3.69666382344
3.69666382551
3.69666382291
3.69666383184
3.69666382691
3.69666382726
3.69234787342
3.693223607
3.693223607
3.6932236118
3.69322361568
3.69322361134
3.69322360946
3.69322360922
3.69322360425
3.6932236105
3.69322360361
3.69322361427
3.69322360955
3.6932236066
3.69322360596
3.69322360643
3.69322360796
3.69322360631
3.69322361016
3.69322360549
3.69322360694
3.68943482671
3.69131265814
3.69131265814
3.69131265792
3.691312665
3.69131266001
3.69131265798
3.69131265863
3.6913126518
3.69131265805
3.69131265382
3.69131266109
3.69131265972
3.69131265714
3.69131265671
3.69131265736
3.69131265826
3.69131265723
3.69131266261
3.69131265839
3.69131265834
3.69151496507
3.69137901993
3.69137901993
3.69137901296
3.69137902457
3.69137901971
3.69137901768
3.69137901871
3.69137901126
3.69137901632
3.69137901441
3.69137902044
3.69137902038
3.69137901815
3.69137901785
3.69137901877
3.69137901929
3.69137901848
3.69137902462
3.69137902048
3.69137902017
     fun: 3.848587439436702
     jac: array([ 0.02286506,  0.00848132,  0.01216534,  0.009379  ,  0.01874328,
        0.01215222,  0.04577318,  0.01361033,  0.01106375,  0.01185012,
        0.00939149,  0.00712854,  0.00467601,  0.00933453,  0.00499219,
        0.00277764,  0.00386208,  0.00058883])
 message: 'Optimization terminated successfully.'
    nfev: 397
     nit: 18
    njev: 18
  status: 0
 success: True
       x: array([ 0.3519571 , -0.54269502, -0.09881175,  0.21324701, -0.29241832,
        0.64583923,  0.1779651 ,  0.1604236 , -0.46391858, -0.4135343 ,
       -0.12284391,  0.06668596, -0.2406287 ,  0.14541452,  0.18204223,
       -0.51193595,  0.29671259, -0.30428376])

========================================================

Final result:
0.351957100558
0.351957100558
-0.542695015096
0.351957100558
-0.0988117538183
0.213247008592
-0.292418318868
0.645839226443
0.177965103142
0.177965103142
0.160423596203
-0.46391857724
-0.413534297319
-0.122843908434
0.0666859579614
-0.240628701727
0.145414519119
0.182042230558
0.349396525669
-0.511935945067
0.296712590562
-0.304283761663
0.173169038723
0.173169038723
0.173169038723
