charges/LYD_charged_methyl.filelist
119.301610342
119.301610342
119.301610219
119.301610189
119.301610318
119.3016113
119.301611385
119.301611279
119.301611242
119.301611047
119.301611573
119.301611791
119.301610774
119.301612987
119.301611141
119.301610597
119.301610877
119.301610391
119.301610317
119.301610366
100871.065471
10010.7021116
1371.18272407
237.48085287
84.3819022786
84.3819022786
84.3819022079
84.3819021923
84.3819022646
84.3819020369
84.3819020825
84.3819020548
84.3819020236
84.381901934
84.3819022645
84.3819015841
84.3819018321
84.3819023801
84.3819012879
84.3819018749
84.3819014949
84.3819018997
84.3819013136
84.3819021894
11321.1630524
1067.16567902
179.931006366
43.3015203592
43.3015203592
43.3015204685
43.3015204966
43.3015203797
43.301519032
43.3015189682
43.3015191186
43.3015191243
43.301519309
43.3015190015
43.3015182641
43.3015194933
43.3015175683
43.3015185378
43.3015197993
43.3015193438
43.3015199712
43.301519457
43.3015202818
1130.83542765
108.262064728
41.2054382447
41.2054382447
41.2054382905
41.2054383114
41.2054382534
41.2054369371
41.2054368744
41.2054369524
41.2054369655
41.2054371036
41.205436788
41.2054358785
41.2054373669
41.205435232
41.2054365195
41.2054375946
41.2054369068
41.2054378778
41.2054374886
41.2054381615
196.306709498
39.4878194355
35.6101367775
35.6101367775
35.6101369208
35.6101369945
35.6101368055
35.6101355964
35.6101354928
35.6101356293
35.6101356847
35.6101358105
35.6101353803
35.610134825
35.6101360121
35.6101338288
35.6101352703
35.610136182
35.6101355171
35.6101364481
35.6101361104
35.6101367001
611.491925852
97.6529676258
24.1497868327
24.1497868327
24.1497868394
24.1497867777
24.1497868344
24.149786542
24.1497865571
24.149786519
24.1497864467
24.1497867382
24.1497863575
24.1497867822
24.1497867689
24.1497857879
24.1497866563
24.1497868561
24.1497868139
24.1497870293
24.1497874676
24.1497868813
1155.08071396
133.856202122
25.6985744713
20.4016945436
20.4016945436
20.4016946262
20.4016946373
20.40169456
20.4016946772
20.4016946406
20.4016946752
20.4016946784
20.4016948219
20.4016945006
20.4016951632
20.4016948761
20.4016943559
20.4016952522
20.4016948617
20.4016951206
20.4016949167
20.4016955454
20.4016946429
508.373348699
51.0856930106
20.1274580355
20.1274580355
20.1274580148
20.1274579742
20.1274580323
20.1274583395
20.1274583408
20.1274582576
20.1274582255
20.1274584097
20.1274580416
20.1274588665
20.1274584403
20.1274579245
20.1274588874
20.1274584022
20.1274587385
20.1274583931
20.1274589477
20.1274581346
93.2659760792
19.5317621741
13.5941328688
13.5941328688
13.5941327874
13.5941327013
13.5941328528
13.5941337737
13.5941338391
13.5941337452
13.5941336757
13.5941337686
13.5941337901
13.594134779
13.5941336387
13.5941347544
13.5941344897
13.5941333935
13.5941338307
13.5941332519
13.594133748
13.5941329884
590.094643028
72.0336031393
14.8355187115
12.1760815452
12.1760815452
12.1760814282
12.1760813958
12.1760815228
12.1760827768
12.176082824
12.1760827018
12.1760826903
12.1760825858
12.1760827641
12.1760836948
12.1760823744
12.1760840373
12.1760832367
12.1760821181
12.1760826291
12.1760819356
12.1760824109
12.1760816715
54.8072001163
10.9203915047
10.9203915047
10.9203915049
10.9203914958
10.9203915073
10.9203922693
10.920392357
10.920392185
10.9203921005
10.9203920427
10.9203923772
10.9203925721
10.9203919177
10.9203933874
10.9203923643
10.9203917557
10.9203920152
10.9203915806
10.920391564
10.9203915434
78.8681167601
13.0963369785
8.56243228187
8.56243228187
8.56243229816
8.56243232989
8.56243228571
8.56243259938
8.56243262787
8.56243260393
8.5624325968
8.56243243406
8.56243281719
8.56243250233
8.5624323828
8.56243350392
8.56243250881
8.56243231234
8.56243241358
8.56243214778
8.56243180219
8.56243226774
15.1565424641
6.78800907115
6.78800907115
6.78800910568
6.78800918009
6.78800907807
6.78800873441
6.78800868904
6.78800875631
6.78800878453
6.78800869869
6.78800881435
6.78800825065
6.7880087465
6.78800860931
6.78800841141
6.78800882351
6.78800862523
6.78800883583
6.78800841957
6.78800908177
18.6469663256
4.55379559404
4.55379559404
4.55379559769
4.55379561893
4.55379559355
4.55379485908
4.5537948063
4.55379490015
4.55379496233
4.5537949379
4.55379482778
4.55379425606
4.55379500976
4.55379404179
4.55379436613
4.55379517623
4.55379475636
4.553795351
4.55379506769
4.55379556464
10.2911892222
3.877905682
3.877905682
3.87790564258
3.87790570218
3.87790567364
3.87790522644
3.87790514101
3.87790524736
3.87790527961
3.87790531989
3.87790516035
3.87790497983
3.87790536379
3.87790460259
3.87790498481
3.87790550019
3.87790534218
3.87790560657
3.87790554593
3.87790568638
14.6565790032
3.48551492456
3.48551492456
3.48551492129
3.48551488679
3.48551492313
3.48551514195
3.48551513803
3.48551516209
3.48551517595
3.48551523976
3.48551508978
3.48551561014
3.48551523606
3.48551523745
3.48551555403
3.48551522787
3.48551556917
3.48551515725
3.48551544607
3.48551502535
5.91419981608
3.09438302007
3.09438302007
3.09438298698
3.09438296532
3.09438301416
3.09438343236
3.09438344641
3.09438338778
3.09438337905
3.09438338541
3.0943833659
3.09438376558
3.09438335927
3.09438373051
3.09438378508
3.09438322713
3.09438335276
3.09438319489
3.09438343377
3.09438309286
5.94603735713
2.92267139254
2.92267139254
2.92267138314
2.9226713575
2.92267139159
2.92267168854
2.92267172903
2.9226716677
2.92267161603
2.92267166824
2.92267173694
2.92267201682
2.92267157333
2.92267215603
2.92267172164
2.92267153463
2.92267169524
2.92267146779
2.92267151862
2.92267144432
4.20760779513
2.820645619
2.820645619
2.82064560157
2.82064560736
2.82064561645
2.82064573088
2.82064574063
2.82064569944
2.82064568313
2.82064566939
2.82064574053
2.82064570523
2.82064566063
2.82064592157
2.82064571176
2.82064565585
2.82064570662
2.82064562946
2.82064560442
2.82064565509
3.58215730439
2.78489702021
2.78489702021
2.78489703997
2.7848970695
2.78489702459
2.78489704036
2.78489702345
2.78489703587
2.78489704734
2.78489702056
2.78489704793
2.7848970154
2.78489701297
2.78489711546
2.78489701001
2.78489701545
2.7848970289
2.78489699035
2.78489690111
2.78489704733
3.11089533273
2.76549774653
2.76549774653
2.76549773676
2.76549774457
2.76549774486
2.76549772923
2.76549772237
2.76549772737
2.76549772835
2.76549772043
2.76549775028
2.76549769563
2.76549771262
2.7654978005
2.76549768039
2.76549771867
2.76549769461
2.76549771687
2.76549764504
2.76549777392
2.71998353207
2.73461710889
2.73461710889
2.73461710068
2.73461711084
2.73461710759
2.73461709137
2.73461708267
2.73461708305
2.73461708749
2.73461708161
2.73461708712
2.73461705853
2.73461707487
2.73461710059
2.7346170388
2.73461708668
2.73461706645
2.73461709323
2.73461705104
2.7346171378
2.70437144263
2.72236992437
2.72236992437
2.72236991717
2.72236992502
2.72236992329
2.72236991676
2.72236990694
2.72236990858
2.72236991201
2.72236990941
2.72236991196
2.72236989956
2.7223699036
2.72236993428
2.72236988296
2.72236991326
2.72236990503
2.72236991608
2.72236988329
2.72236995467
2.69766826229
2.71541417201
2.71541417201
2.7154141641
2.71541417177
2.71541417076
2.71541417342
2.71541416519
2.71541416647
2.71541416949
2.71541416806
2.71541417086
2.71541416991
2.71541416199
2.71541420496
2.71541415366
2.71541416915
2.71541416962
2.71541416866
2.71541414138
2.71541420349
2.72474495053
2.71843674156
2.71843674156
2.71843673282
2.71843674061
2.71843674015
2.71843675129
2.71843674313
2.7184367435
2.71843674684
2.71843674372
2.71843674793
2.71843675163
2.71843673634
2.71843678958
2.7184367328
2.71843674219
2.71843674621
2.71843674029
2.71843671505
2.71843677394
2.72108008193
2.71930065679
2.71930065679
2.71930064863
2.71930065637
2.71930065549
2.71930066608
2.71930065804
2.71930065846
2.71930066157
2.71930065901
2.71930066307
2.71930066707
2.71930065184
2.71930070476
2.71930064886
2.71930065749
2.71930066119
2.71930065589
2.71930063139
2.71930068933
2.71848992228
2.7190839732
2.7190839732
2.71908396473
2.71908397221
2.71908397184
2.7190839828
2.71908397498
2.71908397487
2.71908397774
2.71908397549
2.71908397939
2.71908398373
2.71908396825
2.71908402095
2.71908396527
2.71908397381
2.71908397742
2.71908397212
2.7190839473
2.71908400568
2.71773067239
2.71863853076
2.71863853076
2.71863852236
2.71863852987
2.71863852942
2.71863854091
2.71863853313
2.718638533
2.71863853591
2.71863853343
2.7186385377
2.718638542
2.71863852605
2.71863858012
2.71863852334
2.71863853147
2.71863853506
2.71863852977
2.71863850512
2.71863856322
     fun: 5.669080440303
     jac: array([  9.08136368e-04,   4.43220139e-04,   1.69038773e-04,
        -4.86141443e-03,  -5.16808033e-03,  -3.98045778e-03,
        -2.44843960e-03,  -4.10509109e-03,  -5.19651175e-03,
        -9.26047564e-03,  -2.48241425e-03,  -1.20034218e-02,
        -3.49259377e-03,  -2.76684761e-03,  -6.84833527e-03,
        -1.15835667e-03,  -2.61151791e-03,   4.20212746e-05])
 message: 'Optimization terminated successfully.'
    nfev: 602
     nit: 28
    njev: 28
  status: 0
 success: True
       x: array([ 0.65571074, -0.52600488, -0.51003484, -0.58174483,  0.31333003,
       -0.03566294,  0.11020791, -0.22091738,  0.37392141,  0.07635369,
        0.02455665, -0.56363396, -0.00699825,  0.24938044, -0.09058655,
        0.28436322, -0.05889522, -0.70251964])

========================================================

Final result:
0.655710741122
-0.526004882583
-0.510034841024
0.126776327495
0.126776327495
0.126776327495
-0.58174483079
0.31333002996
-0.035662936193
0.110207909294
-0.220917375068
0.373921411065
0.0763536914246
0.0763536914246
0.0245566475031
-0.56363396266
-0.00699825161293
-0.00699825161293
0.249380435174
-0.0905865489888
-0.0905865489888
0.284363218538
-0.0588952150106
-0.0588952150106
-0.702519638221
0.236302851216
0.236302851216
-0.56363396266
