charges/HIS_charged_methyl.filelist
83.2961616051
83.2961616051
83.2961619434
83.2961619835
83.2961616693
83.2961606594
83.2961606106
83.2961609221
83.2961609453
83.2961611172
83.2961609755
83.2961606688
83.2961612543
83.2961603754
83.2961611965
83.296161422
83.29616095
83.2961613277
83.2961614763
83.2961615025
83.2961613195
59363.9323101
5896.98094583
586.063984874
100.221550838
70.5673769026
70.5673769026
70.5673772341
70.5673772351
70.5673769653
70.5673765829
70.567376593
70.567376871
70.5673768718
70.5673770286
70.5673770245
70.5673772903
70.5673769942
70.5673772347
70.5673768885
70.5673770189
70.5673767616
70.5673768529
70.5673769236
70.5673770908
70.5673767805
4321.23262985
534.197761515
87.4364476259
37.9091306089
37.9091306089
37.9091306394
37.9091304453
37.9091306133
37.9091308906
37.9091310651
37.9091309703
37.9091308757
37.9091309877
37.9091311814
37.9091314379
37.9091309002
37.909131894
37.9091309228
37.909130786
37.9091309312
37.9091308332
37.9091307262
37.9091307407
37.9091308451
1600.89853963
157.496376785
35.9786367012
33.3069502639
33.3069502639
33.3069502635
33.3069500663
33.3069502628
33.3069507921
33.3069509617
33.3069508009
33.3069507318
33.306950834
33.3069508683
33.3069515186
33.3069506966
33.3069515194
33.3069506763
33.3069505569
33.3069506857
33.3069505258
33.3069504253
33.3069505369
33.3069504891
1178.97530521
112.44446772
32.2539095064
32.2539095064
32.2539095055
32.2539093847
32.2539095057
32.2539101987
32.2539103357
32.2539101871
32.253910212
32.2539100315
32.2539102932
32.2539105574
32.2539098705
32.2539111484
32.2539098247
32.2539097611
32.2539098978
32.2539096833
32.2539096297
32.2539097664
32.25390962
558.594498193
57.2901058775
31.1200116898
31.1200116898
31.1200117353
31.1200116607
31.1200116981
31.120012383
31.1200124766
31.120012384
31.1200124427
31.1200122257
31.1200124587
31.1200127427
31.1200120863
31.1200132818
31.1200121217
31.1200119257
31.120012277
31.1200119697
31.1200118373
31.1200118685
31.1200119513
374.978465028
34.6922532557
26.7098548362
26.7098548362
26.7098547907
26.709854668
26.7098548265
26.709855584
26.7098556978
26.709855551
26.7098555695
26.7098554051
26.709855634
26.7098559887
26.7098552326
26.709856495
26.7098552525
26.7098550584
26.7098554845
26.7098550684
26.709854962
26.7098549987
26.7098550113
148.923560532
18.2900406431
18.2900406431
18.2900404382
18.2900403733
18.2900406019
18.2900411315
18.2900411239
18.2900410109
18.2900410711
18.2900408405
18.290040969
18.2900409243
18.2900408166
18.2900412704
18.2900408668
18.290040768
18.2900409803
18.2900408137
18.2900407294
18.2900407656
18.2900408398
174.838786631
19.4306985214
15.5757119521
15.5757119521
15.5757117568
15.5757117136
15.5757119137
15.5757123201
15.5757123088
15.575712152
15.5757121863
15.575712004
15.5757120659
15.575711952
15.5757119932
15.5757121259
15.5757120629
15.5757119577
15.5757121109
15.575712068
15.5757119865
15.5757119244
15.5757121392
93.5805081897
17.864735299
14.111283958
14.111283958
14.1112838571
14.111283829
14.1112839382
14.1112840161
14.1112840086
14.1112838565
14.1112838561
14.1112837833
14.1112837488
14.1112834969
14.1112838526
14.1112834825
14.1112839066
14.1112838996
14.1112839426
14.1112839471
14.1112839397
14.1112839162
14.1112839883
105.95903634
20.4429821029
13.0525371044
13.0525371044
13.0525371541
13.0525371552
13.0525371124
13.0525366692
13.0525366083
13.052536669
13.0525367213
13.0525367136
13.0525365379
13.0525362621
13.0525368291
13.0525358902
13.0525368475
13.0525369355
13.0525367216
13.0525369385
13.0525370111
13.052536963
13.0525369563
23.6283147751
12.651901271
12.651901271
12.6519013984
12.6519013577
12.651901294
12.6519011043
12.6519011208
12.6519011759
12.6519011762
12.6519012359
12.6519011809
12.6519012395
12.6519012319
12.6519010976
12.6519012107
12.6519012602
12.6519011585
12.6519012215
12.6519012514
12.6519012945
12.6519012254
20.6784045896
12.9438131949
12.9438131949
12.9438132832
12.943813206
12.9438132105
12.9438131406
12.943813195
12.9438131858
12.9438131672
12.9438132164
12.9438132242
12.9438132583
12.9438132075
12.9438132825
12.9438132133
12.9438131983
12.9438131682
12.9438131986
12.9438131981
12.9438131907
12.943813193
15.6897178915
13.2317104705
13.2317104705
13.2317105433
13.2317104566
13.231710483
13.2317104008
13.2317104576
13.231710433
13.2317104256
13.2317104487
13.231710455
13.2317104293
13.2317104501
13.2317104608
13.2317104652
13.23171045
13.2317104319
13.231710464
13.231710463
13.2317104434
13.2317104705
12.929642381
13.0296162724
13.0296162724
13.0296163478
13.0296162736
13.0296162853
13.0296162512
13.0296162934
13.0296162838
13.0296162917
13.0296162914
13.029616292
13.029616313
13.0296162836
13.0296163223
13.029616289
13.02961628
13.0296162643
13.0296162731
13.0296162751
13.0296162821
13.0296162665
12.6078568847
12.8118987695
12.8118987695
12.8118988359
12.811898762
12.8118987806
12.811898736
12.8118987768
12.811898768
12.8118987753
12.8118987757
12.8118987771
12.8118987805
12.811898773
12.8118987961
12.8118987815
12.8118987722
12.8118987572
12.8118987695
12.8118987708
12.8118987744
12.8118987664
12.7612843878
12.7935326212
12.7935326212
12.7935326868
12.7935326126
12.7935326322
12.793532583
12.7935326222
12.7935326141
12.7935326206
12.7935326223
12.793532623
12.7935326215
12.793532621
12.7935326359
12.7935326298
12.7935326214
12.7935326044
12.7935326196
12.7935326213
12.7935326236
12.7935326175
12.7539221831
12.7539221831
12.753922249
12.7539221767
12.7539221941
12.7539221428
12.7539221814
12.7539221719
12.7539221787
12.7539221802
12.7539221776
12.7539221752
12.7539221793
12.7539221812
12.7539221878
12.7539221809
12.75392216
12.7539221791
12.7539221818
12.7539221833
12.7539221776
12.7666455939
12.7666455939
12.7666456601
12.7666455872
12.766645605
12.7666455536
12.7666455924
12.7666455836
12.7666455901
12.7666455921
12.7666455906
12.7666455884
12.7666455912
12.7666455973
12.7666456
12.7666455922
12.7666455735
12.7666455908
12.766645593
12.7666455942
12.7666455893
12.7757560445
12.7703350371
12.7703350371
12.7703351031
12.77033503
12.7703350481
12.7703349971
12.7703350359
12.7703350272
12.7703350337
12.7703350356
12.7703350343
12.7703350322
12.7703350347
12.7703350417
12.7703350435
12.7703350356
12.7703350169
12.7703350341
12.7703350363
12.7703350378
12.7703350325
12.7687732778
12.7696913032
12.7696913032
12.7696913692
12.7696912961
12.7696913142
12.7696912633
12.7696913022
12.7696912934
12.7696913
12.7696913018
12.7696913006
12.7696912985
12.7696913008
12.769691308
12.7696913095
12.7696913018
12.7696912829
12.7696913002
12.7696913024
12.7696913041
12.7696912985
12.7686979968
     fun: 19.033814845590612
     jac: array([ 0.00033998, -0.00336456, -0.00020933,  0.00327158,  0.00446057,
        0.00651884,  0.00542235,  0.00724554,  0.01120639,  0.01467323,
        0.0059607 ,  0.02599144,  0.00475359,  0.00470066,  0.00967789,
        0.00260568,  0.00278902,  0.00399613,  0.00064254])
 message: 'Optimization terminated successfully.'
    nfev: 473
     nit: 21
    njev: 21
  status: 0
 success: True
       x: array([-1.397898  ,  0.15395419, -0.46883916,  0.82302563,  0.16278297,
        0.13969765,  0.13515299, -0.38089828,  0.45402869,  0.08977876,
       -0.01901009, -0.56325342, -0.5005092 ,  0.27380864,  0.56575875,
       -0.28892886,  0.04572552, -0.00508862,  0.3062232 ])

========================================================

Final result:
-1.39789799532
0.153954186761
-0.468839163608
0.237594324057
0.237594324057
0.237594324057
0.823025627563
0.162782965104
0.139697646463
0.135152988846
-0.380898283966
0.454028694225
0.0897787597648
0.0897787597648
-0.0190100896405
-0.563253423047
-0.50050920122
0.2738086417
0.56575874883
-0.288928855594
0.0457255193716
-0.00508861902449
0.306223199257
0.235180344651
-0.563253423047
