charges/LYS_methyl_neutral.filelist
19.5130943612
19.5130943612
19.5130914414
19.5130929673
19.5130930499
19.5130931065
19.5130932562
19.5130928618
19.5130921046
19.5130935165
19.5130927922
19.5130926811
19.5130937633
19.513093155
19.5130940207
19.5130936903
19.5130942953
19.5130945285
19.5130945636
19.5130943945
147155.629933
14699.0258827
2406.20134065
531.190606518
117.481267527
20.8837163681
6.5633325621
6.5633325621
6.56333259712
6.56333259899
6.56333251144
6.56333262567
6.56333258256
6.5633321784
6.5633325656
6.56333269235
6.56333204172
6.56333291315
6.56333267167
6.56333275025
6.56333268564
6.56333288182
6.56333258731
6.56333292253
6.56333304885
6.56333263604
6902.92965247
875.287382924
167.498182321
32.5985257998
6.45566359915
4.5125965698
4.5125965698
4.51259838716
4.51259746036
4.51259732419
4.51259742087
4.51259721397
4.51259714925
4.51259785582
4.51259710241
4.51259712488
4.51259769117
4.51259691156
4.51259721115
4.51259676884
4.51259696772
4.51259660902
4.5125967587
4.51259679962
4.51259660799
2019.094787
200.92618023
19.5511235892
4.5777373447
4.36501606488
4.36501606488
4.36501787108
4.36501696384
4.36501688408
4.36501697048
4.36501680751
4.36501675443
4.3650175765
4.36501669014
4.36501676462
4.36501735844
4.36501650968
4.36501693424
4.36501634867
4.36501666265
4.3650161211
4.36501619841
4.36501620474
4.36501609125
449.848770002
44.3448005697
5.56087939941
4.26354797826
4.26354797826
4.26355002687
4.26354897872
4.2635488417
4.26354890045
4.26354873193
4.2635487223
4.2635494787
4.26354862821
4.26354874013
4.26354933457
4.2635484452
4.26354887843
4.26354830237
4.26354869182
4.26354804267
4.26354809092
4.26354808819
4.26354800011
286.77765916
28.136560262
4.59514645577
4.15834278946
4.15834278946
4.15834495562
4.15834383776
4.15834368622
4.15834371651
4.15834359283
4.15834357221
4.15834441873
4.1583434652
4.15834358533
4.15834415979
4.15834330877
4.15834385994
4.15834310219
4.15834342443
4.15834285124
4.15834290949
4.15834291531
4.15834281318
301.222039624
29.1372034908
4.69269533585
3.92064857822
3.92064857822
3.92065092464
3.92064972004
3.92064957733
3.92064959376
3.92064945721
3.9206495156
3.92065032403
3.92064935047
3.92064951915
3.92065020998
3.92064912289
3.92064964984
3.92064891009
3.92064925826
3.92064864363
3.92064867606
3.92064870773
3.9206485985
298.803510612
29.3078672005
4.34707651271
3.81359432564
3.81359432564
3.81359675325
3.8135955031
3.81359536292
3.81359536471
3.81359524501
3.81359531817
3.81359618993
3.81359509157
3.81359530549
3.81359590031
3.81359487584
3.813595407
3.81359468035
3.81359507732
3.81359439589
3.81359442997
3.81359448454
3.81359434814
88.2134440851
8.67671523395
3.6842888829
3.6842888829
3.68429120254
3.68429002902
3.68428993829
3.68429001246
3.68428975276
3.68428991591
3.68429058905
3.68428961169
3.68428984835
3.68429037234
3.68428942615
3.68428998323
3.68428921755
3.68428957266
3.68428894906
3.68428893518
3.68428902463
3.68428889506
187.304944408
17.895764344
3.76129072462
3.44905124523
3.44905124523
3.44905348205
3.44905234201
3.44905224063
3.44905226464
3.44905209156
3.44905224027
3.44905293979
3.4490519386
3.44905214344
3.44905266239
3.44905174422
3.44905223887
3.44905154951
3.44905187027
3.44905130554
3.4490512076
3.44905129149
3.44905123803
72.9428857906
11.7120715282
2.74321231425
2.74321231425
2.74321260394
2.74321243438
2.74321249986
2.74321244779
2.74321241101
2.74321274229
2.74321252341
2.74321230616
2.74321285916
2.74321223162
2.7432122991
2.7432123076
2.74321225551
2.74321213709
2.74321230357
2.74321205776
2.74321195809
2.74321226109
4.39712501578
2.48714234114
2.48714234114
2.48714190506
2.48714215162
2.48714220392
2.48714214273
2.48714217783
2.48714238888
2.4871420234
2.48714214383
2.48714247426
2.48714188668
2.48714219689
2.48714207174
2.48714221851
2.48714205041
2.48714231816
2.48714213404
2.48714205372
2.48714229798
6.31893082986
2.06835664076
2.06835664076
2.06835572674
2.06835620525
2.0683562237
2.06835622472
2.06835632109
2.06835614893
2.06835599383
2.06835642129
2.06835610351
2.06835621537
2.06835650299
2.06835635858
2.06835658439
2.06835655988
2.0683566315
2.06835671303
2.06835675037
2.06835665514
2.10016833293
1.96374770694
1.96374770694
1.96374758261
1.96374765456
1.96374763872
1.96374765236
1.9637476633
1.96374758177
1.96374761667
1.96374768825
1.96374755791
1.96374768305
1.96374769493
1.96374767033
1.96374770828
1.96374772187
1.96374770885
1.96374776996
1.96374778078
1.96374771943
2.74008892087
1.95328545126
1.95328545126
1.95328548547
1.95328547537
1.95328545617
1.95328547063
1.95328546306
1.95328541401
1.95328547262
1.95328546803
1.95328540939
1.95328549424
1.95328546119
1.95328545956
1.95328545948
1.95328547267
1.95328545444
1.95328549075
1.9532855012
1.95328545868
1.93719464449
1.93248623987
1.93248623987
1.93248626912
1.93248625971
1.93248625439
1.93248625749
1.93248625361
1.93248625127
1.93248626576
1.93248625145
1.93248625698
1.93248626329
1.93248625065
1.9324862574
1.93248624537
1.93248625187
1.93248624255
1.93248624134
1.9324862396
1.9324862396
1.93131727279
1.93165756979
1.93165756979
1.93165757105
1.93165757574
1.93165757089
1.93165757384
1.93165757129
1.93165756732
1.9316575717
1.93165756973
1.93165757273
1.93165756932
1.93165757042
1.93165756583
1.9316575682
1.93165756621
1.93165757106
1.93165757127
1.9316575689
1.93165756951
1.93161500197
1.93161500197
1.93161499243
1.93161500287
1.9316149985
1.9316150012
1.93161500035
1.93161499436
1.93161499767
1.9316150002
1.93161499945
1.93161499822
1.93161500207
1.93161499723
1.93161500068
1.93161499974
1.93161500332
1.93161500417
1.93161500162
1.93161500185
1.93143743011
1.93143743011
1.93143742432
1.93143743276
1.93143742812
1.93143743096
1.93143742947
1.93143742396
1.93143742759
1.93143742904
1.93143742871
1.93143742785
1.93143743051
1.93143742587
1.93143742884
1.93143742773
1.93143743146
1.93143743247
1.93143743035
1.93143743003
1.9315533443
     fun: 2.0106187160547844
     jac: array([ 0.03709587,  0.01785311,  0.01225957,  0.01412302,  0.00654724,
        0.00807607,  0.00668895,  0.00821683, -0.00449583,  0.02082199,
        0.00425154,  0.00879085,  0.00139409,  0.00315186, -0.00067884,
        0.00996467,  0.02194273,  0.00316101])
 message: 'Optimization terminated successfully.'
    nfev: 421
     nit: 19
    njev: 19
  status: 0
 success: True
       x: array([ 0.31677479, -0.72236464, -0.01680301,  0.10418392, -0.28146885,
        0.55884383,  0.14194354, -0.26569856, -0.48147346,  0.15322278,
       -0.32880484,  0.1840578 , -0.15336182,  0.18623896, -0.40682176,
       -0.41798958,  0.28311327, -0.3080356 ])

========================================================

Final result:
0.316774785219
-0.722364644166
0.316774785219
-0.0168030144631
0.104183917645
-0.281468846621
0.558843834879
0.141943536185
0.141943536185
-0.265698556749
-0.48147346382
0.153222784229
0.153222784229
-0.328804844144
0.184057801869
0.184057801869
-0.15336182328
0.186238959157
0.186238959157
-0.406821757867
0.343097821756
0.343097821756
0.343097821756
-0.417989577077
0.28311327049
-0.308035600675
0.147637302421
0.147637302421
0.147637302421
