charges/MET_methyl_neutral.filelist
11.3700124337
11.3700124337
11.3700103139
11.3700114156
11.37001151
11.3700115814
11.3700117349
11.3700112862
11.3700110407
11.3700119499
11.3700111622
11.3700114166
11.3700122843
11.3700124066
11.3700126282
11.3700127107
11.370012473
74569.1840467
7448.3447585
1262.67462804
267.099752504
55.711775238
10.3472064649
6.20268805368
6.20268805368
6.20268819625
6.20268813799
6.2026880567
6.20268815022
6.20268811887
6.20268776918
6.20268816228
6.20268821105
6.20268760621
6.20268835915
6.2026883432
6.20268810366
6.20268833638
6.20268846123
6.20268811176
4898.33740035
641.708800795
122.24229353
23.3578625303
5.15807809481
5.15807809481
5.15807944625
5.15807878364
5.15807873975
5.15807874256
5.15807857951
5.1580788649
5.15807909859
5.15807838569
5.15807896749
5.15807852917
5.1580783999
5.15807814847
5.15807791446
5.15807780116
5.15807805589
493.856791877
47.8671983737
7.13218465296
4.77710173192
4.77710173192
4.77710346719
4.77710259909
4.77710250067
4.77710248858
4.77710227543
4.77710265381
4.77710276251
4.77710213989
4.7771027865
4.77710252588
4.77710202558
4.77710178419
4.77710151922
4.77710138358
4.77710168607
525.453035523
51.3515265334
6.78766259608
4.52175223353
4.52175223353
4.52175418939
4.52175320064
4.52175309706
4.52175305227
4.52175289632
4.52175326063
4.52175358141
4.52175267914
4.52175340133
4.52175309494
4.52175247261
4.52175227688
4.52175204813
4.52175192264
4.52175219417
92.465988423
9.74521558529
4.48489227065
4.48489227065
4.484894223
4.4848932523
4.48489316937
4.48489317136
4.48489292385
4.48489333459
4.484893569
4.48489270357
4.48489345404
4.48489310789
4.48489249049
4.48489231088
4.48489211385
4.48489201979
4.48489223796
136.511076372
13.639389236
4.44828707697
4.44828707697
4.44828877111
4.44828794765
4.44828795092
4.44828794803
4.44828775687
4.44828816425
4.44828843839
4.44828757406
4.44828828211
4.44828806787
4.44828736609
4.44828712899
4.44828688099
4.44828679511
4.44828703664
461.473857404
45.11493811
5.52851899759
4.23349220625
4.23349220625
4.23349400103
4.23349309662
4.23349304964
4.23349299318
4.23349285371
4.23349328003
4.23349350639
4.23349266549
4.23349337474
4.23349310235
4.23349248234
4.23349225595
4.23349201314
4.23349195826
4.23349216763
42.9711858174
5.92103066702
3.77549559854
3.77549559854
3.77549710307
3.77549635123
3.77549633307
3.77549630328
3.77549615234
3.77549654154
3.77549670829
3.77549598022
3.77549653629
3.77549636545
3.77549577301
3.77549563083
3.77549534594
3.77549534631
3.77549554708
77.0843841535
10.7754625709
2.57504413444
2.57504413444
2.57504376767
2.5750439122
2.57504399881
2.57504397308
2.57504401551
2.57504410755
2.57504390053
2.57504402893
2.57504415346
2.57504397487
2.57504395597
2.57504410536
2.57504403782
2.57504403037
2.57504411488
10.7798967236
2.61640472498
2.61640472498
2.61640336264
2.61640407014
2.61640413573
2.61640410163
2.61640425168
2.61640413846
2.61640378272
2.61640437182
2.61640409707
2.61640407847
2.61640440897
2.61640467174
2.61640474107
2.61640477006
2.61640472914
2.67580637933
1.99891444841
1.99891444841
1.99891390799
1.9989141931
1.9989141697
1.99891418477
1.99891424676
1.99891404644
1.99891404486
1.99891433185
1.99891398256
1.99891424152
1.99891438748
1.99891443943
1.99891457019
1.99891463875
1.99891447332
3.87900183568
1.8676171311
1.8676171311
1.86761707089
1.86761710948
1.86761707647
1.86761709374
1.867617099
1.86761699424
1.86761707218
1.86761712913
1.86761694911
1.86761712309
1.86761716966
1.86761713962
1.86761722143
1.86761723898
1.86761714967
2.34997011073
1.81156152451
1.81156152451
1.81156160442
1.81156157708
1.81156156572
1.81156157082
1.8115615517
1.81156156634
1.81156158974
1.81156153798
1.81156158032
1.8115615267
1.81156156006
1.81156153273
1.81156151693
1.81156149707
1.81156152239
1.78759414558
1.78506307258
1.78506307258
1.78506317978
1.78506313193
1.78506312178
1.7850631234
1.78506310942
1.7850631244
1.78506315034
1.78506310525
1.78506312745
1.78506313995
1.78506309505
1.78506307866
1.78506306995
1.78506306758
1.7850630718
1.78184525411
1.78153144223
1.78153144223
1.78153144682
1.78153145013
1.78153144611
1.78153144775
1.78153144315
1.78153144591
1.78153145149
1.78153144344
1.78153144828
1.78153144128
1.78153144685
1.78153144516
1.78153144037
1.78153143847
1.78153144156
1.78250712213
1.78250712213
1.78250711377
1.78250712433
1.78250711923
1.78250712114
1.78250711752
1.7825071163
1.78250711822
1.78250712187
1.78250711911
1.78250712176
1.78250712444
1.78250712466
1.78250712363
1.78250712178
1.78250712214
1.78238635251
1.78238635251
1.78238634859
1.78238635679
1.78238635191
1.78238635364
1.78238635037
1.78238634923
1.78238635522
1.78238635265
1.78238635036
1.78238635088
1.78238635606
1.78238635525
1.78238635362
1.78238635316
1.78238635246
1.78203566839
1.78203566839
1.78203566636
1.7820356734
1.78203566846
1.78203567036
1.7820356663
1.78203566611
1.78203567046
1.78203566896
1.78203566799
1.78203566803
1.78203567217
1.78203567118
1.78203566883
1.78203566757
1.78203566819
1.78221362086
1.78221362086
1.78221361738
1.78221362526
1.78221362048
1.78221362229
1.78221361865
1.78221361808
1.78221362304
1.78221362118
1.78221362001
1.78221361993
1.78221362432
1.78221362359
1.7822136217
1.78221362052
1.78221362075
1.78220079505
     fun: 1.8544975805660664
     jac: array([ -1.07556134e-02,  -5.04070520e-03,   6.41122460e-04,
         9.18805599e-05,   4.65346873e-03,   3.66839767e-03,
         1.67274773e-02,  -8.43733549e-04,   1.29501522e-02,
        -3.60250473e-03,  -4.25657630e-03,  -3.33055854e-04,
         5.26145101e-03,  -3.70904803e-04,   1.06646121e-03])
 message: 'Optimization terminated successfully.'
    nfev: 374
     nit: 20
    njev: 20
  status: 0
 success: True
       x: array([ 0.31224033, -0.74367147, -0.03086179,  0.12029394, -0.1848662 ,
        0.49219421,  0.11302872, -0.3375468 , -0.45498201,  0.17064335,
       -0.08034643, -0.58375909, -0.38042302,  0.27947653, -0.32386996])

========================================================

Final result:
0.31224032976
-0.7436714671
0.31224032976
-0.0308617858566
0.12029393731
-0.184866197598
0.492194208523
0.113028720159
0.113028720159
-0.337546797905
-0.454982008619
0.170643351343
0.170643351343
-0.0803464263343
-0.583759089515
0.203906941524
0.203906941524
0.203906941524
-0.380423015663
0.279476527601
-0.323869960975
0.141605483012
0.141605483012
0.141605483012
