charges/ASP_neutral_methyl.filelist
13.1731746836
13.1731746836
13.1731743102
13.1731742121
13.1731746126
13.1731755574
13.1731756484
13.1731752755
13.1731752454
13.1731752387
13.1731750403
13.1731758723
13.1731750888
13.1731750122
13.1731754092
13.1731748663
41383.6510361
4131.40378118
483.297162299
80.3582898142
15.2653677764
10.6524307829
10.6524307829
10.6524304379
10.6524303942
10.6524307174
10.6524311331
10.6524311654
10.6524308558
10.6524308097
10.6524306528
10.6524308273
10.6524305428
10.6524304161
10.6524308306
10.6524299185
10.6524308167
7554.52295879
873.158793888
177.471384497
36.0960895405
6.56199744211
6.56199744211
6.56199760938
6.56199776563
6.5619974735
6.56199671349
6.56199656588
6.56199687875
6.5619969479
6.56199680548
6.56199705959
6.56199602139
6.56199695906
6.56199701152
6.56199659424
6.56199728832
644.851992393
63.6790967967
8.28161877727
6.44153445086
6.44153445086
6.44153467973
6.4415348565
6.4415344942
6.44153367164
6.44153350654
6.44153387436
6.44153393953
6.44153382401
6.44153407619
6.44153310541
6.44153391822
6.44153405991
6.44153346523
6.44153428491
214.411059521
21.3867314955
6.42741300841
6.34357839858
6.34357839858
6.34357860504
6.34357874087
6.34357843756
6.34357758201
6.34357745027
6.34357777861
6.3435777967
6.3435777561
6.34357801293
6.34357703053
6.34357786671
6.34357803076
6.34357742485
6.34357820759
162.163924263
16.0996000895
6.20502130928
6.20502130928
6.20502158008
6.20502174581
6.20502136143
6.20502053057
6.20502039799
6.2050207231
6.20502076669
6.20502064334
6.2050209721
6.20501984327
6.20502077234
6.20502103112
6.20502033991
6.20502112464
159.689185785
15.4571228124
5.9462609273
5.9462609273
5.94626122413
5.94626134975
5.94626098521
5.94626015874
5.94626007155
5.94626032831
5.94626034849
5.94626028661
5.94626053991
5.946259551
5.94626039744
5.94626052162
5.94625996108
5.94626076131
50.756150666
6.83344234442
5.26351302887
5.26351302887
5.26351331927
5.2635133776
5.26351308425
5.26351227829
5.26351222202
5.26351248811
5.26351254529
5.2635124513
5.26351268791
5.2635117868
5.26351255232
5.26351268478
5.26351216163
5.26351288748
22.1990579436
3.93461220946
3.93461220946
3.93461206654
3.93461193876
3.93461218318
3.93461290624
3.93461302105
3.93461278006
3.93461273014
3.93461289815
3.93461258297
3.9346137326
3.93461281586
3.93461260648
3.93461336704
3.93461237409
3.32188902222
3.32188902222
3.32188896247
3.32188899305
3.32188901044
3.3218889272
3.32188892919
3.32188889952
3.32188891876
3.32188882452
3.32188893662
3.32188861973
3.32188877167
3.32188895821
3.32188852608
3.32188896042
16.4601642837
3.43703662936
3.22226891656
3.22226891656
3.22226887188
3.22226892389
3.22226890765
3.22226873115
3.222268709
3.22226871794
3.22226873149
3.22226862726
3.2222687928
3.22226831405
3.22226858638
3.22226879759
3.22226827004
3.22226886571
6.34623156602
3.02239084408
3.02239084408
3.02239086004
3.02239091401
3.02239084753
3.02239058502
3.02239052252
3.02239060203
3.02239062665
3.02239052563
3.02239068241
3.02239016342
3.02239052951
3.02239068453
3.0223902499
3.02239076737
3.12069315266
2.76094957553
2.76094957553
2.76094962051
2.7609496658
2.76094958453
2.7609494338
2.76094939712
2.76094947667
2.76094950101
2.76094947448
2.76094950582
2.76094935197
2.76094952243
2.76094949905
2.76094951706
2.76094954719
2.95164667
2.69778206664
2.69778206664
2.69778207038
2.69778207777
2.69778206806
2.69778206875
2.69778206129
2.69778206821
2.69778207163
2.69778207255
2.6977820683
2.69778209236
2.69778207581
2.69778207066
2.6977821071
2.69778207119
2.6688554477
2.68459979047
2.68459979047
2.68459978514
2.68459979227
2.6845997901
2.68459979113
2.6845997846
2.68459978511
2.68459978792
2.68459978196
2.68459978798
2.68459978631
2.68459977847
2.68459979153
2.6845997829
2.68459979302
2.69816851289
2.69046058869
2.69046058869
2.69046057912
2.69046058616
2.69046058743
2.69046059949
2.69046059443
2.69046059301
2.69046059774
2.69046059113
2.69046059152
2.69046060639
2.69046058897
2.69046059393
2.6904606074
2.69046059375
2.69274110548
2.69152870862
2.69152870862
2.69152870023
2.69152870763
2.6915287076
2.69152871654
2.69152871188
2.69152871024
2.6915287143
2.69152870814
2.6915287101
2.69152872104
2.69152870496
2.6915287133
2.69152871895
2.69152871259
2.69188218868
2.69164897886
     fun: 2.900826246949651
     jac: array([  3.31997871e-05,   5.23567200e-04,  -2.19821930e-04,
         1.43080056e-02,   1.45245790e-02,   1.38341784e-02,
         1.06794238e-02,   1.89953744e-02,   1.13853812e-02,
         4.38680351e-02,   1.63387656e-02,   1.43504739e-02,
         2.98185945e-02,   1.21653080e-03])
 message: 'Optimization terminated successfully.'
    nfev: 304
     nit: 17
    njev: 17
  status: 0
 success: True
       x: array([ 0.64773853, -0.53207818, -0.51468912, -0.49313806,  0.28782668,
        0.01409019,  0.09714279, -0.23575711,  0.5766202 ,  0.04943909,
        0.71260047, -0.51503119, -0.69646516, -0.53492624])

========================================================

Final result:
0.647738526885
-0.532078177608
-0.514689115498
0.13300958874
0.13300958874
0.13300958874
-0.493138057842
0.287826684974
0.0140901910807
0.097142787595
-0.235757114961
0.576620197886
0.049439091467
0.049439091467
0.712600470949
-0.515031186615
-0.6964651623
-0.6964651623
-0.534926239594
0.384624408193
