charges/ALA_charged_methyl.filelist
12.3104719865
12.3104719865
12.3104716792
12.3104716611
12.3104719285
12.3104727067
12.3104726931
12.3104724093
12.3104723948
12.3104724349
12.3104720808
12.3104733416
24393.6549372
2431.99341947
356.639813269
64.1385901034
12.7004118587
9.17288408694
9.17288408694
9.17288366
9.17288363649
9.17288400594
9.17288448427
9.17288452185
9.17288416018
9.17288413777
9.17288393743
9.17288409679
9.17288346987
6214.56490066
681.795303981
134.699792354
26.5282881064
5.62213580991
5.62213580991
5.62213594417
5.62213618056
5.62213583575
5.6221354246
5.62213526753
5.62213557371
5.62213572106
5.62213536843
5.62213575529
5.62213433784
956.213922841
94.2502880508
10.9145835726
5.37998716695
5.37998716695
5.37998724428
5.37998737441
5.37998718142
5.3799866266
5.37998655011
5.37998679821
5.3799868348
5.37998667895
5.37998708195
5.37998562312
80.7344192241
8.55194169864
4.96345975574
4.96345975574
4.96345991731
4.9634600345
4.96345978786
4.96345917521
4.96345914043
4.96345933367
4.96345933923
4.96345920721
4.96345965358
4.96345802574
50.7652328418
5.91884958515
4.35129787727
4.35129787727
4.35129807357
4.35129813659
4.35129791443
4.35129719778
4.35129718426
4.35129742359
4.35129746906
4.35129728927
4.35129776496
4.35129601929
7.57810435674
1.89218092499
1.89218092499
1.89218110525
1.89218102857
1.89218095983
1.89218073686
1.89218078561
1.89218087354
1.89218084114
1.89218103617
1.89218090685
1.89218137473
3.79171157245
1.60764393765
1.60764393765
1.60764381409
1.60764370642
1.60764391532
1.6076441207
1.60764418133
1.60764400338
1.60764395383
1.60764402826
1.60764394326
1.60764421988
3.35553981353
1.55998823988
1.55998823988
1.55998812431
1.55998810628
1.55998821841
1.5599884086
1.55998844494
1.55998831844
1.5599883102
1.55998832014
1.55998825013
1.55998847519
3.59507465907
1.53128543137
1.53128543137
1.53128542018
1.5312854865
1.53128543062
1.53128552529
1.53128546482
1.5312855027
1.53128553887
1.53128550406
1.53128544402
1.53128564537
1.5803952569
1.51386644614
1.51386644614
1.51386642866
1.51386646133
1.51386644403
1.51386643243
1.51386640916
1.51386642008
1.51386643134
1.51386640256
1.51386643257
1.51386629834
1.44308524814
1.47317448314
1.47317448314
1.47317447356
1.47317449344
1.47317448258
1.47317446501
1.47317445149
1.47317445826
1.47317446748
1.47317444782
1.47317447144
1.47317436537
1.54966601261
1.47757711858
1.47757711858
1.47757711484
1.47757713008
1.47757711906
1.47757711927
1.47757710667
1.47757711308
1.47757712247
1.47757711706
1.47757711027
1.47757711209
1.47630181063
1.47685891434
1.47685891434
1.47685890579
1.47685891759
1.47685891391
1.47685891777
1.47685890793
1.47685890857
1.47685891365
1.47685891534
1.47685890605
1.47685891757
1.47639739275
1.47639739275
1.47639738097
1.47639739272
1.4763973917
1.47639740146
1.47639739179
1.47639738889
1.47639739503
1.47639739228
1.47639738483
1.47639738897
1.47663232544
1.47663232544
1.4766323137
1.47663232501
1.4766323244
1.47663233253
1.47663232302
1.47663232092
1.47663232636
1.47663232573
1.47663231742
1.47663232501
1.47651013968
1.47656222221
1.47656222221
1.47656221144
1.47656222312
1.47656222136
1.4765622289
1.47656221924
1.47656221762
1.47656222312
1.4765622226
1.47656221417
1.47656222224
1.47654866242
1.47655562562
     fun: 1.7417257188378716
     jac: array([ 0.00851236,  0.00945458,  0.00317538, -0.00872032, -0.00747482,
       -0.00298062, -0.01147538,  0.00947256, -0.00065832,  0.03899792])
 message: 'Optimization terminated successfully.'
    nfev: 231
     nit: 17
    njev: 17
  status: 0
 success: True
       x: array([ 0.73619792, -0.58464005, -0.5279725 , -0.63002087,  0.33070434,
        0.03832997,  0.08937505, -0.4717512 ,  0.71761915,  0.12044347])

========================================================

Final result:
0.736197916303
-0.584640049022
-0.527972498513
0.125471543744
0.125471543744
0.125471543744
-0.630020869145
0.330704337954
0.0383299721108
0.0893750510694
-0.471751196501
0.717619145186
0.120443471036
0.120443471036
0.120443471036
-0.717793426891
-0.717793426891
