charges/TRP_charged_methyl.filelist
124.635396782
124.635396782
124.635396711
124.635396686
124.635396769
124.635397988
124.635398051
124.635397969
124.635397943
124.635397826
124.635398146
124.635398975
124.635397551
124.635399622
124.635397397
124.635397387
124.635397448
124.635397139
124.635397129
124.635397436
124.635396982
124.635396913
124.635397217
124.635397638
124.635396721
124.635396954
124.635397243
133442.460814
13248.6027963
1385.22243279
233.789447509
65.3512387005
65.3512387005
65.3512386676
65.3512386612
65.3512386936
65.3512384973
65.351238528
65.3512385321
65.3512385232
65.3512384395
65.3512386893
65.3512382158
65.3512383058
65.3512387746
65.3512380324
65.351238447
65.3512378746
65.3512379701
65.3512382448
65.3512387211
65.3512377568
65.3512383352
65.3512388056
65.351238856
65.3512381799
65.3512386233
65.3512390045
14224.6443188
1952.58533437
377.823673972
69.0969449326
37.5507323643
37.5507323643
37.5507323969
37.5507324116
37.5507323697
37.5507311475
37.5507311176
37.5507312104
37.5507312186
37.5507312643
37.5507312116
37.5507300928
37.5507314112
37.5507300578
37.5507312915
37.550731703
37.5507310786
37.550731478
37.5507317385
37.5507319181
37.5507314191
37.5507319828
37.550732167
37.55073187
37.550731985
37.5507321951
37.5507323223
781.035194376
72.6992143447
34.2367446534
34.2367446534
34.2367446386
34.2367446457
34.23674465
34.2367433926
34.2367433724
34.2367434133
34.2367434169
34.2367434329
34.2367434127
34.2367421053
34.2367435948
34.2367421707
34.2367435271
34.2367438611
34.236743349
34.2367437246
34.2367439576
34.2367440128
34.2367436935
34.2367442406
34.2367442925
34.2367439025
34.2367442997
34.2367444235
34.2367444023
744.161733691
70.8744172947
31.981696102
31.981696102
31.9816961602
31.9816962008
31.9816961129
31.9816948202
31.981694763
31.9816948557
31.9816948832
31.9816949562
31.9816947451
31.9816937801
31.9816950921
31.9816933167
31.9816950124
31.9816953349
31.9816948474
31.9816951737
31.9816954066
31.9816954827
31.9816951167
31.981695675
31.9816957478
31.981695381
31.9816957164
31.9816958694
31.9816958541
328.671476198
56.1952479862
22.7624783347
22.7624783347
22.76247862
22.762478789
22.7624783898
22.7624772457
22.7624770917
22.7624773947
22.7624775194
22.7624774718
22.7624772842
22.7624765068
22.76247768
22.7624761584
22.7624777903
22.7624778118
22.7624777456
22.7624779855
22.7624780103
22.7624777779
22.7624780895
22.7624781925
22.7624779665
22.7624776077
22.7624783334
22.7624781812
22.7624779499
1734.93030523
194.889242494
33.7173996841
18.4617257513
18.4617257513
18.4617258736
18.4617259428
18.4617257754
18.4617250435
18.4617249531
18.4617250627
18.4617251065
18.4617252033
18.4617248618
18.4617245783
18.4617254368
18.4617238488
18.4617256682
18.4617254728
18.4617257151
18.4617258623
18.4617257348
18.4617253163
18.4617260668
18.4617258306
18.4617254295
18.4617251182
18.4617260225
18.4617256767
18.4617253356
86.1085776463
19.354903583
16.4134097935
16.4134097935
16.4134098983
16.4134099564
16.4134098142
16.4134094284
16.4134093501
16.4134094467
16.4134094843
16.4134095745
16.4134092703
16.4134093162
16.4134097499
16.4134086387
16.4134099458
16.4134097376
16.4134099757
16.4134101059
16.4134099779
16.4134095265
16.4134102737
16.4134100314
16.4134095421
16.4134093445
16.413410236
16.4134097965
16.4134093536
242.808298543
35.383923987
13.8164625333
13.8164625333
13.8164625686
13.816462654
13.8164625406
13.8164628839
13.8164627992
13.8164628443
13.8164629259
13.8164628503
13.8164626748
13.8164630811
13.8164629576
13.8164627168
13.816463161
13.8164628277
13.8164632992
13.8164631482
13.8164629586
13.8164625892
13.8164632302
13.8164628585
13.8164625091
13.8164624496
13.8164629254
13.8164626387
13.8164623234
322.64957644
38.7047571153
12.9915280665
12.9915280665
12.9915280787
12.9915280571
12.9915280685
12.9915285653
12.9915285688
12.9915285871
12.9915285627
12.9915286657
12.9915285729
12.9915292935
12.9915286958
12.9915290774
12.9915288744
12.9915285016
12.9915290525
12.9915287734
12.9915285644
12.9915282624
12.9915288132
12.9915284017
12.9915281309
12.991528166
12.9915284126
12.9915282006
12.9915279537
183.347328893
26.7056498089
10.1968842146
10.1968842146
10.1968841531
10.1968841124
10.1968842034
10.1968854309
10.1968854896
10.1968853749
10.1968853255
10.1968853272
10.196885447
10.1968865282
10.1968851639
10.1968867366
10.1968852259
10.1968849079
10.1968854025
10.1968850202
10.1968848249
10.1968847513
10.1968850126
10.1968845789
10.1968845221
10.19688481
10.1968845137
10.1968844235
10.1968844144
23.8441569495
7.9165854926
7.9165854926
7.91658532362
7.91658525794
7.91658545851
7.91658646442
7.91658650392
7.9165864459
7.91658642792
7.91658637458
7.91658654213
7.91658733197
7.91658620653
7.91658766393
7.91658616476
7.91658606178
7.91658623839
7.91658600524
7.91658592117
7.91658604564
7.91658596073
7.9165857296
7.91658585309
7.91658617982
7.91658562562
7.91658567671
7.91658582904
76.0869264608
12.4067924427
6.48274947708
6.48274947708
6.48274929976
6.4827492052
6.48274944219
6.4827500389
6.48275012116
6.48274998551
6.48274991337
6.48274993158
6.48275010608
6.48275043361
6.4827498167
6.48275082845
6.48274968368
6.48274981708
6.4827496408
6.48274959261
6.4827496551
6.48274992757
6.48274948599
6.48274955831
6.48274982286
6.48275007194
6.48274942154
6.48274961619
6.48274987137
22.3426733394
6.01958093149
6.01958093149
6.01958081851
6.01958078626
6.01958090864
6.01958075315
6.01958077436
6.01958074405
6.01958073015
6.01958070042
6.01958081597
6.0195804765
6.01958065142
6.0195807571
6.01958049352
6.01958077372
6.01958036194
6.01958051016
6.0195806896
6.01958094354
6.01958040142
6.01958076398
6.01958103574
6.01958098429
6.01958068635
6.01958092251
6.01958117895
21.7495886632
4.36001888688
4.36001888688
4.36001896717
4.36001905823
4.36001890258
4.36001820473
4.36001813416
4.36001824418
4.36001830661
4.3600182161
4.36001823317
4.3600174963
4.36001825808
4.36001758114
4.36001815661
4.36001843143
4.36001799251
4.36001827722
4.36001844932
4.36001855704
4.36001823837
4.36001861032
4.36001871699
4.36001852023
4.36001860377
4.36001875713
4.36001879701
21.4471964048
4.20368343115
3.92956129255
3.92956129255
3.92956140922
3.92956151739
3.92956131534
3.92956047585
3.92956039207
3.92956052571
3.92956060007
3.92956051078
3.92956049173
3.92955967009
3.92956057724
3.92955968053
3.92956050634
3.92956075553
3.92956037204
3.92956063654
3.92956080464
3.92956087854
3.92956060982
3.92956100428
3.92956105962
3.92956083287
3.92956104959
3.9295611366
3.92956113969
12.0080886146
3.29963418681
3.29963418681
3.29963429093
3.29963432323
3.2996342075
3.29963387126
3.29963383041
3.29963388644
3.29963390091
3.29963398363
3.29963378624
3.29963372717
3.29963414168
3.29963334095
3.29963427265
3.29963417095
3.29963427668
3.29963438833
3.29963431262
3.29963407741
3.29963448581
3.29963432831
3.29963411436
3.29963396347
3.29963440853
3.299634216
3.29963404814
6.83522258998
3.08489135753
3.08489135753
3.08489131597
3.08489132004
3.08489135043
3.08489155319
3.08489155361
3.08489149429
3.08489145517
3.08489153915
3.08489145517
3.08489172132
3.08489157813
3.08489154529
3.0848916754
3.08489151178
3.0848917473
3.08489166044
3.08489156986
3.08489140024
3.08489168776
3.08489152075
3.08489136226
3.08489133253
3.08489154546
3.08489141919
3.08489126927
8.2548822387
2.89040384401
2.89040384401
2.89040381581
2.89040377547
2.89040383859
2.89040421352
2.89040424718
2.89040418483
2.89040416682
2.89040418518
2.89040419513
2.89040455253
2.8904041472
2.89040457715
2.89040418573
2.89040406381
2.89040425719
2.89040411302
2.89040405169
2.89040399524
2.89040409066
2.8904039801
2.89040392883
2.89040398428
2.89040395697
2.89040392178
2.89040386221
5.76986856913
2.84167267927
2.84167267927
2.84167269515
2.84167270896
2.84167268218
2.84167303326
2.84167302795
2.84167305608
2.84167306635
2.8416730341
2.84167310524
2.84167341918
2.84167297205
2.84167358155
2.84167295695
2.84167292336
2.84167298568
2.84167289255
2.84167286817
2.84167292485
2.8416728582
2.84167279482
2.84167285661
2.84167297044
2.84167274567
2.84167277597
2.84167284897
3.4502870787
2.70765351345
2.70765351345
2.70765346003
2.70765344409
2.70765350291
2.70765369274
2.70765370285
2.70765367549
2.70765366701
2.70765365673
2.70765370623
2.7076538116
2.707653623
2.70765394052
2.70765360405
2.70765361819
2.70765359915
2.70765358738
2.70765359088
2.70765363948
2.70765356766
2.70765356752
2.70765361847
2.70765366667
2.707653543
2.70765356816
2.70765362826
2.90779501393
2.65957395869
2.65957395869
2.65957394112
2.65957394596
2.65957395514
2.65957400192
2.65957399455
2.65957399816
2.65957400107
2.65957400478
2.65957399901
2.65957406748
2.65957398784
2.6595740606
2.65957395997
2.65957400376
2.65957393807
2.65957395242
2.65957397983
2.65957403241
2.65957391762
2.65957397558
2.65957403292
2.65957404263
2.65957394468
2.65957399537
2.65957404351
2.96957668406
2.63371511489
2.63371511489
2.63371510358
2.6337151139
2.63371511264
2.63371513548
2.63371512689
2.63371513422
2.6337151392
2.63371512612
2.63371515104
2.63371513346
2.63371512249
2.63371521785
2.63371510875
2.63371513929
2.63371508959
2.63371511201
2.63371513231
2.63371515524
2.63371508818
2.63371513459
2.63371516288
2.63371515062
2.63371511536
2.63371514464
2.63371516432
2.53768634042
2.59299628712
2.59299628712
2.59299627965
2.59299628987
2.59299628578
2.59299632597
2.59299631772
2.5929963188
2.59299632102
2.59299631641
2.59299632674
2.59299634795
2.59299631023
2.59299639161
2.59299630225
2.5929963193
2.59299628904
2.5929963034
2.59299631448
2.59299632864
2.59299628497
2.59299631248
2.59299633206
2.59299632448
2.59299629692
2.59299631651
2.59299633066
2.59974414165
2.5915260601
2.5915260601
2.59152605266
2.59152606324
2.59152605873
2.59152609306
2.59152608439
2.59152608652
2.59152608945
2.59152608699
2.59152609071
2.59152611462
2.59152608551
2.59152614428
2.5915260834
2.59152609413
2.59152607285
2.59152608801
2.59152609447
2.59152609921
2.591526075
2.59152609232
2.59152610201
2.59152609211
2.59152608058
2.59152609077
2.59152609631
2.58932010204
2.58968422336
2.58968422336
2.58968421495
2.58968422446
2.5896842218
2.58968425931
2.58968425024
2.58968425253
2.58968425538
2.58968425393
2.58968425579
2.58968428489
2.58968425357
2.58968431066
2.5896842526
2.58968426115
2.58968424289
2.58968425646
2.58968426191
2.58968426448
2.58968424283
2.58968425863
2.58968426597
2.58968425676
2.58968424718
2.58968425524
2.58968425874
2.59350422465
2.59074665083
2.59074665083
2.5907466419
2.59074665054
2.59074664917
2.5907466883
2.59074668033
2.59074668104
2.59074668295
2.59074668292
2.59074668466
2.59074671565
2.59074668262
2.59074674125
2.59074668204
2.59074668972
2.59074667315
2.59074668513
2.59074669017
2.59074669299
2.59074667123
2.5907466863
2.59074669449
2.59074668522
2.59074667432
2.59074668311
2.59074668776
2.59740017601
2.59208548102
2.59208548102
2.59208547221
2.59208548064
2.59208547939
2.59208551946
2.59208551157
2.59208551205
2.59208551376
2.59208551405
2.59208551563
2.59208554796
2.5920855136
2.59208557299
2.59208551303
2.59208552055
2.59208550418
2.59208551613
2.59208552108
2.59208552361
2.59208550232
2.59208551714
2.59208552488
2.59208551581
2.59208550534
2.59208551359
2.59208551786
2.59212188958
2.59208869747
2.59208869747
2.59208868862
2.59208869709
2.59208869582
2.59208873726
2.59208872941
2.5920887298
2.5920887316
2.59208873166
2.59208873335
2.5920887668
2.59208873096
2.59208879196
2.59208873036
2.59208873764
2.5920887216
2.59208873324
2.59208873807
2.59208874053
2.59208871935
2.59208873393
2.59208874153
2.5920887328
2.59208872211
2.59208873021
2.59208873433
2.5917729769
2.59199546955
2.59199546955
2.59199546071
2.59199546916
2.59199546791
2.59199550998
2.59199550211
2.59199550254
2.59199550439
2.59199550434
2.5919955061
2.59199554014
2.59199550351
2.59199556538
2.59199550298
2.59199551001
2.59199549442
2.59199550566
2.59199551034
2.59199551285
2.59199549175
2.59199550603
2.59199551375
2.59199550518
2.59199549408
2.59199550233
2.59199550655
2.59152148685
2.59185907337
     fun: 5.168428374857269
     jac: array([ -1.32799149e-04,   3.33589315e-03,  -5.99026680e-05,
        -7.74747133e-03,  -1.12447739e-02,  -9.37592983e-03,
        -6.45488501e-03,  -1.04316473e-02,  -1.40739679e-02,
        -2.54867673e-02,  -5.36257029e-03,  -3.14714313e-02,
        -7.78615475e-04,  -4.66424227e-03,  -2.94208527e-04,
         2.40874290e-03,  -2.22325325e-05,  -7.41332769e-03,
         5.25343418e-03,   1.34533644e-03,  -4.21571732e-03,
        -1.15142465e-02,   3.56751680e-03,  -2.75015831e-04,
        -4.42206860e-03])
 message: 'Optimization terminated successfully.'
    nfev: 858
     nit: 30
    njev: 30
  status: 0
 success: True
       x: array([ 0.66728229, -0.53724206, -0.50159432, -0.57577305,  0.32484368,
       -0.03563484,  0.13954432, -0.28842522,  0.40119946,  0.1035328 ,
       -0.0203036 , -0.56198537,  0.01593006, -0.04448911,  0.04815808,
        0.03217827, -0.34299071, -0.01483155,  0.21173468, -0.24921345,
       -0.14633468,  0.09959511,  0.16571652,  0.20733178,  0.05856345])

========================================================

Final result:
0.667282285312
-0.537242058209
-0.501594316444
0.123851363114
0.123851363114
0.123851363114
-0.575773047292
0.324843681232
-0.0356348428244
0.13954432229
-0.2884252194
0.401199456976
0.103532795903
0.103532795903
-0.0203035980996
-0.561985368316
0.0159300593178
-0.044489107012
0.0481580802198
0.0321782716931
-0.342990712473
-0.0148315518587
0.211734678596
-0.249213452131
-0.146334678425
0.0995951054861
0.165716524685
0.207331775297
0.0585634466632
-0.0698940481128
-0.561985368316
