charges/MET_neutral_methyl.filelist
4.73090503607
4.73090503607
4.73090474527
4.73090458707
4.73090497925
4.73090558611
4.73090570425
4.73090541154
4.73090531647
4.73090548142
4.73090527677
4.73090597728
4.73090548587
4.73090529152
4.73090586983
4.73090560504
4.73090534948
4.73090581684
4.73090513999
52200.4082823
5218.42447761
520.242501325
66.1620575737
9.23100341276
4.40007325035
4.40007325035
4.40007298269
4.40007284188
4.40007319792
4.40007338467
4.40007349251
4.40007323523
4.40007312609
4.40007320405
4.40007325807
4.40007319812
4.40007312387
4.4000732977
4.40007291854
4.40007316753
4.40007284545
4.40007183263
4.4000732348
10284.76107
1026.01609854
172.073904679
31.0421125417
5.74905364056
3.44418847491
3.44418847491
3.44418835265
3.44418827736
3.44418844983
3.44418822486
3.44418825546
3.44418821265
3.4441881371
3.44418821746
3.44418831364
3.44418797288
3.44418821079
3.44418833574
3.4441878034
3.44418844605
3.44418825126
3.44418768254
3.44418838532
1799.78923261
191.320621215
31.0421787383
5.36556489574
2.86257994029
2.86257994029
2.86258006797
2.86258017213
2.86257996367
2.86257954512
2.86257944255
2.86257966921
2.86257973882
2.86257962101
2.86257977373
2.86257925538
2.86257964294
2.86257978316
2.86257925152
2.86257983364
2.86257957542
2.86257868213
2.86257985999
910.202943911
98.1499758357
16.4117456284
3.15547851585
2.25416935674
2.25416935674
2.25416952285
2.25416969252
2.25416938787
2.25416888038
2.25416874337
2.25416899945
2.25416911509
2.2541688415
2.25416914941
2.25416826474
2.25416877863
2.25416917874
2.25416808206
2.25416889988
2.25416886299
2.25416784594
2.25416925254
928.954780737
92.002728022
12.5161193615
2.44440265977
2.01218452712
2.01218452712
2.01218473112
2.01218488862
2.01218456542
2.01218387164
2.01218374064
2.01218402685
2.01218412406
2.01218390069
2.01218421056
2.01218318861
2.01218390097
2.01218421277
2.01218326368
2.01218392374
2.01218394256
2.01218277675
2.01218438511
320.736288229
31.9201051908
3.57966954356
1.99955209086
1.99955209086
1.99955232082
1.99955247131
1.99955213423
1.99955139906
1.99955127734
1.99955157595
1.9995516572
1.99955148306
1.99955177031
1.99955084044
1.99955144772
1.99955178012
1.99955076377
1.99955147293
1.99955150072
1.99955032928
1.99955194387
17.4683486078
2.4573870316
1.97612192242
1.97612192242
1.97612216402
1.97612230251
1.97612196843
1.97612124042
1.97612113764
1.97612141152
1.9761214724
1.97612132183
1.9761216231
1.97612068256
1.97612129537
1.97612167088
1.97612063469
1.97612132006
1.97612134773
1.97612020693
1.9761217645
70.3410422728
6.87881303398
1.95618313985
1.91880035138
1.91880035138
1.91880060071
1.91880073533
1.91880039962
1.918799731
1.9187996431
1.91879987379
1.91879993274
1.91879978939
1.91880004653
1.91879919321
1.91879976283
1.9188000476
1.91879913599
1.91879979446
1.91879981895
1.91879876032
1.91880021309
33.4671108809
4.22385576276
1.49988028149
1.49988028149
1.4998804192
1.49988043053
1.49988030792
1.49988014496
1.4998801102
1.49988021309
1.49988027345
1.4998801913
1.49988023147
1.49988009038
1.49988019395
1.49988023524
1.49988013366
1.49988014763
1.49988025149
1.49988024613
1.49988025283
16.8966694465
2.13737012522
1.38508933411
1.38508933411
1.38508939755
1.38508941611
1.38508934668
1.38508941372
1.38508938896
1.3850894223
1.38508944995
1.3850894279
1.38508938787
1.38508952537
1.38508944311
1.38508937832
1.38508960083
1.3850893734
1.38508949593
1.38508988489
1.38508936455
3.05709803953
1.34351625989
1.34351625989
1.3435162605
1.34351624888
1.3435162593
1.34351642749
1.34351645765
1.34351641096
1.34351642278
1.34351643459
1.34351635177
1.34351662213
1.34351644993
1.34351634629
1.34351668811
1.34351638263
1.34351647537
1.34351695289
1.34351631115
2.8692424822
1.32322803893
1.32322803893
1.32322800922
1.32322799839
1.32322803267
1.32322819368
1.32322821372
1.32322815786
1.32322815743
1.32322818026
1.32322810213
1.32322833829
1.32322818974
1.32322810991
1.32322837627
1.32322813802
1.32322819479
1.32322853111
1.32322805313
6.43562112782
1.36283376501
1.26811899216
1.26811899216
1.26811892918
1.26811889065
1.26811897925
1.26811906984
1.26811910219
1.26811902775
1.26811900008
1.26811904268
1.26811900996
1.26811911365
1.26811904179
1.2681190184
1.26811909944
1.26811902527
1.26811900961
1.26811902441
1.26811899664
1.27553219669
1.24760104287
1.24760104287
1.24760101681
1.24760100677
1.24760103703
1.24760106794
1.2476010769
1.24760105444
1.24760104606
1.24760106348
1.24760104854
1.24760109567
1.24760106979
1.24760105154
1.2476010925
1.24760108197
1.24760106494
1.24760108811
1.24760104333
1.26476412816
1.24769528426
1.24769528426
1.2476952817
1.24769528731
1.24769528298
1.24769529381
1.24769529048
1.24769529227
1.24769529756
1.24769529332
1.24769528836
1.24769530888
1.24769529867
1.24769529158
1.24769530865
1.24769530952
1.24769530281
1.24769532526
1.24769528756
1.24562317345
1.24581695965
1.24581695965
1.24581695652
1.24581695931
1.24581695829
1.24581695622
1.24581695535
1.24581695347
1.24581695671
1.24581694948
1.24581695605
1.24581694623
1.24581694945
1.24581695985
1.2458169367
1.24581695072
1.24581694766
1.24581691106
1.2458169595
1.24507730337
1.24534026389
1.24534026389
1.24534026131
1.24534026215
1.24534026264
1.24534026293
1.24534026286
1.2453402609
1.24534026345
1.24534026006
1.24534026185
1.24534026346
1.2453402627
1.24534026474
1.24534025953
1.24534026611
1.24534026607
1.24534025975
1.24534026498
1.24493293634
1.24515408008
1.24515408008
1.24515407786
1.2451540788
1.2451540789
1.24515408075
1.24515408062
1.24515407876
1.24515408162
1.24515407804
1.24515407911
1.24515408319
1.24515408087
1.24515408188
1.24515408016
1.24515408373
1.24515408274
1.2451540768
1.24515408175
1.24511564636
     fun: 1.2965004497952228
     jac: array([ 0.01226166,  0.01333638,  0.00230585, -0.04358122, -0.04719894,
       -0.03350902, -0.03329237, -0.03272383, -0.02270356, -0.06771994,
       -0.02864401, -0.02300328, -0.05386351, -0.02871576, -0.0409608 ,
       -0.13051085, -0.01077506])
 message: 'Optimization terminated successfully.'
    nfev: 405
     nit: 19
    njev: 19
  status: 0
 success: True
       x: array([ 0.4795779 , -0.45235953, -0.47675659, -0.37837453,  0.26469864,
        0.00955292,  0.13947435, -0.18599617,  0.55975455,  0.11238614,
       -0.34331466, -0.47425356,  0.16928072, -0.06666532, -0.57675301,
        0.20352486, -0.53404004])

========================================================

Final result:
0.47957789571
-0.452359533747
-0.476756594718
0.149846077585
0.149846077585
0.149846077585
-0.37837452857
0.264698642398
0.00955291566368
0.139474352335
-0.185996169327
0.559754548
0.112386135467
0.112386135467
-0.343314655575
-0.474253559404
0.169280716693
0.169280716693
-0.0666653237309
-0.576753012742
0.203524859674
0.203524859674
0.203524859674
-0.534040038332
0.412008545944
