workdir/charges/GLY.filelist
5.15066338172
5.15066338172
5.15066307548
5.15066292288
5.15066332204
5.15066394253
5.15066405836
5.15066374285
5.15066342712
5.15066417762
5.15066370659
5.15066374641
5.15066344773
12901.4580116
1286.77110083
210.382885385
40.582571024
7.53081035127
3.53073314936
3.53073314936
3.53073285908
3.53073266987
3.53073309211
3.53073309109
3.53073324767
3.5307329489
3.53073292047
3.53073266869
3.53073319288
3.53073301037
3.53073315604
4300.43743454
457.008072422
78.2462714201
13.7086864098
3.23309793416
3.23309793416
3.23309818469
3.23309830221
3.23309798107
3.23309755561
3.23309745666
3.23309778282
3.23309779746
3.23309780918
3.2330979421
3.23309782823
3.23309793314
324.737851422
31.2217340948
4.83300705244
2.84820100437
2.84820100437
2.84820128355
2.84820144805
2.84820105792
2.8482005853
2.84820045882
2.84820078811
2.84820089256
2.84820066775
2.84820081126
2.84820068219
2.84820096088
204.526843429
19.653679529
3.27714698479
2.63433676784
2.63433676784
2.63433707938
2.63433728385
2.63433682779
2.63433628438
2.63433615201
2.63433648671
2.63433665572
2.63433624848
2.63433658567
2.63433649752
2.63433672867
82.6948239862
8.10980472557
2.5923283971
2.5923283971
2.59232868399
2.59232885282
2.59232845064
2.59232784617
2.59232770383
2.59232810677
2.59232833042
2.59232786924
2.59232816384
2.59232810558
2.59232834818
24.1195161013
3.1273266698
2.52016393682
2.52016393682
2.52016425749
2.52016438091
2.52016399745
2.5201633753
2.52016327841
2.520163642
2.52016386529
2.5201634022
2.52016370453
2.52016364118
2.52016388815
7.91305938203
1.93145252788
1.93145252788
1.9314526461
1.93145268271
1.93145255175
1.93145242462
1.93145233432
1.93145247708
1.93145256548
1.93145239938
1.93145245568
1.93145244269
1.93145251452
9.24523978074
2.0125501125
1.65138225552
1.65138225552
1.65138220726
1.65138218693
1.65138224692
1.651382483
1.65138247734
1.65138239759
1.65138235952
1.65138249582
1.65138229151
1.6513823726
1.65138226449
2.52326180509
1.56581968636
1.56581968636
1.56581961395
1.56581959365
1.56581967271
1.565819868
1.56581989506
1.56581979374
1.56581976057
1.56581986419
1.56581974039
1.56581977632
1.56581969892
3.26335254097
1.46744922824
1.46744922824
1.4674491825
1.46744915576
1.46744921845
1.46744921054
1.46744924276
1.46744919082
1.46744918115
1.46744915094
1.46744924252
1.46744921564
1.46744923051
1.44755438169
1.44755438169
1.44755442366
1.44755445903
1.44755438904
1.44755438096
1.44755435592
1.44755441237
1.44755440293
1.44755447908
1.44755438106
1.44755439743
1.44755438119
1.43573866412
1.43573866412
1.43573865193
1.4357386477
1.4357386612
1.43573865197
1.43573865731
1.43573864369
1.43573865491
1.43573861259
1.43573865278
1.43573864484
1.43573866166
1.43715623149
1.43715623149
1.43715622633
1.43715622663
1.43715622981
1.43715623991
1.43715624286
1.43715623853
1.4371562275
1.43715625659
1.4371562447
1.43715624386
1.43715623397
1.43685436697
1.43685436697
1.43685436394
1.4368543675
1.4368543657
1.43685436305
1.43685436425
1.43685436324
1.43685436213
1.43685436495
1.43685436506
1.43685436238
1.43685436628
1.43609268839
1.43609268839
1.43609268548
1.43609268805
1.43609268716
1.43609268613
1.43609268736
1.4360926861
1.43609268408
1.43609268948
1.43609269011
1.43609268804
1.43609268851
1.43628427182
1.43628427182
1.43628426816
1.43628427041
1.43628427045
1.43628427082
1.43628427239
1.43628427022
1.43628426736
1.4362842745
1.43628427359
1.43628427121
1.43628427193
1.43629764856
     fun: 1.4757376945623903
     jac: array([ -1.52173489e-02,  -2.64364779e-02,  -2.50996649e-03,
         3.47007662e-02,   3.98654789e-02,   1.89095736e-02,
        -8.83191824e-05,   4.05419022e-02,   5.56145608e-03,
        -2.55374610e-03,   1.25217438e-03])
 message: 'Optimization terminated successfully.'
    nfev: 246
     nit: 17
    njev: 17
  status: 0
 success: True
       x: array([ 0.5019859 , -0.46202742, -0.47818163, -0.35069587,  0.25187403,
       -0.18194   ,  0.53907005,  0.10821422, -0.40879332,  0.29782119,
       -0.32421644])

========================================================

Final result:
0.501985900524
-0.462027415819
-0.478181631144
0.146074382147
0.146074382147
0.146074382147
-0.350695868087
0.251874027405
-0.181940001453
0.539070053044
0.108214224506
0.108214224506
-0.47473665992
-0.408793320374
0.297821192211
-0.324216441619
0.145062856594
0.145062856594
0.145062856594
