charges/ASP_methyl_neutral.filelist
6.7770286603
6.7770286603
6.77703001406
6.77702937678
6.77702920483
6.77702931156
6.77702896516
6.77702912413
6.77702926732
6.77702872429
6.77702898681
6.77702871259
6.77702874565
6.77702867033
27019.1502807
2697.99223014
400.645936544
72.8510814194
13.0664955682
5.23761635467
5.23761635467
5.23761607217
5.23761628105
5.23761629003
5.23761644724
5.23761624177
5.23761615072
5.23761605463
5.23761631581
5.23761591261
5.23761640885
5.23761653394
5.23761636544
2026.24773005
220.03779982
30.8968620498
5.89289304845
4.73130239047
4.73130239047
4.73130178135
4.73130217381
4.73130229391
4.73130239616
4.73130230148
4.73130229756
4.73130219153
4.73130235636
4.73130215853
4.73130226669
4.73130230924
4.73130236364
894.368569245
89.2465447399
12.8956430102
4.30000624915
4.30000624915
4.30000567156
4.30000594743
4.30000592246
4.30000582374
4.30000604592
4.30000592431
4.30000584614
4.30000618783
4.30000585083
4.30000613766
4.30000615869
4.30000622519
432.863901404
42.0851018284
5.9196863523
4.01333687947
4.01333687947
4.01333606893
4.01333647088
4.01333650955
4.01333641809
4.01333669692
4.01333649817
4.0133365749
4.01333682385
4.01333645731
4.0133368711
4.01333690502
4.01333687825
711.857628301
70.6159336587
7.4924662365
3.94668433222
3.94668433222
3.94668351085
3.94668392152
3.9466839609
3.94668388552
3.9466840868
3.94668399501
3.94668382762
3.94668426052
3.9466839829
3.94668430447
3.94668432355
3.94668432721
25.616701069
4.13252869025
3.80975320728
3.80975320728
3.80975237308
3.80975277631
3.80975282703
3.80975277228
3.80975296204
3.80975283448
3.80975270725
3.8097531366
3.80975286347
3.80975318912
3.80975317112
3.80975320295
12.6825538908
3.50408888261
3.50408888261
3.50408820089
3.50408850477
3.50408857192
3.50408851937
3.50408868882
3.50408860815
3.50408848907
3.50408883003
3.50408862341
3.50408883703
3.50408887102
3.50408887347
5.45504883979
3.05144315911
3.05144315911
3.05144292848
3.0514430359
3.05144305321
3.05144301834
3.05144309976
3.05144308582
3.05144304791
3.05144314599
3.05144311616
3.05144313527
3.05144313776
3.05144315398
4.43333297776
3.03782603699
3.03782603699
3.03782618025
3.03782610128
3.03782609409
3.03782608783
3.03782607799
3.03782612047
3.03782613941
3.03782604211
3.03782613413
3.03782603643
3.03782602109
3.03782603669
3.81347768256
3.05355053479
3.05355053479
3.0535507048
3.0535506206
3.05355060524
3.05355060843
3.05355058147
3.05355061926
3.05355064761
3.05355053923
3.05355063181
3.05355053543
3.05355052889
3.05355053452
3.09127681647
3.05013832705
3.05013832705
3.05013833768
3.05013833937
3.05013833337
3.05013834424
3.05013832604
3.05013833235
3.0501383331
3.05013831969
3.05013832119
3.05013833073
3.05013833306
3.05013832734
3.05165016087
3.05165016087
3.05165015368
3.05165016185
3.05165015586
3.05165015578
3.05165015589
3.05165016244
3.05165016237
3.05165015244
3.05165015891
3.0516501564
3.05165015352
3.05165015946
3.04968626534
3.04968626534
3.04968625969
3.04968626766
3.04968626205
3.04968626572
3.04968626027
3.04968626569
3.04968626518
3.04968625702
3.04968625957
3.04968626461
3.04968626409
3.04968626473
3.04912781928
3.04939761996
3.04939761996
3.04939761436
3.04939762238
3.04939761684
3.04939762058
3.04939761499
3.04939762055
3.04939762001
3.04939761166
3.04939761438
3.04939761902
3.04939761845
3.0493976193
     fun: 3.1793490373048945
     jac: array([-0.02258155, -0.0117172 , -0.00905129, -0.00514671, -0.00709987,
       -0.01415345, -0.01744923, -0.00172549, -0.01700273,  0.00895435,
        0.01384181,  0.00180936])
 message: 'Optimization terminated successfully.'
    nfev: 236
     nit: 15
    njev: 15
  status: 0
 success: True
       x: array([ 0.2996722 , -0.76877065, -0.00865578,  0.09060679, -0.26460207,
        0.32836854,  0.06120383,  0.69894672, -0.40208981, -0.34934981,
        0.30864684, -0.32496772])

========================================================

Final result:
0.299672203671
-0.768770650332
0.299672203671
-0.008655777848
0.0906067868344
-0.264602071418
0.328368540293
0.0612038266612
0.0612038266612
0.698946719115
-0.402089806173
-0.697777900568
-0.697777900568
-0.349349806957
0.308646840346
-0.324967723269
0.12189022996
0.12189022996
0.12189022996
