charges/LYS_methyl_charged.filelist
21.2958772175
21.2958772175
21.295873682
21.2958760535
21.2958760384
21.2958760574
21.295876213
21.2958757975
21.2958751334
21.2958764715
21.2958757542
21.2958757695
21.2958766696
21.2958760881
21.2958769072
21.2958766069
21.2958771552
21.2958774462
21.2958774472
21.2958772624
173528.094203
17337.4395081
2508.87375784
509.067198178
103.671328815
19.7369378963
12.715817001
12.715817001
12.7158175178
12.7158171384
12.7158169064
12.7158169352
12.7158169093
12.7158166207
12.7158167186
12.7158170209
12.715816594
12.7158171448
12.7158169831
12.7158169038
12.7158170204
12.7158170739
12.7158170052
12.7158173113
12.7158172799
12.7158170622
5861.492438
680.812841047
123.920292214
22.542423111
9.15263492394
9.15263492394
9.15263655003
9.15263546662
9.15263540982
9.15263541837
9.15263543207
9.15263531505
9.15263598719
9.15263538102
9.15263543955
9.15263586148
9.15263528756
9.15263567812
9.15263515148
9.15263539343
9.15263497039
9.15263505375
9.1526349448
9.15263494915
3203.05922712
317.942444691
34.4183209995
9.1174989268
8.72724702091
8.72724702091
8.7272491359
8.72724771471
8.72724761836
8.72724761925
8.7272475654
8.72724758282
8.72724814293
8.72724746132
8.72724774642
8.72724791086
8.72724733486
8.72724765645
8.72724719106
8.72724734008
8.72724705569
8.72724708098
8.7272469315
8.72724703193
344.106818424
32.9961984115
8.61638265992
8.28778471292
8.28778471292
8.28778709725
8.28778550063
8.28778542356
8.28778545591
8.28778531507
8.28778542035
8.2877859073
8.28778521606
8.28778557263
8.28778574963
8.2877850648
8.28778537386
8.28778496863
8.28778528764
8.28778476511
8.28778473913
8.28778460069
8.2877847172
564.286410522
54.211854348
9.11014561534
7.70024407513
7.70024407513
7.70024685945
7.70024500073
7.70024494571
7.70024501219
7.70024480837
7.70024494033
7.70024556588
7.70024463673
7.70024502652
7.70024515908
7.7002445046
7.70024496143
7.70024433398
7.70024459997
7.70024412799
7.70024413266
7.70024406503
7.70024408641
404.103259685
38.3893054153
7.67976639377
7.10783418264
7.10783418264
7.10783737541
7.10783523911
7.10783516467
7.10783518513
7.10783502359
7.10783520637
7.10783587776
7.10783486164
7.10783525984
7.1078355524
7.10783467201
7.10783516724
7.10783446941
7.10783475381
7.10783424108
7.10783415096
7.10783409018
7.10783417573
165.454057552
17.0907103474
7.05475733032
7.05475733032
7.05476053431
7.05475838173
7.0547582791
7.05475824107
7.05475817343
7.0547583407
7.05475908143
7.05475797906
7.05475840313
7.05475859521
7.05475781686
7.05475831629
7.05475763498
7.054757964
7.05475739252
7.05475728701
7.05475722465
7.0547573213
94.1670111383
10.4478552978
6.85463772433
6.85463772433
6.85464074581
6.85463871886
6.85463864055
6.85463859335
6.85463854026
6.85463872946
6.85463941888
6.85463835568
6.8546388011
6.85463897763
6.85463817188
6.85463860475
6.85463800383
6.85463830517
6.8546377814
6.85463771345
6.85463768754
6.85463772266
182.272589997
17.8956181388
6.66666869749
6.66666869749
6.66667133271
6.6666695622
6.66666948393
6.66666942356
6.66666937317
6.66666960759
6.6666700665
6.66666923793
6.66666970671
6.66666975044
6.66666913072
6.66666961885
6.66666894825
6.66666919224
6.66666874871
6.6666686559
6.66666861432
6.66666868959
84.8550965909
10.7694572361
4.86969377208
4.86969377208
4.86969368464
4.86969376922
4.869693842
4.86969379825
4.86969382876
4.86969398219
4.86969391384
4.86969377802
4.8696940368
4.86969371709
4.86969381141
4.86969389799
4.86969377863
4.86969376192
4.86969377426
4.86969363764
4.86969363412
4.86969374473
5.11982218619
4.33731280084
4.33731280084
4.33731235036
4.33731266988
4.33731268208
4.33731265906
4.33731267876
4.33731271415
4.3373125397
4.33731269366
4.33731270197
4.33731256668
4.33731272735
4.33731265818
4.33731275024
4.33731268711
4.33731279146
4.33731277526
4.33731277351
4.33731279519
5.47967525886
4.18387886669
4.18387886669
4.18387862288
4.18387879934
4.18387878198
4.18387877354
4.18387877872
4.18387876436
4.18387866578
4.18387879899
4.18387875648
4.18387873013
4.18387881242
4.18387874821
4.18387883273
4.183878793
4.18387886066
4.18387887734
4.1838788818
4.18387886787
4.36217411141
4.2073858252
4.2073858252
4.20738570827
4.20738580383
4.20738580084
4.2073857956
4.20738580627
4.20738578455
4.20738578079
4.20738581165
4.2073857963
4.20738579255
4.2073858153
4.20738580051
4.20738581875
4.20738580832
4.20738582477
4.20738583773
4.20738582319
4.20738582675
4.2578276749
4.23195702325
4.23195702325
4.23195699827
4.23195703103
4.23195702198
4.23195701646
4.23195702056
4.23195700738
4.23195700935
4.23195702177
4.23195701868
4.23195701471
4.2319570211
4.23195701292
4.23195702188
4.23195701726
4.23195702385
4.23195703581
4.23195702125
4.23195702483
4.22047555427
4.22640224909
4.22640224909
4.226402239
4.22640226171
4.22640225248
4.22640224666
4.22640225045
4.22640223882
4.22640224351
4.22640225081
4.22640225011
4.2264022468
4.22640224952
4.2264022443
4.22640224921
4.22640224607
4.22640224999
4.22640226104
4.22640224661
4.22640225055
4.22753314983
4.22753314983
4.22753313532
4.22753316107
4.22753315229
4.22753314614
4.22753315065
4.22753313909
4.22753314338
4.22753315116
4.22753315041
4.22753314659
4.22753315022
4.22753314525
4.22753314982
4.22753314641
4.22753315071
4.2275331614
4.22753314711
4.22753315123
4.22706043834
4.22706043834
4.22706042436
4.22706044975
4.22706044092
4.22706043489
4.22706043908
4.22706042776
4.22706043167
4.22706043949
4.22706043915
4.2270604347
4.22706043849
4.22706043319
4.22706043821
4.22706043471
4.22706043919
4.22706044983
4.22706043542
4.22706043972
4.22700261202
     fun: 4.754653362061302
     jac: array([-0.0262953 , -0.0078522 , -0.00476241, -0.00513828, -0.00644559,
        0.00120878, -0.01136655, -0.00814098,  0.0048126 , -0.01736629,
       -0.00640029, -0.01134241, -0.00463879, -0.00898916, -0.00125664,
       -0.00637817, -0.00866979, -0.00127792])
 message: 'Optimization terminated successfully.'
    nfev: 397
     nit: 18
    njev: 18
  status: 0
 success: True
       x: array([ 0.43384045, -0.76583588, -0.19039256,  0.27114049, -0.34438143,
        0.71994676,  0.21842564, -0.34910271, -0.42151448,  0.18354069,
       -0.32454398,  0.20119119, -0.19764023,  0.21159392, -0.38737486,
       -0.72116322,  0.43290636, -0.31859637])

========================================================

Final result:
0.433840446594
0.433840446594
-0.765835884181
0.433840446594
-0.190392562754
0.271140487038
-0.344381428063
0.719946756407
0.218425643792
0.218425643792
-0.349102707244
-0.42151447759
0.183540691218
0.183540691218
-0.324543978306
0.201191192679
0.201191192679
-0.197640231747
0.211593915286
0.211593915286
-0.387374862195
0.3528915543
0.3528915543
0.3528915543
-0.721163220904
0.432906358031
-0.318596365225
0.202284409366
0.202284409366
0.202284409366
