charges/CYX_charged_methyl.filelist
73.4378753092
73.4378753092
73.4378756163
73.4378756146
73.4378753668
73.4378747425
73.437874749
73.4378750239
73.4378750255
73.437875111
73.4378752447
73.4378749814
73.4378751073
73.4378750518
73.4378752656
8191.99902899
775.987003609
116.221845122
53.7429545857
53.7429545857
53.742954881
53.7429548559
53.7429546412
53.7429544367
53.7429544221
53.7429546483
53.7429546468
53.7429549064
53.7429546
53.7429553648
53.742954985
53.742954433
53.7429545586
5657.03016963
546.842468947
88.2341730839
31.8297692731
31.8297692731
31.8297691988
31.8297689715
31.8297692576
31.8297694564
31.829769601
31.8297693965
31.8297692748
31.829769593
31.829769295
31.8297699927
31.8297696892
31.8297691699
31.8297692542
1356.01010255
135.772750283
29.330699015
26.8883845023
26.8883845023
26.8883844719
26.8883843352
26.8883844958
26.8883848722
26.8883849515
26.8883847725
26.8883847566
26.8883848796
26.8883845578
26.8883852563
26.8883849958
26.8883845521
26.8883845096
185.320995721
27.5185781002
24.3024747619
24.3024747619
24.3024746941
24.3024745393
24.302474748
24.302475133
24.3024752278
24.3024750213
24.3024749917
24.3024751332
24.302474814
24.3024755787
24.3024751306
24.3024749243
24.3024747883
130.934480555
14.8636893712
14.8636893712
14.863689128
14.8636890859
14.863689322
14.8636897056
14.8636897089
14.8636895589
14.8636896447
14.86368943
14.8636894107
14.8636894228
14.8636893669
14.8636893671
14.8636893708
236.020156633
22.0331381482
12.5198614968
12.5198614968
12.5198612264
12.5198611876
12.5198614423
12.5198617619
12.5198617675
12.5198616117
12.5198616817
12.5198614533
12.5198615186
12.5198612609
12.5198614987
12.5198616363
12.5198615211
184.329757882
19.9594047206
10.1019064206
10.1019064206
10.1019062013
10.1019062164
10.1019063777
10.101906597
10.1019066176
10.1019064127
10.1019064625
10.1019061624
10.1019064138
10.1019057465
10.1019061164
10.101906497
10.101906435
39.480342415
10.7810620308
10.7810620308
10.781062326
10.781062405
10.7810620854
10.7810615567
10.7810615109
10.7810617907
10.7810618951
10.7810617286
10.7810619719
10.7810613996
10.7810616979
10.7810620063
10.7810620276
14.995892721
8.45943692881
8.45943692881
8.45943716471
8.45943712359
8.45943697279
8.45943668168
8.45943672349
8.45943681943
8.45943679524
8.45943692952
8.45943689584
8.45943697311
8.45943698947
8.45943689699
8.45943692348
15.8202484796
8.66249867658
8.66249867658
8.66249875462
8.66249861725
8.66249868961
8.66249850664
8.66249862149
8.66249855354
8.66249851568
8.66249858172
8.66249863952
8.66249849728
8.66249859286
8.66249862525
8.66249866799
8.15236054839
7.29692157697
7.29692157697
7.29692164941
7.29692155531
7.29692158871
7.29692157682
7.29692164822
7.29692159643
7.29692160451
7.29692163106
7.29692157377
7.29692169927
7.29692163849
7.29692156038
7.29692157422
5.81953204347
6.46447187153
6.46447187153
6.46447190285
6.46447180311
6.46447187495
6.46447184452
6.46447191561
6.46447186076
6.46447185636
6.46447189187
6.46447186142
6.46447193086
6.46447188808
6.46447182164
6.46447186334
6.08791831835
6.23058411286
6.23058411286
6.23058416967
6.23058410185
6.23058412118
6.23058407108
6.23058412221
6.23058409943
6.23058411717
6.23058411042
6.23058410209
6.2305841058
6.23058411732
6.23058409566
6.23058411036
6.16241443352
6.20170107156
6.20170107156
6.20170113276
6.20170106542
6.2017010808
6.20170102351
6.20170107383
6.20170105334
6.20170106944
6.20170106482
6.20170105983
6.20170105863
6.20170106808
6.20170105382
6.20170106899
6.20279292648
6.20094788835
6.20094788835
6.20094795081
6.20094788366
6.20094789783
6.20094783507
6.20094788672
6.20094786624
6.20094788096
6.20094787833
6.20094787568
6.20094786974
6.20094788098
6.20094786687
6.20094788515
6.21344768494
6.20516041351
6.20516041351
6.20516047597
6.20516040851
6.20516042299
6.20516036015
6.20516041184
6.20516039123
6.20516040571
6.20516040347
6.20516040073
6.20516039441
6.20516040707
6.20516039178
6.20516041026
6.20433699639
6.20483427528
6.20483427528
6.20483433766
6.20483426998
6.20483428475
6.20483422163
6.20483427347
6.20483425278
6.20483426702
6.20483426529
6.20483426245
6.20483425635
6.20483426907
6.20483425411
6.20483427213
6.20475823505
6.20480763807
     fun: 12.871946530238302
     jac: array([ -5.78510761e-03,  -9.26268101e-03,  -1.29020214e-03,
         6.45673275e-03,   9.69910622e-03,   1.29461288e-03,
        -2.16495991e-03,   2.34246254e-03,  -9.51290131e-05,
         8.69011879e-03,  -3.61561775e-03,  -2.37226486e-05,
        -4.01735306e-04])
 message: 'Optimization terminated successfully.'
    nfev: 298
     nit: 18
    njev: 18
  status: 0
 success: True
       x: array([-1.29021135,  0.05402895, -0.43911326,  1.02174847, -0.08227558,
        0.2425987 ,  0.02369404, -0.39263524,  0.49894436,  0.06372415,
       -0.22842873, -0.09624074, -0.09408969])

========================================================

Final result:
-1.29021135095
0.0540289501813
-0.439113257427
0.225098552733
0.225098552733
0.225098552733
1.02174847065
-0.0822755771131
0.242598696396
0.023694036967
-0.392635244808
0.498944362691
0.063724150294
0.063724150294
-0.228428733454
-0.605547155956
-0.0962407367343
-0.0940896913595
0.0634434760313
0.0634434760313
0.0634434760313
-0.605547155956
