workdir/charges/ASP.filelist
11.3022069064
11.3022069064
11.3022065809
11.3022065445
11.3022068446
11.3022076381
11.3022076657
11.3022073681
11.3022073459
11.3022071821
11.3022073
11.3022074707
11.3022069671
11.302207241
11.3022069624
11.30220697
11.3022069175
14891.6641636
1481.71083834
249.034584005
46.9775233779
9.74181584588
9.74181584588
9.74181564928
9.74181558543
9.74181580739
9.74181543439
9.74181548912
9.74181535552
9.74181537894
9.74181543307
9.74181517638
9.74181487277
9.74181574173
9.74181498369
9.74181595859
9.74181609554
9.74181586932
3515.76375702
389.737148028
64.3193854107
11.9149904873
7.90626633807
7.90626633807
7.90626640426
7.9062664634
7.90626635002
7.90626569761
7.90626564755
7.9062658082
7.90626588153
7.90626591462
7.90626573675
7.90626536113
7.90626623115
7.90626558896
7.90626631947
7.90626640988
7.9062663338
467.2285409
45.6009342536
8.3910558249
7.65960070259
7.65960070259
7.65960076769
7.65960078706
7.65960071419
7.6595999922
7.65959997131
7.65960011784
7.65960014883
7.65960030885
7.6596000324
7.65959985878
7.65960060403
7.6595999018
7.65960070744
7.65960079378
7.65960070329
300.989873642
28.9473045892
7.55537476693
7.30359528004
7.30359528004
7.30359533634
7.30359532821
7.30359528975
7.30359453165
7.3035945371
7.30359466166
7.30359465591
7.30359483976
7.30359464533
7.30359431147
7.30359516988
7.30359458192
7.30359524585
7.30359529623
7.30359527293
472.942743914
46.3143682579
7.73340868184
7.10551006037
7.10551006037
7.10551016074
7.10551017951
7.10551007868
7.10550930246
7.10550929445
7.10550944845
7.10550947735
7.10550962206
7.10550940171
7.1055090941
7.10550995084
7.10550932834
7.10551010168
7.10551017488
7.10551006962
33.0079500396
6.72943639408
6.30478290226
6.30478290226
6.30478307144
6.30478306497
6.30478293494
6.30478219029
6.30478222413
6.30478232376
6.30478233682
6.30478249823
6.30478228017
6.30478202284
6.30478280024
6.30478222526
6.30478290928
6.30478295717
6.30478290363
66.085228399
8.73603829157
5.17817775127
5.17817775127
5.17817794223
5.1781778965
5.17817778664
5.17817712797
5.17817715689
5.17817732605
5.17817739449
5.17817746522
5.17817731397
5.17817713793
5.17817767901
5.17817731686
5.17817773978
5.1781777538
5.17817774829
47.7079518168
7.71844549818
3.66357232647
3.66357232647
3.66357255168
3.66357255956
3.66357236967
3.66357218384
3.66357216683
3.66357233794
3.66357234273
3.66357237626
3.66357245952
3.66357248463
3.66357233638
3.66357252041
3.66357223351
3.66357221978
3.66357230788
36.7541744581
4.85848918839
3.46231531127
3.46231531127
3.46231551231
3.46231554702
3.46231535026
3.46231529981
3.46231527007
3.46231542417
3.46231543737
3.46231543733
3.46231552803
3.46231564268
3.46231533987
3.4623156554
3.46231523774
3.4623151541
3.46231529522
4.78030435608
3.0037605131
3.0037605131
3.00376049881
3.003760495
3.00376051073
3.00376071665
3.00376072932
3.00376069328
3.00376068524
3.00376064901
3.00376072998
3.00376083349
3.00376054006
3.00376075873
3.00376051303
3.00376047246
3.00376051291
4.62882761852
2.87386237609
2.87386237609
2.87386231402
2.87386230869
2.87386236464
2.87386253783
2.87386254189
2.87386248357
2.87386247651
2.87386244723
2.87386248025
2.87386253929
2.87386238772
2.87386248339
2.87386238872
2.87386238598
2.87386237831
2.999424767
2.83446525605
2.83446525605
2.83446523448
2.83446525045
2.83446525229
2.83446528462
2.83446527332
2.83446526962
2.83446527196
2.83446526025
2.8344652704
2.83446527156
2.83446525157
2.83446525919
2.83446525546
2.83446525378
2.8344652555
2.87961840376
2.83914799289
2.83914799289
2.83914797691
2.83914798844
2.83914799011
2.83914800287
2.83914799829
2.83914799366
2.83914799657
2.83914798974
2.83914799407
2.83914799437
2.83914798583
2.83914798598
2.83914799335
2.83914799278
2.83914799257
2.83543256755
2.83275528859
2.83275528859
2.8327552756
2.83275528166
2.83275528642
2.83275529138
2.83275528879
2.83275528361
2.83275528598
2.83275528208
2.83275528377
2.83275528336
2.83275528078
2.83275527638
2.83275529094
2.83275528995
2.83275528869
2.80897157974
2.82610572552
2.82610572552
2.82610571412
2.82610571977
2.82610572363
2.82610572546
2.82610572392
2.82610571938
2.82610572215
2.82610571849
2.82610572015
2.82610571899
2.82610571798
2.82610571302
2.8261057275
2.82610572692
2.82610572555
2.82656908352
2.82614585219
2.82614585219
2.82614584411
2.82614585137
2.82614585094
2.8261458545
2.82614585121
2.82614585045
2.82614585394
2.82614584845
2.8261458535
2.82614585315
2.8261458454
2.82614584681
2.82614585175
2.82614585067
2.82614585173
2.826183652
2.82615493979
2.82615493979
2.8261549317
2.82615493885
2.82615493854
2.82615494227
2.82615493915
2.82615493817
2.82615494118
2.82615493642
2.82615494153
2.82615494187
2.8261549331
2.82615493523
2.82615493939
2.8261549381
2.82615493934
2.82618983049
     fun: 2.9849145131935226
     jac: array([ 0.00058445, -0.00164676, -0.00015464, -0.02138004, -0.02215523,
       -0.01777035, -0.02086765, -0.01059482, -0.0169757 , -0.02167085,
       -0.00251719, -0.02012002, -0.00280291,  0.0043107 , -0.00074565])
 message: 'Optimization terminated successfully.'
    nfev: 340
     nit: 18
    njev: 18
  status: 0
 success: True
       x: array([ 0.635034  , -0.51985609, -0.50729765, -0.47533632,  0.27416383,
       -0.02798545,  0.0963299 , -0.27802786,  0.33271266,  0.07142143,
        0.67653627, -0.38761809, -0.36603058,  0.31499101, -0.3255077 ])

========================================================

Final result:
0.635034002801
-0.519856091321
-0.50729765274
0.13070658042
0.13070658042
0.13070658042
-0.475336320547
0.274163832897
-0.0279854477052
0.0963299024454
-0.278027857919
0.332712658332
0.0714214286004
0.0714214286004
0.676536267081
-0.387618087879
-0.676808901953
-0.676808901953
-0.366030576043
0.314991013312
-0.32550770157
0.125515754767
0.125515754767
0.125515754767
