workdir/charges/CYX.filelist
6.59604795917
6.59604795917
6.59604770264
6.59604761943
6.59604790918
6.59604841276
6.59604848242
6.59604823939
6.59604825129
6.59604825525
6.59604801024
6.59604847003
6.59604840521
6.59604827472
6.59604835361
6.59604802517
6.59604809117
6.59604798222
11694.4139333
1165.67063985
169.136706929
29.631965866
6.30322163291
5.08449024935
5.08449024935
5.08449002467
5.08448994887
5.08449020529
5.08449031479
5.08449039116
5.08449017159
5.08449015695
5.08449007574
5.08449013071
5.08448976987
5.08449017862
5.08449039741
5.08449035181
5.0844902802
5.08449052482
5.08449029622
3705.98551371
400.880449212
73.4125745348
13.5605724816
3.81897355836
3.81897355836
3.81897374992
3.81897383027
3.81897359461
3.81897320167
3.81897315315
3.81897335808
3.81897340937
3.81897342416
3.81897339857
3.81897329888
3.81897350453
3.81897361002
3.81897350994
3.81897356851
3.81897362759
3.81897357135
683.714901602
66.7256305227
10.543737129
3.22073187023
3.22073187023
3.22073201498
3.22073203386
3.22073189812
3.22073139211
3.22073138408
3.22073151534
3.2207314579
3.22073159246
3.22073167203
3.22073144377
3.22073149369
3.22073168043
3.2207314876
3.2207318286
3.22073174941
3.22073185027
605.515840055
59.8303964712
6.31118533789
3.10444756419
3.10444756419
3.10444777184
3.10444787413
3.10444760464
3.10444711357
3.10444704416
3.10444725051
3.10444726337
3.10444723954
3.10444741407
3.104446995
3.10444711273
3.10444734679
3.10444718602
3.10444751717
3.10444750502
3.10444755407
64.0246604263
6.42526543427
3.00959007576
3.00959007576
3.00959029103
3.00959037611
3.00959011738
3.00958958934
3.00958952531
3.00958974807
3.00958973999
3.0095897458
3.00958995305
3.00958944749
3.00958970614
3.00958979489
3.00958964938
3.00959001594
3.00959002712
3.00959006692
127.180927079
12.4321015546
3.01176788429
2.92675273457
2.92675273457
2.92675295955
2.92675304175
2.92675277788
2.92675223091
2.92675217161
2.92675239711
2.92675238532
2.92675238844
2.9267526191
2.92675209733
2.92675230282
2.92675247283
2.92675234921
2.92675267972
2.92675265059
2.92675271975
34.0775003001
4.10481371814
2.88001219324
2.88001219324
2.88001241963
2.88001249076
2.88001223676
2.88001169122
2.88001163837
2.88001186087
2.8800118412
2.88001185738
2.88001209019
2.88001159365
2.88001175132
2.88001191975
2.88001180652
2.88001213622
2.88001216287
2.88001218808
15.6168635537
2.88403754494
2.25734469466
2.25734469466
2.25734489522
2.25734489799
2.25734473429
2.25734442983
2.25734445147
2.25734451543
2.257344487
2.25734452336
2.25734464303
2.25734440334
2.25734446004
2.25734451959
2.25734446234
2.25734465814
2.25734463762
2.25734468501
89.093995341
11.3392596958
2.31246221782
1.93864415032
1.93864415032
1.93864424479
1.93864421575
1.93864416802
1.93864405984
1.93864406732
1.93864412375
1.93864414506
1.93864412788
1.93864416811
1.93864414326
1.93864407467
1.93864404987
1.9386440572
1.93864412956
1.93864408917
1.93864413978
28.2426824628
3.70354359572
1.75328240783
1.75328240783
1.7532823936
1.75328238476
1.75328240521
1.75328256943
1.75328257048
1.75328253529
1.75328252828
1.75328254482
1.75328250018
1.75328270434
1.7532825262
1.75328240852
1.75328248284
1.75328240904
1.75328235682
1.75328239901
2.90357654765
1.69081118298
1.69081118298
1.69081113701
1.69081111645
1.69081117402
1.69081134715
1.69081136489
1.69081130134
1.69081129849
1.69081129675
1.69081126168
1.69081141237
1.6908112979
1.69081122647
1.69081127547
1.69081119333
1.69081117186
1.69081118098
2.21439203209
1.62232952892
1.62232952892
1.62232948014
1.6223294719
1.62232951888
1.62232958943
1.62232960616
1.62232955619
1.62232956042
1.6223295378
1.62232953795
1.62232952855
1.62232955389
1.62232956672
1.62232958272
1.62232953755
1.62232956785
1.62232953541
1.96542193561
1.60875285197
1.60875285197
1.60875282002
1.60875281348
1.60875284541
1.60875288473
1.60875288947
1.60875286155
1.60875286581
1.60875284862
1.60875284969
1.60875283284
1.60875286448
1.60875288427
1.60875288715
1.60875285936
1.60875288462
1.60875285746
1.64455598686
1.60100028253
1.60100028253
1.60100027763
1.60100028259
1.60100028116
1.6010002899
1.60100028725
1.60100028836
1.60100029448
1.60100029432
1.60100028015
1.60100031192
1.60100030389
1.60100030095
1.60100029759
1.60100028682
1.6010002836
1.60100028272
1.59903813944
1.59853626022
1.59853626022
1.59853625457
1.59853625668
1.59853625875
1.59853625698
1.59853625696
1.59853625313
1.59853625528
1.5985362523
1.59853625487
1.5985362491
1.59853625537
1.59853626406
1.59853625732
1.59853626146
1.59853626369
1.59853626075
1.59715318159
1.59715318159
1.59715318224
1.59715318498
1.59715318134
1.59715318067
1.59715318042
1.59715317967
1.59715318385
1.59715318035
1.59715317967
1.59715318381
1.59715318501
1.59715318775
1.59715318509
1.59715318335
1.5971531846
1.59715318206
1.59754153917
1.59754153917
1.59754153589
1.5975415377
1.59754153816
1.59754153916
1.59754153936
1.59754153623
1.59754153925
1.59754153667
1.5975415362
1.59754153934
1.59754154032
1.59754154473
1.59754154062
1.59754154079
1.59754154148
1.59754153952
1.59761015816
1.59757785052
1.59757785052
1.59757784749
1.59757784959
1.59757784955
1.59757785015
1.59757785015
1.59757784739
1.59757785056
1.5975778476
1.59757784757
1.59757784965
1.59757785136
1.59757785594
1.59757785184
1.59757785211
1.59757785316
1.59757785092
     fun: 1.6570944665959144
     jac: array([-0.00678863, -0.00740615, -0.0014933 ,  0.0076326 ,  0.00658825,
        0.00463122,  0.0050637 ,  0.00379184,  0.00218931,  0.00795266,
        0.00247164,  0.00020796,  0.00110658, -0.0002602 , -0.00175221,
       -0.00047904])
 message: 'Optimization terminated successfully.'
    nfev: 377
     nit: 19
    njev: 19
  status: 0
 success: True
       x: array([ 0.49279156, -0.4675507 , -0.48405073, -0.39474669,  0.2538859 ,
        0.01714439,  0.13567545, -0.27330174,  0.47704293,  0.1386839 ,
       -0.05103308, -0.49324434,  0.27513849,  0.17148897, -0.06751569,
       -0.4880641 ])

========================================================

Final result:
0.492791557709
-0.467550695778
-0.484050733801
0.152936623957
0.152936623957
0.152936623957
-0.394746692632
0.253885898355
0.0171443930523
0.135675450476
-0.273301741678
0.477042932604
0.138683903806
0.138683903806
-0.051033080875
-0.442034966914
-0.0675156932174
-0.488064099209
0.185193264142
0.185193264142
0.185193264142
-0.493244341564
0.275138486419
0.171488971274
0.0155389612904
0.0155389612904
0.0155389612904
