charges/ASN_methyl_neutral.filelist
10.1583121383
10.1583121383
10.1583103712
10.1583112447
10.1583112687
10.1583112933
10.1583115293
10.1583109914
10.1583109868
10.1583116975
10.1583108792
10.1583115587
10.158312021
10.1583124056
10.1583124952
10.1583121928
59709.9588487
5963.59709059
950.815046056
195.637204204
39.5199084616
7.8501907997
7.8501907997
7.85019277154
7.85019175513
7.85019152949
7.85019160687
7.85019135824
7.85019134491
7.85019199889
7.85019106407
7.85019123998
7.85019098863
7.85019088174
7.8501910086
7.85019110385
7.85019084303
3749.69461135
440.462958584
73.1072544011
12.6789311496
6.45715527739
6.45715527739
6.45715734106
6.45715633097
6.45715624312
6.45715631319
6.45715600988
6.45715629746
6.45715681535
6.45715566774
6.45715633247
6.45715563532
6.45715539098
6.45715520589
6.45715516708
6.45715526168
942.288918116
93.009745889
10.185768967
6.26487894318
6.26487894318
6.2648812285
6.26488009033
6.26487994096
6.26488000538
6.26487963567
6.26488000888
6.26488030362
6.26487935732
6.26488004334
6.26487938719
6.26487906306
6.26487884997
6.26487881
6.26487892289
293.43567579
28.8550855849
6.36033483457
6.13519358639
6.13519358639
6.13519586837
6.13519473157
6.13519459956
6.13519466115
6.13519431771
6.13519466464
6.13519502556
6.13519406243
6.13519469575
6.13519414185
6.13519372363
6.13519350869
6.13519347867
6.13519356962
200.004425858
19.8791116924
6.09840825134
6.02394497617
6.02394497617
6.02394731467
6.02394613246
6.02394596984
6.02394597147
6.02394570823
6.02394606346
6.02394644576
6.0239454333
6.02394612562
6.02394548722
6.02394510814
6.02394488295
6.0239448344
6.02394495637
140.721209484
14.0562755787
5.88219849196
5.88219849196
5.88220071876
5.88219961714
5.88219949367
5.88219952408
5.88219919833
5.88219962249
5.88219988145
5.8821989324
5.88219967695
5.88219898688
5.88219861762
5.88219844192
5.88219843193
5.88219848304
52.1764346039
7.40459666284
5.16669735389
5.16669735389
5.16669932001
5.16669836319
5.1666982628
5.16669826286
5.16669799092
5.16669843499
5.16669859849
5.1666977588
5.16669839228
5.1666978237
5.16669746881
5.16669720503
5.1666972578
5.16669732548
47.0299290047
7.25732977373
2.8954991646
2.8954991646
2.89549942892
2.89549930472
2.89549939659
2.89549936091
2.89549930484
2.8954996445
2.8954993827
2.89549930354
2.89549969254
2.89549941591
2.89549919617
2.89549892761
2.89549889794
2.89549911705
14.3203466139
2.99064913232
2.49343191494
2.49343191494
2.49343114585
2.4934315735
2.49343169858
2.49343163215
2.49343173257
2.49343190545
2.49343148508
2.49343186585
2.49343195114
2.49343195137
2.49343189833
2.49343170468
2.49343166359
2.49343187234
4.45984043598
2.03368793033
2.03368793033
2.03368700842
2.03368745962
2.03368751779
2.03368749684
2.03368763539
2.03368749847
2.03368732833
2.03368776688
2.03368750638
2.03368775981
2.03368789196
2.03368793007
2.03368794695
2.03368792948
5.81841336824
1.93834446516
1.93834446516
1.93834392785
1.93834418505
1.93834417941
1.93834418236
1.93834426778
1.93834408319
1.93834409442
1.93834432606
1.93834406128
1.93834430625
1.93834442646
1.93834456156
1.93834456508
1.93834448419
2.2954706853
1.85415212914
1.85415212914
1.85415215009
1.85415214303
1.85415212076
1.85415213739
1.85415212967
1.85415207304
1.85415214802
1.85415211351
1.85415207066
1.854152089
1.85415213112
1.85415217784
1.85415216633
1.8541521383
2.39366971652
1.84449417597
1.84449417597
1.84449426548
1.84449422846
1.84449420279
1.84449421818
1.84449419998
1.84449416646
1.84449423914
1.84449417622
1.84449416984
1.84449416229
1.84449418026
1.84449420881
1.84449420502
1.84449418184
1.84466223147
1.81659810962
1.81659810962
1.81659819082
1.816598154
1.81659813483
1.81659813747
1.81659812819
1.81659812549
1.81659814863
1.81659811914
1.81659811809
1.81659812047
1.81659811693
1.81659812137
1.8165981298
1.81659811169
1.81426450135
1.81201379928
1.81201379928
1.81201381984
1.81201381506
1.81201380979
1.81201381364
1.81201380766
1.81201381018
1.81201381834
1.81201380232
1.81201381364
1.81201380293
1.81201380448
1.81201379761
1.81201379588
1.81201379842
1.81213491671
1.81213491671
1.81213490858
1.81213491741
1.81213491167
1.81213491469
1.81213491303
1.81213490911
1.81213490952
1.8121349141
1.81213491242
1.81213491506
1.81213492061
1.81213491852
1.81213491757
1.81213491656
1.81262497759
1.81235819162
1.81235819162
1.8123581814
1.81235819159
1.81235818669
1.81235818972
1.8123581889
1.81235818414
1.81235818802
1.81235818849
1.81235818679
1.81235818817
1.81235819539
1.81235819283
1.81235819214
1.81235819135
1.81204040694
1.81204040694
1.81204040796
1.81204041239
1.81204040703
1.8120404105
1.81204040755
1.81204040506
1.81204040974
1.81204040584
1.81204040796
1.81204040609
1.81204041118
1.81204040765
1.81204040658
1.81204040656
1.81206776319
1.81206776319
1.81206776006
1.81206776667
1.81206776159
1.8120677648
1.81206776286
1.81206775955
1.81206776443
1.81206776146
1.81206776245
1.81206776143
1.81206776727
1.81206776411
1.81206776315
1.81206776286
1.81226481318
1.81214216423
     fun: 1.8809546618697193
     jac: array([ 0.00669001,  0.00468148,  0.00867067,  0.0051752 ,  0.01420374,
        0.01326033,  0.03915071,  0.00598846,  0.0174839 ,  0.00204541,
        0.00070193,  0.0039136 ,  0.00319621,  0.00134909])
 message: 'Optimization terminated successfully.'
    nfev: 355
     nit: 20
    njev: 20
  status: 0
 success: True
       x: array([ 0.30937879, -0.73323895,  0.00167462,  0.09945349, -0.31483109,
        0.51950288,  0.12708043,  0.47469052, -0.4711343 , -0.43000277,
       -0.67551525, -0.385079  ,  0.2833909 , -0.31516177])

========================================================

Final result:
0.309378791819
-0.733238945061
0.309378791819
0.00167462096575
0.0994534926607
-0.314831086815
0.519502876453
0.12708043307
0.12708043307
0.474690520907
-0.471134299278
-0.430002773814
-0.675515250399
0.328241197301
0.328241197301
-0.385078998025
0.283390900499
-0.315161770987
0.138949956171
0.138949956171
0.138949956171
