charges/HIS_neutral_methyl.filelist
7.09023967539
7.09023967539
7.0902397751
7.09023973137
7.09023969404
7.09024011387
7.09024011669
7.09024017193
7.09024013842
7.09024047198
7.09023997001
7.09024132754
7.0902406782
7.09023995122
7.0902407853
7.09024077235
7.09024074776
7.09024092987
7.09024092303
7.09024074081
7.09024102731
7.09024100692
7.09023982966
94374.5672432
9432.32111074
1142.4238474
228.078739498
47.1075242431
8.8196593337
4.20777644925
4.20777644925
4.20777661731
4.20777653195
4.20777648043
4.20777601287
4.20777606448
4.20777618031
4.20777609865
4.20777637049
4.20777628585
4.20777636617
4.20777644468
4.20777631556
4.20777649623
4.20777645593
4.20777648716
4.20777654213
4.20777650742
4.2077764248
4.20777658979
4.20777650449
4.20777636489
5060.96843725
579.016130262
96.8362164992
16.4670091265
3.94450432111
3.94450432111
3.94450424188
3.94450405351
3.94450430487
3.94450419106
3.94450436516
3.94450416798
3.94450405633
3.94450418574
3.94450426885
3.94450421361
3.94450397297
3.94450435212
3.94450386495
3.94450382771
3.94450391838
3.94450366875
3.94450362329
3.94450384439
3.94450355916
3.94450344805
3.94450426687
1921.75736475
190.727986538
25.9726805059
4.65910747786
3.58494760416
3.58494760416
3.5849474791
3.58494731587
3.58494757911
3.58494743408
3.58494759586
3.58494736522
3.58494730809
3.58494724115
3.58494748758
3.58494691008
3.58494706818
3.58494755354
3.58494696199
3.58494697702
3.58494697914
3.58494682314
3.58494681198
3.58494700882
3.58494672915
3.58494668514
3.58494752995
641.292811023
63.5727835164
6.69024638721
3.51749173409
3.51749173409
3.51749169902
3.51749160782
3.51749172665
3.51749152197
3.5174916336
3.51749150264
3.51749150552
3.51749135807
3.51749161924
3.51749101578
3.51749116266
3.51749167414
3.51749105066
3.51749105058
3.51749108183
3.51749088479
3.51749086374
3.51749108052
3.51749077797
3.51749071572
3.51749166764
107.113181257
10.4774144183
3.45077823419
3.45077823419
3.45077813758
3.45077805925
3.45077821478
3.45077802431
3.45077811439
3.45077796842
3.45077797847
3.45077779984
3.45077806241
3.45077739232
3.45077759236
3.45077805596
3.45077755893
3.45077740749
3.45077765476
3.4507773763
3.45077727433
3.4507773527
3.45077731378
3.45077711248
3.45077816743
531.773084897
52.5501712124
5.62090322934
3.35480015577
3.35480015577
3.35480005482
3.35479998971
3.35480013535
3.3547999069
3.35479998084
3.35479985973
3.35479987152
3.35479969803
3.3547999551
3.3547992866
3.35479947466
3.35479993115
3.35479937533
3.35479933478
3.3547994242
3.35479920156
3.35479917817
3.35479932622
3.35479909142
3.35479905772
3.35480008134
170.888625259
16.6726189885
3.40933449644
3.25474697408
3.25474697408
3.25474686809
3.25474681387
3.25474695263
3.25474669957
3.25474676659
3.25474665628
3.25474665503
3.2547464803
3.25474679149
3.25474602874
3.25474624956
3.25474682817
3.2547461605
3.25474609925
3.25474622034
3.25474598415
3.25474595356
3.2547460782
3.25474587853
3.25474583884
3.25474687516
66.1184448742
6.61306034533
3.14072045445
3.14072045445
3.14072033599
3.14072030931
3.14072043073
3.14072017927
3.14072022698
3.14072011646
3.14072011004
3.14071993397
3.14072024676
3.14071943711
3.14071971805
3.14072026552
3.14071963041
3.14071957691
3.14071970645
3.14071943435
3.14071939928
3.14071958674
3.14071931951
3.14071925851
3.14072034796
33.3020286984
4.06496371004
3.05930157318
3.05930157318
3.05930146626
3.05930145078
3.05930155225
3.05930131665
3.05930136577
3.05930124139
3.05930122196
3.05930106196
3.05930136876
3.05930058225
3.05930084205
3.05930138518
3.059300751
3.05930070747
3.05930080803
3.05930058252
3.05930054219
3.05930071729
3.05930049744
3.05930040828
3.05930146889
16.5455944618
3.08177208573
2.66616756749
2.66616756749
2.66616745197
2.66616745983
2.66616754373
2.6661673988
2.66616740268
2.66616736056
2.66616738014
2.66616720557
2.66616744908
2.66616684918
2.66616704581
2.66616744262
2.6661669791
2.6661669622
2.66616701916
2.66616687156
2.66616683886
2.66616699304
2.66616683491
2.66616674515
2.66616753458
73.8153134965
8.45240444967
2.45875564087
2.45875564087
2.45875562338
2.45875564639
2.45875563767
2.45875569432
2.45875570984
2.45875563948
2.45875563556
2.458755562
2.45875564716
2.45875545471
2.45875552396
2.45875561964
2.45875552058
2.45875551943
2.45875556071
2.45875548946
2.45875551258
2.45875553877
2.45875546441
2.45875554451
2.45875568522
30.6677037082
4.04693699351
2.19104849902
2.19104849902
2.19104851076
2.19104856562
2.19104850146
2.19104875253
2.19104870619
2.19104870579
2.19104873825
2.19104869427
2.19104861623
2.19104882192
2.1910487724
2.19104858909
2.19104880463
2.19104883987
2.19104878657
2.19104887334
2.1910489146
2.19104884877
2.19104889459
2.19104899845
2.19104857079
2.82419905272
2.09712721623
2.09712721623
2.09712723541
2.09712728928
2.09712721917
2.09712738122
2.09712735802
2.09712737053
2.09712739238
2.09712739105
2.09712730602
2.0971275168
2.09712747251
2.09712729067
2.0971275029
2.09712753183
2.09712747523
2.09712757048
2.09712760135
2.09712752988
2.09712759066
2.09712766494
2.09712727559
6.38140527303
2.07902094691
2.07902094691
2.07902098089
2.07902099407
2.07902095234
2.0790209918
2.07902099078
2.07902101024
2.07902102573
2.07902104152
2.07902097758
2.07902112236
2.07902108382
2.07902098401
2.07902111063
2.07902112588
2.07902110966
2.07902115599
2.07902117064
2.07902114342
2.07902118853
2.07902122152
2.07902095795
5.08232657464
2.03167437264
2.03167437264
2.03167441058
2.03167437906
2.0316743788
2.03167424891
2.03167426104
2.03167429031
2.03167427535
2.03167432661
2.03167432199
2.03167430131
2.03167432591
2.03167434363
2.03167432901
2.03167432262
2.03167432744
2.03167433063
2.03167432138
2.03167432201
2.03167433701
2.03167431041
2.03167434143
1.9723029207
1.9723029207
1.97230289381
1.97230287976
1.97230291446
1.9723029569
1.97230297381
1.97230293929
1.97230294339
1.97230292258
1.97230293125
1.97230292913
1.9723028934
1.97230293235
1.97230288145
1.97230287247
1.97230288692
1.97230285637
1.9723028491
1.97230287076
1.97230284066
1.97230282478
1.97230292717
1.99328216765
1.97140958569
1.97140958569
1.97140957071
1.97140956879
1.97140958177
1.97140962536
1.97140963153
1.97140961151
1.97140961931
1.9714095994
1.97140959786
1.97140960686
1.97140958946
1.97140959822
1.97140958602
1.97140958378
1.9714095865
1.97140957866
1.97140957799
1.97140958315
1.97140957109
1.97140957038
1.97140959744
1.96477490617
1.96188877741
1.96188877741
1.96188878032
1.9618887794
1.96188877696
1.96188877378
1.96188877714
1.96188877531
1.96188877907
1.96188877385
1.96188877369
1.9618887639
1.96188877447
1.96188877638
1.96188877574
1.96188877614
1.96188877334
1.96188877795
1.96188877903
1.96188877601
1.96188877652
1.96188877885
1.9618887797
1.96518017388
1.96518017388
1.96518017708
1.96518016916
1.96518017345
1.96518017706
1.96518018408
1.96518017981
1.96518018006
1.96518018648
1.96518017594
1.9651802002
1.96518018458
1.96518018182
1.96518018498
1.96518018361
1.96518018372
1.96518018436
1.96518018333
1.96518018362
1.96518018253
1.96518017949
1.96518017719
1.96385604801
1.96385604801
1.96385605115
1.9638560461
1.96385604758
1.96385604405
1.96385604935
1.9638560466
1.96385604897
1.96385604838
1.96385604479
1.96385604581
1.9638560473
1.96385604914
1.96385604812
1.96385604725
1.96385604637
1.96385604871
1.96385604832
1.96385604696
1.96385604717
1.96385604575
1.9638560495
1.96355450923
1.96369922025
1.96369922025
1.96369922339
1.96369921849
1.96369921982
1.96369921723
1.96369922251
1.96369921972
1.96369922191
1.96369922185
1.9636992177
1.96369922076
1.96369922079
1.96369922211
1.96369922154
1.96369922076
1.96369921978
1.96369922207
1.96369922178
1.96369922058
1.96369922046
1.96369921931
1.96369922206
1.96361713398
1.96366469078
1.96366469078
1.9636646939
1.96366468895
1.96366469035
1.96366468826
1.96366469358
1.96366469071
1.96366469281
1.96366469304
1.96366468857
1.96366469278
1.96366469197
1.96366469302
1.96366469271
1.96366469196
1.96366469097
1.96366469322
1.96366469294
1.9636646918
1.96366469158
1.96366469045
1.96366469274
     fun: 2.0249795814224294
     jac: array([ -3.98457050e-05,   4.77963686e-03,  -7.42673874e-05,
        -9.17074084e-03,  -1.19557977e-02,  -9.05817747e-03,
        -7.32326508e-03,  -1.42644346e-02,  -5.85693121e-03,
        -3.17938328e-02,  -1.46772265e-02,  -7.30630755e-03,
        -1.49826705e-02,  -1.37680471e-02,  -1.52930617e-02,
        -1.44428611e-02,  -1.32141113e-02,  -1.33764148e-02,
        -1.52667761e-02,  -1.23102665e-02,  -2.44936347e-03])
 message: 'Optimization terminated successfully.'
    nfev: 571
     nit: 23
    njev: 23
  status: 0
 success: True
       x: array([ 0.3305547 , -0.38773704, -0.46834829, -0.25916759,  0.22003357,
       -0.00252718,  0.1459873 , -0.33023987,  0.60428694,  0.1860974 ,
        0.08398807, -0.46212054, -0.20327692, -0.0879468 ,  0.35916284,
        0.04242036, -0.20057252,  0.21001361,  0.22771912,  0.3837705 ,
       -0.53273254])

========================================================

Final result:
0.330554701817
-0.387737036817
-0.468348287943
0.175176874314
0.175176874314
0.175176874314
-0.259167593258
0.220033567551
-0.00252718313984
0.14598730205
-0.330239872099
0.604286938159
0.186097397926
0.186097397926
0.083988073825
-0.462120544758
-0.203276921516
-0.0879468017802
0.359162837307
0.0424203554501
-0.20057252014
0.210013607362
0.2277191203
0.383770502149
-0.532732535251
0.429006871939
